16:46:40.231 (index):1125 Tasks: 25; Collaborators: 18    =========================>
16:46:40.232 (index):699 NODEACCESSREQUESTED_0
16:46:40.233 (index):699 NODEACCESSREQUESTED_1
16:46:40.234 (index):699 NODEACCESSREQUESTED_2
16:46:40.235 (index):699 NODEACCESSREQUESTED_3
16:46:40.236 (index):699 NODEACCESSREQUESTED_4
16:46:40.237 (index):699 NODEACCESSREQUESTED_5
16:46:40.238 (index):699 NODEACCESSREQUESTED_6
16:46:40.239 (index):699 NODEACCESSREQUESTED_7
16:46:40.240 (index):699 NODEACCESSREQUESTED_8
16:46:40.241 (index):699 NODEACCESSREQUESTED_9
16:46:40.242 (index):699 NODEACCESSREQUESTED_10
16:46:40.242 (index):699 NODEACCESSREQUESTED_11
16:46:40.243 (index):699 NODEACCESSREQUESTED_12
16:46:40.243 (index):699 NODEACCESSREQUESTED_13
16:46:40.244 (index):699 NODEACCESSREQUESTED_14
16:46:40.244 (index):699 NODEACCESSREQUESTED_15
16:46:40.244 (index):699 NODEACCESSREQUESTED_16
16:46:40.245 (index):699 NODEACCESSREQUESTED_17
16:46:42.226 (index):679 THINKING_0
16:46:42.228 (index):679 THINKING_1
16:46:42.229 (index):669 NODEACCESSRELEASED_2
16:46:42.230 (index):669 NODEACCESSRELEASED_3
16:46:42.231 (index):669 NODEACCESSRELEASED_4
16:46:42.232 (index):669 NODEACCESSRELEASED_5
16:46:42.233 (index):679 THINKING_6
16:46:42.234 (index):669 NODEACCESSRELEASED_7
16:46:42.235 (index):679 THINKING_8
16:46:42.235 (index):669 NODEACCESSRELEASED_9
16:46:42.236 (index):669 NODEACCESSRELEASED_10
16:46:42.236 (index):679 THINKING_11
16:46:42.237 (index):669 NODEACCESSRELEASED_12
16:46:42.237 (index):679 THINKING_13
16:46:42.237 (index):679 THINKING_14
16:46:42.238 (index):679 THINKING_15
16:46:42.238 (index):679 THINKING_16
16:46:42.239 (index):669 NODEACCESSRELEASED_17
16:46:44.226 (index):699 NODEACCESSREQUESTED_2
16:46:44.227 (index):699 NODEACCESSREQUESTED_3
16:46:44.228 (index):699 NODEACCESSREQUESTED_4
16:46:44.229 (index):699 NODEACCESSREQUESTED_5
16:46:44.230 (index):699 NODEACCESSREQUESTED_7
16:46:44.231 (index):699 NODEACCESSREQUESTED_9
16:46:44.232 (index):699 NODEACCESSREQUESTED_10
16:46:44.233 (index):699 NODEACCESSREQUESTED_12
16:46:44.234 (index):699 NODEACCESSREQUESTED_17
16:46:45.226 (index):687 UPDATE_8
16:46:45.227 (index):687 UPDATE_16
16:46:45.228 (index):687 UPDATE_11
16:46:45.228 (index):687 UPDATE_6
16:46:45.229 (index):687 UPDATE_1
16:46:46.228 (index):687 UPDATE_2
16:46:46.229 (index):687 UPDATE_3
16:46:46.230 (index):687 UPDATE_4
16:46:46.231 (index):687 UPDATE_5
16:46:46.232 (index):687 UPDATE_7
16:46:46.232 (index):687 UPDATE_9
16:46:46.233 (index):687 UPDATE_10
16:46:46.233 (index):687 UPDATE_12
16:46:46.234 (index):687 UPDATE_17
16:46:46.234 (index):679 THINKING_8
16:46:46.234 (index):669 NODEACCESSRELEASED_16
16:46:46.235 (index):679 THINKING_11
16:46:46.235 (index):669 NODEACCESSRELEASED_6
16:46:46.236 (index):669 NODEACCESSRELEASED_1
16:46:46.236 (index):687 UPDATE_15
16:46:47.226 (index):669 NODEACCESSRELEASED_2
16:46:47.227 (index):669 NODEACCESSRELEASED_3
16:46:47.228 (index):669 NODEACCESSRELEASED_4
16:46:47.228 (index):679 THINKING_5
16:46:47.229 (index):669 NODEACCESSRELEASED_7
16:46:47.230 (index):679 THINKING_9
16:46:47.231 (index):679 THINKING_10
16:46:47.232 (index):669 NODEACCESSRELEASED_12
16:46:47.233 (index):669 NODEACCESSRELEASED_17
16:46:47.233 (index):669 NODEACCESSRELEASED_15
16:46:47.234 (index):687 UPDATE_13
16:46:47.235 (index):687 UPDATE_0
16:46:47.236 (index):687 UPDATE_14
16:46:48.226 (index):699 NODEACCESSREQUESTED_16
16:46:48.227 (index):699 NODEACCESSREQUESTED_6
16:46:48.228 (index):699 NODEACCESSREQUESTED_1
16:46:48.229 (index):669 NODEACCESSRELEASED_13
16:46:48.231 (index):669 NODEACCESSRELEASED_0
16:46:48.232 (index):669 NODEACCESSRELEASED_14
16:46:49.226 (index):699 NODEACCESSREQUESTED_2
16:46:49.227 (index):699 NODEACCESSREQUESTED_3
16:46:49.228 (index):699 NODEACCESSREQUESTED_4
16:46:49.228 (index):699 NODEACCESSREQUESTED_7
16:46:49.229 (index):699 NODEACCESSREQUESTED_12
16:46:49.230 (index):699 NODEACCESSREQUESTED_17
16:46:49.231 (index):699 NODEACCESSREQUESTED_15
16:46:50.226 (index):687 UPDATE_16
16:46:50.227 (index):687 UPDATE_6
16:46:50.228 (index):687 UPDATE_1
16:46:50.229 (index):699 NODEACCESSREQUESTED_13
16:46:50.230 (index):699 NODEACCESSREQUESTED_0
16:46:50.231 (index):699 NODEACCESSREQUESTED_14
16:46:50.232 (index):687 UPDATE_10
16:46:50.233 (index):687 UPDATE_11
16:46:50.234 (index):687 UPDATE_5
16:46:51.226 (index):687 UPDATE_2
16:46:51.228 (index):687 UPDATE_3
16:46:51.229 (index):687 UPDATE_4
16:46:51.230 (index):687 UPDATE_7
16:46:51.232 (index):687 UPDATE_12
16:46:51.233 (index):687 UPDATE_17
16:46:51.234 (index):687 UPDATE_15
16:46:51.234 (index):669 NODEACCESSRELEASED_16
16:46:51.235 (index):669 NODEACCESSRELEASED_6
16:46:51.235 (index):679 THINKING_1
16:46:51.236 (index):669 NODEACCESSRELEASED_10
16:46:51.236 (index):669 NODEACCESSRELEASED_11
16:46:51.236 (index):669 NODEACCESSRELEASED_5
16:46:51.237 (index):687 UPDATE_8
16:46:52.226 (index):687 UPDATE_13
16:46:52.228 (index):687 UPDATE_0
16:46:52.229 (index):687 UPDATE_14
16:46:52.230 (index):669 NODEACCESSRELEASED_2
16:46:52.231 (index):679 THINKING_3
16:46:52.232 (index):669 NODEACCESSRELEASED_4
16:46:52.233 (index):669 NODEACCESSRELEASED_7
16:46:52.233 (index):669 NODEACCESSRELEASED_12
16:46:52.234 (index):669 NODEACCESSRELEASED_17
16:46:52.235 (index):669 NODEACCESSRELEASED_15
16:46:52.236 (index):669 NODEACCESSRELEASED_8
16:46:52.236 (index):687 UPDATE_9
16:46:53.226 (index):699 NODEACCESSREQUESTED_16
16:46:53.227 (index):699 NODEACCESSREQUESTED_6
16:46:53.227 (index):699 NODEACCESSREQUESTED_10
16:46:53.228 (index):699 NODEACCESSREQUESTED_11
16:46:53.229 (index):699 NODEACCESSREQUESTED_5
16:46:53.230 (index):669 NODEACCESSRELEASED_13
16:46:53.231 (index):669 NODEACCESSRELEASED_0
16:46:53.232 (index):679 THINKING_14
16:46:53.233 (index):679 THINKING_9
16:46:54.226 (index):699 NODEACCESSREQUESTED_2
16:46:54.227 (index):699 NODEACCESSREQUESTED_4
16:46:54.228 (index):699 NODEACCESSREQUESTED_7
16:46:54.228 (index):699 NODEACCESSREQUESTED_12
16:46:54.229 (index):699 NODEACCESSREQUESTED_17
16:46:54.231 (index):699 NODEACCESSREQUESTED_15
16:46:54.232 (index):699 NODEACCESSREQUESTED_8
16:46:55.226 (index):687 UPDATE_16
16:46:55.227 (index):687 UPDATE_6
16:46:55.228 (index):687 UPDATE_10
16:46:55.228 (index):687 UPDATE_11
16:46:55.229 (index):687 UPDATE_5
16:46:55.230 (index):699 NODEACCESSREQUESTED_13
16:46:55.231 (index):699 NODEACCESSREQUESTED_0
16:46:55.232 (index):687 UPDATE_1
16:46:56.226 (index):687 UPDATE_2
16:46:56.227 (index):687 UPDATE_4
16:46:56.228 (index):687 UPDATE_7
16:46:56.228 (index):687 UPDATE_12
16:46:56.229 (index):687 UPDATE_17
16:46:56.229 (index):687 UPDATE_15
16:46:56.230 (index):687 UPDATE_8
16:46:56.231 (index):669 NODEACCESSRELEASED_16
16:46:56.232 (index):669 NODEACCESSRELEASED_6
16:46:56.233 (index):679 THINKING_10
16:46:56.234 (index):669 NODEACCESSRELEASED_11
16:46:56.235 (index):679 THINKING_5
16:46:56.236 (index):679 THINKING_1
16:46:56.237 (index):687 UPDATE_9
16:46:57.226 (index):687 UPDATE_13
16:46:57.227 (index):687 UPDATE_0
16:46:57.227 (index):687 UPDATE_14
16:46:57.228 (index):679 THINKING_2
16:46:57.228 (index):669 NODEACCESSRELEASED_4
16:46:57.229 (index):679 THINKING_7
16:46:57.230 (index):679 THINKING_12
16:46:57.230 (index):669 NODEACCESSRELEASED_17
16:46:57.231 (index):679 THINKING_15
16:46:57.232 (index):679 THINKING_8
16:46:57.233 (index):669 NODEACCESSRELEASED_9
16:46:57.234 (index):687 UPDATE_3
16:46:58.226 (index):699 NODEACCESSREQUESTED_16
16:46:58.227 (index):699 NODEACCESSREQUESTED_6
16:46:58.229 (index):699 NODEACCESSREQUESTED_11
16:46:58.230 (index):669 NODEACCESSRELEASED_13
16:46:58.231 (index):679 THINKING_0
16:46:58.231 (index):669 NODEACCESSRELEASED_14
16:46:58.232 (index):669 NODEACCESSRELEASED_3
16:46:59.226 (index):699 NODEACCESSREQUESTED_4
16:46:59.227 (index):699 NODEACCESSREQUESTED_17
16:46:59.227 (index):699 NODEACCESSREQUESTED_9
16:46:59.228 (index):687 UPDATE_10
16:47:00.226 (index):687 UPDATE_16
16:47:00.227 (index):687 UPDATE_6
16:47:00.228 (index):687 UPDATE_11
16:47:00.229 (index):699 NODEACCESSREQUESTED_13
16:47:00.229 (index):699 NODEACCESSREQUESTED_14
16:47:00.231 (index):699 NODEACCESSREQUESTED_3
16:47:00.232 (index):669 NODEACCESSRELEASED_10
16:47:00.234 (index):687 UPDATE_5
16:47:00.234 (index):687 UPDATE_7
16:47:00.235 (index):687 UPDATE_2
16:47:01.226 (index):687 UPDATE_4
16:47:01.228 (index):687 UPDATE_17
16:47:01.229 (index):687 UPDATE_9
16:47:01.230 (index):679 THINKING_16
16:47:01.231 (index):669 NODEACCESSRELEASED_6
16:47:01.232 (index):669 NODEACCESSRELEASED_11
16:47:01.233 (index):669 NODEACCESSRELEASED_5
16:47:01.234 (index):669 NODEACCESSRELEASED_7
16:47:01.235 (index):669 NODEACCESSRELEASED_2
16:47:01.236 (index):687 UPDATE_1
16:47:01.237 (index):687 UPDATE_0
16:47:02.226 (index):687 UPDATE_13
16:47:02.227 (index):687 UPDATE_14
16:47:02.228 (index):687 UPDATE_3
16:47:02.229 (index):699 NODEACCESSREQUESTED_10
16:47:02.229 (index):669 NODEACCESSRELEASED_4
16:47:02.230 (index):669 NODEACCESSRELEASED_17
16:47:02.231 (index):669 NODEACCESSRELEASED_9
16:47:02.232 (index):669 NODEACCESSRELEASED_1
16:47:02.233 (index):679 THINKING_0
16:47:02.234 (index):687 UPDATE_15
16:47:02.235 (index):687 UPDATE_8
16:47:02.236 (index):687 UPDATE_12
16:47:03.226 (index):699 NODEACCESSREQUESTED_6
16:47:03.227 (index):699 NODEACCESSREQUESTED_11
16:47:03.227 (index):699 NODEACCESSREQUESTED_5
16:47:03.228 (index):699 NODEACCESSREQUESTED_7
16:47:03.229 (index):699 NODEACCESSREQUESTED_2
16:47:03.229 (index):669 NODEACCESSRELEASED_13
16:47:03.230 (index):669 NODEACCESSRELEASED_14
16:47:03.231 (index):669 NODEACCESSRELEASED_3
16:47:03.232 (index):679 THINKING_15
16:47:03.233 (index):669 NODEACCESSRELEASED_8
16:47:03.234 (index):669 NODEACCESSRELEASED_12
16:47:04.226 (index):687 UPDATE_10
16:47:04.228 (index):699 NODEACCESSREQUESTED_4
16:47:04.229 (index):699 NODEACCESSREQUESTED_17
16:47:04.230 (index):699 NODEACCESSREQUESTED_9
16:47:04.232 (index):699 NODEACCESSREQUESTED_1
16:47:05.226 (index):687 UPDATE_6
16:47:05.227 (index):687 UPDATE_11
16:47:05.227 (index):687 UPDATE_5
16:47:05.228 (index):687 UPDATE_7
16:47:05.229 (index):687 UPDATE_2
16:47:05.229 (index):699 NODEACCESSREQUESTED_13
16:47:05.229 (index):699 NODEACCESSREQUESTED_14
16:47:05.230 (index):699 NODEACCESSREQUESTED_3
16:47:05.231 (index):699 NODEACCESSREQUESTED_8
16:47:05.232 (index):699 NODEACCESSREQUESTED_12
16:47:05.233 (index):679 THINKING_10
16:47:06.226 (index):687 UPDATE_4
16:47:06.228 (index):687 UPDATE_17
16:47:06.229 (index):687 UPDATE_9
16:47:06.230 (index):687 UPDATE_1
16:47:06.232 (index):687 UPDATE_16
16:47:06.233 (index):669 NODEACCESSRELEASED_6
16:47:06.234 (index):679 THINKING_11
16:47:06.235 (index):679 THINKING_5
16:47:06.235 (index):679 THINKING_7
16:47:06.236 (index):669 NODEACCESSRELEASED_2
16:47:06.236 (index):687 UPDATE_15
16:47:07.226 (index):687 UPDATE_13
16:47:07.227 (index):687 UPDATE_14
16:47:07.228 (index):687 UPDATE_3
16:47:07.228 (index):687 UPDATE_8
16:47:07.229 (index):687 UPDATE_12
16:47:07.230 (index):679 THINKING_4
16:47:07.230 (index):679 THINKING_17
16:47:07.231 (index):669 NODEACCESSRELEASED_9
16:47:07.233 (index):679 THINKING_1
16:47:07.234 (index):679 THINKING_16
16:47:07.235 (index):669 NODEACCESSRELEASED_15
16:47:07.236 (index):687 UPDATE_0
16:47:08.226 (index):699 NODEACCESSREQUESTED_6
16:47:08.227 (index):699 NODEACCESSREQUESTED_2
16:47:08.228 (index):669 NODEACCESSRELEASED_13
16:47:08.229 (index):669 NODEACCESSRELEASED_14
16:47:08.229 (index):669 NODEACCESSRELEASED_3
16:47:08.230 (index):669 NODEACCESSRELEASED_8
16:47:08.231 (index):669 NODEACCESSRELEASED_12
16:47:08.232 (index):669 NODEACCESSRELEASED_0
16:47:09.226 (index):699 NODEACCESSREQUESTED_9
16:47:09.228 (index):699 NODEACCESSREQUESTED_15
16:47:10.226 (index):687 UPDATE_6
16:47:10.227 (index):687 UPDATE_2
16:47:10.227 (index):699 NODEACCESSREQUESTED_13
16:47:10.228 (index):699 NODEACCESSREQUESTED_14
16:47:10.229 (index):699 NODEACCESSREQUESTED_3
16:47:10.229 (index):699 NODEACCESSREQUESTED_8
16:47:10.230 (index):699 NODEACCESSREQUESTED_12
16:47:10.232 (index):699 NODEACCESSREQUESTED_0
16:47:10.233 (index):687 UPDATE_1
16:47:10.234 (index):687 UPDATE_4
16:47:10.235 (index):687 UPDATE_16
16:47:10.237 (index):687 UPDATE_10
16:47:11.226 (index):687 UPDATE_9
16:47:11.228 (index):687 UPDATE_15
16:47:11.229 (index):679 THINKING_6
16:47:11.230 (index):679 THINKING_2
16:47:11.231 (index):669 NODEACCESSRELEASED_1
16:47:11.232 (index):669 NODEACCESSRELEASED_4
16:47:11.233 (index):679 THINKING_16
16:47:11.234 (index):669 NODEACCESSRELEASED_10
16:47:11.235 (index):687 UPDATE_11
16:47:11.236 (index):687 UPDATE_17
16:47:11.237 (index):687 UPDATE_5
16:47:11.238 (index):687 UPDATE_7
16:47:12.226 (index):687 UPDATE_13
16:47:12.227 (index):687 UPDATE_14
16:47:12.228 (index):687 UPDATE_3
16:47:12.228 (index):687 UPDATE_8
16:47:12.229 (index):687 UPDATE_12
16:47:12.230 (index):687 UPDATE_0
16:47:12.231 (index):679 THINKING_9
16:47:12.232 (index):679 THINKING_15
16:47:12.233 (index):669 NODEACCESSRELEASED_11
16:47:12.234 (index):669 NODEACCESSRELEASED_17
16:47:12.234 (index):679 THINKING_5
16:47:12.235 (index):669 NODEACCESSRELEASED_7
16:47:13.226 (index):699 NODEACCESSREQUESTED_1
16:47:13.227 (index):699 NODEACCESSREQUESTED_4
16:47:13.229 (index):699 NODEACCESSREQUESTED_10
16:47:13.230 (index):669 NODEACCESSRELEASED_13
16:47:13.231 (index):669 NODEACCESSRELEASED_14
16:47:13.231 (index):669 NODEACCESSRELEASED_3
16:47:13.231 (index):679 THINKING_8
16:47:13.232 (index):669 NODEACCESSRELEASED_12
16:47:13.232 (index):679 THINKING_0
16:47:14.226 (index):699 NODEACCESSREQUESTED_11
16:47:14.227 (index):699 NODEACCESSREQUESTED_17
16:47:14.228 (index):699 NODEACCESSREQUESTED_7
16:47:14.229 (index):687 UPDATE_6
16:47:14.230 (index):687 UPDATE_16
16:47:14.231 (index):687 UPDATE_2
16:47:15.226 (index):687 UPDATE_1
16:47:15.227 (index):687 UPDATE_4
16:47:15.227 (index):687 UPDATE_10
16:47:15.228 (index):699 NODEACCESSREQUESTED_13
16:47:15.229 (index):699 NODEACCESSREQUESTED_14
16:47:15.229 (index):699 NODEACCESSREQUESTED_3
16:47:15.230 (index):699 NODEACCESSREQUESTED_12
16:47:15.231 (index):687 UPDATE_5
16:47:15.232 (index):679 THINKING_6
16:47:15.233 (index):669 NODEACCESSRELEASED_16
16:47:15.234 (index):679 THINKING_2
16:47:15.234 (index):687 UPDATE_15
16:47:16.226 (index):687 UPDATE_11
16:47:16.227 (index):687 UPDATE_17
16:47:16.227 (index):687 UPDATE_7
16:47:16.228 (index):679 THINKING_1
16:47:16.228 (index):679 THINKING_4
16:47:16.229 (index):679 THINKING_10
16:47:16.229 (index):669 NODEACCESSRELEASED_5
16:47:16.230 (index):679 THINKING_15
16:47:16.231 (index):687 UPDATE_9
16:47:16.232 (index):687 UPDATE_0
16:47:17.226 (index):687 UPDATE_13
16:47:17.227 (index):687 UPDATE_14
16:47:17.227 (index):687 UPDATE_3
16:47:17.228 (index):687 UPDATE_12
16:47:17.230 (index):699 NODEACCESSREQUESTED_16
16:47:17.231 (index):669 NODEACCESSRELEASED_11
16:47:17.232 (index):669 NODEACCESSRELEASED_17
16:47:17.233 (index):669 NODEACCESSRELEASED_7
16:47:17.234 (index):669 NODEACCESSRELEASED_9
16:47:17.235 (index):669 NODEACCESSRELEASED_0
16:47:17.236 (index):687 UPDATE_8
16:47:18.226 (index):699 NODEACCESSREQUESTED_5
16:47:18.227 (index):669 NODEACCESSRELEASED_13
16:47:18.227 (index):679 THINKING_14
16:47:18.228 (index):669 NODEACCESSRELEASED_3
16:47:18.228 (index):669 NODEACCESSRELEASED_12
16:47:18.229 (index):669 NODEACCESSRELEASED_8
16:47:18.229 (index):687 UPDATE_2
16:47:18.230 (index):687 UPDATE_6
16:47:19.226 (index):687 UPDATE_16
16:47:19.228 (index):699 NODEACCESSREQUESTED_11
16:47:19.229 (index):699 NODEACCESSREQUESTED_17
16:47:19.230 (index):699 NODEACCESSREQUESTED_7
16:47:19.231 (index):699 NODEACCESSREQUESTED_9
16:47:19.232 (index):699 NODEACCESSREQUESTED_0
16:47:19.233 (index):679 THINKING_2
16:47:19.234 (index):669 NODEACCESSRELEASED_6
16:47:19.235 (index):687 UPDATE_15
16:47:19.236 (index):687 UPDATE_1
16:47:20.226 (index):687 UPDATE_5
16:47:20.227 (index):699 NODEACCESSREQUESTED_13
16:47:20.227 (index):699 NODEACCESSREQUESTED_3
16:47:20.229 (index):699 NODEACCESSREQUESTED_12
16:47:20.230 (index):699 NODEACCESSREQUESTED_8
16:47:20.231 (index):679 THINKING_16
16:47:20.232 (index):669 NODEACCESSRELEASED_15
16:47:20.233 (index):679 THINKING_1
16:47:20.234 (index):687 UPDATE_10
16:47:21.226 (index):687 UPDATE_11
16:47:21.227 (index):687 UPDATE_17
16:47:21.227 (index):687 UPDATE_7
16:47:21.228 (index):687 UPDATE_9
16:47:21.229 (index):687 UPDATE_0
16:47:21.230 (index):699 NODEACCESSREQUESTED_6
16:47:21.231 (index):679 THINKING_5
16:47:21.232 (index):669 NODEACCESSRELEASED_10
16:47:21.233 (index):687 UPDATE_4
16:47:21.234 (index):687 UPDATE_14
16:47:22.226 (index):687 UPDATE_13
16:47:22.227 (index):687 UPDATE_3
16:47:22.228 (index):687 UPDATE_12
16:47:22.228 (index):687 UPDATE_8
16:47:22.229 (index):699 NODEACCESSREQUESTED_15
16:47:22.230 (index):669 NODEACCESSRELEASED_11
16:47:22.231 (index):669 NODEACCESSRELEASED_17
16:47:22.233 (index):669 NODEACCESSRELEASED_7
16:47:22.234 (index):669 NODEACCESSRELEASED_9
16:47:22.235 (index):669 NODEACCESSRELEASED_0
16:47:22.237 (index):679 THINKING_4
16:47:22.238 (index):669 NODEACCESSRELEASED_14
16:47:23.226 (index):687 UPDATE_6
16:47:23.227 (index):699 NODEACCESSREQUESTED_10
16:47:23.227 (index):669 NODEACCESSRELEASED_13
16:47:23.228 (index):679 THINKING_3
16:47:23.228 (index):669 NODEACCESSRELEASED_12
16:47:23.229 (index):669 NODEACCESSRELEASED_8
16:47:24.226 (index):687 UPDATE_15
16:47:24.227 (index):699 NODEACCESSREQUESTED_11
16:47:24.228 (index):699 NODEACCESSREQUESTED_17
16:47:24.229 (index):699 NODEACCESSREQUESTED_7
16:47:24.230 (index):699 NODEACCESSREQUESTED_9
16:47:24.231 (index):699 NODEACCESSREQUESTED_0
16:47:24.232 (index):699 NODEACCESSREQUESTED_14
16:47:24.233 (index):669 NODEACCESSRELEASED_6
16:47:24.234 (index):687 UPDATE_2
16:47:25.226 (index):687 UPDATE_10
16:47:25.227 (index):699 NODEACCESSREQUESTED_13
16:47:25.228 (index):699 NODEACCESSREQUESTED_12
16:47:25.229 (index):699 NODEACCESSREQUESTED_8
16:47:25.230 (index):679 THINKING_15
16:47:25.231 (index):669 NODEACCESSRELEASED_2
16:47:25.232 (index):687 UPDATE_16
16:47:25.233 (index):687 UPDATE_1
16:47:26.226 (index):687 UPDATE_11
16:47:26.228 (index):687 UPDATE_17
16:47:26.229 (index):687 UPDATE_7
16:47:26.230 (index):687 UPDATE_9
16:47:26.231 (index):687 UPDATE_0
16:47:26.232 (index):687 UPDATE_14
16:47:26.233 (index):699 NODEACCESSREQUESTED_6
16:47:26.234 (index):679 THINKING_10
16:47:26.235 (index):669 NODEACCESSRELEASED_16
16:47:26.236 (index):679 THINKING_1
16:47:26.237 (index):687 UPDATE_3
16:47:26.238 (index):687 UPDATE_5
16:47:26.238 (index):687 UPDATE_4
16:47:27.226 (index):687 UPDATE_13
16:47:27.227 (index):687 UPDATE_12
16:47:27.227 (index):687 UPDATE_8
16:47:27.228 (index):699 NODEACCESSREQUESTED_2
16:47:27.229 (index):679 THINKING_11
16:47:27.229 (index):679 THINKING_17
16:47:27.230 (index):669 NODEACCESSRELEASED_7
16:47:27.231 (index):679 THINKING_9
16:47:27.232 (index):679 THINKING_0
16:47:27.233 (index):669 NODEACCESSRELEASED_14
16:47:27.234 (index):669 NODEACCESSRELEASED_3
16:47:27.234 (index):669 NODEACCESSRELEASED_5
16:47:27.235 (index):679 THINKING_4
16:47:28.226 (index):687 UPDATE_6
16:47:28.227 (index):699 NODEACCESSREQUESTED_16
16:47:28.227 (index):669 NODEACCESSRELEASED_13
16:47:28.228 (index):669 NODEACCESSRELEASED_12
16:47:28.229 (index):669 NODEACCESSRELEASED_8
16:47:29.226 (index):687 UPDATE_2
16:47:29.227 (index):699 NODEACCESSREQUESTED_7
16:47:29.228 (index):699 NODEACCESSREQUESTED_14
16:47:29.228 (index):699 NODEACCESSREQUESTED_3
16:47:29.229 (index):699 NODEACCESSREQUESTED_5
16:47:29.230 (index):669 NODEACCESSRELEASED_6
16:47:30.226 (index):687 UPDATE_16
16:47:30.227 (index):699 NODEACCESSREQUESTED_13
16:47:30.228 (index):699 NODEACCESSREQUESTED_12
16:47:30.228 (index):699 NODEACCESSREQUESTED_8
16:47:30.229 (index):669 NODEACCESSRELEASED_2
16:47:30.230 (index):687 UPDATE_15
16:47:30.230 (index):687 UPDATE_4
16:47:31.226 (index):687 UPDATE_7
16:47:31.227 (index):687 UPDATE_14
16:47:31.228 (index):687 UPDATE_3
16:47:31.228 (index):687 UPDATE_5
16:47:31.229 (index):699 NODEACCESSREQUESTED_6
16:47:31.230 (index):679 THINKING_16
16:47:31.231 (index):669 NODEACCESSRELEASED_15
16:47:31.232 (index):669 NODEACCESSRELEASED_4
16:47:31.233 (index):687 UPDATE_1
16:47:31.234 (index):687 UPDATE_11
16:47:31.234 (index):687 UPDATE_9
16:47:31.235 (index):687 UPDATE_17
16:47:31.236 (index):687 UPDATE_10
16:47:32.226 (index):687 UPDATE_0
16:47:32.227 (index):687 UPDATE_13
16:47:32.229 (index):687 UPDATE_12
16:47:32.230 (index):687 UPDATE_8
16:47:32.231 (index):699 NODEACCESSREQUESTED_2
16:47:32.232 (index):669 NODEACCESSRELEASED_7
16:47:32.233 (index):679 THINKING_14
16:47:32.234 (index):669 NODEACCESSRELEASED_3
16:47:32.235 (index):669 NODEACCESSRELEASED_5
16:47:32.236 (index):669 NODEACCESSRELEASED_1
16:47:32.237 (index):669 NODEACCESSRELEASED_11
16:47:32.238 (index):669 NODEACCESSRELEASED_9
16:47:32.239 (index):669 NODEACCESSRELEASED_17
16:47:32.239 (index):669 NODEACCESSRELEASED_10
16:47:33.226 (index):687 UPDATE_6
16:47:33.228 (index):699 NODEACCESSREQUESTED_15
16:47:33.229 (index):699 NODEACCESSREQUESTED_4
16:47:33.230 (index):669 NODEACCESSRELEASED_0
16:47:33.231 (index):669 NODEACCESSRELEASED_13
16:47:33.232 (index):679 THINKING_12
16:47:33.233 (index):669 NODEACCESSRELEASED_8
16:47:34.226 (index):687 UPDATE_2
16:47:34.227 (index):699 NODEACCESSREQUESTED_7
16:47:34.228 (index):699 NODEACCESSREQUESTED_3
16:47:34.228 (index):699 NODEACCESSREQUESTED_5
16:47:34.229 (index):699 NODEACCESSREQUESTED_1
16:47:34.230 (index):699 NODEACCESSREQUESTED_11
16:47:34.231 (index):699 NODEACCESSREQUESTED_9
16:47:34.231 (index):699 NODEACCESSREQUESTED_17
16:47:34.232 (index):699 NODEACCESSREQUESTED_10
16:47:34.232 (index):669 NODEACCESSRELEASED_6
16:47:34.233 (index):687 UPDATE_16
16:47:35.226 (index):687 UPDATE_15
16:47:35.227 (index):687 UPDATE_4
16:47:35.227 (index):699 NODEACCESSREQUESTED_0
16:47:35.228 (index):699 NODEACCESSREQUESTED_13
16:47:35.228 (index):699 NODEACCESSREQUESTED_8
16:47:35.229 (index):669 NODEACCESSRELEASED_2
16:47:35.230 (index):669 NODEACCESSRELEASED_16
16:47:36.226 (index):687 UPDATE_7
16:47:36.227 (index):687 UPDATE_3
16:47:36.228 (index):687 UPDATE_5
16:47:36.228 (index):687 UPDATE_1
16:47:36.229 (index):687 UPDATE_11
16:47:36.230 (index):687 UPDATE_9
16:47:36.231 (index):687 UPDATE_17
16:47:36.231 (index):687 UPDATE_10
16:47:36.232 (index):699 NODEACCESSREQUESTED_6
16:47:36.233 (index):679 THINKING_15
16:47:36.233 (index):669 NODEACCESSRELEASED_4
16:47:36.234 (index):687 UPDATE_14
16:47:37.226 (index):687 UPDATE_0
16:47:37.227 (index):687 UPDATE_13
16:47:37.228 (index):687 UPDATE_8
16:47:37.229 (index):699 NODEACCESSREQUESTED_2
16:47:37.230 (index):699 NODEACCESSREQUESTED_16
16:47:37.231 (index):679 THINKING_7
16:47:37.231 (index):679 THINKING_3
16:47:37.232 (index):669 NODEACCESSRELEASED_5
16:47:37.233 (index):679 THINKING_1
16:47:37.234 (index):669 NODEACCESSRELEASED_11
16:47:37.235 (index):669 NODEACCESSRELEASED_9
16:47:37.236 (index):679 THINKING_17
16:47:37.237 (index):669 NODEACCESSRELEASED_10
16:47:37.238 (index):679 THINKING_14
16:47:37.239 (index):687 UPDATE_12
16:47:38.226 (index):687 UPDATE_6
16:47:38.227 (index):699 NODEACCESSREQUESTED_4
16:47:38.228 (index):669 NODEACCESSRELEASED_0
16:47:38.229 (index):669 NODEACCESSRELEASED_13
16:47:38.231 (index):669 NODEACCESSRELEASED_8
16:47:38.232 (index):669 NODEACCESSRELEASED_12
16:47:39.226 (index):687 UPDATE_2
16:47:39.227 (index):687 UPDATE_16
16:47:39.228 (index):699 NODEACCESSREQUESTED_5
16:47:39.229 (index):699 NODEACCESSREQUESTED_11
16:47:39.229 (index):699 NODEACCESSREQUESTED_9
16:47:39.230 (index):699 NODEACCESSREQUESTED_10
16:47:39.231 (index):669 NODEACCESSRELEASED_6
16:47:40.227 (index):687 UPDATE_4
16:47:40.228 (index):699 NODEACCESSREQUESTED_0
16:47:40.233 (index):699 NODEACCESSREQUESTED_13
16:47:40.234 (index):699 NODEACCESSREQUESTED_8
16:47:40.235 (index):699 NODEACCESSREQUESTED_12
16:47:40.236 (index):669 NODEACCESSRELEASED_2
16:47:40.236 (index):669 NODEACCESSRELEASED_16
16:47:40.237 (index):687 UPDATE_1
16:47:40.238 (index):687 UPDATE_3
16:47:40.239 (index):687 UPDATE_15
16:47:41.226 (index):687 UPDATE_5
16:47:41.227 (index):687 UPDATE_11
16:47:41.228 (index):687 UPDATE_9
16:47:41.229 (index):687 UPDATE_10
16:47:41.230 (index):699 NODEACCESSREQUESTED_6
16:47:41.231 (index):679 THINKING_4
16:47:41.233 (index):669 NODEACCESSRELEASED_1
16:47:41.234 (index):669 NODEACCESSRELEASED_3
16:47:41.235 (index):669 NODEACCESSRELEASED_15
16:47:41.236 (index):687 UPDATE_17
16:47:41.237 (index):687 UPDATE_7
16:47:42.226 (index):687 UPDATE_0
16:47:42.227 (index):687 UPDATE_13
16:47:42.228 (index):687 UPDATE_8
16:47:42.229 (index):687 UPDATE_12
16:47:42.230 (index):699 NODEACCESSREQUESTED_2
16:47:42.232 (index):699 NODEACCESSREQUESTED_16
16:47:42.233 (index):687 UPDATE_14
16:47:42.234 (index):669 NODEACCESSRELEASED_5
16:47:42.234 (index):679 THINKING_11
16:47:42.235 (index):669 NODEACCESSRELEASED_9
16:47:42.235 (index):669 NODEACCESSRELEASED_10
16:47:42.236 (index):679 THINKING_17
16:47:42.236 (index):669 NODEACCESSRELEASED_7
16:47:43.226 (index):687 UPDATE_6
16:47:43.227 (index):699 NODEACCESSREQUESTED_1
16:47:43.228 (index):699 NODEACCESSREQUESTED_3
16:47:43.229 (index):699 NODEACCESSREQUESTED_15
16:47:43.231 (index):669 NODEACCESSRELEASED_0
16:47:43.231 (index):669 NODEACCESSRELEASED_13
16:47:43.232 (index):669 NODEACCESSRELEASED_8
16:47:43.233 (index):669 NODEACCESSRELEASED_12
16:47:43.234 (index):669 NODEACCESSRELEASED_14
16:47:44.226 (index):687 UPDATE_2
16:47:44.227 (index):687 UPDATE_16
16:47:44.227 (index):699 NODEACCESSREQUESTED_5
16:47:44.228 (index):699 NODEACCESSREQUESTED_9
16:47:44.228 (index):699 NODEACCESSREQUESTED_10
16:47:44.229 (index):699 NODEACCESSREQUESTED_7
16:47:44.229 (index):728 END_6
16:47:45.227 (index):687 UPDATE_1
16:47:45.228 (index):687 UPDATE_3
16:47:45.229 (index):687 UPDATE_15
16:47:45.230 (index):699 NODEACCESSREQUESTED_0
16:47:45.231 (index):699 NODEACCESSREQUESTED_13
16:47:45.232 (index):699 NODEACCESSREQUESTED_8
16:47:45.233 (index):699 NODEACCESSREQUESTED_12
16:47:45.234 (index):699 NODEACCESSREQUESTED_14
16:47:45.234 (index):728 END_2
16:47:45.235 (index):728 END_16
16:47:45.235 (index):687 UPDATE_17
16:47:46.226 (index):687 UPDATE_5
16:47:46.227 (index):687 UPDATE_9
16:47:46.229 (index):687 UPDATE_10
16:47:46.230 (index):687 UPDATE_7
16:47:46.231 (index):728 END_1
16:47:46.233 (index):728 END_3
16:47:46.234 (index):728 END_15
16:47:46.235 (index):728 END_17
16:47:46.235 (index):687 UPDATE_11
16:47:46.236 (index):687 UPDATE_4
16:47:47.226 (index):687 UPDATE_0
16:47:47.227 (index):687 UPDATE_13
16:47:47.227 (index):687 UPDATE_8
16:47:47.228 (index):687 UPDATE_12
16:47:47.229 (index):687 UPDATE_14
16:47:47.230 (index):728 END_5
16:47:47.231 (index):728 END_9
16:47:47.232 (index):728 END_10
16:47:47.233 (index):728 END_7
16:47:47.234 (index):728 END_11
16:47:47.235 (index):728 END_4
16:47:48.226 (index):728 END_0
16:47:48.227 (index):728 END_13
16:47:48.227 (index):728 END_8
16:47:48.228 (index):728 END_12
16:47:48.229 (index):728 END_14
