16:35:27.234 (index):828 Tasks: 25; Collaborators: 7    =========================>
16:35:27.235 (index):699 NODEACCESSREQUESTED_0
16:35:27.235 (index):699 NODEACCESSREQUESTED_1
16:35:27.236 (index):699 NODEACCESSREQUESTED_2
16:35:27.236 (index):699 NODEACCESSREQUESTED_3
16:35:27.237 (index):699 NODEACCESSREQUESTED_4
16:35:27.237 (index):699 NODEACCESSREQUESTED_5
16:35:27.237 (index):699 NODEACCESSREQUESTED_6
16:35:29.226 (index):679 THINKING_0
16:35:29.228 (index):679 THINKING_1
16:35:29.229 (index):669 NODEACCESSRELEASED_2
16:35:29.230 (index):669 NODEACCESSRELEASED_3
16:35:29.231 (index):669 NODEACCESSRELEASED_4
16:35:29.232 (index):669 NODEACCESSRELEASED_5
16:35:29.233 (index):679 THINKING_6
16:35:31.226 (index):699 NODEACCESSREQUESTED_2
16:35:31.227 (index):699 NODEACCESSREQUESTED_3
16:35:31.227 (index):699 NODEACCESSREQUESTED_4
16:35:31.228 (index):699 NODEACCESSREQUESTED_5
16:35:32.226 (index):687 UPDATE_6
16:35:32.227 (index):687 UPDATE_1
16:35:33.226 (index):687 UPDATE_2
16:35:33.228 (index):687 UPDATE_3
16:35:33.229 (index):687 UPDATE_4
16:35:33.230 (index):687 UPDATE_5
16:35:33.231 (index):669 NODEACCESSRELEASED_6
16:35:33.234 (index):669 NODEACCESSRELEASED_1
16:35:34.226 (index):669 NODEACCESSRELEASED_2
16:35:34.227 (index):669 NODEACCESSRELEASED_3
16:35:34.228 (index):669 NODEACCESSRELEASED_4
16:35:34.229 (index):679 THINKING_5
16:35:34.230 (index):687 UPDATE_0
16:35:35.226 (index):699 NODEACCESSREQUESTED_6
16:35:35.228 (index):699 NODEACCESSREQUESTED_1
16:35:35.229 (index):669 NODEACCESSRELEASED_0
16:35:36.226 (index):699 NODEACCESSREQUESTED_2
16:35:36.228 (index):699 NODEACCESSREQUESTED_3
16:35:36.229 (index):699 NODEACCESSREQUESTED_4
16:35:37.226 (index):687 UPDATE_6
16:35:37.227 (index):687 UPDATE_1
16:35:37.228 (index):699 NODEACCESSREQUESTED_0
16:35:37.229 (index):687 UPDATE_5
16:35:38.226 (index):687 UPDATE_2
16:35:38.228 (index):687 UPDATE_3
16:35:38.229 (index):687 UPDATE_4
16:35:38.230 (index):669 NODEACCESSRELEASED_6
16:35:38.231 (index):679 THINKING_1
16:35:38.232 (index):669 NODEACCESSRELEASED_5
16:35:38.649 (index):687 UPDATE_0
16:35:38.654 (index):669 NODEACCESSRELEASED_2
16:35:38.655 (index):679 THINKING_3
16:35:38.656 (index):669 NODEACCESSRELEASED_4
16:35:38.754 (index):669 NODEACCESSRELEASED_0
16:35:39.231 (index):699 NODEACCESSREQUESTED_6
16:35:39.233 (index):699 NODEACCESSREQUESTED_5
16:35:39.655 (index):699 NODEACCESSREQUESTED_2
16:35:39.657 (index):699 NODEACCESSREQUESTED_4
16:35:39.755 (index):699 NODEACCESSREQUESTED_0
16:35:40.233 (index):687 UPDATE_6
16:35:40.235 (index):687 UPDATE_5
16:35:40.334 (index):669 NODEACCESSRELEASED_6
16:35:40.336 (index):679 THINKING_5
16:35:40.656 (index):687 UPDATE_2
16:35:40.658 (index):687 UPDATE_4
16:35:40.756 (index):687 UPDATE_0
16:35:40.757 (index):679 THINKING_2
16:35:40.759 (index):669 NODEACCESSRELEASED_4
16:35:40.857 (index):679 THINKING_0
16:35:41.336 (index):699 NODEACCESSREQUESTED_6
16:35:41.759 (index):699 NODEACCESSREQUESTED_4
16:35:41.780 (index):687 UPDATE_1
16:35:41.881 (index):679 THINKING_1
16:35:42.337 (index):687 UPDATE_6
16:35:42.438 (index):669 NODEACCESSRELEASED_6
16:35:42.761 (index):687 UPDATE_4
16:35:42.772 (index):687 UPDATE_3
16:35:42.861 (index):669 NODEACCESSRELEASED_4
16:35:42.873 (index):669 NODEACCESSRELEASED_3
16:35:43.427 (index):687 UPDATE_0
16:35:43.439 (index):699 NODEACCESSREQUESTED_6
16:35:43.475 (index):687 UPDATE_2
16:35:43.476 (index):687 UPDATE_5
16:35:43.528 (index):679 THINKING_0
16:35:43.576 (index):669 NODEACCESSRELEASED_2
16:35:43.577 (index):669 NODEACCESSRELEASED_5
16:35:43.863 (index):699 NODEACCESSREQUESTED_4
16:35:43.875 (index):699 NODEACCESSREQUESTED_3
16:35:44.440 (index):687 UPDATE_6
16:35:44.541 (index):669 NODEACCESSRELEASED_6
16:35:44.578 (index):699 NODEACCESSREQUESTED_2
16:35:44.579 (index):699 NODEACCESSREQUESTED_5
16:35:44.864 (index):687 UPDATE_4
16:35:44.876 (index):687 UPDATE_3
16:35:44.965 (index):679 THINKING_4
16:35:44.977 (index):669 NODEACCESSRELEASED_3
16:35:45.542 (index):699 NODEACCESSREQUESTED_6
16:35:45.579 (index):687 UPDATE_2
16:35:45.580 (index):687 UPDATE_5
16:35:45.680 (index):669 NODEACCESSRELEASED_2
16:35:45.681 (index):679 THINKING_5
16:35:45.978 (index):699 NODEACCESSREQUESTED_3
16:35:46.274 (index):687 UPDATE_1
16:35:46.375 (index):669 NODEACCESSRELEASED_1
16:35:46.543 (index):687 UPDATE_6
16:35:46.644 (index):679 THINKING_6
16:35:46.681 (index):699 NODEACCESSREQUESTED_2
16:35:46.979 (index):687 UPDATE_3
16:35:47.080 (index):669 NODEACCESSRELEASED_3
16:35:47.377 (index):699 NODEACCESSREQUESTED_1
16:35:47.403 (index):687 UPDATE_4
16:35:47.504 (index):669 NODEACCESSRELEASED_4
16:35:47.683 (index):687 UPDATE_2
16:35:47.784 (index):679 THINKING_2
16:35:48.082 (index):699 NODEACCESSREQUESTED_3
16:35:48.378 (index):687 UPDATE_1
16:35:48.470 (index):687 UPDATE_0
16:35:48.479 (index):679 THINKING_1
16:35:48.506 (index):699 NODEACCESSREQUESTED_4
16:35:48.571 (index):669 NODEACCESSRELEASED_0
16:35:48.916 (index):687 UPDATE_6
16:35:49.017 (index):679 THINKING_6
16:35:49.083 (index):687 UPDATE_3
16:35:49.184 (index):669 NODEACCESSRELEASED_3
16:35:49.507 (index):687 UPDATE_4
16:35:49.572 (index):699 NODEACCESSREQUESTED_0
16:35:49.608 (index):679 THINKING_4
16:35:50.185 (index):699 NODEACCESSREQUESTED_3
16:35:50.263 (index):687 UPDATE_5
16:35:50.335 (index):687 UPDATE_2
16:35:50.364 (index):679 THINKING_5
16:35:50.436 (index):679 THINKING_2
16:35:50.573 (index):687 UPDATE_0
16:35:50.675 (index):679 THINKING_0
16:35:50.790 (index):687 UPDATE_1
16:35:50.892 (index):669 NODEACCESSRELEASED_1
16:35:51.186 (index):687 UPDATE_3
16:35:51.287 (index):669 NODEACCESSRELEASED_3
16:35:51.893 (index):699 NODEACCESSREQUESTED_1
16:35:51.971 (index):687 UPDATE_6
16:35:52.073 (index):669 NODEACCESSRELEASED_6
16:35:52.288 (index):699 NODEACCESSREQUESTED_3
16:35:52.406 (index):687 UPDATE_5
16:35:52.508 (index):669 NODEACCESSRELEASED_5
16:35:52.663 (index):687 UPDATE_2
16:35:52.764 (index):679 THINKING_2
16:35:52.831 (index):687 UPDATE_0
16:35:52.894 (index):687 UPDATE_1
16:35:52.932 (index):669 NODEACCESSRELEASED_0
16:35:52.996 (index):679 THINKING_1
16:35:53.074 (index):699 NODEACCESSREQUESTED_6
16:35:53.290 (index):687 UPDATE_3
16:35:53.391 (index):679 THINKING_3
16:35:53.510 (index):699 NODEACCESSREQUESTED_5
16:35:53.818 (index):687 UPDATE_4
16:35:53.919 (index):679 THINKING_4
16:35:53.933 (index):699 NODEACCESSREQUESTED_0
16:35:54.075 (index):687 UPDATE_6
16:35:54.177 (index):669 NODEACCESSRELEASED_6
16:35:54.511 (index):687 UPDATE_5
16:35:54.612 (index):679 THINKING_5
16:35:54.934 (index):687 UPDATE_0
16:35:55.035 (index):669 NODEACCESSRELEASED_0
16:35:55.178 (index):699 NODEACCESSREQUESTED_6
16:35:55.798 (index):687 UPDATE_3
16:35:55.899 (index):669 NODEACCESSRELEASED_3
16:35:55.926 (index):687 UPDATE_1
16:35:56.027 (index):679 THINKING_1
16:35:56.037 (index):699 NODEACCESSREQUESTED_0
16:35:56.179 (index):687 UPDATE_6
16:35:56.280 (index):669 NODEACCESSRELEASED_6
16:35:56.901 (index):699 NODEACCESSREQUESTED_3
16:35:57.038 (index):687 UPDATE_0
16:35:57.139 (index):679 THINKING_0
16:35:57.281 (index):699 NODEACCESSREQUESTED_6
16:35:57.619 (index):687 UPDATE_2
16:35:57.721 (index):669 NODEACCESSRELEASED_2
16:35:57.878 (index):687 UPDATE_4
16:35:57.902 (index):687 UPDATE_3
16:35:57.979 (index):679 THINKING_4
16:35:58.003 (index):669 NODEACCESSRELEASED_3
16:35:58.282 (index):687 UPDATE_6
16:35:58.383 (index):669 NODEACCESSRELEASED_6
16:35:58.722 (index):699 NODEACCESSREQUESTED_2
16:35:59.004 (index):699 NODEACCESSREQUESTED_3
16:35:59.385 (index):699 NODEACCESSREQUESTED_6
16:35:59.548 (index):687 UPDATE_5
16:35:59.649 (index):669 NODEACCESSRELEASED_5
16:35:59.723 (index):687 UPDATE_2
16:35:59.824 (index):669 NODEACCESSRELEASED_2
16:36:00.005 (index):687 UPDATE_3
16:36:00.107 (index):679 THINKING_3
16:36:00.386 (index):687 UPDATE_6
16:36:00.487 (index):669 NODEACCESSRELEASED_6
16:36:00.637 (index):687 UPDATE_1
16:36:00.650 (index):699 NODEACCESSREQUESTED_5
16:36:00.738 (index):679 THINKING_1
16:36:00.745 (index):687 UPDATE_4
16:36:00.826 (index):699 NODEACCESSREQUESTED_2
16:36:00.846 (index):669 NODEACCESSRELEASED_4
16:36:01.134 (index):687 UPDATE_0
16:36:01.236 (index):669 NODEACCESSRELEASED_0
16:36:01.489 (index):699 NODEACCESSREQUESTED_6
16:36:01.651 (index):687 UPDATE_5
16:36:01.755 (index):669 NODEACCESSRELEASED_5
16:36:01.831 (index):687 UPDATE_2
16:36:01.853 (index):699 NODEACCESSREQUESTED_4
16:36:01.932 (index):669 NODEACCESSRELEASED_2
16:36:02.237 (index):699 NODEACCESSREQUESTED_0
16:36:02.445 (index):687 UPDATE_3
16:36:02.490 (index):687 UPDATE_6
16:36:02.546 (index):669 NODEACCESSRELEASED_3
16:36:02.591 (index):728 END_6
16:36:02.756 (index):699 NODEACCESSREQUESTED_5
16:36:02.854 (index):687 UPDATE_4
16:36:02.933 (index):699 NODEACCESSREQUESTED_2
16:36:02.955 (index):669 NODEACCESSRELEASED_4
16:36:03.238 (index):687 UPDATE_0
16:36:03.339 (index):669 NODEACCESSRELEASED_0
16:36:03.547 (index):699 NODEACCESSREQUESTED_3
16:36:03.757 (index):687 UPDATE_5
16:36:03.858 (index):669 NODEACCESSRELEASED_5
16:36:03.934 (index):687 UPDATE_2
16:36:03.956 (index):699 NODEACCESSREQUESTED_4
16:36:04.035 (index):669 NODEACCESSRELEASED_2
16:36:04.341 (index):699 NODEACCESSREQUESTED_0
16:36:04.548 (index):687 UPDATE_3
16:36:04.649 (index):728 END_3
16:36:04.859 (index):699 NODEACCESSREQUESTED_5
16:36:04.931 (index):687 UPDATE_1
16:36:04.957 (index):687 UPDATE_4
16:36:05.032 (index):669 NODEACCESSRELEASED_1
16:36:05.036 (index):699 NODEACCESSREQUESTED_2
16:36:05.059 (index):679 THINKING_4
16:36:05.342 (index):687 UPDATE_0
16:36:05.443 (index):669 NODEACCESSRELEASED_0
16:36:05.861 (index):687 UPDATE_5
16:36:05.962 (index):669 NODEACCESSRELEASED_5
16:36:06.034 (index):699 NODEACCESSREQUESTED_1
16:36:06.038 (index):687 UPDATE_2
16:36:06.139 (index):728 END_2
16:36:06.445 (index):699 NODEACCESSREQUESTED_0
16:36:06.963 (index):699 NODEACCESSREQUESTED_5
16:36:07.035 (index):687 UPDATE_1
16:36:07.136 (index):679 THINKING_1
16:36:07.446 (index):687 UPDATE_0
16:36:07.546 (index):728 END_0
16:36:07.964 (index):687 UPDATE_5
16:36:08.065 (index):728 END_5
16:36:09.315 (index):687 UPDATE_1
16:36:09.416 (index):669 NODEACCESSRELEASED_1
16:36:09.449 (index):687 UPDATE_4
16:36:09.550 (index):728 END_4
16:36:10.417 (index):699 NODEACCESSREQUESTED_1
16:36:11.418 (index):687 UPDATE_1
16:36:11.519 (index):728 END_1
