16:47:48.229 (index):1164 Tasks: 25; Collaborators: 19    =========================>
16:47:48.230 (index):699 NODEACCESSREQUESTED_0
16:47:48.230 (index):699 NODEACCESSREQUESTED_1
16:47:48.231 (index):699 NODEACCESSREQUESTED_2
16:47:48.231 (index):699 NODEACCESSREQUESTED_3
16:47:48.231 (index):699 NODEACCESSREQUESTED_4
16:47:48.232 (index):699 NODEACCESSREQUESTED_5
16:47:48.232 (index):699 NODEACCESSREQUESTED_6
16:47:48.233 (index):699 NODEACCESSREQUESTED_7
16:47:48.233 (index):699 NODEACCESSREQUESTED_8
16:47:48.234 (index):699 NODEACCESSREQUESTED_9
16:47:48.234 (index):699 NODEACCESSREQUESTED_10
16:47:48.235 (index):699 NODEACCESSREQUESTED_11
16:47:48.235 (index):699 NODEACCESSREQUESTED_12
16:47:48.235 (index):699 NODEACCESSREQUESTED_13
16:47:48.236 (index):699 NODEACCESSREQUESTED_14
16:47:48.236 (index):699 NODEACCESSREQUESTED_15
16:47:48.237 (index):699 NODEACCESSREQUESTED_16
16:47:48.237 (index):699 NODEACCESSREQUESTED_17
16:47:48.238 (index):699 NODEACCESSREQUESTED_18
16:47:50.226 (index):679 THINKING_0
16:47:50.227 (index):679 THINKING_1
16:47:50.227 (index):669 NODEACCESSRELEASED_2
16:47:50.228 (index):669 NODEACCESSRELEASED_3
16:47:50.228 (index):669 NODEACCESSRELEASED_4
16:47:50.229 (index):669 NODEACCESSRELEASED_5
16:47:50.229 (index):679 THINKING_6
16:47:50.230 (index):669 NODEACCESSRELEASED_7
16:47:50.231 (index):679 THINKING_8
16:47:50.232 (index):669 NODEACCESSRELEASED_9
16:47:50.233 (index):669 NODEACCESSRELEASED_10
16:47:50.234 (index):679 THINKING_11
16:47:50.235 (index):669 NODEACCESSRELEASED_12
16:47:50.236 (index):679 THINKING_13
16:47:50.237 (index):679 THINKING_14
16:47:50.238 (index):679 THINKING_15
16:47:50.238 (index):679 THINKING_16
16:47:50.239 (index):669 NODEACCESSRELEASED_17
16:47:50.239 (index):679 THINKING_18
16:47:52.226 (index):699 NODEACCESSREQUESTED_2
16:47:52.227 (index):699 NODEACCESSREQUESTED_3
16:47:52.228 (index):699 NODEACCESSREQUESTED_4
16:47:52.229 (index):699 NODEACCESSREQUESTED_5
16:47:52.230 (index):699 NODEACCESSREQUESTED_7
16:47:52.231 (index):699 NODEACCESSREQUESTED_9
16:47:52.232 (index):699 NODEACCESSREQUESTED_10
16:47:52.232 (index):699 NODEACCESSREQUESTED_12
16:47:52.233 (index):699 NODEACCESSREQUESTED_17
16:47:53.226 (index):687 UPDATE_8
16:47:53.227 (index):687 UPDATE_16
16:47:53.228 (index):687 UPDATE_11
16:47:53.229 (index):687 UPDATE_6
16:47:53.229 (index):687 UPDATE_1
16:47:54.226 (index):687 UPDATE_2
16:47:54.228 (index):687 UPDATE_3
16:47:54.229 (index):687 UPDATE_4
16:47:54.230 (index):687 UPDATE_5
16:47:54.232 (index):687 UPDATE_7
16:47:54.233 (index):687 UPDATE_9
16:47:54.234 (index):687 UPDATE_10
16:47:54.235 (index):687 UPDATE_12
16:47:54.235 (index):687 UPDATE_17
16:47:54.235 (index):679 THINKING_8
16:47:54.236 (index):669 NODEACCESSRELEASED_16
16:47:54.236 (index):679 THINKING_11
16:47:54.237 (index):669 NODEACCESSRELEASED_6
16:47:54.237 (index):669 NODEACCESSRELEASED_1
16:47:54.238 (index):687 UPDATE_15
16:47:55.226 (index):687 UPDATE_18
16:47:55.228 (index):669 NODEACCESSRELEASED_2
16:47:55.229 (index):669 NODEACCESSRELEASED_3
16:47:55.230 (index):669 NODEACCESSRELEASED_4
16:47:55.232 (index):679 THINKING_5
16:47:55.233 (index):669 NODEACCESSRELEASED_7
16:47:55.235 (index):679 THINKING_9
16:47:55.236 (index):679 THINKING_10
16:47:55.237 (index):669 NODEACCESSRELEASED_12
16:47:55.238 (index):669 NODEACCESSRELEASED_17
16:47:55.240 (index):669 NODEACCESSRELEASED_15
16:47:55.241 (index):687 UPDATE_13
16:47:55.242 (index):687 UPDATE_0
16:47:55.243 (index):687 UPDATE_14
16:47:56.226 (index):699 NODEACCESSREQUESTED_16
16:47:56.227 (index):699 NODEACCESSREQUESTED_6
16:47:56.228 (index):699 NODEACCESSREQUESTED_1
16:47:56.229 (index):679 THINKING_18
16:47:56.230 (index):669 NODEACCESSRELEASED_13
16:47:56.231 (index):669 NODEACCESSRELEASED_0
16:47:56.232 (index):669 NODEACCESSRELEASED_14
16:47:57.226 (index):699 NODEACCESSREQUESTED_2
16:47:57.227 (index):699 NODEACCESSREQUESTED_3
16:47:57.227 (index):699 NODEACCESSREQUESTED_4
16:47:57.228 (index):699 NODEACCESSREQUESTED_7
16:47:57.229 (index):699 NODEACCESSREQUESTED_12
16:47:57.229 (index):699 NODEACCESSREQUESTED_17
16:47:57.230 (index):699 NODEACCESSREQUESTED_15
16:47:58.226 (index):687 UPDATE_16
16:47:58.227 (index):687 UPDATE_6
16:47:58.228 (index):687 UPDATE_1
16:47:58.228 (index):699 NODEACCESSREQUESTED_13
16:47:58.230 (index):699 NODEACCESSREQUESTED_0
16:47:58.231 (index):699 NODEACCESSREQUESTED_14
16:47:58.233 (index):687 UPDATE_10
16:47:58.234 (index):687 UPDATE_11
16:47:58.235 (index):687 UPDATE_5
16:47:59.226 (index):687 UPDATE_2
16:47:59.227 (index):687 UPDATE_3
16:47:59.228 (index):687 UPDATE_4
16:47:59.228 (index):687 UPDATE_7
16:47:59.229 (index):687 UPDATE_12
16:47:59.229 (index):687 UPDATE_17
16:47:59.230 (index):687 UPDATE_15
16:47:59.230 (index):669 NODEACCESSRELEASED_16
16:47:59.231 (index):669 NODEACCESSRELEASED_6
16:47:59.232 (index):679 THINKING_1
16:47:59.232 (index):669 NODEACCESSRELEASED_10
16:47:59.233 (index):669 NODEACCESSRELEASED_11
16:47:59.234 (index):669 NODEACCESSRELEASED_5
16:47:59.235 (index):687 UPDATE_18
16:47:59.235 (index):687 UPDATE_8
16:48:00.226 (index):687 UPDATE_13
16:48:00.227 (index):687 UPDATE_0
16:48:00.228 (index):687 UPDATE_14
16:48:00.229 (index):669 NODEACCESSRELEASED_2
16:48:00.230 (index):679 THINKING_3
16:48:00.231 (index):669 NODEACCESSRELEASED_4
16:48:00.232 (index):669 NODEACCESSRELEASED_7
16:48:00.233 (index):669 NODEACCESSRELEASED_12
16:48:00.234 (index):669 NODEACCESSRELEASED_17
16:48:00.234 (index):669 NODEACCESSRELEASED_15
16:48:00.235 (index):669 NODEACCESSRELEASED_18
16:48:00.235 (index):669 NODEACCESSRELEASED_8
16:48:00.235 (index):687 UPDATE_9
16:48:01.226 (index):699 NODEACCESSREQUESTED_16
16:48:01.227 (index):699 NODEACCESSREQUESTED_6
16:48:01.227 (index):699 NODEACCESSREQUESTED_10
16:48:01.228 (index):699 NODEACCESSREQUESTED_11
16:48:01.229 (index):699 NODEACCESSREQUESTED_5
16:48:01.229 (index):669 NODEACCESSRELEASED_13
16:48:01.230 (index):669 NODEACCESSRELEASED_0
16:48:01.231 (index):679 THINKING_14
16:48:01.232 (index):679 THINKING_9
16:48:02.226 (index):699 NODEACCESSREQUESTED_2
16:48:02.227 (index):699 NODEACCESSREQUESTED_4
16:48:02.228 (index):699 NODEACCESSREQUESTED_7
16:48:02.228 (index):699 NODEACCESSREQUESTED_12
16:48:02.229 (index):699 NODEACCESSREQUESTED_17
16:48:02.230 (index):699 NODEACCESSREQUESTED_15
16:48:02.231 (index):699 NODEACCESSREQUESTED_18
16:48:02.232 (index):699 NODEACCESSREQUESTED_8
16:48:03.226 (index):687 UPDATE_16
16:48:03.228 (index):687 UPDATE_6
16:48:03.229 (index):687 UPDATE_10
16:48:03.230 (index):687 UPDATE_11
16:48:03.231 (index):687 UPDATE_5
16:48:03.233 (index):699 NODEACCESSREQUESTED_13
16:48:03.234 (index):699 NODEACCESSREQUESTED_0
16:48:03.234 (index):687 UPDATE_1
16:48:04.226 (index):687 UPDATE_2
16:48:04.227 (index):687 UPDATE_4
16:48:04.228 (index):687 UPDATE_7
16:48:04.229 (index):687 UPDATE_12
16:48:04.229 (index):687 UPDATE_17
16:48:04.230 (index):687 UPDATE_15
16:48:04.231 (index):687 UPDATE_18
16:48:04.232 (index):687 UPDATE_8
16:48:04.233 (index):669 NODEACCESSRELEASED_16
16:48:04.234 (index):669 NODEACCESSRELEASED_6
16:48:04.235 (index):679 THINKING_10
16:48:04.236 (index):669 NODEACCESSRELEASED_11
16:48:04.237 (index):679 THINKING_5
16:48:04.238 (index):679 THINKING_1
16:48:04.239 (index):687 UPDATE_9
16:48:05.226 (index):687 UPDATE_14
16:48:05.227 (index):687 UPDATE_13
16:48:05.227 (index):687 UPDATE_0
16:48:05.228 (index):679 THINKING_2
16:48:05.228 (index):669 NODEACCESSRELEASED_4
16:48:05.229 (index):679 THINKING_7
16:48:05.229 (index):679 THINKING_12
16:48:05.230 (index):669 NODEACCESSRELEASED_17
16:48:05.231 (index):679 THINKING_15
16:48:05.232 (index):669 NODEACCESSRELEASED_18
16:48:05.233 (index):679 THINKING_8
16:48:05.234 (index):669 NODEACCESSRELEASED_9
16:48:05.236 (index):687 UPDATE_3
16:48:06.226 (index):699 NODEACCESSREQUESTED_16
16:48:06.227 (index):699 NODEACCESSREQUESTED_6
16:48:06.227 (index):699 NODEACCESSREQUESTED_11
16:48:06.228 (index):669 NODEACCESSRELEASED_14
16:48:06.229 (index):669 NODEACCESSRELEASED_13
16:48:06.229 (index):679 THINKING_0
16:48:06.230 (index):669 NODEACCESSRELEASED_3
16:48:07.226 (index):699 NODEACCESSREQUESTED_4
16:48:07.227 (index):699 NODEACCESSREQUESTED_17
16:48:07.227 (index):699 NODEACCESSREQUESTED_18
16:48:07.228 (index):699 NODEACCESSREQUESTED_9
16:48:07.229 (index):687 UPDATE_10
16:48:08.226 (index):687 UPDATE_16
16:48:08.228 (index):687 UPDATE_6
16:48:08.229 (index):687 UPDATE_11
16:48:08.230 (index):699 NODEACCESSREQUESTED_14
16:48:08.231 (index):699 NODEACCESSREQUESTED_13
16:48:08.232 (index):699 NODEACCESSREQUESTED_3
16:48:08.233 (index):669 NODEACCESSRELEASED_10
16:48:08.234 (index):687 UPDATE_5
16:48:08.235 (index):687 UPDATE_7
16:48:08.236 (index):687 UPDATE_2
16:48:09.226 (index):687 UPDATE_4
16:48:09.228 (index):687 UPDATE_17
16:48:09.229 (index):687 UPDATE_18
16:48:09.230 (index):687 UPDATE_9
16:48:09.231 (index):679 THINKING_16
16:48:09.232 (index):669 NODEACCESSRELEASED_6
16:48:09.233 (index):669 NODEACCESSRELEASED_11
16:48:09.233 (index):669 NODEACCESSRELEASED_5
16:48:09.234 (index):669 NODEACCESSRELEASED_7
16:48:09.235 (index):669 NODEACCESSRELEASED_2
16:48:09.235 (index):687 UPDATE_1
16:48:09.235 (index):687 UPDATE_0
16:48:10.226 (index):687 UPDATE_14
16:48:10.227 (index):687 UPDATE_13
16:48:10.228 (index):687 UPDATE_3
16:48:10.228 (index):699 NODEACCESSREQUESTED_10
16:48:10.229 (index):669 NODEACCESSRELEASED_4
16:48:10.229 (index):669 NODEACCESSRELEASED_17
16:48:10.230 (index):679 THINKING_18
16:48:10.231 (index):669 NODEACCESSRELEASED_9
16:48:10.232 (index):669 NODEACCESSRELEASED_1
16:48:10.233 (index):679 THINKING_0
16:48:10.234 (index):687 UPDATE_15
16:48:10.235 (index):687 UPDATE_8
16:48:10.236 (index):687 UPDATE_12
16:48:11.226 (index):699 NODEACCESSREQUESTED_6
16:48:11.227 (index):699 NODEACCESSREQUESTED_11
16:48:11.228 (index):699 NODEACCESSREQUESTED_5
16:48:11.228 (index):699 NODEACCESSREQUESTED_7
16:48:11.229 (index):699 NODEACCESSREQUESTED_2
16:48:11.230 (index):669 NODEACCESSRELEASED_14
16:48:11.231 (index):669 NODEACCESSRELEASED_13
16:48:11.231 (index):669 NODEACCESSRELEASED_3
16:48:11.232 (index):679 THINKING_15
16:48:11.233 (index):669 NODEACCESSRELEASED_8
16:48:11.234 (index):669 NODEACCESSRELEASED_12
16:48:12.226 (index):687 UPDATE_10
16:48:12.228 (index):699 NODEACCESSREQUESTED_4
16:48:12.229 (index):699 NODEACCESSREQUESTED_17
16:48:12.231 (index):699 NODEACCESSREQUESTED_9
16:48:12.232 (index):699 NODEACCESSREQUESTED_1
16:48:13.226 (index):687 UPDATE_6
16:48:13.227 (index):687 UPDATE_11
16:48:13.228 (index):687 UPDATE_5
16:48:13.229 (index):687 UPDATE_7
16:48:13.230 (index):687 UPDATE_2
16:48:13.231 (index):699 NODEACCESSREQUESTED_14
16:48:13.232 (index):699 NODEACCESSREQUESTED_13
16:48:13.233 (index):699 NODEACCESSREQUESTED_3
16:48:13.234 (index):699 NODEACCESSREQUESTED_8
16:48:13.235 (index):699 NODEACCESSREQUESTED_12
16:48:13.236 (index):679 THINKING_10
16:48:14.226 (index):687 UPDATE_4
16:48:14.227 (index):687 UPDATE_17
16:48:14.227 (index):687 UPDATE_9
16:48:14.228 (index):687 UPDATE_1
16:48:14.228 (index):687 UPDATE_16
16:48:14.229 (index):669 NODEACCESSRELEASED_6
16:48:14.230 (index):679 THINKING_11
16:48:14.231 (index):679 THINKING_5
16:48:14.232 (index):679 THINKING_7
16:48:14.233 (index):669 NODEACCESSRELEASED_2
16:48:14.234 (index):687 UPDATE_15
16:48:15.226 (index):687 UPDATE_14
16:48:15.228 (index):687 UPDATE_13
16:48:15.229 (index):687 UPDATE_3
16:48:15.230 (index):687 UPDATE_8
16:48:15.232 (index):687 UPDATE_12
16:48:15.233 (index):679 THINKING_4
16:48:15.234 (index):679 THINKING_17
16:48:15.234 (index):669 NODEACCESSRELEASED_9
16:48:15.235 (index):679 THINKING_1
16:48:15.235 (index):679 THINKING_16
16:48:15.236 (index):669 NODEACCESSRELEASED_15
16:48:15.236 (index):687 UPDATE_18
16:48:15.236 (index):687 UPDATE_0
16:48:16.226 (index):699 NODEACCESSREQUESTED_6
16:48:16.228 (index):699 NODEACCESSREQUESTED_2
16:48:16.229 (index):669 NODEACCESSRELEASED_14
16:48:16.231 (index):669 NODEACCESSRELEASED_13
16:48:16.232 (index):669 NODEACCESSRELEASED_3
16:48:16.233 (index):669 NODEACCESSRELEASED_8
16:48:16.234 (index):669 NODEACCESSRELEASED_12
16:48:16.235 (index):679 THINKING_18
16:48:16.236 (index):669 NODEACCESSRELEASED_0
16:48:17.226 (index):699 NODEACCESSREQUESTED_9
16:48:17.227 (index):699 NODEACCESSREQUESTED_15
16:48:18.226 (index):687 UPDATE_6
16:48:18.227 (index):687 UPDATE_2
16:48:18.227 (index):699 NODEACCESSREQUESTED_14
16:48:18.228 (index):699 NODEACCESSREQUESTED_13
16:48:18.228 (index):699 NODEACCESSREQUESTED_3
16:48:18.229 (index):699 NODEACCESSREQUESTED_8
16:48:18.229 (index):699 NODEACCESSREQUESTED_12
16:48:18.230 (index):699 NODEACCESSREQUESTED_0
16:48:18.231 (index):687 UPDATE_1
16:48:18.232 (index):687 UPDATE_4
16:48:18.233 (index):687 UPDATE_16
16:48:18.233 (index):687 UPDATE_10
16:48:19.226 (index):687 UPDATE_9
16:48:19.227 (index):687 UPDATE_15
16:48:19.228 (index):679 THINKING_6
16:48:19.229 (index):679 THINKING_2
16:48:19.231 (index):669 NODEACCESSRELEASED_1
16:48:19.232 (index):669 NODEACCESSRELEASED_4
16:48:19.233 (index):679 THINKING_16
16:48:19.234 (index):669 NODEACCESSRELEASED_10
16:48:19.235 (index):687 UPDATE_11
16:48:19.236 (index):687 UPDATE_17
16:48:19.237 (index):687 UPDATE_5
16:48:19.238 (index):687 UPDATE_7
16:48:20.226 (index):687 UPDATE_14
16:48:20.227 (index):687 UPDATE_13
16:48:20.228 (index):687 UPDATE_3
16:48:20.228 (index):687 UPDATE_8
16:48:20.229 (index):687 UPDATE_12
16:48:20.229 (index):687 UPDATE_0
16:48:20.230 (index):679 THINKING_9
16:48:20.231 (index):679 THINKING_15
16:48:20.231 (index):669 NODEACCESSRELEASED_11
16:48:20.232 (index):669 NODEACCESSRELEASED_17
16:48:20.232 (index):679 THINKING_5
16:48:20.232 (index):669 NODEACCESSRELEASED_7
16:48:21.226 (index):699 NODEACCESSREQUESTED_1
16:48:21.227 (index):699 NODEACCESSREQUESTED_4
16:48:21.228 (index):699 NODEACCESSREQUESTED_10
16:48:21.228 (index):669 NODEACCESSRELEASED_14
16:48:21.229 (index):669 NODEACCESSRELEASED_13
16:48:21.230 (index):669 NODEACCESSRELEASED_3
16:48:21.230 (index):679 THINKING_8
16:48:21.231 (index):669 NODEACCESSRELEASED_12
16:48:21.231 (index):679 THINKING_0
16:48:21.232 (index):687 UPDATE_18
16:48:22.226 (index):699 NODEACCESSREQUESTED_11
16:48:22.227 (index):699 NODEACCESSREQUESTED_17
16:48:22.228 (index):699 NODEACCESSREQUESTED_7
16:48:22.228 (index):669 NODEACCESSRELEASED_18
16:48:22.229 (index):687 UPDATE_6
16:48:22.229 (index):687 UPDATE_16
16:48:22.230 (index):687 UPDATE_2
16:48:23.226 (index):687 UPDATE_1
16:48:23.227 (index):687 UPDATE_4
16:48:23.228 (index):687 UPDATE_10
16:48:23.229 (index):699 NODEACCESSREQUESTED_14
16:48:23.229 (index):699 NODEACCESSREQUESTED_13
16:48:23.230 (index):699 NODEACCESSREQUESTED_3
16:48:23.230 (index):699 NODEACCESSREQUESTED_12
16:48:23.231 (index):687 UPDATE_5
16:48:23.231 (index):679 THINKING_6
16:48:23.232 (index):669 NODEACCESSRELEASED_16
16:48:23.232 (index):679 THINKING_2
16:48:23.232 (index):687 UPDATE_15
16:48:24.226 (index):687 UPDATE_11
16:48:24.229 (index):687 UPDATE_17
16:48:24.231 (index):687 UPDATE_7
16:48:24.232 (index):699 NODEACCESSREQUESTED_18
16:48:24.233 (index):679 THINKING_1
16:48:24.234 (index):679 THINKING_4
16:48:24.234 (index):679 THINKING_10
16:48:24.235 (index):669 NODEACCESSRELEASED_5
16:48:24.235 (index):679 THINKING_15
16:48:24.236 (index):687 UPDATE_9
16:48:24.236 (index):687 UPDATE_0
16:48:25.226 (index):687 UPDATE_14
16:48:25.227 (index):687 UPDATE_13
16:48:25.228 (index):687 UPDATE_3
16:48:25.229 (index):687 UPDATE_12
16:48:25.230 (index):699 NODEACCESSREQUESTED_16
16:48:25.231 (index):669 NODEACCESSRELEASED_11
16:48:25.232 (index):669 NODEACCESSRELEASED_17
16:48:25.233 (index):669 NODEACCESSRELEASED_7
16:48:25.234 (index):669 NODEACCESSRELEASED_9
16:48:25.235 (index):669 NODEACCESSRELEASED_0
16:48:25.236 (index):687 UPDATE_8
16:48:26.226 (index):687 UPDATE_18
16:48:26.227 (index):699 NODEACCESSREQUESTED_5
16:48:26.228 (index):679 THINKING_14
16:48:26.229 (index):669 NODEACCESSRELEASED_13
16:48:26.230 (index):669 NODEACCESSRELEASED_3
16:48:26.231 (index):669 NODEACCESSRELEASED_12
16:48:26.232 (index):669 NODEACCESSRELEASED_8
16:48:26.233 (index):687 UPDATE_2
16:48:26.234 (index):687 UPDATE_6
16:48:27.226 (index):687 UPDATE_16
16:48:27.227 (index):699 NODEACCESSREQUESTED_11
16:48:27.228 (index):699 NODEACCESSREQUESTED_17
16:48:27.229 (index):699 NODEACCESSREQUESTED_7
16:48:27.230 (index):699 NODEACCESSREQUESTED_9
16:48:27.231 (index):699 NODEACCESSREQUESTED_0
16:48:27.232 (index):669 NODEACCESSRELEASED_18
16:48:27.233 (index):679 THINKING_2
16:48:27.234 (index):669 NODEACCESSRELEASED_6
16:48:27.234 (index):687 UPDATE_15
16:48:27.235 (index):687 UPDATE_1
16:48:28.226 (index):687 UPDATE_5
16:48:28.228 (index):699 NODEACCESSREQUESTED_13
16:48:28.229 (index):699 NODEACCESSREQUESTED_3
16:48:28.230 (index):699 NODEACCESSREQUESTED_12
16:48:28.231 (index):699 NODEACCESSREQUESTED_8
16:48:28.232 (index):679 THINKING_16
16:48:28.233 (index):669 NODEACCESSRELEASED_15
16:48:28.234 (index):679 THINKING_1
16:48:28.235 (index):687 UPDATE_10
16:48:29.226 (index):687 UPDATE_11
16:48:29.227 (index):687 UPDATE_17
16:48:29.228 (index):687 UPDATE_7
16:48:29.228 (index):687 UPDATE_9
16:48:29.229 (index):687 UPDATE_0
16:48:29.229 (index):699 NODEACCESSREQUESTED_18
16:48:29.230 (index):699 NODEACCESSREQUESTED_6
16:48:29.231 (index):679 THINKING_5
16:48:29.232 (index):669 NODEACCESSRELEASED_10
16:48:29.233 (index):687 UPDATE_4
16:48:29.234 (index):687 UPDATE_14
16:48:30.226 (index):687 UPDATE_13
16:48:30.227 (index):687 UPDATE_3
16:48:30.228 (index):687 UPDATE_12
16:48:30.229 (index):687 UPDATE_8
16:48:30.230 (index):699 NODEACCESSREQUESTED_15
16:48:30.231 (index):669 NODEACCESSRELEASED_11
16:48:30.231 (index):669 NODEACCESSRELEASED_17
16:48:30.232 (index):669 NODEACCESSRELEASED_7
16:48:30.232 (index):669 NODEACCESSRELEASED_9
16:48:30.233 (index):669 NODEACCESSRELEASED_0
16:48:30.234 (index):679 THINKING_4
16:48:30.234 (index):669 NODEACCESSRELEASED_14
16:48:31.226 (index):687 UPDATE_18
16:48:31.227 (index):687 UPDATE_6
16:48:31.228 (index):699 NODEACCESSREQUESTED_10
16:48:31.228 (index):669 NODEACCESSRELEASED_13
16:48:31.229 (index):679 THINKING_3
16:48:31.230 (index):669 NODEACCESSRELEASED_12
16:48:31.231 (index):669 NODEACCESSRELEASED_8
16:48:32.226 (index):687 UPDATE_15
16:48:32.227 (index):699 NODEACCESSREQUESTED_11
16:48:32.227 (index):699 NODEACCESSREQUESTED_17
16:48:32.228 (index):699 NODEACCESSREQUESTED_7
16:48:32.229 (index):699 NODEACCESSREQUESTED_9
16:48:32.229 (index):699 NODEACCESSREQUESTED_0
16:48:32.230 (index):699 NODEACCESSREQUESTED_14
16:48:32.231 (index):669 NODEACCESSRELEASED_18
16:48:32.232 (index):669 NODEACCESSRELEASED_6
16:48:32.233 (index):687 UPDATE_2
16:48:33.226 (index):687 UPDATE_10
16:48:33.228 (index):699 NODEACCESSREQUESTED_13
16:48:33.229 (index):699 NODEACCESSREQUESTED_12
16:48:33.231 (index):699 NODEACCESSREQUESTED_8
16:48:33.232 (index):679 THINKING_15
16:48:33.234 (index):669 NODEACCESSRELEASED_2
16:48:33.234 (index):687 UPDATE_16
16:48:33.235 (index):687 UPDATE_1
16:48:34.226 (index):687 UPDATE_11
16:48:34.227 (index):687 UPDATE_17
16:48:34.227 (index):687 UPDATE_7
16:48:34.228 (index):687 UPDATE_9
16:48:34.229 (index):687 UPDATE_0
16:48:34.230 (index):687 UPDATE_14
16:48:34.231 (index):699 NODEACCESSREQUESTED_18
16:48:34.232 (index):699 NODEACCESSREQUESTED_6
16:48:34.232 (index):679 THINKING_10
16:48:34.233 (index):669 NODEACCESSRELEASED_16
16:48:34.234 (index):679 THINKING_1
16:48:34.235 (index):687 UPDATE_3
16:48:34.236 (index):687 UPDATE_5
16:48:34.236 (index):687 UPDATE_4
16:48:35.226 (index):687 UPDATE_13
16:48:35.228 (index):687 UPDATE_12
16:48:35.229 (index):687 UPDATE_8
16:48:35.230 (index):699 NODEACCESSREQUESTED_2
16:48:35.232 (index):679 THINKING_11
16:48:35.232 (index):679 THINKING_17
16:48:35.233 (index):669 NODEACCESSRELEASED_7
16:48:35.234 (index):679 THINKING_9
16:48:35.235 (index):679 THINKING_0
16:48:35.236 (index):669 NODEACCESSRELEASED_14
16:48:35.237 (index):669 NODEACCESSRELEASED_3
16:48:35.238 (index):669 NODEACCESSRELEASED_5
16:48:35.238 (index):679 THINKING_4
16:48:36.226 (index):687 UPDATE_18
16:48:36.227 (index):687 UPDATE_6
16:48:36.228 (index):699 NODEACCESSREQUESTED_16
16:48:36.229 (index):669 NODEACCESSRELEASED_13
16:48:36.230 (index):669 NODEACCESSRELEASED_12
16:48:36.231 (index):669 NODEACCESSRELEASED_8
16:48:37.226 (index):687 UPDATE_2
16:48:37.227 (index):699 NODEACCESSREQUESTED_7
16:48:37.228 (index):699 NODEACCESSREQUESTED_14
16:48:37.228 (index):699 NODEACCESSREQUESTED_3
16:48:37.229 (index):699 NODEACCESSREQUESTED_5
16:48:37.230 (index):669 NODEACCESSRELEASED_18
16:48:37.231 (index):669 NODEACCESSRELEASED_6
16:48:38.226 (index):687 UPDATE_16
16:48:38.227 (index):699 NODEACCESSREQUESTED_13
16:48:38.228 (index):699 NODEACCESSREQUESTED_12
16:48:38.229 (index):699 NODEACCESSREQUESTED_8
16:48:38.230 (index):669 NODEACCESSRELEASED_2
16:48:38.230 (index):687 UPDATE_15
16:48:38.231 (index):687 UPDATE_4
16:48:39.226 (index):687 UPDATE_7
16:48:39.227 (index):687 UPDATE_14
16:48:39.228 (index):687 UPDATE_3
16:48:39.229 (index):687 UPDATE_5
16:48:39.230 (index):699 NODEACCESSREQUESTED_18
16:48:39.230 (index):699 NODEACCESSREQUESTED_6
16:48:39.231 (index):679 THINKING_16
16:48:39.232 (index):669 NODEACCESSRELEASED_15
16:48:39.232 (index):669 NODEACCESSRELEASED_4
16:48:39.233 (index):687 UPDATE_1
16:48:39.234 (index):687 UPDATE_11
16:48:39.234 (index):687 UPDATE_9
16:48:39.235 (index):687 UPDATE_17
16:48:39.235 (index):687 UPDATE_10
16:48:40.226 (index):687 UPDATE_13
16:48:40.227 (index):687 UPDATE_12
16:48:40.227 (index):687 UPDATE_8
16:48:40.228 (index):687 UPDATE_0
16:48:40.228 (index):699 NODEACCESSREQUESTED_2
16:48:40.229 (index):669 NODEACCESSRELEASED_7
16:48:40.230 (index):679 THINKING_14
16:48:40.231 (index):669 NODEACCESSRELEASED_3
16:48:40.232 (index):669 NODEACCESSRELEASED_5
16:48:40.233 (index):669 NODEACCESSRELEASED_1
16:48:40.234 (index):669 NODEACCESSRELEASED_11
16:48:40.235 (index):669 NODEACCESSRELEASED_9
16:48:40.236 (index):669 NODEACCESSRELEASED_17
16:48:40.237 (index):669 NODEACCESSRELEASED_10
16:48:41.226 (index):687 UPDATE_18
16:48:41.227 (index):687 UPDATE_6
16:48:41.228 (index):699 NODEACCESSREQUESTED_15
16:48:41.229 (index):699 NODEACCESSREQUESTED_4
16:48:41.230 (index):669 NODEACCESSRELEASED_13
16:48:41.231 (index):679 THINKING_12
16:48:41.232 (index):669 NODEACCESSRELEASED_8
16:48:41.233 (index):669 NODEACCESSRELEASED_0
16:48:42.226 (index):687 UPDATE_2
16:48:42.228 (index):699 NODEACCESSREQUESTED_7
16:48:42.229 (index):699 NODEACCESSREQUESTED_3
16:48:42.230 (index):699 NODEACCESSREQUESTED_5
16:48:42.231 (index):699 NODEACCESSREQUESTED_1
16:48:42.232 (index):699 NODEACCESSREQUESTED_11
16:48:42.233 (index):699 NODEACCESSREQUESTED_9
16:48:42.234 (index):699 NODEACCESSREQUESTED_17
16:48:42.234 (index):699 NODEACCESSREQUESTED_10
16:48:42.235 (index):679 THINKING_18
16:48:42.235 (index):669 NODEACCESSRELEASED_6
16:48:42.236 (index):687 UPDATE_16
16:48:43.226 (index):687 UPDATE_15
16:48:43.227 (index):687 UPDATE_4
16:48:43.227 (index):699 NODEACCESSREQUESTED_13
16:48:43.228 (index):699 NODEACCESSREQUESTED_8
16:48:43.229 (index):699 NODEACCESSREQUESTED_0
16:48:43.230 (index):669 NODEACCESSRELEASED_2
16:48:43.231 (index):669 NODEACCESSRELEASED_16
16:48:44.226 (index):687 UPDATE_7
16:48:44.227 (index):687 UPDATE_3
16:48:44.228 (index):687 UPDATE_5
16:48:44.229 (index):687 UPDATE_1
16:48:44.230 (index):687 UPDATE_11
16:48:44.230 (index):687 UPDATE_9
16:48:44.231 (index):687 UPDATE_17
16:48:44.232 (index):687 UPDATE_10
16:48:44.233 (index):699 NODEACCESSREQUESTED_6
16:48:44.234 (index):679 THINKING_15
16:48:44.235 (index):669 NODEACCESSRELEASED_4
16:48:44.236 (index):687 UPDATE_14
16:48:45.226 (index):687 UPDATE_13
16:48:45.227 (index):687 UPDATE_8
16:48:45.227 (index):687 UPDATE_0
16:48:45.228 (index):699 NODEACCESSREQUESTED_2
16:48:45.229 (index):699 NODEACCESSREQUESTED_16
16:48:45.229 (index):679 THINKING_7
16:48:45.230 (index):679 THINKING_3
16:48:45.231 (index):669 NODEACCESSRELEASED_5
16:48:45.232 (index):679 THINKING_1
16:48:45.233 (index):669 NODEACCESSRELEASED_11
16:48:45.234 (index):669 NODEACCESSRELEASED_9
16:48:45.235 (index):679 THINKING_17
16:48:45.235 (index):669 NODEACCESSRELEASED_10
16:48:45.235 (index):679 THINKING_14
16:48:45.236 (index):687 UPDATE_12
16:48:46.226 (index):687 UPDATE_6
16:48:46.227 (index):699 NODEACCESSREQUESTED_4
16:48:46.227 (index):669 NODEACCESSRELEASED_13
16:48:46.228 (index):669 NODEACCESSRELEASED_8
16:48:46.229 (index):669 NODEACCESSRELEASED_0
16:48:46.229 (index):669 NODEACCESSRELEASED_12
16:48:47.226 (index):687 UPDATE_2
16:48:47.227 (index):687 UPDATE_16
16:48:47.228 (index):699 NODEACCESSREQUESTED_5
16:48:47.229 (index):699 NODEACCESSREQUESTED_11
16:48:47.229 (index):699 NODEACCESSREQUESTED_9
16:48:47.230 (index):699 NODEACCESSREQUESTED_10
16:48:47.231 (index):669 NODEACCESSRELEASED_6
16:48:47.232 (index):687 UPDATE_18
16:48:48.227 (index):687 UPDATE_4
16:48:48.228 (index):699 NODEACCESSREQUESTED_13
16:48:48.229 (index):699 NODEACCESSREQUESTED_8
16:48:48.231 (index):699 NODEACCESSREQUESTED_0
16:48:48.231 (index):699 NODEACCESSREQUESTED_12
16:48:48.232 (index):669 NODEACCESSRELEASED_2
16:48:48.233 (index):669 NODEACCESSRELEASED_16
16:48:48.233 (index):679 THINKING_18
16:48:48.234 (index):687 UPDATE_1
16:48:48.234 (index):687 UPDATE_3
16:48:48.235 (index):687 UPDATE_15
16:48:49.226 (index):687 UPDATE_5
16:48:49.227 (index):687 UPDATE_11
16:48:49.227 (index):687 UPDATE_9
16:48:49.228 (index):687 UPDATE_10
16:48:49.229 (index):699 NODEACCESSREQUESTED_6
16:48:49.229 (index):679 THINKING_4
16:48:49.230 (index):669 NODEACCESSRELEASED_1
16:48:49.230 (index):669 NODEACCESSRELEASED_3
16:48:49.231 (index):669 NODEACCESSRELEASED_15
16:48:49.232 (index):687 UPDATE_17
16:48:49.233 (index):687 UPDATE_7
16:48:50.226 (index):687 UPDATE_13
16:48:50.227 (index):687 UPDATE_8
16:48:50.227 (index):687 UPDATE_0
16:48:50.228 (index):687 UPDATE_12
16:48:50.229 (index):699 NODEACCESSREQUESTED_2
16:48:50.230 (index):699 NODEACCESSREQUESTED_16
16:48:50.231 (index):687 UPDATE_14
16:48:50.232 (index):669 NODEACCESSRELEASED_5
16:48:50.233 (index):679 THINKING_11
16:48:50.234 (index):669 NODEACCESSRELEASED_9
16:48:50.234 (index):669 NODEACCESSRELEASED_10
16:48:50.235 (index):679 THINKING_17
16:48:50.236 (index):669 NODEACCESSRELEASED_7
16:48:51.226 (index):687 UPDATE_6
16:48:51.227 (index):699 NODEACCESSREQUESTED_1
16:48:51.227 (index):699 NODEACCESSREQUESTED_3
16:48:51.228 (index):699 NODEACCESSREQUESTED_15
16:48:51.228 (index):669 NODEACCESSRELEASED_13
16:48:51.229 (index):669 NODEACCESSRELEASED_8
16:48:51.229 (index):669 NODEACCESSRELEASED_0
16:48:51.229 (index):669 NODEACCESSRELEASED_12
16:48:51.230 (index):669 NODEACCESSRELEASED_14
16:48:52.226 (index):687 UPDATE_2
16:48:52.227 (index):687 UPDATE_16
16:48:52.229 (index):699 NODEACCESSREQUESTED_5
16:48:52.230 (index):699 NODEACCESSREQUESTED_9
16:48:52.232 (index):699 NODEACCESSREQUESTED_10
16:48:52.233 (index):699 NODEACCESSREQUESTED_7
16:48:52.234 (index):728 END_6
16:48:52.235 (index):687 UPDATE_18
16:48:53.226 (index):687 UPDATE_1
16:48:53.227 (index):687 UPDATE_3
16:48:53.227 (index):687 UPDATE_15
16:48:53.228 (index):699 NODEACCESSREQUESTED_13
16:48:53.229 (index):699 NODEACCESSREQUESTED_8
16:48:53.230 (index):699 NODEACCESSREQUESTED_0
16:48:53.231 (index):699 NODEACCESSREQUESTED_12
16:48:53.232 (index):699 NODEACCESSREQUESTED_14
16:48:53.233 (index):728 END_2
16:48:53.234 (index):728 END_16
16:48:53.235 (index):669 NODEACCESSRELEASED_18
16:48:53.236 (index):687 UPDATE_17
16:48:54.226 (index):687 UPDATE_5
16:48:54.227 (index):687 UPDATE_9
16:48:54.229 (index):687 UPDATE_10
16:48:54.229 (index):687 UPDATE_7
16:48:54.230 (index):728 END_1
16:48:54.231 (index):728 END_3
16:48:54.232 (index):728 END_15
16:48:54.233 (index):728 END_17
16:48:54.234 (index):687 UPDATE_11
16:48:54.234 (index):687 UPDATE_4
16:48:55.226 (index):687 UPDATE_13
16:48:55.227 (index):687 UPDATE_8
16:48:55.228 (index):687 UPDATE_0
16:48:55.229 (index):687 UPDATE_12
16:48:55.229 (index):687 UPDATE_14
16:48:55.230 (index):699 NODEACCESSREQUESTED_18
16:48:55.231 (index):728 END_5
16:48:55.232 (index):728 END_9
16:48:55.233 (index):728 END_10
16:48:55.234 (index):728 END_7
16:48:55.235 (index):728 END_11
16:48:55.236 (index):728 END_4
16:48:56.226 (index):728 END_13
16:48:56.227 (index):728 END_8
16:48:56.228 (index):728 END_0
16:48:56.228 (index):728 END_12
16:48:56.229 (index):728 END_14
16:48:57.226 (index):687 UPDATE_18
16:48:58.228 (index):728 END_18
