16:33:50.469 (index):800 Tasks: 25; Collaborators: 5    =========================>
16:33:50.470 (index):699 NODEACCESSREQUESTED_0
16:33:50.470 (index):699 NODEACCESSREQUESTED_1
16:33:50.471 (index):699 NODEACCESSREQUESTED_2
16:33:50.471 (index):699 NODEACCESSREQUESTED_3
16:33:50.472 (index):699 NODEACCESSREQUESTED_4
16:33:51.470 (index):679 THINKING_0
16:33:51.471 (index):679 THINKING_1
16:33:51.471 (index):669 NODEACCESSRELEASED_2
16:33:51.472 (index):669 NODEACCESSRELEASED_3
16:33:51.473 (index):669 NODEACCESSRELEASED_4
16:33:52.472 (index):699 NODEACCESSREQUESTED_2
16:33:52.473 (index):699 NODEACCESSREQUESTED_3
16:33:52.473 (index):699 NODEACCESSREQUESTED_4
16:33:53.473 (index):687 UPDATE_2
16:33:53.474 (index):687 UPDATE_3
16:33:53.474 (index):687 UPDATE_4
16:33:53.574 (index):669 NODEACCESSRELEASED_2
16:33:53.575 (index):669 NODEACCESSRELEASED_3
16:33:53.576 (index):669 NODEACCESSRELEASED_4
16:33:54.417 (index):687 UPDATE_1
16:33:54.518 (index):669 NODEACCESSRELEASED_1
16:33:54.575 (index):699 NODEACCESSREQUESTED_2
16:33:54.576 (index):699 NODEACCESSREQUESTED_3
16:33:54.577 (index):699 NODEACCESSREQUESTED_4
16:33:55.519 (index):699 NODEACCESSREQUESTED_1
16:33:55.576 (index):687 UPDATE_2
16:33:55.578 (index):687 UPDATE_3
16:33:55.579 (index):687 UPDATE_4
16:33:55.678 (index):669 NODEACCESSRELEASED_2
16:33:55.679 (index):679 THINKING_3
16:33:55.680 (index):669 NODEACCESSRELEASED_4
16:33:55.819 (index):687 UPDATE_0
16:33:55.920 (index):669 NODEACCESSRELEASED_0
16:33:56.521 (index):687 UPDATE_1
16:33:56.622 (index):679 THINKING_1
16:33:56.679 (index):699 NODEACCESSREQUESTED_2
16:33:56.681 (index):699 NODEACCESSREQUESTED_4
16:33:56.922 (index):699 NODEACCESSREQUESTED_0
16:33:57.680 (index):687 UPDATE_2
16:33:57.682 (index):687 UPDATE_4
16:33:58.230 (index):679 THINKING_2
16:33:58.231 (index):669 NODEACCESSRELEASED_4
16:33:58.232 (index):687 UPDATE_0
16:33:59.226 (index):669 NODEACCESSRELEASED_0
16:34:00.226 (index):699 NODEACCESSREQUESTED_4
16:34:00.227 (index):687 UPDATE_3
16:34:00.229 (index):687 UPDATE_1
16:34:01.226 (index):699 NODEACCESSREQUESTED_0
16:34:01.227 (index):669 NODEACCESSRELEASED_3
16:34:01.228 (index):679 THINKING_1
16:34:01.229 (index):687 UPDATE_2
16:34:01.453 (index):687 UPDATE_4
16:34:01.455 (index):669 NODEACCESSRELEASED_2
16:34:01.555 (index):669 NODEACCESSRELEASED_4
16:34:02.227 (index):687 UPDATE_0
16:34:02.229 (index):699 NODEACCESSREQUESTED_3
16:34:02.329 (index):679 THINKING_0
16:34:02.456 (index):699 NODEACCESSREQUESTED_2
16:34:02.556 (index):699 NODEACCESSREQUESTED_4
16:34:03.230 (index):687 UPDATE_3
16:34:03.331 (index):669 NODEACCESSRELEASED_3
16:34:03.457 (index):687 UPDATE_2
16:34:03.557 (index):687 UPDATE_4
16:34:03.558 (index):669 NODEACCESSRELEASED_2
16:34:03.659 (index):679 THINKING_4
16:34:04.332 (index):699 NODEACCESSREQUESTED_3
16:34:04.560 (index):699 NODEACCESSREQUESTED_2
16:34:04.900 (index):687 UPDATE_0
16:34:05.001 (index):679 THINKING_0
16:34:05.334 (index):687 UPDATE_3
16:34:05.435 (index):669 NODEACCESSRELEASED_3
16:34:05.561 (index):687 UPDATE_2
16:34:05.621 (index):687 UPDATE_1
16:34:05.662 (index):679 THINKING_2
16:34:05.723 (index):669 NODEACCESSRELEASED_1
16:34:06.097 (index):687 UPDATE_4
16:34:06.198 (index):669 NODEACCESSRELEASED_4
16:34:06.437 (index):699 NODEACCESSREQUESTED_3
16:34:06.725 (index):699 NODEACCESSREQUESTED_1
16:34:07.200 (index):699 NODEACCESSREQUESTED_4
16:34:07.438 (index):687 UPDATE_3
16:34:07.539 (index):669 NODEACCESSRELEASED_3
16:34:07.726 (index):687 UPDATE_1
16:34:07.827 (index):679 THINKING_1
16:34:08.201 (index):687 UPDATE_4
16:34:08.213 (index):687 UPDATE_2
16:34:08.302 (index):679 THINKING_4
16:34:08.315 (index):679 THINKING_2
16:34:08.541 (index):699 NODEACCESSREQUESTED_3
16:34:09.541 (index):687 UPDATE_3
16:34:09.642 (index):669 NODEACCESSRELEASED_3
16:34:09.943 (index):687 UPDATE_0
16:34:10.044 (index):669 NODEACCESSRELEASED_0
16:34:10.138 (index):687 UPDATE_1
16:34:10.239 (index):669 NODEACCESSRELEASED_1
16:34:10.542 (index):687 UPDATE_2
16:34:10.643 (index):679 THINKING_2
16:34:10.644 (index):699 NODEACCESSREQUESTED_3
16:34:11.045 (index):699 NODEACCESSREQUESTED_0
16:34:11.241 (index):699 NODEACCESSREQUESTED_1
16:34:11.645 (index):687 UPDATE_3
16:34:11.746 (index):679 THINKING_3
16:34:12.047 (index):687 UPDATE_0
16:34:12.148 (index):679 THINKING_0
16:34:12.242 (index):687 UPDATE_1
16:34:12.343 (index):679 THINKING_1
16:34:12.511 (index):687 UPDATE_4
16:34:12.612 (index):679 THINKING_4
16:34:14.153 (index):687 UPDATE_3
16:34:14.254 (index):669 NODEACCESSRELEASED_3
16:34:14.304 (index):687 UPDATE_0
16:34:14.405 (index):669 NODEACCESSRELEASED_0
16:34:15.255 (index):699 NODEACCESSREQUESTED_3
16:34:15.273 (index):687 UPDATE_1
16:34:15.374 (index):679 THINKING_1
16:34:15.407 (index):699 NODEACCESSREQUESTED_0
16:34:15.498 (index):687 UPDATE_2
16:34:15.599 (index):669 NODEACCESSRELEASED_2
16:34:16.256 (index):687 UPDATE_3
16:34:16.357 (index):669 NODEACCESSRELEASED_3
16:34:16.408 (index):687 UPDATE_0
16:34:16.509 (index):669 NODEACCESSRELEASED_0
16:34:16.571 (index):687 UPDATE_4
16:34:16.601 (index):699 NODEACCESSREQUESTED_2
16:34:16.672 (index):679 THINKING_4
16:34:17.358 (index):699 NODEACCESSREQUESTED_3
16:34:17.510 (index):699 NODEACCESSREQUESTED_0
16:34:17.602 (index):687 UPDATE_2
16:34:17.703 (index):669 NODEACCESSRELEASED_2
16:34:18.360 (index):687 UPDATE_3
16:34:18.461 (index):679 THINKING_3
16:34:18.511 (index):687 UPDATE_0
16:34:18.612 (index):679 THINKING_0
16:34:18.705 (index):699 NODEACCESSREQUESTED_2
16:34:19.439 (index):687 UPDATE_4
16:34:19.540 (index):669 NODEACCESSRELEASED_4
16:34:19.706 (index):687 UPDATE_2
16:34:19.807 (index):669 NODEACCESSRELEASED_2
16:34:19.985 (index):687 UPDATE_1
16:34:20.086 (index):679 THINKING_1
16:34:20.541 (index):699 NODEACCESSREQUESTED_4
16:34:20.799 (index):687 UPDATE_3
16:34:20.808 (index):699 NODEACCESSREQUESTED_2
16:34:20.901 (index):669 NODEACCESSRELEASED_3
16:34:21.543 (index):687 UPDATE_4
16:34:21.644 (index):669 NODEACCESSRELEASED_4
16:34:21.809 (index):687 UPDATE_2
16:34:21.902 (index):699 NODEACCESSREQUESTED_3
16:34:21.910 (index):669 NODEACCESSRELEASED_2
16:34:22.607 (index):687 UPDATE_0
16:34:22.645 (index):699 NODEACCESSREQUESTED_4
16:34:22.708 (index):669 NODEACCESSRELEASED_0
16:34:22.903 (index):687 UPDATE_3
16:34:22.912 (index):699 NODEACCESSREQUESTED_2
16:34:23.004 (index):728 END_3
16:34:23.646 (index):687 UPDATE_4
16:34:23.710 (index):699 NODEACCESSREQUESTED_0
16:34:23.748 (index):679 THINKING_4
16:34:23.913 (index):687 UPDATE_2
16:34:24.014 (index):728 END_2
16:34:24.279 (index):687 UPDATE_1
16:34:24.380 (index):669 NODEACCESSRELEASED_1
16:34:24.711 (index):687 UPDATE_0
16:34:24.812 (index):669 NODEACCESSRELEASED_0
16:34:25.381 (index):699 NODEACCESSREQUESTED_1
16:34:25.814 (index):699 NODEACCESSREQUESTED_0
16:34:26.383 (index):687 UPDATE_1
16:34:26.484 (index):679 THINKING_1
16:34:26.815 (index):687 UPDATE_0
16:34:26.916 (index):669 NODEACCESSRELEASED_0
16:34:27.918 (index):699 NODEACCESSREQUESTED_0
16:34:28.137 (index):687 UPDATE_4
16:34:28.239 (index):728 END_4
16:34:28.663 (index):687 UPDATE_1
16:34:28.764 (index):669 NODEACCESSRELEASED_1
16:34:28.919 (index):687 UPDATE_0
16:34:29.020 (index):728 END_0
16:34:29.765 (index):699 NODEACCESSREQUESTED_1
16:34:30.766 (index):687 UPDATE_1
16:34:30.867 (index):728 END_1
