16:36:11.520 (index):845 Tasks: 25; Collaborators: 8    =========================>
16:36:11.521 (index):699 NODEACCESSREQUESTED_0
16:36:11.522 (index):699 NODEACCESSREQUESTED_1
16:36:11.523 (index):699 NODEACCESSREQUESTED_2
16:36:11.524 (index):699 NODEACCESSREQUESTED_3
16:36:11.525 (index):699 NODEACCESSREQUESTED_4
16:36:11.526 (index):699 NODEACCESSREQUESTED_5
16:36:11.526 (index):699 NODEACCESSREQUESTED_6
16:36:11.527 (index):699 NODEACCESSREQUESTED_7
16:36:12.522 (index):679 THINKING_0
16:36:12.523 (index):679 THINKING_1
16:36:12.524 (index):669 NODEACCESSRELEASED_2
16:36:12.525 (index):669 NODEACCESSRELEASED_3
16:36:12.526 (index):669 NODEACCESSRELEASED_4
16:36:12.527 (index):669 NODEACCESSRELEASED_5
16:36:12.528 (index):679 THINKING_6
16:36:12.529 (index):669 NODEACCESSRELEASED_7
16:36:13.525 (index):699 NODEACCESSREQUESTED_2
16:36:13.526 (index):699 NODEACCESSREQUESTED_3
16:36:13.527 (index):699 NODEACCESSREQUESTED_4
16:36:13.528 (index):699 NODEACCESSREQUESTED_5
16:36:13.530 (index):699 NODEACCESSREQUESTED_7
16:36:14.526 (index):687 UPDATE_2
16:36:14.527 (index):687 UPDATE_3
16:36:14.527 (index):687 UPDATE_4
16:36:14.528 (index):687 UPDATE_5
16:36:14.530 (index):687 UPDATE_7
16:36:14.627 (index):669 NODEACCESSRELEASED_2
16:36:14.627 (index):669 NODEACCESSRELEASED_3
16:36:14.628 (index):669 NODEACCESSRELEASED_4
16:36:14.629 (index):679 THINKING_5
16:36:14.631 (index):669 NODEACCESSRELEASED_7
16:36:15.246 (index):687 UPDATE_6
16:36:15.347 (index):669 NODEACCESSRELEASED_6
16:36:15.469 (index):687 UPDATE_1
16:36:15.570 (index):669 NODEACCESSRELEASED_1
16:36:15.627 (index):699 NODEACCESSREQUESTED_2
16:36:15.629 (index):699 NODEACCESSREQUESTED_3
16:36:15.630 (index):699 NODEACCESSREQUESTED_4
16:36:15.633 (index):699 NODEACCESSREQUESTED_7
16:36:16.349 (index):699 NODEACCESSREQUESTED_6
16:36:16.572 (index):699 NODEACCESSREQUESTED_1
16:36:16.629 (index):687 UPDATE_2
16:36:16.630 (index):687 UPDATE_3
16:36:16.631 (index):687 UPDATE_4
16:36:16.634 (index):687 UPDATE_7
16:36:16.730 (index):669 NODEACCESSRELEASED_2
16:36:16.731 (index):679 THINKING_3
16:36:16.732 (index):669 NODEACCESSRELEASED_4
16:36:16.735 (index):669 NODEACCESSRELEASED_7
16:36:16.872 (index):687 UPDATE_0
16:36:16.973 (index):669 NODEACCESSRELEASED_0
16:36:17.044 (index):687 UPDATE_5
16:36:17.145 (index):669 NODEACCESSRELEASED_5
16:36:17.350 (index):687 UPDATE_6
16:36:17.451 (index):669 NODEACCESSRELEASED_6
16:36:17.573 (index):687 UPDATE_1
16:36:17.674 (index):679 THINKING_1
16:36:17.731 (index):699 NODEACCESSREQUESTED_2
16:36:17.733 (index):699 NODEACCESSREQUESTED_4
16:36:17.736 (index):699 NODEACCESSREQUESTED_7
16:36:17.974 (index):699 NODEACCESSREQUESTED_0
16:36:18.147 (index):699 NODEACCESSREQUESTED_5
16:36:18.452 (index):699 NODEACCESSREQUESTED_6
16:36:18.733 (index):687 UPDATE_2
16:36:18.734 (index):687 UPDATE_4
16:36:18.737 (index):687 UPDATE_7
16:36:18.834 (index):679 THINKING_2
16:36:18.835 (index):669 NODEACCESSRELEASED_4
16:36:18.838 (index):679 THINKING_7
16:36:18.975 (index):687 UPDATE_0
16:36:19.076 (index):669 NODEACCESSRELEASED_0
16:36:19.148 (index):687 UPDATE_5
16:36:19.249 (index):679 THINKING_5
16:36:19.453 (index):687 UPDATE_6
16:36:19.554 (index):669 NODEACCESSRELEASED_6
16:36:19.836 (index):699 NODEACCESSREQUESTED_4
16:36:20.078 (index):699 NODEACCESSREQUESTED_0
16:36:20.555 (index):699 NODEACCESSREQUESTED_6
16:36:20.837 (index):687 UPDATE_4
16:36:20.848 (index):687 UPDATE_3
16:36:20.939 (index):669 NODEACCESSRELEASED_4
16:36:20.949 (index):669 NODEACCESSRELEASED_3
16:36:21.010 (index):687 UPDATE_7
16:36:21.079 (index):687 UPDATE_0
16:36:21.111 (index):669 NODEACCESSRELEASED_7
16:36:21.180 (index):679 THINKING_0
16:36:21.223 (index):687 UPDATE_1
16:36:21.324 (index):679 THINKING_1
16:36:21.553 (index):687 UPDATE_2
16:36:21.557 (index):687 UPDATE_6
16:36:21.655 (index):669 NODEACCESSRELEASED_2
16:36:21.658 (index):669 NODEACCESSRELEASED_6
16:36:21.940 (index):699 NODEACCESSREQUESTED_4
16:36:21.950 (index):699 NODEACCESSREQUESTED_3
16:36:22.113 (index):699 NODEACCESSREQUESTED_7
16:36:22.390 (index):687 UPDATE_5
16:36:22.491 (index):669 NODEACCESSRELEASED_5
16:36:22.656 (index):699 NODEACCESSREQUESTED_2
16:36:22.658 (index):699 NODEACCESSREQUESTED_6
16:36:22.941 (index):687 UPDATE_4
16:36:22.951 (index):687 UPDATE_3
16:36:23.042 (index):679 THINKING_4
16:36:23.052 (index):669 NODEACCESSRELEASED_3
16:36:23.115 (index):687 UPDATE_7
16:36:23.216 (index):679 THINKING_7
16:36:23.492 (index):699 NODEACCESSREQUESTED_5
16:36:23.657 (index):687 UPDATE_2
16:36:23.660 (index):687 UPDATE_6
16:36:23.750 (index):687 UPDATE_0
16:36:23.759 (index):669 NODEACCESSRELEASED_2
16:36:23.761 (index):669 NODEACCESSRELEASED_6
16:36:23.851 (index):679 THINKING_0
16:36:24.054 (index):699 NODEACCESSREQUESTED_3
16:36:24.493 (index):687 UPDATE_5
16:36:24.594 (index):679 THINKING_5
16:36:24.760 (index):699 NODEACCESSREQUESTED_2
16:36:24.762 (index):699 NODEACCESSREQUESTED_6
16:36:25.054 (index):687 UPDATE_3
16:36:25.156 (index):669 NODEACCESSRELEASED_3
16:36:25.480 (index):687 UPDATE_4
16:36:25.581 (index):669 NODEACCESSRELEASED_4
16:36:25.717 (index):687 UPDATE_1
16:36:25.761 (index):687 UPDATE_2
16:36:25.763 (index):687 UPDATE_6
16:36:25.818 (index):669 NODEACCESSRELEASED_1
16:36:25.863 (index):679 THINKING_2
16:36:25.864 (index):679 THINKING_6
16:36:26.157 (index):699 NODEACCESSREQUESTED_3
16:36:26.582 (index):699 NODEACCESSREQUESTED_4
16:36:26.820 (index):699 NODEACCESSREQUESTED_1
16:36:27.158 (index):687 UPDATE_3
16:36:27.259 (index):669 NODEACCESSRELEASED_3
16:36:27.584 (index):687 UPDATE_4
16:36:27.685 (index):679 THINKING_4
16:36:27.821 (index):687 UPDATE_1
16:36:27.854 (index):687 UPDATE_7
16:36:27.922 (index):679 THINKING_1
16:36:27.955 (index):669 NODEACCESSRELEASED_7
16:36:28.136 (index):687 UPDATE_6
16:36:28.237 (index):679 THINKING_6
16:36:28.261 (index):699 NODEACCESSREQUESTED_3
16:36:28.414 (index):687 UPDATE_2
16:36:28.516 (index):679 THINKING_2
16:36:28.794 (index):687 UPDATE_0
16:36:28.895 (index):669 NODEACCESSRELEASED_0
16:36:28.956 (index):699 NODEACCESSREQUESTED_7
16:36:29.177 (index):687 UPDATE_5
16:36:29.262 (index):687 UPDATE_3
16:36:29.278 (index):679 THINKING_5
16:36:29.363 (index):669 NODEACCESSRELEASED_3
16:36:29.896 (index):699 NODEACCESSREQUESTED_0
16:36:29.958 (index):687 UPDATE_7
16:36:30.059 (index):669 NODEACCESSRELEASED_7
16:36:30.234 (index):687 UPDATE_1
16:36:30.335 (index):669 NODEACCESSRELEASED_1
16:36:30.364 (index):699 NODEACCESSREQUESTED_3
16:36:30.743 (index):687 UPDATE_2
16:36:30.844 (index):679 THINKING_2
16:36:30.898 (index):687 UPDATE_0
16:36:30.999 (index):679 THINKING_0
16:36:31.060 (index):699 NODEACCESSREQUESTED_7
16:36:31.191 (index):687 UPDATE_6
16:36:31.292 (index):669 NODEACCESSRELEASED_6
16:36:31.320 (index):687 UPDATE_5
16:36:31.337 (index):699 NODEACCESSREQUESTED_1
16:36:31.365 (index):687 UPDATE_3
16:36:31.421 (index):669 NODEACCESSRELEASED_5
16:36:31.466 (index):679 THINKING_3
16:36:31.894 (index):687 UPDATE_4
16:36:31.995 (index):679 THINKING_4
16:36:32.062 (index):687 UPDATE_7
16:36:32.163 (index):669 NODEACCESSRELEASED_7
16:36:32.293 (index):699 NODEACCESSREQUESTED_6
16:36:32.338 (index):687 UPDATE_1
16:36:32.423 (index):699 NODEACCESSREQUESTED_5
16:36:32.439 (index):679 THINKING_1
16:36:33.155 (index):687 UPDATE_0
16:36:33.164 (index):699 NODEACCESSREQUESTED_7
16:36:33.256 (index):669 NODEACCESSRELEASED_0
16:36:33.295 (index):687 UPDATE_6
16:36:33.396 (index):669 NODEACCESSRELEASED_6
16:36:33.424 (index):687 UPDATE_5
16:36:33.525 (index):679 THINKING_5
16:36:33.873 (index):687 UPDATE_3
16:36:33.975 (index):669 NODEACCESSRELEASED_3
16:36:34.165 (index):687 UPDATE_7
16:36:34.258 (index):699 NODEACCESSREQUESTED_0
16:36:34.266 (index):669 NODEACCESSRELEASED_7
16:36:34.398 (index):699 NODEACCESSREQUESTED_6
16:36:34.976 (index):699 NODEACCESSREQUESTED_3
16:36:35.259 (index):687 UPDATE_0
16:36:35.268 (index):699 NODEACCESSREQUESTED_7
16:36:35.360 (index):669 NODEACCESSRELEASED_0
16:36:35.369 (index):687 UPDATE_1
16:36:35.398 (index):687 UPDATE_6
16:36:35.470 (index):679 THINKING_1
16:36:35.500 (index):669 NODEACCESSRELEASED_6
16:36:35.699 (index):687 UPDATE_2
16:36:35.800 (index):669 NODEACCESSRELEASED_2
16:36:35.954 (index):687 UPDATE_4
16:36:35.977 (index):687 UPDATE_3
16:36:36.055 (index):679 THINKING_4
16:36:36.078 (index):669 NODEACCESSRELEASED_3
16:36:36.268 (index):687 UPDATE_7
16:36:36.361 (index):699 NODEACCESSREQUESTED_0
16:36:36.370 (index):669 NODEACCESSRELEASED_7
16:36:36.501 (index):699 NODEACCESSREQUESTED_6
16:36:36.802 (index):699 NODEACCESSREQUESTED_2
16:36:37.080 (index):699 NODEACCESSREQUESTED_3
16:36:37.362 (index):687 UPDATE_0
16:36:37.371 (index):699 NODEACCESSREQUESTED_7
16:36:37.464 (index):679 THINKING_0
16:36:37.502 (index):687 UPDATE_6
16:36:37.603 (index):669 NODEACCESSRELEASED_6
16:36:37.803 (index):687 UPDATE_2
16:36:37.904 (index):669 NODEACCESSRELEASED_2
16:36:38.081 (index):687 UPDATE_3
16:36:38.182 (index):679 THINKING_3
16:36:38.372 (index):687 UPDATE_7
16:36:38.460 (index):687 UPDATE_5
16:36:38.473 (index):679 THINKING_7
16:36:38.561 (index):669 NODEACCESSRELEASED_5
16:36:38.605 (index):699 NODEACCESSREQUESTED_6
16:36:38.821 (index):687 UPDATE_4
16:36:38.906 (index):699 NODEACCESSREQUESTED_2
16:36:38.922 (index):669 NODEACCESSRELEASED_4
16:36:39.563 (index):699 NODEACCESSREQUESTED_5
16:36:39.606 (index):687 UPDATE_6
16:36:39.707 (index):669 NODEACCESSRELEASED_6
16:36:39.907 (index):687 UPDATE_2
16:36:39.923 (index):699 NODEACCESSREQUESTED_4
16:36:40.008 (index):669 NODEACCESSRELEASED_2
16:36:40.080 (index):687 UPDATE_1
16:36:40.181 (index):679 THINKING_1
16:36:40.520 (index):687 UPDATE_3
16:36:40.563 (index):687 UPDATE_5
16:36:40.621 (index):669 NODEACCESSRELEASED_3
16:36:40.665 (index):669 NODEACCESSRELEASED_5
16:36:40.709 (index):699 NODEACCESSREQUESTED_6
16:36:40.925 (index):687 UPDATE_4
16:36:41.009 (index):699 NODEACCESSREQUESTED_2
16:36:41.026 (index):669 NODEACCESSRELEASED_4
16:36:41.459 (index):687 UPDATE_0
16:36:41.560 (index):669 NODEACCESSRELEASED_0
16:36:41.622 (index):699 NODEACCESSREQUESTED_3
16:36:41.666 (index):699 NODEACCESSREQUESTED_5
16:36:41.710 (index):687 UPDATE_6
16:36:41.811 (index):728 END_6
16:36:41.909 (index):687 UPDATE_7
16:36:42.010 (index):687 UPDATE_2
16:36:42.011 (index):669 NODEACCESSRELEASED_7
16:36:42.027 (index):699 NODEACCESSREQUESTED_4
16:36:42.111 (index):669 NODEACCESSRELEASED_2
16:36:42.561 (index):699 NODEACCESSREQUESTED_0
16:36:42.623 (index):687 UPDATE_3
16:36:42.667 (index):687 UPDATE_5
16:36:42.724 (index):728 END_3
16:36:42.768 (index):669 NODEACCESSRELEASED_5
16:36:43.012 (index):699 NODEACCESSREQUESTED_7
16:36:43.027 (index):687 UPDATE_4
16:36:43.112 (index):699 NODEACCESSREQUESTED_2
16:36:43.128 (index):679 THINKING_4
16:36:43.562 (index):687 UPDATE_0
16:36:43.663 (index):669 NODEACCESSRELEASED_0
16:36:43.769 (index):699 NODEACCESSREQUESTED_5
16:36:44.013 (index):687 UPDATE_7
16:36:44.113 (index):687 UPDATE_2
16:36:44.114 (index):728 END_7
16:36:44.214 (index):728 END_2
16:36:44.373 (index):687 UPDATE_1
16:36:44.474 (index):669 NODEACCESSRELEASED_1
16:36:44.664 (index):699 NODEACCESSREQUESTED_0
16:36:44.771 (index):687 UPDATE_5
16:36:44.871 (index):669 NODEACCESSRELEASED_5
16:36:45.476 (index):699 NODEACCESSREQUESTED_1
16:36:45.665 (index):687 UPDATE_0
16:36:45.767 (index):669 NODEACCESSRELEASED_0
16:36:45.873 (index):699 NODEACCESSREQUESTED_5
16:36:46.477 (index):687 UPDATE_1
16:36:46.578 (index):679 THINKING_1
16:36:46.768 (index):699 NODEACCESSREQUESTED_0
16:36:46.874 (index):687 UPDATE_5
16:36:46.975 (index):728 END_5
16:36:47.518 (index):687 UPDATE_4
16:36:47.619 (index):728 END_4
16:36:47.769 (index):687 UPDATE_0
16:36:47.870 (index):728 END_0
16:36:48.757 (index):687 UPDATE_1
16:36:48.858 (index):669 NODEACCESSRELEASED_1
16:36:49.859 (index):699 NODEACCESSREQUESTED_1
16:36:50.860 (index):687 UPDATE_1
16:36:50.961 (index):728 END_1
