16:30:49.235 (index):773 Tasks: 25; Collaborators: 2    =========================>
16:30:49.236 (index):699 NODEACCESSREQUESTED_0
16:30:49.237 (index):699 NODEACCESSREQUESTED_1
16:30:51.228 (index):679 THINKING_0
16:30:51.230 (index):679 THINKING_1
16:30:54.226 (index):687 UPDATE_1
16:30:55.227 (index):669 NODEACCESSRELEASED_1
16:30:56.227 (index):687 UPDATE_0
16:30:57.226 (index):699 NODEACCESSREQUESTED_1
16:30:57.227 (index):669 NODEACCESSRELEASED_0
16:30:59.226 (index):687 UPDATE_1
16:30:59.227 (index):699 NODEACCESSREQUESTED_0
16:31:00.226 (index):679 THINKING_1
16:31:01.226 (index):687 UPDATE_0
16:31:02.226 (index):669 NODEACCESSRELEASED_0
16:31:04.226 (index):699 NODEACCESSREQUESTED_0
16:31:04.227 (index):687 UPDATE_1
16:31:05.226 (index):679 THINKING_1
16:31:06.227 (index):687 UPDATE_0
16:31:07.226 (index):679 THINKING_0
16:31:10.226 (index):687 UPDATE_1
16:31:10.227 (index):687 UPDATE_0
16:31:11.226 (index):669 NODEACCESSRELEASED_1
16:31:11.228 (index):679 THINKING_0
16:31:13.226 (index):699 NODEACCESSREQUESTED_1
16:31:15.226 (index):687 UPDATE_1
16:31:16.226 (index):679 THINKING_1
16:31:16.228 (index):687 UPDATE_0
16:31:17.226 (index):669 NODEACCESSRELEASED_0
16:31:18.264 (index):699 NODEACCESSREQUESTED_0
16:31:18.538 (index):687 UPDATE_1
16:31:18.639 (index):669 NODEACCESSRELEASED_1
16:31:19.269 (index):687 UPDATE_0
16:31:19.369 (index):679 THINKING_0
16:31:19.641 (index):699 NODEACCESSREQUESTED_1
16:31:20.642 (index):687 UPDATE_1
16:31:20.743 (index):679 THINKING_1
16:31:21.526 (index):687 UPDATE_0
16:31:21.631 (index):669 NODEACCESSRELEASED_0
16:31:22.631 (index):699 NODEACCESSREQUESTED_0
16:31:23.632 (index):687 UPDATE_0
16:31:23.674 (index):687 UPDATE_1
16:31:23.734 (index):669 NODEACCESSRELEASED_0
16:31:23.775 (index):679 THINKING_1
16:31:24.735 (index):699 NODEACCESSREQUESTED_0
16:31:25.736 (index):687 UPDATE_0
16:31:25.838 (index):679 THINKING_0
16:31:28.385 (index):687 UPDATE_1
16:31:28.486 (index):679 THINKING_1
16:31:29.833 (index):687 UPDATE_0
16:31:29.934 (index):669 NODEACCESSRELEASED_0
16:31:30.935 (index):699 NODEACCESSREQUESTED_0
16:31:31.936 (index):687 UPDATE_0
16:31:32.037 (index):669 NODEACCESSRELEASED_0
16:31:32.679 (index):687 UPDATE_1
16:31:32.780 (index):669 NODEACCESSRELEASED_1
16:31:33.038 (index):699 NODEACCESSREQUESTED_0
16:31:33.781 (index):699 NODEACCESSREQUESTED_1
16:31:34.039 (index):687 UPDATE_0
16:31:34.140 (index):669 NODEACCESSRELEASED_0
16:31:34.782 (index):687 UPDATE_1
16:31:34.883 (index):679 THINKING_1
16:31:35.142 (index):699 NODEACCESSREQUESTED_0
16:31:36.142 (index):687 UPDATE_0
16:31:36.244 (index):728 END_0
16:31:37.061 (index):687 UPDATE_1
16:31:37.163 (index):669 NODEACCESSRELEASED_1
16:31:38.164 (index):699 NODEACCESSREQUESTED_1
16:31:39.165 (index):687 UPDATE_1
16:31:39.266 (index):728 END_1
