16:29:50.113 fiddle.jshell.net/:760 Tasks: 25; Collaborators: 1    =========================>
16:29:50.114 fiddle.jshell.net/:699 NODEACCESSREQUESTED_0
16:29:51.114 fiddle.jshell.net/:679 THINKING_0
16:29:55.463 (index):687 UPDATE_0
16:29:55.563 (index):669 NODEACCESSRELEASED_0
16:29:56.565 (index):699 NODEACCESSREQUESTED_0
16:29:57.566 (index):687 UPDATE_0
16:29:57.666 (index):669 NODEACCESSRELEASED_0
16:29:58.667 (index):699 NODEACCESSREQUESTED_0
16:29:59.667 (index):687 UPDATE_0
16:29:59.768 (index):679 THINKING_0
16:30:03.226 (index):687 UPDATE_0
16:30:04.226 (index):679 THINKING_0
16:30:09.232 (index):687 UPDATE_0
16:30:10.226 (index):669 NODEACCESSRELEASED_0
16:30:12.226 (index):699 NODEACCESSREQUESTED_0
16:30:14.226 (index):687 UPDATE_0
16:30:15.230 (index):679 THINKING_0
16:30:18.226 (index):687 UPDATE_0
16:30:19.226 (index):669 NODEACCESSRELEASED_0
16:30:21.226 (index):699 NODEACCESSREQUESTED_0
16:30:23.226 (index):687 UPDATE_0
16:30:24.226 (index):669 NODEACCESSRELEASED_0
16:30:26.227 (index):699 NODEACCESSREQUESTED_0
16:30:28.227 (index):687 UPDATE_0
16:30:29.226 (index):679 THINKING_0
16:30:33.226 (index):687 UPDATE_0
16:30:34.229 (index):669 NODEACCESSRELEASED_0
16:30:36.226 (index):699 NODEACCESSREQUESTED_0
16:30:38.226 (index):687 UPDATE_0
16:30:39.226 (index):669 NODEACCESSRELEASED_0
16:30:41.226 (index):699 NODEACCESSREQUESTED_0
16:30:43.226 (index):687 UPDATE_0
16:30:44.226 (index):669 NODEACCESSRELEASED_0
16:30:46.226 (index):699 NODEACCESSREQUESTED_0
16:30:48.226 (index):687 UPDATE_0
16:30:49.228 (index):728 END_0
