16:44:24.229 (index):1053 Tasks: 25; Collaborators: 16    =========================>
16:44:24.229 (index):699 NODEACCESSREQUESTED_0
16:44:24.230 (index):699 NODEACCESSREQUESTED_1
16:44:24.231 (index):699 NODEACCESSREQUESTED_2
16:44:24.232 (index):699 NODEACCESSREQUESTED_3
16:44:24.232 (index):699 NODEACCESSREQUESTED_4
16:44:24.233 (index):699 NODEACCESSREQUESTED_5
16:44:24.234 (index):699 NODEACCESSREQUESTED_6
16:44:24.234 (index):699 NODEACCESSREQUESTED_7
16:44:24.235 (index):699 NODEACCESSREQUESTED_8
16:44:24.235 (index):699 NODEACCESSREQUESTED_9
16:44:24.236 (index):699 NODEACCESSREQUESTED_10
16:44:24.236 (index):699 NODEACCESSREQUESTED_11
16:44:24.237 (index):699 NODEACCESSREQUESTED_12
16:44:24.237 (index):699 NODEACCESSREQUESTED_13
16:44:24.238 (index):699 NODEACCESSREQUESTED_14
16:44:24.238 (index):699 NODEACCESSREQUESTED_15
16:44:26.226 (index):679 THINKING_0
16:44:26.227 (index):679 THINKING_1
16:44:26.227 (index):669 NODEACCESSRELEASED_2
16:44:26.228 (index):669 NODEACCESSRELEASED_3
16:44:26.228 (index):669 NODEACCESSRELEASED_4
16:44:26.229 (index):669 NODEACCESSRELEASED_5
16:44:26.230 (index):679 THINKING_6
16:44:26.231 (index):669 NODEACCESSRELEASED_7
16:44:26.232 (index):679 THINKING_8
16:44:26.233 (index):669 NODEACCESSRELEASED_9
16:44:26.234 (index):669 NODEACCESSRELEASED_10
16:44:26.236 (index):679 THINKING_11
16:44:26.237 (index):669 NODEACCESSRELEASED_12
16:44:26.238 (index):679 THINKING_13
16:44:26.239 (index):679 THINKING_14
16:44:26.239 (index):679 THINKING_15
16:44:28.226 (index):699 NODEACCESSREQUESTED_2
16:44:28.228 (index):699 NODEACCESSREQUESTED_3
16:44:28.229 (index):699 NODEACCESSREQUESTED_4
16:44:28.231 (index):699 NODEACCESSREQUESTED_5
16:44:28.232 (index):699 NODEACCESSREQUESTED_7
16:44:28.233 (index):699 NODEACCESSREQUESTED_9
16:44:28.234 (index):699 NODEACCESSREQUESTED_10
16:44:28.235 (index):699 NODEACCESSREQUESTED_12
16:44:29.226 (index):687 UPDATE_8
16:44:29.227 (index):687 UPDATE_11
16:44:29.227 (index):687 UPDATE_6
16:44:29.228 (index):687 UPDATE_1
16:44:30.226 (index):687 UPDATE_2
16:44:30.227 (index):687 UPDATE_3
16:44:30.227 (index):687 UPDATE_4
16:44:30.228 (index):687 UPDATE_5
16:44:30.229 (index):687 UPDATE_7
16:44:30.230 (index):687 UPDATE_9
16:44:30.231 (index):687 UPDATE_10
16:44:30.232 (index):687 UPDATE_12
16:44:30.233 (index):679 THINKING_8
16:44:30.234 (index):679 THINKING_11
16:44:30.234 (index):669 NODEACCESSRELEASED_6
16:44:30.235 (index):669 NODEACCESSRELEASED_1
16:44:30.235 (index):687 UPDATE_15
16:44:31.226 (index):669 NODEACCESSRELEASED_2
16:44:31.227 (index):669 NODEACCESSRELEASED_3
16:44:31.228 (index):669 NODEACCESSRELEASED_4
16:44:31.229 (index):679 THINKING_5
16:44:31.230 (index):669 NODEACCESSRELEASED_7
16:44:31.231 (index):679 THINKING_9
16:44:31.231 (index):679 THINKING_10
16:44:31.232 (index):669 NODEACCESSRELEASED_12
16:44:31.233 (index):669 NODEACCESSRELEASED_15
16:44:31.234 (index):687 UPDATE_13
16:44:31.235 (index):687 UPDATE_0
16:44:31.236 (index):687 UPDATE_14
16:44:32.226 (index):699 NODEACCESSREQUESTED_6
16:44:32.227 (index):699 NODEACCESSREQUESTED_1
16:44:32.228 (index):669 NODEACCESSRELEASED_13
16:44:32.229 (index):669 NODEACCESSRELEASED_0
16:44:32.231 (index):669 NODEACCESSRELEASED_14
16:44:33.226 (index):699 NODEACCESSREQUESTED_2
16:44:33.227 (index):699 NODEACCESSREQUESTED_3
16:44:33.228 (index):699 NODEACCESSREQUESTED_4
16:44:33.229 (index):699 NODEACCESSREQUESTED_7
16:44:33.230 (index):699 NODEACCESSREQUESTED_12
16:44:33.231 (index):699 NODEACCESSREQUESTED_15
16:44:34.227 (index):687 UPDATE_6
16:44:34.228 (index):687 UPDATE_1
16:44:34.228 (index):699 NODEACCESSREQUESTED_13
16:44:34.229 (index):699 NODEACCESSREQUESTED_0
16:44:34.230 (index):699 NODEACCESSREQUESTED_14
16:44:34.231 (index):687 UPDATE_10
16:44:34.232 (index):687 UPDATE_11
16:44:34.233 (index):687 UPDATE_5
16:44:35.226 (index):687 UPDATE_2
16:44:35.228 (index):687 UPDATE_3
16:44:35.228 (index):687 UPDATE_4
16:44:35.229 (index):687 UPDATE_7
16:44:35.229 (index):687 UPDATE_12
16:44:35.231 (index):687 UPDATE_15
16:44:35.232 (index):669 NODEACCESSRELEASED_6
16:44:35.233 (index):679 THINKING_1
16:44:35.234 (index):669 NODEACCESSRELEASED_10
16:44:35.236 (index):669 NODEACCESSRELEASED_11
16:44:35.237 (index):669 NODEACCESSRELEASED_5
16:44:35.238 (index):687 UPDATE_8
16:44:36.226 (index):687 UPDATE_13
16:44:36.227 (index):687 UPDATE_0
16:44:36.228 (index):687 UPDATE_14
16:44:36.228 (index):669 NODEACCESSRELEASED_2
16:44:36.229 (index):679 THINKING_3
16:44:36.230 (index):669 NODEACCESSRELEASED_4
16:44:36.231 (index):669 NODEACCESSRELEASED_7
16:44:36.232 (index):669 NODEACCESSRELEASED_12
16:44:36.233 (index):669 NODEACCESSRELEASED_15
16:44:36.234 (index):669 NODEACCESSRELEASED_8
16:44:36.234 (index):687 UPDATE_9
16:44:37.226 (index):699 NODEACCESSREQUESTED_6
16:44:37.228 (index):699 NODEACCESSREQUESTED_10
16:44:37.229 (index):699 NODEACCESSREQUESTED_11
16:44:37.230 (index):699 NODEACCESSREQUESTED_5
16:44:37.231 (index):669 NODEACCESSRELEASED_13
16:44:37.232 (index):669 NODEACCESSRELEASED_0
16:44:37.233 (index):679 THINKING_14
16:44:37.234 (index):679 THINKING_9
16:44:38.226 (index):699 NODEACCESSREQUESTED_2
16:44:38.227 (index):699 NODEACCESSREQUESTED_4
16:44:38.228 (index):699 NODEACCESSREQUESTED_7
16:44:38.229 (index):699 NODEACCESSREQUESTED_12
16:44:38.230 (index):699 NODEACCESSREQUESTED_15
16:44:38.231 (index):699 NODEACCESSREQUESTED_8
16:44:39.226 (index):687 UPDATE_6
16:44:39.227 (index):687 UPDATE_10
16:44:39.228 (index):687 UPDATE_11
16:44:39.229 (index):687 UPDATE_5
16:44:39.230 (index):699 NODEACCESSREQUESTED_13
16:44:39.231 (index):699 NODEACCESSREQUESTED_0
16:44:39.232 (index):687 UPDATE_1
16:44:40.226 (index):687 UPDATE_2
16:44:40.227 (index):687 UPDATE_4
16:44:40.228 (index):687 UPDATE_7
16:44:40.228 (index):687 UPDATE_12
16:44:40.229 (index):687 UPDATE_15
16:44:40.230 (index):687 UPDATE_8
16:44:40.231 (index):669 NODEACCESSRELEASED_6
16:44:40.232 (index):679 THINKING_10
16:44:40.233 (index):669 NODEACCESSRELEASED_11
16:44:40.234 (index):679 THINKING_5
16:44:40.235 (index):679 THINKING_1
16:44:40.236 (index):687 UPDATE_9
16:44:41.227 (index):687 UPDATE_13
16:44:41.228 (index):687 UPDATE_0
16:44:41.229 (index):687 UPDATE_14
16:44:41.230 (index):679 THINKING_2
16:44:41.231 (index):669 NODEACCESSRELEASED_4
16:44:41.232 (index):679 THINKING_7
16:44:41.233 (index):679 THINKING_12
16:44:41.234 (index):679 THINKING_15
16:44:41.235 (index):679 THINKING_8
16:44:41.236 (index):669 NODEACCESSRELEASED_9
16:44:41.236 (index):687 UPDATE_3
16:44:42.227 (index):699 NODEACCESSREQUESTED_6
16:44:42.228 (index):699 NODEACCESSREQUESTED_11
16:44:42.229 (index):669 NODEACCESSRELEASED_13
16:44:42.231 (index):679 THINKING_0
16:44:42.232 (index):669 NODEACCESSRELEASED_14
16:44:42.233 (index):669 NODEACCESSRELEASED_3
16:44:43.226 (index):699 NODEACCESSREQUESTED_4
16:44:43.227 (index):699 NODEACCESSREQUESTED_9
16:44:43.227 (index):687 UPDATE_10
16:44:44.226 (index):687 UPDATE_6
16:44:44.227 (index):687 UPDATE_11
16:44:44.227 (index):699 NODEACCESSREQUESTED_13
16:44:44.228 (index):699 NODEACCESSREQUESTED_14
16:44:44.229 (index):699 NODEACCESSREQUESTED_3
16:44:44.229 (index):669 NODEACCESSRELEASED_10
16:44:44.230 (index):687 UPDATE_5
16:44:44.231 (index):687 UPDATE_7
16:44:44.231 (index):687 UPDATE_2
16:44:45.226 (index):687 UPDATE_4
16:44:45.228 (index):687 UPDATE_9
16:44:45.229 (index):669 NODEACCESSRELEASED_6
16:44:45.230 (index):669 NODEACCESSRELEASED_11
16:44:45.231 (index):669 NODEACCESSRELEASED_5
16:44:45.232 (index):669 NODEACCESSRELEASED_7
16:44:45.233 (index):669 NODEACCESSRELEASED_2
16:44:45.234 (index):687 UPDATE_1
16:44:45.235 (index):687 UPDATE_0
16:44:46.227 (index):687 UPDATE_13
16:44:46.228 (index):687 UPDATE_14
16:44:46.229 (index):687 UPDATE_3
16:44:46.229 (index):699 NODEACCESSREQUESTED_10
16:44:46.230 (index):669 NODEACCESSRELEASED_4
16:44:46.230 (index):669 NODEACCESSRELEASED_9
16:44:46.231 (index):669 NODEACCESSRELEASED_1
16:44:46.231 (index):679 THINKING_0
16:44:46.232 (index):687 UPDATE_15
16:44:46.232 (index):687 UPDATE_8
16:44:46.233 (index):687 UPDATE_12
16:44:47.226 (index):699 NODEACCESSREQUESTED_6
16:44:47.227 (index):699 NODEACCESSREQUESTED_11
16:44:47.228 (index):699 NODEACCESSREQUESTED_5
16:44:47.229 (index):699 NODEACCESSREQUESTED_7
16:44:47.230 (index):699 NODEACCESSREQUESTED_2
16:44:47.231 (index):669 NODEACCESSRELEASED_13
16:44:47.233 (index):669 NODEACCESSRELEASED_14
16:44:47.234 (index):669 NODEACCESSRELEASED_3
16:44:47.235 (index):679 THINKING_15
16:44:47.236 (index):669 NODEACCESSRELEASED_8
16:44:47.237 (index):669 NODEACCESSRELEASED_12
16:44:48.226 (index):687 UPDATE_10
16:44:48.227 (index):699 NODEACCESSREQUESTED_4
16:44:48.228 (index):699 NODEACCESSREQUESTED_9
16:44:48.229 (index):699 NODEACCESSREQUESTED_1
16:44:49.226 (index):687 UPDATE_6
16:44:49.227 (index):687 UPDATE_11
16:44:49.228 (index):687 UPDATE_5
16:44:49.229 (index):687 UPDATE_7
16:44:49.230 (index):687 UPDATE_2
16:44:49.231 (index):699 NODEACCESSREQUESTED_13
16:44:49.232 (index):699 NODEACCESSREQUESTED_14
16:44:49.233 (index):699 NODEACCESSREQUESTED_3
16:44:49.235 (index):699 NODEACCESSREQUESTED_8
16:44:49.235 (index):699 NODEACCESSREQUESTED_12
16:44:49.236 (index):679 THINKING_10
16:44:50.226 (index):687 UPDATE_4
16:44:50.227 (index):687 UPDATE_9
16:44:50.227 (index):687 UPDATE_1
16:44:50.228 (index):669 NODEACCESSRELEASED_6
16:44:50.229 (index):679 THINKING_11
16:44:50.229 (index):679 THINKING_5
16:44:50.229 (index):679 THINKING_7
16:44:50.230 (index):669 NODEACCESSRELEASED_2
16:44:50.230 (index):687 UPDATE_15
16:44:51.226 (index):687 UPDATE_13
16:44:51.227 (index):687 UPDATE_14
16:44:51.228 (index):687 UPDATE_3
16:44:51.228 (index):687 UPDATE_8
16:44:51.229 (index):687 UPDATE_12
16:44:51.229 (index):679 THINKING_4
16:44:51.230 (index):669 NODEACCESSRELEASED_9
16:44:51.231 (index):679 THINKING_1
16:44:51.232 (index):669 NODEACCESSRELEASED_15
16:44:51.232 (index):687 UPDATE_0
16:44:52.226 (index):699 NODEACCESSREQUESTED_6
16:44:52.228 (index):699 NODEACCESSREQUESTED_2
16:44:52.229 (index):669 NODEACCESSRELEASED_13
16:44:52.230 (index):669 NODEACCESSRELEASED_14
16:44:52.232 (index):669 NODEACCESSRELEASED_3
16:44:52.233 (index):669 NODEACCESSRELEASED_8
16:44:52.234 (index):669 NODEACCESSRELEASED_12
16:44:52.235 (index):669 NODEACCESSRELEASED_0
16:44:53.226 (index):699 NODEACCESSREQUESTED_9
16:44:53.227 (index):699 NODEACCESSREQUESTED_15
16:44:54.227 (index):687 UPDATE_6
16:44:54.228 (index):687 UPDATE_2
16:44:54.229 (index):699 NODEACCESSREQUESTED_13
16:44:54.230 (index):699 NODEACCESSREQUESTED_14
16:44:54.231 (index):699 NODEACCESSREQUESTED_3
16:44:54.232 (index):699 NODEACCESSREQUESTED_8
16:44:54.233 (index):699 NODEACCESSREQUESTED_12
16:44:54.234 (index):699 NODEACCESSREQUESTED_0
16:44:54.234 (index):687 UPDATE_1
16:44:54.235 (index):687 UPDATE_4
16:44:54.235 (index):687 UPDATE_10
16:44:55.226 (index):687 UPDATE_9
16:44:55.228 (index):687 UPDATE_15
16:44:55.229 (index):679 THINKING_6
16:44:55.230 (index):679 THINKING_2
16:44:55.232 (index):669 NODEACCESSRELEASED_1
16:44:55.233 (index):669 NODEACCESSRELEASED_4
16:44:55.234 (index):669 NODEACCESSRELEASED_10
16:44:55.235 (index):687 UPDATE_11
16:44:55.236 (index):687 UPDATE_5
16:44:55.237 (index):687 UPDATE_7
16:44:56.226 (index):687 UPDATE_13
16:44:56.227 (index):687 UPDATE_14
16:44:56.229 (index):687 UPDATE_3
16:44:56.230 (index):687 UPDATE_8
16:44:56.232 (index):687 UPDATE_12
16:44:56.233 (index):687 UPDATE_0
16:44:56.234 (index):679 THINKING_9
16:44:56.236 (index):679 THINKING_15
16:44:56.237 (index):669 NODEACCESSRELEASED_11
16:44:56.238 (index):679 THINKING_5
16:44:56.238 (index):669 NODEACCESSRELEASED_7
16:44:57.226 (index):699 NODEACCESSREQUESTED_1
16:44:57.228 (index):699 NODEACCESSREQUESTED_4
16:44:57.229 (index):699 NODEACCESSREQUESTED_10
16:44:57.231 (index):669 NODEACCESSRELEASED_13
16:44:57.232 (index):669 NODEACCESSRELEASED_14
16:44:57.233 (index):669 NODEACCESSRELEASED_3
16:44:57.234 (index):679 THINKING_8
16:44:57.234 (index):669 NODEACCESSRELEASED_12
16:44:57.235 (index):679 THINKING_0
16:44:58.226 (index):699 NODEACCESSREQUESTED_11
16:44:58.227 (index):699 NODEACCESSREQUESTED_7
16:44:58.228 (index):687 UPDATE_6
16:44:58.229 (index):687 UPDATE_2
16:44:59.226 (index):687 UPDATE_1
16:44:59.227 (index):687 UPDATE_4
16:44:59.228 (index):687 UPDATE_10
16:44:59.229 (index):699 NODEACCESSREQUESTED_13
16:44:59.230 (index):699 NODEACCESSREQUESTED_14
16:44:59.231 (index):699 NODEACCESSREQUESTED_3
16:44:59.232 (index):699 NODEACCESSREQUESTED_12
16:44:59.233 (index):687 UPDATE_5
16:44:59.234 (index):679 THINKING_6
16:44:59.236 (index):679 THINKING_2
16:44:59.237 (index):687 UPDATE_15
16:45:00.226 (index):687 UPDATE_11
16:45:00.227 (index):687 UPDATE_7
16:45:00.228 (index):679 THINKING_1
16:45:00.229 (index):679 THINKING_4
16:45:00.230 (index):679 THINKING_10
16:45:00.231 (index):669 NODEACCESSRELEASED_5
16:45:00.232 (index):679 THINKING_15
16:45:00.233 (index):687 UPDATE_9
16:45:00.234 (index):687 UPDATE_0
16:45:01.226 (index):687 UPDATE_13
16:45:01.227 (index):687 UPDATE_14
16:45:01.228 (index):687 UPDATE_3
16:45:01.228 (index):687 UPDATE_12
16:45:01.229 (index):669 NODEACCESSRELEASED_11
16:45:01.229 (index):669 NODEACCESSRELEASED_7
16:45:01.230 (index):669 NODEACCESSRELEASED_9
16:45:01.231 (index):669 NODEACCESSRELEASED_0
16:45:01.232 (index):687 UPDATE_8
16:45:02.226 (index):699 NODEACCESSREQUESTED_5
16:45:02.227 (index):669 NODEACCESSRELEASED_13
16:45:02.228 (index):679 THINKING_14
16:45:02.228 (index):669 NODEACCESSRELEASED_3
16:45:02.229 (index):669 NODEACCESSRELEASED_12
16:45:02.230 (index):669 NODEACCESSRELEASED_8
16:45:02.231 (index):687 UPDATE_2
16:45:02.232 (index):687 UPDATE_6
16:45:03.226 (index):699 NODEACCESSREQUESTED_11
16:45:03.228 (index):699 NODEACCESSREQUESTED_7
16:45:03.229 (index):699 NODEACCESSREQUESTED_9
16:45:03.231 (index):699 NODEACCESSREQUESTED_0
16:45:03.232 (index):679 THINKING_2
16:45:03.233 (index):669 NODEACCESSRELEASED_6
16:45:03.234 (index):687 UPDATE_15
16:45:03.234 (index):687 UPDATE_1
16:45:04.226 (index):687 UPDATE_5
16:45:04.227 (index):699 NODEACCESSREQUESTED_13
16:45:04.228 (index):699 NODEACCESSREQUESTED_3
16:45:04.229 (index):699 NODEACCESSREQUESTED_12
16:45:04.230 (index):699 NODEACCESSREQUESTED_8
16:45:04.231 (index):669 NODEACCESSRELEASED_15
16:45:04.232 (index):679 THINKING_1
16:45:04.233 (index):687 UPDATE_10
16:45:05.226 (index):687 UPDATE_11
16:45:05.227 (index):687 UPDATE_7
16:45:05.227 (index):687 UPDATE_9
16:45:05.228 (index):687 UPDATE_0
16:45:05.228 (index):699 NODEACCESSREQUESTED_6
16:45:05.229 (index):679 THINKING_5
16:45:05.229 (index):669 NODEACCESSRELEASED_10
16:45:05.231 (index):687 UPDATE_4
16:45:05.232 (index):687 UPDATE_14
16:45:06.226 (index):687 UPDATE_13
16:45:06.227 (index):687 UPDATE_3
16:45:06.227 (index):687 UPDATE_12
16:45:06.228 (index):687 UPDATE_8
16:45:06.229 (index):699 NODEACCESSREQUESTED_15
16:45:06.229 (index):669 NODEACCESSRELEASED_11
16:45:06.229 (index):669 NODEACCESSRELEASED_7
16:45:06.230 (index):669 NODEACCESSRELEASED_9
16:45:06.231 (index):669 NODEACCESSRELEASED_0
16:45:06.232 (index):679 THINKING_4
16:45:06.233 (index):669 NODEACCESSRELEASED_14
16:45:07.226 (index):687 UPDATE_6
16:45:07.228 (index):699 NODEACCESSREQUESTED_10
16:45:07.229 (index):669 NODEACCESSRELEASED_13
16:45:07.230 (index):679 THINKING_3
16:45:07.231 (index):669 NODEACCESSRELEASED_12
16:45:07.232 (index):669 NODEACCESSRELEASED_8
16:45:08.226 (index):687 UPDATE_15
16:45:08.227 (index):699 NODEACCESSREQUESTED_11
16:45:08.228 (index):699 NODEACCESSREQUESTED_7
16:45:08.228 (index):699 NODEACCESSREQUESTED_9
16:45:08.229 (index):699 NODEACCESSREQUESTED_0
16:45:08.231 (index):699 NODEACCESSREQUESTED_14
16:45:08.232 (index):669 NODEACCESSRELEASED_6
16:45:08.234 (index):687 UPDATE_2
16:45:09.226 (index):687 UPDATE_10
16:45:09.227 (index):699 NODEACCESSREQUESTED_13
16:45:09.227 (index):699 NODEACCESSREQUESTED_12
16:45:09.228 (index):699 NODEACCESSREQUESTED_8
16:45:09.229 (index):679 THINKING_15
16:45:09.230 (index):669 NODEACCESSRELEASED_2
16:45:09.232 (index):687 UPDATE_1
16:45:10.226 (index):687 UPDATE_11
16:45:10.227 (index):687 UPDATE_7
16:45:10.228 (index):687 UPDATE_9
16:45:10.228 (index):687 UPDATE_0
16:45:10.229 (index):687 UPDATE_14
16:45:10.230 (index):699 NODEACCESSREQUESTED_6
16:45:10.231 (index):679 THINKING_10
16:45:10.232 (index):679 THINKING_1
16:45:10.233 (index):687 UPDATE_3
16:45:10.233 (index):687 UPDATE_5
16:45:10.234 (index):687 UPDATE_4
16:45:11.226 (index):687 UPDATE_13
16:45:11.227 (index):687 UPDATE_12
16:45:11.229 (index):687 UPDATE_8
16:45:11.229 (index):699 NODEACCESSREQUESTED_2
16:45:11.233 (index):679 THINKING_11
16:45:11.234 (index):669 NODEACCESSRELEASED_7
16:45:11.235 (index):679 THINKING_9
16:45:11.235 (index):679 THINKING_0
16:45:11.236 (index):669 NODEACCESSRELEASED_14
16:45:11.237 (index):669 NODEACCESSRELEASED_3
16:45:11.238 (index):669 NODEACCESSRELEASED_5
16:45:11.238 (index):679 THINKING_4
16:45:12.226 (index):687 UPDATE_6
16:45:12.227 (index):669 NODEACCESSRELEASED_13
16:45:12.227 (index):669 NODEACCESSRELEASED_12
16:45:12.228 (index):669 NODEACCESSRELEASED_8
16:45:13.226 (index):687 UPDATE_2
16:45:13.228 (index):699 NODEACCESSREQUESTED_7
16:45:13.228 (index):699 NODEACCESSREQUESTED_14
16:45:13.229 (index):699 NODEACCESSREQUESTED_3
16:45:13.230 (index):699 NODEACCESSREQUESTED_5
16:45:13.231 (index):669 NODEACCESSRELEASED_6
16:45:14.226 (index):699 NODEACCESSREQUESTED_13
16:45:14.227 (index):699 NODEACCESSREQUESTED_12
16:45:14.228 (index):699 NODEACCESSREQUESTED_8
16:45:14.229 (index):669 NODEACCESSRELEASED_2
16:45:14.230 (index):687 UPDATE_15
16:45:14.231 (index):687 UPDATE_4
16:45:15.226 (index):687 UPDATE_7
16:45:15.227 (index):687 UPDATE_14
16:45:15.228 (index):687 UPDATE_3
16:45:15.228 (index):687 UPDATE_5
16:45:15.229 (index):699 NODEACCESSREQUESTED_6
16:45:15.230 (index):669 NODEACCESSRELEASED_15
16:45:15.230 (index):669 NODEACCESSRELEASED_4
16:45:15.231 (index):687 UPDATE_1
16:45:15.233 (index):687 UPDATE_11
16:45:15.234 (index):687 UPDATE_9
16:45:15.235 (index):687 UPDATE_10
16:45:16.226 (index):687 UPDATE_13
16:45:16.227 (index):687 UPDATE_12
16:45:16.228 (index):687 UPDATE_8
16:45:16.229 (index):687 UPDATE_0
16:45:16.230 (index):699 NODEACCESSREQUESTED_2
16:45:16.230 (index):669 NODEACCESSRELEASED_7
16:45:16.231 (index):679 THINKING_14
16:45:16.232 (index):669 NODEACCESSRELEASED_3
16:45:16.233 (index):669 NODEACCESSRELEASED_5
16:45:16.233 (index):669 NODEACCESSRELEASED_1
16:45:16.235 (index):669 NODEACCESSRELEASED_11
16:45:16.236 (index):669 NODEACCESSRELEASED_9
16:45:16.237 (index):669 NODEACCESSRELEASED_10
16:45:17.226 (index):687 UPDATE_6
16:45:17.227 (index):699 NODEACCESSREQUESTED_15
16:45:17.228 (index):699 NODEACCESSREQUESTED_4
16:45:17.229 (index):669 NODEACCESSRELEASED_13
16:45:17.229 (index):679 THINKING_12
16:45:17.230 (index):669 NODEACCESSRELEASED_8
16:45:17.231 (index):669 NODEACCESSRELEASED_0
16:45:18.226 (index):687 UPDATE_2
16:45:18.227 (index):699 NODEACCESSREQUESTED_7
16:45:18.228 (index):699 NODEACCESSREQUESTED_3
16:45:18.229 (index):699 NODEACCESSREQUESTED_5
16:45:18.229 (index):699 NODEACCESSREQUESTED_1
16:45:18.230 (index):699 NODEACCESSREQUESTED_11
16:45:18.231 (index):699 NODEACCESSREQUESTED_9
16:45:18.232 (index):699 NODEACCESSREQUESTED_10
16:45:18.233 (index):669 NODEACCESSRELEASED_6
16:45:19.226 (index):687 UPDATE_15
16:45:19.227 (index):687 UPDATE_4
16:45:19.227 (index):699 NODEACCESSREQUESTED_13
16:45:19.228 (index):699 NODEACCESSREQUESTED_8
16:45:19.228 (index):699 NODEACCESSREQUESTED_0
16:45:19.229 (index):669 NODEACCESSRELEASED_2
16:45:20.226 (index):687 UPDATE_7
16:45:20.227 (index):687 UPDATE_3
16:45:20.229 (index):687 UPDATE_5
16:45:20.230 (index):687 UPDATE_1
16:45:20.231 (index):687 UPDATE_11
16:45:20.232 (index):687 UPDATE_9
16:45:20.233 (index):687 UPDATE_10
16:45:20.234 (index):699 NODEACCESSREQUESTED_6
16:45:20.235 (index):679 THINKING_15
16:45:20.237 (index):669 NODEACCESSRELEASED_4
16:45:20.238 (index):687 UPDATE_14
16:45:21.226 (index):687 UPDATE_13
16:45:21.227 (index):687 UPDATE_8
16:45:21.227 (index):687 UPDATE_0
16:45:21.228 (index):699 NODEACCESSREQUESTED_2
16:45:21.229 (index):679 THINKING_7
16:45:21.229 (index):679 THINKING_3
16:45:21.230 (index):669 NODEACCESSRELEASED_5
16:45:21.231 (index):679 THINKING_1
16:45:21.232 (index):669 NODEACCESSRELEASED_11
16:45:21.233 (index):669 NODEACCESSRELEASED_9
16:45:21.234 (index):669 NODEACCESSRELEASED_10
16:45:21.234 (index):679 THINKING_14
16:45:21.235 (index):687 UPDATE_12
16:45:22.226 (index):687 UPDATE_6
16:45:22.227 (index):699 NODEACCESSREQUESTED_4
16:45:22.228 (index):669 NODEACCESSRELEASED_13
16:45:22.229 (index):669 NODEACCESSRELEASED_8
16:45:22.229 (index):669 NODEACCESSRELEASED_0
16:45:22.230 (index):669 NODEACCESSRELEASED_12
16:45:23.226 (index):687 UPDATE_2
16:45:23.227 (index):699 NODEACCESSREQUESTED_5
16:45:23.228 (index):699 NODEACCESSREQUESTED_11
16:45:23.228 (index):699 NODEACCESSREQUESTED_9
16:45:23.229 (index):699 NODEACCESSREQUESTED_10
16:45:23.230 (index):669 NODEACCESSRELEASED_6
16:45:24.227 (index):687 UPDATE_4
16:45:24.229 (index):699 NODEACCESSREQUESTED_13
16:45:24.230 (index):699 NODEACCESSREQUESTED_8
16:45:24.231 (index):699 NODEACCESSREQUESTED_0
16:45:24.232 (index):699 NODEACCESSREQUESTED_12
16:45:24.233 (index):669 NODEACCESSRELEASED_2
16:45:24.234 (index):687 UPDATE_1
16:45:24.234 (index):687 UPDATE_3
16:45:24.235 (index):687 UPDATE_15
16:45:25.226 (index):687 UPDATE_5
16:45:25.227 (index):687 UPDATE_11
16:45:25.228 (index):687 UPDATE_9
16:45:25.228 (index):687 UPDATE_10
16:45:25.229 (index):699 NODEACCESSREQUESTED_6
16:45:25.230 (index):679 THINKING_4
16:45:25.230 (index):669 NODEACCESSRELEASED_1
16:45:25.231 (index):669 NODEACCESSRELEASED_3
16:45:25.232 (index):669 NODEACCESSRELEASED_15
16:45:25.232 (index):687 UPDATE_7
16:45:26.226 (index):687 UPDATE_13
16:45:26.227 (index):687 UPDATE_8
16:45:26.228 (index):687 UPDATE_0
16:45:26.228 (index):687 UPDATE_12
16:45:26.229 (index):699 NODEACCESSREQUESTED_2
16:45:26.230 (index):687 UPDATE_14
16:45:26.231 (index):669 NODEACCESSRELEASED_5
16:45:26.232 (index):679 THINKING_11
16:45:26.233 (index):669 NODEACCESSRELEASED_9
16:45:26.234 (index):669 NODEACCESSRELEASED_10
16:45:26.235 (index):669 NODEACCESSRELEASED_7
16:45:27.226 (index):687 UPDATE_6
16:45:27.227 (index):699 NODEACCESSREQUESTED_1
16:45:27.228 (index):699 NODEACCESSREQUESTED_3
16:45:27.229 (index):699 NODEACCESSREQUESTED_15
16:45:27.230 (index):669 NODEACCESSRELEASED_13
16:45:27.231 (index):669 NODEACCESSRELEASED_8
16:45:27.232 (index):669 NODEACCESSRELEASED_0
16:45:27.233 (index):669 NODEACCESSRELEASED_12
16:45:27.233 (index):669 NODEACCESSRELEASED_14
16:45:28.226 (index):687 UPDATE_2
16:45:28.227 (index):699 NODEACCESSREQUESTED_5
16:45:28.228 (index):699 NODEACCESSREQUESTED_9
16:45:28.229 (index):699 NODEACCESSREQUESTED_10
16:45:28.231 (index):699 NODEACCESSREQUESTED_7
16:45:28.232 (index):728 END_6
16:45:29.226 (index):687 UPDATE_1
16:45:29.227 (index):687 UPDATE_3
16:45:29.228 (index):687 UPDATE_15
16:45:29.229 (index):699 NODEACCESSREQUESTED_13
16:45:29.229 (index):699 NODEACCESSREQUESTED_8
16:45:29.230 (index):699 NODEACCESSREQUESTED_0
16:45:29.231 (index):699 NODEACCESSREQUESTED_12
16:45:29.232 (index):699 NODEACCESSREQUESTED_14
16:45:29.233 (index):728 END_2
16:45:30.226 (index):687 UPDATE_5
16:45:30.227 (index):687 UPDATE_9
16:45:30.227 (index):687 UPDATE_10
16:45:30.228 (index):687 UPDATE_7
16:45:30.228 (index):728 END_1
16:45:30.229 (index):728 END_3
16:45:30.230 (index):728 END_15
16:45:30.230 (index):687 UPDATE_11
16:45:30.231 (index):687 UPDATE_4
16:45:31.226 (index):687 UPDATE_13
16:45:31.227 (index):687 UPDATE_8
16:45:31.227 (index):687 UPDATE_0
16:45:31.228 (index):687 UPDATE_12
16:45:31.228 (index):687 UPDATE_14
16:45:31.229 (index):728 END_5
16:45:31.229 (index):728 END_9
16:45:31.230 (index):728 END_10
16:45:31.231 (index):728 END_7
16:45:31.232 (index):728 END_11
16:45:31.233 (index):728 END_4
16:45:32.226 (index):728 END_13
16:45:32.227 (index):728 END_8
16:45:32.228 (index):728 END_0
16:45:32.228 (index):728 END_12
16:45:32.229 (index):728 END_14
