16:31:39.267 (index):780 Tasks: 25; Collaborators: 3    =========================>
16:31:39.267 (index):699 NODEACCESSREQUESTED_0
16:31:39.268 (index):699 NODEACCESSREQUESTED_1
16:31:39.269 (index):699 NODEACCESSREQUESTED_2
16:31:40.268 (index):679 THINKING_0
16:31:40.269 (index):679 THINKING_1
16:31:40.270 (index):669 NODEACCESSRELEASED_2
16:31:41.271 (index):699 NODEACCESSREQUESTED_2
16:31:42.273 (index):687 UPDATE_2
16:31:42.374 (index):669 NODEACCESSRELEASED_2
16:31:43.215 (index):687 UPDATE_1
16:31:43.316 (index):669 NODEACCESSRELEASED_1
16:31:43.379 (index):699 NODEACCESSREQUESTED_2
16:31:44.318 (index):699 NODEACCESSREQUESTED_1
16:31:44.380 (index):687 UPDATE_2
16:31:44.482 (index):669 NODEACCESSRELEASED_2
16:31:45.226 (index):687 UPDATE_0
16:31:46.227 (index):687 UPDATE_1
16:31:46.229 (index):669 NODEACCESSRELEASED_0
16:31:46.231 (index):699 NODEACCESSREQUESTED_2
16:31:47.227 (index):679 THINKING_1
16:31:48.226 (index):699 NODEACCESSREQUESTED_0
16:31:48.228 (index):687 UPDATE_2
16:31:49.226 (index):679 THINKING_2
16:31:50.227 (index):687 UPDATE_0
16:31:51.227 (index):669 NODEACCESSRELEASED_0
16:31:51.228 (index):687 UPDATE_1
16:31:52.227 (index):679 THINKING_1
16:31:52.228 (index):687 UPDATE_2
16:31:53.227 (index):699 NODEACCESSREQUESTED_0
16:31:53.228 (index):669 NODEACCESSRELEASED_2
16:31:55.226 (index):687 UPDATE_0
16:31:55.227 (index):699 NODEACCESSREQUESTED_2
16:31:56.226 (index):679 THINKING_0
16:31:57.227 (index):687 UPDATE_2
16:31:57.229 (index):687 UPDATE_1
16:31:58.227 (index):669 NODEACCESSRELEASED_2
16:31:58.228 (index):669 NODEACCESSRELEASED_1
16:31:59.226 (index):687 UPDATE_0
16:32:00.228 (index):699 NODEACCESSREQUESTED_2
16:32:00.230 (index):699 NODEACCESSREQUESTED_1
16:32:00.232 (index):679 THINKING_0
16:32:02.226 (index):687 UPDATE_2
16:32:02.228 (index):687 UPDATE_1
16:32:03.227 (index):679 THINKING_2
16:32:03.228 (index):679 THINKING_1
16:32:05.226 (index):687 UPDATE_0
16:32:06.226 (index):669 NODEACCESSRELEASED_0
16:32:06.228 (index):687 UPDATE_1
16:32:06.229 (index):687 UPDATE_2
16:32:07.226 (index):669 NODEACCESSRELEASED_1
16:32:07.228 (index):679 THINKING_2
16:32:08.226 (index):699 NODEACCESSREQUESTED_0
16:32:09.226 (index):699 NODEACCESSREQUESTED_1
16:32:10.226 (index):687 UPDATE_0
16:32:10.228 (index):687 UPDATE_2
16:32:11.226 (index):687 UPDATE_1
16:32:11.227 (index):679 THINKING_0
16:32:11.228 (index):679 THINKING_2
16:32:12.226 (index):679 THINKING_1
16:32:14.226 (index):687 UPDATE_0
16:32:15.226 (index):669 NODEACCESSRELEASED_0
16:32:15.228 (index):687 UPDATE_1
16:32:16.227 (index):679 THINKING_1
16:32:16.228 (index):687 UPDATE_2
16:32:17.226 (index):699 NODEACCESSREQUESTED_0
16:32:17.227 (index):669 NODEACCESSRELEASED_2
16:32:19.226 (index):687 UPDATE_0
16:32:19.227 (index):699 NODEACCESSREQUESTED_2
16:32:20.228 (index):669 NODEACCESSRELEASED_0
16:32:20.230 (index):687 UPDATE_2
16:32:21.227 (index):669 NODEACCESSRELEASED_2
16:32:21.229 (index):687 UPDATE_1
16:32:22.226 (index):699 NODEACCESSREQUESTED_0
16:32:22.228 (index):679 THINKING_1
16:32:23.226 (index):699 NODEACCESSREQUESTED_2
16:32:24.230 (index):687 UPDATE_0
16:32:24.231 (index):687 UPDATE_2
16:32:25.227 (index):679 THINKING_0
16:32:25.229 (index):669 NODEACCESSRELEASED_2
16:32:27.226 (index):699 NODEACCESSREQUESTED_2
16:32:27.228 (index):687 UPDATE_1
16:32:28.226 (index):669 NODEACCESSRELEASED_1
16:32:29.226 (index):687 UPDATE_2
16:32:29.227 (index):687 UPDATE_0
16:32:30.226 (index):699 NODEACCESSREQUESTED_1
16:32:30.228 (index):669 NODEACCESSRELEASED_2
16:32:30.229 (index):669 NODEACCESSRELEASED_0
16:32:32.226 (index):687 UPDATE_1
16:32:32.228 (index):699 NODEACCESSREQUESTED_2
16:32:32.230 (index):699 NODEACCESSREQUESTED_0
16:32:33.226 (index):679 THINKING_1
16:32:34.226 (index):687 UPDATE_2
16:32:34.228 (index):687 UPDATE_0
16:32:35.230 (index):728 END_2
16:32:35.232 (index):669 NODEACCESSRELEASED_0
16:32:36.226 (index):687 UPDATE_1
16:32:37.227 (index):699 NODEACCESSREQUESTED_0
16:32:37.228 (index):669 NODEACCESSRELEASED_1
16:32:39.226 (index):687 UPDATE_0
16:32:39.228 (index):699 NODEACCESSREQUESTED_1
16:32:40.229 (index):669 NODEACCESSRELEASED_0
16:32:41.226 (index):687 UPDATE_1
16:32:42.226 (index):699 NODEACCESSREQUESTED_0
16:32:42.227 (index):728 END_1
16:32:44.226 (index):687 UPDATE_0
16:32:45.226 (index):728 END_0
