16:37:39.230 (index):885 Tasks: 25; Collaborators: 10    =========================>
16:37:39.231 (index):699 NODEACCESSREQUESTED_0
16:37:39.231 (index):699 NODEACCESSREQUESTED_1
16:37:39.232 (index):699 NODEACCESSREQUESTED_2
16:37:39.232 (index):699 NODEACCESSREQUESTED_3
16:37:39.233 (index):699 NODEACCESSREQUESTED_4
16:37:39.233 (index):699 NODEACCESSREQUESTED_5
16:37:39.234 (index):699 NODEACCESSREQUESTED_6
16:37:39.234 (index):699 NODEACCESSREQUESTED_7
16:37:39.235 (index):699 NODEACCESSREQUESTED_8
16:37:39.235 (index):699 NODEACCESSREQUESTED_9
16:37:41.226 (index):679 THINKING_0
16:37:41.227 (index):679 THINKING_1
16:37:41.228 (index):669 NODEACCESSRELEASED_2
16:37:41.228 (index):669 NODEACCESSRELEASED_3
16:37:41.229 (index):669 NODEACCESSRELEASED_4
16:37:41.230 (index):669 NODEACCESSRELEASED_5
16:37:41.230 (index):679 THINKING_6
16:37:41.231 (index):669 NODEACCESSRELEASED_7
16:37:41.231 (index):679 THINKING_8
16:37:41.232 (index):669 NODEACCESSRELEASED_9
16:37:43.226 (index):699 NODEACCESSREQUESTED_2
16:37:43.227 (index):699 NODEACCESSREQUESTED_3
16:37:43.227 (index):699 NODEACCESSREQUESTED_4
16:37:43.228 (index):699 NODEACCESSREQUESTED_5
16:37:43.229 (index):699 NODEACCESSREQUESTED_7
16:37:43.229 (index):699 NODEACCESSREQUESTED_9
16:37:44.226 (index):687 UPDATE_8
16:37:44.227 (index):687 UPDATE_6
16:37:44.227 (index):687 UPDATE_1
16:37:45.226 (index):687 UPDATE_2
16:37:45.227 (index):687 UPDATE_3
16:37:45.227 (index):687 UPDATE_4
16:37:45.228 (index):687 UPDATE_5
16:37:45.229 (index):687 UPDATE_7
16:37:45.230 (index):687 UPDATE_9
16:37:45.230 (index):679 THINKING_8
16:37:45.231 (index):669 NODEACCESSRELEASED_6
16:37:45.231 (index):669 NODEACCESSRELEASED_1
16:37:46.226 (index):669 NODEACCESSRELEASED_2
16:37:46.227 (index):669 NODEACCESSRELEASED_3
16:37:46.228 (index):669 NODEACCESSRELEASED_4
16:37:46.228 (index):679 THINKING_5
16:37:46.229 (index):669 NODEACCESSRELEASED_7
16:37:46.230 (index):679 THINKING_9
16:37:46.230 (index):687 UPDATE_0
16:37:47.226 (index):699 NODEACCESSREQUESTED_6
16:37:47.227 (index):699 NODEACCESSREQUESTED_1
16:37:47.227 (index):669 NODEACCESSRELEASED_0
16:37:48.226 (index):699 NODEACCESSREQUESTED_2
16:37:48.227 (index):699 NODEACCESSREQUESTED_3
16:37:48.228 (index):699 NODEACCESSREQUESTED_4
16:37:48.230 (index):699 NODEACCESSREQUESTED_7
16:37:49.226 (index):687 UPDATE_6
16:37:49.227 (index):687 UPDATE_1
16:37:49.228 (index):699 NODEACCESSREQUESTED_0
16:37:49.228 (index):687 UPDATE_5
16:37:50.238 (index):687 UPDATE_2
16:37:50.239 (index):687 UPDATE_3
16:37:50.240 (index):687 UPDATE_4
16:37:50.240 (index):687 UPDATE_7
16:37:50.241 (index):669 NODEACCESSRELEASED_6
16:37:50.242 (index):679 THINKING_1
16:37:50.242 (index):669 NODEACCESSRELEASED_5
16:37:50.243 (index):687 UPDATE_8
16:37:50.244 (index):687 UPDATE_0
16:37:51.226 (index):669 NODEACCESSRELEASED_2
16:37:51.227 (index):679 THINKING_3
16:37:51.227 (index):669 NODEACCESSRELEASED_4
16:37:51.228 (index):669 NODEACCESSRELEASED_7
16:37:51.229 (index):669 NODEACCESSRELEASED_8
16:37:51.230 (index):669 NODEACCESSRELEASED_0
16:37:51.231 (index):687 UPDATE_9
16:37:52.226 (index):699 NODEACCESSREQUESTED_6
16:37:52.227 (index):699 NODEACCESSREQUESTED_5
16:37:52.227 (index):679 THINKING_9
16:37:53.226 (index):699 NODEACCESSREQUESTED_2
16:37:53.227 (index):699 NODEACCESSREQUESTED_4
16:37:53.227 (index):699 NODEACCESSREQUESTED_7
16:37:53.228 (index):699 NODEACCESSREQUESTED_8
16:37:53.228 (index):699 NODEACCESSREQUESTED_0
16:37:54.226 (index):687 UPDATE_6
16:37:54.227 (index):687 UPDATE_5
16:37:54.227 (index):687 UPDATE_1
16:37:55.226 (index):687 UPDATE_2
16:37:55.227 (index):687 UPDATE_4
16:37:55.228 (index):687 UPDATE_7
16:37:55.228 (index):687 UPDATE_8
16:37:55.229 (index):687 UPDATE_0
16:37:55.229 (index):669 NODEACCESSRELEASED_6
16:37:55.230 (index):679 THINKING_5
16:37:55.231 (index):679 THINKING_1
16:37:55.232 (index):687 UPDATE_9
16:37:56.226 (index):679 THINKING_2
16:37:56.227 (index):669 NODEACCESSRELEASED_4
16:37:56.228 (index):679 THINKING_7
16:37:56.228 (index):679 THINKING_8
16:37:56.229 (index):679 THINKING_0
16:37:56.229 (index):669 NODEACCESSRELEASED_9
16:37:56.230 (index):687 UPDATE_3
16:37:57.226 (index):699 NODEACCESSREQUESTED_6
16:37:57.227 (index):669 NODEACCESSRELEASED_3
16:37:58.226 (index):699 NODEACCESSREQUESTED_4
16:37:58.227 (index):699 NODEACCESSREQUESTED_9
16:37:59.227 (index):687 UPDATE_6
16:37:59.227 (index):699 NODEACCESSREQUESTED_3
16:37:59.228 (index):687 UPDATE_5
16:37:59.230 (index):687 UPDATE_7
16:37:59.231 (index):687 UPDATE_0
16:37:59.232 (index):687 UPDATE_2
16:38:00.226 (index):687 UPDATE_4
16:38:00.227 (index):687 UPDATE_9
16:38:00.227 (index):669 NODEACCESSRELEASED_6
16:38:00.228 (index):669 NODEACCESSRELEASED_5
16:38:00.229 (index):669 NODEACCESSRELEASED_7
16:38:00.229 (index):679 THINKING_0
16:38:00.230 (index):669 NODEACCESSRELEASED_2
16:38:00.231 (index):687 UPDATE_1
16:38:01.226 (index):687 UPDATE_3
16:38:01.228 (index):669 NODEACCESSRELEASED_4
16:38:01.230 (index):669 NODEACCESSRELEASED_9
16:38:01.230 (index):669 NODEACCESSRELEASED_1
16:38:01.231 (index):687 UPDATE_8
16:38:02.226 (index):699 NODEACCESSREQUESTED_6
16:38:02.227 (index):699 NODEACCESSREQUESTED_5
16:38:02.228 (index):699 NODEACCESSREQUESTED_7
16:38:02.228 (index):699 NODEACCESSREQUESTED_2
16:38:02.229 (index):669 NODEACCESSRELEASED_3
16:38:02.230 (index):669 NODEACCESSRELEASED_8
16:38:03.226 (index):699 NODEACCESSREQUESTED_4
16:38:03.227 (index):699 NODEACCESSREQUESTED_9
16:38:03.228 (index):699 NODEACCESSREQUESTED_1
16:38:04.226 (index):687 UPDATE_6
16:38:04.227 (index):687 UPDATE_5
16:38:04.227 (index):687 UPDATE_7
16:38:04.228 (index):687 UPDATE_2
16:38:04.228 (index):699 NODEACCESSREQUESTED_3
16:38:04.229 (index):699 NODEACCESSREQUESTED_8
16:38:05.231 (index):687 UPDATE_4
16:38:05.232 (index):687 UPDATE_9
16:38:05.233 (index):687 UPDATE_1
16:38:05.234 (index):669 NODEACCESSRELEASED_6
16:38:05.235 (index):679 THINKING_5
16:38:05.235 (index):679 THINKING_7
16:38:05.236 (index):669 NODEACCESSRELEASED_2
16:38:05.237 (index):687 UPDATE_0
16:38:05.237 (index):687 UPDATE_3
16:38:05.238 (index):687 UPDATE_8
16:38:06.226 (index):679 THINKING_4
16:38:06.227 (index):669 NODEACCESSRELEASED_9
16:38:06.228 (index):679 THINKING_1
16:38:06.229 (index):669 NODEACCESSRELEASED_0
16:38:06.229 (index):669 NODEACCESSRELEASED_3
16:38:06.230 (index):669 NODEACCESSRELEASED_8
16:38:07.226 (index):699 NODEACCESSREQUESTED_6
16:38:07.228 (index):699 NODEACCESSREQUESTED_2
16:38:08.226 (index):699 NODEACCESSREQUESTED_9
16:38:08.227 (index):699 NODEACCESSREQUESTED_0
16:38:08.228 (index):699 NODEACCESSREQUESTED_3
16:38:08.230 (index):699 NODEACCESSREQUESTED_8
16:38:09.226 (index):687 UPDATE_6
16:38:09.227 (index):687 UPDATE_2
16:38:09.228 (index):687 UPDATE_1
16:38:09.229 (index):687 UPDATE_4
16:38:10.226 (index):687 UPDATE_9
16:38:10.227 (index):687 UPDATE_0
16:38:10.228 (index):687 UPDATE_3
16:38:10.229 (index):687 UPDATE_8
16:38:10.230 (index):679 THINKING_6
16:38:10.231 (index):679 THINKING_2
16:38:10.232 (index):669 NODEACCESSRELEASED_1
16:38:10.233 (index):669 NODEACCESSRELEASED_4
16:38:10.233 (index):687 UPDATE_5
16:38:10.234 (index):687 UPDATE_7
16:38:11.226 (index):679 THINKING_9
16:38:11.227 (index):679 THINKING_0
16:38:11.228 (index):669 NODEACCESSRELEASED_3
16:38:11.229 (index):679 THINKING_8
16:38:11.230 (index):679 THINKING_5
16:38:11.231 (index):669 NODEACCESSRELEASED_7
16:38:12.226 (index):699 NODEACCESSREQUESTED_1
16:38:12.227 (index):699 NODEACCESSREQUESTED_4
16:38:13.226 (index):699 NODEACCESSREQUESTED_3
16:38:13.227 (index):699 NODEACCESSREQUESTED_7
16:38:13.228 (index):687 UPDATE_6
16:38:13.228 (index):687 UPDATE_2
16:38:14.228 (index):687 UPDATE_1
16:38:14.229 (index):687 UPDATE_4
16:38:14.231 (index):687 UPDATE_5
16:38:14.232 (index):679 THINKING_6
16:38:14.233 (index):679 THINKING_2
16:38:14.234 (index):687 UPDATE_0
16:38:14.235 (index):687 UPDATE_3
16:38:14.236 (index):687 UPDATE_7
16:38:15.227 (index):679 THINKING_1
16:38:15.228 (index):679 THINKING_4
16:38:15.229 (index):669 NODEACCESSRELEASED_5
16:38:15.231 (index):669 NODEACCESSRELEASED_0
16:38:15.232 (index):669 NODEACCESSRELEASED_3
16:38:15.234 (index):669 NODEACCESSRELEASED_7
16:38:15.235 (index):687 UPDATE_9
16:38:15.235 (index):687 UPDATE_8
16:38:16.226 (index):669 NODEACCESSRELEASED_9
16:38:16.227 (index):669 NODEACCESSRELEASED_8
16:38:17.226 (index):699 NODEACCESSREQUESTED_5
16:38:17.228 (index):699 NODEACCESSREQUESTED_0
16:38:17.229 (index):699 NODEACCESSREQUESTED_3
16:38:17.231 (index):699 NODEACCESSREQUESTED_7
16:38:17.232 (index):687 UPDATE_2
16:38:17.234 (index):687 UPDATE_6
16:38:18.226 (index):699 NODEACCESSREQUESTED_9
16:38:18.228 (index):699 NODEACCESSREQUESTED_8
16:38:18.229 (index):679 THINKING_2
16:38:18.231 (index):669 NODEACCESSRELEASED_6
16:38:18.232 (index):687 UPDATE_1
16:38:19.226 (index):687 UPDATE_5
16:38:19.227 (index):687 UPDATE_0
16:38:19.227 (index):687 UPDATE_3
16:38:19.228 (index):687 UPDATE_7
16:38:19.228 (index):679 THINKING_1
16:38:20.226 (index):687 UPDATE_9
16:38:20.228 (index):687 UPDATE_8
16:38:20.229 (index):699 NODEACCESSREQUESTED_6
16:38:20.231 (index):679 THINKING_5
16:38:20.232 (index):669 NODEACCESSRELEASED_0
16:38:20.234 (index):679 THINKING_3
16:38:20.235 (index):669 NODEACCESSRELEASED_7
16:38:20.237 (index):687 UPDATE_4
16:38:21.227 (index):669 NODEACCESSRELEASED_9
16:38:21.228 (index):669 NODEACCESSRELEASED_8
16:38:21.228 (index):679 THINKING_4
16:38:22.226 (index):687 UPDATE_6
16:38:22.227 (index):699 NODEACCESSREQUESTED_0
16:38:22.228 (index):699 NODEACCESSREQUESTED_7
16:38:23.226 (index):699 NODEACCESSREQUESTED_9
16:38:23.228 (index):699 NODEACCESSREQUESTED_8
16:38:23.229 (index):669 NODEACCESSRELEASED_6
16:38:23.230 (index):687 UPDATE_3
16:38:23.232 (index):687 UPDATE_2
16:38:24.226 (index):687 UPDATE_0
16:38:24.227 (index):687 UPDATE_7
16:38:24.228 (index):669 NODEACCESSRELEASED_3
16:38:24.228 (index):669 NODEACCESSRELEASED_2
16:38:24.229 (index):687 UPDATE_1
16:38:25.226 (index):687 UPDATE_9
16:38:25.227 (index):687 UPDATE_8
16:38:25.228 (index):699 NODEACCESSREQUESTED_6
16:38:25.229 (index):679 THINKING_0
16:38:25.230 (index):669 NODEACCESSRELEASED_7
16:38:25.231 (index):679 THINKING_1
16:38:25.232 (index):687 UPDATE_5
16:38:25.233 (index):687 UPDATE_4
16:38:26.226 (index):699 NODEACCESSREQUESTED_3
16:38:26.228 (index):699 NODEACCESSREQUESTED_2
16:38:26.229 (index):679 THINKING_9
16:38:26.231 (index):669 NODEACCESSRELEASED_8
16:38:26.232 (index):669 NODEACCESSRELEASED_5
16:38:26.234 (index):679 THINKING_4
16:38:27.226 (index):687 UPDATE_6
16:38:27.228 (index):699 NODEACCESSREQUESTED_7
16:38:28.226 (index):687 UPDATE_3
16:38:28.228 (index):687 UPDATE_2
16:38:28.229 (index):699 NODEACCESSREQUESTED_8
16:38:28.230 (index):699 NODEACCESSREQUESTED_5
16:38:28.236 (index):669 NODEACCESSRELEASED_6
16:38:29.226 (index):687 UPDATE_7
16:38:29.227 (index):669 NODEACCESSRELEASED_3
16:38:29.228 (index):669 NODEACCESSRELEASED_2
16:38:29.228 (index):687 UPDATE_4
16:38:29.229 (index):687 UPDATE_0
16:38:30.226 (index):687 UPDATE_8
16:38:30.227 (index):687 UPDATE_5
16:38:30.227 (index):699 NODEACCESSREQUESTED_6
16:38:30.228 (index):669 NODEACCESSRELEASED_7
16:38:30.229 (index):669 NODEACCESSRELEASED_4
16:38:30.230 (index):669 NODEACCESSRELEASED_0
16:38:30.231 (index):687 UPDATE_1
16:38:30.234 (index):687 UPDATE_9
16:38:31.226 (index):699 NODEACCESSREQUESTED_3
16:38:31.227 (index):699 NODEACCESSREQUESTED_2
16:38:31.228 (index):669 NODEACCESSRELEASED_8
16:38:31.229 (index):669 NODEACCESSRELEASED_5
16:38:31.230 (index):669 NODEACCESSRELEASED_1
16:38:31.231 (index):669 NODEACCESSRELEASED_9
16:38:32.226 (index):687 UPDATE_6
16:38:32.227 (index):699 NODEACCESSREQUESTED_7
16:38:32.228 (index):699 NODEACCESSREQUESTED_4
16:38:32.228 (index):699 NODEACCESSREQUESTED_0
16:38:33.226 (index):687 UPDATE_3
16:38:33.228 (index):687 UPDATE_2
16:38:33.229 (index):699 NODEACCESSREQUESTED_8
16:38:33.232 (index):699 NODEACCESSREQUESTED_5
16:38:33.234 (index):699 NODEACCESSREQUESTED_1
16:38:33.235 (index):699 NODEACCESSREQUESTED_9
16:38:33.236 (index):669 NODEACCESSRELEASED_6
16:38:34.226 (index):687 UPDATE_7
16:38:34.227 (index):687 UPDATE_4
16:38:34.228 (index):687 UPDATE_0
16:38:34.229 (index):679 THINKING_3
16:38:34.229 (index):669 NODEACCESSRELEASED_2
16:38:35.229 (index):687 UPDATE_8
16:38:35.230 (index):687 UPDATE_5
16:38:35.232 (index):687 UPDATE_1
16:38:35.233 (index):687 UPDATE_9
16:38:35.234 (index):699 NODEACCESSREQUESTED_6
16:38:35.236 (index):679 THINKING_7
16:38:35.238 (index):669 NODEACCESSRELEASED_4
16:38:35.239 (index):669 NODEACCESSRELEASED_0
16:38:36.226 (index):699 NODEACCESSREQUESTED_2
16:38:36.227 (index):669 NODEACCESSRELEASED_8
16:38:36.227 (index):669 NODEACCESSRELEASED_5
16:38:36.228 (index):679 THINKING_1
16:38:36.228 (index):669 NODEACCESSRELEASED_9
16:38:37.226 (index):687 UPDATE_6
16:38:37.227 (index):699 NODEACCESSREQUESTED_4
16:38:37.227 (index):699 NODEACCESSREQUESTED_0
16:38:37.228 (index):687 UPDATE_3
16:38:38.226 (index):687 UPDATE_2
16:38:38.227 (index):699 NODEACCESSREQUESTED_8
16:38:38.228 (index):699 NODEACCESSREQUESTED_5
16:38:38.228 (index):699 NODEACCESSREQUESTED_9
16:38:38.229 (index):669 NODEACCESSRELEASED_6
16:38:38.230 (index):669 NODEACCESSRELEASED_3
16:38:39.226 (index):687 UPDATE_4
16:38:39.227 (index):687 UPDATE_0
16:38:39.228 (index):669 NODEACCESSRELEASED_2
16:38:39.228 (index):687 UPDATE_1
16:38:39.229 (index):687 UPDATE_7
16:38:40.226 (index):687 UPDATE_8
16:38:40.227 (index):687 UPDATE_5
16:38:40.228 (index):687 UPDATE_9
16:38:40.229 (index):699 NODEACCESSREQUESTED_6
16:38:40.230 (index):699 NODEACCESSREQUESTED_3
16:38:40.231 (index):679 THINKING_4
16:38:40.233 (index):669 NODEACCESSRELEASED_0
16:38:40.234 (index):669 NODEACCESSRELEASED_1
16:38:40.236 (index):669 NODEACCESSRELEASED_7
16:38:41.228 (index):699 NODEACCESSREQUESTED_2
16:38:41.229 (index):669 NODEACCESSRELEASED_8
16:38:41.231 (index):669 NODEACCESSRELEASED_5
16:38:41.233 (index):669 NODEACCESSRELEASED_9
16:38:42.227 (index):687 UPDATE_6
16:38:42.228 (index):687 UPDATE_3
16:38:42.228 (index):699 NODEACCESSREQUESTED_0
16:38:42.229 (index):699 NODEACCESSREQUESTED_1
16:38:42.230 (index):699 NODEACCESSREQUESTED_7
16:38:43.226 (index):687 UPDATE_2
16:38:43.228 (index):699 NODEACCESSREQUESTED_8
16:38:43.229 (index):699 NODEACCESSREQUESTED_5
16:38:43.230 (index):699 NODEACCESSREQUESTED_9
16:38:43.231 (index):728 END_6
16:38:43.232 (index):728 END_3
16:38:44.226 (index):687 UPDATE_0
16:38:44.227 (index):687 UPDATE_1
16:38:44.228 (index):687 UPDATE_7
16:38:44.229 (index):728 END_2
16:38:45.226 (index):687 UPDATE_8
16:38:45.227 (index):687 UPDATE_5
16:38:45.227 (index):687 UPDATE_9
16:38:45.228 (index):728 END_0
16:38:45.228 (index):728 END_1
16:38:45.229 (index):728 END_7
16:38:45.229 (index):687 UPDATE_4
16:38:46.227 (index):728 END_8
16:38:46.228 (index):728 END_5
16:38:46.228 (index):728 END_9
16:38:46.229 (index):728 END_4
