15:39:27.099 (index):632 Tasks: 25; Collaborators: 7    =========================>
15:39:27.100 (index):520 FLOORREQUESTED_0
15:39:27.100 (index):520 FLOORREQUESTED_1
15:39:27.100 (index):520 FLOORREQUESTED_2
15:39:27.101 (index):520 FLOORREQUESTED_3
15:39:27.101 (index):520 FLOORREQUESTED_4
15:39:27.102 (index):520 FLOORREQUESTED_5
15:39:27.102 (index):520 FLOORREQUESTED_6
15:39:27.104 (index):487 FLOORRELEASED_0
15:39:27.105 (index):487 FLOORRELEASED_1
15:39:27.105 (index):487 FLOORRELEASED_2
15:39:27.105 (index):487 FLOORRELEASED_3
15:39:27.106 (index):487 FLOORRELEASED_4
15:39:27.106 (index):487 FLOORRELEASED_5
15:39:27.107 (index):487 FLOORRELEASED_6
15:39:27.109 (index):520 FLOORREQUESTED_0
15:39:27.109 (index):520 FLOORREQUESTED_1
15:39:27.109 (index):520 FLOORREQUESTED_2
15:39:27.110 (index):520 FLOORREQUESTED_3
15:39:27.110 (index):520 FLOORREQUESTED_4
15:39:27.111 (index):520 FLOORREQUESTED_5
15:39:27.111 (index):520 FLOORREQUESTED_6
15:39:27.113 (index):506 UPDATE_0
15:39:27.114 (index):527 WAITING_1
15:39:27.114 (index):527 WAITING_2
15:39:27.114 (index):527 WAITING_3
15:39:27.115 (index):527 WAITING_4
15:39:27.115 (index):527 WAITING_5
15:39:27.116 (index):527 WAITING_6
15:39:27.118 (index):487 FLOORRELEASED_0
15:39:27.118 (index):506 UPDATE_1
15:39:27.118 (index):527 WAITING_2
15:39:27.119 (index):527 WAITING_3
15:39:27.119 (index):527 WAITING_4
15:39:27.120 (index):527 WAITING_5
15:39:27.120 (index):527 WAITING_6
15:39:27.122 (index):520 FLOORREQUESTED_0
15:39:27.123 (index):487 FLOORRELEASED_1
15:39:27.123 (index):506 UPDATE_2
15:39:27.123 (index):527 WAITING_3
15:39:27.124 (index):527 WAITING_4
15:39:27.124 (index):527 WAITING_5
15:39:27.125 (index):527 WAITING_6
15:39:27.127 (index):527 WAITING_0
15:39:27.127 (index):520 FLOORREQUESTED_1
15:39:27.128 (index):487 FLOORRELEASED_2
15:39:27.128 (index):506 UPDATE_3
15:39:27.129 (index):527 WAITING_4
15:39:27.129 (index):527 WAITING_5
15:39:27.129 (index):527 WAITING_6
15:39:27.131 (index):527 WAITING_0
15:39:27.132 (index):527 WAITING_1
15:39:27.132 (index):520 FLOORREQUESTED_2
15:39:27.133 (index):487 FLOORRELEASED_3
15:39:27.133 (index):506 UPDATE_4
15:39:27.134 (index):527 WAITING_5
15:39:27.134 (index):527 WAITING_6
15:39:27.136 (index):527 WAITING_0
15:39:27.136 (index):527 WAITING_1
15:39:27.137 (index):527 WAITING_2
15:39:27.137 (index):520 FLOORREQUESTED_3
15:39:27.138 (index):487 FLOORRELEASED_4
15:39:27.138 (index):506 UPDATE_5
15:39:27.138 (index):527 WAITING_6
15:39:27.140 (index):527 WAITING_0
15:39:27.141 (index):527 WAITING_1
15:39:27.141 (index):527 WAITING_2
15:39:27.142 (index):527 WAITING_3
15:39:27.142 (index):520 FLOORREQUESTED_4
15:39:27.143 (index):487 FLOORRELEASED_5
15:39:27.143 (index):506 UPDATE_6
15:39:27.145 (index):527 WAITING_0
15:39:27.145 (index):527 WAITING_1
15:39:27.146 (index):527 WAITING_2
15:39:27.146 (index):527 WAITING_3
15:39:27.147 (index):527 WAITING_4
15:39:27.147 (index):520 FLOORREQUESTED_5
15:39:27.147 (index):487 FLOORRELEASED_6
15:39:27.149 (index):506 UPDATE_0
15:39:27.150 (index):527 WAITING_1
15:39:27.150 (index):527 WAITING_2
15:39:27.151 (index):527 WAITING_3
15:39:27.151 (index):527 WAITING_4
15:39:27.152 (index):527 WAITING_5
15:39:27.152 (index):520 FLOORREQUESTED_6
15:39:27.154 (index):487 FLOORRELEASED_0
15:39:27.154 (index):506 UPDATE_1
15:39:27.155 (index):527 WAITING_2
15:39:27.155 (index):527 WAITING_3
15:39:27.156 (index):527 WAITING_4
15:39:27.156 (index):527 WAITING_5
15:39:27.157 (index):527 WAITING_6
15:39:27.159 (index):520 FLOORREQUESTED_0
15:39:27.159 (index):487 FLOORRELEASED_1
15:39:27.160 (index):506 UPDATE_2
15:39:27.160 (index):527 WAITING_3
15:39:27.161 (index):527 WAITING_4
15:39:27.161 (index):527 WAITING_5
15:39:27.161 (index):527 WAITING_6
15:39:27.163 (index):527 WAITING_0
15:39:27.164 (index):520 FLOORREQUESTED_1
15:39:27.164 (index):487 FLOORRELEASED_2
15:39:27.165 (index):506 UPDATE_3
15:39:27.165 (index):527 WAITING_4
15:39:27.165 (index):527 WAITING_5
15:39:27.166 (index):527 WAITING_6
15:39:27.168 (index):527 WAITING_0
15:39:27.168 (index):527 WAITING_1
15:39:27.169 (index):520 FLOORREQUESTED_2
15:39:27.169 (index):487 FLOORRELEASED_3
15:39:27.169 (index):506 UPDATE_4
15:39:27.170 (index):527 WAITING_5
15:39:27.171 (index):527 WAITING_6
15:39:27.172 (index):527 WAITING_0
15:39:27.173 (index):527 WAITING_1
15:39:27.173 (index):527 WAITING_2
15:39:27.174 (index):520 FLOORREQUESTED_3
15:39:27.174 (index):487 FLOORRELEASED_4
15:39:27.174 (index):506 UPDATE_5
15:39:27.175 (index):527 WAITING_6
15:39:27.177 (index):527 WAITING_0
15:39:27.177 (index):527 WAITING_1
15:39:27.178 (index):527 WAITING_2
15:39:27.178 (index):527 WAITING_3
15:39:27.178 (index):520 FLOORREQUESTED_4
15:39:27.179 (index):487 FLOORRELEASED_5
15:39:27.180 (index):506 UPDATE_6
15:39:27.181 (index):527 WAITING_0
15:39:27.182 (index):527 WAITING_1
15:39:27.182 (index):527 WAITING_2
15:39:27.183 (index):527 WAITING_3
15:39:27.184 (index):527 WAITING_4
15:39:27.184 (index):520 FLOORREQUESTED_5
15:39:27.184 (index):487 FLOORRELEASED_6
15:39:27.186 (index):506 UPDATE_0
15:39:27.186 (index):527 WAITING_1
15:39:27.187 (index):527 WAITING_2
15:39:27.188 (index):527 WAITING_3
15:39:27.188 (index):527 WAITING_4
15:39:27.189 (index):527 WAITING_5
15:39:27.189 (index):520 FLOORREQUESTED_6
15:39:27.190 (index):487 FLOORRELEASED_0
15:39:27.191 (index):506 UPDATE_1
15:39:27.192 (index):527 WAITING_2
15:39:27.192 (index):527 WAITING_3
15:39:27.193 (index):527 WAITING_4
15:39:27.193 (index):527 WAITING_5
15:39:27.193 (index):527 WAITING_6
15:39:27.195 (index):520 FLOORREQUESTED_0
15:39:27.195 (index):487 FLOORRELEASED_1
15:39:27.196 (index):506 UPDATE_2
15:39:27.197 (index):527 WAITING_3
15:39:27.197 (index):527 WAITING_4
15:39:27.198 (index):527 WAITING_5
15:39:27.198 (index):527 WAITING_6
15:39:27.200 (index):527 WAITING_0
15:39:27.200 (index):520 FLOORREQUESTED_1
15:39:27.201 (index):487 FLOORRELEASED_2
15:39:27.201 (index):506 UPDATE_3
15:39:27.202 (index):527 WAITING_4
15:39:27.202 (index):527 WAITING_5
15:39:27.203 (index):527 WAITING_6
15:39:27.204 (index):527 WAITING_0
15:39:27.204 (index):527 WAITING_1
15:39:27.205 (index):520 FLOORREQUESTED_2
15:39:27.206 (index):487 FLOORRELEASED_3
15:39:27.206 (index):506 UPDATE_4
15:39:27.207 (index):527 WAITING_5
15:39:27.207 (index):527 WAITING_6
15:39:27.208 (index):527 WAITING_0
15:39:27.209 (index):527 WAITING_1
15:39:27.210 (index):527 WAITING_2
15:39:27.210 (index):520 FLOORREQUESTED_3
15:39:27.211 (index):487 FLOORRELEASED_4
15:39:27.211 (index):506 UPDATE_5
15:39:27.212 (index):527 WAITING_6
15:39:27.213 (index):527 WAITING_0
15:39:27.213 (index):527 WAITING_1
15:39:27.214 (index):527 WAITING_2
15:39:27.215 (index):527 WAITING_3
15:39:27.215 (index):520 FLOORREQUESTED_4
15:39:27.216 (index):487 FLOORRELEASED_5
15:39:27.216 (index):506 UPDATE_6
15:39:27.218 (index):527 WAITING_0
15:39:27.218 (index):527 WAITING_1
15:39:27.219 (index):527 WAITING_2
15:39:27.219 (index):527 WAITING_3
15:39:27.220 (index):527 WAITING_4
15:39:27.220 (index):520 FLOORREQUESTED_5
15:39:27.221 (index):487 FLOORRELEASED_6
15:39:27.222 (index):506 UPDATE_0
15:39:27.223 (index):527 WAITING_1
15:39:27.223 (index):527 WAITING_2
15:39:27.224 (index):527 WAITING_3
15:39:27.224 (index):527 WAITING_4
15:39:27.225 (index):527 WAITING_5
15:39:27.225 (index):520 FLOORREQUESTED_6
15:39:27.227 (index):487 FLOORRELEASED_0
15:39:27.227 (index):506 UPDATE_1
15:39:27.228 (index):527 WAITING_2
15:39:27.229 (index):527 WAITING_3
15:39:27.230 (index):527 WAITING_4
15:39:27.230 (index):527 WAITING_5
15:39:27.231 (index):527 WAITING_6
15:39:27.231 (index):520 FLOORREQUESTED_0
15:39:27.232 (index):487 FLOORRELEASED_1
15:39:27.233 (index):506 UPDATE_2
15:39:27.234 (index):527 WAITING_3
15:39:27.234 (index):527 WAITING_4
15:39:27.235 (index):527 WAITING_5
15:39:27.235 (index):527 WAITING_6
15:39:27.236 (index):527 WAITING_0
15:39:27.237 (index):520 FLOORREQUESTED_1
15:39:27.238 (index):487 FLOORRELEASED_2
15:39:27.238 (index):506 UPDATE_3
15:39:27.239 (index):527 WAITING_4
15:39:27.240 (index):527 WAITING_5
15:39:27.240 (index):527 WAITING_6
15:39:27.240 (index):527 WAITING_0
15:39:27.241 (index):527 WAITING_1
15:39:27.242 (index):520 FLOORREQUESTED_2
15:39:27.243 (index):487 FLOORRELEASED_3
15:39:27.243 (index):506 UPDATE_4
15:39:27.244 (index):527 WAITING_5
15:39:27.244 (index):527 WAITING_6
15:39:27.245 (index):527 WAITING_0
15:39:27.246 (index):527 WAITING_1
15:39:27.247 (index):527 WAITING_2
15:39:27.247 (index):520 FLOORREQUESTED_3
15:39:27.248 (index):487 FLOORRELEASED_4
15:39:27.248 (index):506 UPDATE_5
15:39:27.249 (index):527 WAITING_6
15:39:27.249 (index):527 WAITING_0
15:39:27.250 (index):527 WAITING_1
15:39:27.251 (index):527 WAITING_2
15:39:27.252 (index):527 WAITING_3
15:39:27.252 (index):520 FLOORREQUESTED_4
15:39:27.253 (index):487 FLOORRELEASED_5
15:39:27.254 (index):506 UPDATE_6
15:39:27.254 (index):527 WAITING_0
15:39:27.255 (index):527 WAITING_1
15:39:27.256 (index):527 WAITING_2
15:39:27.256 (index):527 WAITING_3
15:39:27.257 (index):527 WAITING_4
15:39:27.258 (index):520 FLOORREQUESTED_5
15:39:27.259 (index):487 FLOORRELEASED_6
15:39:27.259 (index):506 UPDATE_0
15:39:27.260 (index):527 WAITING_1
15:39:27.261 (index):527 WAITING_2
15:39:27.261 (index):527 WAITING_3
15:39:27.262 (index):527 WAITING_4
15:39:27.263 (index):527 WAITING_5
15:39:27.263 (index):520 FLOORREQUESTED_6
15:39:27.264 (index):487 FLOORRELEASED_0
15:39:27.264 (index):506 UPDATE_1
15:39:27.265 (index):527 WAITING_2
15:39:27.266 (index):527 WAITING_3
15:39:27.266 (index):527 WAITING_4
15:39:27.267 (index):527 WAITING_5
15:39:27.268 (index):527 WAITING_6
15:39:27.268 (index):520 FLOORREQUESTED_0
15:39:27.269 (index):487 FLOORRELEASED_1
15:39:27.270 (index):506 UPDATE_2
15:39:27.270 (index):527 WAITING_3
15:39:27.271 (index):527 WAITING_4
15:39:27.272 (index):527 WAITING_5
15:39:27.272 (index):527 WAITING_6
15:39:27.273 (index):527 WAITING_0
15:39:27.274 (index):520 FLOORREQUESTED_1
15:39:27.274 (index):487 FLOORRELEASED_2
15:39:27.275 (index):506 UPDATE_3
15:39:27.275 (index):527 WAITING_4
15:39:27.276 (index):527 WAITING_5
15:39:27.277 (index):527 WAITING_6
15:39:27.277 (index):527 WAITING_0
15:39:27.278 (index):527 WAITING_1
15:39:27.279 (index):520 FLOORREQUESTED_2
15:39:27.279 (index):487 FLOORRELEASED_3
15:39:27.280 (index):506 UPDATE_4
15:39:27.281 (index):527 WAITING_5
15:39:27.281 (index):527 WAITING_6
15:39:27.282 (index):527 WAITING_0
15:39:27.283 (index):527 WAITING_1
15:39:27.283 (index):527 WAITING_2
15:39:27.284 (index):520 FLOORREQUESTED_3
15:39:27.284 (index):487 FLOORRELEASED_4
15:39:27.285 (index):506 UPDATE_5
15:39:27.286 (index):527 WAITING_6
15:39:27.287 (index):527 WAITING_0
15:39:27.287 (index):527 WAITING_1
15:39:27.288 (index):527 WAITING_2
15:39:27.288 (index):527 WAITING_3
15:39:27.289 (index):520 FLOORREQUESTED_4
15:39:27.290 (index):487 FLOORRELEASED_5
15:39:27.290 (index):506 UPDATE_6
15:39:27.291 (index):527 WAITING_0
15:39:27.292 (index):527 WAITING_1
15:39:27.292 (index):527 WAITING_2
15:39:27.293 (index):527 WAITING_3
15:39:27.294 (index):527 WAITING_4
15:39:27.294 (index):520 FLOORREQUESTED_5
15:39:27.295 (index):487 FLOORRELEASED_6
15:39:27.296 (index):506 UPDATE_0
15:39:27.296 (index):527 WAITING_1
15:39:27.297 (index):527 WAITING_2
15:39:27.298 (index):527 WAITING_3
15:39:27.298 (index):527 WAITING_4
15:39:27.299 (index):527 WAITING_5
15:39:27.300 (index):520 FLOORREQUESTED_6
15:39:27.300 (index):487 FLOORRELEASED_0
15:39:27.301 (index):506 UPDATE_1
15:39:27.302 (index):527 WAITING_2
15:39:27.302 (index):527 WAITING_3
15:39:27.303 (index):527 WAITING_4
15:39:27.303 (index):527 WAITING_5
15:39:27.304 (index):527 WAITING_6
15:39:27.305 (index):520 FLOORREQUESTED_0
15:39:27.306 (index):487 FLOORRELEASED_1
15:39:27.306 (index):506 UPDATE_2
15:39:27.307 (index):527 WAITING_3
15:39:27.307 (index):527 WAITING_4
15:39:27.308 (index):527 WAITING_5
15:39:27.309 (index):527 WAITING_6
15:39:27.309 (index):527 WAITING_0
15:39:27.310 (index):520 FLOORREQUESTED_1
15:39:27.311 (index):487 FLOORRELEASED_2
15:39:27.311 (index):506 UPDATE_3
15:39:27.312 (index):527 WAITING_4
15:39:27.313 (index):527 WAITING_5
15:39:27.313 (index):527 WAITING_6
15:39:27.314 (index):527 WAITING_0
15:39:27.315 (index):527 WAITING_1
15:39:27.315 (index):520 FLOORREQUESTED_2
15:39:27.316 (index):487 FLOORRELEASED_3
15:39:27.317 (index):506 UPDATE_4
15:39:27.317 (index):527 WAITING_5
15:39:27.318 (index):527 WAITING_6
15:39:27.318 (index):527 WAITING_0
15:39:27.319 (index):527 WAITING_1
15:39:27.320 (index):527 WAITING_2
15:39:27.320 (index):520 FLOORREQUESTED_3
15:39:27.321 (index):487 FLOORRELEASED_4
15:39:27.322 (index):506 UPDATE_5
15:39:27.322 (index):527 WAITING_6
15:39:27.323 (index):527 WAITING_0
15:39:27.324 (index):527 WAITING_1
15:39:27.324 (index):527 WAITING_2
15:39:27.325 (index):527 WAITING_3
15:39:27.326 (index):520 FLOORREQUESTED_4
15:39:27.326 (index):487 FLOORRELEASED_5
15:39:27.327 (index):506 UPDATE_6
15:39:27.328 (index):527 WAITING_0
15:39:27.328 (index):527 WAITING_1
15:39:27.329 (index):527 WAITING_2
15:39:27.329 (index):527 WAITING_3
15:39:27.330 (index):527 WAITING_4
15:39:27.331 (index):520 FLOORREQUESTED_5
15:39:27.331 (index):487 FLOORRELEASED_6
15:39:27.332 (index):506 UPDATE_0
15:39:27.333 (index):527 WAITING_1
15:39:27.333 (index):527 WAITING_2
15:39:27.334 (index):527 WAITING_3
15:39:27.335 (index):527 WAITING_4
15:39:27.335 (index):527 WAITING_5
15:39:27.336 (index):520 FLOORREQUESTED_6
15:39:27.337 (index):487 FLOORRELEASED_0
15:39:27.337 (index):506 UPDATE_1
15:39:27.338 (index):527 WAITING_2
15:39:27.338 (index):527 WAITING_3
15:39:27.339 (index):527 WAITING_4
15:39:27.340 (index):527 WAITING_5
15:39:27.340 (index):527 WAITING_6
15:39:27.341 (index):520 FLOORREQUESTED_0
15:39:27.342 (index):487 FLOORRELEASED_1
15:39:27.342 (index):506 UPDATE_2
15:39:27.343 (index):527 WAITING_3
15:39:27.344 (index):527 WAITING_4
15:39:27.344 (index):527 WAITING_5
15:39:27.345 (index):527 WAITING_6
15:39:27.346 (index):527 WAITING_0
15:39:27.346 (index):520 FLOORREQUESTED_1
15:39:27.347 (index):487 FLOORRELEASED_2
15:39:27.347 (index):506 UPDATE_3
15:39:27.348 (index):527 WAITING_4
15:39:27.349 (index):527 WAITING_5
15:39:27.349 (index):527 WAITING_6
15:39:27.350 (index):527 WAITING_0
15:39:27.351 (index):527 WAITING_1
15:39:27.351 (index):520 FLOORREQUESTED_2
15:39:27.352 (index):487 FLOORRELEASED_3
15:39:27.353 (index):506 UPDATE_4
15:39:27.353 (index):527 WAITING_5
15:39:27.354 (index):527 WAITING_6
15:39:27.355 (index):527 WAITING_0
15:39:27.355 (index):527 WAITING_1
15:39:27.356 (index):527 WAITING_2
15:39:27.357 (index):520 FLOORREQUESTED_3
15:39:27.357 (index):487 FLOORRELEASED_4
15:39:27.358 (index):506 UPDATE_5
15:39:27.359 (index):527 WAITING_6
15:39:27.359 (index):527 WAITING_0
15:39:27.360 (index):527 WAITING_1
15:39:27.361 (index):527 WAITING_2
15:39:27.361 (index):527 WAITING_3
15:39:27.362 (index):520 FLOORREQUESTED_4
15:39:27.363 (index):487 FLOORRELEASED_5
15:39:27.363 (index):506 UPDATE_6
15:39:27.364 (index):527 WAITING_0
15:39:27.364 (index):527 WAITING_1
15:39:27.365 (index):527 WAITING_2
15:39:27.366 (index):527 WAITING_3
15:39:27.366 (index):527 WAITING_4
15:39:27.367 (index):520 FLOORREQUESTED_5
15:39:27.368 (index):487 FLOORRELEASED_6
15:39:27.368 (index):506 UPDATE_0
15:39:27.369 (index):527 WAITING_1
15:39:27.370 (index):527 WAITING_2
15:39:27.370 (index):527 WAITING_3
15:39:27.371 (index):527 WAITING_4
15:39:27.372 (index):527 WAITING_5
15:39:27.372 (index):520 FLOORREQUESTED_6
15:39:27.373 (index):487 FLOORRELEASED_0
15:39:27.373 (index):506 UPDATE_1
15:39:27.374 (index):527 WAITING_2
15:39:27.375 (index):527 WAITING_3
15:39:27.375 (index):527 WAITING_4
15:39:27.376 (index):527 WAITING_5
15:39:27.377 (index):527 WAITING_6
15:39:27.377 (index):520 FLOORREQUESTED_0
15:39:27.378 (index):487 FLOORRELEASED_1
15:39:27.379 (index):506 UPDATE_2
15:39:27.379 (index):527 WAITING_3
15:39:27.380 (index):527 WAITING_4
15:39:27.381 (index):527 WAITING_5
15:39:27.381 (index):527 WAITING_6
15:39:27.382 (index):527 WAITING_0
15:39:27.383 (index):520 FLOORREQUESTED_1
15:39:27.383 (index):487 FLOORRELEASED_2
15:39:27.384 (index):506 UPDATE_3
15:39:27.384 (index):527 WAITING_4
15:39:27.385 (index):527 WAITING_5
15:39:27.386 (index):527 WAITING_6
15:39:27.386 (index):527 WAITING_0
15:39:27.387 (index):527 WAITING_1
15:39:27.388 (index):520 FLOORREQUESTED_2
15:39:27.388 (index):487 FLOORRELEASED_3
15:39:27.389 (index):506 UPDATE_4
15:39:27.390 (index):527 WAITING_5
15:39:27.390 (index):527 WAITING_6
15:39:27.391 (index):527 WAITING_0
15:39:27.392 (index):527 WAITING_1
15:39:27.392 (index):527 WAITING_2
15:39:27.393 (index):520 FLOORREQUESTED_3
15:39:27.394 (index):487 FLOORRELEASED_4
15:39:27.394 (index):506 UPDATE_5
15:39:27.395 (index):527 WAITING_6
15:39:27.396 (index):527 WAITING_0
15:39:27.396 (index):527 WAITING_1
15:39:27.397 (index):527 WAITING_2
15:39:27.398 (index):527 WAITING_3
15:39:27.398 (index):520 FLOORREQUESTED_4
15:39:27.399 (index):487 FLOORRELEASED_5
15:39:27.399 (index):506 UPDATE_6
15:39:27.400 (index):527 WAITING_0
15:39:27.401 (index):527 WAITING_1
15:39:27.401 (index):527 WAITING_2
15:39:27.402 (index):527 WAITING_3
15:39:27.403 (index):527 WAITING_4
15:39:27.403 (index):520 FLOORREQUESTED_5
15:39:27.404 (index):487 FLOORRELEASED_6
15:39:27.405 (index):506 UPDATE_0
15:39:27.405 (index):527 WAITING_1
15:39:27.406 (index):527 WAITING_2
15:39:27.407 (index):527 WAITING_3
15:39:27.407 (index):527 WAITING_4
15:39:27.408 (index):527 WAITING_5
15:39:27.408 (index):520 FLOORREQUESTED_6
15:39:27.409 (index):487 FLOORRELEASED_0
15:39:27.410 (index):506 UPDATE_1
15:39:27.410 (index):527 WAITING_2
15:39:27.411 (index):527 WAITING_3
15:39:27.412 (index):527 WAITING_4
15:39:27.413 (index):527 WAITING_5
15:39:27.413 (index):527 WAITING_6
15:39:27.414 (index):520 FLOORREQUESTED_0
15:39:27.414 (index):487 FLOORRELEASED_1
15:39:27.415 (index):506 UPDATE_2
15:39:27.416 (index):527 WAITING_3
15:39:27.416 (index):527 WAITING_4
15:39:27.417 (index):527 WAITING_5
15:39:27.418 (index):527 WAITING_6
15:39:27.418 (index):527 WAITING_0
15:39:27.419 (index):520 FLOORREQUESTED_1
15:39:27.420 (index):487 FLOORRELEASED_2
15:39:27.420 (index):506 UPDATE_3
15:39:27.421 (index):527 WAITING_4
15:39:27.422 (index):527 WAITING_5
15:39:27.422 (index):527 WAITING_6
15:39:27.423 (index):527 WAITING_0
15:39:27.424 (index):527 WAITING_1
15:39:27.424 (index):520 FLOORREQUESTED_2
15:39:27.425 (index):487 FLOORRELEASED_3
15:39:27.425 (index):506 UPDATE_4
15:39:27.426 (index):527 WAITING_5
15:39:27.427 (index):527 WAITING_6
15:39:27.428 (index):527 WAITING_0
15:39:27.428 (index):527 WAITING_1
15:39:27.429 (index):527 WAITING_2
15:39:27.429 (index):520 FLOORREQUESTED_3
15:39:27.430 (index):487 FLOORRELEASED_4
15:39:27.431 (index):506 UPDATE_5
15:39:27.431 (index):527 WAITING_6
15:39:27.432 (index):527 WAITING_0
15:39:27.433 (index):527 WAITING_1
15:39:27.433 (index):527 WAITING_2
15:39:27.434 (index):527 WAITING_3
15:39:27.435 (index):520 FLOORREQUESTED_4
15:39:27.435 (index):487 FLOORRELEASED_5
15:39:27.436 (index):506 UPDATE_6
15:39:27.437 (index):527 WAITING_0
15:39:27.437 (index):527 WAITING_1
15:39:27.438 (index):527 WAITING_2
15:39:27.438 (index):527 WAITING_3
15:39:27.439 (index):527 WAITING_4
15:39:27.440 (index):520 FLOORREQUESTED_5
15:39:27.440 (index):487 FLOORRELEASED_6
15:39:27.441 (index):506 UPDATE_0
15:39:27.442 (index):527 WAITING_1
15:39:27.442 (index):527 WAITING_2
15:39:27.443 (index):527 WAITING_3
15:39:27.444 (index):527 WAITING_4
15:39:27.444 (index):527 WAITING_5
15:39:27.445 (index):520 FLOORREQUESTED_6
15:39:27.446 (index):487 FLOORRELEASED_0
15:39:27.446 (index):506 UPDATE_1
15:39:27.447 (index):527 WAITING_2
15:39:27.448 (index):527 WAITING_3
15:39:27.448 (index):527 WAITING_4
15:39:27.449 (index):527 WAITING_5
15:39:27.450 (index):527 WAITING_6
15:39:27.450 (index):520 FLOORREQUESTED_0
15:39:27.451 (index):487 FLOORRELEASED_1
15:39:27.452 (index):506 UPDATE_2
15:39:27.452 (index):527 WAITING_3
15:39:27.453 (index):527 WAITING_4
15:39:27.454 (index):527 WAITING_5
15:39:27.454 (index):527 WAITING_6
15:39:27.455 (index):527 WAITING_0
15:39:27.456 (index):520 FLOORREQUESTED_1
15:39:27.456 (index):487 FLOORRELEASED_2
15:39:27.457 (index):506 UPDATE_3
15:39:27.458 (index):527 WAITING_4
15:39:27.458 (index):527 WAITING_5
15:39:27.459 (index):527 WAITING_6
15:39:27.460 (index):527 WAITING_0
15:39:27.460 (index):527 WAITING_1
15:39:27.461 (index):520 FLOORREQUESTED_2
15:39:27.462 (index):487 FLOORRELEASED_3
15:39:27.462 (index):506 UPDATE_4
15:39:27.463 (index):527 WAITING_5
15:39:27.464 (index):527 WAITING_6
15:39:27.464 (index):527 WAITING_0
15:39:27.465 (index):527 WAITING_1
15:39:27.466 (index):527 WAITING_2
15:39:27.466 (index):520 FLOORREQUESTED_3
15:39:27.467 (index):487 FLOORRELEASED_4
15:39:27.467 (index):506 UPDATE_5
15:39:27.468 (index):527 WAITING_6
15:39:27.469 (index):527 WAITING_0
15:39:27.469 (index):527 WAITING_1
15:39:27.470 (index):527 WAITING_2
15:39:27.471 (index):527 WAITING_3
15:39:27.471 (index):520 FLOORREQUESTED_4
15:39:27.472 (index):487 FLOORRELEASED_5
15:39:27.473 (index):506 UPDATE_6
15:39:27.473 (index):527 WAITING_0
15:39:27.474 (index):527 WAITING_1
15:39:27.475 (index):527 WAITING_2
15:39:27.475 (index):527 WAITING_3
15:39:27.476 (index):527 WAITING_4
15:39:27.476 (index):520 FLOORREQUESTED_5
15:39:27.477 (index):487 FLOORRELEASED_6
15:39:27.478 (index):506 UPDATE_0
15:39:27.478 (index):527 WAITING_1
15:39:27.479 (index):527 WAITING_2
15:39:27.480 (index):527 WAITING_3
15:39:27.480 (index):527 WAITING_4
15:39:27.481 (index):527 WAITING_5
15:39:27.482 (index):520 FLOORREQUESTED_6
15:39:27.482 (index):487 FLOORRELEASED_0
15:39:27.483 (index):506 UPDATE_1
15:39:27.484 (index):527 WAITING_2
15:39:27.484 (index):527 WAITING_3
15:39:27.485 (index):527 WAITING_4
15:39:27.485 (index):527 WAITING_5
15:39:27.486 (index):527 WAITING_6
15:39:27.487 (index):520 FLOORREQUESTED_0
15:39:27.487 (index):487 FLOORRELEASED_1
15:39:27.488 (index):506 UPDATE_2
15:39:27.488 (index):527 WAITING_3
15:39:27.489 (index):527 WAITING_4
15:39:27.490 (index):527 WAITING_5
15:39:27.491 (index):527 WAITING_6
15:39:27.491 (index):527 WAITING_0
15:39:27.492 (index):520 FLOORREQUESTED_1
15:39:27.493 (index):487 FLOORRELEASED_2
15:39:27.493 (index):506 UPDATE_3
15:39:27.493 (index):527 WAITING_4
15:39:27.494 (index):527 WAITING_5
15:39:27.495 (index):527 WAITING_6
15:39:27.496 (index):527 WAITING_0
15:39:27.496 (index):527 WAITING_1
15:39:27.497 (index):520 FLOORREQUESTED_2
15:39:27.497 (index):487 FLOORRELEASED_3
15:39:27.498 (index):506 UPDATE_4
15:39:27.499 (index):527 WAITING_5
15:39:27.499 (index):527 WAITING_6
15:39:27.500 (index):527 WAITING_0
15:39:27.501 (index):527 WAITING_1
15:39:27.501 (index):527 WAITING_2
15:39:27.502 (index):520 FLOORREQUESTED_3
15:39:27.502 (index):487 FLOORRELEASED_4
15:39:27.503 (index):506 UPDATE_5
15:39:27.504 (index):527 WAITING_6
15:39:27.505 (index):527 WAITING_0
15:39:27.505 (index):527 WAITING_1
15:39:27.506 (index):527 WAITING_2
15:39:27.506 (index):527 WAITING_3
15:39:27.507 (index):520 FLOORREQUESTED_4
15:39:27.508 (index):487 FLOORRELEASED_5
15:39:27.508 (index):506 UPDATE_6
15:39:27.509 (index):527 WAITING_0
15:39:27.510 (index):527 WAITING_1
15:39:27.510 (index):527 WAITING_2
15:39:27.511 (index):527 WAITING_3
15:39:27.511 (index):527 WAITING_4
15:39:27.512 (index):520 FLOORREQUESTED_5
15:39:27.513 (index):487 FLOORRELEASED_6
15:39:27.514 (index):506 UPDATE_0
15:39:27.514 (index):527 WAITING_1
15:39:27.515 (index):527 WAITING_2
15:39:27.515 (index):527 WAITING_3
15:39:27.516 (index):527 WAITING_4
15:39:27.517 (index):527 WAITING_5
15:39:27.517 (index):520 FLOORREQUESTED_6
15:39:27.518 (index):487 FLOORRELEASED_0
15:39:27.518 (index):506 UPDATE_1
15:39:27.519 (index):527 WAITING_2
15:39:27.520 (index):527 WAITING_3
15:39:27.520 (index):527 WAITING_4
15:39:27.521 (index):527 WAITING_5
15:39:27.522 (index):527 WAITING_6
15:39:27.523 (index):520 FLOORREQUESTED_0
15:39:27.523 (index):487 FLOORRELEASED_1
15:39:27.524 (index):506 UPDATE_2
15:39:27.524 (index):527 WAITING_3
15:39:27.525 (index):527 WAITING_4
15:39:27.526 (index):527 WAITING_5
15:39:27.526 (index):527 WAITING_6
15:39:27.527 (index):527 WAITING_0
15:39:27.528 (index):520 FLOORREQUESTED_1
15:39:27.528 (index):487 FLOORRELEASED_2
15:39:27.529 (index):506 UPDATE_3
15:39:27.529 (index):527 WAITING_4
15:39:27.530 (index):527 WAITING_5
15:39:27.531 (index):527 WAITING_6
15:39:27.532 (index):527 WAITING_0
15:39:27.532 (index):527 WAITING_1
15:39:27.533 (index):520 FLOORREQUESTED_2
15:39:27.533 (index):487 FLOORRELEASED_3
15:39:27.534 (index):506 UPDATE_4
15:39:27.535 (index):527 WAITING_5
15:39:27.535 (index):527 WAITING_6
15:39:27.536 (index):527 WAITING_0
15:39:27.537 (index):527 WAITING_1
15:39:27.537 (index):527 WAITING_2
15:39:27.538 (index):520 FLOORREQUESTED_3
15:39:27.539 (index):487 FLOORRELEASED_4
15:39:27.539 (index):506 UPDATE_5
15:39:27.540 (index):527 WAITING_6
15:39:27.540 (index):527 WAITING_0
15:39:27.541 (index):527 WAITING_1
15:39:27.542 (index):527 WAITING_2
15:39:27.542 (index):527 WAITING_3
15:39:27.543 (index):520 FLOORREQUESTED_4
15:39:27.544 (index):487 FLOORRELEASED_5
15:39:27.544 (index):506 UPDATE_6
15:39:27.545 (index):527 WAITING_0
15:39:27.546 (index):527 WAITING_1
15:39:27.546 (index):527 WAITING_2
15:39:27.547 (index):527 WAITING_3
15:39:27.548 (index):527 WAITING_4
15:39:27.548 (index):520 FLOORREQUESTED_5
15:39:27.549 (index):487 FLOORRELEASED_6
15:39:27.549 (index):506 UPDATE_0
15:39:27.550 (index):527 WAITING_1
15:39:27.551 (index):527 WAITING_2
15:39:27.552 (index):527 WAITING_3
15:39:27.552 (index):527 WAITING_4
15:39:27.553 (index):527 WAITING_5
15:39:27.553 (index):520 FLOORREQUESTED_6
15:39:27.554 (index):539 END_0
15:39:27.555 (index):506 UPDATE_1
15:39:27.555 (index):527 WAITING_2
15:39:27.556 (index):527 WAITING_3
15:39:27.557 (index):527 WAITING_4
15:39:27.557 (index):527 WAITING_5
15:39:27.558 (index):527 WAITING_6
15:39:27.559 (index):539 END_1
15:39:27.560 (index):506 UPDATE_2
15:39:27.560 (index):527 WAITING_3
15:39:27.561 (index):527 WAITING_4
15:39:27.562 (index):527 WAITING_5
15:39:27.562 (index):527 WAITING_6
15:39:27.564 (index):539 END_2
15:39:27.565 (index):506 UPDATE_3
15:39:27.566 (index):527 WAITING_4
15:39:27.566 (index):527 WAITING_5
15:39:27.567 (index):527 WAITING_6
15:39:27.570 (index):539 END_3
15:39:27.570 (index):506 UPDATE_4
15:39:27.571 (index):527 WAITING_5
15:39:27.571 (index):527 WAITING_6
15:39:27.575 (index):539 END_4
15:39:27.575 (index):506 UPDATE_5
15:39:27.576 (index):527 WAITING_6
15:39:27.580 (index):539 END_5
15:39:27.580 (index):506 UPDATE_6
15:39:27.585 (index):539 END_6
