15:39:25.999 (index):593 Tasks: 25; Collaborators: 4    =========================>
15:39:25.999 (index):520 FLOORREQUESTED_0
15:39:26.000 (index):520 FLOORREQUESTED_1
15:39:26.000 (index):520 FLOORREQUESTED_2
15:39:26.000 (index):520 FLOORREQUESTED_3
15:39:26.004 (index):487 FLOORRELEASED_0
15:39:26.004 (index):487 FLOORRELEASED_1
15:39:26.005 (index):487 FLOORRELEASED_2
15:39:26.005 (index):487 FLOORRELEASED_3
15:39:26.008 (index):520 FLOORREQUESTED_0
15:39:26.009 (index):520 FLOORREQUESTED_1
15:39:26.009 (index):520 FLOORREQUESTED_2
15:39:26.010 (index):520 FLOORREQUESTED_3
15:39:26.013 (index):506 UPDATE_0
15:39:26.013 (index):527 WAITING_1
15:39:26.014 (index):527 WAITING_2
15:39:26.014 (index):527 WAITING_3
15:39:26.017 (index):487 FLOORRELEASED_0
15:39:26.018 (index):506 UPDATE_1
15:39:26.018 (index):527 WAITING_2
15:39:26.018 (index):527 WAITING_3
15:39:26.022 (index):520 FLOORREQUESTED_0
15:39:26.022 (index):487 FLOORRELEASED_1
15:39:26.023 (index):506 UPDATE_2
15:39:26.023 (index):527 WAITING_3
15:39:26.026 (index):527 WAITING_0
15:39:26.027 (index):520 FLOORREQUESTED_1
15:39:26.027 (index):487 FLOORRELEASED_2
15:39:26.028 (index):506 UPDATE_3
15:39:26.031 (index):527 WAITING_0
15:39:26.031 (index):527 WAITING_1
15:39:26.032 (index):520 FLOORREQUESTED_2
15:39:26.032 (index):487 FLOORRELEASED_3
15:39:26.035 (index):506 UPDATE_0
15:39:26.036 (index):527 WAITING_1
15:39:26.036 (index):527 WAITING_2
15:39:26.037 (index):520 FLOORREQUESTED_3
15:39:26.040 (index):487 FLOORRELEASED_0
15:39:26.040 (index):506 UPDATE_1
15:39:26.041 (index):527 WAITING_2
15:39:26.041 (index):527 WAITING_3
15:39:26.044 (index):520 FLOORREQUESTED_0
15:39:26.045 (index):487 FLOORRELEASED_1
15:39:26.045 (index):506 UPDATE_2
15:39:26.046 (index):527 WAITING_3
15:39:26.049 (index):527 WAITING_0
15:39:26.049 (index):520 FLOORREQUESTED_1
15:39:26.050 (index):487 FLOORRELEASED_2
15:39:26.050 (index):506 UPDATE_3
15:39:26.053 (index):527 WAITING_0
15:39:26.054 (index):527 WAITING_1
15:39:26.055 (index):520 FLOORREQUESTED_2
15:39:26.055 (index):487 FLOORRELEASED_3
15:39:26.058 (index):506 UPDATE_0
15:39:26.059 (index):527 WAITING_1
15:39:26.059 (index):527 WAITING_2
15:39:26.060 (index):520 FLOORREQUESTED_3
15:39:26.063 (index):487 FLOORRELEASED_0
15:39:26.063 (index):506 UPDATE_1
15:39:26.064 (index):527 WAITING_2
15:39:26.064 (index):527 WAITING_3
15:39:26.067 (index):520 FLOORREQUESTED_0
15:39:26.068 (index):487 FLOORRELEASED_1
15:39:26.068 (index):506 UPDATE_2
15:39:26.069 (index):527 WAITING_3
15:39:26.072 (index):527 WAITING_0
15:39:26.072 (index):520 FLOORREQUESTED_1
15:39:26.073 (index):487 FLOORRELEASED_2
15:39:26.073 (index):506 UPDATE_3
15:39:26.076 (index):527 WAITING_0
15:39:26.077 (index):527 WAITING_1
15:39:26.077 (index):520 FLOORREQUESTED_2
15:39:26.078 (index):487 FLOORRELEASED_3
15:39:26.081 (index):506 UPDATE_0
15:39:26.081 (index):527 WAITING_1
15:39:26.082 (index):527 WAITING_2
15:39:26.082 (index):520 FLOORREQUESTED_3
15:39:26.085 (index):487 FLOORRELEASED_0
15:39:26.086 (index):506 UPDATE_1
15:39:26.086 (index):527 WAITING_2
15:39:26.087 (index):527 WAITING_3
15:39:26.090 (index):520 FLOORREQUESTED_0
15:39:26.090 (index):487 FLOORRELEASED_1
15:39:26.091 (index):506 UPDATE_2
15:39:26.091 (index):527 WAITING_3
15:39:26.094 (index):527 WAITING_0
15:39:26.095 (index):520 FLOORREQUESTED_1
15:39:26.095 (index):487 FLOORRELEASED_2
15:39:26.096 (index):506 UPDATE_3
15:39:26.099 (index):527 WAITING_0
15:39:26.099 (index):527 WAITING_1
15:39:26.100 (index):520 FLOORREQUESTED_2
15:39:26.100 (index):487 FLOORRELEASED_3
15:39:26.103 (index):506 UPDATE_0
15:39:26.104 (index):527 WAITING_1
15:39:26.104 (index):527 WAITING_2
15:39:26.105 (index):520 FLOORREQUESTED_3
15:39:26.108 (index):487 FLOORRELEASED_0
15:39:26.108 (index):506 UPDATE_1
15:39:26.109 (index):527 WAITING_2
15:39:26.109 (index):527 WAITING_3
15:39:26.112 (index):520 FLOORREQUESTED_0
15:39:26.113 (index):487 FLOORRELEASED_1
15:39:26.114 (index):506 UPDATE_2
15:39:26.114 (index):527 WAITING_3
15:39:26.117 (index):527 WAITING_0
15:39:26.118 (index):520 FLOORREQUESTED_1
15:39:26.118 (index):487 FLOORRELEASED_2
15:39:26.119 (index):506 UPDATE_3
15:39:26.122 (index):527 WAITING_0
15:39:26.122 (index):527 WAITING_1
15:39:26.123 (index):520 FLOORREQUESTED_2
15:39:26.123 (index):487 FLOORRELEASED_3
15:39:26.126 (index):506 UPDATE_0
15:39:26.127 (index):527 WAITING_1
15:39:26.127 (index):527 WAITING_2
15:39:26.128 (index):520 FLOORREQUESTED_3
15:39:26.131 (index):487 FLOORRELEASED_0
15:39:26.131 (index):506 UPDATE_1
15:39:26.132 (index):527 WAITING_2
15:39:26.133 (index):527 WAITING_3
15:39:26.135 (index):520 FLOORREQUESTED_0
15:39:26.136 (index):487 FLOORRELEASED_1
15:39:26.137 (index):506 UPDATE_2
15:39:26.137 (index):527 WAITING_3
15:39:26.140 (index):527 WAITING_0
15:39:26.141 (index):520 FLOORREQUESTED_1
15:39:26.141 (index):487 FLOORRELEASED_2
15:39:26.142 (index):506 UPDATE_3
15:39:26.145 (index):527 WAITING_0
15:39:26.146 (index):527 WAITING_1
15:39:26.147 (index):520 FLOORREQUESTED_2
15:39:26.148 (index):487 FLOORRELEASED_3
15:39:26.150 (index):506 UPDATE_0
15:39:26.151 (index):527 WAITING_1
15:39:26.151 (index):527 WAITING_2
15:39:26.152 (index):520 FLOORREQUESTED_3
15:39:26.154 (index):487 FLOORRELEASED_0
15:39:26.155 (index):506 UPDATE_1
15:39:26.156 (index):527 WAITING_2
15:39:26.157 (index):527 WAITING_3
15:39:26.159 (index):520 FLOORREQUESTED_0
15:39:26.160 (index):487 FLOORRELEASED_1
15:39:26.160 (index):506 UPDATE_2
15:39:26.161 (index):527 WAITING_3
15:39:26.164 (index):527 WAITING_0
15:39:26.164 (index):520 FLOORREQUESTED_1
15:39:26.165 (index):487 FLOORRELEASED_2
15:39:26.166 (index):506 UPDATE_3
15:39:26.168 (index):527 WAITING_0
15:39:26.169 (index):527 WAITING_1
15:39:26.169 (index):520 FLOORREQUESTED_2
15:39:26.170 (index):487 FLOORRELEASED_3
15:39:26.173 (index):506 UPDATE_0
15:39:26.173 (index):527 WAITING_1
15:39:26.174 (index):527 WAITING_2
15:39:26.175 (index):520 FLOORREQUESTED_3
15:39:26.177 (index):487 FLOORRELEASED_0
15:39:26.178 (index):506 UPDATE_1
15:39:26.179 (index):527 WAITING_2
15:39:26.179 (index):527 WAITING_3
15:39:26.182 (index):520 FLOORREQUESTED_0
15:39:26.182 (index):487 FLOORRELEASED_1
15:39:26.183 (index):506 UPDATE_2
15:39:26.184 (index):527 WAITING_3
15:39:26.186 (index):527 WAITING_0
15:39:26.187 (index):520 FLOORREQUESTED_1
15:39:26.188 (index):487 FLOORRELEASED_2
15:39:26.188 (index):506 UPDATE_3
15:39:26.191 (index):527 WAITING_0
15:39:26.191 (index):527 WAITING_1
15:39:26.192 (index):520 FLOORREQUESTED_2
15:39:26.193 (index):487 FLOORRELEASED_3
15:39:26.195 (index):506 UPDATE_0
15:39:26.196 (index):527 WAITING_1
15:39:26.197 (index):527 WAITING_2
15:39:26.197 (index):520 FLOORREQUESTED_3
15:39:26.200 (index):487 FLOORRELEASED_0
15:39:26.201 (index):506 UPDATE_1
15:39:26.201 (index):527 WAITING_2
15:39:26.202 (index):527 WAITING_3
15:39:26.204 (index):520 FLOORREQUESTED_0
15:39:26.205 (index):487 FLOORRELEASED_1
15:39:26.206 (index):506 UPDATE_2
15:39:26.206 (index):527 WAITING_3
15:39:26.209 (index):527 WAITING_0
15:39:26.210 (index):520 FLOORREQUESTED_1
15:39:26.210 (index):487 FLOORRELEASED_2
15:39:26.211 (index):506 UPDATE_3
15:39:26.213 (index):527 WAITING_0
15:39:26.214 (index):527 WAITING_1
15:39:26.215 (index):520 FLOORREQUESTED_2
15:39:26.216 (index):487 FLOORRELEASED_3
15:39:26.218 (index):506 UPDATE_0
15:39:26.219 (index):527 WAITING_1
15:39:26.219 (index):527 WAITING_2
15:39:26.220 (index):520 FLOORREQUESTED_3
15:39:26.223 (index):487 FLOORRELEASED_0
15:39:26.223 (index):506 UPDATE_1
15:39:26.224 (index):527 WAITING_2
15:39:26.225 (index):527 WAITING_3
15:39:26.227 (index):520 FLOORREQUESTED_0
15:39:26.228 (index):487 FLOORRELEASED_1
15:39:26.228 (index):506 UPDATE_2
15:39:26.229 (index):527 WAITING_3
15:39:26.232 (index):527 WAITING_0
15:39:26.232 (index):520 FLOORREQUESTED_1
15:39:26.233 (index):487 FLOORRELEASED_2
15:39:26.234 (index):506 UPDATE_3
15:39:26.236 (index):527 WAITING_0
15:39:26.237 (index):527 WAITING_1
15:39:26.238 (index):520 FLOORREQUESTED_2
15:39:26.238 (index):487 FLOORRELEASED_3
15:39:26.241 (index):506 UPDATE_0
15:39:26.241 (index):527 WAITING_1
15:39:26.242 (index):527 WAITING_2
15:39:26.243 (index):520 FLOORREQUESTED_3
15:39:26.245 (index):487 FLOORRELEASED_0
15:39:26.246 (index):506 UPDATE_1
15:39:26.247 (index):527 WAITING_2
15:39:26.247 (index):527 WAITING_3
15:39:26.250 (index):520 FLOORREQUESTED_0
15:39:26.250 (index):487 FLOORRELEASED_1
15:39:26.251 (index):506 UPDATE_2
15:39:26.252 (index):527 WAITING_3
15:39:26.254 (index):527 WAITING_0
15:39:26.255 (index):520 FLOORREQUESTED_1
15:39:26.256 (index):487 FLOORRELEASED_2
15:39:26.256 (index):506 UPDATE_3
15:39:26.259 (index):527 WAITING_0
15:39:26.259 (index):527 WAITING_1
15:39:26.260 (index):520 FLOORREQUESTED_2
15:39:26.261 (index):487 FLOORRELEASED_3
15:39:26.263 (index):506 UPDATE_0
15:39:26.264 (index):527 WAITING_1
15:39:26.265 (index):527 WAITING_2
15:39:26.265 (index):520 FLOORREQUESTED_3
15:39:26.268 (index):487 FLOORRELEASED_0
15:39:26.268 (index):506 UPDATE_1
15:39:26.269 (index):527 WAITING_2
15:39:26.270 (index):527 WAITING_3
15:39:26.272 (index):520 FLOORREQUESTED_0
15:39:26.273 (index):487 FLOORRELEASED_1
15:39:26.274 (index):506 UPDATE_2
15:39:26.274 (index):527 WAITING_3
15:39:26.277 (index):527 WAITING_0
15:39:26.277 (index):520 FLOORREQUESTED_1
15:39:26.278 (index):487 FLOORRELEASED_2
15:39:26.279 (index):506 UPDATE_3
15:39:26.281 (index):527 WAITING_0
15:39:26.282 (index):527 WAITING_1
15:39:26.283 (index):520 FLOORREQUESTED_2
15:39:26.283 (index):487 FLOORRELEASED_3
15:39:26.286 (index):506 UPDATE_0
15:39:26.287 (index):527 WAITING_1
15:39:26.287 (index):527 WAITING_2
15:39:26.288 (index):520 FLOORREQUESTED_3
15:39:26.291 (index):539 END_0
15:39:26.291 (index):506 UPDATE_1
15:39:26.292 (index):527 WAITING_2
15:39:26.292 (index):527 WAITING_3
15:39:26.296 (index):539 END_1
15:39:26.296 (index):506 UPDATE_2
15:39:26.297 (index):527 WAITING_3
15:39:26.301 (index):539 END_2
15:39:26.301 (index):506 UPDATE_3
15:39:26.306 (index):539 END_3
