15:39:24.936 fiddle.jshell.net/:564 Tasks: 25; Collaborators: 1
15:39:24.936 fiddle.jshell.net/:520 FLOORREQUESTED_0
15:39:24.962 fiddle.jshell.net/:487 FLOORRELEASED_0
15:39:24.967 fiddle.jshell.net/:520 FLOORREQUESTED_0
15:39:24.972 fiddle.jshell.net/:506 UPDATE_0
15:39:24.977 fiddle.jshell.net/:487 FLOORRELEASED_0
15:39:24.989 fiddle.jshell.net/:520 FLOORREQUESTED_0
15:39:24.993 fiddle.jshell.net/:506 UPDATE_0
15:39:24.997 fiddle.jshell.net/:487 FLOORRELEASED_0
15:39:25.002 fiddle.jshell.net/:520 FLOORREQUESTED_0
15:39:25.220 fiddle.jshell.net/:506 UPDATE_0
15:39:25.338 (index):487 FLOORRELEASED_0
15:39:25.343 (index):520 FLOORREQUESTED_0
15:39:25.348 (index):506 UPDATE_0
15:39:25.352 (index):487 FLOORRELEASED_0
15:39:25.356 (index):520 FLOORREQUESTED_0
15:39:25.361 (index):506 UPDATE_0
15:39:25.365 (index):487 FLOORRELEASED_0
15:39:25.369 (index):520 FLOORREQUESTED_0
15:39:25.431 (index):506 UPDATE_0
15:39:25.436 (index):487 FLOORRELEASED_0
15:39:25.440 (index):520 FLOORREQUESTED_0
15:39:25.445 (index):506 UPDATE_0
15:39:25.449 (index):487 FLOORRELEASED_0
15:39:25.454 (index):520 FLOORREQUESTED_0
15:39:25.459 (index):506 UPDATE_0
15:39:25.463 (index):487 FLOORRELEASED_0
15:39:25.468 (index):520 FLOORREQUESTED_0
15:39:25.473 (index):506 UPDATE_0
15:39:25.478 (index):487 FLOORRELEASED_0
15:39:25.482 (index):520 FLOORREQUESTED_0
15:39:25.487 (index):506 UPDATE_0
15:39:25.492 (index):487 FLOORRELEASED_0
15:39:25.497 (index):520 FLOORREQUESTED_0
15:39:25.501 (index):506 UPDATE_0
15:39:25.505 (index):487 FLOORRELEASED_0
15:39:25.510 (index):520 FLOORREQUESTED_0
15:39:25.515 (index):506 UPDATE_0
15:39:25.520 (index):487 FLOORRELEASED_0
15:39:25.525 (index):520 FLOORREQUESTED_0
15:39:25.530 (index):506 UPDATE_0
15:39:25.535 (index):539 END_0
