15:39:31.753 (index):764 Tasks: 25; Collaborators: 13    =========================>
15:39:31.754 (index):520 FLOORREQUESTED_0
15:39:31.755 (index):520 FLOORREQUESTED_1
15:39:31.755 (index):520 FLOORREQUESTED_2
15:39:31.756 (index):520 FLOORREQUESTED_3
15:39:31.757 (index):520 FLOORREQUESTED_4
15:39:31.757 (index):520 FLOORREQUESTED_5
15:39:31.758 (index):520 FLOORREQUESTED_6
15:39:31.758 (index):520 FLOORREQUESTED_7
15:39:31.759 (index):520 FLOORREQUESTED_8
15:39:31.760 (index):520 FLOORREQUESTED_9
15:39:31.760 (index):520 FLOORREQUESTED_10
15:39:31.761 (index):520 FLOORREQUESTED_11
15:39:31.761 (index):520 FLOORREQUESTED_12
15:39:31.762 (index):487 FLOORRELEASED_0
15:39:31.762 (index):487 FLOORRELEASED_1
15:39:31.763 (index):487 FLOORRELEASED_2
15:39:31.764 (index):487 FLOORRELEASED_3
15:39:31.764 (index):487 FLOORRELEASED_4
15:39:31.765 (index):487 FLOORRELEASED_5
15:39:31.765 (index):487 FLOORRELEASED_6
15:39:31.766 (index):487 FLOORRELEASED_7
15:39:31.767 (index):487 FLOORRELEASED_8
15:39:31.767 (index):487 FLOORRELEASED_9
15:39:31.768 (index):487 FLOORRELEASED_10
15:39:31.768 (index):487 FLOORRELEASED_11
15:39:31.769 (index):487 FLOORRELEASED_12
15:39:31.769 (index):520 FLOORREQUESTED_0
15:39:31.770 (index):520 FLOORREQUESTED_1
15:39:31.771 (index):520 FLOORREQUESTED_2
15:39:31.771 (index):520 FLOORREQUESTED_3
15:39:31.772 (index):520 FLOORREQUESTED_4
15:39:31.772 (index):520 FLOORREQUESTED_5
15:39:31.773 (index):520 FLOORREQUESTED_6
15:39:31.774 (index):520 FLOORREQUESTED_7
15:39:31.774 (index):520 FLOORREQUESTED_8
15:39:31.775 (index):520 FLOORREQUESTED_9
15:39:31.775 (index):520 FLOORREQUESTED_10
15:39:31.776 (index):520 FLOORREQUESTED_11
15:39:31.776 (index):520 FLOORREQUESTED_12
15:39:31.777 (index):506 UPDATE_0
15:39:31.778 (index):527 WAITING_1
15:39:31.778 (index):527 WAITING_2
15:39:31.779 (index):527 WAITING_3
15:39:31.779 (index):527 WAITING_4
15:39:31.780 (index):527 WAITING_5
15:39:31.781 (index):527 WAITING_6
15:39:31.781 (index):527 WAITING_7
15:39:31.782 (index):527 WAITING_8
15:39:31.782 (index):527 WAITING_9
15:39:31.783 (index):527 WAITING_10
15:39:31.783 (index):527 WAITING_11
15:39:31.784 (index):527 WAITING_12
15:39:31.785 (index):487 FLOORRELEASED_0
15:39:31.785 (index):506 UPDATE_1
15:39:31.786 (index):527 WAITING_2
15:39:31.786 (index):527 WAITING_3
15:39:31.787 (index):527 WAITING_4
15:39:31.788 (index):527 WAITING_5
15:39:31.788 (index):527 WAITING_6
15:39:31.789 (index):527 WAITING_7
15:39:31.789 (index):527 WAITING_8
15:39:31.790 (index):527 WAITING_9
15:39:31.790 (index):527 WAITING_10
15:39:31.791 (index):527 WAITING_11
15:39:31.792 (index):527 WAITING_12
15:39:31.792 (index):520 FLOORREQUESTED_0
15:39:31.793 (index):487 FLOORRELEASED_1
15:39:31.793 (index):506 UPDATE_2
15:39:31.794 (index):527 WAITING_3
15:39:31.795 (index):527 WAITING_4
15:39:31.795 (index):527 WAITING_5
15:39:31.796 (index):527 WAITING_6
15:39:31.796 (index):527 WAITING_7
15:39:31.797 (index):527 WAITING_8
15:39:31.798 (index):527 WAITING_9
15:39:31.798 (index):527 WAITING_10
15:39:31.799 (index):527 WAITING_11
15:39:31.799 (index):527 WAITING_12
15:39:31.800 (index):527 WAITING_0
15:39:31.801 (index):520 FLOORREQUESTED_1
15:39:31.801 (index):487 FLOORRELEASED_2
15:39:31.802 (index):506 UPDATE_3
15:39:31.802 (index):527 WAITING_4
15:39:31.803 (index):527 WAITING_5
15:39:31.803 (index):527 WAITING_6
15:39:31.804 (index):527 WAITING_7
15:39:31.805 (index):527 WAITING_8
15:39:31.805 (index):527 WAITING_9
15:39:31.806 (index):527 WAITING_10
15:39:31.806 (index):527 WAITING_11
15:39:31.807 (index):527 WAITING_12
15:39:31.808 (index):527 WAITING_0
15:39:31.808 (index):527 WAITING_1
15:39:31.809 (index):520 FLOORREQUESTED_2
15:39:31.809 (index):487 FLOORRELEASED_3
15:39:31.810 (index):506 UPDATE_4
15:39:31.811 (index):527 WAITING_5
15:39:31.811 (index):527 WAITING_6
15:39:31.812 (index):527 WAITING_7
15:39:31.812 (index):527 WAITING_8
15:39:31.813 (index):527 WAITING_9
15:39:31.813 (index):527 WAITING_10
15:39:31.814 (index):527 WAITING_11
15:39:31.815 (index):527 WAITING_12
15:39:31.815 (index):527 WAITING_0
15:39:31.816 (index):527 WAITING_1
15:39:31.816 (index):527 WAITING_2
15:39:31.817 (index):520 FLOORREQUESTED_3
15:39:31.818 (index):487 FLOORRELEASED_4
15:39:31.818 (index):506 UPDATE_5
15:39:31.819 (index):527 WAITING_6
15:39:31.819 (index):527 WAITING_7
15:39:31.820 (index):527 WAITING_8
15:39:31.821 (index):527 WAITING_9
15:39:31.821 (index):527 WAITING_10
15:39:31.822 (index):527 WAITING_11
15:39:31.822 (index):527 WAITING_12
15:39:31.823 (index):527 WAITING_0
15:39:31.823 (index):527 WAITING_1
15:39:31.824 (index):527 WAITING_2
15:39:31.825 (index):527 WAITING_3
15:39:31.825 (index):520 FLOORREQUESTED_4
15:39:31.826 (index):487 FLOORRELEASED_5
15:39:31.827 (index):506 UPDATE_6
15:39:31.827 (index):527 WAITING_7
15:39:31.828 (index):527 WAITING_8
15:39:31.828 (index):527 WAITING_9
15:39:31.829 (index):527 WAITING_10
15:39:31.829 (index):527 WAITING_11
15:39:31.830 (index):527 WAITING_12
15:39:31.831 (index):527 WAITING_0
15:39:31.832 (index):527 WAITING_1
15:39:31.832 (index):527 WAITING_2
15:39:31.832 (index):527 WAITING_3
15:39:31.833 (index):527 WAITING_4
15:39:31.833 (index):520 FLOORREQUESTED_5
15:39:31.834 (index):487 FLOORRELEASED_6
15:39:31.834 (index):506 UPDATE_7
15:39:31.835 (index):527 WAITING_8
15:39:31.835 (index):527 WAITING_9
15:39:31.835 (index):527 WAITING_10
15:39:31.836 (index):527 WAITING_11
15:39:31.836 (index):527 WAITING_12
15:39:31.837 (index):527 WAITING_0
15:39:31.837 (index):527 WAITING_1
15:39:31.838 (index):527 WAITING_2
15:39:31.838 (index):527 WAITING_3
15:39:31.838 (index):527 WAITING_4
15:39:31.839 (index):527 WAITING_5
15:39:31.839 (index):520 FLOORREQUESTED_6
15:39:31.840 (index):487 FLOORRELEASED_7
15:39:31.840 (index):506 UPDATE_8
15:39:31.840 (index):527 WAITING_9
15:39:31.841 (index):527 WAITING_10
15:39:31.841 (index):527 WAITING_11
15:39:31.842 (index):527 WAITING_12
15:39:31.842 (index):527 WAITING_0
15:39:31.843 (index):527 WAITING_1
15:39:31.843 (index):527 WAITING_2
15:39:31.843 (index):527 WAITING_3
15:39:31.844 (index):527 WAITING_4
15:39:31.844 (index):527 WAITING_5
15:39:31.845 (index):527 WAITING_6
15:39:31.845 (index):520 FLOORREQUESTED_7
15:39:31.846 (index):487 FLOORRELEASED_8
15:39:31.846 (index):506 UPDATE_9
15:39:31.846 (index):527 WAITING_10
15:39:31.847 (index):527 WAITING_11
15:39:31.847 (index):527 WAITING_12
15:39:31.848 (index):527 WAITING_0
15:39:31.848 (index):527 WAITING_1
15:39:31.848 (index):527 WAITING_2
15:39:31.849 (index):527 WAITING_3
15:39:31.849 (index):527 WAITING_4
15:39:31.850 (index):527 WAITING_5
15:39:31.850 (index):527 WAITING_6
15:39:31.851 (index):527 WAITING_7
15:39:31.851 (index):520 FLOORREQUESTED_8
15:39:31.851 (index):487 FLOORRELEASED_9
15:39:31.852 (index):506 UPDATE_10
15:39:31.852 (index):527 WAITING_11
15:39:31.853 (index):527 WAITING_12
15:39:31.853 (index):527 WAITING_0
15:39:31.853 (index):527 WAITING_1
15:39:31.854 (index):527 WAITING_2
15:39:31.854 (index):527 WAITING_3
15:39:31.855 (index):527 WAITING_4
15:39:31.855 (index):527 WAITING_5
15:39:31.856 (index):527 WAITING_6
15:39:31.856 (index):527 WAITING_7
15:39:31.856 (index):527 WAITING_8
15:39:31.857 (index):520 FLOORREQUESTED_9
15:39:31.857 (index):487 FLOORRELEASED_10
15:39:31.858 (index):506 UPDATE_11
15:39:31.858 (index):527 WAITING_12
15:39:31.859 (index):527 WAITING_0
15:39:31.859 (index):527 WAITING_1
15:39:31.859 (index):527 WAITING_2
15:39:31.860 (index):527 WAITING_3
15:39:31.860 (index):527 WAITING_4
15:39:31.861 (index):527 WAITING_5
15:39:31.861 (index):527 WAITING_6
15:39:31.861 (index):527 WAITING_7
15:39:31.862 (index):527 WAITING_8
15:39:31.862 (index):527 WAITING_9
15:39:31.863 (index):520 FLOORREQUESTED_10
15:39:31.863 (index):487 FLOORRELEASED_11
15:39:31.864 (index):506 UPDATE_12
15:39:31.864 (index):527 WAITING_0
15:39:31.864 (index):527 WAITING_1
15:39:31.865 (index):527 WAITING_2
15:39:31.865 (index):527 WAITING_3
15:39:31.866 (index):527 WAITING_4
15:39:31.866 (index):527 WAITING_5
15:39:31.867 (index):527 WAITING_6
15:39:31.867 (index):527 WAITING_7
15:39:31.867 (index):527 WAITING_8
15:39:31.868 (index):527 WAITING_9
15:39:31.868 (index):527 WAITING_10
15:39:31.869 (index):520 FLOORREQUESTED_11
15:39:31.869 (index):487 FLOORRELEASED_12
15:39:31.869 (index):506 UPDATE_0
15:39:31.870 (index):527 WAITING_1
15:39:31.870 (index):527 WAITING_2
15:39:31.871 (index):527 WAITING_3
15:39:31.871 (index):527 WAITING_4
15:39:31.872 (index):527 WAITING_5
15:39:31.872 (index):527 WAITING_6
15:39:31.872 (index):527 WAITING_7
15:39:31.873 (index):527 WAITING_8
15:39:31.873 (index):527 WAITING_9
15:39:31.874 (index):527 WAITING_10
15:39:31.874 (index):527 WAITING_11
15:39:31.875 (index):520 FLOORREQUESTED_12
15:39:31.875 (index):487 FLOORRELEASED_0
15:39:31.875 (index):506 UPDATE_1
15:39:31.876 (index):527 WAITING_2
15:39:31.876 (index):527 WAITING_3
15:39:31.877 (index):527 WAITING_4
15:39:31.877 (index):527 WAITING_5
15:39:31.878 (index):527 WAITING_6
15:39:31.878 (index):527 WAITING_7
15:39:31.878 (index):527 WAITING_8
15:39:31.879 (index):527 WAITING_9
15:39:31.879 (index):527 WAITING_10
15:39:31.880 (index):527 WAITING_11
15:39:31.880 (index):527 WAITING_12
15:39:31.880 (index):520 FLOORREQUESTED_0
15:39:31.881 (index):487 FLOORRELEASED_1
15:39:31.881 (index):506 UPDATE_2
15:39:31.882 (index):527 WAITING_3
15:39:31.882 (index):527 WAITING_4
15:39:31.883 (index):527 WAITING_5
15:39:31.883 (index):527 WAITING_6
15:39:31.883 (index):527 WAITING_7
15:39:31.884 (index):527 WAITING_8
15:39:31.884 (index):527 WAITING_9
15:39:31.885 (index):527 WAITING_10
15:39:31.885 (index):527 WAITING_11
15:39:31.886 (index):527 WAITING_12
15:39:31.886 (index):527 WAITING_0
15:39:31.886 (index):520 FLOORREQUESTED_1
15:39:31.887 (index):487 FLOORRELEASED_2
15:39:31.887 (index):506 UPDATE_3
15:39:31.888 (index):527 WAITING_4
15:39:31.888 (index):527 WAITING_5
15:39:31.888 (index):527 WAITING_6
15:39:31.889 (index):527 WAITING_7
15:39:31.889 (index):527 WAITING_8
15:39:31.890 (index):527 WAITING_9
15:39:31.890 (index):527 WAITING_10
15:39:31.891 (index):527 WAITING_11
15:39:31.891 (index):527 WAITING_12
15:39:31.891 (index):527 WAITING_0
15:39:31.892 (index):527 WAITING_1
15:39:31.892 (index):520 FLOORREQUESTED_2
15:39:31.893 (index):487 FLOORRELEASED_3
15:39:31.893 (index):506 UPDATE_4
15:39:31.894 (index):527 WAITING_5
15:39:31.894 (index):527 WAITING_6
15:39:31.894 (index):527 WAITING_7
15:39:31.895 (index):527 WAITING_8
15:39:31.895 (index):527 WAITING_9
15:39:31.896 (index):527 WAITING_10
15:39:31.896 (index):527 WAITING_11
15:39:31.897 (index):527 WAITING_12
15:39:31.897 (index):527 WAITING_0
15:39:31.897 (index):527 WAITING_1
15:39:31.898 (index):527 WAITING_2
15:39:31.898 (index):520 FLOORREQUESTED_3
15:39:31.899 (index):487 FLOORRELEASED_4
15:39:31.899 (index):506 UPDATE_5
15:39:31.899 (index):527 WAITING_6
15:39:31.900 (index):527 WAITING_7
15:39:31.900 (index):527 WAITING_8
15:39:31.901 (index):527 WAITING_9
15:39:31.901 (index):527 WAITING_10
15:39:31.902 (index):527 WAITING_11
15:39:31.902 (index):527 WAITING_12
15:39:31.902 (index):527 WAITING_0
15:39:31.903 (index):527 WAITING_1
15:39:31.903 (index):527 WAITING_2
15:39:31.904 (index):527 WAITING_3
15:39:31.904 (index):520 FLOORREQUESTED_4
15:39:31.905 (index):487 FLOORRELEASED_5
15:39:31.905 (index):506 UPDATE_6
15:39:31.905 (index):527 WAITING_7
15:39:31.906 (index):527 WAITING_8
15:39:31.906 (index):527 WAITING_9
15:39:31.907 (index):527 WAITING_10
15:39:31.907 (index):527 WAITING_11
15:39:31.908 (index):527 WAITING_12
15:39:31.908 (index):527 WAITING_0
15:39:31.908 (index):527 WAITING_1
15:39:31.909 (index):527 WAITING_2
15:39:31.909 (index):527 WAITING_3
15:39:31.910 (index):527 WAITING_4
15:39:31.910 (index):520 FLOORREQUESTED_5
15:39:31.910 (index):487 FLOORRELEASED_6
15:39:31.911 (index):506 UPDATE_7
15:39:31.911 (index):527 WAITING_8
15:39:31.912 (index):527 WAITING_9
15:39:31.912 (index):527 WAITING_10
15:39:31.913 (index):527 WAITING_11
15:39:31.913 (index):527 WAITING_12
15:39:31.913 (index):527 WAITING_0
15:39:31.914 (index):527 WAITING_1
15:39:31.914 (index):527 WAITING_2
15:39:31.915 (index):527 WAITING_3
15:39:31.915 (index):527 WAITING_4
15:39:31.916 (index):527 WAITING_5
15:39:31.916 (index):520 FLOORREQUESTED_6
15:39:31.916 (index):487 FLOORRELEASED_7
15:39:31.917 (index):506 UPDATE_8
15:39:31.917 (index):527 WAITING_9
15:39:31.918 (index):527 WAITING_10
15:39:31.918 (index):527 WAITING_11
15:39:31.918 (index):527 WAITING_12
15:39:31.919 (index):527 WAITING_0
15:39:31.919 (index):527 WAITING_1
15:39:31.920 (index):527 WAITING_2
15:39:31.920 (index):527 WAITING_3
15:39:31.921 (index):527 WAITING_4
15:39:31.921 (index):527 WAITING_5
15:39:31.921 (index):527 WAITING_6
15:39:31.922 (index):520 FLOORREQUESTED_7
15:39:31.922 (index):487 FLOORRELEASED_8
15:39:31.923 (index):506 UPDATE_9
15:39:31.923 (index):527 WAITING_10
15:39:31.924 (index):527 WAITING_11
15:39:31.924 (index):527 WAITING_12
15:39:31.924 (index):527 WAITING_0
15:39:31.925 (index):527 WAITING_1
15:39:31.925 (index):527 WAITING_2
15:39:31.926 (index):527 WAITING_3
15:39:31.926 (index):527 WAITING_4
15:39:31.927 (index):527 WAITING_5
15:39:31.927 (index):527 WAITING_6
15:39:31.927 (index):527 WAITING_7
15:39:31.928 (index):520 FLOORREQUESTED_8
15:39:31.928 (index):487 FLOORRELEASED_9
15:39:31.929 (index):506 UPDATE_10
15:39:31.929 (index):527 WAITING_11
15:39:31.930 (index):527 WAITING_12
15:39:31.930 (index):527 WAITING_0
15:39:31.930 (index):527 WAITING_1
15:39:31.931 (index):527 WAITING_2
15:39:31.931 (index):527 WAITING_3
15:39:31.932 (index):527 WAITING_4
15:39:31.932 (index):527 WAITING_5
15:39:31.933 (index):527 WAITING_6
15:39:31.933 (index):527 WAITING_7
15:39:31.933 (index):527 WAITING_8
15:39:31.934 (index):520 FLOORREQUESTED_9
15:39:31.934 (index):487 FLOORRELEASED_10
15:39:31.935 (index):506 UPDATE_11
15:39:31.935 (index):527 WAITING_12
15:39:31.936 (index):527 WAITING_0
15:39:31.936 (index):527 WAITING_1
15:39:31.936 (index):527 WAITING_2
15:39:31.937 (index):527 WAITING_3
15:39:31.937 (index):527 WAITING_4
15:39:31.938 (index):527 WAITING_5
15:39:31.938 (index):527 WAITING_6
15:39:31.938 (index):527 WAITING_7
15:39:31.939 (index):527 WAITING_8
15:39:31.939 (index):527 WAITING_9
15:39:31.940 (index):520 FLOORREQUESTED_10
15:39:31.940 (index):487 FLOORRELEASED_11
15:39:31.941 (index):506 UPDATE_12
15:39:31.941 (index):527 WAITING_0
15:39:31.941 (index):527 WAITING_1
15:39:31.942 (index):527 WAITING_2
15:39:31.942 (index):527 WAITING_3
15:39:31.943 (index):527 WAITING_4
15:39:31.943 (index):527 WAITING_5
15:39:31.944 (index):527 WAITING_6
15:39:31.944 (index):527 WAITING_7
15:39:31.944 (index):527 WAITING_8
15:39:31.945 (index):527 WAITING_9
15:39:31.945 (index):527 WAITING_10
15:39:31.946 (index):520 FLOORREQUESTED_11
15:39:31.946 (index):487 FLOORRELEASED_12
15:39:31.946 (index):506 UPDATE_0
15:39:31.947 (index):527 WAITING_1
15:39:31.947 (index):527 WAITING_2
15:39:31.948 (index):527 WAITING_3
15:39:31.948 (index):527 WAITING_4
15:39:31.949 (index):527 WAITING_5
15:39:31.949 (index):527 WAITING_6
15:39:31.949 (index):527 WAITING_7
15:39:31.950 (index):527 WAITING_8
15:39:31.950 (index):527 WAITING_9
15:39:31.951 (index):527 WAITING_10
15:39:31.951 (index):527 WAITING_11
15:39:31.952 (index):520 FLOORREQUESTED_12
15:39:31.952 (index):487 FLOORRELEASED_0
15:39:31.952 (index):506 UPDATE_1
15:39:31.953 (index):527 WAITING_2
15:39:31.953 (index):527 WAITING_3
15:39:31.954 (index):527 WAITING_4
15:39:31.954 (index):527 WAITING_5
15:39:31.954 (index):527 WAITING_6
15:39:31.955 (index):527 WAITING_7
15:39:31.955 (index):527 WAITING_8
15:39:31.956 (index):527 WAITING_9
15:39:31.956 (index):527 WAITING_10
15:39:31.957 (index):527 WAITING_11
15:39:31.957 (index):527 WAITING_12
15:39:31.957 (index):520 FLOORREQUESTED_0
15:39:31.958 (index):487 FLOORRELEASED_1
15:39:31.958 (index):506 UPDATE_2
15:39:31.959 (index):527 WAITING_3
15:39:31.959 (index):527 WAITING_4
15:39:31.960 (index):527 WAITING_5
15:39:31.960 (index):527 WAITING_6
15:39:31.960 (index):527 WAITING_7
15:39:31.961 (index):527 WAITING_8
15:39:31.961 (index):527 WAITING_9
15:39:31.962 (index):527 WAITING_10
15:39:31.962 (index):527 WAITING_11
15:39:31.962 (index):527 WAITING_12
15:39:31.963 (index):527 WAITING_0
15:39:31.963 (index):520 FLOORREQUESTED_1
15:39:31.964 (index):487 FLOORRELEASED_2
15:39:31.964 (index):506 UPDATE_3
15:39:31.965 (index):527 WAITING_4
15:39:31.965 (index):527 WAITING_5
15:39:31.965 (index):527 WAITING_6
15:39:31.966 (index):527 WAITING_7
15:39:31.966 (index):527 WAITING_8
15:39:31.967 (index):527 WAITING_9
15:39:31.967 (index):527 WAITING_10
15:39:31.967 (index):527 WAITING_11
15:39:31.968 (index):527 WAITING_12
15:39:31.968 (index):527 WAITING_0
15:39:31.969 (index):527 WAITING_1
15:39:31.969 (index):520 FLOORREQUESTED_2
15:39:31.970 (index):487 FLOORRELEASED_3
15:39:31.970 (index):506 UPDATE_4
15:39:31.970 (index):527 WAITING_5
15:39:31.971 (index):527 WAITING_6
15:39:31.971 (index):527 WAITING_7
15:39:31.972 (index):527 WAITING_8
15:39:31.972 (index):527 WAITING_9
15:39:31.972 (index):527 WAITING_10
15:39:31.973 (index):527 WAITING_11
15:39:31.973 (index):527 WAITING_12
15:39:31.974 (index):527 WAITING_0
15:39:31.974 (index):527 WAITING_1
15:39:31.975 (index):527 WAITING_2
15:39:31.975 (index):520 FLOORREQUESTED_3
15:39:31.975 (index):487 FLOORRELEASED_4
15:39:31.976 (index):506 UPDATE_5
15:39:31.976 (index):527 WAITING_6
15:39:31.977 (index):527 WAITING_7
15:39:31.977 (index):527 WAITING_8
15:39:31.978 (index):527 WAITING_9
15:39:31.978 (index):527 WAITING_10
15:39:31.978 (index):527 WAITING_11
15:39:31.979 (index):527 WAITING_12
15:39:31.979 (index):527 WAITING_0
15:39:31.980 (index):527 WAITING_1
15:39:31.980 (index):527 WAITING_2
15:39:31.980 (index):527 WAITING_3
15:39:31.981 (index):520 FLOORREQUESTED_4
15:39:31.981 (index):487 FLOORRELEASED_5
15:39:31.982 (index):506 UPDATE_6
15:39:31.982 (index):527 WAITING_7
15:39:31.982 (index):527 WAITING_8
15:39:31.983 (index):527 WAITING_9
15:39:31.983 (index):527 WAITING_10
15:39:31.984 (index):527 WAITING_11
15:39:31.984 (index):527 WAITING_12
15:39:31.985 (index):527 WAITING_0
15:39:31.985 (index):527 WAITING_1
15:39:31.985 (index):527 WAITING_2
15:39:31.986 (index):527 WAITING_3
15:39:31.986 (index):527 WAITING_4
15:39:31.987 (index):520 FLOORREQUESTED_5
15:39:31.987 (index):487 FLOORRELEASED_6
15:39:31.987 (index):506 UPDATE_7
15:39:31.988 (index):527 WAITING_8
15:39:31.988 (index):527 WAITING_9
15:39:31.989 (index):527 WAITING_10
15:39:31.989 (index):527 WAITING_11
15:39:31.989 (index):527 WAITING_12
15:39:31.990 (index):527 WAITING_0
15:39:31.990 (index):527 WAITING_1
15:39:31.991 (index):527 WAITING_2
15:39:31.991 (index):527 WAITING_3
15:39:31.992 (index):527 WAITING_4
15:39:31.992 (index):527 WAITING_5
15:39:31.992 (index):520 FLOORREQUESTED_6
15:39:31.993 (index):487 FLOORRELEASED_7
15:39:31.993 (index):506 UPDATE_8
15:39:31.994 (index):527 WAITING_9
15:39:31.994 (index):527 WAITING_10
15:39:31.994 (index):527 WAITING_11
15:39:31.995 (index):527 WAITING_12
15:39:31.995 (index):527 WAITING_0
15:39:31.996 (index):527 WAITING_1
15:39:31.996 (index):527 WAITING_2
15:39:31.996 (index):527 WAITING_3
15:39:31.997 (index):527 WAITING_4
15:39:31.997 (index):527 WAITING_5
15:39:31.998 (index):527 WAITING_6
15:39:31.998 (index):520 FLOORREQUESTED_7
15:39:31.999 (index):487 FLOORRELEASED_8
15:39:31.999 (index):506 UPDATE_9
15:39:31.999 (index):527 WAITING_10
15:39:32.000 (index):527 WAITING_11
15:39:32.000 (index):527 WAITING_12
15:39:32.001 (index):527 WAITING_0
15:39:32.001 (index):527 WAITING_1
15:39:32.001 (index):527 WAITING_2
15:39:32.002 (index):527 WAITING_3
15:39:32.002 (index):527 WAITING_4
15:39:32.003 (index):527 WAITING_5
15:39:32.003 (index):527 WAITING_6
15:39:32.004 (index):527 WAITING_7
15:39:32.004 (index):520 FLOORREQUESTED_8
15:39:32.004 (index):487 FLOORRELEASED_9
15:39:32.005 (index):506 UPDATE_10
15:39:32.005 (index):527 WAITING_11
15:39:32.006 (index):527 WAITING_12
15:39:32.006 (index):527 WAITING_0
15:39:32.006 (index):527 WAITING_1
15:39:32.007 (index):527 WAITING_2
15:39:32.007 (index):527 WAITING_3
15:39:32.008 (index):527 WAITING_4
15:39:32.008 (index):527 WAITING_5
15:39:32.008 (index):527 WAITING_6
15:39:32.009 (index):527 WAITING_7
15:39:32.009 (index):527 WAITING_8
15:39:32.010 (index):520 FLOORREQUESTED_9
15:39:32.010 (index):487 FLOORRELEASED_10
15:39:32.011 (index):506 UPDATE_11
15:39:32.011 (index):527 WAITING_12
15:39:32.011 (index):527 WAITING_0
15:39:32.012 (index):527 WAITING_1
15:39:32.012 (index):527 WAITING_2
15:39:32.013 (index):527 WAITING_3
15:39:32.013 (index):527 WAITING_4
15:39:32.013 (index):527 WAITING_5
15:39:32.014 (index):527 WAITING_6
15:39:32.014 (index):527 WAITING_7
15:39:32.015 (index):527 WAITING_8
15:39:32.015 (index):527 WAITING_9
15:39:32.016 (index):520 FLOORREQUESTED_10
15:39:32.016 (index):487 FLOORRELEASED_11
15:39:32.016 (index):506 UPDATE_12
15:39:32.017 (index):527 WAITING_0
15:39:32.017 (index):527 WAITING_1
15:39:32.018 (index):527 WAITING_2
15:39:32.018 (index):527 WAITING_3
15:39:32.018 (index):527 WAITING_4
15:39:32.019 (index):527 WAITING_5
15:39:32.019 (index):527 WAITING_6
15:39:32.020 (index):527 WAITING_7
15:39:32.020 (index):527 WAITING_8
15:39:32.020 (index):527 WAITING_9
15:39:32.021 (index):527 WAITING_10
15:39:32.021 (index):520 FLOORREQUESTED_11
15:39:32.022 (index):487 FLOORRELEASED_12
15:39:32.022 (index):506 UPDATE_0
15:39:32.023 (index):527 WAITING_1
15:39:32.023 (index):527 WAITING_2
15:39:32.023 (index):527 WAITING_3
15:39:32.024 (index):527 WAITING_4
15:39:32.024 (index):527 WAITING_5
15:39:32.025 (index):527 WAITING_6
15:39:32.025 (index):527 WAITING_7
15:39:32.025 (index):527 WAITING_8
15:39:32.026 (index):527 WAITING_9
15:39:32.026 (index):527 WAITING_10
15:39:32.027 (index):527 WAITING_11
15:39:32.027 (index):520 FLOORREQUESTED_12
15:39:32.027 (index):487 FLOORRELEASED_0
15:39:32.028 (index):506 UPDATE_1
15:39:32.028 (index):527 WAITING_2
15:39:32.029 (index):527 WAITING_3
15:39:32.029 (index):527 WAITING_4
15:39:32.030 (index):527 WAITING_5
15:39:32.030 (index):527 WAITING_6
15:39:32.030 (index):527 WAITING_7
15:39:32.031 (index):527 WAITING_8
15:39:32.031 (index):527 WAITING_9
15:39:32.032 (index):527 WAITING_10
15:39:32.032 (index):527 WAITING_11
15:39:32.032 (index):527 WAITING_12
15:39:32.033 (index):520 FLOORREQUESTED_0
15:39:32.033 (index):487 FLOORRELEASED_1
15:39:32.034 (index):506 UPDATE_2
15:39:32.034 (index):527 WAITING_3
15:39:32.034 (index):527 WAITING_4
15:39:32.035 (index):527 WAITING_5
15:39:32.035 (index):527 WAITING_6
15:39:32.036 (index):527 WAITING_7
15:39:32.036 (index):527 WAITING_8
15:39:32.037 (index):527 WAITING_9
15:39:32.037 (index):527 WAITING_10
15:39:32.037 (index):527 WAITING_11
15:39:32.038 (index):527 WAITING_12
15:39:32.038 (index):527 WAITING_0
15:39:32.039 (index):520 FLOORREQUESTED_1
15:39:32.039 (index):487 FLOORRELEASED_2
15:39:32.039 (index):506 UPDATE_3
15:39:32.040 (index):527 WAITING_4
15:39:32.040 (index):527 WAITING_5
15:39:32.041 (index):527 WAITING_6
15:39:32.041 (index):527 WAITING_7
15:39:32.041 (index):527 WAITING_8
15:39:32.042 (index):527 WAITING_9
15:39:32.042 (index):527 WAITING_10
15:39:32.043 (index):527 WAITING_11
15:39:32.043 (index):527 WAITING_12
15:39:32.043 (index):527 WAITING_0
15:39:32.044 (index):527 WAITING_1
15:39:32.044 (index):520 FLOORREQUESTED_2
15:39:32.045 (index):487 FLOORRELEASED_3
15:39:32.045 (index):506 UPDATE_4
15:39:32.046 (index):527 WAITING_5
15:39:32.046 (index):527 WAITING_6
15:39:32.046 (index):527 WAITING_7
15:39:32.047 (index):527 WAITING_8
15:39:32.047 (index):527 WAITING_9
15:39:32.048 (index):527 WAITING_10
15:39:32.048 (index):527 WAITING_11
15:39:32.048 (index):527 WAITING_12
15:39:32.049 (index):527 WAITING_0
15:39:32.049 (index):527 WAITING_1
15:39:32.050 (index):527 WAITING_2
15:39:32.050 (index):520 FLOORREQUESTED_3
15:39:32.050 (index):487 FLOORRELEASED_4
15:39:32.051 (index):506 UPDATE_5
15:39:32.051 (index):527 WAITING_6
15:39:32.052 (index):527 WAITING_7
15:39:32.052 (index):527 WAITING_8
15:39:32.053 (index):527 WAITING_9
15:39:32.053 (index):527 WAITING_10
15:39:32.053 (index):527 WAITING_11
15:39:32.054 (index):527 WAITING_12
15:39:32.054 (index):527 WAITING_0
15:39:32.055 (index):527 WAITING_1
15:39:32.055 (index):527 WAITING_2
15:39:32.055 (index):527 WAITING_3
15:39:32.056 (index):520 FLOORREQUESTED_4
15:39:32.057 (index):487 FLOORRELEASED_5
15:39:32.058 (index):506 UPDATE_6
15:39:32.059 (index):527 WAITING_7
15:39:32.059 (index):527 WAITING_8
15:39:32.060 (index):527 WAITING_9
15:39:32.060 (index):527 WAITING_10
15:39:32.061 (index):527 WAITING_11
15:39:32.061 (index):527 WAITING_12
15:39:32.062 (index):527 WAITING_0
15:39:32.062 (index):527 WAITING_1
15:39:32.062 (index):527 WAITING_2
15:39:32.063 (index):527 WAITING_3
15:39:32.063 (index):527 WAITING_4
15:39:32.064 (index):520 FLOORREQUESTED_5
15:39:32.064 (index):487 FLOORRELEASED_6
15:39:32.065 (index):506 UPDATE_7
15:39:32.065 (index):527 WAITING_8
15:39:32.066 (index):527 WAITING_9
15:39:32.066 (index):527 WAITING_10
15:39:32.066 (index):527 WAITING_11
15:39:32.067 (index):527 WAITING_12
15:39:32.067 (index):527 WAITING_0
15:39:32.068 (index):527 WAITING_1
15:39:32.068 (index):527 WAITING_2
15:39:32.068 (index):527 WAITING_3
15:39:32.069 (index):527 WAITING_4
15:39:32.069 (index):527 WAITING_5
15:39:32.070 (index):520 FLOORREQUESTED_6
15:39:32.070 (index):487 FLOORRELEASED_7
15:39:32.071 (index):506 UPDATE_8
15:39:32.071 (index):527 WAITING_9
15:39:32.071 (index):527 WAITING_10
15:39:32.072 (index):527 WAITING_11
15:39:32.072 (index):527 WAITING_12
15:39:32.073 (index):527 WAITING_0
15:39:32.073 (index):527 WAITING_1
15:39:32.073 (index):527 WAITING_2
15:39:32.074 (index):527 WAITING_3
15:39:32.074 (index):527 WAITING_4
15:39:32.075 (index):527 WAITING_5
15:39:32.075 (index):527 WAITING_6
15:39:32.075 (index):520 FLOORREQUESTED_7
15:39:32.076 (index):487 FLOORRELEASED_8
15:39:32.076 (index):506 UPDATE_9
15:39:32.077 (index):527 WAITING_10
15:39:32.077 (index):527 WAITING_11
15:39:32.078 (index):527 WAITING_12
15:39:32.078 (index):527 WAITING_0
15:39:32.078 (index):527 WAITING_1
15:39:32.079 (index):527 WAITING_2
15:39:32.079 (index):527 WAITING_3
15:39:32.080 (index):527 WAITING_4
15:39:32.080 (index):527 WAITING_5
15:39:32.080 (index):527 WAITING_6
15:39:32.081 (index):527 WAITING_7
15:39:32.081 (index):520 FLOORREQUESTED_8
15:39:32.082 (index):487 FLOORRELEASED_9
15:39:32.082 (index):506 UPDATE_10
15:39:32.082 (index):527 WAITING_11
15:39:32.083 (index):527 WAITING_12
15:39:32.083 (index):527 WAITING_0
15:39:32.084 (index):527 WAITING_1
15:39:32.084 (index):527 WAITING_2
15:39:32.085 (index):527 WAITING_3
15:39:32.085 (index):527 WAITING_4
15:39:32.085 (index):527 WAITING_5
15:39:32.086 (index):527 WAITING_6
15:39:32.086 (index):527 WAITING_7
15:39:32.087 (index):527 WAITING_8
15:39:32.087 (index):520 FLOORREQUESTED_9
15:39:32.087 (index):487 FLOORRELEASED_10
15:39:32.088 (index):506 UPDATE_11
15:39:32.088 (index):527 WAITING_12
15:39:32.089 (index):527 WAITING_0
15:39:32.089 (index):527 WAITING_1
15:39:32.089 (index):527 WAITING_2
15:39:32.090 (index):527 WAITING_3
15:39:32.090 (index):527 WAITING_4
15:39:32.091 (index):527 WAITING_5
15:39:32.091 (index):527 WAITING_6
15:39:32.092 (index):527 WAITING_7
15:39:32.092 (index):527 WAITING_8
15:39:32.092 (index):527 WAITING_9
15:39:32.093 (index):520 FLOORREQUESTED_10
15:39:32.093 (index):487 FLOORRELEASED_11
15:39:32.094 (index):506 UPDATE_12
15:39:32.094 (index):527 WAITING_0
15:39:32.094 (index):527 WAITING_1
15:39:32.095 (index):527 WAITING_2
15:39:32.095 (index):527 WAITING_3
15:39:32.096 (index):527 WAITING_4
15:39:32.096 (index):527 WAITING_5
15:39:32.097 (index):527 WAITING_6
15:39:32.097 (index):527 WAITING_7
15:39:32.097 (index):527 WAITING_8
15:39:32.098 (index):527 WAITING_9
15:39:32.098 (index):527 WAITING_10
15:39:32.099 (index):520 FLOORREQUESTED_11
15:39:32.099 (index):487 FLOORRELEASED_12
15:39:32.099 (index):506 UPDATE_0
15:39:32.100 (index):527 WAITING_1
15:39:32.100 (index):527 WAITING_2
15:39:32.101 (index):527 WAITING_3
15:39:32.101 (index):527 WAITING_4
15:39:32.102 (index):527 WAITING_5
15:39:32.102 (index):527 WAITING_6
15:39:32.102 (index):527 WAITING_7
15:39:32.103 (index):527 WAITING_8
15:39:32.103 (index):527 WAITING_9
15:39:32.104 (index):527 WAITING_10
15:39:32.104 (index):527 WAITING_11
15:39:32.104 (index):520 FLOORREQUESTED_12
15:39:32.105 (index):487 FLOORRELEASED_0
15:39:32.105 (index):506 UPDATE_1
15:39:32.106 (index):527 WAITING_2
15:39:32.106 (index):527 WAITING_3
15:39:32.107 (index):527 WAITING_4
15:39:32.107 (index):527 WAITING_5
15:39:32.107 (index):527 WAITING_6
15:39:32.108 (index):527 WAITING_7
15:39:32.108 (index):527 WAITING_8
15:39:32.109 (index):527 WAITING_9
15:39:32.109 (index):527 WAITING_10
15:39:32.109 (index):527 WAITING_11
15:39:32.110 (index):527 WAITING_12
15:39:32.110 (index):520 FLOORREQUESTED_0
15:39:32.111 (index):487 FLOORRELEASED_1
15:39:32.111 (index):506 UPDATE_2
15:39:32.112 (index):527 WAITING_3
15:39:32.112 (index):527 WAITING_4
15:39:32.112 (index):527 WAITING_5
15:39:32.113 (index):527 WAITING_6
15:39:32.113 (index):527 WAITING_7
15:39:32.114 (index):527 WAITING_8
15:39:32.114 (index):527 WAITING_9
15:39:32.114 (index):527 WAITING_10
15:39:32.115 (index):527 WAITING_11
15:39:32.115 (index):527 WAITING_12
15:39:32.116 (index):527 WAITING_0
15:39:32.116 (index):520 FLOORREQUESTED_1
15:39:32.116 (index):487 FLOORRELEASED_2
15:39:32.117 (index):506 UPDATE_3
15:39:32.117 (index):527 WAITING_4
15:39:32.118 (index):527 WAITING_5
15:39:32.118 (index):527 WAITING_6
15:39:32.119 (index):527 WAITING_7
15:39:32.119 (index):527 WAITING_8
15:39:32.119 (index):527 WAITING_9
15:39:32.120 (index):527 WAITING_10
15:39:32.120 (index):527 WAITING_11
15:39:32.121 (index):527 WAITING_12
15:39:32.121 (index):527 WAITING_0
15:39:32.121 (index):527 WAITING_1
15:39:32.122 (index):520 FLOORREQUESTED_2
15:39:32.122 (index):487 FLOORRELEASED_3
15:39:32.123 (index):506 UPDATE_4
15:39:32.123 (index):527 WAITING_5
15:39:32.124 (index):527 WAITING_6
15:39:32.124 (index):527 WAITING_7
15:39:32.124 (index):527 WAITING_8
15:39:32.125 (index):527 WAITING_9
15:39:32.125 (index):527 WAITING_10
15:39:32.126 (index):527 WAITING_11
15:39:32.126 (index):527 WAITING_12
15:39:32.126 (index):527 WAITING_0
15:39:32.127 (index):527 WAITING_1
15:39:32.127 (index):527 WAITING_2
15:39:32.128 (index):520 FLOORREQUESTED_3
15:39:32.128 (index):487 FLOORRELEASED_4
15:39:32.128 (index):506 UPDATE_5
15:39:32.129 (index):527 WAITING_6
15:39:32.129 (index):527 WAITING_7
15:39:32.130 (index):527 WAITING_8
15:39:32.130 (index):527 WAITING_9
15:39:32.131 (index):527 WAITING_10
15:39:32.131 (index):527 WAITING_11
15:39:32.131 (index):527 WAITING_12
15:39:32.132 (index):527 WAITING_0
15:39:32.132 (index):527 WAITING_1
15:39:32.133 (index):527 WAITING_2
15:39:32.133 (index):527 WAITING_3
15:39:32.133 (index):520 FLOORREQUESTED_4
15:39:32.134 (index):487 FLOORRELEASED_5
15:39:32.134 (index):506 UPDATE_6
15:39:32.135 (index):527 WAITING_7
15:39:32.135 (index):527 WAITING_8
15:39:32.135 (index):527 WAITING_9
15:39:32.136 (index):527 WAITING_10
15:39:32.136 (index):527 WAITING_11
15:39:32.137 (index):527 WAITING_12
15:39:32.137 (index):527 WAITING_0
15:39:32.138 (index):527 WAITING_1
15:39:32.138 (index):527 WAITING_2
15:39:32.138 (index):527 WAITING_3
15:39:32.139 (index):527 WAITING_4
15:39:32.139 (index):520 FLOORREQUESTED_5
15:39:32.140 (index):487 FLOORRELEASED_6
15:39:32.140 (index):506 UPDATE_7
15:39:32.140 (index):527 WAITING_8
15:39:32.141 (index):527 WAITING_9
15:39:32.141 (index):527 WAITING_10
15:39:32.142 (index):527 WAITING_11
15:39:32.142 (index):527 WAITING_12
15:39:32.142 (index):527 WAITING_0
15:39:32.143 (index):527 WAITING_1
15:39:32.143 (index):527 WAITING_2
15:39:32.144 (index):527 WAITING_3
15:39:32.144 (index):527 WAITING_4
15:39:32.144 (index):527 WAITING_5
15:39:32.145 (index):520 FLOORREQUESTED_6
15:39:32.145 (index):487 FLOORRELEASED_7
15:39:32.146 (index):506 UPDATE_8
15:39:32.146 (index):527 WAITING_9
15:39:32.147 (index):527 WAITING_10
15:39:32.147 (index):527 WAITING_11
15:39:32.147 (index):527 WAITING_12
15:39:32.148 (index):527 WAITING_0
15:39:32.148 (index):527 WAITING_1
15:39:32.149 (index):527 WAITING_2
15:39:32.149 (index):527 WAITING_3
15:39:32.149 (index):527 WAITING_4
15:39:32.150 (index):527 WAITING_5
15:39:32.150 (index):527 WAITING_6
15:39:32.151 (index):520 FLOORREQUESTED_7
15:39:32.151 (index):487 FLOORRELEASED_8
15:39:32.152 (index):506 UPDATE_9
15:39:32.152 (index):527 WAITING_10
15:39:32.152 (index):527 WAITING_11
15:39:32.153 (index):527 WAITING_12
15:39:32.153 (index):527 WAITING_0
15:39:32.154 (index):527 WAITING_1
15:39:32.154 (index):527 WAITING_2
15:39:32.154 (index):527 WAITING_3
15:39:32.155 (index):527 WAITING_4
15:39:32.155 (index):527 WAITING_5
15:39:32.156 (index):527 WAITING_6
15:39:32.156 (index):527 WAITING_7
15:39:32.156 (index):520 FLOORREQUESTED_8
15:39:32.157 (index):487 FLOORRELEASED_9
15:39:32.157 (index):506 UPDATE_10
15:39:32.158 (index):527 WAITING_11
15:39:32.158 (index):527 WAITING_12
15:39:32.158 (index):527 WAITING_0
15:39:32.159 (index):527 WAITING_1
15:39:32.159 (index):527 WAITING_2
15:39:32.160 (index):527 WAITING_3
15:39:32.160 (index):527 WAITING_4
15:39:32.161 (index):527 WAITING_5
15:39:32.161 (index):527 WAITING_6
15:39:32.161 (index):527 WAITING_7
15:39:32.162 (index):527 WAITING_8
15:39:32.162 (index):520 FLOORREQUESTED_9
15:39:32.163 (index):487 FLOORRELEASED_10
15:39:32.163 (index):506 UPDATE_11
15:39:32.163 (index):527 WAITING_12
15:39:32.164 (index):527 WAITING_0
15:39:32.164 (index):527 WAITING_1
15:39:32.165 (index):527 WAITING_2
15:39:32.165 (index):527 WAITING_3
15:39:32.166 (index):527 WAITING_4
15:39:32.166 (index):527 WAITING_5
15:39:32.167 (index):527 WAITING_6
15:39:32.168 (index):527 WAITING_7
15:39:32.168 (index):527 WAITING_8
15:39:32.169 (index):527 WAITING_9
15:39:32.169 (index):520 FLOORREQUESTED_10
15:39:32.170 (index):487 FLOORRELEASED_11
15:39:32.170 (index):506 UPDATE_12
15:39:32.171 (index):527 WAITING_0
15:39:32.171 (index):527 WAITING_1
15:39:32.171 (index):527 WAITING_2
15:39:32.172 (index):527 WAITING_3
15:39:32.172 (index):527 WAITING_4
15:39:32.173 (index):527 WAITING_5
15:39:32.173 (index):527 WAITING_6
15:39:32.174 (index):527 WAITING_7
15:39:32.174 (index):527 WAITING_8
15:39:32.175 (index):527 WAITING_9
15:39:32.175 (index):527 WAITING_10
15:39:32.176 (index):520 FLOORREQUESTED_11
15:39:32.176 (index):487 FLOORRELEASED_12
15:39:32.177 (index):506 UPDATE_0
15:39:32.177 (index):527 WAITING_1
15:39:32.178 (index):527 WAITING_2
15:39:32.178 (index):527 WAITING_3
15:39:32.178 (index):527 WAITING_4
15:39:32.179 (index):527 WAITING_5
15:39:32.179 (index):527 WAITING_6
15:39:32.180 (index):527 WAITING_7
15:39:32.180 (index):527 WAITING_8
15:39:32.181 (index):527 WAITING_9
15:39:32.181 (index):527 WAITING_10
15:39:32.182 (index):527 WAITING_11
15:39:32.182 (index):520 FLOORREQUESTED_12
15:39:32.183 (index):487 FLOORRELEASED_0
15:39:32.183 (index):506 UPDATE_1
15:39:32.184 (index):527 WAITING_2
15:39:32.184 (index):527 WAITING_3
15:39:32.184 (index):527 WAITING_4
15:39:32.185 (index):527 WAITING_5
15:39:32.185 (index):527 WAITING_6
15:39:32.186 (index):527 WAITING_7
15:39:32.186 (index):527 WAITING_8
15:39:32.187 (index):527 WAITING_9
15:39:32.187 (index):527 WAITING_10
15:39:32.188 (index):527 WAITING_11
15:39:32.188 (index):527 WAITING_12
15:39:32.189 (index):520 FLOORREQUESTED_0
15:39:32.189 (index):487 FLOORRELEASED_1
15:39:32.190 (index):506 UPDATE_2
15:39:32.190 (index):527 WAITING_3
15:39:32.191 (index):527 WAITING_4
15:39:32.191 (index):527 WAITING_5
15:39:32.192 (index):527 WAITING_6
15:39:32.192 (index):527 WAITING_7
15:39:32.192 (index):527 WAITING_8
15:39:32.193 (index):527 WAITING_9
15:39:32.193 (index):527 WAITING_10
15:39:32.194 (index):527 WAITING_11
15:39:32.194 (index):527 WAITING_12
15:39:32.195 (index):527 WAITING_0
15:39:32.195 (index):520 FLOORREQUESTED_1
15:39:32.196 (index):487 FLOORRELEASED_2
15:39:32.196 (index):506 UPDATE_3
15:39:32.197 (index):527 WAITING_4
15:39:32.197 (index):527 WAITING_5
15:39:32.198 (index):527 WAITING_6
15:39:32.198 (index):527 WAITING_7
15:39:32.198 (index):527 WAITING_8
15:39:32.199 (index):527 WAITING_9
15:39:32.199 (index):527 WAITING_10
15:39:32.200 (index):527 WAITING_11
15:39:32.200 (index):527 WAITING_12
15:39:32.201 (index):527 WAITING_0
15:39:32.201 (index):527 WAITING_1
15:39:32.202 (index):520 FLOORREQUESTED_2
15:39:32.202 (index):487 FLOORRELEASED_3
15:39:32.203 (index):506 UPDATE_4
15:39:32.203 (index):527 WAITING_5
15:39:32.204 (index):527 WAITING_6
15:39:32.204 (index):527 WAITING_7
15:39:32.205 (index):527 WAITING_8
15:39:32.205 (index):527 WAITING_9
15:39:32.206 (index):527 WAITING_10
15:39:32.206 (index):527 WAITING_11
15:39:32.207 (index):527 WAITING_12
15:39:32.207 (index):527 WAITING_0
15:39:32.207 (index):527 WAITING_1
15:39:32.208 (index):527 WAITING_2
15:39:32.208 (index):520 FLOORREQUESTED_3
15:39:32.209 (index):487 FLOORRELEASED_4
15:39:32.209 (index):506 UPDATE_5
15:39:32.210 (index):527 WAITING_6
15:39:32.210 (index):527 WAITING_7
15:39:32.211 (index):527 WAITING_8
15:39:32.211 (index):527 WAITING_9
15:39:32.212 (index):527 WAITING_10
15:39:32.212 (index):527 WAITING_11
15:39:32.212 (index):527 WAITING_12
15:39:32.213 (index):527 WAITING_0
15:39:32.213 (index):527 WAITING_1
15:39:32.214 (index):527 WAITING_2
15:39:32.214 (index):527 WAITING_3
15:39:32.215 (index):520 FLOORREQUESTED_4
15:39:32.215 (index):487 FLOORRELEASED_5
15:39:32.216 (index):506 UPDATE_6
15:39:32.216 (index):527 WAITING_7
15:39:32.217 (index):527 WAITING_8
15:39:32.217 (index):527 WAITING_9
15:39:32.218 (index):527 WAITING_10
15:39:32.218 (index):527 WAITING_11
15:39:32.219 (index):527 WAITING_12
15:39:32.219 (index):527 WAITING_0
15:39:32.220 (index):527 WAITING_1
15:39:32.220 (index):527 WAITING_2
15:39:32.220 (index):527 WAITING_3
15:39:32.221 (index):527 WAITING_4
15:39:32.221 (index):520 FLOORREQUESTED_5
15:39:32.222 (index):487 FLOORRELEASED_6
15:39:32.222 (index):506 UPDATE_7
15:39:32.223 (index):527 WAITING_8
15:39:32.223 (index):527 WAITING_9
15:39:32.224 (index):527 WAITING_10
15:39:32.224 (index):527 WAITING_11
15:39:32.225 (index):527 WAITING_12
15:39:32.225 (index):527 WAITING_0
15:39:32.226 (index):527 WAITING_1
15:39:32.226 (index):527 WAITING_2
15:39:32.227 (index):527 WAITING_3
15:39:32.228 (index):527 WAITING_4
15:39:32.228 (index):527 WAITING_5
15:39:32.229 (index):520 FLOORREQUESTED_6
15:39:32.230 (index):487 FLOORRELEASED_7
15:39:32.230 (index):506 UPDATE_8
15:39:32.231 (index):527 WAITING_9
15:39:32.232 (index):527 WAITING_10
15:39:32.232 (index):527 WAITING_11
15:39:32.233 (index):527 WAITING_12
15:39:32.233 (index):527 WAITING_0
15:39:32.234 (index):527 WAITING_1
15:39:32.234 (index):527 WAITING_2
15:39:32.235 (index):527 WAITING_3
15:39:32.235 (index):527 WAITING_4
15:39:32.235 (index):527 WAITING_5
15:39:32.236 (index):527 WAITING_6
15:39:32.236 (index):520 FLOORREQUESTED_7
15:39:32.237 (index):487 FLOORRELEASED_8
15:39:32.237 (index):506 UPDATE_9
15:39:32.237 (index):527 WAITING_10
15:39:32.238 (index):527 WAITING_11
15:39:32.238 (index):527 WAITING_12
15:39:32.239 (index):527 WAITING_0
15:39:32.239 (index):527 WAITING_1
15:39:32.240 (index):527 WAITING_2
15:39:32.240 (index):527 WAITING_3
15:39:32.240 (index):527 WAITING_4
15:39:32.241 (index):527 WAITING_5
15:39:32.241 (index):527 WAITING_6
15:39:32.242 (index):527 WAITING_7
15:39:32.242 (index):520 FLOORREQUESTED_8
15:39:32.242 (index):487 FLOORRELEASED_9
15:39:32.243 (index):506 UPDATE_10
15:39:32.243 (index):527 WAITING_11
15:39:32.244 (index):527 WAITING_12
15:39:32.244 (index):527 WAITING_0
15:39:32.245 (index):527 WAITING_1
15:39:32.245 (index):527 WAITING_2
15:39:32.245 (index):527 WAITING_3
15:39:32.246 (index):527 WAITING_4
15:39:32.246 (index):527 WAITING_5
15:39:32.247 (index):527 WAITING_6
15:39:32.247 (index):527 WAITING_7
15:39:32.247 (index):527 WAITING_8
15:39:32.248 (index):520 FLOORREQUESTED_9
15:39:32.248 (index):487 FLOORRELEASED_10
15:39:32.249 (index):506 UPDATE_11
15:39:32.249 (index):527 WAITING_12
15:39:32.249 (index):527 WAITING_0
15:39:32.250 (index):527 WAITING_1
15:39:32.250 (index):527 WAITING_2
15:39:32.251 (index):527 WAITING_3
15:39:32.251 (index):527 WAITING_4
15:39:32.252 (index):527 WAITING_5
15:39:32.252 (index):527 WAITING_6
15:39:32.252 (index):527 WAITING_7
15:39:32.253 (index):527 WAITING_8
15:39:32.253 (index):527 WAITING_9
15:39:32.254 (index):520 FLOORREQUESTED_10
15:39:32.254 (index):487 FLOORRELEASED_11
15:39:32.254 (index):506 UPDATE_12
15:39:32.255 (index):527 WAITING_0
15:39:32.255 (index):527 WAITING_1
15:39:32.256 (index):527 WAITING_2
15:39:32.256 (index):527 WAITING_3
15:39:32.256 (index):527 WAITING_4
15:39:32.257 (index):527 WAITING_5
15:39:32.257 (index):527 WAITING_6
15:39:32.258 (index):527 WAITING_7
15:39:32.258 (index):527 WAITING_8
15:39:32.259 (index):527 WAITING_9
15:39:32.259 (index):527 WAITING_10
15:39:32.259 (index):520 FLOORREQUESTED_11
15:39:32.260 (index):487 FLOORRELEASED_12
15:39:32.260 (index):506 UPDATE_0
15:39:32.261 (index):527 WAITING_1
15:39:32.261 (index):527 WAITING_2
15:39:32.261 (index):527 WAITING_3
15:39:32.262 (index):527 WAITING_4
15:39:32.262 (index):527 WAITING_5
15:39:32.263 (index):527 WAITING_6
15:39:32.263 (index):527 WAITING_7
15:39:32.263 (index):527 WAITING_8
15:39:32.264 (index):527 WAITING_9
15:39:32.264 (index):527 WAITING_10
15:39:32.265 (index):527 WAITING_11
15:39:32.265 (index):520 FLOORREQUESTED_12
15:39:32.266 (index):487 FLOORRELEASED_0
15:39:32.266 (index):506 UPDATE_1
15:39:32.266 (index):527 WAITING_2
15:39:32.267 (index):527 WAITING_3
15:39:32.267 (index):527 WAITING_4
15:39:32.268 (index):527 WAITING_5
15:39:32.268 (index):527 WAITING_6
15:39:32.268 (index):527 WAITING_7
15:39:32.269 (index):527 WAITING_8
15:39:32.269 (index):527 WAITING_9
15:39:32.270 (index):527 WAITING_10
15:39:32.270 (index):527 WAITING_11
15:39:32.271 (index):527 WAITING_12
15:39:32.271 (index):520 FLOORREQUESTED_0
15:39:32.271 (index):487 FLOORRELEASED_1
15:39:32.272 (index):506 UPDATE_2
15:39:32.272 (index):527 WAITING_3
15:39:32.273 (index):527 WAITING_4
15:39:32.273 (index):527 WAITING_5
15:39:32.273 (index):527 WAITING_6
15:39:32.274 (index):527 WAITING_7
15:39:32.274 (index):527 WAITING_8
15:39:32.275 (index):527 WAITING_9
15:39:32.275 (index):527 WAITING_10
15:39:32.275 (index):527 WAITING_11
15:39:32.276 (index):527 WAITING_12
15:39:32.276 (index):527 WAITING_0
15:39:32.277 (index):520 FLOORREQUESTED_1
15:39:32.277 (index):487 FLOORRELEASED_2
15:39:32.278 (index):506 UPDATE_3
15:39:32.278 (index):527 WAITING_4
15:39:32.278 (index):527 WAITING_5
15:39:32.279 (index):527 WAITING_6
15:39:32.279 (index):527 WAITING_7
15:39:32.280 (index):527 WAITING_8
15:39:32.280 (index):527 WAITING_9
15:39:32.281 (index):527 WAITING_10
15:39:32.281 (index):527 WAITING_11
15:39:32.281 (index):527 WAITING_12
15:39:32.282 (index):527 WAITING_0
15:39:32.282 (index):527 WAITING_1
15:39:32.283 (index):520 FLOORREQUESTED_2
15:39:32.283 (index):487 FLOORRELEASED_3
15:39:32.284 (index):506 UPDATE_4
15:39:32.284 (index):527 WAITING_5
15:39:32.284 (index):527 WAITING_6
15:39:32.285 (index):527 WAITING_7
15:39:32.285 (index):527 WAITING_8
15:39:32.286 (index):527 WAITING_9
15:39:32.286 (index):527 WAITING_10
15:39:32.287 (index):527 WAITING_11
15:39:32.287 (index):527 WAITING_12
15:39:32.287 (index):527 WAITING_0
15:39:32.288 (index):527 WAITING_1
15:39:32.288 (index):527 WAITING_2
15:39:32.289 (index):520 FLOORREQUESTED_3
15:39:32.289 (index):487 FLOORRELEASED_4
15:39:32.290 (index):506 UPDATE_5
15:39:32.290 (index):527 WAITING_6
15:39:32.290 (index):527 WAITING_7
15:39:32.291 (index):527 WAITING_8
15:39:32.291 (index):527 WAITING_9
15:39:32.292 (index):527 WAITING_10
15:39:32.292 (index):527 WAITING_11
15:39:32.292 (index):527 WAITING_12
15:39:32.293 (index):527 WAITING_0
15:39:32.293 (index):527 WAITING_1
15:39:32.294 (index):527 WAITING_2
15:39:32.294 (index):527 WAITING_3
15:39:32.295 (index):520 FLOORREQUESTED_4
15:39:32.295 (index):487 FLOORRELEASED_5
15:39:32.295 (index):506 UPDATE_6
15:39:32.296 (index):527 WAITING_7
15:39:32.296 (index):527 WAITING_8
15:39:32.297 (index):527 WAITING_9
15:39:32.297 (index):527 WAITING_10
15:39:32.297 (index):527 WAITING_11
15:39:32.298 (index):527 WAITING_12
15:39:32.298 (index):527 WAITING_0
15:39:32.299 (index):527 WAITING_1
15:39:32.299 (index):527 WAITING_2
15:39:32.300 (index):527 WAITING_3
15:39:32.300 (index):527 WAITING_4
15:39:32.300 (index):520 FLOORREQUESTED_5
15:39:32.301 (index):487 FLOORRELEASED_6
15:39:32.301 (index):506 UPDATE_7
15:39:32.302 (index):527 WAITING_8
15:39:32.302 (index):527 WAITING_9
15:39:32.302 (index):527 WAITING_10
15:39:32.303 (index):527 WAITING_11
15:39:32.303 (index):527 WAITING_12
15:39:32.304 (index):527 WAITING_0
15:39:32.304 (index):527 WAITING_1
15:39:32.304 (index):527 WAITING_2
15:39:32.305 (index):527 WAITING_3
15:39:32.305 (index):527 WAITING_4
15:39:32.306 (index):527 WAITING_5
15:39:32.306 (index):520 FLOORREQUESTED_6
15:39:32.307 (index):487 FLOORRELEASED_7
15:39:32.307 (index):506 UPDATE_8
15:39:32.307 (index):527 WAITING_9
15:39:32.308 (index):527 WAITING_10
15:39:32.308 (index):527 WAITING_11
15:39:32.309 (index):527 WAITING_12
15:39:32.309 (index):527 WAITING_0
15:39:32.309 (index):527 WAITING_1
15:39:32.310 (index):527 WAITING_2
15:39:32.310 (index):527 WAITING_3
15:39:32.311 (index):527 WAITING_4
15:39:32.311 (index):527 WAITING_5
15:39:32.312 (index):527 WAITING_6
15:39:32.312 (index):520 FLOORREQUESTED_7
15:39:32.312 (index):487 FLOORRELEASED_8
15:39:32.313 (index):506 UPDATE_9
15:39:32.313 (index):527 WAITING_10
15:39:32.314 (index):527 WAITING_11
15:39:32.314 (index):527 WAITING_12
15:39:32.314 (index):527 WAITING_0
15:39:32.315 (index):527 WAITING_1
15:39:32.315 (index):527 WAITING_2
15:39:32.316 (index):527 WAITING_3
15:39:32.316 (index):527 WAITING_4
15:39:32.316 (index):527 WAITING_5
15:39:32.317 (index):527 WAITING_6
15:39:32.317 (index):527 WAITING_7
15:39:32.318 (index):520 FLOORREQUESTED_8
15:39:32.318 (index):487 FLOORRELEASED_9
15:39:32.319 (index):506 UPDATE_10
15:39:32.319 (index):527 WAITING_11
15:39:32.319 (index):527 WAITING_12
15:39:32.320 (index):527 WAITING_0
15:39:32.320 (index):527 WAITING_1
15:39:32.321 (index):527 WAITING_2
15:39:32.321 (index):527 WAITING_3
15:39:32.321 (index):527 WAITING_4
15:39:32.322 (index):527 WAITING_5
15:39:32.322 (index):527 WAITING_6
15:39:32.323 (index):527 WAITING_7
15:39:32.323 (index):527 WAITING_8
15:39:32.323 (index):520 FLOORREQUESTED_9
15:39:32.324 (index):487 FLOORRELEASED_10
15:39:32.324 (index):506 UPDATE_11
15:39:32.325 (index):527 WAITING_12
15:39:32.325 (index):527 WAITING_0
15:39:32.326 (index):527 WAITING_1
15:39:32.326 (index):527 WAITING_2
15:39:32.326 (index):527 WAITING_3
15:39:32.327 (index):527 WAITING_4
15:39:32.327 (index):527 WAITING_5
15:39:32.328 (index):527 WAITING_6
15:39:32.328 (index):527 WAITING_7
15:39:32.328 (index):527 WAITING_8
15:39:32.329 (index):527 WAITING_9
15:39:32.329 (index):520 FLOORREQUESTED_10
15:39:32.330 (index):487 FLOORRELEASED_11
15:39:32.330 (index):506 UPDATE_12
15:39:32.330 (index):527 WAITING_0
15:39:32.331 (index):527 WAITING_1
15:39:32.331 (index):527 WAITING_2
15:39:32.332 (index):527 WAITING_3
15:39:32.332 (index):527 WAITING_4
15:39:32.333 (index):527 WAITING_5
15:39:32.333 (index):527 WAITING_6
15:39:32.333 (index):527 WAITING_7
15:39:32.334 (index):527 WAITING_8
15:39:32.334 (index):527 WAITING_9
15:39:32.335 (index):527 WAITING_10
15:39:32.335 (index):520 FLOORREQUESTED_11
15:39:32.335 (index):487 FLOORRELEASED_12
15:39:32.336 (index):506 UPDATE_0
15:39:32.336 (index):527 WAITING_1
15:39:32.337 (index):527 WAITING_2
15:39:32.337 (index):527 WAITING_3
15:39:32.338 (index):527 WAITING_4
15:39:32.338 (index):527 WAITING_5
15:39:32.338 (index):527 WAITING_6
15:39:32.339 (index):527 WAITING_7
15:39:32.339 (index):527 WAITING_8
15:39:32.340 (index):527 WAITING_9
15:39:32.340 (index):527 WAITING_10
15:39:32.340 (index):527 WAITING_11
15:39:32.341 (index):520 FLOORREQUESTED_12
15:39:32.341 (index):487 FLOORRELEASED_0
15:39:32.342 (index):506 UPDATE_1
15:39:32.342 (index):527 WAITING_2
15:39:32.343 (index):527 WAITING_3
15:39:32.343 (index):527 WAITING_4
15:39:32.343 (index):527 WAITING_5
15:39:32.344 (index):527 WAITING_6
15:39:32.344 (index):527 WAITING_7
15:39:32.345 (index):527 WAITING_8
15:39:32.345 (index):527 WAITING_9
15:39:32.345 (index):527 WAITING_10
15:39:32.346 (index):527 WAITING_11
15:39:32.346 (index):527 WAITING_12
15:39:32.347 (index):520 FLOORREQUESTED_0
15:39:32.347 (index):487 FLOORRELEASED_1
15:39:32.347 (index):506 UPDATE_2
15:39:32.348 (index):527 WAITING_3
15:39:32.348 (index):527 WAITING_4
15:39:32.349 (index):527 WAITING_5
15:39:32.349 (index):527 WAITING_6
15:39:32.349 (index):527 WAITING_7
15:39:32.350 (index):527 WAITING_8
15:39:32.350 (index):527 WAITING_9
15:39:32.351 (index):527 WAITING_10
15:39:32.351 (index):527 WAITING_11
15:39:32.352 (index):527 WAITING_12
15:39:32.352 (index):527 WAITING_0
15:39:32.352 (index):520 FLOORREQUESTED_1
15:39:32.353 (index):487 FLOORRELEASED_2
15:39:32.353 (index):506 UPDATE_3
15:39:32.354 (index):527 WAITING_4
15:39:32.354 (index):527 WAITING_5
15:39:32.354 (index):527 WAITING_6
15:39:32.355 (index):527 WAITING_7
15:39:32.355 (index):527 WAITING_8
15:39:32.356 (index):527 WAITING_9
15:39:32.356 (index):527 WAITING_10
15:39:32.356 (index):527 WAITING_11
15:39:32.357 (index):527 WAITING_12
15:39:32.357 (index):527 WAITING_0
15:39:32.358 (index):527 WAITING_1
15:39:32.358 (index):520 FLOORREQUESTED_2
15:39:32.359 (index):487 FLOORRELEASED_3
15:39:32.359 (index):506 UPDATE_4
15:39:32.359 (index):527 WAITING_5
15:39:32.360 (index):527 WAITING_6
15:39:32.360 (index):527 WAITING_7
15:39:32.361 (index):527 WAITING_8
15:39:32.361 (index):527 WAITING_9
15:39:32.361 (index):527 WAITING_10
15:39:32.362 (index):527 WAITING_11
15:39:32.362 (index):527 WAITING_12
15:39:32.363 (index):527 WAITING_0
15:39:32.363 (index):527 WAITING_1
15:39:32.363 (index):527 WAITING_2
15:39:32.364 (index):520 FLOORREQUESTED_3
15:39:32.364 (index):487 FLOORRELEASED_4
15:39:32.365 (index):506 UPDATE_5
15:39:32.365 (index):527 WAITING_6
15:39:32.366 (index):527 WAITING_7
15:39:32.366 (index):527 WAITING_8
15:39:32.366 (index):527 WAITING_9
15:39:32.367 (index):527 WAITING_10
15:39:32.367 (index):527 WAITING_11
15:39:32.368 (index):527 WAITING_12
15:39:32.368 (index):527 WAITING_0
15:39:32.368 (index):527 WAITING_1
15:39:32.369 (index):527 WAITING_2
15:39:32.369 (index):527 WAITING_3
15:39:32.370 (index):520 FLOORREQUESTED_4
15:39:32.370 (index):487 FLOORRELEASED_5
15:39:32.371 (index):506 UPDATE_6
15:39:32.371 (index):527 WAITING_7
15:39:32.371 (index):527 WAITING_8
15:39:32.372 (index):527 WAITING_9
15:39:32.372 (index):527 WAITING_10
15:39:32.373 (index):527 WAITING_11
15:39:32.373 (index):527 WAITING_12
15:39:32.373 (index):527 WAITING_0
15:39:32.374 (index):527 WAITING_1
15:39:32.374 (index):527 WAITING_2
15:39:32.375 (index):527 WAITING_3
15:39:32.375 (index):527 WAITING_4
15:39:32.375 (index):520 FLOORREQUESTED_5
15:39:32.376 (index):487 FLOORRELEASED_6
15:39:32.376 (index):506 UPDATE_7
15:39:32.377 (index):527 WAITING_8
15:39:32.377 (index):527 WAITING_9
15:39:32.378 (index):527 WAITING_10
15:39:32.378 (index):527 WAITING_11
15:39:32.378 (index):527 WAITING_12
15:39:32.379 (index):527 WAITING_0
15:39:32.379 (index):527 WAITING_1
15:39:32.380 (index):527 WAITING_2
15:39:32.380 (index):527 WAITING_3
15:39:32.380 (index):527 WAITING_4
15:39:32.381 (index):527 WAITING_5
15:39:32.381 (index):520 FLOORREQUESTED_6
15:39:32.382 (index):487 FLOORRELEASED_7
15:39:32.382 (index):506 UPDATE_8
15:39:32.382 (index):527 WAITING_9
15:39:32.383 (index):527 WAITING_10
15:39:32.383 (index):527 WAITING_11
15:39:32.384 (index):527 WAITING_12
15:39:32.384 (index):527 WAITING_0
15:39:32.385 (index):527 WAITING_1
15:39:32.385 (index):527 WAITING_2
15:39:32.385 (index):527 WAITING_3
15:39:32.386 (index):527 WAITING_4
15:39:32.386 (index):527 WAITING_5
15:39:32.387 (index):527 WAITING_6
15:39:32.387 (index):520 FLOORREQUESTED_7
15:39:32.388 (index):487 FLOORRELEASED_8
15:39:32.388 (index):506 UPDATE_9
15:39:32.388 (index):527 WAITING_10
15:39:32.389 (index):527 WAITING_11
15:39:32.389 (index):527 WAITING_12
15:39:32.390 (index):527 WAITING_0
15:39:32.390 (index):527 WAITING_1
15:39:32.390 (index):527 WAITING_2
15:39:32.391 (index):527 WAITING_3
15:39:32.391 (index):527 WAITING_4
15:39:32.392 (index):527 WAITING_5
15:39:32.392 (index):527 WAITING_6
15:39:32.393 (index):527 WAITING_7
15:39:32.393 (index):520 FLOORREQUESTED_8
15:39:32.393 (index):487 FLOORRELEASED_9
15:39:32.394 (index):506 UPDATE_10
15:39:32.394 (index):527 WAITING_11
15:39:32.395 (index):527 WAITING_12
15:39:32.395 (index):527 WAITING_0
15:39:32.395 (index):527 WAITING_1
15:39:32.396 (index):527 WAITING_2
15:39:32.396 (index):527 WAITING_3
15:39:32.397 (index):527 WAITING_4
15:39:32.397 (index):527 WAITING_5
15:39:32.397 (index):527 WAITING_6
15:39:32.398 (index):527 WAITING_7
15:39:32.398 (index):527 WAITING_8
15:39:32.399 (index):520 FLOORREQUESTED_9
15:39:32.399 (index):487 FLOORRELEASED_10
15:39:32.400 (index):506 UPDATE_11
15:39:32.400 (index):527 WAITING_12
15:39:32.400 (index):527 WAITING_0
15:39:32.401 (index):527 WAITING_1
15:39:32.401 (index):527 WAITING_2
15:39:32.402 (index):527 WAITING_3
15:39:32.402 (index):527 WAITING_4
15:39:32.402 (index):527 WAITING_5
15:39:32.403 (index):527 WAITING_6
15:39:32.403 (index):527 WAITING_7
15:39:32.404 (index):527 WAITING_8
15:39:32.404 (index):527 WAITING_9
15:39:32.404 (index):520 FLOORREQUESTED_10
15:39:32.405 (index):487 FLOORRELEASED_11
15:39:32.405 (index):506 UPDATE_12
15:39:32.406 (index):527 WAITING_0
15:39:32.406 (index):527 WAITING_1
15:39:32.407 (index):527 WAITING_2
15:39:32.407 (index):527 WAITING_3
15:39:32.407 (index):527 WAITING_4
15:39:32.408 (index):527 WAITING_5
15:39:32.408 (index):527 WAITING_6
15:39:32.409 (index):527 WAITING_7
15:39:32.409 (index):527 WAITING_8
15:39:32.409 (index):527 WAITING_9
15:39:32.410 (index):527 WAITING_10
15:39:32.410 (index):520 FLOORREQUESTED_11
15:39:32.411 (index):487 FLOORRELEASED_12
15:39:32.411 (index):506 UPDATE_0
15:39:32.412 (index):527 WAITING_1
15:39:32.412 (index):527 WAITING_2
15:39:32.412 (index):527 WAITING_3
15:39:32.413 (index):527 WAITING_4
15:39:32.413 (index):527 WAITING_5
15:39:32.414 (index):527 WAITING_6
15:39:32.414 (index):527 WAITING_7
15:39:32.414 (index):527 WAITING_8
15:39:32.415 (index):527 WAITING_9
15:39:32.415 (index):527 WAITING_10
15:39:32.416 (index):527 WAITING_11
15:39:32.416 (index):520 FLOORREQUESTED_12
15:39:32.416 (index):487 FLOORRELEASED_0
15:39:32.417 (index):506 UPDATE_1
15:39:32.417 (index):527 WAITING_2
15:39:32.418 (index):527 WAITING_3
15:39:32.418 (index):527 WAITING_4
15:39:32.419 (index):527 WAITING_5
15:39:32.419 (index):527 WAITING_6
15:39:32.419 (index):527 WAITING_7
15:39:32.420 (index):527 WAITING_8
15:39:32.420 (index):527 WAITING_9
15:39:32.421 (index):527 WAITING_10
15:39:32.421 (index):527 WAITING_11
15:39:32.421 (index):527 WAITING_12
15:39:32.422 (index):520 FLOORREQUESTED_0
15:39:32.422 (index):487 FLOORRELEASED_1
15:39:32.423 (index):506 UPDATE_2
15:39:32.423 (index):527 WAITING_3
15:39:32.424 (index):527 WAITING_4
15:39:32.424 (index):527 WAITING_5
15:39:32.424 (index):527 WAITING_6
15:39:32.425 (index):527 WAITING_7
15:39:32.425 (index):527 WAITING_8
15:39:32.426 (index):527 WAITING_9
15:39:32.426 (index):527 WAITING_10
15:39:32.427 (index):527 WAITING_11
15:39:32.427 (index):527 WAITING_12
15:39:32.427 (index):527 WAITING_0
15:39:32.428 (index):520 FLOORREQUESTED_1
15:39:32.428 (index):487 FLOORRELEASED_2
15:39:32.429 (index):506 UPDATE_3
15:39:32.429 (index):527 WAITING_4
15:39:32.429 (index):527 WAITING_5
15:39:32.430 (index):527 WAITING_6
15:39:32.430 (index):527 WAITING_7
15:39:32.431 (index):527 WAITING_8
15:39:32.431 (index):527 WAITING_9
15:39:32.432 (index):527 WAITING_10
15:39:32.432 (index):527 WAITING_11
15:39:32.432 (index):527 WAITING_12
15:39:32.433 (index):527 WAITING_0
15:39:32.433 (index):527 WAITING_1
15:39:32.434 (index):520 FLOORREQUESTED_2
15:39:32.434 (index):487 FLOORRELEASED_3
15:39:32.435 (index):506 UPDATE_4
15:39:32.435 (index):527 WAITING_5
15:39:32.435 (index):527 WAITING_6
15:39:32.436 (index):527 WAITING_7
15:39:32.436 (index):527 WAITING_8
15:39:32.437 (index):527 WAITING_9
15:39:32.437 (index):527 WAITING_10
15:39:32.437 (index):527 WAITING_11
15:39:32.438 (index):527 WAITING_12
15:39:32.438 (index):527 WAITING_0
15:39:32.439 (index):527 WAITING_1
15:39:32.439 (index):527 WAITING_2
15:39:32.439 (index):520 FLOORREQUESTED_3
15:39:32.440 (index):487 FLOORRELEASED_4
15:39:32.440 (index):506 UPDATE_5
15:39:32.441 (index):527 WAITING_6
15:39:32.441 (index):527 WAITING_7
15:39:32.442 (index):527 WAITING_8
15:39:32.442 (index):527 WAITING_9
15:39:32.442 (index):527 WAITING_10
15:39:32.443 (index):527 WAITING_11
15:39:32.443 (index):527 WAITING_12
15:39:32.444 (index):527 WAITING_0
15:39:32.444 (index):527 WAITING_1
15:39:32.444 (index):527 WAITING_2
15:39:32.445 (index):527 WAITING_3
15:39:32.445 (index):520 FLOORREQUESTED_4
15:39:32.446 (index):487 FLOORRELEASED_5
15:39:32.446 (index):506 UPDATE_6
15:39:32.446 (index):527 WAITING_7
15:39:32.447 (index):527 WAITING_8
15:39:32.447 (index):527 WAITING_9
15:39:32.448 (index):527 WAITING_10
15:39:32.448 (index):527 WAITING_11
15:39:32.448 (index):527 WAITING_12
15:39:32.449 (index):527 WAITING_0
15:39:32.449 (index):527 WAITING_1
15:39:32.450 (index):527 WAITING_2
15:39:32.450 (index):527 WAITING_3
15:39:32.451 (index):527 WAITING_4
15:39:32.451 (index):520 FLOORREQUESTED_5
15:39:32.451 (index):487 FLOORRELEASED_6
15:39:32.452 (index):506 UPDATE_7
15:39:32.452 (index):527 WAITING_8
15:39:32.453 (index):527 WAITING_9
15:39:32.453 (index):527 WAITING_10
15:39:32.453 (index):527 WAITING_11
15:39:32.454 (index):527 WAITING_12
15:39:32.454 (index):527 WAITING_0
15:39:32.455 (index):527 WAITING_1
15:39:32.455 (index):527 WAITING_2
15:39:32.455 (index):527 WAITING_3
15:39:32.456 (index):527 WAITING_4
15:39:32.456 (index):527 WAITING_5
15:39:32.457 (index):520 FLOORREQUESTED_6
15:39:32.457 (index):487 FLOORRELEASED_7
15:39:32.457 (index):506 UPDATE_8
15:39:32.458 (index):527 WAITING_9
15:39:32.458 (index):527 WAITING_10
15:39:32.459 (index):527 WAITING_11
15:39:32.459 (index):527 WAITING_12
15:39:32.460 (index):527 WAITING_0
15:39:32.460 (index):527 WAITING_1
15:39:32.460 (index):527 WAITING_2
15:39:32.461 (index):527 WAITING_3
15:39:32.461 (index):527 WAITING_4
15:39:32.462 (index):527 WAITING_5
15:39:32.462 (index):527 WAITING_6
15:39:32.462 (index):520 FLOORREQUESTED_7
15:39:32.463 (index):487 FLOORRELEASED_8
15:39:32.463 (index):506 UPDATE_9
15:39:32.464 (index):527 WAITING_10
15:39:32.464 (index):527 WAITING_11
15:39:32.464 (index):527 WAITING_12
15:39:32.465 (index):527 WAITING_0
15:39:32.465 (index):527 WAITING_1
15:39:32.466 (index):527 WAITING_2
15:39:32.466 (index):527 WAITING_3
15:39:32.466 (index):527 WAITING_4
15:39:32.467 (index):527 WAITING_5
15:39:32.467 (index):527 WAITING_6
15:39:32.468 (index):527 WAITING_7
15:39:32.468 (index):520 FLOORREQUESTED_8
15:39:32.469 (index):487 FLOORRELEASED_9
15:39:32.469 (index):506 UPDATE_10
15:39:32.469 (index):527 WAITING_11
15:39:32.470 (index):527 WAITING_12
15:39:32.470 (index):527 WAITING_0
15:39:32.471 (index):527 WAITING_1
15:39:32.471 (index):527 WAITING_2
15:39:32.471 (index):527 WAITING_3
15:39:32.472 (index):527 WAITING_4
15:39:32.472 (index):527 WAITING_5
15:39:32.473 (index):527 WAITING_6
15:39:32.473 (index):527 WAITING_7
15:39:32.473 (index):527 WAITING_8
15:39:32.474 (index):520 FLOORREQUESTED_9
15:39:32.474 (index):487 FLOORRELEASED_10
15:39:32.475 (index):506 UPDATE_11
15:39:32.475 (index):527 WAITING_12
15:39:32.475 (index):527 WAITING_0
15:39:32.476 (index):527 WAITING_1
15:39:32.476 (index):527 WAITING_2
15:39:32.477 (index):527 WAITING_3
15:39:32.477 (index):527 WAITING_4
15:39:32.477 (index):527 WAITING_5
15:39:32.478 (index):527 WAITING_6
15:39:32.478 (index):527 WAITING_7
15:39:32.479 (index):527 WAITING_8
15:39:32.479 (index):527 WAITING_9
15:39:32.480 (index):520 FLOORREQUESTED_10
15:39:32.480 (index):487 FLOORRELEASED_11
15:39:32.480 (index):506 UPDATE_12
15:39:32.481 (index):527 WAITING_0
15:39:32.481 (index):527 WAITING_1
15:39:32.482 (index):527 WAITING_2
15:39:32.482 (index):527 WAITING_3
15:39:32.482 (index):527 WAITING_4
15:39:32.483 (index):527 WAITING_5
15:39:32.483 (index):527 WAITING_6
15:39:32.484 (index):527 WAITING_7
15:39:32.484 (index):527 WAITING_8
15:39:32.484 (index):527 WAITING_9
15:39:32.485 (index):527 WAITING_10
15:39:32.485 (index):520 FLOORREQUESTED_11
15:39:32.486 (index):487 FLOORRELEASED_12
15:39:32.486 (index):506 UPDATE_0
15:39:32.486 (index):527 WAITING_1
15:39:32.487 (index):527 WAITING_2
15:39:32.487 (index):527 WAITING_3
15:39:32.488 (index):527 WAITING_4
15:39:32.488 (index):527 WAITING_5
15:39:32.489 (index):527 WAITING_6
15:39:32.489 (index):527 WAITING_7
15:39:32.489 (index):527 WAITING_8
15:39:32.490 (index):527 WAITING_9
15:39:32.490 (index):527 WAITING_10
15:39:32.491 (index):527 WAITING_11
15:39:32.491 (index):520 FLOORREQUESTED_12
15:39:32.491 (index):487 FLOORRELEASED_0
15:39:32.492 (index):506 UPDATE_1
15:39:32.492 (index):527 WAITING_2
15:39:32.493 (index):527 WAITING_3
15:39:32.493 (index):527 WAITING_4
15:39:32.493 (index):527 WAITING_5
15:39:32.494 (index):527 WAITING_6
15:39:32.494 (index):527 WAITING_7
15:39:32.495 (index):527 WAITING_8
15:39:32.495 (index):527 WAITING_9
15:39:32.495 (index):527 WAITING_10
15:39:32.496 (index):527 WAITING_11
15:39:32.496 (index):527 WAITING_12
15:39:32.497 (index):520 FLOORREQUESTED_0
15:39:32.497 (index):487 FLOORRELEASED_1
15:39:32.497 (index):506 UPDATE_2
15:39:32.498 (index):527 WAITING_3
15:39:32.498 (index):527 WAITING_4
15:39:32.499 (index):527 WAITING_5
15:39:32.499 (index):527 WAITING_6
15:39:32.500 (index):527 WAITING_7
15:39:32.500 (index):527 WAITING_8
15:39:32.500 (index):527 WAITING_9
15:39:32.501 (index):527 WAITING_10
15:39:32.501 (index):527 WAITING_11
15:39:32.502 (index):527 WAITING_12
15:39:32.502 (index):527 WAITING_0
15:39:32.502 (index):520 FLOORREQUESTED_1
15:39:32.503 (index):487 FLOORRELEASED_2
15:39:32.503 (index):506 UPDATE_3
15:39:32.504 (index):527 WAITING_4
15:39:32.504 (index):527 WAITING_5
15:39:32.504 (index):527 WAITING_6
15:39:32.505 (index):527 WAITING_7
15:39:32.505 (index):527 WAITING_8
15:39:32.506 (index):527 WAITING_9
15:39:32.506 (index):527 WAITING_10
15:39:32.506 (index):527 WAITING_11
15:39:32.507 (index):527 WAITING_12
15:39:32.507 (index):527 WAITING_0
15:39:32.508 (index):527 WAITING_1
15:39:32.508 (index):520 FLOORREQUESTED_2
15:39:32.508 (index):487 FLOORRELEASED_3
15:39:32.509 (index):506 UPDATE_4
15:39:32.509 (index):527 WAITING_5
15:39:32.510 (index):527 WAITING_6
15:39:32.510 (index):527 WAITING_7
15:39:32.511 (index):527 WAITING_8
15:39:32.511 (index):527 WAITING_9
15:39:32.511 (index):527 WAITING_10
15:39:32.512 (index):527 WAITING_11
15:39:32.512 (index):527 WAITING_12
15:39:32.513 (index):527 WAITING_0
15:39:32.513 (index):527 WAITING_1
15:39:32.513 (index):527 WAITING_2
15:39:32.514 (index):520 FLOORREQUESTED_3
15:39:32.514 (index):487 FLOORRELEASED_4
15:39:32.515 (index):506 UPDATE_5
15:39:32.515 (index):527 WAITING_6
15:39:32.515 (index):527 WAITING_7
15:39:32.516 (index):527 WAITING_8
15:39:32.516 (index):527 WAITING_9
15:39:32.517 (index):527 WAITING_10
15:39:32.517 (index):527 WAITING_11
15:39:32.517 (index):527 WAITING_12
15:39:32.518 (index):527 WAITING_0
15:39:32.518 (index):527 WAITING_1
15:39:32.519 (index):527 WAITING_2
15:39:32.519 (index):527 WAITING_3
15:39:32.519 (index):520 FLOORREQUESTED_4
15:39:32.520 (index):487 FLOORRELEASED_5
15:39:32.520 (index):506 UPDATE_6
15:39:32.521 (index):527 WAITING_7
15:39:32.521 (index):527 WAITING_8
15:39:32.522 (index):527 WAITING_9
15:39:32.522 (index):527 WAITING_10
15:39:32.522 (index):527 WAITING_11
15:39:32.523 (index):527 WAITING_12
15:39:32.523 (index):527 WAITING_0
15:39:32.524 (index):527 WAITING_1
15:39:32.524 (index):527 WAITING_2
15:39:32.524 (index):527 WAITING_3
15:39:32.525 (index):527 WAITING_4
15:39:32.525 (index):520 FLOORREQUESTED_5
15:39:32.526 (index):487 FLOORRELEASED_6
15:39:32.526 (index):506 UPDATE_7
15:39:32.526 (index):527 WAITING_8
15:39:32.527 (index):527 WAITING_9
15:39:32.527 (index):527 WAITING_10
15:39:32.528 (index):527 WAITING_11
15:39:32.528 (index):527 WAITING_12
15:39:32.528 (index):527 WAITING_0
15:39:32.529 (index):527 WAITING_1
15:39:32.529 (index):527 WAITING_2
15:39:32.530 (index):527 WAITING_3
15:39:32.530 (index):527 WAITING_4
15:39:32.531 (index):527 WAITING_5
15:39:32.531 (index):520 FLOORREQUESTED_6
15:39:32.531 (index):487 FLOORRELEASED_7
15:39:32.532 (index):506 UPDATE_8
15:39:32.532 (index):527 WAITING_9
15:39:32.533 (index):527 WAITING_10
15:39:32.533 (index):527 WAITING_11
15:39:32.534 (index):527 WAITING_12
15:39:32.534 (index):527 WAITING_0
15:39:32.534 (index):527 WAITING_1
15:39:32.535 (index):527 WAITING_2
15:39:32.535 (index):527 WAITING_3
15:39:32.536 (index):527 WAITING_4
15:39:32.536 (index):527 WAITING_5
15:39:32.536 (index):527 WAITING_6
15:39:32.537 (index):520 FLOORREQUESTED_7
15:39:32.537 (index):487 FLOORRELEASED_8
15:39:32.538 (index):506 UPDATE_9
15:39:32.538 (index):527 WAITING_10
15:39:32.539 (index):527 WAITING_11
15:39:32.539 (index):527 WAITING_12
15:39:32.539 (index):527 WAITING_0
15:39:32.540 (index):527 WAITING_1
15:39:32.540 (index):527 WAITING_2
15:39:32.541 (index):527 WAITING_3
15:39:32.541 (index):527 WAITING_4
15:39:32.541 (index):527 WAITING_5
15:39:32.542 (index):527 WAITING_6
15:39:32.542 (index):527 WAITING_7
15:39:32.543 (index):520 FLOORREQUESTED_8
15:39:32.543 (index):487 FLOORRELEASED_9
15:39:32.543 (index):506 UPDATE_10
15:39:32.544 (index):527 WAITING_11
15:39:32.544 (index):527 WAITING_12
15:39:32.545 (index):527 WAITING_0
15:39:32.545 (index):527 WAITING_1
15:39:32.545 (index):527 WAITING_2
15:39:32.546 (index):527 WAITING_3
15:39:32.546 (index):527 WAITING_4
15:39:32.547 (index):527 WAITING_5
15:39:32.547 (index):527 WAITING_6
15:39:32.548 (index):527 WAITING_7
15:39:32.548 (index):527 WAITING_8
15:39:32.548 (index):520 FLOORREQUESTED_9
15:39:32.549 (index):487 FLOORRELEASED_10
15:39:32.549 (index):506 UPDATE_11
15:39:32.550 (index):527 WAITING_12
15:39:32.550 (index):527 WAITING_0
15:39:32.550 (index):527 WAITING_1
15:39:32.551 (index):527 WAITING_2
15:39:32.551 (index):527 WAITING_3
15:39:32.552 (index):527 WAITING_4
15:39:32.552 (index):527 WAITING_5
15:39:32.552 (index):527 WAITING_6
15:39:32.553 (index):527 WAITING_7
15:39:32.553 (index):527 WAITING_8
15:39:32.554 (index):527 WAITING_9
15:39:32.554 (index):520 FLOORREQUESTED_10
15:39:32.555 (index):487 FLOORRELEASED_11
15:39:32.555 (index):506 UPDATE_12
15:39:32.555 (index):527 WAITING_0
15:39:32.556 (index):527 WAITING_1
15:39:32.556 (index):527 WAITING_2
15:39:32.557 (index):527 WAITING_3
15:39:32.557 (index):527 WAITING_4
15:39:32.557 (index):527 WAITING_5
15:39:32.558 (index):527 WAITING_6
15:39:32.558 (index):527 WAITING_7
15:39:32.559 (index):527 WAITING_8
15:39:32.559 (index):527 WAITING_9
15:39:32.559 (index):527 WAITING_10
15:39:32.560 (index):520 FLOORREQUESTED_11
15:39:32.560 (index):487 FLOORRELEASED_12
15:39:32.561 (index):506 UPDATE_0
15:39:32.561 (index):527 WAITING_1
15:39:32.561 (index):527 WAITING_2
15:39:32.562 (index):527 WAITING_3
15:39:32.562 (index):527 WAITING_4
15:39:32.563 (index):527 WAITING_5
15:39:32.563 (index):527 WAITING_6
15:39:32.563 (index):527 WAITING_7
15:39:32.564 (index):527 WAITING_8
15:39:32.564 (index):527 WAITING_9
15:39:32.565 (index):527 WAITING_10
15:39:32.565 (index):527 WAITING_11
15:39:32.566 (index):520 FLOORREQUESTED_12
15:39:32.566 (index):487 FLOORRELEASED_0
15:39:32.566 (index):506 UPDATE_1
15:39:32.567 (index):527 WAITING_2
15:39:32.567 (index):527 WAITING_3
15:39:32.568 (index):527 WAITING_4
15:39:32.568 (index):527 WAITING_5
15:39:32.568 (index):527 WAITING_6
15:39:32.569 (index):527 WAITING_7
15:39:32.569 (index):527 WAITING_8
15:39:32.570 (index):527 WAITING_9
15:39:32.570 (index):527 WAITING_10
15:39:32.570 (index):527 WAITING_11
15:39:32.571 (index):527 WAITING_12
15:39:32.571 (index):520 FLOORREQUESTED_0
15:39:32.572 (index):487 FLOORRELEASED_1
15:39:32.572 (index):506 UPDATE_2
15:39:32.572 (index):527 WAITING_3
15:39:32.573 (index):527 WAITING_4
15:39:32.573 (index):527 WAITING_5
15:39:32.574 (index):527 WAITING_6
15:39:32.574 (index):527 WAITING_7
15:39:32.574 (index):527 WAITING_8
15:39:32.575 (index):527 WAITING_9
15:39:32.575 (index):527 WAITING_10
15:39:32.576 (index):527 WAITING_11
15:39:32.576 (index):527 WAITING_12
15:39:32.576 (index):527 WAITING_0
15:39:32.577 (index):520 FLOORREQUESTED_1
15:39:32.577 (index):487 FLOORRELEASED_2
15:39:32.578 (index):506 UPDATE_3
15:39:32.578 (index):527 WAITING_4
15:39:32.579 (index):527 WAITING_5
15:39:32.579 (index):527 WAITING_6
15:39:32.579 (index):527 WAITING_7
15:39:32.580 (index):527 WAITING_8
15:39:32.580 (index):527 WAITING_9
15:39:32.581 (index):527 WAITING_10
15:39:32.581 (index):527 WAITING_11
15:39:32.581 (index):527 WAITING_12
15:39:32.582 (index):527 WAITING_0
15:39:32.582 (index):527 WAITING_1
15:39:32.583 (index):520 FLOORREQUESTED_2
15:39:32.583 (index):487 FLOORRELEASED_3
15:39:32.583 (index):506 UPDATE_4
15:39:32.584 (index):527 WAITING_5
15:39:32.584 (index):527 WAITING_6
15:39:32.585 (index):527 WAITING_7
15:39:32.585 (index):527 WAITING_8
15:39:32.586 (index):527 WAITING_9
15:39:32.586 (index):527 WAITING_10
15:39:32.586 (index):527 WAITING_11
15:39:32.587 (index):527 WAITING_12
15:39:32.587 (index):527 WAITING_0
15:39:32.588 (index):527 WAITING_1
15:39:32.588 (index):527 WAITING_2
15:39:32.588 (index):520 FLOORREQUESTED_3
15:39:32.589 (index):487 FLOORRELEASED_4
15:39:32.589 (index):506 UPDATE_5
15:39:32.590 (index):527 WAITING_6
15:39:32.590 (index):527 WAITING_7
15:39:32.591 (index):527 WAITING_8
15:39:32.591 (index):527 WAITING_9
15:39:32.591 (index):527 WAITING_10
15:39:32.592 (index):527 WAITING_11
15:39:32.592 (index):527 WAITING_12
15:39:32.593 (index):527 WAITING_0
15:39:32.593 (index):527 WAITING_1
15:39:32.593 (index):527 WAITING_2
15:39:32.594 (index):527 WAITING_3
15:39:32.594 (index):520 FLOORREQUESTED_4
15:39:32.595 (index):487 FLOORRELEASED_5
15:39:32.595 (index):506 UPDATE_6
15:39:32.595 (index):527 WAITING_7
15:39:32.596 (index):527 WAITING_8
15:39:32.596 (index):527 WAITING_9
15:39:32.597 (index):527 WAITING_10
15:39:32.597 (index):527 WAITING_11
15:39:32.598 (index):527 WAITING_12
15:39:32.598 (index):527 WAITING_0
15:39:32.598 (index):527 WAITING_1
15:39:32.599 (index):527 WAITING_2
15:39:32.599 (index):527 WAITING_3
15:39:32.600 (index):527 WAITING_4
15:39:32.600 (index):520 FLOORREQUESTED_5
15:39:32.600 (index):487 FLOORRELEASED_6
15:39:32.601 (index):506 UPDATE_7
15:39:32.601 (index):527 WAITING_8
15:39:32.602 (index):527 WAITING_9
15:39:32.602 (index):527 WAITING_10
15:39:32.603 (index):527 WAITING_11
15:39:32.603 (index):527 WAITING_12
15:39:32.603 (index):527 WAITING_0
15:39:32.604 (index):527 WAITING_1
15:39:32.604 (index):527 WAITING_2
15:39:32.605 (index):527 WAITING_3
15:39:32.605 (index):527 WAITING_4
15:39:32.605 (index):527 WAITING_5
15:39:32.606 (index):520 FLOORREQUESTED_6
15:39:32.606 (index):487 FLOORRELEASED_7
15:39:32.607 (index):506 UPDATE_8
15:39:32.607 (index):527 WAITING_9
15:39:32.607 (index):527 WAITING_10
15:39:32.608 (index):527 WAITING_11
15:39:32.608 (index):527 WAITING_12
15:39:32.609 (index):527 WAITING_0
15:39:32.609 (index):527 WAITING_1
15:39:32.610 (index):527 WAITING_2
15:39:32.610 (index):527 WAITING_3
15:39:32.610 (index):527 WAITING_4
15:39:32.611 (index):527 WAITING_5
15:39:32.611 (index):527 WAITING_6
15:39:32.612 (index):520 FLOORREQUESTED_7
15:39:32.612 (index):487 FLOORRELEASED_8
15:39:32.612 (index):506 UPDATE_9
15:39:32.613 (index):527 WAITING_10
15:39:32.613 (index):527 WAITING_11
15:39:32.614 (index):527 WAITING_12
15:39:32.614 (index):527 WAITING_0
15:39:32.614 (index):527 WAITING_1
15:39:32.615 (index):527 WAITING_2
15:39:32.615 (index):527 WAITING_3
15:39:32.616 (index):527 WAITING_4
15:39:32.616 (index):527 WAITING_5
15:39:32.617 (index):527 WAITING_6
15:39:32.617 (index):527 WAITING_7
15:39:32.617 (index):520 FLOORREQUESTED_8
15:39:32.618 (index):487 FLOORRELEASED_9
15:39:32.618 (index):506 UPDATE_10
15:39:32.619 (index):527 WAITING_11
15:39:32.619 (index):527 WAITING_12
15:39:32.619 (index):527 WAITING_0
15:39:32.620 (index):527 WAITING_1
15:39:32.620 (index):527 WAITING_2
15:39:32.621 (index):527 WAITING_3
15:39:32.621 (index):527 WAITING_4
15:39:32.621 (index):527 WAITING_5
15:39:32.622 (index):527 WAITING_6
15:39:32.622 (index):527 WAITING_7
15:39:32.623 (index):527 WAITING_8
15:39:32.623 (index):520 FLOORREQUESTED_9
15:39:32.624 (index):487 FLOORRELEASED_10
15:39:32.624 (index):506 UPDATE_11
15:39:32.624 (index):527 WAITING_12
15:39:32.625 (index):527 WAITING_0
15:39:32.625 (index):527 WAITING_1
15:39:32.626 (index):527 WAITING_2
15:39:32.626 (index):527 WAITING_3
15:39:32.626 (index):527 WAITING_4
15:39:32.627 (index):527 WAITING_5
15:39:32.627 (index):527 WAITING_6
15:39:32.628 (index):527 WAITING_7
15:39:32.628 (index):527 WAITING_8
15:39:32.628 (index):527 WAITING_9
15:39:32.629 (index):520 FLOORREQUESTED_10
15:39:32.629 (index):487 FLOORRELEASED_11
15:39:32.630 (index):506 UPDATE_12
15:39:32.630 (index):527 WAITING_0
15:39:32.631 (index):527 WAITING_1
15:39:32.631 (index):527 WAITING_2
15:39:32.631 (index):527 WAITING_3
15:39:32.632 (index):527 WAITING_4
15:39:32.632 (index):527 WAITING_5
15:39:32.633 (index):527 WAITING_6
15:39:32.633 (index):527 WAITING_7
15:39:32.634 (index):527 WAITING_8
15:39:32.634 (index):527 WAITING_9
15:39:32.634 (index):527 WAITING_10
15:39:32.635 (index):520 FLOORREQUESTED_11
15:39:32.635 (index):487 FLOORRELEASED_12
15:39:32.636 (index):506 UPDATE_0
15:39:32.636 (index):527 WAITING_1
15:39:32.636 (index):527 WAITING_2
15:39:32.637 (index):527 WAITING_3
15:39:32.637 (index):527 WAITING_4
15:39:32.638 (index):527 WAITING_5
15:39:32.638 (index):527 WAITING_6
15:39:32.639 (index):527 WAITING_7
15:39:32.639 (index):527 WAITING_8
15:39:32.639 (index):527 WAITING_9
15:39:32.640 (index):527 WAITING_10
15:39:32.640 (index):527 WAITING_11
15:39:32.641 (index):520 FLOORREQUESTED_12
15:39:32.641 (index):487 FLOORRELEASED_0
15:39:32.641 (index):506 UPDATE_1
15:39:32.642 (index):527 WAITING_2
15:39:32.642 (index):527 WAITING_3
15:39:32.643 (index):527 WAITING_4
15:39:32.643 (index):527 WAITING_5
15:39:32.643 (index):527 WAITING_6
15:39:32.644 (index):527 WAITING_7
15:39:32.644 (index):527 WAITING_8
15:39:32.645 (index):527 WAITING_9
15:39:32.645 (index):527 WAITING_10
15:39:32.645 (index):527 WAITING_11
15:39:32.646 (index):527 WAITING_12
15:39:32.646 (index):520 FLOORREQUESTED_0
15:39:32.647 (index):487 FLOORRELEASED_1
15:39:32.647 (index):506 UPDATE_2
15:39:32.648 (index):527 WAITING_3
15:39:32.648 (index):527 WAITING_4
15:39:32.648 (index):527 WAITING_5
15:39:32.649 (index):527 WAITING_6
15:39:32.649 (index):527 WAITING_7
15:39:32.650 (index):527 WAITING_8
15:39:32.650 (index):527 WAITING_9
15:39:32.650 (index):527 WAITING_10
15:39:32.651 (index):527 WAITING_11
15:39:32.651 (index):527 WAITING_12
15:39:32.652 (index):527 WAITING_0
15:39:32.652 (index):520 FLOORREQUESTED_1
15:39:32.652 (index):487 FLOORRELEASED_2
15:39:32.653 (index):506 UPDATE_3
15:39:32.653 (index):527 WAITING_4
15:39:32.654 (index):527 WAITING_5
15:39:32.654 (index):527 WAITING_6
15:39:32.655 (index):527 WAITING_7
15:39:32.655 (index):527 WAITING_8
15:39:32.655 (index):527 WAITING_9
15:39:32.656 (index):527 WAITING_10
15:39:32.656 (index):527 WAITING_11
15:39:32.657 (index):527 WAITING_12
15:39:32.657 (index):527 WAITING_0
15:39:32.657 (index):527 WAITING_1
15:39:32.658 (index):520 FLOORREQUESTED_2
15:39:32.658 (index):487 FLOORRELEASED_3
15:39:32.659 (index):506 UPDATE_4
15:39:32.659 (index):527 WAITING_5
15:39:32.660 (index):527 WAITING_6
15:39:32.660 (index):527 WAITING_7
15:39:32.661 (index):527 WAITING_8
15:39:32.661 (index):527 WAITING_9
15:39:32.661 (index):527 WAITING_10
15:39:32.662 (index):527 WAITING_11
15:39:32.662 (index):527 WAITING_12
15:39:32.663 (index):527 WAITING_0
15:39:32.663 (index):527 WAITING_1
15:39:32.664 (index):527 WAITING_2
15:39:32.664 (index):520 FLOORREQUESTED_3
15:39:32.664 (index):487 FLOORRELEASED_4
15:39:32.665 (index):506 UPDATE_5
15:39:32.665 (index):527 WAITING_6
15:39:32.666 (index):527 WAITING_7
15:39:32.666 (index):527 WAITING_8
15:39:32.667 (index):527 WAITING_9
15:39:32.667 (index):527 WAITING_10
15:39:32.667 (index):527 WAITING_11
15:39:32.668 (index):527 WAITING_12
15:39:32.668 (index):527 WAITING_0
15:39:32.669 (index):527 WAITING_1
15:39:32.669 (index):527 WAITING_2
15:39:32.669 (index):527 WAITING_3
15:39:32.670 (index):520 FLOORREQUESTED_4
15:39:32.670 (index):487 FLOORRELEASED_5
15:39:32.671 (index):506 UPDATE_6
15:39:32.671 (index):527 WAITING_7
15:39:32.672 (index):527 WAITING_8
15:39:32.672 (index):527 WAITING_9
15:39:32.672 (index):527 WAITING_10
15:39:32.673 (index):527 WAITING_11
15:39:32.673 (index):527 WAITING_12
15:39:32.674 (index):527 WAITING_0
15:39:32.674 (index):527 WAITING_1
15:39:32.674 (index):527 WAITING_2
15:39:32.675 (index):527 WAITING_3
15:39:32.675 (index):527 WAITING_4
15:39:32.676 (index):520 FLOORREQUESTED_5
15:39:32.676 (index):487 FLOORRELEASED_6
15:39:32.677 (index):506 UPDATE_7
15:39:32.677 (index):527 WAITING_8
15:39:32.677 (index):527 WAITING_9
15:39:32.678 (index):527 WAITING_10
15:39:32.678 (index):527 WAITING_11
15:39:32.679 (index):527 WAITING_12
15:39:32.679 (index):527 WAITING_0
15:39:32.679 (index):527 WAITING_1
15:39:32.680 (index):527 WAITING_2
15:39:32.680 (index):527 WAITING_3
15:39:32.681 (index):527 WAITING_4
15:39:32.681 (index):527 WAITING_5
15:39:32.681 (index):520 FLOORREQUESTED_6
15:39:32.682 (index):487 FLOORRELEASED_7
15:39:32.682 (index):506 UPDATE_8
15:39:32.683 (index):527 WAITING_9
15:39:32.683 (index):527 WAITING_10
15:39:32.684 (index):527 WAITING_11
15:39:32.684 (index):527 WAITING_12
15:39:32.684 (index):527 WAITING_0
15:39:32.685 (index):527 WAITING_1
15:39:32.685 (index):527 WAITING_2
15:39:32.686 (index):527 WAITING_3
15:39:32.686 (index):527 WAITING_4
15:39:32.686 (index):527 WAITING_5
15:39:32.687 (index):527 WAITING_6
15:39:32.687 (index):520 FLOORREQUESTED_7
15:39:32.688 (index):487 FLOORRELEASED_8
15:39:32.688 (index):506 UPDATE_9
15:39:32.688 (index):527 WAITING_10
15:39:32.689 (index):527 WAITING_11
15:39:32.689 (index):527 WAITING_12
15:39:32.690 (index):527 WAITING_0
15:39:32.690 (index):527 WAITING_1
15:39:32.691 (index):527 WAITING_2
15:39:32.691 (index):527 WAITING_3
15:39:32.691 (index):527 WAITING_4
15:39:32.692 (index):527 WAITING_5
15:39:32.692 (index):527 WAITING_6
15:39:32.693 (index):527 WAITING_7
15:39:32.693 (index):520 FLOORREQUESTED_8
15:39:32.693 (index):487 FLOORRELEASED_9
15:39:32.694 (index):506 UPDATE_10
15:39:32.694 (index):527 WAITING_11
15:39:32.695 (index):527 WAITING_12
15:39:32.695 (index):527 WAITING_0
15:39:32.695 (index):527 WAITING_1
15:39:32.696 (index):527 WAITING_2
15:39:32.696 (index):527 WAITING_3
15:39:32.697 (index):527 WAITING_4
15:39:32.697 (index):527 WAITING_5
15:39:32.697 (index):527 WAITING_6
15:39:32.698 (index):527 WAITING_7
15:39:32.698 (index):527 WAITING_8
15:39:32.699 (index):520 FLOORREQUESTED_9
15:39:32.699 (index):487 FLOORRELEASED_10
15:39:32.700 (index):506 UPDATE_11
15:39:32.700 (index):527 WAITING_12
15:39:32.700 (index):527 WAITING_0
15:39:32.701 (index):527 WAITING_1
15:39:32.701 (index):527 WAITING_2
15:39:32.702 (index):527 WAITING_3
15:39:32.702 (index):527 WAITING_4
15:39:32.702 (index):527 WAITING_5
15:39:32.703 (index):527 WAITING_6
15:39:32.703 (index):527 WAITING_7
15:39:32.704 (index):527 WAITING_8
15:39:32.704 (index):527 WAITING_9
15:39:32.704 (index):520 FLOORREQUESTED_10
15:39:32.705 (index):487 FLOORRELEASED_11
15:39:32.705 (index):506 UPDATE_12
15:39:32.706 (index):527 WAITING_0
15:39:32.706 (index):527 WAITING_1
15:39:32.707 (index):527 WAITING_2
15:39:32.707 (index):527 WAITING_3
15:39:32.707 (index):527 WAITING_4
15:39:32.708 (index):527 WAITING_5
15:39:32.708 (index):527 WAITING_6
15:39:32.709 (index):527 WAITING_7
15:39:32.709 (index):527 WAITING_8
15:39:32.709 (index):527 WAITING_9
15:39:32.710 (index):527 WAITING_10
15:39:32.710 (index):520 FLOORREQUESTED_11
15:39:32.711 (index):487 FLOORRELEASED_12
15:39:32.711 (index):506 UPDATE_0
15:39:32.711 (index):527 WAITING_1
15:39:32.712 (index):527 WAITING_2
15:39:32.712 (index):527 WAITING_3
15:39:32.713 (index):527 WAITING_4
15:39:32.713 (index):527 WAITING_5
15:39:32.713 (index):527 WAITING_6
15:39:32.714 (index):527 WAITING_7
15:39:32.714 (index):527 WAITING_8
15:39:32.715 (index):527 WAITING_9
15:39:32.715 (index):527 WAITING_10
15:39:32.716 (index):527 WAITING_11
15:39:32.716 (index):520 FLOORREQUESTED_12
15:39:32.716 (index):539 END_0
15:39:32.717 (index):506 UPDATE_1
15:39:32.717 (index):527 WAITING_2
15:39:32.718 (index):527 WAITING_3
15:39:32.718 (index):527 WAITING_4
15:39:32.718 (index):527 WAITING_5
15:39:32.719 (index):527 WAITING_6
15:39:32.719 (index):527 WAITING_7
15:39:32.720 (index):527 WAITING_8
15:39:32.720 (index):527 WAITING_9
15:39:32.720 (index):527 WAITING_10
15:39:32.721 (index):527 WAITING_11
15:39:32.721 (index):527 WAITING_12
15:39:32.722 (index):539 END_1
15:39:32.722 (index):506 UPDATE_2
15:39:32.723 (index):527 WAITING_3
15:39:32.723 (index):527 WAITING_4
15:39:32.723 (index):527 WAITING_5
15:39:32.724 (index):527 WAITING_6
15:39:32.724 (index):527 WAITING_7
15:39:32.725 (index):527 WAITING_8
15:39:32.725 (index):527 WAITING_9
15:39:32.725 (index):527 WAITING_10
15:39:32.726 (index):527 WAITING_11
15:39:32.726 (index):527 WAITING_12
15:39:32.727 (index):539 END_2
15:39:32.727 (index):506 UPDATE_3
15:39:32.727 (index):527 WAITING_4
15:39:32.728 (index):527 WAITING_5
15:39:32.728 (index):527 WAITING_6
15:39:32.729 (index):527 WAITING_7
15:39:32.729 (index):527 WAITING_8
15:39:32.729 (index):527 WAITING_9
15:39:32.730 (index):527 WAITING_10
15:39:32.730 (index):527 WAITING_11
15:39:32.731 (index):527 WAITING_12
15:39:32.732 (index):539 END_3
15:39:32.732 (index):506 UPDATE_4
15:39:32.732 (index):527 WAITING_5
15:39:32.733 (index):527 WAITING_6
15:39:32.733 (index):527 WAITING_7
15:39:32.734 (index):527 WAITING_8
15:39:32.734 (index):527 WAITING_9
15:39:32.735 (index):527 WAITING_10
15:39:32.735 (index):527 WAITING_11
15:39:32.736 (index):527 WAITING_12
15:39:32.736 (index):539 END_4
15:39:32.737 (index):506 UPDATE_5
15:39:32.737 (index):527 WAITING_6
15:39:32.738 (index):527 WAITING_7
15:39:32.738 (index):527 WAITING_8
15:39:32.739 (index):527 WAITING_9
15:39:32.739 (index):527 WAITING_10
15:39:32.740 (index):527 WAITING_11
15:39:32.740 (index):527 WAITING_12
15:39:32.741 (index):539 END_5
15:39:32.742 (index):506 UPDATE_6
15:39:32.742 (index):527 WAITING_7
15:39:32.743 (index):527 WAITING_8
15:39:32.743 (index):527 WAITING_9
15:39:32.744 (index):527 WAITING_10
15:39:32.744 (index):527 WAITING_11
15:39:32.745 (index):527 WAITING_12
15:39:32.746 (index):539 END_6
15:39:32.747 (index):506 UPDATE_7
15:39:32.747 (index):527 WAITING_8
15:39:32.748 (index):527 WAITING_9
15:39:32.748 (index):527 WAITING_10
15:39:32.749 (index):527 WAITING_11
15:39:32.749 (index):527 WAITING_12
15:39:32.751 (index):539 END_7
15:39:32.752 (index):506 UPDATE_8
15:39:32.752 (index):527 WAITING_9
15:39:32.753 (index):527 WAITING_10
15:39:32.753 (index):527 WAITING_11
15:39:32.754 (index):527 WAITING_12
15:39:32.756 (index):539 END_8
15:39:32.757 (index):506 UPDATE_9
15:39:32.757 (index):527 WAITING_10
15:39:32.758 (index):527 WAITING_11
15:39:32.758 (index):527 WAITING_12
15:39:32.761 (index):539 END_9
15:39:32.762 (index):506 UPDATE_10
15:39:32.762 (index):527 WAITING_11
15:39:32.763 (index):527 WAITING_12
15:39:32.766 (index):539 END_10
15:39:32.767 (index):506 UPDATE_11
15:39:32.767 (index):527 WAITING_12
15:39:32.771 (index):539 END_11
15:39:32.772 (index):506 UPDATE_12
15:39:32.776 (index):539 END_12
