15:39:27.585 (index):649 Tasks: 25; Collaborators: 8    =========================>
15:39:27.586 (index):520 FLOORREQUESTED_0
15:39:27.587 (index):520 FLOORREQUESTED_1
15:39:27.587 (index):520 FLOORREQUESTED_2
15:39:27.588 (index):520 FLOORREQUESTED_3
15:39:27.588 (index):520 FLOORREQUESTED_4
15:39:27.589 (index):520 FLOORREQUESTED_5
15:39:27.589 (index):520 FLOORREQUESTED_6
15:39:27.590 (index):520 FLOORREQUESTED_7
15:39:27.591 (index):487 FLOORRELEASED_0
15:39:27.591 (index):487 FLOORRELEASED_1
15:39:27.592 (index):487 FLOORRELEASED_2
15:39:27.592 (index):487 FLOORRELEASED_3
15:39:27.593 (index):487 FLOORRELEASED_4
15:39:27.594 (index):487 FLOORRELEASED_5
15:39:27.594 (index):487 FLOORRELEASED_6
15:39:27.595 (index):487 FLOORRELEASED_7
15:39:27.595 (index):520 FLOORREQUESTED_0
15:39:27.596 (index):520 FLOORREQUESTED_1
15:39:27.597 (index):520 FLOORREQUESTED_2
15:39:27.597 (index):520 FLOORREQUESTED_3
15:39:27.598 (index):520 FLOORREQUESTED_4
15:39:27.598 (index):520 FLOORREQUESTED_5
15:39:27.599 (index):520 FLOORREQUESTED_6
15:39:27.599 (index):520 FLOORREQUESTED_7
15:39:27.600 (index):506 UPDATE_0
15:39:27.601 (index):527 WAITING_1
15:39:27.601 (index):527 WAITING_2
15:39:27.602 (index):527 WAITING_3
15:39:27.602 (index):527 WAITING_4
15:39:27.603 (index):527 WAITING_5
15:39:27.603 (index):527 WAITING_6
15:39:27.604 (index):527 WAITING_7
15:39:27.605 (index):487 FLOORRELEASED_0
15:39:27.605 (index):506 UPDATE_1
15:39:27.606 (index):527 WAITING_2
15:39:27.606 (index):527 WAITING_3
15:39:27.607 (index):527 WAITING_4
15:39:27.608 (index):527 WAITING_5
15:39:27.608 (index):527 WAITING_6
15:39:27.609 (index):527 WAITING_7
15:39:27.609 (index):520 FLOORREQUESTED_0
15:39:27.610 (index):487 FLOORRELEASED_1
15:39:27.610 (index):506 UPDATE_2
15:39:27.611 (index):527 WAITING_3
15:39:27.612 (index):527 WAITING_4
15:39:27.612 (index):527 WAITING_5
15:39:27.613 (index):527 WAITING_6
15:39:27.613 (index):527 WAITING_7
15:39:27.614 (index):527 WAITING_0
15:39:27.614 (index):520 FLOORREQUESTED_1
15:39:27.615 (index):487 FLOORRELEASED_2
15:39:27.616 (index):506 UPDATE_3
15:39:27.616 (index):527 WAITING_4
15:39:27.617 (index):527 WAITING_5
15:39:27.617 (index):527 WAITING_6
15:39:27.618 (index):527 WAITING_7
15:39:27.618 (index):527 WAITING_0
15:39:27.619 (index):527 WAITING_1
15:39:27.620 (index):520 FLOORREQUESTED_2
15:39:27.620 (index):487 FLOORRELEASED_3
15:39:27.621 (index):506 UPDATE_4
15:39:27.621 (index):527 WAITING_5
15:39:27.622 (index):527 WAITING_6
15:39:27.623 (index):527 WAITING_7
15:39:27.623 (index):527 WAITING_0
15:39:27.624 (index):527 WAITING_1
15:39:27.624 (index):527 WAITING_2
15:39:27.625 (index):520 FLOORREQUESTED_3
15:39:27.625 (index):487 FLOORRELEASED_4
15:39:27.626 (index):506 UPDATE_5
15:39:27.627 (index):527 WAITING_6
15:39:27.627 (index):527 WAITING_7
15:39:27.628 (index):527 WAITING_0
15:39:27.628 (index):527 WAITING_1
15:39:27.629 (index):527 WAITING_2
15:39:27.629 (index):527 WAITING_3
15:39:27.630 (index):520 FLOORREQUESTED_4
15:39:27.631 (index):487 FLOORRELEASED_5
15:39:27.631 (index):506 UPDATE_6
15:39:27.632 (index):527 WAITING_7
15:39:27.632 (index):527 WAITING_0
15:39:27.633 (index):527 WAITING_1
15:39:27.634 (index):527 WAITING_2
15:39:27.634 (index):527 WAITING_3
15:39:27.635 (index):527 WAITING_4
15:39:27.635 (index):520 FLOORREQUESTED_5
15:39:27.636 (index):487 FLOORRELEASED_6
15:39:27.636 (index):506 UPDATE_7
15:39:27.637 (index):527 WAITING_0
15:39:27.638 (index):527 WAITING_1
15:39:27.638 (index):527 WAITING_2
15:39:27.639 (index):527 WAITING_3
15:39:27.639 (index):527 WAITING_4
15:39:27.640 (index):527 WAITING_5
15:39:27.640 (index):520 FLOORREQUESTED_6
15:39:27.641 (index):487 FLOORRELEASED_7
15:39:27.642 (index):506 UPDATE_0
15:39:27.642 (index):527 WAITING_1
15:39:27.643 (index):527 WAITING_2
15:39:27.643 (index):527 WAITING_3
15:39:27.644 (index):527 WAITING_4
15:39:27.644 (index):527 WAITING_5
15:39:27.645 (index):527 WAITING_6
15:39:27.646 (index):520 FLOORREQUESTED_7
15:39:27.646 (index):487 FLOORRELEASED_0
15:39:27.647 (index):506 UPDATE_1
15:39:27.647 (index):527 WAITING_2
15:39:27.648 (index):527 WAITING_3
15:39:27.648 (index):527 WAITING_4
15:39:27.649 (index):527 WAITING_5
15:39:27.650 (index):527 WAITING_6
15:39:27.650 (index):527 WAITING_7
15:39:27.651 (index):520 FLOORREQUESTED_0
15:39:27.651 (index):487 FLOORRELEASED_1
15:39:27.652 (index):506 UPDATE_2
15:39:27.653 (index):527 WAITING_3
15:39:27.653 (index):527 WAITING_4
15:39:27.654 (index):527 WAITING_5
15:39:27.654 (index):527 WAITING_6
15:39:27.655 (index):527 WAITING_7
15:39:27.655 (index):527 WAITING_0
15:39:27.656 (index):520 FLOORREQUESTED_1
15:39:27.657 (index):487 FLOORRELEASED_2
15:39:27.657 (index):506 UPDATE_3
15:39:27.658 (index):527 WAITING_4
15:39:27.658 (index):527 WAITING_5
15:39:27.659 (index):527 WAITING_6
15:39:27.659 (index):527 WAITING_7
15:39:27.660 (index):527 WAITING_0
15:39:27.661 (index):527 WAITING_1
15:39:27.661 (index):520 FLOORREQUESTED_2
15:39:27.662 (index):487 FLOORRELEASED_3
15:39:27.662 (index):506 UPDATE_4
15:39:27.663 (index):527 WAITING_5
15:39:27.664 (index):527 WAITING_6
15:39:27.664 (index):527 WAITING_7
15:39:27.665 (index):527 WAITING_0
15:39:27.665 (index):527 WAITING_1
15:39:27.666 (index):527 WAITING_2
15:39:27.666 (index):520 FLOORREQUESTED_3
15:39:27.667 (index):487 FLOORRELEASED_4
15:39:27.668 (index):506 UPDATE_5
15:39:27.668 (index):527 WAITING_6
15:39:27.669 (index):527 WAITING_7
15:39:27.669 (index):527 WAITING_0
15:39:27.670 (index):527 WAITING_1
15:39:27.670 (index):527 WAITING_2
15:39:27.671 (index):527 WAITING_3
15:39:27.672 (index):520 FLOORREQUESTED_4
15:39:27.672 (index):487 FLOORRELEASED_5
15:39:27.673 (index):506 UPDATE_6
15:39:27.673 (index):527 WAITING_7
15:39:27.674 (index):527 WAITING_0
15:39:27.675 (index):527 WAITING_1
15:39:27.675 (index):527 WAITING_2
15:39:27.676 (index):527 WAITING_3
15:39:27.677 (index):527 WAITING_4
15:39:27.677 (index):520 FLOORREQUESTED_5
15:39:27.678 (index):487 FLOORRELEASED_6
15:39:27.678 (index):506 UPDATE_7
15:39:27.679 (index):527 WAITING_0
15:39:27.680 (index):527 WAITING_1
15:39:27.680 (index):527 WAITING_2
15:39:27.681 (index):527 WAITING_3
15:39:27.681 (index):527 WAITING_4
15:39:27.682 (index):527 WAITING_5
15:39:27.682 (index):520 FLOORREQUESTED_6
15:39:27.683 (index):487 FLOORRELEASED_7
15:39:27.684 (index):506 UPDATE_0
15:39:27.684 (index):527 WAITING_1
15:39:27.685 (index):527 WAITING_2
15:39:27.685 (index):527 WAITING_3
15:39:27.686 (index):527 WAITING_4
15:39:27.687 (index):527 WAITING_5
15:39:27.687 (index):527 WAITING_6
15:39:27.688 (index):520 FLOORREQUESTED_7
15:39:27.688 (index):487 FLOORRELEASED_0
15:39:27.689 (index):506 UPDATE_1
15:39:27.689 (index):527 WAITING_2
15:39:27.690 (index):527 WAITING_3
15:39:27.691 (index):527 WAITING_4
15:39:27.691 (index):527 WAITING_5
15:39:27.692 (index):527 WAITING_6
15:39:27.692 (index):527 WAITING_7
15:39:27.693 (index):520 FLOORREQUESTED_0
15:39:27.693 (index):487 FLOORRELEASED_1
15:39:27.694 (index):506 UPDATE_2
15:39:27.695 (index):527 WAITING_3
15:39:27.695 (index):527 WAITING_4
15:39:27.696 (index):527 WAITING_5
15:39:27.696 (index):527 WAITING_6
15:39:27.697 (index):527 WAITING_7
15:39:27.698 (index):527 WAITING_0
15:39:27.698 (index):520 FLOORREQUESTED_1
15:39:27.699 (index):487 FLOORRELEASED_2
15:39:27.699 (index):506 UPDATE_3
15:39:27.700 (index):527 WAITING_4
15:39:27.701 (index):527 WAITING_5
15:39:27.701 (index):527 WAITING_6
15:39:27.702 (index):527 WAITING_7
15:39:27.702 (index):527 WAITING_0
15:39:27.703 (index):527 WAITING_1
15:39:27.703 (index):520 FLOORREQUESTED_2
15:39:27.704 (index):487 FLOORRELEASED_3
15:39:27.705 (index):506 UPDATE_4
15:39:27.705 (index):527 WAITING_5
15:39:27.706 (index):527 WAITING_6
15:39:27.706 (index):527 WAITING_7
15:39:27.707 (index):527 WAITING_0
15:39:27.708 (index):527 WAITING_1
15:39:27.708 (index):527 WAITING_2
15:39:27.709 (index):520 FLOORREQUESTED_3
15:39:27.709 (index):487 FLOORRELEASED_4
15:39:27.710 (index):506 UPDATE_5
15:39:27.711 (index):527 WAITING_6
15:39:27.711 (index):527 WAITING_7
15:39:27.712 (index):527 WAITING_0
15:39:27.712 (index):527 WAITING_1
15:39:27.713 (index):527 WAITING_2
15:39:27.714 (index):527 WAITING_3
15:39:27.714 (index):520 FLOORREQUESTED_4
15:39:27.715 (index):487 FLOORRELEASED_5
15:39:27.715 (index):506 UPDATE_6
15:39:27.716 (index):527 WAITING_7
15:39:27.717 (index):527 WAITING_0
15:39:27.717 (index):527 WAITING_1
15:39:27.718 (index):527 WAITING_2
15:39:27.718 (index):527 WAITING_3
15:39:27.719 (index):527 WAITING_4
15:39:27.719 (index):520 FLOORREQUESTED_5
15:39:27.720 (index):487 FLOORRELEASED_6
15:39:27.721 (index):506 UPDATE_7
15:39:27.721 (index):527 WAITING_0
15:39:27.722 (index):527 WAITING_1
15:39:27.723 (index):527 WAITING_2
15:39:27.723 (index):527 WAITING_3
15:39:27.724 (index):527 WAITING_4
15:39:27.724 (index):527 WAITING_5
15:39:27.725 (index):520 FLOORREQUESTED_6
15:39:27.726 (index):487 FLOORRELEASED_7
15:39:27.726 (index):506 UPDATE_0
15:39:27.727 (index):527 WAITING_1
15:39:27.727 (index):527 WAITING_2
15:39:27.728 (index):527 WAITING_3
15:39:27.729 (index):527 WAITING_4
15:39:27.729 (index):527 WAITING_5
15:39:27.730 (index):527 WAITING_6
15:39:27.730 (index):520 FLOORREQUESTED_7
15:39:27.731 (index):487 FLOORRELEASED_0
15:39:27.732 (index):506 UPDATE_1
15:39:27.732 (index):527 WAITING_2
15:39:27.733 (index):527 WAITING_3
15:39:27.733 (index):527 WAITING_4
15:39:27.734 (index):527 WAITING_5
15:39:27.735 (index):527 WAITING_6
15:39:27.735 (index):527 WAITING_7
15:39:27.736 (index):520 FLOORREQUESTED_0
15:39:27.736 (index):487 FLOORRELEASED_1
15:39:27.737 (index):506 UPDATE_2
15:39:27.737 (index):527 WAITING_3
15:39:27.738 (index):527 WAITING_4
15:39:27.739 (index):527 WAITING_5
15:39:27.739 (index):527 WAITING_6
15:39:27.740 (index):527 WAITING_7
15:39:27.740 (index):527 WAITING_0
15:39:27.741 (index):520 FLOORREQUESTED_1
15:39:27.742 (index):487 FLOORRELEASED_2
15:39:27.742 (index):506 UPDATE_3
15:39:27.743 (index):527 WAITING_4
15:39:27.743 (index):527 WAITING_5
15:39:27.744 (index):527 WAITING_6
15:39:27.745 (index):527 WAITING_7
15:39:27.745 (index):527 WAITING_0
15:39:27.746 (index):527 WAITING_1
15:39:27.746 (index):520 FLOORREQUESTED_2
15:39:27.747 (index):487 FLOORRELEASED_3
15:39:27.747 (index):506 UPDATE_4
15:39:27.748 (index):527 WAITING_5
15:39:27.749 (index):527 WAITING_6
15:39:27.749 (index):527 WAITING_7
15:39:27.750 (index):527 WAITING_0
15:39:27.750 (index):527 WAITING_1
15:39:27.751 (index):527 WAITING_2
15:39:27.752 (index):520 FLOORREQUESTED_3
15:39:27.752 (index):487 FLOORRELEASED_4
15:39:27.753 (index):506 UPDATE_5
15:39:27.753 (index):527 WAITING_6
15:39:27.754 (index):527 WAITING_7
15:39:27.754 (index):527 WAITING_0
15:39:27.755 (index):527 WAITING_1
15:39:27.756 (index):527 WAITING_2
15:39:27.756 (index):527 WAITING_3
15:39:27.757 (index):520 FLOORREQUESTED_4
15:39:27.757 (index):487 FLOORRELEASED_5
15:39:27.758 (index):506 UPDATE_6
15:39:27.758 (index):527 WAITING_7
15:39:27.759 (index):527 WAITING_0
15:39:27.760 (index):527 WAITING_1
15:39:27.760 (index):527 WAITING_2
15:39:27.761 (index):527 WAITING_3
15:39:27.761 (index):527 WAITING_4
15:39:27.762 (index):520 FLOORREQUESTED_5
15:39:27.763 (index):487 FLOORRELEASED_6
15:39:27.763 (index):506 UPDATE_7
15:39:27.764 (index):527 WAITING_0
15:39:27.764 (index):527 WAITING_1
15:39:27.765 (index):527 WAITING_2
15:39:27.765 (index):527 WAITING_3
15:39:27.766 (index):527 WAITING_4
15:39:27.767 (index):527 WAITING_5
15:39:27.767 (index):520 FLOORREQUESTED_6
15:39:27.768 (index):487 FLOORRELEASED_7
15:39:27.768 (index):506 UPDATE_0
15:39:27.769 (index):527 WAITING_1
15:39:27.769 (index):527 WAITING_2
15:39:27.770 (index):527 WAITING_3
15:39:27.771 (index):527 WAITING_4
15:39:27.771 (index):527 WAITING_5
15:39:27.772 (index):527 WAITING_6
15:39:27.772 (index):520 FLOORREQUESTED_7
15:39:27.773 (index):487 FLOORRELEASED_0
15:39:27.773 (index):506 UPDATE_1
15:39:27.774 (index):527 WAITING_2
15:39:27.775 (index):527 WAITING_3
15:39:27.775 (index):527 WAITING_4
15:39:27.776 (index):527 WAITING_5
15:39:27.776 (index):527 WAITING_6
15:39:27.777 (index):527 WAITING_7
15:39:27.777 (index):520 FLOORREQUESTED_0
15:39:27.778 (index):487 FLOORRELEASED_1
15:39:27.779 (index):506 UPDATE_2
15:39:27.779 (index):527 WAITING_3
15:39:27.780 (index):527 WAITING_4
15:39:27.780 (index):527 WAITING_5
15:39:27.781 (index):527 WAITING_6
15:39:27.781 (index):527 WAITING_7
15:39:27.782 (index):527 WAITING_0
15:39:27.783 (index):520 FLOORREQUESTED_1
15:39:27.783 (index):487 FLOORRELEASED_2
15:39:27.784 (index):506 UPDATE_3
15:39:27.784 (index):527 WAITING_4
15:39:27.785 (index):527 WAITING_5
15:39:27.785 (index):527 WAITING_6
15:39:27.786 (index):527 WAITING_7
15:39:27.787 (index):527 WAITING_0
15:39:27.787 (index):527 WAITING_1
15:39:27.788 (index):520 FLOORREQUESTED_2
15:39:27.788 (index):487 FLOORRELEASED_3
15:39:27.789 (index):506 UPDATE_4
15:39:27.789 (index):527 WAITING_5
15:39:27.790 (index):527 WAITING_6
15:39:27.791 (index):527 WAITING_7
15:39:27.791 (index):527 WAITING_0
15:39:27.792 (index):527 WAITING_1
15:39:27.792 (index):527 WAITING_2
15:39:27.793 (index):520 FLOORREQUESTED_3
15:39:27.794 (index):487 FLOORRELEASED_4
15:39:27.794 (index):506 UPDATE_5
15:39:27.795 (index):527 WAITING_6
15:39:27.795 (index):527 WAITING_7
15:39:27.796 (index):527 WAITING_0
15:39:27.796 (index):527 WAITING_1
15:39:27.797 (index):527 WAITING_2
15:39:27.798 (index):527 WAITING_3
15:39:27.798 (index):520 FLOORREQUESTED_4
15:39:27.799 (index):487 FLOORRELEASED_5
15:39:27.799 (index):506 UPDATE_6
15:39:27.800 (index):527 WAITING_7
15:39:27.800 (index):527 WAITING_0
15:39:27.801 (index):527 WAITING_1
15:39:27.802 (index):527 WAITING_2
15:39:27.802 (index):527 WAITING_3
15:39:27.803 (index):527 WAITING_4
15:39:27.803 (index):520 FLOORREQUESTED_5
15:39:27.804 (index):487 FLOORRELEASED_6
15:39:27.804 (index):506 UPDATE_7
15:39:27.805 (index):527 WAITING_0
15:39:27.806 (index):527 WAITING_1
15:39:27.806 (index):527 WAITING_2
15:39:27.807 (index):527 WAITING_3
15:39:27.807 (index):527 WAITING_4
15:39:27.808 (index):527 WAITING_5
15:39:27.808 (index):520 FLOORREQUESTED_6
15:39:27.809 (index):487 FLOORRELEASED_7
15:39:27.810 (index):506 UPDATE_0
15:39:27.810 (index):527 WAITING_1
15:39:27.811 (index):527 WAITING_2
15:39:27.811 (index):527 WAITING_3
15:39:27.812 (index):527 WAITING_4
15:39:27.812 (index):527 WAITING_5
15:39:27.813 (index):527 WAITING_6
15:39:27.814 (index):520 FLOORREQUESTED_7
15:39:27.814 (index):487 FLOORRELEASED_0
15:39:27.815 (index):506 UPDATE_1
15:39:27.815 (index):527 WAITING_2
15:39:27.816 (index):527 WAITING_3
15:39:27.817 (index):527 WAITING_4
15:39:27.817 (index):527 WAITING_5
15:39:27.818 (index):527 WAITING_6
15:39:27.818 (index):527 WAITING_7
15:39:27.819 (index):520 FLOORREQUESTED_0
15:39:27.819 (index):487 FLOORRELEASED_1
15:39:27.820 (index):506 UPDATE_2
15:39:27.821 (index):527 WAITING_3
15:39:27.821 (index):527 WAITING_4
15:39:27.822 (index):527 WAITING_5
15:39:27.822 (index):527 WAITING_6
15:39:27.823 (index):527 WAITING_7
15:39:27.823 (index):527 WAITING_0
15:39:27.824 (index):520 FLOORREQUESTED_1
15:39:27.825 (index):487 FLOORRELEASED_2
15:39:27.825 (index):506 UPDATE_3
15:39:27.826 (index):527 WAITING_4
15:39:27.826 (index):527 WAITING_5
15:39:27.827 (index):527 WAITING_6
15:39:27.827 (index):527 WAITING_7
15:39:27.828 (index):527 WAITING_0
15:39:27.829 (index):527 WAITING_1
15:39:27.829 (index):520 FLOORREQUESTED_2
15:39:27.830 (index):487 FLOORRELEASED_3
15:39:27.830 (index):506 UPDATE_4
15:39:27.831 (index):527 WAITING_5
15:39:27.831 (index):527 WAITING_6
15:39:27.832 (index):527 WAITING_7
15:39:27.833 (index):527 WAITING_0
15:39:27.833 (index):527 WAITING_1
15:39:27.834 (index):527 WAITING_2
15:39:27.835 (index):520 FLOORREQUESTED_3
15:39:27.836 (index):487 FLOORRELEASED_4
15:39:27.836 (index):506 UPDATE_5
15:39:27.837 (index):527 WAITING_6
15:39:27.838 (index):527 WAITING_7
15:39:27.838 (index):527 WAITING_0
15:39:27.839 (index):527 WAITING_1
15:39:27.840 (index):527 WAITING_2
15:39:27.841 (index):527 WAITING_3
15:39:27.841 (index):520 FLOORREQUESTED_4
15:39:27.842 (index):487 FLOORRELEASED_5
15:39:27.843 (index):506 UPDATE_6
15:39:27.843 (index):527 WAITING_7
15:39:27.844 (index):527 WAITING_0
15:39:27.845 (index):527 WAITING_1
15:39:27.845 (index):527 WAITING_2
15:39:27.846 (index):527 WAITING_3
15:39:27.847 (index):527 WAITING_4
15:39:27.847 (index):520 FLOORREQUESTED_5
15:39:27.848 (index):487 FLOORRELEASED_6
15:39:27.848 (index):506 UPDATE_7
15:39:27.849 (index):527 WAITING_0
15:39:27.849 (index):527 WAITING_1
15:39:27.850 (index):527 WAITING_2
15:39:27.851 (index):527 WAITING_3
15:39:27.851 (index):527 WAITING_4
15:39:27.852 (index):527 WAITING_5
15:39:27.852 (index):520 FLOORREQUESTED_6
15:39:27.853 (index):487 FLOORRELEASED_7
15:39:27.853 (index):506 UPDATE_0
15:39:27.854 (index):527 WAITING_1
15:39:27.854 (index):527 WAITING_2
15:39:27.855 (index):527 WAITING_3
15:39:27.856 (index):527 WAITING_4
15:39:27.856 (index):527 WAITING_5
15:39:27.857 (index):527 WAITING_6
15:39:27.857 (index):520 FLOORREQUESTED_7
15:39:27.858 (index):487 FLOORRELEASED_0
15:39:27.859 (index):506 UPDATE_1
15:39:27.859 (index):527 WAITING_2
15:39:27.860 (index):527 WAITING_3
15:39:27.860 (index):527 WAITING_4
15:39:27.861 (index):527 WAITING_5
15:39:27.861 (index):527 WAITING_6
15:39:27.862 (index):527 WAITING_7
15:39:27.863 (index):520 FLOORREQUESTED_0
15:39:27.863 (index):487 FLOORRELEASED_1
15:39:27.864 (index):506 UPDATE_2
15:39:27.864 (index):527 WAITING_3
15:39:27.865 (index):527 WAITING_4
15:39:27.866 (index):527 WAITING_5
15:39:27.866 (index):527 WAITING_6
15:39:27.867 (index):527 WAITING_7
15:39:27.867 (index):527 WAITING_0
15:39:27.868 (index):520 FLOORREQUESTED_1
15:39:27.868 (index):487 FLOORRELEASED_2
15:39:27.869 (index):506 UPDATE_3
15:39:27.870 (index):527 WAITING_4
15:39:27.870 (index):527 WAITING_5
15:39:27.871 (index):527 WAITING_6
15:39:27.871 (index):527 WAITING_7
15:39:27.872 (index):527 WAITING_0
15:39:27.872 (index):527 WAITING_1
15:39:27.873 (index):520 FLOORREQUESTED_2
15:39:27.874 (index):487 FLOORRELEASED_3
15:39:27.874 (index):506 UPDATE_4
15:39:27.875 (index):527 WAITING_5
15:39:27.875 (index):527 WAITING_6
15:39:27.876 (index):527 WAITING_7
15:39:27.877 (index):527 WAITING_0
15:39:27.877 (index):527 WAITING_1
15:39:27.878 (index):527 WAITING_2
15:39:27.878 (index):520 FLOORREQUESTED_3
15:39:27.879 (index):487 FLOORRELEASED_4
15:39:27.879 (index):506 UPDATE_5
15:39:27.880 (index):527 WAITING_6
15:39:27.881 (index):527 WAITING_7
15:39:27.881 (index):527 WAITING_0
15:39:27.882 (index):527 WAITING_1
15:39:27.882 (index):527 WAITING_2
15:39:27.883 (index):527 WAITING_3
15:39:27.883 (index):520 FLOORREQUESTED_4
15:39:27.884 (index):487 FLOORRELEASED_5
15:39:27.885 (index):506 UPDATE_6
15:39:27.885 (index):527 WAITING_7
15:39:27.886 (index):527 WAITING_0
15:39:27.886 (index):527 WAITING_1
15:39:27.887 (index):527 WAITING_2
15:39:27.888 (index):527 WAITING_3
15:39:27.888 (index):527 WAITING_4
15:39:27.889 (index):520 FLOORREQUESTED_5
15:39:27.889 (index):487 FLOORRELEASED_6
15:39:27.890 (index):506 UPDATE_7
15:39:27.890 (index):527 WAITING_0
15:39:27.891 (index):527 WAITING_1
15:39:27.892 (index):527 WAITING_2
15:39:27.892 (index):527 WAITING_3
15:39:27.893 (index):527 WAITING_4
15:39:27.893 (index):527 WAITING_5
15:39:27.894 (index):520 FLOORREQUESTED_6
15:39:27.894 (index):487 FLOORRELEASED_7
15:39:27.895 (index):506 UPDATE_0
15:39:27.896 (index):527 WAITING_1
15:39:27.896 (index):527 WAITING_2
15:39:27.897 (index):527 WAITING_3
15:39:27.897 (index):527 WAITING_4
15:39:27.898 (index):527 WAITING_5
15:39:27.898 (index):527 WAITING_6
15:39:27.899 (index):520 FLOORREQUESTED_7
15:39:27.900 (index):487 FLOORRELEASED_0
15:39:27.900 (index):506 UPDATE_1
15:39:27.901 (index):527 WAITING_2
15:39:27.901 (index):527 WAITING_3
15:39:27.902 (index):527 WAITING_4
15:39:27.902 (index):527 WAITING_5
15:39:27.903 (index):527 WAITING_6
15:39:27.904 (index):527 WAITING_7
15:39:27.904 (index):520 FLOORREQUESTED_0
15:39:27.905 (index):487 FLOORRELEASED_1
15:39:27.905 (index):506 UPDATE_2
15:39:27.906 (index):527 WAITING_3
15:39:27.906 (index):527 WAITING_4
15:39:27.907 (index):527 WAITING_5
15:39:27.908 (index):527 WAITING_6
15:39:27.908 (index):527 WAITING_7
15:39:27.909 (index):527 WAITING_0
15:39:27.909 (index):520 FLOORREQUESTED_1
15:39:27.910 (index):487 FLOORRELEASED_2
15:39:27.910 (index):506 UPDATE_3
15:39:27.911 (index):527 WAITING_4
15:39:27.912 (index):527 WAITING_5
15:39:27.912 (index):527 WAITING_6
15:39:27.913 (index):527 WAITING_7
15:39:27.913 (index):527 WAITING_0
15:39:27.914 (index):527 WAITING_1
15:39:27.915 (index):520 FLOORREQUESTED_2
15:39:27.915 (index):487 FLOORRELEASED_3
15:39:27.916 (index):506 UPDATE_4
15:39:27.916 (index):527 WAITING_5
15:39:27.917 (index):527 WAITING_6
15:39:27.918 (index):527 WAITING_7
15:39:27.918 (index):527 WAITING_0
15:39:27.919 (index):527 WAITING_1
15:39:27.919 (index):527 WAITING_2
15:39:27.920 (index):520 FLOORREQUESTED_3
15:39:27.920 (index):487 FLOORRELEASED_4
15:39:27.921 (index):506 UPDATE_5
15:39:27.922 (index):527 WAITING_6
15:39:27.922 (index):527 WAITING_7
15:39:27.923 (index):527 WAITING_0
15:39:27.923 (index):527 WAITING_1
15:39:27.924 (index):527 WAITING_2
15:39:27.924 (index):527 WAITING_3
15:39:27.925 (index):520 FLOORREQUESTED_4
15:39:27.926 (index):487 FLOORRELEASED_5
15:39:27.926 (index):506 UPDATE_6
15:39:27.927 (index):527 WAITING_7
15:39:27.927 (index):527 WAITING_0
15:39:27.928 (index):527 WAITING_1
15:39:27.929 (index):527 WAITING_2
15:39:27.929 (index):527 WAITING_3
15:39:27.930 (index):527 WAITING_4
15:39:27.930 (index):520 FLOORREQUESTED_5
15:39:27.931 (index):487 FLOORRELEASED_6
15:39:27.931 (index):506 UPDATE_7
15:39:27.932 (index):527 WAITING_0
15:39:27.933 (index):527 WAITING_1
15:39:27.933 (index):527 WAITING_2
15:39:27.934 (index):527 WAITING_3
15:39:27.934 (index):527 WAITING_4
15:39:27.935 (index):527 WAITING_5
15:39:27.936 (index):520 FLOORREQUESTED_6
15:39:27.936 (index):487 FLOORRELEASED_7
15:39:27.937 (index):506 UPDATE_0
15:39:27.937 (index):527 WAITING_1
15:39:27.938 (index):527 WAITING_2
15:39:27.938 (index):527 WAITING_3
15:39:27.939 (index):527 WAITING_4
15:39:27.940 (index):527 WAITING_5
15:39:27.940 (index):527 WAITING_6
15:39:27.941 (index):520 FLOORREQUESTED_7
15:39:27.941 (index):487 FLOORRELEASED_0
15:39:27.942 (index):506 UPDATE_1
15:39:27.942 (index):527 WAITING_2
15:39:27.943 (index):527 WAITING_3
15:39:27.944 (index):527 WAITING_4
15:39:27.944 (index):527 WAITING_5
15:39:27.945 (index):527 WAITING_6
15:39:27.945 (index):527 WAITING_7
15:39:27.946 (index):520 FLOORREQUESTED_0
15:39:27.946 (index):487 FLOORRELEASED_1
15:39:27.947 (index):506 UPDATE_2
15:39:27.948 (index):527 WAITING_3
15:39:27.948 (index):527 WAITING_4
15:39:27.949 (index):527 WAITING_5
15:39:27.949 (index):527 WAITING_6
15:39:27.950 (index):527 WAITING_7
15:39:27.951 (index):527 WAITING_0
15:39:27.951 (index):520 FLOORREQUESTED_1
15:39:27.952 (index):487 FLOORRELEASED_2
15:39:27.952 (index):506 UPDATE_3
15:39:27.953 (index):527 WAITING_4
15:39:27.953 (index):527 WAITING_5
15:39:27.954 (index):527 WAITING_6
15:39:27.954 (index):527 WAITING_7
15:39:27.955 (index):527 WAITING_0
15:39:27.956 (index):527 WAITING_1
15:39:27.956 (index):520 FLOORREQUESTED_2
15:39:27.957 (index):487 FLOORRELEASED_3
15:39:27.957 (index):506 UPDATE_4
15:39:27.958 (index):527 WAITING_5
15:39:27.959 (index):527 WAITING_6
15:39:27.959 (index):527 WAITING_7
15:39:27.960 (index):527 WAITING_0
15:39:27.960 (index):527 WAITING_1
15:39:27.961 (index):527 WAITING_2
15:39:27.961 (index):520 FLOORREQUESTED_3
15:39:27.962 (index):487 FLOORRELEASED_4
15:39:27.963 (index):506 UPDATE_5
15:39:27.963 (index):527 WAITING_6
15:39:27.964 (index):527 WAITING_7
15:39:27.964 (index):527 WAITING_0
15:39:27.965 (index):527 WAITING_1
15:39:27.966 (index):527 WAITING_2
15:39:27.966 (index):527 WAITING_3
15:39:27.967 (index):520 FLOORREQUESTED_4
15:39:27.967 (index):487 FLOORRELEASED_5
15:39:27.968 (index):506 UPDATE_6
15:39:27.968 (index):527 WAITING_7
15:39:27.969 (index):527 WAITING_0
15:39:27.970 (index):527 WAITING_1
15:39:27.970 (index):527 WAITING_2
15:39:27.971 (index):527 WAITING_3
15:39:27.971 (index):527 WAITING_4
15:39:27.972 (index):520 FLOORREQUESTED_5
15:39:27.972 (index):487 FLOORRELEASED_6
15:39:27.973 (index):506 UPDATE_7
15:39:27.974 (index):527 WAITING_0
15:39:27.974 (index):527 WAITING_1
15:39:27.975 (index):527 WAITING_2
15:39:27.975 (index):527 WAITING_3
15:39:27.976 (index):527 WAITING_4
15:39:27.977 (index):527 WAITING_5
15:39:27.977 (index):520 FLOORREQUESTED_6
15:39:27.978 (index):487 FLOORRELEASED_7
15:39:27.978 (index):506 UPDATE_0
15:39:27.979 (index):527 WAITING_1
15:39:27.979 (index):527 WAITING_2
15:39:27.980 (index):527 WAITING_3
15:39:27.981 (index):527 WAITING_4
15:39:27.981 (index):527 WAITING_5
15:39:27.982 (index):527 WAITING_6
15:39:27.982 (index):520 FLOORREQUESTED_7
15:39:27.983 (index):487 FLOORRELEASED_0
15:39:27.983 (index):506 UPDATE_1
15:39:27.984 (index):527 WAITING_2
15:39:27.985 (index):527 WAITING_3
15:39:27.985 (index):527 WAITING_4
15:39:27.986 (index):527 WAITING_5
15:39:27.986 (index):527 WAITING_6
15:39:27.987 (index):527 WAITING_7
15:39:27.987 (index):520 FLOORREQUESTED_0
15:39:27.988 (index):487 FLOORRELEASED_1
15:39:27.989 (index):506 UPDATE_2
15:39:27.989 (index):527 WAITING_3
15:39:27.990 (index):527 WAITING_4
15:39:27.990 (index):527 WAITING_5
15:39:27.991 (index):527 WAITING_6
15:39:27.991 (index):527 WAITING_7
15:39:27.992 (index):527 WAITING_0
15:39:27.993 (index):520 FLOORREQUESTED_1
15:39:27.993 (index):487 FLOORRELEASED_2
15:39:27.994 (index):506 UPDATE_3
15:39:27.994 (index):527 WAITING_4
15:39:27.995 (index):527 WAITING_5
15:39:27.995 (index):527 WAITING_6
15:39:27.996 (index):527 WAITING_7
15:39:27.997 (index):527 WAITING_0
15:39:27.997 (index):527 WAITING_1
15:39:27.998 (index):520 FLOORREQUESTED_2
15:39:27.998 (index):487 FLOORRELEASED_3
15:39:27.999 (index):506 UPDATE_4
15:39:27.999 (index):527 WAITING_5
15:39:28.000 (index):527 WAITING_6
15:39:28.001 (index):527 WAITING_7
15:39:28.001 (index):527 WAITING_0
15:39:28.002 (index):527 WAITING_1
15:39:28.002 (index):527 WAITING_2
15:39:28.003 (index):520 FLOORREQUESTED_3
15:39:28.004 (index):487 FLOORRELEASED_4
15:39:28.004 (index):506 UPDATE_5
15:39:28.005 (index):527 WAITING_6
15:39:28.005 (index):527 WAITING_7
15:39:28.006 (index):527 WAITING_0
15:39:28.006 (index):527 WAITING_1
15:39:28.007 (index):527 WAITING_2
15:39:28.008 (index):527 WAITING_3
15:39:28.008 (index):520 FLOORREQUESTED_4
15:39:28.009 (index):487 FLOORRELEASED_5
15:39:28.009 (index):506 UPDATE_6
15:39:28.010 (index):527 WAITING_7
15:39:28.010 (index):527 WAITING_0
15:39:28.011 (index):527 WAITING_1
15:39:28.012 (index):527 WAITING_2
15:39:28.012 (index):527 WAITING_3
15:39:28.013 (index):527 WAITING_4
15:39:28.013 (index):520 FLOORREQUESTED_5
15:39:28.014 (index):487 FLOORRELEASED_6
15:39:28.014 (index):506 UPDATE_7
15:39:28.015 (index):527 WAITING_0
15:39:28.016 (index):527 WAITING_1
15:39:28.016 (index):527 WAITING_2
15:39:28.017 (index):527 WAITING_3
15:39:28.017 (index):527 WAITING_4
15:39:28.018 (index):527 WAITING_5
15:39:28.018 (index):520 FLOORREQUESTED_6
15:39:28.019 (index):487 FLOORRELEASED_7
15:39:28.020 (index):506 UPDATE_0
15:39:28.020 (index):527 WAITING_1
15:39:28.021 (index):527 WAITING_2
15:39:28.021 (index):527 WAITING_3
15:39:28.022 (index):527 WAITING_4
15:39:28.022 (index):527 WAITING_5
15:39:28.023 (index):527 WAITING_6
15:39:28.024 (index):520 FLOORREQUESTED_7
15:39:28.024 (index):487 FLOORRELEASED_0
15:39:28.025 (index):506 UPDATE_1
15:39:28.025 (index):527 WAITING_2
15:39:28.026 (index):527 WAITING_3
15:39:28.026 (index):527 WAITING_4
15:39:28.027 (index):527 WAITING_5
15:39:28.028 (index):527 WAITING_6
15:39:28.028 (index):527 WAITING_7
15:39:28.029 (index):520 FLOORREQUESTED_0
15:39:28.029 (index):487 FLOORRELEASED_1
15:39:28.030 (index):506 UPDATE_2
15:39:28.030 (index):527 WAITING_3
15:39:28.031 (index):527 WAITING_4
15:39:28.032 (index):527 WAITING_5
15:39:28.032 (index):527 WAITING_6
15:39:28.033 (index):527 WAITING_7
15:39:28.033 (index):527 WAITING_0
15:39:28.034 (index):520 FLOORREQUESTED_1
15:39:28.034 (index):487 FLOORRELEASED_2
15:39:28.035 (index):506 UPDATE_3
15:39:28.036 (index):527 WAITING_4
15:39:28.036 (index):527 WAITING_5
15:39:28.037 (index):527 WAITING_6
15:39:28.037 (index):527 WAITING_7
15:39:28.038 (index):527 WAITING_0
15:39:28.039 (index):527 WAITING_1
15:39:28.039 (index):520 FLOORREQUESTED_2
15:39:28.040 (index):487 FLOORRELEASED_3
15:39:28.040 (index):506 UPDATE_4
15:39:28.041 (index):527 WAITING_5
15:39:28.041 (index):527 WAITING_6
15:39:28.042 (index):527 WAITING_7
15:39:28.042 (index):527 WAITING_0
15:39:28.043 (index):527 WAITING_1
15:39:28.044 (index):527 WAITING_2
15:39:28.044 (index):520 FLOORREQUESTED_3
15:39:28.045 (index):487 FLOORRELEASED_4
15:39:28.045 (index):506 UPDATE_5
15:39:28.046 (index):527 WAITING_6
15:39:28.046 (index):527 WAITING_7
15:39:28.047 (index):527 WAITING_0
15:39:28.048 (index):527 WAITING_1
15:39:28.048 (index):527 WAITING_2
15:39:28.049 (index):527 WAITING_3
15:39:28.049 (index):520 FLOORREQUESTED_4
15:39:28.050 (index):487 FLOORRELEASED_5
15:39:28.051 (index):506 UPDATE_6
15:39:28.051 (index):527 WAITING_7
15:39:28.052 (index):527 WAITING_0
15:39:28.052 (index):527 WAITING_1
15:39:28.053 (index):527 WAITING_2
15:39:28.053 (index):527 WAITING_3
15:39:28.054 (index):527 WAITING_4
15:39:28.054 (index):520 FLOORREQUESTED_5
15:39:28.055 (index):487 FLOORRELEASED_6
15:39:28.056 (index):506 UPDATE_7
15:39:28.056 (index):527 WAITING_0
15:39:28.057 (index):527 WAITING_1
15:39:28.057 (index):527 WAITING_2
15:39:28.058 (index):527 WAITING_3
15:39:28.059 (index):527 WAITING_4
15:39:28.059 (index):527 WAITING_5
15:39:28.060 (index):520 FLOORREQUESTED_6
15:39:28.060 (index):487 FLOORRELEASED_7
15:39:28.061 (index):506 UPDATE_0
15:39:28.062 (index):527 WAITING_1
15:39:28.062 (index):527 WAITING_2
15:39:28.063 (index):527 WAITING_3
15:39:28.063 (index):527 WAITING_4
15:39:28.064 (index):527 WAITING_5
15:39:28.064 (index):527 WAITING_6
15:39:28.065 (index):520 FLOORREQUESTED_7
15:39:28.066 (index):487 FLOORRELEASED_0
15:39:28.066 (index):506 UPDATE_1
15:39:28.067 (index):527 WAITING_2
15:39:28.067 (index):527 WAITING_3
15:39:28.068 (index):527 WAITING_4
15:39:28.069 (index):527 WAITING_5
15:39:28.069 (index):527 WAITING_6
15:39:28.070 (index):527 WAITING_7
15:39:28.070 (index):520 FLOORREQUESTED_0
15:39:28.071 (index):487 FLOORRELEASED_1
15:39:28.071 (index):506 UPDATE_2
15:39:28.072 (index):527 WAITING_3
15:39:28.073 (index):527 WAITING_4
15:39:28.073 (index):527 WAITING_5
15:39:28.074 (index):527 WAITING_6
15:39:28.074 (index):527 WAITING_7
15:39:28.075 (index):527 WAITING_0
15:39:28.075 (index):520 FLOORREQUESTED_1
15:39:28.076 (index):487 FLOORRELEASED_2
15:39:28.077 (index):506 UPDATE_3
15:39:28.077 (index):527 WAITING_4
15:39:28.078 (index):527 WAITING_5
15:39:28.078 (index):527 WAITING_6
15:39:28.079 (index):527 WAITING_7
15:39:28.080 (index):527 WAITING_0
15:39:28.080 (index):527 WAITING_1
15:39:28.081 (index):520 FLOORREQUESTED_2
15:39:28.081 (index):487 FLOORRELEASED_3
15:39:28.082 (index):506 UPDATE_4
15:39:28.083 (index):527 WAITING_5
15:39:28.084 (index):527 WAITING_6
15:39:28.084 (index):527 WAITING_7
15:39:28.085 (index):527 WAITING_0
15:39:28.086 (index):527 WAITING_1
15:39:28.086 (index):527 WAITING_2
15:39:28.087 (index):520 FLOORREQUESTED_3
15:39:28.087 (index):487 FLOORRELEASED_4
15:39:28.088 (index):506 UPDATE_5
15:39:28.089 (index):527 WAITING_6
15:39:28.089 (index):527 WAITING_7
15:39:28.090 (index):527 WAITING_0
15:39:28.091 (index):527 WAITING_1
15:39:28.091 (index):527 WAITING_2
15:39:28.092 (index):527 WAITING_3
15:39:28.092 (index):520 FLOORREQUESTED_4
15:39:28.093 (index):487 FLOORRELEASED_5
15:39:28.094 (index):506 UPDATE_6
15:39:28.094 (index):527 WAITING_7
15:39:28.095 (index):527 WAITING_0
15:39:28.095 (index):527 WAITING_1
15:39:28.096 (index):527 WAITING_2
15:39:28.096 (index):527 WAITING_3
15:39:28.097 (index):527 WAITING_4
15:39:28.098 (index):520 FLOORREQUESTED_5
15:39:28.098 (index):487 FLOORRELEASED_6
15:39:28.099 (index):506 UPDATE_7
15:39:28.099 (index):527 WAITING_0
15:39:28.100 (index):527 WAITING_1
15:39:28.101 (index):527 WAITING_2
15:39:28.101 (index):527 WAITING_3
15:39:28.102 (index):527 WAITING_4
15:39:28.102 (index):527 WAITING_5
15:39:28.103 (index):520 FLOORREQUESTED_6
15:39:28.103 (index):487 FLOORRELEASED_7
15:39:28.104 (index):506 UPDATE_0
15:39:28.105 (index):527 WAITING_1
15:39:28.105 (index):527 WAITING_2
15:39:28.106 (index):527 WAITING_3
15:39:28.106 (index):527 WAITING_4
15:39:28.107 (index):527 WAITING_5
15:39:28.107 (index):527 WAITING_6
15:39:28.108 (index):520 FLOORREQUESTED_7
15:39:28.109 (index):539 END_0
15:39:28.109 (index):506 UPDATE_1
15:39:28.110 (index):527 WAITING_2
15:39:28.110 (index):527 WAITING_3
15:39:28.111 (index):527 WAITING_4
15:39:28.112 (index):527 WAITING_5
15:39:28.112 (index):527 WAITING_6
15:39:28.113 (index):527 WAITING_7
15:39:28.114 (index):539 END_1
15:39:28.114 (index):506 UPDATE_2
15:39:28.115 (index):527 WAITING_3
15:39:28.116 (index):527 WAITING_4
15:39:28.116 (index):527 WAITING_5
15:39:28.117 (index):527 WAITING_6
15:39:28.117 (index):527 WAITING_7
15:39:28.119 (index):539 END_2
15:39:28.120 (index):506 UPDATE_3
15:39:28.120 (index):527 WAITING_4
15:39:28.121 (index):527 WAITING_5
15:39:28.121 (index):527 WAITING_6
15:39:28.122 (index):527 WAITING_7
15:39:28.124 (index):539 END_3
15:39:28.125 (index):506 UPDATE_4
15:39:28.125 (index):527 WAITING_5
15:39:28.126 (index):527 WAITING_6
15:39:28.126 (index):527 WAITING_7
15:39:28.129 (index):539 END_4
15:39:28.130 (index):506 UPDATE_5
15:39:28.131 (index):527 WAITING_6
15:39:28.131 (index):527 WAITING_7
15:39:28.134 (index):539 END_5
15:39:28.135 (index):506 UPDATE_6
15:39:28.136 (index):527 WAITING_7
15:39:28.140 (index):539 END_6
15:39:28.140 (index):506 UPDATE_7
15:39:28.145 (index):539 END_7
