15:39:32.777 (index):793 Tasks: 25; Collaborators: 14    =========================>
15:39:32.777 (index):520 FLOORREQUESTED_0
15:39:32.778 (index):520 FLOORREQUESTED_1
15:39:32.778 (index):520 FLOORREQUESTED_2
15:39:32.778 (index):520 FLOORREQUESTED_3
15:39:32.779 (index):520 FLOORREQUESTED_4
15:39:32.779 (index):520 FLOORREQUESTED_5
15:39:32.780 (index):520 FLOORREQUESTED_6
15:39:32.780 (index):520 FLOORREQUESTED_7
15:39:32.781 (index):520 FLOORREQUESTED_8
15:39:32.782 (index):520 FLOORREQUESTED_9
15:39:32.782 (index):520 FLOORREQUESTED_10
15:39:32.783 (index):520 FLOORREQUESTED_11
15:39:32.783 (index):520 FLOORREQUESTED_12
15:39:32.783 (index):520 FLOORREQUESTED_13
15:39:32.784 (index):487 FLOORRELEASED_0
15:39:32.784 (index):487 FLOORRELEASED_1
15:39:32.785 (index):487 FLOORRELEASED_2
15:39:32.785 (index):487 FLOORRELEASED_3
15:39:32.786 (index):487 FLOORRELEASED_4
15:39:32.786 (index):487 FLOORRELEASED_5
15:39:32.786 (index):487 FLOORRELEASED_6
15:39:32.787 (index):487 FLOORRELEASED_7
15:39:32.787 (index):487 FLOORRELEASED_8
15:39:32.788 (index):487 FLOORRELEASED_9
15:39:32.788 (index):487 FLOORRELEASED_10
15:39:32.789 (index):487 FLOORRELEASED_11
15:39:32.789 (index):487 FLOORRELEASED_12
15:39:32.789 (index):487 FLOORRELEASED_13
15:39:32.790 (index):520 FLOORREQUESTED_0
15:39:32.790 (index):520 FLOORREQUESTED_1
15:39:32.791 (index):520 FLOORREQUESTED_2
15:39:32.791 (index):520 FLOORREQUESTED_3
15:39:32.791 (index):520 FLOORREQUESTED_4
15:39:32.792 (index):520 FLOORREQUESTED_5
15:39:32.792 (index):520 FLOORREQUESTED_6
15:39:32.793 (index):520 FLOORREQUESTED_7
15:39:32.793 (index):520 FLOORREQUESTED_8
15:39:32.794 (index):520 FLOORREQUESTED_9
15:39:32.794 (index):520 FLOORREQUESTED_10
15:39:32.794 (index):520 FLOORREQUESTED_11
15:39:32.795 (index):520 FLOORREQUESTED_12
15:39:32.795 (index):520 FLOORREQUESTED_13
15:39:32.796 (index):506 UPDATE_0
15:39:32.796 (index):527 WAITING_1
15:39:32.796 (index):527 WAITING_2
15:39:32.797 (index):527 WAITING_3
15:39:32.797 (index):527 WAITING_4
15:39:32.798 (index):527 WAITING_5
15:39:32.798 (index):527 WAITING_6
15:39:32.799 (index):527 WAITING_7
15:39:32.799 (index):527 WAITING_8
15:39:32.799 (index):527 WAITING_9
15:39:32.800 (index):527 WAITING_10
15:39:32.800 (index):527 WAITING_11
15:39:32.801 (index):527 WAITING_12
15:39:32.801 (index):527 WAITING_13
15:39:32.802 (index):487 FLOORRELEASED_0
15:39:32.802 (index):506 UPDATE_1
15:39:32.802 (index):527 WAITING_2
15:39:32.803 (index):527 WAITING_3
15:39:32.803 (index):527 WAITING_4
15:39:32.804 (index):527 WAITING_5
15:39:32.804 (index):527 WAITING_6
15:39:32.804 (index):527 WAITING_7
15:39:32.805 (index):527 WAITING_8
15:39:32.805 (index):527 WAITING_9
15:39:32.806 (index):527 WAITING_10
15:39:32.806 (index):527 WAITING_11
15:39:32.807 (index):527 WAITING_12
15:39:32.807 (index):527 WAITING_13
15:39:32.808 (index):520 FLOORREQUESTED_0
15:39:32.808 (index):487 FLOORRELEASED_1
15:39:32.808 (index):506 UPDATE_2
15:39:32.809 (index):527 WAITING_3
15:39:32.809 (index):527 WAITING_4
15:39:32.810 (index):527 WAITING_5
15:39:32.810 (index):527 WAITING_6
15:39:32.810 (index):527 WAITING_7
15:39:32.811 (index):527 WAITING_8
15:39:32.811 (index):527 WAITING_9
15:39:32.812 (index):527 WAITING_10
15:39:32.812 (index):527 WAITING_11
15:39:32.813 (index):527 WAITING_12
15:39:32.813 (index):527 WAITING_13
15:39:32.813 (index):527 WAITING_0
15:39:32.814 (index):520 FLOORREQUESTED_1
15:39:32.814 (index):487 FLOORRELEASED_2
15:39:32.815 (index):506 UPDATE_3
15:39:32.815 (index):527 WAITING_4
15:39:32.816 (index):527 WAITING_5
15:39:32.816 (index):527 WAITING_6
15:39:32.816 (index):527 WAITING_7
15:39:32.817 (index):527 WAITING_8
15:39:32.817 (index):527 WAITING_9
15:39:32.818 (index):527 WAITING_10
15:39:32.818 (index):527 WAITING_11
15:39:32.819 (index):527 WAITING_12
15:39:32.819 (index):527 WAITING_13
15:39:32.819 (index):527 WAITING_0
15:39:32.820 (index):527 WAITING_1
15:39:32.820 (index):520 FLOORREQUESTED_2
15:39:32.821 (index):487 FLOORRELEASED_3
15:39:32.821 (index):506 UPDATE_4
15:39:32.821 (index):527 WAITING_5
15:39:32.822 (index):527 WAITING_6
15:39:32.822 (index):527 WAITING_7
15:39:32.823 (index):527 WAITING_8
15:39:32.823 (index):527 WAITING_9
15:39:32.824 (index):527 WAITING_10
15:39:32.824 (index):527 WAITING_11
15:39:32.824 (index):527 WAITING_12
15:39:32.825 (index):527 WAITING_13
15:39:32.825 (index):527 WAITING_0
15:39:32.826 (index):527 WAITING_1
15:39:32.826 (index):527 WAITING_2
15:39:32.826 (index):520 FLOORREQUESTED_3
15:39:32.827 (index):487 FLOORRELEASED_4
15:39:32.827 (index):506 UPDATE_5
15:39:32.828 (index):527 WAITING_6
15:39:32.828 (index):527 WAITING_7
15:39:32.829 (index):527 WAITING_8
15:39:32.829 (index):527 WAITING_9
15:39:32.829 (index):527 WAITING_10
15:39:32.830 (index):527 WAITING_11
15:39:32.830 (index):527 WAITING_12
15:39:32.831 (index):527 WAITING_13
15:39:32.831 (index):527 WAITING_0
15:39:32.832 (index):527 WAITING_1
15:39:32.832 (index):527 WAITING_2
15:39:32.832 (index):527 WAITING_3
15:39:32.833 (index):520 FLOORREQUESTED_4
15:39:32.833 (index):487 FLOORRELEASED_5
15:39:32.834 (index):506 UPDATE_6
15:39:32.834 (index):527 WAITING_7
15:39:32.834 (index):527 WAITING_8
15:39:32.835 (index):527 WAITING_9
15:39:32.835 (index):527 WAITING_10
15:39:32.836 (index):527 WAITING_11
15:39:32.836 (index):527 WAITING_12
15:39:32.837 (index):527 WAITING_13
15:39:32.837 (index):527 WAITING_0
15:39:32.837 (index):527 WAITING_1
15:39:32.838 (index):527 WAITING_2
15:39:32.838 (index):527 WAITING_3
15:39:32.839 (index):527 WAITING_4
15:39:32.839 (index):520 FLOORREQUESTED_5
15:39:32.840 (index):487 FLOORRELEASED_6
15:39:32.840 (index):506 UPDATE_7
15:39:32.840 (index):527 WAITING_8
15:39:32.841 (index):527 WAITING_9
15:39:32.841 (index):527 WAITING_10
15:39:32.842 (index):527 WAITING_11
15:39:32.842 (index):527 WAITING_12
15:39:32.842 (index):527 WAITING_13
15:39:32.843 (index):527 WAITING_0
15:39:32.843 (index):527 WAITING_1
15:39:32.844 (index):527 WAITING_2
15:39:32.844 (index):527 WAITING_3
15:39:32.845 (index):527 WAITING_4
15:39:32.845 (index):527 WAITING_5
15:39:32.845 (index):520 FLOORREQUESTED_6
15:39:32.846 (index):487 FLOORRELEASED_7
15:39:32.846 (index):506 UPDATE_8
15:39:32.847 (index):527 WAITING_9
15:39:32.847 (index):527 WAITING_10
15:39:32.847 (index):527 WAITING_11
15:39:32.848 (index):527 WAITING_12
15:39:32.848 (index):527 WAITING_13
15:39:32.849 (index):527 WAITING_0
15:39:32.849 (index):527 WAITING_1
15:39:32.850 (index):527 WAITING_2
15:39:32.850 (index):527 WAITING_3
15:39:32.850 (index):527 WAITING_4
15:39:32.851 (index):527 WAITING_5
15:39:32.851 (index):527 WAITING_6
15:39:32.852 (index):520 FLOORREQUESTED_7
15:39:32.852 (index):487 FLOORRELEASED_8
15:39:32.852 (index):506 UPDATE_9
15:39:32.853 (index):527 WAITING_10
15:39:32.853 (index):527 WAITING_11
15:39:32.854 (index):527 WAITING_12
15:39:32.854 (index):527 WAITING_13
15:39:32.855 (index):527 WAITING_0
15:39:32.855 (index):527 WAITING_1
15:39:32.855 (index):527 WAITING_2
15:39:32.856 (index):527 WAITING_3
15:39:32.856 (index):527 WAITING_4
15:39:32.857 (index):527 WAITING_5
15:39:32.857 (index):527 WAITING_6
15:39:32.857 (index):527 WAITING_7
15:39:32.858 (index):520 FLOORREQUESTED_8
15:39:32.858 (index):487 FLOORRELEASED_9
15:39:32.859 (index):506 UPDATE_10
15:39:32.859 (index):527 WAITING_11
15:39:32.860 (index):527 WAITING_12
15:39:32.860 (index):527 WAITING_13
15:39:32.860 (index):527 WAITING_0
15:39:32.861 (index):527 WAITING_1
15:39:32.861 (index):527 WAITING_2
15:39:32.862 (index):527 WAITING_3
15:39:32.862 (index):527 WAITING_4
15:39:32.862 (index):527 WAITING_5
15:39:32.863 (index):527 WAITING_6
15:39:32.863 (index):527 WAITING_7
15:39:32.864 (index):527 WAITING_8
15:39:32.864 (index):520 FLOORREQUESTED_9
15:39:32.865 (index):487 FLOORRELEASED_10
15:39:32.865 (index):506 UPDATE_11
15:39:32.865 (index):527 WAITING_12
15:39:32.866 (index):527 WAITING_13
15:39:32.866 (index):527 WAITING_0
15:39:32.867 (index):527 WAITING_1
15:39:32.867 (index):527 WAITING_2
15:39:32.868 (index):527 WAITING_3
15:39:32.868 (index):527 WAITING_4
15:39:32.868 (index):527 WAITING_5
15:39:32.869 (index):527 WAITING_6
15:39:32.869 (index):527 WAITING_7
15:39:32.870 (index):527 WAITING_8
15:39:32.870 (index):527 WAITING_9
15:39:32.871 (index):520 FLOORREQUESTED_10
15:39:32.871 (index):487 FLOORRELEASED_11
15:39:32.872 (index):506 UPDATE_12
15:39:32.872 (index):527 WAITING_13
15:39:32.872 (index):527 WAITING_0
15:39:32.873 (index):527 WAITING_1
15:39:32.873 (index):527 WAITING_2
15:39:32.874 (index):527 WAITING_3
15:39:32.874 (index):527 WAITING_4
15:39:32.874 (index):527 WAITING_5
15:39:32.875 (index):527 WAITING_6
15:39:32.875 (index):527 WAITING_7
15:39:32.876 (index):527 WAITING_8
15:39:32.876 (index):527 WAITING_9
15:39:32.877 (index):527 WAITING_10
15:39:32.877 (index):520 FLOORREQUESTED_11
15:39:32.877 (index):487 FLOORRELEASED_12
15:39:32.878 (index):506 UPDATE_13
15:39:32.879 (index):527 WAITING_0
15:39:32.879 (index):527 WAITING_1
15:39:32.880 (index):527 WAITING_2
15:39:32.881 (index):527 WAITING_3
15:39:32.881 (index):527 WAITING_4
15:39:32.882 (index):527 WAITING_5
15:39:32.883 (index):527 WAITING_6
15:39:32.883 (index):527 WAITING_7
15:39:32.883 (index):527 WAITING_8
15:39:32.884 (index):527 WAITING_9
15:39:32.884 (index):527 WAITING_10
15:39:32.885 (index):527 WAITING_11
15:39:32.885 (index):520 FLOORREQUESTED_12
15:39:32.885 (index):487 FLOORRELEASED_13
15:39:32.886 (index):506 UPDATE_0
15:39:32.886 (index):527 WAITING_1
15:39:32.887 (index):527 WAITING_2
15:39:32.887 (index):527 WAITING_3
15:39:32.888 (index):527 WAITING_4
15:39:32.888 (index):527 WAITING_5
15:39:32.888 (index):527 WAITING_6
15:39:32.889 (index):527 WAITING_7
15:39:32.889 (index):527 WAITING_8
15:39:32.890 (index):527 WAITING_9
15:39:32.890 (index):527 WAITING_10
15:39:32.891 (index):527 WAITING_11
15:39:32.891 (index):527 WAITING_12
15:39:32.891 (index):520 FLOORREQUESTED_13
15:39:32.892 (index):487 FLOORRELEASED_0
15:39:32.892 (index):506 UPDATE_1
15:39:32.893 (index):527 WAITING_2
15:39:32.893 (index):527 WAITING_3
15:39:32.893 (index):527 WAITING_4
15:39:32.894 (index):527 WAITING_5
15:39:32.894 (index):527 WAITING_6
15:39:32.895 (index):527 WAITING_7
15:39:32.895 (index):527 WAITING_8
15:39:32.896 (index):527 WAITING_9
15:39:32.896 (index):527 WAITING_10
15:39:32.896 (index):527 WAITING_11
15:39:32.897 (index):527 WAITING_12
15:39:32.897 (index):527 WAITING_13
15:39:32.898 (index):520 FLOORREQUESTED_0
15:39:32.898 (index):487 FLOORRELEASED_1
15:39:32.899 (index):506 UPDATE_2
15:39:32.899 (index):527 WAITING_3
15:39:32.899 (index):527 WAITING_4
15:39:32.900 (index):527 WAITING_5
15:39:32.900 (index):527 WAITING_6
15:39:32.901 (index):527 WAITING_7
15:39:32.901 (index):527 WAITING_8
15:39:32.901 (index):527 WAITING_9
15:39:32.902 (index):527 WAITING_10
15:39:32.902 (index):527 WAITING_11
15:39:32.903 (index):527 WAITING_12
15:39:32.903 (index):527 WAITING_13
15:39:32.904 (index):527 WAITING_0
15:39:32.904 (index):520 FLOORREQUESTED_1
15:39:32.904 (index):487 FLOORRELEASED_2
15:39:32.905 (index):506 UPDATE_3
15:39:32.905 (index):527 WAITING_4
15:39:32.906 (index):527 WAITING_5
15:39:32.906 (index):527 WAITING_6
15:39:32.907 (index):527 WAITING_7
15:39:32.907 (index):527 WAITING_8
15:39:32.907 (index):527 WAITING_9
15:39:32.908 (index):527 WAITING_10
15:39:32.908 (index):527 WAITING_11
15:39:32.909 (index):527 WAITING_12
15:39:32.909 (index):527 WAITING_13
15:39:32.909 (index):527 WAITING_0
15:39:32.910 (index):527 WAITING_1
15:39:32.910 (index):520 FLOORREQUESTED_2
15:39:32.911 (index):487 FLOORRELEASED_3
15:39:32.911 (index):506 UPDATE_4
15:39:32.912 (index):527 WAITING_5
15:39:32.912 (index):527 WAITING_6
15:39:32.912 (index):527 WAITING_7
15:39:32.913 (index):527 WAITING_8
15:39:32.913 (index):527 WAITING_9
15:39:32.914 (index):527 WAITING_10
15:39:32.914 (index):527 WAITING_11
15:39:32.914 (index):527 WAITING_12
15:39:32.915 (index):527 WAITING_13
15:39:32.915 (index):527 WAITING_0
15:39:32.916 (index):527 WAITING_1
15:39:32.916 (index):527 WAITING_2
15:39:32.917 (index):520 FLOORREQUESTED_3
15:39:32.917 (index):487 FLOORRELEASED_4
15:39:32.917 (index):506 UPDATE_5
15:39:32.918 (index):527 WAITING_6
15:39:32.918 (index):527 WAITING_7
15:39:32.919 (index):527 WAITING_8
15:39:32.919 (index):527 WAITING_9
15:39:32.920 (index):527 WAITING_10
15:39:32.920 (index):527 WAITING_11
15:39:32.920 (index):527 WAITING_12
15:39:32.921 (index):527 WAITING_13
15:39:32.921 (index):527 WAITING_0
15:39:32.922 (index):527 WAITING_1
15:39:32.922 (index):527 WAITING_2
15:39:32.922 (index):527 WAITING_3
15:39:32.923 (index):520 FLOORREQUESTED_4
15:39:32.923 (index):487 FLOORRELEASED_5
15:39:32.924 (index):506 UPDATE_6
15:39:32.924 (index):527 WAITING_7
15:39:32.925 (index):527 WAITING_8
15:39:32.925 (index):527 WAITING_9
15:39:32.925 (index):527 WAITING_10
15:39:32.926 (index):527 WAITING_11
15:39:32.926 (index):527 WAITING_12
15:39:32.927 (index):527 WAITING_13
15:39:32.927 (index):527 WAITING_0
15:39:32.927 (index):527 WAITING_1
15:39:32.928 (index):527 WAITING_2
15:39:32.928 (index):527 WAITING_3
15:39:32.929 (index):527 WAITING_4
15:39:32.929 (index):520 FLOORREQUESTED_5
15:39:32.930 (index):487 FLOORRELEASED_6
15:39:32.930 (index):506 UPDATE_7
15:39:32.930 (index):527 WAITING_8
15:39:32.931 (index):527 WAITING_9
15:39:32.931 (index):527 WAITING_10
15:39:32.932 (index):527 WAITING_11
15:39:32.932 (index):527 WAITING_12
15:39:32.932 (index):527 WAITING_13
15:39:32.933 (index):527 WAITING_0
15:39:32.933 (index):527 WAITING_1
15:39:32.934 (index):527 WAITING_2
15:39:32.934 (index):527 WAITING_3
15:39:32.935 (index):527 WAITING_4
15:39:32.935 (index):527 WAITING_5
15:39:32.935 (index):520 FLOORREQUESTED_6
15:39:32.936 (index):487 FLOORRELEASED_7
15:39:32.936 (index):506 UPDATE_8
15:39:32.937 (index):527 WAITING_9
15:39:32.937 (index):527 WAITING_10
15:39:32.937 (index):527 WAITING_11
15:39:32.938 (index):527 WAITING_12
15:39:32.938 (index):527 WAITING_13
15:39:32.939 (index):527 WAITING_0
15:39:32.939 (index):527 WAITING_1
15:39:32.940 (index):527 WAITING_2
15:39:32.940 (index):527 WAITING_3
15:39:32.940 (index):527 WAITING_4
15:39:32.941 (index):527 WAITING_5
15:39:32.941 (index):527 WAITING_6
15:39:32.942 (index):520 FLOORREQUESTED_7
15:39:32.942 (index):487 FLOORRELEASED_8
15:39:32.942 (index):506 UPDATE_9
15:39:32.943 (index):527 WAITING_10
15:39:32.943 (index):527 WAITING_11
15:39:32.944 (index):527 WAITING_12
15:39:32.944 (index):527 WAITING_13
15:39:32.944 (index):527 WAITING_0
15:39:32.945 (index):527 WAITING_1
15:39:32.945 (index):527 WAITING_2
15:39:32.946 (index):527 WAITING_3
15:39:32.946 (index):527 WAITING_4
15:39:32.947 (index):527 WAITING_5
15:39:32.947 (index):527 WAITING_6
15:39:32.947 (index):527 WAITING_7
15:39:32.948 (index):520 FLOORREQUESTED_8
15:39:32.948 (index):487 FLOORRELEASED_9
15:39:32.949 (index):506 UPDATE_10
15:39:32.949 (index):527 WAITING_11
15:39:32.949 (index):527 WAITING_12
15:39:32.950 (index):527 WAITING_13
15:39:32.950 (index):527 WAITING_0
15:39:32.951 (index):527 WAITING_1
15:39:32.951 (index):527 WAITING_2
15:39:32.952 (index):527 WAITING_3
15:39:32.952 (index):527 WAITING_4
15:39:32.952 (index):527 WAITING_5
15:39:32.953 (index):527 WAITING_6
15:39:32.953 (index):527 WAITING_7
15:39:32.954 (index):527 WAITING_8
15:39:32.954 (index):520 FLOORREQUESTED_9
15:39:32.954 (index):487 FLOORRELEASED_10
15:39:32.955 (index):506 UPDATE_11
15:39:32.955 (index):527 WAITING_12
15:39:32.956 (index):527 WAITING_13
15:39:32.956 (index):527 WAITING_0
15:39:32.957 (index):527 WAITING_1
15:39:32.957 (index):527 WAITING_2
15:39:32.957 (index):527 WAITING_3
15:39:32.958 (index):527 WAITING_4
15:39:32.958 (index):527 WAITING_5
15:39:32.959 (index):527 WAITING_6
15:39:32.959 (index):527 WAITING_7
15:39:32.959 (index):527 WAITING_8
15:39:32.960 (index):527 WAITING_9
15:39:32.960 (index):520 FLOORREQUESTED_10
15:39:32.961 (index):487 FLOORRELEASED_11
15:39:32.961 (index):506 UPDATE_12
15:39:32.962 (index):527 WAITING_13
15:39:32.962 (index):527 WAITING_0
15:39:32.962 (index):527 WAITING_1
15:39:32.963 (index):527 WAITING_2
15:39:32.963 (index):527 WAITING_3
15:39:32.964 (index):527 WAITING_4
15:39:32.964 (index):527 WAITING_5
15:39:32.964 (index):527 WAITING_6
15:39:32.965 (index):527 WAITING_7
15:39:32.965 (index):527 WAITING_8
15:39:32.966 (index):527 WAITING_9
15:39:32.966 (index):527 WAITING_10
15:39:32.967 (index):520 FLOORREQUESTED_11
15:39:32.967 (index):487 FLOORRELEASED_12
15:39:32.967 (index):506 UPDATE_13
15:39:32.968 (index):527 WAITING_0
15:39:32.968 (index):527 WAITING_1
15:39:32.969 (index):527 WAITING_2
15:39:32.969 (index):527 WAITING_3
15:39:32.970 (index):527 WAITING_4
15:39:32.970 (index):527 WAITING_5
15:39:32.970 (index):527 WAITING_6
15:39:32.971 (index):527 WAITING_7
15:39:32.971 (index):527 WAITING_8
15:39:32.972 (index):527 WAITING_9
15:39:32.972 (index):527 WAITING_10
15:39:32.972 (index):527 WAITING_11
15:39:32.973 (index):520 FLOORREQUESTED_12
15:39:32.973 (index):487 FLOORRELEASED_13
15:39:32.974 (index):506 UPDATE_0
15:39:32.974 (index):527 WAITING_1
15:39:32.975 (index):527 WAITING_2
15:39:32.975 (index):527 WAITING_3
15:39:32.975 (index):527 WAITING_4
15:39:32.976 (index):527 WAITING_5
15:39:32.976 (index):527 WAITING_6
15:39:32.977 (index):527 WAITING_7
15:39:32.977 (index):527 WAITING_8
15:39:32.977 (index):527 WAITING_9
15:39:32.978 (index):527 WAITING_10
15:39:32.978 (index):527 WAITING_11
15:39:32.979 (index):527 WAITING_12
15:39:32.979 (index):520 FLOORREQUESTED_13
15:39:32.979 (index):487 FLOORRELEASED_0
15:39:32.980 (index):506 UPDATE_1
15:39:32.980 (index):527 WAITING_2
15:39:32.981 (index):527 WAITING_3
15:39:32.981 (index):527 WAITING_4
15:39:32.981 (index):527 WAITING_5
15:39:32.982 (index):527 WAITING_6
15:39:32.982 (index):527 WAITING_7
15:39:32.983 (index):527 WAITING_8
15:39:32.983 (index):527 WAITING_9
15:39:32.984 (index):527 WAITING_10
15:39:32.984 (index):527 WAITING_11
15:39:32.984 (index):527 WAITING_12
15:39:32.985 (index):527 WAITING_13
15:39:32.985 (index):520 FLOORREQUESTED_0
15:39:32.986 (index):487 FLOORRELEASED_1
15:39:32.986 (index):506 UPDATE_2
15:39:32.986 (index):527 WAITING_3
15:39:32.987 (index):527 WAITING_4
15:39:32.987 (index):527 WAITING_5
15:39:32.988 (index):527 WAITING_6
15:39:32.988 (index):527 WAITING_7
15:39:32.988 (index):527 WAITING_8
15:39:32.989 (index):527 WAITING_9
15:39:32.989 (index):527 WAITING_10
15:39:32.990 (index):527 WAITING_11
15:39:32.990 (index):527 WAITING_12
15:39:32.991 (index):527 WAITING_13
15:39:32.991 (index):527 WAITING_0
15:39:32.992 (index):520 FLOORREQUESTED_1
15:39:32.993 (index):487 FLOORRELEASED_2
15:39:32.993 (index):506 UPDATE_3
15:39:32.994 (index):527 WAITING_4
15:39:32.995 (index):527 WAITING_5
15:39:32.995 (index):527 WAITING_6
15:39:32.996 (index):527 WAITING_7
15:39:32.996 (index):527 WAITING_8
15:39:32.996 (index):527 WAITING_9
15:39:32.997 (index):527 WAITING_10
15:39:32.997 (index):527 WAITING_11
15:39:32.998 (index):527 WAITING_12
15:39:32.998 (index):527 WAITING_13
15:39:32.999 (index):527 WAITING_0
15:39:32.999 (index):527 WAITING_1
15:39:32.999 (index):520 FLOORREQUESTED_2
15:39:33.000 (index):487 FLOORRELEASED_3
15:39:33.000 (index):506 UPDATE_4
15:39:33.001 (index):527 WAITING_5
15:39:33.001 (index):527 WAITING_6
15:39:33.001 (index):527 WAITING_7
15:39:33.002 (index):527 WAITING_8
15:39:33.002 (index):527 WAITING_9
15:39:33.003 (index):527 WAITING_10
15:39:33.003 (index):527 WAITING_11
15:39:33.004 (index):527 WAITING_12
15:39:33.004 (index):527 WAITING_13
15:39:33.004 (index):527 WAITING_0
15:39:33.005 (index):527 WAITING_1
15:39:33.005 (index):527 WAITING_2
15:39:33.006 (index):520 FLOORREQUESTED_3
15:39:33.006 (index):487 FLOORRELEASED_4
15:39:33.006 (index):506 UPDATE_5
15:39:33.007 (index):527 WAITING_6
15:39:33.007 (index):527 WAITING_7
15:39:33.008 (index):527 WAITING_8
15:39:33.008 (index):527 WAITING_9
15:39:33.008 (index):527 WAITING_10
15:39:33.009 (index):527 WAITING_11
15:39:33.009 (index):527 WAITING_12
15:39:33.010 (index):527 WAITING_13
15:39:33.010 (index):527 WAITING_0
15:39:33.010 (index):527 WAITING_1
15:39:33.011 (index):527 WAITING_2
15:39:33.011 (index):527 WAITING_3
15:39:33.012 (index):520 FLOORREQUESTED_4
15:39:33.012 (index):487 FLOORRELEASED_5
15:39:33.013 (index):506 UPDATE_6
15:39:33.013 (index):527 WAITING_7
15:39:33.013 (index):527 WAITING_8
15:39:33.014 (index):527 WAITING_9
15:39:33.014 (index):527 WAITING_10
15:39:33.015 (index):527 WAITING_11
15:39:33.015 (index):527 WAITING_12
15:39:33.015 (index):527 WAITING_13
15:39:33.016 (index):527 WAITING_0
15:39:33.016 (index):527 WAITING_1
15:39:33.017 (index):527 WAITING_2
15:39:33.017 (index):527 WAITING_3
15:39:33.017 (index):527 WAITING_4
15:39:33.018 (index):520 FLOORREQUESTED_5
15:39:33.018 (index):487 FLOORRELEASED_6
15:39:33.019 (index):506 UPDATE_7
15:39:33.019 (index):527 WAITING_8
15:39:33.019 (index):527 WAITING_9
15:39:33.020 (index):527 WAITING_10
15:39:33.020 (index):527 WAITING_11
15:39:33.021 (index):527 WAITING_12
15:39:33.021 (index):527 WAITING_13
15:39:33.022 (index):527 WAITING_0
15:39:33.022 (index):527 WAITING_1
15:39:33.022 (index):527 WAITING_2
15:39:33.023 (index):527 WAITING_3
15:39:33.023 (index):527 WAITING_4
15:39:33.024 (index):527 WAITING_5
15:39:33.024 (index):520 FLOORREQUESTED_6
15:39:33.024 (index):487 FLOORRELEASED_7
15:39:33.025 (index):506 UPDATE_8
15:39:33.025 (index):527 WAITING_9
15:39:33.026 (index):527 WAITING_10
15:39:33.026 (index):527 WAITING_11
15:39:33.026 (index):527 WAITING_12
15:39:33.027 (index):527 WAITING_13
15:39:33.027 (index):527 WAITING_0
15:39:33.028 (index):527 WAITING_1
15:39:33.028 (index):527 WAITING_2
15:39:33.028 (index):527 WAITING_3
15:39:33.029 (index):527 WAITING_4
15:39:33.029 (index):527 WAITING_5
15:39:33.030 (index):527 WAITING_6
15:39:33.030 (index):520 FLOORREQUESTED_7
15:39:33.031 (index):487 FLOORRELEASED_8
15:39:33.031 (index):506 UPDATE_9
15:39:33.031 (index):527 WAITING_10
15:39:33.032 (index):527 WAITING_11
15:39:33.032 (index):527 WAITING_12
15:39:33.033 (index):527 WAITING_13
15:39:33.033 (index):527 WAITING_0
15:39:33.033 (index):527 WAITING_1
15:39:33.034 (index):527 WAITING_2
15:39:33.034 (index):527 WAITING_3
15:39:33.035 (index):527 WAITING_4
15:39:33.035 (index):527 WAITING_5
15:39:33.035 (index):527 WAITING_6
15:39:33.036 (index):527 WAITING_7
15:39:33.036 (index):520 FLOORREQUESTED_8
15:39:33.037 (index):487 FLOORRELEASED_9
15:39:33.037 (index):506 UPDATE_10
15:39:33.037 (index):527 WAITING_11
15:39:33.038 (index):527 WAITING_12
15:39:33.038 (index):527 WAITING_13
15:39:33.039 (index):527 WAITING_0
15:39:33.039 (index):527 WAITING_1
15:39:33.040 (index):527 WAITING_2
15:39:33.040 (index):527 WAITING_3
15:39:33.040 (index):527 WAITING_4
15:39:33.041 (index):527 WAITING_5
15:39:33.041 (index):527 WAITING_6
15:39:33.042 (index):527 WAITING_7
15:39:33.042 (index):527 WAITING_8
15:39:33.042 (index):520 FLOORREQUESTED_9
15:39:33.043 (index):487 FLOORRELEASED_10
15:39:33.043 (index):506 UPDATE_11
15:39:33.044 (index):527 WAITING_12
15:39:33.044 (index):527 WAITING_13
15:39:33.045 (index):527 WAITING_0
15:39:33.045 (index):527 WAITING_1
15:39:33.045 (index):527 WAITING_2
15:39:33.046 (index):527 WAITING_3
15:39:33.046 (index):527 WAITING_4
15:39:33.047 (index):527 WAITING_5
15:39:33.047 (index):527 WAITING_6
15:39:33.047 (index):527 WAITING_7
15:39:33.048 (index):527 WAITING_8
15:39:33.048 (index):527 WAITING_9
15:39:33.049 (index):520 FLOORREQUESTED_10
15:39:33.049 (index):487 FLOORRELEASED_11
15:39:33.049 (index):506 UPDATE_12
15:39:33.050 (index):527 WAITING_13
15:39:33.050 (index):527 WAITING_0
15:39:33.051 (index):527 WAITING_1
15:39:33.051 (index):527 WAITING_2
15:39:33.051 (index):527 WAITING_3
15:39:33.052 (index):527 WAITING_4
15:39:33.052 (index):527 WAITING_5
15:39:33.053 (index):527 WAITING_6
15:39:33.053 (index):527 WAITING_7
15:39:33.054 (index):527 WAITING_8
15:39:33.054 (index):527 WAITING_9
15:39:33.054 (index):527 WAITING_10
15:39:33.055 (index):520 FLOORREQUESTED_11
15:39:33.055 (index):487 FLOORRELEASED_12
15:39:33.056 (index):506 UPDATE_13
15:39:33.056 (index):527 WAITING_0
15:39:33.056 (index):527 WAITING_1
15:39:33.057 (index):527 WAITING_2
15:39:33.057 (index):527 WAITING_3
15:39:33.058 (index):527 WAITING_4
15:39:33.058 (index):527 WAITING_5
15:39:33.058 (index):527 WAITING_6
15:39:33.059 (index):527 WAITING_7
15:39:33.059 (index):527 WAITING_8
15:39:33.060 (index):527 WAITING_9
15:39:33.060 (index):527 WAITING_10
15:39:33.061 (index):527 WAITING_11
15:39:33.061 (index):520 FLOORREQUESTED_12
15:39:33.061 (index):487 FLOORRELEASED_13
15:39:33.062 (index):506 UPDATE_0
15:39:33.062 (index):527 WAITING_1
15:39:33.063 (index):527 WAITING_2
15:39:33.063 (index):527 WAITING_3
15:39:33.063 (index):527 WAITING_4
15:39:33.064 (index):527 WAITING_5
15:39:33.064 (index):527 WAITING_6
15:39:33.065 (index):527 WAITING_7
15:39:33.065 (index):527 WAITING_8
15:39:33.065 (index):527 WAITING_9
15:39:33.066 (index):527 WAITING_10
15:39:33.066 (index):527 WAITING_11
15:39:33.067 (index):527 WAITING_12
15:39:33.067 (index):520 FLOORREQUESTED_13
15:39:33.067 (index):487 FLOORRELEASED_0
15:39:33.068 (index):506 UPDATE_1
15:39:33.068 (index):527 WAITING_2
15:39:33.069 (index):527 WAITING_3
15:39:33.069 (index):527 WAITING_4
15:39:33.070 (index):527 WAITING_5
15:39:33.070 (index):527 WAITING_6
15:39:33.070 (index):527 WAITING_7
15:39:33.071 (index):527 WAITING_8
15:39:33.071 (index):527 WAITING_9
15:39:33.072 (index):527 WAITING_10
15:39:33.072 (index):527 WAITING_11
15:39:33.072 (index):527 WAITING_12
15:39:33.073 (index):527 WAITING_13
15:39:33.073 (index):520 FLOORREQUESTED_0
15:39:33.074 (index):487 FLOORRELEASED_1
15:39:33.074 (index):506 UPDATE_2
15:39:33.075 (index):527 WAITING_3
15:39:33.075 (index):527 WAITING_4
15:39:33.075 (index):527 WAITING_5
15:39:33.076 (index):527 WAITING_6
15:39:33.076 (index):527 WAITING_7
15:39:33.077 (index):527 WAITING_8
15:39:33.077 (index):527 WAITING_9
15:39:33.077 (index):527 WAITING_10
15:39:33.078 (index):527 WAITING_11
15:39:33.078 (index):527 WAITING_12
15:39:33.079 (index):527 WAITING_13
15:39:33.079 (index):527 WAITING_0
15:39:33.079 (index):520 FLOORREQUESTED_1
15:39:33.080 (index):487 FLOORRELEASED_2
15:39:33.080 (index):506 UPDATE_3
15:39:33.081 (index):527 WAITING_4
15:39:33.081 (index):527 WAITING_5
15:39:33.082 (index):527 WAITING_6
15:39:33.082 (index):527 WAITING_7
15:39:33.082 (index):527 WAITING_8
15:39:33.083 (index):527 WAITING_9
15:39:33.083 (index):527 WAITING_10
15:39:33.084 (index):527 WAITING_11
15:39:33.084 (index):527 WAITING_12
15:39:33.084 (index):527 WAITING_13
15:39:33.085 (index):527 WAITING_0
15:39:33.085 (index):527 WAITING_1
15:39:33.086 (index):520 FLOORREQUESTED_2
15:39:33.086 (index):487 FLOORRELEASED_3
15:39:33.086 (index):506 UPDATE_4
15:39:33.087 (index):527 WAITING_5
15:39:33.087 (index):527 WAITING_6
15:39:33.088 (index):527 WAITING_7
15:39:33.088 (index):527 WAITING_8
15:39:33.089 (index):527 WAITING_9
15:39:33.089 (index):527 WAITING_10
15:39:33.089 (index):527 WAITING_11
15:39:33.090 (index):527 WAITING_12
15:39:33.090 (index):527 WAITING_13
15:39:33.091 (index):527 WAITING_0
15:39:33.091 (index):527 WAITING_1
15:39:33.091 (index):527 WAITING_2
15:39:33.092 (index):520 FLOORREQUESTED_3
15:39:33.092 (index):487 FLOORRELEASED_4
15:39:33.093 (index):506 UPDATE_5
15:39:33.093 (index):527 WAITING_6
15:39:33.093 (index):527 WAITING_7
15:39:33.094 (index):527 WAITING_8
15:39:33.094 (index):527 WAITING_9
15:39:33.095 (index):527 WAITING_10
15:39:33.095 (index):527 WAITING_11
15:39:33.095 (index):527 WAITING_12
15:39:33.096 (index):527 WAITING_13
15:39:33.096 (index):527 WAITING_0
15:39:33.097 (index):527 WAITING_1
15:39:33.098 (index):527 WAITING_2
15:39:33.099 (index):527 WAITING_3
15:39:33.099 (index):520 FLOORREQUESTED_4
15:39:33.100 (index):487 FLOORRELEASED_5
15:39:33.100 (index):506 UPDATE_6
15:39:33.101 (index):527 WAITING_7
15:39:33.101 (index):527 WAITING_8
15:39:33.102 (index):527 WAITING_9
15:39:33.103 (index):527 WAITING_10
15:39:33.103 (index):527 WAITING_11
15:39:33.104 (index):527 WAITING_12
15:39:33.105 (index):527 WAITING_13
15:39:33.105 (index):527 WAITING_0
15:39:33.106 (index):527 WAITING_1
15:39:33.107 (index):527 WAITING_2
15:39:33.107 (index):527 WAITING_3
15:39:33.108 (index):527 WAITING_4
15:39:33.108 (index):520 FLOORREQUESTED_5
15:39:33.109 (index):487 FLOORRELEASED_6
15:39:33.110 (index):506 UPDATE_7
15:39:33.110 (index):527 WAITING_8
15:39:33.111 (index):527 WAITING_9
15:39:33.112 (index):527 WAITING_10
15:39:33.112 (index):527 WAITING_11
15:39:33.113 (index):527 WAITING_12
15:39:33.114 (index):527 WAITING_13
15:39:33.114 (index):527 WAITING_0
15:39:33.115 (index):527 WAITING_1
15:39:33.116 (index):527 WAITING_2
15:39:33.116 (index):527 WAITING_3
15:39:33.117 (index):527 WAITING_4
15:39:33.118 (index):527 WAITING_5
15:39:33.118 (index):520 FLOORREQUESTED_6
15:39:33.119 (index):487 FLOORRELEASED_7
15:39:33.120 (index):506 UPDATE_8
15:39:33.120 (index):527 WAITING_9
15:39:33.121 (index):527 WAITING_10
15:39:33.122 (index):527 WAITING_11
15:39:33.122 (index):527 WAITING_12
15:39:33.123 (index):527 WAITING_13
15:39:33.124 (index):527 WAITING_0
15:39:33.124 (index):527 WAITING_1
15:39:33.125 (index):527 WAITING_2
15:39:33.126 (index):527 WAITING_3
15:39:33.126 (index):527 WAITING_4
15:39:33.127 (index):527 WAITING_5
15:39:33.128 (index):527 WAITING_6
15:39:33.128 (index):520 FLOORREQUESTED_7
15:39:33.129 (index):487 FLOORRELEASED_8
15:39:33.130 (index):506 UPDATE_9
15:39:33.130 (index):527 WAITING_10
15:39:33.132 (index):527 WAITING_11
15:39:33.132 (index):527 WAITING_12
15:39:33.133 (index):527 WAITING_13
15:39:33.134 (index):527 WAITING_0
15:39:33.134 (index):527 WAITING_1
15:39:33.135 (index):527 WAITING_2
15:39:33.136 (index):527 WAITING_3
15:39:33.136 (index):527 WAITING_4
15:39:33.137 (index):527 WAITING_5
15:39:33.138 (index):527 WAITING_6
15:39:33.138 (index):527 WAITING_7
15:39:33.139 (index):520 FLOORREQUESTED_8
15:39:33.139 (index):487 FLOORRELEASED_9
15:39:33.140 (index):506 UPDATE_10
15:39:33.141 (index):527 WAITING_11
15:39:33.141 (index):527 WAITING_12
15:39:33.142 (index):527 WAITING_13
15:39:33.143 (index):527 WAITING_0
15:39:33.143 (index):527 WAITING_1
15:39:33.144 (index):527 WAITING_2
15:39:33.145 (index):527 WAITING_3
15:39:33.145 (index):527 WAITING_4
15:39:33.146 (index):527 WAITING_5
15:39:33.147 (index):527 WAITING_6
15:39:33.147 (index):527 WAITING_7
15:39:33.148 (index):527 WAITING_8
15:39:33.149 (index):520 FLOORREQUESTED_9
15:39:33.149 (index):487 FLOORRELEASED_10
15:39:33.150 (index):506 UPDATE_11
15:39:33.151 (index):527 WAITING_12
15:39:33.151 (index):527 WAITING_13
15:39:33.152 (index):527 WAITING_0
15:39:33.153 (index):527 WAITING_1
15:39:33.153 (index):527 WAITING_2
15:39:33.154 (index):527 WAITING_3
15:39:33.155 (index):527 WAITING_4
15:39:33.155 (index):527 WAITING_5
15:39:33.156 (index):527 WAITING_6
15:39:33.157 (index):527 WAITING_7
15:39:33.157 (index):527 WAITING_8
15:39:33.158 (index):527 WAITING_9
15:39:33.158 (index):520 FLOORREQUESTED_10
15:39:33.159 (index):487 FLOORRELEASED_11
15:39:33.160 (index):506 UPDATE_12
15:39:33.160 (index):527 WAITING_13
15:39:33.161 (index):527 WAITING_0
15:39:33.162 (index):527 WAITING_1
15:39:33.162 (index):527 WAITING_2
15:39:33.163 (index):527 WAITING_3
15:39:33.164 (index):527 WAITING_4
15:39:33.164 (index):527 WAITING_5
15:39:33.165 (index):527 WAITING_6
15:39:33.166 (index):527 WAITING_7
15:39:33.166 (index):527 WAITING_8
15:39:33.167 (index):527 WAITING_9
15:39:33.168 (index):527 WAITING_10
15:39:33.168 (index):520 FLOORREQUESTED_11
15:39:33.169 (index):487 FLOORRELEASED_12
15:39:33.169 (index):506 UPDATE_13
15:39:33.170 (index):527 WAITING_0
15:39:33.171 (index):527 WAITING_1
15:39:33.171 (index):527 WAITING_2
15:39:33.172 (index):527 WAITING_3
15:39:33.173 (index):527 WAITING_4
15:39:33.173 (index):527 WAITING_5
15:39:33.174 (index):527 WAITING_6
15:39:33.175 (index):527 WAITING_7
15:39:33.175 (index):527 WAITING_8
15:39:33.176 (index):527 WAITING_9
15:39:33.177 (index):527 WAITING_10
15:39:33.177 (index):527 WAITING_11
15:39:33.178 (index):520 FLOORREQUESTED_12
15:39:33.179 (index):487 FLOORRELEASED_13
15:39:33.179 (index):506 UPDATE_0
15:39:33.180 (index):527 WAITING_1
15:39:33.181 (index):527 WAITING_2
15:39:33.181 (index):527 WAITING_3
15:39:33.182 (index):527 WAITING_4
15:39:33.183 (index):527 WAITING_5
15:39:33.183 (index):527 WAITING_6
15:39:33.184 (index):527 WAITING_7
15:39:33.184 (index):527 WAITING_8
15:39:33.185 (index):527 WAITING_9
15:39:33.186 (index):527 WAITING_10
15:39:33.186 (index):527 WAITING_11
15:39:33.187 (index):527 WAITING_12
15:39:33.188 (index):520 FLOORREQUESTED_13
15:39:33.188 (index):487 FLOORRELEASED_0
15:39:33.189 (index):506 UPDATE_1
15:39:33.190 (index):527 WAITING_2
15:39:33.190 (index):527 WAITING_3
15:39:33.191 (index):527 WAITING_4
15:39:33.192 (index):527 WAITING_5
15:39:33.192 (index):527 WAITING_6
15:39:33.193 (index):527 WAITING_7
15:39:33.193 (index):527 WAITING_8
15:39:33.194 (index):527 WAITING_9
15:39:33.195 (index):527 WAITING_10
15:39:33.195 (index):527 WAITING_11
15:39:33.196 (index):527 WAITING_12
15:39:33.197 (index):527 WAITING_13
15:39:33.197 (index):520 FLOORREQUESTED_0
15:39:33.198 (index):487 FLOORRELEASED_1
15:39:33.199 (index):506 UPDATE_2
15:39:33.199 (index):527 WAITING_3
15:39:33.200 (index):527 WAITING_4
15:39:33.201 (index):527 WAITING_5
15:39:33.201 (index):527 WAITING_6
15:39:33.202 (index):527 WAITING_7
15:39:33.203 (index):527 WAITING_8
15:39:33.203 (index):527 WAITING_9
15:39:33.204 (index):527 WAITING_10
15:39:33.205 (index):527 WAITING_11
15:39:33.205 (index):527 WAITING_12
15:39:33.206 (index):527 WAITING_13
15:39:33.207 (index):527 WAITING_0
15:39:33.207 (index):520 FLOORREQUESTED_1
15:39:33.208 (index):487 FLOORRELEASED_2
15:39:33.209 (index):506 UPDATE_3
15:39:33.209 (index):527 WAITING_4
15:39:33.210 (index):527 WAITING_5
15:39:33.211 (index):527 WAITING_6
15:39:33.211 (index):527 WAITING_7
15:39:33.212 (index):527 WAITING_8
15:39:33.212 (index):527 WAITING_9
15:39:33.213 (index):527 WAITING_10
15:39:33.214 (index):527 WAITING_11
15:39:33.214 (index):527 WAITING_12
15:39:33.215 (index):527 WAITING_13
15:39:33.216 (index):527 WAITING_0
15:39:33.216 (index):527 WAITING_1
15:39:33.217 (index):520 FLOORREQUESTED_2
15:39:33.218 (index):487 FLOORRELEASED_3
15:39:33.218 (index):506 UPDATE_4
15:39:33.219 (index):527 WAITING_5
15:39:33.220 (index):527 WAITING_6
15:39:33.220 (index):527 WAITING_7
15:39:33.221 (index):527 WAITING_8
15:39:33.222 (index):527 WAITING_9
15:39:33.222 (index):527 WAITING_10
15:39:33.223 (index):527 WAITING_11
15:39:33.224 (index):527 WAITING_12
15:39:33.224 (index):527 WAITING_13
15:39:33.225 (index):527 WAITING_0
15:39:33.226 (index):527 WAITING_1
15:39:33.226 (index):527 WAITING_2
15:39:33.227 (index):520 FLOORREQUESTED_3
15:39:33.228 (index):487 FLOORRELEASED_4
15:39:33.228 (index):506 UPDATE_5
15:39:33.229 (index):527 WAITING_6
15:39:33.230 (index):527 WAITING_7
15:39:33.230 (index):527 WAITING_8
15:39:33.231 (index):527 WAITING_9
15:39:33.232 (index):527 WAITING_10
15:39:33.232 (index):527 WAITING_11
15:39:33.233 (index):527 WAITING_12
15:39:33.234 (index):527 WAITING_13
15:39:33.234 (index):527 WAITING_0
15:39:33.235 (index):527 WAITING_1
15:39:33.236 (index):527 WAITING_2
15:39:33.236 (index):527 WAITING_3
15:39:33.237 (index):520 FLOORREQUESTED_4
15:39:33.238 (index):487 FLOORRELEASED_5
15:39:33.238 (index):506 UPDATE_6
15:39:33.239 (index):527 WAITING_7
15:39:33.240 (index):527 WAITING_8
15:39:33.240 (index):527 WAITING_9
15:39:33.241 (index):527 WAITING_10
15:39:33.242 (index):527 WAITING_11
15:39:33.242 (index):527 WAITING_12
15:39:33.243 (index):527 WAITING_13
15:39:33.243 (index):527 WAITING_0
15:39:33.244 (index):527 WAITING_1
15:39:33.245 (index):527 WAITING_2
15:39:33.245 (index):527 WAITING_3
15:39:33.246 (index):527 WAITING_4
15:39:33.247 (index):520 FLOORREQUESTED_5
15:39:33.247 (index):487 FLOORRELEASED_6
15:39:33.248 (index):506 UPDATE_7
15:39:33.249 (index):527 WAITING_8
15:39:33.249 (index):527 WAITING_9
15:39:33.250 (index):527 WAITING_10
15:39:33.251 (index):527 WAITING_11
15:39:33.251 (index):527 WAITING_12
15:39:33.252 (index):527 WAITING_13
15:39:33.253 (index):527 WAITING_0
15:39:33.253 (index):527 WAITING_1
15:39:33.254 (index):527 WAITING_2
15:39:33.255 (index):527 WAITING_3
15:39:33.256 (index):527 WAITING_4
15:39:33.256 (index):527 WAITING_5
15:39:33.257 (index):520 FLOORREQUESTED_6
15:39:33.257 (index):487 FLOORRELEASED_7
15:39:33.258 (index):506 UPDATE_8
15:39:33.258 (index):527 WAITING_9
15:39:33.259 (index):527 WAITING_10
15:39:33.260 (index):527 WAITING_11
15:39:33.260 (index):527 WAITING_12
15:39:33.261 (index):527 WAITING_13
15:39:33.261 (index):527 WAITING_0
15:39:33.262 (index):527 WAITING_1
15:39:33.263 (index):527 WAITING_2
15:39:33.263 (index):527 WAITING_3
15:39:33.264 (index):527 WAITING_4
15:39:33.265 (index):527 WAITING_5
15:39:33.265 (index):527 WAITING_6
15:39:33.266 (index):520 FLOORREQUESTED_7
15:39:33.267 (index):487 FLOORRELEASED_8
15:39:33.267 (index):506 UPDATE_9
15:39:33.268 (index):527 WAITING_10
15:39:33.269 (index):527 WAITING_11
15:39:33.269 (index):527 WAITING_12
15:39:33.270 (index):527 WAITING_13
15:39:33.271 (index):527 WAITING_0
15:39:33.271 (index):527 WAITING_1
15:39:33.272 (index):527 WAITING_2
15:39:33.273 (index):527 WAITING_3
15:39:33.273 (index):527 WAITING_4
15:39:33.274 (index):527 WAITING_5
15:39:33.275 (index):527 WAITING_6
15:39:33.275 (index):527 WAITING_7
15:39:33.276 (index):520 FLOORREQUESTED_8
15:39:33.277 (index):487 FLOORRELEASED_9
15:39:33.277 (index):506 UPDATE_10
15:39:33.278 (index):527 WAITING_11
15:39:33.279 (index):527 WAITING_12
15:39:33.279 (index):527 WAITING_13
15:39:33.280 (index):527 WAITING_0
15:39:33.281 (index):527 WAITING_1
15:39:33.281 (index):527 WAITING_2
15:39:33.282 (index):527 WAITING_3
15:39:33.283 (index):527 WAITING_4
15:39:33.283 (index):527 WAITING_5
15:39:33.284 (index):527 WAITING_6
15:39:33.284 (index):527 WAITING_7
15:39:33.285 (index):527 WAITING_8
15:39:33.286 (index):520 FLOORREQUESTED_9
15:39:33.286 (index):487 FLOORRELEASED_10
15:39:33.287 (index):506 UPDATE_11
15:39:33.288 (index):527 WAITING_12
15:39:33.288 (index):527 WAITING_13
15:39:33.289 (index):527 WAITING_0
15:39:33.290 (index):527 WAITING_1
15:39:33.290 (index):527 WAITING_2
15:39:33.291 (index):527 WAITING_3
15:39:33.292 (index):527 WAITING_4
15:39:33.292 (index):527 WAITING_5
15:39:33.293 (index):527 WAITING_6
15:39:33.294 (index):527 WAITING_7
15:39:33.294 (index):527 WAITING_8
15:39:33.295 (index):527 WAITING_9
15:39:33.296 (index):520 FLOORREQUESTED_10
15:39:33.296 (index):487 FLOORRELEASED_11
15:39:33.297 (index):506 UPDATE_12
15:39:33.298 (index):527 WAITING_13
15:39:33.298 (index):527 WAITING_0
15:39:33.299 (index):527 WAITING_1
15:39:33.300 (index):527 WAITING_2
15:39:33.300 (index):527 WAITING_3
15:39:33.301 (index):527 WAITING_4
15:39:33.302 (index):527 WAITING_5
15:39:33.302 (index):527 WAITING_6
15:39:33.303 (index):527 WAITING_7
15:39:33.304 (index):527 WAITING_8
15:39:33.304 (index):527 WAITING_9
15:39:33.305 (index):527 WAITING_10
15:39:33.305 (index):520 FLOORREQUESTED_11
15:39:33.306 (index):487 FLOORRELEASED_12
15:39:33.307 (index):506 UPDATE_13
15:39:33.307 (index):527 WAITING_0
15:39:33.308 (index):527 WAITING_1
15:39:33.309 (index):527 WAITING_2
15:39:33.309 (index):527 WAITING_3
15:39:33.310 (index):527 WAITING_4
15:39:33.311 (index):527 WAITING_5
15:39:33.311 (index):527 WAITING_6
15:39:33.312 (index):527 WAITING_7
15:39:33.313 (index):527 WAITING_8
15:39:33.313 (index):527 WAITING_9
15:39:33.314 (index):527 WAITING_10
15:39:33.315 (index):527 WAITING_11
15:39:33.315 (index):520 FLOORREQUESTED_12
15:39:33.316 (index):487 FLOORRELEASED_13
15:39:33.317 (index):506 UPDATE_0
15:39:33.317 (index):527 WAITING_1
15:39:33.318 (index):527 WAITING_2
15:39:33.319 (index):527 WAITING_3
15:39:33.319 (index):527 WAITING_4
15:39:33.320 (index):527 WAITING_5
15:39:33.321 (index):527 WAITING_6
15:39:33.321 (index):527 WAITING_7
15:39:33.322 (index):527 WAITING_8
15:39:33.323 (index):527 WAITING_9
15:39:33.323 (index):527 WAITING_10
15:39:33.324 (index):527 WAITING_11
15:39:33.325 (index):527 WAITING_12
15:39:33.325 (index):520 FLOORREQUESTED_13
15:39:33.326 (index):487 FLOORRELEASED_0
15:39:33.327 (index):506 UPDATE_1
15:39:33.327 (index):527 WAITING_2
15:39:33.328 (index):527 WAITING_3
15:39:33.328 (index):527 WAITING_4
15:39:33.329 (index):527 WAITING_5
15:39:33.330 (index):527 WAITING_6
15:39:33.330 (index):527 WAITING_7
15:39:33.331 (index):527 WAITING_8
15:39:33.332 (index):527 WAITING_9
15:39:33.332 (index):527 WAITING_10
15:39:33.333 (index):527 WAITING_11
15:39:33.334 (index):527 WAITING_12
15:39:33.334 (index):527 WAITING_13
15:39:33.335 (index):520 FLOORREQUESTED_0
15:39:33.336 (index):487 FLOORRELEASED_1
15:39:33.336 (index):506 UPDATE_2
15:39:33.337 (index):527 WAITING_3
15:39:33.338 (index):527 WAITING_4
15:39:33.338 (index):527 WAITING_5
15:39:33.339 (index):527 WAITING_6
15:39:33.340 (index):527 WAITING_7
15:39:33.340 (index):527 WAITING_8
15:39:33.341 (index):527 WAITING_9
15:39:33.341 (index):527 WAITING_10
15:39:33.342 (index):527 WAITING_11
15:39:33.343 (index):527 WAITING_12
15:39:33.343 (index):527 WAITING_13
15:39:33.344 (index):527 WAITING_0
15:39:33.345 (index):520 FLOORREQUESTED_1
15:39:33.345 (index):487 FLOORRELEASED_2
15:39:33.346 (index):506 UPDATE_3
15:39:33.347 (index):527 WAITING_4
15:39:33.347 (index):527 WAITING_5
15:39:33.348 (index):527 WAITING_6
15:39:33.349 (index):527 WAITING_7
15:39:33.349 (index):527 WAITING_8
15:39:33.350 (index):527 WAITING_9
15:39:33.351 (index):527 WAITING_10
15:39:33.351 (index):527 WAITING_11
15:39:33.352 (index):527 WAITING_12
15:39:33.353 (index):527 WAITING_13
15:39:33.353 (index):527 WAITING_0
15:39:33.354 (index):527 WAITING_1
15:39:33.355 (index):520 FLOORREQUESTED_2
15:39:33.355 (index):487 FLOORRELEASED_3
15:39:33.356 (index):506 UPDATE_4
15:39:33.357 (index):527 WAITING_5
15:39:33.357 (index):527 WAITING_6
15:39:33.358 (index):527 WAITING_7
15:39:33.359 (index):527 WAITING_8
15:39:33.359 (index):527 WAITING_9
15:39:33.360 (index):527 WAITING_10
15:39:33.361 (index):527 WAITING_11
15:39:33.361 (index):527 WAITING_12
15:39:33.362 (index):527 WAITING_13
15:39:33.363 (index):527 WAITING_0
15:39:33.363 (index):527 WAITING_1
15:39:33.364 (index):527 WAITING_2
15:39:33.365 (index):520 FLOORREQUESTED_3
15:39:33.365 (index):487 FLOORRELEASED_4
15:39:33.366 (index):506 UPDATE_5
15:39:33.367 (index):527 WAITING_6
15:39:33.367 (index):527 WAITING_7
15:39:33.368 (index):527 WAITING_8
15:39:33.369 (index):527 WAITING_9
15:39:33.369 (index):527 WAITING_10
15:39:33.370 (index):527 WAITING_11
15:39:33.371 (index):527 WAITING_12
15:39:33.371 (index):527 WAITING_13
15:39:33.372 (index):527 WAITING_0
15:39:33.373 (index):527 WAITING_1
15:39:33.373 (index):527 WAITING_2
15:39:33.374 (index):527 WAITING_3
15:39:33.375 (index):520 FLOORREQUESTED_4
15:39:33.375 (index):487 FLOORRELEASED_5
15:39:33.376 (index):506 UPDATE_6
15:39:33.377 (index):527 WAITING_7
15:39:33.377 (index):527 WAITING_8
15:39:33.378 (index):527 WAITING_9
15:39:33.378 (index):527 WAITING_10
15:39:33.379 (index):527 WAITING_11
15:39:33.380 (index):527 WAITING_12
15:39:33.380 (index):527 WAITING_13
15:39:33.381 (index):527 WAITING_0
15:39:33.382 (index):527 WAITING_1
15:39:33.382 (index):527 WAITING_2
15:39:33.383 (index):527 WAITING_3
15:39:33.384 (index):527 WAITING_4
15:39:33.384 (index):520 FLOORREQUESTED_5
15:39:33.385 (index):487 FLOORRELEASED_6
15:39:33.386 (index):506 UPDATE_7
15:39:33.386 (index):527 WAITING_8
15:39:33.387 (index):527 WAITING_9
15:39:33.388 (index):527 WAITING_10
15:39:33.388 (index):527 WAITING_11
15:39:33.389 (index):527 WAITING_12
15:39:33.390 (index):527 WAITING_13
15:39:33.390 (index):527 WAITING_0
15:39:33.391 (index):527 WAITING_1
15:39:33.392 (index):527 WAITING_2
15:39:33.392 (index):527 WAITING_3
15:39:33.393 (index):527 WAITING_4
15:39:33.394 (index):527 WAITING_5
15:39:33.394 (index):520 FLOORREQUESTED_6
15:39:33.395 (index):487 FLOORRELEASED_7
15:39:33.396 (index):506 UPDATE_8
15:39:33.396 (index):527 WAITING_9
15:39:33.397 (index):527 WAITING_10
15:39:33.398 (index):527 WAITING_11
15:39:33.398 (index):527 WAITING_12
15:39:33.399 (index):527 WAITING_13
15:39:33.400 (index):527 WAITING_0
15:39:33.400 (index):527 WAITING_1
15:39:33.401 (index):527 WAITING_2
15:39:33.402 (index):527 WAITING_3
15:39:33.402 (index):527 WAITING_4
15:39:33.403 (index):527 WAITING_5
15:39:33.404 (index):527 WAITING_6
15:39:33.404 (index):520 FLOORREQUESTED_7
15:39:33.405 (index):487 FLOORRELEASED_8
15:39:33.406 (index):506 UPDATE_9
15:39:33.406 (index):527 WAITING_10
15:39:33.407 (index):527 WAITING_11
15:39:33.407 (index):527 WAITING_12
15:39:33.408 (index):527 WAITING_13
15:39:33.409 (index):527 WAITING_0
15:39:33.409 (index):527 WAITING_1
15:39:33.410 (index):527 WAITING_2
15:39:33.411 (index):527 WAITING_3
15:39:33.411 (index):527 WAITING_4
15:39:33.412 (index):527 WAITING_5
15:39:33.413 (index):527 WAITING_6
15:39:33.413 (index):527 WAITING_7
15:39:33.414 (index):520 FLOORREQUESTED_8
15:39:33.415 (index):487 FLOORRELEASED_9
15:39:33.415 (index):506 UPDATE_10
15:39:33.416 (index):527 WAITING_11
15:39:33.417 (index):527 WAITING_12
15:39:33.417 (index):527 WAITING_13
15:39:33.418 (index):527 WAITING_0
15:39:33.418 (index):527 WAITING_1
15:39:33.419 (index):527 WAITING_2
15:39:33.420 (index):527 WAITING_3
15:39:33.420 (index):527 WAITING_4
15:39:33.421 (index):527 WAITING_5
15:39:33.422 (index):527 WAITING_6
15:39:33.422 (index):527 WAITING_7
15:39:33.423 (index):527 WAITING_8
15:39:33.424 (index):520 FLOORREQUESTED_9
15:39:33.424 (index):487 FLOORRELEASED_10
15:39:33.425 (index):506 UPDATE_11
15:39:33.426 (index):527 WAITING_12
15:39:33.426 (index):527 WAITING_13
15:39:33.427 (index):527 WAITING_0
15:39:33.428 (index):527 WAITING_1
15:39:33.428 (index):527 WAITING_2
15:39:33.429 (index):527 WAITING_3
15:39:33.430 (index):527 WAITING_4
15:39:33.430 (index):527 WAITING_5
15:39:33.431 (index):527 WAITING_6
15:39:33.432 (index):527 WAITING_7
15:39:33.432 (index):527 WAITING_8
15:39:33.433 (index):527 WAITING_9
15:39:33.434 (index):520 FLOORREQUESTED_10
15:39:33.434 (index):487 FLOORRELEASED_11
15:39:33.435 (index):506 UPDATE_12
15:39:33.436 (index):527 WAITING_13
15:39:33.436 (index):527 WAITING_0
15:39:33.437 (index):527 WAITING_1
15:39:33.438 (index):527 WAITING_2
15:39:33.438 (index):527 WAITING_3
15:39:33.439 (index):527 WAITING_4
15:39:33.440 (index):527 WAITING_5
15:39:33.440 (index):527 WAITING_6
15:39:33.441 (index):527 WAITING_7
15:39:33.442 (index):527 WAITING_8
15:39:33.442 (index):527 WAITING_9
15:39:33.443 (index):527 WAITING_10
15:39:33.444 (index):520 FLOORREQUESTED_11
15:39:33.444 (index):487 FLOORRELEASED_12
15:39:33.445 (index):506 UPDATE_13
15:39:33.446 (index):527 WAITING_0
15:39:33.446 (index):527 WAITING_1
15:39:33.447 (index):527 WAITING_2
15:39:33.448 (index):527 WAITING_3
15:39:33.448 (index):527 WAITING_4
15:39:33.449 (index):527 WAITING_5
15:39:33.450 (index):527 WAITING_6
15:39:33.450 (index):527 WAITING_7
15:39:33.451 (index):527 WAITING_8
15:39:33.452 (index):527 WAITING_9
15:39:33.452 (index):527 WAITING_10
15:39:33.453 (index):527 WAITING_11
15:39:33.454 (index):520 FLOORREQUESTED_12
15:39:33.454 (index):487 FLOORRELEASED_13
15:39:33.455 (index):506 UPDATE_0
15:39:33.456 (index):527 WAITING_1
15:39:33.456 (index):527 WAITING_2
15:39:33.457 (index):527 WAITING_3
15:39:33.457 (index):527 WAITING_4
15:39:33.458 (index):527 WAITING_5
15:39:33.459 (index):527 WAITING_6
15:39:33.459 (index):527 WAITING_7
15:39:33.460 (index):527 WAITING_8
15:39:33.461 (index):527 WAITING_9
15:39:33.461 (index):527 WAITING_10
15:39:33.462 (index):527 WAITING_11
15:39:33.463 (index):527 WAITING_12
15:39:33.463 (index):520 FLOORREQUESTED_13
15:39:33.464 (index):487 FLOORRELEASED_0
15:39:33.465 (index):506 UPDATE_1
15:39:33.465 (index):527 WAITING_2
15:39:33.466 (index):527 WAITING_3
15:39:33.467 (index):527 WAITING_4
15:39:33.467 (index):527 WAITING_5
15:39:33.468 (index):527 WAITING_6
15:39:33.469 (index):527 WAITING_7
15:39:33.469 (index):527 WAITING_8
15:39:33.470 (index):527 WAITING_9
15:39:33.471 (index):527 WAITING_10
15:39:33.471 (index):527 WAITING_11
15:39:33.472 (index):527 WAITING_12
15:39:33.473 (index):527 WAITING_13
15:39:33.473 (index):520 FLOORREQUESTED_0
15:39:33.474 (index):487 FLOORRELEASED_1
15:39:33.475 (index):506 UPDATE_2
15:39:33.475 (index):527 WAITING_3
15:39:33.476 (index):527 WAITING_4
15:39:33.477 (index):527 WAITING_5
15:39:33.477 (index):527 WAITING_6
15:39:33.478 (index):527 WAITING_7
15:39:33.479 (index):527 WAITING_8
15:39:33.479 (index):527 WAITING_9
15:39:33.480 (index):527 WAITING_10
15:39:33.481 (index):527 WAITING_11
15:39:33.481 (index):527 WAITING_12
15:39:33.482 (index):527 WAITING_13
15:39:33.483 (index):527 WAITING_0
15:39:33.483 (index):520 FLOORREQUESTED_1
15:39:33.484 (index):487 FLOORRELEASED_2
15:39:33.485 (index):506 UPDATE_3
15:39:33.485 (index):527 WAITING_4
15:39:33.486 (index):527 WAITING_5
15:39:33.486 (index):527 WAITING_6
15:39:33.487 (index):527 WAITING_7
15:39:33.488 (index):527 WAITING_8
15:39:33.489 (index):527 WAITING_9
15:39:33.489 (index):527 WAITING_10
15:39:33.490 (index):527 WAITING_11
15:39:33.491 (index):527 WAITING_12
15:39:33.491 (index):527 WAITING_13
15:39:33.492 (index):527 WAITING_0
15:39:33.492 (index):527 WAITING_1
15:39:33.493 (index):520 FLOORREQUESTED_2
15:39:33.494 (index):487 FLOORRELEASED_3
15:39:33.494 (index):506 UPDATE_4
15:39:33.495 (index):527 WAITING_5
15:39:33.496 (index):527 WAITING_6
15:39:33.496 (index):527 WAITING_7
15:39:33.497 (index):527 WAITING_8
15:39:33.498 (index):527 WAITING_9
15:39:33.499 (index):527 WAITING_10
15:39:33.499 (index):527 WAITING_11
15:39:33.500 (index):527 WAITING_12
15:39:33.501 (index):527 WAITING_13
15:39:33.501 (index):527 WAITING_0
15:39:33.502 (index):527 WAITING_1
15:39:33.503 (index):527 WAITING_2
15:39:33.503 (index):520 FLOORREQUESTED_3
15:39:33.504 (index):487 FLOORRELEASED_4
15:39:33.504 (index):506 UPDATE_5
15:39:33.505 (index):527 WAITING_6
15:39:33.506 (index):527 WAITING_7
15:39:33.506 (index):527 WAITING_8
15:39:33.507 (index):527 WAITING_9
15:39:33.508 (index):527 WAITING_10
15:39:33.508 (index):527 WAITING_11
15:39:33.509 (index):527 WAITING_12
15:39:33.510 (index):527 WAITING_13
15:39:33.510 (index):527 WAITING_0
15:39:33.511 (index):527 WAITING_1
15:39:33.512 (index):527 WAITING_2
15:39:33.512 (index):527 WAITING_3
15:39:33.513 (index):520 FLOORREQUESTED_4
15:39:33.514 (index):487 FLOORRELEASED_5
15:39:33.514 (index):506 UPDATE_6
15:39:33.515 (index):527 WAITING_7
15:39:33.515 (index):527 WAITING_8
15:39:33.516 (index):527 WAITING_9
15:39:33.517 (index):527 WAITING_10
15:39:33.517 (index):527 WAITING_11
15:39:33.518 (index):527 WAITING_12
15:39:33.519 (index):527 WAITING_13
15:39:33.519 (index):527 WAITING_0
15:39:33.520 (index):527 WAITING_1
15:39:33.521 (index):527 WAITING_2
15:39:33.521 (index):527 WAITING_3
15:39:33.522 (index):527 WAITING_4
15:39:33.523 (index):520 FLOORREQUESTED_5
15:39:33.523 (index):487 FLOORRELEASED_6
15:39:33.524 (index):506 UPDATE_7
15:39:33.525 (index):527 WAITING_8
15:39:33.525 (index):527 WAITING_9
15:39:33.526 (index):527 WAITING_10
15:39:33.527 (index):527 WAITING_11
15:39:33.527 (index):527 WAITING_12
15:39:33.528 (index):527 WAITING_13
15:39:33.529 (index):527 WAITING_0
15:39:33.529 (index):527 WAITING_1
15:39:33.530 (index):527 WAITING_2
15:39:33.531 (index):527 WAITING_3
15:39:33.531 (index):527 WAITING_4
15:39:33.532 (index):527 WAITING_5
15:39:33.533 (index):520 FLOORREQUESTED_6
15:39:33.533 (index):487 FLOORRELEASED_7
15:39:33.534 (index):506 UPDATE_8
15:39:33.535 (index):527 WAITING_9
15:39:33.535 (index):527 WAITING_10
15:39:33.536 (index):527 WAITING_11
15:39:33.537 (index):527 WAITING_12
15:39:33.538 (index):527 WAITING_13
15:39:33.538 (index):527 WAITING_0
15:39:33.539 (index):527 WAITING_1
15:39:33.540 (index):527 WAITING_2
15:39:33.540 (index):527 WAITING_3
15:39:33.541 (index):527 WAITING_4
15:39:33.542 (index):527 WAITING_5
15:39:33.542 (index):527 WAITING_6
15:39:33.543 (index):520 FLOORREQUESTED_7
15:39:33.544 (index):487 FLOORRELEASED_8
15:39:33.544 (index):506 UPDATE_9
15:39:33.545 (index):527 WAITING_10
15:39:33.546 (index):527 WAITING_11
15:39:33.546 (index):527 WAITING_12
15:39:33.547 (index):527 WAITING_13
15:39:33.548 (index):527 WAITING_0
15:39:33.548 (index):527 WAITING_1
15:39:33.549 (index):527 WAITING_2
15:39:33.550 (index):527 WAITING_3
15:39:33.550 (index):527 WAITING_4
15:39:33.551 (index):527 WAITING_5
15:39:33.552 (index):527 WAITING_6
15:39:33.552 (index):527 WAITING_7
15:39:33.553 (index):520 FLOORREQUESTED_8
15:39:33.554 (index):487 FLOORRELEASED_9
15:39:33.554 (index):506 UPDATE_10
15:39:33.555 (index):527 WAITING_11
15:39:33.556 (index):527 WAITING_12
15:39:33.556 (index):527 WAITING_13
15:39:33.557 (index):527 WAITING_0
15:39:33.558 (index):527 WAITING_1
15:39:33.558 (index):527 WAITING_2
15:39:33.559 (index):527 WAITING_3
15:39:33.560 (index):527 WAITING_4
15:39:33.560 (index):527 WAITING_5
15:39:33.561 (index):527 WAITING_6
15:39:33.561 (index):527 WAITING_7
15:39:33.562 (index):527 WAITING_8
15:39:33.563 (index):520 FLOORREQUESTED_9
15:39:33.563 (index):487 FLOORRELEASED_10
15:39:33.564 (index):506 UPDATE_11
15:39:33.565 (index):527 WAITING_12
15:39:33.565 (index):527 WAITING_13
15:39:33.566 (index):527 WAITING_0
15:39:33.567 (index):527 WAITING_1
15:39:33.568 (index):527 WAITING_2
15:39:33.568 (index):527 WAITING_3
15:39:33.569 (index):527 WAITING_4
15:39:33.569 (index):527 WAITING_5
15:39:33.570 (index):527 WAITING_6
15:39:33.571 (index):527 WAITING_7
15:39:33.571 (index):527 WAITING_8
15:39:33.572 (index):527 WAITING_9
15:39:33.572 (index):520 FLOORREQUESTED_10
15:39:33.573 (index):487 FLOORRELEASED_11
15:39:33.573 (index):506 UPDATE_12
15:39:33.574 (index):527 WAITING_13
15:39:33.575 (index):527 WAITING_0
15:39:33.575 (index):527 WAITING_1
15:39:33.576 (index):527 WAITING_2
15:39:33.576 (index):527 WAITING_3
15:39:33.577 (index):527 WAITING_4
15:39:33.578 (index):527 WAITING_5
15:39:33.578 (index):527 WAITING_6
15:39:33.579 (index):527 WAITING_7
15:39:33.580 (index):527 WAITING_8
15:39:33.580 (index):527 WAITING_9
15:39:33.581 (index):527 WAITING_10
15:39:33.582 (index):520 FLOORREQUESTED_11
15:39:33.582 (index):487 FLOORRELEASED_12
15:39:33.583 (index):506 UPDATE_13
15:39:33.584 (index):527 WAITING_0
15:39:33.584 (index):527 WAITING_1
15:39:33.585 (index):527 WAITING_2
15:39:33.586 (index):527 WAITING_3
15:39:33.586 (index):527 WAITING_4
15:39:33.587 (index):527 WAITING_5
15:39:33.588 (index):527 WAITING_6
15:39:33.588 (index):527 WAITING_7
15:39:33.589 (index):527 WAITING_8
15:39:33.590 (index):527 WAITING_9
15:39:33.590 (index):527 WAITING_10
15:39:33.591 (index):527 WAITING_11
15:39:33.592 (index):520 FLOORREQUESTED_12
15:39:33.592 (index):487 FLOORRELEASED_13
15:39:33.593 (index):506 UPDATE_0
15:39:33.594 (index):527 WAITING_1
15:39:33.594 (index):527 WAITING_2
15:39:33.595 (index):527 WAITING_3
15:39:33.596 (index):527 WAITING_4
15:39:33.596 (index):527 WAITING_5
15:39:33.597 (index):527 WAITING_6
15:39:33.597 (index):527 WAITING_7
15:39:33.598 (index):527 WAITING_8
15:39:33.599 (index):527 WAITING_9
15:39:33.599 (index):527 WAITING_10
15:39:33.600 (index):527 WAITING_11
15:39:33.601 (index):527 WAITING_12
15:39:33.601 (index):520 FLOORREQUESTED_13
15:39:33.602 (index):487 FLOORRELEASED_0
15:39:33.603 (index):506 UPDATE_1
15:39:33.603 (index):527 WAITING_2
15:39:33.604 (index):527 WAITING_3
15:39:33.605 (index):527 WAITING_4
15:39:33.605 (index):527 WAITING_5
15:39:33.606 (index):527 WAITING_6
15:39:33.607 (index):527 WAITING_7
15:39:33.607 (index):527 WAITING_8
15:39:33.608 (index):527 WAITING_9
15:39:33.609 (index):527 WAITING_10
15:39:33.610 (index):527 WAITING_11
15:39:33.610 (index):527 WAITING_12
15:39:33.611 (index):527 WAITING_13
15:39:33.612 (index):520 FLOORREQUESTED_0
15:39:33.612 (index):487 FLOORRELEASED_1
15:39:33.613 (index):506 UPDATE_2
15:39:33.614 (index):527 WAITING_3
15:39:33.614 (index):527 WAITING_4
15:39:33.615 (index):527 WAITING_5
15:39:33.615 (index):527 WAITING_6
15:39:33.616 (index):527 WAITING_7
15:39:33.617 (index):527 WAITING_8
15:39:33.617 (index):527 WAITING_9
15:39:33.618 (index):527 WAITING_10
15:39:33.619 (index):527 WAITING_11
15:39:33.619 (index):527 WAITING_12
15:39:33.620 (index):527 WAITING_13
15:39:33.621 (index):527 WAITING_0
15:39:33.622 (index):520 FLOORREQUESTED_1
15:39:33.622 (index):487 FLOORRELEASED_2
15:39:33.623 (index):506 UPDATE_3
15:39:33.624 (index):527 WAITING_4
15:39:33.624 (index):527 WAITING_5
15:39:33.625 (index):527 WAITING_6
15:39:33.626 (index):527 WAITING_7
15:39:33.626 (index):527 WAITING_8
15:39:33.627 (index):527 WAITING_9
15:39:33.628 (index):527 WAITING_10
15:39:33.628 (index):527 WAITING_11
15:39:33.629 (index):527 WAITING_12
15:39:33.630 (index):527 WAITING_13
15:39:33.630 (index):527 WAITING_0
15:39:33.631 (index):527 WAITING_1
15:39:33.632 (index):520 FLOORREQUESTED_2
15:39:33.632 (index):487 FLOORRELEASED_3
15:39:33.633 (index):506 UPDATE_4
15:39:33.634 (index):527 WAITING_5
15:39:33.634 (index):527 WAITING_6
15:39:33.635 (index):527 WAITING_7
15:39:33.636 (index):527 WAITING_8
15:39:33.636 (index):527 WAITING_9
15:39:33.637 (index):527 WAITING_10
15:39:33.637 (index):527 WAITING_11
15:39:33.638 (index):527 WAITING_12
15:39:33.639 (index):527 WAITING_13
15:39:33.639 (index):527 WAITING_0
15:39:33.640 (index):527 WAITING_1
15:39:33.641 (index):527 WAITING_2
15:39:33.641 (index):520 FLOORREQUESTED_3
15:39:33.642 (index):487 FLOORRELEASED_4
15:39:33.643 (index):506 UPDATE_5
15:39:33.643 (index):527 WAITING_6
15:39:33.644 (index):527 WAITING_7
15:39:33.645 (index):527 WAITING_8
15:39:33.645 (index):527 WAITING_9
15:39:33.646 (index):527 WAITING_10
15:39:33.647 (index):527 WAITING_11
15:39:33.647 (index):527 WAITING_12
15:39:33.648 (index):527 WAITING_13
15:39:33.649 (index):527 WAITING_0
15:39:33.649 (index):527 WAITING_1
15:39:33.650 (index):527 WAITING_2
15:39:33.651 (index):527 WAITING_3
15:39:33.651 (index):520 FLOORREQUESTED_4
15:39:33.652 (index):487 FLOORRELEASED_5
15:39:33.653 (index):506 UPDATE_6
15:39:33.653 (index):527 WAITING_7
15:39:33.654 (index):527 WAITING_8
15:39:33.655 (index):527 WAITING_9
15:39:33.655 (index):527 WAITING_10
15:39:33.656 (index):527 WAITING_11
15:39:33.657 (index):527 WAITING_12
15:39:33.657 (index):527 WAITING_13
15:39:33.658 (index):527 WAITING_0
15:39:33.659 (index):527 WAITING_1
15:39:33.660 (index):527 WAITING_2
15:39:33.660 (index):527 WAITING_3
15:39:33.661 (index):527 WAITING_4
15:39:33.661 (index):520 FLOORREQUESTED_5
15:39:33.662 (index):487 FLOORRELEASED_6
15:39:33.663 (index):506 UPDATE_7
15:39:33.663 (index):527 WAITING_8
15:39:33.664 (index):527 WAITING_9
15:39:33.665 (index):527 WAITING_10
15:39:33.665 (index):527 WAITING_11
15:39:33.666 (index):527 WAITING_12
15:39:33.667 (index):527 WAITING_13
15:39:33.667 (index):527 WAITING_0
15:39:33.668 (index):527 WAITING_1
15:39:33.669 (index):527 WAITING_2
15:39:33.669 (index):527 WAITING_3
15:39:33.670 (index):527 WAITING_4
15:39:33.671 (index):527 WAITING_5
15:39:33.671 (index):520 FLOORREQUESTED_6
15:39:33.672 (index):487 FLOORRELEASED_7
15:39:33.673 (index):506 UPDATE_8
15:39:33.673 (index):527 WAITING_9
15:39:33.674 (index):527 WAITING_10
15:39:33.675 (index):527 WAITING_11
15:39:33.675 (index):527 WAITING_12
15:39:33.676 (index):527 WAITING_13
15:39:33.677 (index):527 WAITING_0
15:39:33.677 (index):527 WAITING_1
15:39:33.678 (index):527 WAITING_2
15:39:33.679 (index):527 WAITING_3
15:39:33.679 (index):527 WAITING_4
15:39:33.680 (index):527 WAITING_5
15:39:33.681 (index):527 WAITING_6
15:39:33.681 (index):520 FLOORREQUESTED_7
15:39:33.682 (index):487 FLOORRELEASED_8
15:39:33.683 (index):506 UPDATE_9
15:39:33.683 (index):527 WAITING_10
15:39:33.684 (index):527 WAITING_11
15:39:33.684 (index):527 WAITING_12
15:39:33.685 (index):527 WAITING_13
15:39:33.686 (index):527 WAITING_0
15:39:33.686 (index):527 WAITING_1
15:39:33.687 (index):527 WAITING_2
15:39:33.688 (index):527 WAITING_3
15:39:33.688 (index):527 WAITING_4
15:39:33.689 (index):527 WAITING_5
15:39:33.690 (index):527 WAITING_6
15:39:33.690 (index):527 WAITING_7
15:39:33.691 (index):520 FLOORREQUESTED_8
15:39:33.692 (index):487 FLOORRELEASED_9
15:39:33.692 (index):506 UPDATE_10
15:39:33.693 (index):527 WAITING_11
15:39:33.694 (index):527 WAITING_12
15:39:33.694 (index):527 WAITING_13
15:39:33.695 (index):527 WAITING_0
15:39:33.696 (index):527 WAITING_1
15:39:33.696 (index):527 WAITING_2
15:39:33.697 (index):527 WAITING_3
15:39:33.698 (index):527 WAITING_4
15:39:33.698 (index):527 WAITING_5
15:39:33.699 (index):527 WAITING_6
15:39:33.699 (index):527 WAITING_7
15:39:33.700 (index):527 WAITING_8
15:39:33.701 (index):520 FLOORREQUESTED_9
15:39:33.701 (index):487 FLOORRELEASED_10
15:39:33.702 (index):506 UPDATE_11
15:39:33.703 (index):527 WAITING_12
15:39:33.703 (index):527 WAITING_13
15:39:33.704 (index):527 WAITING_0
15:39:33.705 (index):527 WAITING_1
15:39:33.705 (index):527 WAITING_2
15:39:33.706 (index):527 WAITING_3
15:39:33.707 (index):527 WAITING_4
15:39:33.707 (index):527 WAITING_5
15:39:33.708 (index):527 WAITING_6
15:39:33.709 (index):527 WAITING_7
15:39:33.709 (index):527 WAITING_8
15:39:33.710 (index):527 WAITING_9
15:39:33.711 (index):520 FLOORREQUESTED_10
15:39:33.711 (index):487 FLOORRELEASED_11
15:39:33.712 (index):506 UPDATE_12
15:39:33.713 (index):527 WAITING_13
15:39:33.713 (index):527 WAITING_0
15:39:33.714 (index):527 WAITING_1
15:39:33.714 (index):527 WAITING_2
15:39:33.715 (index):527 WAITING_3
15:39:33.716 (index):527 WAITING_4
15:39:33.716 (index):527 WAITING_5
15:39:33.717 (index):527 WAITING_6
15:39:33.718 (index):527 WAITING_7
15:39:33.718 (index):527 WAITING_8
15:39:33.719 (index):527 WAITING_9
15:39:33.720 (index):527 WAITING_10
15:39:33.720 (index):520 FLOORREQUESTED_11
15:39:33.721 (index):487 FLOORRELEASED_12
15:39:33.722 (index):506 UPDATE_13
15:39:33.722 (index):527 WAITING_0
15:39:33.723 (index):527 WAITING_1
15:39:33.724 (index):527 WAITING_2
15:39:33.724 (index):527 WAITING_3
15:39:33.725 (index):527 WAITING_4
15:39:33.726 (index):527 WAITING_5
15:39:33.726 (index):527 WAITING_6
15:39:33.727 (index):527 WAITING_7
15:39:33.728 (index):527 WAITING_8
15:39:33.728 (index):527 WAITING_9
15:39:33.729 (index):527 WAITING_10
15:39:33.729 (index):527 WAITING_11
15:39:33.730 (index):520 FLOORREQUESTED_12
15:39:33.731 (index):487 FLOORRELEASED_13
15:39:33.731 (index):506 UPDATE_0
15:39:33.732 (index):527 WAITING_1
15:39:33.733 (index):527 WAITING_2
15:39:33.733 (index):527 WAITING_3
15:39:33.734 (index):527 WAITING_4
15:39:33.735 (index):527 WAITING_5
15:39:33.735 (index):527 WAITING_6
15:39:33.736 (index):527 WAITING_7
15:39:33.737 (index):527 WAITING_8
15:39:33.737 (index):527 WAITING_9
15:39:33.738 (index):527 WAITING_10
15:39:33.739 (index):527 WAITING_11
15:39:33.739 (index):527 WAITING_12
15:39:33.740 (index):520 FLOORREQUESTED_13
15:39:33.741 (index):487 FLOORRELEASED_0
15:39:33.741 (index):506 UPDATE_1
15:39:33.742 (index):527 WAITING_2
15:39:33.742 (index):527 WAITING_3
15:39:33.743 (index):527 WAITING_4
15:39:33.744 (index):527 WAITING_5
15:39:33.744 (index):527 WAITING_6
15:39:33.745 (index):527 WAITING_7
15:39:33.745 (index):527 WAITING_8
15:39:33.746 (index):527 WAITING_9
15:39:33.747 (index):527 WAITING_10
15:39:33.747 (index):527 WAITING_11
15:39:33.748 (index):527 WAITING_12
15:39:33.748 (index):527 WAITING_13
15:39:33.749 (index):520 FLOORREQUESTED_0
15:39:33.750 (index):487 FLOORRELEASED_1
15:39:33.751 (index):506 UPDATE_2
15:39:33.751 (index):527 WAITING_3
15:39:33.752 (index):527 WAITING_4
15:39:33.753 (index):527 WAITING_5
15:39:33.753 (index):527 WAITING_6
15:39:33.754 (index):527 WAITING_7
15:39:33.755 (index):527 WAITING_8
15:39:33.755 (index):527 WAITING_9
15:39:33.756 (index):527 WAITING_10
15:39:33.757 (index):527 WAITING_11
15:39:33.757 (index):527 WAITING_12
15:39:33.758 (index):527 WAITING_13
15:39:33.759 (index):527 WAITING_0
15:39:33.759 (index):520 FLOORREQUESTED_1
15:39:33.760 (index):487 FLOORRELEASED_2
15:39:33.761 (index):506 UPDATE_3
15:39:33.762 (index):527 WAITING_4
15:39:33.762 (index):527 WAITING_5
15:39:33.763 (index):527 WAITING_6
15:39:33.764 (index):527 WAITING_7
15:39:33.764 (index):527 WAITING_8
15:39:33.765 (index):527 WAITING_9
15:39:33.766 (index):527 WAITING_10
15:39:33.766 (index):527 WAITING_11
15:39:33.767 (index):527 WAITING_12
15:39:33.768 (index):527 WAITING_13
15:39:33.768 (index):527 WAITING_0
15:39:33.769 (index):527 WAITING_1
15:39:33.770 (index):520 FLOORREQUESTED_2
15:39:33.770 (index):487 FLOORRELEASED_3
15:39:33.771 (index):506 UPDATE_4
15:39:33.772 (index):527 WAITING_5
15:39:33.772 (index):527 WAITING_6
15:39:33.773 (index):527 WAITING_7
15:39:33.774 (index):527 WAITING_8
15:39:33.774 (index):527 WAITING_9
15:39:33.775 (index):527 WAITING_10
15:39:33.776 (index):527 WAITING_11
15:39:33.777 (index):527 WAITING_12
15:39:33.777 (index):527 WAITING_13
15:39:33.778 (index):527 WAITING_0
15:39:33.779 (index):527 WAITING_1
15:39:33.779 (index):527 WAITING_2
15:39:33.780 (index):520 FLOORREQUESTED_3
15:39:33.781 (index):487 FLOORRELEASED_4
15:39:33.781 (index):506 UPDATE_5
15:39:33.782 (index):527 WAITING_6
15:39:33.783 (index):527 WAITING_7
15:39:33.783 (index):527 WAITING_8
15:39:33.784 (index):527 WAITING_9
15:39:33.785 (index):527 WAITING_10
15:39:33.785 (index):527 WAITING_11
15:39:33.786 (index):527 WAITING_12
15:39:33.787 (index):527 WAITING_13
15:39:33.787 (index):527 WAITING_0
15:39:33.788 (index):527 WAITING_1
15:39:33.789 (index):527 WAITING_2
15:39:33.790 (index):527 WAITING_3
15:39:33.790 (index):520 FLOORREQUESTED_4
15:39:33.791 (index):487 FLOORRELEASED_5
15:39:33.792 (index):506 UPDATE_6
15:39:33.792 (index):527 WAITING_7
15:39:33.793 (index):527 WAITING_8
15:39:33.794 (index):527 WAITING_9
15:39:33.794 (index):527 WAITING_10
15:39:33.795 (index):527 WAITING_11
15:39:33.796 (index):527 WAITING_12
15:39:33.796 (index):527 WAITING_13
15:39:33.797 (index):527 WAITING_0
15:39:33.798 (index):527 WAITING_1
15:39:33.799 (index):527 WAITING_2
15:39:33.799 (index):527 WAITING_3
15:39:33.800 (index):527 WAITING_4
15:39:33.801 (index):520 FLOORREQUESTED_5
15:39:33.801 (index):487 FLOORRELEASED_6
15:39:33.802 (index):506 UPDATE_7
15:39:33.803 (index):527 WAITING_8
15:39:33.803 (index):527 WAITING_9
15:39:33.804 (index):527 WAITING_10
15:39:33.805 (index):527 WAITING_11
15:39:33.805 (index):527 WAITING_12
15:39:33.806 (index):527 WAITING_13
15:39:33.807 (index):527 WAITING_0
15:39:33.808 (index):527 WAITING_1
15:39:33.808 (index):527 WAITING_2
15:39:33.809 (index):527 WAITING_3
15:39:33.810 (index):527 WAITING_4
15:39:33.810 (index):527 WAITING_5
15:39:33.811 (index):520 FLOORREQUESTED_6
15:39:33.812 (index):487 FLOORRELEASED_7
15:39:33.812 (index):506 UPDATE_8
15:39:33.813 (index):527 WAITING_9
15:39:33.814 (index):527 WAITING_10
15:39:33.814 (index):527 WAITING_11
15:39:33.815 (index):527 WAITING_12
15:39:33.816 (index):527 WAITING_13
15:39:33.817 (index):527 WAITING_0
15:39:33.817 (index):527 WAITING_1
15:39:33.818 (index):527 WAITING_2
15:39:33.819 (index):527 WAITING_3
15:39:33.819 (index):527 WAITING_4
15:39:33.820 (index):527 WAITING_5
15:39:33.821 (index):527 WAITING_6
15:39:33.821 (index):520 FLOORREQUESTED_7
15:39:33.822 (index):487 FLOORRELEASED_8
15:39:33.823 (index):506 UPDATE_9
15:39:33.824 (index):527 WAITING_10
15:39:33.824 (index):527 WAITING_11
15:39:33.825 (index):527 WAITING_12
15:39:33.826 (index):527 WAITING_13
15:39:33.826 (index):527 WAITING_0
15:39:33.827 (index):527 WAITING_1
15:39:33.828 (index):527 WAITING_2
15:39:33.828 (index):527 WAITING_3
15:39:33.829 (index):527 WAITING_4
15:39:33.830 (index):527 WAITING_5
15:39:33.830 (index):527 WAITING_6
15:39:33.831 (index):527 WAITING_7
15:39:33.832 (index):520 FLOORREQUESTED_8
15:39:33.833 (index):487 FLOORRELEASED_9
15:39:33.833 (index):506 UPDATE_10
15:39:33.834 (index):527 WAITING_11
15:39:33.835 (index):527 WAITING_12
15:39:33.835 (index):527 WAITING_13
15:39:33.836 (index):527 WAITING_0
15:39:33.837 (index):527 WAITING_1
15:39:33.837 (index):527 WAITING_2
15:39:33.838 (index):527 WAITING_3
15:39:33.839 (index):527 WAITING_4
15:39:33.839 (index):527 WAITING_5
15:39:33.840 (index):527 WAITING_6
15:39:33.841 (index):527 WAITING_7
15:39:33.842 (index):527 WAITING_8
15:39:33.842 (index):520 FLOORREQUESTED_9
15:39:33.843 (index):487 FLOORRELEASED_10
15:39:33.844 (index):506 UPDATE_11
15:39:33.844 (index):527 WAITING_12
15:39:33.845 (index):527 WAITING_13
15:39:33.846 (index):527 WAITING_0
15:39:33.846 (index):527 WAITING_1
15:39:33.847 (index):527 WAITING_2
15:39:33.848 (index):527 WAITING_3
15:39:33.848 (index):527 WAITING_4
15:39:33.849 (index):527 WAITING_5
15:39:33.850 (index):527 WAITING_6
15:39:33.851 (index):527 WAITING_7
15:39:33.851 (index):527 WAITING_8
15:39:33.852 (index):527 WAITING_9
15:39:33.853 (index):520 FLOORREQUESTED_10
15:39:33.853 (index):487 FLOORRELEASED_11
15:39:33.854 (index):506 UPDATE_12
15:39:33.855 (index):527 WAITING_13
15:39:33.855 (index):527 WAITING_0
15:39:33.856 (index):527 WAITING_1
15:39:33.857 (index):527 WAITING_2
15:39:33.858 (index):527 WAITING_3
15:39:33.858 (index):527 WAITING_4
15:39:33.859 (index):527 WAITING_5
15:39:33.860 (index):527 WAITING_6
15:39:33.860 (index):527 WAITING_7
15:39:33.861 (index):527 WAITING_8
15:39:33.862 (index):527 WAITING_9
15:39:33.862 (index):527 WAITING_10
15:39:33.863 (index):520 FLOORREQUESTED_11
15:39:33.864 (index):487 FLOORRELEASED_12
15:39:33.864 (index):506 UPDATE_13
15:39:33.865 (index):527 WAITING_0
15:39:33.866 (index):527 WAITING_1
15:39:33.867 (index):527 WAITING_2
15:39:33.867 (index):527 WAITING_3
15:39:33.868 (index):527 WAITING_4
15:39:33.868 (index):527 WAITING_5
15:39:33.869 (index):527 WAITING_6
15:39:33.870 (index):527 WAITING_7
15:39:33.870 (index):527 WAITING_8
15:39:33.871 (index):527 WAITING_9
15:39:33.872 (index):527 WAITING_10
15:39:33.872 (index):527 WAITING_11
15:39:33.873 (index):520 FLOORREQUESTED_12
15:39:33.874 (index):487 FLOORRELEASED_13
15:39:33.874 (index):506 UPDATE_0
15:39:33.875 (index):527 WAITING_1
15:39:33.876 (index):527 WAITING_2
15:39:33.876 (index):527 WAITING_3
15:39:33.877 (index):527 WAITING_4
15:39:33.878 (index):527 WAITING_5
15:39:33.878 (index):527 WAITING_6
15:39:33.879 (index):527 WAITING_7
15:39:33.879 (index):527 WAITING_8
15:39:33.880 (index):527 WAITING_9
15:39:33.881 (index):527 WAITING_10
15:39:33.881 (index):527 WAITING_11
15:39:33.882 (index):527 WAITING_12
15:39:33.883 (index):520 FLOORREQUESTED_13
15:39:33.883 (index):487 FLOORRELEASED_0
15:39:33.884 (index):506 UPDATE_1
15:39:33.885 (index):527 WAITING_2
15:39:33.885 (index):527 WAITING_3
15:39:33.886 (index):527 WAITING_4
15:39:33.887 (index):527 WAITING_5
15:39:33.887 (index):527 WAITING_6
15:39:33.888 (index):527 WAITING_7
15:39:33.889 (index):527 WAITING_8
15:39:33.889 (index):527 WAITING_9
15:39:33.890 (index):527 WAITING_10
15:39:33.890 (index):527 WAITING_11
15:39:33.891 (index):527 WAITING_12
15:39:33.892 (index):527 WAITING_13
15:39:33.892 (index):520 FLOORREQUESTED_0
15:39:33.893 (index):487 FLOORRELEASED_1
15:39:33.894 (index):506 UPDATE_2
15:39:33.894 (index):527 WAITING_3
15:39:33.895 (index):527 WAITING_4
15:39:33.896 (index):527 WAITING_5
15:39:33.896 (index):527 WAITING_6
15:39:33.897 (index):527 WAITING_7
15:39:33.898 (index):527 WAITING_8
15:39:33.898 (index):527 WAITING_9
15:39:33.899 (index):527 WAITING_10
15:39:33.899 (index):527 WAITING_11
15:39:33.900 (index):527 WAITING_12
15:39:33.900 (index):527 WAITING_13
15:39:33.901 (index):527 WAITING_0
15:39:33.901 (index):520 FLOORREQUESTED_1
15:39:33.901 (index):487 FLOORRELEASED_2
15:39:33.902 (index):506 UPDATE_3
15:39:33.902 (index):527 WAITING_4
15:39:33.903 (index):527 WAITING_5
15:39:33.903 (index):527 WAITING_6
15:39:33.903 (index):527 WAITING_7
15:39:33.904 (index):527 WAITING_8
15:39:33.904 (index):527 WAITING_9
15:39:33.905 (index):527 WAITING_10
15:39:33.905 (index):527 WAITING_11
15:39:33.906 (index):527 WAITING_12
15:39:33.906 (index):527 WAITING_13
15:39:33.906 (index):527 WAITING_0
15:39:33.907 (index):527 WAITING_1
15:39:33.907 (index):520 FLOORREQUESTED_2
15:39:33.908 (index):487 FLOORRELEASED_3
15:39:33.908 (index):506 UPDATE_4
15:39:33.908 (index):527 WAITING_5
15:39:33.909 (index):527 WAITING_6
15:39:33.909 (index):527 WAITING_7
15:39:33.910 (index):527 WAITING_8
15:39:33.910 (index):527 WAITING_9
15:39:33.911 (index):527 WAITING_10
15:39:33.911 (index):527 WAITING_11
15:39:33.911 (index):527 WAITING_12
15:39:33.912 (index):527 WAITING_13
15:39:33.912 (index):527 WAITING_0
15:39:33.913 (index):527 WAITING_1
15:39:33.913 (index):527 WAITING_2
15:39:33.913 (index):520 FLOORREQUESTED_3
15:39:33.914 (index):487 FLOORRELEASED_4
15:39:33.914 (index):506 UPDATE_5
15:39:33.915 (index):527 WAITING_6
15:39:33.915 (index):527 WAITING_7
15:39:33.916 (index):527 WAITING_8
15:39:33.916 (index):527 WAITING_9
15:39:33.916 (index):527 WAITING_10
15:39:33.917 (index):527 WAITING_11
15:39:33.917 (index):527 WAITING_12
15:39:33.918 (index):527 WAITING_13
15:39:33.918 (index):527 WAITING_0
15:39:33.918 (index):527 WAITING_1
15:39:33.919 (index):527 WAITING_2
15:39:33.919 (index):527 WAITING_3
15:39:33.920 (index):520 FLOORREQUESTED_4
15:39:33.920 (index):487 FLOORRELEASED_5
15:39:33.921 (index):506 UPDATE_6
15:39:33.921 (index):527 WAITING_7
15:39:33.921 (index):527 WAITING_8
15:39:33.922 (index):527 WAITING_9
15:39:33.922 (index):527 WAITING_10
15:39:33.923 (index):527 WAITING_11
15:39:33.923 (index):527 WAITING_12
15:39:33.923 (index):527 WAITING_13
15:39:33.924 (index):527 WAITING_0
15:39:33.924 (index):527 WAITING_1
15:39:33.925 (index):527 WAITING_2
15:39:33.925 (index):527 WAITING_3
15:39:33.925 (index):527 WAITING_4
15:39:33.926 (index):520 FLOORREQUESTED_5
15:39:33.926 (index):487 FLOORRELEASED_6
15:39:33.927 (index):506 UPDATE_7
15:39:33.927 (index):527 WAITING_8
15:39:33.928 (index):527 WAITING_9
15:39:33.928 (index):527 WAITING_10
15:39:33.928 (index):527 WAITING_11
15:39:33.929 (index):527 WAITING_12
15:39:33.929 (index):527 WAITING_13
15:39:33.930 (index):527 WAITING_0
15:39:33.930 (index):527 WAITING_1
15:39:33.930 (index):527 WAITING_2
15:39:33.931 (index):527 WAITING_3
15:39:33.931 (index):527 WAITING_4
15:39:33.932 (index):527 WAITING_5
15:39:33.932 (index):520 FLOORREQUESTED_6
15:39:33.932 (index):487 FLOORRELEASED_7
15:39:33.933 (index):506 UPDATE_8
15:39:33.933 (index):527 WAITING_9
15:39:33.934 (index):527 WAITING_10
15:39:33.934 (index):527 WAITING_11
15:39:33.935 (index):527 WAITING_12
15:39:33.935 (index):527 WAITING_13
15:39:33.935 (index):527 WAITING_0
15:39:33.936 (index):527 WAITING_1
15:39:33.936 (index):527 WAITING_2
15:39:33.937 (index):527 WAITING_3
15:39:33.937 (index):527 WAITING_4
15:39:33.937 (index):527 WAITING_5
15:39:33.938 (index):527 WAITING_6
15:39:33.938 (index):520 FLOORREQUESTED_7
15:39:33.939 (index):487 FLOORRELEASED_8
15:39:33.939 (index):506 UPDATE_9
15:39:33.940 (index):527 WAITING_10
15:39:33.940 (index):527 WAITING_11
15:39:33.940 (index):527 WAITING_12
15:39:33.941 (index):527 WAITING_13
15:39:33.941 (index):527 WAITING_0
15:39:33.942 (index):527 WAITING_1
15:39:33.942 (index):527 WAITING_2
15:39:33.942 (index):527 WAITING_3
15:39:33.943 (index):527 WAITING_4
15:39:33.943 (index):527 WAITING_5
15:39:33.944 (index):527 WAITING_6
15:39:33.944 (index):527 WAITING_7
15:39:33.944 (index):520 FLOORREQUESTED_8
15:39:33.945 (index):487 FLOORRELEASED_9
15:39:33.945 (index):506 UPDATE_10
15:39:33.946 (index):527 WAITING_11
15:39:33.946 (index):527 WAITING_12
15:39:33.946 (index):527 WAITING_13
15:39:33.947 (index):527 WAITING_0
15:39:33.947 (index):527 WAITING_1
15:39:33.948 (index):527 WAITING_2
15:39:33.948 (index):527 WAITING_3
15:39:33.949 (index):527 WAITING_4
15:39:33.949 (index):527 WAITING_5
15:39:33.949 (index):527 WAITING_6
15:39:33.950 (index):527 WAITING_7
15:39:33.950 (index):527 WAITING_8
15:39:33.951 (index):520 FLOORREQUESTED_9
15:39:33.951 (index):487 FLOORRELEASED_10
15:39:33.951 (index):506 UPDATE_11
15:39:33.952 (index):527 WAITING_12
15:39:33.952 (index):527 WAITING_13
15:39:33.953 (index):527 WAITING_0
15:39:33.953 (index):527 WAITING_1
15:39:33.953 (index):527 WAITING_2
15:39:33.954 (index):527 WAITING_3
15:39:33.954 (index):527 WAITING_4
15:39:33.955 (index):527 WAITING_5
15:39:33.955 (index):527 WAITING_6
15:39:33.955 (index):527 WAITING_7
15:39:33.956 (index):527 WAITING_8
15:39:33.956 (index):527 WAITING_9
15:39:33.957 (index):520 FLOORREQUESTED_10
15:39:33.957 (index):487 FLOORRELEASED_11
15:39:33.958 (index):506 UPDATE_12
15:39:33.958 (index):527 WAITING_13
15:39:33.958 (index):527 WAITING_0
15:39:33.959 (index):527 WAITING_1
15:39:33.959 (index):527 WAITING_2
15:39:33.960 (index):527 WAITING_3
15:39:33.960 (index):527 WAITING_4
15:39:33.960 (index):527 WAITING_5
15:39:33.961 (index):527 WAITING_6
15:39:33.961 (index):527 WAITING_7
15:39:33.962 (index):527 WAITING_8
15:39:33.962 (index):527 WAITING_9
15:39:33.962 (index):527 WAITING_10
15:39:33.963 (index):520 FLOORREQUESTED_11
15:39:33.963 (index):487 FLOORRELEASED_12
15:39:33.964 (index):506 UPDATE_13
15:39:33.964 (index):527 WAITING_0
15:39:33.964 (index):527 WAITING_1
15:39:33.965 (index):527 WAITING_2
15:39:33.965 (index):527 WAITING_3
15:39:33.966 (index):527 WAITING_4
15:39:33.966 (index):527 WAITING_5
15:39:33.966 (index):527 WAITING_6
15:39:33.967 (index):527 WAITING_7
15:39:33.967 (index):527 WAITING_8
15:39:33.968 (index):527 WAITING_9
15:39:33.968 (index):527 WAITING_10
15:39:33.968 (index):527 WAITING_11
15:39:33.969 (index):520 FLOORREQUESTED_12
15:39:33.969 (index):487 FLOORRELEASED_13
15:39:33.970 (index):506 UPDATE_0
15:39:33.970 (index):527 WAITING_1
15:39:33.971 (index):527 WAITING_2
15:39:33.971 (index):527 WAITING_3
15:39:33.971 (index):527 WAITING_4
15:39:33.972 (index):527 WAITING_5
15:39:33.972 (index):527 WAITING_6
15:39:33.973 (index):527 WAITING_7
15:39:33.973 (index):527 WAITING_8
15:39:33.973 (index):527 WAITING_9
15:39:33.974 (index):527 WAITING_10
15:39:33.974 (index):527 WAITING_11
15:39:33.975 (index):527 WAITING_12
15:39:33.975 (index):520 FLOORREQUESTED_13
15:39:33.975 (index):487 FLOORRELEASED_0
15:39:33.976 (index):506 UPDATE_1
15:39:33.976 (index):527 WAITING_2
15:39:33.977 (index):527 WAITING_3
15:39:33.977 (index):527 WAITING_4
15:39:33.977 (index):527 WAITING_5
15:39:33.978 (index):527 WAITING_6
15:39:33.978 (index):527 WAITING_7
15:39:33.979 (index):527 WAITING_8
15:39:33.979 (index):527 WAITING_9
15:39:33.980 (index):527 WAITING_10
15:39:33.980 (index):527 WAITING_11
15:39:33.980 (index):527 WAITING_12
15:39:33.981 (index):527 WAITING_13
15:39:33.981 (index):520 FLOORREQUESTED_0
15:39:33.982 (index):487 FLOORRELEASED_1
15:39:33.982 (index):506 UPDATE_2
15:39:33.982 (index):527 WAITING_3
15:39:33.983 (index):527 WAITING_4
15:39:33.983 (index):527 WAITING_5
15:39:33.984 (index):527 WAITING_6
15:39:33.984 (index):527 WAITING_7
15:39:33.984 (index):527 WAITING_8
15:39:33.985 (index):527 WAITING_9
15:39:33.985 (index):527 WAITING_10
15:39:33.986 (index):527 WAITING_11
15:39:33.986 (index):527 WAITING_12
15:39:33.987 (index):527 WAITING_13
15:39:33.987 (index):527 WAITING_0
15:39:33.987 (index):520 FLOORREQUESTED_1
15:39:33.988 (index):487 FLOORRELEASED_2
15:39:33.988 (index):506 UPDATE_3
15:39:33.989 (index):527 WAITING_4
15:39:33.989 (index):527 WAITING_5
15:39:33.989 (index):527 WAITING_6
15:39:33.990 (index):527 WAITING_7
15:39:33.990 (index):527 WAITING_8
15:39:33.991 (index):527 WAITING_9
15:39:33.991 (index):527 WAITING_10
15:39:33.991 (index):527 WAITING_11
15:39:33.992 (index):527 WAITING_12
15:39:33.992 (index):527 WAITING_13
15:39:33.993 (index):527 WAITING_0
15:39:33.993 (index):527 WAITING_1
15:39:33.993 (index):520 FLOORREQUESTED_2
15:39:33.994 (index):487 FLOORRELEASED_3
15:39:33.994 (index):506 UPDATE_4
15:39:33.995 (index):527 WAITING_5
15:39:33.995 (index):527 WAITING_6
15:39:33.995 (index):527 WAITING_7
15:39:33.996 (index):527 WAITING_8
15:39:33.996 (index):527 WAITING_9
15:39:33.997 (index):527 WAITING_10
15:39:33.997 (index):527 WAITING_11
15:39:33.997 (index):527 WAITING_12
15:39:33.998 (index):527 WAITING_13
15:39:33.998 (index):527 WAITING_0
15:39:33.999 (index):527 WAITING_1
15:39:33.999 (index):527 WAITING_2
15:39:34.000 (index):520 FLOORREQUESTED_3
15:39:34.000 (index):487 FLOORRELEASED_4
15:39:34.000 (index):506 UPDATE_5
15:39:34.001 (index):527 WAITING_6
15:39:34.001 (index):527 WAITING_7
15:39:34.002 (index):527 WAITING_8
15:39:34.002 (index):527 WAITING_9
15:39:34.002 (index):527 WAITING_10
15:39:34.003 (index):527 WAITING_11
15:39:34.003 (index):527 WAITING_12
15:39:34.004 (index):527 WAITING_13
15:39:34.004 (index):527 WAITING_0
15:39:34.004 (index):527 WAITING_1
15:39:34.005 (index):527 WAITING_2
15:39:34.005 (index):527 WAITING_3
15:39:34.006 (index):520 FLOORREQUESTED_4
15:39:34.006 (index):487 FLOORRELEASED_5
15:39:34.007 (index):506 UPDATE_6
15:39:34.007 (index):527 WAITING_7
15:39:34.007 (index):527 WAITING_8
15:39:34.008 (index):527 WAITING_9
15:39:34.008 (index):527 WAITING_10
15:39:34.009 (index):527 WAITING_11
15:39:34.009 (index):527 WAITING_12
15:39:34.009 (index):527 WAITING_13
15:39:34.010 (index):527 WAITING_0
15:39:34.010 (index):527 WAITING_1
15:39:34.011 (index):527 WAITING_2
15:39:34.011 (index):527 WAITING_3
15:39:34.011 (index):527 WAITING_4
15:39:34.012 (index):520 FLOORREQUESTED_5
15:39:34.012 (index):487 FLOORRELEASED_6
15:39:34.013 (index):506 UPDATE_7
15:39:34.013 (index):527 WAITING_8
15:39:34.013 (index):527 WAITING_9
15:39:34.014 (index):527 WAITING_10
15:39:34.014 (index):527 WAITING_11
15:39:34.015 (index):527 WAITING_12
15:39:34.015 (index):527 WAITING_13
15:39:34.015 (index):527 WAITING_0
15:39:34.016 (index):527 WAITING_1
15:39:34.016 (index):527 WAITING_2
15:39:34.017 (index):527 WAITING_3
15:39:34.017 (index):527 WAITING_4
15:39:34.018 (index):527 WAITING_5
15:39:34.018 (index):520 FLOORREQUESTED_6
15:39:34.018 (index):487 FLOORRELEASED_7
15:39:34.019 (index):506 UPDATE_8
15:39:34.019 (index):527 WAITING_9
15:39:34.020 (index):527 WAITING_10
15:39:34.020 (index):527 WAITING_11
15:39:34.020 (index):527 WAITING_12
15:39:34.021 (index):527 WAITING_13
15:39:34.021 (index):527 WAITING_0
15:39:34.022 (index):527 WAITING_1
15:39:34.022 (index):527 WAITING_2
15:39:34.023 (index):527 WAITING_3
15:39:34.023 (index):527 WAITING_4
15:39:34.023 (index):527 WAITING_5
15:39:34.024 (index):527 WAITING_6
15:39:34.024 (index):520 FLOORREQUESTED_7
15:39:34.025 (index):487 FLOORRELEASED_8
15:39:34.025 (index):506 UPDATE_9
15:39:34.025 (index):527 WAITING_10
15:39:34.026 (index):527 WAITING_11
15:39:34.026 (index):527 WAITING_12
15:39:34.027 (index):527 WAITING_13
15:39:34.027 (index):527 WAITING_0
15:39:34.027 (index):527 WAITING_1
15:39:34.028 (index):527 WAITING_2
15:39:34.028 (index):527 WAITING_3
15:39:34.029 (index):527 WAITING_4
15:39:34.029 (index):527 WAITING_5
15:39:34.030 (index):527 WAITING_6
15:39:34.030 (index):527 WAITING_7
15:39:34.030 (index):520 FLOORREQUESTED_8
15:39:34.031 (index):487 FLOORRELEASED_9
15:39:34.031 (index):506 UPDATE_10
15:39:34.032 (index):527 WAITING_11
15:39:34.032 (index):527 WAITING_12
15:39:34.032 (index):527 WAITING_13
15:39:34.033 (index):527 WAITING_0
15:39:34.033 (index):527 WAITING_1
15:39:34.034 (index):527 WAITING_2
15:39:34.034 (index):527 WAITING_3
15:39:34.034 (index):527 WAITING_4
15:39:34.035 (index):527 WAITING_5
15:39:34.035 (index):527 WAITING_6
15:39:34.036 (index):527 WAITING_7
15:39:34.036 (index):527 WAITING_8
15:39:34.037 (index):520 FLOORREQUESTED_9
15:39:34.037 (index):487 FLOORRELEASED_10
15:39:34.037 (index):506 UPDATE_11
15:39:34.038 (index):527 WAITING_12
15:39:34.038 (index):527 WAITING_13
15:39:34.039 (index):527 WAITING_0
15:39:34.039 (index):527 WAITING_1
15:39:34.039 (index):527 WAITING_2
15:39:34.040 (index):527 WAITING_3
15:39:34.040 (index):527 WAITING_4
15:39:34.041 (index):527 WAITING_5
15:39:34.041 (index):527 WAITING_6
15:39:34.042 (index):527 WAITING_7
15:39:34.042 (index):527 WAITING_8
15:39:34.042 (index):527 WAITING_9
15:39:34.043 (index):520 FLOORREQUESTED_10
15:39:34.043 (index):487 FLOORRELEASED_11
15:39:34.044 (index):506 UPDATE_12
15:39:34.044 (index):527 WAITING_13
15:39:34.044 (index):527 WAITING_0
15:39:34.045 (index):527 WAITING_1
15:39:34.045 (index):527 WAITING_2
15:39:34.046 (index):527 WAITING_3
15:39:34.046 (index):527 WAITING_4
15:39:34.046 (index):527 WAITING_5
15:39:34.047 (index):527 WAITING_6
15:39:34.047 (index):527 WAITING_7
15:39:34.048 (index):527 WAITING_8
15:39:34.048 (index):527 WAITING_9
15:39:34.048 (index):527 WAITING_10
15:39:34.049 (index):520 FLOORREQUESTED_11
15:39:34.049 (index):487 FLOORRELEASED_12
15:39:34.050 (index):506 UPDATE_13
15:39:34.050 (index):527 WAITING_0
15:39:34.051 (index):527 WAITING_1
15:39:34.051 (index):527 WAITING_2
15:39:34.051 (index):527 WAITING_3
15:39:34.052 (index):527 WAITING_4
15:39:34.052 (index):527 WAITING_5
15:39:34.053 (index):527 WAITING_6
15:39:34.053 (index):527 WAITING_7
15:39:34.053 (index):527 WAITING_8
15:39:34.054 (index):527 WAITING_9
15:39:34.054 (index):527 WAITING_10
15:39:34.055 (index):527 WAITING_11
15:39:34.055 (index):520 FLOORREQUESTED_12
15:39:34.055 (index):487 FLOORRELEASED_13
15:39:34.056 (index):506 UPDATE_0
15:39:34.056 (index):527 WAITING_1
15:39:34.057 (index):527 WAITING_2
15:39:34.057 (index):527 WAITING_3
15:39:34.058 (index):527 WAITING_4
15:39:34.058 (index):527 WAITING_5
15:39:34.058 (index):527 WAITING_6
15:39:34.059 (index):527 WAITING_7
15:39:34.059 (index):527 WAITING_8
15:39:34.060 (index):527 WAITING_9
15:39:34.060 (index):527 WAITING_10
15:39:34.060 (index):527 WAITING_11
15:39:34.061 (index):527 WAITING_12
15:39:34.061 (index):520 FLOORREQUESTED_13
15:39:34.062 (index):487 FLOORRELEASED_0
15:39:34.062 (index):506 UPDATE_1
15:39:34.063 (index):527 WAITING_2
15:39:34.063 (index):527 WAITING_3
15:39:34.063 (index):527 WAITING_4
15:39:34.064 (index):527 WAITING_5
15:39:34.064 (index):527 WAITING_6
15:39:34.065 (index):527 WAITING_7
15:39:34.065 (index):527 WAITING_8
15:39:34.065 (index):527 WAITING_9
15:39:34.066 (index):527 WAITING_10
15:39:34.066 (index):527 WAITING_11
15:39:34.067 (index):527 WAITING_12
15:39:34.067 (index):527 WAITING_13
15:39:34.067 (index):520 FLOORREQUESTED_0
15:39:34.068 (index):487 FLOORRELEASED_1
15:39:34.068 (index):506 UPDATE_2
15:39:34.069 (index):527 WAITING_3
15:39:34.069 (index):527 WAITING_4
15:39:34.069 (index):527 WAITING_5
15:39:34.070 (index):527 WAITING_6
15:39:34.070 (index):527 WAITING_7
15:39:34.071 (index):527 WAITING_8
15:39:34.071 (index):527 WAITING_9
15:39:34.072 (index):527 WAITING_10
15:39:34.072 (index):527 WAITING_11
15:39:34.072 (index):527 WAITING_12
15:39:34.073 (index):527 WAITING_13
15:39:34.073 (index):527 WAITING_0
15:39:34.074 (index):520 FLOORREQUESTED_1
15:39:34.074 (index):487 FLOORRELEASED_2
15:39:34.074 (index):506 UPDATE_3
15:39:34.075 (index):527 WAITING_4
15:39:34.075 (index):527 WAITING_5
15:39:34.076 (index):527 WAITING_6
15:39:34.076 (index):527 WAITING_7
15:39:34.076 (index):527 WAITING_8
15:39:34.077 (index):527 WAITING_9
15:39:34.077 (index):527 WAITING_10
15:39:34.078 (index):527 WAITING_11
15:39:34.078 (index):527 WAITING_12
15:39:34.078 (index):527 WAITING_13
15:39:34.079 (index):527 WAITING_0
15:39:34.079 (index):527 WAITING_1
15:39:34.080 (index):520 FLOORREQUESTED_2
15:39:34.080 (index):487 FLOORRELEASED_3
15:39:34.081 (index):506 UPDATE_4
15:39:34.081 (index):527 WAITING_5
15:39:34.081 (index):527 WAITING_6
15:39:34.082 (index):527 WAITING_7
15:39:34.082 (index):527 WAITING_8
15:39:34.083 (index):527 WAITING_9
15:39:34.083 (index):527 WAITING_10
15:39:34.083 (index):527 WAITING_11
15:39:34.084 (index):527 WAITING_12
15:39:34.084 (index):527 WAITING_13
15:39:34.085 (index):527 WAITING_0
15:39:34.085 (index):527 WAITING_1
15:39:34.085 (index):527 WAITING_2
15:39:34.086 (index):520 FLOORREQUESTED_3
15:39:34.086 (index):487 FLOORRELEASED_4
15:39:34.087 (index):506 UPDATE_5
15:39:34.087 (index):527 WAITING_6
15:39:34.088 (index):527 WAITING_7
15:39:34.088 (index):527 WAITING_8
15:39:34.088 (index):527 WAITING_9
15:39:34.089 (index):527 WAITING_10
15:39:34.089 (index):527 WAITING_11
15:39:34.090 (index):527 WAITING_12
15:39:34.090 (index):527 WAITING_13
15:39:34.090 (index):527 WAITING_0
15:39:34.091 (index):527 WAITING_1
15:39:34.091 (index):527 WAITING_2
15:39:34.092 (index):527 WAITING_3
15:39:34.092 (index):520 FLOORREQUESTED_4
15:39:34.092 (index):487 FLOORRELEASED_5
15:39:34.093 (index):506 UPDATE_6
15:39:34.093 (index):527 WAITING_7
15:39:34.094 (index):527 WAITING_8
15:39:34.094 (index):527 WAITING_9
15:39:34.094 (index):527 WAITING_10
15:39:34.095 (index):527 WAITING_11
15:39:34.095 (index):527 WAITING_12
15:39:34.096 (index):527 WAITING_13
15:39:34.096 (index):527 WAITING_0
15:39:34.097 (index):527 WAITING_1
15:39:34.097 (index):527 WAITING_2
15:39:34.097 (index):527 WAITING_3
15:39:34.098 (index):527 WAITING_4
15:39:34.098 (index):520 FLOORREQUESTED_5
15:39:34.099 (index):487 FLOORRELEASED_6
15:39:34.099 (index):506 UPDATE_7
15:39:34.099 (index):527 WAITING_8
15:39:34.100 (index):527 WAITING_9
15:39:34.100 (index):527 WAITING_10
15:39:34.101 (index):527 WAITING_11
15:39:34.101 (index):527 WAITING_12
15:39:34.101 (index):527 WAITING_13
15:39:34.102 (index):527 WAITING_0
15:39:34.102 (index):527 WAITING_1
15:39:34.103 (index):527 WAITING_2
15:39:34.103 (index):527 WAITING_3
15:39:34.103 (index):527 WAITING_4
15:39:34.104 (index):527 WAITING_5
15:39:34.104 (index):520 FLOORREQUESTED_6
15:39:34.105 (index):487 FLOORRELEASED_7
15:39:34.105 (index):506 UPDATE_8
15:39:34.105 (index):527 WAITING_9
15:39:34.106 (index):527 WAITING_10
15:39:34.106 (index):527 WAITING_11
15:39:34.107 (index):527 WAITING_12
15:39:34.107 (index):527 WAITING_13
15:39:34.108 (index):527 WAITING_0
15:39:34.108 (index):527 WAITING_1
15:39:34.108 (index):527 WAITING_2
15:39:34.109 (index):527 WAITING_3
15:39:34.109 (index):527 WAITING_4
15:39:34.110 (index):527 WAITING_5
15:39:34.110 (index):527 WAITING_6
15:39:34.110 (index):520 FLOORREQUESTED_7
15:39:34.111 (index):487 FLOORRELEASED_8
15:39:34.111 (index):506 UPDATE_9
15:39:34.112 (index):527 WAITING_10
15:39:34.112 (index):527 WAITING_11
15:39:34.112 (index):527 WAITING_12
15:39:34.113 (index):527 WAITING_13
15:39:34.113 (index):527 WAITING_0
15:39:34.114 (index):527 WAITING_1
15:39:34.114 (index):527 WAITING_2
15:39:34.115 (index):527 WAITING_3
15:39:34.115 (index):527 WAITING_4
15:39:34.115 (index):527 WAITING_5
15:39:34.116 (index):527 WAITING_6
15:39:34.116 (index):527 WAITING_7
15:39:34.117 (index):520 FLOORREQUESTED_8
15:39:34.117 (index):487 FLOORRELEASED_9
15:39:34.117 (index):506 UPDATE_10
15:39:34.118 (index):527 WAITING_11
15:39:34.118 (index):527 WAITING_12
15:39:34.119 (index):527 WAITING_13
15:39:34.119 (index):527 WAITING_0
15:39:34.120 (index):527 WAITING_1
15:39:34.120 (index):527 WAITING_2
15:39:34.120 (index):527 WAITING_3
15:39:34.121 (index):527 WAITING_4
15:39:34.121 (index):527 WAITING_5
15:39:34.122 (index):527 WAITING_6
15:39:34.122 (index):527 WAITING_7
15:39:34.122 (index):527 WAITING_8
15:39:34.123 (index):520 FLOORREQUESTED_9
15:39:34.123 (index):487 FLOORRELEASED_10
15:39:34.124 (index):506 UPDATE_11
15:39:34.124 (index):527 WAITING_12
15:39:34.124 (index):527 WAITING_13
15:39:34.125 (index):527 WAITING_0
15:39:34.125 (index):527 WAITING_1
15:39:34.126 (index):527 WAITING_2
15:39:34.126 (index):527 WAITING_3
15:39:34.127 (index):527 WAITING_4
15:39:34.127 (index):527 WAITING_5
15:39:34.127 (index):527 WAITING_6
15:39:34.128 (index):527 WAITING_7
15:39:34.128 (index):527 WAITING_8
15:39:34.129 (index):527 WAITING_9
15:39:34.129 (index):520 FLOORREQUESTED_10
15:39:34.129 (index):487 FLOORRELEASED_11
15:39:34.130 (index):506 UPDATE_12
15:39:34.130 (index):527 WAITING_13
15:39:34.131 (index):527 WAITING_0
15:39:34.131 (index):527 WAITING_1
15:39:34.132 (index):527 WAITING_2
15:39:34.132 (index):527 WAITING_3
15:39:34.132 (index):527 WAITING_4
15:39:34.133 (index):527 WAITING_5
15:39:34.133 (index):527 WAITING_6
15:39:34.134 (index):527 WAITING_7
15:39:34.134 (index):527 WAITING_8
15:39:34.135 (index):527 WAITING_9
15:39:34.135 (index):527 WAITING_10
15:39:34.135 (index):520 FLOORREQUESTED_11
15:39:34.136 (index):487 FLOORRELEASED_12
15:39:34.136 (index):506 UPDATE_13
15:39:34.137 (index):527 WAITING_0
15:39:34.137 (index):527 WAITING_1
15:39:34.137 (index):527 WAITING_2
15:39:34.138 (index):527 WAITING_3
15:39:34.138 (index):527 WAITING_4
15:39:34.139 (index):527 WAITING_5
15:39:34.139 (index):527 WAITING_6
15:39:34.140 (index):527 WAITING_7
15:39:34.140 (index):527 WAITING_8
15:39:34.140 (index):527 WAITING_9
15:39:34.141 (index):527 WAITING_10
15:39:34.141 (index):527 WAITING_11
15:39:34.142 (index):520 FLOORREQUESTED_12
15:39:34.142 (index):487 FLOORRELEASED_13
15:39:34.142 (index):506 UPDATE_0
15:39:34.143 (index):527 WAITING_1
15:39:34.143 (index):527 WAITING_2
15:39:34.144 (index):527 WAITING_3
15:39:34.144 (index):527 WAITING_4
15:39:34.145 (index):527 WAITING_5
15:39:34.145 (index):527 WAITING_6
15:39:34.145 (index):527 WAITING_7
15:39:34.146 (index):527 WAITING_8
15:39:34.146 (index):527 WAITING_9
15:39:34.147 (index):527 WAITING_10
15:39:34.147 (index):527 WAITING_11
15:39:34.147 (index):527 WAITING_12
15:39:34.148 (index):520 FLOORREQUESTED_13
15:39:34.148 (index):539 END_0
15:39:34.149 (index):506 UPDATE_1
15:39:34.149 (index):527 WAITING_2
15:39:34.149 (index):527 WAITING_3
15:39:34.150 (index):527 WAITING_4
15:39:34.150 (index):527 WAITING_5
15:39:34.151 (index):527 WAITING_6
15:39:34.151 (index):527 WAITING_7
15:39:34.151 (index):527 WAITING_8
15:39:34.152 (index):527 WAITING_9
15:39:34.152 (index):527 WAITING_10
15:39:34.153 (index):527 WAITING_11
15:39:34.153 (index):527 WAITING_12
15:39:34.154 (index):527 WAITING_13
15:39:34.154 (index):539 END_1
15:39:34.154 (index):506 UPDATE_2
15:39:34.155 (index):527 WAITING_3
15:39:34.155 (index):527 WAITING_4
15:39:34.156 (index):527 WAITING_5
15:39:34.156 (index):527 WAITING_6
15:39:34.156 (index):527 WAITING_7
15:39:34.157 (index):527 WAITING_8
15:39:34.157 (index):527 WAITING_9
15:39:34.158 (index):527 WAITING_10
15:39:34.158 (index):527 WAITING_11
15:39:34.158 (index):527 WAITING_12
15:39:34.159 (index):527 WAITING_13
15:39:34.159 (index):539 END_2
15:39:34.160 (index):506 UPDATE_3
15:39:34.160 (index):527 WAITING_4
15:39:34.160 (index):527 WAITING_5
15:39:34.161 (index):527 WAITING_6
15:39:34.161 (index):527 WAITING_7
15:39:34.162 (index):527 WAITING_8
15:39:34.162 (index):527 WAITING_9
15:39:34.162 (index):527 WAITING_10
15:39:34.163 (index):527 WAITING_11
15:39:34.163 (index):527 WAITING_12
15:39:34.164 (index):527 WAITING_13
15:39:34.164 (index):539 END_3
15:39:34.164 (index):506 UPDATE_4
15:39:34.165 (index):527 WAITING_5
15:39:34.165 (index):527 WAITING_6
15:39:34.166 (index):527 WAITING_7
15:39:34.166 (index):527 WAITING_8
15:39:34.167 (index):527 WAITING_9
15:39:34.167 (index):527 WAITING_10
15:39:34.167 (index):527 WAITING_11
15:39:34.168 (index):527 WAITING_12
15:39:34.168 (index):527 WAITING_13
15:39:34.169 (index):539 END_4
15:39:34.170 (index):506 UPDATE_5
15:39:34.170 (index):527 WAITING_6
15:39:34.171 (index):527 WAITING_7
15:39:34.171 (index):527 WAITING_8
15:39:34.172 (index):527 WAITING_9
15:39:34.172 (index):527 WAITING_10
15:39:34.173 (index):527 WAITING_11
15:39:34.173 (index):527 WAITING_12
15:39:34.174 (index):527 WAITING_13
15:39:34.174 (index):539 END_5
15:39:34.175 (index):506 UPDATE_6
15:39:34.175 (index):527 WAITING_7
15:39:34.176 (index):527 WAITING_8
15:39:34.176 (index):527 WAITING_9
15:39:34.177 (index):527 WAITING_10
15:39:34.177 (index):527 WAITING_11
15:39:34.178 (index):527 WAITING_12
15:39:34.178 (index):527 WAITING_13
15:39:34.180 (index):539 END_6
15:39:34.180 (index):506 UPDATE_7
15:39:34.181 (index):527 WAITING_8
15:39:34.182 (index):527 WAITING_9
15:39:34.182 (index):527 WAITING_10
15:39:34.182 (index):527 WAITING_11
15:39:34.183 (index):527 WAITING_12
15:39:34.183 (index):527 WAITING_13
15:39:34.185 (index):539 END_7
15:39:34.186 (index):506 UPDATE_8
15:39:34.186 (index):527 WAITING_9
15:39:34.187 (index):527 WAITING_10
15:39:34.187 (index):527 WAITING_11
15:39:34.187 (index):527 WAITING_12
15:39:34.188 (index):527 WAITING_13
15:39:34.190 (index):539 END_8
15:39:34.191 (index):506 UPDATE_9
15:39:34.191 (index):527 WAITING_10
15:39:34.191 (index):527 WAITING_11
15:39:34.192 (index):527 WAITING_12
15:39:34.192 (index):527 WAITING_13
15:39:34.195 (index):539 END_9
15:39:34.195 (index):506 UPDATE_10
15:39:34.196 (index):527 WAITING_11
15:39:34.196 (index):527 WAITING_12
15:39:34.197 (index):527 WAITING_13
15:39:34.200 (index):539 END_10
15:39:34.200 (index):506 UPDATE_11
15:39:34.201 (index):527 WAITING_12
15:39:34.201 (index):527 WAITING_13
15:39:34.205 (index):539 END_11
15:39:34.205 (index):506 UPDATE_12
15:39:34.206 (index):527 WAITING_13
15:39:34.210 (index):539 END_12
15:39:34.210 (index):506 UPDATE_13
15:39:34.215 (index):539 END_13
