15:39:26.673 (index):617 Tasks: 25; Collaborators: 6    =========================>
15:39:26.674 (index):520 FLOORREQUESTED_0
15:39:26.674 (index):520 FLOORREQUESTED_1
15:39:26.675 (index):520 FLOORREQUESTED_2
15:39:26.675 (index):520 FLOORREQUESTED_3
15:39:26.676 (index):520 FLOORREQUESTED_4
15:39:26.676 (index):520 FLOORREQUESTED_5
15:39:26.678 (index):487 FLOORRELEASED_0
15:39:26.679 (index):487 FLOORRELEASED_1
15:39:26.679 (index):487 FLOORRELEASED_2
15:39:26.680 (index):487 FLOORRELEASED_3
15:39:26.680 (index):487 FLOORRELEASED_4
15:39:26.681 (index):487 FLOORRELEASED_5
15:39:26.683 (index):520 FLOORREQUESTED_0
15:39:26.683 (index):520 FLOORREQUESTED_1
15:39:26.684 (index):520 FLOORREQUESTED_2
15:39:26.684 (index):520 FLOORREQUESTED_3
15:39:26.685 (index):520 FLOORREQUESTED_4
15:39:26.685 (index):520 FLOORREQUESTED_5
15:39:26.687 (index):506 UPDATE_0
15:39:26.688 (index):527 WAITING_1
15:39:26.688 (index):527 WAITING_2
15:39:26.689 (index):527 WAITING_3
15:39:26.689 (index):527 WAITING_4
15:39:26.690 (index):527 WAITING_5
15:39:26.692 (index):487 FLOORRELEASED_0
15:39:26.693 (index):506 UPDATE_1
15:39:26.693 (index):527 WAITING_2
15:39:26.693 (index):527 WAITING_3
15:39:26.694 (index):527 WAITING_4
15:39:26.694 (index):527 WAITING_5
15:39:26.697 (index):520 FLOORREQUESTED_0
15:39:26.697 (index):487 FLOORRELEASED_1
15:39:26.698 (index):506 UPDATE_2
15:39:26.698 (index):527 WAITING_3
15:39:26.698 (index):527 WAITING_4
15:39:26.699 (index):527 WAITING_5
15:39:26.701 (index):527 WAITING_0
15:39:26.702 (index):520 FLOORREQUESTED_1
15:39:26.702 (index):487 FLOORRELEASED_2
15:39:26.703 (index):506 UPDATE_3
15:39:26.703 (index):527 WAITING_4
15:39:26.704 (index):527 WAITING_5
15:39:26.706 (index):527 WAITING_0
15:39:26.706 (index):527 WAITING_1
15:39:26.707 (index):520 FLOORREQUESTED_2
15:39:26.707 (index):487 FLOORRELEASED_3
15:39:26.708 (index):506 UPDATE_4
15:39:26.708 (index):527 WAITING_5
15:39:26.710 (index):527 WAITING_0
15:39:26.711 (index):527 WAITING_1
15:39:26.711 (index):527 WAITING_2
15:39:26.712 (index):520 FLOORREQUESTED_3
15:39:26.712 (index):487 FLOORRELEASED_4
15:39:26.712 (index):506 UPDATE_5
15:39:26.715 (index):527 WAITING_0
15:39:26.715 (index):527 WAITING_1
15:39:26.716 (index):527 WAITING_2
15:39:26.716 (index):527 WAITING_3
15:39:26.716 (index):520 FLOORREQUESTED_4
15:39:26.717 (index):487 FLOORRELEASED_5
15:39:26.719 (index):506 UPDATE_0
15:39:26.720 (index):527 WAITING_1
15:39:26.720 (index):527 WAITING_2
15:39:26.721 (index):527 WAITING_3
15:39:26.721 (index):527 WAITING_4
15:39:26.721 (index):520 FLOORREQUESTED_5
15:39:26.724 (index):487 FLOORRELEASED_0
15:39:26.724 (index):506 UPDATE_1
15:39:26.725 (index):527 WAITING_2
15:39:26.725 (index):527 WAITING_3
15:39:26.726 (index):527 WAITING_4
15:39:26.726 (index):527 WAITING_5
15:39:26.728 (index):520 FLOORREQUESTED_0
15:39:26.729 (index):487 FLOORRELEASED_1
15:39:26.729 (index):506 UPDATE_2
15:39:26.730 (index):527 WAITING_3
15:39:26.730 (index):527 WAITING_4
15:39:26.730 (index):527 WAITING_5
15:39:26.733 (index):527 WAITING_0
15:39:26.733 (index):520 FLOORREQUESTED_1
15:39:26.734 (index):487 FLOORRELEASED_2
15:39:26.734 (index):506 UPDATE_3
15:39:26.734 (index):527 WAITING_4
15:39:26.735 (index):527 WAITING_5
15:39:26.737 (index):527 WAITING_0
15:39:26.738 (index):527 WAITING_1
15:39:26.738 (index):520 FLOORREQUESTED_2
15:39:26.739 (index):487 FLOORRELEASED_3
15:39:26.739 (index):506 UPDATE_4
15:39:26.739 (index):527 WAITING_5
15:39:26.742 (index):527 WAITING_0
15:39:26.742 (index):527 WAITING_1
15:39:26.743 (index):527 WAITING_2
15:39:26.743 (index):520 FLOORREQUESTED_3
15:39:26.744 (index):487 FLOORRELEASED_4
15:39:26.744 (index):506 UPDATE_5
15:39:26.746 (index):527 WAITING_0
15:39:26.747 (index):527 WAITING_1
15:39:26.747 (index):527 WAITING_2
15:39:26.748 (index):527 WAITING_3
15:39:26.748 (index):520 FLOORREQUESTED_4
15:39:26.749 (index):487 FLOORRELEASED_5
15:39:26.751 (index):506 UPDATE_0
15:39:26.751 (index):527 WAITING_1
15:39:26.752 (index):527 WAITING_2
15:39:26.752 (index):527 WAITING_3
15:39:26.753 (index):527 WAITING_4
15:39:26.753 (index):520 FLOORREQUESTED_5
15:39:26.755 (index):487 FLOORRELEASED_0
15:39:26.756 (index):506 UPDATE_1
15:39:26.756 (index):527 WAITING_2
15:39:26.757 (index):527 WAITING_3
15:39:26.757 (index):527 WAITING_4
15:39:26.758 (index):527 WAITING_5
15:39:26.760 (index):520 FLOORREQUESTED_0
15:39:26.760 (index):487 FLOORRELEASED_1
15:39:26.761 (index):506 UPDATE_2
15:39:26.761 (index):527 WAITING_3
15:39:26.762 (index):527 WAITING_4
15:39:26.762 (index):527 WAITING_5
15:39:26.764 (index):527 WAITING_0
15:39:26.765 (index):520 FLOORREQUESTED_1
15:39:26.765 (index):487 FLOORRELEASED_2
15:39:26.766 (index):506 UPDATE_3
15:39:26.766 (index):527 WAITING_4
15:39:26.767 (index):527 WAITING_5
15:39:26.769 (index):527 WAITING_0
15:39:26.769 (index):527 WAITING_1
15:39:26.770 (index):520 FLOORREQUESTED_2
15:39:26.770 (index):487 FLOORRELEASED_3
15:39:26.771 (index):506 UPDATE_4
15:39:26.771 (index):527 WAITING_5
15:39:26.773 (index):527 WAITING_0
15:39:26.774 (index):527 WAITING_1
15:39:26.774 (index):527 WAITING_2
15:39:26.775 (index):520 FLOORREQUESTED_3
15:39:26.775 (index):487 FLOORRELEASED_4
15:39:26.776 (index):506 UPDATE_5
15:39:26.778 (index):527 WAITING_0
15:39:26.778 (index):527 WAITING_1
15:39:26.779 (index):527 WAITING_2
15:39:26.779 (index):527 WAITING_3
15:39:26.780 (index):520 FLOORREQUESTED_4
15:39:26.780 (index):487 FLOORRELEASED_5
15:39:26.782 (index):506 UPDATE_0
15:39:26.783 (index):527 WAITING_1
15:39:26.783 (index):527 WAITING_2
15:39:26.784 (index):527 WAITING_3
15:39:26.784 (index):527 WAITING_4
15:39:26.785 (index):520 FLOORREQUESTED_5
15:39:26.787 (index):487 FLOORRELEASED_0
15:39:26.787 (index):506 UPDATE_1
15:39:26.788 (index):527 WAITING_2
15:39:26.788 (index):527 WAITING_3
15:39:26.789 (index):527 WAITING_4
15:39:26.789 (index):527 WAITING_5
15:39:26.791 (index):520 FLOORREQUESTED_0
15:39:26.792 (index):487 FLOORRELEASED_1
15:39:26.792 (index):506 UPDATE_2
15:39:26.793 (index):527 WAITING_3
15:39:26.793 (index):527 WAITING_4
15:39:26.794 (index):527 WAITING_5
15:39:26.796 (index):527 WAITING_0
15:39:26.796 (index):520 FLOORREQUESTED_1
15:39:26.797 (index):487 FLOORRELEASED_2
15:39:26.797 (index):506 UPDATE_3
15:39:26.798 (index):527 WAITING_4
15:39:26.798 (index):527 WAITING_5
15:39:26.800 (index):527 WAITING_0
15:39:26.801 (index):527 WAITING_1
15:39:26.801 (index):520 FLOORREQUESTED_2
15:39:26.802 (index):487 FLOORRELEASED_3
15:39:26.802 (index):506 UPDATE_4
15:39:26.803 (index):527 WAITING_5
15:39:26.805 (index):527 WAITING_0
15:39:26.805 (index):527 WAITING_1
15:39:26.806 (index):527 WAITING_2
15:39:26.806 (index):520 FLOORREQUESTED_3
15:39:26.807 (index):487 FLOORRELEASED_4
15:39:26.807 (index):506 UPDATE_5
15:39:26.809 (index):527 WAITING_0
15:39:26.810 (index):527 WAITING_1
15:39:26.810 (index):527 WAITING_2
15:39:26.811 (index):527 WAITING_3
15:39:26.811 (index):520 FLOORREQUESTED_4
15:39:26.812 (index):487 FLOORRELEASED_5
15:39:26.814 (index):506 UPDATE_0
15:39:26.814 (index):527 WAITING_1
15:39:26.815 (index):527 WAITING_2
15:39:26.815 (index):527 WAITING_3
15:39:26.816 (index):527 WAITING_4
15:39:26.816 (index):520 FLOORREQUESTED_5
15:39:26.819 (index):487 FLOORRELEASED_0
15:39:26.819 (index):506 UPDATE_1
15:39:26.819 (index):527 WAITING_2
15:39:26.820 (index):527 WAITING_3
15:39:26.820 (index):527 WAITING_4
15:39:26.821 (index):527 WAITING_5
15:39:26.823 (index):520 FLOORREQUESTED_0
15:39:26.824 (index):487 FLOORRELEASED_1
15:39:26.824 (index):506 UPDATE_2
15:39:26.824 (index):527 WAITING_3
15:39:26.825 (index):527 WAITING_4
15:39:26.825 (index):527 WAITING_5
15:39:26.828 (index):527 WAITING_0
15:39:26.828 (index):520 FLOORREQUESTED_1
15:39:26.828 (index):487 FLOORRELEASED_2
15:39:26.829 (index):506 UPDATE_3
15:39:26.829 (index):527 WAITING_4
15:39:26.830 (index):527 WAITING_5
15:39:26.832 (index):527 WAITING_0
15:39:26.833 (index):527 WAITING_1
15:39:26.833 (index):520 FLOORREQUESTED_2
15:39:26.833 (index):487 FLOORRELEASED_3
15:39:26.834 (index):506 UPDATE_4
15:39:26.834 (index):527 WAITING_5
15:39:26.837 (index):527 WAITING_0
15:39:26.837 (index):527 WAITING_1
15:39:26.837 (index):527 WAITING_2
15:39:26.838 (index):520 FLOORREQUESTED_3
15:39:26.838 (index):487 FLOORRELEASED_4
15:39:26.839 (index):506 UPDATE_5
15:39:26.841 (index):527 WAITING_0
15:39:26.841 (index):527 WAITING_1
15:39:26.842 (index):527 WAITING_2
15:39:26.842 (index):527 WAITING_3
15:39:26.843 (index):520 FLOORREQUESTED_4
15:39:26.843 (index):487 FLOORRELEASED_5
15:39:26.846 (index):506 UPDATE_0
15:39:26.846 (index):527 WAITING_1
15:39:26.846 (index):527 WAITING_2
15:39:26.847 (index):527 WAITING_3
15:39:26.847 (index):527 WAITING_4
15:39:26.848 (index):520 FLOORREQUESTED_5
15:39:26.850 (index):487 FLOORRELEASED_0
15:39:26.851 (index):506 UPDATE_1
15:39:26.851 (index):527 WAITING_2
15:39:26.851 (index):527 WAITING_3
15:39:26.852 (index):527 WAITING_4
15:39:26.852 (index):527 WAITING_5
15:39:26.855 (index):520 FLOORREQUESTED_0
15:39:26.855 (index):487 FLOORRELEASED_1
15:39:26.855 (index):506 UPDATE_2
15:39:26.856 (index):527 WAITING_3
15:39:26.856 (index):527 WAITING_4
15:39:26.857 (index):527 WAITING_5
15:39:26.859 (index):527 WAITING_0
15:39:26.860 (index):520 FLOORREQUESTED_1
15:39:26.860 (index):487 FLOORRELEASED_2
15:39:26.860 (index):506 UPDATE_3
15:39:26.861 (index):527 WAITING_4
15:39:26.861 (index):527 WAITING_5
15:39:26.864 (index):527 WAITING_0
15:39:26.864 (index):527 WAITING_1
15:39:26.864 (index):520 FLOORREQUESTED_2
15:39:26.865 (index):487 FLOORRELEASED_3
15:39:26.865 (index):506 UPDATE_4
15:39:26.866 (index):527 WAITING_5
15:39:26.868 (index):527 WAITING_0
15:39:26.869 (index):527 WAITING_1
15:39:26.869 (index):527 WAITING_2
15:39:26.869 (index):520 FLOORREQUESTED_3
15:39:26.870 (index):487 FLOORRELEASED_4
15:39:26.870 (index):506 UPDATE_5
15:39:26.873 (index):527 WAITING_0
15:39:26.873 (index):527 WAITING_1
15:39:26.873 (index):527 WAITING_2
15:39:26.874 (index):527 WAITING_3
15:39:26.874 (index):520 FLOORREQUESTED_4
15:39:26.875 (index):487 FLOORRELEASED_5
15:39:26.877 (index):506 UPDATE_0
15:39:26.878 (index):527 WAITING_1
15:39:26.878 (index):527 WAITING_2
15:39:26.878 (index):527 WAITING_3
15:39:26.879 (index):527 WAITING_4
15:39:26.879 (index):520 FLOORREQUESTED_5
15:39:26.882 (index):487 FLOORRELEASED_0
15:39:26.882 (index):506 UPDATE_1
15:39:26.882 (index):527 WAITING_2
15:39:26.883 (index):527 WAITING_3
15:39:26.883 (index):527 WAITING_4
15:39:26.884 (index):527 WAITING_5
15:39:26.886 (index):520 FLOORREQUESTED_0
15:39:26.887 (index):487 FLOORRELEASED_1
15:39:26.887 (index):506 UPDATE_2
15:39:26.888 (index):527 WAITING_3
15:39:26.888 (index):527 WAITING_4
15:39:26.889 (index):527 WAITING_5
15:39:26.891 (index):527 WAITING_0
15:39:26.891 (index):520 FLOORREQUESTED_1
15:39:26.892 (index):487 FLOORRELEASED_2
15:39:26.892 (index):506 UPDATE_3
15:39:26.893 (index):527 WAITING_4
15:39:26.893 (index):527 WAITING_5
15:39:26.895 (index):527 WAITING_0
15:39:26.896 (index):527 WAITING_1
15:39:26.896 (index):520 FLOORREQUESTED_2
15:39:26.897 (index):487 FLOORRELEASED_3
15:39:26.897 (index):506 UPDATE_4
15:39:26.898 (index):527 WAITING_5
15:39:26.900 (index):527 WAITING_0
15:39:26.900 (index):527 WAITING_1
15:39:26.901 (index):527 WAITING_2
15:39:26.901 (index):520 FLOORREQUESTED_3
15:39:26.902 (index):487 FLOORRELEASED_4
15:39:26.902 (index):506 UPDATE_5
15:39:26.904 (index):527 WAITING_0
15:39:26.905 (index):527 WAITING_1
15:39:26.905 (index):527 WAITING_2
15:39:26.906 (index):527 WAITING_3
15:39:26.907 (index):520 FLOORREQUESTED_4
15:39:26.907 (index):487 FLOORRELEASED_5
15:39:26.909 (index):506 UPDATE_0
15:39:26.910 (index):527 WAITING_1
15:39:26.910 (index):527 WAITING_2
15:39:26.910 (index):527 WAITING_3
15:39:26.911 (index):527 WAITING_4
15:39:26.912 (index):520 FLOORREQUESTED_5
15:39:26.913 (index):487 FLOORRELEASED_0
15:39:26.914 (index):506 UPDATE_1
15:39:26.915 (index):527 WAITING_2
15:39:26.916 (index):527 WAITING_3
15:39:26.916 (index):527 WAITING_4
15:39:26.917 (index):527 WAITING_5
15:39:26.918 (index):520 FLOORREQUESTED_0
15:39:26.919 (index):487 FLOORRELEASED_1
15:39:26.920 (index):506 UPDATE_2
15:39:26.921 (index):527 WAITING_3
15:39:26.922 (index):527 WAITING_4
15:39:26.922 (index):527 WAITING_5
15:39:26.923 (index):527 WAITING_0
15:39:26.924 (index):520 FLOORREQUESTED_1
15:39:26.925 (index):487 FLOORRELEASED_2
15:39:26.926 (index):506 UPDATE_3
15:39:26.926 (index):527 WAITING_4
15:39:26.927 (index):527 WAITING_5
15:39:26.927 (index):527 WAITING_0
15:39:26.928 (index):527 WAITING_1
15:39:26.929 (index):520 FLOORREQUESTED_2
15:39:26.930 (index):487 FLOORRELEASED_3
15:39:26.931 (index):506 UPDATE_4
15:39:26.931 (index):527 WAITING_5
15:39:26.932 (index):527 WAITING_0
15:39:26.933 (index):527 WAITING_1
15:39:26.934 (index):527 WAITING_2
15:39:26.935 (index):520 FLOORREQUESTED_3
15:39:26.935 (index):487 FLOORRELEASED_4
15:39:26.936 (index):506 UPDATE_5
15:39:26.936 (index):527 WAITING_0
15:39:26.938 (index):527 WAITING_1
15:39:26.938 (index):527 WAITING_2
15:39:26.939 (index):527 WAITING_3
15:39:26.940 (index):520 FLOORREQUESTED_4
15:39:26.940 (index):487 FLOORRELEASED_5
15:39:26.941 (index):506 UPDATE_0
15:39:26.942 (index):527 WAITING_1
15:39:26.943 (index):527 WAITING_2
15:39:26.944 (index):527 WAITING_3
15:39:26.944 (index):527 WAITING_4
15:39:26.945 (index):520 FLOORREQUESTED_5
15:39:26.945 (index):487 FLOORRELEASED_0
15:39:26.947 (index):506 UPDATE_1
15:39:26.947 (index):527 WAITING_2
15:39:26.948 (index):527 WAITING_3
15:39:26.949 (index):527 WAITING_4
15:39:26.949 (index):527 WAITING_5
15:39:26.950 (index):520 FLOORREQUESTED_0
15:39:26.951 (index):487 FLOORRELEASED_1
15:39:26.952 (index):506 UPDATE_2
15:39:26.953 (index):527 WAITING_3
15:39:26.953 (index):527 WAITING_4
15:39:26.954 (index):527 WAITING_5
15:39:26.954 (index):527 WAITING_0
15:39:26.956 (index):520 FLOORREQUESTED_1
15:39:26.956 (index):487 FLOORRELEASED_2
15:39:26.957 (index):506 UPDATE_3
15:39:26.958 (index):527 WAITING_4
15:39:26.958 (index):527 WAITING_5
15:39:26.959 (index):527 WAITING_0
15:39:26.960 (index):527 WAITING_1
15:39:26.961 (index):520 FLOORREQUESTED_2
15:39:26.962 (index):487 FLOORRELEASED_3
15:39:26.962 (index):506 UPDATE_4
15:39:26.962 (index):527 WAITING_5
15:39:26.963 (index):527 WAITING_0
15:39:26.964 (index):527 WAITING_1
15:39:26.965 (index):527 WAITING_2
15:39:26.966 (index):520 FLOORREQUESTED_3
15:39:26.967 (index):487 FLOORRELEASED_4
15:39:26.967 (index):506 UPDATE_5
15:39:26.967 (index):527 WAITING_0
15:39:26.969 (index):527 WAITING_1
15:39:26.970 (index):527 WAITING_2
15:39:26.970 (index):527 WAITING_3
15:39:26.971 (index):520 FLOORREQUESTED_4
15:39:26.971 (index):487 FLOORRELEASED_5
15:39:26.972 (index):506 UPDATE_0
15:39:26.973 (index):527 WAITING_1
15:39:26.974 (index):527 WAITING_2
15:39:26.975 (index):527 WAITING_3
15:39:26.975 (index):527 WAITING_4
15:39:26.976 (index):520 FLOORREQUESTED_5
15:39:26.976 (index):487 FLOORRELEASED_0
15:39:26.978 (index):506 UPDATE_1
15:39:26.979 (index):527 WAITING_2
15:39:26.979 (index):527 WAITING_3
15:39:26.980 (index):527 WAITING_4
15:39:26.980 (index):527 WAITING_5
15:39:26.981 (index):520 FLOORREQUESTED_0
15:39:26.982 (index):487 FLOORRELEASED_1
15:39:26.983 (index):506 UPDATE_2
15:39:26.984 (index):527 WAITING_3
15:39:26.984 (index):527 WAITING_4
15:39:26.985 (index):527 WAITING_5
15:39:26.985 (index):527 WAITING_0
15:39:26.987 (index):520 FLOORREQUESTED_1
15:39:26.988 (index):487 FLOORRELEASED_2
15:39:26.988 (index):506 UPDATE_3
15:39:26.989 (index):527 WAITING_4
15:39:26.989 (index):527 WAITING_5
15:39:26.990 (index):527 WAITING_0
15:39:26.991 (index):527 WAITING_1
15:39:26.992 (index):520 FLOORREQUESTED_2
15:39:26.993 (index):487 FLOORRELEASED_3
15:39:26.993 (index):506 UPDATE_4
15:39:26.994 (index):527 WAITING_5
15:39:26.994 (index):527 WAITING_0
15:39:26.996 (index):527 WAITING_1
15:39:26.996 (index):527 WAITING_2
15:39:26.997 (index):520 FLOORREQUESTED_3
15:39:26.998 (index):487 FLOORRELEASED_4
15:39:26.998 (index):506 UPDATE_5
15:39:26.999 (index):527 WAITING_0
15:39:27.001 (index):527 WAITING_1
15:39:27.001 (index):527 WAITING_2
15:39:27.002 (index):527 WAITING_3
15:39:27.002 (index):520 FLOORREQUESTED_4
15:39:27.003 (index):487 FLOORRELEASED_5
15:39:27.003 (index):506 UPDATE_0
15:39:27.005 (index):527 WAITING_1
15:39:27.006 (index):527 WAITING_2
15:39:27.006 (index):527 WAITING_3
15:39:27.007 (index):527 WAITING_4
15:39:27.007 (index):520 FLOORREQUESTED_5
15:39:27.008 (index):487 FLOORRELEASED_0
15:39:27.010 (index):506 UPDATE_1
15:39:27.010 (index):527 WAITING_2
15:39:27.011 (index):527 WAITING_3
15:39:27.011 (index):527 WAITING_4
15:39:27.012 (index):527 WAITING_5
15:39:27.012 (index):520 FLOORREQUESTED_0
15:39:27.014 (index):487 FLOORRELEASED_1
15:39:27.015 (index):506 UPDATE_2
15:39:27.015 (index):527 WAITING_3
15:39:27.016 (index):527 WAITING_4
15:39:27.016 (index):527 WAITING_5
15:39:27.017 (index):527 WAITING_0
15:39:27.019 (index):520 FLOORREQUESTED_1
15:39:27.019 (index):487 FLOORRELEASED_2
15:39:27.020 (index):506 UPDATE_3
15:39:27.020 (index):527 WAITING_4
15:39:27.021 (index):527 WAITING_5
15:39:27.021 (index):527 WAITING_0
15:39:27.023 (index):527 WAITING_1
15:39:27.024 (index):520 FLOORREQUESTED_2
15:39:27.024 (index):487 FLOORRELEASED_3
15:39:27.025 (index):506 UPDATE_4
15:39:27.025 (index):527 WAITING_5
15:39:27.026 (index):527 WAITING_0
15:39:27.028 (index):527 WAITING_1
15:39:27.028 (index):527 WAITING_2
15:39:27.029 (index):520 FLOORREQUESTED_3
15:39:27.029 (index):487 FLOORRELEASED_4
15:39:27.030 (index):506 UPDATE_5
15:39:27.030 (index):527 WAITING_0
15:39:27.032 (index):527 WAITING_1
15:39:27.033 (index):527 WAITING_2
15:39:27.033 (index):527 WAITING_3
15:39:27.034 (index):520 FLOORREQUESTED_4
15:39:27.034 (index):487 FLOORRELEASED_5
15:39:27.035 (index):506 UPDATE_0
15:39:27.037 (index):527 WAITING_1
15:39:27.037 (index):527 WAITING_2
15:39:27.038 (index):527 WAITING_3
15:39:27.038 (index):527 WAITING_4
15:39:27.039 (index):520 FLOORREQUESTED_5
15:39:27.039 (index):487 FLOORRELEASED_0
15:39:27.041 (index):506 UPDATE_1
15:39:27.042 (index):527 WAITING_2
15:39:27.042 (index):527 WAITING_3
15:39:27.043 (index):527 WAITING_4
15:39:27.043 (index):527 WAITING_5
15:39:27.044 (index):520 FLOORREQUESTED_0
15:39:27.046 (index):487 FLOORRELEASED_1
15:39:27.046 (index):506 UPDATE_2
15:39:27.047 (index):527 WAITING_3
15:39:27.047 (index):527 WAITING_4
15:39:27.048 (index):527 WAITING_5
15:39:27.048 (index):527 WAITING_0
15:39:27.050 (index):520 FLOORREQUESTED_1
15:39:27.051 (index):487 FLOORRELEASED_2
15:39:27.051 (index):506 UPDATE_3
15:39:27.052 (index):527 WAITING_4
15:39:27.052 (index):527 WAITING_5
15:39:27.053 (index):527 WAITING_0
15:39:27.055 (index):527 WAITING_1
15:39:27.055 (index):520 FLOORREQUESTED_2
15:39:27.056 (index):487 FLOORRELEASED_3
15:39:27.056 (index):506 UPDATE_4
15:39:27.057 (index):527 WAITING_5
15:39:27.057 (index):527 WAITING_0
15:39:27.059 (index):527 WAITING_1
15:39:27.059 (index):527 WAITING_2
15:39:27.060 (index):520 FLOORREQUESTED_3
15:39:27.061 (index):487 FLOORRELEASED_4
15:39:27.061 (index):506 UPDATE_5
15:39:27.062 (index):527 WAITING_0
15:39:27.063 (index):527 WAITING_1
15:39:27.064 (index):527 WAITING_2
15:39:27.065 (index):527 WAITING_3
15:39:27.065 (index):520 FLOORREQUESTED_4
15:39:27.066 (index):487 FLOORRELEASED_5
15:39:27.066 (index):506 UPDATE_0
15:39:27.068 (index):527 WAITING_1
15:39:27.069 (index):527 WAITING_2
15:39:27.069 (index):527 WAITING_3
15:39:27.070 (index):527 WAITING_4
15:39:27.071 (index):520 FLOORREQUESTED_5
15:39:27.071 (index):539 END_0
15:39:27.073 (index):506 UPDATE_1
15:39:27.073 (index):527 WAITING_2
15:39:27.074 (index):527 WAITING_3
15:39:27.075 (index):527 WAITING_4
15:39:27.075 (index):527 WAITING_5
15:39:27.077 (index):539 END_1
15:39:27.078 (index):506 UPDATE_2
15:39:27.079 (index):527 WAITING_3
15:39:27.079 (index):527 WAITING_4
15:39:27.080 (index):527 WAITING_5
15:39:27.083 (index):539 END_2
15:39:27.083 (index):506 UPDATE_3
15:39:27.084 (index):527 WAITING_4
15:39:27.085 (index):527 WAITING_5
15:39:27.088 (index):539 END_3
15:39:27.089 (index):506 UPDATE_4
15:39:27.090 (index):527 WAITING_5
15:39:27.094 (index):539 END_4
15:39:27.094 (index):506 UPDATE_5
15:39:27.099 (index):539 END_5
