15:39:29.636 (index):712 Tasks: 25; Collaborators: 11    =========================>
15:39:29.636 (index):520 FLOORREQUESTED_0
15:39:29.637 (index):520 FLOORREQUESTED_1
15:39:29.637 (index):520 FLOORREQUESTED_2
15:39:29.638 (index):520 FLOORREQUESTED_3
15:39:29.639 (index):520 FLOORREQUESTED_4
15:39:29.639 (index):520 FLOORREQUESTED_5
15:39:29.639 (index):520 FLOORREQUESTED_6
15:39:29.640 (index):520 FLOORREQUESTED_7
15:39:29.640 (index):520 FLOORREQUESTED_8
15:39:29.641 (index):520 FLOORREQUESTED_9
15:39:29.641 (index):520 FLOORREQUESTED_10
15:39:29.642 (index):487 FLOORRELEASED_0
15:39:29.642 (index):487 FLOORRELEASED_1
15:39:29.642 (index):487 FLOORRELEASED_2
15:39:29.643 (index):487 FLOORRELEASED_3
15:39:29.643 (index):487 FLOORRELEASED_4
15:39:29.644 (index):487 FLOORRELEASED_5
15:39:29.644 (index):487 FLOORRELEASED_6
15:39:29.645 (index):487 FLOORRELEASED_7
15:39:29.645 (index):487 FLOORRELEASED_8
15:39:29.645 (index):487 FLOORRELEASED_9
15:39:29.646 (index):487 FLOORRELEASED_10
15:39:29.646 (index):520 FLOORREQUESTED_0
15:39:29.647 (index):520 FLOORREQUESTED_1
15:39:29.647 (index):520 FLOORREQUESTED_2
15:39:29.648 (index):520 FLOORREQUESTED_3
15:39:29.648 (index):520 FLOORREQUESTED_4
15:39:29.648 (index):520 FLOORREQUESTED_5
15:39:29.649 (index):520 FLOORREQUESTED_6
15:39:29.649 (index):520 FLOORREQUESTED_7
15:39:29.650 (index):520 FLOORREQUESTED_8
15:39:29.650 (index):520 FLOORREQUESTED_9
15:39:29.650 (index):520 FLOORREQUESTED_10
15:39:29.651 (index):506 UPDATE_0
15:39:29.651 (index):527 WAITING_1
15:39:29.652 (index):527 WAITING_2
15:39:29.652 (index):527 WAITING_3
15:39:29.653 (index):527 WAITING_4
15:39:29.653 (index):527 WAITING_5
15:39:29.653 (index):527 WAITING_6
15:39:29.654 (index):527 WAITING_7
15:39:29.654 (index):527 WAITING_8
15:39:29.655 (index):527 WAITING_9
15:39:29.655 (index):527 WAITING_10
15:39:29.656 (index):487 FLOORRELEASED_0
15:39:29.656 (index):506 UPDATE_1
15:39:29.656 (index):527 WAITING_2
15:39:29.657 (index):527 WAITING_3
15:39:29.657 (index):527 WAITING_4
15:39:29.658 (index):527 WAITING_5
15:39:29.658 (index):527 WAITING_6
15:39:29.659 (index):527 WAITING_7
15:39:29.659 (index):527 WAITING_8
15:39:29.659 (index):527 WAITING_9
15:39:29.660 (index):527 WAITING_10
15:39:29.660 (index):520 FLOORREQUESTED_0
15:39:29.661 (index):487 FLOORRELEASED_1
15:39:29.661 (index):506 UPDATE_2
15:39:29.662 (index):527 WAITING_3
15:39:29.662 (index):527 WAITING_4
15:39:29.662 (index):527 WAITING_5
15:39:29.663 (index):527 WAITING_6
15:39:29.663 (index):527 WAITING_7
15:39:29.664 (index):527 WAITING_8
15:39:29.664 (index):527 WAITING_9
15:39:29.665 (index):527 WAITING_10
15:39:29.665 (index):527 WAITING_0
15:39:29.665 (index):520 FLOORREQUESTED_1
15:39:29.666 (index):487 FLOORRELEASED_2
15:39:29.666 (index):506 UPDATE_3
15:39:29.667 (index):527 WAITING_4
15:39:29.667 (index):527 WAITING_5
15:39:29.668 (index):527 WAITING_6
15:39:29.668 (index):527 WAITING_7
15:39:29.668 (index):527 WAITING_8
15:39:29.669 (index):527 WAITING_9
15:39:29.669 (index):527 WAITING_10
15:39:29.670 (index):527 WAITING_0
15:39:29.670 (index):527 WAITING_1
15:39:29.671 (index):520 FLOORREQUESTED_2
15:39:29.671 (index):487 FLOORRELEASED_3
15:39:29.671 (index):506 UPDATE_4
15:39:29.672 (index):527 WAITING_5
15:39:29.672 (index):527 WAITING_6
15:39:29.673 (index):527 WAITING_7
15:39:29.673 (index):527 WAITING_8
15:39:29.674 (index):527 WAITING_9
15:39:29.674 (index):527 WAITING_10
15:39:29.674 (index):527 WAITING_0
15:39:29.675 (index):527 WAITING_1
15:39:29.675 (index):527 WAITING_2
15:39:29.676 (index):520 FLOORREQUESTED_3
15:39:29.676 (index):487 FLOORRELEASED_4
15:39:29.677 (index):506 UPDATE_5
15:39:29.677 (index):527 WAITING_6
15:39:29.677 (index):527 WAITING_7
15:39:29.678 (index):527 WAITING_8
15:39:29.678 (index):527 WAITING_9
15:39:29.679 (index):527 WAITING_10
15:39:29.679 (index):527 WAITING_0
15:39:29.679 (index):527 WAITING_1
15:39:29.680 (index):527 WAITING_2
15:39:29.680 (index):527 WAITING_3
15:39:29.681 (index):520 FLOORREQUESTED_4
15:39:29.681 (index):487 FLOORRELEASED_5
15:39:29.682 (index):506 UPDATE_6
15:39:29.682 (index):527 WAITING_7
15:39:29.682 (index):527 WAITING_8
15:39:29.683 (index):527 WAITING_9
15:39:29.683 (index):527 WAITING_10
15:39:29.684 (index):527 WAITING_0
15:39:29.684 (index):527 WAITING_1
15:39:29.685 (index):527 WAITING_2
15:39:29.685 (index):527 WAITING_3
15:39:29.685 (index):527 WAITING_4
15:39:29.686 (index):520 FLOORREQUESTED_5
15:39:29.686 (index):487 FLOORRELEASED_6
15:39:29.687 (index):506 UPDATE_7
15:39:29.687 (index):527 WAITING_8
15:39:29.688 (index):527 WAITING_9
15:39:29.688 (index):527 WAITING_10
15:39:29.688 (index):527 WAITING_0
15:39:29.689 (index):527 WAITING_1
15:39:29.689 (index):527 WAITING_2
15:39:29.690 (index):527 WAITING_3
15:39:29.690 (index):527 WAITING_4
15:39:29.691 (index):527 WAITING_5
15:39:29.691 (index):520 FLOORREQUESTED_6
15:39:29.691 (index):487 FLOORRELEASED_7
15:39:29.692 (index):506 UPDATE_8
15:39:29.692 (index):527 WAITING_9
15:39:29.693 (index):527 WAITING_10
15:39:29.693 (index):527 WAITING_0
15:39:29.693 (index):527 WAITING_1
15:39:29.694 (index):527 WAITING_2
15:39:29.694 (index):527 WAITING_3
15:39:29.695 (index):527 WAITING_4
15:39:29.695 (index):527 WAITING_5
15:39:29.696 (index):527 WAITING_6
15:39:29.696 (index):520 FLOORREQUESTED_7
15:39:29.696 (index):487 FLOORRELEASED_8
15:39:29.697 (index):506 UPDATE_9
15:39:29.697 (index):527 WAITING_10
15:39:29.698 (index):527 WAITING_0
15:39:29.698 (index):527 WAITING_1
15:39:29.699 (index):527 WAITING_2
15:39:29.699 (index):527 WAITING_3
15:39:29.699 (index):527 WAITING_4
15:39:29.700 (index):527 WAITING_5
15:39:29.700 (index):527 WAITING_6
15:39:29.701 (index):527 WAITING_7
15:39:29.701 (index):520 FLOORREQUESTED_8
15:39:29.702 (index):487 FLOORRELEASED_9
15:39:29.702 (index):506 UPDATE_10
15:39:29.702 (index):527 WAITING_0
15:39:29.703 (index):527 WAITING_1
15:39:29.703 (index):527 WAITING_2
15:39:29.704 (index):527 WAITING_3
15:39:29.704 (index):527 WAITING_4
15:39:29.705 (index):527 WAITING_5
15:39:29.705 (index):527 WAITING_6
15:39:29.705 (index):527 WAITING_7
15:39:29.706 (index):527 WAITING_8
15:39:29.706 (index):520 FLOORREQUESTED_9
15:39:29.707 (index):487 FLOORRELEASED_10
15:39:29.707 (index):506 UPDATE_0
15:39:29.708 (index):527 WAITING_1
15:39:29.708 (index):527 WAITING_2
15:39:29.709 (index):527 WAITING_3
15:39:29.710 (index):527 WAITING_4
15:39:29.711 (index):527 WAITING_5
15:39:29.711 (index):527 WAITING_6
15:39:29.712 (index):527 WAITING_7
15:39:29.712 (index):527 WAITING_8
15:39:29.713 (index):527 WAITING_9
15:39:29.714 (index):520 FLOORREQUESTED_10
15:39:29.714 (index):487 FLOORRELEASED_0
15:39:29.715 (index):506 UPDATE_1
15:39:29.715 (index):527 WAITING_2
15:39:29.716 (index):527 WAITING_3
15:39:29.717 (index):527 WAITING_4
15:39:29.718 (index):527 WAITING_5
15:39:29.718 (index):527 WAITING_6
15:39:29.719 (index):527 WAITING_7
15:39:29.720 (index):527 WAITING_8
15:39:29.720 (index):527 WAITING_9
15:39:29.721 (index):527 WAITING_10
15:39:29.722 (index):520 FLOORREQUESTED_0
15:39:29.722 (index):487 FLOORRELEASED_1
15:39:29.723 (index):506 UPDATE_2
15:39:29.724 (index):527 WAITING_3
15:39:29.724 (index):527 WAITING_4
15:39:29.725 (index):527 WAITING_5
15:39:29.726 (index):527 WAITING_6
15:39:29.726 (index):527 WAITING_7
15:39:29.727 (index):527 WAITING_8
15:39:29.728 (index):527 WAITING_9
15:39:29.728 (index):527 WAITING_10
15:39:29.729 (index):527 WAITING_0
15:39:29.730 (index):520 FLOORREQUESTED_1
15:39:29.730 (index):487 FLOORRELEASED_2
15:39:29.731 (index):506 UPDATE_3
15:39:29.732 (index):527 WAITING_4
15:39:29.732 (index):527 WAITING_5
15:39:29.733 (index):527 WAITING_6
15:39:29.734 (index):527 WAITING_7
15:39:29.734 (index):527 WAITING_8
15:39:29.735 (index):527 WAITING_9
15:39:29.736 (index):527 WAITING_10
15:39:29.736 (index):527 WAITING_0
15:39:29.737 (index):527 WAITING_1
15:39:29.738 (index):520 FLOORREQUESTED_2
15:39:29.738 (index):487 FLOORRELEASED_3
15:39:29.739 (index):506 UPDATE_4
15:39:29.740 (index):527 WAITING_5
15:39:29.740 (index):527 WAITING_6
15:39:29.741 (index):527 WAITING_7
15:39:29.742 (index):527 WAITING_8
15:39:29.742 (index):527 WAITING_9
15:39:29.743 (index):527 WAITING_10
15:39:29.744 (index):527 WAITING_0
15:39:29.744 (index):527 WAITING_1
15:39:29.745 (index):527 WAITING_2
15:39:29.746 (index):520 FLOORREQUESTED_3
15:39:29.746 (index):487 FLOORRELEASED_4
15:39:29.747 (index):506 UPDATE_5
15:39:29.748 (index):527 WAITING_6
15:39:29.748 (index):527 WAITING_7
15:39:29.749 (index):527 WAITING_8
15:39:29.750 (index):527 WAITING_9
15:39:29.750 (index):527 WAITING_10
15:39:29.751 (index):527 WAITING_0
15:39:29.752 (index):527 WAITING_1
15:39:29.753 (index):527 WAITING_2
15:39:29.753 (index):527 WAITING_3
15:39:29.754 (index):520 FLOORREQUESTED_4
15:39:29.755 (index):487 FLOORRELEASED_5
15:39:29.755 (index):506 UPDATE_6
15:39:29.756 (index):527 WAITING_7
15:39:29.757 (index):527 WAITING_8
15:39:29.757 (index):527 WAITING_9
15:39:29.758 (index):527 WAITING_10
15:39:29.759 (index):527 WAITING_0
15:39:29.759 (index):527 WAITING_1
15:39:29.760 (index):527 WAITING_2
15:39:29.761 (index):527 WAITING_3
15:39:29.761 (index):527 WAITING_4
15:39:29.762 (index):520 FLOORREQUESTED_5
15:39:29.763 (index):487 FLOORRELEASED_6
15:39:29.763 (index):506 UPDATE_7
15:39:29.764 (index):527 WAITING_8
15:39:29.765 (index):527 WAITING_9
15:39:29.765 (index):527 WAITING_10
15:39:29.766 (index):527 WAITING_0
15:39:29.767 (index):527 WAITING_1
15:39:29.767 (index):527 WAITING_2
15:39:29.768 (index):527 WAITING_3
15:39:29.769 (index):527 WAITING_4
15:39:29.769 (index):527 WAITING_5
15:39:29.770 (index):520 FLOORREQUESTED_6
15:39:29.771 (index):487 FLOORRELEASED_7
15:39:29.772 (index):506 UPDATE_8
15:39:29.772 (index):527 WAITING_9
15:39:29.773 (index):527 WAITING_10
15:39:29.773 (index):527 WAITING_0
15:39:29.774 (index):527 WAITING_1
15:39:29.775 (index):527 WAITING_2
15:39:29.776 (index):527 WAITING_3
15:39:29.776 (index):527 WAITING_4
15:39:29.777 (index):527 WAITING_5
15:39:29.778 (index):527 WAITING_6
15:39:29.778 (index):520 FLOORREQUESTED_7
15:39:29.779 (index):487 FLOORRELEASED_8
15:39:29.780 (index):506 UPDATE_9
15:39:29.780 (index):527 WAITING_10
15:39:29.781 (index):527 WAITING_0
15:39:29.782 (index):527 WAITING_1
15:39:29.782 (index):527 WAITING_2
15:39:29.783 (index):527 WAITING_3
15:39:29.784 (index):527 WAITING_4
15:39:29.784 (index):527 WAITING_5
15:39:29.785 (index):527 WAITING_6
15:39:29.786 (index):527 WAITING_7
15:39:29.786 (index):520 FLOORREQUESTED_8
15:39:29.787 (index):487 FLOORRELEASED_9
15:39:29.788 (index):506 UPDATE_10
15:39:29.788 (index):527 WAITING_0
15:39:29.789 (index):527 WAITING_1
15:39:29.790 (index):527 WAITING_2
15:39:29.790 (index):527 WAITING_3
15:39:29.791 (index):527 WAITING_4
15:39:29.792 (index):527 WAITING_5
15:39:29.792 (index):527 WAITING_6
15:39:29.793 (index):527 WAITING_7
15:39:29.794 (index):527 WAITING_8
15:39:29.794 (index):520 FLOORREQUESTED_9
15:39:29.795 (index):487 FLOORRELEASED_10
15:39:29.796 (index):506 UPDATE_0
15:39:29.796 (index):527 WAITING_1
15:39:29.797 (index):527 WAITING_2
15:39:29.798 (index):527 WAITING_3
15:39:29.799 (index):527 WAITING_4
15:39:29.799 (index):527 WAITING_5
15:39:29.800 (index):527 WAITING_6
15:39:29.801 (index):527 WAITING_7
15:39:29.801 (index):527 WAITING_8
15:39:29.802 (index):527 WAITING_9
15:39:29.803 (index):520 FLOORREQUESTED_10
15:39:29.803 (index):487 FLOORRELEASED_0
15:39:29.804 (index):506 UPDATE_1
15:39:29.805 (index):527 WAITING_2
15:39:29.805 (index):527 WAITING_3
15:39:29.806 (index):527 WAITING_4
15:39:29.807 (index):527 WAITING_5
15:39:29.807 (index):527 WAITING_6
15:39:29.808 (index):527 WAITING_7
15:39:29.808 (index):527 WAITING_8
15:39:29.809 (index):527 WAITING_9
15:39:29.810 (index):527 WAITING_10
15:39:29.810 (index):520 FLOORREQUESTED_0
15:39:29.811 (index):487 FLOORRELEASED_1
15:39:29.812 (index):506 UPDATE_2
15:39:29.812 (index):527 WAITING_3
15:39:29.813 (index):527 WAITING_4
15:39:29.814 (index):527 WAITING_5
15:39:29.814 (index):527 WAITING_6
15:39:29.815 (index):527 WAITING_7
15:39:29.816 (index):527 WAITING_8
15:39:29.816 (index):527 WAITING_9
15:39:29.817 (index):527 WAITING_10
15:39:29.818 (index):527 WAITING_0
15:39:29.819 (index):520 FLOORREQUESTED_1
15:39:29.819 (index):487 FLOORRELEASED_2
15:39:29.820 (index):506 UPDATE_3
15:39:29.821 (index):527 WAITING_4
15:39:29.821 (index):527 WAITING_5
15:39:29.822 (index):527 WAITING_6
15:39:29.823 (index):527 WAITING_7
15:39:29.824 (index):527 WAITING_8
15:39:29.824 (index):527 WAITING_9
15:39:29.825 (index):527 WAITING_10
15:39:29.826 (index):527 WAITING_0
15:39:29.826 (index):527 WAITING_1
15:39:29.827 (index):520 FLOORREQUESTED_2
15:39:29.828 (index):487 FLOORRELEASED_3
15:39:29.829 (index):506 UPDATE_4
15:39:29.829 (index):527 WAITING_5
15:39:29.830 (index):527 WAITING_6
15:39:29.831 (index):527 WAITING_7
15:39:29.831 (index):527 WAITING_8
15:39:29.832 (index):527 WAITING_9
15:39:29.833 (index):527 WAITING_10
15:39:29.834 (index):527 WAITING_0
15:39:29.834 (index):527 WAITING_1
15:39:29.835 (index):527 WAITING_2
15:39:29.836 (index):520 FLOORREQUESTED_3
15:39:29.836 (index):487 FLOORRELEASED_4
15:39:29.837 (index):506 UPDATE_5
15:39:29.838 (index):527 WAITING_6
15:39:29.838 (index):527 WAITING_7
15:39:29.839 (index):527 WAITING_8
15:39:29.840 (index):527 WAITING_9
15:39:29.841 (index):527 WAITING_10
15:39:29.841 (index):527 WAITING_0
15:39:29.842 (index):527 WAITING_1
15:39:29.843 (index):527 WAITING_2
15:39:29.843 (index):527 WAITING_3
15:39:29.844 (index):520 FLOORREQUESTED_4
15:39:29.845 (index):487 FLOORRELEASED_5
15:39:29.845 (index):506 UPDATE_6
15:39:29.846 (index):527 WAITING_7
15:39:29.847 (index):527 WAITING_8
15:39:29.848 (index):527 WAITING_9
15:39:29.848 (index):527 WAITING_10
15:39:29.849 (index):527 WAITING_0
15:39:29.850 (index):527 WAITING_1
15:39:29.850 (index):527 WAITING_2
15:39:29.851 (index):527 WAITING_3
15:39:29.852 (index):527 WAITING_4
15:39:29.852 (index):520 FLOORREQUESTED_5
15:39:29.853 (index):487 FLOORRELEASED_6
15:39:29.854 (index):506 UPDATE_7
15:39:29.855 (index):527 WAITING_8
15:39:29.855 (index):527 WAITING_9
15:39:29.856 (index):527 WAITING_10
15:39:29.857 (index):527 WAITING_0
15:39:29.857 (index):527 WAITING_1
15:39:29.858 (index):527 WAITING_2
15:39:29.859 (index):527 WAITING_3
15:39:29.859 (index):527 WAITING_4
15:39:29.860 (index):527 WAITING_5
15:39:29.861 (index):520 FLOORREQUESTED_6
15:39:29.861 (index):487 FLOORRELEASED_7
15:39:29.862 (index):506 UPDATE_8
15:39:29.863 (index):527 WAITING_9
15:39:29.863 (index):527 WAITING_10
15:39:29.864 (index):527 WAITING_0
15:39:29.865 (index):527 WAITING_1
15:39:29.866 (index):527 WAITING_2
15:39:29.866 (index):527 WAITING_3
15:39:29.867 (index):527 WAITING_4
15:39:29.868 (index):527 WAITING_5
15:39:29.868 (index):527 WAITING_6
15:39:29.869 (index):520 FLOORREQUESTED_7
15:39:29.870 (index):487 FLOORRELEASED_8
15:39:29.871 (index):506 UPDATE_9
15:39:29.871 (index):527 WAITING_10
15:39:29.872 (index):527 WAITING_0
15:39:29.873 (index):527 WAITING_1
15:39:29.873 (index):527 WAITING_2
15:39:29.874 (index):527 WAITING_3
15:39:29.875 (index):527 WAITING_4
15:39:29.875 (index):527 WAITING_5
15:39:29.876 (index):527 WAITING_6
15:39:29.877 (index):527 WAITING_7
15:39:29.877 (index):520 FLOORREQUESTED_8
15:39:29.878 (index):487 FLOORRELEASED_9
15:39:29.879 (index):506 UPDATE_10
15:39:29.880 (index):527 WAITING_0
15:39:29.880 (index):527 WAITING_1
15:39:29.881 (index):527 WAITING_2
15:39:29.882 (index):527 WAITING_3
15:39:29.882 (index):527 WAITING_4
15:39:29.883 (index):527 WAITING_5
15:39:29.884 (index):527 WAITING_6
15:39:29.884 (index):527 WAITING_7
15:39:29.885 (index):527 WAITING_8
15:39:29.886 (index):520 FLOORREQUESTED_9
15:39:29.887 (index):487 FLOORRELEASED_10
15:39:29.887 (index):506 UPDATE_0
15:39:29.888 (index):527 WAITING_1
15:39:29.889 (index):527 WAITING_2
15:39:29.889 (index):527 WAITING_3
15:39:29.890 (index):527 WAITING_4
15:39:29.891 (index):527 WAITING_5
15:39:29.891 (index):527 WAITING_6
15:39:29.892 (index):527 WAITING_7
15:39:29.893 (index):527 WAITING_8
15:39:29.893 (index):527 WAITING_9
15:39:29.894 (index):520 FLOORREQUESTED_10
15:39:29.895 (index):487 FLOORRELEASED_0
15:39:29.895 (index):506 UPDATE_1
15:39:29.896 (index):527 WAITING_2
15:39:29.897 (index):527 WAITING_3
15:39:29.898 (index):527 WAITING_4
15:39:29.898 (index):527 WAITING_5
15:39:29.899 (index):527 WAITING_6
15:39:29.900 (index):527 WAITING_7
15:39:29.900 (index):527 WAITING_8
15:39:29.901 (index):527 WAITING_9
15:39:29.902 (index):527 WAITING_10
15:39:29.902 (index):520 FLOORREQUESTED_0
15:39:29.903 (index):487 FLOORRELEASED_1
15:39:29.904 (index):506 UPDATE_2
15:39:29.904 (index):527 WAITING_3
15:39:29.905 (index):527 WAITING_4
15:39:29.906 (index):527 WAITING_5
15:39:29.906 (index):527 WAITING_6
15:39:29.907 (index):527 WAITING_7
15:39:29.908 (index):527 WAITING_8
15:39:29.908 (index):527 WAITING_9
15:39:29.909 (index):527 WAITING_10
15:39:29.910 (index):527 WAITING_0
15:39:29.910 (index):520 FLOORREQUESTED_1
15:39:29.911 (index):487 FLOORRELEASED_2
15:39:29.912 (index):506 UPDATE_3
15:39:29.912 (index):527 WAITING_4
15:39:29.913 (index):527 WAITING_5
15:39:29.914 (index):527 WAITING_6
15:39:29.914 (index):527 WAITING_7
15:39:29.915 (index):527 WAITING_8
15:39:29.916 (index):527 WAITING_9
15:39:29.916 (index):527 WAITING_10
15:39:29.917 (index):527 WAITING_0
15:39:29.918 (index):527 WAITING_1
15:39:29.918 (index):520 FLOORREQUESTED_2
15:39:29.919 (index):487 FLOORRELEASED_3
15:39:29.919 (index):506 UPDATE_4
15:39:29.920 (index):527 WAITING_5
15:39:29.921 (index):527 WAITING_6
15:39:29.921 (index):527 WAITING_7
15:39:29.922 (index):527 WAITING_8
15:39:29.923 (index):527 WAITING_9
15:39:29.923 (index):527 WAITING_10
15:39:29.924 (index):527 WAITING_0
15:39:29.925 (index):527 WAITING_1
15:39:29.925 (index):527 WAITING_2
15:39:29.926 (index):520 FLOORREQUESTED_3
15:39:29.927 (index):487 FLOORRELEASED_4
15:39:29.927 (index):506 UPDATE_5
15:39:29.928 (index):527 WAITING_6
15:39:29.929 (index):527 WAITING_7
15:39:29.929 (index):527 WAITING_8
15:39:29.930 (index):527 WAITING_9
15:39:29.931 (index):527 WAITING_10
15:39:29.931 (index):527 WAITING_0
15:39:29.932 (index):527 WAITING_1
15:39:29.933 (index):527 WAITING_2
15:39:29.933 (index):527 WAITING_3
15:39:29.934 (index):520 FLOORREQUESTED_4
15:39:29.935 (index):487 FLOORRELEASED_5
15:39:29.935 (index):506 UPDATE_6
15:39:29.936 (index):527 WAITING_7
15:39:29.937 (index):527 WAITING_8
15:39:29.937 (index):527 WAITING_9
15:39:29.938 (index):527 WAITING_10
15:39:29.939 (index):527 WAITING_0
15:39:29.939 (index):527 WAITING_1
15:39:29.940 (index):527 WAITING_2
15:39:29.941 (index):527 WAITING_3
15:39:29.941 (index):527 WAITING_4
15:39:29.942 (index):520 FLOORREQUESTED_5
15:39:29.943 (index):487 FLOORRELEASED_6
15:39:29.943 (index):506 UPDATE_7
15:39:29.944 (index):527 WAITING_8
15:39:29.944 (index):527 WAITING_9
15:39:29.945 (index):527 WAITING_10
15:39:29.946 (index):527 WAITING_0
15:39:29.946 (index):527 WAITING_1
15:39:29.947 (index):527 WAITING_2
15:39:29.948 (index):527 WAITING_3
15:39:29.948 (index):527 WAITING_4
15:39:29.949 (index):527 WAITING_5
15:39:29.950 (index):520 FLOORREQUESTED_6
15:39:29.950 (index):487 FLOORRELEASED_7
15:39:29.951 (index):506 UPDATE_8
15:39:29.952 (index):527 WAITING_9
15:39:29.952 (index):527 WAITING_10
15:39:29.953 (index):527 WAITING_0
15:39:29.954 (index):527 WAITING_1
15:39:29.954 (index):527 WAITING_2
15:39:29.955 (index):527 WAITING_3
15:39:29.956 (index):527 WAITING_4
15:39:29.956 (index):527 WAITING_5
15:39:29.957 (index):527 WAITING_6
15:39:29.958 (index):520 FLOORREQUESTED_7
15:39:29.958 (index):487 FLOORRELEASED_8
15:39:29.959 (index):506 UPDATE_9
15:39:29.960 (index):527 WAITING_10
15:39:29.960 (index):527 WAITING_0
15:39:29.961 (index):527 WAITING_1
15:39:29.962 (index):527 WAITING_2
15:39:29.962 (index):527 WAITING_3
15:39:29.963 (index):527 WAITING_4
15:39:29.964 (index):527 WAITING_5
15:39:29.964 (index):527 WAITING_6
15:39:29.965 (index):527 WAITING_7
15:39:29.966 (index):520 FLOORREQUESTED_8
15:39:29.966 (index):487 FLOORRELEASED_9
15:39:29.967 (index):506 UPDATE_10
15:39:29.968 (index):527 WAITING_0
15:39:29.968 (index):527 WAITING_1
15:39:29.969 (index):527 WAITING_2
15:39:29.970 (index):527 WAITING_3
15:39:29.970 (index):527 WAITING_4
15:39:29.971 (index):527 WAITING_5
15:39:29.972 (index):527 WAITING_6
15:39:29.972 (index):527 WAITING_7
15:39:29.973 (index):527 WAITING_8
15:39:29.973 (index):520 FLOORREQUESTED_9
15:39:29.974 (index):487 FLOORRELEASED_10
15:39:29.975 (index):506 UPDATE_0
15:39:29.975 (index):527 WAITING_1
15:39:29.976 (index):527 WAITING_2
15:39:29.977 (index):527 WAITING_3
15:39:29.977 (index):527 WAITING_4
15:39:29.978 (index):527 WAITING_5
15:39:29.979 (index):527 WAITING_6
15:39:29.980 (index):527 WAITING_7
15:39:29.980 (index):527 WAITING_8
15:39:29.981 (index):527 WAITING_9
15:39:29.982 (index):520 FLOORREQUESTED_10
15:39:29.982 (index):487 FLOORRELEASED_0
15:39:29.983 (index):506 UPDATE_1
15:39:29.984 (index):527 WAITING_2
15:39:29.984 (index):527 WAITING_3
15:39:29.985 (index):527 WAITING_4
15:39:29.985 (index):527 WAITING_5
15:39:29.986 (index):527 WAITING_6
15:39:29.987 (index):527 WAITING_7
15:39:29.987 (index):527 WAITING_8
15:39:29.988 (index):527 WAITING_9
15:39:29.989 (index):527 WAITING_10
15:39:29.989 (index):520 FLOORREQUESTED_0
15:39:29.990 (index):487 FLOORRELEASED_1
15:39:29.991 (index):506 UPDATE_2
15:39:29.992 (index):527 WAITING_3
15:39:29.992 (index):527 WAITING_4
15:39:29.993 (index):527 WAITING_5
15:39:29.994 (index):527 WAITING_6
15:39:29.994 (index):527 WAITING_7
15:39:29.995 (index):527 WAITING_8
15:39:29.996 (index):527 WAITING_9
15:39:29.996 (index):527 WAITING_10
15:39:29.997 (index):527 WAITING_0
15:39:29.997 (index):520 FLOORREQUESTED_1
15:39:29.998 (index):487 FLOORRELEASED_2
15:39:29.999 (index):506 UPDATE_3
15:39:29.999 (index):527 WAITING_4
15:39:30.000 (index):527 WAITING_5
15:39:30.001 (index):527 WAITING_6
15:39:30.001 (index):527 WAITING_7
15:39:30.002 (index):527 WAITING_8
15:39:30.003 (index):527 WAITING_9
15:39:30.003 (index):527 WAITING_10
15:39:30.004 (index):527 WAITING_0
15:39:30.005 (index):527 WAITING_1
15:39:30.005 (index):520 FLOORREQUESTED_2
15:39:30.006 (index):487 FLOORRELEASED_3
15:39:30.007 (index):506 UPDATE_4
15:39:30.007 (index):527 WAITING_5
15:39:30.008 (index):527 WAITING_6
15:39:30.009 (index):527 WAITING_7
15:39:30.009 (index):527 WAITING_8
15:39:30.010 (index):527 WAITING_9
15:39:30.011 (index):527 WAITING_10
15:39:30.011 (index):527 WAITING_0
15:39:30.012 (index):527 WAITING_1
15:39:30.013 (index):527 WAITING_2
15:39:30.013 (index):520 FLOORREQUESTED_3
15:39:30.014 (index):487 FLOORRELEASED_4
15:39:30.015 (index):506 UPDATE_5
15:39:30.015 (index):527 WAITING_6
15:39:30.016 (index):527 WAITING_7
15:39:30.017 (index):527 WAITING_8
15:39:30.017 (index):527 WAITING_9
15:39:30.018 (index):527 WAITING_10
15:39:30.019 (index):527 WAITING_0
15:39:30.019 (index):527 WAITING_1
15:39:30.020 (index):527 WAITING_2
15:39:30.021 (index):527 WAITING_3
15:39:30.021 (index):520 FLOORREQUESTED_4
15:39:30.022 (index):487 FLOORRELEASED_5
15:39:30.023 (index):506 UPDATE_6
15:39:30.023 (index):527 WAITING_7
15:39:30.024 (index):527 WAITING_8
15:39:30.025 (index):527 WAITING_9
15:39:30.025 (index):527 WAITING_10
15:39:30.026 (index):527 WAITING_0
15:39:30.027 (index):527 WAITING_1
15:39:30.027 (index):527 WAITING_2
15:39:30.028 (index):527 WAITING_3
15:39:30.029 (index):527 WAITING_4
15:39:30.029 (index):520 FLOORREQUESTED_5
15:39:30.030 (index):487 FLOORRELEASED_6
15:39:30.031 (index):506 UPDATE_7
15:39:30.031 (index):527 WAITING_8
15:39:30.032 (index):527 WAITING_9
15:39:30.032 (index):527 WAITING_10
15:39:30.033 (index):527 WAITING_0
15:39:30.034 (index):527 WAITING_1
15:39:30.035 (index):527 WAITING_2
15:39:30.035 (index):527 WAITING_3
15:39:30.036 (index):527 WAITING_4
15:39:30.036 (index):527 WAITING_5
15:39:30.037 (index):520 FLOORREQUESTED_6
15:39:30.038 (index):487 FLOORRELEASED_7
15:39:30.038 (index):506 UPDATE_8
15:39:30.039 (index):527 WAITING_9
15:39:30.040 (index):527 WAITING_10
15:39:30.040 (index):527 WAITING_0
15:39:30.041 (index):527 WAITING_1
15:39:30.042 (index):527 WAITING_2
15:39:30.042 (index):527 WAITING_3
15:39:30.043 (index):527 WAITING_4
15:39:30.044 (index):527 WAITING_5
15:39:30.044 (index):527 WAITING_6
15:39:30.045 (index):520 FLOORREQUESTED_7
15:39:30.046 (index):487 FLOORRELEASED_8
15:39:30.047 (index):506 UPDATE_9
15:39:30.047 (index):527 WAITING_10
15:39:30.048 (index):527 WAITING_0
15:39:30.048 (index):527 WAITING_1
15:39:30.049 (index):527 WAITING_2
15:39:30.050 (index):527 WAITING_3
15:39:30.050 (index):527 WAITING_4
15:39:30.051 (index):527 WAITING_5
15:39:30.052 (index):527 WAITING_6
15:39:30.052 (index):527 WAITING_7
15:39:30.053 (index):520 FLOORREQUESTED_8
15:39:30.054 (index):487 FLOORRELEASED_9
15:39:30.054 (index):506 UPDATE_10
15:39:30.055 (index):527 WAITING_0
15:39:30.056 (index):527 WAITING_1
15:39:30.056 (index):527 WAITING_2
15:39:30.057 (index):527 WAITING_3
15:39:30.058 (index):527 WAITING_4
15:39:30.058 (index):527 WAITING_5
15:39:30.059 (index):527 WAITING_6
15:39:30.060 (index):527 WAITING_7
15:39:30.060 (index):527 WAITING_8
15:39:30.061 (index):520 FLOORREQUESTED_9
15:39:30.062 (index):487 FLOORRELEASED_10
15:39:30.062 (index):506 UPDATE_0
15:39:30.063 (index):527 WAITING_1
15:39:30.064 (index):527 WAITING_2
15:39:30.065 (index):527 WAITING_3
15:39:30.065 (index):527 WAITING_4
15:39:30.066 (index):527 WAITING_5
15:39:30.067 (index):527 WAITING_6
15:39:30.067 (index):527 WAITING_7
15:39:30.068 (index):527 WAITING_8
15:39:30.068 (index):527 WAITING_9
15:39:30.069 (index):520 FLOORREQUESTED_10
15:39:30.070 (index):487 FLOORRELEASED_0
15:39:30.070 (index):506 UPDATE_1
15:39:30.071 (index):527 WAITING_2
15:39:30.072 (index):527 WAITING_3
15:39:30.073 (index):527 WAITING_4
15:39:30.073 (index):527 WAITING_5
15:39:30.074 (index):527 WAITING_6
15:39:30.074 (index):527 WAITING_7
15:39:30.075 (index):527 WAITING_8
15:39:30.076 (index):527 WAITING_9
15:39:30.076 (index):527 WAITING_10
15:39:30.077 (index):520 FLOORREQUESTED_0
15:39:30.078 (index):487 FLOORRELEASED_1
15:39:30.078 (index):506 UPDATE_2
15:39:30.079 (index):527 WAITING_3
15:39:30.080 (index):527 WAITING_4
15:39:30.080 (index):527 WAITING_5
15:39:30.081 (index):527 WAITING_6
15:39:30.082 (index):527 WAITING_7
15:39:30.083 (index):527 WAITING_8
15:39:30.083 (index):527 WAITING_9
15:39:30.084 (index):527 WAITING_10
15:39:30.084 (index):527 WAITING_0
15:39:30.085 (index):520 FLOORREQUESTED_1
15:39:30.086 (index):487 FLOORRELEASED_2
15:39:30.086 (index):506 UPDATE_3
15:39:30.087 (index):527 WAITING_4
15:39:30.088 (index):527 WAITING_5
15:39:30.088 (index):527 WAITING_6
15:39:30.089 (index):527 WAITING_7
15:39:30.090 (index):527 WAITING_8
15:39:30.090 (index):527 WAITING_9
15:39:30.091 (index):527 WAITING_10
15:39:30.092 (index):527 WAITING_0
15:39:30.092 (index):527 WAITING_1
15:39:30.093 (index):520 FLOORREQUESTED_2
15:39:30.094 (index):487 FLOORRELEASED_3
15:39:30.094 (index):506 UPDATE_4
15:39:30.095 (index):527 WAITING_5
15:39:30.096 (index):527 WAITING_6
15:39:30.096 (index):527 WAITING_7
15:39:30.097 (index):527 WAITING_8
15:39:30.098 (index):527 WAITING_9
15:39:30.098 (index):527 WAITING_10
15:39:30.099 (index):527 WAITING_0
15:39:30.100 (index):527 WAITING_1
15:39:30.100 (index):527 WAITING_2
15:39:30.101 (index):520 FLOORREQUESTED_3
15:39:30.101 (index):487 FLOORRELEASED_4
15:39:30.102 (index):506 UPDATE_5
15:39:30.103 (index):527 WAITING_6
15:39:30.103 (index):527 WAITING_7
15:39:30.104 (index):527 WAITING_8
15:39:30.105 (index):527 WAITING_9
15:39:30.105 (index):527 WAITING_10
15:39:30.106 (index):527 WAITING_0
15:39:30.107 (index):527 WAITING_1
15:39:30.107 (index):527 WAITING_2
15:39:30.108 (index):527 WAITING_3
15:39:30.109 (index):520 FLOORREQUESTED_4
15:39:30.109 (index):487 FLOORRELEASED_5
15:39:30.110 (index):506 UPDATE_6
15:39:30.110 (index):527 WAITING_7
15:39:30.111 (index):527 WAITING_8
15:39:30.112 (index):527 WAITING_9
15:39:30.112 (index):527 WAITING_10
15:39:30.113 (index):527 WAITING_0
15:39:30.114 (index):527 WAITING_1
15:39:30.114 (index):527 WAITING_2
15:39:30.115 (index):527 WAITING_3
15:39:30.116 (index):527 WAITING_4
15:39:30.116 (index):520 FLOORREQUESTED_5
15:39:30.117 (index):487 FLOORRELEASED_6
15:39:30.118 (index):506 UPDATE_7
15:39:30.118 (index):527 WAITING_8
15:39:30.119 (index):527 WAITING_9
15:39:30.120 (index):527 WAITING_10
15:39:30.120 (index):527 WAITING_0
15:39:30.121 (index):527 WAITING_1
15:39:30.121 (index):527 WAITING_2
15:39:30.122 (index):527 WAITING_3
15:39:30.123 (index):527 WAITING_4
15:39:30.123 (index):527 WAITING_5
15:39:30.124 (index):520 FLOORREQUESTED_6
15:39:30.125 (index):487 FLOORRELEASED_7
15:39:30.125 (index):506 UPDATE_8
15:39:30.126 (index):527 WAITING_9
15:39:30.127 (index):527 WAITING_10
15:39:30.127 (index):527 WAITING_0
15:39:30.128 (index):527 WAITING_1
15:39:30.129 (index):527 WAITING_2
15:39:30.130 (index):527 WAITING_3
15:39:30.130 (index):527 WAITING_4
15:39:30.131 (index):527 WAITING_5
15:39:30.131 (index):527 WAITING_6
15:39:30.132 (index):520 FLOORREQUESTED_7
15:39:30.133 (index):487 FLOORRELEASED_8
15:39:30.133 (index):506 UPDATE_9
15:39:30.134 (index):527 WAITING_10
15:39:30.135 (index):527 WAITING_0
15:39:30.135 (index):527 WAITING_1
15:39:30.136 (index):527 WAITING_2
15:39:30.137 (index):527 WAITING_3
15:39:30.137 (index):527 WAITING_4
15:39:30.138 (index):527 WAITING_5
15:39:30.138 (index):527 WAITING_6
15:39:30.139 (index):527 WAITING_7
15:39:30.140 (index):520 FLOORREQUESTED_8
15:39:30.140 (index):487 FLOORRELEASED_9
15:39:30.141 (index):506 UPDATE_10
15:39:30.142 (index):527 WAITING_0
15:39:30.142 (index):527 WAITING_1
15:39:30.143 (index):527 WAITING_2
15:39:30.144 (index):527 WAITING_3
15:39:30.144 (index):527 WAITING_4
15:39:30.145 (index):527 WAITING_5
15:39:30.146 (index):527 WAITING_6
15:39:30.146 (index):527 WAITING_7
15:39:30.147 (index):527 WAITING_8
15:39:30.148 (index):520 FLOORREQUESTED_9
15:39:30.148 (index):487 FLOORRELEASED_10
15:39:30.149 (index):506 UPDATE_0
15:39:30.150 (index):527 WAITING_1
15:39:30.150 (index):527 WAITING_2
15:39:30.151 (index):527 WAITING_3
15:39:30.152 (index):527 WAITING_4
15:39:30.152 (index):527 WAITING_5
15:39:30.153 (index):527 WAITING_6
15:39:30.154 (index):527 WAITING_7
15:39:30.154 (index):527 WAITING_8
15:39:30.155 (index):527 WAITING_9
15:39:30.156 (index):520 FLOORREQUESTED_10
15:39:30.156 (index):487 FLOORRELEASED_0
15:39:30.157 (index):506 UPDATE_1
15:39:30.158 (index):527 WAITING_2
15:39:30.158 (index):527 WAITING_3
15:39:30.159 (index):527 WAITING_4
15:39:30.160 (index):527 WAITING_5
15:39:30.160 (index):527 WAITING_6
15:39:30.161 (index):527 WAITING_7
15:39:30.162 (index):527 WAITING_8
15:39:30.162 (index):527 WAITING_9
15:39:30.163 (index):527 WAITING_10
15:39:30.164 (index):520 FLOORREQUESTED_0
15:39:30.164 (index):487 FLOORRELEASED_1
15:39:30.165 (index):506 UPDATE_2
15:39:30.166 (index):527 WAITING_3
15:39:30.166 (index):527 WAITING_4
15:39:30.167 (index):527 WAITING_5
15:39:30.168 (index):527 WAITING_6
15:39:30.168 (index):527 WAITING_7
15:39:30.169 (index):527 WAITING_8
15:39:30.170 (index):527 WAITING_9
15:39:30.170 (index):527 WAITING_10
15:39:30.171 (index):527 WAITING_0
15:39:30.172 (index):520 FLOORREQUESTED_1
15:39:30.172 (index):487 FLOORRELEASED_2
15:39:30.173 (index):506 UPDATE_3
15:39:30.173 (index):527 WAITING_4
15:39:30.174 (index):527 WAITING_5
15:39:30.175 (index):527 WAITING_6
15:39:30.175 (index):527 WAITING_7
15:39:30.176 (index):527 WAITING_8
15:39:30.177 (index):527 WAITING_9
15:39:30.177 (index):527 WAITING_10
15:39:30.178 (index):527 WAITING_0
15:39:30.179 (index):527 WAITING_1
15:39:30.179 (index):520 FLOORREQUESTED_2
15:39:30.180 (index):487 FLOORRELEASED_3
15:39:30.181 (index):506 UPDATE_4
15:39:30.181 (index):527 WAITING_5
15:39:30.182 (index):527 WAITING_6
15:39:30.183 (index):527 WAITING_7
15:39:30.183 (index):527 WAITING_8
15:39:30.184 (index):527 WAITING_9
15:39:30.185 (index):527 WAITING_10
15:39:30.185 (index):527 WAITING_0
15:39:30.186 (index):527 WAITING_1
15:39:30.187 (index):527 WAITING_2
15:39:30.187 (index):520 FLOORREQUESTED_3
15:39:30.188 (index):487 FLOORRELEASED_4
15:39:30.189 (index):506 UPDATE_5
15:39:30.189 (index):527 WAITING_6
15:39:30.190 (index):527 WAITING_7
15:39:30.191 (index):527 WAITING_8
15:39:30.191 (index):527 WAITING_9
15:39:30.192 (index):527 WAITING_10
15:39:30.193 (index):527 WAITING_0
15:39:30.193 (index):527 WAITING_1
15:39:30.194 (index):527 WAITING_2
15:39:30.194 (index):527 WAITING_3
15:39:30.195 (index):520 FLOORREQUESTED_4
15:39:30.195 (index):487 FLOORRELEASED_5
15:39:30.196 (index):506 UPDATE_6
15:39:30.196 (index):527 WAITING_7
15:39:30.197 (index):527 WAITING_8
15:39:30.197 (index):527 WAITING_9
15:39:30.198 (index):527 WAITING_10
15:39:30.198 (index):527 WAITING_0
15:39:30.199 (index):527 WAITING_1
15:39:30.199 (index):527 WAITING_2
15:39:30.200 (index):527 WAITING_3
15:39:30.200 (index):527 WAITING_4
15:39:30.201 (index):520 FLOORREQUESTED_5
15:39:30.202 (index):487 FLOORRELEASED_6
15:39:30.202 (index):506 UPDATE_7
15:39:30.203 (index):527 WAITING_8
15:39:30.203 (index):527 WAITING_9
15:39:30.204 (index):527 WAITING_10
15:39:30.204 (index):527 WAITING_0
15:39:30.204 (index):527 WAITING_1
15:39:30.205 (index):527 WAITING_2
15:39:30.205 (index):527 WAITING_3
15:39:30.206 (index):527 WAITING_4
15:39:30.206 (index):527 WAITING_5
15:39:30.207 (index):520 FLOORREQUESTED_6
15:39:30.207 (index):487 FLOORRELEASED_7
15:39:30.208 (index):506 UPDATE_8
15:39:30.208 (index):527 WAITING_9
15:39:30.209 (index):527 WAITING_10
15:39:30.209 (index):527 WAITING_0
15:39:30.210 (index):527 WAITING_1
15:39:30.210 (index):527 WAITING_2
15:39:30.211 (index):527 WAITING_3
15:39:30.211 (index):527 WAITING_4
15:39:30.212 (index):527 WAITING_5
15:39:30.212 (index):527 WAITING_6
15:39:30.212 (index):520 FLOORREQUESTED_7
15:39:30.213 (index):487 FLOORRELEASED_8
15:39:30.213 (index):506 UPDATE_9
15:39:30.214 (index):527 WAITING_10
15:39:30.214 (index):527 WAITING_0
15:39:30.215 (index):527 WAITING_1
15:39:30.215 (index):527 WAITING_2
15:39:30.216 (index):527 WAITING_3
15:39:30.216 (index):527 WAITING_4
15:39:30.217 (index):527 WAITING_5
15:39:30.217 (index):527 WAITING_6
15:39:30.218 (index):527 WAITING_7
15:39:30.218 (index):520 FLOORREQUESTED_8
15:39:30.219 (index):487 FLOORRELEASED_9
15:39:30.219 (index):506 UPDATE_10
15:39:30.220 (index):527 WAITING_0
15:39:30.220 (index):527 WAITING_1
15:39:30.220 (index):527 WAITING_2
15:39:30.221 (index):527 WAITING_3
15:39:30.221 (index):527 WAITING_4
15:39:30.222 (index):527 WAITING_5
15:39:30.222 (index):527 WAITING_6
15:39:30.223 (index):527 WAITING_7
15:39:30.223 (index):527 WAITING_8
15:39:30.224 (index):520 FLOORREQUESTED_9
15:39:30.224 (index):487 FLOORRELEASED_10
15:39:30.225 (index):506 UPDATE_0
15:39:30.225 (index):527 WAITING_1
15:39:30.226 (index):527 WAITING_2
15:39:30.228 (index):527 WAITING_3
15:39:30.228 (index):527 WAITING_4
15:39:30.229 (index):527 WAITING_5
15:39:30.229 (index):527 WAITING_6
15:39:30.231 (index):527 WAITING_7
15:39:30.232 (index):527 WAITING_8
15:39:30.232 (index):527 WAITING_9
15:39:30.233 (index):520 FLOORREQUESTED_10
15:39:30.233 (index):487 FLOORRELEASED_0
15:39:30.234 (index):506 UPDATE_1
15:39:30.234 (index):527 WAITING_2
15:39:30.235 (index):527 WAITING_3
15:39:30.235 (index):527 WAITING_4
15:39:30.235 (index):527 WAITING_5
15:39:30.236 (index):527 WAITING_6
15:39:30.236 (index):527 WAITING_7
15:39:30.237 (index):527 WAITING_8
15:39:30.237 (index):527 WAITING_9
15:39:30.238 (index):527 WAITING_10
15:39:30.238 (index):520 FLOORREQUESTED_0
15:39:30.238 (index):487 FLOORRELEASED_1
15:39:30.239 (index):506 UPDATE_2
15:39:30.239 (index):527 WAITING_3
15:39:30.240 (index):527 WAITING_4
15:39:30.240 (index):527 WAITING_5
15:39:30.240 (index):527 WAITING_6
15:39:30.241 (index):527 WAITING_7
15:39:30.241 (index):527 WAITING_8
15:39:30.242 (index):527 WAITING_9
15:39:30.242 (index):527 WAITING_10
15:39:30.243 (index):527 WAITING_0
15:39:30.243 (index):520 FLOORREQUESTED_1
15:39:30.243 (index):487 FLOORRELEASED_2
15:39:30.244 (index):506 UPDATE_3
15:39:30.244 (index):527 WAITING_4
15:39:30.245 (index):527 WAITING_5
15:39:30.245 (index):527 WAITING_6
15:39:30.245 (index):527 WAITING_7
15:39:30.246 (index):527 WAITING_8
15:39:30.246 (index):527 WAITING_9
15:39:30.247 (index):527 WAITING_10
15:39:30.247 (index):527 WAITING_0
15:39:30.248 (index):527 WAITING_1
15:39:30.248 (index):520 FLOORREQUESTED_2
15:39:30.248 (index):487 FLOORRELEASED_3
15:39:30.249 (index):506 UPDATE_4
15:39:30.249 (index):527 WAITING_5
15:39:30.250 (index):527 WAITING_6
15:39:30.250 (index):527 WAITING_7
15:39:30.250 (index):527 WAITING_8
15:39:30.251 (index):527 WAITING_9
15:39:30.251 (index):527 WAITING_10
15:39:30.252 (index):527 WAITING_0
15:39:30.252 (index):527 WAITING_1
15:39:30.253 (index):527 WAITING_2
15:39:30.253 (index):520 FLOORREQUESTED_3
15:39:30.253 (index):487 FLOORRELEASED_4
15:39:30.254 (index):506 UPDATE_5
15:39:30.254 (index):527 WAITING_6
15:39:30.255 (index):527 WAITING_7
15:39:30.255 (index):527 WAITING_8
15:39:30.255 (index):527 WAITING_9
15:39:30.256 (index):527 WAITING_10
15:39:30.256 (index):527 WAITING_0
15:39:30.257 (index):527 WAITING_1
15:39:30.257 (index):527 WAITING_2
15:39:30.258 (index):527 WAITING_3
15:39:30.258 (index):520 FLOORREQUESTED_4
15:39:30.258 (index):487 FLOORRELEASED_5
15:39:30.259 (index):506 UPDATE_6
15:39:30.259 (index):527 WAITING_7
15:39:30.260 (index):527 WAITING_8
15:39:30.260 (index):527 WAITING_9
15:39:30.261 (index):527 WAITING_10
15:39:30.261 (index):527 WAITING_0
15:39:30.261 (index):527 WAITING_1
15:39:30.262 (index):527 WAITING_2
15:39:30.262 (index):527 WAITING_3
15:39:30.263 (index):527 WAITING_4
15:39:30.264 (index):520 FLOORREQUESTED_5
15:39:30.265 (index):487 FLOORRELEASED_6
15:39:30.265 (index):506 UPDATE_7
15:39:30.266 (index):527 WAITING_8
15:39:30.266 (index):527 WAITING_9
15:39:30.267 (index):527 WAITING_10
15:39:30.267 (index):527 WAITING_0
15:39:30.268 (index):527 WAITING_1
15:39:30.268 (index):527 WAITING_2
15:39:30.269 (index):527 WAITING_3
15:39:30.269 (index):527 WAITING_4
15:39:30.269 (index):527 WAITING_5
15:39:30.270 (index):520 FLOORREQUESTED_6
15:39:30.270 (index):487 FLOORRELEASED_7
15:39:30.271 (index):506 UPDATE_8
15:39:30.271 (index):527 WAITING_9
15:39:30.272 (index):527 WAITING_10
15:39:30.272 (index):527 WAITING_0
15:39:30.272 (index):527 WAITING_1
15:39:30.273 (index):527 WAITING_2
15:39:30.273 (index):527 WAITING_3
15:39:30.274 (index):527 WAITING_4
15:39:30.274 (index):527 WAITING_5
15:39:30.274 (index):527 WAITING_6
15:39:30.275 (index):520 FLOORREQUESTED_7
15:39:30.275 (index):487 FLOORRELEASED_8
15:39:30.276 (index):506 UPDATE_9
15:39:30.276 (index):527 WAITING_10
15:39:30.276 (index):527 WAITING_0
15:39:30.277 (index):527 WAITING_1
15:39:30.277 (index):527 WAITING_2
15:39:30.278 (index):527 WAITING_3
15:39:30.278 (index):527 WAITING_4
15:39:30.279 (index):527 WAITING_5
15:39:30.279 (index):527 WAITING_6
15:39:30.279 (index):527 WAITING_7
15:39:30.280 (index):520 FLOORREQUESTED_8
15:39:30.280 (index):487 FLOORRELEASED_9
15:39:30.281 (index):506 UPDATE_10
15:39:30.281 (index):527 WAITING_0
15:39:30.282 (index):527 WAITING_1
15:39:30.282 (index):527 WAITING_2
15:39:30.283 (index):527 WAITING_3
15:39:30.284 (index):527 WAITING_4
15:39:30.284 (index):527 WAITING_5
15:39:30.285 (index):527 WAITING_6
15:39:30.286 (index):527 WAITING_7
15:39:30.286 (index):527 WAITING_8
15:39:30.287 (index):520 FLOORREQUESTED_9
15:39:30.288 (index):487 FLOORRELEASED_10
15:39:30.288 (index):506 UPDATE_0
15:39:30.289 (index):527 WAITING_1
15:39:30.289 (index):527 WAITING_2
15:39:30.290 (index):527 WAITING_3
15:39:30.290 (index):527 WAITING_4
15:39:30.291 (index):527 WAITING_5
15:39:30.291 (index):527 WAITING_6
15:39:30.292 (index):527 WAITING_7
15:39:30.292 (index):527 WAITING_8
15:39:30.292 (index):527 WAITING_9
15:39:30.293 (index):520 FLOORREQUESTED_10
15:39:30.293 (index):487 FLOORRELEASED_0
15:39:30.294 (index):506 UPDATE_1
15:39:30.294 (index):527 WAITING_2
15:39:30.294 (index):527 WAITING_3
15:39:30.295 (index):527 WAITING_4
15:39:30.295 (index):527 WAITING_5
15:39:30.296 (index):527 WAITING_6
15:39:30.296 (index):527 WAITING_7
15:39:30.297 (index):527 WAITING_8
15:39:30.297 (index):527 WAITING_9
15:39:30.297 (index):527 WAITING_10
15:39:30.298 (index):520 FLOORREQUESTED_0
15:39:30.298 (index):487 FLOORRELEASED_1
15:39:30.299 (index):506 UPDATE_2
15:39:30.299 (index):527 WAITING_3
15:39:30.300 (index):527 WAITING_4
15:39:30.300 (index):527 WAITING_5
15:39:30.300 (index):527 WAITING_6
15:39:30.301 (index):527 WAITING_7
15:39:30.301 (index):527 WAITING_8
15:39:30.302 (index):527 WAITING_9
15:39:30.302 (index):527 WAITING_10
15:39:30.302 (index):527 WAITING_0
15:39:30.303 (index):520 FLOORREQUESTED_1
15:39:30.303 (index):487 FLOORRELEASED_2
15:39:30.304 (index):506 UPDATE_3
15:39:30.304 (index):527 WAITING_4
15:39:30.305 (index):527 WAITING_5
15:39:30.305 (index):527 WAITING_6
15:39:30.305 (index):527 WAITING_7
15:39:30.306 (index):527 WAITING_8
15:39:30.306 (index):527 WAITING_9
15:39:30.307 (index):527 WAITING_10
15:39:30.307 (index):527 WAITING_0
15:39:30.307 (index):527 WAITING_1
15:39:30.308 (index):520 FLOORREQUESTED_2
15:39:30.308 (index):487 FLOORRELEASED_3
15:39:30.309 (index):506 UPDATE_4
15:39:30.309 (index):527 WAITING_5
15:39:30.310 (index):527 WAITING_6
15:39:30.310 (index):527 WAITING_7
15:39:30.310 (index):527 WAITING_8
15:39:30.311 (index):527 WAITING_9
15:39:30.311 (index):527 WAITING_10
15:39:30.312 (index):527 WAITING_0
15:39:30.312 (index):527 WAITING_1
15:39:30.313 (index):527 WAITING_2
15:39:30.313 (index):520 FLOORREQUESTED_3
15:39:30.313 (index):487 FLOORRELEASED_4
15:39:30.314 (index):506 UPDATE_5
15:39:30.314 (index):527 WAITING_6
15:39:30.315 (index):527 WAITING_7
15:39:30.315 (index):527 WAITING_8
15:39:30.315 (index):527 WAITING_9
15:39:30.316 (index):527 WAITING_10
15:39:30.316 (index):527 WAITING_0
15:39:30.317 (index):527 WAITING_1
15:39:30.317 (index):527 WAITING_2
15:39:30.317 (index):527 WAITING_3
15:39:30.318 (index):520 FLOORREQUESTED_4
15:39:30.318 (index):487 FLOORRELEASED_5
15:39:30.319 (index):506 UPDATE_6
15:39:30.319 (index):527 WAITING_7
15:39:30.320 (index):527 WAITING_8
15:39:30.320 (index):527 WAITING_9
15:39:30.320 (index):527 WAITING_10
15:39:30.321 (index):527 WAITING_0
15:39:30.321 (index):527 WAITING_1
15:39:30.322 (index):527 WAITING_2
15:39:30.322 (index):527 WAITING_3
15:39:30.323 (index):527 WAITING_4
15:39:30.323 (index):520 FLOORREQUESTED_5
15:39:30.323 (index):487 FLOORRELEASED_6
15:39:30.324 (index):506 UPDATE_7
15:39:30.324 (index):527 WAITING_8
15:39:30.325 (index):527 WAITING_9
15:39:30.325 (index):527 WAITING_10
15:39:30.325 (index):527 WAITING_0
15:39:30.326 (index):527 WAITING_1
15:39:30.326 (index):527 WAITING_2
15:39:30.327 (index):527 WAITING_3
15:39:30.327 (index):527 WAITING_4
15:39:30.328 (index):527 WAITING_5
15:39:30.328 (index):520 FLOORREQUESTED_6
15:39:30.328 (index):487 FLOORRELEASED_7
15:39:30.329 (index):506 UPDATE_8
15:39:30.329 (index):527 WAITING_9
15:39:30.330 (index):527 WAITING_10
15:39:30.330 (index):527 WAITING_0
15:39:30.330 (index):527 WAITING_1
15:39:30.331 (index):527 WAITING_2
15:39:30.331 (index):527 WAITING_3
15:39:30.332 (index):527 WAITING_4
15:39:30.332 (index):527 WAITING_5
15:39:30.332 (index):527 WAITING_6
15:39:30.333 (index):520 FLOORREQUESTED_7
15:39:30.333 (index):487 FLOORRELEASED_8
15:39:30.334 (index):506 UPDATE_9
15:39:30.334 (index):527 WAITING_10
15:39:30.335 (index):527 WAITING_0
15:39:30.335 (index):527 WAITING_1
15:39:30.335 (index):527 WAITING_2
15:39:30.336 (index):527 WAITING_3
15:39:30.336 (index):527 WAITING_4
15:39:30.337 (index):527 WAITING_5
15:39:30.337 (index):527 WAITING_6
15:39:30.337 (index):527 WAITING_7
15:39:30.338 (index):520 FLOORREQUESTED_8
15:39:30.338 (index):487 FLOORRELEASED_9
15:39:30.339 (index):506 UPDATE_10
15:39:30.339 (index):527 WAITING_0
15:39:30.340 (index):527 WAITING_1
15:39:30.340 (index):527 WAITING_2
15:39:30.340 (index):527 WAITING_3
15:39:30.341 (index):527 WAITING_4
15:39:30.341 (index):527 WAITING_5
15:39:30.342 (index):527 WAITING_6
15:39:30.342 (index):527 WAITING_7
15:39:30.342 (index):527 WAITING_8
15:39:30.343 (index):520 FLOORREQUESTED_9
15:39:30.343 (index):487 FLOORRELEASED_10
15:39:30.344 (index):506 UPDATE_0
15:39:30.344 (index):527 WAITING_1
15:39:30.345 (index):527 WAITING_2
15:39:30.345 (index):527 WAITING_3
15:39:30.345 (index):527 WAITING_4
15:39:30.346 (index):527 WAITING_5
15:39:30.346 (index):527 WAITING_6
15:39:30.347 (index):527 WAITING_7
15:39:30.347 (index):527 WAITING_8
15:39:30.347 (index):527 WAITING_9
15:39:30.348 (index):520 FLOORREQUESTED_10
15:39:30.348 (index):487 FLOORRELEASED_0
15:39:30.349 (index):506 UPDATE_1
15:39:30.349 (index):527 WAITING_2
15:39:30.350 (index):527 WAITING_3
15:39:30.350 (index):527 WAITING_4
15:39:30.350 (index):527 WAITING_5
15:39:30.351 (index):527 WAITING_6
15:39:30.351 (index):527 WAITING_7
15:39:30.352 (index):527 WAITING_8
15:39:30.352 (index):527 WAITING_9
15:39:30.352 (index):527 WAITING_10
15:39:30.353 (index):520 FLOORREQUESTED_0
15:39:30.353 (index):487 FLOORRELEASED_1
15:39:30.354 (index):506 UPDATE_2
15:39:30.354 (index):527 WAITING_3
15:39:30.355 (index):527 WAITING_4
15:39:30.355 (index):527 WAITING_5
15:39:30.355 (index):527 WAITING_6
15:39:30.356 (index):527 WAITING_7
15:39:30.356 (index):527 WAITING_8
15:39:30.357 (index):527 WAITING_9
15:39:30.357 (index):527 WAITING_10
15:39:30.357 (index):527 WAITING_0
15:39:30.358 (index):520 FLOORREQUESTED_1
15:39:30.358 (index):487 FLOORRELEASED_2
15:39:30.359 (index):506 UPDATE_3
15:39:30.359 (index):527 WAITING_4
15:39:30.360 (index):527 WAITING_5
15:39:30.360 (index):527 WAITING_6
15:39:30.360 (index):527 WAITING_7
15:39:30.361 (index):527 WAITING_8
15:39:30.361 (index):527 WAITING_9
15:39:30.362 (index):527 WAITING_10
15:39:30.362 (index):527 WAITING_0
15:39:30.362 (index):527 WAITING_1
15:39:30.363 (index):520 FLOORREQUESTED_2
15:39:30.363 (index):487 FLOORRELEASED_3
15:39:30.364 (index):506 UPDATE_4
15:39:30.364 (index):527 WAITING_5
15:39:30.365 (index):527 WAITING_6
15:39:30.365 (index):527 WAITING_7
15:39:30.365 (index):527 WAITING_8
15:39:30.366 (index):527 WAITING_9
15:39:30.366 (index):527 WAITING_10
15:39:30.367 (index):527 WAITING_0
15:39:30.367 (index):527 WAITING_1
15:39:30.367 (index):527 WAITING_2
15:39:30.368 (index):520 FLOORREQUESTED_3
15:39:30.368 (index):487 FLOORRELEASED_4
15:39:30.369 (index):506 UPDATE_5
15:39:30.369 (index):527 WAITING_6
15:39:30.370 (index):527 WAITING_7
15:39:30.370 (index):527 WAITING_8
15:39:30.370 (index):527 WAITING_9
15:39:30.371 (index):527 WAITING_10
15:39:30.371 (index):527 WAITING_0
15:39:30.372 (index):527 WAITING_1
15:39:30.372 (index):527 WAITING_2
15:39:30.372 (index):527 WAITING_3
15:39:30.373 (index):520 FLOORREQUESTED_4
15:39:30.373 (index):487 FLOORRELEASED_5
15:39:30.374 (index):506 UPDATE_6
15:39:30.374 (index):527 WAITING_7
15:39:30.375 (index):527 WAITING_8
15:39:30.375 (index):527 WAITING_9
15:39:30.375 (index):527 WAITING_10
15:39:30.376 (index):527 WAITING_0
15:39:30.376 (index):527 WAITING_1
15:39:30.377 (index):527 WAITING_2
15:39:30.377 (index):527 WAITING_3
15:39:30.378 (index):527 WAITING_4
15:39:30.378 (index):520 FLOORREQUESTED_5
15:39:30.378 (index):487 FLOORRELEASED_6
15:39:30.379 (index):506 UPDATE_7
15:39:30.379 (index):527 WAITING_8
15:39:30.380 (index):527 WAITING_9
15:39:30.380 (index):527 WAITING_10
15:39:30.380 (index):527 WAITING_0
15:39:30.381 (index):527 WAITING_1
15:39:30.381 (index):527 WAITING_2
15:39:30.382 (index):527 WAITING_3
15:39:30.382 (index):527 WAITING_4
15:39:30.383 (index):527 WAITING_5
15:39:30.383 (index):520 FLOORREQUESTED_6
15:39:30.383 (index):487 FLOORRELEASED_7
15:39:30.384 (index):506 UPDATE_8
15:39:30.384 (index):527 WAITING_9
15:39:30.385 (index):527 WAITING_10
15:39:30.385 (index):527 WAITING_0
15:39:30.385 (index):527 WAITING_1
15:39:30.386 (index):527 WAITING_2
15:39:30.386 (index):527 WAITING_3
15:39:30.387 (index):527 WAITING_4
15:39:30.387 (index):527 WAITING_5
15:39:30.388 (index):527 WAITING_6
15:39:30.388 (index):520 FLOORREQUESTED_7
15:39:30.388 (index):487 FLOORRELEASED_8
15:39:30.389 (index):506 UPDATE_9
15:39:30.389 (index):527 WAITING_10
15:39:30.390 (index):527 WAITING_0
15:39:30.390 (index):527 WAITING_1
15:39:30.390 (index):527 WAITING_2
15:39:30.391 (index):527 WAITING_3
15:39:30.391 (index):527 WAITING_4
15:39:30.392 (index):527 WAITING_5
15:39:30.392 (index):527 WAITING_6
15:39:30.393 (index):527 WAITING_7
15:39:30.393 (index):520 FLOORREQUESTED_8
15:39:30.393 (index):487 FLOORRELEASED_9
15:39:30.394 (index):506 UPDATE_10
15:39:30.394 (index):527 WAITING_0
15:39:30.395 (index):527 WAITING_1
15:39:30.395 (index):527 WAITING_2
15:39:30.396 (index):527 WAITING_3
15:39:30.396 (index):527 WAITING_4
15:39:30.396 (index):527 WAITING_5
15:39:30.397 (index):527 WAITING_6
15:39:30.397 (index):527 WAITING_7
15:39:30.398 (index):527 WAITING_8
15:39:30.398 (index):520 FLOORREQUESTED_9
15:39:30.398 (index):487 FLOORRELEASED_10
15:39:30.399 (index):506 UPDATE_0
15:39:30.399 (index):527 WAITING_1
15:39:30.400 (index):527 WAITING_2
15:39:30.400 (index):527 WAITING_3
15:39:30.401 (index):527 WAITING_4
15:39:30.401 (index):527 WAITING_5
15:39:30.401 (index):527 WAITING_6
15:39:30.402 (index):527 WAITING_7
15:39:30.402 (index):527 WAITING_8
15:39:30.403 (index):527 WAITING_9
15:39:30.403 (index):520 FLOORREQUESTED_10
15:39:30.403 (index):487 FLOORRELEASED_0
15:39:30.404 (index):506 UPDATE_1
15:39:30.404 (index):527 WAITING_2
15:39:30.405 (index):527 WAITING_3
15:39:30.405 (index):527 WAITING_4
15:39:30.406 (index):527 WAITING_5
15:39:30.406 (index):527 WAITING_6
15:39:30.406 (index):527 WAITING_7
15:39:30.407 (index):527 WAITING_8
15:39:30.407 (index):527 WAITING_9
15:39:30.408 (index):527 WAITING_10
15:39:30.408 (index):520 FLOORREQUESTED_0
15:39:30.408 (index):487 FLOORRELEASED_1
15:39:30.409 (index):506 UPDATE_2
15:39:30.409 (index):527 WAITING_3
15:39:30.410 (index):527 WAITING_4
15:39:30.410 (index):527 WAITING_5
15:39:30.411 (index):527 WAITING_6
15:39:30.411 (index):527 WAITING_7
15:39:30.411 (index):527 WAITING_8
15:39:30.412 (index):527 WAITING_9
15:39:30.412 (index):527 WAITING_10
15:39:30.413 (index):527 WAITING_0
15:39:30.413 (index):520 FLOORREQUESTED_1
15:39:30.414 (index):487 FLOORRELEASED_2
15:39:30.414 (index):506 UPDATE_3
15:39:30.414 (index):527 WAITING_4
15:39:30.415 (index):527 WAITING_5
15:39:30.415 (index):527 WAITING_6
15:39:30.416 (index):527 WAITING_7
15:39:30.416 (index):527 WAITING_8
15:39:30.416 (index):527 WAITING_9
15:39:30.417 (index):527 WAITING_10
15:39:30.417 (index):527 WAITING_0
15:39:30.418 (index):527 WAITING_1
15:39:30.418 (index):520 FLOORREQUESTED_2
15:39:30.419 (index):487 FLOORRELEASED_3
15:39:30.419 (index):506 UPDATE_4
15:39:30.419 (index):527 WAITING_5
15:39:30.420 (index):527 WAITING_6
15:39:30.420 (index):527 WAITING_7
15:39:30.421 (index):527 WAITING_8
15:39:30.421 (index):527 WAITING_9
15:39:30.421 (index):527 WAITING_10
15:39:30.422 (index):527 WAITING_0
15:39:30.422 (index):527 WAITING_1
15:39:30.423 (index):527 WAITING_2
15:39:30.423 (index):520 FLOORREQUESTED_3
15:39:30.424 (index):487 FLOORRELEASED_4
15:39:30.424 (index):506 UPDATE_5
15:39:30.424 (index):527 WAITING_6
15:39:30.425 (index):527 WAITING_7
15:39:30.425 (index):527 WAITING_8
15:39:30.426 (index):527 WAITING_9
15:39:30.426 (index):527 WAITING_10
15:39:30.426 (index):527 WAITING_0
15:39:30.427 (index):527 WAITING_1
15:39:30.427 (index):527 WAITING_2
15:39:30.428 (index):527 WAITING_3
15:39:30.428 (index):520 FLOORREQUESTED_4
15:39:30.428 (index):487 FLOORRELEASED_5
15:39:30.429 (index):506 UPDATE_6
15:39:30.429 (index):527 WAITING_7
15:39:30.430 (index):527 WAITING_8
15:39:30.430 (index):527 WAITING_9
15:39:30.431 (index):527 WAITING_10
15:39:30.431 (index):527 WAITING_0
15:39:30.431 (index):527 WAITING_1
15:39:30.432 (index):527 WAITING_2
15:39:30.432 (index):527 WAITING_3
15:39:30.433 (index):527 WAITING_4
15:39:30.433 (index):520 FLOORREQUESTED_5
15:39:30.433 (index):487 FLOORRELEASED_6
15:39:30.434 (index):506 UPDATE_7
15:39:30.434 (index):527 WAITING_8
15:39:30.435 (index):527 WAITING_9
15:39:30.435 (index):527 WAITING_10
15:39:30.436 (index):527 WAITING_0
15:39:30.436 (index):527 WAITING_1
15:39:30.436 (index):527 WAITING_2
15:39:30.437 (index):527 WAITING_3
15:39:30.437 (index):527 WAITING_4
15:39:30.438 (index):527 WAITING_5
15:39:30.438 (index):520 FLOORREQUESTED_6
15:39:30.438 (index):487 FLOORRELEASED_7
15:39:30.439 (index):506 UPDATE_8
15:39:30.439 (index):527 WAITING_9
15:39:30.440 (index):527 WAITING_10
15:39:30.440 (index):527 WAITING_0
15:39:30.440 (index):527 WAITING_1
15:39:30.441 (index):527 WAITING_2
15:39:30.441 (index):527 WAITING_3
15:39:30.442 (index):527 WAITING_4
15:39:30.442 (index):527 WAITING_5
15:39:30.443 (index):527 WAITING_6
15:39:30.443 (index):520 FLOORREQUESTED_7
15:39:30.443 (index):487 FLOORRELEASED_8
15:39:30.444 (index):506 UPDATE_9
15:39:30.444 (index):527 WAITING_10
15:39:30.445 (index):527 WAITING_0
15:39:30.445 (index):527 WAITING_1
15:39:30.445 (index):527 WAITING_2
15:39:30.446 (index):527 WAITING_3
15:39:30.446 (index):527 WAITING_4
15:39:30.447 (index):527 WAITING_5
15:39:30.447 (index):527 WAITING_6
15:39:30.448 (index):527 WAITING_7
15:39:30.448 (index):520 FLOORREQUESTED_8
15:39:30.448 (index):487 FLOORRELEASED_9
15:39:30.449 (index):506 UPDATE_10
15:39:30.449 (index):527 WAITING_0
15:39:30.450 (index):527 WAITING_1
15:39:30.450 (index):527 WAITING_2
15:39:30.450 (index):527 WAITING_3
15:39:30.451 (index):527 WAITING_4
15:39:30.451 (index):527 WAITING_5
15:39:30.452 (index):527 WAITING_6
15:39:30.452 (index):527 WAITING_7
15:39:30.452 (index):527 WAITING_8
15:39:30.453 (index):520 FLOORREQUESTED_9
15:39:30.453 (index):487 FLOORRELEASED_10
15:39:30.454 (index):506 UPDATE_0
15:39:30.454 (index):527 WAITING_1
15:39:30.455 (index):527 WAITING_2
15:39:30.455 (index):527 WAITING_3
15:39:30.455 (index):527 WAITING_4
15:39:30.456 (index):527 WAITING_5
15:39:30.456 (index):527 WAITING_6
15:39:30.457 (index):527 WAITING_7
15:39:30.457 (index):527 WAITING_8
15:39:30.457 (index):527 WAITING_9
15:39:30.458 (index):520 FLOORREQUESTED_10
15:39:30.458 (index):487 FLOORRELEASED_0
15:39:30.459 (index):506 UPDATE_1
15:39:30.459 (index):527 WAITING_2
15:39:30.459 (index):527 WAITING_3
15:39:30.460 (index):527 WAITING_4
15:39:30.460 (index):527 WAITING_5
15:39:30.461 (index):527 WAITING_6
15:39:30.461 (index):527 WAITING_7
15:39:30.462 (index):527 WAITING_8
15:39:30.462 (index):527 WAITING_9
15:39:30.462 (index):527 WAITING_10
15:39:30.463 (index):520 FLOORREQUESTED_0
15:39:30.463 (index):487 FLOORRELEASED_1
15:39:30.464 (index):506 UPDATE_2
15:39:30.464 (index):527 WAITING_3
15:39:30.464 (index):527 WAITING_4
15:39:30.465 (index):527 WAITING_5
15:39:30.465 (index):527 WAITING_6
15:39:30.466 (index):527 WAITING_7
15:39:30.466 (index):527 WAITING_8
15:39:30.467 (index):527 WAITING_9
15:39:30.467 (index):527 WAITING_10
15:39:30.467 (index):527 WAITING_0
15:39:30.468 (index):520 FLOORREQUESTED_1
15:39:30.468 (index):487 FLOORRELEASED_2
15:39:30.469 (index):506 UPDATE_3
15:39:30.469 (index):527 WAITING_4
15:39:30.469 (index):527 WAITING_5
15:39:30.470 (index):527 WAITING_6
15:39:30.470 (index):527 WAITING_7
15:39:30.471 (index):527 WAITING_8
15:39:30.471 (index):527 WAITING_9
15:39:30.471 (index):527 WAITING_10
15:39:30.472 (index):527 WAITING_0
15:39:30.472 (index):527 WAITING_1
15:39:30.473 (index):520 FLOORREQUESTED_2
15:39:30.473 (index):487 FLOORRELEASED_3
15:39:30.474 (index):506 UPDATE_4
15:39:30.474 (index):527 WAITING_5
15:39:30.474 (index):527 WAITING_6
15:39:30.475 (index):527 WAITING_7
15:39:30.475 (index):527 WAITING_8
15:39:30.476 (index):527 WAITING_9
15:39:30.476 (index):527 WAITING_10
15:39:30.476 (index):527 WAITING_0
15:39:30.477 (index):527 WAITING_1
15:39:30.477 (index):527 WAITING_2
15:39:30.478 (index):520 FLOORREQUESTED_3
15:39:30.478 (index):487 FLOORRELEASED_4
15:39:30.479 (index):506 UPDATE_5
15:39:30.479 (index):527 WAITING_6
15:39:30.479 (index):527 WAITING_7
15:39:30.480 (index):527 WAITING_8
15:39:30.480 (index):527 WAITING_9
15:39:30.481 (index):527 WAITING_10
15:39:30.481 (index):527 WAITING_0
15:39:30.481 (index):527 WAITING_1
15:39:30.482 (index):527 WAITING_2
15:39:30.482 (index):527 WAITING_3
15:39:30.483 (index):520 FLOORREQUESTED_4
15:39:30.483 (index):487 FLOORRELEASED_5
15:39:30.484 (index):506 UPDATE_6
15:39:30.484 (index):527 WAITING_7
15:39:30.484 (index):527 WAITING_8
15:39:30.485 (index):527 WAITING_9
15:39:30.485 (index):527 WAITING_10
15:39:30.486 (index):527 WAITING_0
15:39:30.486 (index):527 WAITING_1
15:39:30.487 (index):527 WAITING_2
15:39:30.487 (index):527 WAITING_3
15:39:30.487 (index):527 WAITING_4
15:39:30.488 (index):520 FLOORREQUESTED_5
15:39:30.488 (index):487 FLOORRELEASED_6
15:39:30.489 (index):506 UPDATE_7
15:39:30.489 (index):527 WAITING_8
15:39:30.489 (index):527 WAITING_9
15:39:30.490 (index):527 WAITING_10
15:39:30.490 (index):527 WAITING_0
15:39:30.491 (index):527 WAITING_1
15:39:30.491 (index):527 WAITING_2
15:39:30.492 (index):527 WAITING_3
15:39:30.492 (index):527 WAITING_4
15:39:30.492 (index):527 WAITING_5
15:39:30.493 (index):520 FLOORREQUESTED_6
15:39:30.493 (index):487 FLOORRELEASED_7
15:39:30.494 (index):506 UPDATE_8
15:39:30.494 (index):527 WAITING_9
15:39:30.495 (index):527 WAITING_10
15:39:30.495 (index):527 WAITING_0
15:39:30.495 (index):527 WAITING_1
15:39:30.496 (index):527 WAITING_2
15:39:30.496 (index):527 WAITING_3
15:39:30.497 (index):527 WAITING_4
15:39:30.498 (index):527 WAITING_5
15:39:30.498 (index):527 WAITING_6
15:39:30.499 (index):520 FLOORREQUESTED_7
15:39:30.499 (index):487 FLOORRELEASED_8
15:39:30.499 (index):506 UPDATE_9
15:39:30.500 (index):527 WAITING_10
15:39:30.501 (index):527 WAITING_0
15:39:30.501 (index):527 WAITING_1
15:39:30.502 (index):527 WAITING_2
15:39:30.503 (index):527 WAITING_3
15:39:30.503 (index):527 WAITING_4
15:39:30.504 (index):527 WAITING_5
15:39:30.504 (index):527 WAITING_6
15:39:30.505 (index):527 WAITING_7
15:39:30.506 (index):520 FLOORREQUESTED_8
15:39:30.506 (index):487 FLOORRELEASED_9
15:39:30.507 (index):506 UPDATE_10
15:39:30.507 (index):527 WAITING_0
15:39:30.508 (index):527 WAITING_1
15:39:30.509 (index):527 WAITING_2
15:39:30.509 (index):527 WAITING_3
15:39:30.510 (index):527 WAITING_4
15:39:30.511 (index):527 WAITING_5
15:39:30.511 (index):527 WAITING_6
15:39:30.512 (index):527 WAITING_7
15:39:30.513 (index):527 WAITING_8
15:39:30.513 (index):520 FLOORREQUESTED_9
15:39:30.514 (index):487 FLOORRELEASED_10
15:39:30.515 (index):506 UPDATE_0
15:39:30.515 (index):527 WAITING_1
15:39:30.516 (index):527 WAITING_2
15:39:30.516 (index):527 WAITING_3
15:39:30.517 (index):527 WAITING_4
15:39:30.518 (index):527 WAITING_5
15:39:30.518 (index):527 WAITING_6
15:39:30.519 (index):527 WAITING_7
15:39:30.520 (index):527 WAITING_8
15:39:30.520 (index):527 WAITING_9
15:39:30.521 (index):520 FLOORREQUESTED_10
15:39:30.522 (index):539 END_0
15:39:30.522 (index):506 UPDATE_1
15:39:30.523 (index):527 WAITING_2
15:39:30.524 (index):527 WAITING_3
15:39:30.524 (index):527 WAITING_4
15:39:30.525 (index):527 WAITING_5
15:39:30.526 (index):527 WAITING_6
15:39:30.526 (index):527 WAITING_7
15:39:30.527 (index):527 WAITING_8
15:39:30.528 (index):527 WAITING_9
15:39:30.528 (index):527 WAITING_10
15:39:30.529 (index):539 END_1
15:39:30.530 (index):506 UPDATE_2
15:39:30.530 (index):527 WAITING_3
15:39:30.531 (index):527 WAITING_4
15:39:30.532 (index):527 WAITING_5
15:39:30.532 (index):527 WAITING_6
15:39:30.533 (index):527 WAITING_7
15:39:30.534 (index):527 WAITING_8
15:39:30.534 (index):527 WAITING_9
15:39:30.535 (index):527 WAITING_10
15:39:30.536 (index):539 END_2
15:39:30.536 (index):506 UPDATE_3
15:39:30.537 (index):527 WAITING_4
15:39:30.538 (index):527 WAITING_5
15:39:30.538 (index):527 WAITING_6
15:39:30.539 (index):527 WAITING_7
15:39:30.539 (index):527 WAITING_8
15:39:30.540 (index):527 WAITING_9
15:39:30.541 (index):527 WAITING_10
15:39:30.541 (index):539 END_3
15:39:30.542 (index):506 UPDATE_4
15:39:30.543 (index):527 WAITING_5
15:39:30.543 (index):527 WAITING_6
15:39:30.544 (index):527 WAITING_7
15:39:30.545 (index):527 WAITING_8
15:39:30.545 (index):527 WAITING_9
15:39:30.546 (index):527 WAITING_10
15:39:30.547 (index):539 END_4
15:39:30.547 (index):506 UPDATE_5
15:39:30.548 (index):527 WAITING_6
15:39:30.549 (index):527 WAITING_7
15:39:30.549 (index):527 WAITING_8
15:39:30.550 (index):527 WAITING_9
15:39:30.551 (index):527 WAITING_10
15:39:30.552 (index):539 END_5
15:39:30.553 (index):506 UPDATE_6
15:39:30.553 (index):527 WAITING_7
15:39:30.554 (index):527 WAITING_8
15:39:30.555 (index):527 WAITING_9
15:39:30.555 (index):527 WAITING_10
15:39:30.557 (index):539 END_6
15:39:30.558 (index):506 UPDATE_7
15:39:30.559 (index):527 WAITING_8
15:39:30.559 (index):527 WAITING_9
15:39:30.560 (index):527 WAITING_10
15:39:30.563 (index):539 END_7
15:39:30.563 (index):506 UPDATE_8
15:39:30.564 (index):527 WAITING_9
15:39:30.565 (index):527 WAITING_10
15:39:30.568 (index):539 END_8
15:39:30.569 (index):506 UPDATE_9
15:39:30.569 (index):527 WAITING_10
15:39:30.574 (index):539 END_9
15:39:30.574 (index):506 UPDATE_10
15:39:30.579 (index):539 END_10
