15:39:25.742 (index):584 Tasks: 25; Collaborators: 3    =========================>
15:39:25.743 (index):520 FLOORREQUESTED_0
15:39:25.743 (index):520 FLOORREQUESTED_1
15:39:25.744 (index):520 FLOORREQUESTED_2
15:39:25.747 (index):487 FLOORRELEASED_0
15:39:25.748 (index):487 FLOORRELEASED_1
15:39:25.749 (index):487 FLOORRELEASED_2
15:39:25.752 (index):520 FLOORREQUESTED_0
15:39:25.753 (index):520 FLOORREQUESTED_1
15:39:25.753 (index):520 FLOORREQUESTED_2
15:39:25.756 (index):506 UPDATE_0
15:39:25.757 (index):527 WAITING_1
15:39:25.758 (index):527 WAITING_2
15:39:25.761 (index):487 FLOORRELEASED_0
15:39:25.762 (index):506 UPDATE_1
15:39:25.763 (index):527 WAITING_2
15:39:25.766 (index):520 FLOORREQUESTED_0
15:39:25.766 (index):487 FLOORRELEASED_1
15:39:25.767 (index):506 UPDATE_2
15:39:25.771 (index):527 WAITING_0
15:39:25.771 (index):520 FLOORREQUESTED_1
15:39:25.772 (index):487 FLOORRELEASED_2
15:39:25.775 (index):506 UPDATE_0
15:39:25.776 (index):527 WAITING_1
15:39:25.777 (index):520 FLOORREQUESTED_2
15:39:25.780 (index):487 FLOORRELEASED_0
15:39:25.781 (index):506 UPDATE_1
15:39:25.782 (index):527 WAITING_2
15:39:25.785 (index):520 FLOORREQUESTED_0
15:39:25.785 (index):487 FLOORRELEASED_1
15:39:25.786 (index):506 UPDATE_2
15:39:25.789 (index):527 WAITING_0
15:39:25.790 (index):520 FLOORREQUESTED_1
15:39:25.791 (index):487 FLOORRELEASED_2
15:39:25.794 (index):506 UPDATE_0
15:39:25.795 (index):527 WAITING_1
15:39:25.796 (index):520 FLOORREQUESTED_2
15:39:25.799 (index):487 FLOORRELEASED_0
15:39:25.799 (index):506 UPDATE_1
15:39:25.800 (index):527 WAITING_2
15:39:25.804 (index):520 FLOORREQUESTED_0
15:39:25.804 (index):487 FLOORRELEASED_1
15:39:25.805 (index):506 UPDATE_2
15:39:25.808 (index):527 WAITING_0
15:39:25.809 (index):520 FLOORREQUESTED_1
15:39:25.810 (index):487 FLOORRELEASED_2
15:39:25.813 (index):506 UPDATE_0
15:39:25.814 (index):527 WAITING_1
15:39:25.815 (index):520 FLOORREQUESTED_2
15:39:25.818 (index):487 FLOORRELEASED_0
15:39:25.819 (index):506 UPDATE_1
15:39:25.819 (index):527 WAITING_2
15:39:25.823 (index):520 FLOORREQUESTED_0
15:39:25.823 (index):487 FLOORRELEASED_1
15:39:25.824 (index):506 UPDATE_2
15:39:25.828 (index):527 WAITING_0
15:39:25.828 (index):520 FLOORREQUESTED_1
15:39:25.829 (index):487 FLOORRELEASED_2
15:39:25.832 (index):506 UPDATE_0
15:39:25.833 (index):527 WAITING_1
15:39:25.834 (index):520 FLOORREQUESTED_2
15:39:25.837 (index):487 FLOORRELEASED_0
15:39:25.838 (index):506 UPDATE_1
15:39:25.838 (index):527 WAITING_2
15:39:25.842 (index):520 FLOORREQUESTED_0
15:39:25.842 (index):487 FLOORRELEASED_1
15:39:25.843 (index):506 UPDATE_2
15:39:25.847 (index):527 WAITING_0
15:39:25.847 (index):520 FLOORREQUESTED_1
15:39:25.848 (index):487 FLOORRELEASED_2
15:39:25.851 (index):506 UPDATE_0
15:39:25.852 (index):527 WAITING_1
15:39:25.853 (index):520 FLOORREQUESTED_2
15:39:25.856 (index):487 FLOORRELEASED_0
15:39:25.857 (index):506 UPDATE_1
15:39:25.857 (index):527 WAITING_2
15:39:25.861 (index):520 FLOORREQUESTED_0
15:39:25.861 (index):487 FLOORRELEASED_1
15:39:25.862 (index):506 UPDATE_2
15:39:25.865 (index):527 WAITING_0
15:39:25.866 (index):520 FLOORREQUESTED_1
15:39:25.867 (index):487 FLOORRELEASED_2
15:39:25.870 (index):506 UPDATE_0
15:39:25.871 (index):527 WAITING_1
15:39:25.872 (index):520 FLOORREQUESTED_2
15:39:25.875 (index):487 FLOORRELEASED_0
15:39:25.876 (index):506 UPDATE_1
15:39:25.876 (index):527 WAITING_2
15:39:25.880 (index):520 FLOORREQUESTED_0
15:39:25.880 (index):487 FLOORRELEASED_1
15:39:25.881 (index):506 UPDATE_2
15:39:25.884 (index):527 WAITING_0
15:39:25.885 (index):520 FLOORREQUESTED_1
15:39:25.886 (index):487 FLOORRELEASED_2
15:39:25.889 (index):506 UPDATE_0
15:39:25.890 (index):527 WAITING_1
15:39:25.891 (index):520 FLOORREQUESTED_2
15:39:25.894 (index):487 FLOORRELEASED_0
15:39:25.895 (index):506 UPDATE_1
15:39:25.895 (index):527 WAITING_2
15:39:25.899 (index):520 FLOORREQUESTED_0
15:39:25.899 (index):487 FLOORRELEASED_1
15:39:25.900 (index):506 UPDATE_2
15:39:25.903 (index):527 WAITING_0
15:39:25.904 (index):520 FLOORREQUESTED_1
15:39:25.905 (index):487 FLOORRELEASED_2
15:39:25.908 (index):506 UPDATE_0
15:39:25.909 (index):527 WAITING_1
15:39:25.910 (index):520 FLOORREQUESTED_2
15:39:25.913 (index):487 FLOORRELEASED_0
15:39:25.914 (index):506 UPDATE_1
15:39:25.914 (index):527 WAITING_2
15:39:25.917 (index):520 FLOORREQUESTED_0
15:39:25.918 (index):487 FLOORRELEASED_1
15:39:25.919 (index):506 UPDATE_2
15:39:25.922 (index):527 WAITING_0
15:39:25.923 (index):520 FLOORREQUESTED_1
15:39:25.924 (index):487 FLOORRELEASED_2
15:39:25.927 (index):506 UPDATE_0
15:39:25.928 (index):527 WAITING_1
15:39:25.928 (index):520 FLOORREQUESTED_2
15:39:25.931 (index):487 FLOORRELEASED_0
15:39:25.932 (index):506 UPDATE_1
15:39:25.933 (index):527 WAITING_2
15:39:25.936 (index):520 FLOORREQUESTED_0
15:39:25.937 (index):487 FLOORRELEASED_1
15:39:25.938 (index):506 UPDATE_2
15:39:25.941 (index):527 WAITING_0
15:39:25.942 (index):520 FLOORREQUESTED_1
15:39:25.943 (index):487 FLOORRELEASED_2
15:39:25.946 (index):506 UPDATE_0
15:39:25.947 (index):527 WAITING_1
15:39:25.948 (index):520 FLOORREQUESTED_2
15:39:25.951 (index):487 FLOORRELEASED_0
15:39:25.952 (index):506 UPDATE_1
15:39:25.953 (index):527 WAITING_2
15:39:25.956 (index):520 FLOORREQUESTED_0
15:39:25.956 (index):487 FLOORRELEASED_1
15:39:25.957 (index):506 UPDATE_2
15:39:25.960 (index):527 WAITING_0
15:39:25.961 (index):520 FLOORREQUESTED_1
15:39:25.962 (index):487 FLOORRELEASED_2
15:39:25.965 (index):506 UPDATE_0
15:39:25.966 (index):527 WAITING_1
15:39:25.966 (index):520 FLOORREQUESTED_2
15:39:25.969 (index):487 FLOORRELEASED_0
15:39:25.970 (index):506 UPDATE_1
15:39:25.971 (index):527 WAITING_2
15:39:25.974 (index):520 FLOORREQUESTED_0
15:39:25.975 (index):487 FLOORRELEASED_1
15:39:25.975 (index):506 UPDATE_2
15:39:25.978 (index):527 WAITING_0
15:39:25.979 (index):520 FLOORREQUESTED_1
15:39:25.980 (index):487 FLOORRELEASED_2
15:39:25.983 (index):506 UPDATE_0
15:39:25.984 (index):527 WAITING_1
15:39:25.984 (index):520 FLOORREQUESTED_2
15:39:25.988 (index):539 END_0
15:39:25.988 (index):506 UPDATE_1
15:39:25.989 (index):527 WAITING_2
15:39:25.993 (index):539 END_1
15:39:25.994 (index):506 UPDATE_2
15:39:25.998 (index):539 END_2
