15:39:25.539 (index):577 Tasks: 25; Collaborators: 2    =========================>
15:39:25.540 (index):520 FLOORREQUESTED_0
15:39:25.541 (index):520 FLOORREQUESTED_1
15:39:25.545 (index):487 FLOORRELEASED_0
15:39:25.546 (index):487 FLOORRELEASED_1
15:39:25.550 (index):520 FLOORREQUESTED_0
15:39:25.550 (index):520 FLOORREQUESTED_1
15:39:25.554 (index):506 UPDATE_0
15:39:25.555 (index):527 WAITING_1
15:39:25.559 (index):487 FLOORRELEASED_0
15:39:25.560 (index):506 UPDATE_1
15:39:25.564 (index):520 FLOORREQUESTED_0
15:39:25.565 (index):487 FLOORRELEASED_1
15:39:25.569 (index):506 UPDATE_0
15:39:25.569 (index):520 FLOORREQUESTED_1
15:39:25.573 (index):487 FLOORRELEASED_0
15:39:25.574 (index):506 UPDATE_1
15:39:25.578 (index):520 FLOORREQUESTED_0
15:39:25.579 (index):487 FLOORRELEASED_1
15:39:25.583 (index):506 UPDATE_0
15:39:25.584 (index):520 FLOORREQUESTED_1
15:39:25.588 (index):487 FLOORRELEASED_0
15:39:25.589 (index):506 UPDATE_1
15:39:25.593 (index):520 FLOORREQUESTED_0
15:39:25.594 (index):487 FLOORRELEASED_1
15:39:25.598 (index):506 UPDATE_0
15:39:25.599 (index):520 FLOORREQUESTED_1
15:39:25.603 (index):487 FLOORRELEASED_0
15:39:25.604 (index):506 UPDATE_1
15:39:25.608 (index):520 FLOORREQUESTED_0
15:39:25.609 (index):487 FLOORRELEASED_1
15:39:25.613 (index):506 UPDATE_0
15:39:25.614 (index):520 FLOORREQUESTED_1
15:39:25.618 (index):487 FLOORRELEASED_0
15:39:25.619 (index):506 UPDATE_1
15:39:25.623 (index):520 FLOORREQUESTED_0
15:39:25.624 (index):487 FLOORRELEASED_1
15:39:25.628 (index):506 UPDATE_0
15:39:25.630 (index):520 FLOORREQUESTED_1
15:39:25.633 (index):487 FLOORRELEASED_0
15:39:25.635 (index):506 UPDATE_1
15:39:25.639 (index):520 FLOORREQUESTED_0
15:39:25.641 (index):487 FLOORRELEASED_1
15:39:25.644 (index):506 UPDATE_0
15:39:25.645 (index):520 FLOORREQUESTED_1
15:39:25.648 (index):487 FLOORRELEASED_0
15:39:25.650 (index):506 UPDATE_1
15:39:25.653 (index):520 FLOORREQUESTED_0
15:39:25.655 (index):487 FLOORRELEASED_1
15:39:25.658 (index):506 UPDATE_0
15:39:25.660 (index):520 FLOORREQUESTED_1
15:39:25.663 (index):487 FLOORRELEASED_0
15:39:25.664 (index):506 UPDATE_1
15:39:25.668 (index):520 FLOORREQUESTED_0
15:39:25.669 (index):487 FLOORRELEASED_1
15:39:25.672 (index):506 UPDATE_0
15:39:25.674 (index):520 FLOORREQUESTED_1
15:39:25.677 (index):487 FLOORRELEASED_0
15:39:25.678 (index):506 UPDATE_1
15:39:25.682 (index):520 FLOORREQUESTED_0
15:39:25.683 (index):487 FLOORRELEASED_1
15:39:25.687 (index):506 UPDATE_0
15:39:25.688 (index):520 FLOORREQUESTED_1
15:39:25.692 (index):487 FLOORRELEASED_0
15:39:25.693 (index):506 UPDATE_1
15:39:25.696 (index):520 FLOORREQUESTED_0
15:39:25.697 (index):487 FLOORRELEASED_1
15:39:25.701 (index):506 UPDATE_0
15:39:25.702 (index):520 FLOORREQUESTED_1
15:39:25.706 (index):487 FLOORRELEASED_0
15:39:25.707 (index):506 UPDATE_1
15:39:25.711 (index):520 FLOORREQUESTED_0
15:39:25.712 (index):487 FLOORRELEASED_1
15:39:25.716 (index):506 UPDATE_0
15:39:25.717 (index):520 FLOORREQUESTED_1
15:39:25.721 (index):487 FLOORRELEASED_0
15:39:25.722 (index):506 UPDATE_1
15:39:25.726 (index):520 FLOORREQUESTED_0
15:39:25.727 (index):487 FLOORRELEASED_1
15:39:25.732 (index):506 UPDATE_0
15:39:25.732 (index):520 FLOORREQUESTED_1
15:39:25.736 (index):539 END_0
15:39:25.737 (index):506 UPDATE_1
15:39:25.741 (index):539 END_1
