15:59:54.335 fiddle.jshell.net/:755 Tasks: 25; Collaborators: 1    =========================>
15:59:54.336 fiddle.jshell.net/:694 NODEACCESSREQUESTED_0
15:59:55.337 fiddle.jshell.net/:674 THINKING_0
15:59:59.685 (index):682 UPDATE_0
15:59:59.786 (index):664 NODEACCESSRELEASED_0
16:00:00.806 (index):694 NODEACCESSREQUESTED_0
16:00:01.807 (index):682 UPDATE_0
16:00:01.907 (index):664 NODEACCESSRELEASED_0
16:00:03.160 (index):694 NODEACCESSREQUESTED_0
16:00:04.160 (index):682 UPDATE_0
16:00:04.313 (index):674 THINKING_0
16:00:06.941 (index):682 UPDATE_0
16:00:07.186 (index):674 THINKING_0
16:00:12.223 (index):682 UPDATE_0
16:00:12.378 (index):664 NODEACCESSRELEASED_0
16:00:13.380 (index):694 NODEACCESSREQUESTED_0
16:00:14.449 (index):682 UPDATE_0
16:00:14.666 (index):674 THINKING_0
16:00:17.004 (index):682 UPDATE_0
16:00:17.143 (index):664 NODEACCESSRELEASED_0
16:00:18.281 (index):694 NODEACCESSREQUESTED_0
16:00:19.281 (index):682 UPDATE_0
16:00:19.383 (index):664 NODEACCESSRELEASED_0
16:00:20.384 (index):694 NODEACCESSREQUESTED_0
16:00:21.479 (index):682 UPDATE_0
16:00:21.594 (index):674 THINKING_0
16:00:25.588 (index):682 UPDATE_0
16:00:25.689 (index):664 NODEACCESSRELEASED_0
16:00:26.692 (index):694 NODEACCESSREQUESTED_0
16:00:27.714 (index):682 UPDATE_0
16:00:27.814 (index):664 NODEACCESSRELEASED_0
16:00:28.816 (index):694 NODEACCESSREQUESTED_0
16:00:29.817 (index):682 UPDATE_0
16:00:29.918 (index):664 NODEACCESSRELEASED_0
16:00:30.919 (index):694 NODEACCESSREQUESTED_0
16:00:31.920 (index):682 UPDATE_0
16:00:32.021 (index):723 END_0
