16:05:11.806 (index):823 Tasks: 25; Collaborators: 7    =========================>
16:05:11.806 (index):694 NODEACCESSREQUESTED_0
16:05:11.807 (index):694 NODEACCESSREQUESTED_1
16:05:11.807 (index):694 NODEACCESSREQUESTED_2
16:05:11.808 (index):694 NODEACCESSREQUESTED_3
16:05:11.808 (index):694 NODEACCESSREQUESTED_4
16:05:11.809 (index):694 NODEACCESSREQUESTED_5
16:05:11.809 (index):694 NODEACCESSREQUESTED_6
16:05:12.807 (index):674 THINKING_0
16:05:12.808 (index):674 THINKING_1
16:05:12.808 (index):664 NODEACCESSRELEASED_2
16:05:12.809 (index):664 NODEACCESSRELEASED_3
16:05:12.810 (index):664 NODEACCESSRELEASED_4
16:05:12.812 (index):664 NODEACCESSRELEASED_5
16:05:12.813 (index):674 THINKING_6
16:05:13.809 (index):694 NODEACCESSREQUESTED_2
16:05:13.811 (index):694 NODEACCESSREQUESTED_3
16:05:13.812 (index):694 NODEACCESSREQUESTED_4
16:05:13.813 (index):694 NODEACCESSREQUESTED_5
16:05:14.811 (index):682 UPDATE_2
16:05:14.812 (index):682 UPDATE_3
16:05:14.813 (index):682 UPDATE_4
16:05:14.815 (index):682 UPDATE_5
16:05:14.912 (index):664 NODEACCESSRELEASED_2
16:05:14.913 (index):664 NODEACCESSRELEASED_3
16:05:14.915 (index):664 NODEACCESSRELEASED_4
16:05:14.916 (index):674 THINKING_5
16:05:15.532 (index):682 UPDATE_6
16:05:15.633 (index):664 NODEACCESSRELEASED_6
16:05:15.753 (index):682 UPDATE_1
16:05:15.855 (index):664 NODEACCESSRELEASED_1
16:05:15.914 (index):694 NODEACCESSREQUESTED_2
16:05:15.915 (index):694 NODEACCESSREQUESTED_3
16:05:15.916 (index):694 NODEACCESSREQUESTED_4
16:05:16.634 (index):694 NODEACCESSREQUESTED_6
16:05:16.856 (index):694 NODEACCESSREQUESTED_1
16:05:16.915 (index):682 UPDATE_2
16:05:16.916 (index):682 UPDATE_3
16:05:16.916 (index):682 UPDATE_4
16:05:17.016 (index):664 NODEACCESSRELEASED_2
16:05:17.017 (index):674 THINKING_3
16:05:17.018 (index):664 NODEACCESSRELEASED_4
16:05:17.156 (index):682 UPDATE_0
16:05:17.257 (index):664 NODEACCESSRELEASED_0
16:05:17.330 (index):682 UPDATE_5
16:05:17.431 (index):664 NODEACCESSRELEASED_5
16:05:17.635 (index):682 UPDATE_6
16:05:17.737 (index):664 NODEACCESSRELEASED_6
16:05:17.857 (index):682 UPDATE_1
16:05:17.958 (index):674 THINKING_1
16:05:18.017 (index):694 NODEACCESSREQUESTED_2
16:05:18.019 (index):694 NODEACCESSREQUESTED_4
16:05:18.259 (index):694 NODEACCESSREQUESTED_0
16:05:18.432 (index):694 NODEACCESSREQUESTED_5
16:05:18.738 (index):694 NODEACCESSREQUESTED_6
16:05:19.018 (index):682 UPDATE_2
16:05:19.020 (index):682 UPDATE_4
16:05:19.119 (index):674 THINKING_2
16:05:19.121 (index):664 NODEACCESSRELEASED_4
16:05:19.260 (index):682 UPDATE_0
16:05:19.361 (index):664 NODEACCESSRELEASED_0
16:05:19.433 (index):682 UPDATE_5
16:05:19.534 (index):674 THINKING_5
16:05:19.739 (index):682 UPDATE_6
16:05:19.840 (index):664 NODEACCESSRELEASED_6
16:05:20.122 (index):694 NODEACCESSREQUESTED_4
16:05:20.363 (index):694 NODEACCESSREQUESTED_0
16:05:20.841 (index):694 NODEACCESSREQUESTED_6
16:05:21.124 (index):682 UPDATE_4
16:05:21.134 (index):682 UPDATE_3
16:05:21.225 (index):664 NODEACCESSRELEASED_4
16:05:21.235 (index):664 NODEACCESSRELEASED_3
16:05:21.364 (index):682 UPDATE_0
16:05:21.466 (index):674 THINKING_0
16:05:21.507 (index):682 UPDATE_1
16:05:21.609 (index):674 THINKING_1
16:05:21.839 (index):682 UPDATE_2
16:05:21.842 (index):682 UPDATE_6
16:05:21.941 (index):664 NODEACCESSRELEASED_2
16:05:21.943 (index):664 NODEACCESSRELEASED_6
16:05:22.227 (index):694 NODEACCESSREQUESTED_4
16:05:22.236 (index):694 NODEACCESSREQUESTED_3
16:05:22.675 (index):682 UPDATE_5
16:05:22.776 (index):664 NODEACCESSRELEASED_5
16:05:22.942 (index):694 NODEACCESSREQUESTED_2
16:05:22.944 (index):694 NODEACCESSREQUESTED_6
16:05:23.228 (index):682 UPDATE_4
16:05:23.238 (index):682 UPDATE_3
16:05:23.329 (index):674 THINKING_4
16:05:23.339 (index):664 NODEACCESSRELEASED_3
16:05:23.777 (index):694 NODEACCESSREQUESTED_5
16:05:23.944 (index):682 UPDATE_2
16:05:23.946 (index):682 UPDATE_6
16:05:24.036 (index):682 UPDATE_0
16:05:24.045 (index):664 NODEACCESSRELEASED_2
16:05:24.047 (index):664 NODEACCESSRELEASED_6
16:05:24.137 (index):674 THINKING_0
16:05:24.340 (index):694 NODEACCESSREQUESTED_3
16:05:24.778 (index):682 UPDATE_5
16:05:24.879 (index):674 THINKING_5
16:05:25.046 (index):694 NODEACCESSREQUESTED_2
16:05:25.048 (index):694 NODEACCESSREQUESTED_6
16:05:25.341 (index):682 UPDATE_3
16:05:25.443 (index):664 NODEACCESSRELEASED_3
16:05:25.768 (index):682 UPDATE_4
16:05:25.869 (index):664 NODEACCESSRELEASED_4
16:05:26.002 (index):682 UPDATE_1
16:05:26.047 (index):682 UPDATE_2
16:05:26.049 (index):682 UPDATE_6
16:05:26.103 (index):664 NODEACCESSRELEASED_1
16:05:26.149 (index):674 THINKING_2
16:05:26.150 (index):674 THINKING_6
16:05:26.444 (index):694 NODEACCESSREQUESTED_3
16:05:26.870 (index):694 NODEACCESSREQUESTED_4
16:05:27.105 (index):694 NODEACCESSREQUESTED_1
16:05:27.446 (index):682 UPDATE_3
16:05:27.547 (index):664 NODEACCESSRELEASED_3
16:05:27.871 (index):682 UPDATE_4
16:05:27.972 (index):674 THINKING_4
16:05:28.106 (index):682 UPDATE_1
16:05:28.207 (index):674 THINKING_1
16:05:28.421 (index):682 UPDATE_6
16:05:28.522 (index):674 THINKING_6
16:05:28.548 (index):694 NODEACCESSREQUESTED_3
16:05:28.700 (index):682 UPDATE_2
16:05:28.801 (index):674 THINKING_2
16:05:29.079 (index):682 UPDATE_0
16:05:29.181 (index):664 NODEACCESSRELEASED_0
16:05:29.461 (index):682 UPDATE_5
16:05:29.550 (index):682 UPDATE_3
16:05:29.562 (index):674 THINKING_5
16:05:29.651 (index):664 NODEACCESSRELEASED_3
16:05:30.182 (index):694 NODEACCESSREQUESTED_0
16:05:30.518 (index):682 UPDATE_1
16:05:30.619 (index):664 NODEACCESSRELEASED_1
16:05:30.652 (index):694 NODEACCESSREQUESTED_3
16:05:31.028 (index):682 UPDATE_2
16:05:31.129 (index):674 THINKING_2
16:05:31.183 (index):682 UPDATE_0
16:05:31.285 (index):674 THINKING_0
16:05:31.476 (index):682 UPDATE_6
16:05:31.577 (index):664 NODEACCESSRELEASED_6
16:05:31.604 (index):682 UPDATE_5
16:05:31.621 (index):694 NODEACCESSREQUESTED_1
16:05:31.654 (index):682 UPDATE_3
16:05:31.706 (index):664 NODEACCESSRELEASED_5
16:05:31.755 (index):674 THINKING_3
16:05:32.181 (index):682 UPDATE_4
16:05:32.283 (index):674 THINKING_4
16:05:32.579 (index):694 NODEACCESSREQUESTED_6
16:05:32.622 (index):682 UPDATE_1
16:05:32.707 (index):694 NODEACCESSREQUESTED_5
16:05:32.723 (index):674 THINKING_1
16:05:33.442 (index):682 UPDATE_0
16:05:33.543 (index):664 NODEACCESSRELEASED_0
16:05:33.580 (index):682 UPDATE_6
16:05:33.682 (index):664 NODEACCESSRELEASED_6
16:05:33.709 (index):682 UPDATE_5
16:05:33.810 (index):674 THINKING_5
16:05:34.162 (index):682 UPDATE_3
16:05:34.263 (index):664 NODEACCESSRELEASED_3
16:05:34.544 (index):694 NODEACCESSREQUESTED_0
16:05:34.683 (index):694 NODEACCESSREQUESTED_6
16:05:35.265 (index):694 NODEACCESSREQUESTED_3
16:05:35.546 (index):682 UPDATE_0
16:05:35.647 (index):664 NODEACCESSRELEASED_0
16:05:35.654 (index):682 UPDATE_1
16:05:35.684 (index):682 UPDATE_6
16:05:35.755 (index):674 THINKING_1
16:05:35.785 (index):664 NODEACCESSRELEASED_6
16:05:35.984 (index):682 UPDATE_2
16:05:36.086 (index):664 NODEACCESSRELEASED_2
16:05:36.242 (index):682 UPDATE_4
16:05:36.266 (index):682 UPDATE_3
16:05:36.343 (index):674 THINKING_4
16:05:36.367 (index):664 NODEACCESSRELEASED_3
16:05:36.648 (index):694 NODEACCESSREQUESTED_0
16:05:36.787 (index):694 NODEACCESSREQUESTED_6
16:05:37.087 (index):694 NODEACCESSREQUESTED_2
16:05:37.369 (index):694 NODEACCESSREQUESTED_3
16:05:37.649 (index):682 UPDATE_0
16:05:37.751 (index):674 THINKING_0
16:05:37.788 (index):682 UPDATE_6
16:05:37.889 (index):664 NODEACCESSRELEASED_6
16:05:38.088 (index):682 UPDATE_2
16:05:38.190 (index):664 NODEACCESSRELEASED_2
16:05:38.370 (index):682 UPDATE_3
16:05:38.471 (index):674 THINKING_3
16:05:38.745 (index):682 UPDATE_5
16:05:38.847 (index):664 NODEACCESSRELEASED_5
16:05:38.891 (index):694 NODEACCESSREQUESTED_6
16:05:39.110 (index):682 UPDATE_4
16:05:39.191 (index):694 NODEACCESSREQUESTED_2
16:05:39.211 (index):664 NODEACCESSRELEASED_4
16:05:39.848 (index):694 NODEACCESSREQUESTED_5
16:05:39.892 (index):682 UPDATE_6
16:05:39.993 (index):664 NODEACCESSRELEASED_6
16:05:40.192 (index):682 UPDATE_2
16:05:40.212 (index):694 NODEACCESSREQUESTED_4
16:05:40.294 (index):664 NODEACCESSRELEASED_2
16:05:40.365 (index):682 UPDATE_1
16:05:40.466 (index):674 THINKING_1
16:05:40.809 (index):682 UPDATE_3
16:05:40.849 (index):682 UPDATE_5
16:05:40.910 (index):664 NODEACCESSRELEASED_3
16:05:40.951 (index):664 NODEACCESSRELEASED_5
16:05:40.995 (index):694 NODEACCESSREQUESTED_6
16:05:41.213 (index):682 UPDATE_4
16:05:41.295 (index):694 NODEACCESSREQUESTED_2
16:05:41.314 (index):664 NODEACCESSRELEASED_4
16:05:41.746 (index):682 UPDATE_0
16:05:41.847 (index):664 NODEACCESSRELEASED_0
16:05:41.912 (index):694 NODEACCESSREQUESTED_3
16:05:41.952 (index):694 NODEACCESSREQUESTED_5
16:05:41.996 (index):682 UPDATE_6
16:05:42.097 (index):723 END_6
16:05:42.296 (index):682 UPDATE_2
16:05:42.315 (index):694 NODEACCESSREQUESTED_4
16:05:42.398 (index):664 NODEACCESSRELEASED_2
16:05:42.849 (index):694 NODEACCESSREQUESTED_0
16:05:42.913 (index):682 UPDATE_3
16:05:42.953 (index):682 UPDATE_5
16:05:43.014 (index):723 END_3
16:05:43.055 (index):664 NODEACCESSRELEASED_5
16:05:43.316 (index):682 UPDATE_4
16:05:43.399 (index):694 NODEACCESSREQUESTED_2
16:05:43.417 (index):674 THINKING_4
16:05:43.850 (index):682 UPDATE_0
16:05:43.951 (index):664 NODEACCESSRELEASED_0
16:05:44.055 (index):694 NODEACCESSREQUESTED_5
16:05:44.400 (index):682 UPDATE_2
16:05:44.501 (index):723 END_2
16:05:44.658 (index):682 UPDATE_1
16:05:44.759 (index):664 NODEACCESSRELEASED_1
16:05:44.953 (index):694 NODEACCESSREQUESTED_0
16:05:45.056 (index):682 UPDATE_5
16:05:45.158 (index):664 NODEACCESSRELEASED_5
16:05:45.761 (index):694 NODEACCESSREQUESTED_1
16:05:45.954 (index):682 UPDATE_0
16:05:46.055 (index):664 NODEACCESSRELEASED_0
16:05:46.159 (index):694 NODEACCESSREQUESTED_5
16:05:46.762 (index):682 UPDATE_1
16:05:46.864 (index):674 THINKING_1
16:05:47.057 (index):694 NODEACCESSREQUESTED_0
16:05:47.160 (index):682 UPDATE_5
16:05:47.261 (index):723 END_5
16:05:47.807 (index):682 UPDATE_4
16:05:47.909 (index):723 END_4
16:05:48.058 (index):682 UPDATE_0
16:05:48.159 (index):723 END_0
16:05:49.042 (index):682 UPDATE_1
16:05:49.143 (index):664 NODEACCESSRELEASED_1
16:05:50.145 (index):694 NODEACCESSREQUESTED_1
16:05:51.146 (index):682 UPDATE_1
16:05:51.247 (index):723 END_1
