16:14:03.230 (index):1048 Tasks: 25; Collaborators: 16    =========================>
16:14:03.231 (index):694 NODEACCESSREQUESTED_0
16:14:03.231 (index):694 NODEACCESSREQUESTED_1
16:14:03.232 (index):694 NODEACCESSREQUESTED_2
16:14:03.232 (index):694 NODEACCESSREQUESTED_3
16:14:03.233 (index):694 NODEACCESSREQUESTED_4
16:14:03.233 (index):694 NODEACCESSREQUESTED_5
16:14:03.234 (index):694 NODEACCESSREQUESTED_6
16:14:03.234 (index):694 NODEACCESSREQUESTED_7
16:14:03.235 (index):694 NODEACCESSREQUESTED_8
16:14:03.235 (index):694 NODEACCESSREQUESTED_9
16:14:03.236 (index):694 NODEACCESSREQUESTED_10
16:14:03.236 (index):694 NODEACCESSREQUESTED_11
16:14:03.237 (index):694 NODEACCESSREQUESTED_12
16:14:03.237 (index):694 NODEACCESSREQUESTED_13
16:14:03.237 (index):694 NODEACCESSREQUESTED_14
16:14:03.238 (index):694 NODEACCESSREQUESTED_15
16:14:05.226 (index):674 THINKING_0
16:14:05.229 (index):674 THINKING_1
16:14:05.230 (index):664 NODEACCESSRELEASED_2
16:14:05.231 (index):664 NODEACCESSRELEASED_3
16:14:05.232 (index):664 NODEACCESSRELEASED_4
16:14:05.233 (index):664 NODEACCESSRELEASED_5
16:14:05.233 (index):674 THINKING_6
16:14:05.234 (index):664 NODEACCESSRELEASED_7
16:14:05.235 (index):674 THINKING_8
16:14:05.236 (index):664 NODEACCESSRELEASED_9
16:14:05.237 (index):664 NODEACCESSRELEASED_10
16:14:05.238 (index):674 THINKING_11
16:14:05.238 (index):664 NODEACCESSRELEASED_12
16:14:05.239 (index):674 THINKING_13
16:14:05.239 (index):674 THINKING_14
16:14:05.240 (index):674 THINKING_15
16:14:07.226 (index):694 NODEACCESSREQUESTED_2
16:14:07.227 (index):694 NODEACCESSREQUESTED_3
16:14:07.228 (index):694 NODEACCESSREQUESTED_4
16:14:07.229 (index):694 NODEACCESSREQUESTED_5
16:14:07.230 (index):694 NODEACCESSREQUESTED_7
16:14:07.231 (index):694 NODEACCESSREQUESTED_9
16:14:07.232 (index):694 NODEACCESSREQUESTED_10
16:14:07.233 (index):694 NODEACCESSREQUESTED_12
16:14:08.226 (index):682 UPDATE_8
16:14:08.227 (index):682 UPDATE_11
16:14:08.228 (index):682 UPDATE_6
16:14:08.229 (index):682 UPDATE_1
16:14:09.226 (index):682 UPDATE_2
16:14:09.227 (index):682 UPDATE_3
16:14:09.228 (index):682 UPDATE_4
16:14:09.232 (index):682 UPDATE_5
16:14:09.233 (index):682 UPDATE_7
16:14:09.234 (index):682 UPDATE_9
16:14:09.235 (index):682 UPDATE_10
16:14:09.236 (index):682 UPDATE_12
16:14:09.236 (index):674 THINKING_8
16:14:09.237 (index):674 THINKING_11
16:14:09.238 (index):664 NODEACCESSRELEASED_6
16:14:09.238 (index):664 NODEACCESSRELEASED_1
16:14:09.239 (index):682 UPDATE_15
16:14:10.226 (index):664 NODEACCESSRELEASED_2
16:14:10.228 (index):664 NODEACCESSRELEASED_3
16:14:10.229 (index):664 NODEACCESSRELEASED_4
16:14:10.231 (index):674 THINKING_5
16:14:10.231 (index):664 NODEACCESSRELEASED_7
16:14:10.233 (index):674 THINKING_9
16:14:10.234 (index):674 THINKING_10
16:14:10.235 (index):664 NODEACCESSRELEASED_12
16:14:10.236 (index):664 NODEACCESSRELEASED_15
16:14:10.237 (index):682 UPDATE_13
16:14:10.238 (index):682 UPDATE_0
16:14:10.238 (index):682 UPDATE_14
16:14:11.226 (index):694 NODEACCESSREQUESTED_6
16:14:11.227 (index):694 NODEACCESSREQUESTED_1
16:14:11.228 (index):664 NODEACCESSRELEASED_13
16:14:11.229 (index):664 NODEACCESSRELEASED_0
16:14:11.231 (index):664 NODEACCESSRELEASED_14
16:14:12.119 (index):694 NODEACCESSREQUESTED_2
16:14:12.120 (index):694 NODEACCESSREQUESTED_3
16:14:12.121 (index):694 NODEACCESSREQUESTED_4
16:14:12.122 (index):694 NODEACCESSREQUESTED_7
16:14:12.124 (index):694 NODEACCESSREQUESTED_12
16:14:12.125 (index):694 NODEACCESSREQUESTED_15
16:14:12.228 (index):682 UPDATE_6
16:14:12.228 (index):682 UPDATE_1
16:14:12.230 (index):694 NODEACCESSREQUESTED_13
16:14:12.231 (index):694 NODEACCESSREQUESTED_0
16:14:12.232 (index):694 NODEACCESSREQUESTED_14
16:14:12.286 (index):682 UPDATE_10
16:14:12.329 (index):664 NODEACCESSRELEASED_6
16:14:12.329 (index):674 THINKING_1
16:14:12.387 (index):664 NODEACCESSRELEASED_10
16:14:12.534 (index):682 UPDATE_11
16:14:12.635 (index):664 NODEACCESSRELEASED_11
16:14:12.646 (index):682 UPDATE_5
16:14:12.747 (index):664 NODEACCESSRELEASED_5
16:14:13.120 (index):682 UPDATE_2
16:14:13.121 (index):682 UPDATE_3
16:14:13.122 (index):682 UPDATE_4
16:14:13.124 (index):682 UPDATE_7
16:14:13.125 (index):682 UPDATE_12
16:14:13.126 (index):682 UPDATE_15
16:14:13.221 (index):664 NODEACCESSRELEASED_2
16:14:13.222 (index):674 THINKING_3
16:14:13.223 (index):664 NODEACCESSRELEASED_4
16:14:13.225 (index):664 NODEACCESSRELEASED_7
16:14:13.226 (index):664 NODEACCESSRELEASED_12
16:14:13.227 (index):664 NODEACCESSRELEASED_15
16:14:13.230 (index):682 UPDATE_13
16:14:13.231 (index):682 UPDATE_0
16:14:13.232 (index):682 UPDATE_14
16:14:13.329 (index):694 NODEACCESSREQUESTED_6
16:14:13.331 (index):664 NODEACCESSRELEASED_13
16:14:13.333 (index):664 NODEACCESSRELEASED_0
16:14:13.334 (index):674 THINKING_14
16:14:13.388 (index):694 NODEACCESSREQUESTED_10
16:14:13.639 (index):694 NODEACCESSREQUESTED_11
16:14:13.677 (index):682 UPDATE_8
16:14:13.748 (index):694 NODEACCESSREQUESTED_5
16:14:13.778 (index):664 NODEACCESSRELEASED_8
16:14:14.230 (index):694 NODEACCESSREQUESTED_2
16:14:14.230 (index):694 NODEACCESSREQUESTED_4
16:14:14.231 (index):694 NODEACCESSREQUESTED_7
16:14:14.232 (index):694 NODEACCESSREQUESTED_12
16:14:14.232 (index):694 NODEACCESSREQUESTED_15
16:14:14.331 (index):682 UPDATE_6
16:14:14.333 (index):694 NODEACCESSREQUESTED_13
16:14:14.334 (index):694 NODEACCESSREQUESTED_0
16:14:14.389 (index):682 UPDATE_10
16:14:14.432 (index):664 NODEACCESSRELEASED_6
16:14:14.491 (index):674 THINKING_10
16:14:14.640 (index):682 UPDATE_11
16:14:14.741 (index):664 NODEACCESSRELEASED_11
16:14:14.745 (index):682 UPDATE_9
16:14:14.749 (index):682 UPDATE_5
16:14:14.779 (index):694 NODEACCESSREQUESTED_8
16:14:14.846 (index):674 THINKING_9
16:14:14.850 (index):674 THINKING_5
16:14:15.256 (index):682 UPDATE_2
16:14:15.256 (index):682 UPDATE_4
16:14:15.257 (index):682 UPDATE_7
16:14:15.257 (index):682 UPDATE_12
16:14:15.327 (index):682 UPDATE_15
16:14:15.337 (index):682 UPDATE_13
16:14:15.338 (index):682 UPDATE_0
16:14:15.472 (index):674 THINKING_2
16:14:15.472 (index):664 NODEACCESSRELEASED_4
16:14:15.473 (index):674 THINKING_7
16:14:15.473 (index):674 THINKING_12
16:14:15.534 (index):674 THINKING_15
16:14:15.535 (index):694 NODEACCESSREQUESTED_6
16:14:15.535 (index):664 NODEACCESSRELEASED_13
16:14:15.536 (index):674 THINKING_0
16:14:15.973 (index):694 NODEACCESSREQUESTED_11
16:14:15.974 (index):682 UPDATE_8
16:14:15.975 (index):682 UPDATE_1
16:14:16.093 (index):674 THINKING_8
16:14:16.094 (index):674 THINKING_1
16:14:16.449 (index):682 UPDATE_14
16:14:16.531 (index):694 NODEACCESSREQUESTED_4
16:14:16.616 (index):682 UPDATE_6
16:14:16.617 (index):694 NODEACCESSREQUESTED_13
16:14:16.617 (index):664 NODEACCESSRELEASED_14
16:14:16.882 (index):664 NODEACCESSRELEASED_6
16:14:17.019 (index):682 UPDATE_11
16:14:17.327 (index):664 NODEACCESSRELEASED_11
16:14:17.328 (index):682 UPDATE_9
16:14:17.403 (index):682 UPDATE_3
16:14:17.463 (index):664 NODEACCESSRELEASED_9
16:14:17.468 (index):682 UPDATE_10
16:14:17.638 (index):664 NODEACCESSRELEASED_3
16:14:17.639 (index):682 UPDATE_4
16:14:17.639 (index):664 NODEACCESSRELEASED_10
16:14:17.640 (index):682 UPDATE_13
16:14:17.700 (index):694 NODEACCESSREQUESTED_14
16:14:17.701 (index):682 UPDATE_7
16:14:17.772 (index):664 NODEACCESSRELEASED_4
16:14:17.773 (index):664 NODEACCESSRELEASED_13
16:14:17.835 (index):664 NODEACCESSRELEASED_7
16:14:18.077 (index):694 NODEACCESSREQUESTED_6
16:14:18.078 (index):682 UPDATE_5
16:14:18.139 (index):682 UPDATE_0
16:14:18.198 (index):664 NODEACCESSRELEASED_5
16:14:18.199 (index):682 UPDATE_2
16:14:18.287 (index):674 THINKING_0
16:14:18.353 (index):664 NODEACCESSRELEASED_2
16:14:18.354 (index):694 NODEACCESSREQUESTED_11
16:14:18.596 (index):694 NODEACCESSREQUESTED_9
16:14:18.666 (index):694 NODEACCESSREQUESTED_3
16:14:18.666 (index):694 NODEACCESSREQUESTED_10
16:14:18.739 (index):682 UPDATE_14
16:14:18.830 (index):694 NODEACCESSREQUESTED_4
16:14:18.830 (index):694 NODEACCESSREQUESTED_13
16:14:19.065 (index):694 NODEACCESSREQUESTED_7
16:14:19.066 (index):664 NODEACCESSRELEASED_14
16:14:19.128 (index):682 UPDATE_6
16:14:19.199 (index):694 NODEACCESSREQUESTED_5
16:14:19.230 (index):664 NODEACCESSRELEASED_6
16:14:19.354 (index):694 NODEACCESSREQUESTED_2
16:14:19.356 (index):682 UPDATE_11
16:14:19.457 (index):674 THINKING_11
16:14:19.827 (index):682 UPDATE_9
16:14:19.828 (index):682 UPDATE_3
16:14:19.829 (index):682 UPDATE_10
16:14:19.893 (index):682 UPDATE_4
16:14:19.894 (index):682 UPDATE_13
16:14:19.894 (index):682 UPDATE_15
16:14:19.951 (index):664 NODEACCESSRELEASED_9
16:14:19.952 (index):664 NODEACCESSRELEASED_3
16:14:19.953 (index):674 THINKING_10
16:14:19.994 (index):674 THINKING_4
16:14:19.995 (index):664 NODEACCESSRELEASED_13
16:14:19.996 (index):674 THINKING_15
16:14:20.066 (index):682 UPDATE_7
16:14:20.068 (index):694 NODEACCESSREQUESTED_14
16:14:20.132 (index):682 UPDATE_12
16:14:20.168 (index):674 THINKING_7
16:14:20.200 (index):682 UPDATE_5
16:14:20.231 (index):694 NODEACCESSREQUESTED_6
16:14:20.233 (index):664 NODEACCESSRELEASED_12
16:14:20.301 (index):674 THINKING_5
16:14:20.356 (index):682 UPDATE_2
16:14:20.457 (index):664 NODEACCESSRELEASED_2
16:14:20.487 (index):682 UPDATE_1
16:14:20.588 (index):664 NODEACCESSRELEASED_1
16:14:20.616 (index):682 UPDATE_8
16:14:20.749 (index):664 NODEACCESSRELEASED_8
16:14:20.959 (index):694 NODEACCESSREQUESTED_9
16:14:20.960 (index):694 NODEACCESSREQUESTED_3
16:14:21.203 (index):694 NODEACCESSREQUESTED_13
16:14:21.204 (index):682 UPDATE_14
16:14:21.266 (index):682 UPDATE_6
16:14:21.267 (index):694 NODEACCESSREQUESTED_12
16:14:21.330 (index):664 NODEACCESSRELEASED_14
16:14:21.367 (index):674 THINKING_6
16:14:21.459 (index):694 NODEACCESSREQUESTED_2
16:14:21.599 (index):694 NODEACCESSREQUESTED_1
16:14:21.788 (index):694 NODEACCESSREQUESTED_8
16:14:22.126 (index):682 UPDATE_9
16:14:22.127 (index):682 UPDATE_3
16:14:22.190 (index):682 UPDATE_15
16:14:22.255 (index):682 UPDATE_13
16:14:22.256 (index):664 NODEACCESSRELEASED_9
16:14:22.256 (index):664 NODEACCESSRELEASED_3
16:14:22.268 (index):682 UPDATE_12
16:14:22.291 (index):664 NODEACCESSRELEASED_15
16:14:22.331 (index):694 NODEACCESSREQUESTED_14
16:14:22.356 (index):664 NODEACCESSRELEASED_13
16:14:22.369 (index):664 NODEACCESSRELEASED_12
16:14:22.432 (index):682 UPDATE_4
16:14:22.560 (index):682 UPDATE_2
16:14:22.561 (index):664 NODEACCESSRELEASED_4
16:14:22.624 (index):682 UPDATE_1
16:14:22.683 (index):674 THINKING_2
16:14:22.743 (index):674 THINKING_1
16:14:22.789 (index):682 UPDATE_8
16:14:22.890 (index):664 NODEACCESSRELEASED_8
16:14:23.228 (index):682 UPDATE_0
16:14:23.257 (index):694 NODEACCESSREQUESTED_9
16:14:23.257 (index):694 NODEACCESSREQUESTED_3
16:14:23.291 (index):694 NODEACCESSREQUESTED_15
16:14:23.330 (index):664 NODEACCESSRELEASED_0
16:14:23.332 (index):682 UPDATE_14
16:14:23.358 (index):694 NODEACCESSREQUESTED_13
16:14:23.370 (index):694 NODEACCESSREQUESTED_12
16:14:23.433 (index):664 NODEACCESSRELEASED_14
16:14:23.562 (index):694 NODEACCESSREQUESTED_4
16:14:23.639 (index):682 UPDATE_6
16:14:23.735 (index):682 UPDATE_11
16:14:23.740 (index):674 THINKING_6
16:14:23.836 (index):664 NODEACCESSRELEASED_11
16:14:23.891 (index):694 NODEACCESSREQUESTED_8
16:14:24.257 (index):682 UPDATE_9
16:14:24.259 (index):682 UPDATE_3
16:14:24.292 (index):682 UPDATE_15
16:14:24.331 (index):694 NODEACCESSREQUESTED_0
16:14:24.359 (index):674 THINKING_9
16:14:24.360 (index):682 UPDATE_13
16:14:24.361 (index):664 NODEACCESSRELEASED_3
16:14:24.371 (index):682 UPDATE_12
16:14:24.394 (index):674 THINKING_15
16:14:24.434 (index):694 NODEACCESSREQUESTED_14
16:14:24.461 (index):664 NODEACCESSRELEASED_13
16:14:24.472 (index):664 NODEACCESSRELEASED_12
16:14:24.563 (index):682 UPDATE_4
16:14:24.616 (index):682 UPDATE_10
16:14:24.664 (index):674 THINKING_4
16:14:24.718 (index):664 NODEACCESSRELEASED_10
16:14:24.805 (index):682 UPDATE_7
16:14:24.837 (index):694 NODEACCESSREQUESTED_11
16:14:24.884 (index):682 UPDATE_5
16:14:24.892 (index):682 UPDATE_8
16:14:24.907 (index):664 NODEACCESSRELEASED_7
16:14:24.985 (index):674 THINKING_5
16:14:24.993 (index):674 THINKING_8
16:14:25.054 (index):682 UPDATE_1
16:14:25.155 (index):664 NODEACCESSRELEASED_1
16:14:25.234 (index):682 UPDATE_2
16:14:25.332 (index):682 UPDATE_0
16:14:25.336 (index):674 THINKING_2
16:14:25.362 (index):694 NODEACCESSREQUESTED_3
16:14:25.434 (index):674 THINKING_0
16:14:25.435 (index):682 UPDATE_14
16:14:25.462 (index):694 NODEACCESSREQUESTED_13
16:14:25.473 (index):694 NODEACCESSREQUESTED_12
16:14:25.536 (index):674 THINKING_14
16:14:25.719 (index):694 NODEACCESSREQUESTED_10
16:14:25.838 (index):682 UPDATE_11
16:14:25.908 (index):694 NODEACCESSREQUESTED_7
16:14:25.940 (index):664 NODEACCESSRELEASED_11
16:14:26.156 (index):694 NODEACCESSREQUESTED_1
16:14:26.363 (index):682 UPDATE_3
16:14:26.463 (index):682 UPDATE_13
16:14:26.465 (index):664 NODEACCESSRELEASED_3
16:14:26.475 (index):682 UPDATE_12
16:14:26.564 (index):664 NODEACCESSRELEASED_13
16:14:26.576 (index):664 NODEACCESSRELEASED_12
16:14:26.694 (index):682 UPDATE_6
16:14:26.720 (index):682 UPDATE_10
16:14:26.795 (index):664 NODEACCESSRELEASED_6
16:14:26.822 (index):674 THINKING_10
16:14:26.909 (index):682 UPDATE_7
16:14:26.941 (index):694 NODEACCESSREQUESTED_11
16:14:27.010 (index):664 NODEACCESSRELEASED_7
16:14:27.027 (index):682 UPDATE_5
16:14:27.128 (index):664 NODEACCESSRELEASED_5
16:14:27.157 (index):682 UPDATE_1
16:14:27.158 (index):682 UPDATE_15
16:14:27.258 (index):674 THINKING_1
16:14:27.259 (index):674 THINKING_15
16:14:27.466 (index):694 NODEACCESSREQUESTED_3
16:14:27.470 (index):682 UPDATE_9
16:14:27.563 (index):682 UPDATE_2
16:14:27.566 (index):694 NODEACCESSREQUESTED_13
16:14:27.571 (index):664 NODEACCESSRELEASED_9
16:14:27.577 (index):694 NODEACCESSREQUESTED_12
16:14:27.590 (index):682 UPDATE_0
16:14:27.664 (index):674 THINKING_2
16:14:27.691 (index):664 NODEACCESSRELEASED_0
16:14:27.766 (index):682 UPDATE_14
16:14:27.796 (index):694 NODEACCESSREQUESTED_6
16:14:27.867 (index):664 NODEACCESSRELEASED_14
16:14:27.942 (index):682 UPDATE_11
16:14:28.011 (index):694 NODEACCESSREQUESTED_7
16:14:28.043 (index):664 NODEACCESSRELEASED_11
16:14:28.129 (index):694 NODEACCESSREQUESTED_5
16:14:28.290 (index):682 UPDATE_8
16:14:28.391 (index):664 NODEACCESSRELEASED_8
16:14:28.467 (index):682 UPDATE_3
16:14:28.567 (index):682 UPDATE_13
16:14:28.568 (index):674 THINKING_3
16:14:28.573 (index):694 NODEACCESSREQUESTED_9
16:14:28.578 (index):682 UPDATE_12
16:14:28.668 (index):664 NODEACCESSRELEASED_13
16:14:28.679 (index):664 NODEACCESSRELEASED_12
16:14:28.693 (index):694 NODEACCESSREQUESTED_0
16:14:28.798 (index):682 UPDATE_6
16:14:28.869 (index):694 NODEACCESSREQUESTED_14
16:14:28.873 (index):682 UPDATE_4
16:14:28.899 (index):664 NODEACCESSRELEASED_6
16:14:28.973 (index):674 THINKING_4
16:14:29.013 (index):682 UPDATE_7
16:14:29.045 (index):694 NODEACCESSREQUESTED_11
16:14:29.115 (index):664 NODEACCESSRELEASED_7
16:14:29.130 (index):682 UPDATE_5
16:14:29.231 (index):674 THINKING_5
16:14:29.393 (index):694 NODEACCESSREQUESTED_8
16:14:29.574 (index):682 UPDATE_9
16:14:29.669 (index):694 NODEACCESSREQUESTED_13
16:14:29.675 (index):664 NODEACCESSRELEASED_9
16:14:29.680 (index):694 NODEACCESSREQUESTED_12
16:14:29.693 (index):682 UPDATE_0
16:14:29.794 (index):664 NODEACCESSRELEASED_0
16:14:29.865 (index):682 UPDATE_15
16:14:29.869 (index):682 UPDATE_14
16:14:29.900 (index):694 NODEACCESSREQUESTED_6
16:14:29.967 (index):664 NODEACCESSRELEASED_15
16:14:29.971 (index):664 NODEACCESSRELEASED_14
16:14:30.046 (index):682 UPDATE_11
16:14:30.118 (index):694 NODEACCESSREQUESTED_7
16:14:30.147 (index):674 THINKING_11
16:14:30.188 (index):682 UPDATE_1
16:14:30.289 (index):674 THINKING_1
16:14:30.394 (index):682 UPDATE_8
16:14:30.495 (index):664 NODEACCESSRELEASED_8
16:14:30.607 (index):682 UPDATE_10
16:14:30.670 (index):682 UPDATE_13
16:14:30.676 (index):694 NODEACCESSREQUESTED_9
16:14:30.681 (index):682 UPDATE_12
16:14:30.708 (index):664 NODEACCESSRELEASED_10
16:14:30.772 (index):664 NODEACCESSRELEASED_13
16:14:30.782 (index):664 NODEACCESSRELEASED_12
16:14:30.796 (index):694 NODEACCESSREQUESTED_0
16:14:30.901 (index):682 UPDATE_6
16:14:30.968 (index):694 NODEACCESSREQUESTED_15
16:14:30.973 (index):694 NODEACCESSREQUESTED_14
16:14:30.975 (index):682 UPDATE_3
16:14:31.002 (index):664 NODEACCESSRELEASED_6
16:14:31.077 (index):664 NODEACCESSRELEASED_3
16:14:31.119 (index):682 UPDATE_7
16:14:31.221 (index):664 NODEACCESSRELEASED_7
16:14:31.496 (index):694 NODEACCESSREQUESTED_8
16:14:31.677 (index):682 UPDATE_9
16:14:31.709 (index):694 NODEACCESSREQUESTED_10
16:14:31.773 (index):694 NODEACCESSREQUESTED_13
16:14:31.779 (index):674 THINKING_9
16:14:31.783 (index):694 NODEACCESSREQUESTED_12
16:14:31.797 (index):682 UPDATE_0
16:14:31.898 (index):674 THINKING_0
16:14:31.969 (index):682 UPDATE_15
16:14:31.974 (index):682 UPDATE_14
16:14:32.004 (index):694 NODEACCESSREQUESTED_6
16:14:32.071 (index):674 THINKING_15
16:14:32.075 (index):674 THINKING_14
16:14:32.078 (index):694 NODEACCESSREQUESTED_3
16:14:32.222 (index):694 NODEACCESSREQUESTED_7
16:14:32.498 (index):682 UPDATE_8
16:14:32.525 (index):682 UPDATE_2
16:14:32.599 (index):664 NODEACCESSRELEASED_8
16:14:32.627 (index):664 NODEACCESSRELEASED_2
16:14:32.710 (index):682 UPDATE_10
16:14:32.775 (index):682 UPDATE_13
16:14:32.789 (index):682 UPDATE_12
16:14:32.811 (index):674 THINKING_10
16:14:32.876 (index):664 NODEACCESSRELEASED_13
16:14:32.891 (index):674 THINKING_12
16:14:32.933 (index):682 UPDATE_4
16:14:33.005 (index):682 UPDATE_6
16:14:33.034 (index):674 THINKING_4
16:14:33.079 (index):682 UPDATE_3
16:14:33.106 (index):664 NODEACCESSRELEASED_6
16:14:33.180 (index):664 NODEACCESSRELEASED_3
16:14:33.223 (index):682 UPDATE_7
16:14:33.329 (index):664 NODEACCESSRELEASED_7
16:14:33.531 (index):682 UPDATE_11
16:14:33.600 (index):694 NODEACCESSREQUESTED_8
16:14:33.629 (index):694 NODEACCESSREQUESTED_2
16:14:33.632 (index):664 NODEACCESSRELEASED_11
16:14:33.878 (index):694 NODEACCESSREQUESTED_13
16:14:34.108 (index):694 NODEACCESSREQUESTED_6
16:14:34.167 (index):682 UPDATE_5
16:14:34.181 (index):694 NODEACCESSREQUESTED_3
16:14:34.268 (index):664 NODEACCESSRELEASED_5
16:14:34.330 (index):694 NODEACCESSREQUESTED_7
16:14:34.608 (index):682 UPDATE_8
16:14:34.630 (index):682 UPDATE_2
16:14:34.633 (index):694 NODEACCESSREQUESTED_11
16:14:34.711 (index):664 NODEACCESSRELEASED_8
16:14:34.731 (index):664 NODEACCESSRELEASED_2
16:14:34.879 (index):682 UPDATE_13
16:14:34.899 (index):682 UPDATE_1
16:14:34.980 (index):664 NODEACCESSRELEASED_13
16:14:35.001 (index):674 THINKING_1
16:14:35.109 (index):682 UPDATE_6
16:14:35.182 (index):682 UPDATE_3
16:14:35.210 (index):664 NODEACCESSRELEASED_6
16:14:35.269 (index):694 NODEACCESSREQUESTED_5
16:14:35.274 (index):682 UPDATE_14
16:14:35.284 (index):674 THINKING_3
16:14:35.334 (index):682 UPDATE_7
16:14:35.378 (index):674 THINKING_14
16:14:35.407 (index):682 UPDATE_9
16:14:35.437 (index):674 THINKING_7
16:14:35.508 (index):664 NODEACCESSRELEASED_9
16:14:35.634 (index):682 UPDATE_11
16:14:35.711 (index):694 NODEACCESSREQUESTED_8
16:14:35.732 (index):694 NODEACCESSREQUESTED_2
16:14:35.735 (index):664 NODEACCESSRELEASED_11
16:14:35.800 (index):682 UPDATE_4
16:14:35.893 (index):682 UPDATE_0
16:14:35.901 (index):664 NODEACCESSRELEASED_4
16:14:35.981 (index):694 NODEACCESSREQUESTED_13
16:14:35.995 (index):664 NODEACCESSRELEASED_0
16:14:36.211 (index):694 NODEACCESSREQUESTED_6
16:14:36.372 (index):682 UPDATE_12
16:14:36.374 (index):682 UPDATE_5
16:14:36.374 (index):682 UPDATE_15
16:14:36.474 (index):664 NODEACCESSRELEASED_12
16:14:36.475 (index):664 NODEACCESSRELEASED_5
16:14:36.475 (index):664 NODEACCESSRELEASED_15
16:14:36.509 (index):694 NODEACCESSREQUESTED_9
16:14:36.747 (index):682 UPDATE_8
16:14:36.748 (index):682 UPDATE_2
16:14:36.748 (index):694 NODEACCESSREQUESTED_11
16:14:36.848 (index):664 NODEACCESSRELEASED_8
16:14:36.849 (index):664 NODEACCESSRELEASED_2
16:14:36.927 (index):694 NODEACCESSREQUESTED_4
16:14:36.987 (index):682 UPDATE_13
16:14:36.996 (index):694 NODEACCESSREQUESTED_0
16:14:37.089 (index):723 END_13
16:14:37.212 (index):682 UPDATE_6
16:14:37.314 (index):723 END_6
16:14:37.481 (index):694 NODEACCESSREQUESTED_12
16:14:37.482 (index):694 NODEACCESSREQUESTED_5
16:14:37.483 (index):694 NODEACCESSREQUESTED_15
16:14:37.510 (index):682 UPDATE_9
16:14:37.664 (index):664 NODEACCESSRELEASED_9
16:14:37.712 (index):682 UPDATE_3
16:14:37.803 (index):682 UPDATE_10
16:14:37.804 (index):682 UPDATE_11
16:14:37.851 (index):664 NODEACCESSRELEASED_3
16:14:37.852 (index):694 NODEACCESSREQUESTED_8
16:14:37.853 (index):694 NODEACCESSREQUESTED_2
16:14:37.912 (index):664 NODEACCESSRELEASED_10
16:14:37.913 (index):674 THINKING_11
16:14:37.955 (index):682 UPDATE_4
16:14:38.009 (index):682 UPDATE_0
16:14:38.059 (index):664 NODEACCESSRELEASED_4
16:14:38.120 (index):664 NODEACCESSRELEASED_0
16:14:38.506 (index):682 UPDATE_12
16:14:38.507 (index):682 UPDATE_5
16:14:38.507 (index):682 UPDATE_15
16:14:38.654 (index):664 NODEACCESSRELEASED_12
16:14:38.655 (index):664 NODEACCESSRELEASED_5
16:14:38.655 (index):674 THINKING_15
16:14:38.705 (index):694 NODEACCESSREQUESTED_9
16:14:38.899 (index):694 NODEACCESSREQUESTED_3
16:14:38.900 (index):682 UPDATE_8
16:14:38.900 (index):682 UPDATE_2
16:14:38.901 (index):682 UPDATE_7
16:14:38.952 (index):694 NODEACCESSREQUESTED_10
16:14:39.044 (index):664 NODEACCESSRELEASED_8
16:14:39.045 (index):664 NODEACCESSRELEASED_2
16:14:39.046 (index):664 NODEACCESSRELEASED_7
16:14:39.092 (index):694 NODEACCESSREQUESTED_4
16:14:39.161 (index):694 NODEACCESSREQUESTED_0
16:14:39.210 (index):682 UPDATE_1
16:14:39.319 (index):664 NODEACCESSRELEASED_1
16:14:39.452 (index):682 UPDATE_14
16:14:39.553 (index):664 NODEACCESSRELEASED_14
16:14:39.666 (index):694 NODEACCESSREQUESTED_12
16:14:39.667 (index):694 NODEACCESSREQUESTED_5
16:14:39.706 (index):682 UPDATE_9
16:14:39.807 (index):664 NODEACCESSRELEASED_9
16:14:39.900 (index):682 UPDATE_3
16:14:39.953 (index):682 UPDATE_10
16:14:40.001 (index):723 END_3
16:14:40.045 (index):694 NODEACCESSREQUESTED_8
16:14:40.047 (index):694 NODEACCESSREQUESTED_2
16:14:40.048 (index):694 NODEACCESSREQUESTED_7
16:14:40.054 (index):664 NODEACCESSRELEASED_10
16:14:40.093 (index):682 UPDATE_4
16:14:40.162 (index):682 UPDATE_0
16:14:40.194 (index):674 THINKING_4
16:14:40.263 (index):664 NODEACCESSRELEASED_0
16:14:40.320 (index):694 NODEACCESSREQUESTED_1
16:14:40.554 (index):694 NODEACCESSREQUESTED_14
16:14:40.667 (index):682 UPDATE_12
16:14:40.668 (index):682 UPDATE_5
16:14:40.769 (index):723 END_12
16:14:40.770 (index):664 NODEACCESSRELEASED_5
16:14:40.809 (index):694 NODEACCESSREQUESTED_9
16:14:41.047 (index):682 UPDATE_8
16:14:41.048 (index):682 UPDATE_2
16:14:41.049 (index):682 UPDATE_7
16:14:41.055 (index):694 NODEACCESSREQUESTED_10
16:14:41.077 (index):682 UPDATE_11
16:14:41.148 (index):723 END_8
16:14:41.149 (index):723 END_2
16:14:41.151 (index):723 END_7
16:14:41.178 (index):723 END_11
16:14:41.264 (index):694 NODEACCESSREQUESTED_0
16:14:41.321 (index):682 UPDATE_1
16:14:41.422 (index):674 THINKING_1
16:14:41.556 (index):682 UPDATE_14
16:14:41.657 (index):723 END_14
16:14:41.770 (index):694 NODEACCESSREQUESTED_5
16:14:41.810 (index):682 UPDATE_9
16:14:41.911 (index):723 END_9
16:14:42.057 (index):682 UPDATE_10
16:14:42.158 (index):664 NODEACCESSRELEASED_10
16:14:42.278 (index):682 UPDATE_0
16:14:42.381 (index):723 END_0
16:14:42.445 (index):682 UPDATE_15
16:14:42.546 (index):664 NODEACCESSRELEASED_15
16:14:42.801 (index):682 UPDATE_5
16:14:42.902 (index):723 END_5
16:14:43.160 (index):694 NODEACCESSREQUESTED_10
16:14:43.547 (index):694 NODEACCESSREQUESTED_15
16:14:43.601 (index):682 UPDATE_1
16:14:43.702 (index):664 NODEACCESSRELEASED_1
16:14:44.161 (index):682 UPDATE_10
16:14:44.262 (index):723 END_10
16:14:44.549 (index):682 UPDATE_15
16:14:44.584 (index):682 UPDATE_4
16:14:44.650 (index):723 END_15
16:14:44.685 (index):723 END_4
16:14:44.704 (index):694 NODEACCESSREQUESTED_1
16:14:45.705 (index):682 UPDATE_1
16:14:45.806 (index):723 END_1
