16:05:51.248 (index):840 Tasks: 25; Collaborators: 8    =========================>
16:05:51.249 (index):694 NODEACCESSREQUESTED_0
16:05:51.250 (index):694 NODEACCESSREQUESTED_1
16:05:51.251 (index):694 NODEACCESSREQUESTED_2
16:05:51.252 (index):694 NODEACCESSREQUESTED_3
16:05:51.252 (index):694 NODEACCESSREQUESTED_4
16:05:51.253 (index):694 NODEACCESSREQUESTED_5
16:05:51.254 (index):694 NODEACCESSREQUESTED_6
16:05:51.255 (index):694 NODEACCESSREQUESTED_7
16:05:52.250 (index):674 THINKING_0
16:05:52.251 (index):674 THINKING_1
16:05:52.252 (index):664 NODEACCESSRELEASED_2
16:05:52.253 (index):664 NODEACCESSRELEASED_3
16:05:52.254 (index):664 NODEACCESSRELEASED_4
16:05:52.255 (index):664 NODEACCESSRELEASED_5
16:05:52.256 (index):674 THINKING_6
16:05:52.257 (index):664 NODEACCESSRELEASED_7
16:05:53.253 (index):694 NODEACCESSREQUESTED_2
16:05:53.254 (index):694 NODEACCESSREQUESTED_3
16:05:53.255 (index):694 NODEACCESSREQUESTED_4
16:05:53.256 (index):694 NODEACCESSREQUESTED_5
16:05:53.258 (index):694 NODEACCESSREQUESTED_7
16:05:54.255 (index):682 UPDATE_2
16:05:54.256 (index):682 UPDATE_3
16:05:54.257 (index):682 UPDATE_4
16:05:54.258 (index):682 UPDATE_5
16:05:54.259 (index):682 UPDATE_7
16:05:54.356 (index):664 NODEACCESSRELEASED_2
16:05:54.357 (index):664 NODEACCESSRELEASED_3
16:05:54.358 (index):664 NODEACCESSRELEASED_4
16:05:54.359 (index):674 THINKING_5
16:05:54.360 (index):664 NODEACCESSRELEASED_7
16:05:54.974 (index):682 UPDATE_6
16:05:55.075 (index):664 NODEACCESSRELEASED_6
16:05:55.197 (index):682 UPDATE_1
16:05:55.299 (index):664 NODEACCESSRELEASED_1
16:05:55.357 (index):694 NODEACCESSREQUESTED_2
16:05:55.359 (index):694 NODEACCESSREQUESTED_3
16:05:55.359 (index):694 NODEACCESSREQUESTED_4
16:05:55.361 (index):694 NODEACCESSREQUESTED_7
16:05:56.077 (index):694 NODEACCESSREQUESTED_6
16:05:56.300 (index):694 NODEACCESSREQUESTED_1
16:05:56.359 (index):682 UPDATE_2
16:05:56.360 (index):682 UPDATE_3
16:05:56.361 (index):682 UPDATE_4
16:05:56.362 (index):682 UPDATE_7
16:05:56.460 (index):664 NODEACCESSRELEASED_2
16:05:56.461 (index):674 THINKING_3
16:05:56.462 (index):664 NODEACCESSRELEASED_4
16:05:56.463 (index):664 NODEACCESSRELEASED_7
16:05:56.599 (index):682 UPDATE_0
16:05:56.701 (index):664 NODEACCESSRELEASED_0
16:05:56.774 (index):682 UPDATE_5
16:05:56.875 (index):664 NODEACCESSRELEASED_5
16:05:57.078 (index):682 UPDATE_6
16:05:57.179 (index):664 NODEACCESSRELEASED_6
16:05:57.301 (index):682 UPDATE_1
16:05:57.403 (index):674 THINKING_1
16:05:57.461 (index):694 NODEACCESSREQUESTED_2
16:05:57.463 (index):694 NODEACCESSREQUESTED_4
16:05:57.464 (index):694 NODEACCESSREQUESTED_7
16:05:57.702 (index):694 NODEACCESSREQUESTED_0
16:05:57.876 (index):694 NODEACCESSREQUESTED_5
16:05:58.180 (index):694 NODEACCESSREQUESTED_6
16:05:58.462 (index):682 UPDATE_2
16:05:58.464 (index):682 UPDATE_4
16:05:58.465 (index):682 UPDATE_7
16:05:58.564 (index):674 THINKING_2
16:05:58.565 (index):664 NODEACCESSRELEASED_4
16:05:58.566 (index):674 THINKING_7
16:05:58.703 (index):682 UPDATE_0
16:05:58.804 (index):664 NODEACCESSRELEASED_0
16:05:58.878 (index):682 UPDATE_5
16:05:58.979 (index):674 THINKING_5
16:05:59.181 (index):682 UPDATE_6
16:05:59.283 (index):664 NODEACCESSRELEASED_6
16:05:59.566 (index):694 NODEACCESSREQUESTED_4
16:05:59.805 (index):694 NODEACCESSREQUESTED_0
16:06:00.284 (index):694 NODEACCESSREQUESTED_6
16:06:00.567 (index):682 UPDATE_4
16:06:00.578 (index):682 UPDATE_3
16:06:00.668 (index):664 NODEACCESSRELEASED_4
16:06:00.680 (index):664 NODEACCESSRELEASED_3
16:06:00.737 (index):682 UPDATE_7
16:06:00.806 (index):682 UPDATE_0
16:06:00.839 (index):664 NODEACCESSRELEASED_7
16:06:00.907 (index):674 THINKING_0
16:06:00.952 (index):682 UPDATE_1
16:06:01.053 (index):674 THINKING_1
16:06:01.283 (index):682 UPDATE_2
16:06:01.285 (index):682 UPDATE_6
16:06:01.384 (index):664 NODEACCESSRELEASED_2
16:06:01.386 (index):664 NODEACCESSRELEASED_6
16:06:01.670 (index):694 NODEACCESSREQUESTED_4
16:06:01.681 (index):694 NODEACCESSREQUESTED_3
16:06:01.840 (index):694 NODEACCESSREQUESTED_7
16:06:02.119 (index):682 UPDATE_5
16:06:02.220 (index):664 NODEACCESSRELEASED_5
16:06:02.385 (index):694 NODEACCESSREQUESTED_2
16:06:02.387 (index):694 NODEACCESSREQUESTED_6
16:06:02.671 (index):682 UPDATE_4
16:06:02.682 (index):682 UPDATE_3
16:06:02.772 (index):674 THINKING_4
16:06:02.782 (index):664 NODEACCESSRELEASED_3
16:06:02.841 (index):682 UPDATE_7
16:06:02.942 (index):674 THINKING_7
16:06:03.221 (index):694 NODEACCESSREQUESTED_5
16:06:03.386 (index):682 UPDATE_2
16:06:03.388 (index):682 UPDATE_6
16:06:03.478 (index):682 UPDATE_0
16:06:03.488 (index):664 NODEACCESSRELEASED_2
16:06:03.489 (index):664 NODEACCESSRELEASED_6
16:06:03.579 (index):674 THINKING_0
16:06:03.783 (index):694 NODEACCESSREQUESTED_3
16:06:04.223 (index):682 UPDATE_5
16:06:04.324 (index):674 THINKING_5
16:06:04.489 (index):694 NODEACCESSREQUESTED_2
16:06:04.491 (index):694 NODEACCESSREQUESTED_6
16:06:04.785 (index):682 UPDATE_3
16:06:04.886 (index):664 NODEACCESSRELEASED_3
16:06:05.211 (index):682 UPDATE_4
16:06:05.312 (index):664 NODEACCESSRELEASED_4
16:06:05.447 (index):682 UPDATE_1
16:06:05.491 (index):682 UPDATE_2
16:06:05.492 (index):682 UPDATE_6
16:06:05.548 (index):664 NODEACCESSRELEASED_1
16:06:05.592 (index):674 THINKING_2
16:06:05.593 (index):674 THINKING_6
16:06:05.887 (index):694 NODEACCESSREQUESTED_3
16:06:06.318 (index):694 NODEACCESSREQUESTED_4
16:06:06.549 (index):694 NODEACCESSREQUESTED_1
16:06:06.888 (index):682 UPDATE_3
16:06:06.989 (index):664 NODEACCESSRELEASED_3
16:06:07.319 (index):682 UPDATE_4
16:06:07.420 (index):674 THINKING_4
16:06:07.553 (index):682 UPDATE_1
16:06:07.585 (index):682 UPDATE_7
16:06:07.654 (index):674 THINKING_1
16:06:07.686 (index):664 NODEACCESSRELEASED_7
16:06:07.864 (index):682 UPDATE_6
16:06:07.965 (index):674 THINKING_6
16:06:07.990 (index):694 NODEACCESSREQUESTED_3
16:06:08.143 (index):682 UPDATE_2
16:06:08.244 (index):674 THINKING_2
16:06:08.521 (index):682 UPDATE_0
16:06:08.623 (index):664 NODEACCESSRELEASED_0
16:06:08.688 (index):694 NODEACCESSREQUESTED_7
16:06:09.228 (index):682 UPDATE_5
16:06:09.229 (index):682 UPDATE_3
16:06:10.226 (index):674 THINKING_5
16:06:10.227 (index):664 NODEACCESSRELEASED_3
16:06:10.228 (index):694 NODEACCESSREQUESTED_0
16:06:10.229 (index):682 UPDATE_7
16:06:10.229 (index):682 UPDATE_1
16:06:11.230 (index):664 NODEACCESSRELEASED_7
16:06:11.232 (index):664 NODEACCESSRELEASED_1
16:06:11.234 (index):682 UPDATE_2
16:06:11.235 (index):682 UPDATE_6
16:06:11.236 (index):694 NODEACCESSREQUESTED_3
16:06:11.237 (index):682 UPDATE_0
16:06:12.229 (index):674 THINKING_2
16:06:12.230 (index):664 NODEACCESSRELEASED_6
16:06:12.231 (index):674 THINKING_0
16:06:12.232 (index):682 UPDATE_4
16:06:13.226 (index):694 NODEACCESSREQUESTED_7
16:06:13.227 (index):694 NODEACCESSREQUESTED_1
16:06:13.228 (index):682 UPDATE_3
16:06:13.228 (index):682 UPDATE_5
16:06:13.229 (index):674 THINKING_4
16:06:14.226 (index):694 NODEACCESSREQUESTED_6
16:06:14.228 (index):674 THINKING_3
16:06:14.229 (index):664 NODEACCESSRELEASED_5
16:06:15.226 (index):682 UPDATE_7
16:06:15.228 (index):682 UPDATE_1
16:06:15.229 (index):682 UPDATE_0
16:06:16.226 (index):682 UPDATE_6
16:06:16.227 (index):694 NODEACCESSREQUESTED_5
16:06:16.228 (index):664 NODEACCESSRELEASED_7
16:06:16.229 (index):674 THINKING_1
16:06:16.230 (index):664 NODEACCESSRELEASED_0
16:06:17.230 (index):664 NODEACCESSRELEASED_6
16:06:17.231 (index):682 UPDATE_3
16:06:17.232 (index):682 UPDATE_2
16:06:17.233 (index):682 UPDATE_4
16:06:17.234 (index):682 UPDATE_5
16:06:17.236 (index):694 NODEACCESSREQUESTED_7
16:06:18.226 (index):694 NODEACCESSREQUESTED_0
16:06:18.228 (index):664 NODEACCESSRELEASED_3
16:06:18.230 (index):664 NODEACCESSRELEASED_2
16:06:18.232 (index):674 THINKING_4
16:06:18.233 (index):674 THINKING_5
16:06:19.226 (index):694 NODEACCESSREQUESTED_6
16:06:19.228 (index):682 UPDATE_7
16:06:19.229 (index):682 UPDATE_1
16:06:20.227 (index):682 UPDATE_0
16:06:20.228 (index):694 NODEACCESSREQUESTED_3
16:06:20.230 (index):694 NODEACCESSREQUESTED_2
16:06:20.232 (index):664 NODEACCESSRELEASED_7
16:06:20.233 (index):674 THINKING_1
16:06:21.226 (index):682 UPDATE_6
16:06:21.228 (index):664 NODEACCESSRELEASED_0
16:06:21.229 (index):682 UPDATE_4
16:06:22.226 (index):682 UPDATE_3
16:06:22.228 (index):682 UPDATE_2
16:06:22.229 (index):694 NODEACCESSREQUESTED_7
16:06:22.231 (index):664 NODEACCESSRELEASED_6
16:06:22.233 (index):664 NODEACCESSRELEASED_4
16:06:23.226 (index):694 NODEACCESSREQUESTED_0
16:06:23.227 (index):664 NODEACCESSRELEASED_3
16:06:23.228 (index):664 NODEACCESSRELEASED_2
16:06:23.228 (index):682 UPDATE_5
16:06:24.226 (index):682 UPDATE_7
16:06:24.228 (index):694 NODEACCESSREQUESTED_6
16:06:24.230 (index):694 NODEACCESSREQUESTED_4
16:06:24.231 (index):664 NODEACCESSRELEASED_5
16:06:25.226 (index):682 UPDATE_0
16:06:25.228 (index):694 NODEACCESSREQUESTED_3
16:06:25.229 (index):694 NODEACCESSREQUESTED_2
16:06:25.232 (index):664 NODEACCESSRELEASED_7
16:06:25.233 (index):682 UPDATE_1
16:06:26.226 (index):682 UPDATE_6
16:06:26.228 (index):682 UPDATE_4
16:06:26.229 (index):694 NODEACCESSREQUESTED_5
16:06:26.230 (index):674 THINKING_0
16:06:26.231 (index):674 THINKING_1
16:06:27.227 (index):682 UPDATE_3
16:06:27.228 (index):682 UPDATE_2
16:06:27.234 (index):694 NODEACCESSREQUESTED_7
16:06:27.235 (index):664 NODEACCESSRELEASED_6
16:06:27.235 (index):664 NODEACCESSRELEASED_4
16:06:28.226 (index):682 UPDATE_5
16:06:28.228 (index):674 THINKING_3
16:06:28.229 (index):664 NODEACCESSRELEASED_2
16:06:29.226 (index):682 UPDATE_7
16:06:29.228 (index):694 NODEACCESSREQUESTED_6
16:06:29.229 (index):694 NODEACCESSREQUESTED_4
16:06:29.231 (index):664 NODEACCESSRELEASED_5
16:06:30.226 (index):694 NODEACCESSREQUESTED_2
16:06:30.227 (index):674 THINKING_7
16:06:30.228 (index):682 UPDATE_0
16:06:31.229 (index):682 UPDATE_6
16:06:31.231 (index):682 UPDATE_4
16:06:31.232 (index):694 NODEACCESSREQUESTED_5
16:06:31.233 (index):664 NODEACCESSRELEASED_0
16:06:31.233 (index):682 UPDATE_1
16:06:31.234 (index):682 UPDATE_3
16:06:31.235 (index):682 UPDATE_2
16:06:32.226 (index):664 NODEACCESSRELEASED_6
16:06:32.227 (index):674 THINKING_4
16:06:32.228 (index):664 NODEACCESSRELEASED_1
16:06:32.229 (index):664 NODEACCESSRELEASED_3
16:06:32.230 (index):664 NODEACCESSRELEASED_2
16:06:33.227 (index):682 UPDATE_5
16:06:33.228 (index):694 NODEACCESSREQUESTED_0
16:06:34.227 (index):694 NODEACCESSREQUESTED_6
16:06:34.228 (index):694 NODEACCESSREQUESTED_1
16:06:34.229 (index):694 NODEACCESSREQUESTED_3
16:06:34.231 (index):694 NODEACCESSREQUESTED_2
16:06:34.232 (index):664 NODEACCESSRELEASED_5
16:06:34.234 (index):682 UPDATE_7
16:06:35.226 (index):682 UPDATE_0
16:06:35.229 (index):664 NODEACCESSRELEASED_7
16:06:36.227 (index):682 UPDATE_6
16:06:36.228 (index):682 UPDATE_1
16:06:36.229 (index):682 UPDATE_3
16:06:36.230 (index):682 UPDATE_2
16:06:36.231 (index):694 NODEACCESSREQUESTED_5
16:06:36.232 (index):664 NODEACCESSRELEASED_0
16:06:37.226 (index):694 NODEACCESSREQUESTED_7
16:06:37.227 (index):723 END_6
16:06:37.228 (index):674 THINKING_1
16:06:37.229 (index):723 END_3
16:06:37.231 (index):723 END_2
16:06:37.232 (index):682 UPDATE_4
16:06:38.226 (index):682 UPDATE_5
16:06:38.227 (index):694 NODEACCESSREQUESTED_0
16:06:38.229 (index):723 END_4
16:06:39.230 (index):682 UPDATE_7
16:06:39.231 (index):664 NODEACCESSRELEASED_5
16:06:39.233 (index):682 UPDATE_0
16:06:40.226 (index):723 END_7
16:06:40.228 (index):664 NODEACCESSRELEASED_0
16:06:40.230 (index):682 UPDATE_1
16:06:41.226 (index):694 NODEACCESSREQUESTED_5
16:06:41.227 (index):664 NODEACCESSRELEASED_1
16:06:42.229 (index):694 NODEACCESSREQUESTED_0
16:06:42.231 (index):682 UPDATE_5
16:06:42.232 (index):694 NODEACCESSREQUESTED_1
16:06:43.226 (index):723 END_5
16:06:44.230 (index):682 UPDATE_0
16:06:44.231 (index):682 UPDATE_1
16:06:45.229 (index):723 END_0
16:06:45.232 (index):723 END_1
