16:12:06.860 (index):984 Tasks: 25; Collaborators: 14    =========================>
16:12:06.861 (index):694 NODEACCESSREQUESTED_0
16:12:06.862 (index):694 NODEACCESSREQUESTED_1
16:12:06.863 (index):694 NODEACCESSREQUESTED_2
16:12:06.864 (index):694 NODEACCESSREQUESTED_3
16:12:06.865 (index):694 NODEACCESSREQUESTED_4
16:12:06.866 (index):694 NODEACCESSREQUESTED_5
16:12:06.867 (index):694 NODEACCESSREQUESTED_6
16:12:06.868 (index):694 NODEACCESSREQUESTED_7
16:12:06.869 (index):694 NODEACCESSREQUESTED_8
16:12:06.870 (index):694 NODEACCESSREQUESTED_9
16:12:06.870 (index):694 NODEACCESSREQUESTED_10
16:12:06.871 (index):694 NODEACCESSREQUESTED_11
16:12:06.871 (index):694 NODEACCESSREQUESTED_12
16:12:06.872 (index):694 NODEACCESSREQUESTED_13
16:12:07.862 (index):674 THINKING_0
16:12:07.864 (index):674 THINKING_1
16:12:07.864 (index):664 NODEACCESSRELEASED_2
16:12:07.865 (index):664 NODEACCESSRELEASED_3
16:12:07.867 (index):664 NODEACCESSRELEASED_4
16:12:07.868 (index):664 NODEACCESSRELEASED_5
16:12:07.869 (index):674 THINKING_6
16:12:07.869 (index):664 NODEACCESSRELEASED_7
16:12:07.870 (index):674 THINKING_8
16:12:07.871 (index):664 NODEACCESSRELEASED_9
16:12:07.872 (index):664 NODEACCESSRELEASED_10
16:12:07.872 (index):674 THINKING_11
16:12:07.873 (index):664 NODEACCESSRELEASED_12
16:12:07.874 (index):674 THINKING_13
16:12:08.866 (index):694 NODEACCESSREQUESTED_2
16:12:08.867 (index):694 NODEACCESSREQUESTED_3
16:12:08.868 (index):694 NODEACCESSREQUESTED_4
16:12:08.869 (index):694 NODEACCESSREQUESTED_5
16:12:08.871 (index):694 NODEACCESSREQUESTED_7
16:12:08.872 (index):694 NODEACCESSREQUESTED_9
16:12:08.874 (index):694 NODEACCESSREQUESTED_10
16:12:08.875 (index):694 NODEACCESSREQUESTED_12
16:12:09.867 (index):682 UPDATE_2
16:12:09.868 (index):682 UPDATE_3
16:12:09.869 (index):682 UPDATE_4
16:12:09.871 (index):682 UPDATE_5
16:12:09.872 (index):682 UPDATE_7
16:12:09.874 (index):682 UPDATE_9
16:12:09.875 (index):682 UPDATE_10
16:12:09.875 (index):682 UPDATE_12
16:12:09.896 (index):682 UPDATE_8
16:12:09.968 (index):664 NODEACCESSRELEASED_2
16:12:09.969 (index):664 NODEACCESSRELEASED_3
16:12:09.970 (index):664 NODEACCESSRELEASED_4
16:12:09.972 (index):674 THINKING_5
16:12:09.973 (index):664 NODEACCESSRELEASED_7
16:12:09.974 (index):674 THINKING_9
16:12:09.976 (index):674 THINKING_10
16:12:09.976 (index):664 NODEACCESSRELEASED_12
16:12:09.997 (index):674 THINKING_8
16:12:10.334 (index):682 UPDATE_11
16:12:10.435 (index):674 THINKING_11
16:12:10.586 (index):682 UPDATE_6
16:12:10.688 (index):664 NODEACCESSRELEASED_6
16:12:10.810 (index):682 UPDATE_1
16:12:10.911 (index):664 NODEACCESSRELEASED_1
16:12:10.969 (index):694 NODEACCESSREQUESTED_2
16:12:10.969 (index):694 NODEACCESSREQUESTED_3
16:12:10.971 (index):694 NODEACCESSREQUESTED_4
16:12:10.974 (index):694 NODEACCESSREQUESTED_7
16:12:10.977 (index):694 NODEACCESSREQUESTED_12
16:12:11.689 (index):694 NODEACCESSREQUESTED_6
16:12:11.912 (index):694 NODEACCESSREQUESTED_1
16:12:11.970 (index):682 UPDATE_2
16:12:11.970 (index):682 UPDATE_3
16:12:11.971 (index):682 UPDATE_4
16:12:11.975 (index):682 UPDATE_7
16:12:11.978 (index):682 UPDATE_12
16:12:12.027 (index):682 UPDATE_10
16:12:12.070 (index):664 NODEACCESSRELEASED_2
16:12:12.072 (index):674 THINKING_3
16:12:12.072 (index):664 NODEACCESSRELEASED_4
16:12:12.076 (index):664 NODEACCESSRELEASED_7
16:12:12.079 (index):664 NODEACCESSRELEASED_12
16:12:12.129 (index):664 NODEACCESSRELEASED_10
16:12:12.148 (index):682 UPDATE_13
16:12:12.212 (index):682 UPDATE_0
16:12:12.250 (index):664 NODEACCESSRELEASED_13
16:12:12.313 (index):664 NODEACCESSRELEASED_0
16:12:12.386 (index):682 UPDATE_5
16:12:12.487 (index):664 NODEACCESSRELEASED_5
16:12:12.690 (index):682 UPDATE_6
16:12:12.792 (index):664 NODEACCESSRELEASED_6
16:12:12.914 (index):682 UPDATE_1
16:12:13.015 (index):674 THINKING_1
16:12:13.072 (index):694 NODEACCESSREQUESTED_2
16:12:13.074 (index):694 NODEACCESSREQUESTED_4
16:12:13.077 (index):694 NODEACCESSREQUESTED_7
16:12:13.081 (index):694 NODEACCESSREQUESTED_12
16:12:13.130 (index):694 NODEACCESSREQUESTED_10
16:12:13.251 (index):694 NODEACCESSREQUESTED_13
16:12:13.314 (index):694 NODEACCESSREQUESTED_0
16:12:13.488 (index):694 NODEACCESSREQUESTED_5
16:12:13.732 (index):682 UPDATE_11
16:12:13.793 (index):694 NODEACCESSREQUESTED_6
16:12:13.833 (index):664 NODEACCESSRELEASED_11
16:12:14.073 (index):682 UPDATE_2
16:12:14.075 (index):682 UPDATE_4
16:12:14.078 (index):682 UPDATE_7
16:12:14.082 (index):682 UPDATE_12
16:12:14.131 (index):682 UPDATE_10
16:12:14.174 (index):674 THINKING_2
16:12:14.176 (index):664 NODEACCESSRELEASED_4
16:12:14.179 (index):674 THINKING_7
16:12:14.182 (index):674 THINKING_12
16:12:14.233 (index):674 THINKING_10
16:12:14.253 (index):682 UPDATE_13
16:12:14.315 (index):682 UPDATE_0
16:12:14.354 (index):664 NODEACCESSRELEASED_13
16:12:14.416 (index):664 NODEACCESSRELEASED_0
16:12:14.439 (index):682 UPDATE_8
16:12:14.486 (index):682 UPDATE_9
16:12:14.489 (index):682 UPDATE_5
16:12:14.540 (index):664 NODEACCESSRELEASED_8
16:12:14.588 (index):674 THINKING_9
16:12:14.590 (index):674 THINKING_5
16:12:14.794 (index):682 UPDATE_6
16:12:14.834 (index):694 NODEACCESSREQUESTED_11
16:12:14.895 (index):664 NODEACCESSRELEASED_6
16:12:15.177 (index):694 NODEACCESSREQUESTED_4
16:12:15.355 (index):694 NODEACCESSREQUESTED_13
16:12:15.417 (index):694 NODEACCESSREQUESTED_0
16:12:15.541 (index):694 NODEACCESSREQUESTED_8
16:12:15.835 (index):682 UPDATE_11
16:12:15.896 (index):694 NODEACCESSREQUESTED_6
16:12:15.936 (index):664 NODEACCESSRELEASED_11
16:12:16.178 (index):682 UPDATE_4
16:12:16.189 (index):682 UPDATE_3
16:12:16.279 (index):664 NODEACCESSRELEASED_4
16:12:16.290 (index):664 NODEACCESSRELEASED_3
16:12:16.351 (index):682 UPDATE_7
16:12:16.356 (index):682 UPDATE_13
16:12:16.419 (index):682 UPDATE_0
16:12:16.453 (index):664 NODEACCESSRELEASED_7
16:12:16.457 (index):664 NODEACCESSRELEASED_13
16:12:16.520 (index):674 THINKING_0
16:12:16.543 (index):682 UPDATE_8
16:12:16.564 (index):682 UPDATE_1
16:12:16.644 (index):674 THINKING_8
16:12:16.665 (index):674 THINKING_1
16:12:16.894 (index):682 UPDATE_2
16:12:16.898 (index):682 UPDATE_6
16:12:16.938 (index):694 NODEACCESSREQUESTED_11
16:12:16.994 (index):682 UPDATE_9
16:12:16.995 (index):664 NODEACCESSRELEASED_2
16:12:16.998 (index):664 NODEACCESSRELEASED_6
16:12:17.095 (index):664 NODEACCESSRELEASED_9
16:12:17.210 (index):682 UPDATE_10
16:12:17.280 (index):694 NODEACCESSREQUESTED_4
16:12:17.291 (index):694 NODEACCESSREQUESTED_3
16:12:17.311 (index):664 NODEACCESSRELEASED_10
16:12:17.455 (index):694 NODEACCESSREQUESTED_7
16:12:17.459 (index):694 NODEACCESSREQUESTED_13
16:12:17.731 (index):682 UPDATE_5
16:12:17.832 (index):664 NODEACCESSRELEASED_5
16:12:17.939 (index):682 UPDATE_11
16:12:17.997 (index):694 NODEACCESSREQUESTED_2
16:12:17.999 (index):694 NODEACCESSREQUESTED_6
16:12:18.040 (index):664 NODEACCESSRELEASED_11
16:12:18.097 (index):694 NODEACCESSREQUESTED_9
16:12:18.281 (index):682 UPDATE_4
16:12:18.293 (index):682 UPDATE_3
16:12:18.312 (index):694 NODEACCESSREQUESTED_10
16:12:18.383 (index):674 THINKING_4
16:12:18.394 (index):664 NODEACCESSRELEASED_3
16:12:18.456 (index):682 UPDATE_7
16:12:18.459 (index):682 UPDATE_13
16:12:18.557 (index):674 THINKING_7
16:12:18.561 (index):664 NODEACCESSRELEASED_13
16:12:18.833 (index):694 NODEACCESSREQUESTED_5
16:12:18.841 (index):682 UPDATE_12
16:12:18.943 (index):664 NODEACCESSRELEASED_12
16:12:18.998 (index):682 UPDATE_2
16:12:19.000 (index):682 UPDATE_6
16:12:19.042 (index):694 NODEACCESSREQUESTED_11
16:12:19.090 (index):682 UPDATE_0
16:12:19.098 (index):682 UPDATE_9
16:12:19.099 (index):664 NODEACCESSRELEASED_2
16:12:19.101 (index):664 NODEACCESSRELEASED_6
16:12:19.191 (index):674 THINKING_0
16:12:19.199 (index):664 NODEACCESSRELEASED_9
16:12:19.314 (index):682 UPDATE_10
16:12:19.395 (index):694 NODEACCESSREQUESTED_3
16:12:19.415 (index):674 THINKING_10
16:12:19.562 (index):694 NODEACCESSREQUESTED_13
16:12:19.839 (index):682 UPDATE_5
16:12:19.940 (index):674 THINKING_5
16:12:19.944 (index):694 NODEACCESSREQUESTED_12
16:12:20.043 (index):682 UPDATE_11
16:12:20.100 (index):694 NODEACCESSREQUESTED_2
16:12:20.102 (index):694 NODEACCESSREQUESTED_6
16:12:20.144 (index):674 THINKING_11
16:12:20.201 (index):694 NODEACCESSREQUESTED_9
16:12:20.396 (index):682 UPDATE_3
16:12:20.498 (index):664 NODEACCESSRELEASED_3
16:12:20.563 (index):682 UPDATE_13
16:12:20.664 (index):664 NODEACCESSRELEASED_13
16:12:20.821 (index):682 UPDATE_4
16:12:20.922 (index):664 NODEACCESSRELEASED_4
16:12:20.945 (index):682 UPDATE_12
16:12:21.046 (index):664 NODEACCESSRELEASED_12
16:12:21.059 (index):682 UPDATE_1
16:12:21.102 (index):682 UPDATE_2
16:12:21.104 (index):682 UPDATE_6
16:12:21.160 (index):664 NODEACCESSRELEASED_1
16:12:21.167 (index):682 UPDATE_8
16:12:21.202 (index):682 UPDATE_9
16:12:21.204 (index):674 THINKING_2
16:12:21.205 (index):674 THINKING_6
16:12:21.269 (index):664 NODEACCESSRELEASED_8
16:12:21.303 (index):664 NODEACCESSRELEASED_9
16:12:21.499 (index):694 NODEACCESSREQUESTED_3
16:12:21.665 (index):694 NODEACCESSREQUESTED_13
16:12:21.923 (index):694 NODEACCESSREQUESTED_4
16:12:22.048 (index):694 NODEACCESSREQUESTED_12
16:12:22.161 (index):694 NODEACCESSREQUESTED_1
16:12:22.270 (index):694 NODEACCESSREQUESTED_8
16:12:22.305 (index):694 NODEACCESSREQUESTED_9
16:12:22.500 (index):682 UPDATE_3
16:12:22.601 (index):664 NODEACCESSRELEASED_3
16:12:22.666 (index):682 UPDATE_13
16:12:22.767 (index):664 NODEACCESSRELEASED_13
16:12:22.925 (index):682 UPDATE_4
16:12:23.025 (index):674 THINKING_4
16:12:23.049 (index):682 UPDATE_12
16:12:23.150 (index):664 NODEACCESSRELEASED_12
16:12:23.163 (index):682 UPDATE_1
16:12:23.196 (index):682 UPDATE_7
16:12:23.263 (index):674 THINKING_1
16:12:23.271 (index):682 UPDATE_8
16:12:23.297 (index):664 NODEACCESSRELEASED_7
16:12:23.306 (index):682 UPDATE_9
16:12:23.372 (index):664 NODEACCESSRELEASED_8
16:12:23.407 (index):674 THINKING_9
16:12:23.476 (index):682 UPDATE_6
16:12:23.577 (index):674 THINKING_6
16:12:23.602 (index):694 NODEACCESSREQUESTED_3
16:12:23.755 (index):682 UPDATE_2
16:12:23.768 (index):694 NODEACCESSREQUESTED_13
16:12:23.856 (index):674 THINKING_2
16:12:24.079 (index):682 UPDATE_10
16:12:24.140 (index):682 UPDATE_0
16:12:24.158 (index):694 NODEACCESSREQUESTED_12
16:12:24.181 (index):664 NODEACCESSRELEASED_10
16:12:24.241 (index):664 NODEACCESSRELEASED_0
16:12:24.298 (index):694 NODEACCESSREQUESTED_7
16:12:24.374 (index):694 NODEACCESSREQUESTED_8
16:12:24.423 (index):682 UPDATE_11
16:12:24.522 (index):682 UPDATE_5
16:12:24.524 (index):664 NODEACCESSRELEASED_11
16:12:24.603 (index):682 UPDATE_3
16:12:24.624 (index):674 THINKING_5
16:12:24.705 (index):664 NODEACCESSRELEASED_3
16:12:24.769 (index):682 UPDATE_13
16:12:24.870 (index):664 NODEACCESSRELEASED_13
16:12:25.159 (index):682 UPDATE_12
16:12:25.182 (index):694 NODEACCESSREQUESTED_10
16:12:25.242 (index):694 NODEACCESSREQUESTED_0
16:12:25.260 (index):664 NODEACCESSRELEASED_12
16:12:25.299 (index):682 UPDATE_7
16:12:25.374 (index):682 UPDATE_8
16:12:25.400 (index):664 NODEACCESSRELEASED_7
16:12:25.475 (index):674 THINKING_8
16:12:25.525 (index):694 NODEACCESSREQUESTED_11
16:12:25.575 (index):682 UPDATE_1
16:12:25.676 (index):664 NODEACCESSRELEASED_1
16:12:25.707 (index):694 NODEACCESSREQUESTED_3
16:12:25.872 (index):694 NODEACCESSREQUESTED_13
16:12:26.083 (index):682 UPDATE_2
16:12:26.183 (index):682 UPDATE_10
16:12:26.195 (index):674 THINKING_2
16:12:26.243 (index):682 UPDATE_0
16:12:26.261 (index):694 NODEACCESSREQUESTED_12
16:12:26.284 (index):674 THINKING_10
16:12:26.344 (index):674 THINKING_0
16:12:26.402 (index):694 NODEACCESSREQUESTED_7
16:12:26.518 (index):682 UPDATE_9
16:12:26.526 (index):682 UPDATE_11
16:12:26.532 (index):682 UPDATE_6
16:12:26.619 (index):664 NODEACCESSRELEASED_9
16:12:26.626 (index):664 NODEACCESSRELEASED_11
16:12:26.633 (index):664 NODEACCESSRELEASED_6
16:12:26.666 (index):682 UPDATE_5
16:12:26.677 (index):694 NODEACCESSREQUESTED_1
16:12:26.708 (index):682 UPDATE_3
16:12:26.767 (index):664 NODEACCESSRELEASED_5
16:12:26.809 (index):674 THINKING_3
16:12:26.873 (index):682 UPDATE_13
16:12:26.974 (index):664 NODEACCESSRELEASED_13
16:12:27.234 (index):682 UPDATE_4
16:12:27.262 (index):682 UPDATE_12
16:12:27.335 (index):674 THINKING_4
16:12:27.364 (index):664 NODEACCESSRELEASED_12
16:12:27.403 (index):682 UPDATE_7
16:12:27.504 (index):664 NODEACCESSRELEASED_7
16:12:27.621 (index):694 NODEACCESSREQUESTED_9
16:12:27.628 (index):694 NODEACCESSREQUESTED_11
16:12:27.634 (index):694 NODEACCESSREQUESTED_6
16:12:27.678 (index):682 UPDATE_1
16:12:27.768 (index):694 NODEACCESSREQUESTED_5
16:12:27.779 (index):674 THINKING_1
16:12:27.975 (index):694 NODEACCESSREQUESTED_13
16:12:28.365 (index):694 NODEACCESSREQUESTED_12
16:12:28.501 (index):682 UPDATE_0
16:12:28.505 (index):694 NODEACCESSREQUESTED_7
16:12:28.602 (index):664 NODEACCESSRELEASED_0
16:12:28.622 (index):682 UPDATE_9
16:12:28.629 (index):682 UPDATE_11
16:12:28.634 (index):682 UPDATE_6
16:12:28.723 (index):664 NODEACCESSRELEASED_9
16:12:28.730 (index):664 NODEACCESSRELEASED_11
16:12:28.735 (index):664 NODEACCESSRELEASED_6
16:12:28.769 (index):682 UPDATE_5
16:12:28.772 (index):682 UPDATE_8
16:12:28.870 (index):674 THINKING_5
16:12:28.873 (index):664 NODEACCESSRELEASED_8
16:12:28.976 (index):682 UPDATE_13
16:12:29.077 (index):664 NODEACCESSRELEASED_13
16:12:29.216 (index):682 UPDATE_3
16:12:29.317 (index):664 NODEACCESSRELEASED_3
16:12:29.367 (index):682 UPDATE_12
16:12:29.467 (index):664 NODEACCESSRELEASED_12
16:12:29.506 (index):682 UPDATE_7
16:12:29.603 (index):694 NODEACCESSREQUESTED_0
16:12:29.607 (index):664 NODEACCESSRELEASED_7
16:12:29.724 (index):694 NODEACCESSREQUESTED_9
16:12:29.731 (index):694 NODEACCESSREQUESTED_11
16:12:29.736 (index):694 NODEACCESSREQUESTED_6
16:12:29.874 (index):694 NODEACCESSREQUESTED_8
16:12:30.069 (index):682 UPDATE_10
16:12:30.078 (index):694 NODEACCESSREQUESTED_13
16:12:30.170 (index):664 NODEACCESSRELEASED_10
16:12:30.318 (index):694 NODEACCESSREQUESTED_3
16:12:30.469 (index):694 NODEACCESSREQUESTED_12
16:12:30.605 (index):682 UPDATE_0
16:12:30.608 (index):694 NODEACCESSREQUESTED_7
16:12:30.706 (index):664 NODEACCESSRELEASED_0
16:12:30.709 (index):682 UPDATE_1
16:12:30.725 (index):682 UPDATE_9
16:12:30.731 (index):682 UPDATE_11
16:12:30.737 (index):682 UPDATE_6
16:12:30.811 (index):674 THINKING_1
16:12:30.826 (index):674 THINKING_9
16:12:30.832 (index):674 THINKING_11
16:12:30.838 (index):664 NODEACCESSRELEASED_6
16:12:30.876 (index):682 UPDATE_8
16:12:30.977 (index):664 NODEACCESSRELEASED_8
16:12:31.050 (index):682 UPDATE_2
16:12:31.079 (index):682 UPDATE_13
16:12:31.150 (index):664 NODEACCESSRELEASED_2
16:12:31.171 (index):694 NODEACCESSREQUESTED_10
16:12:31.180 (index):664 NODEACCESSRELEASED_13
16:12:31.294 (index):682 UPDATE_4
16:12:31.319 (index):682 UPDATE_3
16:12:31.396 (index):674 THINKING_4
16:12:31.420 (index):664 NODEACCESSRELEASED_3
16:12:31.470 (index):682 UPDATE_12
16:12:31.570 (index):674 THINKING_12
16:12:31.609 (index):682 UPDATE_7
16:12:31.707 (index):694 NODEACCESSREQUESTED_0
16:12:31.710 (index):664 NODEACCESSRELEASED_7
16:12:31.839 (index):694 NODEACCESSREQUESTED_6
16:12:31.977 (index):694 NODEACCESSREQUESTED_8
16:12:32.152 (index):694 NODEACCESSREQUESTED_2
16:12:32.173 (index):682 UPDATE_10
16:12:32.181 (index):694 NODEACCESSREQUESTED_13
16:12:32.274 (index):674 THINKING_10
16:12:32.422 (index):694 NODEACCESSREQUESTED_3
16:12:32.709 (index):682 UPDATE_0
16:12:32.711 (index):694 NODEACCESSREQUESTED_7
16:12:32.810 (index):674 THINKING_0
16:12:32.840 (index):682 UPDATE_6
16:12:32.941 (index):664 NODEACCESSRELEASED_6
16:12:32.979 (index):682 UPDATE_8
16:12:33.080 (index):664 NODEACCESSRELEASED_8
16:12:33.153 (index):682 UPDATE_2
16:12:33.183 (index):682 UPDATE_13
16:12:33.254 (index):664 NODEACCESSRELEASED_2
16:12:33.284 (index):664 NODEACCESSRELEASED_13
16:12:33.423 (index):682 UPDATE_3
16:12:33.524 (index):674 THINKING_3
16:12:33.712 (index):682 UPDATE_7
16:12:33.805 (index):682 UPDATE_5
16:12:33.814 (index):674 THINKING_7
16:12:33.906 (index):664 NODEACCESSRELEASED_5
16:12:33.942 (index):694 NODEACCESSREQUESTED_6
16:12:34.081 (index):694 NODEACCESSREQUESTED_8
16:12:34.162 (index):682 UPDATE_4
16:12:34.216 (index):682 UPDATE_11
16:12:34.255 (index):694 NODEACCESSREQUESTED_2
16:12:34.263 (index):664 NODEACCESSRELEASED_4
16:12:34.285 (index):694 NODEACCESSREQUESTED_13
16:12:34.317 (index):664 NODEACCESSRELEASED_11
16:12:34.449 (index):682 UPDATE_9
16:12:34.550 (index):664 NODEACCESSRELEASED_9
16:12:34.907 (index):694 NODEACCESSREQUESTED_5
16:12:34.943 (index):682 UPDATE_6
16:12:34.947 (index):682 UPDATE_12
16:12:35.045 (index):664 NODEACCESSRELEASED_6
16:12:35.048 (index):664 NODEACCESSRELEASED_12
16:12:35.082 (index):682 UPDATE_8
16:12:35.183 (index):664 NODEACCESSRELEASED_8
16:12:35.256 (index):682 UPDATE_2
16:12:35.264 (index):694 NODEACCESSREQUESTED_4
16:12:35.286 (index):682 UPDATE_13
16:12:35.319 (index):694 NODEACCESSREQUESTED_11
16:12:35.357 (index):664 NODEACCESSRELEASED_2
16:12:35.387 (index):664 NODEACCESSRELEASED_13
16:12:35.421 (index):682 UPDATE_1
16:12:35.522 (index):674 THINKING_1
16:12:35.552 (index):694 NODEACCESSREQUESTED_9
16:12:35.862 (index):682 UPDATE_3
16:12:35.908 (index):682 UPDATE_5
16:12:35.963 (index):664 NODEACCESSRELEASED_3
16:12:36.010 (index):664 NODEACCESSRELEASED_5
16:12:36.046 (index):694 NODEACCESSREQUESTED_6
16:12:36.048 (index):694 NODEACCESSREQUESTED_12
16:12:36.185 (index):694 NODEACCESSREQUESTED_8
16:12:36.266 (index):682 UPDATE_4
16:12:36.320 (index):682 UPDATE_11
16:12:36.358 (index):694 NODEACCESSREQUESTED_2
16:12:36.367 (index):664 NODEACCESSRELEASED_4
16:12:36.387 (index):694 NODEACCESSREQUESTED_13
16:12:36.421 (index):664 NODEACCESSRELEASED_11
16:12:36.556 (index):682 UPDATE_9
16:12:36.657 (index):664 NODEACCESSRELEASED_9
16:12:36.806 (index):682 UPDATE_0
16:12:36.907 (index):664 NODEACCESSRELEASED_0
16:12:36.964 (index):694 NODEACCESSREQUESTED_3
16:12:37.011 (index):694 NODEACCESSREQUESTED_5
16:12:37.047 (index):682 UPDATE_6
16:12:37.049 (index):682 UPDATE_12
16:12:37.148 (index):723 END_6
16:12:37.150 (index):664 NODEACCESSRELEASED_12
16:12:37.159 (index):682 UPDATE_10
16:12:37.186 (index):682 UPDATE_8
16:12:37.250 (index):682 UPDATE_7
16:12:37.260 (index):664 NODEACCESSRELEASED_10
16:12:37.287 (index):664 NODEACCESSRELEASED_8
16:12:37.351 (index):664 NODEACCESSRELEASED_7
16:12:37.360 (index):682 UPDATE_2
16:12:37.368 (index):694 NODEACCESSREQUESTED_4
16:12:37.389 (index):682 UPDATE_13
16:12:37.423 (index):694 NODEACCESSREQUESTED_11
16:12:37.461 (index):664 NODEACCESSRELEASED_2
16:12:37.490 (index):723 END_13
16:12:37.658 (index):694 NODEACCESSREQUESTED_9
16:12:37.908 (index):694 NODEACCESSREQUESTED_0
16:12:37.965 (index):682 UPDATE_3
16:12:38.012 (index):682 UPDATE_5
16:12:38.066 (index):723 END_3
16:12:38.113 (index):664 NODEACCESSRELEASED_5
16:12:38.151 (index):694 NODEACCESSREQUESTED_12
16:12:38.261 (index):694 NODEACCESSREQUESTED_10
16:12:38.288 (index):694 NODEACCESSREQUESTED_8
16:12:38.353 (index):694 NODEACCESSREQUESTED_7
16:12:38.369 (index):682 UPDATE_4
16:12:38.424 (index):682 UPDATE_11
16:12:38.463 (index):694 NODEACCESSREQUESTED_2
16:12:38.470 (index):674 THINKING_4
16:12:39.226 (index):674 THINKING_11
16:12:39.227 (index):682 UPDATE_9
16:12:39.227 (index):682 UPDATE_0
16:12:39.229 (index):694 NODEACCESSREQUESTED_5
16:12:39.230 (index):682 UPDATE_12
16:12:40.226 (index):682 UPDATE_10
16:12:40.228 (index):682 UPDATE_8
16:12:40.230 (index):664 NODEACCESSRELEASED_9
16:12:40.231 (index):664 NODEACCESSRELEASED_0
16:12:40.232 (index):723 END_12
16:12:40.233 (index):682 UPDATE_7
16:12:40.234 (index):682 UPDATE_2
16:12:40.236 (index):682 UPDATE_1
16:12:41.226 (index):682 UPDATE_5
16:12:41.228 (index):664 NODEACCESSRELEASED_10
16:12:41.229 (index):664 NODEACCESSRELEASED_8
16:12:41.231 (index):723 END_7
16:12:41.232 (index):723 END_2
16:12:41.233 (index):664 NODEACCESSRELEASED_1
16:12:42.226 (index):694 NODEACCESSREQUESTED_9
16:12:42.227 (index):694 NODEACCESSREQUESTED_0
16:12:42.228 (index):664 NODEACCESSRELEASED_5
16:12:43.226 (index):694 NODEACCESSREQUESTED_10
16:12:43.227 (index):694 NODEACCESSREQUESTED_8
16:12:43.228 (index):694 NODEACCESSREQUESTED_1
16:12:43.229 (index):682 UPDATE_11
16:12:43.230 (index):682 UPDATE_4
16:12:44.226 (index):682 UPDATE_9
16:12:44.227 (index):682 UPDATE_0
16:12:44.228 (index):694 NODEACCESSREQUESTED_5
16:12:44.228 (index):723 END_11
16:12:44.229 (index):723 END_4
16:12:45.226 (index):682 UPDATE_10
16:12:45.227 (index):682 UPDATE_8
16:12:45.228 (index):682 UPDATE_1
16:12:45.229 (index):723 END_9
16:12:45.230 (index):664 NODEACCESSRELEASED_0
16:12:46.226 (index):682 UPDATE_5
16:12:46.228 (index):664 NODEACCESSRELEASED_10
16:12:46.229 (index):723 END_8
16:12:46.230 (index):674 THINKING_1
16:12:47.226 (index):694 NODEACCESSREQUESTED_0
16:12:47.228 (index):723 END_5
16:12:48.226 (index):694 NODEACCESSREQUESTED_10
16:12:49.226 (index):682 UPDATE_0
16:12:49.228 (index):682 UPDATE_1
16:12:50.226 (index):682 UPDATE_10
16:12:50.228 (index):723 END_0
16:12:50.229 (index):664 NODEACCESSRELEASED_1
16:12:51.229 (index):723 END_10
16:12:52.226 (index):694 NODEACCESSREQUESTED_1
16:12:54.227 (index):682 UPDATE_1
16:12:55.226 (index):723 END_1
