16:06:45.234 (index):859 Tasks: 25; Collaborators: 9    =========================>
16:06:45.234 (index):694 NODEACCESSREQUESTED_0
16:06:45.235 (index):694 NODEACCESSREQUESTED_1
16:06:45.236 (index):694 NODEACCESSREQUESTED_2
16:06:45.236 (index):694 NODEACCESSREQUESTED_3
16:06:45.236 (index):694 NODEACCESSREQUESTED_4
16:06:45.237 (index):694 NODEACCESSREQUESTED_5
16:06:45.237 (index):694 NODEACCESSREQUESTED_6
16:06:45.238 (index):694 NODEACCESSREQUESTED_7
16:06:45.238 (index):694 NODEACCESSREQUESTED_8
16:06:47.226 (index):674 THINKING_0
16:06:47.227 (index):674 THINKING_1
16:06:47.228 (index):664 NODEACCESSRELEASED_2
16:06:47.229 (index):664 NODEACCESSRELEASED_3
16:06:47.230 (index):664 NODEACCESSRELEASED_4
16:06:47.230 (index):664 NODEACCESSRELEASED_5
16:06:47.231 (index):674 THINKING_6
16:06:47.231 (index):664 NODEACCESSRELEASED_7
16:06:47.232 (index):674 THINKING_8
16:06:49.226 (index):694 NODEACCESSREQUESTED_2
16:06:49.228 (index):694 NODEACCESSREQUESTED_3
16:06:49.229 (index):694 NODEACCESSREQUESTED_4
16:06:49.230 (index):694 NODEACCESSREQUESTED_5
16:06:49.231 (index):694 NODEACCESSREQUESTED_7
16:06:50.226 (index):682 UPDATE_8
16:06:50.228 (index):682 UPDATE_6
16:06:50.230 (index):682 UPDATE_1
16:06:51.226 (index):682 UPDATE_2
16:06:51.228 (index):682 UPDATE_3
16:06:51.229 (index):682 UPDATE_4
16:06:51.230 (index):682 UPDATE_5
16:06:51.231 (index):682 UPDATE_7
16:06:51.232 (index):674 THINKING_8
16:06:51.233 (index):664 NODEACCESSRELEASED_6
16:06:51.234 (index):664 NODEACCESSRELEASED_1
16:06:52.226 (index):664 NODEACCESSRELEASED_2
16:06:52.227 (index):664 NODEACCESSRELEASED_3
16:06:52.228 (index):664 NODEACCESSRELEASED_4
16:06:52.228 (index):674 THINKING_5
16:06:52.229 (index):664 NODEACCESSRELEASED_7
16:06:52.230 (index):682 UPDATE_0
16:06:53.226 (index):694 NODEACCESSREQUESTED_6
16:06:53.228 (index):694 NODEACCESSREQUESTED_1
16:06:53.229 (index):664 NODEACCESSRELEASED_0
16:06:54.226 (index):694 NODEACCESSREQUESTED_2
16:06:54.228 (index):694 NODEACCESSREQUESTED_3
16:06:54.229 (index):694 NODEACCESSREQUESTED_4
16:06:54.230 (index):694 NODEACCESSREQUESTED_7
16:06:55.226 (index):682 UPDATE_6
16:06:55.227 (index):682 UPDATE_1
16:06:55.228 (index):694 NODEACCESSREQUESTED_0
16:06:55.231 (index):682 UPDATE_5
16:06:56.226 (index):682 UPDATE_2
16:06:56.227 (index):682 UPDATE_3
16:06:56.227 (index):682 UPDATE_4
16:06:56.228 (index):682 UPDATE_7
16:06:56.228 (index):664 NODEACCESSRELEASED_6
16:06:56.229 (index):674 THINKING_1
16:06:56.231 (index):664 NODEACCESSRELEASED_5
16:06:56.232 (index):682 UPDATE_8
16:06:57.226 (index):682 UPDATE_0
16:06:57.227 (index):664 NODEACCESSRELEASED_2
16:06:57.228 (index):674 THINKING_3
16:06:57.228 (index):664 NODEACCESSRELEASED_4
16:06:57.229 (index):664 NODEACCESSRELEASED_7
16:06:57.230 (index):664 NODEACCESSRELEASED_8
16:06:58.228 (index):694 NODEACCESSREQUESTED_6
16:06:58.229 (index):694 NODEACCESSREQUESTED_5
16:06:58.229 (index):664 NODEACCESSRELEASED_0
16:06:59.226 (index):694 NODEACCESSREQUESTED_2
16:06:59.228 (index):694 NODEACCESSREQUESTED_4
16:06:59.229 (index):694 NODEACCESSREQUESTED_7
16:06:59.231 (index):694 NODEACCESSREQUESTED_8
16:07:00.226 (index):682 UPDATE_6
16:07:00.227 (index):682 UPDATE_5
16:07:00.228 (index):694 NODEACCESSREQUESTED_0
16:07:00.228 (index):682 UPDATE_1
16:07:01.226 (index):682 UPDATE_2
16:07:01.227 (index):682 UPDATE_4
16:07:01.228 (index):682 UPDATE_7
16:07:01.229 (index):682 UPDATE_8
16:07:01.231 (index):664 NODEACCESSRELEASED_6
16:07:01.232 (index):674 THINKING_5
16:07:01.234 (index):674 THINKING_1
16:07:02.226 (index):682 UPDATE_0
16:07:02.227 (index):674 THINKING_2
16:07:02.229 (index):664 NODEACCESSRELEASED_4
16:07:02.230 (index):674 THINKING_7
16:07:02.232 (index):674 THINKING_8
16:07:02.233 (index):682 UPDATE_3
16:07:03.226 (index):694 NODEACCESSREQUESTED_6
16:07:03.228 (index):674 THINKING_0
16:07:03.229 (index):664 NODEACCESSRELEASED_3
16:07:04.226 (index):694 NODEACCESSREQUESTED_4
16:07:05.226 (index):682 UPDATE_6
16:07:05.228 (index):694 NODEACCESSREQUESTED_3
16:07:05.229 (index):682 UPDATE_5
16:07:05.231 (index):682 UPDATE_7
16:07:05.233 (index):682 UPDATE_2
16:07:06.226 (index):682 UPDATE_4
16:07:06.227 (index):664 NODEACCESSRELEASED_6
16:07:06.227 (index):664 NODEACCESSRELEASED_5
16:07:06.228 (index):664 NODEACCESSRELEASED_7
16:07:06.228 (index):664 NODEACCESSRELEASED_2
16:07:06.229 (index):682 UPDATE_1
16:07:06.229 (index):682 UPDATE_0
16:07:07.226 (index):682 UPDATE_3
16:07:07.228 (index):664 NODEACCESSRELEASED_4
16:07:07.229 (index):664 NODEACCESSRELEASED_1
16:07:07.231 (index):674 THINKING_0
16:07:07.232 (index):682 UPDATE_8
16:07:08.227 (index):694 NODEACCESSREQUESTED_6
16:07:08.228 (index):694 NODEACCESSREQUESTED_5
16:07:08.230 (index):694 NODEACCESSREQUESTED_7
16:07:08.231 (index):694 NODEACCESSREQUESTED_2
16:07:08.232 (index):664 NODEACCESSRELEASED_3
16:07:08.234 (index):664 NODEACCESSRELEASED_8
16:07:09.226 (index):694 NODEACCESSREQUESTED_4
16:07:09.228 (index):694 NODEACCESSREQUESTED_1
16:07:10.226 (index):682 UPDATE_6
16:07:10.228 (index):682 UPDATE_5
16:07:10.229 (index):682 UPDATE_7
16:07:10.230 (index):682 UPDATE_2
16:07:10.231 (index):694 NODEACCESSREQUESTED_3
16:07:10.232 (index):694 NODEACCESSREQUESTED_8
16:07:11.226 (index):682 UPDATE_4
16:07:11.228 (index):682 UPDATE_1
16:07:11.229 (index):664 NODEACCESSRELEASED_6
16:07:11.233 (index):674 THINKING_5
16:07:11.234 (index):674 THINKING_7
16:07:11.236 (index):664 NODEACCESSRELEASED_2
16:07:12.226 (index):682 UPDATE_3
16:07:12.227 (index):682 UPDATE_8
16:07:12.228 (index):674 THINKING_4
16:07:12.229 (index):674 THINKING_1
16:07:12.230 (index):682 UPDATE_0
16:07:13.226 (index):694 NODEACCESSREQUESTED_6
16:07:13.228 (index):694 NODEACCESSREQUESTED_2
16:07:13.229 (index):664 NODEACCESSRELEASED_3
16:07:13.233 (index):664 NODEACCESSRELEASED_8
16:07:13.235 (index):664 NODEACCESSRELEASED_0
16:07:15.226 (index):682 UPDATE_6
16:07:15.227 (index):682 UPDATE_2
16:07:15.228 (index):694 NODEACCESSREQUESTED_3
16:07:15.229 (index):694 NODEACCESSREQUESTED_8
16:07:15.231 (index):694 NODEACCESSREQUESTED_0
16:07:15.232 (index):682 UPDATE_1
16:07:15.234 (index):682 UPDATE_4
16:07:16.226 (index):674 THINKING_6
16:07:16.228 (index):674 THINKING_2
16:07:16.229 (index):664 NODEACCESSRELEASED_1
16:07:16.231 (index):664 NODEACCESSRELEASED_4
16:07:16.232 (index):682 UPDATE_5
16:07:16.234 (index):682 UPDATE_7
16:07:17.226 (index):682 UPDATE_3
16:07:17.228 (index):682 UPDATE_8
16:07:17.229 (index):682 UPDATE_0
16:07:17.231 (index):674 THINKING_5
16:07:17.232 (index):664 NODEACCESSRELEASED_7
16:07:18.226 (index):694 NODEACCESSREQUESTED_1
16:07:18.228 (index):694 NODEACCESSREQUESTED_4
16:07:18.229 (index):664 NODEACCESSRELEASED_3
16:07:18.231 (index):674 THINKING_8
16:07:18.233 (index):674 THINKING_0
16:07:19.226 (index):694 NODEACCESSREQUESTED_7
16:07:19.228 (index):682 UPDATE_6
16:07:19.233 (index):682 UPDATE_2
16:07:20.227 (index):682 UPDATE_1
16:07:20.228 (index):682 UPDATE_4
16:07:20.230 (index):694 NODEACCESSREQUESTED_3
16:07:20.232 (index):682 UPDATE_5
16:07:20.233 (index):674 THINKING_6
16:07:20.235 (index):674 THINKING_2
16:07:21.226 (index):682 UPDATE_7
16:07:21.228 (index):674 THINKING_1
16:07:21.230 (index):674 THINKING_4
16:07:21.232 (index):664 NODEACCESSRELEASED_5
16:07:21.234 (index):682 UPDATE_0
16:07:22.226 (index):682 UPDATE_3
16:07:22.228 (index):664 NODEACCESSRELEASED_7
16:07:22.229 (index):664 NODEACCESSRELEASED_0
16:07:22.231 (index):682 UPDATE_8
16:07:23.227 (index):694 NODEACCESSREQUESTED_5
16:07:23.228 (index):664 NODEACCESSRELEASED_3
16:07:23.229 (index):664 NODEACCESSRELEASED_8
16:07:23.231 (index):682 UPDATE_2
16:07:23.232 (index):682 UPDATE_6
16:07:24.226 (index):694 NODEACCESSREQUESTED_7
16:07:24.227 (index):694 NODEACCESSREQUESTED_0
16:07:24.228 (index):674 THINKING_2
16:07:24.229 (index):664 NODEACCESSRELEASED_6
16:07:24.229 (index):682 UPDATE_1
16:07:25.226 (index):682 UPDATE_5
16:07:25.227 (index):694 NODEACCESSREQUESTED_3
16:07:25.228 (index):694 NODEACCESSREQUESTED_8
16:07:25.228 (index):674 THINKING_1
16:07:26.226 (index):682 UPDATE_7
16:07:26.227 (index):682 UPDATE_0
16:07:26.227 (index):694 NODEACCESSREQUESTED_6
16:07:26.228 (index):674 THINKING_5
16:07:26.229 (index):682 UPDATE_4
16:07:27.226 (index):682 UPDATE_3
16:07:27.229 (index):682 UPDATE_8
16:07:27.230 (index):664 NODEACCESSRELEASED_7
16:07:27.232 (index):664 NODEACCESSRELEASED_0
16:07:27.233 (index):674 THINKING_4
16:07:28.226 (index):682 UPDATE_6
16:07:28.227 (index):674 THINKING_3
16:07:28.227 (index):664 NODEACCESSRELEASED_8
16:07:29.226 (index):694 NODEACCESSREQUESTED_7
16:07:29.228 (index):694 NODEACCESSREQUESTED_0
16:07:29.229 (index):664 NODEACCESSRELEASED_6
16:07:29.231 (index):682 UPDATE_2
16:07:30.227 (index):694 NODEACCESSREQUESTED_8
16:07:30.229 (index):664 NODEACCESSRELEASED_2
16:07:30.231 (index):682 UPDATE_1
16:07:31.226 (index):682 UPDATE_7
16:07:31.227 (index):682 UPDATE_0
16:07:31.228 (index):694 NODEACCESSREQUESTED_6
16:07:31.229 (index):674 THINKING_1
16:07:31.230 (index):682 UPDATE_3
16:07:31.231 (index):682 UPDATE_5
16:07:31.233 (index):682 UPDATE_4
16:07:32.227 (index):682 UPDATE_8
16:07:32.228 (index):694 NODEACCESSREQUESTED_2
16:07:32.230 (index):664 NODEACCESSRELEASED_7
16:07:32.232 (index):674 THINKING_0
16:07:32.233 (index):664 NODEACCESSRELEASED_3
16:07:32.235 (index):664 NODEACCESSRELEASED_5
16:07:32.236 (index):674 THINKING_4
16:07:33.227 (index):682 UPDATE_6
16:07:33.228 (index):664 NODEACCESSRELEASED_8
16:07:34.226 (index):682 UPDATE_2
16:07:34.228 (index):694 NODEACCESSREQUESTED_7
16:07:34.229 (index):694 NODEACCESSREQUESTED_3
16:07:34.233 (index):694 NODEACCESSREQUESTED_5
16:07:34.234 (index):664 NODEACCESSRELEASED_6
16:07:35.226 (index):694 NODEACCESSREQUESTED_8
16:07:35.227 (index):664 NODEACCESSRELEASED_2
16:07:35.228 (index):682 UPDATE_4
16:07:36.226 (index):682 UPDATE_7
16:07:36.228 (index):682 UPDATE_3
16:07:36.229 (index):682 UPDATE_5
16:07:36.231 (index):694 NODEACCESSREQUESTED_6
16:07:36.232 (index):664 NODEACCESSRELEASED_4
16:07:36.234 (index):682 UPDATE_1
16:07:37.226 (index):682 UPDATE_0
16:07:37.228 (index):682 UPDATE_8
16:07:37.229 (index):694 NODEACCESSREQUESTED_2
16:07:37.230 (index):664 NODEACCESSRELEASED_7
16:07:37.231 (index):664 NODEACCESSRELEASED_3
16:07:37.233 (index):664 NODEACCESSRELEASED_5
16:07:37.234 (index):664 NODEACCESSRELEASED_1
16:07:38.226 (index):682 UPDATE_6
16:07:38.228 (index):694 NODEACCESSREQUESTED_4
16:07:38.230 (index):664 NODEACCESSRELEASED_0
16:07:38.232 (index):664 NODEACCESSRELEASED_8
16:07:39.226 (index):682 UPDATE_2
16:07:39.229 (index):694 NODEACCESSREQUESTED_7
16:07:39.232 (index):694 NODEACCESSREQUESTED_3
16:07:39.233 (index):694 NODEACCESSREQUESTED_5
16:07:39.234 (index):694 NODEACCESSREQUESTED_1
16:07:39.235 (index):664 NODEACCESSRELEASED_6
16:07:40.226 (index):682 UPDATE_4
16:07:40.228 (index):694 NODEACCESSREQUESTED_0
16:07:40.230 (index):694 NODEACCESSREQUESTED_8
16:07:40.233 (index):664 NODEACCESSRELEASED_2
16:07:41.226 (index):682 UPDATE_7
16:07:41.228 (index):682 UPDATE_3
16:07:41.230 (index):682 UPDATE_5
16:07:41.231 (index):682 UPDATE_1
16:07:41.232 (index):694 NODEACCESSREQUESTED_6
16:07:41.233 (index):664 NODEACCESSRELEASED_4
16:07:42.226 (index):682 UPDATE_0
16:07:42.228 (index):682 UPDATE_8
16:07:42.230 (index):694 NODEACCESSREQUESTED_2
16:07:42.231 (index):674 THINKING_7
16:07:42.232 (index):674 THINKING_3
16:07:42.233 (index):664 NODEACCESSRELEASED_5
16:07:42.234 (index):674 THINKING_1
16:07:43.226 (index):682 UPDATE_6
16:07:43.228 (index):694 NODEACCESSREQUESTED_4
16:07:43.229 (index):664 NODEACCESSRELEASED_0
16:07:43.231 (index):664 NODEACCESSRELEASED_8
16:07:44.227 (index):682 UPDATE_2
16:07:44.229 (index):694 NODEACCESSREQUESTED_5
16:07:44.230 (index):664 NODEACCESSRELEASED_6
16:07:45.226 (index):682 UPDATE_4
16:07:45.228 (index):694 NODEACCESSREQUESTED_0
16:07:45.229 (index):694 NODEACCESSREQUESTED_8
16:07:45.230 (index):664 NODEACCESSRELEASED_2
16:07:45.231 (index):682 UPDATE_1
16:07:45.232 (index):682 UPDATE_3
16:07:46.226 (index):682 UPDATE_5
16:07:46.228 (index):694 NODEACCESSREQUESTED_6
16:07:46.230 (index):674 THINKING_4
16:07:46.231 (index):664 NODEACCESSRELEASED_1
16:07:46.233 (index):664 NODEACCESSRELEASED_3
16:07:46.234 (index):682 UPDATE_7
16:07:47.226 (index):682 UPDATE_0
16:07:47.227 (index):682 UPDATE_8
16:07:47.228 (index):694 NODEACCESSREQUESTED_2
16:07:47.229 (index):664 NODEACCESSRELEASED_5
16:07:47.231 (index):664 NODEACCESSRELEASED_7
16:07:48.226 (index):682 UPDATE_6
16:07:48.227 (index):694 NODEACCESSREQUESTED_1
16:07:48.228 (index):694 NODEACCESSREQUESTED_3
16:07:48.228 (index):664 NODEACCESSRELEASED_0
16:07:48.229 (index):664 NODEACCESSRELEASED_8
16:07:49.226 (index):682 UPDATE_2
16:07:49.227 (index):694 NODEACCESSREQUESTED_5
16:07:49.227 (index):694 NODEACCESSREQUESTED_7
16:07:49.229 (index):723 END_6
16:07:50.226 (index):682 UPDATE_1
16:07:50.228 (index):682 UPDATE_3
16:07:50.229 (index):694 NODEACCESSREQUESTED_0
16:07:50.231 (index):694 NODEACCESSREQUESTED_8
16:07:50.232 (index):723 END_2
16:07:51.228 (index):682 UPDATE_5
16:07:51.230 (index):682 UPDATE_7
16:07:51.232 (index):723 END_1
16:07:51.234 (index):723 END_3
16:07:51.234 (index):682 UPDATE_4
16:07:52.226 (index):682 UPDATE_0
16:07:52.227 (index):682 UPDATE_8
16:07:52.227 (index):723 END_5
16:07:52.228 (index):723 END_7
16:07:52.229 (index):723 END_4
16:07:53.229 (index):723 END_0
16:07:53.230 (index):723 END_8
