16:03:06.228 (index):795 Tasks: 25; Collaborators: 5    =========================>
16:03:06.230 (index):694 NODEACCESSREQUESTED_0
16:03:06.232 (index):694 NODEACCESSREQUESTED_1
16:03:06.233 (index):694 NODEACCESSREQUESTED_2
16:03:06.234 (index):694 NODEACCESSREQUESTED_3
16:03:06.235 (index):694 NODEACCESSREQUESTED_4
16:03:08.228 (index):674 THINKING_0
16:03:08.230 (index):674 THINKING_1
16:03:08.231 (index):664 NODEACCESSRELEASED_2
16:03:08.232 (index):664 NODEACCESSRELEASED_3
16:03:08.233 (index):664 NODEACCESSRELEASED_4
16:03:10.226 (index):694 NODEACCESSREQUESTED_2
16:03:10.227 (index):694 NODEACCESSREQUESTED_3
16:03:10.228 (index):694 NODEACCESSREQUESTED_4
16:03:11.226 (index):682 UPDATE_1
16:03:12.226 (index):682 UPDATE_2
16:03:12.228 (index):682 UPDATE_3
16:03:12.229 (index):682 UPDATE_4
16:03:12.230 (index):664 NODEACCESSRELEASED_1
16:03:13.227 (index):664 NODEACCESSRELEASED_2
16:03:13.228 (index):664 NODEACCESSRELEASED_3
16:03:13.229 (index):664 NODEACCESSRELEASED_4
16:03:13.230 (index):682 UPDATE_0
16:03:14.226 (index):694 NODEACCESSREQUESTED_1
16:03:14.228 (index):664 NODEACCESSRELEASED_0
16:03:15.226 (index):694 NODEACCESSREQUESTED_2
16:03:15.228 (index):694 NODEACCESSREQUESTED_3
16:03:15.230 (index):694 NODEACCESSREQUESTED_4
16:03:16.228 (index):682 UPDATE_1
16:03:16.229 (index):694 NODEACCESSREQUESTED_0
16:03:17.230 (index):682 UPDATE_2
16:03:17.231 (index):682 UPDATE_3
16:03:17.232 (index):682 UPDATE_4
16:03:17.233 (index):674 THINKING_1
16:03:18.227 (index):682 UPDATE_0
16:03:18.228 (index):664 NODEACCESSRELEASED_2
16:03:18.234 (index):674 THINKING_3
16:03:18.235 (index):664 NODEACCESSRELEASED_4
16:03:19.226 (index):664 NODEACCESSRELEASED_0
16:03:20.227 (index):694 NODEACCESSREQUESTED_2
16:03:20.229 (index):694 NODEACCESSREQUESTED_4
16:03:21.228 (index):694 NODEACCESSREQUESTED_0
16:03:21.230 (index):682 UPDATE_1
16:03:22.226 (index):682 UPDATE_2
16:03:22.228 (index):682 UPDATE_4
16:03:22.229 (index):674 THINKING_1
16:03:23.226 (index):682 UPDATE_0
16:03:23.228 (index):674 THINKING_2
16:03:23.230 (index):664 NODEACCESSRELEASED_4
16:03:23.232 (index):682 UPDATE_3
16:03:24.227 (index):674 THINKING_0
16:03:24.228 (index):664 NODEACCESSRELEASED_3
16:03:25.227 (index):694 NODEACCESSREQUESTED_4
16:03:26.227 (index):694 NODEACCESSREQUESTED_3
16:03:26.229 (index):682 UPDATE_2
16:03:27.226 (index):682 UPDATE_4
16:03:27.229 (index):664 NODEACCESSRELEASED_2
16:03:27.230 (index):682 UPDATE_1
16:03:27.232 (index):682 UPDATE_0
16:03:28.227 (index):682 UPDATE_3
16:03:28.228 (index):664 NODEACCESSRELEASED_4
16:03:28.230 (index):664 NODEACCESSRELEASED_1
16:03:28.231 (index):674 THINKING_0
16:03:29.226 (index):694 NODEACCESSREQUESTED_2
16:03:29.228 (index):664 NODEACCESSRELEASED_3
16:03:30.226 (index):694 NODEACCESSREQUESTED_4
16:03:30.227 (index):694 NODEACCESSREQUESTED_1
16:03:31.226 (index):682 UPDATE_2
16:03:31.227 (index):694 NODEACCESSREQUESTED_3
16:03:32.230 (index):682 UPDATE_4
16:03:32.231 (index):682 UPDATE_1
16:03:32.233 (index):664 NODEACCESSRELEASED_2
16:03:32.234 (index):682 UPDATE_3
16:03:33.226 (index):674 THINKING_4
16:03:33.228 (index):674 THINKING_1
16:03:33.229 (index):664 NODEACCESSRELEASED_3
16:03:33.230 (index):682 UPDATE_0
16:03:34.226 (index):694 NODEACCESSREQUESTED_2
16:03:34.228 (index):664 NODEACCESSRELEASED_0
16:03:35.228 (index):694 NODEACCESSREQUESTED_3
16:03:35.230 (index):682 UPDATE_2
16:03:36.226 (index):694 NODEACCESSREQUESTED_0
16:03:36.228 (index):674 THINKING_2
16:03:36.229 (index):682 UPDATE_1
16:03:36.231 (index):682 UPDATE_4
16:03:37.226 (index):682 UPDATE_3
16:03:37.227 (index):664 NODEACCESSRELEASED_1
16:03:37.229 (index):664 NODEACCESSRELEASED_4
16:03:38.226 (index):682 UPDATE_0
16:03:38.227 (index):664 NODEACCESSRELEASED_3
16:03:39.226 (index):694 NODEACCESSREQUESTED_1
16:03:39.227 (index):694 NODEACCESSREQUESTED_4
16:03:39.228 (index):674 THINKING_0
16:03:39.229 (index):682 UPDATE_2
16:03:40.226 (index):694 NODEACCESSREQUESTED_3
16:03:40.227 (index):674 THINKING_2
16:03:41.230 (index):682 UPDATE_1
16:03:41.232 (index):682 UPDATE_4
16:03:41.233 (index):682 UPDATE_3
16:03:42.226 (index):674 THINKING_1
16:03:42.227 (index):674 THINKING_4
16:03:42.228 (index):664 NODEACCESSRELEASED_3
16:03:42.229 (index):682 UPDATE_0
16:03:43.226 (index):664 NODEACCESSRELEASED_0
16:03:43.227 (index):682 UPDATE_2
16:03:44.226 (index):694 NODEACCESSREQUESTED_3
16:03:44.227 (index):674 THINKING_2
16:03:45.226 (index):694 NODEACCESSREQUESTED_0
16:03:45.228 (index):682 UPDATE_1
16:03:46.227 (index):682 UPDATE_3
16:03:46.229 (index):674 THINKING_1
16:03:47.226 (index):682 UPDATE_0
16:03:47.227 (index):674 THINKING_3
16:03:47.228 (index):682 UPDATE_4
16:03:48.226 (index):664 NODEACCESSRELEASED_0
16:03:48.228 (index):674 THINKING_4
16:03:49.226 (index):682 UPDATE_2
16:03:50.226 (index):694 NODEACCESSREQUESTED_0
16:03:50.228 (index):664 NODEACCESSRELEASED_2
16:03:50.229 (index):682 UPDATE_3
16:03:51.226 (index):664 NODEACCESSRELEASED_3
16:03:51.228 (index):682 UPDATE_1
16:03:52.226 (index):682 UPDATE_0
16:03:52.227 (index):694 NODEACCESSREQUESTED_2
16:03:52.229 (index):674 THINKING_1
16:03:52.231 (index):682 UPDATE_4
16:03:53.227 (index):694 NODEACCESSREQUESTED_3
16:03:53.228 (index):674 THINKING_0
16:03:53.230 (index):674 THINKING_4
16:03:54.226 (index):682 UPDATE_2
16:03:55.230 (index):682 UPDATE_3
16:03:55.231 (index):664 NODEACCESSRELEASED_2
16:03:56.226 (index):664 NODEACCESSRELEASED_3
16:03:56.228 (index):682 UPDATE_4
16:03:57.227 (index):694 NODEACCESSREQUESTED_2
16:03:57.229 (index):664 NODEACCESSRELEASED_4
16:03:57.232 (index):682 UPDATE_1
16:03:57.234 (index):682 UPDATE_0
16:03:58.227 (index):694 NODEACCESSREQUESTED_3
16:03:58.228 (index):664 NODEACCESSRELEASED_1
16:03:58.229 (index):664 NODEACCESSRELEASED_0
16:03:59.227 (index):682 UPDATE_2
16:03:59.229 (index):694 NODEACCESSREQUESTED_4
16:04:00.227 (index):682 UPDATE_3
16:04:00.228 (index):694 NODEACCESSREQUESTED_1
16:04:00.230 (index):694 NODEACCESSREQUESTED_0
16:04:00.231 (index):664 NODEACCESSRELEASED_2
16:04:01.230 (index):682 UPDATE_4
16:04:01.232 (index):674 THINKING_3
16:04:01.233 (index):682 UPDATE_1
16:04:02.226 (index):682 UPDATE_0
16:04:02.228 (index):694 NODEACCESSREQUESTED_2
16:04:02.229 (index):664 NODEACCESSRELEASED_4
16:04:02.231 (index):674 THINKING_1
16:04:03.226 (index):664 NODEACCESSRELEASED_0
16:04:04.226 (index):682 UPDATE_2
16:04:04.228 (index):694 NODEACCESSREQUESTED_4
16:04:04.230 (index):682 UPDATE_3
16:04:05.226 (index):694 NODEACCESSREQUESTED_0
16:04:05.227 (index):664 NODEACCESSRELEASED_2
16:04:05.228 (index):664 NODEACCESSRELEASED_3
16:04:05.230 (index):682 UPDATE_1
16:04:06.227 (index):682 UPDATE_4
16:04:06.229 (index):664 NODEACCESSRELEASED_1
16:04:06.230 (index):682 UPDATE_0
16:04:07.226 (index):694 NODEACCESSREQUESTED_2
16:04:07.228 (index):694 NODEACCESSREQUESTED_3
16:04:07.229 (index):674 THINKING_4
16:04:07.231 (index):664 NODEACCESSRELEASED_0
16:04:08.226 (index):694 NODEACCESSREQUESTED_1
16:04:09.226 (index):682 UPDATE_2
16:04:09.228 (index):682 UPDATE_3
16:04:09.230 (index):694 NODEACCESSREQUESTED_0
16:04:10.226 (index):682 UPDATE_1
16:04:10.228 (index):723 END_2
16:04:10.229 (index):723 END_3
16:04:11.228 (index):682 UPDATE_0
16:04:11.229 (index):723 END_1
16:04:12.229 (index):723 END_0
16:04:12.230 (index):682 UPDATE_4
16:04:13.227 (index):723 END_4
