16:12:55.228 (index):1015 Tasks: 25; Collaborators: 15    =========================>
16:12:55.229 (index):694 NODEACCESSREQUESTED_0
16:12:55.230 (index):694 NODEACCESSREQUESTED_1
16:12:55.231 (index):694 NODEACCESSREQUESTED_2
16:12:55.232 (index):694 NODEACCESSREQUESTED_3
16:12:55.232 (index):694 NODEACCESSREQUESTED_4
16:12:55.233 (index):694 NODEACCESSREQUESTED_5
16:12:55.233 (index):694 NODEACCESSREQUESTED_6
16:12:55.234 (index):694 NODEACCESSREQUESTED_7
16:12:55.234 (index):694 NODEACCESSREQUESTED_8
16:12:55.235 (index):694 NODEACCESSREQUESTED_9
16:12:55.235 (index):694 NODEACCESSREQUESTED_10
16:12:55.236 (index):694 NODEACCESSREQUESTED_11
16:12:55.236 (index):694 NODEACCESSREQUESTED_12
16:12:55.236 (index):694 NODEACCESSREQUESTED_13
16:12:55.237 (index):694 NODEACCESSREQUESTED_14
16:12:57.228 (index):674 THINKING_0
16:12:57.229 (index):674 THINKING_1
16:12:57.231 (index):664 NODEACCESSRELEASED_2
16:12:57.232 (index):664 NODEACCESSRELEASED_3
16:12:57.233 (index):664 NODEACCESSRELEASED_4
16:12:57.234 (index):664 NODEACCESSRELEASED_5
16:12:57.234 (index):674 THINKING_6
16:12:57.235 (index):664 NODEACCESSRELEASED_7
16:12:57.235 (index):674 THINKING_8
16:12:57.236 (index):664 NODEACCESSRELEASED_9
16:12:57.236 (index):664 NODEACCESSRELEASED_10
16:12:57.237 (index):674 THINKING_11
16:12:57.237 (index):664 NODEACCESSRELEASED_12
16:12:57.238 (index):674 THINKING_13
16:12:57.238 (index):674 THINKING_14
16:12:59.226 (index):694 NODEACCESSREQUESTED_2
16:12:59.228 (index):694 NODEACCESSREQUESTED_3
16:12:59.229 (index):694 NODEACCESSREQUESTED_4
16:12:59.231 (index):694 NODEACCESSREQUESTED_5
16:12:59.232 (index):694 NODEACCESSREQUESTED_7
16:12:59.233 (index):694 NODEACCESSREQUESTED_9
16:12:59.234 (index):694 NODEACCESSREQUESTED_10
16:12:59.236 (index):694 NODEACCESSREQUESTED_12
16:13:00.226 (index):682 UPDATE_8
16:13:00.228 (index):682 UPDATE_11
16:13:00.229 (index):682 UPDATE_6
16:13:00.230 (index):682 UPDATE_1
16:13:01.229 (index):682 UPDATE_2
16:13:01.231 (index):682 UPDATE_3
16:13:01.232 (index):682 UPDATE_4
16:13:01.233 (index):682 UPDATE_5
16:13:01.234 (index):682 UPDATE_7
16:13:01.235 (index):682 UPDATE_9
16:13:01.236 (index):682 UPDATE_10
16:13:01.237 (index):682 UPDATE_12
16:13:01.238 (index):674 THINKING_8
16:13:01.239 (index):674 THINKING_11
16:13:01.240 (index):664 NODEACCESSRELEASED_6
16:13:01.241 (index):664 NODEACCESSRELEASED_1
16:13:02.226 (index):664 NODEACCESSRELEASED_2
16:13:02.227 (index):664 NODEACCESSRELEASED_3
16:13:02.229 (index):664 NODEACCESSRELEASED_4
16:13:02.229 (index):674 THINKING_5
16:13:02.230 (index):664 NODEACCESSRELEASED_7
16:13:02.231 (index):674 THINKING_9
16:13:02.232 (index):674 THINKING_10
16:13:02.233 (index):664 NODEACCESSRELEASED_12
16:13:02.235 (index):682 UPDATE_13
16:13:02.236 (index):682 UPDATE_0
16:13:02.238 (index):682 UPDATE_14
16:13:03.226 (index):694 NODEACCESSREQUESTED_6
16:13:03.229 (index):694 NODEACCESSREQUESTED_1
16:13:03.231 (index):664 NODEACCESSRELEASED_13
16:13:03.232 (index):664 NODEACCESSRELEASED_0
16:13:03.233 (index):664 NODEACCESSRELEASED_14
16:13:04.226 (index):694 NODEACCESSREQUESTED_2
16:13:04.228 (index):694 NODEACCESSREQUESTED_3
16:13:04.229 (index):694 NODEACCESSREQUESTED_4
16:13:04.231 (index):694 NODEACCESSREQUESTED_7
16:13:04.232 (index):694 NODEACCESSREQUESTED_12
16:13:05.229 (index):682 UPDATE_6
16:13:05.231 (index):682 UPDATE_1
16:13:05.232 (index):694 NODEACCESSREQUESTED_13
16:13:05.233 (index):694 NODEACCESSREQUESTED_0
16:13:05.233 (index):694 NODEACCESSREQUESTED_14
16:13:05.235 (index):682 UPDATE_10
16:13:05.236 (index):682 UPDATE_11
16:13:05.237 (index):682 UPDATE_5
16:13:05.238 (index):682 UPDATE_2
16:13:06.226 (index):682 UPDATE_3
16:13:06.227 (index):682 UPDATE_4
16:13:06.228 (index):682 UPDATE_7
16:13:06.229 (index):682 UPDATE_12
16:13:06.232 (index):664 NODEACCESSRELEASED_6
16:13:06.233 (index):674 THINKING_1
16:13:06.234 (index):664 NODEACCESSRELEASED_10
16:13:06.235 (index):664 NODEACCESSRELEASED_11
16:13:06.236 (index):664 NODEACCESSRELEASED_5
16:13:06.236 (index):664 NODEACCESSRELEASED_2
16:13:06.237 (index):682 UPDATE_8
16:13:07.226 (index):682 UPDATE_13
16:13:07.228 (index):682 UPDATE_0
16:13:07.229 (index):682 UPDATE_14
16:13:07.230 (index):674 THINKING_3
16:13:07.231 (index):664 NODEACCESSRELEASED_4
16:13:07.233 (index):664 NODEACCESSRELEASED_7
16:13:07.234 (index):664 NODEACCESSRELEASED_12
16:13:07.235 (index):664 NODEACCESSRELEASED_8
16:13:07.236 (index):682 UPDATE_9
16:13:08.227 (index):694 NODEACCESSREQUESTED_6
16:13:08.229 (index):694 NODEACCESSREQUESTED_10
16:13:08.230 (index):694 NODEACCESSREQUESTED_11
16:13:08.231 (index):694 NODEACCESSREQUESTED_5
16:13:08.232 (index):694 NODEACCESSREQUESTED_2
16:13:08.233 (index):664 NODEACCESSRELEASED_13
16:13:08.234 (index):664 NODEACCESSRELEASED_0
16:13:08.235 (index):674 THINKING_14
16:13:08.236 (index):674 THINKING_9
16:13:09.226 (index):694 NODEACCESSREQUESTED_4
16:13:09.228 (index):694 NODEACCESSREQUESTED_7
16:13:09.230 (index):694 NODEACCESSREQUESTED_12
16:13:09.231 (index):694 NODEACCESSREQUESTED_8
16:13:10.226 (index):682 UPDATE_6
16:13:10.228 (index):682 UPDATE_10
16:13:10.230 (index):682 UPDATE_11
16:13:10.231 (index):682 UPDATE_5
16:13:10.231 (index):682 UPDATE_2
16:13:10.233 (index):694 NODEACCESSREQUESTED_13
16:13:10.234 (index):694 NODEACCESSREQUESTED_0
16:13:10.235 (index):682 UPDATE_1
16:13:11.226 (index):682 UPDATE_4
16:13:11.228 (index):682 UPDATE_7
16:13:11.229 (index):682 UPDATE_12
16:13:11.231 (index):682 UPDATE_8
16:13:11.232 (index):664 NODEACCESSRELEASED_6
16:13:11.233 (index):674 THINKING_10
16:13:11.234 (index):664 NODEACCESSRELEASED_11
16:13:11.235 (index):674 THINKING_5
16:13:11.236 (index):674 THINKING_2
16:13:11.237 (index):674 THINKING_1
16:13:11.238 (index):682 UPDATE_9
16:13:12.226 (index):682 UPDATE_13
16:13:12.227 (index):682 UPDATE_0
16:13:12.228 (index):682 UPDATE_14
16:13:12.229 (index):664 NODEACCESSRELEASED_4
16:13:12.229 (index):674 THINKING_7
16:13:12.230 (index):674 THINKING_12
16:13:12.231 (index):674 THINKING_8
16:13:12.232 (index):664 NODEACCESSRELEASED_9
16:13:12.233 (index):682 UPDATE_3
16:13:13.226 (index):694 NODEACCESSREQUESTED_6
16:13:13.228 (index):694 NODEACCESSREQUESTED_11
16:13:13.229 (index):664 NODEACCESSRELEASED_13
16:13:13.230 (index):674 THINKING_0
16:13:13.231 (index):664 NODEACCESSRELEASED_14
16:13:13.231 (index):664 NODEACCESSRELEASED_3
16:13:14.226 (index):694 NODEACCESSREQUESTED_4
16:13:14.228 (index):694 NODEACCESSREQUESTED_9
16:13:14.229 (index):682 UPDATE_2
16:13:14.231 (index):682 UPDATE_10
16:13:15.226 (index):682 UPDATE_6
16:13:15.229 (index):682 UPDATE_11
16:13:15.230 (index):694 NODEACCESSREQUESTED_13
16:13:15.232 (index):694 NODEACCESSREQUESTED_14
16:13:15.233 (index):694 NODEACCESSREQUESTED_3
16:13:15.234 (index):664 NODEACCESSRELEASED_2
16:13:15.234 (index):664 NODEACCESSRELEASED_10
16:13:15.235 (index):682 UPDATE_5
16:13:15.235 (index):682 UPDATE_7
16:13:16.226 (index):682 UPDATE_4
16:13:16.228 (index):682 UPDATE_9
16:13:16.231 (index):664 NODEACCESSRELEASED_6
16:13:16.232 (index):664 NODEACCESSRELEASED_11
16:13:16.233 (index):664 NODEACCESSRELEASED_5
16:13:16.235 (index):664 NODEACCESSRELEASED_7
16:13:16.236 (index):682 UPDATE_1
16:13:16.237 (index):682 UPDATE_0
16:13:17.226 (index):682 UPDATE_13
16:13:17.228 (index):682 UPDATE_14
16:13:17.229 (index):682 UPDATE_3
16:13:17.230 (index):694 NODEACCESSREQUESTED_2
16:13:17.231 (index):694 NODEACCESSREQUESTED_10
16:13:17.232 (index):664 NODEACCESSRELEASED_4
16:13:17.234 (index):664 NODEACCESSRELEASED_9
16:13:17.235 (index):664 NODEACCESSRELEASED_1
16:13:17.236 (index):674 THINKING_0
16:13:17.237 (index):682 UPDATE_8
16:13:17.238 (index):682 UPDATE_12
16:13:18.226 (index):694 NODEACCESSREQUESTED_6
16:13:18.227 (index):694 NODEACCESSREQUESTED_11
16:13:18.228 (index):694 NODEACCESSREQUESTED_5
16:13:18.229 (index):694 NODEACCESSREQUESTED_7
16:13:18.230 (index):664 NODEACCESSRELEASED_13
16:13:18.232 (index):664 NODEACCESSRELEASED_14
16:13:18.233 (index):664 NODEACCESSRELEASED_3
16:13:18.234 (index):664 NODEACCESSRELEASED_8
16:13:18.234 (index):664 NODEACCESSRELEASED_12
16:13:19.226 (index):682 UPDATE_2
16:13:19.227 (index):682 UPDATE_10
16:13:19.229 (index):694 NODEACCESSREQUESTED_4
16:13:19.230 (index):694 NODEACCESSREQUESTED_9
16:13:19.231 (index):694 NODEACCESSREQUESTED_1
16:13:20.226 (index):682 UPDATE_6
16:13:20.228 (index):682 UPDATE_11
16:13:20.230 (index):682 UPDATE_5
16:13:20.231 (index):682 UPDATE_7
16:13:20.232 (index):694 NODEACCESSREQUESTED_13
16:13:20.233 (index):694 NODEACCESSREQUESTED_14
16:13:20.234 (index):694 NODEACCESSREQUESTED_3
16:13:20.235 (index):694 NODEACCESSREQUESTED_8
16:13:20.236 (index):694 NODEACCESSREQUESTED_12
16:13:20.238 (index):664 NODEACCESSRELEASED_2
16:13:20.238 (index):674 THINKING_10
16:13:21.226 (index):682 UPDATE_4
16:13:21.227 (index):682 UPDATE_9
16:13:21.228 (index):682 UPDATE_1
16:13:21.228 (index):664 NODEACCESSRELEASED_6
16:13:21.229 (index):674 THINKING_11
16:13:21.229 (index):674 THINKING_5
16:13:21.230 (index):674 THINKING_7
16:13:22.227 (index):682 UPDATE_13
16:13:22.229 (index):682 UPDATE_14
16:13:22.230 (index):682 UPDATE_3
16:13:22.230 (index):682 UPDATE_8
16:13:22.231 (index):682 UPDATE_12
16:13:22.232 (index):694 NODEACCESSREQUESTED_2
16:13:22.232 (index):674 THINKING_4
16:13:22.233 (index):664 NODEACCESSRELEASED_9
16:13:22.234 (index):674 THINKING_1
16:13:22.234 (index):682 UPDATE_0
16:13:23.226 (index):694 NODEACCESSREQUESTED_6
16:13:23.227 (index):664 NODEACCESSRELEASED_13
16:13:23.228 (index):664 NODEACCESSRELEASED_14
16:13:23.228 (index):664 NODEACCESSRELEASED_3
16:13:23.229 (index):664 NODEACCESSRELEASED_8
16:13:23.230 (index):664 NODEACCESSRELEASED_12
16:13:23.231 (index):664 NODEACCESSRELEASED_0
16:13:24.226 (index):682 UPDATE_2
16:13:24.227 (index):694 NODEACCESSREQUESTED_9
16:13:25.227 (index):682 UPDATE_6
16:13:25.228 (index):694 NODEACCESSREQUESTED_13
16:13:25.229 (index):694 NODEACCESSREQUESTED_14
16:13:25.230 (index):694 NODEACCESSREQUESTED_3
16:13:25.231 (index):694 NODEACCESSREQUESTED_8
16:13:25.232 (index):694 NODEACCESSREQUESTED_12
16:13:25.233 (index):694 NODEACCESSREQUESTED_0
16:13:25.234 (index):674 THINKING_2
16:13:25.235 (index):682 UPDATE_1
16:13:25.236 (index):682 UPDATE_4
16:13:25.237 (index):682 UPDATE_10
16:13:26.226 (index):682 UPDATE_9
16:13:26.229 (index):674 THINKING_6
16:13:26.230 (index):664 NODEACCESSRELEASED_1
16:13:26.232 (index):664 NODEACCESSRELEASED_4
16:13:26.233 (index):664 NODEACCESSRELEASED_10
16:13:26.234 (index):682 UPDATE_11
16:13:26.235 (index):682 UPDATE_5
16:13:26.236 (index):682 UPDATE_7
16:13:27.226 (index):682 UPDATE_13
16:13:27.228 (index):682 UPDATE_14
16:13:27.229 (index):682 UPDATE_3
16:13:27.230 (index):682 UPDATE_8
16:13:27.230 (index):682 UPDATE_12
16:13:27.231 (index):682 UPDATE_0
16:13:27.232 (index):674 THINKING_9
16:13:27.233 (index):664 NODEACCESSRELEASED_11
16:13:27.233 (index):674 THINKING_5
16:13:27.234 (index):664 NODEACCESSRELEASED_7
16:13:28.226 (index):694 NODEACCESSREQUESTED_1
16:13:28.228 (index):694 NODEACCESSREQUESTED_4
16:13:28.229 (index):694 NODEACCESSREQUESTED_10
16:13:28.230 (index):664 NODEACCESSRELEASED_13
16:13:28.231 (index):664 NODEACCESSRELEASED_14
16:13:28.232 (index):664 NODEACCESSRELEASED_3
16:13:28.233 (index):674 THINKING_8
16:13:28.234 (index):664 NODEACCESSRELEASED_12
16:13:28.235 (index):674 THINKING_0
16:13:28.236 (index):682 UPDATE_2
16:13:29.226 (index):694 NODEACCESSREQUESTED_11
16:13:29.228 (index):694 NODEACCESSREQUESTED_7
16:13:29.229 (index):674 THINKING_2
16:13:29.230 (index):682 UPDATE_6
16:13:30.226 (index):682 UPDATE_1
16:13:30.228 (index):682 UPDATE_4
16:13:30.229 (index):682 UPDATE_10
16:13:30.231 (index):694 NODEACCESSREQUESTED_13
16:13:30.232 (index):694 NODEACCESSREQUESTED_14
16:13:30.234 (index):694 NODEACCESSREQUESTED_3
16:13:30.234 (index):694 NODEACCESSREQUESTED_12
16:13:30.235 (index):682 UPDATE_5
16:13:30.236 (index):674 THINKING_6
16:13:31.226 (index):682 UPDATE_11
16:13:31.227 (index):682 UPDATE_7
16:13:31.228 (index):674 THINKING_1
16:13:31.229 (index):674 THINKING_4
16:13:31.230 (index):674 THINKING_10
16:13:31.231 (index):664 NODEACCESSRELEASED_5
16:13:31.232 (index):682 UPDATE_9
16:13:31.234 (index):682 UPDATE_0
16:13:32.226 (index):682 UPDATE_13
16:13:32.228 (index):682 UPDATE_14
16:13:32.229 (index):682 UPDATE_3
16:13:32.230 (index):682 UPDATE_12
16:13:32.231 (index):664 NODEACCESSRELEASED_11
16:13:32.232 (index):664 NODEACCESSRELEASED_7
16:13:32.233 (index):664 NODEACCESSRELEASED_9
16:13:32.234 (index):664 NODEACCESSRELEASED_0
16:13:32.236 (index):682 UPDATE_2
16:13:32.238 (index):682 UPDATE_8
16:13:33.226 (index):694 NODEACCESSREQUESTED_5
16:13:33.227 (index):664 NODEACCESSRELEASED_13
16:13:33.228 (index):674 THINKING_14
16:13:33.229 (index):664 NODEACCESSRELEASED_3
16:13:33.231 (index):664 NODEACCESSRELEASED_12
16:13:33.232 (index):674 THINKING_2
16:13:33.234 (index):664 NODEACCESSRELEASED_8
16:13:33.236 (index):682 UPDATE_6
16:13:34.226 (index):694 NODEACCESSREQUESTED_11
16:13:34.228 (index):694 NODEACCESSREQUESTED_7
16:13:34.229 (index):694 NODEACCESSREQUESTED_9
16:13:34.230 (index):694 NODEACCESSREQUESTED_0
16:13:34.231 (index):664 NODEACCESSRELEASED_6
16:13:34.232 (index):682 UPDATE_1
16:13:35.226 (index):682 UPDATE_5
16:13:35.228 (index):694 NODEACCESSREQUESTED_13
16:13:35.229 (index):694 NODEACCESSREQUESTED_3
16:13:35.230 (index):694 NODEACCESSREQUESTED_12
16:13:35.232 (index):694 NODEACCESSREQUESTED_8
16:13:35.233 (index):674 THINKING_1
16:13:35.235 (index):682 UPDATE_10
16:13:36.226 (index):682 UPDATE_11
16:13:36.228 (index):682 UPDATE_7
16:13:36.229 (index):682 UPDATE_9
16:13:36.230 (index):682 UPDATE_0
16:13:36.231 (index):694 NODEACCESSREQUESTED_6
16:13:36.233 (index):674 THINKING_5
16:13:36.234 (index):664 NODEACCESSRELEASED_10
16:13:36.235 (index):682 UPDATE_4
16:13:36.236 (index):682 UPDATE_14
16:13:37.226 (index):682 UPDATE_13
16:13:37.227 (index):682 UPDATE_3
16:13:37.227 (index):682 UPDATE_12
16:13:37.228 (index):682 UPDATE_8
16:13:37.228 (index):664 NODEACCESSRELEASED_11
16:13:37.229 (index):664 NODEACCESSRELEASED_7
16:13:37.229 (index):664 NODEACCESSRELEASED_9
16:13:37.230 (index):664 NODEACCESSRELEASED_0
16:13:37.231 (index):674 THINKING_4
16:13:37.232 (index):664 NODEACCESSRELEASED_14
16:13:38.226 (index):682 UPDATE_6
16:13:38.228 (index):694 NODEACCESSREQUESTED_10
16:13:38.229 (index):664 NODEACCESSRELEASED_13
16:13:38.230 (index):674 THINKING_3
16:13:38.231 (index):664 NODEACCESSRELEASED_12
16:13:38.231 (index):664 NODEACCESSRELEASED_8
16:13:38.232 (index):682 UPDATE_2
16:13:39.226 (index):694 NODEACCESSREQUESTED_11
16:13:39.227 (index):694 NODEACCESSREQUESTED_7
16:13:39.229 (index):694 NODEACCESSREQUESTED_9
16:13:39.230 (index):694 NODEACCESSREQUESTED_0
16:13:39.231 (index):694 NODEACCESSREQUESTED_14
16:13:39.232 (index):664 NODEACCESSRELEASED_6
16:13:39.233 (index):664 NODEACCESSRELEASED_2
16:13:40.226 (index):682 UPDATE_10
16:13:40.228 (index):694 NODEACCESSREQUESTED_13
16:13:40.229 (index):694 NODEACCESSREQUESTED_12
16:13:40.231 (index):694 NODEACCESSREQUESTED_8
16:13:40.232 (index):682 UPDATE_1
16:13:41.226 (index):682 UPDATE_11
16:13:41.227 (index):682 UPDATE_7
16:13:41.228 (index):682 UPDATE_9
16:13:41.229 (index):682 UPDATE_0
16:13:41.230 (index):682 UPDATE_14
16:13:41.231 (index):694 NODEACCESSREQUESTED_6
16:13:41.232 (index):694 NODEACCESSREQUESTED_2
16:13:41.233 (index):674 THINKING_10
16:13:41.233 (index):674 THINKING_1
16:13:41.235 (index):682 UPDATE_3
16:13:41.237 (index):682 UPDATE_5
16:13:41.238 (index):682 UPDATE_4
16:13:42.226 (index):682 UPDATE_13
16:13:42.227 (index):682 UPDATE_12
16:13:42.228 (index):682 UPDATE_8
16:13:42.229 (index):674 THINKING_11
16:13:42.230 (index):664 NODEACCESSRELEASED_7
16:13:42.231 (index):674 THINKING_9
16:13:42.232 (index):674 THINKING_0
16:13:42.233 (index):664 NODEACCESSRELEASED_14
16:13:42.235 (index):664 NODEACCESSRELEASED_3
16:13:42.235 (index):664 NODEACCESSRELEASED_5
16:13:42.236 (index):674 THINKING_4
16:13:43.226 (index):682 UPDATE_6
16:13:43.227 (index):682 UPDATE_2
16:13:43.228 (index):664 NODEACCESSRELEASED_13
16:13:43.229 (index):664 NODEACCESSRELEASED_12
16:13:43.230 (index):664 NODEACCESSRELEASED_8
16:13:44.226 (index):694 NODEACCESSREQUESTED_7
16:13:44.228 (index):694 NODEACCESSREQUESTED_14
16:13:44.229 (index):694 NODEACCESSREQUESTED_3
16:13:44.230 (index):694 NODEACCESSREQUESTED_5
16:13:44.232 (index):664 NODEACCESSRELEASED_6
16:13:44.233 (index):664 NODEACCESSRELEASED_2
16:13:45.226 (index):694 NODEACCESSREQUESTED_13
16:13:45.228 (index):694 NODEACCESSREQUESTED_12
16:13:45.229 (index):694 NODEACCESSREQUESTED_8
16:13:45.231 (index):682 UPDATE_4
16:13:46.226 (index):682 UPDATE_7
16:13:46.228 (index):682 UPDATE_14
16:13:46.229 (index):682 UPDATE_3
16:13:46.231 (index):682 UPDATE_5
16:13:46.233 (index):694 NODEACCESSREQUESTED_6
16:13:46.235 (index):694 NODEACCESSREQUESTED_2
16:13:46.237 (index):664 NODEACCESSRELEASED_4
16:13:46.239 (index):682 UPDATE_1
16:13:46.240 (index):682 UPDATE_11
16:13:46.241 (index):682 UPDATE_9
16:13:46.242 (index):682 UPDATE_10
16:13:47.226 (index):682 UPDATE_0
16:13:47.228 (index):682 UPDATE_13
16:13:47.229 (index):682 UPDATE_12
16:13:47.230 (index):682 UPDATE_8
16:13:47.231 (index):664 NODEACCESSRELEASED_7
16:13:47.232 (index):674 THINKING_14
16:13:47.234 (index):664 NODEACCESSRELEASED_3
16:13:47.235 (index):664 NODEACCESSRELEASED_5
16:13:47.236 (index):664 NODEACCESSRELEASED_1
16:13:47.237 (index):664 NODEACCESSRELEASED_11
16:13:47.238 (index):664 NODEACCESSRELEASED_9
16:13:47.239 (index):664 NODEACCESSRELEASED_10
16:13:48.226 (index):682 UPDATE_6
16:13:48.228 (index):682 UPDATE_2
16:13:48.229 (index):694 NODEACCESSREQUESTED_4
16:13:48.230 (index):664 NODEACCESSRELEASED_0
16:13:48.231 (index):664 NODEACCESSRELEASED_13
16:13:48.232 (index):674 THINKING_12
16:13:48.233 (index):664 NODEACCESSRELEASED_8
16:13:49.226 (index):694 NODEACCESSREQUESTED_7
16:13:49.228 (index):694 NODEACCESSREQUESTED_3
16:13:49.229 (index):694 NODEACCESSREQUESTED_5
16:13:49.231 (index):694 NODEACCESSREQUESTED_1
16:13:49.232 (index):694 NODEACCESSREQUESTED_11
16:13:49.233 (index):694 NODEACCESSREQUESTED_9
16:13:49.234 (index):694 NODEACCESSREQUESTED_10
16:13:49.235 (index):664 NODEACCESSRELEASED_6
16:13:49.236 (index):664 NODEACCESSRELEASED_2
16:13:50.226 (index):682 UPDATE_4
16:13:50.227 (index):694 NODEACCESSREQUESTED_0
16:13:50.228 (index):694 NODEACCESSREQUESTED_13
16:13:50.229 (index):694 NODEACCESSREQUESTED_8
16:13:51.226 (index):682 UPDATE_7
16:13:51.228 (index):682 UPDATE_3
16:13:51.229 (index):682 UPDATE_5
16:13:51.230 (index):682 UPDATE_1
16:13:51.231 (index):682 UPDATE_11
16:13:51.233 (index):682 UPDATE_9
16:13:51.234 (index):682 UPDATE_10
16:13:51.235 (index):694 NODEACCESSREQUESTED_6
16:13:51.235 (index):694 NODEACCESSREQUESTED_2
16:13:51.236 (index):664 NODEACCESSRELEASED_4
16:13:51.236 (index):682 UPDATE_14
16:13:52.226 (index):682 UPDATE_0
16:13:52.228 (index):682 UPDATE_13
16:13:52.228 (index):682 UPDATE_8
16:13:52.230 (index):674 THINKING_7
16:13:52.231 (index):674 THINKING_3
16:13:52.232 (index):664 NODEACCESSRELEASED_5
16:13:52.235 (index):674 THINKING_1
16:13:52.236 (index):664 NODEACCESSRELEASED_11
16:13:52.237 (index):664 NODEACCESSRELEASED_9
16:13:52.239 (index):664 NODEACCESSRELEASED_10
16:13:52.240 (index):674 THINKING_14
16:13:52.241 (index):682 UPDATE_12
16:13:53.228 (index):682 UPDATE_6
16:13:53.230 (index):682 UPDATE_2
16:13:53.231 (index):694 NODEACCESSREQUESTED_4
16:13:53.232 (index):664 NODEACCESSRELEASED_0
16:13:53.236 (index):664 NODEACCESSRELEASED_13
16:13:53.237 (index):664 NODEACCESSRELEASED_8
16:13:53.238 (index):664 NODEACCESSRELEASED_12
16:13:54.226 (index):694 NODEACCESSREQUESTED_5
16:13:54.228 (index):694 NODEACCESSREQUESTED_11
16:13:54.229 (index):694 NODEACCESSREQUESTED_9
16:13:54.231 (index):694 NODEACCESSREQUESTED_10
16:13:54.232 (index):664 NODEACCESSRELEASED_6
16:13:54.233 (index):664 NODEACCESSRELEASED_2
16:13:55.226 (index):682 UPDATE_4
16:13:55.228 (index):694 NODEACCESSREQUESTED_0
16:13:55.229 (index):694 NODEACCESSREQUESTED_13
16:13:55.230 (index):694 NODEACCESSREQUESTED_8
16:13:55.231 (index):694 NODEACCESSREQUESTED_12
16:13:55.232 (index):682 UPDATE_1
16:13:55.233 (index):682 UPDATE_3
16:13:56.226 (index):682 UPDATE_5
16:13:56.228 (index):682 UPDATE_11
16:13:56.229 (index):682 UPDATE_9
16:13:56.230 (index):682 UPDATE_10
16:13:56.232 (index):694 NODEACCESSREQUESTED_6
16:13:56.233 (index):694 NODEACCESSREQUESTED_2
16:13:56.235 (index):674 THINKING_4
16:13:56.236 (index):664 NODEACCESSRELEASED_1
16:13:56.238 (index):664 NODEACCESSRELEASED_3
16:13:56.238 (index):682 UPDATE_7
16:13:57.226 (index):682 UPDATE_0
16:13:57.227 (index):682 UPDATE_13
16:13:57.229 (index):682 UPDATE_8
16:13:57.230 (index):682 UPDATE_12
16:13:57.231 (index):682 UPDATE_14
16:13:57.233 (index):664 NODEACCESSRELEASED_5
16:13:57.234 (index):674 THINKING_11
16:13:57.235 (index):664 NODEACCESSRELEASED_9
16:13:57.235 (index):664 NODEACCESSRELEASED_10
16:13:57.236 (index):664 NODEACCESSRELEASED_7
16:13:58.226 (index):682 UPDATE_6
16:13:58.227 (index):682 UPDATE_2
16:13:58.229 (index):694 NODEACCESSREQUESTED_1
16:13:58.230 (index):694 NODEACCESSREQUESTED_3
16:13:58.231 (index):664 NODEACCESSRELEASED_0
16:13:58.232 (index):664 NODEACCESSRELEASED_13
16:13:58.233 (index):664 NODEACCESSRELEASED_8
16:13:58.234 (index):664 NODEACCESSRELEASED_12
16:13:58.236 (index):664 NODEACCESSRELEASED_14
16:13:59.226 (index):694 NODEACCESSREQUESTED_5
16:13:59.228 (index):694 NODEACCESSREQUESTED_9
16:13:59.229 (index):694 NODEACCESSREQUESTED_10
16:13:59.231 (index):694 NODEACCESSREQUESTED_7
16:13:59.232 (index):723 END_6
16:13:59.233 (index):723 END_2
16:14:00.226 (index):682 UPDATE_1
16:14:00.227 (index):682 UPDATE_3
16:14:00.229 (index):694 NODEACCESSREQUESTED_0
16:14:00.230 (index):694 NODEACCESSREQUESTED_13
16:14:00.231 (index):694 NODEACCESSREQUESTED_8
16:14:00.233 (index):694 NODEACCESSREQUESTED_12
16:14:00.234 (index):694 NODEACCESSREQUESTED_14
16:14:01.226 (index):682 UPDATE_5
16:14:01.227 (index):682 UPDATE_9
16:14:01.228 (index):682 UPDATE_10
16:14:01.229 (index):682 UPDATE_7
16:14:01.230 (index):723 END_1
16:14:01.231 (index):723 END_3
16:14:01.232 (index):682 UPDATE_11
16:14:01.233 (index):682 UPDATE_4
16:14:02.226 (index):682 UPDATE_0
16:14:02.228 (index):682 UPDATE_13
16:14:02.229 (index):682 UPDATE_8
16:14:02.230 (index):682 UPDATE_12
16:14:02.231 (index):682 UPDATE_14
16:14:02.232 (index):723 END_5
16:14:02.233 (index):723 END_9
16:14:02.234 (index):723 END_10
16:14:02.235 (index):723 END_7
16:14:02.235 (index):723 END_11
16:14:02.236 (index):723 END_4
16:14:03.226 (index):723 END_0
16:14:03.227 (index):723 END_13
16:14:03.228 (index):723 END_8
16:14:03.229 (index):723 END_12
16:14:03.230 (index):723 END_14
