16:16:35.507 (index):1159 Tasks: 25; Collaborators: 19    =========================>
16:16:35.508 (index):694 NODEACCESSREQUESTED_0
16:16:35.509 (index):694 NODEACCESSREQUESTED_1
16:16:35.510 (index):694 NODEACCESSREQUESTED_2
16:16:35.511 (index):694 NODEACCESSREQUESTED_3
16:16:35.512 (index):694 NODEACCESSREQUESTED_4
16:16:35.513 (index):694 NODEACCESSREQUESTED_5
16:16:35.513 (index):694 NODEACCESSREQUESTED_6
16:16:35.514 (index):694 NODEACCESSREQUESTED_7
16:16:35.515 (index):694 NODEACCESSREQUESTED_8
16:16:35.515 (index):694 NODEACCESSREQUESTED_9
16:16:35.515 (index):694 NODEACCESSREQUESTED_10
16:16:35.516 (index):694 NODEACCESSREQUESTED_11
16:16:35.516 (index):694 NODEACCESSREQUESTED_12
16:16:35.517 (index):694 NODEACCESSREQUESTED_13
16:16:35.517 (index):694 NODEACCESSREQUESTED_14
16:16:35.518 (index):694 NODEACCESSREQUESTED_15
16:16:35.518 (index):694 NODEACCESSREQUESTED_16
16:16:35.518 (index):694 NODEACCESSREQUESTED_17
16:16:35.519 (index):694 NODEACCESSREQUESTED_18
16:16:36.509 (index):674 THINKING_0
16:16:36.510 (index):674 THINKING_1
16:16:36.511 (index):664 NODEACCESSRELEASED_2
16:16:36.512 (index):664 NODEACCESSRELEASED_3
16:16:36.513 (index):664 NODEACCESSRELEASED_4
16:16:36.514 (index):664 NODEACCESSRELEASED_5
16:16:36.514 (index):674 THINKING_6
16:16:36.515 (index):664 NODEACCESSRELEASED_7
16:16:36.516 (index):674 THINKING_8
16:16:36.517 (index):664 NODEACCESSRELEASED_9
16:16:36.518 (index):664 NODEACCESSRELEASED_10
16:16:36.519 (index):674 THINKING_11
16:16:36.520 (index):664 NODEACCESSRELEASED_12
16:16:36.521 (index):674 THINKING_13
16:16:36.522 (index):674 THINKING_14
16:16:36.522 (index):674 THINKING_15
16:16:36.523 (index):674 THINKING_16
16:16:36.523 (index):712 WAITING_17
16:16:36.524 (index):712 WAITING_18
16:16:37.511 (index):694 NODEACCESSREQUESTED_2
16:16:37.512 (index):694 NODEACCESSREQUESTED_3
16:16:37.513 (index):694 NODEACCESSREQUESTED_4
16:16:37.514 (index):694 NODEACCESSREQUESTED_5
16:16:37.516 (index):694 NODEACCESSREQUESTED_7
16:16:37.518 (index):694 NODEACCESSREQUESTED_9
16:16:37.519 (index):694 NODEACCESSREQUESTED_10
16:16:37.521 (index):694 NODEACCESSREQUESTED_12
16:16:37.524 (index):712 WAITING_17
16:16:37.525 (index):712 WAITING_18
16:16:38.512 (index):682 UPDATE_2
16:16:38.513 (index):682 UPDATE_3
16:16:38.514 (index):682 UPDATE_4
16:16:38.516 (index):682 UPDATE_5
16:16:38.518 (index):682 UPDATE_7
16:16:38.519 (index):682 UPDATE_9
16:16:38.520 (index):682 UPDATE_10
16:16:38.522 (index):682 UPDATE_12
16:16:38.525 (index):712 WAITING_17
16:16:38.526 (index):712 WAITING_18
16:16:38.542 (index):682 UPDATE_8
16:16:38.613 (index):664 NODEACCESSRELEASED_2
16:16:38.614 (index):664 NODEACCESSRELEASED_3
16:16:38.615 (index):664 NODEACCESSRELEASED_4
16:16:38.617 (index):674 THINKING_5
16:16:38.619 (index):664 NODEACCESSRELEASED_7
16:16:38.620 (index):674 THINKING_9
16:16:38.621 (index):674 THINKING_10
16:16:38.623 (index):664 NODEACCESSRELEASED_12
16:16:38.644 (index):674 THINKING_8
16:16:38.805 (index):682 UPDATE_16
16:16:38.906 (index):664 NODEACCESSRELEASED_16
16:16:38.981 (index):682 UPDATE_11
16:16:39.082 (index):674 THINKING_11
16:16:39.232 (index):682 UPDATE_6
16:16:39.334 (index):664 NODEACCESSRELEASED_6
16:16:39.455 (index):682 UPDATE_1
16:16:39.526 (index):712 WAITING_17
16:16:39.527 (index):712 WAITING_18
16:16:39.557 (index):664 NODEACCESSRELEASED_1
16:16:39.614 (index):694 NODEACCESSREQUESTED_2
16:16:39.616 (index):694 NODEACCESSREQUESTED_3
16:16:39.617 (index):694 NODEACCESSREQUESTED_4
16:16:39.620 (index):694 NODEACCESSREQUESTED_7
16:16:39.624 (index):694 NODEACCESSREQUESTED_12
16:16:39.907 (index):694 NODEACCESSREQUESTED_16
16:16:39.977 (index):682 UPDATE_15
16:16:40.078 (index):664 NODEACCESSRELEASED_15
16:16:40.335 (index):694 NODEACCESSREQUESTED_6
16:16:40.527 (index):712 WAITING_17
16:16:40.528 (index):712 WAITING_18
16:16:40.558 (index):694 NODEACCESSREQUESTED_1
16:16:40.616 (index):682 UPDATE_2
16:16:40.617 (index):682 UPDATE_3
16:16:40.618 (index):682 UPDATE_4
16:16:40.620 (index):682 UPDATE_7
16:16:40.625 (index):682 UPDATE_12
16:16:40.673 (index):682 UPDATE_10
16:16:40.717 (index):664 NODEACCESSRELEASED_2
16:16:40.718 (index):674 THINKING_3
16:16:40.719 (index):664 NODEACCESSRELEASED_4
16:16:40.721 (index):664 NODEACCESSRELEASED_7
16:16:40.726 (index):664 NODEACCESSRELEASED_12
16:16:40.774 (index):664 NODEACCESSRELEASED_10
16:16:40.796 (index):682 UPDATE_13
16:16:40.858 (index):682 UPDATE_0
16:16:40.897 (index):664 NODEACCESSRELEASED_13
16:16:40.909 (index):682 UPDATE_16
16:16:40.959 (index):664 NODEACCESSRELEASED_0
16:16:40.974 (index):682 UPDATE_14
16:16:41.010 (index):664 NODEACCESSRELEASED_16
16:16:41.031 (index):682 UPDATE_5
16:16:41.075 (index):664 NODEACCESSRELEASED_14
16:16:41.080 (index):694 NODEACCESSREQUESTED_15
16:16:41.132 (index):664 NODEACCESSRELEASED_5
16:16:41.336 (index):682 UPDATE_6
16:16:41.437 (index):664 NODEACCESSRELEASED_6
16:16:41.528 (index):712 WAITING_17
16:16:41.529 (index):712 WAITING_18
16:16:41.559 (index):682 UPDATE_1
16:16:41.661 (index):674 THINKING_1
16:16:41.718 (index):694 NODEACCESSREQUESTED_2
16:16:41.719 (index):694 NODEACCESSREQUESTED_4
16:16:41.722 (index):694 NODEACCESSREQUESTED_7
16:16:41.726 (index):694 NODEACCESSREQUESTED_12
16:16:41.775 (index):694 NODEACCESSREQUESTED_10
16:16:41.899 (index):694 NODEACCESSREQUESTED_13
16:16:41.960 (index):694 NODEACCESSREQUESTED_0
16:16:42.011 (index):694 NODEACCESSREQUESTED_16
16:16:42.076 (index):694 NODEACCESSREQUESTED_14
16:16:42.081 (index):682 UPDATE_15
16:16:42.133 (index):694 NODEACCESSREQUESTED_5
16:16:42.182 (index):664 NODEACCESSRELEASED_15
16:16:42.379 (index):682 UPDATE_11
16:16:42.439 (index):694 NODEACCESSREQUESTED_6
16:16:42.481 (index):664 NODEACCESSRELEASED_11
16:16:42.530 (index):712 WAITING_17
16:16:42.530 (index):712 WAITING_18
16:16:42.719 (index):682 UPDATE_2
16:16:42.720 (index):682 UPDATE_4
16:16:42.723 (index):682 UPDATE_7
16:16:42.727 (index):682 UPDATE_12
16:16:42.777 (index):682 UPDATE_10
16:16:42.820 (index):674 THINKING_2
16:16:42.821 (index):664 NODEACCESSRELEASED_4
16:16:42.823 (index):674 THINKING_7
16:16:42.828 (index):674 THINKING_12
16:16:42.878 (index):674 THINKING_10
16:16:42.900 (index):682 UPDATE_13
16:16:42.961 (index):682 UPDATE_0
16:16:43.001 (index):664 NODEACCESSRELEASED_13
16:16:43.012 (index):682 UPDATE_16
16:16:43.062 (index):664 NODEACCESSRELEASED_0
16:16:43.077 (index):682 UPDATE_14
16:16:43.085 (index):682 UPDATE_8
16:16:43.113 (index):664 NODEACCESSRELEASED_16
16:16:43.132 (index):682 UPDATE_9
16:16:43.135 (index):682 UPDATE_5
16:16:43.178 (index):674 THINKING_14
16:16:43.184 (index):694 NODEACCESSREQUESTED_15
16:16:43.186 (index):664 NODEACCESSRELEASED_8
16:16:43.233 (index):674 THINKING_9
16:16:43.235 (index):674 THINKING_5
16:16:43.440 (index):682 UPDATE_6
16:16:43.482 (index):694 NODEACCESSREQUESTED_11
16:16:43.530 (index):712 WAITING_17
16:16:43.532 (index):712 WAITING_18
16:16:43.541 (index):664 NODEACCESSRELEASED_6
16:16:43.822 (index):694 NODEACCESSREQUESTED_4
16:16:44.003 (index):694 NODEACCESSREQUESTED_13
16:16:44.063 (index):694 NODEACCESSREQUESTED_0
16:16:44.114 (index):694 NODEACCESSREQUESTED_16
16:16:44.185 (index):682 UPDATE_15
16:16:44.187 (index):694 NODEACCESSREQUESTED_8
16:16:44.286 (index):674 THINKING_15
16:16:44.483 (index):682 UPDATE_11
16:16:44.532 (index):712 WAITING_17
16:16:44.533 (index):712 WAITING_18
16:16:44.542 (index):694 NODEACCESSREQUESTED_6
16:16:44.584 (index):664 NODEACCESSRELEASED_11
16:16:44.824 (index):682 UPDATE_4
16:16:44.835 (index):682 UPDATE_3
16:16:44.925 (index):664 NODEACCESSRELEASED_4
16:16:44.936 (index):664 NODEACCESSRELEASED_3
16:16:44.996 (index):682 UPDATE_7
16:16:45.004 (index):682 UPDATE_13
16:16:45.065 (index):682 UPDATE_0
16:16:45.097 (index):664 NODEACCESSRELEASED_7
16:16:45.105 (index):664 NODEACCESSRELEASED_13
16:16:45.115 (index):682 UPDATE_16
16:16:45.166 (index):674 THINKING_0
16:16:45.189 (index):682 UPDATE_8
16:16:45.210 (index):682 UPDATE_1
16:16:45.216 (index):674 THINKING_16
16:16:45.291 (index):674 THINKING_8
16:16:45.311 (index):674 THINKING_1
16:16:45.533 (index):712 WAITING_17
16:16:45.534 (index):712 WAITING_18
16:16:45.539 (index):682 UPDATE_2
16:16:45.543 (index):682 UPDATE_6
16:16:45.585 (index):694 NODEACCESSREQUESTED_11
16:16:45.639 (index):682 UPDATE_9
16:16:45.640 (index):664 NODEACCESSRELEASED_2
16:16:45.645 (index):664 NODEACCESSRELEASED_6
16:16:45.740 (index):664 NODEACCESSRELEASED_9
16:16:45.855 (index):682 UPDATE_10
16:16:45.926 (index):694 NODEACCESSREQUESTED_4
16:16:45.937 (index):694 NODEACCESSREQUESTED_3
16:16:45.956 (index):664 NODEACCESSRELEASED_10
16:16:46.098 (index):694 NODEACCESSREQUESTED_7
16:16:46.106 (index):694 NODEACCESSREQUESTED_13
16:16:46.180 (index):682 UPDATE_14
16:16:46.281 (index):664 NODEACCESSRELEASED_14
16:16:46.375 (index):682 UPDATE_5
16:16:46.476 (index):664 NODEACCESSRELEASED_5
16:16:46.534 (index):712 WAITING_17
16:16:46.536 (index):712 WAITING_18
16:16:46.587 (index):682 UPDATE_11
16:16:46.641 (index):694 NODEACCESSREQUESTED_2
16:16:46.646 (index):694 NODEACCESSREQUESTED_6
16:16:46.688 (index):664 NODEACCESSRELEASED_11
16:16:46.741 (index):694 NODEACCESSREQUESTED_9
16:16:46.927 (index):682 UPDATE_4
16:16:46.938 (index):682 UPDATE_3
16:16:46.958 (index):694 NODEACCESSREQUESTED_10
16:16:47.029 (index):674 THINKING_4
16:16:47.039 (index):664 NODEACCESSRELEASED_3
16:16:47.100 (index):682 UPDATE_7
16:16:47.108 (index):682 UPDATE_13
16:16:47.200 (index):674 THINKING_7
16:16:47.209 (index):664 NODEACCESSRELEASED_13
16:16:47.283 (index):694 NODEACCESSREQUESTED_14
16:16:47.478 (index):694 NODEACCESSREQUESTED_5
16:16:47.487 (index):682 UPDATE_12
16:16:47.536 (index):712 WAITING_17
16:16:47.537 (index):712 WAITING_18
16:16:47.588 (index):664 NODEACCESSRELEASED_12
16:16:47.643 (index):682 UPDATE_2
16:16:47.647 (index):682 UPDATE_6
16:16:47.689 (index):694 NODEACCESSREQUESTED_11
16:16:47.736 (index):682 UPDATE_0
16:16:47.742 (index):682 UPDATE_9
16:16:47.744 (index):664 NODEACCESSRELEASED_2
16:16:47.748 (index):664 NODEACCESSRELEASED_6
16:16:47.837 (index):674 THINKING_0
16:16:47.843 (index):664 NODEACCESSRELEASED_9
16:16:47.959 (index):682 UPDATE_10
16:16:48.040 (index):694 NODEACCESSREQUESTED_3
16:16:48.061 (index):674 THINKING_10
16:16:48.211 (index):694 NODEACCESSREQUESTED_13
16:16:48.284 (index):682 UPDATE_14
16:16:48.385 (index):664 NODEACCESSRELEASED_14
16:16:48.479 (index):682 UPDATE_5
16:16:48.537 (index):712 WAITING_17
16:16:48.537 (index):712 WAITING_18
16:16:48.581 (index):674 THINKING_5
16:16:48.589 (index):694 NODEACCESSREQUESTED_12
16:16:48.635 (index):682 UPDATE_15
16:16:48.691 (index):682 UPDATE_11
16:16:48.737 (index):674 THINKING_15
16:16:48.745 (index):694 NODEACCESSREQUESTED_2
16:16:48.749 (index):694 NODEACCESSREQUESTED_6
16:16:48.793 (index):674 THINKING_11
16:16:48.845 (index):694 NODEACCESSREQUESTED_9
16:16:49.041 (index):682 UPDATE_3
16:16:49.143 (index):664 NODEACCESSRELEASED_3
16:16:49.211 (index):682 UPDATE_13
16:16:49.243 (index):682 UPDATE_16
16:16:49.313 (index):664 NODEACCESSRELEASED_13
16:16:49.345 (index):674 THINKING_16
16:16:49.386 (index):694 NODEACCESSREQUESTED_14
16:16:49.467 (index):682 UPDATE_4
16:16:49.537 (index):712 WAITING_17
16:16:49.539 (index):712 WAITING_18
16:16:49.568 (index):664 NODEACCESSRELEASED_4
16:16:49.590 (index):682 UPDATE_12
16:16:49.692 (index):664 NODEACCESSRELEASED_12
16:16:49.704 (index):682 UPDATE_1
16:16:49.747 (index):682 UPDATE_2
16:16:49.750 (index):682 UPDATE_6
16:16:49.806 (index):664 NODEACCESSRELEASED_1
16:16:49.814 (index):682 UPDATE_8
16:16:49.846 (index):682 UPDATE_9
16:16:49.848 (index):674 THINKING_2
16:16:49.851 (index):674 THINKING_6
16:16:49.915 (index):664 NODEACCESSRELEASED_8
16:16:49.947 (index):664 NODEACCESSRELEASED_9
16:16:50.144 (index):694 NODEACCESSREQUESTED_3
16:16:50.314 (index):694 NODEACCESSREQUESTED_13
16:16:50.388 (index):682 UPDATE_14
16:16:50.489 (index):664 NODEACCESSRELEASED_14
16:16:50.539 (index):712 WAITING_17
16:16:50.540 (index):712 WAITING_18
16:16:50.570 (index):694 NODEACCESSREQUESTED_4
16:16:50.694 (index):694 NODEACCESSREQUESTED_12
16:16:50.807 (index):694 NODEACCESSREQUESTED_1
16:16:50.870 (index):682 UPDATE_15
16:16:50.916 (index):694 NODEACCESSREQUESTED_8
16:16:50.949 (index):694 NODEACCESSREQUESTED_9
16:16:50.971 (index):664 NODEACCESSRELEASED_15
16:16:51.146 (index):682 UPDATE_3
16:16:51.247 (index):664 NODEACCESSRELEASED_3
16:16:51.316 (index):682 UPDATE_13
16:16:51.417 (index):664 NODEACCESSRELEASED_13
16:16:51.490 (index):694 NODEACCESSREQUESTED_14
16:16:51.540 (index):712 WAITING_17
16:16:51.541 (index):712 WAITING_18
16:16:51.571 (index):682 UPDATE_4
16:16:51.673 (index):674 THINKING_4
16:16:51.694 (index):682 UPDATE_12
16:16:51.796 (index):664 NODEACCESSRELEASED_12
16:16:51.808 (index):682 UPDATE_1
16:16:51.838 (index):682 UPDATE_7
16:16:51.909 (index):674 THINKING_1
16:16:51.918 (index):682 UPDATE_8
16:16:51.940 (index):664 NODEACCESSRELEASED_7
16:16:51.950 (index):682 UPDATE_9
16:16:51.972 (index):694 NODEACCESSREQUESTED_15
16:16:51.973 (index):682 UPDATE_16
16:16:52.019 (index):664 NODEACCESSRELEASED_8
16:16:52.051 (index):674 THINKING_9
16:16:52.074 (index):674 THINKING_16
16:16:52.122 (index):682 UPDATE_6
16:16:52.223 (index):674 THINKING_6
16:16:52.249 (index):694 NODEACCESSREQUESTED_3
16:16:52.399 (index):682 UPDATE_2
16:16:52.418 (index):694 NODEACCESSREQUESTED_13
16:16:52.492 (index):682 UPDATE_14
16:16:52.500 (index):674 THINKING_2
16:16:52.541 (index):712 WAITING_17
16:16:52.542 (index):712 WAITING_18
16:16:52.593 (index):664 NODEACCESSRELEASED_14
16:16:52.725 (index):682 UPDATE_10
16:16:52.780 (index):682 UPDATE_0
16:16:52.798 (index):694 NODEACCESSREQUESTED_12
16:16:52.825 (index):664 NODEACCESSRELEASED_10
16:16:52.881 (index):664 NODEACCESSRELEASED_0
16:16:52.942 (index):694 NODEACCESSREQUESTED_7
16:16:52.973 (index):682 UPDATE_15
16:16:53.020 (index):694 NODEACCESSREQUESTED_8
16:16:53.071 (index):682 UPDATE_11
16:16:53.075 (index):674 THINKING_15
16:16:53.163 (index):682 UPDATE_5
16:16:53.173 (index):664 NODEACCESSRELEASED_11
16:16:53.250 (index):682 UPDATE_3
16:16:53.265 (index):674 THINKING_5
16:16:53.351 (index):664 NODEACCESSRELEASED_3
16:16:53.419 (index):682 UPDATE_13
16:16:53.520 (index):664 NODEACCESSRELEASED_13
16:16:53.542 (index):712 WAITING_17
16:16:53.543 (index):712 WAITING_18
16:16:53.594 (index):694 NODEACCESSREQUESTED_14
16:16:53.799 (index):682 UPDATE_12
16:16:53.827 (index):694 NODEACCESSREQUESTED_10
16:16:53.882 (index):694 NODEACCESSREQUESTED_0
16:16:53.900 (index):664 NODEACCESSRELEASED_12
16:16:53.944 (index):682 UPDATE_7
16:16:54.022 (index):682 UPDATE_8
16:16:54.045 (index):664 NODEACCESSRELEASED_7
16:16:54.123 (index):674 THINKING_8
16:16:54.175 (index):694 NODEACCESSREQUESTED_11
16:16:54.221 (index):682 UPDATE_1
16:16:54.322 (index):664 NODEACCESSRELEASED_1
16:16:54.352 (index):694 NODEACCESSREQUESTED_3
16:16:54.505 (index):682 UPDATE_16
16:16:54.522 (index):694 NODEACCESSREQUESTED_13
16:16:54.544 (index):712 WAITING_17
16:16:54.545 (index):712 WAITING_18
16:16:54.594 (index):682 UPDATE_14
16:16:54.607 (index):664 NODEACCESSRELEASED_16
16:16:54.695 (index):674 THINKING_14
16:16:54.727 (index):682 UPDATE_2
16:16:54.827 (index):682 UPDATE_10
16:16:54.829 (index):674 THINKING_2
16:16:54.883 (index):682 UPDATE_0
16:16:54.901 (index):694 NODEACCESSREQUESTED_12
16:16:54.929 (index):674 THINKING_10
16:16:54.985 (index):674 THINKING_0
16:16:55.046 (index):694 NODEACCESSREQUESTED_7
16:16:55.162 (index):682 UPDATE_9
16:16:55.176 (index):682 UPDATE_11
16:16:55.177 (index):682 UPDATE_6
16:16:55.263 (index):664 NODEACCESSRELEASED_9
16:16:55.277 (index):664 NODEACCESSRELEASED_11
16:16:55.278 (index):664 NODEACCESSRELEASED_6
16:16:55.306 (index):682 UPDATE_5
16:16:55.323 (index):694 NODEACCESSREQUESTED_1
16:16:55.353 (index):682 UPDATE_3
16:16:55.408 (index):664 NODEACCESSRELEASED_5
16:16:55.455 (index):674 THINKING_3
16:16:55.522 (index):682 UPDATE_13
16:16:55.545 (index):712 WAITING_17
16:16:55.546 (index):712 WAITING_18
16:16:55.607 (index):694 NODEACCESSREQUESTED_16
16:16:55.624 (index):664 NODEACCESSRELEASED_13
16:16:55.839 (index):682 UPDATE_15
16:16:55.882 (index):682 UPDATE_4
16:16:55.902 (index):682 UPDATE_12
16:16:55.940 (index):674 THINKING_15
16:16:55.983 (index):674 THINKING_4
16:16:56.003 (index):664 NODEACCESSRELEASED_12
16:16:56.047 (index):682 UPDATE_7
16:16:56.148 (index):664 NODEACCESSRELEASED_7
16:16:56.264 (index):694 NODEACCESSREQUESTED_9
16:16:56.278 (index):694 NODEACCESSREQUESTED_11
16:16:56.279 (index):694 NODEACCESSREQUESTED_6
16:16:56.324 (index):682 UPDATE_1
16:16:56.408 (index):694 NODEACCESSREQUESTED_5
16:16:56.426 (index):674 THINKING_1
16:16:56.546 (index):712 WAITING_17
16:16:56.547 (index):712 WAITING_18
16:16:56.608 (index):682 UPDATE_16
16:16:56.625 (index):694 NODEACCESSREQUESTED_13
16:16:56.710 (index):674 THINKING_16
16:16:56.926 (index):682 UPDATE_14
16:16:57.004 (index):694 NODEACCESSREQUESTED_12
16:16:57.027 (index):664 NODEACCESSRELEASED_14
16:16:57.141 (index):682 UPDATE_0
16:16:57.149 (index):694 NODEACCESSREQUESTED_7
16:16:57.242 (index):664 NODEACCESSRELEASED_0
16:16:57.265 (index):682 UPDATE_9
16:16:57.279 (index):682 UPDATE_11
16:16:57.280 (index):682 UPDATE_6
16:16:57.365 (index):664 NODEACCESSRELEASED_9
16:16:57.381 (index):664 NODEACCESSRELEASED_11
16:16:57.382 (index):664 NODEACCESSRELEASED_6
16:16:57.410 (index):682 UPDATE_5
16:16:57.421 (index):682 UPDATE_8
16:16:57.511 (index):674 THINKING_5
16:16:57.522 (index):664 NODEACCESSRELEASED_8
16:16:57.547 (index):712 WAITING_17
16:16:57.548 (index):712 WAITING_18
16:16:57.626 (index):682 UPDATE_13
16:16:57.728 (index):664 NODEACCESSRELEASED_13
16:16:57.862 (index):682 UPDATE_3
16:16:57.963 (index):664 NODEACCESSRELEASED_3
16:16:58.005 (index):682 UPDATE_12
16:16:58.028 (index):694 NODEACCESSREQUESTED_14
16:16:58.106 (index):664 NODEACCESSRELEASED_12
16:16:58.150 (index):682 UPDATE_7
16:16:58.243 (index):694 NODEACCESSREQUESTED_0
16:16:58.251 (index):664 NODEACCESSRELEASED_7
16:16:58.367 (index):694 NODEACCESSREQUESTED_9
16:16:58.382 (index):694 NODEACCESSREQUESTED_11
16:16:58.383 (index):694 NODEACCESSREQUESTED_6
16:16:58.523 (index):694 NODEACCESSREQUESTED_8
16:16:58.547 (index):682 UPDATE_15
16:16:58.549 (index):712 WAITING_17
16:16:58.550 (index):712 WAITING_18
16:16:58.649 (index):664 NODEACCESSRELEASED_15
16:16:58.714 (index):682 UPDATE_10
16:16:58.729 (index):694 NODEACCESSREQUESTED_13
16:16:58.815 (index):664 NODEACCESSRELEASED_10
16:16:58.964 (index):694 NODEACCESSREQUESTED_3
16:16:59.029 (index):682 UPDATE_14
16:16:59.108 (index):694 NODEACCESSREQUESTED_12
16:16:59.130 (index):664 NODEACCESSRELEASED_14
16:16:59.244 (index):682 UPDATE_0
16:16:59.253 (index):694 NODEACCESSREQUESTED_7
16:16:59.346 (index):664 NODEACCESSRELEASED_0
16:16:59.356 (index):682 UPDATE_1
16:16:59.368 (index):682 UPDATE_9
16:16:59.383 (index):682 UPDATE_11
16:16:59.384 (index):682 UPDATE_6
16:16:59.457 (index):674 THINKING_1
16:16:59.469 (index):674 THINKING_9
16:16:59.484 (index):674 THINKING_11
16:16:59.485 (index):664 NODEACCESSRELEASED_6
16:16:59.524 (index):682 UPDATE_8
16:16:59.549 (index):712 WAITING_17
16:16:59.551 (index):712 WAITING_18
16:16:59.625 (index):664 NODEACCESSRELEASED_8
16:16:59.650 (index):694 NODEACCESSREQUESTED_15
16:16:59.684 (index):682 UPDATE_2
16:16:59.730 (index):682 UPDATE_13
16:16:59.785 (index):664 NODEACCESSRELEASED_2
16:16:59.816 (index):694 NODEACCESSREQUESTED_10
16:16:59.831 (index):664 NODEACCESSRELEASED_13
16:16:59.942 (index):682 UPDATE_4
16:16:59.965 (index):682 UPDATE_3
16:17:00.044 (index):674 THINKING_4
16:17:00.066 (index):664 NODEACCESSRELEASED_3
16:17:00.109 (index):682 UPDATE_12
16:17:00.132 (index):694 NODEACCESSREQUESTED_14
16:17:00.210 (index):674 THINKING_12
16:17:00.254 (index):682 UPDATE_7
16:17:00.347 (index):694 NODEACCESSREQUESTED_0
16:17:00.356 (index):664 NODEACCESSRELEASED_7
16:17:00.487 (index):694 NODEACCESSREQUESTED_6
16:17:00.551 (index):712 WAITING_17
16:17:00.552 (index):712 WAITING_18
16:17:00.627 (index):694 NODEACCESSREQUESTED_8
16:17:00.652 (index):682 UPDATE_15
16:17:00.753 (index):674 THINKING_15
16:17:00.786 (index):694 NODEACCESSREQUESTED_2
16:17:00.817 (index):682 UPDATE_10
16:17:00.832 (index):694 NODEACCESSREQUESTED_13
16:17:00.918 (index):674 THINKING_10
16:17:01.067 (index):694 NODEACCESSREQUESTED_3
16:17:01.133 (index):682 UPDATE_14
16:17:01.234 (index):674 THINKING_14
16:17:01.303 (index):682 UPDATE_16
16:17:01.348 (index):682 UPDATE_0
16:17:01.357 (index):694 NODEACCESSREQUESTED_7
16:17:01.403 (index):664 NODEACCESSRELEASED_16
16:17:01.449 (index):674 THINKING_0
16:17:01.488 (index):682 UPDATE_6
16:17:01.552 (index):712 WAITING_17
16:17:01.553 (index):712 WAITING_18
16:17:01.588 (index):664 NODEACCESSRELEASED_6
16:17:01.628 (index):682 UPDATE_8
16:17:01.729 (index):664 NODEACCESSRELEASED_8
16:17:01.788 (index):682 UPDATE_2
16:17:01.834 (index):682 UPDATE_13
16:17:01.888 (index):664 NODEACCESSRELEASED_2
16:17:01.935 (index):664 NODEACCESSRELEASED_13
16:17:02.069 (index):682 UPDATE_3
16:17:02.169 (index):674 THINKING_3
16:17:02.359 (index):682 UPDATE_7
16:17:02.405 (index):694 NODEACCESSREQUESTED_16
16:17:02.446 (index):682 UPDATE_5
16:17:02.460 (index):674 THINKING_7
16:17:02.548 (index):664 NODEACCESSRELEASED_5
16:17:02.553 (index):712 WAITING_17
16:17:02.555 (index):712 WAITING_18
16:17:02.590 (index):694 NODEACCESSREQUESTED_6
16:17:02.730 (index):694 NODEACCESSREQUESTED_8
16:17:02.810 (index):682 UPDATE_4
16:17:02.868 (index):682 UPDATE_11
16:17:02.889 (index):694 NODEACCESSREQUESTED_2
16:17:02.911 (index):664 NODEACCESSRELEASED_4
16:17:02.937 (index):694 NODEACCESSREQUESTED_13
16:17:02.970 (index):664 NODEACCESSRELEASED_11
16:17:03.093 (index):682 UPDATE_9
16:17:03.194 (index):664 NODEACCESSRELEASED_9
16:17:03.406 (index):682 UPDATE_16
16:17:03.508 (index):674 THINKING_16
16:17:03.549 (index):694 NODEACCESSREQUESTED_5
16:17:03.555 (index):712 WAITING_17
16:17:03.556 (index):712 WAITING_18
16:17:03.586 (index):682 UPDATE_12
16:17:03.591 (index):682 UPDATE_6
16:17:03.687 (index):664 NODEACCESSRELEASED_12
16:17:03.692 (index):664 NODEACCESSRELEASED_6
16:17:03.731 (index):682 UPDATE_8
16:17:03.832 (index):664 NODEACCESSRELEASED_8
16:17:03.891 (index):682 UPDATE_2
16:17:03.912 (index):694 NODEACCESSREQUESTED_4
16:17:03.937 (index):682 UPDATE_13
16:17:03.971 (index):694 NODEACCESSREQUESTED_11
16:17:03.992 (index):664 NODEACCESSRELEASED_2
16:17:04.038 (index):664 NODEACCESSRELEASED_13
16:17:04.067 (index):682 UPDATE_1
16:17:04.169 (index):674 THINKING_1
16:17:04.196 (index):694 NODEACCESSREQUESTED_9
16:17:04.434 (index):682 UPDATE_14
16:17:04.508 (index):682 UPDATE_3
16:17:04.535 (index):674 THINKING_14
16:17:04.550 (index):682 UPDATE_5
16:17:04.556 (index):712 WAITING_17
16:17:04.557 (index):712 WAITING_18
16:17:04.609 (index):664 NODEACCESSRELEASED_3
16:17:04.651 (index):664 NODEACCESSRELEASED_5
16:17:04.688 (index):694 NODEACCESSREQUESTED_12
16:17:04.693 (index):694 NODEACCESSREQUESTED_6
16:17:04.834 (index):694 NODEACCESSREQUESTED_8
16:17:04.914 (index):682 UPDATE_4
16:17:04.972 (index):682 UPDATE_11
16:17:04.993 (index):694 NODEACCESSREQUESTED_2
16:17:05.015 (index):664 NODEACCESSRELEASED_4
16:17:05.039 (index):694 NODEACCESSREQUESTED_13
16:17:05.040 (index):682 UPDATE_15
16:17:05.073 (index):664 NODEACCESSRELEASED_11
16:17:05.141 (index):664 NODEACCESSRELEASED_15
16:17:05.198 (index):682 UPDATE_9
16:17:05.299 (index):664 NODEACCESSRELEASED_9
16:17:05.445 (index):682 UPDATE_0
16:17:05.547 (index):664 NODEACCESSRELEASED_0
16:17:05.557 (index):712 WAITING_17
16:17:05.558 (index):712 WAITING_18
16:17:05.609 (index):694 NODEACCESSREQUESTED_3
16:17:05.652 (index):694 NODEACCESSREQUESTED_5
16:17:05.689 (index):682 UPDATE_12
16:17:05.694 (index):682 UPDATE_6
16:17:05.790 (index):664 NODEACCESSRELEASED_12
16:17:05.795 (index):723 END_6
16:17:05.804 (index):682 UPDATE_10
16:17:05.835 (index):682 UPDATE_8
16:17:05.896 (index):682 UPDATE_7
16:17:05.905 (index):664 NODEACCESSRELEASED_10
16:17:05.936 (index):664 NODEACCESSRELEASED_8
16:17:05.994 (index):682 UPDATE_2
16:17:05.997 (index):664 NODEACCESSRELEASED_7
16:17:06.016 (index):694 NODEACCESSREQUESTED_4
16:17:06.040 (index):682 UPDATE_13
16:17:06.075 (index):694 NODEACCESSREQUESTED_11
16:17:06.095 (index):664 NODEACCESSRELEASED_2
16:17:06.141 (index):723 END_13
16:17:06.142 (index):694 NODEACCESSREQUESTED_15
16:17:06.241 (index):682 UPDATE_16
16:17:06.300 (index):694 NODEACCESSREQUESTED_9
16:17:06.342 (index):664 NODEACCESSRELEASED_16
16:17:06.548 (index):694 NODEACCESSREQUESTED_0
16:17:06.558 (index):712 WAITING_17
16:17:06.559 (index):712 WAITING_18
16:17:06.611 (index):682 UPDATE_3
16:17:06.653 (index):682 UPDATE_5
16:17:06.712 (index):723 END_3
16:17:06.754 (index):664 NODEACCESSRELEASED_5
16:17:06.791 (index):694 NODEACCESSREQUESTED_12
16:17:06.905 (index):694 NODEACCESSREQUESTED_10
16:17:06.937 (index):694 NODEACCESSREQUESTED_8
16:17:06.998 (index):694 NODEACCESSREQUESTED_7
16:17:07.017 (index):682 UPDATE_4
16:17:07.076 (index):682 UPDATE_11
16:17:07.096 (index):694 NODEACCESSREQUESTED_2
16:17:07.118 (index):674 THINKING_4
16:17:07.143 (index):682 UPDATE_15
16:17:07.177 (index):674 THINKING_11
16:17:07.244 (index):674 THINKING_15
16:17:07.301 (index):682 UPDATE_9
16:17:07.343 (index):694 NODEACCESSREQUESTED_16
16:17:07.405 (index):664 NODEACCESSRELEASED_9
16:17:07.549 (index):682 UPDATE_0
16:17:07.560 (index):712 WAITING_17
16:17:07.561 (index):712 WAITING_18
16:17:07.650 (index):664 NODEACCESSRELEASED_0
16:17:07.756 (index):694 NODEACCESSREQUESTED_5
16:17:07.792 (index):682 UPDATE_12
16:17:07.900 (index):723 END_12
16:17:07.906 (index):682 UPDATE_10
16:17:07.938 (index):682 UPDATE_8
16:17:07.999 (index):682 UPDATE_7
16:17:08.007 (index):664 NODEACCESSRELEASED_10
16:17:08.039 (index):664 NODEACCESSRELEASED_8
16:17:08.101 (index):682 UPDATE_2
16:17:08.102 (index):723 END_7
16:17:08.203 (index):723 END_2
16:17:08.345 (index):682 UPDATE_16
16:17:08.361 (index):682 UPDATE_1
16:17:08.406 (index):694 NODEACCESSREQUESTED_9
16:17:08.446 (index):664 NODEACCESSRELEASED_16
16:17:08.462 (index):664 NODEACCESSRELEASED_1
16:17:08.561 (index):712 WAITING_17
16:17:08.563 (index):712 WAITING_18
16:17:08.609 (index):682 UPDATE_14
16:17:08.652 (index):694 NODEACCESSREQUESTED_0
16:17:08.710 (index):664 NODEACCESSRELEASED_14
16:17:08.757 (index):682 UPDATE_5
16:17:08.858 (index):664 NODEACCESSRELEASED_5
16:17:09.009 (index):694 NODEACCESSREQUESTED_10
16:17:09.040 (index):694 NODEACCESSREQUESTED_8
16:17:09.409 (index):682 UPDATE_9
16:17:09.448 (index):694 NODEACCESSREQUESTED_16
16:17:09.463 (index):694 NODEACCESSREQUESTED_1
16:17:09.512 (index):723 END_9
16:17:09.562 (index):712 WAITING_17
16:17:09.563 (index):712 WAITING_18
16:17:09.653 (index):682 UPDATE_0
16:17:09.711 (index):694 NODEACCESSREQUESTED_14
16:17:09.759 (index):664 NODEACCESSRELEASED_0
16:17:09.859 (index):694 NODEACCESSREQUESTED_5
16:17:10.009 (index):682 UPDATE_10
16:17:10.041 (index):682 UPDATE_8
16:17:10.111 (index):664 NODEACCESSRELEASED_10
16:17:10.143 (index):723 END_8
16:17:10.341 (index):682 UPDATE_11
16:17:10.442 (index):723 END_11
16:17:10.449 (index):682 UPDATE_16
16:17:10.465 (index):682 UPDATE_1
16:17:10.551 (index):723 END_16
16:17:10.563 (index):712 WAITING_17
16:17:10.564 (index):712 WAITING_18
16:17:10.565 (index):674 THINKING_1
16:17:10.712 (index):682 UPDATE_14
16:17:10.760 (index):694 NODEACCESSREQUESTED_0
16:17:10.813 (index):723 END_14
16:17:10.861 (index):682 UPDATE_5
16:17:10.962 (index):723 END_5
16:17:11.034 (index):682 UPDATE_15
16:17:11.111 (index):694 NODEACCESSREQUESTED_10
16:17:11.136 (index):664 NODEACCESSRELEASED_15
16:17:11.509 (index):682 UPDATE_4
16:17:11.564 (index):712 WAITING_17
16:17:11.566 (index):712 WAITING_18
16:17:11.610 (index):723 END_4
16:17:11.761 (index):682 UPDATE_0
16:17:11.862 (index):723 END_0
16:17:12.113 (index):682 UPDATE_10
16:17:12.137 (index):694 NODEACCESSREQUESTED_15
16:17:12.214 (index):723 END_10
16:17:12.566 (index):712 WAITING_17
16:17:12.567 (index):712 WAITING_18
16:17:12.744 (index):682 UPDATE_1
16:17:12.845 (index):664 NODEACCESSRELEASED_1
16:17:13.138 (index):682 UPDATE_15
16:17:13.240 (index):723 END_15
16:17:13.567 (index):664 NODEACCESSRELEASED_17
16:17:13.568 (index):674 THINKING_18
16:17:13.846 (index):694 NODEACCESSREQUESTED_1
16:17:14.574 (index):694 NODEACCESSREQUESTED_17
16:17:14.847 (index):712 WAITING_1
16:17:15.959 (index):712 WAITING_17
16:17:15.960 (index):712 WAITING_1
16:17:16.960 (index):712 WAITING_17
16:17:16.962 (index):712 WAITING_1
16:17:18.049 (index):682 UPDATE_18
16:17:18.490 (index):712 WAITING_17
16:17:18.491 (index):712 WAITING_1
16:17:18.491 (index):674 THINKING_18
16:17:19.491 (index):712 WAITING_17
16:17:19.492 (index):712 WAITING_1
16:17:20.492 (index):712 WAITING_17
16:17:20.493 (index):712 WAITING_1
16:17:20.686 (index):682 UPDATE_18
16:17:20.787 (index):664 NODEACCESSRELEASED_18
16:17:21.494 (index):712 WAITING_17
16:17:21.495 (index):682 UPDATE_1
16:17:21.596 (index):723 END_1
16:17:21.788 (index):694 NODEACCESSREQUESTED_18
16:17:22.495 (index):682 UPDATE_17
16:17:22.596 (index):664 NODEACCESSRELEASED_17
16:17:22.790 (index):682 UPDATE_18
16:17:22.892 (index):664 NODEACCESSRELEASED_18
16:17:23.597 (index):694 NODEACCESSREQUESTED_17
16:17:23.894 (index):694 NODEACCESSREQUESTED_18
16:17:24.598 (index):682 UPDATE_17
16:17:24.700 (index):664 NODEACCESSRELEASED_17
16:17:24.895 (index):682 UPDATE_18
16:17:24.996 (index):674 THINKING_18
16:17:25.701 (index):694 NODEACCESSREQUESTED_17
16:17:26.702 (index):682 UPDATE_17
16:17:26.803 (index):664 NODEACCESSRELEASED_17
16:17:27.804 (index):694 NODEACCESSREQUESTED_17
16:17:28.806 (index):682 UPDATE_17
16:17:28.907 (index):664 NODEACCESSRELEASED_17
16:17:30.226 (index):682 UPDATE_18
16:17:30.227 (index):694 NODEACCESSREQUESTED_17
16:17:31.226 (index):674 THINKING_18
16:17:32.226 (index):682 UPDATE_17
16:17:33.227 (index):674 THINKING_17
16:17:36.226 (index):682 UPDATE_18
16:17:37.226 (index):664 NODEACCESSRELEASED_18
16:17:37.227 (index):682 UPDATE_17
16:17:38.226 (index):664 NODEACCESSRELEASED_17
16:17:39.226 (index):694 NODEACCESSREQUESTED_18
16:17:40.226 (index):694 NODEACCESSREQUESTED_17
16:17:41.226 (index):682 UPDATE_18
16:17:42.227 (index):682 UPDATE_17
16:17:42.228 (index):664 NODEACCESSRELEASED_18
16:17:43.227 (index):664 NODEACCESSRELEASED_17
16:17:44.229 (index):694 NODEACCESSREQUESTED_18
16:17:45.229 (index):694 NODEACCESSREQUESTED_17
16:17:45.231 (index):682 UPDATE_18
16:17:46.229 (index):664 NODEACCESSRELEASED_18
16:17:47.227 (index):682 UPDATE_17
16:17:48.226 (index):694 NODEACCESSREQUESTED_18
16:17:48.227 (index):664 NODEACCESSRELEASED_17
16:17:49.228 (index):682 UPDATE_18
16:17:49.229 (index):694 NODEACCESSREQUESTED_17
16:17:50.226 (index):664 NODEACCESSRELEASED_18
16:17:51.226 (index):682 UPDATE_17
16:17:52.227 (index):694 NODEACCESSREQUESTED_18
16:17:52.228 (index):674 THINKING_17
16:17:54.226 (index):682 UPDATE_18
16:17:55.227 (index):674 THINKING_18
16:17:56.228 (index):682 UPDATE_17
16:17:57.228 (index):664 NODEACCESSRELEASED_17
16:17:59.230 (index):694 NODEACCESSREQUESTED_17
16:18:00.226 (index):682 UPDATE_18
16:18:01.231 (index):682 UPDATE_17
16:18:01.235 (index):674 THINKING_18
16:18:02.226 (index):674 THINKING_17
16:18:05.226 (index):682 UPDATE_18
16:18:06.226 (index):664 NODEACCESSRELEASED_18
16:18:06.228 (index):682 UPDATE_17
16:18:07.228 (index):674 THINKING_17
16:18:07.229 (index):694 NODEACCESSREQUESTED_18
16:18:09.226 (index):682 UPDATE_18
16:18:10.229 (index):723 END_18
16:18:10.235 (index):682 UPDATE_17
16:18:11.226 (index):723 END_17
