16:07:53.232 (index):880 Tasks: 25; Collaborators: 10    =========================>
16:07:53.233 (index):694 NODEACCESSREQUESTED_0
16:07:53.234 (index):694 NODEACCESSREQUESTED_1
16:07:53.236 (index):694 NODEACCESSREQUESTED_2
16:07:53.237 (index):694 NODEACCESSREQUESTED_3
16:07:53.238 (index):694 NODEACCESSREQUESTED_4
16:07:53.238 (index):694 NODEACCESSREQUESTED_5
16:07:53.239 (index):694 NODEACCESSREQUESTED_6
16:07:53.239 (index):694 NODEACCESSREQUESTED_7
16:07:53.240 (index):694 NODEACCESSREQUESTED_8
16:07:53.240 (index):694 NODEACCESSREQUESTED_9
16:07:55.226 (index):674 THINKING_0
16:07:55.228 (index):674 THINKING_1
16:07:55.229 (index):664 NODEACCESSRELEASED_2
16:07:55.232 (index):664 NODEACCESSRELEASED_3
16:07:55.233 (index):664 NODEACCESSRELEASED_4
16:07:55.235 (index):664 NODEACCESSRELEASED_5
16:07:55.237 (index):674 THINKING_6
16:07:55.239 (index):664 NODEACCESSRELEASED_7
16:07:55.241 (index):674 THINKING_8
16:07:55.242 (index):664 NODEACCESSRELEASED_9
16:07:57.226 (index):694 NODEACCESSREQUESTED_2
16:07:57.228 (index):694 NODEACCESSREQUESTED_3
16:07:57.229 (index):694 NODEACCESSREQUESTED_4
16:07:57.231 (index):694 NODEACCESSREQUESTED_5
16:07:57.232 (index):694 NODEACCESSREQUESTED_7
16:07:57.233 (index):694 NODEACCESSREQUESTED_9
16:07:58.227 (index):682 UPDATE_8
16:07:58.228 (index):682 UPDATE_6
16:07:58.231 (index):682 UPDATE_1
16:07:59.226 (index):682 UPDATE_2
16:07:59.227 (index):682 UPDATE_3
16:07:59.229 (index):682 UPDATE_4
16:07:59.230 (index):682 UPDATE_5
16:07:59.231 (index):682 UPDATE_7
16:07:59.232 (index):682 UPDATE_9
16:07:59.233 (index):674 THINKING_8
16:07:59.234 (index):664 NODEACCESSRELEASED_6
16:07:59.235 (index):664 NODEACCESSRELEASED_1
16:08:00.226 (index):664 NODEACCESSRELEASED_2
16:08:00.229 (index):664 NODEACCESSRELEASED_3
16:08:00.231 (index):664 NODEACCESSRELEASED_4
16:08:00.232 (index):674 THINKING_5
16:08:00.233 (index):664 NODEACCESSRELEASED_7
16:08:00.234 (index):674 THINKING_9
16:08:00.235 (index):682 UPDATE_0
16:08:00.434 (index):694 NODEACCESSREQUESTED_6
16:08:00.435 (index):694 NODEACCESSREQUESTED_1
16:08:00.439 (index):664 NODEACCESSRELEASED_0
16:08:01.228 (index):694 NODEACCESSREQUESTED_2
16:08:01.231 (index):694 NODEACCESSREQUESTED_3
16:08:01.232 (index):694 NODEACCESSREQUESTED_4
16:08:01.234 (index):694 NODEACCESSREQUESTED_7
16:08:01.435 (index):682 UPDATE_6
16:08:01.438 (index):682 UPDATE_1
16:08:01.440 (index):694 NODEACCESSREQUESTED_0
16:08:01.536 (index):664 NODEACCESSRELEASED_6
16:08:01.539 (index):674 THINKING_1
16:08:02.230 (index):682 UPDATE_2
16:08:02.232 (index):682 UPDATE_3
16:08:02.233 (index):682 UPDATE_4
16:08:02.235 (index):682 UPDATE_7
16:08:02.331 (index):664 NODEACCESSRELEASED_2
16:08:02.333 (index):674 THINKING_3
16:08:02.334 (index):664 NODEACCESSRELEASED_4
16:08:02.336 (index):664 NODEACCESSRELEASED_7
16:08:02.441 (index):682 UPDATE_0
16:08:02.538 (index):694 NODEACCESSREQUESTED_6
16:08:02.542 (index):664 NODEACCESSRELEASED_0
16:08:02.647 (index):682 UPDATE_5
16:08:02.749 (index):664 NODEACCESSRELEASED_5
16:08:03.337 (index):694 NODEACCESSREQUESTED_2
16:08:03.338 (index):694 NODEACCESSREQUESTED_4
16:08:03.339 (index):694 NODEACCESSREQUESTED_7
16:08:03.539 (index):682 UPDATE_6
16:08:03.543 (index):694 NODEACCESSREQUESTED_0
16:08:03.640 (index):664 NODEACCESSRELEASED_6
16:08:03.674 (index):682 UPDATE_8
16:08:03.750 (index):694 NODEACCESSREQUESTED_5
16:08:03.775 (index):664 NODEACCESSRELEASED_8
16:08:04.338 (index):682 UPDATE_2
16:08:04.340 (index):682 UPDATE_4
16:08:04.340 (index):682 UPDATE_7
16:08:04.440 (index):674 THINKING_2
16:08:04.441 (index):664 NODEACCESSRELEASED_4
16:08:04.442 (index):674 THINKING_7
16:08:04.544 (index):682 UPDATE_0
16:08:04.641 (index):694 NODEACCESSREQUESTED_6
16:08:04.646 (index):674 THINKING_0
16:08:05.226 (index):682 UPDATE_9
16:08:05.227 (index):682 UPDATE_5
16:08:05.228 (index):694 NODEACCESSREQUESTED_8
16:08:05.229 (index):682 UPDATE_1
16:08:06.228 (index):674 THINKING_9
16:08:06.230 (index):674 THINKING_5
16:08:06.232 (index):674 THINKING_1
16:08:06.233 (index):694 NODEACCESSREQUESTED_4
16:08:06.234 (index):682 UPDATE_6
16:08:07.226 (index):682 UPDATE_8
16:08:07.228 (index):664 NODEACCESSRELEASED_6
16:08:07.229 (index):682 UPDATE_3
16:08:07.233 (index):682 UPDATE_7
16:08:07.234 (index):682 UPDATE_2
16:08:07.235 (index):682 UPDATE_0
16:08:08.226 (index):682 UPDATE_4
16:08:08.228 (index):674 THINKING_8
16:08:08.229 (index):664 NODEACCESSRELEASED_3
16:08:08.231 (index):664 NODEACCESSRELEASED_7
16:08:08.233 (index):664 NODEACCESSRELEASED_2
16:08:08.235 (index):674 THINKING_0
16:08:09.226 (index):694 NODEACCESSREQUESTED_6
16:08:09.227 (index):664 NODEACCESSRELEASED_4
16:08:09.228 (index):682 UPDATE_9
16:08:10.227 (index):694 NODEACCESSREQUESTED_3
16:08:10.229 (index):694 NODEACCESSREQUESTED_7
16:08:10.230 (index):694 NODEACCESSREQUESTED_2
16:08:10.231 (index):664 NODEACCESSRELEASED_9
16:08:10.232 (index):682 UPDATE_5
16:08:11.226 (index):682 UPDATE_6
16:08:11.229 (index):694 NODEACCESSREQUESTED_4
16:08:11.230 (index):664 NODEACCESSRELEASED_5
16:08:11.231 (index):682 UPDATE_1
16:08:12.227 (index):682 UPDATE_3
16:08:12.228 (index):682 UPDATE_7
16:08:12.230 (index):682 UPDATE_2
16:08:12.231 (index):694 NODEACCESSREQUESTED_9
16:08:12.233 (index):664 NODEACCESSRELEASED_6
16:08:12.234 (index):664 NODEACCESSRELEASED_1
16:08:13.226 (index):682 UPDATE_4
16:08:13.227 (index):694 NODEACCESSREQUESTED_5
16:08:13.228 (index):664 NODEACCESSRELEASED_3
16:08:13.229 (index):674 THINKING_7
16:08:13.231 (index):664 NODEACCESSRELEASED_2
16:08:13.232 (index):682 UPDATE_8
16:08:13.233 (index):682 UPDATE_0
16:08:14.226 (index):682 UPDATE_9
16:08:14.227 (index):694 NODEACCESSREQUESTED_6
16:08:14.229 (index):694 NODEACCESSREQUESTED_1
16:08:14.231 (index):674 THINKING_4
16:08:14.232 (index):664 NODEACCESSRELEASED_8
16:08:14.233 (index):664 NODEACCESSRELEASED_0
16:08:15.226 (index):682 UPDATE_5
16:08:15.228 (index):694 NODEACCESSREQUESTED_3
16:08:15.229 (index):694 NODEACCESSREQUESTED_2
16:08:15.231 (index):664 NODEACCESSRELEASED_9
16:08:16.227 (index):682 UPDATE_6
16:08:16.228 (index):682 UPDATE_1
16:08:16.229 (index):694 NODEACCESSREQUESTED_8
16:08:16.230 (index):694 NODEACCESSREQUESTED_0
16:08:16.231 (index):674 THINKING_5
16:08:17.227 (index):682 UPDATE_3
16:08:17.229 (index):682 UPDATE_2
16:08:17.230 (index):694 NODEACCESSREQUESTED_9
16:08:17.231 (index):674 THINKING_6
16:08:17.234 (index):674 THINKING_1
16:08:17.235 (index):682 UPDATE_4
16:08:18.226 (index):682 UPDATE_8
16:08:18.227 (index):682 UPDATE_0
16:08:18.228 (index):664 NODEACCESSRELEASED_3
16:08:18.228 (index):674 THINKING_2
16:08:18.229 (index):664 NODEACCESSRELEASED_4
16:08:18.230 (index):682 UPDATE_7
16:08:19.227 (index):682 UPDATE_9
16:08:19.229 (index):664 NODEACCESSRELEASED_8
16:08:19.230 (index):674 THINKING_0
16:08:19.231 (index):664 NODEACCESSRELEASED_7
16:08:20.227 (index):694 NODEACCESSREQUESTED_3
16:08:20.227 (index):694 NODEACCESSREQUESTED_4
16:08:20.228 (index):664 NODEACCESSRELEASED_9
16:08:20.229 (index):682 UPDATE_6
16:08:20.230 (index):682 UPDATE_1
16:08:21.226 (index):694 NODEACCESSREQUESTED_8
16:08:21.227 (index):694 NODEACCESSREQUESTED_7
16:08:21.228 (index):674 THINKING_6
16:08:21.229 (index):664 NODEACCESSRELEASED_1
16:08:21.231 (index):682 UPDATE_2
16:08:21.232 (index):682 UPDATE_5
16:08:22.226 (index):682 UPDATE_3
16:08:22.228 (index):682 UPDATE_4
16:08:22.229 (index):694 NODEACCESSREQUESTED_9
16:08:22.231 (index):674 THINKING_2
16:08:22.232 (index):674 THINKING_5
16:08:22.233 (index):682 UPDATE_0
16:08:23.230 (index):682 UPDATE_8
16:08:23.231 (index):682 UPDATE_7
16:08:23.233 (index):694 NODEACCESSREQUESTED_1
16:08:23.234 (index):664 NODEACCESSRELEASED_3
16:08:23.236 (index):674 THINKING_4
16:08:23.237 (index):664 NODEACCESSRELEASED_0
16:08:24.227 (index):682 UPDATE_9
16:08:24.228 (index):674 THINKING_8
16:08:24.228 (index):664 NODEACCESSRELEASED_7
16:08:24.229 (index):682 UPDATE_6
16:08:25.227 (index):682 UPDATE_1
16:08:25.229 (index):694 NODEACCESSREQUESTED_3
16:08:25.230 (index):694 NODEACCESSREQUESTED_0
16:08:25.231 (index):682 UPDATE_5
16:08:25.232 (index):674 THINKING_9
16:08:25.232 (index):664 NODEACCESSRELEASED_6
16:08:25.233 (index):682 UPDATE_2
16:08:26.226 (index):694 NODEACCESSREQUESTED_7
16:08:26.227 (index):674 THINKING_1
16:08:26.227 (index):664 NODEACCESSRELEASED_5
16:08:26.228 (index):674 THINKING_2
16:08:27.227 (index):682 UPDATE_3
16:08:27.228 (index):682 UPDATE_0
16:08:27.229 (index):694 NODEACCESSREQUESTED_6
16:08:27.231 (index):682 UPDATE_7
16:08:28.227 (index):694 NODEACCESSREQUESTED_5
16:08:28.229 (index):664 NODEACCESSRELEASED_3
16:08:28.230 (index):664 NODEACCESSRELEASED_0
16:08:28.232 (index):664 NODEACCESSRELEASED_7
16:08:28.233 (index):682 UPDATE_4
16:08:28.234 (index):682 UPDATE_8
16:08:29.226 (index):682 UPDATE_6
16:08:29.228 (index):674 THINKING_4
16:08:29.229 (index):664 NODEACCESSRELEASED_8
16:08:29.231 (index):682 UPDATE_9
16:08:29.232 (index):682 UPDATE_1
16:08:30.226 (index):682 UPDATE_5
16:08:30.227 (index):694 NODEACCESSREQUESTED_3
16:08:30.228 (index):694 NODEACCESSREQUESTED_0
16:08:30.228 (index):694 NODEACCESSREQUESTED_7
16:08:30.229 (index):664 NODEACCESSRELEASED_6
16:08:30.229 (index):664 NODEACCESSRELEASED_9
16:08:30.230 (index):674 THINKING_1
16:08:31.226 (index):694 NODEACCESSREQUESTED_8
16:08:31.228 (index):674 THINKING_5
16:08:31.229 (index):682 UPDATE_2
16:08:32.226 (index):682 UPDATE_3
16:08:32.228 (index):682 UPDATE_0
16:08:32.229 (index):682 UPDATE_7
16:08:32.231 (index):694 NODEACCESSREQUESTED_6
16:08:32.232 (index):694 NODEACCESSREQUESTED_9
16:08:32.233 (index):664 NODEACCESSRELEASED_2
16:08:33.226 (index):682 UPDATE_8
16:08:33.228 (index):674 THINKING_3
16:08:33.229 (index):674 THINKING_0
16:08:33.231 (index):664 NODEACCESSRELEASED_7
16:08:33.232 (index):682 UPDATE_4
16:08:34.227 (index):682 UPDATE_6
16:08:34.229 (index):682 UPDATE_9
16:08:34.231 (index):694 NODEACCESSREQUESTED_2
16:08:34.236 (index):664 NODEACCESSRELEASED_8
16:08:34.238 (index):674 THINKING_4
16:08:35.226 (index):694 NODEACCESSREQUESTED_7
16:08:35.227 (index):664 NODEACCESSRELEASED_6
16:08:35.228 (index):664 NODEACCESSRELEASED_9
16:08:35.229 (index):682 UPDATE_1
16:08:36.226 (index):682 UPDATE_2
16:08:36.227 (index):694 NODEACCESSREQUESTED_8
16:08:36.228 (index):674 THINKING_1
16:08:36.229 (index):682 UPDATE_3
16:08:36.230 (index):682 UPDATE_5
16:08:37.226 (index):682 UPDATE_7
16:08:37.228 (index):694 NODEACCESSREQUESTED_6
16:08:37.230 (index):694 NODEACCESSREQUESTED_9
16:08:37.231 (index):664 NODEACCESSRELEASED_2
16:08:37.233 (index):664 NODEACCESSRELEASED_3
16:08:37.234 (index):664 NODEACCESSRELEASED_5
16:08:37.235 (index):682 UPDATE_4
16:08:37.236 (index):682 UPDATE_0
16:08:38.226 (index):682 UPDATE_8
16:08:38.228 (index):664 NODEACCESSRELEASED_7
16:08:38.232 (index):664 NODEACCESSRELEASED_4
16:08:38.234 (index):664 NODEACCESSRELEASED_0
16:08:39.226 (index):682 UPDATE_6
16:08:39.228 (index):682 UPDATE_9
16:08:39.230 (index):694 NODEACCESSREQUESTED_2
16:08:39.232 (index):694 NODEACCESSREQUESTED_3
16:08:39.234 (index):694 NODEACCESSREQUESTED_5
16:08:39.234 (index):664 NODEACCESSRELEASED_8
16:08:40.226 (index):694 NODEACCESSREQUESTED_7
16:08:40.227 (index):694 NODEACCESSREQUESTED_4
16:08:40.228 (index):694 NODEACCESSREQUESTED_0
16:08:40.229 (index):664 NODEACCESSRELEASED_6
16:08:40.230 (index):674 THINKING_9
16:08:41.226 (index):682 UPDATE_2
16:08:41.228 (index):682 UPDATE_3
16:08:41.229 (index):682 UPDATE_5
16:08:41.231 (index):694 NODEACCESSREQUESTED_8
16:08:41.232 (index):682 UPDATE_1
16:08:42.226 (index):682 UPDATE_7
16:08:42.228 (index):682 UPDATE_4
16:08:42.230 (index):682 UPDATE_0
16:08:42.232 (index):694 NODEACCESSREQUESTED_6
16:08:42.233 (index):664 NODEACCESSRELEASED_2
16:08:42.234 (index):664 NODEACCESSRELEASED_3
16:08:42.235 (index):664 NODEACCESSRELEASED_5
16:08:42.235 (index):664 NODEACCESSRELEASED_1
16:08:43.226 (index):682 UPDATE_8
16:08:43.228 (index):674 THINKING_7
16:08:43.229 (index):664 NODEACCESSRELEASED_4
16:08:43.231 (index):664 NODEACCESSRELEASED_0
16:08:44.226 (index):682 UPDATE_6
16:08:44.227 (index):694 NODEACCESSREQUESTED_2
16:08:44.228 (index):694 NODEACCESSREQUESTED_3
16:08:44.229 (index):694 NODEACCESSREQUESTED_5
16:08:44.231 (index):694 NODEACCESSREQUESTED_1
16:08:44.232 (index):664 NODEACCESSRELEASED_8
16:08:44.233 (index):682 UPDATE_9
16:08:45.226 (index):694 NODEACCESSREQUESTED_4
16:08:45.227 (index):694 NODEACCESSREQUESTED_0
16:08:45.228 (index):664 NODEACCESSRELEASED_6
16:08:45.229 (index):664 NODEACCESSRELEASED_9
16:08:46.226 (index):682 UPDATE_2
16:08:46.228 (index):682 UPDATE_3
16:08:46.229 (index):682 UPDATE_5
16:08:46.231 (index):682 UPDATE_1
16:08:46.232 (index):694 NODEACCESSREQUESTED_8
16:08:47.226 (index):682 UPDATE_4
16:08:47.228 (index):682 UPDATE_0
16:08:47.229 (index):694 NODEACCESSREQUESTED_6
16:08:47.231 (index):694 NODEACCESSREQUESTED_9
16:08:47.234 (index):664 NODEACCESSRELEASED_2
16:08:47.235 (index):674 THINKING_3
16:08:47.237 (index):664 NODEACCESSRELEASED_5
16:08:47.238 (index):674 THINKING_1
16:08:47.238 (index):682 UPDATE_7
16:08:48.226 (index):682 UPDATE_8
16:08:48.227 (index):674 THINKING_4
16:08:48.227 (index):664 NODEACCESSRELEASED_0
16:08:48.228 (index):664 NODEACCESSRELEASED_7
16:08:49.226 (index):682 UPDATE_6
16:08:49.227 (index):682 UPDATE_9
16:08:49.229 (index):694 NODEACCESSREQUESTED_2
16:08:49.230 (index):694 NODEACCESSREQUESTED_5
16:08:49.232 (index):664 NODEACCESSRELEASED_8
16:08:50.226 (index):694 NODEACCESSREQUESTED_0
16:08:50.227 (index):694 NODEACCESSREQUESTED_7
16:08:50.229 (index):723 END_6
16:08:50.230 (index):664 NODEACCESSRELEASED_9
16:08:50.232 (index):682 UPDATE_1
16:08:50.233 (index):682 UPDATE_3
16:08:51.226 (index):682 UPDATE_2
16:08:51.228 (index):682 UPDATE_5
16:08:51.229 (index):694 NODEACCESSREQUESTED_8
16:08:51.231 (index):664 NODEACCESSRELEASED_1
16:08:51.234 (index):664 NODEACCESSRELEASED_3
16:08:52.226 (index):682 UPDATE_0
16:08:52.228 (index):682 UPDATE_7
16:08:52.229 (index):694 NODEACCESSREQUESTED_9
16:08:52.230 (index):723 END_2
16:08:52.232 (index):664 NODEACCESSRELEASED_5
16:08:53.226 (index):682 UPDATE_8
16:08:53.227 (index):694 NODEACCESSREQUESTED_1
16:08:53.228 (index):694 NODEACCESSREQUESTED_3
16:08:53.228 (index):723 END_0
16:08:53.229 (index):723 END_7
16:08:53.229 (index):682 UPDATE_4
16:08:54.226 (index):682 UPDATE_9
16:08:54.228 (index):694 NODEACCESSREQUESTED_5
16:08:54.229 (index):664 NODEACCESSRELEASED_8
16:08:54.231 (index):723 END_4
16:08:55.226 (index):682 UPDATE_1
16:08:55.228 (index):682 UPDATE_3
16:08:55.229 (index):664 NODEACCESSRELEASED_9
16:08:56.226 (index):682 UPDATE_5
16:08:56.228 (index):694 NODEACCESSREQUESTED_8
16:08:56.229 (index):723 END_1
16:08:56.231 (index):723 END_3
16:08:57.226 (index):694 NODEACCESSREQUESTED_9
16:08:57.228 (index):723 END_5
16:08:58.229 (index):682 UPDATE_8
16:08:58.231 (index):682 UPDATE_9
16:08:59.227 (index):723 END_8
16:08:59.228 (index):723 END_9
