16:14:45.807 (index):1083 Tasks: 25; Collaborators: 17    =========================>
16:14:45.808 (index):694 NODEACCESSREQUESTED_0
16:14:45.809 (index):694 NODEACCESSREQUESTED_1
16:14:45.810 (index):694 NODEACCESSREQUESTED_2
16:14:45.810 (index):694 NODEACCESSREQUESTED_3
16:14:45.811 (index):694 NODEACCESSREQUESTED_4
16:14:45.812 (index):694 NODEACCESSREQUESTED_5
16:14:45.813 (index):694 NODEACCESSREQUESTED_6
16:14:45.814 (index):694 NODEACCESSREQUESTED_7
16:14:45.816 (index):694 NODEACCESSREQUESTED_8
16:14:45.818 (index):694 NODEACCESSREQUESTED_9
16:14:45.819 (index):694 NODEACCESSREQUESTED_10
16:14:45.821 (index):694 NODEACCESSREQUESTED_11
16:14:45.822 (index):694 NODEACCESSREQUESTED_12
16:14:45.823 (index):694 NODEACCESSREQUESTED_13
16:14:45.823 (index):694 NODEACCESSREQUESTED_14
16:14:45.824 (index):694 NODEACCESSREQUESTED_15
16:14:45.825 (index):694 NODEACCESSREQUESTED_16
16:14:46.809 (index):674 THINKING_0
16:14:46.810 (index):674 THINKING_1
16:14:46.811 (index):664 NODEACCESSRELEASED_2
16:14:46.813 (index):664 NODEACCESSRELEASED_3
16:14:46.814 (index):664 NODEACCESSRELEASED_4
16:14:46.816 (index):664 NODEACCESSRELEASED_5
16:14:46.817 (index):674 THINKING_6
16:14:46.818 (index):664 NODEACCESSRELEASED_7
16:14:46.819 (index):674 THINKING_8
16:14:46.820 (index):664 NODEACCESSRELEASED_9
16:14:46.821 (index):664 NODEACCESSRELEASED_10
16:14:46.822 (index):674 THINKING_11
16:14:46.823 (index):664 NODEACCESSRELEASED_12
16:14:46.824 (index):674 THINKING_13
16:14:46.824 (index):674 THINKING_14
16:14:46.825 (index):674 THINKING_15
16:14:46.826 (index):674 THINKING_16
16:14:47.813 (index):694 NODEACCESSREQUESTED_2
16:14:47.814 (index):694 NODEACCESSREQUESTED_3
16:14:47.816 (index):694 NODEACCESSREQUESTED_4
16:14:47.817 (index):694 NODEACCESSREQUESTED_5
16:14:47.819 (index):694 NODEACCESSREQUESTED_7
16:14:47.820 (index):694 NODEACCESSREQUESTED_9
16:14:47.822 (index):694 NODEACCESSREQUESTED_10
16:14:47.824 (index):694 NODEACCESSREQUESTED_12
16:14:48.814 (index):682 UPDATE_2
16:14:48.815 (index):682 UPDATE_3
16:14:48.817 (index):682 UPDATE_4
16:14:48.818 (index):682 UPDATE_5
16:14:48.820 (index):682 UPDATE_7
16:14:48.822 (index):682 UPDATE_9
16:14:48.823 (index):682 UPDATE_10
16:14:48.825 (index):682 UPDATE_12
16:14:48.845 (index):682 UPDATE_8
16:14:48.915 (index):664 NODEACCESSRELEASED_2
16:14:48.916 (index):664 NODEACCESSRELEASED_3
16:14:48.918 (index):664 NODEACCESSRELEASED_4
16:14:48.919 (index):674 THINKING_5
16:14:48.921 (index):664 NODEACCESSRELEASED_7
16:14:48.922 (index):674 THINKING_9
16:14:48.923 (index):674 THINKING_10
16:14:48.925 (index):664 NODEACCESSRELEASED_12
16:14:48.946 (index):674 THINKING_8
16:14:49.108 (index):682 UPDATE_16
16:14:49.209 (index):664 NODEACCESSRELEASED_16
16:14:49.284 (index):682 UPDATE_11
16:14:49.385 (index):674 THINKING_11
16:14:49.535 (index):682 UPDATE_6
16:14:49.636 (index):664 NODEACCESSRELEASED_6
16:14:49.756 (index):682 UPDATE_1
16:14:49.858 (index):664 NODEACCESSRELEASED_1
16:14:49.917 (index):694 NODEACCESSREQUESTED_2
16:14:49.918 (index):694 NODEACCESSREQUESTED_3
16:14:49.919 (index):694 NODEACCESSREQUESTED_4
16:14:49.921 (index):694 NODEACCESSREQUESTED_7
16:14:49.926 (index):694 NODEACCESSREQUESTED_12
16:14:50.210 (index):694 NODEACCESSREQUESTED_16
16:14:50.280 (index):682 UPDATE_15
16:14:50.381 (index):664 NODEACCESSRELEASED_15
16:14:50.637 (index):694 NODEACCESSREQUESTED_6
16:14:50.859 (index):694 NODEACCESSREQUESTED_1
16:14:50.917 (index):682 UPDATE_2
16:14:50.919 (index):682 UPDATE_3
16:14:50.920 (index):682 UPDATE_4
16:14:50.922 (index):682 UPDATE_7
16:14:50.927 (index):682 UPDATE_12
16:14:50.975 (index):682 UPDATE_10
16:14:51.019 (index):664 NODEACCESSRELEASED_2
16:14:51.020 (index):674 THINKING_3
16:14:51.021 (index):664 NODEACCESSRELEASED_4
16:14:51.023 (index):664 NODEACCESSRELEASED_7
16:14:51.028 (index):664 NODEACCESSRELEASED_12
16:14:51.076 (index):664 NODEACCESSRELEASED_10
16:14:51.098 (index):682 UPDATE_13
16:14:51.158 (index):682 UPDATE_0
16:14:51.199 (index):664 NODEACCESSRELEASED_13
16:14:51.211 (index):682 UPDATE_16
16:14:51.260 (index):664 NODEACCESSRELEASED_0
16:14:51.276 (index):682 UPDATE_14
16:14:51.313 (index):664 NODEACCESSRELEASED_16
16:14:51.334 (index):682 UPDATE_5
16:14:51.377 (index):664 NODEACCESSRELEASED_14
16:14:51.383 (index):694 NODEACCESSREQUESTED_15
16:14:51.435 (index):664 NODEACCESSRELEASED_5
16:14:51.638 (index):682 UPDATE_6
16:14:51.739 (index):664 NODEACCESSRELEASED_6
16:14:51.860 (index):682 UPDATE_1
16:14:51.961 (index):674 THINKING_1
16:14:52.020 (index):694 NODEACCESSREQUESTED_2
16:14:52.023 (index):694 NODEACCESSREQUESTED_4
16:14:52.025 (index):694 NODEACCESSREQUESTED_7
16:14:52.030 (index):694 NODEACCESSREQUESTED_12
16:14:52.078 (index):694 NODEACCESSREQUESTED_10
16:14:52.201 (index):694 NODEACCESSREQUESTED_13
16:14:52.261 (index):694 NODEACCESSREQUESTED_0
16:14:52.314 (index):694 NODEACCESSREQUESTED_16
16:14:52.378 (index):694 NODEACCESSREQUESTED_14
16:14:52.383 (index):682 UPDATE_15
16:14:52.436 (index):694 NODEACCESSREQUESTED_5
16:14:52.485 (index):664 NODEACCESSRELEASED_15
16:14:52.682 (index):682 UPDATE_11
16:14:52.740 (index):694 NODEACCESSREQUESTED_6
16:14:52.783 (index):664 NODEACCESSRELEASED_11
16:14:53.022 (index):682 UPDATE_2
16:14:53.023 (index):682 UPDATE_4
16:14:53.026 (index):682 UPDATE_7
16:14:53.031 (index):682 UPDATE_12
16:14:53.079 (index):682 UPDATE_10
16:14:53.123 (index):674 THINKING_2
16:14:53.124 (index):664 NODEACCESSRELEASED_4
16:14:53.127 (index):674 THINKING_7
16:14:53.132 (index):674 THINKING_12
16:14:53.180 (index):674 THINKING_10
16:14:53.201 (index):682 UPDATE_13
16:14:53.263 (index):682 UPDATE_0
16:14:53.302 (index):664 NODEACCESSRELEASED_13
16:14:53.315 (index):682 UPDATE_16
16:14:53.364 (index):664 NODEACCESSRELEASED_0
16:14:53.380 (index):682 UPDATE_14
16:14:53.387 (index):682 UPDATE_8
16:14:53.416 (index):664 NODEACCESSRELEASED_16
16:14:53.434 (index):682 UPDATE_9
16:14:53.437 (index):682 UPDATE_5
16:14:53.481 (index):674 THINKING_14
16:14:53.486 (index):694 NODEACCESSREQUESTED_15
16:14:53.488 (index):664 NODEACCESSRELEASED_8
16:14:53.535 (index):674 THINKING_9
16:14:53.539 (index):674 THINKING_5
16:14:53.742 (index):682 UPDATE_6
16:14:53.784 (index):694 NODEACCESSREQUESTED_11
16:14:53.843 (index):664 NODEACCESSRELEASED_6
16:14:54.125 (index):694 NODEACCESSREQUESTED_4
16:14:54.303 (index):694 NODEACCESSREQUESTED_13
16:14:54.365 (index):694 NODEACCESSREQUESTED_0
16:14:54.417 (index):694 NODEACCESSREQUESTED_16
16:14:54.487 (index):682 UPDATE_15
16:14:54.489 (index):694 NODEACCESSREQUESTED_8
16:14:54.588 (index):674 THINKING_15
16:14:54.786 (index):682 UPDATE_11
16:14:54.844 (index):694 NODEACCESSREQUESTED_6
16:14:54.887 (index):664 NODEACCESSRELEASED_11
16:14:55.126 (index):682 UPDATE_4
16:14:55.137 (index):682 UPDATE_3
16:14:55.228 (index):664 NODEACCESSRELEASED_4
16:14:55.238 (index):664 NODEACCESSRELEASED_3
16:14:55.299 (index):682 UPDATE_7
16:14:55.304 (index):682 UPDATE_13
16:14:55.366 (index):682 UPDATE_0
16:14:55.400 (index):664 NODEACCESSRELEASED_7
16:14:55.406 (index):664 NODEACCESSRELEASED_13
16:14:55.419 (index):682 UPDATE_16
16:14:55.467 (index):674 THINKING_0
16:14:55.490 (index):682 UPDATE_8
16:14:55.511 (index):682 UPDATE_1
16:14:55.520 (index):674 THINKING_16
16:14:55.592 (index):674 THINKING_8
16:14:55.612 (index):674 THINKING_1
16:14:55.842 (index):682 UPDATE_2
16:14:55.846 (index):682 UPDATE_6
16:14:55.888 (index):694 NODEACCESSREQUESTED_11
16:14:55.941 (index):682 UPDATE_9
16:14:55.943 (index):664 NODEACCESSRELEASED_2
16:14:55.947 (index):664 NODEACCESSRELEASED_6
16:14:56.042 (index):664 NODEACCESSRELEASED_9
16:14:56.157 (index):682 UPDATE_10
16:14:56.229 (index):694 NODEACCESSREQUESTED_4
16:14:56.239 (index):694 NODEACCESSREQUESTED_3
16:14:56.258 (index):664 NODEACCESSRELEASED_10
16:14:56.401 (index):694 NODEACCESSREQUESTED_7
16:14:56.407 (index):694 NODEACCESSREQUESTED_13
16:14:56.482 (index):682 UPDATE_14
16:14:56.583 (index):664 NODEACCESSRELEASED_14
16:14:56.679 (index):682 UPDATE_5
16:14:56.780 (index):664 NODEACCESSRELEASED_5
16:14:56.889 (index):682 UPDATE_11
16:14:56.944 (index):694 NODEACCESSREQUESTED_2
16:14:56.948 (index):694 NODEACCESSREQUESTED_6
16:14:56.990 (index):664 NODEACCESSRELEASED_11
16:14:57.044 (index):694 NODEACCESSREQUESTED_9
16:14:57.229 (index):682 UPDATE_4
16:14:57.240 (index):682 UPDATE_3
16:14:57.259 (index):694 NODEACCESSREQUESTED_10
16:14:57.330 (index):674 THINKING_4
16:14:57.342 (index):664 NODEACCESSRELEASED_3
16:14:57.402 (index):682 UPDATE_7
16:14:57.409 (index):682 UPDATE_13
16:14:57.503 (index):674 THINKING_7
16:14:57.510 (index):664 NODEACCESSRELEASED_13
16:14:57.584 (index):694 NODEACCESSREQUESTED_14
16:14:57.781 (index):694 NODEACCESSREQUESTED_5
16:14:57.791 (index):682 UPDATE_12
16:14:57.892 (index):664 NODEACCESSRELEASED_12
16:14:57.946 (index):682 UPDATE_2
16:14:57.949 (index):682 UPDATE_6
16:14:57.991 (index):694 NODEACCESSREQUESTED_11
16:14:58.038 (index):682 UPDATE_0
16:14:58.045 (index):682 UPDATE_9
16:14:58.047 (index):664 NODEACCESSRELEASED_2
16:14:58.050 (index):664 NODEACCESSRELEASED_6
16:14:58.138 (index):674 THINKING_0
16:14:58.146 (index):664 NODEACCESSRELEASED_9
16:14:58.260 (index):682 UPDATE_10
16:14:58.343 (index):694 NODEACCESSREQUESTED_3
16:14:58.361 (index):674 THINKING_10
16:14:58.511 (index):694 NODEACCESSREQUESTED_13
16:14:58.585 (index):682 UPDATE_14
16:14:58.687 (index):664 NODEACCESSRELEASED_14
16:14:58.783 (index):682 UPDATE_5
16:14:58.884 (index):674 THINKING_5
16:14:58.893 (index):694 NODEACCESSREQUESTED_12
16:14:58.937 (index):682 UPDATE_15
16:14:58.993 (index):682 UPDATE_11
16:14:59.038 (index):674 THINKING_15
16:14:59.047 (index):694 NODEACCESSREQUESTED_2
16:14:59.051 (index):694 NODEACCESSREQUESTED_6
16:14:59.094 (index):674 THINKING_11
16:14:59.147 (index):694 NODEACCESSREQUESTED_9
16:14:59.344 (index):682 UPDATE_3
16:14:59.445 (index):664 NODEACCESSRELEASED_3
16:14:59.513 (index):682 UPDATE_13
16:14:59.547 (index):682 UPDATE_16
16:14:59.613 (index):664 NODEACCESSRELEASED_13
16:14:59.648 (index):674 THINKING_16
16:14:59.688 (index):694 NODEACCESSREQUESTED_14
16:14:59.769 (index):682 UPDATE_4
16:14:59.870 (index):664 NODEACCESSRELEASED_4
16:14:59.894 (index):682 UPDATE_12
16:14:59.996 (index):664 NODEACCESSRELEASED_12
16:15:00.005 (index):682 UPDATE_1
16:15:00.049 (index):682 UPDATE_2
16:15:00.052 (index):682 UPDATE_6
16:15:00.106 (index):664 NODEACCESSRELEASED_1
16:15:00.115 (index):682 UPDATE_8
16:15:00.148 (index):682 UPDATE_9
16:15:00.150 (index):674 THINKING_2
16:15:00.153 (index):674 THINKING_6
16:15:00.216 (index):664 NODEACCESSRELEASED_8
16:15:00.250 (index):664 NODEACCESSRELEASED_9
16:15:00.445 (index):694 NODEACCESSREQUESTED_3
16:15:00.614 (index):694 NODEACCESSREQUESTED_13
16:15:00.689 (index):682 UPDATE_14
16:15:00.790 (index):664 NODEACCESSRELEASED_14
16:15:00.871 (index):694 NODEACCESSREQUESTED_4
16:15:00.996 (index):694 NODEACCESSREQUESTED_12
16:15:01.107 (index):694 NODEACCESSREQUESTED_1
16:15:01.172 (index):682 UPDATE_15
16:15:01.217 (index):694 NODEACCESSREQUESTED_8
16:15:01.251 (index):694 NODEACCESSREQUESTED_9
16:15:01.272 (index):664 NODEACCESSRELEASED_15
16:15:01.447 (index):682 UPDATE_3
16:15:01.548 (index):664 NODEACCESSRELEASED_3
16:15:01.616 (index):682 UPDATE_13
16:15:01.717 (index):664 NODEACCESSRELEASED_13
16:15:01.791 (index):694 NODEACCESSREQUESTED_14
16:15:01.872 (index):682 UPDATE_4
16:15:01.974 (index):674 THINKING_4
16:15:01.998 (index):682 UPDATE_12
16:15:02.099 (index):664 NODEACCESSRELEASED_12
16:15:02.109 (index):682 UPDATE_1
16:15:02.142 (index):682 UPDATE_7
16:15:02.210 (index):674 THINKING_1
16:15:02.218 (index):682 UPDATE_8
16:15:02.243 (index):664 NODEACCESSRELEASED_7
16:15:02.252 (index):682 UPDATE_9
16:15:02.274 (index):694 NODEACCESSREQUESTED_15
16:15:02.276 (index):682 UPDATE_16
16:15:02.320 (index):664 NODEACCESSRELEASED_8
16:15:02.353 (index):674 THINKING_9
16:15:02.377 (index):674 THINKING_16
16:15:02.424 (index):682 UPDATE_6
16:15:02.526 (index):674 THINKING_6
16:15:02.549 (index):694 NODEACCESSREQUESTED_3
16:15:02.701 (index):682 UPDATE_2
16:15:02.718 (index):694 NODEACCESSREQUESTED_13
16:15:02.792 (index):682 UPDATE_14
16:15:02.802 (index):674 THINKING_2
16:15:02.893 (index):664 NODEACCESSRELEASED_14
16:15:03.025 (index):682 UPDATE_10
16:15:03.080 (index):682 UPDATE_0
16:15:03.100 (index):694 NODEACCESSREQUESTED_12
16:15:03.126 (index):664 NODEACCESSRELEASED_10
16:15:03.182 (index):664 NODEACCESSRELEASED_0
16:15:03.244 (index):694 NODEACCESSREQUESTED_7
16:15:03.275 (index):682 UPDATE_15
16:15:03.320 (index):694 NODEACCESSREQUESTED_8
16:15:03.372 (index):682 UPDATE_11
16:15:03.375 (index):674 THINKING_15
16:15:03.467 (index):682 UPDATE_5
16:15:03.473 (index):664 NODEACCESSRELEASED_11
16:15:03.550 (index):682 UPDATE_3
16:15:03.568 (index):674 THINKING_5
16:15:03.651 (index):664 NODEACCESSRELEASED_3
16:15:03.720 (index):682 UPDATE_13
16:15:03.821 (index):664 NODEACCESSRELEASED_13
16:15:03.894 (index):694 NODEACCESSREQUESTED_14
16:15:04.101 (index):682 UPDATE_12
16:15:04.127 (index):694 NODEACCESSREQUESTED_10
16:15:04.183 (index):694 NODEACCESSREQUESTED_0
16:15:04.203 (index):664 NODEACCESSRELEASED_12
16:15:04.246 (index):682 UPDATE_7
16:15:04.321 (index):682 UPDATE_8
16:15:04.347 (index):664 NODEACCESSRELEASED_7
16:15:04.424 (index):674 THINKING_8
16:15:04.474 (index):694 NODEACCESSREQUESTED_11
16:15:04.521 (index):682 UPDATE_1
16:15:04.623 (index):664 NODEACCESSRELEASED_1
16:15:04.653 (index):694 NODEACCESSREQUESTED_3
16:15:04.808 (index):682 UPDATE_16
16:15:04.822 (index):694 NODEACCESSREQUESTED_13
16:15:04.895 (index):682 UPDATE_14
16:15:04.910 (index):664 NODEACCESSRELEASED_16
16:15:04.996 (index):674 THINKING_14
16:15:05.029 (index):682 UPDATE_2
16:15:05.128 (index):682 UPDATE_10
16:15:05.130 (index):674 THINKING_2
16:15:05.184 (index):682 UPDATE_0
16:15:05.204 (index):694 NODEACCESSREQUESTED_12
16:15:05.230 (index):674 THINKING_10
16:15:05.285 (index):674 THINKING_0
16:15:05.348 (index):694 NODEACCESSREQUESTED_7
16:15:05.464 (index):682 UPDATE_9
16:15:05.476 (index):682 UPDATE_11
16:15:05.480 (index):682 UPDATE_6
16:15:05.565 (index):664 NODEACCESSRELEASED_9
16:15:05.577 (index):664 NODEACCESSRELEASED_11
16:15:05.581 (index):664 NODEACCESSRELEASED_6
16:15:05.610 (index):682 UPDATE_5
16:15:05.624 (index):694 NODEACCESSREQUESTED_1
16:15:05.654 (index):682 UPDATE_3
16:15:05.711 (index):664 NODEACCESSRELEASED_5
16:15:05.755 (index):674 THINKING_3
16:15:05.823 (index):682 UPDATE_13
16:15:05.911 (index):694 NODEACCESSREQUESTED_16
16:15:05.924 (index):664 NODEACCESSRELEASED_13
16:15:06.139 (index):682 UPDATE_15
16:15:06.183 (index):682 UPDATE_4
16:15:06.205 (index):682 UPDATE_12
16:15:06.241 (index):674 THINKING_15
16:15:06.284 (index):674 THINKING_4
16:15:06.307 (index):664 NODEACCESSRELEASED_12
16:15:06.349 (index):682 UPDATE_7
16:15:06.450 (index):664 NODEACCESSRELEASED_7
16:15:06.566 (index):694 NODEACCESSREQUESTED_9
16:15:06.579 (index):694 NODEACCESSREQUESTED_11
16:15:06.582 (index):694 NODEACCESSREQUESTED_6
16:15:06.625 (index):682 UPDATE_1
16:15:06.712 (index):694 NODEACCESSREQUESTED_5
16:15:06.727 (index):674 THINKING_1
16:15:06.912 (index):682 UPDATE_16
16:15:06.925 (index):694 NODEACCESSREQUESTED_13
16:15:07.014 (index):674 THINKING_16
16:15:07.229 (index):682 UPDATE_14
16:15:07.308 (index):694 NODEACCESSREQUESTED_12
16:15:07.331 (index):664 NODEACCESSRELEASED_14
16:15:07.442 (index):682 UPDATE_0
16:15:07.452 (index):694 NODEACCESSREQUESTED_7
16:15:07.543 (index):664 NODEACCESSRELEASED_0
16:15:07.568 (index):682 UPDATE_9
16:15:07.580 (index):682 UPDATE_11
16:15:07.582 (index):682 UPDATE_6
16:15:07.669 (index):664 NODEACCESSRELEASED_9
16:15:07.681 (index):664 NODEACCESSRELEASED_11
16:15:07.684 (index):664 NODEACCESSRELEASED_6
16:15:07.714 (index):682 UPDATE_5
16:15:07.721 (index):682 UPDATE_8
16:15:07.815 (index):674 THINKING_5
16:15:07.823 (index):664 NODEACCESSRELEASED_8
16:15:07.927 (index):682 UPDATE_13
16:15:08.028 (index):664 NODEACCESSRELEASED_13
16:15:08.162 (index):682 UPDATE_3
16:15:08.263 (index):664 NODEACCESSRELEASED_3
16:15:08.309 (index):682 UPDATE_12
16:15:08.333 (index):694 NODEACCESSREQUESTED_14
16:15:08.410 (index):664 NODEACCESSRELEASED_12
16:15:08.452 (index):682 UPDATE_7
16:15:08.544 (index):694 NODEACCESSREQUESTED_0
16:15:08.553 (index):664 NODEACCESSRELEASED_7
16:15:08.670 (index):694 NODEACCESSREQUESTED_9
16:15:08.683 (index):694 NODEACCESSREQUESTED_11
16:15:08.685 (index):694 NODEACCESSREQUESTED_6
16:15:08.824 (index):694 NODEACCESSREQUESTED_8
16:15:08.847 (index):682 UPDATE_15
16:15:08.948 (index):664 NODEACCESSRELEASED_15
16:15:09.016 (index):682 UPDATE_10
16:15:09.029 (index):694 NODEACCESSREQUESTED_13
16:15:09.117 (index):664 NODEACCESSRELEASED_10
16:15:09.264 (index):694 NODEACCESSREQUESTED_3
16:15:09.334 (index):682 UPDATE_14
16:15:09.411 (index):694 NODEACCESSREQUESTED_12
16:15:09.435 (index):664 NODEACCESSRELEASED_14
16:15:09.545 (index):682 UPDATE_0
16:15:09.555 (index):694 NODEACCESSREQUESTED_7
16:15:09.647 (index):664 NODEACCESSRELEASED_0
16:15:09.657 (index):682 UPDATE_1
16:15:09.672 (index):682 UPDATE_9
16:15:09.684 (index):682 UPDATE_11
16:15:09.686 (index):682 UPDATE_6
16:15:09.758 (index):674 THINKING_1
16:15:09.773 (index):674 THINKING_9
16:15:09.785 (index):674 THINKING_11
16:15:09.787 (index):664 NODEACCESSRELEASED_6
16:15:09.826 (index):682 UPDATE_8
16:15:09.927 (index):664 NODEACCESSRELEASED_8
16:15:09.949 (index):694 NODEACCESSREQUESTED_15
16:15:09.986 (index):682 UPDATE_2
16:15:10.030 (index):682 UPDATE_13
16:15:10.087 (index):664 NODEACCESSRELEASED_2
16:15:10.118 (index):694 NODEACCESSREQUESTED_10
16:15:10.131 (index):664 NODEACCESSRELEASED_13
16:15:10.244 (index):682 UPDATE_4
16:15:10.265 (index):682 UPDATE_3
16:15:10.345 (index):674 THINKING_4
16:15:10.367 (index):664 NODEACCESSRELEASED_3
16:15:10.412 (index):682 UPDATE_12
16:15:10.437 (index):694 NODEACCESSREQUESTED_14
16:15:10.513 (index):674 THINKING_12
16:15:10.556 (index):682 UPDATE_7
16:15:10.648 (index):694 NODEACCESSREQUESTED_0
16:15:10.657 (index):664 NODEACCESSRELEASED_7
16:15:10.789 (index):694 NODEACCESSREQUESTED_6
16:15:10.928 (index):694 NODEACCESSREQUESTED_8
16:15:10.950 (index):682 UPDATE_15
16:15:11.051 (index):674 THINKING_15
16:15:11.089 (index):694 NODEACCESSREQUESTED_2
16:15:11.119 (index):682 UPDATE_10
16:15:11.133 (index):694 NODEACCESSREQUESTED_13
16:15:11.220 (index):674 THINKING_10
16:15:11.369 (index):694 NODEACCESSREQUESTED_3
16:15:11.438 (index):682 UPDATE_14
16:15:11.539 (index):674 THINKING_14
16:15:11.607 (index):682 UPDATE_16
16:15:11.649 (index):682 UPDATE_0
16:15:11.659 (index):694 NODEACCESSREQUESTED_7
16:15:11.708 (index):664 NODEACCESSRELEASED_16
16:15:11.750 (index):674 THINKING_0
16:15:11.790 (index):682 UPDATE_6
16:15:11.892 (index):664 NODEACCESSRELEASED_6
16:15:11.929 (index):682 UPDATE_8
16:15:12.030 (index):664 NODEACCESSRELEASED_8
16:15:12.090 (index):682 UPDATE_2
16:15:12.135 (index):682 UPDATE_13
16:15:12.191 (index):664 NODEACCESSRELEASED_2
16:15:12.236 (index):664 NODEACCESSRELEASED_13
16:15:12.370 (index):682 UPDATE_3
16:15:12.471 (index):674 THINKING_3
16:15:12.660 (index):682 UPDATE_7
16:15:12.710 (index):694 NODEACCESSREQUESTED_16
16:15:12.750 (index):682 UPDATE_5
16:15:12.761 (index):674 THINKING_7
16:15:12.852 (index):664 NODEACCESSRELEASED_5
16:15:12.893 (index):694 NODEACCESSREQUESTED_6
16:15:13.032 (index):694 NODEACCESSREQUESTED_8
16:15:13.111 (index):682 UPDATE_4
16:15:13.169 (index):682 UPDATE_11
16:15:13.192 (index):694 NODEACCESSREQUESTED_2
16:15:13.213 (index):664 NODEACCESSRELEASED_4
16:15:13.237 (index):694 NODEACCESSREQUESTED_13
16:15:13.270 (index):664 NODEACCESSRELEASED_11
16:15:13.396 (index):682 UPDATE_9
16:15:13.497 (index):664 NODEACCESSRELEASED_9
16:15:13.711 (index):682 UPDATE_16
16:15:13.812 (index):674 THINKING_16
16:15:13.853 (index):694 NODEACCESSREQUESTED_5
16:15:13.889 (index):682 UPDATE_12
16:15:13.894 (index):682 UPDATE_6
16:15:13.990 (index):664 NODEACCESSRELEASED_12
16:15:13.995 (index):664 NODEACCESSRELEASED_6
16:15:14.033 (index):682 UPDATE_8
16:15:14.134 (index):664 NODEACCESSRELEASED_8
16:15:14.193 (index):682 UPDATE_2
16:15:14.214 (index):694 NODEACCESSREQUESTED_4
16:15:14.238 (index):682 UPDATE_13
16:15:14.271 (index):694 NODEACCESSREQUESTED_11
16:15:14.295 (index):664 NODEACCESSRELEASED_2
16:15:14.340 (index):664 NODEACCESSRELEASED_13
16:15:14.369 (index):682 UPDATE_1
16:15:14.470 (index):674 THINKING_1
16:15:14.498 (index):694 NODEACCESSREQUESTED_9
16:15:14.738 (index):682 UPDATE_14
16:15:14.810 (index):682 UPDATE_3
16:15:14.839 (index):674 THINKING_14
16:15:14.854 (index):682 UPDATE_5
16:15:14.911 (index):664 NODEACCESSRELEASED_3
16:15:14.955 (index):664 NODEACCESSRELEASED_5
16:15:14.991 (index):694 NODEACCESSREQUESTED_12
16:15:14.997 (index):694 NODEACCESSREQUESTED_6
16:15:15.136 (index):694 NODEACCESSREQUESTED_8
16:15:15.215 (index):682 UPDATE_4
16:15:15.272 (index):682 UPDATE_11
16:15:15.296 (index):694 NODEACCESSREQUESTED_2
16:15:15.316 (index):664 NODEACCESSRELEASED_4
16:15:15.339 (index):682 UPDATE_15
16:15:15.340 (index):694 NODEACCESSREQUESTED_13
16:15:15.374 (index):664 NODEACCESSRELEASED_11
16:15:15.440 (index):664 NODEACCESSRELEASED_15
16:15:15.499 (index):682 UPDATE_9
16:15:15.600 (index):664 NODEACCESSRELEASED_9
16:15:15.746 (index):682 UPDATE_0
16:15:15.847 (index):664 NODEACCESSRELEASED_0
16:15:15.912 (index):694 NODEACCESSREQUESTED_3
16:15:15.957 (index):694 NODEACCESSREQUESTED_5
16:15:15.993 (index):682 UPDATE_12
16:15:15.998 (index):682 UPDATE_6
16:15:16.094 (index):664 NODEACCESSRELEASED_12
16:15:16.099 (index):723 END_6
16:15:16.105 (index):682 UPDATE_10
16:15:16.137 (index):682 UPDATE_8
16:15:16.197 (index):682 UPDATE_7
16:15:16.206 (index):664 NODEACCESSRELEASED_10
16:15:16.239 (index):664 NODEACCESSRELEASED_8
16:15:16.297 (index):682 UPDATE_2
16:15:16.299 (index):664 NODEACCESSRELEASED_7
16:15:16.318 (index):694 NODEACCESSREQUESTED_4
16:15:16.341 (index):682 UPDATE_13
16:15:16.375 (index):694 NODEACCESSREQUESTED_11
16:15:16.398 (index):664 NODEACCESSRELEASED_2
16:15:16.441 (index):694 NODEACCESSREQUESTED_15
16:15:16.442 (index):723 END_13
16:15:16.545 (index):682 UPDATE_16
16:15:16.602 (index):694 NODEACCESSREQUESTED_9
16:15:16.647 (index):664 NODEACCESSRELEASED_16
16:15:16.848 (index):694 NODEACCESSREQUESTED_0
16:15:16.913 (index):682 UPDATE_3
16:15:16.957 (index):682 UPDATE_5
16:15:17.014 (index):723 END_3
16:15:17.059 (index):664 NODEACCESSRELEASED_5
16:15:17.095 (index):694 NODEACCESSREQUESTED_12
16:15:17.207 (index):694 NODEACCESSREQUESTED_10
16:15:17.240 (index):694 NODEACCESSREQUESTED_8
16:15:17.299 (index):694 NODEACCESSREQUESTED_7
16:15:17.319 (index):682 UPDATE_4
16:15:17.376 (index):682 UPDATE_11
16:15:17.399 (index):694 NODEACCESSREQUESTED_2
16:15:17.420 (index):674 THINKING_4
16:15:17.442 (index):682 UPDATE_15
16:15:17.477 (index):674 THINKING_11
16:15:17.543 (index):674 THINKING_15
16:15:17.603 (index):682 UPDATE_9
16:15:17.648 (index):694 NODEACCESSREQUESTED_16
16:15:17.704 (index):664 NODEACCESSRELEASED_9
16:15:17.849 (index):682 UPDATE_0
16:15:17.951 (index):664 NODEACCESSRELEASED_0
16:15:18.060 (index):694 NODEACCESSREQUESTED_5
16:15:18.096 (index):682 UPDATE_12
16:15:18.197 (index):723 END_12
16:15:18.209 (index):682 UPDATE_10
16:15:18.241 (index):682 UPDATE_8
16:15:18.300 (index):682 UPDATE_7
16:15:18.310 (index):664 NODEACCESSRELEASED_10
16:15:18.342 (index):664 NODEACCESSRELEASED_8
16:15:18.400 (index):682 UPDATE_2
16:15:18.401 (index):723 END_7
16:15:18.501 (index):723 END_2
16:15:18.649 (index):682 UPDATE_16
16:15:18.662 (index):682 UPDATE_1
16:15:18.705 (index):694 NODEACCESSREQUESTED_9
16:15:18.750 (index):664 NODEACCESSRELEASED_16
16:15:18.763 (index):664 NODEACCESSRELEASED_1
16:15:18.913 (index):682 UPDATE_14
16:15:18.952 (index):694 NODEACCESSREQUESTED_0
16:15:19.014 (index):664 NODEACCESSRELEASED_14
16:15:19.061 (index):682 UPDATE_5
16:15:19.163 (index):664 NODEACCESSRELEASED_5
16:15:19.311 (index):694 NODEACCESSREQUESTED_10
16:15:19.343 (index):694 NODEACCESSREQUESTED_8
16:15:19.706 (index):682 UPDATE_9
16:15:19.751 (index):694 NODEACCESSREQUESTED_16
16:15:19.765 (index):694 NODEACCESSREQUESTED_1
16:15:19.807 (index):723 END_9
16:15:19.953 (index):682 UPDATE_0
16:15:20.015 (index):694 NODEACCESSREQUESTED_14
16:15:20.054 (index):664 NODEACCESSRELEASED_0
16:15:20.164 (index):694 NODEACCESSREQUESTED_5
16:15:20.313 (index):682 UPDATE_10
16:15:20.344 (index):682 UPDATE_8
16:15:20.414 (index):664 NODEACCESSRELEASED_10
16:15:20.446 (index):723 END_8
16:15:20.641 (index):682 UPDATE_11
16:15:20.743 (index):723 END_11
16:15:20.752 (index):682 UPDATE_16
16:15:20.766 (index):682 UPDATE_1
16:15:20.854 (index):723 END_16
16:15:20.867 (index):674 THINKING_1
16:15:21.016 (index):682 UPDATE_14
16:15:21.055 (index):694 NODEACCESSREQUESTED_0
16:15:21.117 (index):723 END_14
16:15:21.165 (index):682 UPDATE_5
16:15:21.266 (index):723 END_5
16:15:21.333 (index):682 UPDATE_15
16:15:21.416 (index):694 NODEACCESSREQUESTED_10
16:15:21.434 (index):664 NODEACCESSRELEASED_15
16:15:21.810 (index):682 UPDATE_4
16:15:21.911 (index):723 END_4
16:15:22.056 (index):682 UPDATE_0
16:15:22.158 (index):723 END_0
16:15:22.416 (index):682 UPDATE_10
16:15:22.435 (index):694 NODEACCESSREQUESTED_15
16:15:22.518 (index):723 END_10
16:15:23.046 (index):682 UPDATE_1
16:15:23.147 (index):664 NODEACCESSRELEASED_1
16:15:23.436 (index):682 UPDATE_15
16:15:23.538 (index):723 END_15
16:15:24.148 (index):694 NODEACCESSREQUESTED_1
16:15:25.150 (index):682 UPDATE_1
16:15:25.251 (index):723 END_1
