16:15:25.252 (index):1120 Tasks: 25; Collaborators: 18    =========================>
16:15:25.253 (index):694 NODEACCESSREQUESTED_0
16:15:25.254 (index):694 NODEACCESSREQUESTED_1
16:15:25.255 (index):694 NODEACCESSREQUESTED_2
16:15:25.256 (index):694 NODEACCESSREQUESTED_3
16:15:25.257 (index):694 NODEACCESSREQUESTED_4
16:15:25.258 (index):694 NODEACCESSREQUESTED_5
16:15:25.259 (index):694 NODEACCESSREQUESTED_6
16:15:25.260 (index):694 NODEACCESSREQUESTED_7
16:15:25.261 (index):694 NODEACCESSREQUESTED_8
16:15:25.262 (index):694 NODEACCESSREQUESTED_9
16:15:25.263 (index):694 NODEACCESSREQUESTED_10
16:15:25.264 (index):694 NODEACCESSREQUESTED_11
16:15:25.265 (index):694 NODEACCESSREQUESTED_12
16:15:25.266 (index):694 NODEACCESSREQUESTED_13
16:15:25.266 (index):694 NODEACCESSREQUESTED_14
16:15:25.267 (index):694 NODEACCESSREQUESTED_15
16:15:25.267 (index):694 NODEACCESSREQUESTED_16
16:15:25.268 (index):694 NODEACCESSREQUESTED_17
16:15:26.254 (index):674 THINKING_0
16:15:26.255 (index):674 THINKING_1
16:15:26.256 (index):664 NODEACCESSRELEASED_2
16:15:26.257 (index):664 NODEACCESSRELEASED_3
16:15:26.258 (index):664 NODEACCESSRELEASED_4
16:15:26.259 (index):664 NODEACCESSRELEASED_5
16:15:26.260 (index):674 THINKING_6
16:15:26.261 (index):664 NODEACCESSRELEASED_7
16:15:26.262 (index):674 THINKING_8
16:15:26.263 (index):664 NODEACCESSRELEASED_9
16:15:26.264 (index):664 NODEACCESSRELEASED_10
16:15:26.265 (index):674 THINKING_11
16:15:26.266 (index):664 NODEACCESSRELEASED_12
16:15:26.267 (index):674 THINKING_13
16:15:26.267 (index):674 THINKING_14
16:15:26.267 (index):674 THINKING_15
16:15:26.268 (index):674 THINKING_16
16:15:26.268 (index):712 WAITING_17
16:15:27.257 (index):694 NODEACCESSREQUESTED_2
16:15:27.258 (index):694 NODEACCESSREQUESTED_3
16:15:27.259 (index):694 NODEACCESSREQUESTED_4
16:15:27.260 (index):694 NODEACCESSREQUESTED_5
16:15:27.262 (index):694 NODEACCESSREQUESTED_7
16:15:27.264 (index):694 NODEACCESSREQUESTED_9
16:15:27.265 (index):694 NODEACCESSREQUESTED_10
16:15:27.267 (index):694 NODEACCESSREQUESTED_12
16:15:27.269 (index):712 WAITING_17
16:15:28.259 (index):682 UPDATE_2
16:15:28.260 (index):682 UPDATE_3
16:15:28.261 (index):682 UPDATE_4
16:15:28.262 (index):682 UPDATE_5
16:15:28.263 (index):682 UPDATE_7
16:15:28.265 (index):682 UPDATE_9
16:15:28.266 (index):682 UPDATE_10
16:15:28.268 (index):682 UPDATE_12
16:15:28.270 (index):712 WAITING_17
16:15:28.288 (index):682 UPDATE_8
16:15:28.360 (index):664 NODEACCESSRELEASED_2
16:15:28.362 (index):664 NODEACCESSRELEASED_3
16:15:28.362 (index):664 NODEACCESSRELEASED_4
16:15:28.363 (index):674 THINKING_5
16:15:28.364 (index):664 NODEACCESSRELEASED_7
16:15:28.366 (index):674 THINKING_9
16:15:28.367 (index):674 THINKING_10
16:15:28.368 (index):664 NODEACCESSRELEASED_12
16:15:28.389 (index):674 THINKING_8
16:15:28.550 (index):682 UPDATE_16
16:15:28.651 (index):664 NODEACCESSRELEASED_16
16:15:28.727 (index):682 UPDATE_11
16:15:28.828 (index):674 THINKING_11
16:15:28.979 (index):682 UPDATE_6
16:15:29.080 (index):664 NODEACCESSRELEASED_6
16:15:29.201 (index):682 UPDATE_1
16:15:29.271 (index):712 WAITING_17
16:15:29.302 (index):664 NODEACCESSRELEASED_1
16:15:29.362 (index):694 NODEACCESSREQUESTED_2
16:15:29.363 (index):694 NODEACCESSREQUESTED_3
16:15:29.364 (index):694 NODEACCESSREQUESTED_4
16:15:29.365 (index):694 NODEACCESSREQUESTED_7
16:15:29.369 (index):694 NODEACCESSREQUESTED_12
16:15:29.652 (index):694 NODEACCESSREQUESTED_16
16:15:29.722 (index):682 UPDATE_15
16:15:29.823 (index):664 NODEACCESSRELEASED_15
16:15:30.081 (index):694 NODEACCESSREQUESTED_6
16:15:30.272 (index):712 WAITING_17
16:15:30.303 (index):694 NODEACCESSREQUESTED_1
16:15:30.363 (index):682 UPDATE_2
16:15:30.364 (index):682 UPDATE_3
16:15:30.366 (index):682 UPDATE_4
16:15:30.366 (index):682 UPDATE_7
16:15:30.370 (index):682 UPDATE_12
16:15:30.419 (index):682 UPDATE_10
16:15:30.465 (index):664 NODEACCESSRELEASED_2
16:15:30.466 (index):674 THINKING_3
16:15:30.467 (index):664 NODEACCESSRELEASED_4
16:15:30.468 (index):664 NODEACCESSRELEASED_7
16:15:30.471 (index):664 NODEACCESSRELEASED_12
16:15:30.520 (index):664 NODEACCESSRELEASED_10
16:15:30.541 (index):682 UPDATE_13
16:15:30.603 (index):682 UPDATE_0
16:15:30.643 (index):664 NODEACCESSRELEASED_13
16:15:30.653 (index):682 UPDATE_16
16:15:30.705 (index):664 NODEACCESSRELEASED_0
16:15:30.719 (index):682 UPDATE_14
16:15:30.755 (index):664 NODEACCESSRELEASED_16
16:15:30.778 (index):682 UPDATE_5
16:15:30.820 (index):664 NODEACCESSRELEASED_14
16:15:30.825 (index):694 NODEACCESSREQUESTED_15
16:15:30.879 (index):664 NODEACCESSRELEASED_5
16:15:31.083 (index):682 UPDATE_6
16:15:31.184 (index):664 NODEACCESSRELEASED_6
16:15:31.273 (index):712 WAITING_17
16:15:31.304 (index):682 UPDATE_1
16:15:31.405 (index):674 THINKING_1
16:15:31.466 (index):694 NODEACCESSREQUESTED_2
16:15:31.468 (index):694 NODEACCESSREQUESTED_4
16:15:31.469 (index):694 NODEACCESSREQUESTED_7
16:15:31.472 (index):694 NODEACCESSREQUESTED_12
16:15:31.521 (index):694 NODEACCESSREQUESTED_10
16:15:31.645 (index):694 NODEACCESSREQUESTED_13
16:15:31.706 (index):694 NODEACCESSREQUESTED_0
16:15:31.756 (index):694 NODEACCESSREQUESTED_16
16:15:31.821 (index):694 NODEACCESSREQUESTED_14
16:15:31.826 (index):682 UPDATE_15
16:15:31.880 (index):694 NODEACCESSREQUESTED_5
16:15:31.927 (index):664 NODEACCESSRELEASED_15
16:15:32.126 (index):682 UPDATE_11
16:15:32.185 (index):694 NODEACCESSREQUESTED_6
16:15:32.228 (index):664 NODEACCESSRELEASED_11
16:15:32.274 (index):712 WAITING_17
16:15:32.468 (index):682 UPDATE_2
16:15:32.469 (index):682 UPDATE_4
16:15:32.470 (index):682 UPDATE_7
16:15:32.473 (index):682 UPDATE_12
16:15:32.523 (index):682 UPDATE_10
16:15:32.569 (index):674 THINKING_2
16:15:32.570 (index):664 NODEACCESSRELEASED_4
16:15:32.571 (index):674 THINKING_7
16:15:32.574 (index):674 THINKING_12
16:15:32.624 (index):674 THINKING_10
16:15:32.646 (index):682 UPDATE_13
16:15:32.707 (index):682 UPDATE_0
16:15:32.748 (index):664 NODEACCESSRELEASED_13
16:15:32.757 (index):682 UPDATE_16
16:15:32.808 (index):664 NODEACCESSRELEASED_0
16:15:32.823 (index):682 UPDATE_14
16:15:32.830 (index):682 UPDATE_8
16:15:32.859 (index):664 NODEACCESSRELEASED_16
16:15:32.878 (index):682 UPDATE_9
16:15:32.882 (index):682 UPDATE_5
16:15:32.924 (index):674 THINKING_14
16:15:32.928 (index):694 NODEACCESSREQUESTED_15
16:15:32.932 (index):664 NODEACCESSRELEASED_8
16:15:32.979 (index):674 THINKING_9
16:15:32.983 (index):674 THINKING_5
16:15:33.186 (index):682 UPDATE_6
16:15:33.229 (index):694 NODEACCESSREQUESTED_11
16:15:33.276 (index):712 WAITING_17
16:15:33.287 (index):664 NODEACCESSRELEASED_6
16:15:33.571 (index):694 NODEACCESSREQUESTED_4
16:15:33.750 (index):694 NODEACCESSREQUESTED_13
16:15:33.810 (index):694 NODEACCESSREQUESTED_0
16:15:33.860 (index):694 NODEACCESSREQUESTED_16
16:15:33.929 (index):682 UPDATE_15
16:15:33.933 (index):694 NODEACCESSREQUESTED_8
16:15:34.030 (index):674 THINKING_15
16:15:34.231 (index):682 UPDATE_11
16:15:34.277 (index):712 WAITING_17
16:15:34.288 (index):694 NODEACCESSREQUESTED_6
16:15:34.332 (index):664 NODEACCESSRELEASED_11
16:15:34.573 (index):682 UPDATE_4
16:15:34.583 (index):682 UPDATE_3
16:15:34.674 (index):664 NODEACCESSRELEASED_4
16:15:34.684 (index):664 NODEACCESSRELEASED_3
16:15:34.743 (index):682 UPDATE_7
16:15:34.751 (index):682 UPDATE_13
16:15:34.811 (index):682 UPDATE_0
16:15:34.844 (index):664 NODEACCESSRELEASED_7
16:15:34.852 (index):664 NODEACCESSRELEASED_13
16:15:34.861 (index):682 UPDATE_16
16:15:34.912 (index):674 THINKING_0
16:15:34.933 (index):682 UPDATE_8
16:15:34.954 (index):682 UPDATE_1
16:15:34.962 (index):674 THINKING_16
16:15:35.035 (index):674 THINKING_8
16:15:35.055 (index):674 THINKING_1
16:15:35.278 (index):712 WAITING_17
16:15:35.288 (index):682 UPDATE_2
16:15:35.290 (index):682 UPDATE_6
16:15:35.333 (index):694 NODEACCESSREQUESTED_11
16:15:35.385 (index):682 UPDATE_9
16:15:35.390 (index):664 NODEACCESSRELEASED_2
16:15:35.391 (index):664 NODEACCESSRELEASED_6
16:15:35.487 (index):664 NODEACCESSRELEASED_9
16:15:35.601 (index):682 UPDATE_10
16:15:35.675 (index):694 NODEACCESSREQUESTED_4
16:15:35.685 (index):694 NODEACCESSREQUESTED_3
16:15:35.702 (index):664 NODEACCESSRELEASED_10
16:15:35.846 (index):694 NODEACCESSREQUESTED_7
16:15:35.853 (index):694 NODEACCESSREQUESTED_13
16:15:35.925 (index):682 UPDATE_14
16:15:36.026 (index):664 NODEACCESSRELEASED_14
16:15:36.123 (index):682 UPDATE_5
16:15:36.224 (index):664 NODEACCESSRELEASED_5
16:15:36.280 (index):712 WAITING_17
16:15:36.334 (index):682 UPDATE_11
16:15:36.391 (index):694 NODEACCESSREQUESTED_2
16:15:36.392 (index):694 NODEACCESSREQUESTED_6
16:15:36.435 (index):664 NODEACCESSRELEASED_11
16:15:36.488 (index):694 NODEACCESSREQUESTED_9
16:15:36.677 (index):682 UPDATE_4
16:15:36.686 (index):682 UPDATE_3
16:15:36.703 (index):694 NODEACCESSREQUESTED_10
16:15:36.778 (index):674 THINKING_4
16:15:36.788 (index):664 NODEACCESSRELEASED_3
16:15:36.847 (index):682 UPDATE_7
16:15:36.854 (index):682 UPDATE_13
16:15:36.948 (index):674 THINKING_7
16:15:36.955 (index):664 NODEACCESSRELEASED_13
16:15:37.027 (index):694 NODEACCESSREQUESTED_14
16:15:37.225 (index):694 NODEACCESSREQUESTED_5
16:15:37.233 (index):682 UPDATE_12
16:15:37.281 (index):712 WAITING_17
16:15:37.334 (index):664 NODEACCESSRELEASED_12
16:15:37.392 (index):682 UPDATE_2
16:15:37.394 (index):682 UPDATE_6
16:15:37.436 (index):694 NODEACCESSREQUESTED_11
16:15:37.482 (index):682 UPDATE_0
16:15:37.489 (index):682 UPDATE_9
16:15:37.494 (index):664 NODEACCESSRELEASED_2
16:15:37.495 (index):664 NODEACCESSRELEASED_6
16:15:37.583 (index):674 THINKING_0
16:15:37.590 (index):664 NODEACCESSRELEASED_9
16:15:37.704 (index):682 UPDATE_10
16:15:37.789 (index):694 NODEACCESSREQUESTED_3
16:15:37.806 (index):674 THINKING_10
16:15:37.956 (index):694 NODEACCESSREQUESTED_13
16:15:38.028 (index):682 UPDATE_14
16:15:38.129 (index):664 NODEACCESSRELEASED_14
16:15:38.227 (index):682 UPDATE_5
16:15:38.283 (index):712 WAITING_17
16:15:38.328 (index):674 THINKING_5
16:15:38.335 (index):694 NODEACCESSREQUESTED_12
16:15:38.380 (index):682 UPDATE_15
16:15:38.438 (index):682 UPDATE_11
16:15:38.481 (index):674 THINKING_15
16:15:38.495 (index):694 NODEACCESSREQUESTED_2
16:15:38.496 (index):694 NODEACCESSREQUESTED_6
16:15:38.538 (index):674 THINKING_11
16:15:38.591 (index):694 NODEACCESSREQUESTED_9
16:15:38.790 (index):682 UPDATE_3
16:15:38.891 (index):664 NODEACCESSRELEASED_3
16:15:38.958 (index):682 UPDATE_13
16:15:38.989 (index):682 UPDATE_16
16:15:39.059 (index):664 NODEACCESSRELEASED_13
16:15:39.090 (index):674 THINKING_16
16:15:39.130 (index):694 NODEACCESSREQUESTED_14
16:15:39.217 (index):682 UPDATE_4
16:15:39.283 (index):712 WAITING_17
16:15:39.317 (index):664 NODEACCESSRELEASED_4
16:15:39.336 (index):682 UPDATE_12
16:15:39.437 (index):664 NODEACCESSRELEASED_12
16:15:39.448 (index):682 UPDATE_1
16:15:39.496 (index):682 UPDATE_2
16:15:39.497 (index):682 UPDATE_6
16:15:39.549 (index):664 NODEACCESSRELEASED_1
16:15:39.558 (index):682 UPDATE_8
16:15:39.592 (index):682 UPDATE_9
16:15:39.597 (index):674 THINKING_2
16:15:39.598 (index):674 THINKING_6
16:15:39.659 (index):664 NODEACCESSRELEASED_8
16:15:39.693 (index):664 NODEACCESSRELEASED_9
16:15:39.893 (index):694 NODEACCESSREQUESTED_3
16:15:40.060 (index):694 NODEACCESSREQUESTED_13
16:15:40.131 (index):682 UPDATE_14
16:15:40.232 (index):664 NODEACCESSRELEASED_14
16:15:40.284 (index):712 WAITING_17
16:15:40.318 (index):694 NODEACCESSREQUESTED_4
16:15:40.439 (index):694 NODEACCESSREQUESTED_12
16:15:40.551 (index):694 NODEACCESSREQUESTED_1
16:15:40.613 (index):682 UPDATE_15
16:15:40.660 (index):694 NODEACCESSREQUESTED_8
16:15:40.694 (index):694 NODEACCESSREQUESTED_9
16:15:40.715 (index):664 NODEACCESSRELEASED_15
16:15:40.894 (index):682 UPDATE_3
16:15:40.995 (index):664 NODEACCESSRELEASED_3
16:15:41.061 (index):682 UPDATE_13
16:15:41.162 (index):664 NODEACCESSRELEASED_13
16:15:41.233 (index):694 NODEACCESSREQUESTED_14
16:15:41.285 (index):712 WAITING_17
16:15:41.319 (index):682 UPDATE_4
16:15:41.421 (index):674 THINKING_4
16:15:41.440 (index):682 UPDATE_12
16:15:41.541 (index):664 NODEACCESSRELEASED_12
16:15:41.552 (index):682 UPDATE_1
16:15:41.586 (index):682 UPDATE_7
16:15:41.653 (index):674 THINKING_1
16:15:41.661 (index):682 UPDATE_8
16:15:41.687 (index):664 NODEACCESSRELEASED_7
16:15:41.695 (index):682 UPDATE_9
16:15:41.716 (index):694 NODEACCESSREQUESTED_15
16:15:41.718 (index):682 UPDATE_16
16:15:41.762 (index):664 NODEACCESSRELEASED_8
16:15:41.796 (index):674 THINKING_9
16:15:41.819 (index):674 THINKING_16
16:15:41.869 (index):682 UPDATE_6
16:15:41.969 (index):674 THINKING_6
16:15:41.997 (index):694 NODEACCESSREQUESTED_3
16:15:42.148 (index):682 UPDATE_2
16:15:42.163 (index):694 NODEACCESSREQUESTED_13
16:15:42.235 (index):682 UPDATE_14
16:15:42.249 (index):674 THINKING_2
16:15:42.286 (index):712 WAITING_17
16:15:42.336 (index):664 NODEACCESSRELEASED_14
16:15:42.470 (index):682 UPDATE_10
16:15:42.525 (index):682 UPDATE_0
16:15:42.542 (index):694 NODEACCESSREQUESTED_12
16:15:42.571 (index):664 NODEACCESSRELEASED_10
16:15:42.626 (index):664 NODEACCESSRELEASED_0
16:15:42.688 (index):694 NODEACCESSREQUESTED_7
16:15:42.717 (index):682 UPDATE_15
16:15:42.763 (index):694 NODEACCESSREQUESTED_8
16:15:42.816 (index):682 UPDATE_11
16:15:42.818 (index):674 THINKING_15
16:15:42.910 (index):682 UPDATE_5
16:15:42.918 (index):664 NODEACCESSRELEASED_11
16:15:42.997 (index):682 UPDATE_3
16:15:43.011 (index):674 THINKING_5
16:15:43.099 (index):664 NODEACCESSRELEASED_3
16:15:43.164 (index):682 UPDATE_13
16:15:43.265 (index):664 NODEACCESSRELEASED_13
16:15:43.287 (index):712 WAITING_17
16:15:43.337 (index):694 NODEACCESSREQUESTED_14
16:15:43.543 (index):682 UPDATE_12
16:15:43.572 (index):694 NODEACCESSREQUESTED_10
16:15:43.627 (index):694 NODEACCESSREQUESTED_0
16:15:43.645 (index):664 NODEACCESSRELEASED_12
16:15:43.689 (index):682 UPDATE_7
16:15:43.764 (index):682 UPDATE_8
16:15:43.790 (index):664 NODEACCESSRELEASED_7
16:15:43.866 (index):674 THINKING_8
16:15:43.919 (index):694 NODEACCESSREQUESTED_11
16:15:43.964 (index):682 UPDATE_1
16:15:44.066 (index):664 NODEACCESSRELEASED_1
16:15:44.100 (index):694 NODEACCESSREQUESTED_3
16:15:44.250 (index):682 UPDATE_16
16:15:44.265 (index):694 NODEACCESSREQUESTED_13
16:15:44.289 (index):712 WAITING_17
16:15:44.338 (index):682 UPDATE_14
16:15:44.351 (index):664 NODEACCESSRELEASED_16
16:15:44.439 (index):674 THINKING_14
16:15:44.477 (index):682 UPDATE_2
16:15:44.573 (index):682 UPDATE_10
16:15:44.578 (index):674 THINKING_2
16:15:44.629 (index):682 UPDATE_0
16:15:44.646 (index):694 NODEACCESSREQUESTED_12
16:15:44.674 (index):674 THINKING_10
16:15:44.730 (index):674 THINKING_0
16:15:44.791 (index):694 NODEACCESSREQUESTED_7
16:15:44.907 (index):682 UPDATE_9
16:15:44.920 (index):682 UPDATE_11
16:15:44.923 (index):682 UPDATE_6
16:15:45.008 (index):664 NODEACCESSRELEASED_9
16:15:45.021 (index):664 NODEACCESSRELEASED_11
16:15:45.024 (index):664 NODEACCESSRELEASED_6
16:15:45.053 (index):682 UPDATE_5
16:15:45.067 (index):694 NODEACCESSREQUESTED_1
16:15:45.102 (index):682 UPDATE_3
16:15:45.154 (index):664 NODEACCESSRELEASED_5
16:15:45.203 (index):674 THINKING_3
16:15:45.267 (index):682 UPDATE_13
16:15:45.290 (index):712 WAITING_17
16:15:45.352 (index):694 NODEACCESSREQUESTED_16
16:15:45.368 (index):664 NODEACCESSRELEASED_13
16:15:45.583 (index):682 UPDATE_15
16:15:45.629 (index):682 UPDATE_4
16:15:45.647 (index):682 UPDATE_12
16:15:45.684 (index):674 THINKING_15
16:15:45.731 (index):674 THINKING_4
16:15:45.748 (index):664 NODEACCESSRELEASED_12
16:15:45.792 (index):682 UPDATE_7
16:15:45.893 (index):664 NODEACCESSRELEASED_7
16:15:46.009 (index):694 NODEACCESSREQUESTED_9
16:15:46.022 (index):694 NODEACCESSREQUESTED_11
16:15:46.026 (index):694 NODEACCESSREQUESTED_6
16:15:46.067 (index):682 UPDATE_1
16:15:46.156 (index):694 NODEACCESSREQUESTED_5
16:15:46.169 (index):674 THINKING_1
16:15:46.291 (index):712 WAITING_17
16:15:46.354 (index):682 UPDATE_16
16:15:46.369 (index):694 NODEACCESSREQUESTED_13
16:15:46.455 (index):674 THINKING_16
16:15:46.669 (index):682 UPDATE_14
16:15:46.749 (index):694 NODEACCESSREQUESTED_12
16:15:46.770 (index):664 NODEACCESSRELEASED_14
16:15:46.886 (index):682 UPDATE_0
16:15:46.894 (index):694 NODEACCESSREQUESTED_7
16:15:46.987 (index):664 NODEACCESSRELEASED_0
16:15:47.011 (index):682 UPDATE_9
16:15:47.024 (index):682 UPDATE_11
16:15:47.026 (index):682 UPDATE_6
16:15:47.112 (index):664 NODEACCESSRELEASED_9
16:15:47.125 (index):664 NODEACCESSRELEASED_11
16:15:47.127 (index):664 NODEACCESSRELEASED_6
16:15:47.157 (index):682 UPDATE_5
16:15:47.163 (index):682 UPDATE_8
16:15:47.259 (index):674 THINKING_5
16:15:47.264 (index):664 NODEACCESSRELEASED_8
16:15:47.292 (index):712 WAITING_17
16:15:47.370 (index):682 UPDATE_13
16:15:47.472 (index):664 NODEACCESSRELEASED_13
16:15:47.610 (index):682 UPDATE_3
16:15:47.712 (index):664 NODEACCESSRELEASED_3
16:15:47.751 (index):682 UPDATE_12
16:15:47.771 (index):694 NODEACCESSREQUESTED_14
16:15:47.852 (index):664 NODEACCESSRELEASED_12
16:15:47.896 (index):682 UPDATE_7
16:15:47.988 (index):694 NODEACCESSREQUESTED_0
16:15:47.997 (index):664 NODEACCESSRELEASED_7
16:15:48.113 (index):694 NODEACCESSREQUESTED_9
16:15:48.126 (index):694 NODEACCESSREQUESTED_11
16:15:48.128 (index):694 NODEACCESSREQUESTED_6
16:15:48.266 (index):694 NODEACCESSREQUESTED_8
16:15:48.290 (index):682 UPDATE_15
16:15:48.294 (index):712 WAITING_17
16:15:48.391 (index):664 NODEACCESSRELEASED_15
16:15:48.460 (index):682 UPDATE_10
16:15:48.473 (index):694 NODEACCESSREQUESTED_13
16:15:48.561 (index):664 NODEACCESSRELEASED_10
16:15:48.713 (index):694 NODEACCESSREQUESTED_3
16:15:48.772 (index):682 UPDATE_14
16:15:48.852 (index):694 NODEACCESSREQUESTED_12
16:15:48.873 (index):664 NODEACCESSRELEASED_14
16:15:48.990 (index):682 UPDATE_0
16:15:48.998 (index):694 NODEACCESSREQUESTED_7
16:15:49.091 (index):664 NODEACCESSRELEASED_0
16:15:49.099 (index):682 UPDATE_1
16:15:49.115 (index):682 UPDATE_9
16:15:49.127 (index):682 UPDATE_11
16:15:49.129 (index):682 UPDATE_6
16:15:49.200 (index):674 THINKING_1
16:15:49.216 (index):674 THINKING_9
16:15:49.228 (index):674 THINKING_11
16:15:49.230 (index):664 NODEACCESSRELEASED_6
16:15:49.267 (index):682 UPDATE_8
16:15:49.295 (index):712 WAITING_17
16:15:49.368 (index):664 NODEACCESSRELEASED_8
16:15:49.393 (index):694 NODEACCESSREQUESTED_15
16:15:49.433 (index):682 UPDATE_2
16:15:49.474 (index):682 UPDATE_13
16:15:49.534 (index):664 NODEACCESSRELEASED_2
16:15:49.562 (index):694 NODEACCESSREQUESTED_10
16:15:49.576 (index):664 NODEACCESSRELEASED_13
16:15:49.690 (index):682 UPDATE_4
16:15:49.715 (index):682 UPDATE_3
16:15:49.792 (index):674 THINKING_4
16:15:49.816 (index):664 NODEACCESSRELEASED_3
16:15:49.854 (index):682 UPDATE_12
16:15:49.875 (index):694 NODEACCESSREQUESTED_14
16:15:49.955 (index):674 THINKING_12
16:15:50.000 (index):682 UPDATE_7
16:15:50.092 (index):694 NODEACCESSREQUESTED_0
16:15:50.101 (index):664 NODEACCESSRELEASED_7
16:15:50.232 (index):694 NODEACCESSREQUESTED_6
16:15:50.296 (index):712 WAITING_17
16:15:50.369 (index):694 NODEACCESSREQUESTED_8
16:15:50.394 (index):682 UPDATE_15
16:15:50.495 (index):674 THINKING_15
16:15:50.535 (index):694 NODEACCESSREQUESTED_2
16:15:50.563 (index):682 UPDATE_10
16:15:50.577 (index):694 NODEACCESSREQUESTED_13
16:15:50.664 (index):674 THINKING_10
16:15:50.817 (index):694 NODEACCESSREQUESTED_3
16:15:50.876 (index):682 UPDATE_14
16:15:50.977 (index):674 THINKING_14
16:15:51.048 (index):682 UPDATE_16
16:15:51.094 (index):682 UPDATE_0
16:15:51.102 (index):694 NODEACCESSREQUESTED_7
16:15:51.149 (index):664 NODEACCESSRELEASED_16
16:15:51.195 (index):674 THINKING_0
16:15:51.233 (index):682 UPDATE_6
16:15:51.297 (index):712 WAITING_17
16:15:51.335 (index):664 NODEACCESSRELEASED_6
16:15:51.371 (index):682 UPDATE_8
16:15:51.472 (index):664 NODEACCESSRELEASED_8
16:15:51.536 (index):682 UPDATE_2
16:15:51.578 (index):682 UPDATE_13
16:15:51.637 (index):664 NODEACCESSRELEASED_2
16:15:51.680 (index):664 NODEACCESSRELEASED_13
16:15:51.819 (index):682 UPDATE_3
16:15:51.920 (index):674 THINKING_3
16:15:52.103 (index):682 UPDATE_7
16:15:52.151 (index):694 NODEACCESSREQUESTED_16
16:15:52.193 (index):682 UPDATE_5
16:15:52.205 (index):674 THINKING_7
16:15:52.295 (index):664 NODEACCESSRELEASED_5
16:15:52.298 (index):712 WAITING_17
16:15:52.336 (index):694 NODEACCESSREQUESTED_6
16:15:52.473 (index):694 NODEACCESSREQUESTED_8
16:15:52.558 (index):682 UPDATE_4
16:15:52.613 (index):682 UPDATE_11
16:15:52.639 (index):694 NODEACCESSREQUESTED_2
16:15:52.659 (index):664 NODEACCESSRELEASED_4
16:15:52.681 (index):694 NODEACCESSREQUESTED_13
16:15:52.714 (index):664 NODEACCESSRELEASED_11
16:15:52.839 (index):682 UPDATE_9
16:15:52.940 (index):664 NODEACCESSRELEASED_9
16:15:53.152 (index):682 UPDATE_16
16:15:53.253 (index):674 THINKING_16
16:15:53.295 (index):694 NODEACCESSREQUESTED_5
16:15:53.300 (index):712 WAITING_17
16:15:53.331 (index):682 UPDATE_12
16:15:53.337 (index):682 UPDATE_6
16:15:53.431 (index):664 NODEACCESSRELEASED_12
16:15:53.438 (index):664 NODEACCESSRELEASED_6
16:15:53.474 (index):682 UPDATE_8
16:15:53.576 (index):664 NODEACCESSRELEASED_8
16:15:53.640 (index):682 UPDATE_2
16:15:53.661 (index):694 NODEACCESSREQUESTED_4
16:15:53.682 (index):682 UPDATE_13
16:15:53.715 (index):694 NODEACCESSREQUESTED_11
16:15:53.741 (index):664 NODEACCESSRELEASED_2
16:15:53.783 (index):664 NODEACCESSRELEASED_13
16:15:53.810 (index):682 UPDATE_1
16:15:53.911 (index):674 THINKING_1
16:15:53.941 (index):694 NODEACCESSREQUESTED_9
16:15:54.177 (index):682 UPDATE_14
16:15:54.259 (index):682 UPDATE_3
16:15:54.278 (index):674 THINKING_14
16:15:54.296 (index):682 UPDATE_5
16:15:54.300 (index):712 WAITING_17
16:15:54.360 (index):664 NODEACCESSRELEASED_3
16:15:54.398 (index):664 NODEACCESSRELEASED_5
16:15:54.432 (index):694 NODEACCESSREQUESTED_12
16:15:54.438 (index):694 NODEACCESSREQUESTED_6
16:15:54.577 (index):694 NODEACCESSREQUESTED_8
16:15:54.662 (index):682 UPDATE_4
16:15:54.717 (index):682 UPDATE_11
16:15:54.742 (index):694 NODEACCESSREQUESTED_2
16:15:54.764 (index):664 NODEACCESSRELEASED_4
16:15:54.783 (index):682 UPDATE_15
16:15:54.785 (index):694 NODEACCESSREQUESTED_13
16:15:54.818 (index):664 NODEACCESSRELEASED_11
16:15:54.883 (index):664 NODEACCESSRELEASED_15
16:15:54.942 (index):682 UPDATE_9
16:15:55.043 (index):664 NODEACCESSRELEASED_9
16:15:55.190 (index):682 UPDATE_0
16:15:55.291 (index):664 NODEACCESSRELEASED_0
16:15:55.301 (index):712 WAITING_17
16:15:55.361 (index):694 NODEACCESSREQUESTED_3
16:15:55.399 (index):694 NODEACCESSREQUESTED_5
16:15:55.433 (index):682 UPDATE_12
16:15:55.439 (index):682 UPDATE_6
16:15:55.534 (index):664 NODEACCESSRELEASED_12
16:15:55.540 (index):723 END_6
16:15:55.550 (index):682 UPDATE_10
16:15:55.578 (index):682 UPDATE_8
16:15:55.640 (index):682 UPDATE_7
16:15:55.651 (index):664 NODEACCESSRELEASED_10
16:15:55.679 (index):664 NODEACCESSRELEASED_8
16:15:55.741 (index):664 NODEACCESSRELEASED_7
16:15:55.743 (index):682 UPDATE_2
16:15:55.764 (index):694 NODEACCESSREQUESTED_4
16:15:55.786 (index):682 UPDATE_13
16:15:55.819 (index):694 NODEACCESSREQUESTED_11
16:15:55.844 (index):664 NODEACCESSRELEASED_2
16:15:55.885 (index):694 NODEACCESSREQUESTED_15
16:15:55.887 (index):723 END_13
16:15:55.986 (index):682 UPDATE_16
16:15:56.045 (index):694 NODEACCESSREQUESTED_9
16:15:56.088 (index):664 NODEACCESSRELEASED_16
16:15:56.293 (index):694 NODEACCESSREQUESTED_0
16:15:56.302 (index):712 WAITING_17
16:15:56.363 (index):682 UPDATE_3
16:15:56.399 (index):682 UPDATE_5
16:15:56.463 (index):723 END_3
16:15:56.501 (index):664 NODEACCESSRELEASED_5
16:15:56.536 (index):694 NODEACCESSREQUESTED_12
16:15:56.652 (index):694 NODEACCESSREQUESTED_10
16:15:56.681 (index):694 NODEACCESSREQUESTED_8
16:15:56.743 (index):694 NODEACCESSREQUESTED_7
16:15:56.766 (index):682 UPDATE_4
16:15:56.820 (index):682 UPDATE_11
16:15:56.846 (index):694 NODEACCESSREQUESTED_2
16:15:56.867 (index):674 THINKING_4
16:15:56.886 (index):682 UPDATE_15
16:15:56.922 (index):674 THINKING_11
16:15:56.987 (index):674 THINKING_15
16:15:57.046 (index):682 UPDATE_9
16:15:57.089 (index):694 NODEACCESSREQUESTED_16
16:15:57.147 (index):664 NODEACCESSRELEASED_9
16:15:57.294 (index):682 UPDATE_0
16:15:57.304 (index):712 WAITING_17
16:15:57.395 (index):664 NODEACCESSRELEASED_0
16:15:57.502 (index):694 NODEACCESSREQUESTED_5
16:15:57.536 (index):682 UPDATE_12
16:15:57.638 (index):723 END_12
16:15:57.653 (index):682 UPDATE_10
16:15:57.682 (index):682 UPDATE_8
16:15:57.744 (index):682 UPDATE_7
16:15:57.754 (index):664 NODEACCESSRELEASED_10
16:15:57.783 (index):664 NODEACCESSRELEASED_8
16:15:57.845 (index):723 END_7
16:15:57.847 (index):682 UPDATE_2
16:15:57.948 (index):723 END_2
16:15:58.090 (index):682 UPDATE_16
16:15:58.104 (index):682 UPDATE_1
16:15:58.148 (index):694 NODEACCESSREQUESTED_9
16:15:58.191 (index):664 NODEACCESSRELEASED_16
16:15:58.205 (index):664 NODEACCESSRELEASED_1
16:15:58.305 (index):712 WAITING_17
16:15:58.352 (index):682 UPDATE_14
16:15:58.396 (index):694 NODEACCESSREQUESTED_0
16:15:58.452 (index):664 NODEACCESSRELEASED_14
16:15:58.503 (index):682 UPDATE_5
16:15:58.604 (index):664 NODEACCESSRELEASED_5
16:15:58.755 (index):694 NODEACCESSREQUESTED_10
16:15:58.784 (index):694 NODEACCESSREQUESTED_8
16:15:59.150 (index):682 UPDATE_9
16:15:59.193 (index):694 NODEACCESSREQUESTED_16
16:15:59.205 (index):694 NODEACCESSREQUESTED_1
16:15:59.251 (index):723 END_9
16:15:59.306 (index):712 WAITING_17
16:15:59.397 (index):682 UPDATE_0
16:15:59.453 (index):694 NODEACCESSREQUESTED_14
16:15:59.499 (index):664 NODEACCESSRELEASED_0
16:15:59.605 (index):694 NODEACCESSREQUESTED_5
16:15:59.756 (index):682 UPDATE_10
16:15:59.785 (index):682 UPDATE_8
16:15:59.858 (index):664 NODEACCESSRELEASED_10
16:15:59.887 (index):723 END_8
16:16:00.086 (index):682 UPDATE_11
16:16:00.187 (index):723 END_11
16:16:00.195 (index):682 UPDATE_16
16:16:00.207 (index):682 UPDATE_1
16:16:00.296 (index):723 END_16
16:16:00.307 (index):712 WAITING_17
16:16:00.308 (index):674 THINKING_1
16:16:00.455 (index):682 UPDATE_14
16:16:00.499 (index):694 NODEACCESSREQUESTED_0
16:16:00.556 (index):723 END_14
16:16:00.607 (index):682 UPDATE_5
16:16:00.708 (index):723 END_5
16:16:00.777 (index):682 UPDATE_15
16:16:00.859 (index):694 NODEACCESSREQUESTED_10
16:16:00.878 (index):664 NODEACCESSRELEASED_15
16:16:01.257 (index):682 UPDATE_4
16:16:01.308 (index):712 WAITING_17
16:16:01.358 (index):723 END_4
16:16:01.501 (index):682 UPDATE_0
16:16:01.602 (index):723 END_0
16:16:01.860 (index):682 UPDATE_10
16:16:01.880 (index):694 NODEACCESSREQUESTED_15
16:16:01.961 (index):723 END_10
16:16:02.309 (index):712 WAITING_17
16:16:02.486 (index):682 UPDATE_1
16:16:02.587 (index):664 NODEACCESSRELEASED_1
16:16:02.881 (index):682 UPDATE_15
16:16:02.983 (index):723 END_15
16:16:03.310 (index):664 NODEACCESSRELEASED_17
16:16:03.588 (index):694 NODEACCESSREQUESTED_1
16:16:04.312 (index):694 NODEACCESSREQUESTED_17
16:16:04.590 (index):682 UPDATE_1
16:16:04.691 (index):723 END_1
16:16:05.313 (index):682 UPDATE_17
16:16:05.414 (index):664 NODEACCESSRELEASED_17
16:16:06.416 (index):694 NODEACCESSREQUESTED_17
16:16:07.418 (index):682 UPDATE_17
16:16:07.519 (index):664 NODEACCESSRELEASED_17
16:16:08.520 (index):694 NODEACCESSREQUESTED_17
16:16:09.521 (index):682 UPDATE_17
16:16:09.623 (index):664 NODEACCESSRELEASED_17
16:16:10.624 (index):694 NODEACCESSREQUESTED_17
16:16:11.625 (index):682 UPDATE_17
16:16:11.727 (index):664 NODEACCESSRELEASED_17
16:16:12.728 (index):694 NODEACCESSREQUESTED_17
16:16:13.730 (index):682 UPDATE_17
16:16:13.831 (index):674 THINKING_17
16:16:17.180 (index):682 UPDATE_17
16:16:17.281 (index):664 NODEACCESSRELEASED_17
16:16:18.282 (index):694 NODEACCESSREQUESTED_17
16:16:19.284 (index):682 UPDATE_17
16:16:19.385 (index):664 NODEACCESSRELEASED_17
16:16:20.386 (index):694 NODEACCESSREQUESTED_17
16:16:21.387 (index):682 UPDATE_17
16:16:21.489 (index):664 NODEACCESSRELEASED_17
16:16:22.490 (index):694 NODEACCESSREQUESTED_17
16:16:23.491 (index):682 UPDATE_17
16:16:23.592 (index):674 THINKING_17
16:16:27.297 (index):682 UPDATE_17
16:16:27.399 (index):664 NODEACCESSRELEASED_17
16:16:28.400 (index):694 NODEACCESSREQUESTED_17
16:16:29.401 (index):682 UPDATE_17
16:16:29.503 (index):674 THINKING_17
16:16:32.608 (index):682 UPDATE_17
16:16:32.709 (index):674 THINKING_17
16:16:35.404 (index):682 UPDATE_17
16:16:35.506 (index):723 END_17
