11:42:56.845 (index):1255 Tasks: 25; Collaborators: 8    =========================>
11:42:56.847 (index):1068 ATTRIBUTEACCESSREQUESTED_0
11:42:56.849 (index):1074 NODEACCESSREQUESTED_1
11:42:56.851 (index):1074 NODEACCESSREQUESTED_2
11:42:56.853 (index):1068 ATTRIBUTEACCESSREQUESTED_3
11:42:56.854 (index):1068 ATTRIBUTEACCESSREQUESTED_4
11:42:56.855 (index):1074 NODEACCESSREQUESTED_5
11:42:56.857 (index):1074 NODEACCESSREQUESTED_6
11:42:56.858 (index):1068 ATTRIBUTEACCESSREQUESTED_7
11:42:58.854 (index):1029 THINKING_0
11:42:58.857 (index):1029 THINKING_1
11:42:58.859 (index):1013 NODEACCESSRELEASED_2
11:42:58.860 (index):1017 ATTRIBUTEACCESSRELEASED_3
11:42:58.861 (index):1017 ATTRIBUTEACCESSRELEASED_4
11:42:58.862 (index):1013 NODEACCESSRELEASED_5
11:42:58.863 (index):1029 THINKING_6
11:42:58.864 (index):1097 WAITING_7
11:43:00.840 (index):1074 NODEACCESSREQUESTED_2
11:43:00.841 (index):1068 ATTRIBUTEACCESSREQUESTED_3
11:43:00.843 (index):1068 ATTRIBUTEACCESSREQUESTED_4
11:43:00.844 (index):1074 NODEACCESSREQUESTED_5
11:43:00.846 (index):1097 WAITING_7
11:43:01.839 (index):1038 UPDATE_6
11:43:01.841 (index):1038 UPDATE_1
11:43:02.846 (index):1038 UPDATE_2
11:43:02.849 (index):1041 UPDATE_3
11:43:02.852 (index):1041 UPDATE_4
11:43:02.854 (index):1038 UPDATE_5
11:43:02.855 (index):1097 WAITING_7
11:43:02.857 (index):1013 NODEACCESSRELEASED_6
11:43:02.858 (index):1013 NODEACCESSRELEASED_1
11:43:03.849 (index):1013 NODEACCESSRELEASED_2
11:43:03.851 (index):1017 ATTRIBUTEACCESSRELEASED_3
11:43:03.852 (index):1017 ATTRIBUTEACCESSRELEASED_4
11:43:03.853 (index):1029 THINKING_5
11:43:03.855 (index):1041 UPDATE_0
11:43:04.850 (index):1097 WAITING_7
11:43:04.852 (index):1068 ATTRIBUTEACCESSREQUESTED_6
11:43:04.853 (index):1074 NODEACCESSREQUESTED_1
11:43:04.854 (index):1017 ATTRIBUTEACCESSRELEASED_0
11:43:05.841 (index):1074 NODEACCESSREQUESTED_2
11:43:05.842 (index):1074 NODEACCESSREQUESTED_3
11:43:05.843 (index):1074 NODEACCESSREQUESTED_4
11:43:06.845 (index):1017 ATTRIBUTEACCESSRELEASED_7
11:43:06.847 (index):1041 UPDATE_6
11:43:06.848 (index):1038 UPDATE_1
11:43:06.849 (index):1068 ATTRIBUTEACCESSREQUESTED_0
11:43:06.851 (index):1038 UPDATE_5
11:43:06.853 (index):1038 UPDATE_2
11:43:06.854 (index):1038 UPDATE_3
11:43:06.855 (index):1038 UPDATE_4
11:43:07.846 (index):1017 ATTRIBUTEACCESSRELEASED_6
11:43:07.848 (index):1029 THINKING_1
11:43:07.849 (index):1013 NODEACCESSRELEASED_5
11:43:07.850 (index):1013 NODEACCESSRELEASED_2
11:43:07.852 (index):1029 THINKING_3
11:43:07.853 (index):1013 NODEACCESSRELEASED_4
11:43:08.849 (index):1068 ATTRIBUTEACCESSREQUESTED_7
11:43:08.850 (index):1041 UPDATE_0
11:43:08.851 (index):1074 NODEACCESSREQUESTED_6
11:43:09.850 (index):1074 NODEACCESSREQUESTED_5
11:43:09.852 (index):1068 ATTRIBUTEACCESSREQUESTED_2
11:43:09.853 (index):1068 ATTRIBUTEACCESSREQUESTED_4
11:43:09.855 (index):1017 ATTRIBUTEACCESSRELEASED_0
11:43:09.856 (index):1041 UPDATE_7
11:43:10.849 (index):1038 UPDATE_6
11:43:10.850 (index):1017 ATTRIBUTEACCESSRELEASED_7
11:43:11.854 (index):1038 UPDATE_5
11:43:11.856 (index):1041 UPDATE_2
11:43:11.857 (index):1097 WAITING_4
11:43:11.859 (index):1074 NODEACCESSREQUESTED_0
11:43:11.860 (index):1013 NODEACCESSRELEASED_6
11:43:11.861 (index):1038 UPDATE_1
11:43:11.862 (index):1074 NODEACCESSREQUESTED_7
11:43:12.855 (index):1029 THINKING_5
11:43:12.857 (index):1029 THINKING_2
11:43:12.858 (index):1029 THINKING_1
11:43:12.859 (index):1038 UPDATE_3
11:43:13.839 (index):1097 WAITING_4
11:43:13.841 (index):1038 UPDATE_0
11:43:13.842 (index):1074 NODEACCESSREQUESTED_6
11:43:13.844 (index):1038 UPDATE_7
11:43:13.845 (index):1013 NODEACCESSRELEASED_3
11:43:14.855 (index):1029 THINKING_0
11:43:14.858 (index):1013 NODEACCESSRELEASED_7
11:43:14.859 (index):1097 WAITING_4
11:43:14.860 (index):1038 UPDATE_6
11:43:14.861 (index):1068 ATTRIBUTEACCESSREQUESTED_3
11:43:15.855 (index):1013 NODEACCESSRELEASED_6
11:43:15.859 (index):1041 UPDATE_2
11:43:16.844 (index):1074 NODEACCESSREQUESTED_7
11:43:16.848 (index):1097 WAITING_4
11:43:16.849 (index):1041 UPDATE_3
11:43:16.851 (index):1017 ATTRIBUTEACCESSRELEASED_2
11:43:16.852 (index):1038 UPDATE_5
11:43:17.845 (index):1074 NODEACCESSREQUESTED_6
11:43:17.848 (index):1017 ATTRIBUTEACCESSRELEASED_3
11:43:17.851 (index):1013 NODEACCESSRELEASED_5
11:43:17.854 (index):1038 UPDATE_1
11:43:17.856 (index):1038 UPDATE_0
11:43:18.848 (index):1038 UPDATE_7
11:43:18.852 (index):1041 UPDATE_4
11:43:18.854 (index):1068 ATTRIBUTEACCESSREQUESTED_2
11:43:18.855 (index):1013 NODEACCESSRELEASED_1
11:43:18.857 (index):1029 THINKING_0
11:43:18.858 (index):1038 UPDATE_6
11:43:19.841 (index):1074 NODEACCESSREQUESTED_3
11:43:19.842 (index):1068 ATTRIBUTEACCESSREQUESTED_5
11:43:19.844 (index):1029 THINKING_7
11:43:19.845 (index):1017 ATTRIBUTEACCESSRELEASED_4
11:43:19.846 (index):1013 NODEACCESSRELEASED_6
11:43:20.852 (index):1041 UPDATE_2
11:43:20.854 (index):1074 NODEACCESSREQUESTED_1
11:43:20.857 (index):1038 UPDATE_3
11:43:20.859 (index):1041 UPDATE_5
11:43:20.860 (index):1074 NODEACCESSREQUESTED_4
11:43:20.861 (index):1068 ATTRIBUTEACCESSREQUESTED_6
11:43:21.842 (index):1017 ATTRIBUTEACCESSRELEASED_2
11:43:21.844 (index):1013 NODEACCESSRELEASED_3
11:43:21.846 (index):1029 THINKING_5
11:43:22.843 (index):1038 UPDATE_1
11:43:22.845 (index):1038 UPDATE_4
11:43:22.846 (index):1097 WAITING_6
11:43:22.848 (index):1038 UPDATE_7
11:43:23.844 (index):1074 NODEACCESSREQUESTED_2
11:43:23.848 (index):1074 NODEACCESSREQUESTED_3
11:43:23.850 (index):1029 THINKING_1
11:43:23.851 (index):1013 NODEACCESSRELEASED_4
11:43:23.852 (index):1013 NODEACCESSRELEASED_7
11:43:23.853 (index):1038 UPDATE_0
11:43:24.849 (index):1097 WAITING_6
11:43:24.852 (index):1013 NODEACCESSRELEASED_0
11:43:24.854 (index):1038 UPDATE_2
11:43:25.860 (index):1038 UPDATE_3
11:43:25.863 (index):1068 ATTRIBUTEACCESSREQUESTED_4
11:43:25.865 (index):1068 ATTRIBUTEACCESSREQUESTED_7
11:43:25.866 (index):1029 THINKING_2
11:43:25.867 (index):1097 WAITING_6
11:43:25.868 (index):1074 NODEACCESSREQUESTED_0
11:43:26.861 (index):1013 NODEACCESSRELEASED_3
11:43:26.866 (index):1038 UPDATE_1
11:43:26.867 (index):1041 UPDATE_5
11:43:27.842 (index):1041 UPDATE_4
11:43:27.845 (index):1041 UPDATE_7
11:43:27.847 (index):1097 WAITING_6
11:43:27.848 (index):1038 UPDATE_0
11:43:27.849 (index):1013 NODEACCESSRELEASED_1
11:43:27.850 (index):1029 THINKING_5
11:43:28.844 (index):1074 NODEACCESSREQUESTED_3
11:43:28.848 (index):1029 THINKING_4
11:43:28.849 (index):1029 THINKING_7
11:43:28.850 (index):1029 THINKING_0
11:43:28.851 (index):1038 UPDATE_2
11:43:29.849 (index):1097 WAITING_6
11:43:29.852 (index):1074 NODEACCESSREQUESTED_1
11:43:29.854 (index):1029 THINKING_2
11:43:29.856 (index):1038 UPDATE_3
11:43:30.849 (index):1041 UPDATE_5
11:43:30.851 (index):1013 NODEACCESSRELEASED_3
11:43:31.850 (index):1097 WAITING_6
11:43:31.854 (index):1038 UPDATE_1
11:43:31.856 (index):1017 ATTRIBUTEACCESSRELEASED_5
11:43:31.857 (index):1038 UPDATE_0
11:43:31.858 (index):1041 UPDATE_4
11:43:32.851 (index):1074 NODEACCESSREQUESTED_3
11:43:32.854 (index):1029 THINKING_1
11:43:32.856 (index):1013 NODEACCESSRELEASED_0
11:43:32.857 (index):1017 ATTRIBUTEACCESSRELEASED_4
11:43:32.859 (index):1038 UPDATE_2
11:43:33.852 (index):1041 UPDATE_6
11:43:33.854 (index):1074 NODEACCESSREQUESTED_5
11:43:33.855 (index):1029 THINKING_2
11:43:33.857 (index):1041 UPDATE_7
11:43:34.853 (index):1038 UPDATE_3
11:43:34.856 (index):1074 NODEACCESSREQUESTED_0
11:43:34.859 (index):1068 ATTRIBUTEACCESSREQUESTED_4
11:43:34.862 (index):1029 THINKING_6
11:43:34.865 (index):1017 ATTRIBUTEACCESSRELEASED_7
11:43:35.839 (index):1038 UPDATE_5
11:43:35.843 (index):1029 THINKING_3
11:43:35.844 (index):1038 UPDATE_1
11:43:36.840 (index):1038 UPDATE_0
11:43:36.843 (index):1097 WAITING_4
11:43:36.844 (index):1074 NODEACCESSREQUESTED_7
11:43:36.845 (index):1029 THINKING_5
11:43:36.846 (index):1029 THINKING_1
11:43:37.851 (index):1013 NODEACCESSRELEASED_0
11:43:37.854 (index):1041 UPDATE_6
11:43:37.856 (index):1097 WAITING_4
11:43:37.857 (index):1038 UPDATE_7
11:43:38.852 (index):1029 THINKING_6
11:43:38.857 (index):1013 NODEACCESSRELEASED_7
11:43:38.859 (index):1038 UPDATE_3
11:43:38.860 (index):1038 UPDATE_2
11:43:39.840 (index):1074 NODEACCESSREQUESTED_0
11:43:39.842 (index):1097 WAITING_4
11:43:39.844 (index):1013 NODEACCESSRELEASED_3
11:43:39.845 (index):1013 NODEACCESSRELEASED_2
11:43:40.842 (index):1074 NODEACCESSREQUESTED_7
11:43:41.840 (index):1038 UPDATE_0
11:43:41.844 (index):1097 WAITING_4
11:43:41.846 (index):1068 ATTRIBUTEACCESSREQUESTED_3
11:43:41.847 (index):1074 NODEACCESSREQUESTED_2
11:43:41.848 (index):1038 UPDATE_1
11:43:41.849 (index):1038 UPDATE_5
11:43:41.850 (index):1041 UPDATE_6
11:43:42.855 (index):1038 UPDATE_7
11:43:42.859 (index):1029 THINKING_0
11:43:42.860 (index):1029 THINKING_1
11:43:42.862 (index):1013 NODEACCESSRELEASED_5
11:43:42.863 (index):1017 ATTRIBUTEACCESSRELEASED_6
11:43:42.864 (index):1041 UPDATE_4
11:43:42.866 (index):1041 UPDATE_3
11:43:42.867 (index):1038 UPDATE_2
11:43:43.854 (index):1013 NODEACCESSRELEASED_7
11:43:43.858 (index):1029 THINKING_4
11:43:43.859 (index):1017 ATTRIBUTEACCESSRELEASED_3
11:43:43.861 (index):1013 NODEACCESSRELEASED_2
11:43:44.844 (index):1074 NODEACCESSREQUESTED_5
11:43:44.848 (index):1074 NODEACCESSREQUESTED_6
11:43:45.846 (index):1068 ATTRIBUTEACCESSREQUESTED_7
11:43:45.850 (index):1068 ATTRIBUTEACCESSREQUESTED_3
11:43:45.851 (index):1074 NODEACCESSREQUESTED_2
11:43:46.847 (index):1038 UPDATE_5
11:43:46.851 (index):1038 UPDATE_6
11:43:47.848 (index):1041 UPDATE_7
11:43:47.850 (index):1097 WAITING_3
11:43:47.852 (index):1038 UPDATE_2
11:43:47.854 (index):1038 UPDATE_0
11:43:47.855 (index):1013 NODEACCESSRELEASED_5
11:43:47.858 (index):1013 NODEACCESSRELEASED_6
11:43:47.859 (index):1038 UPDATE_1
11:43:48.853 (index):1017 ATTRIBUTEACCESSRELEASED_7
11:43:48.857 (index):1013 NODEACCESSRELEASED_2
11:43:48.859 (index):1013 NODEACCESSRELEASED_0
11:43:48.860 (index):1013 NODEACCESSRELEASED_1
11:43:48.862 (index):1041 UPDATE_4
11:43:48.863 (index):1041 UPDATE_3
11:43:49.845 (index):1074 NODEACCESSREQUESTED_5
11:43:49.848 (index):1074 NODEACCESSREQUESTED_6
11:43:49.849 (index):1029 THINKING_4
11:43:49.852 (index):1029 THINKING_3
11:43:50.849 (index):1074 NODEACCESSREQUESTED_7
11:43:50.851 (index):1074 NODEACCESSREQUESTED_2
11:43:50.853 (index):1068 ATTRIBUTEACCESSREQUESTED_0
11:43:50.855 (index):1074 NODEACCESSREQUESTED_1
11:43:50.856 (index):1038 UPDATE_5
11:43:51.849 (index):1038 UPDATE_6
11:43:51.851 (index):1013 NODEACCESSRELEASED_5
11:43:52.853 (index):1038 UPDATE_7
11:43:52.856 (index):1038 UPDATE_2
11:43:52.858 (index):1097 WAITING_0
11:43:52.860 (index):1038 UPDATE_1
11:43:52.861 (index):1013 NODEACCESSRELEASED_6
11:43:52.862 (index):1041 UPDATE_3
11:43:53.839 (index):1074 NODEACCESSREQUESTED_5
11:43:53.841 (index):1013 NODEACCESSRELEASED_7
11:43:53.843 (index):1013 NODEACCESSRELEASED_2
11:43:53.844 (index):1029 THINKING_1
11:43:53.846 (index):1017 ATTRIBUTEACCESSRELEASED_3
11:43:53.847 (index):1041 UPDATE_4
11:43:54.839 (index):1097 WAITING_0
11:43:54.841 (index):1068 ATTRIBUTEACCESSREQUESTED_6
11:43:54.842 (index):1029 THINKING_4
11:43:55.841 (index):1038 UPDATE_5
11:43:55.845 (index):1068 ATTRIBUTEACCESSREQUESTED_7
11:43:55.846 (index):1074 NODEACCESSREQUESTED_2
11:43:55.848 (index):1074 NODEACCESSREQUESTED_3
11:43:55.849 (index):1097 WAITING_0
11:43:56.842 (index):1041 UPDATE_6
11:43:56.846 (index):1013 NODEACCESSRELEASED_5
11:43:56.847 (index):1038 UPDATE_1
11:43:57.845 (index):1041 UPDATE_7
11:43:57.848 (index):1038 UPDATE_2
11:43:57.851 (index):1038 UPDATE_3
11:43:57.852 (index):1097 WAITING_0
11:43:57.853 (index):1017 ATTRIBUTEACCESSRELEASED_6
11:43:57.854 (index):1013 NODEACCESSRELEASED_1
11:43:57.855 (index):1041 UPDATE_4
11:43:58.848 (index):1074 NODEACCESSREQUESTED_5
11:43:58.851 (index):1029 THINKING_7
11:43:58.852 (index):1108 END_2
11:43:58.853 (index):1108 END_3
11:43:58.854 (index):1017 ATTRIBUTEACCESSRELEASED_4
11:43:59.849 (index):1041 UPDATE_0
11:43:59.853 (index):1074 NODEACCESSREQUESTED_6
11:43:59.854 (index):1074 NODEACCESSREQUESTED_1
11:44:00.850 (index):1038 UPDATE_5
11:44:00.855 (index):1074 NODEACCESSREQUESTED_4
11:44:00.857 (index):1017 ATTRIBUTEACCESSRELEASED_0
11:44:01.851 (index):1038 UPDATE_6
11:44:01.855 (index):1038 UPDATE_1
11:44:01.856 (index):1108 END_5
11:44:02.853 (index):1038 UPDATE_4
11:44:02.857 (index):1074 NODEACCESSREQUESTED_0
11:44:02.859 (index):1013 NODEACCESSRELEASED_6
11:44:02.861 (index):1108 END_1
11:44:02.863 (index):1041 UPDATE_7
11:44:03.855 (index):1013 NODEACCESSRELEASED_4
11:44:03.858 (index):1017 ATTRIBUTEACCESSRELEASED_7
11:44:04.861 (index):1038 UPDATE_0
11:44:04.864 (index):1074 NODEACCESSREQUESTED_6
11:44:04.865 (index):1074 NODEACCESSREQUESTED_4
11:44:04.866 (index):1074 NODEACCESSREQUESTED_7
11:44:05.839 (index):1013 NODEACCESSRELEASED_0
11:44:06.840 (index):1038 UPDATE_6
11:44:06.845 (index):1038 UPDATE_4
11:44:06.847 (index):1038 UPDATE_7
11:44:07.845 (index):1074 NODEACCESSREQUESTED_0
11:44:07.846 (index):1108 END_6
11:44:07.848 (index):1029 THINKING_4
11:44:07.849 (index):1108 END_7
11:44:09.847 (index):1038 UPDATE_0
11:44:10.848 (index):1108 END_0
11:44:12.851 (index):1038 UPDATE_4
11:44:13.852 (index):1108 END_4
