11:41:45.850 (index):1238 Tasks: 25; Collaborators: 7    =========================>
11:41:45.852 (index):1068 ATTRIBUTEACCESSREQUESTED_0
11:41:45.853 (index):1074 NODEACCESSREQUESTED_1
11:41:45.855 (index):1074 NODEACCESSREQUESTED_2
11:41:45.856 (index):1068 ATTRIBUTEACCESSREQUESTED_3
11:41:45.858 (index):1068 ATTRIBUTEACCESSREQUESTED_4
11:41:45.859 (index):1074 NODEACCESSREQUESTED_5
11:41:45.860 (index):1074 NODEACCESSREQUESTED_6
11:41:47.839 (index):1029 THINKING_0
11:41:47.841 (index):1029 THINKING_1
11:41:47.841 (index):1013 NODEACCESSRELEASED_2
11:41:47.842 (index):1017 ATTRIBUTEACCESSRELEASED_3
11:41:47.843 (index):1097 WAITING_4
11:41:47.844 (index):1013 NODEACCESSRELEASED_5
11:41:47.845 (index):1029 THINKING_6
11:41:48.844 (index):1074 NODEACCESSREQUESTED_2
11:41:48.846 (index):1068 ATTRIBUTEACCESSREQUESTED_3
11:41:49.844 (index):1097 WAITING_4
11:41:49.845 (index):1074 NODEACCESSREQUESTED_5
11:41:50.845 (index):1038 UPDATE_2
11:41:50.847 (index):1041 UPDATE_3
11:41:50.848 (index):1038 UPDATE_6
11:41:50.850 (index):1038 UPDATE_1
11:41:50.851 (index):1097 WAITING_4
11:41:51.846 (index):1038 UPDATE_5
11:41:51.847 (index):1013 NODEACCESSRELEASED_2
11:41:51.849 (index):1017 ATTRIBUTEACCESSRELEASED_3
11:41:51.850 (index):1013 NODEACCESSRELEASED_6
11:41:51.851 (index):1013 NODEACCESSRELEASED_1
11:41:52.847 (index):1097 WAITING_4
11:41:52.848 (index):1029 THINKING_5
11:41:52.850 (index):1041 UPDATE_0
11:41:53.848 (index):1074 NODEACCESSREQUESTED_2
11:41:53.852 (index):1074 NODEACCESSREQUESTED_3
11:41:53.853 (index):1068 ATTRIBUTEACCESSREQUESTED_6
11:41:53.854 (index):1074 NODEACCESSREQUESTED_1
11:41:53.855 (index):1017 ATTRIBUTEACCESSRELEASED_0
11:41:54.849 (index):1017 ATTRIBUTEACCESSRELEASED_4
11:41:55.849 (index):1038 UPDATE_2
11:41:55.850 (index):1038 UPDATE_3
11:41:55.851 (index):1041 UPDATE_6
11:41:55.853 (index):1038 UPDATE_1
11:41:55.854 (index):1068 ATTRIBUTEACCESSREQUESTED_0
11:41:55.855 (index):1038 UPDATE_5
11:41:56.850 (index):1068 ATTRIBUTEACCESSREQUESTED_4
11:41:56.854 (index):1013 NODEACCESSRELEASED_2
11:41:56.856 (index):1029 THINKING_3
11:41:56.857 (index):1017 ATTRIBUTEACCESSRELEASED_6
11:41:56.859 (index):1029 THINKING_1
11:41:56.860 (index):1013 NODEACCESSRELEASED_5
11:41:57.852 (index):1041 UPDATE_0
11:41:58.852 (index):1041 UPDATE_4
11:41:58.854 (index):1068 ATTRIBUTEACCESSREQUESTED_2
11:41:58.855 (index):1074 NODEACCESSREQUESTED_6
11:41:58.856 (index):1074 NODEACCESSREQUESTED_5
11:41:58.858 (index):1017 ATTRIBUTEACCESSRELEASED_0
11:41:59.852 (index):1017 ATTRIBUTEACCESSRELEASED_4
11:42:00.854 (index):1041 UPDATE_2
11:42:00.859 (index):1038 UPDATE_6
11:42:00.865 (index):1038 UPDATE_5
11:42:00.871 (index):1074 NODEACCESSREQUESTED_0
11:42:00.875 (index):1038 UPDATE_1
11:42:01.854 (index):1074 NODEACCESSREQUESTED_4
11:42:01.855 (index):1029 THINKING_2
11:42:01.856 (index):1013 NODEACCESSRELEASED_6
11:42:01.858 (index):1029 THINKING_5
11:42:01.859 (index):1038 UPDATE_3
11:42:01.860 (index):1029 THINKING_1
11:42:02.858 (index):1038 UPDATE_0
11:42:02.859 (index):1013 NODEACCESSRELEASED_3
11:42:02.861 (index):1038 UPDATE_4
11:42:02.862 (index):1074 NODEACCESSREQUESTED_6
11:42:03.856 (index):1029 THINKING_0
11:42:03.857 (index):1013 NODEACCESSRELEASED_4
11:42:04.856 (index):1068 ATTRIBUTEACCESSREQUESTED_3
11:42:04.858 (index):1038 UPDATE_6
11:42:04.860 (index):1041 UPDATE_2
11:42:05.857 (index):1068 ATTRIBUTEACCESSREQUESTED_4
11:42:05.859 (index):1013 NODEACCESSRELEASED_6
11:42:05.860 (index):1017 ATTRIBUTEACCESSRELEASED_2
11:42:05.861 (index):1038 UPDATE_5
11:42:06.858 (index):1041 UPDATE_3
11:42:06.860 (index):1013 NODEACCESSRELEASED_5
11:42:06.861 (index):1038 UPDATE_1
11:42:06.862 (index):1038 UPDATE_0
11:42:07.859 (index):1041 UPDATE_4
11:42:07.861 (index):1074 NODEACCESSREQUESTED_6
11:42:07.862 (index):1068 ATTRIBUTEACCESSREQUESTED_2
11:42:07.863 (index):1017 ATTRIBUTEACCESSRELEASED_3
11:42:07.864 (index):1013 NODEACCESSRELEASED_1
11:42:07.865 (index):1029 THINKING_0
11:42:08.860 (index):1068 ATTRIBUTEACCESSREQUESTED_5
11:42:08.861 (index):1017 ATTRIBUTEACCESSRELEASED_4
11:42:09.840 (index):1038 UPDATE_6
11:42:09.841 (index):1041 UPDATE_2
11:42:09.843 (index):1074 NODEACCESSREQUESTED_3
11:42:09.846 (index):1074 NODEACCESSREQUESTED_1
11:42:10.840 (index):1041 UPDATE_5
11:42:10.842 (index):1074 NODEACCESSREQUESTED_4
11:42:10.843 (index):1013 NODEACCESSRELEASED_6
11:42:10.845 (index):1017 ATTRIBUTEACCESSRELEASED_2
11:42:11.841 (index):1038 UPDATE_3
11:42:11.843 (index):1038 UPDATE_1
11:42:11.844 (index):1029 THINKING_5
11:42:12.840 (index):1038 UPDATE_4
11:42:12.841 (index):1068 ATTRIBUTEACCESSREQUESTED_6
11:42:12.843 (index):1074 NODEACCESSREQUESTED_2
11:42:12.844 (index):1013 NODEACCESSRELEASED_3
11:42:12.845 (index):1029 THINKING_1
11:42:12.846 (index):1038 UPDATE_0
11:42:13.841 (index):1013 NODEACCESSRELEASED_4
11:42:13.843 (index):1013 NODEACCESSRELEASED_0
11:42:14.842 (index):1041 UPDATE_6
11:42:14.845 (index):1038 UPDATE_2
11:42:14.846 (index):1074 NODEACCESSREQUESTED_3
11:42:15.843 (index):1068 ATTRIBUTEACCESSREQUESTED_4
11:42:15.845 (index):1074 NODEACCESSREQUESTED_0
11:42:15.846 (index):1029 THINKING_6
11:42:15.847 (index):1029 THINKING_2
11:42:15.849 (index):1038 UPDATE_1
11:42:16.847 (index):1038 UPDATE_3
11:42:16.849 (index):1013 NODEACCESSRELEASED_1
11:42:16.851 (index):1041 UPDATE_5
11:42:16.852 (index):1041 UPDATE_4
11:42:16.854 (index):1038 UPDATE_0
11:42:17.849 (index):1013 NODEACCESSRELEASED_3
11:42:17.850 (index):1029 THINKING_5
11:42:17.852 (index):1029 THINKING_4
11:42:17.853 (index):1029 THINKING_0
11:42:18.850 (index):1074 NODEACCESSREQUESTED_1
11:42:18.852 (index):1041 UPDATE_6
11:42:18.854 (index):1038 UPDATE_2
11:42:19.850 (index):1074 NODEACCESSREQUESTED_3
11:42:19.852 (index):1029 THINKING_6
11:42:19.853 (index):1029 THINKING_2
11:42:20.841 (index):1038 UPDATE_1
11:42:20.842 (index):1041 UPDATE_5
11:42:20.843 (index):1038 UPDATE_0
11:42:20.845 (index):1041 UPDATE_4
11:42:21.840 (index):1038 UPDATE_3
11:42:21.841 (index):1029 THINKING_1
11:42:21.843 (index):1017 ATTRIBUTEACCESSRELEASED_5
11:42:21.844 (index):1013 NODEACCESSRELEASED_0
11:42:21.846 (index):1017 ATTRIBUTEACCESSRELEASED_4
11:42:22.839 (index):1013 NODEACCESSRELEASED_3
11:42:22.842 (index):1038 UPDATE_2
11:42:22.845 (index):1041 UPDATE_6
11:42:23.841 (index):1074 NODEACCESSREQUESTED_5
11:42:23.843 (index):1074 NODEACCESSREQUESTED_0
11:42:23.845 (index):1068 ATTRIBUTEACCESSREQUESTED_4
11:42:23.846 (index):1029 THINKING_2
11:42:23.847 (index):1017 ATTRIBUTEACCESSRELEASED_6
11:42:24.844 (index):1074 NODEACCESSREQUESTED_3
11:42:24.846 (index):1038 UPDATE_1
11:42:24.847 (index):1038 UPDATE_5
11:42:25.845 (index):1038 UPDATE_0
11:42:25.847 (index):1041 UPDATE_4
11:42:25.848 (index):1074 NODEACCESSREQUESTED_6
11:42:25.850 (index):1029 THINKING_1
11:42:25.852 (index):1029 THINKING_5
11:42:26.846 (index):1038 UPDATE_3
11:42:26.848 (index):1013 NODEACCESSRELEASED_0
11:42:26.849 (index):1029 THINKING_4
11:42:27.847 (index):1038 UPDATE_6
11:42:27.849 (index):1029 THINKING_3
11:42:28.848 (index):1074 NODEACCESSREQUESTED_0
11:42:28.852 (index):1013 NODEACCESSRELEASED_6
11:42:28.854 (index):1038 UPDATE_2
11:42:29.848 (index):1013 NODEACCESSRELEASED_2
11:42:30.848 (index):1038 UPDATE_0
11:42:30.849 (index):1074 NODEACCESSREQUESTED_6
11:42:30.851 (index):1038 UPDATE_3
11:42:30.852 (index):1038 UPDATE_1
11:42:30.854 (index):1038 UPDATE_5
11:42:31.850 (index):1074 NODEACCESSREQUESTED_2
11:42:31.851 (index):1029 THINKING_0
11:42:31.853 (index):1013 NODEACCESSRELEASED_3
11:42:31.854 (index):1029 THINKING_1
11:42:31.855 (index):1013 NODEACCESSRELEASED_5
11:42:31.856 (index):1041 UPDATE_4
11:42:32.851 (index):1038 UPDATE_6
11:42:32.852 (index):1029 THINKING_4
11:42:33.839 (index):1038 UPDATE_2
11:42:33.840 (index):1068 ATTRIBUTEACCESSREQUESTED_3
11:42:33.841 (index):1074 NODEACCESSREQUESTED_5
11:42:33.842 (index):1013 NODEACCESSRELEASED_6
11:42:34.852 (index):1013 NODEACCESSRELEASED_2
11:42:34.854 (index):1041 UPDATE_3
11:42:34.855 (index):1038 UPDATE_5
11:42:34.856 (index):1068 ATTRIBUTEACCESSREQUESTED_6
11:42:35.840 (index):1017 ATTRIBUTEACCESSRELEASED_3
11:42:35.841 (index):1013 NODEACCESSRELEASED_5
11:42:36.839 (index):1038 UPDATE_0
11:42:36.841 (index):1074 NODEACCESSREQUESTED_2
11:42:36.844 (index):1041 UPDATE_6
11:42:36.846 (index):1038 UPDATE_1
11:42:36.847 (index):1041 UPDATE_4
11:42:37.847 (index):1068 ATTRIBUTEACCESSREQUESTED_3
11:42:37.849 (index):1074 NODEACCESSREQUESTED_5
11:42:37.851 (index):1013 NODEACCESSRELEASED_0
11:42:37.853 (index):1017 ATTRIBUTEACCESSRELEASED_6
11:42:37.854 (index):1013 NODEACCESSRELEASED_1
11:42:37.856 (index):1029 THINKING_4
11:42:37.857 (index):1038 UPDATE_2
11:42:38.849 (index):1013 NODEACCESSRELEASED_2
11:42:39.849 (index):1041 UPDATE_3
11:42:39.851 (index):1038 UPDATE_5
11:42:39.853 (index):1068 ATTRIBUTEACCESSREQUESTED_0
11:42:39.855 (index):1074 NODEACCESSREQUESTED_6
11:42:39.857 (index):1074 NODEACCESSREQUESTED_1
11:42:40.851 (index):1074 NODEACCESSREQUESTED_2
11:42:40.853 (index):1029 THINKING_3
11:42:40.854 (index):1013 NODEACCESSRELEASED_5
11:42:40.855 (index):1041 UPDATE_4
11:42:42.004 (index):1097 WAITING_0
11:42:42.007 (index):1038 UPDATE_6
11:42:42.012 (index):1038 UPDATE_1
11:42:42.013 (index):1017 ATTRIBUTEACCESSRELEASED_4
11:42:42.015 (index):1038 UPDATE_2
11:42:42.016 (index):1074 NODEACCESSREQUESTED_5
11:42:42.851 (index):1013 NODEACCESSRELEASED_6
11:42:42.853 (index):1029 THINKING_1
11:42:42.855 (index):1013 NODEACCESSRELEASED_2
11:42:43.839 (index):1041 UPDATE_0
11:42:43.844 (index):1074 NODEACCESSREQUESTED_4
11:42:43.845 (index):1038 UPDATE_5
11:42:43.847 (index):1041 UPDATE_3
11:42:44.853 (index):1074 NODEACCESSREQUESTED_6
11:42:44.858 (index):1074 NODEACCESSREQUESTED_2
11:42:44.859 (index):1017 ATTRIBUTEACCESSRELEASED_0
11:42:44.861 (index):1013 NODEACCESSRELEASED_5
11:42:44.862 (index):1017 ATTRIBUTEACCESSRELEASED_3
11:42:44.863 (index):1038 UPDATE_4
11:42:45.855 (index):1013 NODEACCESSRELEASED_4
11:42:45.859 (index):1038 UPDATE_1
11:42:46.857 (index):1038 UPDATE_6
11:42:46.861 (index):1038 UPDATE_2
11:42:46.863 (index):1074 NODEACCESSREQUESTED_0
11:42:46.866 (index):1074 NODEACCESSREQUESTED_5
11:42:46.868 (index):1074 NODEACCESSREQUESTED_3
11:42:46.869 (index):1013 NODEACCESSRELEASED_1
11:42:47.840 (index):1074 NODEACCESSREQUESTED_4
11:42:47.842 (index):1108 END_6
11:42:47.843 (index):1108 END_2
11:42:48.841 (index):1038 UPDATE_0
11:42:48.845 (index):1038 UPDATE_5
11:42:48.846 (index):1038 UPDATE_3
11:42:48.848 (index):1074 NODEACCESSREQUESTED_1
11:42:49.841 (index):1038 UPDATE_4
11:42:49.844 (index):1013 NODEACCESSRELEASED_0
11:42:49.848 (index):1108 END_5
11:42:49.852 (index):1108 END_3
11:42:50.844 (index):1038 UPDATE_1
11:42:50.847 (index):1029 THINKING_4
11:42:51.847 (index):1074 NODEACCESSREQUESTED_0
11:42:51.849 (index):1108 END_1
11:42:53.849 (index):1038 UPDATE_0
11:42:54.850 (index):1108 END_0
11:42:55.855 (index):1038 UPDATE_4
11:42:56.844 (index):1108 END_4
