11:48:12.849 (index):1343 Tasks: 25; Collaborators: 12    =========================>
11:48:12.850 (index):1068 ATTRIBUTEACCESSREQUESTED_0
11:48:12.852 (index):1074 NODEACCESSREQUESTED_1
11:48:12.853 (index):1074 NODEACCESSREQUESTED_2
11:48:12.854 (index):1068 ATTRIBUTEACCESSREQUESTED_3
11:48:12.855 (index):1068 ATTRIBUTEACCESSREQUESTED_4
11:48:12.856 (index):1074 NODEACCESSREQUESTED_5
11:48:12.858 (index):1074 NODEACCESSREQUESTED_6
11:48:12.859 (index):1068 ATTRIBUTEACCESSREQUESTED_7
11:48:12.860 (index):1074 NODEACCESSREQUESTED_8
11:48:12.861 (index):1074 NODEACCESSREQUESTED_9
11:48:12.862 (index):1074 NODEACCESSREQUESTED_10
11:48:12.863 (index):1074 NODEACCESSREQUESTED_11
11:48:14.850 (index):1029 THINKING_0
11:48:14.852 (index):1029 THINKING_1
11:48:14.853 (index):1013 NODEACCESSRELEASED_2
11:48:14.854 (index):1097 WAITING_3
11:48:14.856 (index):1017 ATTRIBUTEACCESSRELEASED_4
11:48:14.857 (index):1013 NODEACCESSRELEASED_5
11:48:14.858 (index):1029 THINKING_6
11:48:14.859 (index):1017 ATTRIBUTEACCESSRELEASED_7
11:48:14.860 (index):1029 THINKING_8
11:48:14.861 (index):1013 NODEACCESSRELEASED_9
11:48:14.862 (index):1013 NODEACCESSRELEASED_10
11:48:14.863 (index):1029 THINKING_11
11:48:16.854 (index):1074 NODEACCESSREQUESTED_2
11:48:16.856 (index):1097 WAITING_3
11:48:16.858 (index):1068 ATTRIBUTEACCESSREQUESTED_4
11:48:16.860 (index):1074 NODEACCESSREQUESTED_5
11:48:16.861 (index):1068 ATTRIBUTEACCESSREQUESTED_7
11:48:16.862 (index):1074 NODEACCESSREQUESTED_9
11:48:16.863 (index):1074 NODEACCESSREQUESTED_10
11:48:17.840 (index):1038 UPDATE_8
11:48:17.841 (index):1038 UPDATE_11
11:48:17.842 (index):1038 UPDATE_6
11:48:17.844 (index):1038 UPDATE_1
11:48:18.840 (index):1038 UPDATE_2
11:48:18.842 (index):1097 WAITING_3
11:48:18.843 (index):1041 UPDATE_4
11:48:18.844 (index):1038 UPDATE_5
11:48:18.845 (index):1041 UPDATE_7
11:48:18.847 (index):1038 UPDATE_9
11:48:18.848 (index):1038 UPDATE_10
11:48:18.849 (index):1029 THINKING_8
11:48:18.850 (index):1029 THINKING_11
11:48:18.851 (index):1013 NODEACCESSRELEASED_6
11:48:18.852 (index):1013 NODEACCESSRELEASED_1
11:48:19.841 (index):1013 NODEACCESSRELEASED_2
11:48:19.846 (index):1017 ATTRIBUTEACCESSRELEASED_4
11:48:19.847 (index):1029 THINKING_5
11:48:19.848 (index):1017 ATTRIBUTEACCESSRELEASED_7
11:48:19.850 (index):1029 THINKING_9
11:48:19.851 (index):1029 THINKING_10
11:48:19.853 (index):1041 UPDATE_0
11:48:20.842 (index):1097 WAITING_3
11:48:20.844 (index):1068 ATTRIBUTEACCESSREQUESTED_6
11:48:20.845 (index):1074 NODEACCESSREQUESTED_1
11:48:20.846 (index):1017 ATTRIBUTEACCESSRELEASED_0
11:48:21.848 (index):1074 NODEACCESSREQUESTED_2
11:48:21.852 (index):1074 NODEACCESSREQUESTED_4
11:48:21.854 (index):1074 NODEACCESSREQUESTED_7
11:48:21.856 (index):1017 ATTRIBUTEACCESSRELEASED_3
11:48:21.858 (index):1041 UPDATE_6
11:48:21.859 (index):1038 UPDATE_1
11:48:21.861 (index):1068 ATTRIBUTEACCESSREQUESTED_0
11:48:22.847 (index):1038 UPDATE_10
11:48:22.849 (index):1017 ATTRIBUTEACCESSRELEASED_6
11:48:22.851 (index):1029 THINKING_1
11:48:22.852 (index):1038 UPDATE_11
11:48:22.853 (index):1038 UPDATE_5
11:48:23.848 (index):1038 UPDATE_2
11:48:23.853 (index):1038 UPDATE_4
11:48:23.855 (index):1038 UPDATE_7
11:48:23.856 (index):1068 ATTRIBUTEACCESSREQUESTED_3
11:48:23.857 (index):1041 UPDATE_0
11:48:23.859 (index):1013 NODEACCESSRELEASED_10
11:48:23.860 (index):1013 NODEACCESSRELEASED_11
11:48:23.861 (index):1013 NODEACCESSRELEASED_5
11:48:23.863 (index):1038 UPDATE_8
11:48:24.849 (index):1074 NODEACCESSREQUESTED_6
11:48:24.852 (index):1013 NODEACCESSRELEASED_2
11:48:24.853 (index):1013 NODEACCESSRELEASED_4
11:48:24.855 (index):1013 NODEACCESSRELEASED_7
11:48:24.857 (index):1017 ATTRIBUTEACCESSRELEASED_0
11:48:24.859 (index):1013 NODEACCESSRELEASED_8
11:48:24.861 (index):1038 UPDATE_9
11:48:25.850 (index):1041 UPDATE_3
11:48:25.851 (index):1074 NODEACCESSREQUESTED_10
11:48:25.852 (index):1074 NODEACCESSREQUESTED_11
11:48:25.853 (index):1074 NODEACCESSREQUESTED_5
11:48:25.855 (index):1029 THINKING_9
11:48:26.850 (index):1038 UPDATE_6
11:48:26.852 (index):1068 ATTRIBUTEACCESSREQUESTED_2
11:48:26.853 (index):1068 ATTRIBUTEACCESSREQUESTED_4
11:48:26.855 (index):1074 NODEACCESSREQUESTED_7
11:48:26.856 (index):1074 NODEACCESSREQUESTED_0
11:48:26.857 (index):1068 ATTRIBUTEACCESSREQUESTED_8
11:48:26.858 (index):1017 ATTRIBUTEACCESSRELEASED_3
11:48:26.859 (index):1038 UPDATE_1
11:48:27.851 (index):1038 UPDATE_10
11:48:27.855 (index):1038 UPDATE_11
11:48:27.857 (index):1038 UPDATE_5
11:48:27.858 (index):1013 NODEACCESSRELEASED_6
11:48:27.859 (index):1029 THINKING_1
11:48:28.852 (index):1041 UPDATE_2
11:48:28.855 (index):1041 UPDATE_4
11:48:28.857 (index):1038 UPDATE_7
11:48:28.859 (index):1038 UPDATE_0
11:48:28.861 (index):1097 WAITING_8
11:48:28.864 (index):1074 NODEACCESSREQUESTED_3
11:48:28.866 (index):1029 THINKING_10
11:48:28.867 (index):1013 NODEACCESSRELEASED_11
11:48:28.869 (index):1029 THINKING_5
11:48:28.871 (index):1038 UPDATE_9
11:48:29.843 (index):1074 NODEACCESSREQUESTED_6
11:48:29.844 (index):1029 THINKING_2
11:48:29.845 (index):1017 ATTRIBUTEACCESSRELEASED_4
11:48:29.846 (index):1029 THINKING_7
11:48:29.847 (index):1029 THINKING_0
11:48:29.849 (index):1013 NODEACCESSRELEASED_9
11:48:30.843 (index):1041 UPDATE_8
11:48:30.845 (index):1038 UPDATE_3
11:48:30.846 (index):1074 NODEACCESSREQUESTED_11
11:48:31.859 (index):1038 UPDATE_6
11:48:31.860 (index):1074 NODEACCESSREQUESTED_4
11:48:31.862 (index):1068 ATTRIBUTEACCESSREQUESTED_9
11:48:31.864 (index):1029 THINKING_8
11:48:31.866 (index):1029 THINKING_3
11:48:31.867 (index):1038 UPDATE_10
11:48:31.869 (index):1038 UPDATE_11
11:48:32.843 (index):1013 NODEACCESSRELEASED_6
11:48:32.845 (index):1013 NODEACCESSRELEASED_10
11:48:32.847 (index):1013 NODEACCESSRELEASED_11
11:48:32.848 (index):1038 UPDATE_5
11:48:32.849 (index):1038 UPDATE_7
11:48:32.851 (index):1038 UPDATE_1
11:48:32.852 (index):1038 UPDATE_0
11:48:32.853 (index):1041 UPDATE_2
11:48:33.845 (index):1038 UPDATE_4
11:48:33.849 (index):1097 WAITING_9
11:48:33.851 (index):1013 NODEACCESSRELEASED_5
11:48:33.852 (index):1013 NODEACCESSRELEASED_7
11:48:33.854 (index):1013 NODEACCESSRELEASED_1
11:48:33.855 (index):1029 THINKING_0
11:48:33.857 (index):1017 ATTRIBUTEACCESSRELEASED_2
11:48:34.845 (index):1074 NODEACCESSREQUESTED_6
11:48:34.847 (index):1074 NODEACCESSREQUESTED_10
11:48:34.848 (index):1074 NODEACCESSREQUESTED_11
11:48:34.849 (index):1013 NODEACCESSRELEASED_4
11:48:35.846 (index):1041 UPDATE_9
11:48:35.848 (index):1068 ATTRIBUTEACCESSREQUESTED_5
11:48:35.850 (index):1068 ATTRIBUTEACCESSREQUESTED_7
11:48:35.852 (index):1074 NODEACCESSREQUESTED_1
11:48:35.853 (index):1068 ATTRIBUTEACCESSREQUESTED_2
11:48:36.846 (index):1038 UPDATE_6
11:48:36.849 (index):1038 UPDATE_10
11:48:36.851 (index):1038 UPDATE_11
11:48:36.852 (index):1068 ATTRIBUTEACCESSREQUESTED_4
11:48:36.854 (index):1017 ATTRIBUTEACCESSRELEASED_9
11:48:36.856 (index):1038 UPDATE_3
11:48:36.858 (index):1041 UPDATE_8
11:48:37.847 (index):1041 UPDATE_5
11:48:37.849 (index):1097 WAITING_7
11:48:37.850 (index):1038 UPDATE_1
11:48:37.851 (index):1097 WAITING_2
11:48:37.853 (index):1013 NODEACCESSRELEASED_6
11:48:37.855 (index):1029 THINKING_10
11:48:37.856 (index):1029 THINKING_11
11:48:37.858 (index):1013 NODEACCESSRELEASED_3
11:48:37.859 (index):1017 ATTRIBUTEACCESSRELEASED_8
11:48:38.848 (index):1041 UPDATE_4
11:48:38.853 (index):1068 ATTRIBUTEACCESSREQUESTED_9
11:48:38.855 (index):1029 THINKING_5
11:48:38.856 (index):1029 THINKING_1
11:48:38.857 (index):1038 UPDATE_0
11:48:39.849 (index):1041 UPDATE_7
11:48:39.850 (index):1097 WAITING_2
11:48:39.852 (index):1068 ATTRIBUTEACCESSREQUESTED_6
11:48:39.853 (index):1068 ATTRIBUTEACCESSREQUESTED_3
11:48:39.855 (index):1068 ATTRIBUTEACCESSREQUESTED_8
11:48:39.856 (index):1029 THINKING_4
11:48:39.857 (index):1013 NODEACCESSRELEASED_0
11:48:40.850 (index):1097 WAITING_9
11:48:40.852 (index):1029 THINKING_7
11:48:41.853 (index):1097 WAITING_2
11:48:41.856 (index):1097 WAITING_6
11:48:41.859 (index):1041 UPDATE_3
11:48:41.862 (index):1041 UPDATE_8
11:48:41.865 (index):1074 NODEACCESSREQUESTED_0
11:48:41.867 (index):1038 UPDATE_1
11:48:41.871 (index):1097 WAITING_9
11:48:42.853 (index):1017 ATTRIBUTEACCESSRELEASED_3
11:48:42.856 (index):1017 ATTRIBUTEACCESSRELEASED_8
11:48:42.858 (index):1013 NODEACCESSRELEASED_1
11:48:42.860 (index):1038 UPDATE_11
11:48:42.861 (index):1041 UPDATE_4
11:48:42.864 (index):1038 UPDATE_10
11:48:43.839 (index):1097 WAITING_2
11:48:43.840 (index):1097 WAITING_6
11:48:43.841 (index):1038 UPDATE_0
11:48:43.843 (index):1097 WAITING_9
11:48:43.846 (index):1013 NODEACCESSRELEASED_11
11:48:43.848 (index):1017 ATTRIBUTEACCESSRELEASED_4
11:48:43.850 (index):1013 NODEACCESSRELEASED_10
11:48:43.851 (index):1041 UPDATE_5
11:48:44.839 (index):1074 NODEACCESSREQUESTED_3
11:48:44.841 (index):1074 NODEACCESSREQUESTED_8
11:48:44.843 (index):1074 NODEACCESSREQUESTED_1
11:48:44.844 (index):1029 THINKING_0
11:48:44.845 (index):1029 THINKING_5
11:48:45.845 (index):1097 WAITING_2
11:48:45.847 (index):1097 WAITING_6
11:48:45.849 (index):1041 UPDATE_9
11:48:45.850 (index):1068 ATTRIBUTEACCESSREQUESTED_11
11:48:45.851 (index):1068 ATTRIBUTEACCESSREQUESTED_4
11:48:45.852 (index):1074 NODEACCESSREQUESTED_10
11:48:45.853 (index):1041 UPDATE_7
11:48:45.854 (index):1038 UPDATE_3
11:48:45.855 (index):1038 UPDATE_8
11:48:45.856 (index):1038 UPDATE_1
11:48:46.848 (index):1017 ATTRIBUTEACCESSRELEASED_9
11:48:46.850 (index):1017 ATTRIBUTEACCESSRELEASED_7
11:48:46.852 (index):1013 NODEACCESSRELEASED_3
11:48:46.854 (index):1029 THINKING_8
11:48:46.857 (index):1029 THINKING_1
11:48:46.859 (index):1041 UPDATE_2
11:48:47.848 (index):1097 WAITING_6
11:48:47.850 (index):1097 WAITING_11
11:48:47.851 (index):1097 WAITING_4
11:48:47.852 (index):1038 UPDATE_10
11:48:47.853 (index):1041 UPDATE_5
11:48:47.854 (index):1017 ATTRIBUTEACCESSRELEASED_2
11:48:47.856 (index):1038 UPDATE_0
11:48:48.854 (index):1074 NODEACCESSREQUESTED_9
11:48:48.856 (index):1074 NODEACCESSREQUESTED_7
11:48:48.858 (index):1074 NODEACCESSREQUESTED_3
11:48:48.860 (index):1029 THINKING_10
11:48:48.862 (index):1017 ATTRIBUTEACCESSRELEASED_5
11:48:48.864 (index):1013 NODEACCESSRELEASED_0
11:48:48.865 (index):1041 UPDATE_6
11:48:48.866 (index):1097 WAITING_11
11:48:48.867 (index):1041 UPDATE_4
11:48:49.849 (index):1074 NODEACCESSREQUESTED_2
11:48:49.851 (index):1029 THINKING_6
11:48:49.852 (index):1029 THINKING_4
11:48:49.853 (index):1038 UPDATE_1
11:48:50.846 (index):1038 UPDATE_9
11:48:50.847 (index):1038 UPDATE_7
11:48:50.849 (index):1038 UPDATE_3
11:48:50.850 (index):1074 NODEACCESSREQUESTED_5
11:48:50.852 (index):1074 NODEACCESSREQUESTED_0
11:48:50.853 (index):1097 WAITING_11
11:48:50.853 (index):1029 THINKING_1
11:48:50.854 (index):1038 UPDATE_8
11:48:51.851 (index):1038 UPDATE_2
11:48:51.853 (index):1029 THINKING_9
11:48:51.854 (index):1013 NODEACCESSRELEASED_7
11:48:51.856 (index):1013 NODEACCESSRELEASED_3
11:48:51.857 (index):1013 NODEACCESSRELEASED_8
11:48:52.852 (index):1038 UPDATE_5
11:48:52.854 (index):1038 UPDATE_0
11:48:52.856 (index):1097 WAITING_11
11:48:52.858 (index):1029 THINKING_2
11:48:52.859 (index):1041 UPDATE_6
11:48:52.860 (index):1038 UPDATE_10
11:48:53.853 (index):1074 NODEACCESSREQUESTED_7
11:48:53.855 (index):1074 NODEACCESSREQUESTED_3
11:48:53.857 (index):1074 NODEACCESSREQUESTED_8
11:48:53.859 (index):1029 THINKING_5
11:48:53.860 (index):1013 NODEACCESSRELEASED_0
11:48:53.862 (index):1029 THINKING_6
11:48:53.863 (index):1013 NODEACCESSRELEASED_10
11:48:54.841 (index):1097 WAITING_11
11:48:54.842 (index):1041 UPDATE_4
11:48:55.842 (index):1038 UPDATE_7
11:48:55.844 (index):1038 UPDATE_3
11:48:55.846 (index):1038 UPDATE_8
11:48:55.848 (index):1074 NODEACCESSREQUESTED_0
11:48:55.849 (index):1074 NODEACCESSREQUESTED_10
11:48:55.850 (index):1029 THINKING_4
11:48:55.851 (index):1038 UPDATE_9
11:48:55.852 (index):1038 UPDATE_2
11:48:55.854 (index):1038 UPDATE_1
11:48:56.838 (index):1097 WAITING_11
11:48:56.839 (index):1013 NODEACCESSRELEASED_7
11:48:56.841 (index):1013 NODEACCESSRELEASED_3
11:48:56.842 (index):1013 NODEACCESSRELEASED_8
11:48:56.843 (index):1013 NODEACCESSRELEASED_9
11:48:56.844 (index):1029 THINKING_2
11:48:56.845 (index):1029 THINKING_1
11:48:56.847 (index):1041 UPDATE_6
11:48:57.847 (index):1038 UPDATE_0
11:48:57.850 (index):1038 UPDATE_10
11:48:57.855 (index):1017 ATTRIBUTEACCESSRELEASED_6
11:48:57.859 (index):1041 UPDATE_11
11:48:57.861 (index):1068 ATTRIBUTEACCESSREQUESTED_7
11:48:57.864 (index):1074 NODEACCESSREQUESTED_3
11:48:57.867 (index):1074 NODEACCESSREQUESTED_8
11:48:57.868 (index):1074 NODEACCESSREQUESTED_9
11:48:58.851 (index):1029 THINKING_0
11:48:58.853 (index):1029 THINKING_10
11:48:58.854 (index):1017 ATTRIBUTEACCESSRELEASED_11
11:48:58.855 (index):1038 UPDATE_5
11:48:59.839 (index):1074 NODEACCESSREQUESTED_6
11:48:59.840 (index):1041 UPDATE_7
11:48:59.842 (index):1038 UPDATE_3
11:48:59.845 (index):1038 UPDATE_8
11:48:59.846 (index):1038 UPDATE_9
11:48:59.847 (index):1013 NODEACCESSRELEASED_5
11:48:59.848 (index):1038 UPDATE_2
11:48:59.849 (index):1041 UPDATE_4
11:49:00.839 (index):1068 ATTRIBUTEACCESSREQUESTED_11
11:49:00.840 (index):1017 ATTRIBUTEACCESSRELEASED_7
11:49:00.842 (index):1029 THINKING_3
11:49:00.843 (index):1013 NODEACCESSRELEASED_8
11:49:00.844 (index):1013 NODEACCESSRELEASED_9
11:49:00.845 (index):1029 THINKING_2
11:49:00.846 (index):1029 THINKING_4
11:49:01.839 (index):1038 UPDATE_6
11:49:01.842 (index):1074 NODEACCESSREQUESTED_5
11:49:01.844 (index):1038 UPDATE_1
11:49:02.841 (index):1041 UPDATE_11
11:49:02.842 (index):1074 NODEACCESSREQUESTED_7
11:49:02.844 (index):1074 NODEACCESSREQUESTED_8
11:49:02.845 (index):1068 ATTRIBUTEACCESSREQUESTED_9
11:49:02.847 (index):1013 NODEACCESSRELEASED_6
11:49:02.848 (index):1013 NODEACCESSRELEASED_1
11:49:03.847 (index):1038 UPDATE_5
11:49:03.849 (index):1038 UPDATE_0
11:49:03.850 (index):1017 ATTRIBUTEACCESSRELEASED_11
11:49:03.851 (index):1038 UPDATE_3
11:49:03.852 (index):1041 UPDATE_4
11:49:03.853 (index):1038 UPDATE_10
11:49:03.854 (index):1038 UPDATE_7
11:49:03.855 (index):1038 UPDATE_8
11:49:03.857 (index):1041 UPDATE_9
11:49:04.847 (index):1074 NODEACCESSREQUESTED_6
11:49:04.849 (index):1074 NODEACCESSREQUESTED_1
11:49:04.850 (index):1013 NODEACCESSRELEASED_5
11:49:04.852 (index):1013 NODEACCESSRELEASED_0
11:49:04.853 (index):1013 NODEACCESSRELEASED_3
11:49:04.854 (index):1017 ATTRIBUTEACCESSRELEASED_4
11:49:04.855 (index):1013 NODEACCESSRELEASED_10
11:49:04.857 (index):1013 NODEACCESSRELEASED_7
11:49:04.858 (index):1013 NODEACCESSRELEASED_8
11:49:04.859 (index):1029 THINKING_9
11:49:05.849 (index):1074 NODEACCESSREQUESTED_11
11:49:05.851 (index):1038 UPDATE_2
11:49:05.853 (index):1038 UPDATE_6
11:49:06.853 (index):1038 UPDATE_1
11:49:06.854 (index):1074 NODEACCESSREQUESTED_5
11:49:06.855 (index):1068 ATTRIBUTEACCESSREQUESTED_0
11:49:06.856 (index):1068 ATTRIBUTEACCESSREQUESTED_3
11:49:06.857 (index):1074 NODEACCESSREQUESTED_4
11:49:06.858 (index):1068 ATTRIBUTEACCESSREQUESTED_10
11:49:06.860 (index):1068 ATTRIBUTEACCESSREQUESTED_7
11:49:06.861 (index):1074 NODEACCESSREQUESTED_8
11:49:06.862 (index):1013 NODEACCESSRELEASED_2
11:49:06.863 (index):1013 NODEACCESSRELEASED_6
11:49:06.864 (index):1038 UPDATE_11
11:49:07.838 (index):1029 THINKING_1
11:49:07.839 (index):1029 THINKING_11
11:49:08.839 (index):1038 UPDATE_5
11:49:08.840 (index):1041 UPDATE_0
11:49:08.842 (index):1041 UPDATE_3
11:49:08.843 (index):1038 UPDATE_4
11:49:08.844 (index):1041 UPDATE_10
11:49:08.845 (index):1097 WAITING_7
11:49:08.846 (index):1038 UPDATE_8
11:49:08.847 (index):1074 NODEACCESSREQUESTED_2
11:49:08.848 (index):1068 ATTRIBUTEACCESSREQUESTED_6
11:49:08.849 (index):1041 UPDATE_9
11:49:09.839 (index):1013 NODEACCESSRELEASED_5
11:49:09.842 (index):1017 ATTRIBUTEACCESSRELEASED_0
11:49:09.843 (index):1017 ATTRIBUTEACCESSRELEASED_3
11:49:09.845 (index):1013 NODEACCESSRELEASED_4
11:49:09.846 (index):1017 ATTRIBUTEACCESSRELEASED_10
11:49:09.847 (index):1013 NODEACCESSRELEASED_8
11:49:09.848 (index):1017 ATTRIBUTEACCESSRELEASED_9
11:49:10.840 (index):1041 UPDATE_7
11:49:10.841 (index):1038 UPDATE_2
11:49:10.842 (index):1041 UPDATE_6
11:49:10.843 (index):1038 UPDATE_1
11:49:11.841 (index):1074 NODEACCESSREQUESTED_5
11:49:11.843 (index):1074 NODEACCESSREQUESTED_0
11:49:11.845 (index):1068 ATTRIBUTEACCESSREQUESTED_3
11:49:11.847 (index):1074 NODEACCESSREQUESTED_4
11:49:11.849 (index):1068 ATTRIBUTEACCESSREQUESTED_10
11:49:11.851 (index):1068 ATTRIBUTEACCESSREQUESTED_8
11:49:11.853 (index):1068 ATTRIBUTEACCESSREQUESTED_9
11:49:11.855 (index):1029 THINKING_7
11:49:11.856 (index):1013 NODEACCESSRELEASED_2
11:49:11.857 (index):1017 ATTRIBUTEACCESSRELEASED_6
11:49:11.859 (index):1013 NODEACCESSRELEASED_1
11:49:11.861 (index):1038 UPDATE_11
11:49:12.844 (index):1013 NODEACCESSRELEASED_11
11:49:12.846 (index):1038 UPDATE_5
11:49:13.845 (index):1038 UPDATE_0
11:49:13.846 (index):1041 UPDATE_3
11:49:13.848 (index):1038 UPDATE_4
11:49:13.850 (index):1041 UPDATE_10
11:49:13.851 (index):1041 UPDATE_8
11:49:13.852 (index):1097 WAITING_9
11:49:13.853 (index):1074 NODEACCESSREQUESTED_2
11:49:13.854 (index):1074 NODEACCESSREQUESTED_6
11:49:13.856 (index):1074 NODEACCESSREQUESTED_1
11:49:13.857 (index):1013 NODEACCESSRELEASED_5
11:49:14.850 (index):1074 NODEACCESSREQUESTED_11
11:49:14.854 (index):1013 NODEACCESSRELEASED_0
11:49:14.855 (index):1029 THINKING_3
11:49:14.856 (index):1029 THINKING_4
11:49:14.857 (index):1017 ATTRIBUTEACCESSRELEASED_10
11:49:14.858 (index):1017 ATTRIBUTEACCESSRELEASED_8
11:49:15.853 (index):1041 UPDATE_9
11:49:15.854 (index):1038 UPDATE_2
11:49:15.855 (index):1038 UPDATE_6
11:49:15.856 (index):1038 UPDATE_1
11:49:15.858 (index):1074 NODEACCESSREQUESTED_5
11:49:15.859 (index):1041 UPDATE_7
11:49:16.839 (index):1038 UPDATE_11
11:49:16.844 (index):1074 NODEACCESSREQUESTED_0
11:49:16.845 (index):1074 NODEACCESSREQUESTED_10
11:49:16.847 (index):1074 NODEACCESSREQUESTED_8
11:49:16.848 (index):1017 ATTRIBUTEACCESSRELEASED_9
11:49:16.849 (index):1013 NODEACCESSRELEASED_2
11:49:16.850 (index):1013 NODEACCESSRELEASED_6
11:49:16.851 (index):1108 END_1
11:49:16.853 (index):1017 ATTRIBUTEACCESSRELEASED_7
11:49:17.844 (index):1038 UPDATE_5
11:49:17.846 (index):1013 NODEACCESSRELEASED_11
11:49:17.848 (index):1041 UPDATE_3
11:49:18.845 (index):1038 UPDATE_0
11:49:18.846 (index):1038 UPDATE_10
11:49:18.848 (index):1038 UPDATE_8
11:49:18.849 (index):1074 NODEACCESSREQUESTED_9
11:49:18.850 (index):1074 NODEACCESSREQUESTED_2
11:49:18.851 (index):1074 NODEACCESSREQUESTED_6
11:49:18.852 (index):1074 NODEACCESSREQUESTED_7
11:49:18.853 (index):1108 END_5
11:49:18.854 (index):1017 ATTRIBUTEACCESSRELEASED_3
11:49:19.846 (index):1068 ATTRIBUTEACCESSREQUESTED_11
11:49:19.847 (index):1108 END_0
11:49:19.849 (index):1108 END_10
11:49:19.851 (index):1108 END_8
11:49:19.852 (index):1038 UPDATE_4
11:49:20.846 (index):1038 UPDATE_9
11:49:20.847 (index):1038 UPDATE_2
11:49:20.848 (index):1038 UPDATE_6
11:49:20.849 (index):1038 UPDATE_7
11:49:20.850 (index):1074 NODEACCESSREQUESTED_3
11:49:20.852 (index):1108 END_4
11:49:21.846 (index):1041 UPDATE_11
11:49:21.848 (index):1013 NODEACCESSRELEASED_9
11:49:21.849 (index):1013 NODEACCESSRELEASED_2
11:49:21.851 (index):1108 END_6
11:49:21.852 (index):1108 END_7
11:49:22.851 (index):1038 UPDATE_3
11:49:22.852 (index):1029 THINKING_11
11:49:22.854 (index):1074 NODEACCESSREQUESTED_9
11:49:22.855 (index):1074 NODEACCESSREQUESTED_2
11:49:23.852 (index):1108 END_3
11:49:24.839 (index):1038 UPDATE_9
11:49:24.840 (index):1038 UPDATE_2
11:49:25.839 (index):1108 END_9
11:49:25.840 (index):1108 END_2
11:49:26.839 (index):1041 UPDATE_11
11:49:27.840 (index):1108 END_11
