11:49:27.842 (index):1370 Tasks: 25; Collaborators: 13    =========================>
11:49:27.843 (index):1068 ATTRIBUTEACCESSREQUESTED_0
11:49:27.845 (index):1074 NODEACCESSREQUESTED_1
11:49:27.846 (index):1074 NODEACCESSREQUESTED_2
11:49:27.847 (index):1068 ATTRIBUTEACCESSREQUESTED_3
11:49:27.849 (index):1068 ATTRIBUTEACCESSREQUESTED_4
11:49:27.850 (index):1074 NODEACCESSREQUESTED_5
11:49:27.851 (index):1074 NODEACCESSREQUESTED_6
11:49:27.852 (index):1068 ATTRIBUTEACCESSREQUESTED_7
11:49:27.854 (index):1074 NODEACCESSREQUESTED_8
11:49:27.855 (index):1074 NODEACCESSREQUESTED_9
11:49:27.856 (index):1074 NODEACCESSREQUESTED_10
11:49:27.858 (index):1074 NODEACCESSREQUESTED_11
11:49:27.859 (index):1074 NODEACCESSREQUESTED_12
11:49:29.843 (index):1029 THINKING_0
11:49:29.845 (index):1029 THINKING_1
11:49:29.847 (index):1013 NODEACCESSRELEASED_2
11:49:29.849 (index):1017 ATTRIBUTEACCESSRELEASED_3
11:49:29.850 (index):1097 WAITING_4
11:49:29.852 (index):1013 NODEACCESSRELEASED_5
11:49:29.853 (index):1029 THINKING_6
11:49:29.854 (index):1017 ATTRIBUTEACCESSRELEASED_7
11:49:29.856 (index):1029 THINKING_8
11:49:29.857 (index):1013 NODEACCESSRELEASED_9
11:49:29.858 (index):1013 NODEACCESSRELEASED_10
11:49:29.860 (index):1029 THINKING_11
11:49:29.861 (index):1013 NODEACCESSRELEASED_12
11:49:30.850 (index):1074 NODEACCESSREQUESTED_2
11:49:31.846 (index):1068 ATTRIBUTEACCESSREQUESTED_3
11:49:31.849 (index):1097 WAITING_4
11:49:31.852 (index):1074 NODEACCESSREQUESTED_5
11:49:31.853 (index):1068 ATTRIBUTEACCESSREQUESTED_7
11:49:31.855 (index):1074 NODEACCESSREQUESTED_9
11:49:31.856 (index):1074 NODEACCESSREQUESTED_10
11:49:31.857 (index):1074 NODEACCESSREQUESTED_12
11:49:32.850 (index):1038 UPDATE_2
11:49:32.851 (index):1038 UPDATE_8
11:49:32.852 (index):1038 UPDATE_11
11:49:32.854 (index):1038 UPDATE_6
11:49:32.855 (index):1038 UPDATE_1
11:49:32.856 (index):1041 UPDATE_3
11:49:33.858 (index):1097 WAITING_4
11:49:33.859 (index):1038 UPDATE_5
11:49:33.860 (index):1097 WAITING_7
11:49:33.861 (index):1038 UPDATE_9
11:49:33.863 (index):1038 UPDATE_10
11:49:33.865 (index):1038 UPDATE_12
11:49:33.867 (index):1013 NODEACCESSRELEASED_2
11:49:33.868 (index):1029 THINKING_8
11:49:33.869 (index):1029 THINKING_11
11:49:33.871 (index):1013 NODEACCESSRELEASED_6
11:49:33.872 (index):1013 NODEACCESSRELEASED_1
11:49:33.874 (index):1017 ATTRIBUTEACCESSRELEASED_3
11:49:34.856 (index):1029 THINKING_5
11:49:34.857 (index):1029 THINKING_9
11:49:34.858 (index):1029 THINKING_10
11:49:34.859 (index):1013 NODEACCESSRELEASED_12
11:49:34.861 (index):1041 UPDATE_0
11:49:35.857 (index):1097 WAITING_4
11:49:35.859 (index):1041 UPDATE_7
11:49:35.860 (index):1074 NODEACCESSREQUESTED_2
11:49:35.862 (index):1068 ATTRIBUTEACCESSREQUESTED_6
11:49:35.864 (index):1074 NODEACCESSREQUESTED_1
11:49:35.866 (index):1074 NODEACCESSREQUESTED_3
11:49:35.868 (index):1017 ATTRIBUTEACCESSRELEASED_0
11:49:36.858 (index):1074 NODEACCESSREQUESTED_12
11:49:36.859 (index):1017 ATTRIBUTEACCESSRELEASED_7
11:49:37.858 (index):1017 ATTRIBUTEACCESSRELEASED_4
11:49:37.860 (index):1038 UPDATE_2
11:49:37.863 (index):1041 UPDATE_6
11:49:37.865 (index):1038 UPDATE_1
11:49:37.867 (index):1038 UPDATE_3
11:49:37.868 (index):1068 ATTRIBUTEACCESSREQUESTED_0
11:49:37.869 (index):1038 UPDATE_10
11:49:37.870 (index):1038 UPDATE_11
11:49:37.871 (index):1038 UPDATE_5
11:49:38.858 (index):1038 UPDATE_12
11:49:38.863 (index):1074 NODEACCESSREQUESTED_7
11:49:38.865 (index):1013 NODEACCESSRELEASED_2
11:49:38.866 (index):1017 ATTRIBUTEACCESSRELEASED_6
11:49:38.867 (index):1029 THINKING_1
11:49:38.869 (index):1029 THINKING_3
11:49:38.870 (index):1013 NODEACCESSRELEASED_10
11:49:38.871 (index):1013 NODEACCESSRELEASED_11
11:49:38.872 (index):1013 NODEACCESSRELEASED_5
11:49:38.873 (index):1038 UPDATE_8
11:49:39.843 (index):1068 ATTRIBUTEACCESSREQUESTED_4
11:49:39.845 (index):1041 UPDATE_0
11:49:39.846 (index):1013 NODEACCESSRELEASED_12
11:49:39.847 (index):1013 NODEACCESSRELEASED_8
11:49:39.848 (index):1038 UPDATE_9
11:49:40.845 (index):1038 UPDATE_7
11:49:40.851 (index):1068 ATTRIBUTEACCESSREQUESTED_2
11:49:40.861 (index):1074 NODEACCESSREQUESTED_6
11:49:40.866 (index):1074 NODEACCESSREQUESTED_10
11:49:40.869 (index):1074 NODEACCESSREQUESTED_11
11:49:40.872 (index):1074 NODEACCESSREQUESTED_5
11:49:40.874 (index):1017 ATTRIBUTEACCESSRELEASED_0
11:49:40.876 (index):1029 THINKING_9
11:49:41.844 (index):1041 UPDATE_4
11:49:41.845 (index):1068 ATTRIBUTEACCESSREQUESTED_12
11:49:41.847 (index):1068 ATTRIBUTEACCESSREQUESTED_8
11:49:41.848 (index):1013 NODEACCESSRELEASED_7
11:49:42.845 (index):1041 UPDATE_2
11:49:42.846 (index):1038 UPDATE_6
11:49:42.848 (index):1038 UPDATE_10
11:49:42.849 (index):1038 UPDATE_11
11:49:42.850 (index):1038 UPDATE_5
11:49:42.851 (index):1074 NODEACCESSREQUESTED_0
11:49:42.852 (index):1017 ATTRIBUTEACCESSRELEASED_4
11:49:42.853 (index):1038 UPDATE_1
11:49:43.845 (index):1041 UPDATE_12
11:49:43.847 (index):1097 WAITING_8
11:49:43.849 (index):1074 NODEACCESSREQUESTED_7
11:49:43.851 (index):1029 THINKING_2
11:49:43.852 (index):1013 NODEACCESSRELEASED_6
11:49:43.853 (index):1029 THINKING_10
11:49:43.854 (index):1013 NODEACCESSRELEASED_11
11:49:43.855 (index):1029 THINKING_5
11:49:43.856 (index):1029 THINKING_1
11:49:43.857 (index):1038 UPDATE_3
11:49:43.858 (index):1038 UPDATE_9
11:49:44.848 (index):1038 UPDATE_0
11:49:44.850 (index):1074 NODEACCESSREQUESTED_4
11:49:44.852 (index):1029 THINKING_12
11:49:44.854 (index):1013 NODEACCESSRELEASED_3
11:49:44.856 (index):1013 NODEACCESSRELEASED_9
11:49:45.854 (index):1097 WAITING_8
11:49:45.857 (index):1038 UPDATE_7
11:49:45.859 (index):1074 NODEACCESSREQUESTED_6
11:49:45.862 (index):1074 NODEACCESSREQUESTED_11
11:49:45.864 (index):1029 THINKING_0
11:49:45.865 (index):1038 UPDATE_4
11:49:46.840 (index):1068 ATTRIBUTEACCESSREQUESTED_3
11:49:46.846 (index):1068 ATTRIBUTEACCESSREQUESTED_9
11:49:46.847 (index):1029 THINKING_7
11:49:46.848 (index):1013 NODEACCESSRELEASED_4
11:49:46.849 (index):1041 UPDATE_2
11:49:46.851 (index):1038 UPDATE_10
11:49:47.854 (index):1097 WAITING_8
11:49:47.861 (index):1038 UPDATE_6
11:49:47.864 (index):1038 UPDATE_11
11:49:47.866 (index):1017 ATTRIBUTEACCESSRELEASED_2
11:49:47.871 (index):1013 NODEACCESSRELEASED_10
11:49:47.873 (index):1038 UPDATE_5
11:49:47.875 (index):1097 WAITING_3
11:49:47.876 (index):1041 UPDATE_9
11:49:47.879 (index):1068 ATTRIBUTEACCESSREQUESTED_4
11:49:48.851 (index):1013 NODEACCESSRELEASED_6
11:49:48.857 (index):1013 NODEACCESSRELEASED_11
11:49:48.858 (index):1013 NODEACCESSRELEASED_5
11:49:48.859 (index):1017 ATTRIBUTEACCESSRELEASED_9
11:49:48.860 (index):1038 UPDATE_1
11:49:48.862 (index):1038 UPDATE_0
11:49:49.852 (index):1097 WAITING_8
11:49:49.854 (index):1068 ATTRIBUTEACCESSREQUESTED_2
11:49:49.858 (index):1074 NODEACCESSREQUESTED_10
11:49:49.861 (index):1097 WAITING_3
11:49:49.864 (index):1041 UPDATE_4
11:49:49.865 (index):1013 NODEACCESSRELEASED_1
11:49:49.867 (index):1029 THINKING_0
11:49:49.869 (index):1038 UPDATE_7
11:49:49.871 (index):1041 UPDATE_12
11:49:50.853 (index):1074 NODEACCESSREQUESTED_6
11:49:50.856 (index):1074 NODEACCESSREQUESTED_11
11:49:50.858 (index):1068 ATTRIBUTEACCESSREQUESTED_5
11:49:50.860 (index):1068 ATTRIBUTEACCESSREQUESTED_9
11:49:50.862 (index):1017 ATTRIBUTEACCESSRELEASED_4
11:49:50.864 (index):1013 NODEACCESSRELEASED_7
11:49:50.866 (index):1017 ATTRIBUTEACCESSRELEASED_12
11:49:51.840 (index):1041 UPDATE_8
11:49:51.842 (index):1041 UPDATE_2
11:49:51.846 (index):1038 UPDATE_10
11:49:51.849 (index):1097 WAITING_3
11:49:51.850 (index):1074 NODEACCESSREQUESTED_1
11:49:52.846 (index):1038 UPDATE_6
11:49:52.849 (index):1038 UPDATE_11
11:49:52.856 (index):1041 UPDATE_5
11:49:52.859 (index):1041 UPDATE_9
11:49:52.860 (index):1074 NODEACCESSREQUESTED_4
11:49:52.863 (index):1068 ATTRIBUTEACCESSREQUESTED_7
11:49:52.864 (index):1068 ATTRIBUTEACCESSREQUESTED_12
11:49:52.865 (index):1029 THINKING_8
11:49:52.868 (index):1017 ATTRIBUTEACCESSRELEASED_2
11:49:52.871 (index):1029 THINKING_10
11:49:53.847 (index):1097 WAITING_3
11:49:53.848 (index):1038 UPDATE_1
11:49:53.850 (index):1013 NODEACCESSRELEASED_6
11:49:53.851 (index):1029 THINKING_11
11:49:53.852 (index):1029 THINKING_5
11:49:53.854 (index):1017 ATTRIBUTEACCESSRELEASED_9
11:49:54.841 (index):1038 UPDATE_4
11:49:54.842 (index):1097 WAITING_7
11:49:54.843 (index):1041 UPDATE_12
11:49:54.844 (index):1074 NODEACCESSREQUESTED_2
11:49:54.846 (index):1029 THINKING_1
11:49:54.847 (index):1038 UPDATE_0
11:49:55.849 (index):1097 WAITING_3
11:49:55.853 (index):1068 ATTRIBUTEACCESSREQUESTED_6
11:49:55.854 (index):1074 NODEACCESSREQUESTED_9
11:49:55.856 (index):1013 NODEACCESSRELEASED_4
11:49:55.857 (index):1017 ATTRIBUTEACCESSRELEASED_12
11:49:55.858 (index):1013 NODEACCESSRELEASED_0
11:49:55.859 (index):1097 WAITING_7
11:49:55.860 (index):1038 UPDATE_2
11:49:56.849 (index):1029 THINKING_2
11:49:57.850 (index):1097 WAITING_3
11:49:57.854 (index):1041 UPDATE_6
11:49:57.856 (index):1038 UPDATE_9
11:49:57.857 (index):1068 ATTRIBUTEACCESSREQUESTED_4
11:49:57.859 (index):1068 ATTRIBUTEACCESSREQUESTED_12
11:49:57.860 (index):1074 NODEACCESSREQUESTED_0
11:49:57.862 (index):1097 WAITING_7
11:49:57.863 (index):1038 UPDATE_1
11:49:57.864 (index):1041 UPDATE_8
11:49:57.865 (index):1038 UPDATE_10
11:49:58.852 (index):1029 THINKING_6
11:49:58.856 (index):1029 THINKING_9
11:49:58.857 (index):1013 NODEACCESSRELEASED_1
11:49:58.859 (index):1017 ATTRIBUTEACCESSRELEASED_8
11:49:58.860 (index):1013 NODEACCESSRELEASED_10
11:49:58.861 (index):1038 UPDATE_11
11:49:58.862 (index):1041 UPDATE_5
11:49:59.852 (index):1041 UPDATE_3
11:49:59.854 (index):1041 UPDATE_4
11:49:59.856 (index):1041 UPDATE_12
11:49:59.857 (index):1038 UPDATE_0
11:49:59.859 (index):1097 WAITING_7
11:49:59.860 (index):1013 NODEACCESSRELEASED_11
11:49:59.861 (index):1029 THINKING_5
11:49:59.862 (index):1038 UPDATE_2
11:50:00.853 (index):1074 NODEACCESSREQUESTED_1
11:50:00.860 (index):1068 ATTRIBUTEACCESSREQUESTED_8
11:50:00.864 (index):1074 NODEACCESSREQUESTED_10
11:50:00.867 (index):1017 ATTRIBUTEACCESSRELEASED_3
11:50:00.869 (index):1029 THINKING_4
11:50:00.871 (index):1017 ATTRIBUTEACCESSRELEASED_12
11:50:00.873 (index):1029 THINKING_0
11:50:00.876 (index):1029 THINKING_2
11:50:01.854 (index):1041 UPDATE_7
11:50:01.860 (index):1068 ATTRIBUTEACCESSREQUESTED_11
11:50:01.865 (index):1041 UPDATE_6
11:50:02.845 (index):1038 UPDATE_1
11:50:02.853 (index):1097 WAITING_8
11:50:02.861 (index):1038 UPDATE_10
11:50:02.865 (index):1074 NODEACCESSREQUESTED_3
11:50:02.868 (index):1068 ATTRIBUTEACCESSREQUESTED_12
11:50:02.870 (index):1041 UPDATE_5
11:50:02.871 (index):1029 THINKING_7
11:50:02.873 (index):1038 UPDATE_9
11:50:02.875 (index):1029 THINKING_6
11:50:03.845 (index):1097 WAITING_11
11:50:03.846 (index):1029 THINKING_1
11:50:03.848 (index):1029 THINKING_10
11:50:03.849 (index):1017 ATTRIBUTEACCESSRELEASED_5
11:50:03.850 (index):1013 NODEACCESSRELEASED_9
11:50:03.851 (index):1038 UPDATE_0
11:50:03.852 (index):1038 UPDATE_2
11:50:03.854 (index):1041 UPDATE_4
11:50:04.845 (index):1041 UPDATE_8
11:50:04.848 (index):1038 UPDATE_3
11:50:04.849 (index):1097 WAITING_12
11:50:04.851 (index):1013 NODEACCESSRELEASED_0
11:50:04.852 (index):1029 THINKING_2
11:50:04.853 (index):1017 ATTRIBUTEACCESSRELEASED_4
11:50:05.840 (index):1097 WAITING_11
11:50:05.841 (index):1074 NODEACCESSREQUESTED_5
11:50:05.843 (index):1074 NODEACCESSREQUESTED_9
11:50:05.844 (index):1017 ATTRIBUTEACCESSRELEASED_8
11:50:05.846 (index):1013 NODEACCESSRELEASED_3
11:50:05.847 (index):1041 UPDATE_6
11:50:06.849 (index):1097 WAITING_12
11:50:06.851 (index):1074 NODEACCESSREQUESTED_0
11:50:06.853 (index):1068 ATTRIBUTEACCESSREQUESTED_4
11:50:06.855 (index):1017 ATTRIBUTEACCESSRELEASED_6
11:50:06.856 (index):1038 UPDATE_1
11:50:06.858 (index):1041 UPDATE_11
11:50:06.860 (index):1038 UPDATE_5
11:50:06.862 (index):1038 UPDATE_9
11:50:06.864 (index):1074 NODEACCESSREQUESTED_8
11:50:06.866 (index):1074 NODEACCESSREQUESTED_3
11:50:07.855 (index):1029 THINKING_1
11:50:07.857 (index):1017 ATTRIBUTEACCESSRELEASED_11
11:50:07.859 (index):1029 THINKING_5
11:50:07.861 (index):1013 NODEACCESSRELEASED_9
11:50:07.863 (index):1041 UPDATE_7
11:50:07.865 (index):1038 UPDATE_10
11:50:07.868 (index):1041 UPDATE_12
11:50:07.869 (index):1038 UPDATE_0
11:50:07.871 (index):1041 UPDATE_4
11:50:08.842 (index):1074 NODEACCESSREQUESTED_6
11:50:08.844 (index):1038 UPDATE_8
11:50:08.846 (index):1038 UPDATE_3
11:50:08.848 (index):1017 ATTRIBUTEACCESSRELEASED_7
11:50:08.850 (index):1013 NODEACCESSRELEASED_10
11:50:08.853 (index):1017 ATTRIBUTEACCESSRELEASED_12
11:50:08.855 (index):1013 NODEACCESSRELEASED_0
11:50:08.857 (index):1029 THINKING_4
11:50:09.849 (index):1068 ATTRIBUTEACCESSREQUESTED_11
11:50:09.850 (index):1068 ATTRIBUTEACCESSREQUESTED_9
11:50:09.852 (index):1029 THINKING_8
11:50:09.853 (index):1013 NODEACCESSRELEASED_3
11:50:09.854 (index):1038 UPDATE_2
11:50:09.856 (index):1038 UPDATE_6
11:50:10.852 (index):1074 NODEACCESSREQUESTED_7
11:50:10.854 (index):1074 NODEACCESSREQUESTED_10
11:50:10.855 (index):1068 ATTRIBUTEACCESSREQUESTED_12
11:50:10.857 (index):1074 NODEACCESSREQUESTED_0
11:50:10.858 (index):1013 NODEACCESSRELEASED_2
11:50:10.860 (index):1013 NODEACCESSRELEASED_6
11:50:10.861 (index):1041 UPDATE_11
11:50:10.862 (index):1041 UPDATE_9
11:50:11.854 (index):1074 NODEACCESSREQUESTED_3
11:50:11.856 (index):1017 ATTRIBUTEACCESSRELEASED_11
11:50:11.857 (index):1029 THINKING_9
11:50:12.839 (index):1038 UPDATE_7
11:50:12.840 (index):1038 UPDATE_10
11:50:12.841 (index):1041 UPDATE_12
11:50:12.842 (index):1038 UPDATE_0
11:50:12.843 (index):1074 NODEACCESSREQUESTED_2
11:50:12.844 (index):1074 NODEACCESSREQUESTED_6
11:50:12.845 (index):1038 UPDATE_1
11:50:12.846 (index):1038 UPDATE_5
11:50:13.849 (index):1038 UPDATE_3
11:50:13.853 (index):1074 NODEACCESSREQUESTED_11
11:50:13.854 (index):1013 NODEACCESSRELEASED_7
11:50:13.855 (index):1029 THINKING_10
11:50:13.857 (index):1017 ATTRIBUTEACCESSRELEASED_12
11:50:13.858 (index):1029 THINKING_0
11:50:13.859 (index):1029 THINKING_1
11:50:13.861 (index):1013 NODEACCESSRELEASED_5
11:50:13.862 (index):1041 UPDATE_4
11:50:13.863 (index):1038 UPDATE_8
11:50:13.864 (index):1038 UPDATE_2
11:50:13.865 (index):1038 UPDATE_6
11:50:14.854 (index):1013 NODEACCESSRELEASED_3
11:50:14.856 (index):1029 THINKING_4
11:50:14.858 (index):1013 NODEACCESSRELEASED_8
11:50:14.861 (index):1013 NODEACCESSRELEASED_2
11:50:14.863 (index):1013 NODEACCESSRELEASED_6
11:50:15.849 (index):1038 UPDATE_11
11:50:15.852 (index):1074 NODEACCESSREQUESTED_7
11:50:15.854 (index):1074 NODEACCESSREQUESTED_12
11:50:15.855 (index):1074 NODEACCESSREQUESTED_5
11:50:15.857 (index):1041 UPDATE_9
11:50:16.848 (index):1074 NODEACCESSREQUESTED_3
11:50:16.850 (index):1074 NODEACCESSREQUESTED_8
11:50:16.851 (index):1074 NODEACCESSREQUESTED_2
11:50:16.852 (index):1068 ATTRIBUTEACCESSREQUESTED_6
11:50:16.853 (index):1029 THINKING_11
11:50:16.854 (index):1017 ATTRIBUTEACCESSRELEASED_9
11:50:17.849 (index):1038 UPDATE_7
11:50:17.851 (index):1038 UPDATE_12
11:50:17.852 (index):1038 UPDATE_5
11:50:18.839 (index):1038 UPDATE_3
11:50:18.841 (index):1038 UPDATE_8
11:50:18.842 (index):1038 UPDATE_2
11:50:18.844 (index):1041 UPDATE_6
11:50:18.845 (index):1038 UPDATE_0
11:50:18.846 (index):1068 ATTRIBUTEACCESSREQUESTED_9
11:50:18.848 (index):1013 NODEACCESSRELEASED_7
11:50:18.849 (index):1013 NODEACCESSRELEASED_12
11:50:18.851 (index):1013 NODEACCESSRELEASED_5
11:50:18.852 (index):1038 UPDATE_1
11:50:18.853 (index):1038 UPDATE_10
11:50:18.854 (index):1041 UPDATE_4
11:50:19.851 (index):1029 THINKING_3
11:50:19.853 (index):1013 NODEACCESSRELEASED_8
11:50:19.854 (index):1013 NODEACCESSRELEASED_2
11:50:19.856 (index):1017 ATTRIBUTEACCESSRELEASED_6
11:50:19.857 (index):1013 NODEACCESSRELEASED_0
11:50:19.859 (index):1013 NODEACCESSRELEASED_1
11:50:19.860 (index):1013 NODEACCESSRELEASED_10
11:50:19.861 (index):1029 THINKING_4
11:50:19.863 (index):1097 WAITING_9
11:50:19.864 (index):1068 ATTRIBUTEACCESSREQUESTED_7
11:50:20.852 (index):1074 NODEACCESSREQUESTED_12
11:50:20.853 (index):1074 NODEACCESSREQUESTED_5
11:50:20.854 (index):1038 UPDATE_11
11:50:21.854 (index):1074 NODEACCESSREQUESTED_8
11:50:21.855 (index):1074 NODEACCESSREQUESTED_2
11:50:21.857 (index):1074 NODEACCESSREQUESTED_6
11:50:21.858 (index):1068 ATTRIBUTEACCESSREQUESTED_0
11:50:21.860 (index):1074 NODEACCESSREQUESTED_1
11:50:21.861 (index):1068 ATTRIBUTEACCESSREQUESTED_10
11:50:21.862 (index):1097 WAITING_9
11:50:21.863 (index):1041 UPDATE_7
11:50:21.864 (index):1013 NODEACCESSRELEASED_11
11:50:21.865 (index):1038 UPDATE_12
11:50:22.841 (index):1038 UPDATE_5
11:50:22.842 (index):1017 ATTRIBUTEACCESSRELEASED_7
11:50:22.844 (index):1029 THINKING_12
11:50:22.845 (index):1038 UPDATE_3
11:50:22.846 (index):1041 UPDATE_4
11:50:23.845 (index):1038 UPDATE_8
11:50:23.851 (index):1038 UPDATE_2
11:50:23.855 (index):1038 UPDATE_6
11:50:23.857 (index):1041 UPDATE_0
11:50:23.860 (index):1038 UPDATE_1
11:50:23.862 (index):1041 UPDATE_10
11:50:23.864 (index):1097 WAITING_9
11:50:23.865 (index):1074 NODEACCESSREQUESTED_11
11:50:23.867 (index):1013 NODEACCESSRELEASED_5
11:50:23.868 (index):1013 NODEACCESSRELEASED_3
11:50:23.869 (index):1017 ATTRIBUTEACCESSRELEASED_4
11:50:23.870 (index):1074 NODEACCESSREQUESTED_7
11:50:24.845 (index):1013 NODEACCESSRELEASED_8
11:50:24.847 (index):1013 NODEACCESSRELEASED_2
11:50:24.848 (index):1013 NODEACCESSRELEASED_6
11:50:24.849 (index):1017 ATTRIBUTEACCESSRELEASED_0
11:50:24.851 (index):1029 THINKING_1
11:50:24.852 (index):1017 ATTRIBUTEACCESSRELEASED_10
11:50:25.841 (index):1041 UPDATE_9
11:50:25.846 (index):1038 UPDATE_11
11:50:25.847 (index):1074 NODEACCESSREQUESTED_5
11:50:25.848 (index):1068 ATTRIBUTEACCESSREQUESTED_3
11:50:25.849 (index):1074 NODEACCESSREQUESTED_4
11:50:25.850 (index):1038 UPDATE_7
11:50:26.842 (index):1074 NODEACCESSREQUESTED_8
11:50:26.843 (index):1074 NODEACCESSREQUESTED_2
11:50:26.844 (index):1074 NODEACCESSREQUESTED_6
11:50:26.845 (index):1074 NODEACCESSREQUESTED_0
11:50:26.846 (index):1068 ATTRIBUTEACCESSREQUESTED_10
11:50:26.848 (index):1017 ATTRIBUTEACCESSRELEASED_9
11:50:26.849 (index):1013 NODEACCESSRELEASED_11
11:50:26.850 (index):1013 NODEACCESSRELEASED_7
11:50:26.851 (index):1038 UPDATE_12
11:50:27.842 (index):1038 UPDATE_5
11:50:27.845 (index):1041 UPDATE_3
11:50:27.846 (index):1038 UPDATE_4
11:50:27.847 (index):1013 NODEACCESSRELEASED_12
11:50:27.849 (index):1038 UPDATE_1
11:50:28.844 (index):1038 UPDATE_8
11:50:28.846 (index):1038 UPDATE_2
11:50:28.848 (index):1038 UPDATE_6
11:50:28.849 (index):1038 UPDATE_0
11:50:28.851 (index):1097 WAITING_10
11:50:28.852 (index):1074 NODEACCESSREQUESTED_9
11:50:28.854 (index):1068 ATTRIBUTEACCESSREQUESTED_11
11:50:28.856 (index):1068 ATTRIBUTEACCESSREQUESTED_7
11:50:28.858 (index):1013 NODEACCESSRELEASED_5
11:50:28.860 (index):1017 ATTRIBUTEACCESSRELEASED_3
11:50:28.863 (index):1013 NODEACCESSRELEASED_4
11:50:28.865 (index):1013 NODEACCESSRELEASED_1
11:50:29.842 (index):1068 ATTRIBUTEACCESSREQUESTED_12
11:50:29.846 (index):1013 NODEACCESSRELEASED_8
11:50:29.855 (index):1108 END_2
11:50:29.858 (index):1108 END_6
11:50:29.860 (index):1013 NODEACCESSRELEASED_0
11:50:30.854 (index):1041 UPDATE_10
11:50:30.856 (index):1038 UPDATE_9
11:50:30.858 (index):1041 UPDATE_11
11:50:30.859 (index):1041 UPDATE_7
11:50:30.861 (index):1074 NODEACCESSREQUESTED_5
11:50:30.862 (index):1068 ATTRIBUTEACCESSREQUESTED_3
11:50:30.865 (index):1074 NODEACCESSREQUESTED_4
11:50:30.867 (index):1074 NODEACCESSREQUESTED_1
11:50:30.869 (index):1097 WAITING_12
11:50:30.872 (index):1074 NODEACCESSREQUESTED_8
11:50:31.848 (index):1074 NODEACCESSREQUESTED_0
11:50:31.852 (index):1017 ATTRIBUTEACCESSRELEASED_10
11:50:31.854 (index):1013 NODEACCESSRELEASED_9
11:50:31.857 (index):1029 THINKING_11
11:50:31.859 (index):1029 THINKING_7
11:50:32.846 (index):1038 UPDATE_5
11:50:32.848 (index):1041 UPDATE_3
11:50:32.850 (index):1038 UPDATE_4
11:50:32.853 (index):1038 UPDATE_1
11:50:32.855 (index):1041 UPDATE_12
11:50:32.856 (index):1038 UPDATE_8
11:50:33.843 (index):1038 UPDATE_0
11:50:33.846 (index):1074 NODEACCESSREQUESTED_10
11:50:33.847 (index):1074 NODEACCESSREQUESTED_9
11:50:33.850 (index):1108 END_5
11:50:33.853 (index):1029 THINKING_3
11:50:33.858 (index):1029 THINKING_4
11:50:33.863 (index):1108 END_1
11:50:33.866 (index):1017 ATTRIBUTEACCESSRELEASED_12
11:50:33.870 (index):1013 NODEACCESSRELEASED_8
11:50:34.842 (index):1108 END_0
11:50:35.842 (index):1038 UPDATE_10
11:50:35.843 (index):1038 UPDATE_9
11:50:35.845 (index):1068 ATTRIBUTEACCESSREQUESTED_12
11:50:35.848 (index):1068 ATTRIBUTEACCESSREQUESTED_8
11:50:35.851 (index):1041 UPDATE_11
11:50:35.853 (index):1041 UPDATE_7
11:50:36.844 (index):1108 END_10
11:50:36.845 (index):1108 END_9
11:50:36.846 (index):1108 END_11
11:50:36.848 (index):1017 ATTRIBUTEACCESSRELEASED_7
11:50:36.850 (index):1041 UPDATE_3
11:50:37.841 (index):1097 WAITING_12
11:50:37.843 (index):1097 WAITING_8
11:50:37.846 (index):1017 ATTRIBUTEACCESSRELEASED_3
11:50:38.840 (index):1074 NODEACCESSREQUESTED_7
11:50:38.842 (index):1038 UPDATE_4
11:50:39.842 (index):1041 UPDATE_12
11:50:39.844 (index):1097 WAITING_8
11:50:39.845 (index):1074 NODEACCESSREQUESTED_3
11:50:39.849 (index):1108 END_4
11:50:40.848 (index):1038 UPDATE_7
11:50:40.851 (index):1108 END_12
11:50:40.852 (index):1041 UPDATE_8
11:50:41.851 (index):1038 UPDATE_3
11:50:41.853 (index):1108 END_7
11:50:41.856 (index):1017 ATTRIBUTEACCESSRELEASED_8
11:50:42.851 (index):1108 END_3
11:50:43.854 (index):1074 NODEACCESSREQUESTED_8
11:50:45.842 (index):1038 UPDATE_8
11:50:46.842 (index):1108 END_8
