11:38:19.852 (index):1199 Tasks: 25; Collaborators: 4    =========================>
11:38:19.853 (index):1068 ATTRIBUTEACCESSREQUESTED_0
11:38:19.854 (index):1074 NODEACCESSREQUESTED_1
11:38:19.855 (index):1074 NODEACCESSREQUESTED_2
11:38:19.857 (index):1068 ATTRIBUTEACCESSREQUESTED_3
11:38:21.851 (index):1029 THINKING_0
11:38:21.852 (index):1029 THINKING_1
11:38:21.854 (index):1013 NODEACCESSRELEASED_2
11:38:21.856 (index):1017 ATTRIBUTEACCESSRELEASED_3
11:38:23.854 (index):1074 NODEACCESSREQUESTED_2
11:38:23.857 (index):1068 ATTRIBUTEACCESSREQUESTED_3
11:38:24.839 (index):1038 UPDATE_1
11:38:25.845 (index):1038 UPDATE_2
11:38:25.848 (index):1097 WAITING_3
11:38:25.850 (index):1013 NODEACCESSRELEASED_1
11:38:26.847 (index):1013 NODEACCESSRELEASED_2
11:38:26.850 (index):1041 UPDATE_0
11:38:27.848 (index):1097 WAITING_3
11:38:27.851 (index):1074 NODEACCESSREQUESTED_1
11:38:27.853 (index):1017 ATTRIBUTEACCESSRELEASED_0
11:38:28.850 (index):1074 NODEACCESSREQUESTED_2
11:38:29.858 (index):1041 UPDATE_3
11:38:29.862 (index):1038 UPDATE_1
11:38:29.864 (index):1068 ATTRIBUTEACCESSREQUESTED_0
11:38:29.866 (index):1038 UPDATE_2
11:38:30.862 (index):1017 ATTRIBUTEACCESSRELEASED_3
11:38:30.863 (index):1029 THINKING_1
11:38:30.864 (index):1013 NODEACCESSRELEASED_2
11:38:31.841 (index):1041 UPDATE_0
11:38:32.842 (index):1074 NODEACCESSREQUESTED_3
11:38:32.846 (index):1068 ATTRIBUTEACCESSREQUESTED_2
11:38:32.848 (index):1017 ATTRIBUTEACCESSRELEASED_0
11:38:33.847 (index):1038 UPDATE_3
11:38:34.849 (index):1041 UPDATE_2
11:38:34.852 (index):1074 NODEACCESSREQUESTED_0
11:38:34.853 (index):1029 THINKING_3
11:38:34.854 (index):1038 UPDATE_1
11:38:35.851 (index):1029 THINKING_2
11:38:35.852 (index):1029 THINKING_1
11:38:36.851 (index):1038 UPDATE_0
11:38:37.851 (index):1029 THINKING_0
11:38:38.853 (index):1041 UPDATE_2
11:38:39.854 (index):1017 ATTRIBUTEACCESSRELEASED_2
11:38:39.858 (index):1038 UPDATE_3
11:38:40.855 (index):1013 NODEACCESSRELEASED_3
11:38:40.859 (index):1038 UPDATE_1
11:38:40.862 (index):1038 UPDATE_0
11:38:41.841 (index):1068 ATTRIBUTEACCESSREQUESTED_2
11:38:41.844 (index):1013 NODEACCESSRELEASED_1
11:38:41.846 (index):1029 THINKING_0
11:38:42.844 (index):1068 ATTRIBUTEACCESSREQUESTED_3
11:38:43.845 (index):1041 UPDATE_2
11:38:43.849 (index):1074 NODEACCESSREQUESTED_1
11:38:44.849 (index):1041 UPDATE_3
11:38:44.853 (index):1017 ATTRIBUTEACCESSRELEASED_2
11:38:45.854 (index):1038 UPDATE_1
11:38:45.858 (index):1017 ATTRIBUTEACCESSRELEASED_3
11:38:46.841 (index):1074 NODEACCESSREQUESTED_2
11:38:46.844 (index):1029 THINKING_1
11:38:46.847 (index):1038 UPDATE_0
11:38:47.843 (index):1074 NODEACCESSREQUESTED_3
11:38:47.847 (index):1013 NODEACCESSRELEASED_0
11:38:48.841 (index):1038 UPDATE_2
11:38:49.846 (index):1038 UPDATE_3
11:38:49.850 (index):1074 NODEACCESSREQUESTED_0
11:38:49.852 (index):1029 THINKING_2
11:38:49.853 (index):1038 UPDATE_1
11:38:50.847 (index):1013 NODEACCESSRELEASED_3
11:38:50.850 (index):1013 NODEACCESSRELEASED_1
11:38:51.852 (index):1038 UPDATE_0
11:38:51.856 (index):1074 NODEACCESSREQUESTED_3
11:38:51.858 (index):1074 NODEACCESSREQUESTED_1
11:38:52.854 (index):1029 THINKING_0
11:38:52.858 (index):1038 UPDATE_2
11:38:53.856 (index):1038 UPDATE_3
11:38:53.859 (index):1038 UPDATE_1
11:38:53.861 (index):1029 THINKING_2
11:38:54.843 (index):1013 NODEACCESSRELEASED_3
11:38:54.847 (index):1029 THINKING_1
11:38:55.845 (index):1038 UPDATE_0
11:38:56.849 (index):1074 NODEACCESSREQUESTED_3
11:38:56.853 (index):1013 NODEACCESSRELEASED_0
11:38:56.855 (index):1038 UPDATE_2
11:38:57.844 (index):1029 THINKING_2
11:38:57.848 (index):1038 UPDATE_1
11:38:58.845 (index):1038 UPDATE_3
11:38:58.847 (index):1074 NODEACCESSREQUESTED_0
11:38:58.849 (index):1029 THINKING_1
11:38:59.855 (index):1013 NODEACCESSRELEASED_3
11:38:59.856 (index):1038 UPDATE_0
11:39:00.851 (index):1013 NODEACCESSRELEASED_0
11:39:01.851 (index):1074 NODEACCESSREQUESTED_3
11:39:02.853 (index):1074 NODEACCESSREQUESTED_0
11:39:02.857 (index):1038 UPDATE_2
11:39:03.855 (index):1038 UPDATE_3
11:39:03.859 (index):1013 NODEACCESSRELEASED_2
11:39:03.860 (index):1038 UPDATE_1
11:39:04.845 (index):1038 UPDATE_0
11:39:04.848 (index):1029 THINKING_3
11:39:04.851 (index):1029 THINKING_1
11:39:05.849 (index):1074 NODEACCESSREQUESTED_2
11:39:05.854 (index):1029 THINKING_0
11:39:07.854 (index):1038 UPDATE_2
11:39:07.859 (index):1038 UPDATE_3
11:39:08.861 (index):1013 NODEACCESSRELEASED_2
11:39:08.863 (index):1013 NODEACCESSRELEASED_3
11:39:09.862 (index):1038 UPDATE_1
11:39:09.863 (index):1038 UPDATE_0
11:39:10.840 (index):1074 NODEACCESSREQUESTED_2
11:39:10.843 (index):1068 ATTRIBUTEACCESSREQUESTED_3
11:39:10.845 (index):1013 NODEACCESSRELEASED_1
11:39:10.846 (index):1013 NODEACCESSRELEASED_0
11:39:12.842 (index):1038 UPDATE_2
11:39:12.843 (index):1041 UPDATE_3
11:39:12.844 (index):1074 NODEACCESSREQUESTED_1
11:39:12.845 (index):1068 ATTRIBUTEACCESSREQUESTED_0
11:39:13.849 (index):1013 NODEACCESSRELEASED_2
11:39:13.853 (index):1017 ATTRIBUTEACCESSRELEASED_3
11:39:13.857 (index):1038 UPDATE_1
11:39:13.862 (index):1041 UPDATE_0
11:39:14.852 (index):1029 THINKING_1
11:39:14.856 (index):1017 ATTRIBUTEACCESSRELEASED_0
11:39:14.858 (index):1074 NODEACCESSREQUESTED_2
11:39:15.841 (index):1068 ATTRIBUTEACCESSREQUESTED_3
11:39:16.847 (index):1074 NODEACCESSREQUESTED_0
11:39:16.851 (index):1038 UPDATE_2
11:39:16.854 (index):1041 UPDATE_3
11:39:17.851 (index):1013 NODEACCESSRELEASED_2
11:39:17.855 (index):1029 THINKING_3
11:39:17.860 (index):1038 UPDATE_1
11:39:17.864 (index):1038 UPDATE_0
11:39:18.841 (index):1013 NODEACCESSRELEASED_1
11:39:18.844 (index):1013 NODEACCESSRELEASED_0
11:39:19.849 (index):1074 NODEACCESSREQUESTED_2
11:39:19.853 (index):1074 NODEACCESSREQUESTED_1
11:39:19.858 (index):1074 NODEACCESSREQUESTED_0
11:39:20.851 (index):1041 UPDATE_3
11:39:21.853 (index):1038 UPDATE_2
11:39:21.856 (index):1038 UPDATE_1
11:39:21.858 (index):1038 UPDATE_0
11:39:21.860 (index):1017 ATTRIBUTEACCESSRELEASED_3
11:39:22.840 (index):1108 END_2
11:39:22.841 (index):1108 END_1
11:39:22.843 (index):1108 END_0
11:39:23.846 (index):1074 NODEACCESSREQUESTED_3
11:39:25.848 (index):1038 UPDATE_3
11:39:26.850 (index):1108 END_3
