11:55:20.858 (index):1498 Tasks: 25; Collaborators: 17    =========================>
11:55:20.862 (index):1068 ATTRIBUTEACCESSREQUESTED_0
11:55:20.863 (index):1074 NODEACCESSREQUESTED_1
11:55:20.864 (index):1074 NODEACCESSREQUESTED_2
11:55:20.866 (index):1068 ATTRIBUTEACCESSREQUESTED_3
11:55:20.867 (index):1068 ATTRIBUTEACCESSREQUESTED_4
11:55:20.868 (index):1074 NODEACCESSREQUESTED_5
11:55:20.869 (index):1074 NODEACCESSREQUESTED_6
11:55:20.869 (index):1068 ATTRIBUTEACCESSREQUESTED_7
11:55:20.870 (index):1074 NODEACCESSREQUESTED_8
11:55:20.871 (index):1074 NODEACCESSREQUESTED_9
11:55:20.872 (index):1074 NODEACCESSREQUESTED_10
11:55:20.873 (index):1074 NODEACCESSREQUESTED_11
11:55:20.874 (index):1074 NODEACCESSREQUESTED_12
11:55:20.875 (index):1074 NODEACCESSREQUESTED_13
11:55:20.876 (index):1074 NODEACCESSREQUESTED_14
11:55:20.877 (index):1074 NODEACCESSREQUESTED_15
11:55:20.878 (index):1074 NODEACCESSREQUESTED_16
11:55:22.854 (index):1029 THINKING_0
11:55:22.856 (index):1029 THINKING_1
11:55:22.859 (index):1013 NODEACCESSRELEASED_2
11:55:22.860 (index):1097 WAITING_3
11:55:22.861 (index):1017 ATTRIBUTEACCESSRELEASED_4
11:55:22.863 (index):1013 NODEACCESSRELEASED_5
11:55:22.864 (index):1029 THINKING_6
11:55:22.865 (index):1097 WAITING_7
11:55:22.866 (index):1029 THINKING_8
11:55:22.867 (index):1013 NODEACCESSRELEASED_9
11:55:22.868 (index):1013 NODEACCESSRELEASED_10
11:55:22.869 (index):1029 THINKING_11
11:55:22.870 (index):1013 NODEACCESSRELEASED_12
11:55:22.872 (index):1029 THINKING_13
11:55:22.873 (index):1029 THINKING_14
11:55:22.875 (index):1029 THINKING_15
11:55:22.876 (index):1097 WAITING_16
11:55:24.859 (index):1074 NODEACCESSREQUESTED_2
11:55:24.860 (index):1097 WAITING_3
11:55:24.862 (index):1068 ATTRIBUTEACCESSREQUESTED_4
11:55:24.863 (index):1074 NODEACCESSREQUESTED_5
11:55:24.864 (index):1097 WAITING_7
11:55:24.866 (index):1074 NODEACCESSREQUESTED_9
11:55:24.867 (index):1074 NODEACCESSREQUESTED_10
11:55:24.868 (index):1074 NODEACCESSREQUESTED_12
11:55:24.869 (index):1097 WAITING_16
11:55:25.840 (index):1038 UPDATE_8
11:55:25.846 (index):1038 UPDATE_11
11:55:25.851 (index):1038 UPDATE_6
11:55:25.855 (index):1038 UPDATE_1
11:55:26.845 (index):1038 UPDATE_2
11:55:26.851 (index):1097 WAITING_3
11:55:26.856 (index):1041 UPDATE_4
11:55:26.861 (index):1038 UPDATE_5
11:55:26.864 (index):1097 WAITING_7
11:55:26.867 (index):1038 UPDATE_9
11:55:26.868 (index):1038 UPDATE_10
11:55:26.870 (index):1038 UPDATE_12
11:55:26.872 (index):1097 WAITING_16
11:55:26.873 (index):1029 THINKING_8
11:55:26.875 (index):1029 THINKING_11
11:55:26.876 (index):1013 NODEACCESSRELEASED_6
11:55:26.878 (index):1013 NODEACCESSRELEASED_1
11:55:26.879 (index):1038 UPDATE_15
11:55:27.848 (index):1013 NODEACCESSRELEASED_2
11:55:27.850 (index):1017 ATTRIBUTEACCESSRELEASED_4
11:55:27.851 (index):1029 THINKING_5
11:55:27.853 (index):1029 THINKING_9
11:55:27.854 (index):1029 THINKING_10
11:55:27.856 (index):1013 NODEACCESSRELEASED_12
11:55:27.857 (index):1013 NODEACCESSRELEASED_15
11:55:27.858 (index):1038 UPDATE_13
11:55:27.860 (index):1041 UPDATE_0
11:55:27.861 (index):1038 UPDATE_14
11:55:28.852 (index):1097 WAITING_3
11:55:28.854 (index):1097 WAITING_7
11:55:28.855 (index):1097 WAITING_16
11:55:28.857 (index):1068 ATTRIBUTEACCESSREQUESTED_6
11:55:28.858 (index):1074 NODEACCESSREQUESTED_1
11:55:28.860 (index):1013 NODEACCESSRELEASED_13
11:55:28.861 (index):1017 ATTRIBUTEACCESSRELEASED_0
11:55:28.863 (index):1013 NODEACCESSRELEASED_14
11:55:28.864 (index):1074 NODEACCESSREQUESTED_2
11:55:28.865 (index):1074 NODEACCESSREQUESTED_4
11:55:29.853 (index):1074 NODEACCESSREQUESTED_12
11:55:29.855 (index):1074 NODEACCESSREQUESTED_15
11:55:30.840 (index):1017 ATTRIBUTEACCESSRELEASED_3
11:55:30.844 (index):1017 ATTRIBUTEACCESSRELEASED_7
11:55:30.846 (index):1097 WAITING_16
11:55:30.848 (index):1041 UPDATE_6
11:55:30.849 (index):1038 UPDATE_1
11:55:30.850 (index):1068 ATTRIBUTEACCESSREQUESTED_13
11:55:30.852 (index):1068 ATTRIBUTEACCESSREQUESTED_0
11:55:30.853 (index):1074 NODEACCESSREQUESTED_14
11:55:30.854 (index):1038 UPDATE_2
11:55:30.856 (index):1038 UPDATE_4
11:55:30.857 (index):1038 UPDATE_10
11:55:30.858 (index):1038 UPDATE_11
11:55:30.860 (index):1038 UPDATE_5
11:55:31.841 (index):1038 UPDATE_12
11:55:31.842 (index):1038 UPDATE_15
11:55:31.844 (index):1017 ATTRIBUTEACCESSRELEASED_6
11:55:31.845 (index):1029 THINKING_1
11:55:31.846 (index):1013 NODEACCESSRELEASED_2
11:55:31.847 (index):1013 NODEACCESSRELEASED_4
11:55:31.849 (index):1013 NODEACCESSRELEASED_10
11:55:31.850 (index):1013 NODEACCESSRELEASED_11
11:55:31.851 (index):1013 NODEACCESSRELEASED_5
11:55:31.852 (index):1038 UPDATE_8
11:55:32.842 (index):1068 ATTRIBUTEACCESSREQUESTED_3
11:55:32.847 (index):1068 ATTRIBUTEACCESSREQUESTED_7
11:55:32.848 (index):1097 WAITING_16
11:55:32.850 (index):1041 UPDATE_13
11:55:32.851 (index):1041 UPDATE_0
11:55:32.852 (index):1038 UPDATE_14
11:55:32.853 (index):1013 NODEACCESSRELEASED_12
11:55:32.854 (index):1013 NODEACCESSRELEASED_15
11:55:32.855 (index):1013 NODEACCESSRELEASED_8
11:55:32.856 (index):1038 UPDATE_9
11:55:33.843 (index):1074 NODEACCESSREQUESTED_6
11:55:33.844 (index):1068 ATTRIBUTEACCESSREQUESTED_2
11:55:33.846 (index):1068 ATTRIBUTEACCESSREQUESTED_4
11:55:33.848 (index):1074 NODEACCESSREQUESTED_10
11:55:33.850 (index):1074 NODEACCESSREQUESTED_11
11:55:33.851 (index):1074 NODEACCESSREQUESTED_5
11:55:33.853 (index):1017 ATTRIBUTEACCESSRELEASED_13
11:55:33.854 (index):1017 ATTRIBUTEACCESSRELEASED_0
11:55:33.856 (index):1029 THINKING_14
11:55:33.857 (index):1029 THINKING_9
11:55:34.845 (index):1041 UPDATE_3
11:55:34.847 (index):1097 WAITING_7
11:55:34.848 (index):1097 WAITING_16
11:55:34.849 (index):1068 ATTRIBUTEACCESSREQUESTED_12
11:55:34.851 (index):1068 ATTRIBUTEACCESSREQUESTED_15
11:55:34.852 (index):1068 ATTRIBUTEACCESSREQUESTED_8
11:55:34.852 (index):1038 UPDATE_6
11:55:35.854 (index):1097 WAITING_2
11:55:35.858 (index):1097 WAITING_4
11:55:35.860 (index):1038 UPDATE_10
11:55:35.861 (index):1038 UPDATE_11
11:55:35.862 (index):1038 UPDATE_5
11:55:35.864 (index):1068 ATTRIBUTEACCESSREQUESTED_13
11:55:35.865 (index):1074 NODEACCESSREQUESTED_0
11:55:35.866 (index):1017 ATTRIBUTEACCESSRELEASED_3
11:55:35.868 (index):1013 NODEACCESSRELEASED_6
11:55:35.869 (index):1038 UPDATE_1
11:55:35.870 (index):1041 UPDATE_7
11:55:35.871 (index):1097 WAITING_16
11:55:35.872 (index):1097 WAITING_12
11:55:35.874 (index):1097 WAITING_15
11:55:35.875 (index):1041 UPDATE_8
11:55:36.853 (index):1029 THINKING_10
11:55:36.854 (index):1013 NODEACCESSRELEASED_11
11:55:36.856 (index):1029 THINKING_5
11:55:36.857 (index):1029 THINKING_1
11:55:36.858 (index):1017 ATTRIBUTEACCESSRELEASED_7
11:55:36.859 (index):1029 THINKING_8
11:55:36.860 (index):1038 UPDATE_9
11:55:37.853 (index):1038 UPDATE_14
11:55:37.855 (index):1041 UPDATE_2
11:55:37.856 (index):1097 WAITING_4
11:55:37.858 (index):1097 WAITING_13
11:55:37.859 (index):1038 UPDATE_0
11:55:37.860 (index):1074 NODEACCESSREQUESTED_3
11:55:37.861 (index):1074 NODEACCESSREQUESTED_6
11:55:37.862 (index):1097 WAITING_16
11:55:37.863 (index):1097 WAITING_12
11:55:37.864 (index):1097 WAITING_15
11:55:37.865 (index):1013 NODEACCESSRELEASED_9
11:55:38.838 (index):1074 NODEACCESSREQUESTED_11
11:55:38.840 (index):1074 NODEACCESSREQUESTED_7
11:55:38.841 (index):1013 NODEACCESSRELEASED_14
11:55:38.842 (index):1029 THINKING_2
11:55:38.843 (index):1029 THINKING_0
11:55:39.841 (index):1097 WAITING_4
11:55:39.845 (index):1097 WAITING_13
11:55:39.847 (index):1038 UPDATE_3
11:55:39.849 (index):1038 UPDATE_6
11:55:39.852 (index):1097 WAITING_16
11:55:39.854 (index):1097 WAITING_12
11:55:39.855 (index):1097 WAITING_15
11:55:39.857 (index):1068 ATTRIBUTEACCESSREQUESTED_9
11:55:39.859 (index):1038 UPDATE_10
11:55:39.860 (index):1038 UPDATE_11
11:55:39.862 (index):1038 UPDATE_7
11:55:40.845 (index):1074 NODEACCESSREQUESTED_14
11:55:40.849 (index):1029 THINKING_3
11:55:40.851 (index):1013 NODEACCESSRELEASED_6
11:55:40.852 (index):1013 NODEACCESSRELEASED_10
11:55:40.853 (index):1013 NODEACCESSRELEASED_11
11:55:40.854 (index):1013 NODEACCESSRELEASED_7
11:55:40.855 (index):1038 UPDATE_5
11:55:41.849 (index):1097 WAITING_4
11:55:41.851 (index):1097 WAITING_13
11:55:41.852 (index):1097 WAITING_16
11:55:41.855 (index):1097 WAITING_12
11:55:41.856 (index):1097 WAITING_15
11:55:41.857 (index):1097 WAITING_9
11:55:41.859 (index):1013 NODEACCESSRELEASED_5
11:55:41.860 (index):1038 UPDATE_1
11:55:41.861 (index):1041 UPDATE_8
11:55:41.862 (index):1038 UPDATE_0
11:55:41.864 (index):1041 UPDATE_2
11:55:41.865 (index):1038 UPDATE_14
11:55:42.852 (index):1074 NODEACCESSREQUESTED_6
11:55:42.857 (index):1074 NODEACCESSREQUESTED_10
11:55:42.869 (index):1074 NODEACCESSREQUESTED_11
11:55:42.872 (index):1074 NODEACCESSREQUESTED_7
11:55:42.875 (index):1013 NODEACCESSRELEASED_1
11:55:42.877 (index):1017 ATTRIBUTEACCESSRELEASED_8
11:55:42.878 (index):1029 THINKING_0
11:55:42.879 (index):1017 ATTRIBUTEACCESSRELEASED_2
11:55:42.881 (index):1013 NODEACCESSRELEASED_14
11:55:42.882 (index):1041 UPDATE_4
11:55:43.840 (index):1097 WAITING_13
11:55:43.842 (index):1097 WAITING_16
11:55:43.843 (index):1097 WAITING_12
11:55:43.845 (index):1097 WAITING_15
11:55:43.846 (index):1041 UPDATE_9
11:55:43.847 (index):1068 ATTRIBUTEACCESSREQUESTED_5
11:55:43.848 (index):1017 ATTRIBUTEACCESSRELEASED_4
11:55:44.843 (index):1038 UPDATE_6
11:55:44.849 (index):1038 UPDATE_10
11:55:44.852 (index):1038 UPDATE_11
11:55:44.855 (index):1038 UPDATE_7
11:55:44.856 (index):1074 NODEACCESSREQUESTED_1
11:55:44.858 (index):1068 ATTRIBUTEACCESSREQUESTED_8
11:55:44.860 (index):1068 ATTRIBUTEACCESSREQUESTED_2
11:55:44.861 (index):1074 NODEACCESSREQUESTED_14
11:55:44.863 (index):1017 ATTRIBUTEACCESSRELEASED_9
11:55:44.864 (index):1097 WAITING_13
11:55:45.844 (index):1097 WAITING_16
11:55:45.845 (index):1041 UPDATE_12
11:55:45.847 (index):1097 WAITING_15
11:55:45.848 (index):1041 UPDATE_5
11:55:45.849 (index):1074 NODEACCESSREQUESTED_4
11:55:45.850 (index):1013 NODEACCESSRELEASED_6
11:55:45.851 (index):1029 THINKING_10
11:55:45.852 (index):1029 THINKING_11
11:55:45.854 (index):1029 THINKING_7
11:55:45.855 (index):1038 UPDATE_3
11:55:46.844 (index):1038 UPDATE_1
11:55:46.846 (index):1041 UPDATE_8
11:55:46.847 (index):1041 UPDATE_2
11:55:46.848 (index):1038 UPDATE_14
11:55:46.849 (index):1068 ATTRIBUTEACCESSREQUESTED_9
11:55:46.851 (index):1097 WAITING_13
11:55:46.852 (index):1029 THINKING_12
11:55:46.853 (index):1029 THINKING_5
11:55:46.854 (index):1013 NODEACCESSRELEASED_3
11:55:47.840 (index):1097 WAITING_16
11:55:47.842 (index):1097 WAITING_15
11:55:47.844 (index):1038 UPDATE_4
11:55:47.847 (index):1068 ATTRIBUTEACCESSREQUESTED_6
11:55:47.848 (index):1029 THINKING_1
11:55:47.849 (index):1017 ATTRIBUTEACCESSRELEASED_8
11:55:47.851 (index):1017 ATTRIBUTEACCESSRELEASED_2
11:55:47.852 (index):1013 NODEACCESSRELEASED_14
11:55:47.853 (index):1038 UPDATE_0
11:55:48.847 (index):1041 UPDATE_9
11:55:48.850 (index):1097 WAITING_13
11:55:48.851 (index):1068 ATTRIBUTEACCESSREQUESTED_3
11:55:48.852 (index):1013 NODEACCESSRELEASED_4
11:55:48.854 (index):1013 NODEACCESSRELEASED_0
11:55:48.855 (index):1038 UPDATE_7
11:55:48.856 (index):1097 WAITING_16
11:55:48.857 (index):1097 WAITING_15
11:55:49.851 (index):1041 UPDATE_6
11:55:49.855 (index):1074 NODEACCESSREQUESTED_8
11:55:49.859 (index):1074 NODEACCESSREQUESTED_2
11:55:49.864 (index):1074 NODEACCESSREQUESTED_14
11:55:49.867 (index):1017 ATTRIBUTEACCESSRELEASED_9
11:55:49.870 (index):1013 NODEACCESSRELEASED_7
11:55:50.851 (index):1097 WAITING_13
11:55:50.853 (index):1097 WAITING_3
11:55:50.856 (index):1068 ATTRIBUTEACCESSREQUESTED_4
11:55:50.858 (index):1074 NODEACCESSREQUESTED_0
11:55:50.859 (index):1097 WAITING_16
11:55:50.860 (index):1097 WAITING_15
11:55:50.861 (index):1029 THINKING_6
11:55:50.862 (index):1038 UPDATE_11
11:55:50.863 (index):1038 UPDATE_1
11:55:50.864 (index):1038 UPDATE_10
11:55:51.852 (index):1038 UPDATE_8
11:55:51.856 (index):1038 UPDATE_2
11:55:51.860 (index):1038 UPDATE_14
11:55:51.864 (index):1074 NODEACCESSREQUESTED_9
11:55:51.868 (index):1068 ATTRIBUTEACCESSREQUESTED_7
11:55:51.870 (index):1013 NODEACCESSRELEASED_11
11:55:51.872 (index):1013 NODEACCESSRELEASED_1
11:55:51.874 (index):1013 NODEACCESSRELEASED_10
11:55:51.876 (index):1041 UPDATE_5
11:55:51.878 (index):1041 UPDATE_12
11:55:52.852 (index):1097 WAITING_13
11:55:52.853 (index):1097 WAITING_3
11:55:52.855 (index):1041 UPDATE_4
11:55:52.856 (index):1038 UPDATE_0
11:55:52.858 (index):1097 WAITING_16
11:55:52.859 (index):1097 WAITING_15
11:55:52.860 (index):1029 THINKING_8
11:55:52.862 (index):1029 THINKING_2
11:55:52.863 (index):1013 NODEACCESSRELEASED_14
11:55:52.864 (index):1029 THINKING_5
11:55:52.865 (index):1017 ATTRIBUTEACCESSRELEASED_12
11:55:53.841 (index):1038 UPDATE_9
11:55:53.845 (index):1041 UPDATE_7
11:55:53.850 (index):1068 ATTRIBUTEACCESSREQUESTED_11
11:55:53.854 (index):1074 NODEACCESSREQUESTED_1
11:55:53.857 (index):1074 NODEACCESSREQUESTED_10
11:55:53.860 (index):1029 THINKING_4
11:55:53.861 (index):1029 THINKING_0
11:55:53.863 (index):1041 UPDATE_6
11:55:54.842 (index):1097 WAITING_13
11:55:54.843 (index):1097 WAITING_3
11:55:54.845 (index):1097 WAITING_16
11:55:54.846 (index):1041 UPDATE_15
11:55:54.848 (index):1074 NODEACCESSREQUESTED_14
11:55:54.849 (index):1068 ATTRIBUTEACCESSREQUESTED_12
11:55:54.851 (index):1029 THINKING_9
11:55:54.852 (index):1029 THINKING_7
11:55:54.853 (index):1029 THINKING_6
11:55:55.844 (index):1097 WAITING_11
11:55:55.846 (index):1038 UPDATE_1
11:55:55.847 (index):1038 UPDATE_10
11:55:55.850 (index):1041 UPDATE_5
11:55:55.852 (index):1029 THINKING_15
11:55:55.853 (index):1038 UPDATE_2
11:55:55.854 (index):1097 WAITING_13
11:55:56.844 (index):1097 WAITING_3
11:55:56.846 (index):1097 WAITING_16
11:55:56.848 (index):1038 UPDATE_14
11:55:56.851 (index):1097 WAITING_12
11:55:56.854 (index):1029 THINKING_1
11:55:56.856 (index):1029 THINKING_10
11:55:56.858 (index):1017 ATTRIBUTEACCESSRELEASED_5
11:55:56.860 (index):1029 THINKING_2
11:55:56.862 (index):1038 UPDATE_0
11:55:56.864 (index):1038 UPDATE_8
11:55:56.866 (index):1041 UPDATE_4
11:55:57.839 (index):1097 WAITING_11
11:55:57.845 (index):1097 WAITING_13
11:55:57.848 (index):1029 THINKING_14
11:55:57.850 (index):1013 NODEACCESSRELEASED_0
11:55:57.852 (index):1013 NODEACCESSRELEASED_8
11:55:57.853 (index):1017 ATTRIBUTEACCESSRELEASED_4
11:55:57.854 (index):1041 UPDATE_6
11:55:58.853 (index):1097 WAITING_3
11:55:58.855 (index):1097 WAITING_16
11:55:58.856 (index):1097 WAITING_12
11:55:58.858 (index):1074 NODEACCESSREQUESTED_5
11:55:58.861 (index):1017 ATTRIBUTEACCESSRELEASED_6
11:55:58.862 (index):1038 UPDATE_9
11:55:58.864 (index):1097 WAITING_11
11:55:58.865 (index):1097 WAITING_13
11:55:58.866 (index):1074 NODEACCESSREQUESTED_0
11:55:59.840 (index):1074 NODEACCESSREQUESTED_8
11:55:59.842 (index):1068 ATTRIBUTEACCESSREQUESTED_4
11:55:59.844 (index):1013 NODEACCESSRELEASED_9
11:55:59.847 (index):1038 UPDATE_2
11:55:59.848 (index):1041 UPDATE_7
11:55:59.850 (index):1038 UPDATE_1
11:56:00.841 (index):1041 UPDATE_3
11:56:00.843 (index):1097 WAITING_16
11:56:00.845 (index):1097 WAITING_12
11:56:00.850 (index):1038 UPDATE_5
11:56:00.853 (index):1074 NODEACCESSREQUESTED_6
11:56:00.854 (index):1097 WAITING_11
11:56:00.855 (index):1097 WAITING_13
11:56:00.856 (index):1038 UPDATE_0
11:56:00.858 (index):1029 THINKING_2
11:56:00.859 (index):1017 ATTRIBUTEACCESSRELEASED_7
11:56:00.861 (index):1029 THINKING_1
11:56:00.864 (index):1038 UPDATE_14
11:56:00.867 (index):1041 UPDATE_15
11:56:00.868 (index):1038 UPDATE_10
11:56:01.843 (index):1038 UPDATE_8
11:56:01.844 (index):1097 WAITING_4
11:56:01.845 (index):1074 NODEACCESSREQUESTED_9
11:56:01.847 (index):1017 ATTRIBUTEACCESSRELEASED_3
11:56:01.849 (index):1029 THINKING_5
11:56:01.850 (index):1013 NODEACCESSRELEASED_0
11:56:01.851 (index):1013 NODEACCESSRELEASED_14
11:56:01.852 (index):1029 THINKING_15
11:56:01.853 (index):1013 NODEACCESSRELEASED_10
11:56:02.851 (index):1097 WAITING_16
11:56:02.852 (index):1097 WAITING_12
11:56:02.854 (index):1038 UPDATE_6
11:56:02.856 (index):1097 WAITING_11
11:56:02.858 (index):1097 WAITING_13
11:56:02.861 (index):1074 NODEACCESSREQUESTED_7
11:56:02.863 (index):1013 NODEACCESSRELEASED_8
11:56:02.864 (index):1041 UPDATE_4
11:56:02.865 (index):1038 UPDATE_9
11:56:02.869 (index):1074 NODEACCESSREQUESTED_3
11:56:02.871 (index):1074 NODEACCESSREQUESTED_0
11:56:03.856 (index):1074 NODEACCESSREQUESTED_14
11:56:03.857 (index):1074 NODEACCESSREQUESTED_10
11:56:03.860 (index):1013 NODEACCESSRELEASED_6
11:56:03.863 (index):1029 THINKING_4
11:56:03.865 (index):1013 NODEACCESSRELEASED_9
11:56:03.867 (index):1097 WAITING_16
11:56:03.869 (index):1097 WAITING_12
11:56:04.838 (index):1097 WAITING_11
11:56:04.840 (index):1097 WAITING_13
11:56:04.842 (index):1038 UPDATE_7
11:56:04.843 (index):1074 NODEACCESSREQUESTED_8
11:56:04.845 (index):1038 UPDATE_3
11:56:04.846 (index):1038 UPDATE_0
11:56:04.847 (index):1041 UPDATE_15
11:56:05.842 (index):1038 UPDATE_14
11:56:05.844 (index):1038 UPDATE_10
11:56:05.846 (index):1074 NODEACCESSREQUESTED_6
11:56:05.847 (index):1068 ATTRIBUTEACCESSREQUESTED_9
11:56:05.850 (index):1097 WAITING_16
11:56:05.852 (index):1097 WAITING_12
11:56:05.853 (index):1013 NODEACCESSRELEASED_7
11:56:05.855 (index):1013 NODEACCESSRELEASED_3
11:56:05.856 (index):1029 THINKING_0
11:56:05.857 (index):1017 ATTRIBUTEACCESSRELEASED_15
11:56:05.859 (index):1038 UPDATE_1
11:56:05.862 (index):1038 UPDATE_2
11:56:05.865 (index):1097 WAITING_11
11:56:05.866 (index):1041 UPDATE_13
11:56:06.847 (index):1038 UPDATE_8
11:56:06.848 (index):1013 NODEACCESSRELEASED_14
11:56:06.850 (index):1029 THINKING_10
11:56:06.851 (index):1029 THINKING_1
11:56:06.852 (index):1013 NODEACCESSRELEASED_2
11:56:06.854 (index):1017 ATTRIBUTEACCESSRELEASED_13
11:56:06.856 (index):1038 UPDATE_5
11:56:07.849 (index):1038 UPDATE_6
11:56:07.851 (index):1041 UPDATE_9
11:56:07.852 (index):1097 WAITING_16
11:56:07.854 (index):1097 WAITING_12
11:56:07.855 (index):1074 NODEACCESSREQUESTED_7
11:56:07.856 (index):1074 NODEACCESSREQUESTED_3
11:56:07.857 (index):1074 NODEACCESSREQUESTED_15
11:56:07.858 (index):1041 UPDATE_11
11:56:07.859 (index):1013 NODEACCESSRELEASED_8
11:56:07.860 (index):1013 NODEACCESSRELEASED_5
11:56:08.850 (index):1068 ATTRIBUTEACCESSREQUESTED_14
11:56:08.852 (index):1074 NODEACCESSREQUESTED_2
11:56:08.853 (index):1068 ATTRIBUTEACCESSREQUESTED_13
11:56:08.855 (index):1013 NODEACCESSRELEASED_6
11:56:08.856 (index):1029 THINKING_9
11:56:08.857 (index):1017 ATTRIBUTEACCESSRELEASED_11
11:56:08.858 (index):1041 UPDATE_4
11:56:09.847 (index):1097 WAITING_16
11:56:09.850 (index):1041 UPDATE_12
11:56:09.851 (index):1038 UPDATE_7
11:56:09.853 (index):1038 UPDATE_3
11:56:09.855 (index):1038 UPDATE_15
11:56:09.856 (index):1074 NODEACCESSREQUESTED_8
11:56:09.858 (index):1074 NODEACCESSREQUESTED_5
11:56:09.860 (index):1029 THINKING_4
11:56:10.842 (index):1038 UPDATE_0
11:56:10.847 (index):1097 WAITING_14
11:56:10.849 (index):1038 UPDATE_2
11:56:10.850 (index):1097 WAITING_13
11:56:10.852 (index):1068 ATTRIBUTEACCESSREQUESTED_6
11:56:10.853 (index):1068 ATTRIBUTEACCESSREQUESTED_11
11:56:10.854 (index):1017 ATTRIBUTEACCESSRELEASED_12
11:56:10.855 (index):1013 NODEACCESSRELEASED_7
11:56:10.856 (index):1013 NODEACCESSRELEASED_3
11:56:10.857 (index):1029 THINKING_15
11:56:11.842 (index):1097 WAITING_16
11:56:11.844 (index):1038 UPDATE_8
11:56:11.845 (index):1038 UPDATE_5
11:56:11.848 (index):1013 NODEACCESSRELEASED_0
11:56:11.850 (index):1013 NODEACCESSRELEASED_2
11:56:11.851 (index):1038 UPDATE_1
11:56:11.853 (index):1038 UPDATE_10
11:56:12.844 (index):1097 WAITING_14
11:56:12.846 (index):1041 UPDATE_13
11:56:12.850 (index):1097 WAITING_6
11:56:12.852 (index):1097 WAITING_11
11:56:12.854 (index):1068 ATTRIBUTEACCESSREQUESTED_12
11:56:12.855 (index):1068 ATTRIBUTEACCESSREQUESTED_7
11:56:12.857 (index):1074 NODEACCESSREQUESTED_3
11:56:12.860 (index):1013 NODEACCESSRELEASED_8
11:56:12.862 (index):1013 NODEACCESSRELEASED_5
11:56:12.865 (index):1013 NODEACCESSRELEASED_1
11:56:12.867 (index):1013 NODEACCESSRELEASED_10
11:56:12.869 (index):1041 UPDATE_9
11:56:13.839 (index):1097 WAITING_16
11:56:13.840 (index):1068 ATTRIBUTEACCESSREQUESTED_0
11:56:13.841 (index):1074 NODEACCESSREQUESTED_2
11:56:13.843 (index):1017 ATTRIBUTEACCESSRELEASED_13
11:56:13.844 (index):1017 ATTRIBUTEACCESSRELEASED_9
11:56:13.845 (index):1038 UPDATE_15
11:56:13.846 (index):1041 UPDATE_4
11:56:14.849 (index):1041 UPDATE_14
11:56:14.851 (index):1097 WAITING_6
11:56:14.852 (index):1041 UPDATE_11
11:56:14.853 (index):1041 UPDATE_12
11:56:14.855 (index):1097 WAITING_7
11:56:14.856 (index):1038 UPDATE_3
11:56:14.857 (index):1074 NODEACCESSREQUESTED_8
11:56:14.859 (index):1074 NODEACCESSREQUESTED_5
11:56:14.860 (index):1074 NODEACCESSREQUESTED_1
11:56:14.862 (index):1068 ATTRIBUTEACCESSREQUESTED_10
11:56:14.864 (index):1029 THINKING_15
11:56:14.866 (index):1029 THINKING_4
11:56:14.867 (index):1097 WAITING_16
11:56:14.869 (index):1097 WAITING_0
11:56:14.870 (index):1038 UPDATE_2
11:56:14.871 (index):1074 NODEACCESSREQUESTED_13
11:56:14.872 (index):1068 ATTRIBUTEACCESSREQUESTED_9
11:56:15.851 (index):1029 THINKING_14
11:56:15.856 (index):1017 ATTRIBUTEACCESSRELEASED_11
11:56:15.857 (index):1017 ATTRIBUTEACCESSRELEASED_12
11:56:15.858 (index):1013 NODEACCESSRELEASED_3
11:56:15.859 (index):1013 NODEACCESSRELEASED_2
11:56:16.850 (index):1097 WAITING_6
11:56:16.856 (index):1097 WAITING_7
11:56:16.863 (index):1038 UPDATE_8
11:56:16.868 (index):1038 UPDATE_5
11:56:16.870 (index):1038 UPDATE_1
11:56:16.873 (index):1041 UPDATE_10
11:56:16.875 (index):1097 WAITING_16
11:56:16.876 (index):1097 WAITING_0
11:56:16.878 (index):1038 UPDATE_13
11:56:16.880 (index):1097 WAITING_9
11:56:17.853 (index):1074 NODEACCESSREQUESTED_11
11:56:17.854 (index):1068 ATTRIBUTEACCESSREQUESTED_12
11:56:17.855 (index):1074 NODEACCESSREQUESTED_3
11:56:17.857 (index):1074 NODEACCESSREQUESTED_2
11:56:17.858 (index):1013 NODEACCESSRELEASED_8
11:56:17.860 (index):1013 NODEACCESSRELEASED_5
11:56:17.861 (index):1029 THINKING_1
11:56:17.863 (index):1017 ATTRIBUTEACCESSRELEASED_10
11:56:17.867 (index):1013 NODEACCESSRELEASED_13
11:56:17.869 (index):1038 UPDATE_15
11:56:17.870 (index):1041 UPDATE_4
11:56:18.838 (index):1097 WAITING_6
11:56:18.840 (index):1097 WAITING_7
11:56:18.841 (index):1097 WAITING_16
11:56:18.843 (index):1097 WAITING_0
11:56:18.844 (index):1097 WAITING_9
11:56:18.845 (index):1013 NODEACCESSRELEASED_15
11:56:18.846 (index):1017 ATTRIBUTEACCESSRELEASED_4
11:56:19.840 (index):1038 UPDATE_11
11:56:19.841 (index):1097 WAITING_12
11:56:19.842 (index):1038 UPDATE_3
11:56:19.843 (index):1038 UPDATE_2
11:56:19.844 (index):1068 ATTRIBUTEACCESSREQUESTED_8
11:56:19.845 (index):1074 NODEACCESSREQUESTED_5
11:56:19.846 (index):1068 ATTRIBUTEACCESSREQUESTED_10
11:56:19.847 (index):1068 ATTRIBUTEACCESSREQUESTED_13
11:56:19.848 (index):1041 UPDATE_14
11:56:20.841 (index):1097 WAITING_6
11:56:20.843 (index):1097 WAITING_7
11:56:20.844 (index):1097 WAITING_16
11:56:20.847 (index):1041 UPDATE_0
11:56:20.850 (index):1097 WAITING_9
11:56:20.852 (index):1068 ATTRIBUTEACCESSREQUESTED_15
11:56:20.853 (index):1074 NODEACCESSREQUESTED_4
11:56:20.855 (index):1029 THINKING_11
11:56:20.856 (index):1029 THINKING_3
11:56:20.858 (index):1013 NODEACCESSRELEASED_2
11:56:20.861 (index):1029 THINKING_14
11:56:20.862 (index):1038 UPDATE_1
11:56:21.842 (index):1097 WAITING_12
11:56:21.844 (index):1097 WAITING_8
11:56:21.845 (index):1038 UPDATE_5
11:56:21.847 (index):1041 UPDATE_10
11:56:21.849 (index):1097 WAITING_13
11:56:21.851 (index):1017 ATTRIBUTEACCESSRELEASED_0
11:56:21.852 (index):1013 NODEACCESSRELEASED_1
11:56:22.843 (index):1097 WAITING_6
11:56:22.844 (index):1097 WAITING_7
11:56:22.846 (index):1097 WAITING_16
11:56:22.847 (index):1041 UPDATE_9
11:56:22.849 (index):1097 WAITING_15
11:56:22.851 (index):1038 UPDATE_4
11:56:22.853 (index):1074 NODEACCESSREQUESTED_2
11:56:22.855 (index):1013 NODEACCESSRELEASED_5
11:56:22.857 (index):1017 ATTRIBUTEACCESSRELEASED_10
11:56:23.845 (index):1097 WAITING_12
11:56:23.847 (index):1097 WAITING_8
11:56:23.849 (index):1041 UPDATE_13
11:56:23.850 (index):1074 NODEACCESSREQUESTED_0
11:56:23.852 (index):1074 NODEACCESSREQUESTED_1
11:56:23.853 (index):1017 ATTRIBUTEACCESSRELEASED_9
11:56:23.855 (index):1013 NODEACCESSRELEASED_4
11:56:23.856 (index):1038 UPDATE_3
11:56:23.858 (index):1097 WAITING_6
11:56:24.846 (index):1097 WAITING_7
11:56:24.849 (index):1097 WAITING_16
11:56:24.851 (index):1097 WAITING_15
11:56:24.852 (index):1038 UPDATE_2
11:56:24.854 (index):1074 NODEACCESSREQUESTED_5
11:56:24.855 (index):1074 NODEACCESSREQUESTED_10
11:56:24.856 (index):1017 ATTRIBUTEACCESSRELEASED_13
11:56:24.859 (index):1013 NODEACCESSRELEASED_3
11:56:24.861 (index):1038 UPDATE_11
11:56:25.847 (index):1041 UPDATE_12
11:56:25.848 (index):1097 WAITING_8
11:56:25.849 (index):1038 UPDATE_0
11:56:25.850 (index):1038 UPDATE_1
11:56:25.852 (index):1074 NODEACCESSREQUESTED_9
11:56:25.853 (index):1074 NODEACCESSREQUESTED_4
11:56:25.854 (index):1097 WAITING_6
11:56:25.856 (index):1041 UPDATE_14
11:56:25.858 (index):1108 END_2
11:56:25.860 (index):1013 NODEACCESSRELEASED_11
11:56:26.849 (index):1097 WAITING_7
11:56:26.851 (index):1097 WAITING_16
11:56:26.854 (index):1097 WAITING_15
11:56:26.855 (index):1038 UPDATE_5
11:56:26.857 (index):1038 UPDATE_10
11:56:26.859 (index):1068 ATTRIBUTEACCESSREQUESTED_13
11:56:26.860 (index):1068 ATTRIBUTEACCESSREQUESTED_3
11:56:26.862 (index):1017 ATTRIBUTEACCESSRELEASED_12
11:56:26.863 (index):1013 NODEACCESSRELEASED_0
11:56:26.864 (index):1108 END_1
11:56:26.865 (index):1017 ATTRIBUTEACCESSRELEASED_14
11:56:27.847 (index):1041 UPDATE_8
11:56:27.850 (index):1038 UPDATE_9
11:56:27.851 (index):1038 UPDATE_4
11:56:27.853 (index):1041 UPDATE_6
11:56:27.854 (index):1074 NODEACCESSREQUESTED_11
11:56:27.856 (index):1108 END_5
11:56:27.857 (index):1108 END_10
11:56:28.848 (index):1097 WAITING_7
11:56:28.850 (index):1097 WAITING_16
11:56:28.851 (index):1097 WAITING_15
11:56:28.852 (index):1041 UPDATE_13
11:56:28.854 (index):1097 WAITING_3
11:56:28.855 (index):1068 ATTRIBUTEACCESSREQUESTED_12
11:56:28.856 (index):1074 NODEACCESSREQUESTED_0
11:56:28.857 (index):1068 ATTRIBUTEACCESSREQUESTED_14
11:56:28.858 (index):1017 ATTRIBUTEACCESSRELEASED_8
11:56:28.859 (index):1013 NODEACCESSRELEASED_9
11:56:28.860 (index):1029 THINKING_4
11:56:28.861 (index):1017 ATTRIBUTEACCESSRELEASED_6
11:56:29.853 (index):1038 UPDATE_11
11:56:29.856 (index):1017 ATTRIBUTEACCESSRELEASED_13
11:56:29.859 (index):1041 UPDATE_7
11:56:29.861 (index):1097 WAITING_16
11:56:29.863 (index):1097 WAITING_15
11:56:30.838 (index):1041 UPDATE_3
11:56:30.840 (index):1041 UPDATE_12
11:56:30.844 (index):1038 UPDATE_0
11:56:30.849 (index):1097 WAITING_14
11:56:30.851 (index):1074 NODEACCESSREQUESTED_8
11:56:30.852 (index):1074 NODEACCESSREQUESTED_9
11:56:30.853 (index):1074 NODEACCESSREQUESTED_6
11:56:30.857 (index):1013 NODEACCESSRELEASED_11
11:56:30.859 (index):1017 ATTRIBUTEACCESSRELEASED_7
11:56:31.841 (index):1074 NODEACCESSREQUESTED_13
11:56:31.844 (index):1097 WAITING_16
11:56:31.846 (index):1041 UPDATE_15
11:56:31.847 (index):1017 ATTRIBUTEACCESSRELEASED_3
11:56:31.849 (index):1017 ATTRIBUTEACCESSRELEASED_12
11:56:31.850 (index):1108 END_0
11:56:32.840 (index):1041 UPDATE_14
11:56:32.841 (index):1038 UPDATE_9
11:56:32.843 (index):1038 UPDATE_8
11:56:32.843 (index):1038 UPDATE_6
11:56:32.845 (index):1068 ATTRIBUTEACCESSREQUESTED_11
11:56:32.847 (index):1074 NODEACCESSREQUESTED_7
11:56:32.848 (index):1029 THINKING_15
11:56:33.837 (index):1038 UPDATE_13
11:56:33.842 (index):1097 WAITING_16
11:56:33.844 (index):1068 ATTRIBUTEACCESSREQUESTED_3
11:56:33.862 (index):1074 NODEACCESSREQUESTED_12
11:56:33.864 (index):1108 END_14
11:56:33.882 (index):1108 END_8
11:56:33.888 (index):1108 END_9
11:56:33.889 (index):1013 NODEACCESSRELEASED_6
11:56:33.892 (index):1038 UPDATE_4
11:56:34.842 (index):1041 UPDATE_11
11:56:34.847 (index):1038 UPDATE_7
11:56:34.848 (index):1013 NODEACCESSRELEASED_13
11:56:34.850 (index):1108 END_4
11:56:35.845 (index):1097 WAITING_16
11:56:35.846 (index):1097 WAITING_3
11:56:35.847 (index):1038 UPDATE_12
11:56:35.848 (index):1074 NODEACCESSREQUESTED_6
11:56:35.850 (index):1029 THINKING_11
11:56:35.851 (index):1013 NODEACCESSRELEASED_7
11:56:36.837 (index):1074 NODEACCESSREQUESTED_13
11:56:36.839 (index):1013 NODEACCESSRELEASED_12
11:56:37.845 (index):1097 WAITING_16
11:56:37.848 (index):1097 WAITING_3
11:56:37.852 (index):1038 UPDATE_6
11:56:37.855 (index):1068 ATTRIBUTEACCESSREQUESTED_7
11:56:37.858 (index):1041 UPDATE_15
11:56:37.860 (index):1038 UPDATE_13
11:56:37.862 (index):1074 NODEACCESSREQUESTED_12
11:56:38.836 (index):1108 END_6
11:56:38.840 (index):1017 ATTRIBUTEACCESSRELEASED_15
11:56:38.842 (index):1013 NODEACCESSRELEASED_13
11:56:39.849 (index):1097 WAITING_16
11:56:39.856 (index):1097 WAITING_3
11:56:39.861 (index):1041 UPDATE_7
11:56:39.866 (index):1038 UPDATE_12
11:56:39.870 (index):1041 UPDATE_11
11:56:39.872 (index):1074 NODEACCESSREQUESTED_15
11:56:39.875 (index):1074 NODEACCESSREQUESTED_13
11:56:40.837 (index):1029 THINKING_7
11:56:40.841 (index):1029 THINKING_12
11:56:40.841 (index):1108 END_11
11:56:41.841 (index):1097 WAITING_16
11:56:41.845 (index):1041 UPDATE_3
11:56:41.849 (index):1038 UPDATE_15
11:56:41.852 (index):1038 UPDATE_13
11:56:42.840 (index):1029 THINKING_3
11:56:42.842 (index):1029 THINKING_15
11:56:42.843 (index):1013 NODEACCESSRELEASED_13
11:56:43.845 (index):1097 WAITING_16
11:56:43.848 (index):1074 NODEACCESSREQUESTED_13
11:56:44.849 (index):1038 UPDATE_12
11:56:44.850 (index):1041 UPDATE_7
11:56:44.851 (index):1097 WAITING_16
11:56:45.847 (index):1038 UPDATE_13
11:56:45.849 (index):1013 NODEACCESSRELEASED_12
11:56:45.850 (index):1017 ATTRIBUTEACCESSRELEASED_7
11:56:45.852 (index):1041 UPDATE_3
11:56:46.847 (index):1097 WAITING_16
11:56:46.848 (index):1013 NODEACCESSRELEASED_13
11:56:46.849 (index):1017 ATTRIBUTEACCESSRELEASED_3
11:56:46.851 (index):1038 UPDATE_15
11:56:47.843 (index):1068 ATTRIBUTEACCESSREQUESTED_12
11:56:47.848 (index):1074 NODEACCESSREQUESTED_7
11:56:47.852 (index):1013 NODEACCESSRELEASED_15
11:56:48.845 (index):1097 WAITING_16
11:56:48.846 (index):1074 NODEACCESSREQUESTED_13
11:56:48.847 (index):1074 NODEACCESSREQUESTED_3
11:56:49.847 (index):1041 UPDATE_12
11:56:49.851 (index):1038 UPDATE_7
11:56:49.855 (index):1074 NODEACCESSREQUESTED_15
11:56:49.858 (index):1097 WAITING_16
11:56:50.848 (index):1038 UPDATE_13
11:56:50.849 (index):1038 UPDATE_3
11:56:50.851 (index):1017 ATTRIBUTEACCESSRELEASED_12
11:56:50.853 (index):1108 END_7
11:56:51.835 (index):1038 UPDATE_15
11:56:51.837 (index):1097 WAITING_16
11:56:51.840 (index):1013 NODEACCESSRELEASED_13
11:56:51.843 (index):1108 END_3
11:56:52.838 (index):1068 ATTRIBUTEACCESSREQUESTED_12
11:56:52.840 (index):1108 END_15
11:56:53.839 (index):1029 THINKING_16
11:56:53.841 (index):1074 NODEACCESSREQUESTED_13
11:56:54.840 (index):1041 UPDATE_12
11:56:55.837 (index):1097 WAITING_13
11:56:55.838 (index):1108 END_12
11:56:56.841 (index):1038 UPDATE_16
11:56:56.842 (index):1097 WAITING_13
11:56:57.840 (index):1013 NODEACCESSRELEASED_16
11:56:58.846 (index):1038 UPDATE_13
11:56:58.850 (index):1074 NODEACCESSREQUESTED_16
11:56:59.851 (index):1108 END_13
11:57:00.847 (index):1038 UPDATE_16
11:57:01.834 (index):1013 NODEACCESSRELEASED_16
11:57:03.841 (index):1068 ATTRIBUTEACCESSREQUESTED_16
11:57:05.837 (index):1041 UPDATE_16
11:57:06.837 (index):1017 ATTRIBUTEACCESSRELEASED_16
11:57:08.843 (index):1068 ATTRIBUTEACCESSREQUESTED_16
11:57:10.849 (index):1041 UPDATE_16
11:57:11.835 (index):1029 THINKING_16
11:57:16.848 (index):1041 UPDATE_16
11:57:17.852 (index):1029 THINKING_16
11:57:20.839 (index):1041 UPDATE_16
11:57:21.842 (index):1029 THINKING_16
11:57:24.845 (index):1041 UPDATE_16
11:57:25.834 (index):1017 ATTRIBUTEACCESSRELEASED_16
11:57:27.839 (index):1074 NODEACCESSREQUESTED_16
11:57:29.843 (index):1038 UPDATE_16
11:57:30.844 (index):1029 THINKING_16
11:57:35.850 (index):1038 UPDATE_16
11:57:36.855 (index):1013 NODEACCESSRELEASED_16
11:57:38.846 (index):1074 NODEACCESSREQUESTED_16
11:57:40.845 (index):1038 UPDATE_16
11:57:41.846 (index):1029 THINKING_16
11:57:44.844 (index):1038 UPDATE_16
11:57:45.841 (index):1013 NODEACCESSRELEASED_16
11:57:47.848 (index):1074 NODEACCESSREQUESTED_16
11:57:49.849 (index):1038 UPDATE_16
11:57:50.840 (index):1013 NODEACCESSRELEASED_16
11:57:52.853 (index):1068 ATTRIBUTEACCESSREQUESTED_16
11:57:54.854 (index):1041 UPDATE_16
11:57:55.854 (index):1108 END_16
