11:53:41.854 (index):1463 Tasks: 25; Collaborators: 16    =========================>
11:53:41.855 (index):1068 ATTRIBUTEACCESSREQUESTED_0
11:53:41.856 (index):1074 NODEACCESSREQUESTED_1
11:53:41.857 (index):1074 NODEACCESSREQUESTED_2
11:53:41.859 (index):1068 ATTRIBUTEACCESSREQUESTED_3
11:53:41.860 (index):1068 ATTRIBUTEACCESSREQUESTED_4
11:53:41.861 (index):1074 NODEACCESSREQUESTED_5
11:53:41.862 (index):1074 NODEACCESSREQUESTED_6
11:53:41.863 (index):1068 ATTRIBUTEACCESSREQUESTED_7
11:53:41.865 (index):1074 NODEACCESSREQUESTED_8
11:53:41.865 (index):1074 NODEACCESSREQUESTED_9
11:53:41.866 (index):1074 NODEACCESSREQUESTED_10
11:53:41.868 (index):1074 NODEACCESSREQUESTED_11
11:53:41.869 (index):1074 NODEACCESSREQUESTED_12
11:53:41.870 (index):1074 NODEACCESSREQUESTED_13
11:53:41.871 (index):1074 NODEACCESSREQUESTED_14
11:53:41.872 (index):1074 NODEACCESSREQUESTED_15
11:53:43.850 (index):1029 THINKING_0
11:53:43.852 (index):1029 THINKING_1
11:53:43.853 (index):1013 NODEACCESSRELEASED_2
11:53:43.854 (index):1017 ATTRIBUTEACCESSRELEASED_3
11:53:43.855 (index):1017 ATTRIBUTEACCESSRELEASED_4
11:53:43.856 (index):1013 NODEACCESSRELEASED_5
11:53:43.857 (index):1029 THINKING_6
11:53:43.858 (index):1097 WAITING_7
11:53:43.859 (index):1029 THINKING_8
11:53:43.860 (index):1013 NODEACCESSRELEASED_9
11:53:43.861 (index):1013 NODEACCESSRELEASED_10
11:53:43.863 (index):1029 THINKING_11
11:53:43.864 (index):1013 NODEACCESSRELEASED_12
11:53:43.865 (index):1029 THINKING_13
11:53:43.866 (index):1029 THINKING_14
11:53:43.866 (index):1029 THINKING_15
11:53:45.852 (index):1074 NODEACCESSREQUESTED_2
11:53:45.853 (index):1068 ATTRIBUTEACCESSREQUESTED_3
11:53:45.855 (index):1068 ATTRIBUTEACCESSREQUESTED_4
11:53:45.856 (index):1074 NODEACCESSREQUESTED_5
11:53:45.857 (index):1097 WAITING_7
11:53:45.859 (index):1074 NODEACCESSREQUESTED_9
11:53:45.860 (index):1074 NODEACCESSREQUESTED_10
11:53:45.861 (index):1074 NODEACCESSREQUESTED_12
11:53:46.858 (index):1038 UPDATE_8
11:53:46.860 (index):1038 UPDATE_11
11:53:46.862 (index):1038 UPDATE_6
11:53:46.863 (index):1038 UPDATE_1
11:53:46.864 (index):1038 UPDATE_2
11:53:46.865 (index):1097 WAITING_3
11:53:46.866 (index):1041 UPDATE_4
11:53:46.867 (index):1038 UPDATE_5
11:53:47.858 (index):1097 WAITING_7
11:53:47.860 (index):1038 UPDATE_9
11:53:47.861 (index):1038 UPDATE_10
11:53:47.862 (index):1038 UPDATE_12
11:53:47.864 (index):1029 THINKING_8
11:53:47.865 (index):1029 THINKING_11
11:53:47.866 (index):1013 NODEACCESSRELEASED_6
11:53:47.867 (index):1013 NODEACCESSRELEASED_1
11:53:47.869 (index):1013 NODEACCESSRELEASED_2
11:53:47.870 (index):1017 ATTRIBUTEACCESSRELEASED_4
11:53:47.871 (index):1029 THINKING_5
11:53:47.872 (index):1038 UPDATE_15
11:53:48.839 (index):1097 WAITING_3
11:53:48.841 (index):1029 THINKING_9
11:53:48.842 (index):1029 THINKING_10
11:53:48.846 (index):1013 NODEACCESSRELEASED_12
11:53:48.847 (index):1013 NODEACCESSRELEASED_15
11:53:48.849 (index):1038 UPDATE_13
11:53:48.850 (index):1041 UPDATE_0
11:53:48.851 (index):1038 UPDATE_14
11:53:49.862 (index):1097 WAITING_7
11:53:49.864 (index):1068 ATTRIBUTEACCESSREQUESTED_6
11:53:49.865 (index):1074 NODEACCESSREQUESTED_1
11:53:49.866 (index):1074 NODEACCESSREQUESTED_2
11:53:49.867 (index):1074 NODEACCESSREQUESTED_4
11:53:49.868 (index):1013 NODEACCESSRELEASED_13
11:53:49.869 (index):1017 ATTRIBUTEACCESSRELEASED_0
11:53:49.871 (index):1013 NODEACCESSRELEASED_14
11:53:49.872 (index):1097 WAITING_3
11:53:49.873 (index):1074 NODEACCESSREQUESTED_12
11:53:49.874 (index):1074 NODEACCESSREQUESTED_15
11:53:50.840 (index):1038 UPDATE_5
11:53:51.841 (index):1017 ATTRIBUTEACCESSRELEASED_7
11:53:51.842 (index):1041 UPDATE_6
11:53:51.844 (index):1038 UPDATE_1
11:53:51.845 (index):1038 UPDATE_2
11:53:51.846 (index):1038 UPDATE_4
11:53:51.847 (index):1068 ATTRIBUTEACCESSREQUESTED_13
11:53:51.849 (index):1068 ATTRIBUTEACCESSREQUESTED_0
11:53:51.850 (index):1074 NODEACCESSREQUESTED_14
11:53:51.851 (index):1041 UPDATE_3
11:53:51.852 (index):1038 UPDATE_12
11:53:51.854 (index):1038 UPDATE_15
11:53:51.855 (index):1038 UPDATE_10
11:53:51.856 (index):1013 NODEACCESSRELEASED_5
11:53:51.857 (index):1038 UPDATE_11
11:53:52.842 (index):1017 ATTRIBUTEACCESSRELEASED_6
11:53:52.844 (index):1029 THINKING_1
11:53:52.845 (index):1013 NODEACCESSRELEASED_2
11:53:52.846 (index):1013 NODEACCESSRELEASED_4
11:53:52.848 (index):1017 ATTRIBUTEACCESSRELEASED_3
11:53:52.849 (index):1013 NODEACCESSRELEASED_12
11:53:52.850 (index):1013 NODEACCESSRELEASED_15
11:53:52.852 (index):1013 NODEACCESSRELEASED_10
11:53:52.853 (index):1013 NODEACCESSRELEASED_11
11:53:52.855 (index):1038 UPDATE_8
11:53:53.842 (index):1068 ATTRIBUTEACCESSREQUESTED_7
11:53:53.844 (index):1041 UPDATE_13
11:53:53.846 (index):1041 UPDATE_0
11:53:53.848 (index):1038 UPDATE_14
11:53:53.849 (index):1074 NODEACCESSREQUESTED_5
11:53:53.850 (index):1013 NODEACCESSRELEASED_8
11:53:53.851 (index):1038 UPDATE_9
11:53:54.843 (index):1074 NODEACCESSREQUESTED_6
11:53:54.846 (index):1068 ATTRIBUTEACCESSREQUESTED_2
11:53:54.850 (index):1068 ATTRIBUTEACCESSREQUESTED_4
11:53:54.852 (index):1074 NODEACCESSREQUESTED_3
11:53:54.853 (index):1068 ATTRIBUTEACCESSREQUESTED_12
11:53:54.855 (index):1068 ATTRIBUTEACCESSREQUESTED_15
11:53:54.856 (index):1074 NODEACCESSREQUESTED_10
11:53:54.858 (index):1074 NODEACCESSREQUESTED_11
11:53:54.859 (index):1017 ATTRIBUTEACCESSRELEASED_13
11:53:54.860 (index):1017 ATTRIBUTEACCESSRELEASED_0
11:53:54.861 (index):1029 THINKING_14
11:53:54.862 (index):1029 THINKING_9
11:53:55.846 (index):1041 UPDATE_7
11:53:55.847 (index):1038 UPDATE_5
11:53:55.848 (index):1068 ATTRIBUTEACCESSREQUESTED_8
11:53:55.849 (index):1038 UPDATE_6
11:53:56.845 (index):1041 UPDATE_2
11:53:56.847 (index):1097 WAITING_4
11:53:56.848 (index):1038 UPDATE_3
11:53:56.850 (index):1041 UPDATE_12
11:53:56.851 (index):1097 WAITING_15
11:53:56.853 (index):1038 UPDATE_10
11:53:56.854 (index):1038 UPDATE_11
11:53:56.855 (index):1068 ATTRIBUTEACCESSREQUESTED_13
11:53:56.856 (index):1074 NODEACCESSREQUESTED_0
11:53:56.857 (index):1017 ATTRIBUTEACCESSRELEASED_7
11:53:56.858 (index):1029 THINKING_5
11:53:56.860 (index):1013 NODEACCESSRELEASED_6
11:53:56.862 (index):1038 UPDATE_1
11:53:57.846 (index):1097 WAITING_8
11:53:57.848 (index):1029 THINKING_2
11:53:57.849 (index):1029 THINKING_3
11:53:57.851 (index):1029 THINKING_12
11:53:57.852 (index):1029 THINKING_10
11:53:57.853 (index):1013 NODEACCESSRELEASED_11
11:53:57.854 (index):1029 THINKING_1
11:53:57.856 (index):1038 UPDATE_9
11:53:58.848 (index):1041 UPDATE_4
11:53:58.849 (index):1097 WAITING_15
11:53:58.850 (index):1041 UPDATE_13
11:53:58.852 (index):1038 UPDATE_0
11:53:58.853 (index):1074 NODEACCESSREQUESTED_7
11:53:58.854 (index):1074 NODEACCESSREQUESTED_6
11:53:58.856 (index):1038 UPDATE_14
11:53:58.858 (index):1013 NODEACCESSRELEASED_9
11:53:59.849 (index):1097 WAITING_8
11:53:59.853 (index):1074 NODEACCESSREQUESTED_11
11:53:59.854 (index):1017 ATTRIBUTEACCESSRELEASED_4
11:53:59.855 (index):1017 ATTRIBUTEACCESSRELEASED_13
11:53:59.857 (index):1029 THINKING_0
11:53:59.858 (index):1013 NODEACCESSRELEASED_14
11:54:00.839 (index):1041 UPDATE_15
11:54:00.840 (index):1038 UPDATE_7
11:54:00.842 (index):1038 UPDATE_6
11:54:00.844 (index):1068 ATTRIBUTEACCESSREQUESTED_9
11:54:00.845 (index):1038 UPDATE_5
11:54:00.846 (index):1041 UPDATE_2
11:54:00.847 (index):1038 UPDATE_10
11:54:01.849 (index):1097 WAITING_8
11:54:01.851 (index):1038 UPDATE_11
11:54:01.853 (index):1074 NODEACCESSREQUESTED_4
11:54:01.854 (index):1068 ATTRIBUTEACCESSREQUESTED_13
11:54:01.855 (index):1074 NODEACCESSREQUESTED_14
11:54:01.856 (index):1029 THINKING_15
11:54:01.857 (index):1013 NODEACCESSRELEASED_7
11:54:01.858 (index):1013 NODEACCESSRELEASED_6
11:54:01.859 (index):1013 NODEACCESSRELEASED_5
11:54:01.860 (index):1017 ATTRIBUTEACCESSRELEASED_2
11:54:01.861 (index):1013 NODEACCESSRELEASED_10
11:54:01.862 (index):1097 WAITING_9
11:54:02.851 (index):1013 NODEACCESSRELEASED_11
11:54:02.861 (index):1038 UPDATE_3
11:54:02.867 (index):1038 UPDATE_1
11:54:02.873 (index):1038 UPDATE_0
11:54:02.875 (index):1041 UPDATE_12
11:54:03.851 (index):1041 UPDATE_8
11:54:03.852 (index):1038 UPDATE_4
11:54:03.853 (index):1041 UPDATE_13
11:54:03.855 (index):1038 UPDATE_14
11:54:03.856 (index):1074 NODEACCESSREQUESTED_7
11:54:03.857 (index):1074 NODEACCESSREQUESTED_6
11:54:03.858 (index):1068 ATTRIBUTEACCESSREQUESTED_5
11:54:03.859 (index):1068 ATTRIBUTEACCESSREQUESTED_2
11:54:03.860 (index):1074 NODEACCESSREQUESTED_10
11:54:03.862 (index):1097 WAITING_9
11:54:03.863 (index):1013 NODEACCESSRELEASED_3
11:54:03.864 (index):1013 NODEACCESSRELEASED_1
11:54:03.865 (index):1029 THINKING_0
11:54:03.866 (index):1017 ATTRIBUTEACCESSRELEASED_12
11:54:04.853 (index):1074 NODEACCESSREQUESTED_11
11:54:04.858 (index):1029 THINKING_8
11:54:04.861 (index):1013 NODEACCESSRELEASED_4
11:54:04.865 (index):1017 ATTRIBUTEACCESSRELEASED_13
11:54:04.870 (index):1013 NODEACCESSRELEASED_14
11:54:05.858 (index):1038 UPDATE_7
11:54:05.862 (index):1038 UPDATE_6
11:54:05.867 (index):1041 UPDATE_5
11:54:05.871 (index):1097 WAITING_2
11:54:05.874 (index):1038 UPDATE_10
11:54:05.877 (index):1097 WAITING_9
11:54:05.879 (index):1068 ATTRIBUTEACCESSREQUESTED_3
11:54:05.882 (index):1074 NODEACCESSREQUESTED_1
11:54:05.885 (index):1068 ATTRIBUTEACCESSREQUESTED_12
11:54:06.853 (index):1038 UPDATE_11
11:54:06.855 (index):1068 ATTRIBUTEACCESSREQUESTED_4
11:54:06.856 (index):1074 NODEACCESSREQUESTED_13
11:54:06.858 (index):1074 NODEACCESSREQUESTED_14
11:54:06.861 (index):1029 THINKING_7
11:54:06.862 (index):1013 NODEACCESSRELEASED_6
11:54:06.863 (index):1029 THINKING_5
11:54:06.864 (index):1029 THINKING_10
11:54:06.865 (index):1041 UPDATE_15
11:54:07.840 (index):1097 WAITING_2
11:54:07.842 (index):1097 WAITING_9
11:54:07.843 (index):1041 UPDATE_3
11:54:07.844 (index):1038 UPDATE_1
11:54:07.845 (index):1097 WAITING_12
11:54:07.846 (index):1029 THINKING_11
11:54:07.847 (index):1029 THINKING_15
11:54:08.839 (index):1097 WAITING_4
11:54:08.847 (index):1038 UPDATE_13
11:54:08.857 (index):1038 UPDATE_14
11:54:08.860 (index):1068 ATTRIBUTEACCESSREQUESTED_6
11:54:08.862 (index):1017 ATTRIBUTEACCESSRELEASED_3
11:54:08.864 (index):1029 THINKING_1
11:54:08.866 (index):1038 UPDATE_0
11:54:09.844 (index):1097 WAITING_2
11:54:09.847 (index):1097 WAITING_9
11:54:09.848 (index):1097 WAITING_12
11:54:09.849 (index):1013 NODEACCESSRELEASED_13
11:54:09.852 (index):1013 NODEACCESSRELEASED_14
11:54:09.854 (index):1013 NODEACCESSRELEASED_0
11:54:09.856 (index):1038 UPDATE_7
11:54:09.857 (index):1041 UPDATE_8
11:54:10.843 (index):1097 WAITING_4
11:54:10.845 (index):1041 UPDATE_6
11:54:10.846 (index):1074 NODEACCESSREQUESTED_3
11:54:10.848 (index):1013 NODEACCESSRELEASED_7
11:54:10.849 (index):1017 ATTRIBUTEACCESSRELEASED_8
11:54:10.851 (index):1041 UPDATE_15
11:54:11.844 (index):1097 WAITING_2
11:54:11.845 (index):1041 UPDATE_9
11:54:11.846 (index):1097 WAITING_12
11:54:11.848 (index):1068 ATTRIBUTEACCESSREQUESTED_13
11:54:11.849 (index):1074 NODEACCESSREQUESTED_14
11:54:11.850 (index):1074 NODEACCESSREQUESTED_0
11:54:11.851 (index):1029 THINKING_6
11:54:11.852 (index):1017 ATTRIBUTEACCESSRELEASED_15
11:54:11.852 (index):1038 UPDATE_1
11:54:11.853 (index):1041 UPDATE_5
11:54:11.854 (index):1038 UPDATE_10
11:54:12.848 (index):1097 WAITING_4
11:54:12.849 (index):1038 UPDATE_3
11:54:12.851 (index):1068 ATTRIBUTEACCESSREQUESTED_7
11:54:12.852 (index):1068 ATTRIBUTEACCESSREQUESTED_8
11:54:12.856 (index):1017 ATTRIBUTEACCESSRELEASED_9
11:54:12.857 (index):1013 NODEACCESSRELEASED_1
11:54:12.859 (index):1029 THINKING_5
11:54:12.860 (index):1013 NODEACCESSRELEASED_10
11:54:12.862 (index):1038 UPDATE_11
11:54:12.864 (index):1041 UPDATE_2
11:54:12.866 (index):1097 WAITING_12
11:54:13.848 (index):1097 WAITING_13
11:54:13.850 (index):1038 UPDATE_14
11:54:13.851 (index):1038 UPDATE_0
11:54:13.852 (index):1074 NODEACCESSREQUESTED_15
11:54:13.854 (index):1013 NODEACCESSRELEASED_3
11:54:13.855 (index):1013 NODEACCESSRELEASED_11
11:54:13.856 (index):1017 ATTRIBUTEACCESSRELEASED_2
11:54:14.850 (index):1097 WAITING_4
11:54:14.851 (index):1041 UPDATE_7
11:54:14.853 (index):1041 UPDATE_8
11:54:14.854 (index):1068 ATTRIBUTEACCESSREQUESTED_9
11:54:14.855 (index):1074 NODEACCESSREQUESTED_1
11:54:14.856 (index):1074 NODEACCESSREQUESTED_10
11:54:14.858 (index):1041 UPDATE_12
11:54:14.859 (index):1013 NODEACCESSRELEASED_14
11:54:14.860 (index):1029 THINKING_0
11:54:14.861 (index):1041 UPDATE_6
11:54:14.862 (index):1097 WAITING_13
11:54:15.849 (index):1038 UPDATE_15
11:54:15.851 (index):1074 NODEACCESSREQUESTED_3
11:54:15.853 (index):1068 ATTRIBUTEACCESSREQUESTED_11
11:54:15.854 (index):1074 NODEACCESSREQUESTED_2
11:54:15.855 (index):1041 UPDATE_5
11:54:15.856 (index):1029 THINKING_7
11:54:15.858 (index):1017 ATTRIBUTEACCESSRELEASED_8
11:54:15.859 (index):1017 ATTRIBUTEACCESSRELEASED_12
11:54:15.860 (index):1029 THINKING_6
11:54:16.852 (index):1041 UPDATE_4
11:54:16.854 (index):1097 WAITING_9
11:54:16.856 (index):1038 UPDATE_1
11:54:16.858 (index):1038 UPDATE_10
11:54:16.860 (index):1074 NODEACCESSREQUESTED_14
11:54:16.863 (index):1097 WAITING_13
11:54:16.864 (index):1029 THINKING_15
11:54:16.867 (index):1017 ATTRIBUTEACCESSRELEASED_5
11:54:17.853 (index):1038 UPDATE_3
11:54:17.854 (index):1097 WAITING_11
11:54:17.855 (index):1038 UPDATE_2
11:54:17.857 (index):1074 NODEACCESSREQUESTED_8
11:54:17.858 (index):1068 ATTRIBUTEACCESSREQUESTED_12
11:54:17.860 (index):1029 THINKING_4
11:54:17.861 (index):1029 THINKING_1
11:54:17.862 (index):1029 THINKING_10
11:54:17.864 (index):1038 UPDATE_0
11:54:18.839 (index):1097 WAITING_9
11:54:18.844 (index):1038 UPDATE_14
11:54:18.845 (index):1097 WAITING_13
11:54:18.846 (index):1074 NODEACCESSREQUESTED_5
11:54:18.848 (index):1013 NODEACCESSRELEASED_3
11:54:18.849 (index):1029 THINKING_2
11:54:18.850 (index):1013 NODEACCESSRELEASED_0
11:54:18.851 (index):1041 UPDATE_6
11:54:19.841 (index):1097 WAITING_11
11:54:19.843 (index):1038 UPDATE_8
11:54:19.843 (index):1097 WAITING_12
11:54:19.844 (index):1029 THINKING_14
11:54:19.846 (index):1017 ATTRIBUTEACCESSRELEASED_6
11:54:19.847 (index):1038 UPDATE_15
11:54:20.841 (index):1097 WAITING_9
11:54:20.843 (index):1097 WAITING_13
11:54:20.845 (index):1038 UPDATE_5
11:54:20.849 (index):1074 NODEACCESSREQUESTED_3
11:54:20.850 (index):1074 NODEACCESSREQUESTED_0
11:54:20.851 (index):1029 THINKING_8
11:54:20.852 (index):1029 THINKING_15
11:54:20.853 (index):1041 UPDATE_4
11:54:20.854 (index):1041 UPDATE_7
11:54:20.855 (index):1038 UPDATE_1
11:54:21.842 (index):1097 WAITING_11
11:54:21.844 (index):1041 UPDATE_12
11:54:21.845 (index):1074 NODEACCESSREQUESTED_6
11:54:21.847 (index):1029 THINKING_5
11:54:21.848 (index):1017 ATTRIBUTEACCESSRELEASED_4
11:54:21.849 (index):1017 ATTRIBUTEACCESSRELEASED_7
11:54:21.850 (index):1029 THINKING_1
11:54:21.851 (index):1038 UPDATE_2
11:54:21.852 (index):1038 UPDATE_10
11:54:22.845 (index):1041 UPDATE_9
11:54:22.849 (index):1041 UPDATE_13
11:54:22.851 (index):1038 UPDATE_3
11:54:22.852 (index):1038 UPDATE_0
11:54:22.854 (index):1017 ATTRIBUTEACCESSRELEASED_12
11:54:22.855 (index):1029 THINKING_2
11:54:22.856 (index):1013 NODEACCESSRELEASED_10
11:54:22.857 (index):1038 UPDATE_14
11:54:22.858 (index):1097 WAITING_11
11:54:23.845 (index):1038 UPDATE_6
11:54:23.846 (index):1068 ATTRIBUTEACCESSREQUESTED_4
11:54:23.848 (index):1074 NODEACCESSREQUESTED_7
11:54:23.849 (index):1017 ATTRIBUTEACCESSRELEASED_9
11:54:23.851 (index):1017 ATTRIBUTEACCESSRELEASED_13
11:54:23.853 (index):1013 NODEACCESSRELEASED_3
11:54:23.854 (index):1013 NODEACCESSRELEASED_0
11:54:23.855 (index):1013 NODEACCESSRELEASED_14
11:54:23.856 (index):1038 UPDATE_15
11:54:24.846 (index):1068 ATTRIBUTEACCESSREQUESTED_12
11:54:24.848 (index):1074 NODEACCESSREQUESTED_10
11:54:24.849 (index):1041 UPDATE_11
11:54:24.850 (index):1013 NODEACCESSRELEASED_6
11:54:24.851 (index):1013 NODEACCESSRELEASED_15
11:54:24.852 (index):1038 UPDATE_8
11:54:25.846 (index):1097 WAITING_4
11:54:25.847 (index):1038 UPDATE_7
11:54:25.848 (index):1074 NODEACCESSREQUESTED_9
11:54:25.850 (index):1068 ATTRIBUTEACCESSREQUESTED_13
11:54:25.851 (index):1074 NODEACCESSREQUESTED_3
11:54:25.852 (index):1074 NODEACCESSREQUESTED_0
11:54:25.854 (index):1074 NODEACCESSREQUESTED_14
11:54:25.855 (index):1017 ATTRIBUTEACCESSRELEASED_11
11:54:25.856 (index):1013 NODEACCESSRELEASED_8
11:54:25.858 (index):1038 UPDATE_2
11:54:26.850 (index):1097 WAITING_12
11:54:26.857 (index):1038 UPDATE_10
11:54:26.865 (index):1074 NODEACCESSREQUESTED_6
11:54:26.873 (index):1068 ATTRIBUTEACCESSREQUESTED_15
11:54:26.878 (index):1013 NODEACCESSRELEASED_7
11:54:26.881 (index):1029 THINKING_2
11:54:26.883 (index):1038 UPDATE_1
11:54:26.885 (index):1038 UPDATE_5
11:54:26.887 (index):1041 UPDATE_4
11:54:27.848 (index):1038 UPDATE_9
11:54:27.850 (index):1041 UPDATE_13
11:54:27.851 (index):1038 UPDATE_3
11:54:27.853 (index):1038 UPDATE_0
11:54:27.855 (index):1038 UPDATE_14
11:54:27.856 (index):1068 ATTRIBUTEACCESSREQUESTED_11
11:54:27.858 (index):1074 NODEACCESSREQUESTED_8
11:54:27.860 (index):1029 THINKING_10
11:54:27.861 (index):1029 THINKING_1
11:54:27.862 (index):1013 NODEACCESSRELEASED_5
11:54:27.864 (index):1029 THINKING_4
11:54:28.849 (index):1097 WAITING_12
11:54:28.851 (index):1038 UPDATE_6
11:54:28.853 (index):1097 WAITING_15
11:54:28.855 (index):1074 NODEACCESSREQUESTED_7
11:54:28.856 (index):1029 THINKING_9
11:54:28.858 (index):1017 ATTRIBUTEACCESSRELEASED_13
11:54:28.859 (index):1029 THINKING_3
11:54:28.860 (index):1029 THINKING_0
11:54:28.861 (index):1013 NODEACCESSRELEASED_14
11:54:29.849 (index):1041 UPDATE_11
11:54:29.851 (index):1038 UPDATE_8
11:54:29.852 (index):1074 NODEACCESSREQUESTED_5
11:54:29.854 (index):1013 NODEACCESSRELEASED_6
11:54:30.850 (index):1097 WAITING_12
11:54:30.853 (index):1097 WAITING_15
11:54:30.854 (index):1038 UPDATE_7
11:54:30.856 (index):1074 NODEACCESSREQUESTED_13
11:54:30.858 (index):1068 ATTRIBUTEACCESSREQUESTED_14
11:54:30.859 (index):1017 ATTRIBUTEACCESSRELEASED_11
11:54:30.860 (index):1013 NODEACCESSRELEASED_8
11:54:31.851 (index):1038 UPDATE_5
11:54:31.853 (index):1068 ATTRIBUTEACCESSREQUESTED_6
11:54:31.855 (index):1013 NODEACCESSRELEASED_7
11:54:31.856 (index):1038 UPDATE_3
11:54:31.857 (index):1038 UPDATE_2
11:54:32.839 (index):1097 WAITING_12
11:54:32.842 (index):1097 WAITING_15
11:54:32.844 (index):1038 UPDATE_13
11:54:32.845 (index):1041 UPDATE_14
11:54:32.847 (index):1074 NODEACCESSREQUESTED_11
11:54:32.849 (index):1074 NODEACCESSREQUESTED_8
11:54:32.850 (index):1013 NODEACCESSRELEASED_5
11:54:32.851 (index):1013 NODEACCESSRELEASED_3
11:54:32.852 (index):1013 NODEACCESSRELEASED_2
11:54:32.854 (index):1038 UPDATE_9
11:54:32.855 (index):1038 UPDATE_1
11:54:32.856 (index):1041 UPDATE_4
11:54:32.857 (index):1038 UPDATE_10
11:54:33.840 (index):1041 UPDATE_6
11:54:33.842 (index):1038 UPDATE_0
11:54:33.843 (index):1068 ATTRIBUTEACCESSREQUESTED_7
11:54:33.845 (index):1013 NODEACCESSRELEASED_13
11:54:33.846 (index):1029 THINKING_14
11:54:33.848 (index):1013 NODEACCESSRELEASED_9
11:54:33.849 (index):1013 NODEACCESSRELEASED_1
11:54:33.851 (index):1029 THINKING_4
11:54:33.853 (index):1013 NODEACCESSRELEASED_10
11:54:34.842 (index):1097 WAITING_12
11:54:34.843 (index):1097 WAITING_15
11:54:34.845 (index):1038 UPDATE_11
11:54:34.847 (index):1038 UPDATE_8
11:54:34.848 (index):1074 NODEACCESSREQUESTED_5
11:54:34.849 (index):1068 ATTRIBUTEACCESSREQUESTED_3
11:54:34.850 (index):1074 NODEACCESSREQUESTED_2
11:54:34.851 (index):1017 ATTRIBUTEACCESSRELEASED_6
11:54:34.852 (index):1013 NODEACCESSRELEASED_0
11:54:35.843 (index):1097 WAITING_7
11:54:35.845 (index):1074 NODEACCESSREQUESTED_13
11:54:35.846 (index):1074 NODEACCESSREQUESTED_9
11:54:35.848 (index):1074 NODEACCESSREQUESTED_1
11:54:35.849 (index):1068 ATTRIBUTEACCESSREQUESTED_10
11:54:35.851 (index):1029 THINKING_11
11:54:35.852 (index):1013 NODEACCESSRELEASED_8
11:54:36.843 (index):1097 WAITING_12
11:54:36.850 (index):1097 WAITING_15
11:54:36.857 (index):1038 UPDATE_5
11:54:36.862 (index):1097 WAITING_3
11:54:36.865 (index):1038 UPDATE_2
11:54:36.868 (index):1074 NODEACCESSREQUESTED_6
11:54:36.870 (index):1068 ATTRIBUTEACCESSREQUESTED_0
11:54:37.840 (index):1097 WAITING_7
11:54:37.846 (index):1038 UPDATE_13
11:54:37.852 (index):1038 UPDATE_9
11:54:37.856 (index):1038 UPDATE_1
11:54:37.858 (index):1041 UPDATE_10
11:54:37.861 (index):1074 NODEACCESSREQUESTED_8
11:54:37.863 (index):1013 NODEACCESSRELEASED_5
11:54:37.865 (index):1013 NODEACCESSRELEASED_2
11:54:37.867 (index):1041 UPDATE_14
11:54:37.869 (index):1041 UPDATE_4
11:54:38.847 (index):1097 WAITING_12
11:54:38.848 (index):1097 WAITING_15
11:54:38.850 (index):1097 WAITING_3
11:54:38.851 (index):1038 UPDATE_6
11:54:38.853 (index):1097 WAITING_0
11:54:38.855 (index):1013 NODEACCESSRELEASED_13
11:54:38.856 (index):1013 NODEACCESSRELEASED_9
11:54:38.858 (index):1029 THINKING_1
11:54:38.859 (index):1017 ATTRIBUTEACCESSRELEASED_10
11:54:38.860 (index):1029 THINKING_14
11:54:38.861 (index):1029 THINKING_4
11:54:38.862 (index):1097 WAITING_7
11:54:39.847 (index):1038 UPDATE_8
11:54:39.850 (index):1074 NODEACCESSREQUESTED_5
11:54:39.852 (index):1074 NODEACCESSREQUESTED_2
11:54:39.854 (index):1013 NODEACCESSRELEASED_6
11:54:39.857 (index):1038 UPDATE_11
11:54:40.847 (index):1097 WAITING_12
11:54:40.850 (index):1097 WAITING_15
11:54:40.854 (index):1097 WAITING_3
11:54:40.857 (index):1097 WAITING_0
11:54:40.858 (index):1074 NODEACCESSREQUESTED_13
11:54:40.860 (index):1068 ATTRIBUTEACCESSREQUESTED_9
11:54:40.862 (index):1068 ATTRIBUTEACCESSREQUESTED_10
11:54:40.865 (index):1097 WAITING_7
11:54:40.867 (index):1013 NODEACCESSRELEASED_8
11:54:40.869 (index):1013 NODEACCESSRELEASED_11
11:54:41.848 (index):1038 UPDATE_5
11:54:41.850 (index):1038 UPDATE_2
11:54:41.852 (index):1074 NODEACCESSREQUESTED_6
11:54:41.854 (index):1038 UPDATE_1
11:54:41.856 (index):1041 UPDATE_4
11:54:42.849 (index):1097 WAITING_12
11:54:42.851 (index):1097 WAITING_15
11:54:42.853 (index):1097 WAITING_3
11:54:42.857 (index):1097 WAITING_0
11:54:42.860 (index):1038 UPDATE_13
11:54:42.862 (index):1097 WAITING_9
11:54:42.869 (index):1097 WAITING_10
11:54:42.873 (index):1097 WAITING_7
11:54:42.876 (index):1074 NODEACCESSREQUESTED_8
11:54:42.878 (index):1074 NODEACCESSREQUESTED_11
11:54:42.882 (index):1013 NODEACCESSRELEASED_5
11:54:42.885 (index):1013 NODEACCESSRELEASED_2
11:54:42.889 (index):1013 NODEACCESSRELEASED_1
11:54:42.893 (index):1017 ATTRIBUTEACCESSRELEASED_4
11:54:43.840 (index):1038 UPDATE_6
11:54:43.842 (index):1041 UPDATE_14
11:54:43.846 (index):1013 NODEACCESSRELEASED_13
11:54:44.843 (index):1041 UPDATE_12
11:54:44.845 (index):1097 WAITING_15
11:54:44.847 (index):1097 WAITING_3
11:54:44.851 (index):1097 WAITING_0
11:54:44.853 (index):1097 WAITING_9
11:54:44.854 (index):1097 WAITING_10
11:54:44.856 (index):1097 WAITING_7
11:54:44.857 (index):1038 UPDATE_8
11:54:44.859 (index):1038 UPDATE_11
11:54:44.861 (index):1074 NODEACCESSREQUESTED_5
11:54:44.864 (index):1074 NODEACCESSREQUESTED_2
11:54:44.866 (index):1074 NODEACCESSREQUESTED_1
11:54:44.868 (index):1074 NODEACCESSREQUESTED_4
11:54:44.869 (index):1108 END_6
11:54:44.871 (index):1017 ATTRIBUTEACCESSRELEASED_14
11:54:45.840 (index):1074 NODEACCESSREQUESTED_13
11:54:45.841 (index):1017 ATTRIBUTEACCESSRELEASED_12
11:54:45.843 (index):1013 NODEACCESSRELEASED_8
11:54:45.844 (index):1013 NODEACCESSRELEASED_11
11:54:46.840 (index):1041 UPDATE_15
11:54:46.841 (index):1097 WAITING_3
11:54:46.842 (index):1097 WAITING_0
11:54:46.843 (index):1097 WAITING_9
11:54:46.844 (index):1097 WAITING_10
11:54:46.845 (index):1041 UPDATE_7
11:54:46.847 (index):1038 UPDATE_5
11:54:46.848 (index):1038 UPDATE_2
11:54:46.849 (index):1038 UPDATE_1
11:54:46.850 (index):1038 UPDATE_4
11:54:46.851 (index):1068 ATTRIBUTEACCESSREQUESTED_14
11:54:47.840 (index):1038 UPDATE_13
11:54:47.842 (index):1068 ATTRIBUTEACCESSREQUESTED_12
11:54:47.843 (index):1068 ATTRIBUTEACCESSREQUESTED_8
11:54:47.845 (index):1068 ATTRIBUTEACCESSREQUESTED_11
11:54:47.846 (index):1029 THINKING_15
11:54:47.848 (index):1017 ATTRIBUTEACCESSRELEASED_7
11:54:47.849 (index):1108 END_5
11:54:47.850 (index):1013 NODEACCESSRELEASED_2
11:54:47.851 (index):1108 END_1
11:54:47.853 (index):1013 NODEACCESSRELEASED_4
11:54:48.852 (index):1097 WAITING_3
11:54:48.854 (index):1097 WAITING_0
11:54:48.857 (index):1097 WAITING_9
11:54:48.859 (index):1041 UPDATE_10
11:54:48.861 (index):1041 UPDATE_14
11:54:48.863 (index):1013 NODEACCESSRELEASED_13
11:54:48.864 (index):1041 UPDATE_12
11:54:48.867 (index):1097 WAITING_8
11:54:48.869 (index):1041 UPDATE_11
11:54:48.871 (index):1074 NODEACCESSREQUESTED_7
11:54:48.874 (index):1074 NODEACCESSREQUESTED_2
11:54:49.845 (index):1074 NODEACCESSREQUESTED_4
11:54:49.847 (index):1017 ATTRIBUTEACCESSRELEASED_10
11:54:49.848 (index):1108 END_14
11:54:49.850 (index):1017 ATTRIBUTEACCESSRELEASED_12
11:54:49.852 (index):1029 THINKING_11
11:54:50.851 (index):1097 WAITING_3
11:54:50.853 (index):1097 WAITING_0
11:54:50.855 (index):1097 WAITING_9
11:54:50.856 (index):1074 NODEACCESSREQUESTED_13
11:54:50.859 (index):1097 WAITING_8
11:54:50.860 (index):1038 UPDATE_7
11:54:50.862 (index):1038 UPDATE_2
11:54:50.864 (index):1038 UPDATE_4
11:54:50.866 (index):1074 NODEACCESSREQUESTED_10
11:54:51.856 (index):1074 NODEACCESSREQUESTED_12
11:54:51.858 (index):1013 NODEACCESSRELEASED_7
11:54:51.860 (index):1108 END_2
11:54:51.862 (index):1029 THINKING_4
11:54:51.864 (index):1097 WAITING_3
11:54:51.867 (index):1097 WAITING_0
11:54:52.848 (index):1097 WAITING_9
11:54:52.851 (index):1038 UPDATE_13
11:54:52.853 (index):1097 WAITING_8
11:54:52.857 (index):1038 UPDATE_10
11:54:52.860 (index):1041 UPDATE_15
11:54:53.849 (index):1038 UPDATE_12
11:54:53.852 (index):1068 ATTRIBUTEACCESSREQUESTED_7
11:54:53.855 (index):1097 WAITING_3
11:54:53.856 (index):1097 WAITING_0
11:54:53.858 (index):1013 NODEACCESSRELEASED_13
11:54:53.860 (index):1108 END_10
11:54:53.862 (index):1017 ATTRIBUTEACCESSRELEASED_15
11:54:53.864 (index):1041 UPDATE_11
11:54:54.847 (index):1097 WAITING_9
11:54:54.850 (index):1097 WAITING_8
11:54:54.852 (index):1013 NODEACCESSRELEASED_12
11:54:54.854 (index):1108 END_11
11:54:55.848 (index):1041 UPDATE_7
11:54:55.850 (index):1041 UPDATE_3
11:54:55.852 (index):1097 WAITING_0
11:54:55.855 (index):1074 NODEACCESSREQUESTED_13
11:54:55.858 (index):1074 NODEACCESSREQUESTED_15
11:54:56.845 (index):1097 WAITING_9
11:54:56.848 (index):1097 WAITING_8
11:54:56.853 (index):1074 NODEACCESSREQUESTED_12
11:54:56.857 (index):1029 THINKING_7
11:54:56.859 (index):1017 ATTRIBUTEACCESSRELEASED_3
11:54:56.862 (index):1038 UPDATE_4
11:54:57.845 (index):1041 UPDATE_0
11:54:57.846 (index):1038 UPDATE_13
11:54:57.847 (index):1038 UPDATE_15
11:54:57.848 (index):1108 END_4
11:54:58.847 (index):1097 WAITING_9
11:54:58.851 (index):1097 WAITING_8
11:54:58.853 (index):1038 UPDATE_12
11:54:58.854 (index):1068 ATTRIBUTEACCESSREQUESTED_3
11:54:58.856 (index):1017 ATTRIBUTEACCESSRELEASED_0
11:54:58.858 (index):1108 END_13
11:54:58.859 (index):1029 THINKING_15
11:54:59.853 (index):1029 THINKING_12
11:54:59.855 (index):1041 UPDATE_9
11:54:59.856 (index):1097 WAITING_8
11:55:00.854 (index):1097 WAITING_3
11:55:00.856 (index):1074 NODEACCESSREQUESTED_0
11:55:00.857 (index):1029 THINKING_9
11:55:00.860 (index):1041 UPDATE_7
11:55:01.839 (index):1097 WAITING_8
11:55:01.841 (index):1017 ATTRIBUTEACCESSRELEASED_7
11:55:02.842 (index):1041 UPDATE_3
11:55:02.854 (index):1038 UPDATE_0
11:55:02.858 (index):1038 UPDATE_15
11:55:02.861 (index):1097 WAITING_8
11:55:03.842 (index):1074 NODEACCESSREQUESTED_7
11:55:03.844 (index):1029 THINKING_3
11:55:03.845 (index):1013 NODEACCESSRELEASED_0
11:55:03.846 (index):1013 NODEACCESSRELEASED_15
11:55:03.847 (index):1038 UPDATE_12
11:55:04.843 (index):1097 WAITING_8
11:55:04.849 (index):1013 NODEACCESSRELEASED_12
11:55:04.854 (index):1041 UPDATE_9
11:55:05.845 (index):1038 UPDATE_7
11:55:05.847 (index):1074 NODEACCESSREQUESTED_0
11:55:05.848 (index):1074 NODEACCESSREQUESTED_15
11:55:05.850 (index):1017 ATTRIBUTEACCESSRELEASED_9
11:55:06.845 (index):1041 UPDATE_8
11:55:06.849 (index):1068 ATTRIBUTEACCESSREQUESTED_12
11:55:06.854 (index):1108 END_7
11:55:06.860 (index):1041 UPDATE_3
11:55:07.846 (index):1038 UPDATE_0
11:55:07.848 (index):1038 UPDATE_15
11:55:07.849 (index):1068 ATTRIBUTEACCESSREQUESTED_9
11:55:07.850 (index):1017 ATTRIBUTEACCESSRELEASED_8
11:55:07.852 (index):1017 ATTRIBUTEACCESSRELEASED_3
11:55:08.848 (index):1041 UPDATE_12
11:55:08.850 (index):1108 END_0
11:55:08.852 (index):1108 END_15
11:55:09.849 (index):1041 UPDATE_9
11:55:09.850 (index):1074 NODEACCESSREQUESTED_8
11:55:09.852 (index):1074 NODEACCESSREQUESTED_3
11:55:09.855 (index):1017 ATTRIBUTEACCESSRELEASED_12
11:55:10.853 (index):1017 ATTRIBUTEACCESSRELEASED_9
11:55:10.854 (index):1038 UPDATE_8
11:55:11.854 (index):1038 UPDATE_3
11:55:11.855 (index):1068 ATTRIBUTEACCESSREQUESTED_12
11:55:11.856 (index):1108 END_8
11:55:12.854 (index):1074 NODEACCESSREQUESTED_9
11:55:12.856 (index):1108 END_3
11:55:13.840 (index):1041 UPDATE_12
11:55:14.845 (index):1038 UPDATE_9
11:55:14.847 (index):1108 END_12
11:55:15.845 (index):1013 NODEACCESSRELEASED_9
11:55:17.851 (index):1074 NODEACCESSREQUESTED_9
11:55:19.853 (index):1038 UPDATE_9
11:55:20.856 (index):1108 END_9
