11:39:26.851 (index):1210 Tasks: 25; Collaborators: 5    =========================>
11:39:26.853 (index):1068 ATTRIBUTEACCESSREQUESTED_0
11:39:26.856 (index):1074 NODEACCESSREQUESTED_1
11:39:26.858 (index):1074 NODEACCESSREQUESTED_2
11:39:26.861 (index):1068 ATTRIBUTEACCESSREQUESTED_3
11:39:26.862 (index):1068 ATTRIBUTEACCESSREQUESTED_4
11:39:28.854 (index):1029 THINKING_0
11:39:28.858 (index):1029 THINKING_1
11:39:28.860 (index):1013 NODEACCESSRELEASED_2
11:39:28.864 (index):1017 ATTRIBUTEACCESSRELEASED_3
11:39:28.868 (index):1017 ATTRIBUTEACCESSRELEASED_4
11:39:30.841 (index):1074 NODEACCESSREQUESTED_2
11:39:30.843 (index):1068 ATTRIBUTEACCESSREQUESTED_3
11:39:30.844 (index):1068 ATTRIBUTEACCESSREQUESTED_4
11:39:31.839 (index):1038 UPDATE_1
11:39:32.848 (index):1038 UPDATE_2
11:39:32.851 (index):1041 UPDATE_3
11:39:32.854 (index):1041 UPDATE_4
11:39:32.854 (index):1013 NODEACCESSRELEASED_1
11:39:33.849 (index):1013 NODEACCESSRELEASED_2
11:39:33.851 (index):1017 ATTRIBUTEACCESSRELEASED_3
11:39:33.854 (index):1017 ATTRIBUTEACCESSRELEASED_4
11:39:33.855 (index):1041 UPDATE_0
11:39:34.851 (index):1074 NODEACCESSREQUESTED_1
11:39:34.854 (index):1017 ATTRIBUTEACCESSRELEASED_0
11:39:35.841 (index):1074 NODEACCESSREQUESTED_2
11:39:35.845 (index):1074 NODEACCESSREQUESTED_3
11:39:35.848 (index):1074 NODEACCESSREQUESTED_4
11:39:36.843 (index):1038 UPDATE_1
11:39:36.847 (index):1068 ATTRIBUTEACCESSREQUESTED_0
11:39:37.844 (index):1038 UPDATE_2
11:39:37.847 (index):1038 UPDATE_3
11:39:37.850 (index):1038 UPDATE_4
11:39:37.853 (index):1029 THINKING_1
11:39:38.850 (index):1041 UPDATE_0
11:39:38.853 (index):1013 NODEACCESSRELEASED_2
11:39:38.856 (index):1029 THINKING_3
11:39:38.857 (index):1013 NODEACCESSRELEASED_4
11:39:39.853 (index):1017 ATTRIBUTEACCESSRELEASED_0
11:39:40.854 (index):1068 ATTRIBUTEACCESSREQUESTED_2
11:39:40.858 (index):1068 ATTRIBUTEACCESSREQUESTED_4
11:39:41.854 (index):1074 NODEACCESSREQUESTED_0
11:39:41.857 (index):1038 UPDATE_1
11:39:42.857 (index):1041 UPDATE_2
11:39:42.859 (index):1041 UPDATE_4
11:39:42.861 (index):1029 THINKING_1
11:39:43.859 (index):1038 UPDATE_0
11:39:43.862 (index):1029 THINKING_2
11:39:43.864 (index):1017 ATTRIBUTEACCESSRELEASED_4
11:39:43.866 (index):1038 UPDATE_3
11:39:44.842 (index):1029 THINKING_0
11:39:44.846 (index):1013 NODEACCESSRELEASED_3
11:39:45.846 (index):1074 NODEACCESSREQUESTED_4
11:39:46.848 (index):1068 ATTRIBUTEACCESSREQUESTED_3
11:39:46.851 (index):1041 UPDATE_2
11:39:47.849 (index):1038 UPDATE_4
11:39:47.853 (index):1017 ATTRIBUTEACCESSRELEASED_2
11:39:47.857 (index):1038 UPDATE_1
11:39:47.859 (index):1038 UPDATE_0
11:39:48.841 (index):1041 UPDATE_3
11:39:48.844 (index):1013 NODEACCESSRELEASED_4
11:39:48.846 (index):1013 NODEACCESSRELEASED_1
11:39:48.848 (index):1029 THINKING_0
11:39:49.843 (index):1068 ATTRIBUTEACCESSREQUESTED_2
11:39:49.846 (index):1017 ATTRIBUTEACCESSRELEASED_3
11:39:50.846 (index):1068 ATTRIBUTEACCESSREQUESTED_4
11:39:50.848 (index):1074 NODEACCESSREQUESTED_1
11:39:50.850 (index):1041 UPDATE_2
11:39:51.853 (index):1074 NODEACCESSREQUESTED_3
11:39:51.857 (index):1017 ATTRIBUTEACCESSRELEASED_2
11:39:51.859 (index):1041 UPDATE_4
11:39:51.860 (index):1038 UPDATE_1
11:39:52.854 (index):1029 THINKING_4
11:39:52.856 (index):1029 THINKING_1
11:39:53.842 (index):1038 UPDATE_3
11:39:53.844 (index):1074 NODEACCESSREQUESTED_2
11:39:53.845 (index):1038 UPDATE_0
11:39:54.848 (index):1013 NODEACCESSRELEASED_3
11:39:54.850 (index):1013 NODEACCESSRELEASED_0
11:39:54.852 (index):1038 UPDATE_2
11:39:55.849 (index):1029 THINKING_2
11:39:55.850 (index):1038 UPDATE_1
11:39:55.851 (index):1041 UPDATE_4
11:39:56.850 (index):1074 NODEACCESSREQUESTED_3
11:39:56.851 (index):1074 NODEACCESSREQUESTED_0
11:39:56.853 (index):1013 NODEACCESSRELEASED_1
11:39:56.854 (index):1017 ATTRIBUTEACCESSRELEASED_4
11:39:58.852 (index):1038 UPDATE_3
11:39:58.855 (index):1038 UPDATE_0
11:39:58.856 (index):1074 NODEACCESSREQUESTED_1
11:39:58.858 (index):1068 ATTRIBUTEACCESSREQUESTED_4
11:39:58.859 (index):1038 UPDATE_2
11:39:59.854 (index):1013 NODEACCESSRELEASED_3
11:39:59.856 (index):1029 THINKING_0
11:39:59.857 (index):1029 THINKING_2
11:40:00.854 (index):1038 UPDATE_1
11:40:00.855 (index):1041 UPDATE_4
11:40:01.854 (index):1074 NODEACCESSREQUESTED_3
11:40:01.857 (index):1029 THINKING_1
11:40:01.861 (index):1029 THINKING_4
11:40:02.854 (index):1038 UPDATE_0
11:40:02.857 (index):1038 UPDATE_2
11:40:03.840 (index):1038 UPDATE_3
11:40:03.841 (index):1013 NODEACCESSRELEASED_0
11:40:03.843 (index):1029 THINKING_2
11:40:04.840 (index):1013 NODEACCESSRELEASED_3
11:40:04.842 (index):1038 UPDATE_1
11:40:05.844 (index):1074 NODEACCESSREQUESTED_0
11:40:05.846 (index):1029 THINKING_1
11:40:05.848 (index):1074 NODEACCESSREQUESTED_3
11:40:06.854 (index):1041 UPDATE_4
11:40:06.861 (index):1038 UPDATE_0
11:40:06.867 (index):1038 UPDATE_3
11:40:07.850 (index):1029 THINKING_4
11:40:07.857 (index):1013 NODEACCESSRELEASED_0
11:40:07.862 (index):1029 THINKING_3
11:40:08.851 (index):1038 UPDATE_2
11:40:09.851 (index):1074 NODEACCESSREQUESTED_0
11:40:09.853 (index):1013 NODEACCESSRELEASED_2
11:40:10.841 (index):1038 UPDATE_3
11:40:10.842 (index):1038 UPDATE_1
11:40:11.840 (index):1038 UPDATE_0
11:40:11.841 (index):1074 NODEACCESSREQUESTED_2
11:40:11.842 (index):1013 NODEACCESSRELEASED_3
11:40:11.844 (index):1029 THINKING_1
11:40:11.845 (index):1041 UPDATE_4
11:40:12.848 (index):1029 THINKING_0
11:40:12.849 (index):1029 THINKING_4
11:40:12.851 (index):1038 UPDATE_2
11:40:12.853 (index):1068 ATTRIBUTEACCESSREQUESTED_3
11:40:13.847 (index):1013 NODEACCESSRELEASED_2
11:40:14.847 (index):1041 UPDATE_3
11:40:15.848 (index):1074 NODEACCESSREQUESTED_2
11:40:15.851 (index):1017 ATTRIBUTEACCESSRELEASED_3
11:40:15.853 (index):1041 UPDATE_4
11:40:16.849 (index):1017 ATTRIBUTEACCESSRELEASED_4
11:40:16.850 (index):1038 UPDATE_1
11:40:16.852 (index):1038 UPDATE_0
11:40:17.848 (index):1038 UPDATE_2
11:40:17.850 (index):1068 ATTRIBUTEACCESSREQUESTED_3
11:40:17.851 (index):1013 NODEACCESSRELEASED_1
11:40:17.853 (index):1013 NODEACCESSRELEASED_0
11:40:18.849 (index):1074 NODEACCESSREQUESTED_4
11:40:18.850 (index):1013 NODEACCESSRELEASED_2
11:40:19.850 (index):1041 UPDATE_3
11:40:19.851 (index):1074 NODEACCESSREQUESTED_1
11:40:19.853 (index):1068 ATTRIBUTEACCESSREQUESTED_0
11:40:20.848 (index):1038 UPDATE_4
11:40:20.850 (index):1074 NODEACCESSREQUESTED_2
11:40:20.851 (index):1029 THINKING_3
11:40:21.849 (index):1038 UPDATE_1
11:40:21.850 (index):1041 UPDATE_0
11:40:21.852 (index):1013 NODEACCESSRELEASED_4
11:40:22.848 (index):1038 UPDATE_2
11:40:22.851 (index):1029 THINKING_1
11:40:22.853 (index):1017 ATTRIBUTEACCESSRELEASED_0
11:40:23.847 (index):1074 NODEACCESSREQUESTED_4
11:40:23.849 (index):1013 NODEACCESSRELEASED_2
11:40:23.850 (index):1041 UPDATE_3
11:40:24.850 (index):1074 NODEACCESSREQUESTED_0
11:40:24.853 (index):1017 ATTRIBUTEACCESSRELEASED_3
11:40:24.855 (index):1038 UPDATE_4
11:40:24.856 (index):1074 NODEACCESSREQUESTED_2
11:40:25.850 (index):1029 THINKING_4
11:40:25.851 (index):1038 UPDATE_1
11:40:26.850 (index):1074 NODEACCESSREQUESTED_3
11:40:26.851 (index):1038 UPDATE_0
11:40:26.852 (index):1038 UPDATE_2
11:40:26.854 (index):1013 NODEACCESSRELEASED_1
11:40:27.848 (index):1013 NODEACCESSRELEASED_0
11:40:27.849 (index):1108 END_2
11:40:28.847 (index):1038 UPDATE_3
11:40:28.849 (index):1074 NODEACCESSREQUESTED_1
11:40:29.847 (index):1074 NODEACCESSREQUESTED_0
11:40:29.849 (index):1108 END_3
11:40:30.848 (index):1038 UPDATE_1
11:40:30.850 (index):1038 UPDATE_4
11:40:31.842 (index):1038 UPDATE_0
11:40:31.843 (index):1108 END_1
11:40:31.851 (index):1108 END_4
11:40:32.856 (index):1108 END_0
