11:36:11.856 (index):1183 Tasks: 25; Collaborators: 2    =========================>
11:36:11.857 (index):1068 ATTRIBUTEACCESSREQUESTED_0
11:36:11.858 (index):1074 NODEACCESSREQUESTED_1
11:36:13.845 (index):1029 THINKING_0
11:36:13.846 (index):1029 THINKING_1
11:36:16.847 (index):1038 UPDATE_1
11:36:17.853 (index):1013 NODEACCESSRELEASED_1
11:36:18.855 (index):1041 UPDATE_0
11:36:19.840 (index):1074 NODEACCESSREQUESTED_1
11:36:19.844 (index):1017 ATTRIBUTEACCESSRELEASED_0
11:36:20.846 (index):1038 UPDATE_1
11:36:20.850 (index):1068 ATTRIBUTEACCESSREQUESTED_0
11:36:21.847 (index):1029 THINKING_1
11:36:22.847 (index):1041 UPDATE_0
11:36:23.849 (index):1017 ATTRIBUTEACCESSRELEASED_0
11:36:25.855 (index):1074 NODEACCESSREQUESTED_0
11:36:25.859 (index):1038 UPDATE_1
11:36:26.858 (index):1029 THINKING_1
11:36:27.860 (index):1038 UPDATE_0
11:36:28.841 (index):1029 THINKING_0
11:36:31.847 (index):1038 UPDATE_1
11:36:31.849 (index):1038 UPDATE_0
11:36:32.852 (index):1013 NODEACCESSRELEASED_1
11:36:32.855 (index):1029 THINKING_0
11:36:34.840 (index):1074 NODEACCESSREQUESTED_1
11:36:36.848 (index):1038 UPDATE_1
11:36:37.840 (index):1029 THINKING_1
11:36:37.843 (index):1038 UPDATE_0
11:36:38.851 (index):1013 NODEACCESSRELEASED_0
11:36:40.842 (index):1074 NODEACCESSREQUESTED_0
11:36:40.844 (index):1038 UPDATE_1
11:36:41.847 (index):1013 NODEACCESSRELEASED_1
11:36:41.850 (index):1038 UPDATE_0
11:36:42.851 (index):1029 THINKING_0
11:36:42.854 (index):1074 NODEACCESSREQUESTED_1
11:36:44.855 (index):1038 UPDATE_1
11:36:45.840 (index):1029 THINKING_1
11:36:45.841 (index):1038 UPDATE_0
11:36:46.842 (index):1013 NODEACCESSRELEASED_0
11:36:48.850 (index):1074 NODEACCESSREQUESTED_0
11:36:48.852 (index):1038 UPDATE_1
11:36:49.852 (index):1029 THINKING_1
11:36:50.853 (index):1038 UPDATE_0
11:36:51.847 (index):1013 NODEACCESSRELEASED_0
11:36:53.852 (index):1074 NODEACCESSREQUESTED_0
11:36:54.855 (index):1038 UPDATE_1
11:36:55.840 (index):1038 UPDATE_0
11:36:55.843 (index):1029 THINKING_1
11:36:56.842 (index):1029 THINKING_0
11:37:00.849 (index):1038 UPDATE_1
11:37:00.852 (index):1038 UPDATE_0
11:37:01.851 (index):1013 NODEACCESSRELEASED_1
11:37:01.852 (index):1013 NODEACCESSRELEASED_0
11:37:02.854 (index):1074 NODEACCESSREQUESTED_1
11:37:02.856 (index):1068 ATTRIBUTEACCESSREQUESTED_0
11:37:04.857 (index):1038 UPDATE_1
11:37:04.860 (index):1041 UPDATE_0
11:37:05.860 (index):1029 THINKING_1
11:37:05.863 (index):1017 ATTRIBUTEACCESSRELEASED_0
11:37:07.840 (index):1074 NODEACCESSREQUESTED_0
11:37:08.848 (index):1038 UPDATE_1
11:37:08.851 (index):1038 UPDATE_0
11:37:09.850 (index):1013 NODEACCESSRELEASED_1
11:37:09.852 (index):1013 NODEACCESSRELEASED_0
11:37:11.853 (index):1074 NODEACCESSREQUESTED_1
11:37:11.855 (index):1074 NODEACCESSREQUESTED_0
11:37:13.854 (index):1038 UPDATE_1
11:37:13.857 (index):1038 UPDATE_0
11:37:14.842 (index):1108 END_1
11:37:14.845 (index):1108 END_0
