16:32:45.227 (index):789 Tasks: 25; Collaborators: 4    =========================>
16:32:45.229 (index):699 NODEACCESSREQUESTED_0
16:32:45.231 (index):699 NODEACCESSREQUESTED_1
16:32:45.232 (index):699 NODEACCESSREQUESTED_2
16:32:45.233 (index):699 NODEACCESSREQUESTED_3
16:32:47.226 (index):679 THINKING_0
16:32:47.228 (index):679 THINKING_1
16:32:47.229 (index):669 NODEACCESSRELEASED_2
16:32:47.231 (index):669 NODEACCESSRELEASED_3
16:32:49.226 (index):699 NODEACCESSREQUESTED_2
16:32:49.228 (index):699 NODEACCESSREQUESTED_3
16:32:50.226 (index):687 UPDATE_1
16:32:51.226 (index):687 UPDATE_2
16:32:51.228 (index):687 UPDATE_3
16:32:51.229 (index):669 NODEACCESSRELEASED_1
16:32:52.226 (index):669 NODEACCESSRELEASED_2
16:32:52.228 (index):669 NODEACCESSRELEASED_3
16:32:52.229 (index):687 UPDATE_0
16:32:53.226 (index):699 NODEACCESSREQUESTED_1
16:32:53.227 (index):669 NODEACCESSRELEASED_0
16:32:54.226 (index):699 NODEACCESSREQUESTED_2
16:32:54.228 (index):699 NODEACCESSREQUESTED_3
16:32:55.226 (index):687 UPDATE_1
16:32:55.228 (index):699 NODEACCESSREQUESTED_0
16:32:56.226 (index):687 UPDATE_2
16:32:56.228 (index):687 UPDATE_3
16:32:56.230 (index):679 THINKING_1
16:32:57.226 (index):687 UPDATE_0
16:32:57.227 (index):669 NODEACCESSRELEASED_2
16:32:57.228 (index):679 THINKING_3
16:32:58.226 (index):669 NODEACCESSRELEASED_0
16:32:59.226 (index):699 NODEACCESSREQUESTED_2
16:33:00.226 (index):699 NODEACCESSREQUESTED_0
16:33:00.228 (index):687 UPDATE_1
16:33:01.230 (index):687 UPDATE_2
16:33:01.231 (index):679 THINKING_1
16:33:01.233 (index):687 UPDATE_0
16:33:02.227 (index):679 THINKING_2
16:33:02.228 (index):679 THINKING_0
16:33:02.230 (index):687 UPDATE_3
16:33:03.226 (index):669 NODEACCESSRELEASED_3
16:33:05.227 (index):699 NODEACCESSREQUESTED_3
16:33:05.228 (index):687 UPDATE_0
16:33:05.229 (index):687 UPDATE_2
16:33:06.226 (index):679 THINKING_0
16:33:06.228 (index):669 NODEACCESSRELEASED_2
16:33:06.229 (index):687 UPDATE_1
16:33:07.226 (index):687 UPDATE_3
16:33:07.227 (index):669 NODEACCESSRELEASED_1
16:33:08.226 (index):699 NODEACCESSREQUESTED_2
16:33:08.227 (index):669 NODEACCESSRELEASED_3
16:33:09.226 (index):699 NODEACCESSREQUESTED_1
16:33:10.226 (index):687 UPDATE_2
16:33:10.228 (index):699 NODEACCESSREQUESTED_3
16:33:11.226 (index):687 UPDATE_1
16:33:11.228 (index):669 NODEACCESSRELEASED_2
16:33:11.230 (index):687 UPDATE_0
16:33:12.226 (index):687 UPDATE_3
16:33:12.227 (index):679 THINKING_1
16:33:12.229 (index):669 NODEACCESSRELEASED_0
16:33:13.226 (index):699 NODEACCESSREQUESTED_2
16:33:13.227 (index):669 NODEACCESSRELEASED_3
16:33:14.226 (index):699 NODEACCESSREQUESTED_0
16:33:15.226 (index):687 UPDATE_2
16:33:15.228 (index):699 NODEACCESSREQUESTED_3
16:33:15.229 (index):687 UPDATE_1
16:33:16.226 (index):687 UPDATE_0
16:33:16.228 (index):679 THINKING_2
16:33:16.229 (index):669 NODEACCESSRELEASED_1
16:33:17.226 (index):687 UPDATE_3
16:33:17.228 (index):679 THINKING_0
16:33:18.226 (index):699 NODEACCESSREQUESTED_1
16:33:18.228 (index):669 NODEACCESSRELEASED_3
16:33:19.226 (index):687 UPDATE_2
16:33:20.227 (index):687 UPDATE_1
16:33:20.229 (index):699 NODEACCESSREQUESTED_3
16:33:20.231 (index):679 THINKING_2
16:33:20.232 (index):687 UPDATE_0
16:33:21.227 (index):679 THINKING_1
16:33:21.229 (index):669 NODEACCESSRELEASED_0
16:33:22.226 (index):687 UPDATE_3
16:33:23.227 (index):699 NODEACCESSREQUESTED_0
16:33:23.228 (index):669 NODEACCESSRELEASED_3
16:33:23.229 (index):687 UPDATE_2
16:33:24.227 (index):679 THINKING_2
16:33:24.229 (index):687 UPDATE_1
16:33:25.228 (index):687 UPDATE_0
16:33:25.230 (index):699 NODEACCESSREQUESTED_3
16:33:25.231 (index):679 THINKING_1
16:33:26.226 (index):669 NODEACCESSRELEASED_0
16:33:27.230 (index):687 UPDATE_3
16:33:27.231 (index):699 NODEACCESSREQUESTED_0
16:33:28.228 (index):679 THINKING_3
16:33:29.227 (index):687 UPDATE_0
16:33:29.229 (index):687 UPDATE_2
16:33:30.227 (index):679 THINKING_0
16:33:30.228 (index):669 NODEACCESSRELEASED_2
16:33:30.229 (index):687 UPDATE_1
16:33:31.226 (index):679 THINKING_1
16:33:31.228 (index):687 UPDATE_3
16:33:32.230 (index):699 NODEACCESSREQUESTED_2
16:33:32.232 (index):669 NODEACCESSRELEASED_3
16:33:34.226 (index):687 UPDATE_2
16:33:34.228 (index):699 NODEACCESSREQUESTED_3
16:33:34.229 (index):687 UPDATE_0
16:33:35.226 (index):669 NODEACCESSRELEASED_2
16:33:35.228 (index):669 NODEACCESSRELEASED_0
16:33:36.226 (index):687 UPDATE_3
16:33:36.227 (index):687 UPDATE_1
16:33:37.226 (index):699 NODEACCESSREQUESTED_2
16:33:37.227 (index):699 NODEACCESSREQUESTED_0
16:33:37.229 (index):669 NODEACCESSRELEASED_3
16:33:37.230 (index):669 NODEACCESSRELEASED_1
16:33:39.227 (index):687 UPDATE_2
16:33:39.228 (index):687 UPDATE_0
16:33:39.230 (index):699 NODEACCESSREQUESTED_3
16:33:39.231 (index):699 NODEACCESSREQUESTED_1
16:33:40.227 (index):669 NODEACCESSRELEASED_2
16:33:40.228 (index):669 NODEACCESSRELEASED_0
16:33:41.227 (index):687 UPDATE_3
16:33:41.231 (index):687 UPDATE_1
16:33:42.227 (index):699 NODEACCESSREQUESTED_2
16:33:42.229 (index):699 NODEACCESSREQUESTED_0
16:33:42.231 (index):679 THINKING_3
16:33:42.232 (index):679 THINKING_1
16:33:44.226 (index):687 UPDATE_2
16:33:44.227 (index):687 UPDATE_0
16:33:45.227 (index):669 NODEACCESSRELEASED_2
16:33:45.228 (index):669 NODEACCESSRELEASED_0
16:33:45.228 (index):687 UPDATE_1
16:33:45.229 (index):687 UPDATE_3
16:33:46.226 (index):669 NODEACCESSRELEASED_1
16:33:46.228 (index):669 NODEACCESSRELEASED_3
16:33:47.226 (index):699 NODEACCESSREQUESTED_2
16:33:47.227 (index):699 NODEACCESSREQUESTED_0
16:33:48.226 (index):699 NODEACCESSREQUESTED_1
16:33:48.227 (index):699 NODEACCESSREQUESTED_3
16:33:49.226 (index):687 UPDATE_2
16:33:49.227 (index):687 UPDATE_0
16:33:50.229 (index):687 UPDATE_1
16:33:50.230 (index):687 UPDATE_3
16:33:50.231 (index):728 END_2
16:33:50.231 (index):728 END_0
16:33:50.468 (index):728 END_1
16:33:50.469 (index):728 END_3
