16:34:30.868 (index):813 Tasks: 25; Collaborators: 6    =========================>
16:34:30.869 (index):699 NODEACCESSREQUESTED_0
16:34:30.869 (index):699 NODEACCESSREQUESTED_1
16:34:30.870 (index):699 NODEACCESSREQUESTED_2
16:34:30.871 (index):699 NODEACCESSREQUESTED_3
16:34:30.872 (index):699 NODEACCESSREQUESTED_4
16:34:30.873 (index):699 NODEACCESSREQUESTED_5
16:34:31.870 (index):679 THINKING_0
16:34:31.871 (index):679 THINKING_1
16:34:31.872 (index):669 NODEACCESSRELEASED_2
16:34:31.872 (index):669 NODEACCESSRELEASED_3
16:34:31.873 (index):669 NODEACCESSRELEASED_4
16:34:31.874 (index):669 NODEACCESSRELEASED_5
16:34:32.872 (index):699 NODEACCESSREQUESTED_2
16:34:32.874 (index):699 NODEACCESSREQUESTED_3
16:34:32.875 (index):699 NODEACCESSREQUESTED_4
16:34:32.876 (index):699 NODEACCESSREQUESTED_5
16:34:33.874 (index):687 UPDATE_2
16:34:33.875 (index):687 UPDATE_3
16:34:33.877 (index):687 UPDATE_4
16:34:33.878 (index):687 UPDATE_5
16:34:33.975 (index):669 NODEACCESSRELEASED_2
16:34:33.977 (index):669 NODEACCESSRELEASED_3
16:34:33.978 (index):669 NODEACCESSRELEASED_4
16:34:33.979 (index):679 THINKING_5
16:34:34.817 (index):687 UPDATE_1
16:34:34.918 (index):669 NODEACCESSRELEASED_1
16:34:34.976 (index):699 NODEACCESSREQUESTED_2
16:34:34.978 (index):699 NODEACCESSREQUESTED_3
16:34:34.979 (index):699 NODEACCESSREQUESTED_4
16:34:35.920 (index):699 NODEACCESSREQUESTED_1
16:34:35.978 (index):687 UPDATE_2
16:34:35.979 (index):687 UPDATE_3
16:34:35.980 (index):687 UPDATE_4
16:34:36.079 (index):669 NODEACCESSRELEASED_2
16:34:36.080 (index):679 THINKING_3
16:34:36.081 (index):669 NODEACCESSRELEASED_4
16:34:36.219 (index):687 UPDATE_0
16:34:36.320 (index):669 NODEACCESSRELEASED_0
16:34:36.394 (index):687 UPDATE_5
16:34:36.495 (index):669 NODEACCESSRELEASED_5
16:34:36.920 (index):687 UPDATE_1
16:34:37.022 (index):679 THINKING_1
16:34:37.080 (index):699 NODEACCESSREQUESTED_2
16:34:37.081 (index):699 NODEACCESSREQUESTED_4
16:34:37.321 (index):699 NODEACCESSREQUESTED_0
16:34:37.497 (index):699 NODEACCESSREQUESTED_5
16:34:38.081 (index):687 UPDATE_2
16:34:38.083 (index):687 UPDATE_4
16:34:38.182 (index):679 THINKING_2
16:34:38.184 (index):669 NODEACCESSRELEASED_4
16:34:38.322 (index):687 UPDATE_0
16:34:38.423 (index):669 NODEACCESSRELEASED_0
16:34:38.498 (index):687 UPDATE_5
16:34:38.599 (index):679 THINKING_5
16:34:39.226 (index):699 NODEACCESSREQUESTED_4
16:34:40.226 (index):699 NODEACCESSREQUESTED_0
16:34:40.228 (index):687 UPDATE_3
16:34:41.226 (index):687 UPDATE_4
16:34:41.227 (index):669 NODEACCESSRELEASED_3
16:34:41.227 (index):687 UPDATE_1
16:34:41.228 (index):687 UPDATE_2
16:34:42.226 (index):687 UPDATE_0
16:34:42.227 (index):669 NODEACCESSRELEASED_4
16:34:42.228 (index):679 THINKING_1
16:34:42.228 (index):669 NODEACCESSRELEASED_2
16:34:42.229 (index):687 UPDATE_5
16:34:43.226 (index):699 NODEACCESSREQUESTED_3
16:34:43.227 (index):679 THINKING_0
16:34:43.227 (index):669 NODEACCESSRELEASED_5
16:34:44.226 (index):699 NODEACCESSREQUESTED_4
16:34:44.227 (index):699 NODEACCESSREQUESTED_2
16:34:45.228 (index):687 UPDATE_3
16:34:45.230 (index):699 NODEACCESSREQUESTED_5
16:34:45.231 (index):687 UPDATE_4
16:34:45.233 (index):687 UPDATE_2
16:34:46.226 (index):669 NODEACCESSRELEASED_3
16:34:46.227 (index):679 THINKING_4
16:34:46.229 (index):669 NODEACCESSRELEASED_2
16:34:46.230 (index):687 UPDATE_0
16:34:47.226 (index):687 UPDATE_5
16:34:47.227 (index):679 THINKING_0
16:34:47.227 (index):687 UPDATE_1
16:34:48.226 (index):699 NODEACCESSREQUESTED_3
16:34:48.227 (index):699 NODEACCESSREQUESTED_2
16:34:48.228 (index):679 THINKING_5
16:34:48.229 (index):669 NODEACCESSRELEASED_1
16:34:49.228 (index):687 UPDATE_4
16:34:49.229 (index):687 UPDATE_3
16:34:50.226 (index):687 UPDATE_2
16:34:50.228 (index):699 NODEACCESSREQUESTED_1
16:34:50.229 (index):669 NODEACCESSRELEASED_4
16:34:50.231 (index):669 NODEACCESSRELEASED_3
16:34:51.226 (index):679 THINKING_2
16:34:52.231 (index):687 UPDATE_1
16:34:52.232 (index):699 NODEACCESSREQUESTED_4
16:34:52.233 (index):699 NODEACCESSREQUESTED_3
16:34:52.234 (index):687 UPDATE_0
16:34:53.226 (index):679 THINKING_1
16:34:53.228 (index):669 NODEACCESSRELEASED_0
16:34:53.229 (index):687 UPDATE_5
16:34:54.226 (index):687 UPDATE_4
16:34:54.227 (index):687 UPDATE_3
16:34:54.228 (index):679 THINKING_5
16:34:54.229 (index):687 UPDATE_2
16:34:55.226 (index):699 NODEACCESSREQUESTED_0
16:34:55.228 (index):679 THINKING_4
16:34:55.229 (index):669 NODEACCESSRELEASED_3
16:34:55.230 (index):679 THINKING_2
16:34:56.228 (index):687 UPDATE_1
16:34:57.228 (index):687 UPDATE_0
16:34:57.229 (index):699 NODEACCESSREQUESTED_3
16:34:57.231 (index):687 UPDATE_5
16:34:57.232 (index):669 NODEACCESSRELEASED_1
16:34:58.226 (index):679 THINKING_0
16:34:58.228 (index):669 NODEACCESSRELEASED_5
16:34:58.229 (index):687 UPDATE_2
16:34:59.226 (index):687 UPDATE_3
16:34:59.228 (index):699 NODEACCESSREQUESTED_1
16:34:59.229 (index):679 THINKING_2
16:35:00.226 (index):699 NODEACCESSREQUESTED_5
16:35:00.227 (index):669 NODEACCESSRELEASED_3
16:35:00.229 (index):687 UPDATE_4
16:35:01.226 (index):687 UPDATE_1
16:35:01.227 (index):679 THINKING_4
16:35:01.228 (index):687 UPDATE_0
16:35:02.226 (index):687 UPDATE_5
16:35:02.228 (index):699 NODEACCESSREQUESTED_3
16:35:02.229 (index):679 THINKING_1
16:35:02.230 (index):669 NODEACCESSRELEASED_0
16:35:03.226 (index):679 THINKING_5
16:35:04.227 (index):687 UPDATE_3
16:35:04.228 (index):699 NODEACCESSREQUESTED_0
16:35:04.230 (index):687 UPDATE_2
16:35:05.226 (index):679 THINKING_3
16:35:05.227 (index):669 NODEACCESSRELEASED_2
16:35:05.228 (index):687 UPDATE_1
16:35:05.228 (index):687 UPDATE_4
16:35:06.226 (index):687 UPDATE_0
16:35:06.227 (index):679 THINKING_1
16:35:06.228 (index):679 THINKING_4
16:35:07.227 (index):699 NODEACCESSREQUESTED_2
16:35:07.229 (index):669 NODEACCESSRELEASED_0
16:35:08.226 (index):687 UPDATE_3
16:35:08.227 (index):687 UPDATE_5
16:35:09.226 (index):687 UPDATE_2
16:35:09.228 (index):699 NODEACCESSREQUESTED_0
16:35:09.229 (index):669 NODEACCESSRELEASED_3
16:35:09.231 (index):669 NODEACCESSRELEASED_5
16:35:09.232 (index):687 UPDATE_4
16:35:10.226 (index):669 NODEACCESSRELEASED_2
16:35:10.227 (index):669 NODEACCESSRELEASED_4
16:35:11.226 (index):687 UPDATE_0
16:35:11.227 (index):699 NODEACCESSREQUESTED_3
16:35:11.227 (index):699 NODEACCESSREQUESTED_5
16:35:11.228 (index):687 UPDATE_1
16:35:12.226 (index):699 NODEACCESSREQUESTED_2
16:35:12.228 (index):699 NODEACCESSREQUESTED_4
16:35:12.230 (index):679 THINKING_0
16:35:12.231 (index):679 THINKING_1
16:35:13.226 (index):687 UPDATE_3
16:35:13.228 (index):687 UPDATE_5
16:35:14.226 (index):687 UPDATE_2
16:35:14.228 (index):687 UPDATE_4
16:35:14.229 (index):669 NODEACCESSRELEASED_3
16:35:14.231 (index):669 NODEACCESSRELEASED_5
16:35:15.226 (index):669 NODEACCESSRELEASED_2
16:35:15.227 (index):669 NODEACCESSRELEASED_4
16:35:16.226 (index):699 NODEACCESSREQUESTED_3
16:35:16.227 (index):699 NODEACCESSREQUESTED_5
16:35:16.228 (index):687 UPDATE_0
16:35:17.226 (index):699 NODEACCESSREQUESTED_2
16:35:17.227 (index):699 NODEACCESSREQUESTED_4
16:35:17.228 (index):669 NODEACCESSRELEASED_0
16:35:17.230 (index):687 UPDATE_1
16:35:17.777 (index):687 UPDATE_3
16:35:17.778 (index):687 UPDATE_5
16:35:17.778 (index):669 NODEACCESSRELEASED_1
16:35:17.878 (index):679 THINKING_3
16:35:17.879 (index):669 NODEACCESSRELEASED_5
16:35:18.227 (index):687 UPDATE_2
16:35:18.229 (index):687 UPDATE_4
16:35:18.230 (index):699 NODEACCESSREQUESTED_0
16:35:18.329 (index):669 NODEACCESSRELEASED_2
16:35:18.330 (index):679 THINKING_4
16:35:18.779 (index):699 NODEACCESSREQUESTED_1
16:35:18.879 (index):699 NODEACCESSREQUESTED_5
16:35:19.231 (index):687 UPDATE_0
16:35:19.330 (index):699 NODEACCESSREQUESTED_2
16:35:19.332 (index):669 NODEACCESSRELEASED_0
16:35:19.780 (index):687 UPDATE_1
16:35:19.881 (index):687 UPDATE_5
16:35:19.882 (index):679 THINKING_1
16:35:19.982 (index):669 NODEACCESSRELEASED_5
16:35:20.216 (index):687 UPDATE_3
16:35:20.317 (index):669 NODEACCESSRELEASED_3
16:35:20.331 (index):687 UPDATE_2
16:35:20.334 (index):699 NODEACCESSREQUESTED_0
16:35:20.432 (index):728 END_2
16:35:20.983 (index):699 NODEACCESSREQUESTED_5
16:35:21.318 (index):699 NODEACCESSREQUESTED_3
16:35:21.334 (index):687 UPDATE_0
16:35:21.435 (index):669 NODEACCESSRELEASED_0
16:35:22.226 (index):687 UPDATE_5
16:35:22.230 (index):687 UPDATE_1
16:35:23.227 (index):687 UPDATE_3
16:35:23.228 (index):728 END_5
16:35:23.230 (index):669 NODEACCESSRELEASED_1
16:35:23.231 (index):699 NODEACCESSREQUESTED_0
16:35:23.233 (index):687 UPDATE_4
16:35:24.226 (index):728 END_3
16:35:24.227 (index):728 END_4
16:35:25.226 (index):699 NODEACCESSREQUESTED_1
16:35:25.228 (index):687 UPDATE_0
16:35:26.228 (index):728 END_0
16:35:26.230 (index):687 UPDATE_1
16:35:27.228 (index):728 END_1
