16:38:46.229 (index):908 Tasks: 25; Collaborators: 11    =========================>
16:38:46.230 (index):699 NODEACCESSREQUESTED_0
16:38:46.230 (index):699 NODEACCESSREQUESTED_1
16:38:46.231 (index):699 NODEACCESSREQUESTED_2
16:38:46.231 (index):699 NODEACCESSREQUESTED_3
16:38:46.232 (index):699 NODEACCESSREQUESTED_4
16:38:46.232 (index):699 NODEACCESSREQUESTED_5
16:38:46.233 (index):699 NODEACCESSREQUESTED_6
16:38:46.233 (index):699 NODEACCESSREQUESTED_7
16:38:46.234 (index):699 NODEACCESSREQUESTED_8
16:38:46.234 (index):699 NODEACCESSREQUESTED_9
16:38:46.235 (index):699 NODEACCESSREQUESTED_10
16:38:48.226 (index):679 THINKING_0
16:38:48.228 (index):679 THINKING_1
16:38:48.229 (index):669 NODEACCESSRELEASED_2
16:38:48.230 (index):669 NODEACCESSRELEASED_3
16:38:48.231 (index):669 NODEACCESSRELEASED_4
16:38:48.232 (index):669 NODEACCESSRELEASED_5
16:38:48.233 (index):679 THINKING_6
16:38:48.234 (index):669 NODEACCESSRELEASED_7
16:38:48.234 (index):679 THINKING_8
16:38:48.235 (index):669 NODEACCESSRELEASED_9
16:38:48.235 (index):669 NODEACCESSRELEASED_10
16:38:50.226 (index):699 NODEACCESSREQUESTED_2
16:38:50.228 (index):699 NODEACCESSREQUESTED_3
16:38:50.229 (index):699 NODEACCESSREQUESTED_4
16:38:50.231 (index):699 NODEACCESSREQUESTED_5
16:38:50.232 (index):699 NODEACCESSREQUESTED_7
16:38:50.233 (index):699 NODEACCESSREQUESTED_9
16:38:50.234 (index):699 NODEACCESSREQUESTED_10
16:38:51.226 (index):687 UPDATE_8
16:38:51.228 (index):687 UPDATE_6
16:38:51.229 (index):687 UPDATE_1
16:38:52.226 (index):687 UPDATE_2
16:38:52.227 (index):687 UPDATE_3
16:38:52.227 (index):687 UPDATE_4
16:38:52.228 (index):687 UPDATE_5
16:38:52.228 (index):687 UPDATE_7
16:38:52.229 (index):687 UPDATE_9
16:38:52.229 (index):687 UPDATE_10
16:38:52.229 (index):679 THINKING_8
16:38:52.230 (index):669 NODEACCESSRELEASED_6
16:38:52.231 (index):669 NODEACCESSRELEASED_1
16:38:53.226 (index):669 NODEACCESSRELEASED_2
16:38:53.227 (index):669 NODEACCESSRELEASED_3
16:38:53.228 (index):669 NODEACCESSRELEASED_4
16:38:53.228 (index):679 THINKING_5
16:38:53.229 (index):669 NODEACCESSRELEASED_7
16:38:53.230 (index):679 THINKING_9
16:38:53.230 (index):679 THINKING_10
16:38:53.231 (index):687 UPDATE_0
16:38:54.226 (index):699 NODEACCESSREQUESTED_6
16:38:54.227 (index):699 NODEACCESSREQUESTED_1
16:38:54.228 (index):669 NODEACCESSRELEASED_0
16:38:55.226 (index):699 NODEACCESSREQUESTED_2
16:38:55.227 (index):699 NODEACCESSREQUESTED_3
16:38:55.227 (index):699 NODEACCESSREQUESTED_4
16:38:55.228 (index):699 NODEACCESSREQUESTED_7
16:38:56.226 (index):687 UPDATE_6
16:38:56.227 (index):687 UPDATE_1
16:38:56.227 (index):699 NODEACCESSREQUESTED_0
16:38:56.228 (index):687 UPDATE_10
16:38:56.229 (index):687 UPDATE_5
16:38:57.226 (index):687 UPDATE_2
16:38:57.227 (index):687 UPDATE_3
16:38:57.228 (index):687 UPDATE_4
16:38:57.229 (index):687 UPDATE_7
16:38:57.231 (index):669 NODEACCESSRELEASED_6
16:38:57.232 (index):679 THINKING_1
16:38:57.233 (index):669 NODEACCESSRELEASED_10
16:38:57.234 (index):669 NODEACCESSRELEASED_5
16:38:57.234 (index):687 UPDATE_8
16:38:58.226 (index):687 UPDATE_0
16:38:58.227 (index):669 NODEACCESSRELEASED_2
16:38:58.228 (index):679 THINKING_3
16:38:58.230 (index):669 NODEACCESSRELEASED_4
16:38:58.231 (index):669 NODEACCESSRELEASED_7
16:38:58.231 (index):669 NODEACCESSRELEASED_8
16:38:58.232 (index):687 UPDATE_9
16:38:59.226 (index):699 NODEACCESSREQUESTED_6
16:38:59.227 (index):699 NODEACCESSREQUESTED_10
16:38:59.228 (index):699 NODEACCESSREQUESTED_5
16:38:59.229 (index):669 NODEACCESSRELEASED_0
16:38:59.230 (index):679 THINKING_9
16:39:00.226 (index):699 NODEACCESSREQUESTED_2
16:39:00.230 (index):699 NODEACCESSREQUESTED_4
16:39:00.231 (index):699 NODEACCESSREQUESTED_7
16:39:00.232 (index):699 NODEACCESSREQUESTED_8
16:39:01.226 (index):687 UPDATE_6
16:39:01.227 (index):687 UPDATE_10
16:39:01.228 (index):687 UPDATE_5
16:39:01.229 (index):699 NODEACCESSREQUESTED_0
16:39:01.230 (index):687 UPDATE_1
16:39:02.226 (index):687 UPDATE_2
16:39:02.227 (index):687 UPDATE_4
16:39:02.228 (index):687 UPDATE_7
16:39:02.229 (index):687 UPDATE_8
16:39:02.230 (index):669 NODEACCESSRELEASED_6
16:39:02.232 (index):679 THINKING_10
16:39:02.233 (index):679 THINKING_5
16:39:02.235 (index):679 THINKING_1
16:39:02.236 (index):687 UPDATE_9
16:39:03.228 (index):687 UPDATE_0
16:39:03.229 (index):679 THINKING_2
16:39:03.229 (index):669 NODEACCESSRELEASED_4
16:39:03.230 (index):679 THINKING_7
16:39:03.230 (index):679 THINKING_8
16:39:03.231 (index):669 NODEACCESSRELEASED_9
16:39:03.232 (index):687 UPDATE_3
16:39:04.226 (index):699 NODEACCESSREQUESTED_6
16:39:04.227 (index):679 THINKING_0
16:39:04.228 (index):669 NODEACCESSRELEASED_3
16:39:05.226 (index):699 NODEACCESSREQUESTED_4
16:39:05.228 (index):699 NODEACCESSREQUESTED_9
16:39:05.229 (index):687 UPDATE_10
16:39:06.226 (index):687 UPDATE_6
16:39:06.227 (index):699 NODEACCESSREQUESTED_3
16:39:06.228 (index):669 NODEACCESSRELEASED_10
16:39:06.229 (index):687 UPDATE_5
16:39:06.232 (index):687 UPDATE_7
16:39:06.234 (index):687 UPDATE_2
16:39:07.226 (index):687 UPDATE_4
16:39:07.227 (index):687 UPDATE_9
16:39:07.227 (index):669 NODEACCESSRELEASED_6
16:39:07.229 (index):669 NODEACCESSRELEASED_5
16:39:07.230 (index):669 NODEACCESSRELEASED_7
16:39:07.231 (index):669 NODEACCESSRELEASED_2
16:39:07.232 (index):687 UPDATE_1
16:39:07.233 (index):687 UPDATE_0
16:39:08.226 (index):687 UPDATE_3
16:39:08.227 (index):699 NODEACCESSREQUESTED_10
16:39:08.228 (index):669 NODEACCESSRELEASED_4
16:39:08.228 (index):669 NODEACCESSRELEASED_9
16:39:08.229 (index):669 NODEACCESSRELEASED_1
16:39:08.229 (index):679 THINKING_0
16:39:08.230 (index):687 UPDATE_8
16:39:09.226 (index):699 NODEACCESSREQUESTED_6
16:39:09.227 (index):699 NODEACCESSREQUESTED_5
16:39:09.228 (index):699 NODEACCESSREQUESTED_7
16:39:09.229 (index):699 NODEACCESSREQUESTED_2
16:39:09.230 (index):669 NODEACCESSRELEASED_3
16:39:09.231 (index):669 NODEACCESSRELEASED_8
16:39:10.226 (index):687 UPDATE_10
16:39:10.227 (index):699 NODEACCESSREQUESTED_4
16:39:10.228 (index):699 NODEACCESSREQUESTED_9
16:39:10.229 (index):699 NODEACCESSREQUESTED_1
16:39:11.226 (index):687 UPDATE_6
16:39:11.227 (index):687 UPDATE_5
16:39:11.227 (index):687 UPDATE_7
16:39:11.228 (index):687 UPDATE_2
16:39:11.228 (index):699 NODEACCESSREQUESTED_3
16:39:11.229 (index):699 NODEACCESSREQUESTED_8
16:39:11.229 (index):679 THINKING_10
16:39:12.226 (index):687 UPDATE_4
16:39:12.227 (index):687 UPDATE_9
16:39:12.228 (index):687 UPDATE_1
16:39:12.229 (index):669 NODEACCESSRELEASED_6
16:39:12.230 (index):679 THINKING_5
16:39:12.231 (index):679 THINKING_7
16:39:12.233 (index):669 NODEACCESSRELEASED_2
16:39:13.226 (index):687 UPDATE_3
16:39:13.227 (index):687 UPDATE_8
16:39:13.228 (index):679 THINKING_4
16:39:13.228 (index):669 NODEACCESSRELEASED_9
16:39:13.229 (index):679 THINKING_1
16:39:13.230 (index):687 UPDATE_0
16:39:14.226 (index):699 NODEACCESSREQUESTED_6
16:39:14.228 (index):699 NODEACCESSREQUESTED_2
16:39:14.229 (index):669 NODEACCESSRELEASED_3
16:39:14.230 (index):669 NODEACCESSRELEASED_8
16:39:14.231 (index):669 NODEACCESSRELEASED_0
16:39:15.227 (index):699 NODEACCESSREQUESTED_9
16:39:16.228 (index):687 UPDATE_6
16:39:16.229 (index):687 UPDATE_2
16:39:16.231 (index):699 NODEACCESSREQUESTED_3
16:39:16.232 (index):699 NODEACCESSREQUESTED_8
16:39:16.233 (index):699 NODEACCESSREQUESTED_0
16:39:16.234 (index):687 UPDATE_1
16:39:16.235 (index):687 UPDATE_4
16:39:16.236 (index):687 UPDATE_10
16:39:16.237 (index):687 UPDATE_9
16:39:17.226 (index):679 THINKING_6
16:39:17.227 (index):679 THINKING_2
16:39:17.228 (index):669 NODEACCESSRELEASED_1
16:39:17.229 (index):669 NODEACCESSRELEASED_4
16:39:17.231 (index):669 NODEACCESSRELEASED_10
16:39:17.232 (index):679 THINKING_9
16:39:17.233 (index):687 UPDATE_5
16:39:17.234 (index):687 UPDATE_7
16:39:18.226 (index):687 UPDATE_3
16:39:18.227 (index):687 UPDATE_8
16:39:18.228 (index):687 UPDATE_0
16:39:18.228 (index):679 THINKING_5
16:39:18.229 (index):669 NODEACCESSRELEASED_7
16:39:19.226 (index):699 NODEACCESSREQUESTED_1
16:39:19.227 (index):699 NODEACCESSREQUESTED_4
16:39:19.228 (index):699 NODEACCESSREQUESTED_10
16:39:19.228 (index):669 NODEACCESSRELEASED_3
16:39:19.229 (index):679 THINKING_8
16:39:19.230 (index):679 THINKING_0
16:39:20.226 (index):699 NODEACCESSREQUESTED_7
16:39:20.227 (index):687 UPDATE_6
16:39:20.228 (index):687 UPDATE_2
16:39:21.226 (index):687 UPDATE_1
16:39:21.227 (index):687 UPDATE_4
16:39:21.227 (index):687 UPDATE_10
16:39:21.228 (index):699 NODEACCESSREQUESTED_3
16:39:21.229 (index):687 UPDATE_5
16:39:21.230 (index):679 THINKING_6
16:39:21.231 (index):679 THINKING_2
16:39:21.231 (index):687 UPDATE_9
16:39:22.226 (index):687 UPDATE_7
16:39:22.227 (index):679 THINKING_1
16:39:22.227 (index):679 THINKING_4
16:39:22.228 (index):679 THINKING_10
16:39:22.228 (index):669 NODEACCESSRELEASED_5
16:39:22.229 (index):669 NODEACCESSRELEASED_9
16:39:22.229 (index):687 UPDATE_0
16:39:23.230 (index):687 UPDATE_3
16:39:23.231 (index):669 NODEACCESSRELEASED_7
16:39:23.232 (index):669 NODEACCESSRELEASED_0
16:39:23.233 (index):687 UPDATE_8
16:39:23.234 (index):699 NODEACCESSREQUESTED_5
16:39:23.235 (index):699 NODEACCESSREQUESTED_9
16:39:24.226 (index):669 NODEACCESSRELEASED_3
16:39:24.227 (index):669 NODEACCESSRELEASED_8
16:39:24.228 (index):687 UPDATE_2
16:39:24.229 (index):687 UPDATE_6
16:39:25.226 (index):699 NODEACCESSREQUESTED_7
16:39:25.227 (index):699 NODEACCESSREQUESTED_0
16:39:25.228 (index):687 UPDATE_5
16:39:25.229 (index):687 UPDATE_9
16:39:25.229 (index):679 THINKING_2
16:39:25.230 (index):669 NODEACCESSRELEASED_6
16:39:25.231 (index):687 UPDATE_1
16:39:26.226 (index):699 NODEACCESSREQUESTED_3
16:39:26.227 (index):699 NODEACCESSREQUESTED_8
16:39:26.228 (index):679 THINKING_5
16:39:26.229 (index):669 NODEACCESSRELEASED_9
16:39:26.230 (index):679 THINKING_1
16:39:26.232 (index):687 UPDATE_10
16:39:27.230 (index):687 UPDATE_7
16:39:27.232 (index):687 UPDATE_0
16:39:27.233 (index):699 NODEACCESSREQUESTED_6
16:39:27.234 (index):669 NODEACCESSRELEASED_10
16:39:27.234 (index):687 UPDATE_4
16:39:27.235 (index):687 UPDATE_3
16:39:27.235 (index):687 UPDATE_8
16:39:27.236 (index):699 NODEACCESSREQUESTED_9
16:39:28.227 (index):669 NODEACCESSRELEASED_7
16:39:28.228 (index):669 NODEACCESSRELEASED_0
16:39:28.228 (index):679 THINKING_4
16:39:28.229 (index):679 THINKING_3
16:39:28.229 (index):669 NODEACCESSRELEASED_8
16:39:29.226 (index):687 UPDATE_6
16:39:29.227 (index):699 NODEACCESSREQUESTED_10
16:39:29.227 (index):687 UPDATE_9
16:39:30.226 (index):699 NODEACCESSREQUESTED_7
16:39:30.227 (index):699 NODEACCESSREQUESTED_0
16:39:30.228 (index):699 NODEACCESSREQUESTED_8
16:39:30.228 (index):669 NODEACCESSRELEASED_6
16:39:30.229 (index):679 THINKING_9
16:39:30.229 (index):687 UPDATE_2
16:39:31.226 (index):687 UPDATE_10
16:39:31.227 (index):669 NODEACCESSRELEASED_2
16:39:31.227 (index):687 UPDATE_3
16:39:31.228 (index):687 UPDATE_1
16:39:31.229 (index):687 UPDATE_5
16:39:32.226 (index):687 UPDATE_7
16:39:32.227 (index):687 UPDATE_0
16:39:32.227 (index):687 UPDATE_8
16:39:32.228 (index):699 NODEACCESSREQUESTED_6
16:39:32.228 (index):679 THINKING_10
16:39:32.229 (index):669 NODEACCESSRELEASED_3
16:39:32.229 (index):679 THINKING_1
16:39:32.230 (index):669 NODEACCESSRELEASED_5
16:39:32.231 (index):687 UPDATE_4
16:39:33.226 (index):699 NODEACCESSREQUESTED_2
16:39:33.227 (index):669 NODEACCESSRELEASED_7
16:39:33.227 (index):679 THINKING_0
16:39:33.228 (index):669 NODEACCESSRELEASED_8
16:39:33.229 (index):679 THINKING_4
16:39:34.226 (index):687 UPDATE_6
16:39:34.227 (index):699 NODEACCESSREQUESTED_3
16:39:34.228 (index):699 NODEACCESSREQUESTED_5
16:39:34.229 (index):687 UPDATE_9
16:39:35.226 (index):687 UPDATE_2
16:39:35.227 (index):699 NODEACCESSREQUESTED_7
16:39:35.228 (index):699 NODEACCESSREQUESTED_8
16:39:35.229 (index):669 NODEACCESSRELEASED_6
16:39:35.231 (index):669 NODEACCESSRELEASED_9
16:39:36.226 (index):687 UPDATE_3
16:39:36.227 (index):687 UPDATE_5
16:39:36.228 (index):669 NODEACCESSRELEASED_2
16:39:36.229 (index):687 UPDATE_4
16:39:37.226 (index):687 UPDATE_7
16:39:37.227 (index):687 UPDATE_8
16:39:37.227 (index):699 NODEACCESSREQUESTED_6
16:39:37.228 (index):699 NODEACCESSREQUESTED_9
16:39:37.229 (index):669 NODEACCESSRELEASED_3
16:39:37.229 (index):669 NODEACCESSRELEASED_5
16:39:37.230 (index):669 NODEACCESSRELEASED_4
16:39:37.232 (index):687 UPDATE_1
16:39:37.233 (index):687 UPDATE_10
16:39:37.233 (index):687 UPDATE_0
16:39:38.226 (index):699 NODEACCESSREQUESTED_2
16:39:38.227 (index):669 NODEACCESSRELEASED_7
16:39:38.228 (index):669 NODEACCESSRELEASED_8
16:39:38.229 (index):669 NODEACCESSRELEASED_1
16:39:38.231 (index):669 NODEACCESSRELEASED_10
16:39:38.232 (index):669 NODEACCESSRELEASED_0
16:39:39.226 (index):687 UPDATE_6
16:39:39.227 (index):687 UPDATE_9
16:39:39.229 (index):699 NODEACCESSREQUESTED_3
16:39:39.230 (index):699 NODEACCESSREQUESTED_5
16:39:39.232 (index):699 NODEACCESSREQUESTED_4
16:39:40.226 (index):687 UPDATE_2
16:39:40.227 (index):699 NODEACCESSREQUESTED_7
16:39:40.228 (index):699 NODEACCESSREQUESTED_8
16:39:40.229 (index):699 NODEACCESSREQUESTED_1
16:39:40.230 (index):699 NODEACCESSREQUESTED_10
16:39:40.231 (index):699 NODEACCESSREQUESTED_0
16:39:40.233 (index):669 NODEACCESSRELEASED_6
16:39:40.234 (index):669 NODEACCESSRELEASED_9
16:39:41.226 (index):687 UPDATE_3
16:39:41.228 (index):687 UPDATE_5
16:39:41.229 (index):687 UPDATE_4
16:39:41.230 (index):669 NODEACCESSRELEASED_2
16:39:42.226 (index):687 UPDATE_7
16:39:42.227 (index):687 UPDATE_8
16:39:42.227 (index):687 UPDATE_1
16:39:42.228 (index):687 UPDATE_10
16:39:42.229 (index):687 UPDATE_0
16:39:42.229 (index):699 NODEACCESSREQUESTED_6
16:39:42.230 (index):699 NODEACCESSREQUESTED_9
16:39:42.230 (index):679 THINKING_3
16:39:42.231 (index):669 NODEACCESSRELEASED_5
16:39:42.231 (index):669 NODEACCESSRELEASED_4
16:39:43.226 (index):699 NODEACCESSREQUESTED_2
16:39:43.227 (index):679 THINKING_7
16:39:43.228 (index):669 NODEACCESSRELEASED_8
16:39:43.229 (index):679 THINKING_1
16:39:43.230 (index):669 NODEACCESSRELEASED_10
16:39:43.231 (index):669 NODEACCESSRELEASED_0
16:39:44.226 (index):687 UPDATE_6
16:39:44.228 (index):687 UPDATE_9
16:39:44.229 (index):699 NODEACCESSREQUESTED_5
16:39:44.231 (index):699 NODEACCESSREQUESTED_4
16:39:45.227 (index):687 UPDATE_2
16:39:45.228 (index):699 NODEACCESSREQUESTED_8
16:39:45.229 (index):699 NODEACCESSREQUESTED_10
16:39:45.230 (index):699 NODEACCESSREQUESTED_0
16:39:45.231 (index):669 NODEACCESSRELEASED_6
16:39:45.232 (index):669 NODEACCESSRELEASED_9
16:39:45.233 (index):687 UPDATE_3
16:39:46.226 (index):687 UPDATE_5
16:39:46.227 (index):687 UPDATE_4
16:39:46.227 (index):669 NODEACCESSRELEASED_2
16:39:46.228 (index):669 NODEACCESSRELEASED_3
16:39:46.229 (index):687 UPDATE_1
16:39:47.227 (index):687 UPDATE_8
16:39:47.228 (index):687 UPDATE_10
16:39:47.230 (index):687 UPDATE_0
16:39:47.232 (index):699 NODEACCESSREQUESTED_6
16:39:47.233 (index):699 NODEACCESSREQUESTED_9
16:39:47.234 (index):669 NODEACCESSRELEASED_5
16:39:47.235 (index):679 THINKING_4
16:39:47.236 (index):669 NODEACCESSRELEASED_1
16:39:47.237 (index):687 UPDATE_7
16:39:48.226 (index):699 NODEACCESSREQUESTED_2
16:39:48.227 (index):699 NODEACCESSREQUESTED_3
16:39:48.227 (index):669 NODEACCESSRELEASED_8
16:39:48.228 (index):669 NODEACCESSRELEASED_10
16:39:48.229 (index):669 NODEACCESSRELEASED_0
16:39:48.230 (index):669 NODEACCESSRELEASED_7
16:39:49.226 (index):687 UPDATE_6
16:39:49.227 (index):687 UPDATE_9
16:39:49.227 (index):699 NODEACCESSREQUESTED_5
16:39:49.228 (index):699 NODEACCESSREQUESTED_1
16:39:50.226 (index):687 UPDATE_2
16:39:50.227 (index):687 UPDATE_3
16:39:50.227 (index):699 NODEACCESSREQUESTED_8
16:39:50.228 (index):699 NODEACCESSREQUESTED_10
16:39:50.230 (index):699 NODEACCESSREQUESTED_0
16:39:50.231 (index):699 NODEACCESSREQUESTED_7
16:39:50.232 (index):728 END_6
16:39:50.233 (index):728 END_9
16:39:51.226 (index):687 UPDATE_5
16:39:51.227 (index):687 UPDATE_1
16:39:51.228 (index):728 END_2
16:39:51.229 (index):728 END_3
16:39:52.226 (index):687 UPDATE_8
16:39:52.227 (index):687 UPDATE_10
16:39:52.228 (index):687 UPDATE_0
16:39:52.230 (index):687 UPDATE_7
16:39:52.231 (index):728 END_5
16:39:52.232 (index):728 END_1
16:39:52.233 (index):687 UPDATE_4
16:39:53.226 (index):728 END_8
16:39:53.227 (index):728 END_10
16:39:53.228 (index):728 END_0
16:39:53.228 (index):728 END_7
16:39:53.229 (index):728 END_4
