16:42:08.227 (index):989 Tasks: 25; Collaborators: 14    =========================>
16:42:08.228 (index):699 NODEACCESSREQUESTED_0
16:42:08.229 (index):699 NODEACCESSREQUESTED_1
16:42:08.230 (index):699 NODEACCESSREQUESTED_2
16:42:08.231 (index):699 NODEACCESSREQUESTED_3
16:42:08.231 (index):699 NODEACCESSREQUESTED_4
16:42:08.232 (index):699 NODEACCESSREQUESTED_5
16:42:08.233 (index):699 NODEACCESSREQUESTED_6
16:42:08.234 (index):699 NODEACCESSREQUESTED_7
16:42:08.235 (index):699 NODEACCESSREQUESTED_8
16:42:08.236 (index):699 NODEACCESSREQUESTED_9
16:42:08.236 (index):699 NODEACCESSREQUESTED_10
16:42:08.237 (index):699 NODEACCESSREQUESTED_11
16:42:08.238 (index):699 NODEACCESSREQUESTED_12
16:42:08.239 (index):699 NODEACCESSREQUESTED_13
16:42:10.226 (index):679 THINKING_0
16:42:10.228 (index):679 THINKING_1
16:42:10.228 (index):669 NODEACCESSRELEASED_2
16:42:10.229 (index):669 NODEACCESSRELEASED_3
16:42:10.229 (index):669 NODEACCESSRELEASED_4
16:42:10.230 (index):669 NODEACCESSRELEASED_5
16:42:10.231 (index):679 THINKING_6
16:42:10.232 (index):669 NODEACCESSRELEASED_7
16:42:10.233 (index):679 THINKING_8
16:42:10.234 (index):669 NODEACCESSRELEASED_9
16:42:10.235 (index):669 NODEACCESSRELEASED_10
16:42:10.236 (index):679 THINKING_11
16:42:10.237 (index):669 NODEACCESSRELEASED_12
16:42:10.238 (index):679 THINKING_13
16:42:12.226 (index):699 NODEACCESSREQUESTED_2
16:42:12.227 (index):699 NODEACCESSREQUESTED_3
16:42:12.227 (index):699 NODEACCESSREQUESTED_4
16:42:12.228 (index):699 NODEACCESSREQUESTED_5
16:42:12.228 (index):699 NODEACCESSREQUESTED_7
16:42:12.229 (index):699 NODEACCESSREQUESTED_9
16:42:12.229 (index):699 NODEACCESSREQUESTED_10
16:42:12.230 (index):699 NODEACCESSREQUESTED_12
16:42:13.226 (index):687 UPDATE_8
16:42:13.227 (index):687 UPDATE_11
16:42:13.227 (index):687 UPDATE_6
16:42:13.228 (index):687 UPDATE_1
16:42:14.227 (index):687 UPDATE_2
16:42:14.227 (index):687 UPDATE_3
16:42:14.228 (index):687 UPDATE_4
16:42:14.229 (index):687 UPDATE_5
16:42:14.230 (index):687 UPDATE_7
16:42:14.231 (index):687 UPDATE_9
16:42:14.231 (index):687 UPDATE_10
16:42:14.232 (index):687 UPDATE_12
16:42:14.233 (index):679 THINKING_8
16:42:14.234 (index):679 THINKING_11
16:42:14.235 (index):669 NODEACCESSRELEASED_6
16:42:14.236 (index):669 NODEACCESSRELEASED_1
16:42:15.226 (index):669 NODEACCESSRELEASED_2
16:42:15.227 (index):669 NODEACCESSRELEASED_3
16:42:15.228 (index):669 NODEACCESSRELEASED_4
16:42:15.229 (index):679 THINKING_5
16:42:15.230 (index):669 NODEACCESSRELEASED_7
16:42:15.231 (index):679 THINKING_9
16:42:15.231 (index):679 THINKING_10
16:42:15.232 (index):669 NODEACCESSRELEASED_12
16:42:15.233 (index):687 UPDATE_13
16:42:15.234 (index):687 UPDATE_0
16:42:16.226 (index):699 NODEACCESSREQUESTED_6
16:42:16.227 (index):699 NODEACCESSREQUESTED_1
16:42:16.228 (index):669 NODEACCESSRELEASED_13
16:42:16.228 (index):669 NODEACCESSRELEASED_0
16:42:17.226 (index):699 NODEACCESSREQUESTED_2
16:42:17.228 (index):699 NODEACCESSREQUESTED_3
16:42:17.229 (index):699 NODEACCESSREQUESTED_4
16:42:17.231 (index):699 NODEACCESSREQUESTED_7
16:42:17.232 (index):699 NODEACCESSREQUESTED_12
16:42:18.226 (index):687 UPDATE_6
16:42:18.227 (index):687 UPDATE_1
16:42:18.228 (index):699 NODEACCESSREQUESTED_13
16:42:18.228 (index):699 NODEACCESSREQUESTED_0
16:42:18.229 (index):687 UPDATE_10
16:42:18.230 (index):687 UPDATE_11
16:42:18.232 (index):687 UPDATE_5
16:42:19.226 (index):687 UPDATE_2
16:42:19.227 (index):687 UPDATE_3
16:42:19.228 (index):687 UPDATE_4
16:42:19.229 (index):687 UPDATE_7
16:42:19.230 (index):687 UPDATE_12
16:42:19.231 (index):669 NODEACCESSRELEASED_6
16:42:19.232 (index):679 THINKING_1
16:42:19.233 (index):669 NODEACCESSRELEASED_10
16:42:19.234 (index):669 NODEACCESSRELEASED_11
16:42:19.235 (index):669 NODEACCESSRELEASED_5
16:42:19.236 (index):687 UPDATE_8
16:42:20.226 (index):687 UPDATE_13
16:42:20.227 (index):687 UPDATE_0
16:42:20.228 (index):669 NODEACCESSRELEASED_2
16:42:20.229 (index):679 THINKING_3
16:42:20.229 (index):669 NODEACCESSRELEASED_4
16:42:20.230 (index):669 NODEACCESSRELEASED_7
16:42:20.231 (index):669 NODEACCESSRELEASED_12
16:42:20.232 (index):669 NODEACCESSRELEASED_8
16:42:20.233 (index):687 UPDATE_9
16:42:21.226 (index):699 NODEACCESSREQUESTED_6
16:42:21.227 (index):699 NODEACCESSREQUESTED_10
16:42:21.228 (index):699 NODEACCESSREQUESTED_11
16:42:21.228 (index):699 NODEACCESSREQUESTED_5
16:42:21.229 (index):669 NODEACCESSRELEASED_13
16:42:21.231 (index):669 NODEACCESSRELEASED_0
16:42:21.232 (index):679 THINKING_9
16:42:22.226 (index):699 NODEACCESSREQUESTED_2
16:42:22.228 (index):699 NODEACCESSREQUESTED_4
16:42:22.229 (index):699 NODEACCESSREQUESTED_7
16:42:22.230 (index):699 NODEACCESSREQUESTED_12
16:42:22.230 (index):699 NODEACCESSREQUESTED_8
16:42:23.226 (index):687 UPDATE_6
16:42:23.227 (index):687 UPDATE_10
16:42:23.228 (index):687 UPDATE_11
16:42:23.228 (index):687 UPDATE_5
16:42:23.229 (index):699 NODEACCESSREQUESTED_13
16:42:23.230 (index):699 NODEACCESSREQUESTED_0
16:42:23.231 (index):687 UPDATE_1
16:42:24.226 (index):687 UPDATE_2
16:42:24.227 (index):687 UPDATE_4
16:42:24.229 (index):687 UPDATE_7
16:42:24.230 (index):687 UPDATE_12
16:42:24.232 (index):687 UPDATE_8
16:42:24.233 (index):669 NODEACCESSRELEASED_6
16:42:24.234 (index):679 THINKING_10
16:42:24.234 (index):669 NODEACCESSRELEASED_11
16:42:24.235 (index):679 THINKING_5
16:42:24.235 (index):679 THINKING_1
16:42:24.236 (index):687 UPDATE_9
16:42:25.226 (index):687 UPDATE_13
16:42:25.228 (index):687 UPDATE_0
16:42:25.229 (index):679 THINKING_2
16:42:25.230 (index):669 NODEACCESSRELEASED_4
16:42:25.231 (index):679 THINKING_7
16:42:25.231 (index):679 THINKING_12
16:42:25.232 (index):679 THINKING_8
16:42:25.232 (index):669 NODEACCESSRELEASED_9
16:42:25.233 (index):687 UPDATE_3
16:42:26.226 (index):699 NODEACCESSREQUESTED_6
16:42:26.227 (index):699 NODEACCESSREQUESTED_11
16:42:26.228 (index):669 NODEACCESSRELEASED_13
16:42:26.228 (index):679 THINKING_0
16:42:26.229 (index):669 NODEACCESSRELEASED_3
16:42:27.226 (index):699 NODEACCESSREQUESTED_4
16:42:27.228 (index):699 NODEACCESSREQUESTED_9
16:42:27.229 (index):687 UPDATE_10
16:42:28.226 (index):687 UPDATE_6
16:42:28.227 (index):687 UPDATE_11
16:42:28.229 (index):699 NODEACCESSREQUESTED_13
16:42:28.230 (index):699 NODEACCESSREQUESTED_3
16:42:28.231 (index):669 NODEACCESSRELEASED_10
16:42:28.232 (index):687 UPDATE_5
16:42:28.232 (index):687 UPDATE_7
16:42:28.234 (index):687 UPDATE_2
16:42:29.226 (index):687 UPDATE_4
16:42:29.227 (index):687 UPDATE_9
16:42:29.227 (index):669 NODEACCESSRELEASED_6
16:42:29.228 (index):669 NODEACCESSRELEASED_11
16:42:29.228 (index):669 NODEACCESSRELEASED_5
16:42:29.229 (index):669 NODEACCESSRELEASED_7
16:42:29.230 (index):669 NODEACCESSRELEASED_2
16:42:29.231 (index):687 UPDATE_1
16:42:29.231 (index):687 UPDATE_0
16:42:30.226 (index):687 UPDATE_13
16:42:30.227 (index):687 UPDATE_3
16:42:30.229 (index):699 NODEACCESSREQUESTED_10
16:42:30.230 (index):669 NODEACCESSRELEASED_4
16:42:30.231 (index):669 NODEACCESSRELEASED_9
16:42:30.232 (index):669 NODEACCESSRELEASED_1
16:42:30.233 (index):679 THINKING_0
16:42:30.234 (index):687 UPDATE_8
16:42:30.234 (index):687 UPDATE_12
16:42:31.226 (index):699 NODEACCESSREQUESTED_6
16:42:31.227 (index):699 NODEACCESSREQUESTED_11
16:42:31.228 (index):699 NODEACCESSREQUESTED_5
16:42:31.229 (index):699 NODEACCESSREQUESTED_7
16:42:31.230 (index):699 NODEACCESSREQUESTED_2
16:42:31.231 (index):669 NODEACCESSRELEASED_13
16:42:31.231 (index):669 NODEACCESSRELEASED_3
16:42:31.232 (index):669 NODEACCESSRELEASED_8
16:42:31.233 (index):669 NODEACCESSRELEASED_12
16:42:32.226 (index):687 UPDATE_10
16:42:32.227 (index):699 NODEACCESSREQUESTED_4
16:42:32.229 (index):699 NODEACCESSREQUESTED_9
16:42:32.230 (index):699 NODEACCESSREQUESTED_1
16:42:33.226 (index):687 UPDATE_6
16:42:33.227 (index):687 UPDATE_11
16:42:33.228 (index):687 UPDATE_5
16:42:33.228 (index):687 UPDATE_7
16:42:33.229 (index):687 UPDATE_2
16:42:33.230 (index):699 NODEACCESSREQUESTED_13
16:42:33.231 (index):699 NODEACCESSREQUESTED_3
16:42:33.232 (index):699 NODEACCESSREQUESTED_8
16:42:33.232 (index):699 NODEACCESSREQUESTED_12
16:42:33.233 (index):679 THINKING_10
16:42:34.226 (index):687 UPDATE_4
16:42:34.227 (index):687 UPDATE_9
16:42:34.228 (index):687 UPDATE_1
16:42:34.229 (index):669 NODEACCESSRELEASED_6
16:42:34.230 (index):679 THINKING_11
16:42:34.231 (index):679 THINKING_5
16:42:34.231 (index):679 THINKING_7
16:42:34.232 (index):669 NODEACCESSRELEASED_2
16:42:35.226 (index):687 UPDATE_13
16:42:35.227 (index):687 UPDATE_3
16:42:35.227 (index):687 UPDATE_8
16:42:35.228 (index):687 UPDATE_12
16:42:35.228 (index):679 THINKING_4
16:42:35.229 (index):669 NODEACCESSRELEASED_9
16:42:35.229 (index):679 THINKING_1
16:42:35.230 (index):687 UPDATE_0
16:42:36.226 (index):699 NODEACCESSREQUESTED_6
16:42:36.227 (index):699 NODEACCESSREQUESTED_2
16:42:36.227 (index):669 NODEACCESSRELEASED_13
16:42:36.228 (index):669 NODEACCESSRELEASED_3
16:42:36.229 (index):669 NODEACCESSRELEASED_8
16:42:36.231 (index):669 NODEACCESSRELEASED_12
16:42:36.232 (index):669 NODEACCESSRELEASED_0
16:42:37.226 (index):699 NODEACCESSREQUESTED_9
16:42:38.226 (index):687 UPDATE_6
16:42:38.228 (index):687 UPDATE_2
16:42:38.229 (index):699 NODEACCESSREQUESTED_13
16:42:38.230 (index):699 NODEACCESSREQUESTED_3
16:42:38.231 (index):699 NODEACCESSREQUESTED_8
16:42:38.232 (index):699 NODEACCESSREQUESTED_12
16:42:38.233 (index):699 NODEACCESSREQUESTED_0
16:42:38.234 (index):687 UPDATE_1
16:42:38.235 (index):687 UPDATE_4
16:42:38.236 (index):687 UPDATE_10
16:42:39.226 (index):687 UPDATE_9
16:42:39.227 (index):679 THINKING_6
16:42:39.227 (index):679 THINKING_2
16:42:39.228 (index):669 NODEACCESSRELEASED_1
16:42:39.229 (index):669 NODEACCESSRELEASED_4
16:42:39.229 (index):669 NODEACCESSRELEASED_10
16:42:39.231 (index):687 UPDATE_11
16:42:39.232 (index):687 UPDATE_5
16:42:39.233 (index):687 UPDATE_7
16:42:40.226 (index):687 UPDATE_13
16:42:40.227 (index):687 UPDATE_3
16:42:40.229 (index):687 UPDATE_8
16:42:40.229 (index):687 UPDATE_12
16:42:40.230 (index):687 UPDATE_0
16:42:40.230 (index):679 THINKING_9
16:42:40.231 (index):669 NODEACCESSRELEASED_11
16:42:40.232 (index):679 THINKING_5
16:42:40.233 (index):669 NODEACCESSRELEASED_7
16:42:41.226 (index):699 NODEACCESSREQUESTED_1
16:42:41.227 (index):699 NODEACCESSREQUESTED_4
16:42:41.228 (index):699 NODEACCESSREQUESTED_10
16:42:41.229 (index):669 NODEACCESSRELEASED_13
16:42:41.230 (index):669 NODEACCESSRELEASED_3
16:42:41.231 (index):679 THINKING_8
16:42:41.232 (index):669 NODEACCESSRELEASED_12
16:42:41.233 (index):679 THINKING_0
16:42:42.226 (index):699 NODEACCESSREQUESTED_11
16:42:42.227 (index):699 NODEACCESSREQUESTED_7
16:42:42.227 (index):687 UPDATE_6
16:42:42.228 (index):687 UPDATE_2
16:42:43.226 (index):687 UPDATE_1
16:42:43.227 (index):687 UPDATE_4
16:42:43.228 (index):687 UPDATE_10
16:42:43.229 (index):699 NODEACCESSREQUESTED_13
16:42:43.230 (index):699 NODEACCESSREQUESTED_3
16:42:43.231 (index):699 NODEACCESSREQUESTED_12
16:42:43.231 (index):687 UPDATE_5
16:42:43.232 (index):679 THINKING_6
16:42:43.233 (index):679 THINKING_2
16:42:44.226 (index):687 UPDATE_11
16:42:44.227 (index):687 UPDATE_7
16:42:44.227 (index):679 THINKING_1
16:42:44.228 (index):679 THINKING_4
16:42:44.229 (index):679 THINKING_10
16:42:44.229 (index):669 NODEACCESSRELEASED_5
16:42:44.230 (index):687 UPDATE_9
16:42:44.231 (index):687 UPDATE_0
16:42:45.226 (index):687 UPDATE_13
16:42:45.228 (index):687 UPDATE_3
16:42:45.229 (index):687 UPDATE_12
16:42:45.230 (index):669 NODEACCESSRELEASED_11
16:42:45.232 (index):669 NODEACCESSRELEASED_7
16:42:45.233 (index):669 NODEACCESSRELEASED_9
16:42:45.234 (index):669 NODEACCESSRELEASED_0
16:42:45.235 (index):687 UPDATE_8
16:42:46.226 (index):699 NODEACCESSREQUESTED_5
16:42:46.228 (index):669 NODEACCESSRELEASED_13
16:42:46.229 (index):669 NODEACCESSRELEASED_3
16:42:46.230 (index):669 NODEACCESSRELEASED_12
16:42:46.231 (index):669 NODEACCESSRELEASED_8
16:42:46.232 (index):687 UPDATE_2
16:42:46.232 (index):687 UPDATE_6
16:42:47.226 (index):699 NODEACCESSREQUESTED_11
16:42:47.227 (index):699 NODEACCESSREQUESTED_7
16:42:47.227 (index):699 NODEACCESSREQUESTED_9
16:42:47.228 (index):699 NODEACCESSREQUESTED_0
16:42:47.229 (index):679 THINKING_2
16:42:47.229 (index):669 NODEACCESSRELEASED_6
16:42:47.230 (index):687 UPDATE_1
16:42:48.226 (index):687 UPDATE_5
16:42:48.227 (index):699 NODEACCESSREQUESTED_13
16:42:48.228 (index):699 NODEACCESSREQUESTED_3
16:42:48.229 (index):699 NODEACCESSREQUESTED_12
16:42:48.229 (index):699 NODEACCESSREQUESTED_8
16:42:48.230 (index):679 THINKING_1
16:42:48.230 (index):687 UPDATE_10
16:42:49.226 (index):687 UPDATE_11
16:42:49.227 (index):687 UPDATE_7
16:42:49.228 (index):687 UPDATE_9
16:42:49.228 (index):687 UPDATE_0
16:42:49.229 (index):699 NODEACCESSREQUESTED_6
16:42:49.230 (index):679 THINKING_5
16:42:49.230 (index):669 NODEACCESSRELEASED_10
16:42:49.231 (index):687 UPDATE_4
16:42:50.226 (index):687 UPDATE_13
16:42:50.227 (index):687 UPDATE_3
16:42:50.227 (index):687 UPDATE_12
16:42:50.228 (index):687 UPDATE_8
16:42:50.228 (index):669 NODEACCESSRELEASED_11
16:42:50.229 (index):669 NODEACCESSRELEASED_7
16:42:50.229 (index):669 NODEACCESSRELEASED_9
16:42:50.230 (index):669 NODEACCESSRELEASED_0
16:42:50.231 (index):679 THINKING_4
16:42:51.226 (index):687 UPDATE_6
16:42:51.227 (index):699 NODEACCESSREQUESTED_10
16:42:51.227 (index):669 NODEACCESSRELEASED_13
16:42:51.228 (index):679 THINKING_3
16:42:51.229 (index):669 NODEACCESSRELEASED_12
16:42:51.230 (index):669 NODEACCESSRELEASED_8
16:42:52.226 (index):699 NODEACCESSREQUESTED_11
16:42:52.228 (index):699 NODEACCESSREQUESTED_7
16:42:52.229 (index):699 NODEACCESSREQUESTED_9
16:42:52.230 (index):699 NODEACCESSREQUESTED_0
16:42:52.231 (index):669 NODEACCESSRELEASED_6
16:42:52.232 (index):687 UPDATE_2
16:42:53.226 (index):687 UPDATE_10
16:42:53.227 (index):699 NODEACCESSREQUESTED_13
16:42:53.228 (index):699 NODEACCESSREQUESTED_12
16:42:53.229 (index):699 NODEACCESSREQUESTED_8
16:42:53.230 (index):669 NODEACCESSRELEASED_2
16:42:53.232 (index):687 UPDATE_1
16:42:54.226 (index):687 UPDATE_11
16:42:54.228 (index):687 UPDATE_7
16:42:54.229 (index):687 UPDATE_9
16:42:54.230 (index):687 UPDATE_0
16:42:54.232 (index):699 NODEACCESSREQUESTED_6
16:42:54.233 (index):679 THINKING_10
16:42:54.234 (index):679 THINKING_1
16:42:54.234 (index):687 UPDATE_3
16:42:54.235 (index):687 UPDATE_5
16:42:54.235 (index):687 UPDATE_4
16:42:55.226 (index):687 UPDATE_13
16:42:55.229 (index):687 UPDATE_12
16:42:55.230 (index):687 UPDATE_8
16:42:55.231 (index):699 NODEACCESSREQUESTED_2
16:42:55.232 (index):679 THINKING_11
16:42:55.232 (index):669 NODEACCESSRELEASED_7
16:42:55.233 (index):679 THINKING_9
16:42:55.233 (index):679 THINKING_0
16:42:55.234 (index):669 NODEACCESSRELEASED_3
16:42:55.235 (index):669 NODEACCESSRELEASED_5
16:42:55.235 (index):679 THINKING_4
16:42:56.226 (index):687 UPDATE_6
16:42:56.227 (index):669 NODEACCESSRELEASED_13
16:42:56.228 (index):669 NODEACCESSRELEASED_12
16:42:56.228 (index):669 NODEACCESSRELEASED_8
16:42:57.226 (index):687 UPDATE_2
16:42:57.227 (index):699 NODEACCESSREQUESTED_7
16:42:57.228 (index):699 NODEACCESSREQUESTED_3
16:42:57.229 (index):699 NODEACCESSREQUESTED_5
16:42:57.230 (index):669 NODEACCESSRELEASED_6
16:42:58.226 (index):699 NODEACCESSREQUESTED_13
16:42:58.227 (index):699 NODEACCESSREQUESTED_12
16:42:58.228 (index):699 NODEACCESSREQUESTED_8
16:42:58.229 (index):669 NODEACCESSRELEASED_2
16:42:58.229 (index):687 UPDATE_4
16:42:59.226 (index):687 UPDATE_7
16:42:59.227 (index):687 UPDATE_3
16:42:59.228 (index):687 UPDATE_5
16:42:59.228 (index):699 NODEACCESSREQUESTED_6
16:42:59.229 (index):669 NODEACCESSRELEASED_4
16:42:59.229 (index):687 UPDATE_1
16:42:59.230 (index):687 UPDATE_11
16:42:59.230 (index):687 UPDATE_9
16:42:59.231 (index):687 UPDATE_10
16:43:00.226 (index):687 UPDATE_13
16:43:00.227 (index):687 UPDATE_12
16:43:00.228 (index):687 UPDATE_0
16:43:00.228 (index):687 UPDATE_8
16:43:00.229 (index):699 NODEACCESSREQUESTED_2
16:43:00.229 (index):669 NODEACCESSRELEASED_7
16:43:00.230 (index):669 NODEACCESSRELEASED_3
16:43:00.231 (index):669 NODEACCESSRELEASED_5
16:43:00.232 (index):669 NODEACCESSRELEASED_1
16:43:00.233 (index):669 NODEACCESSRELEASED_11
16:43:00.234 (index):669 NODEACCESSRELEASED_9
16:43:00.234 (index):669 NODEACCESSRELEASED_10
16:43:01.226 (index):687 UPDATE_6
16:43:01.227 (index):699 NODEACCESSREQUESTED_4
16:43:01.228 (index):669 NODEACCESSRELEASED_13
16:43:01.229 (index):679 THINKING_12
16:43:01.230 (index):669 NODEACCESSRELEASED_0
16:43:01.231 (index):669 NODEACCESSRELEASED_8
16:43:02.226 (index):687 UPDATE_2
16:43:02.227 (index):699 NODEACCESSREQUESTED_7
16:43:02.229 (index):699 NODEACCESSREQUESTED_3
16:43:02.230 (index):699 NODEACCESSREQUESTED_5
16:43:02.231 (index):699 NODEACCESSREQUESTED_1
16:43:02.233 (index):699 NODEACCESSREQUESTED_11
16:43:02.234 (index):699 NODEACCESSREQUESTED_9
16:43:02.236 (index):699 NODEACCESSREQUESTED_10
16:43:02.237 (index):669 NODEACCESSRELEASED_6
16:43:03.226 (index):687 UPDATE_4
16:43:03.227 (index):699 NODEACCESSREQUESTED_13
16:43:03.229 (index):699 NODEACCESSREQUESTED_0
16:43:03.230 (index):699 NODEACCESSREQUESTED_8
16:43:03.231 (index):669 NODEACCESSRELEASED_2
16:43:04.226 (index):687 UPDATE_7
16:43:04.227 (index):687 UPDATE_3
16:43:04.228 (index):687 UPDATE_5
16:43:04.229 (index):687 UPDATE_1
16:43:04.229 (index):687 UPDATE_11
16:43:04.230 (index):687 UPDATE_9
16:43:04.231 (index):687 UPDATE_10
16:43:04.231 (index):699 NODEACCESSREQUESTED_6
16:43:04.233 (index):669 NODEACCESSRELEASED_4
16:43:05.226 (index):687 UPDATE_13
16:43:05.227 (index):687 UPDATE_0
16:43:05.227 (index):687 UPDATE_8
16:43:05.228 (index):699 NODEACCESSREQUESTED_2
16:43:05.229 (index):679 THINKING_7
16:43:05.229 (index):679 THINKING_3
16:43:05.230 (index):669 NODEACCESSRELEASED_5
16:43:05.231 (index):679 THINKING_1
16:43:05.231 (index):669 NODEACCESSRELEASED_11
16:43:05.232 (index):669 NODEACCESSRELEASED_9
16:43:05.232 (index):669 NODEACCESSRELEASED_10
16:43:05.233 (index):687 UPDATE_12
16:43:06.226 (index):687 UPDATE_6
16:43:06.227 (index):699 NODEACCESSREQUESTED_4
16:43:06.227 (index):669 NODEACCESSRELEASED_13
16:43:06.228 (index):669 NODEACCESSRELEASED_0
16:43:06.229 (index):669 NODEACCESSRELEASED_8
16:43:06.229 (index):669 NODEACCESSRELEASED_12
16:43:07.226 (index):687 UPDATE_2
16:43:07.227 (index):699 NODEACCESSREQUESTED_5
16:43:07.229 (index):699 NODEACCESSREQUESTED_11
16:43:07.230 (index):699 NODEACCESSREQUESTED_9
16:43:07.231 (index):699 NODEACCESSREQUESTED_10
16:43:07.232 (index):669 NODEACCESSRELEASED_6
16:43:08.226 (index):687 UPDATE_4
16:43:08.227 (index):699 NODEACCESSREQUESTED_13
16:43:08.228 (index):699 NODEACCESSREQUESTED_0
16:43:08.229 (index):699 NODEACCESSREQUESTED_8
16:43:08.230 (index):699 NODEACCESSREQUESTED_12
16:43:08.231 (index):669 NODEACCESSRELEASED_2
16:43:08.232 (index):687 UPDATE_1
16:43:08.234 (index):687 UPDATE_3
16:43:09.226 (index):687 UPDATE_5
16:43:09.227 (index):687 UPDATE_11
16:43:09.228 (index):687 UPDATE_9
16:43:09.228 (index):687 UPDATE_10
16:43:09.229 (index):699 NODEACCESSREQUESTED_6
16:43:09.230 (index):679 THINKING_4
16:43:09.231 (index):669 NODEACCESSRELEASED_1
16:43:09.232 (index):669 NODEACCESSRELEASED_3
16:43:09.233 (index):687 UPDATE_7
16:43:10.226 (index):687 UPDATE_13
16:43:10.227 (index):687 UPDATE_0
16:43:10.228 (index):687 UPDATE_8
16:43:10.229 (index):687 UPDATE_12
16:43:10.230 (index):699 NODEACCESSREQUESTED_2
16:43:10.230 (index):669 NODEACCESSRELEASED_5
16:43:10.231 (index):679 THINKING_11
16:43:10.231 (index):669 NODEACCESSRELEASED_9
16:43:10.231 (index):669 NODEACCESSRELEASED_10
16:43:10.232 (index):669 NODEACCESSRELEASED_7
16:43:11.226 (index):687 UPDATE_6
16:43:11.227 (index):699 NODEACCESSREQUESTED_1
16:43:11.228 (index):699 NODEACCESSREQUESTED_3
16:43:11.228 (index):669 NODEACCESSRELEASED_13
16:43:11.229 (index):669 NODEACCESSRELEASED_0
16:43:11.230 (index):669 NODEACCESSRELEASED_8
16:43:11.230 (index):669 NODEACCESSRELEASED_12
16:43:12.226 (index):687 UPDATE_2
16:43:12.228 (index):699 NODEACCESSREQUESTED_5
16:43:12.229 (index):699 NODEACCESSREQUESTED_9
16:43:12.231 (index):699 NODEACCESSREQUESTED_10
16:43:12.232 (index):699 NODEACCESSREQUESTED_7
16:43:12.233 (index):728 END_6
16:43:13.226 (index):687 UPDATE_1
16:43:13.227 (index):687 UPDATE_3
16:43:13.228 (index):699 NODEACCESSREQUESTED_13
16:43:13.228 (index):699 NODEACCESSREQUESTED_0
16:43:13.229 (index):699 NODEACCESSREQUESTED_8
16:43:13.230 (index):699 NODEACCESSREQUESTED_12
16:43:13.230 (index):728 END_2
16:43:14.226 (index):687 UPDATE_5
16:43:14.228 (index):687 UPDATE_9
16:43:14.229 (index):687 UPDATE_10
16:43:14.229 (index):687 UPDATE_7
16:43:14.230 (index):728 END_1
16:43:14.231 (index):728 END_3
16:43:14.231 (index):687 UPDATE_11
16:43:14.232 (index):687 UPDATE_4
16:43:15.226 (index):687 UPDATE_13
16:43:15.227 (index):687 UPDATE_0
16:43:15.228 (index):687 UPDATE_8
16:43:15.229 (index):687 UPDATE_12
16:43:15.230 (index):728 END_5
16:43:15.231 (index):728 END_9
16:43:15.232 (index):728 END_10
16:43:15.232 (index):728 END_7
16:43:15.233 (index):728 END_11
16:43:15.234 (index):728 END_4
16:43:16.226 (index):728 END_13
16:43:16.227 (index):728 END_0
16:43:16.228 (index):728 END_8
16:43:16.229 (index):728 END_12
