12:29:44.960 (index):1494 Tasks: 25; Collaborators: 17    =========================>
12:29:44.960 (index):1064 ATTRIBUTEACCESSREQUESTED_0
12:29:44.961 (index):1070 NODEACCESSREQUESTED_1
12:29:44.961 (index):1070 NODEACCESSREQUESTED_2
12:29:44.962 (index):1064 ATTRIBUTEACCESSREQUESTED_3
12:29:44.963 (index):1064 ATTRIBUTEACCESSREQUESTED_4
12:29:44.964 (index):1070 NODEACCESSREQUESTED_5
12:29:44.965 (index):1070 NODEACCESSREQUESTED_6
12:29:44.967 (index):1064 ATTRIBUTEACCESSREQUESTED_7
12:29:44.968 (index):1070 NODEACCESSREQUESTED_8
12:29:44.969 (index):1070 NODEACCESSREQUESTED_9
12:29:44.970 (index):1070 NODEACCESSREQUESTED_10
12:29:44.970 (index):1070 NODEACCESSREQUESTED_11
12:29:44.971 (index):1070 NODEACCESSREQUESTED_12
12:29:44.971 (index):1070 NODEACCESSREQUESTED_13
12:29:44.972 (index):1070 NODEACCESSREQUESTED_14
12:29:44.972 (index):1070 NODEACCESSREQUESTED_15
12:29:44.973 (index):1070 NODEACCESSREQUESTED_16
12:29:45.961 (index):1025 THINKING_0
12:29:45.962 (index):1025 THINKING_1
12:29:45.964 (index):1009 NODEACCESSRELEASED_2
12:29:45.965 (index):1013 ATTRIBUTEACCESSRELEASED_3
12:29:45.967 (index):1093 WAITING_4
12:29:45.967 (index):1009 NODEACCESSRELEASED_5
12:29:45.968 (index):1025 THINKING_6
12:29:45.969 (index):1013 ATTRIBUTEACCESSRELEASED_7
12:29:45.969 (index):1093 WAITING_8
12:29:45.970 (index):1093 WAITING_9
12:29:45.971 (index):1093 WAITING_10
12:29:45.972 (index):1093 WAITING_11
12:29:45.972 (index):1093 WAITING_12
12:29:45.973 (index):1093 WAITING_13
12:29:45.974 (index):1093 WAITING_14
12:29:45.974 (index):1093 WAITING_15
12:29:45.975 (index):1093 WAITING_16
12:29:46.965 (index):1070 NODEACCESSREQUESTED_2
12:29:46.967 (index):1064 ATTRIBUTEACCESSREQUESTED_3
12:29:46.968 (index):1093 WAITING_4
12:29:46.969 (index):1070 NODEACCESSREQUESTED_5
12:29:46.971 (index):1064 ATTRIBUTEACCESSREQUESTED_7
12:29:46.972 (index):1093 WAITING_8
12:29:46.974 (index):1093 WAITING_9
12:29:46.974 (index):1093 WAITING_10
12:29:46.975 (index):1093 WAITING_11
12:29:46.976 (index):1093 WAITING_12
12:29:46.976 (index):1093 WAITING_13
12:29:46.977 (index):1093 WAITING_14
12:29:46.978 (index):1093 WAITING_15
12:29:46.978 (index):1093 WAITING_16
12:29:47.967 (index):1034 UPDATE_2
12:29:47.968 (index):1037 UPDATE_3
12:29:47.969 (index):1093 WAITING_4
12:29:47.971 (index):1034 UPDATE_5
12:29:47.972 (index):1093 WAITING_7
12:29:47.974 (index):1093 WAITING_8
12:29:47.975 (index):1093 WAITING_9
12:29:47.976 (index):1093 WAITING_10
12:29:47.978 (index):1093 WAITING_11
12:29:47.979 (index):1093 WAITING_12
12:29:47.981 (index):1093 WAITING_13
12:29:47.982 (index):1093 WAITING_14
12:29:47.983 (index):1093 WAITING_15
12:29:47.984 (index):1093 WAITING_16
12:29:48.068 (index):1009 NODEACCESSRELEASED_2
12:29:48.069 (index):1013 ATTRIBUTEACCESSRELEASED_3
12:29:48.072 (index):1025 THINKING_5
12:29:48.686 (index):1034 UPDATE_6
12:29:48.787 (index):1009 NODEACCESSRELEASED_6
12:29:48.909 (index):1034 UPDATE_1
12:29:48.971 (index):1093 WAITING_4
12:29:48.974 (index):1093 WAITING_7
12:29:48.975 (index):1093 WAITING_8
12:29:48.976 (index):1093 WAITING_9
12:29:48.978 (index):1093 WAITING_10
12:29:48.979 (index):1093 WAITING_11
12:29:48.981 (index):1093 WAITING_12
12:29:48.982 (index):1093 WAITING_13
12:29:48.983 (index):1093 WAITING_14
12:29:48.984 (index):1093 WAITING_15
12:29:48.984 (index):1093 WAITING_16
12:29:49.010 (index):1009 NODEACCESSRELEASED_1
12:29:49.069 (index):1070 NODEACCESSREQUESTED_2
12:29:49.070 (index):1070 NODEACCESSREQUESTED_3
12:29:49.789 (index):1064 ATTRIBUTEACCESSREQUESTED_6
12:29:49.972 (index):1093 WAITING_4
12:29:49.974 (index):1093 WAITING_7
12:29:49.976 (index):1093 WAITING_8
12:29:49.977 (index):1093 WAITING_9
12:29:49.979 (index):1093 WAITING_10
12:29:49.980 (index):1093 WAITING_11
12:29:49.982 (index):1093 WAITING_12
12:29:49.983 (index):1093 WAITING_13
12:29:49.984 (index):1093 WAITING_14
12:29:49.985 (index):1093 WAITING_15
12:29:49.985 (index):1093 WAITING_16
12:29:50.012 (index):1070 NODEACCESSREQUESTED_1
12:29:50.070 (index):1034 UPDATE_2
12:29:50.070 (index):1034 UPDATE_3
12:29:50.171 (index):1009 NODEACCESSRELEASED_2
12:29:50.172 (index):1025 THINKING_3
12:29:50.310 (index):1037 UPDATE_0
12:29:50.412 (index):1013 ATTRIBUTEACCESSRELEASED_0
12:29:50.487 (index):1034 UPDATE_5
12:29:50.588 (index):1009 NODEACCESSRELEASED_5
12:29:50.790 (index):1037 UPDATE_6
12:29:50.892 (index):1013 ATTRIBUTEACCESSRELEASED_6
12:29:50.973 (index):1013 ATTRIBUTEACCESSRELEASED_4
12:29:50.975 (index):1037 UPDATE_7
12:29:50.977 (index):1093 WAITING_8
12:29:50.978 (index):1093 WAITING_9
12:29:50.980 (index):1093 WAITING_10
12:29:50.981 (index):1093 WAITING_11
12:29:50.983 (index):1093 WAITING_12
12:29:50.984 (index):1093 WAITING_13
12:29:50.985 (index):1093 WAITING_14
12:29:50.985 (index):1093 WAITING_15
12:29:50.986 (index):1093 WAITING_16
12:29:51.013 (index):1034 UPDATE_1
12:29:51.077 (index):1013 ATTRIBUTEACCESSRELEASED_7
12:29:51.114 (index):1025 THINKING_1
12:29:51.172 (index):1064 ATTRIBUTEACCESSREQUESTED_2
12:29:51.413 (index):1064 ATTRIBUTEACCESSREQUESTED_0
12:29:51.590 (index):1070 NODEACCESSREQUESTED_5
12:29:51.893 (index):1070 NODEACCESSREQUESTED_6
12:29:51.974 (index):1064 ATTRIBUTEACCESSREQUESTED_4
12:29:51.978 (index):1093 WAITING_8
12:29:51.980 (index):1093 WAITING_9
12:29:51.981 (index):1093 WAITING_10
12:29:51.983 (index):1093 WAITING_11
12:29:51.984 (index):1093 WAITING_12
12:29:51.985 (index):1093 WAITING_13
12:29:51.987 (index):1093 WAITING_14
12:29:51.988 (index):1093 WAITING_15
12:29:51.990 (index):1093 WAITING_16
12:29:52.078 (index):1070 NODEACCESSREQUESTED_7
12:29:52.174 (index):1037 UPDATE_2
12:29:52.275 (index):1025 THINKING_2
12:29:52.414 (index):1037 UPDATE_0
12:29:52.516 (index):1013 ATTRIBUTEACCESSRELEASED_0
12:29:52.591 (index):1034 UPDATE_5
12:29:52.692 (index):1025 THINKING_5
12:29:52.895 (index):1034 UPDATE_6
12:29:52.976 (index):1037 UPDATE_4
12:29:52.979 (index):1093 WAITING_8
12:29:52.981 (index):1093 WAITING_9
12:29:52.983 (index):1093 WAITING_10
12:29:52.984 (index):1093 WAITING_11
12:29:52.985 (index):1093 WAITING_12
12:29:52.987 (index):1093 WAITING_13
12:29:52.988 (index):1093 WAITING_14
12:29:52.990 (index):1093 WAITING_15
12:29:52.991 (index):1093 WAITING_16
12:29:52.996 (index):1009 NODEACCESSRELEASED_6
12:29:53.077 (index):1013 ATTRIBUTEACCESSRELEASED_4
12:29:53.078 (index):1093 WAITING_7
12:29:53.517 (index):1070 NODEACCESSREQUESTED_0
12:29:53.981 (index):1093 WAITING_8
12:29:53.982 (index):1093 WAITING_9
12:29:53.984 (index):1093 WAITING_10
12:29:53.985 (index):1093 WAITING_11
12:29:53.986 (index):1093 WAITING_12
12:29:53.987 (index):1093 WAITING_13
12:29:53.989 (index):1093 WAITING_14
12:29:53.990 (index):1093 WAITING_15
12:29:53.991 (index):1093 WAITING_16
12:29:53.996 (index):1070 NODEACCESSREQUESTED_6
12:29:54.078 (index):1070 NODEACCESSREQUESTED_4
12:29:54.079 (index):1093 WAITING_7
12:29:54.289 (index):1034 UPDATE_3
12:29:54.390 (index):1009 NODEACCESSRELEASED_3
12:29:54.518 (index):1034 UPDATE_0
12:29:54.619 (index):1025 THINKING_0
12:29:54.663 (index):1034 UPDATE_1
12:29:54.764 (index):1025 THINKING_1
12:29:54.982 (index):1093 WAITING_8
12:29:54.983 (index):1093 WAITING_9
12:29:54.985 (index):1093 WAITING_10
12:29:54.986 (index):1093 WAITING_11
12:29:54.987 (index):1093 WAITING_12
12:29:54.988 (index):1093 WAITING_13
12:29:54.991 (index):1093 WAITING_14
12:29:54.992 (index):1093 WAITING_15
12:29:54.993 (index):1093 WAITING_16
12:29:54.994 (index):1037 UPDATE_2
12:29:54.997 (index):1093 WAITING_6
12:29:55.079 (index):1093 WAITING_4
12:29:55.080 (index):1093 WAITING_7
12:29:55.095 (index):1013 ATTRIBUTEACCESSRELEASED_2
12:29:55.392 (index):1064 ATTRIBUTEACCESSREQUESTED_3
12:29:55.832 (index):1034 UPDATE_5
12:29:55.934 (index):1009 NODEACCESSRELEASED_5
12:29:55.983 (index):1093 WAITING_8
12:29:55.984 (index):1093 WAITING_9
12:29:55.986 (index):1093 WAITING_10
12:29:55.987 (index):1093 WAITING_11
12:29:55.988 (index):1093 WAITING_12
12:29:55.989 (index):1093 WAITING_13
12:29:55.992 (index):1093 WAITING_14
12:29:55.993 (index):1093 WAITING_15
12:29:55.994 (index):1093 WAITING_16
12:29:55.998 (index):1093 WAITING_6
12:29:56.080 (index):1093 WAITING_4
12:29:56.081 (index):1093 WAITING_7
12:29:56.096 (index):1064 ATTRIBUTEACCESSREQUESTED_2
12:29:56.393 (index):1037 UPDATE_3
12:29:56.494 (index):1013 ATTRIBUTEACCESSRELEASED_3
12:29:56.935 (index):1064 ATTRIBUTEACCESSREQUESTED_5
12:29:56.985 (index):1093 WAITING_8
12:29:56.986 (index):1093 WAITING_9
12:29:56.987 (index):1093 WAITING_10
12:29:56.988 (index):1093 WAITING_11
12:29:56.989 (index):1093 WAITING_12
12:29:56.990 (index):1093 WAITING_13
12:29:56.993 (index):1093 WAITING_14
12:29:56.994 (index):1093 WAITING_15
12:29:56.995 (index):1093 WAITING_16
12:29:56.999 (index):1093 WAITING_6
12:29:57.081 (index):1093 WAITING_4
12:29:57.081 (index):1093 WAITING_7
12:29:57.098 (index):1037 UPDATE_2
12:29:57.189 (index):1034 UPDATE_0
12:29:57.199 (index):1013 ATTRIBUTEACCESSRELEASED_2
12:29:57.291 (index):1025 THINKING_0
12:29:57.496 (index):1070 NODEACCESSREQUESTED_3
12:29:57.936 (index):1037 UPDATE_5
12:29:57.986 (index):1093 WAITING_8
12:29:57.987 (index):1093 WAITING_9
12:29:57.988 (index):1093 WAITING_10
12:29:57.989 (index):1093 WAITING_11
12:29:57.990 (index):1093 WAITING_12
12:29:57.991 (index):1093 WAITING_13
12:29:57.994 (index):1093 WAITING_14
12:29:57.995 (index):1093 WAITING_15
12:29:57.996 (index):1093 WAITING_16
12:29:58.000 (index):1093 WAITING_6
12:29:58.038 (index):1025 THINKING_5
12:29:58.081 (index):1093 WAITING_4
12:29:58.082 (index):1093 WAITING_7
12:29:58.200 (index):1070 NODEACCESSREQUESTED_2
12:29:58.497 (index):1034 UPDATE_3
12:29:58.599 (index):1009 NODEACCESSRELEASED_3
12:29:58.987 (index):1093 WAITING_8
12:29:58.988 (index):1093 WAITING_9
12:29:58.990 (index):1093 WAITING_10
12:29:58.991 (index):1093 WAITING_11
12:29:58.992 (index):1093 WAITING_12
12:29:58.993 (index):1093 WAITING_13
12:29:58.995 (index):1093 WAITING_14
12:29:58.996 (index):1093 WAITING_15
12:29:58.997 (index):1093 WAITING_16
12:29:59.001 (index):1093 WAITING_6
12:29:59.082 (index):1093 WAITING_4
12:29:59.083 (index):1093 WAITING_7
12:29:59.157 (index):1034 UPDATE_1
12:29:59.202 (index):1034 UPDATE_2
12:29:59.258 (index):1009 NODEACCESSRELEASED_1
12:29:59.303 (index):1025 THINKING_2
12:29:59.600 (index):1070 NODEACCESSREQUESTED_3
12:29:59.989 (index):1093 WAITING_8
12:29:59.990 (index):1093 WAITING_9
12:29:59.991 (index):1093 WAITING_10
12:29:59.993 (index):1093 WAITING_11
12:29:59.994 (index):1093 WAITING_12
12:29:59.994 (index):1093 WAITING_13
12:29:59.996 (index):1093 WAITING_14
12:29:59.997 (index):1093 WAITING_15
12:29:59.998 (index):1093 WAITING_16
12:30:00.002 (index):1093 WAITING_6
12:30:00.083 (index):1093 WAITING_4
12:30:00.084 (index):1093 WAITING_7
12:30:00.260 (index):1070 NODEACCESSREQUESTED_1
12:30:00.601 (index):1034 UPDATE_3
12:30:00.703 (index):1009 NODEACCESSRELEASED_3
12:30:00.990 (index):1093 WAITING_8
12:30:00.991 (index):1093 WAITING_9
12:30:00.993 (index):1093 WAITING_10
12:30:00.994 (index):1093 WAITING_11
12:30:00.995 (index):1093 WAITING_12
12:30:00.996 (index):1093 WAITING_13
12:30:00.997 (index):1093 WAITING_14
12:30:00.998 (index):1093 WAITING_15
12:30:00.999 (index):1093 WAITING_16
12:30:01.002 (index):1093 WAITING_6
12:30:01.084 (index):1093 WAITING_4
12:30:01.084 (index):1093 WAITING_7
12:30:01.261 (index):1034 UPDATE_1
12:30:01.362 (index):1025 THINKING_1
12:30:01.704 (index):1070 NODEACCESSREQUESTED_3
12:30:01.854 (index):1034 UPDATE_2
12:30:01.955 (index):1025 THINKING_2
12:30:01.991 (index):1093 WAITING_8
12:30:01.992 (index):1093 WAITING_9
12:30:01.994 (index):1093 WAITING_10
12:30:01.995 (index):1093 WAITING_11
12:30:01.996 (index):1093 WAITING_12
12:30:01.997 (index):1093 WAITING_13
12:30:01.998 (index):1093 WAITING_14
12:30:01.999 (index):1093 WAITING_15
12:30:02.000 (index):1093 WAITING_16
12:30:02.003 (index):1093 WAITING_6
12:30:02.084 (index):1093 WAITING_4
12:30:02.085 (index):1093 WAITING_7
12:30:02.233 (index):1034 UPDATE_0
12:30:02.335 (index):1009 NODEACCESSRELEASED_0
12:30:02.620 (index):1037 UPDATE_5
12:30:02.706 (index):1034 UPDATE_3
12:30:02.721 (index):1025 THINKING_5
12:30:02.807 (index):1009 NODEACCESSRELEASED_3
12:30:02.992 (index):1093 WAITING_8
12:30:02.993 (index):1093 WAITING_9
12:30:02.994 (index):1093 WAITING_10
12:30:02.995 (index):1093 WAITING_11
12:30:02.996 (index):1093 WAITING_12
12:30:02.997 (index):1093 WAITING_13
12:30:02.999 (index):1093 WAITING_14
12:30:03.000 (index):1093 WAITING_15
12:30:03.002 (index):1093 WAITING_16
12:30:03.004 (index):1093 WAITING_6
12:30:03.085 (index):1093 WAITING_4
12:30:03.086 (index):1093 WAITING_7
12:30:03.336 (index):1070 NODEACCESSREQUESTED_0
12:30:03.674 (index):1034 UPDATE_1
12:30:03.775 (index):1009 NODEACCESSRELEASED_1
12:30:03.808 (index):1070 NODEACCESSREQUESTED_3
12:30:03.993 (index):1093 WAITING_8
12:30:03.995 (index):1093 WAITING_9
12:30:03.995 (index):1093 WAITING_10
12:30:03.996 (index):1093 WAITING_11
12:30:03.997 (index):1093 WAITING_12
12:30:03.998 (index):1093 WAITING_13
12:30:04.000 (index):1093 WAITING_14
12:30:04.002 (index):1093 WAITING_15
12:30:04.003 (index):1093 WAITING_16
12:30:04.006 (index):1093 WAITING_6
12:30:04.087 (index):1093 WAITING_4
12:30:04.087 (index):1093 WAITING_7
12:30:04.182 (index):1034 UPDATE_2
12:30:04.283 (index):1025 THINKING_2
12:30:04.337 (index):1034 UPDATE_0
12:30:04.438 (index):1025 THINKING_0
12:30:04.763 (index):1037 UPDATE_5
12:30:04.776 (index):1070 NODEACCESSREQUESTED_1
12:30:04.810 (index):1034 UPDATE_3
12:30:04.864 (index):1013 ATTRIBUTEACCESSRELEASED_5
12:30:04.911 (index):1025 THINKING_3
12:30:04.995 (index):1093 WAITING_8
12:30:04.996 (index):1093 WAITING_9
12:30:04.996 (index):1093 WAITING_10
12:30:04.997 (index):1093 WAITING_11
12:30:04.998 (index):1093 WAITING_12
12:30:05.000 (index):1093 WAITING_13
12:30:05.001 (index):1093 WAITING_14
12:30:05.002 (index):1093 WAITING_15
12:30:05.004 (index):1093 WAITING_16
12:30:05.006 (index):1093 WAITING_6
12:30:05.087 (index):1093 WAITING_4
12:30:05.088 (index):1093 WAITING_7
12:30:05.777 (index):1034 UPDATE_1
12:30:05.866 (index):1070 NODEACCESSREQUESTED_5
12:30:05.878 (index):1025 THINKING_1
12:30:05.996 (index):1093 WAITING_8
12:30:05.997 (index):1093 WAITING_9
12:30:05.998 (index):1093 WAITING_10
12:30:05.999 (index):1093 WAITING_11
12:30:06.001 (index):1093 WAITING_12
12:30:06.002 (index):1093 WAITING_13
12:30:06.004 (index):1093 WAITING_14
12:30:06.005 (index):1093 WAITING_15
12:30:06.006 (index):1093 WAITING_16
12:30:06.007 (index):1093 WAITING_6
12:30:06.088 (index):1093 WAITING_4
12:30:06.089 (index):1093 WAITING_7
12:30:06.594 (index):1034 UPDATE_0
12:30:06.695 (index):1009 NODEACCESSRELEASED_0
12:30:06.867 (index):1093 WAITING_5
12:30:06.997 (index):1093 WAITING_8
12:30:06.998 (index):1093 WAITING_9
12:30:06.999 (index):1093 WAITING_10
12:30:07.001 (index):1093 WAITING_11
12:30:07.002 (index):1093 WAITING_12
12:30:07.004 (index):1093 WAITING_13
12:30:07.005 (index):1093 WAITING_14
12:30:07.006 (index):1093 WAITING_15
12:30:07.007 (index):1093 WAITING_16
12:30:07.008 (index):1093 WAITING_6
12:30:07.089 (index):1093 WAITING_4
12:30:07.089 (index):1093 WAITING_7
12:30:07.318 (index):1034 UPDATE_3
12:30:07.420 (index):1009 NODEACCESSRELEASED_3
12:30:07.696 (index):1070 NODEACCESSREQUESTED_0
12:30:07.868 (index):1093 WAITING_5
12:30:07.998 (index):1093 WAITING_8
12:30:07.998 (index):1093 WAITING_9
12:30:08.000 (index):1093 WAITING_10
12:30:08.001 (index):1093 WAITING_11
12:30:08.003 (index):1093 WAITING_12
12:30:08.004 (index):1093 WAITING_13
12:30:08.006 (index):1093 WAITING_14
12:30:08.007 (index):1093 WAITING_15
12:30:08.007 (index):1093 WAITING_16
12:30:08.009 (index):1093 WAITING_6
12:30:08.090 (index):1093 WAITING_4
12:30:08.090 (index):1093 WAITING_7
12:30:08.421 (index):1064 ATTRIBUTEACCESSREQUESTED_3
12:30:08.697 (index):1034 UPDATE_0
12:30:08.798 (index):1009 NODEACCESSRELEASED_0
12:30:08.808 (index):1034 UPDATE_1
12:30:08.869 (index):1093 WAITING_5
12:30:08.909 (index):1025 THINKING_1
12:30:08.999 (index):1093 WAITING_8
12:30:09.000 (index):1093 WAITING_9
12:30:09.002 (index):1093 WAITING_10
12:30:09.003 (index):1093 WAITING_11
12:30:09.005 (index):1093 WAITING_12
12:30:09.006 (index):1093 WAITING_13
12:30:09.007 (index):1093 WAITING_14
12:30:09.007 (index):1093 WAITING_15
12:30:09.008 (index):1093 WAITING_16
12:30:09.009 (index):1093 WAITING_6
12:30:09.090 (index):1093 WAITING_4
12:30:09.091 (index):1093 WAITING_7
12:30:09.138 (index):1034 UPDATE_2
12:30:09.239 (index):1009 NODEACCESSRELEASED_2
12:30:09.422 (index):1037 UPDATE_3
12:30:09.523 (index):1013 ATTRIBUTEACCESSRELEASED_3
12:30:09.800 (index):1070 NODEACCESSREQUESTED_0
12:30:09.870 (index):1093 WAITING_5
12:30:10.000 (index):1093 WAITING_8
12:30:10.002 (index):1093 WAITING_9
12:30:10.003 (index):1093 WAITING_10
12:30:10.005 (index):1093 WAITING_11
12:30:10.006 (index):1093 WAITING_12
12:30:10.007 (index):1093 WAITING_13
12:30:10.009 (index):1093 WAITING_14
12:30:10.010 (index):1093 WAITING_15
12:30:10.011 (index):1093 WAITING_16
12:30:10.013 (index):1093 WAITING_6
12:30:10.091 (index):1093 WAITING_4
12:30:10.092 (index):1093 WAITING_7
12:30:10.241 (index):1070 NODEACCESSREQUESTED_2
12:30:10.524 (index):1064 ATTRIBUTEACCESSREQUESTED_3
12:30:10.801 (index):1034 UPDATE_0
12:30:10.871 (index):1093 WAITING_5
12:30:10.903 (index):1025 THINKING_0
12:30:11.002 (index):1093 WAITING_8
12:30:11.003 (index):1093 WAITING_9
12:30:11.005 (index):1093 WAITING_10
12:30:11.006 (index):1093 WAITING_11
12:30:11.007 (index):1093 WAITING_12
12:30:11.009 (index):1093 WAITING_13
12:30:11.010 (index):1093 WAITING_14
12:30:11.011 (index):1093 WAITING_15
12:30:11.013 (index):1093 WAITING_16
12:30:11.014 (index):1093 WAITING_6
12:30:11.092 (index):1093 WAITING_4
12:30:11.093 (index):1093 WAITING_7
12:30:11.242 (index):1034 UPDATE_2
12:30:11.343 (index):1009 NODEACCESSRELEASED_2
12:30:11.525 (index):1037 UPDATE_3
12:30:11.627 (index):1025 THINKING_3
12:30:11.872 (index):1093 WAITING_5
12:30:12.003 (index):1093 WAITING_8
12:30:12.004 (index):1093 WAITING_9
12:30:12.006 (index):1093 WAITING_10
12:30:12.007 (index):1093 WAITING_11
12:30:12.008 (index):1093 WAITING_12
12:30:12.010 (index):1093 WAITING_13
12:30:12.011 (index):1093 WAITING_14
12:30:12.012 (index):1093 WAITING_15
12:30:12.013 (index):1093 WAITING_16
12:30:12.015 (index):1093 WAITING_6
12:30:12.093 (index):1093 WAITING_4
12:30:12.093 (index):1093 WAITING_7
12:30:12.345 (index):1070 NODEACCESSREQUESTED_2
12:30:12.874 (index):1093 WAITING_5
12:30:13.004 (index):1093 WAITING_8
12:30:13.006 (index):1093 WAITING_9
12:30:13.007 (index):1093 WAITING_10
12:30:13.009 (index):1093 WAITING_11
12:30:13.010 (index):1093 WAITING_12
12:30:13.011 (index):1093 WAITING_13
12:30:13.013 (index):1093 WAITING_14
12:30:13.014 (index):1093 WAITING_15
12:30:13.015 (index):1093 WAITING_16
12:30:13.016 (index):1093 WAITING_6
12:30:13.093 (index):1093 WAITING_4
12:30:13.094 (index):1093 WAITING_7
12:30:13.345 (index):1034 UPDATE_2
12:30:13.447 (index):1009 NODEACCESSRELEASED_2
12:30:13.520 (index):1034 UPDATE_1
12:30:13.621 (index):1025 THINKING_1
12:30:13.875 (index):1093 WAITING_5
12:30:13.965 (index):1037 UPDATE_3
12:30:14.006 (index):1093 WAITING_8
12:30:14.007 (index):1093 WAITING_9
12:30:14.009 (index):1093 WAITING_10
12:30:14.010 (index):1093 WAITING_11
12:30:14.011 (index):1093 WAITING_12
12:30:14.013 (index):1093 WAITING_13
12:30:14.014 (index):1093 WAITING_14
12:30:14.015 (index):1093 WAITING_15
12:30:14.015 (index):1093 WAITING_16
12:30:14.016 (index):1093 WAITING_6
12:30:14.065 (index):1013 ATTRIBUTEACCESSRELEASED_3
12:30:14.094 (index):1093 WAITING_4
12:30:14.095 (index):1093 WAITING_7
12:30:14.448 (index):1070 NODEACCESSREQUESTED_2
12:30:14.876 (index):1093 WAITING_5
12:30:14.898 (index):1034 UPDATE_0
12:30:15.000 (index):1009 NODEACCESSRELEASED_0
12:30:15.007 (index):1093 WAITING_8
12:30:15.008 (index):1093 WAITING_9
12:30:15.009 (index):1093 WAITING_10
12:30:15.011 (index):1093 WAITING_11
12:30:15.012 (index):1093 WAITING_12
12:30:15.013 (index):1093 WAITING_13
12:30:15.015 (index):1093 WAITING_14
12:30:15.015 (index):1093 WAITING_15
12:30:15.016 (index):1093 WAITING_16
12:30:15.017 (index):1093 WAITING_6
12:30:15.066 (index):1070 NODEACCESSREQUESTED_3
12:30:15.095 (index):1093 WAITING_4
12:30:15.096 (index):1093 WAITING_7
12:30:15.449 (index):1034 UPDATE_2
12:30:15.550 (index):1009 NODEACCESSRELEASED_2
12:30:15.877 (index):1093 WAITING_5
12:30:16.000 (index):1064 ATTRIBUTEACCESSREQUESTED_0
12:30:16.007 (index):1093 WAITING_8
12:30:16.009 (index):1093 WAITING_9
12:30:16.010 (index):1093 WAITING_10
12:30:16.011 (index):1093 WAITING_11
12:30:16.013 (index):1093 WAITING_12
12:30:16.014 (index):1093 WAITING_13
12:30:16.015 (index):1093 WAITING_14
12:30:16.016 (index):1093 WAITING_15
12:30:16.016 (index):1093 WAITING_16
12:30:16.017 (index):1093 WAITING_6
12:30:16.067 (index):1034 UPDATE_3
12:30:16.096 (index):1093 WAITING_4
12:30:16.097 (index):1093 WAITING_7
12:30:16.168 (index):1104 END_3
12:30:16.552 (index):1070 NODEACCESSREQUESTED_2
12:30:16.879 (index):1093 WAITING_5
12:30:17.002 (index):1037 UPDATE_0
12:30:17.008 (index):1093 WAITING_8
12:30:17.010 (index):1093 WAITING_9
12:30:17.011 (index):1093 WAITING_10
12:30:17.012 (index):1093 WAITING_11
12:30:17.014 (index):1093 WAITING_12
12:30:17.014 (index):1093 WAITING_13
12:30:17.016 (index):1093 WAITING_14
12:30:17.016 (index):1093 WAITING_15
12:30:17.017 (index):1093 WAITING_16
12:30:17.018 (index):1093 WAITING_6
12:30:17.097 (index):1093 WAITING_4
12:30:17.098 (index):1093 WAITING_7
12:30:17.103 (index):1013 ATTRIBUTEACCESSRELEASED_0
12:30:17.553 (index):1034 UPDATE_2
12:30:17.654 (index):1104 END_2
12:30:17.813 (index):1034 UPDATE_1
12:30:17.880 (index):1093 WAITING_5
12:30:17.914 (index):1009 NODEACCESSRELEASED_1
12:30:18.010 (index):1025 THINKING_8
12:30:18.011 (index):1093 WAITING_9
12:30:18.012 (index):1093 WAITING_10
12:30:18.013 (index):1093 WAITING_11
12:30:18.014 (index):1093 WAITING_12
12:30:18.015 (index):1093 WAITING_13
12:30:18.016 (index):1093 WAITING_14
12:30:18.017 (index):1093 WAITING_15
12:30:18.018 (index):1093 WAITING_16
12:30:18.019 (index):1093 WAITING_6
12:30:18.098 (index):1093 WAITING_4
12:30:18.098 (index):1093 WAITING_7
12:30:18.104 (index):1070 NODEACCESSREQUESTED_0
12:30:18.881 (index):1093 WAITING_5
12:30:18.915 (index):1070 NODEACCESSREQUESTED_1
12:30:19.012 (index):1093 WAITING_9
12:30:19.013 (index):1093 WAITING_10
12:30:19.014 (index):1093 WAITING_11
12:30:19.015 (index):1093 WAITING_12
12:30:19.016 (index):1093 WAITING_13
12:30:19.017 (index):1093 WAITING_14
12:30:19.018 (index):1093 WAITING_15
12:30:19.019 (index):1093 WAITING_16
12:30:19.020 (index):1093 WAITING_6
12:30:19.099 (index):1093 WAITING_4
12:30:19.100 (index):1093 WAITING_7
12:30:19.105 (index):1093 WAITING_0
12:30:19.883 (index):1093 WAITING_5
12:30:19.917 (index):1093 WAITING_1
12:30:20.013 (index):1093 WAITING_9
12:30:20.014 (index):1093 WAITING_10
12:30:20.015 (index):1093 WAITING_11
12:30:20.016 (index):1093 WAITING_12
12:30:20.017 (index):1093 WAITING_13
12:30:20.018 (index):1093 WAITING_14
12:30:20.019 (index):1093 WAITING_15
12:30:20.020 (index):1093 WAITING_16
12:30:20.021 (index):1093 WAITING_6
12:30:20.036 (index):1034 UPDATE_8
12:30:20.100 (index):1093 WAITING_4
12:30:20.100 (index):1093 WAITING_7
12:30:20.106 (index):1093 WAITING_0
12:30:20.137 (index):1025 THINKING_8
12:30:20.884 (index):1093 WAITING_5
12:30:20.918 (index):1093 WAITING_1
12:30:21.015 (index):1093 WAITING_9
12:30:21.016 (index):1093 WAITING_10
12:30:21.017 (index):1093 WAITING_11
12:30:21.018 (index):1093 WAITING_12
12:30:21.019 (index):1093 WAITING_13
12:30:21.020 (index):1093 WAITING_14
12:30:21.021 (index):1093 WAITING_15
12:30:21.022 (index):1093 WAITING_16
12:30:21.023 (index):1093 WAITING_6
12:30:21.101 (index):1093 WAITING_4
12:30:21.101 (index):1093 WAITING_7
12:30:21.106 (index):1093 WAITING_0
12:30:21.885 (index):1093 WAITING_5
12:30:21.919 (index):1093 WAITING_1
12:30:22.016 (index):1093 WAITING_9
12:30:22.017 (index):1093 WAITING_10
12:30:22.018 (index):1093 WAITING_11
12:30:22.019 (index):1093 WAITING_12
12:30:22.020 (index):1093 WAITING_13
12:30:22.021 (index):1093 WAITING_14
12:30:22.022 (index):1093 WAITING_15
12:30:22.023 (index):1093 WAITING_16
12:30:22.023 (index):1093 WAITING_6
12:30:22.101 (index):1093 WAITING_4
12:30:22.102 (index):1093 WAITING_7
12:30:22.107 (index):1093 WAITING_0
12:30:22.887 (index):1093 WAITING_5
12:30:22.920 (index):1093 WAITING_1
12:30:23.017 (index):1093 WAITING_9
12:30:23.018 (index):1093 WAITING_10
12:30:23.019 (index):1093 WAITING_11
12:30:23.020 (index):1093 WAITING_12
12:30:23.020 (index):1093 WAITING_13
12:30:23.021 (index):1093 WAITING_14
12:30:23.023 (index):1093 WAITING_15
12:30:23.024 (index):1093 WAITING_16
12:30:23.024 (index):1093 WAITING_6
12:30:23.102 (index):1093 WAITING_4
12:30:23.103 (index):1093 WAITING_7
12:30:23.108 (index):1093 WAITING_0
12:30:23.888 (index):1093 WAITING_5
12:30:23.921 (index):1093 WAITING_1
12:30:24.018 (index):1093 WAITING_9
12:30:24.020 (index):1093 WAITING_10
12:30:24.021 (index):1093 WAITING_11
12:30:24.022 (index):1093 WAITING_12
12:30:24.024 (index):1093 WAITING_13
12:30:24.025 (index):1093 WAITING_14
12:30:24.026 (index):1093 WAITING_15
12:30:24.028 (index):1093 WAITING_16
12:30:24.029 (index):1093 WAITING_6
12:30:24.103 (index):1093 WAITING_4
12:30:24.104 (index):1093 WAITING_7
12:30:24.109 (index):1093 WAITING_0
12:30:24.579 (index):1034 UPDATE_8
12:30:24.680 (index):1009 NODEACCESSRELEASED_8
12:30:24.889 (index):1093 WAITING_5
12:30:24.922 (index):1093 WAITING_1
12:30:25.020 (index):1009 NODEACCESSRELEASED_9
12:30:25.021 (index):1009 NODEACCESSRELEASED_10
12:30:25.023 (index):1025 THINKING_11
12:30:25.024 (index):1093 WAITING_12
12:30:25.025 (index):1093 WAITING_13
12:30:25.027 (index):1093 WAITING_14
12:30:25.028 (index):1093 WAITING_15
12:30:25.029 (index):1093 WAITING_16
12:30:25.030 (index):1093 WAITING_6
12:30:25.104 (index):1093 WAITING_4
12:30:25.104 (index):1093 WAITING_7
12:30:25.109 (index):1093 WAITING_0
12:30:25.681 (index):1064 ATTRIBUTEACCESSREQUESTED_8
12:30:25.890 (index):1093 WAITING_5
12:30:25.923 (index):1093 WAITING_1
12:30:26.021 (index):1070 NODEACCESSREQUESTED_9
12:30:26.023 (index):1070 NODEACCESSREQUESTED_10
12:30:26.025 (index):1093 WAITING_12
12:30:26.026 (index):1093 WAITING_13
12:30:26.027 (index):1093 WAITING_14
12:30:26.028 (index):1093 WAITING_15
12:30:26.030 (index):1093 WAITING_16
12:30:26.031 (index):1093 WAITING_6
12:30:26.105 (index):1093 WAITING_4
12:30:26.105 (index):1093 WAITING_7
12:30:26.110 (index):1093 WAITING_0
12:30:26.682 (index):1037 UPDATE_8
12:30:26.784 (index):1025 THINKING_8
12:30:26.891 (index):1093 WAITING_5
12:30:26.925 (index):1093 WAITING_1
12:30:27.023 (index):1093 WAITING_9
12:30:27.024 (index):1093 WAITING_10
12:30:27.026 (index):1093 WAITING_12
12:30:27.027 (index):1093 WAITING_13
12:30:27.028 (index):1093 WAITING_14
12:30:27.030 (index):1093 WAITING_15
12:30:27.031 (index):1093 WAITING_16
12:30:27.032 (index):1093 WAITING_6
12:30:27.105 (index):1093 WAITING_4
12:30:27.106 (index):1093 WAITING_7
12:30:27.111 (index):1093 WAITING_0
12:30:27.485 (index):1034 UPDATE_11
12:30:27.586 (index):1025 THINKING_11
12:30:27.892 (index):1093 WAITING_5
12:30:27.926 (index):1093 WAITING_1
12:30:28.024 (index):1093 WAITING_9
12:30:28.025 (index):1093 WAITING_10
12:30:28.027 (index):1093 WAITING_12
12:30:28.028 (index):1093 WAITING_13
12:30:28.030 (index):1093 WAITING_14
12:30:28.031 (index):1093 WAITING_15
12:30:28.032 (index):1093 WAITING_16
12:30:28.033 (index):1093 WAITING_6
12:30:28.106 (index):1093 WAITING_4
12:30:28.107 (index):1093 WAITING_7
12:30:28.112 (index):1093 WAITING_0
12:30:28.894 (index):1093 WAITING_5
12:30:28.927 (index):1093 WAITING_1
12:30:29.025 (index):1093 WAITING_9
12:30:29.027 (index):1093 WAITING_10
12:30:29.028 (index):1093 WAITING_12
12:30:29.029 (index):1093 WAITING_13
12:30:29.030 (index):1093 WAITING_14
12:30:29.031 (index):1093 WAITING_15
12:30:29.032 (index):1093 WAITING_16
12:30:29.033 (index):1093 WAITING_6
12:30:29.107 (index):1093 WAITING_4
12:30:29.108 (index):1093 WAITING_7
12:30:29.112 (index):1093 WAITING_0
12:30:29.895 (index):1093 WAITING_5
12:30:29.928 (index):1093 WAITING_1
12:30:30.027 (index):1093 WAITING_9
12:30:30.028 (index):1093 WAITING_10
12:30:30.029 (index):1093 WAITING_12
12:30:30.030 (index):1093 WAITING_13
12:30:30.031 (index):1093 WAITING_14
12:30:30.032 (index):1093 WAITING_15
12:30:30.033 (index):1093 WAITING_16
12:30:30.034 (index):1093 WAITING_6
12:30:30.108 (index):1093 WAITING_4
12:30:30.108 (index):1093 WAITING_7
12:30:30.113 (index):1093 WAITING_0
12:30:30.883 (index):1034 UPDATE_11
12:30:30.895 (index):1093 WAITING_5
12:30:30.930 (index):1093 WAITING_1
12:30:30.985 (index):1009 NODEACCESSRELEASED_11
12:30:31.027 (index):1093 WAITING_9
12:30:31.029 (index):1093 WAITING_10
12:30:31.030 (index):1009 NODEACCESSRELEASED_12
12:30:31.031 (index):1025 THINKING_13
12:30:31.033 (index):1093 WAITING_14
12:30:31.034 (index):1093 WAITING_15
12:30:31.036 (index):1093 WAITING_16
12:30:31.037 (index):1093 WAITING_6
12:30:31.109 (index):1093 WAITING_4
12:30:31.109 (index):1093 WAITING_7
12:30:31.114 (index):1093 WAITING_0
12:30:31.307 (index):1037 UPDATE_8
12:30:31.408 (index):1013 ATTRIBUTEACCESSRELEASED_8
12:30:31.896 (index):1093 WAITING_5
12:30:31.931 (index):1093 WAITING_1
12:30:31.986 (index):1070 NODEACCESSREQUESTED_11
12:30:32.029 (index):1093 WAITING_9
12:30:32.030 (index):1093 WAITING_10
12:30:32.031 (index):1070 NODEACCESSREQUESTED_12
12:30:32.034 (index):1093 WAITING_14
12:30:32.036 (index):1093 WAITING_15
12:30:32.037 (index):1093 WAITING_16
12:30:32.038 (index):1093 WAITING_6
12:30:32.109 (index):1093 WAITING_4
12:30:32.111 (index):1093 WAITING_7
12:30:32.115 (index):1093 WAITING_0
12:30:32.410 (index):1064 ATTRIBUTEACCESSREQUESTED_8
12:30:32.898 (index):1093 WAITING_5
12:30:32.932 (index):1093 WAITING_1
12:30:32.987 (index):1093 WAITING_11
12:30:33.030 (index):1093 WAITING_9
12:30:33.031 (index):1093 WAITING_10
12:30:33.032 (index):1093 WAITING_12
12:30:33.035 (index):1093 WAITING_14
12:30:33.036 (index):1093 WAITING_15
12:30:33.038 (index):1093 WAITING_16
12:30:33.039 (index):1093 WAITING_6
12:30:33.111 (index):1093 WAITING_4
12:30:33.112 (index):1093 WAITING_7
12:30:33.116 (index):1093 WAITING_0
12:30:33.411 (index):1037 UPDATE_8
12:30:33.513 (index):1013 ATTRIBUTEACCESSRELEASED_8
12:30:33.899 (index):1093 WAITING_5
12:30:33.933 (index):1093 WAITING_1
12:30:33.989 (index):1093 WAITING_11
12:30:34.031 (index):1093 WAITING_9
12:30:34.033 (index):1093 WAITING_10
12:30:34.033 (index):1093 WAITING_12
12:30:34.036 (index):1093 WAITING_14
12:30:34.037 (index):1093 WAITING_15
12:30:34.039 (index):1093 WAITING_16
12:30:34.040 (index):1093 WAITING_6
12:30:34.112 (index):1093 WAITING_4
12:30:34.113 (index):1093 WAITING_7
12:30:34.117 (index):1093 WAITING_0
12:30:34.514 (index):1070 NODEACCESSREQUESTED_8
12:30:34.900 (index):1093 WAITING_5
12:30:34.935 (index):1093 WAITING_1
12:30:34.990 (index):1093 WAITING_11
12:30:35.033 (index):1093 WAITING_9
12:30:35.034 (index):1093 WAITING_10
12:30:35.034 (index):1093 WAITING_12
12:30:35.037 (index):1093 WAITING_14
12:30:35.038 (index):1093 WAITING_15
12:30:35.040 (index):1093 WAITING_16
12:30:35.041 (index):1093 WAITING_6
12:30:35.113 (index):1093 WAITING_4
12:30:35.114 (index):1093 WAITING_7
12:30:35.118 (index):1093 WAITING_0
12:30:35.307 (index):1034 UPDATE_13
12:30:35.408 (index):1009 NODEACCESSRELEASED_13
12:30:35.515 (index):1093 WAITING_8
12:30:35.902 (index):1093 WAITING_5
12:30:35.936 (index):1093 WAITING_1
12:30:35.991 (index):1093 WAITING_11
12:30:36.034 (index):1093 WAITING_9
12:30:36.035 (index):1093 WAITING_10
12:30:36.036 (index):1093 WAITING_12
12:30:36.038 (index):1025 THINKING_14
12:30:36.039 (index):1093 WAITING_15
12:30:36.041 (index):1093 WAITING_16
12:30:36.042 (index):1093 WAITING_6
12:30:36.114 (index):1093 WAITING_4
12:30:36.115 (index):1093 WAITING_7
12:30:36.119 (index):1093 WAITING_0
12:30:36.409 (index):1064 ATTRIBUTEACCESSREQUESTED_13
12:30:36.517 (index):1093 WAITING_8
12:30:36.903 (index):1093 WAITING_5
12:30:36.937 (index):1093 WAITING_1
12:30:36.993 (index):1093 WAITING_11
12:30:37.035 (index):1093 WAITING_9
12:30:37.036 (index):1093 WAITING_10
12:30:37.037 (index):1093 WAITING_12
12:30:37.040 (index):1093 WAITING_15
12:30:37.042 (index):1093 WAITING_16
12:30:37.043 (index):1093 WAITING_6
12:30:37.115 (index):1093 WAITING_4
12:30:37.117 (index):1093 WAITING_7
12:30:37.120 (index):1093 WAITING_0
12:30:37.411 (index):1037 UPDATE_13
12:30:37.512 (index):1013 ATTRIBUTEACCESSRELEASED_13
12:30:37.518 (index):1093 WAITING_8
12:30:37.904 (index):1093 WAITING_5
12:30:37.938 (index):1093 WAITING_1
12:30:37.994 (index):1093 WAITING_11
12:30:38.036 (index):1093 WAITING_9
12:30:38.037 (index):1093 WAITING_10
12:30:38.038 (index):1093 WAITING_12
12:30:38.041 (index):1093 WAITING_15
12:30:38.042 (index):1093 WAITING_16
12:30:38.043 (index):1093 WAITING_6
12:30:38.117 (index):1093 WAITING_4
12:30:38.118 (index):1093 WAITING_7
12:30:38.121 (index):1093 WAITING_0
12:30:38.513 (index):1064 ATTRIBUTEACCESSREQUESTED_13
12:30:38.519 (index):1093 WAITING_8
12:30:38.906 (index):1093 WAITING_5
12:30:38.939 (index):1093 WAITING_1
12:30:38.995 (index):1093 WAITING_11
12:30:39.037 (index):1093 WAITING_9
12:30:39.039 (index):1093 WAITING_10
12:30:39.039 (index):1093 WAITING_12
12:30:39.042 (index):1093 WAITING_15
12:30:39.043 (index):1093 WAITING_16
12:30:39.044 (index):1093 WAITING_6
12:30:39.118 (index):1093 WAITING_4
12:30:39.119 (index):1093 WAITING_7
12:30:39.122 (index):1093 WAITING_0
12:30:39.514 (index):1037 UPDATE_13
12:30:39.520 (index):1093 WAITING_8
12:30:39.616 (index):1013 ATTRIBUTEACCESSRELEASED_13
12:30:39.907 (index):1093 WAITING_5
12:30:39.940 (index):1093 WAITING_1
12:30:39.996 (index):1093 WAITING_11
12:30:40.039 (index):1093 WAITING_9
12:30:40.040 (index):1093 WAITING_10
12:30:40.041 (index):1093 WAITING_12
12:30:40.043 (index):1093 WAITING_15
12:30:40.044 (index):1093 WAITING_16
12:30:40.045 (index):1093 WAITING_6
12:30:40.119 (index):1093 WAITING_4
12:30:40.120 (index):1093 WAITING_7
12:30:40.123 (index):1093 WAITING_0
12:30:40.491 (index):1034 UPDATE_14
12:30:40.521 (index):1093 WAITING_8
12:30:40.592 (index):1009 NODEACCESSRELEASED_14
12:30:40.617 (index):1064 ATTRIBUTEACCESSREQUESTED_13
12:30:40.908 (index):1093 WAITING_5
12:30:40.942 (index):1093 WAITING_1
12:30:40.998 (index):1093 WAITING_11
12:30:41.040 (index):1093 WAITING_9
12:30:41.041 (index):1093 WAITING_10
12:30:41.042 (index):1093 WAITING_12
12:30:41.044 (index):1025 THINKING_15
12:30:41.045 (index):1093 WAITING_16
12:30:41.046 (index):1093 WAITING_6
12:30:41.120 (index):1093 WAITING_4
12:30:41.122 (index):1093 WAITING_7
12:30:41.124 (index):1093 WAITING_0
12:30:41.522 (index):1093 WAITING_8
12:30:41.594 (index):1070 NODEACCESSREQUESTED_14
12:30:41.618 (index):1037 UPDATE_13
12:30:41.719 (index):1013 ATTRIBUTEACCESSRELEASED_13
12:30:41.909 (index):1093 WAITING_5
12:30:41.943 (index):1093 WAITING_1
12:30:41.999 (index):1093 WAITING_11
12:30:42.041 (index):1093 WAITING_9
12:30:42.042 (index):1093 WAITING_10
12:30:42.044 (index):1093 WAITING_12
12:30:42.046 (index):1093 WAITING_16
12:30:42.047 (index):1093 WAITING_6
12:30:42.122 (index):1093 WAITING_4
12:30:42.123 (index):1093 WAITING_7
12:30:42.125 (index):1093 WAITING_0
12:30:42.523 (index):1093 WAITING_8
12:30:42.595 (index):1093 WAITING_14
12:30:42.720 (index):1070 NODEACCESSREQUESTED_13
12:30:42.911 (index):1093 WAITING_5
12:30:42.944 (index):1093 WAITING_1
12:30:43.000 (index):1093 WAITING_11
12:30:43.042 (index):1093 WAITING_9
12:30:43.044 (index):1093 WAITING_10
12:30:43.045 (index):1093 WAITING_12
12:30:43.047 (index):1093 WAITING_16
12:30:43.048 (index):1093 WAITING_6
12:30:43.123 (index):1093 WAITING_4
12:30:43.124 (index):1093 WAITING_7
12:30:43.126 (index):1093 WAITING_0
12:30:43.525 (index):1093 WAITING_8
12:30:43.597 (index):1093 WAITING_14
12:30:43.722 (index):1093 WAITING_13
12:30:43.912 (index):1093 WAITING_5
12:30:43.945 (index):1093 WAITING_1
12:30:44.001 (index):1093 WAITING_11
12:30:44.044 (index):1093 WAITING_9
12:30:44.045 (index):1093 WAITING_10
12:30:44.046 (index):1093 WAITING_12
12:30:44.048 (index):1093 WAITING_16
12:30:44.049 (index):1093 WAITING_6
12:30:44.124 (index):1093 WAITING_4
12:30:44.126 (index):1093 WAITING_7
12:30:44.127 (index):1093 WAITING_0
12:30:44.499 (index):1034 UPDATE_15
12:30:44.526 (index):1093 WAITING_8
12:30:44.598 (index):1093 WAITING_14
12:30:44.600 (index):1009 NODEACCESSRELEASED_15
12:30:44.723 (index):1093 WAITING_13
12:30:44.913 (index):1093 WAITING_5
12:30:44.947 (index):1093 WAITING_1
12:30:45.003 (index):1093 WAITING_11
12:30:45.045 (index):1093 WAITING_9
12:30:45.045 (index):1093 WAITING_10
12:30:45.047 (index):1093 WAITING_12
12:30:45.049 (index):1025 THINKING_16
12:30:45.050 (index):1093 WAITING_6
12:30:45.126 (index):1093 WAITING_4
12:30:45.127 (index):1093 WAITING_7
12:30:45.128 (index):1093 WAITING_0
12:30:45.527 (index):1093 WAITING_8
12:30:45.599 (index):1093 WAITING_14
12:30:45.601 (index):1070 NODEACCESSREQUESTED_15
12:30:45.724 (index):1093 WAITING_13
12:30:45.915 (index):1093 WAITING_5
12:30:45.948 (index):1093 WAITING_1
12:30:46.005 (index):1093 WAITING_11
12:30:46.045 (index):1093 WAITING_9
12:30:46.047 (index):1093 WAITING_10
12:30:46.048 (index):1093 WAITING_12
12:30:46.051 (index):1093 WAITING_6
12:30:46.127 (index):1093 WAITING_4
12:30:46.128 (index):1093 WAITING_7
12:30:46.130 (index):1093 WAITING_0
12:30:46.528 (index):1093 WAITING_8
12:30:46.600 (index):1093 WAITING_14
12:30:46.602 (index):1093 WAITING_15
12:30:46.725 (index):1093 WAITING_13
12:30:46.916 (index):1093 WAITING_5
12:30:46.949 (index):1093 WAITING_1
12:30:47.006 (index):1093 WAITING_11
12:30:47.047 (index):1093 WAITING_9
12:30:47.048 (index):1093 WAITING_10
12:30:47.049 (index):1093 WAITING_12
12:30:47.052 (index):1093 WAITING_6
12:30:47.128 (index):1093 WAITING_4
12:30:47.130 (index):1093 WAITING_7
12:30:47.131 (index):1093 WAITING_0
12:30:47.331 (index):1034 UPDATE_16
12:30:47.432 (index):1009 NODEACCESSRELEASED_16
12:30:47.529 (index):1093 WAITING_8
12:30:47.602 (index):1093 WAITING_14
12:30:47.603 (index):1093 WAITING_15
12:30:47.727 (index):1093 WAITING_13
12:30:47.917 (index):1093 WAITING_5
12:30:47.950 (index):1093 WAITING_1
12:30:48.007 (index):1093 WAITING_11
12:30:48.048 (index):1093 WAITING_9
12:30:48.049 (index):1093 WAITING_10
12:30:48.050 (index):1093 WAITING_12
12:30:48.053 (index):1093 WAITING_6
12:30:48.130 (index):1093 WAITING_4
12:30:48.131 (index):1034 UPDATE_7
12:30:48.132 (index):1093 WAITING_0
12:30:48.232 (index):1009 NODEACCESSRELEASED_7
12:30:48.434 (index):1070 NODEACCESSREQUESTED_16
12:30:48.530 (index):1093 WAITING_8
12:30:48.603 (index):1093 WAITING_14
12:30:48.604 (index):1093 WAITING_15
12:30:48.728 (index):1093 WAITING_13
12:30:48.919 (index):1093 WAITING_5
12:30:48.951 (index):1093 WAITING_1
12:30:49.008 (index):1093 WAITING_11
12:30:49.049 (index):1093 WAITING_9
12:30:49.050 (index):1093 WAITING_10
12:30:49.051 (index):1093 WAITING_12
12:30:49.054 (index):1034 UPDATE_6
12:30:49.131 (index):1093 WAITING_4
12:30:49.133 (index):1093 WAITING_0
12:30:49.155 (index):1009 NODEACCESSRELEASED_6
12:30:49.234 (index):1070 NODEACCESSREQUESTED_7
12:30:49.435 (index):1093 WAITING_16
12:30:49.532 (index):1093 WAITING_8
12:30:49.604 (index):1093 WAITING_14
12:30:49.605 (index):1093 WAITING_15
12:30:49.729 (index):1093 WAITING_13
12:30:49.920 (index):1093 WAITING_5
12:30:49.952 (index):1093 WAITING_1
12:30:50.009 (index):1093 WAITING_11
12:30:50.050 (index):1093 WAITING_9
12:30:50.051 (index):1093 WAITING_10
12:30:50.052 (index):1093 WAITING_12
12:30:50.132 (index):1034 UPDATE_4
12:30:50.134 (index):1093 WAITING_0
12:30:50.156 (index):1070 NODEACCESSREQUESTED_6
12:30:50.233 (index):1009 NODEACCESSRELEASED_4
12:30:50.235 (index):1093 WAITING_7
12:30:50.436 (index):1093 WAITING_16
12:30:50.533 (index):1093 WAITING_8
12:30:50.605 (index):1093 WAITING_14
12:30:50.606 (index):1093 WAITING_15
12:30:50.730 (index):1093 WAITING_13
12:30:50.921 (index):1034 UPDATE_5
12:30:50.953 (index):1093 WAITING_1
12:30:51.010 (index):1093 WAITING_11
12:30:51.022 (index):1025 THINKING_5
12:30:51.051 (index):1093 WAITING_9
12:30:51.052 (index):1093 WAITING_10
12:30:51.053 (index):1093 WAITING_12
12:30:51.135 (index):1093 WAITING_0
12:30:51.157 (index):1093 WAITING_6
12:30:51.235 (index):1064 ATTRIBUTEACCESSREQUESTED_4
12:30:51.236 (index):1093 WAITING_7
12:30:51.438 (index):1093 WAITING_16
12:30:51.534 (index):1093 WAITING_8
12:30:51.607 (index):1093 WAITING_14
12:30:51.608 (index):1093 WAITING_15
12:30:51.731 (index):1093 WAITING_13
12:30:51.955 (index):1093 WAITING_1
12:30:52.012 (index):1093 WAITING_11
12:30:52.052 (index):1093 WAITING_9
12:30:52.053 (index):1093 WAITING_10
12:30:52.054 (index):1093 WAITING_12
12:30:52.136 (index):1093 WAITING_0
12:30:52.158 (index):1093 WAITING_6
12:30:52.236 (index):1037 UPDATE_4
12:30:52.237 (index):1093 WAITING_7
12:30:52.337 (index):1013 ATTRIBUTEACCESSRELEASED_4
12:30:52.439 (index):1093 WAITING_16
12:30:52.536 (index):1093 WAITING_8
12:30:52.608 (index):1093 WAITING_14
12:30:52.608 (index):1093 WAITING_15
12:30:52.733 (index):1093 WAITING_13
12:30:52.956 (index):1093 WAITING_1
12:30:53.013 (index):1093 WAITING_11
12:30:53.053 (index):1093 WAITING_9
12:30:53.055 (index):1093 WAITING_10
12:30:53.055 (index):1093 WAITING_12
12:30:53.137 (index):1093 WAITING_0
12:30:53.159 (index):1093 WAITING_6
12:30:53.238 (index):1093 WAITING_7
12:30:53.338 (index):1070 NODEACCESSREQUESTED_4
12:30:53.440 (index):1093 WAITING_16
12:30:53.537 (index):1093 WAITING_8
12:30:53.609 (index):1093 WAITING_14
12:30:53.609 (index):1093 WAITING_15
12:30:53.734 (index):1093 WAITING_13
12:30:53.957 (index):1093 WAITING_1
12:30:54.014 (index):1093 WAITING_11
12:30:54.055 (index):1093 WAITING_9
12:30:54.055 (index):1093 WAITING_10
12:30:54.056 (index):1093 WAITING_12
12:30:54.138 (index):1093 WAITING_0
12:30:54.160 (index):1093 WAITING_6
12:30:54.239 (index):1093 WAITING_7
12:30:54.340 (index):1093 WAITING_4
12:30:54.442 (index):1093 WAITING_16
12:30:54.538 (index):1093 WAITING_8
12:30:54.609 (index):1093 WAITING_14
12:30:54.611 (index):1093 WAITING_15
12:30:54.735 (index):1093 WAITING_13
12:30:54.958 (index):1093 WAITING_1
12:30:55.015 (index):1093 WAITING_11
12:30:55.055 (index):1093 WAITING_9
12:30:55.056 (index):1093 WAITING_10
12:30:55.057 (index):1093 WAITING_12
12:30:55.139 (index):1093 WAITING_0
12:30:55.161 (index):1093 WAITING_6
12:30:55.240 (index):1093 WAITING_7
12:30:55.341 (index):1093 WAITING_4
12:30:55.443 (index):1093 WAITING_16
12:30:55.540 (index):1093 WAITING_8
12:30:55.611 (index):1093 WAITING_14
12:30:55.612 (index):1093 WAITING_15
12:30:55.736 (index):1093 WAITING_13
12:30:55.957 (index):1034 UPDATE_5
12:30:55.960 (index):1093 WAITING_1
12:30:56.017 (index):1093 WAITING_11
12:30:56.056 (index):1093 WAITING_9
12:30:56.057 (index):1093 WAITING_10
12:30:56.058 (index):1093 WAITING_12
12:30:56.059 (index):1009 NODEACCESSRELEASED_5
12:30:56.140 (index):1034 UPDATE_0
12:30:56.162 (index):1093 WAITING_6
12:30:56.241 (index):1093 WAITING_7
12:30:56.243 (index):1009 NODEACCESSRELEASED_0
12:30:56.342 (index):1093 WAITING_4
12:30:56.444 (index):1093 WAITING_16
12:30:56.541 (index):1093 WAITING_8
12:30:56.612 (index):1093 WAITING_14
12:30:56.614 (index):1093 WAITING_15
12:30:56.738 (index):1093 WAITING_13
12:30:56.960 (index):1034 UPDATE_1
12:30:57.018 (index):1093 WAITING_11
12:30:57.058 (index):1093 WAITING_9
12:30:57.059 (index):1093 WAITING_10
12:30:57.060 (index):1093 WAITING_12
12:30:57.061 (index):1070 NODEACCESSREQUESTED_5
12:30:57.062 (index):1025 THINKING_1
12:30:57.163 (index):1093 WAITING_6
12:30:57.243 (index):1093 WAITING_7
12:30:57.244 (index):1070 NODEACCESSREQUESTED_0
12:30:57.343 (index):1093 WAITING_4
12:30:57.446 (index):1093 WAITING_16
12:30:57.542 (index):1093 WAITING_8
12:30:57.614 (index):1093 WAITING_14
12:30:57.615 (index):1093 WAITING_15
12:30:57.739 (index):1093 WAITING_13
12:30:58.019 (index):1093 WAITING_11
12:30:58.059 (index):1093 WAITING_9
12:30:58.060 (index):1093 WAITING_10
12:30:58.061 (index):1093 WAITING_12
12:30:58.062 (index):1034 UPDATE_5
12:30:58.163 (index):1009 NODEACCESSRELEASED_5
12:30:58.164 (index):1093 WAITING_6
12:30:58.244 (index):1093 WAITING_7
12:30:58.245 (index):1034 UPDATE_0
12:30:58.344 (index):1093 WAITING_4
12:30:58.346 (index):1104 END_0
12:30:58.447 (index):1093 WAITING_16
12:30:58.544 (index):1093 WAITING_8
12:30:58.615 (index):1093 WAITING_14
12:30:58.616 (index):1093 WAITING_15
12:30:58.740 (index):1093 WAITING_13
12:30:59.021 (index):1093 WAITING_11
12:30:59.060 (index):1093 WAITING_9
12:30:59.061 (index):1093 WAITING_10
12:30:59.062 (index):1093 WAITING_12
12:30:59.164 (index):1070 NODEACCESSREQUESTED_5
12:30:59.166 (index):1093 WAITING_6
12:30:59.240 (index):1034 UPDATE_1
12:30:59.245 (index):1093 WAITING_7
12:30:59.341 (index):1009 NODEACCESSRELEASED_1
12:30:59.345 (index):1093 WAITING_4
12:30:59.448 (index):1093 WAITING_16
12:30:59.545 (index):1093 WAITING_8
12:30:59.616 (index):1093 WAITING_14
12:30:59.617 (index):1093 WAITING_15
12:30:59.742 (index):1093 WAITING_13
12:31:00.022 (index):1093 WAITING_11
12:31:00.061 (index):1034 UPDATE_9
12:31:00.062 (index):1093 WAITING_10
12:31:00.063 (index):1093 WAITING_12
12:31:00.163 (index):1025 THINKING_9
12:31:00.166 (index):1034 UPDATE_5
12:31:00.167 (index):1093 WAITING_6
12:31:00.246 (index):1093 WAITING_7
12:31:00.267 (index):1009 NODEACCESSRELEASED_5
12:31:00.343 (index):1070 NODEACCESSREQUESTED_1
12:31:00.346 (index):1093 WAITING_4
12:31:00.450 (index):1093 WAITING_16
12:31:00.546 (index):1093 WAITING_8
12:31:00.617 (index):1093 WAITING_14
12:31:00.619 (index):1093 WAITING_15
12:31:00.743 (index):1093 WAITING_13
12:31:01.023 (index):1093 WAITING_11
12:31:01.063 (index):1093 WAITING_10
12:31:01.065 (index):1093 WAITING_12
12:31:01.168 (index):1093 WAITING_6
12:31:01.247 (index):1093 WAITING_7
12:31:01.268 (index):1070 NODEACCESSREQUESTED_5
12:31:01.344 (index):1034 UPDATE_1
12:31:01.347 (index):1093 WAITING_4
12:31:01.445 (index):1104 END_1
12:31:01.451 (index):1093 WAITING_16
12:31:01.547 (index):1093 WAITING_8
12:31:01.619 (index):1093 WAITING_14
12:31:01.619 (index):1093 WAITING_15
12:31:01.744 (index):1093 WAITING_13
12:31:02.025 (index):1093 WAITING_11
12:31:02.065 (index):1093 WAITING_10
12:31:02.066 (index):1093 WAITING_12
12:31:02.169 (index):1093 WAITING_6
12:31:02.249 (index):1093 WAITING_7
12:31:02.269 (index):1034 UPDATE_5
12:31:02.348 (index):1093 WAITING_4
12:31:02.371 (index):1009 NODEACCESSRELEASED_5
12:31:02.452 (index):1093 WAITING_16
12:31:02.549 (index):1093 WAITING_8
12:31:02.620 (index):1093 WAITING_14
12:31:02.621 (index):1093 WAITING_15
12:31:02.745 (index):1093 WAITING_13
12:31:03.026 (index):1093 WAITING_11
12:31:03.066 (index):1093 WAITING_10
12:31:03.067 (index):1093 WAITING_12
12:31:03.170 (index):1093 WAITING_6
12:31:03.250 (index):1093 WAITING_7
12:31:03.349 (index):1093 WAITING_4
12:31:03.372 (index):1070 NODEACCESSREQUESTED_5
12:31:03.453 (index):1093 WAITING_16
12:31:03.550 (index):1093 WAITING_8
12:31:03.621 (index):1093 WAITING_14
12:31:03.622 (index):1093 WAITING_15
12:31:03.746 (index):1093 WAITING_13
12:31:04.027 (index):1093 WAITING_11
12:31:04.068 (index):1093 WAITING_10
12:31:04.069 (index):1093 WAITING_12
12:31:04.171 (index):1093 WAITING_6
12:31:04.251 (index):1093 WAITING_7
12:31:04.351 (index):1093 WAITING_4
12:31:04.373 (index):1034 UPDATE_5
12:31:04.455 (index):1093 WAITING_16
12:31:04.474 (index):1104 END_5
12:31:04.551 (index):1093 WAITING_8
12:31:04.623 (index):1093 WAITING_14
12:31:04.624 (index):1093 WAITING_15
12:31:04.675 (index):1034 UPDATE_9
12:31:04.748 (index):1093 WAITING_13
12:31:04.776 (index):1025 THINKING_9
12:31:05.029 (index):1093 WAITING_11
12:31:05.069 (index):1093 WAITING_10
12:31:05.070 (index):1093 WAITING_12
12:31:05.172 (index):1093 WAITING_6
12:31:05.252 (index):1093 WAITING_7
12:31:05.352 (index):1093 WAITING_4
12:31:05.456 (index):1093 WAITING_16
12:31:05.553 (index):1093 WAITING_8
12:31:05.624 (index):1093 WAITING_14
12:31:05.625 (index):1093 WAITING_15
12:31:05.750 (index):1093 WAITING_13
12:31:06.030 (index):1093 WAITING_11
12:31:06.070 (index):1093 WAITING_10
12:31:06.071 (index):1093 WAITING_12
12:31:06.174 (index):1093 WAITING_6
12:31:06.253 (index):1093 WAITING_7
12:31:06.353 (index):1093 WAITING_4
12:31:06.457 (index):1093 WAITING_16
12:31:06.554 (index):1093 WAITING_8
12:31:06.625 (index):1093 WAITING_14
12:31:06.626 (index):1093 WAITING_15
12:31:06.751 (index):1093 WAITING_13
12:31:07.031 (index):1093 WAITING_11
12:31:07.071 (index):1093 WAITING_10
12:31:07.072 (index):1093 WAITING_12
12:31:07.175 (index):1093 WAITING_6
12:31:07.183 (index):1034 UPDATE_9
12:31:07.254 (index):1093 WAITING_7
12:31:07.283 (index):1009 NODEACCESSRELEASED_9
12:31:07.354 (index):1093 WAITING_4
12:31:07.459 (index):1093 WAITING_16
12:31:07.555 (index):1093 WAITING_8
12:31:07.626 (index):1093 WAITING_14
12:31:07.627 (index):1093 WAITING_15
12:31:07.752 (index):1093 WAITING_13
12:31:08.033 (index):1093 WAITING_11
12:31:08.073 (index):1034 UPDATE_10
12:31:08.074 (index):1093 WAITING_12
12:31:08.174 (index):1025 THINKING_10
12:31:08.176 (index):1093 WAITING_6
12:31:08.255 (index):1093 WAITING_7
12:31:08.285 (index):1064 ATTRIBUTEACCESSREQUESTED_9
12:31:08.355 (index):1093 WAITING_4
12:31:08.460 (index):1093 WAITING_16
12:31:08.556 (index):1093 WAITING_8
12:31:08.627 (index):1093 WAITING_14
12:31:08.628 (index):1093 WAITING_15
12:31:08.753 (index):1093 WAITING_13
12:31:09.034 (index):1093 WAITING_11
12:31:09.075 (index):1093 WAITING_12
12:31:09.177 (index):1093 WAITING_6
12:31:09.256 (index):1093 WAITING_7
12:31:09.286 (index):1037 UPDATE_9
12:31:09.356 (index):1093 WAITING_4
12:31:09.387 (index):1013 ATTRIBUTEACCESSRELEASED_9
12:31:09.461 (index):1093 WAITING_16
12:31:09.557 (index):1093 WAITING_8
12:31:09.628 (index):1093 WAITING_14
12:31:09.630 (index):1093 WAITING_15
12:31:09.755 (index):1093 WAITING_13
12:31:10.035 (index):1093 WAITING_11
12:31:10.076 (index):1093 WAITING_12
12:31:10.178 (index):1093 WAITING_6
12:31:10.226 (index):1034 UPDATE_10
12:31:10.258 (index):1093 WAITING_7
12:31:10.328 (index):1009 NODEACCESSRELEASED_10
12:31:10.358 (index):1093 WAITING_4
12:31:10.388 (index):1064 ATTRIBUTEACCESSREQUESTED_9
12:31:10.462 (index):1093 WAITING_16
12:31:10.559 (index):1093 WAITING_8
12:31:10.630 (index):1093 WAITING_14
12:31:10.631 (index):1093 WAITING_15
12:31:10.756 (index):1093 WAITING_13
12:31:11.037 (index):1034 UPDATE_11
12:31:11.078 (index):1093 WAITING_12
12:31:11.138 (index):1009 NODEACCESSRELEASED_11
12:31:11.180 (index):1093 WAITING_6
12:31:11.260 (index):1093 WAITING_7
12:31:11.330 (index):1070 NODEACCESSREQUESTED_10
12:31:11.359 (index):1093 WAITING_4
12:31:11.389 (index):1037 UPDATE_9
12:31:11.463 (index):1093 WAITING_16
12:31:11.490 (index):1013 ATTRIBUTEACCESSRELEASED_9
12:31:11.560 (index):1093 WAITING_8
12:31:11.631 (index):1093 WAITING_14
12:31:11.632 (index):1093 WAITING_15
12:31:11.757 (index):1093 WAITING_13
12:31:12.079 (index):1034 UPDATE_12
12:31:12.139 (index):1070 NODEACCESSREQUESTED_11
12:31:12.180 (index):1009 NODEACCESSRELEASED_12
12:31:12.182 (index):1093 WAITING_6
12:31:12.261 (index):1093 WAITING_7
12:31:12.330 (index):1034 UPDATE_10
12:31:12.360 (index):1093 WAITING_4
12:31:12.432 (index):1025 THINKING_10
12:31:12.464 (index):1093 WAITING_16
12:31:12.491 (index):1070 NODEACCESSREQUESTED_9
12:31:12.561 (index):1034 UPDATE_8
12:31:12.632 (index):1093 WAITING_14
12:31:12.632 (index):1093 WAITING_15
12:31:12.662 (index):1025 THINKING_8
12:31:12.759 (index):1093 WAITING_13
12:31:13.141 (index):1034 UPDATE_11
12:31:13.182 (index):1070 NODEACCESSREQUESTED_12
12:31:13.183 (index):1093 WAITING_6
12:31:13.242 (index):1009 NODEACCESSRELEASED_11
12:31:13.262 (index):1093 WAITING_7
12:31:13.361 (index):1093 WAITING_4
12:31:13.465 (index):1093 WAITING_16
12:31:13.492 (index):1034 UPDATE_9
12:31:13.593 (index):1025 THINKING_9
12:31:13.633 (index):1093 WAITING_14
12:31:13.634 (index):1093 WAITING_15
12:31:13.760 (index):1093 WAITING_13
12:31:14.183 (index):1093 WAITING_12
12:31:14.184 (index):1093 WAITING_6
12:31:14.243 (index):1070 NODEACCESSREQUESTED_11
12:31:14.264 (index):1093 WAITING_7
12:31:14.362 (index):1093 WAITING_4
12:31:14.467 (index):1093 WAITING_16
12:31:14.634 (index):1093 WAITING_14
12:31:14.635 (index):1093 WAITING_15
12:31:14.761 (index):1093 WAITING_13
12:31:15.184 (index):1093 WAITING_12
12:31:15.186 (index):1093 WAITING_6
12:31:15.244 (index):1034 UPDATE_11
12:31:15.265 (index):1093 WAITING_7
12:31:15.346 (index):1025 THINKING_11
12:31:15.362 (index):1093 WAITING_4
12:31:15.409 (index):1034 UPDATE_10
12:31:15.468 (index):1093 WAITING_16
12:31:15.510 (index):1009 NODEACCESSRELEASED_10
12:31:15.635 (index):1093 WAITING_14
12:31:15.636 (index):1093 WAITING_15
12:31:15.762 (index):1093 WAITING_13
12:31:15.959 (index):1034 UPDATE_8
12:31:16.060 (index):1009 NODEACCESSRELEASED_8
12:31:16.186 (index):1093 WAITING_12
12:31:16.187 (index):1093 WAITING_6
12:31:16.266 (index):1093 WAITING_7
12:31:16.364 (index):1093 WAITING_4
12:31:16.469 (index):1093 WAITING_16
12:31:16.512 (index):1070 NODEACCESSREQUESTED_10
12:31:16.636 (index):1034 UPDATE_14
12:31:16.638 (index):1093 WAITING_15
12:31:16.705 (index):1034 UPDATE_9
12:31:16.738 (index):1025 THINKING_14
12:31:16.764 (index):1093 WAITING_13
12:31:16.806 (index):1009 NODEACCESSRELEASED_9
12:31:17.061 (index):1070 NODEACCESSREQUESTED_8
12:31:17.187 (index):1093 WAITING_12
12:31:17.188 (index):1093 WAITING_6
12:31:17.267 (index):1093 WAITING_7
12:31:17.365 (index):1093 WAITING_4
12:31:17.470 (index):1093 WAITING_16
12:31:17.513 (index):1034 UPDATE_10
12:31:17.614 (index):1025 THINKING_10
12:31:17.639 (index):1093 WAITING_15
12:31:17.765 (index):1093 WAITING_13
12:31:17.807 (index):1070 NODEACCESSREQUESTED_9
12:31:18.063 (index):1034 UPDATE_8
12:31:18.164 (index):1009 NODEACCESSRELEASED_8
12:31:18.188 (index):1093 WAITING_12
12:31:18.190 (index):1093 WAITING_6
12:31:18.268 (index):1093 WAITING_7
12:31:18.366 (index):1093 WAITING_4
12:31:18.472 (index):1093 WAITING_16
12:31:18.640 (index):1093 WAITING_15
12:31:18.766 (index):1093 WAITING_13
12:31:18.808 (index):1093 WAITING_9
12:31:19.166 (index):1070 NODEACCESSREQUESTED_8
12:31:19.190 (index):1093 WAITING_12
12:31:19.190 (index):1093 WAITING_6
12:31:19.270 (index):1093 WAITING_7
12:31:19.367 (index):1093 WAITING_4
12:31:19.473 (index):1093 WAITING_16
12:31:19.624 (index):1034 UPDATE_11
12:31:19.642 (index):1093 WAITING_15
12:31:19.725 (index):1009 NODEACCESSRELEASED_11
12:31:19.739 (index):1034 UPDATE_14
12:31:19.768 (index):1093 WAITING_13
12:31:19.809 (index):1093 WAITING_9
12:31:19.840 (index):1009 NODEACCESSRELEASED_14
12:31:20.167 (index):1034 UPDATE_8
12:31:20.191 (index):1093 WAITING_12
12:31:20.192 (index):1093 WAITING_6
12:31:20.268 (index):1009 NODEACCESSRELEASED_8
12:31:20.271 (index):1093 WAITING_7
12:31:20.368 (index):1093 WAITING_4
12:31:20.474 (index):1093 WAITING_16
12:31:20.643 (index):1093 WAITING_15
12:31:20.727 (index):1064 ATTRIBUTEACCESSREQUESTED_11
12:31:20.769 (index):1034 UPDATE_13
12:31:20.811 (index):1093 WAITING_9
12:31:20.842 (index):1070 NODEACCESSREQUESTED_14
12:31:20.870 (index):1009 NODEACCESSRELEASED_13
12:31:21.192 (index):1093 WAITING_12
12:31:21.193 (index):1093 WAITING_6
12:31:21.269 (index):1070 NODEACCESSREQUESTED_8
12:31:21.272 (index):1093 WAITING_7
12:31:21.369 (index):1093 WAITING_4
12:31:21.476 (index):1093 WAITING_16
12:31:21.644 (index):1034 UPDATE_15
12:31:21.728 (index):1037 UPDATE_11
12:31:21.745 (index):1009 NODEACCESSRELEASED_15
12:31:21.812 (index):1093 WAITING_9
12:31:21.829 (index):1013 ATTRIBUTEACCESSRELEASED_11
12:31:21.842 (index):1034 UPDATE_14
12:31:21.871 (index):1064 ATTRIBUTEACCESSREQUESTED_13
12:31:21.944 (index):1009 NODEACCESSRELEASED_14
12:31:22.193 (index):1093 WAITING_12
12:31:22.194 (index):1093 WAITING_6
12:31:22.270 (index):1034 UPDATE_8
12:31:22.272 (index):1093 WAITING_7
12:31:22.278 (index):1034 UPDATE_10
12:31:22.371 (index):1093 WAITING_4
12:31:22.372 (index):1009 NODEACCESSRELEASED_8
12:31:22.379 (index):1009 NODEACCESSRELEASED_10
12:31:22.477 (index):1034 UPDATE_16
12:31:22.578 (index):1009 NODEACCESSRELEASED_16
12:31:22.746 (index):1064 ATTRIBUTEACCESSREQUESTED_15
12:31:22.813 (index):1093 WAITING_9
12:31:22.831 (index):1064 ATTRIBUTEACCESSREQUESTED_11
12:31:22.873 (index):1037 UPDATE_13
12:31:22.944 (index):1070 NODEACCESSREQUESTED_14
12:31:22.974 (index):1013 ATTRIBUTEACCESSRELEASED_13
12:31:23.194 (index):1093 WAITING_12
12:31:23.195 (index):1093 WAITING_6
12:31:23.273 (index):1034 UPDATE_7
12:31:23.372 (index):1093 WAITING_4
12:31:23.373 (index):1070 NODEACCESSREQUESTED_8
12:31:23.375 (index):1025 THINKING_7
12:31:23.380 (index):1070 NODEACCESSREQUESTED_10
12:31:23.579 (index):1064 ATTRIBUTEACCESSREQUESTED_16
12:31:23.747 (index):1037 UPDATE_15
12:31:23.814 (index):1093 WAITING_9
12:31:23.832 (index):1037 UPDATE_11
12:31:23.848 (index):1025 THINKING_15
12:31:23.933 (index):1013 ATTRIBUTEACCESSRELEASED_11
12:31:23.946 (index):1034 UPDATE_14
12:31:23.975 (index):1064 ATTRIBUTEACCESSREQUESTED_13
12:31:24.047 (index):1009 NODEACCESSRELEASED_14
12:31:24.196 (index):1093 WAITING_12
12:31:24.197 (index):1093 WAITING_6
12:31:24.373 (index):1093 WAITING_4
12:31:24.375 (index):1034 UPDATE_8
12:31:24.382 (index):1034 UPDATE_10
12:31:24.476 (index):1009 NODEACCESSRELEASED_8
12:31:24.483 (index):1025 THINKING_10
12:31:24.580 (index):1037 UPDATE_16
12:31:24.682 (index):1013 ATTRIBUTEACCESSRELEASED_16
12:31:24.815 (index):1093 WAITING_9
12:31:24.934 (index):1070 NODEACCESSREQUESTED_11
12:31:24.976 (index):1093 WAITING_13
12:31:25.048 (index):1070 NODEACCESSREQUESTED_14
12:31:25.197 (index):1093 WAITING_12
12:31:25.198 (index):1093 WAITING_6
12:31:25.375 (index):1093 WAITING_4
12:31:25.477 (index):1064 ATTRIBUTEACCESSREQUESTED_8
12:31:25.546 (index):1034 UPDATE_7
12:31:25.648 (index):1009 NODEACCESSRELEASED_7
12:31:25.683 (index):1064 ATTRIBUTEACCESSREQUESTED_16
12:31:25.817 (index):1093 WAITING_9
12:31:25.935 (index):1034 UPDATE_11
12:31:25.978 (index):1093 WAITING_13
12:31:26.037 (index):1025 THINKING_11
12:31:26.049 (index):1034 UPDATE_14
12:31:26.150 (index):1009 NODEACCESSRELEASED_14
12:31:26.198 (index):1093 WAITING_12
12:31:26.199 (index):1034 UPDATE_6
12:31:26.300 (index):1009 NODEACCESSRELEASED_6
12:31:26.376 (index):1034 UPDATE_4
12:31:26.477 (index):1009 NODEACCESSRELEASED_4
12:31:26.478 (index):1037 UPDATE_8
12:31:26.579 (index):1013 ATTRIBUTEACCESSRELEASED_8
12:31:26.649 (index):1064 ATTRIBUTEACCESSREQUESTED_7
12:31:26.684 (index):1037 UPDATE_16
12:31:26.786 (index):1025 THINKING_16
12:31:26.818 (index):1093 WAITING_9
12:31:26.979 (index):1093 WAITING_13
12:31:27.151 (index):1070 NODEACCESSREQUESTED_14
12:31:27.199 (index):1093 WAITING_12
12:31:27.301 (index):1064 ATTRIBUTEACCESSREQUESTED_6
12:31:27.478 (index):1064 ATTRIBUTEACCESSREQUESTED_4
12:31:27.581 (index):1070 NODEACCESSREQUESTED_8
12:31:27.650 (index):1093 WAITING_7
12:31:27.819 (index):1093 WAITING_9
12:31:27.980 (index):1093 WAITING_13
12:31:28.153 (index):1034 UPDATE_14
12:31:28.198 (index):1037 UPDATE_15
12:31:28.200 (index):1093 WAITING_12
12:31:28.254 (index):1025 THINKING_14
12:31:28.268 (index):1034 UPDATE_10
12:31:28.299 (index):1025 THINKING_15
12:31:28.302 (index):1037 UPDATE_6
12:31:28.369 (index):1009 NODEACCESSRELEASED_10
12:31:28.403 (index):1025 THINKING_6
12:31:28.480 (index):1093 WAITING_4
12:31:28.582 (index):1034 UPDATE_8
12:31:28.651 (index):1093 WAITING_7
12:31:28.683 (index):1104 END_8
12:31:28.820 (index):1093 WAITING_9
12:31:28.981 (index):1093 WAITING_13
12:31:29.201 (index):1093 WAITING_12
12:31:29.371 (index):1070 NODEACCESSREQUESTED_10
12:31:29.421 (index):1034 UPDATE_11
12:31:29.481 (index):1093 WAITING_4
12:31:29.522 (index):1009 NODEACCESSRELEASED_11
12:31:29.652 (index):1093 WAITING_7
12:31:29.821 (index):1093 WAITING_9
12:31:29.983 (index):1093 WAITING_13
12:31:30.203 (index):1093 WAITING_12
12:31:30.372 (index):1034 UPDATE_10
12:31:30.432 (index):1037 UPDATE_15
12:31:30.473 (index):1025 THINKING_10
12:31:30.482 (index):1093 WAITING_4
12:31:30.484 (index):1034 UPDATE_14
12:31:30.524 (index):1070 NODEACCESSREQUESTED_11
12:31:30.534 (index):1013 ATTRIBUTEACCESSRELEASED_15
12:31:30.585 (index):1009 NODEACCESSRELEASED_14
12:31:30.653 (index):1093 WAITING_7
12:31:30.674 (index):1037 UPDATE_6
12:31:30.775 (index):1025 THINKING_6
12:31:30.813 (index):1037 UPDATE_16
12:31:30.822 (index):1093 WAITING_9
12:31:30.914 (index):1025 THINKING_16
12:31:30.984 (index):1037 UPDATE_13
12:31:31.085 (index):1013 ATTRIBUTEACCESSRELEASED_13
12:31:31.204 (index):1093 WAITING_12
12:31:31.483 (index):1093 WAITING_4
12:31:31.525 (index):1034 UPDATE_11
12:31:31.535 (index):1070 NODEACCESSREQUESTED_15
12:31:31.587 (index):1070 NODEACCESSREQUESTED_14
12:31:31.626 (index):1009 NODEACCESSRELEASED_11
12:31:31.654 (index):1093 WAITING_7
12:31:31.824 (index):1093 WAITING_9
12:31:32.086 (index):1070 NODEACCESSREQUESTED_13
12:31:32.205 (index):1093 WAITING_12
12:31:32.485 (index):1093 WAITING_4
12:31:32.536 (index):1034 UPDATE_15
12:31:32.588 (index):1034 UPDATE_14
12:31:32.627 (index):1064 ATTRIBUTEACCESSREQUESTED_11
12:31:32.637 (index):1025 THINKING_15
12:31:32.655 (index):1093 WAITING_7
12:31:32.689 (index):1009 NODEACCESSRELEASED_14
12:31:32.825 (index):1093 WAITING_9
12:31:33.088 (index):1034 UPDATE_13
12:31:33.189 (index):1009 NODEACCESSRELEASED_13
12:31:33.207 (index):1093 WAITING_12
12:31:33.486 (index):1093 WAITING_4
12:31:33.543 (index):1037 UPDATE_16
12:31:33.628 (index):1037 UPDATE_11
12:31:33.644 (index):1025 THINKING_16
12:31:33.657 (index):1093 WAITING_7
12:31:33.691 (index):1064 ATTRIBUTEACCESSREQUESTED_14
12:31:33.729 (index):1025 THINKING_11
12:31:33.731 (index):1037 UPDATE_6
12:31:33.826 (index):1093 WAITING_9
12:31:33.832 (index):1013 ATTRIBUTEACCESSRELEASED_6
12:31:34.190 (index):1070 NODEACCESSREQUESTED_13
12:31:34.208 (index):1093 WAITING_12
12:31:34.487 (index):1037 UPDATE_4
12:31:34.588 (index):1025 THINKING_4
12:31:34.658 (index):1093 WAITING_7
12:31:34.691 (index):1093 WAITING_14
12:31:34.827 (index):1093 WAITING_9
12:31:34.833 (index):1070 NODEACCESSREQUESTED_6
12:31:35.192 (index):1034 UPDATE_13
12:31:35.209 (index):1093 WAITING_12
12:31:35.293 (index):1009 NODEACCESSRELEASED_13
12:31:35.358 (index):1034 UPDATE_10
12:31:35.402 (index):1034 UPDATE_15
12:31:35.459 (index):1009 NODEACCESSRELEASED_10
12:31:35.503 (index):1025 THINKING_15
12:31:35.659 (index):1093 WAITING_7
12:31:35.693 (index):1093 WAITING_14
12:31:35.828 (index):1093 WAITING_9
12:31:35.834 (index):1034 UPDATE_6
12:31:35.935 (index):1009 NODEACCESSRELEASED_6
12:31:36.075 (index):1037 UPDATE_16
12:31:36.176 (index):1013 ATTRIBUTEACCESSRELEASED_16
12:31:36.210 (index):1093 WAITING_12
12:31:36.294 (index):1070 NODEACCESSREQUESTED_13
12:31:36.460 (index):1064 ATTRIBUTEACCESSREQUESTED_10
12:31:36.660 (index):1037 UPDATE_7
12:31:36.694 (index):1093 WAITING_14
12:31:36.761 (index):1025 THINKING_7
12:31:36.829 (index):1093 WAITING_9
12:31:36.894 (index):1037 UPDATE_11
12:31:36.936 (index):1070 NODEACCESSREQUESTED_6
12:31:36.995 (index):1104 END_11
12:31:37.027 (index):1037 UPDATE_4
12:31:37.128 (index):1013 ATTRIBUTEACCESSRELEASED_4
12:31:37.177 (index):1070 NODEACCESSREQUESTED_16
12:31:37.211 (index):1093 WAITING_12
12:31:37.296 (index):1034 UPDATE_13
12:31:37.397 (index):1009 NODEACCESSRELEASED_13
12:31:37.461 (index):1037 UPDATE_10
12:31:37.562 (index):1013 ATTRIBUTEACCESSRELEASED_10
12:31:37.695 (index):1037 UPDATE_14
12:31:37.796 (index):1025 THINKING_14
12:31:37.830 (index):1093 WAITING_9
12:31:37.937 (index):1034 UPDATE_6
12:31:38.038 (index):1009 NODEACCESSRELEASED_6
12:31:38.109 (index):1034 UPDATE_15
12:31:38.129 (index):1064 ATTRIBUTEACCESSREQUESTED_4
12:31:38.179 (index):1034 UPDATE_16
12:31:38.210 (index):1009 NODEACCESSRELEASED_15
12:31:38.212 (index):1093 WAITING_12
12:31:38.280 (index):1025 THINKING_16
12:31:38.398 (index):1070 NODEACCESSREQUESTED_13
12:31:38.563 (index):1064 ATTRIBUTEACCESSREQUESTED_10
12:31:38.831 (index):1093 WAITING_9
12:31:39.039 (index):1064 ATTRIBUTEACCESSREQUESTED_6
12:31:39.131 (index):1093 WAITING_4
12:31:39.212 (index):1064 ATTRIBUTEACCESSREQUESTED_15
12:31:39.214 (index):1093 WAITING_12
12:31:39.399 (index):1034 UPDATE_13
12:31:39.500 (index):1009 NODEACCESSRELEASED_13
12:31:39.564 (index):1093 WAITING_10
12:31:39.832 (index):1093 WAITING_9
12:31:40.041 (index):1093 WAITING_6
12:31:40.132 (index):1093 WAITING_4
12:31:40.213 (index):1037 UPDATE_15
12:31:40.215 (index):1093 WAITING_12
12:31:40.314 (index):1025 THINKING_15
12:31:40.501 (index):1070 NODEACCESSREQUESTED_13
12:31:40.566 (index):1093 WAITING_10
12:31:40.834 (index):1093 WAITING_9
12:31:40.994 (index):1037 UPDATE_14
12:31:41.042 (index):1093 WAITING_6
12:31:41.096 (index):1025 THINKING_14
12:31:41.133 (index):1093 WAITING_4
12:31:41.216 (index):1093 WAITING_12
12:31:41.399 (index):1037 UPDATE_7
12:31:41.501 (index):1013 ATTRIBUTEACCESSRELEASED_7
12:31:41.503 (index):1034 UPDATE_13
12:31:41.567 (index):1037 UPDATE_10
12:31:41.604 (index):1009 NODEACCESSRELEASED_13
12:31:41.668 (index):1013 ATTRIBUTEACCESSRELEASED_10
12:31:41.835 (index):1093 WAITING_9
12:31:42.043 (index):1037 UPDATE_6
12:31:42.135 (index):1093 WAITING_4
12:31:42.145 (index):1013 ATTRIBUTEACCESSRELEASED_6
12:31:42.217 (index):1093 WAITING_12
12:31:42.502 (index):1070 NODEACCESSREQUESTED_7
12:31:42.605 (index):1070 NODEACCESSREQUESTED_13
12:31:42.670 (index):1070 NODEACCESSREQUESTED_10
12:31:42.836 (index):1093 WAITING_9
12:31:42.872 (index):1034 UPDATE_16
12:31:42.974 (index):1009 NODEACCESSRELEASED_16
12:31:43.136 (index):1093 WAITING_4
12:31:43.146 (index):1070 NODEACCESSREQUESTED_6
12:31:43.218 (index):1093 WAITING_12
12:31:43.503 (index):1034 UPDATE_7
12:31:43.605 (index):1009 NODEACCESSRELEASED_7
12:31:43.606 (index):1034 UPDATE_13
12:31:43.671 (index):1034 UPDATE_10
12:31:43.707 (index):1104 END_13
12:31:43.772 (index):1104 END_10
12:31:43.838 (index):1093 WAITING_9
12:31:43.975 (index):1070 NODEACCESSREQUESTED_16
12:31:44.137 (index):1093 WAITING_4
12:31:44.147 (index):1034 UPDATE_6
12:31:44.219 (index):1093 WAITING_12
12:31:44.248 (index):1009 NODEACCESSRELEASED_6
12:31:44.602 (index):1037 UPDATE_15
12:31:44.606 (index):1070 NODEACCESSREQUESTED_7
12:31:44.703 (index):1013 ATTRIBUTEACCESSRELEASED_15
12:31:44.839 (index):1093 WAITING_9
12:31:44.975 (index):1034 UPDATE_16
12:31:45.077 (index):1025 THINKING_16
12:31:45.138 (index):1093 WAITING_4
12:31:45.169 (index):1037 UPDATE_14
12:31:45.220 (index):1093 WAITING_12
12:31:45.249 (index):1070 NODEACCESSREQUESTED_6
12:31:45.270 (index):1013 ATTRIBUTEACCESSRELEASED_14
12:31:45.607 (index):1034 UPDATE_7
12:31:45.704 (index):1070 NODEACCESSREQUESTED_15
12:31:45.708 (index):1009 NODEACCESSRELEASED_7
12:31:45.840 (index):1093 WAITING_9
12:31:46.140 (index):1037 UPDATE_4
12:31:46.221 (index):1093 WAITING_12
12:31:46.241 (index):1025 THINKING_4
12:31:46.250 (index):1034 UPDATE_6
12:31:46.272 (index):1064 ATTRIBUTEACCESSREQUESTED_14
12:31:46.351 (index):1104 END_6
12:31:46.705 (index):1034 UPDATE_15
12:31:46.710 (index):1064 ATTRIBUTEACCESSREQUESTED_7
12:31:46.806 (index):1025 THINKING_15
12:31:46.842 (index):1093 WAITING_9
12:31:47.222 (index):1093 WAITING_12
12:31:47.273 (index):1037 UPDATE_14
12:31:47.373 (index):1104 END_14
12:31:47.711 (index):1037 UPDATE_7
12:31:47.810 (index):1034 UPDATE_16
12:31:47.812 (index):1013 ATTRIBUTEACCESSRELEASED_7
12:31:47.843 (index):1093 WAITING_9
12:31:47.911 (index):1009 NODEACCESSRELEASED_16
12:31:48.224 (index):1093 WAITING_12
12:31:48.814 (index):1070 NODEACCESSREQUESTED_7
12:31:48.844 (index):1093 WAITING_9
12:31:48.912 (index):1070 NODEACCESSREQUESTED_16
12:31:49.225 (index):1093 WAITING_12
12:31:49.814 (index):1034 UPDATE_7
12:31:49.845 (index):1093 WAITING_9
12:31:49.913 (index):1034 UPDATE_16
12:31:49.916 (index):1009 NODEACCESSRELEASED_7
12:31:50.014 (index):1009 NODEACCESSRELEASED_16
12:31:50.226 (index):1093 WAITING_12
12:31:50.450 (index):1037 UPDATE_4
12:31:50.551 (index):1025 THINKING_4
12:31:50.597 (index):1034 UPDATE_15
12:31:50.699 (index):1009 NODEACCESSRELEASED_15
12:31:50.846 (index):1093 WAITING_9
12:31:50.917 (index):1064 ATTRIBUTEACCESSREQUESTED_7
12:31:51.016 (index):1064 ATTRIBUTEACCESSREQUESTED_16
12:31:51.228 (index):1034 UPDATE_12
12:31:51.329 (index):1009 NODEACCESSRELEASED_12
12:31:51.700 (index):1070 NODEACCESSREQUESTED_15
12:31:51.847 (index):1034 UPDATE_9
12:31:51.918 (index):1037 UPDATE_7
12:31:51.949 (index):1009 NODEACCESSRELEASED_9
12:31:52.017 (index):1093 WAITING_16
12:31:52.020 (index):1025 THINKING_7
12:31:52.331 (index):1064 ATTRIBUTEACCESSREQUESTED_12
12:31:52.701 (index):1034 UPDATE_15
12:31:52.803 (index):1104 END_15
12:31:52.950 (index):1064 ATTRIBUTEACCESSREQUESTED_9
12:31:53.018 (index):1093 WAITING_16
12:31:53.332 (index):1093 WAITING_12
12:31:53.951 (index):1037 UPDATE_9
12:31:54.020 (index):1093 WAITING_16
12:31:54.053 (index):1025 THINKING_9
12:31:54.333 (index):1093 WAITING_12
12:31:54.510 (index):1037 UPDATE_4
12:31:54.611 (index):1025 THINKING_4
12:31:55.020 (index):1093 WAITING_16
12:31:55.335 (index):1093 WAITING_12
12:31:55.455 (index):1037 UPDATE_7
12:31:55.557 (index):1013 ATTRIBUTEACCESSRELEASED_7
12:31:56.022 (index):1037 UPDATE_16
12:31:56.123 (index):1104 END_16
12:31:56.336 (index):1037 UPDATE_12
12:31:56.437 (index):1025 THINKING_12
12:31:56.558 (index):1070 NODEACCESSREQUESTED_7
12:31:57.378 (index):1037 UPDATE_4
12:31:57.479 (index):1013 ATTRIBUTEACCESSRELEASED_4
12:31:57.559 (index):1034 UPDATE_7
12:31:57.660 (index):1104 END_7
12:31:57.676 (index):1037 UPDATE_9
12:31:57.777 (index):1013 ATTRIBUTEACCESSRELEASED_9
12:31:58.480 (index):1070 NODEACCESSREQUESTED_4
12:31:58.778 (index):1064 ATTRIBUTEACCESSREQUESTED_9
12:31:59.482 (index):1034 UPDATE_4
12:31:59.583 (index):1009 NODEACCESSRELEASED_4
12:31:59.780 (index):1093 WAITING_9
12:32:00.585 (index):1070 NODEACCESSREQUESTED_4
12:32:00.781 (index):1093 WAITING_9
12:32:01.096 (index):1037 UPDATE_12
12:32:01.198 (index):1013 ATTRIBUTEACCESSRELEASED_12
12:32:01.586 (index):1034 UPDATE_4
12:32:01.687 (index):1025 THINKING_4
12:32:01.782 (index):1037 UPDATE_9
12:32:01.884 (index):1013 ATTRIBUTEACCESSRELEASED_9
12:32:02.199 (index):1064 ATTRIBUTEACCESSREQUESTED_12
12:32:02.885 (index):1070 NODEACCESSREQUESTED_9
12:32:03.200 (index):1037 UPDATE_12
12:32:03.302 (index):1013 ATTRIBUTEACCESSRELEASED_12
12:32:03.886 (index):1034 UPDATE_9
12:32:03.988 (index):1009 NODEACCESSRELEASED_9
12:32:04.303 (index):1064 ATTRIBUTEACCESSREQUESTED_12
12:32:04.989 (index):1070 NODEACCESSREQUESTED_9
12:32:05.304 (index):1037 UPDATE_12
12:32:05.406 (index):1013 ATTRIBUTEACCESSRELEASED_12
12:32:05.990 (index):1034 UPDATE_9
12:32:06.077 (index):1034 UPDATE_4
12:32:06.092 (index):1104 END_9
12:32:06.179 (index):1104 END_4
12:32:06.407 (index):1064 ATTRIBUTEACCESSREQUESTED_12
12:32:07.408 (index):1037 UPDATE_12
12:32:07.509 (index):1013 ATTRIBUTEACCESSRELEASED_12
12:32:08.511 (index):1064 ATTRIBUTEACCESSREQUESTED_12
12:32:09.512 (index):1037 UPDATE_12
12:32:09.614 (index):1013 ATTRIBUTEACCESSRELEASED_12
12:32:10.615 (index):1070 NODEACCESSREQUESTED_12
12:32:11.616 (index):1034 UPDATE_12
12:32:11.718 (index):1009 NODEACCESSRELEASED_12
12:32:12.719 (index):1070 NODEACCESSREQUESTED_12
12:32:13.720 (index):1034 UPDATE_12
12:32:13.822 (index):1025 THINKING_12
12:32:17.198 (index):1034 UPDATE_12
12:32:17.299 (index):1009 NODEACCESSRELEASED_12
12:32:18.301 (index):1064 ATTRIBUTEACCESSREQUESTED_12
12:32:19.302 (index):1037 UPDATE_12
12:32:19.403 (index):1013 ATTRIBUTEACCESSRELEASED_12
12:32:20.405 (index):1064 ATTRIBUTEACCESSREQUESTED_12
12:32:21.406 (index):1037 UPDATE_12
12:32:21.507 (index):1104 END_12
