12:19:27.591 (index):1339 Tasks: 25; Collaborators: 12    =========================>
12:19:27.591 (index):1064 ATTRIBUTEACCESSREQUESTED_0
12:19:27.592 (index):1070 NODEACCESSREQUESTED_1
12:19:27.593 (index):1070 NODEACCESSREQUESTED_2
12:19:27.594 (index):1064 ATTRIBUTEACCESSREQUESTED_3
12:19:27.594 (index):1064 ATTRIBUTEACCESSREQUESTED_4
12:19:27.595 (index):1070 NODEACCESSREQUESTED_5
12:19:27.595 (index):1070 NODEACCESSREQUESTED_6
12:19:27.596 (index):1064 ATTRIBUTEACCESSREQUESTED_7
12:19:27.596 (index):1070 NODEACCESSREQUESTED_8
12:19:27.596 (index):1070 NODEACCESSREQUESTED_9
12:19:27.597 (index):1070 NODEACCESSREQUESTED_10
12:19:27.597 (index):1070 NODEACCESSREQUESTED_11
12:19:28.593 (index):1025 THINKING_0
12:19:28.594 (index):1025 THINKING_1
12:19:28.595 (index):1009 NODEACCESSRELEASED_2
12:19:28.596 (index):1093 WAITING_3
12:19:28.597 (index):1093 WAITING_4
12:19:28.598 (index):1009 NODEACCESSRELEASED_5
12:19:28.599 (index):1025 THINKING_6
12:19:28.600 (index):1013 ATTRIBUTEACCESSRELEASED_7
12:19:28.601 (index):1093 WAITING_8
12:19:28.602 (index):1093 WAITING_9
12:19:28.602 (index):1093 WAITING_10
12:19:28.603 (index):1093 WAITING_11
12:19:29.597 (index):1070 NODEACCESSREQUESTED_2
12:19:29.598 (index):1093 WAITING_3
12:19:29.599 (index):1093 WAITING_4
12:19:29.600 (index):1070 NODEACCESSREQUESTED_5
12:19:29.601 (index):1064 ATTRIBUTEACCESSREQUESTED_7
12:19:29.603 (index):1093 WAITING_8
12:19:29.604 (index):1093 WAITING_9
12:19:29.605 (index):1093 WAITING_10
12:19:29.606 (index):1093 WAITING_11
12:19:30.598 (index):1034 UPDATE_2
12:19:30.599 (index):1093 WAITING_3
12:19:30.600 (index):1093 WAITING_4
12:19:30.601 (index):1034 UPDATE_5
12:19:30.603 (index):1037 UPDATE_7
12:19:30.604 (index):1093 WAITING_8
12:19:30.605 (index):1093 WAITING_9
12:19:30.606 (index):1093 WAITING_10
12:19:30.607 (index):1093 WAITING_11
12:19:30.699 (index):1009 NODEACCESSRELEASED_2
12:19:30.702 (index):1025 THINKING_5
12:19:30.704 (index):1013 ATTRIBUTEACCESSRELEASED_7
12:19:31.317 (index):1034 UPDATE_6
12:19:31.419 (index):1009 NODEACCESSRELEASED_6
12:19:31.540 (index):1034 UPDATE_1
12:19:31.600 (index):1093 WAITING_3
12:19:31.601 (index):1093 WAITING_4
12:19:31.605 (index):1093 WAITING_8
12:19:31.606 (index):1093 WAITING_9
12:19:31.606 (index):1093 WAITING_10
12:19:31.607 (index):1093 WAITING_11
12:19:31.641 (index):1009 NODEACCESSRELEASED_1
12:19:31.701 (index):1070 NODEACCESSREQUESTED_2
12:19:31.705 (index):1070 NODEACCESSREQUESTED_7
12:19:32.421 (index):1064 ATTRIBUTEACCESSREQUESTED_6
12:19:32.602 (index):1093 WAITING_3
12:19:32.603 (index):1093 WAITING_4
12:19:32.606 (index):1093 WAITING_8
12:19:32.607 (index):1093 WAITING_9
12:19:32.608 (index):1093 WAITING_10
12:19:32.609 (index):1093 WAITING_11
12:19:32.642 (index):1070 NODEACCESSREQUESTED_1
12:19:32.702 (index):1034 UPDATE_2
12:19:32.706 (index):1034 UPDATE_7
12:19:32.804 (index):1009 NODEACCESSRELEASED_2
12:19:32.807 (index):1009 NODEACCESSRELEASED_7
12:19:32.942 (index):1037 UPDATE_0
12:19:33.043 (index):1013 ATTRIBUTEACCESSRELEASED_0
12:19:33.117 (index):1034 UPDATE_5
12:19:33.219 (index):1009 NODEACCESSRELEASED_5
12:19:33.422 (index):1037 UPDATE_6
12:19:33.523 (index):1013 ATTRIBUTEACCESSRELEASED_6
12:19:33.603 (index):1013 ATTRIBUTEACCESSRELEASED_3
12:19:33.604 (index):1013 ATTRIBUTEACCESSRELEASED_4
12:19:33.607 (index):1093 WAITING_8
12:19:33.608 (index):1093 WAITING_9
12:19:33.609 (index):1093 WAITING_10
12:19:33.610 (index):1093 WAITING_11
12:19:33.643 (index):1034 UPDATE_1
12:19:33.744 (index):1025 THINKING_1
12:19:33.805 (index):1064 ATTRIBUTEACCESSREQUESTED_2
12:19:33.808 (index):1070 NODEACCESSREQUESTED_7
12:19:34.044 (index):1064 ATTRIBUTEACCESSREQUESTED_0
12:19:34.220 (index):1070 NODEACCESSREQUESTED_5
12:19:34.524 (index):1070 NODEACCESSREQUESTED_6
12:19:34.604 (index):1064 ATTRIBUTEACCESSREQUESTED_3
12:19:34.606 (index):1064 ATTRIBUTEACCESSREQUESTED_4
12:19:34.608 (index):1093 WAITING_8
12:19:34.609 (index):1093 WAITING_9
12:19:34.610 (index):1093 WAITING_10
12:19:34.612 (index):1093 WAITING_11
12:19:34.806 (index):1037 UPDATE_2
12:19:34.809 (index):1034 UPDATE_7
12:19:34.907 (index):1025 THINKING_2
12:19:34.910 (index):1025 THINKING_7
12:19:35.045 (index):1037 UPDATE_0
12:19:35.147 (index):1013 ATTRIBUTEACCESSRELEASED_0
12:19:35.221 (index):1034 UPDATE_5
12:19:35.322 (index):1025 THINKING_5
12:19:35.525 (index):1034 UPDATE_6
12:19:35.606 (index):1037 UPDATE_3
12:19:35.607 (index):1093 WAITING_4
12:19:35.609 (index):1093 WAITING_8
12:19:35.610 (index):1093 WAITING_9
12:19:35.612 (index):1093 WAITING_10
12:19:35.613 (index):1093 WAITING_11
12:19:35.626 (index):1009 NODEACCESSRELEASED_6
12:19:35.707 (index):1013 ATTRIBUTEACCESSRELEASED_3
12:19:36.148 (index):1070 NODEACCESSREQUESTED_0
12:19:36.608 (index):1037 UPDATE_4
12:19:36.609 (index):1093 WAITING_8
12:19:36.611 (index):1093 WAITING_9
12:19:36.613 (index):1093 WAITING_10
12:19:36.614 (index):1093 WAITING_11
12:19:36.627 (index):1070 NODEACCESSREQUESTED_6
12:19:36.708 (index):1070 NODEACCESSREQUESTED_3
12:19:36.710 (index):1013 ATTRIBUTEACCESSRELEASED_4
12:19:37.082 (index):1034 UPDATE_7
12:19:37.149 (index):1034 UPDATE_0
12:19:37.183 (index):1009 NODEACCESSRELEASED_7
12:19:37.251 (index):1025 THINKING_0
12:19:37.293 (index):1034 UPDATE_1
12:19:37.394 (index):1025 THINKING_1
12:19:37.611 (index):1093 WAITING_8
12:19:37.612 (index):1093 WAITING_9
12:19:37.614 (index):1093 WAITING_10
12:19:37.615 (index):1093 WAITING_11
12:19:37.626 (index):1037 UPDATE_2
12:19:37.628 (index):1093 WAITING_6
12:19:37.710 (index):1093 WAITING_3
12:19:37.711 (index):1070 NODEACCESSREQUESTED_4
12:19:37.727 (index):1013 ATTRIBUTEACCESSRELEASED_2
12:19:38.185 (index):1064 ATTRIBUTEACCESSREQUESTED_7
12:19:38.462 (index):1034 UPDATE_5
12:19:38.564 (index):1009 NODEACCESSRELEASED_5
12:19:38.612 (index):1093 WAITING_8
12:19:38.614 (index):1093 WAITING_9
12:19:38.615 (index):1093 WAITING_10
12:19:38.616 (index):1093 WAITING_11
12:19:38.629 (index):1093 WAITING_6
12:19:38.711 (index):1093 WAITING_3
12:19:38.712 (index):1034 UPDATE_4
12:19:38.728 (index):1064 ATTRIBUTEACCESSREQUESTED_2
12:19:38.813 (index):1009 NODEACCESSRELEASED_4
12:19:39.186 (index):1037 UPDATE_7
12:19:39.288 (index):1025 THINKING_7
12:19:39.565 (index):1064 ATTRIBUTEACCESSREQUESTED_5
12:19:39.613 (index):1093 WAITING_8
12:19:39.615 (index):1093 WAITING_9
12:19:39.615 (index):1093 WAITING_10
12:19:39.617 (index):1093 WAITING_11
12:19:39.630 (index):1093 WAITING_6
12:19:39.712 (index):1093 WAITING_3
12:19:39.730 (index):1037 UPDATE_2
12:19:39.814 (index):1064 ATTRIBUTEACCESSREQUESTED_4
12:19:39.821 (index):1034 UPDATE_0
12:19:39.831 (index):1013 ATTRIBUTEACCESSRELEASED_2
12:19:39.922 (index):1025 THINKING_0
12:19:40.566 (index):1037 UPDATE_5
12:19:40.614 (index):1093 WAITING_8
12:19:40.615 (index):1093 WAITING_9
12:19:40.616 (index):1093 WAITING_10
12:19:40.617 (index):1093 WAITING_11
12:19:40.631 (index):1093 WAITING_6
12:19:40.667 (index):1025 THINKING_5
12:19:40.713 (index):1093 WAITING_3
12:19:40.815 (index):1037 UPDATE_4
12:19:40.832 (index):1070 NODEACCESSREQUESTED_2
12:19:40.917 (index):1013 ATTRIBUTEACCESSRELEASED_4
12:19:41.615 (index):1093 WAITING_8
12:19:41.616 (index):1093 WAITING_9
12:19:41.617 (index):1093 WAITING_10
12:19:41.618 (index):1093 WAITING_11
12:19:41.632 (index):1093 WAITING_6
12:19:41.714 (index):1093 WAITING_3
12:19:41.787 (index):1034 UPDATE_1
12:19:41.833 (index):1034 UPDATE_2
12:19:41.888 (index):1009 NODEACCESSRELEASED_1
12:19:41.918 (index):1070 NODEACCESSREQUESTED_4
12:19:41.934 (index):1025 THINKING_2
12:19:42.616 (index):1093 WAITING_8
12:19:42.617 (index):1093 WAITING_9
12:19:42.618 (index):1093 WAITING_10
12:19:42.619 (index):1093 WAITING_11
12:19:42.633 (index):1093 WAITING_6
12:19:42.716 (index):1093 WAITING_3
12:19:42.889 (index):1070 NODEACCESSREQUESTED_1
12:19:42.919 (index):1034 UPDATE_4
12:19:43.020 (index):1009 NODEACCESSRELEASED_4
12:19:43.617 (index):1093 WAITING_8
12:19:43.618 (index):1093 WAITING_9
12:19:43.618 (index):1093 WAITING_10
12:19:43.620 (index):1093 WAITING_11
12:19:43.633 (index):1093 WAITING_6
12:19:43.717 (index):1093 WAITING_3
12:19:43.890 (index):1034 UPDATE_1
12:19:43.926 (index):1037 UPDATE_7
12:19:43.991 (index):1025 THINKING_1
12:19:44.021 (index):1064 ATTRIBUTEACCESSREQUESTED_4
12:19:44.027 (index):1013 ATTRIBUTEACCESSRELEASED_7
12:19:44.485 (index):1034 UPDATE_2
12:19:44.587 (index):1025 THINKING_2
12:19:44.618 (index):1093 WAITING_8
12:19:44.619 (index):1093 WAITING_9
12:19:44.620 (index):1093 WAITING_10
12:19:44.621 (index):1093 WAITING_11
12:19:44.634 (index):1093 WAITING_6
12:19:44.718 (index):1093 WAITING_3
12:19:44.865 (index):1034 UPDATE_0
12:19:44.966 (index):1009 NODEACCESSRELEASED_0
12:19:45.022 (index):1093 WAITING_4
12:19:45.028 (index):1070 NODEACCESSREQUESTED_7
12:19:45.249 (index):1037 UPDATE_5
12:19:45.350 (index):1025 THINKING_5
12:19:45.619 (index):1093 WAITING_8
12:19:45.620 (index):1093 WAITING_9
12:19:45.621 (index):1093 WAITING_10
12:19:45.622 (index):1093 WAITING_11
12:19:45.635 (index):1093 WAITING_6
12:19:45.719 (index):1093 WAITING_3
12:19:45.968 (index):1070 NODEACCESSREQUESTED_0
12:19:46.023 (index):1093 WAITING_4
12:19:46.029 (index):1034 UPDATE_7
12:19:46.131 (index):1009 NODEACCESSRELEASED_7
12:19:46.302 (index):1034 UPDATE_1
12:19:46.403 (index):1009 NODEACCESSRELEASED_1
12:19:46.620 (index):1093 WAITING_8
12:19:46.622 (index):1093 WAITING_9
12:19:46.623 (index):1093 WAITING_10
12:19:46.623 (index):1093 WAITING_11
12:19:46.636 (index):1093 WAITING_6
12:19:46.720 (index):1093 WAITING_3
12:19:46.814 (index):1034 UPDATE_2
12:19:46.915 (index):1025 THINKING_2
12:19:46.969 (index):1034 UPDATE_0
12:19:47.024 (index):1093 WAITING_4
12:19:47.070 (index):1025 THINKING_0
12:19:47.131 (index):1070 NODEACCESSREQUESTED_7
12:19:47.392 (index):1037 UPDATE_5
12:19:47.404 (index):1070 NODEACCESSREQUESTED_1
12:19:47.494 (index):1013 ATTRIBUTEACCESSRELEASED_5
12:19:47.622 (index):1093 WAITING_8
12:19:47.623 (index):1093 WAITING_9
12:19:47.624 (index):1093 WAITING_10
12:19:47.625 (index):1093 WAITING_11
12:19:47.636 (index):1093 WAITING_6
12:19:47.721 (index):1093 WAITING_3
12:19:48.026 (index):1037 UPDATE_4
12:19:48.127 (index):1025 THINKING_4
12:19:48.132 (index):1034 UPDATE_7
12:19:48.234 (index):1009 NODEACCESSRELEASED_7
12:19:48.406 (index):1034 UPDATE_1
12:19:48.495 (index):1070 NODEACCESSREQUESTED_5
12:19:48.507 (index):1025 THINKING_1
12:19:48.623 (index):1093 WAITING_8
12:19:48.624 (index):1093 WAITING_9
12:19:48.625 (index):1093 WAITING_10
12:19:48.626 (index):1093 WAITING_11
12:19:48.637 (index):1093 WAITING_6
12:19:48.722 (index):1093 WAITING_3
12:19:49.227 (index):1034 UPDATE_0
12:19:49.235 (index):1064 ATTRIBUTEACCESSREQUESTED_7
12:19:49.328 (index):1009 NODEACCESSRELEASED_0
12:19:49.497 (index):1034 UPDATE_5
12:19:49.598 (index):1025 THINKING_5
12:19:49.624 (index):1093 WAITING_8
12:19:49.625 (index):1093 WAITING_9
12:19:49.626 (index):1093 WAITING_10
12:19:49.627 (index):1093 WAITING_11
12:19:49.638 (index):1093 WAITING_6
12:19:49.723 (index):1093 WAITING_3
12:19:50.236 (index):1093 WAITING_7
12:19:50.330 (index):1070 NODEACCESSREQUESTED_0
12:19:50.565 (index):1037 UPDATE_4
12:19:50.625 (index):1093 WAITING_8
12:19:50.626 (index):1093 WAITING_9
12:19:50.627 (index):1093 WAITING_10
12:19:50.628 (index):1093 WAITING_11
12:19:50.639 (index):1093 WAITING_6
12:19:50.667 (index):1013 ATTRIBUTEACCESSRELEASED_4
12:19:50.724 (index):1093 WAITING_3
12:19:51.238 (index):1037 UPDATE_7
12:19:51.331 (index):1034 UPDATE_0
12:19:51.339 (index):1013 ATTRIBUTEACCESSRELEASED_7
12:19:51.432 (index):1009 NODEACCESSRELEASED_0
12:19:51.436 (index):1034 UPDATE_1
12:19:51.538 (index):1025 THINKING_1
12:19:51.626 (index):1093 WAITING_8
12:19:51.628 (index):1093 WAITING_9
12:19:51.629 (index):1093 WAITING_10
12:19:51.630 (index):1093 WAITING_11
12:19:51.641 (index):1093 WAITING_6
12:19:51.668 (index):1064 ATTRIBUTEACCESSREQUESTED_4
12:19:51.725 (index):1093 WAITING_3
12:19:51.771 (index):1034 UPDATE_2
12:19:51.872 (index):1009 NODEACCESSRELEASED_2
12:19:52.340 (index):1070 NODEACCESSREQUESTED_7
12:19:52.433 (index):1070 NODEACCESSREQUESTED_0
12:19:52.628 (index):1093 WAITING_8
12:19:52.629 (index):1093 WAITING_9
12:19:52.630 (index):1093 WAITING_10
12:19:52.632 (index):1093 WAITING_11
12:19:52.642 (index):1093 WAITING_6
12:19:52.669 (index):1037 UPDATE_4
12:19:52.727 (index):1093 WAITING_3
12:19:52.771 (index):1025 THINKING_4
12:19:52.873 (index):1070 NODEACCESSREQUESTED_2
12:19:53.341 (index):1034 UPDATE_7
12:19:53.435 (index):1034 UPDATE_0
12:19:53.443 (index):1009 NODEACCESSRELEASED_7
12:19:53.535 (index):1025 THINKING_0
12:19:53.629 (index):1093 WAITING_8
12:19:53.630 (index):1093 WAITING_9
12:19:53.631 (index):1093 WAITING_10
12:19:53.632 (index):1093 WAITING_11
12:19:53.643 (index):1093 WAITING_6
12:19:53.728 (index):1093 WAITING_3
12:19:53.874 (index):1093 WAITING_2
12:19:54.444 (index):1064 ATTRIBUTEACCESSREQUESTED_7
12:19:54.533 (index):1034 UPDATE_5
12:19:54.630 (index):1093 WAITING_8
12:19:54.631 (index):1093 WAITING_9
12:19:54.632 (index):1093 WAITING_10
12:19:54.633 (index):1093 WAITING_11
12:19:54.635 (index):1009 NODEACCESSRELEASED_5
12:19:54.644 (index):1093 WAITING_6
12:19:54.729 (index):1093 WAITING_3
12:19:54.875 (index):1093 WAITING_2
12:19:55.445 (index):1037 UPDATE_7
12:19:55.546 (index):1025 THINKING_7
12:19:55.631 (index):1093 WAITING_8
12:19:55.633 (index):1093 WAITING_9
12:19:55.634 (index):1093 WAITING_10
12:19:55.635 (index):1093 WAITING_11
12:19:55.636 (index):1070 NODEACCESSREQUESTED_5
12:19:55.644 (index):1093 WAITING_6
12:19:55.730 (index):1093 WAITING_3
12:19:55.877 (index):1093 WAITING_2
12:19:56.148 (index):1034 UPDATE_1
12:19:56.249 (index):1025 THINKING_1
12:19:56.633 (index):1093 WAITING_8
12:19:56.634 (index):1093 WAITING_9
12:19:56.635 (index):1093 WAITING_10
12:19:56.636 (index):1093 WAITING_11
12:19:56.637 (index):1034 UPDATE_5
12:19:56.645 (index):1093 WAITING_6
12:19:56.731 (index):1093 WAITING_3
12:19:56.738 (index):1009 NODEACCESSRELEASED_5
12:19:56.878 (index):1093 WAITING_2
12:19:56.980 (index):1037 UPDATE_4
12:19:57.080 (index):1025 THINKING_4
12:19:57.531 (index):1034 UPDATE_0
12:19:57.632 (index):1009 NODEACCESSRELEASED_0
12:19:57.634 (index):1093 WAITING_8
12:19:57.635 (index):1093 WAITING_9
12:19:57.636 (index):1093 WAITING_10
12:19:57.637 (index):1093 WAITING_11
12:19:57.646 (index):1093 WAITING_6
12:19:57.732 (index):1093 WAITING_3
12:19:57.738 (index):1070 NODEACCESSREQUESTED_5
12:19:57.879 (index):1093 WAITING_2
12:19:58.633 (index):1064 ATTRIBUTEACCESSREQUESTED_0
12:19:58.635 (index):1093 WAITING_8
12:19:58.636 (index):1093 WAITING_9
12:19:58.637 (index):1093 WAITING_10
12:19:58.638 (index):1093 WAITING_11
12:19:58.647 (index):1093 WAITING_6
12:19:58.733 (index):1093 WAITING_3
12:19:58.740 (index):1034 UPDATE_5
12:19:58.841 (index):1009 NODEACCESSRELEASED_5
12:19:58.880 (index):1093 WAITING_2
12:19:58.983 (index):1037 UPDATE_7
12:19:59.084 (index):1013 ATTRIBUTEACCESSRELEASED_7
12:19:59.634 (index):1037 UPDATE_0
12:19:59.636 (index):1093 WAITING_8
12:19:59.637 (index):1093 WAITING_9
12:19:59.638 (index):1093 WAITING_10
12:19:59.639 (index):1093 WAITING_11
12:19:59.648 (index):1093 WAITING_6
12:19:59.734 (index):1093 WAITING_3
12:19:59.736 (index):1013 ATTRIBUTEACCESSRELEASED_0
12:19:59.842 (index):1070 NODEACCESSREQUESTED_5
12:19:59.881 (index):1093 WAITING_2
12:20:00.085 (index):1070 NODEACCESSREQUESTED_7
12:20:00.441 (index):1034 UPDATE_1
12:20:00.542 (index):1009 NODEACCESSRELEASED_1
12:20:00.637 (index):1093 WAITING_8
12:20:00.638 (index):1093 WAITING_9
12:20:00.639 (index):1093 WAITING_10
12:20:00.640 (index):1093 WAITING_11
12:20:00.649 (index):1093 WAITING_6
12:20:00.736 (index):1093 WAITING_3
12:20:00.737 (index):1070 NODEACCESSREQUESTED_0
12:20:00.844 (index):1034 UPDATE_5
12:20:00.882 (index):1093 WAITING_2
12:20:00.945 (index):1009 NODEACCESSRELEASED_5
12:20:01.040 (index):1037 UPDATE_4
12:20:01.087 (index):1034 UPDATE_7
12:20:01.141 (index):1025 THINKING_4
12:20:01.188 (index):1104 END_7
12:20:01.544 (index):1070 NODEACCESSREQUESTED_1
12:20:01.639 (index):1093 WAITING_8
12:20:01.640 (index):1093 WAITING_9
12:20:01.641 (index):1093 WAITING_10
12:20:01.642 (index):1093 WAITING_11
12:20:01.650 (index):1093 WAITING_6
12:20:01.737 (index):1093 WAITING_3
12:20:01.738 (index):1034 UPDATE_0
12:20:01.839 (index):1009 NODEACCESSRELEASED_0
12:20:01.883 (index):1093 WAITING_2
12:20:01.947 (index):1070 NODEACCESSREQUESTED_5
12:20:02.545 (index):1034 UPDATE_1
12:20:02.640 (index):1093 WAITING_8
12:20:02.641 (index):1093 WAITING_9
12:20:02.642 (index):1093 WAITING_10
12:20:02.643 (index):1093 WAITING_11
12:20:02.646 (index):1025 THINKING_1
12:20:02.651 (index):1093 WAITING_6
12:20:02.738 (index):1093 WAITING_3
12:20:02.840 (index):1070 NODEACCESSREQUESTED_0
12:20:02.884 (index):1093 WAITING_2
12:20:02.948 (index):1034 UPDATE_5
12:20:03.049 (index):1104 END_5
12:20:03.641 (index):1093 WAITING_8
12:20:03.642 (index):1093 WAITING_9
12:20:03.642 (index):1093 WAITING_10
12:20:03.644 (index):1093 WAITING_11
12:20:03.651 (index):1093 WAITING_6
12:20:03.739 (index):1093 WAITING_3
12:20:03.841 (index):1034 UPDATE_0
12:20:03.885 (index):1093 WAITING_2
12:20:03.907 (index):1037 UPDATE_4
12:20:03.943 (index):1104 END_0
12:20:04.008 (index):1013 ATTRIBUTEACCESSRELEASED_4
12:20:04.642 (index):1093 WAITING_8
12:20:04.643 (index):1093 WAITING_9
12:20:04.644 (index):1093 WAITING_10
12:20:04.645 (index):1093 WAITING_11
12:20:04.652 (index):1093 WAITING_6
12:20:04.740 (index):1093 WAITING_3
12:20:04.824 (index):1034 UPDATE_1
12:20:04.887 (index):1093 WAITING_2
12:20:04.925 (index):1009 NODEACCESSRELEASED_1
12:20:05.009 (index):1070 NODEACCESSREQUESTED_4
12:20:05.643 (index):1025 THINKING_8
12:20:05.645 (index):1093 WAITING_9
12:20:05.646 (index):1093 WAITING_10
12:20:05.647 (index):1093 WAITING_11
12:20:05.653 (index):1093 WAITING_6
12:20:05.742 (index):1093 WAITING_3
12:20:05.888 (index):1093 WAITING_2
12:20:05.927 (index):1070 NODEACCESSREQUESTED_1
12:20:06.011 (index):1093 WAITING_4
12:20:06.646 (index):1093 WAITING_9
12:20:06.647 (index):1093 WAITING_10
12:20:06.648 (index):1093 WAITING_11
12:20:06.654 (index):1093 WAITING_6
12:20:06.743 (index):1093 WAITING_3
12:20:06.889 (index):1093 WAITING_2
12:20:06.928 (index):1093 WAITING_1
12:20:07.012 (index):1093 WAITING_4
12:20:07.647 (index):1093 WAITING_9
12:20:07.648 (index):1093 WAITING_10
12:20:07.649 (index):1093 WAITING_11
12:20:07.655 (index):1093 WAITING_6
12:20:07.670 (index):1034 UPDATE_8
12:20:07.744 (index):1093 WAITING_3
12:20:07.771 (index):1025 THINKING_8
12:20:07.890 (index):1093 WAITING_2
12:20:07.930 (index):1093 WAITING_1
12:20:08.013 (index):1093 WAITING_4
12:20:08.648 (index):1093 WAITING_9
12:20:08.649 (index):1093 WAITING_10
12:20:08.650 (index):1093 WAITING_11
12:20:08.656 (index):1093 WAITING_6
12:20:08.745 (index):1093 WAITING_3
12:20:08.891 (index):1093 WAITING_2
12:20:08.931 (index):1093 WAITING_1
12:20:09.015 (index):1093 WAITING_4
12:20:09.649 (index):1093 WAITING_9
12:20:09.651 (index):1093 WAITING_10
12:20:09.652 (index):1093 WAITING_11
12:20:09.657 (index):1093 WAITING_6
12:20:09.746 (index):1093 WAITING_3
12:20:09.893 (index):1093 WAITING_2
12:20:09.932 (index):1093 WAITING_1
12:20:10.016 (index):1093 WAITING_4
12:20:10.651 (index):1093 WAITING_9
12:20:10.652 (index):1093 WAITING_10
12:20:10.653 (index):1093 WAITING_11
12:20:10.658 (index):1093 WAITING_6
12:20:10.747 (index):1093 WAITING_3
12:20:10.894 (index):1093 WAITING_2
12:20:10.934 (index):1093 WAITING_1
12:20:11.017 (index):1093 WAITING_4
12:20:11.652 (index):1093 WAITING_9
12:20:11.653 (index):1093 WAITING_10
12:20:11.654 (index):1093 WAITING_11
12:20:11.659 (index):1093 WAITING_6
12:20:11.748 (index):1093 WAITING_3
12:20:11.895 (index):1093 WAITING_2
12:20:11.935 (index):1093 WAITING_1
12:20:12.018 (index):1093 WAITING_4
12:20:12.212 (index):1034 UPDATE_8
12:20:12.313 (index):1009 NODEACCESSRELEASED_8
12:20:12.654 (index):1009 NODEACCESSRELEASED_9
12:20:12.655 (index):1009 NODEACCESSRELEASED_10
12:20:12.656 (index):1025 THINKING_11
12:20:12.660 (index):1093 WAITING_6
12:20:12.750 (index):1093 WAITING_3
12:20:12.896 (index):1093 WAITING_2
12:20:12.936 (index):1093 WAITING_1
12:20:13.019 (index):1093 WAITING_4
12:20:13.314 (index):1064 ATTRIBUTEACCESSREQUESTED_8
12:20:13.655 (index):1070 NODEACCESSREQUESTED_9
12:20:13.656 (index):1070 NODEACCESSREQUESTED_10
12:20:13.661 (index):1093 WAITING_6
12:20:13.751 (index):1093 WAITING_3
12:20:13.898 (index):1093 WAITING_2
12:20:13.937 (index):1093 WAITING_1
12:20:14.020 (index):1093 WAITING_4
12:20:14.316 (index):1037 UPDATE_8
12:20:14.417 (index):1025 THINKING_8
12:20:14.656 (index):1093 WAITING_9
12:20:14.657 (index):1093 WAITING_10
12:20:14.662 (index):1093 WAITING_6
12:20:14.752 (index):1093 WAITING_3
12:20:14.899 (index):1093 WAITING_2
12:20:14.939 (index):1093 WAITING_1
12:20:15.021 (index):1093 WAITING_4
12:20:15.118 (index):1034 UPDATE_11
12:20:15.219 (index):1025 THINKING_11
12:20:15.657 (index):1093 WAITING_9
12:20:15.658 (index):1093 WAITING_10
12:20:15.663 (index):1093 WAITING_6
12:20:15.753 (index):1093 WAITING_3
12:20:15.900 (index):1093 WAITING_2
12:20:15.940 (index):1093 WAITING_1
12:20:16.023 (index):1093 WAITING_4
12:20:16.658 (index):1093 WAITING_9
12:20:16.659 (index):1093 WAITING_10
12:20:16.664 (index):1093 WAITING_6
12:20:16.754 (index):1093 WAITING_3
12:20:16.901 (index):1093 WAITING_2
12:20:16.941 (index):1093 WAITING_1
12:20:17.023 (index):1093 WAITING_4
12:20:17.659 (index):1093 WAITING_9
12:20:17.660 (index):1093 WAITING_10
12:20:17.665 (index):1093 WAITING_6
12:20:17.755 (index):1093 WAITING_3
12:20:17.901 (index):1093 WAITING_2
12:20:17.942 (index):1093 WAITING_1
12:20:18.024 (index):1093 WAITING_4
12:20:18.516 (index):1034 UPDATE_11
12:20:18.617 (index):1009 NODEACCESSRELEASED_11
12:20:18.660 (index):1093 WAITING_9
12:20:18.661 (index):1093 WAITING_10
12:20:18.666 (index):1034 UPDATE_6
12:20:18.756 (index):1093 WAITING_3
12:20:18.767 (index):1009 NODEACCESSRELEASED_6
12:20:18.902 (index):1093 WAITING_2
12:20:18.940 (index):1037 UPDATE_8
12:20:18.942 (index):1093 WAITING_1
12:20:19.025 (index):1093 WAITING_4
12:20:19.041 (index):1013 ATTRIBUTEACCESSRELEASED_8
12:20:19.618 (index):1070 NODEACCESSREQUESTED_11
12:20:19.661 (index):1093 WAITING_9
12:20:19.663 (index):1093 WAITING_10
12:20:19.758 (index):1034 UPDATE_3
12:20:19.768 (index):1070 NODEACCESSREQUESTED_6
12:20:19.859 (index):1025 THINKING_3
12:20:19.904 (index):1093 WAITING_2
12:20:19.944 (index):1093 WAITING_1
12:20:20.026 (index):1093 WAITING_4
12:20:20.043 (index):1064 ATTRIBUTEACCESSREQUESTED_8
12:20:20.620 (index):1093 WAITING_11
12:20:20.663 (index):1093 WAITING_9
12:20:20.664 (index):1093 WAITING_10
12:20:20.769 (index):1093 WAITING_6
12:20:20.905 (index):1093 WAITING_2
12:20:20.945 (index):1093 WAITING_1
12:20:21.028 (index):1093 WAITING_4
12:20:21.044 (index):1037 UPDATE_8
12:20:21.145 (index):1013 ATTRIBUTEACCESSRELEASED_8
12:20:21.621 (index):1093 WAITING_11
12:20:21.663 (index):1093 WAITING_9
12:20:21.665 (index):1093 WAITING_10
12:20:21.771 (index):1093 WAITING_6
12:20:21.906 (index):1093 WAITING_2
12:20:21.946 (index):1093 WAITING_1
12:20:22.029 (index):1093 WAITING_4
12:20:22.146 (index):1070 NODEACCESSREQUESTED_8
12:20:22.622 (index):1093 WAITING_11
12:20:22.665 (index):1093 WAITING_9
12:20:22.666 (index):1093 WAITING_10
12:20:22.772 (index):1093 WAITING_6
12:20:22.907 (index):1093 WAITING_2
12:20:22.948 (index):1093 WAITING_1
12:20:23.030 (index):1093 WAITING_4
12:20:23.147 (index):1093 WAITING_8
12:20:23.623 (index):1093 WAITING_11
12:20:23.666 (index):1093 WAITING_9
12:20:23.667 (index):1093 WAITING_10
12:20:23.773 (index):1093 WAITING_6
12:20:23.909 (index):1093 WAITING_2
12:20:23.948 (index):1093 WAITING_1
12:20:23.976 (index):1034 UPDATE_3
12:20:24.031 (index):1093 WAITING_4
12:20:24.078 (index):1009 NODEACCESSRELEASED_3
12:20:24.149 (index):1093 WAITING_8
12:20:24.624 (index):1093 WAITING_11
12:20:24.667 (index):1093 WAITING_9
12:20:24.668 (index):1093 WAITING_10
12:20:24.775 (index):1093 WAITING_6
12:20:24.910 (index):1034 UPDATE_2
12:20:24.950 (index):1093 WAITING_1
12:20:25.011 (index):1009 NODEACCESSRELEASED_2
12:20:25.033 (index):1034 UPDATE_4
12:20:25.079 (index):1064 ATTRIBUTEACCESSREQUESTED_3
12:20:25.134 (index):1009 NODEACCESSRELEASED_4
12:20:25.150 (index):1093 WAITING_8
12:20:25.626 (index):1093 WAITING_11
12:20:25.668 (index):1093 WAITING_9
12:20:25.669 (index):1093 WAITING_10
12:20:25.776 (index):1093 WAITING_6
12:20:25.951 (index):1034 UPDATE_1
12:20:26.013 (index):1070 NODEACCESSREQUESTED_2
12:20:26.052 (index):1104 END_1
12:20:26.080 (index):1037 UPDATE_3
12:20:26.135 (index):1070 NODEACCESSREQUESTED_4
12:20:26.151 (index):1093 WAITING_8
12:20:26.181 (index):1013 ATTRIBUTEACCESSRELEASED_3
12:20:26.628 (index):1093 WAITING_11
12:20:26.669 (index):1034 UPDATE_9
12:20:26.670 (index):1093 WAITING_10
12:20:26.771 (index):1025 THINKING_9
12:20:26.777 (index):1093 WAITING_6
12:20:27.014 (index):1034 UPDATE_2
12:20:27.115 (index):1009 NODEACCESSRELEASED_2
12:20:27.137 (index):1034 UPDATE_4
12:20:27.153 (index):1093 WAITING_8
12:20:27.182 (index):1070 NODEACCESSREQUESTED_3
12:20:27.238 (index):1025 THINKING_4
12:20:27.629 (index):1093 WAITING_11
12:20:27.671 (index):1093 WAITING_10
12:20:27.778 (index):1093 WAITING_6
12:20:28.117 (index):1070 NODEACCESSREQUESTED_2
12:20:28.154 (index):1093 WAITING_8
12:20:28.183 (index):1034 UPDATE_3
12:20:28.284 (index):1009 NODEACCESSRELEASED_3
12:20:28.630 (index):1093 WAITING_11
12:20:28.673 (index):1093 WAITING_10
12:20:28.780 (index):1093 WAITING_6
12:20:29.118 (index):1034 UPDATE_2
12:20:29.155 (index):1093 WAITING_8
12:20:29.220 (index):1009 NODEACCESSRELEASED_2
12:20:29.286 (index):1070 NODEACCESSREQUESTED_3
12:20:29.632 (index):1093 WAITING_11
12:20:29.674 (index):1093 WAITING_10
12:20:29.781 (index):1093 WAITING_6
12:20:30.156 (index):1093 WAITING_8
12:20:30.221 (index):1070 NODEACCESSREQUESTED_2
12:20:30.287 (index):1034 UPDATE_3
12:20:30.388 (index):1009 NODEACCESSRELEASED_3
12:20:30.632 (index):1093 WAITING_11
12:20:30.676 (index):1093 WAITING_10
12:20:30.782 (index):1093 WAITING_6
12:20:31.158 (index):1093 WAITING_8
12:20:31.222 (index):1034 UPDATE_2
12:20:31.283 (index):1034 UPDATE_9
12:20:31.322 (index):1104 END_2
12:20:31.384 (index):1025 THINKING_9
12:20:31.389 (index):1070 NODEACCESSREQUESTED_3
12:20:31.628 (index):1034 UPDATE_4
12:20:31.633 (index):1093 WAITING_11
12:20:31.676 (index):1093 WAITING_10
12:20:31.729 (index):1104 END_4
12:20:31.783 (index):1093 WAITING_6
12:20:32.159 (index):1093 WAITING_8
12:20:32.389 (index):1034 UPDATE_3
12:20:32.491 (index):1009 NODEACCESSRELEASED_3
12:20:32.634 (index):1093 WAITING_11
12:20:32.677 (index):1093 WAITING_10
12:20:32.784 (index):1093 WAITING_6
12:20:33.160 (index):1093 WAITING_8
12:20:33.492 (index):1070 NODEACCESSREQUESTED_3
12:20:33.636 (index):1093 WAITING_11
12:20:33.679 (index):1093 WAITING_10
12:20:33.785 (index):1093 WAITING_6
12:20:33.790 (index):1034 UPDATE_9
12:20:33.892 (index):1009 NODEACCESSRELEASED_9
12:20:34.161 (index):1093 WAITING_8
12:20:34.493 (index):1034 UPDATE_3
12:20:34.595 (index):1025 THINKING_3
12:20:34.637 (index):1093 WAITING_11
12:20:34.680 (index):1034 UPDATE_10
12:20:34.781 (index):1025 THINKING_10
12:20:34.787 (index):1093 WAITING_6
12:20:34.893 (index):1064 ATTRIBUTEACCESSREQUESTED_9
12:20:35.163 (index):1093 WAITING_8
12:20:35.638 (index):1093 WAITING_11
12:20:35.788 (index):1093 WAITING_6
12:20:35.894 (index):1037 UPDATE_9
12:20:35.995 (index):1013 ATTRIBUTEACCESSRELEASED_9
12:20:36.164 (index):1093 WAITING_8
12:20:36.640 (index):1093 WAITING_11
12:20:36.789 (index):1093 WAITING_6
12:20:36.833 (index):1034 UPDATE_10
12:20:36.935 (index):1009 NODEACCESSRELEASED_10
12:20:36.997 (index):1064 ATTRIBUTEACCESSREQUESTED_9
12:20:37.002 (index):1034 UPDATE_3
12:20:37.102 (index):1009 NODEACCESSRELEASED_3
12:20:37.166 (index):1093 WAITING_8
12:20:37.641 (index):1034 UPDATE_11
12:20:37.742 (index):1009 NODEACCESSRELEASED_11
12:20:37.790 (index):1034 UPDATE_6
12:20:37.892 (index):1009 NODEACCESSRELEASED_6
12:20:37.935 (index):1070 NODEACCESSREQUESTED_10
12:20:37.998 (index):1037 UPDATE_9
12:20:38.099 (index):1013 ATTRIBUTEACCESSRELEASED_9
12:20:38.103 (index):1064 ATTRIBUTEACCESSREQUESTED_3
12:20:38.167 (index):1034 UPDATE_8
12:20:38.268 (index):1025 THINKING_8
12:20:38.744 (index):1070 NODEACCESSREQUESTED_11
12:20:38.893 (index):1064 ATTRIBUTEACCESSREQUESTED_6
12:20:38.937 (index):1034 UPDATE_10
12:20:39.038 (index):1025 THINKING_10
12:20:39.101 (index):1070 NODEACCESSREQUESTED_9
12:20:39.104 (index):1037 UPDATE_3
12:20:39.205 (index):1013 ATTRIBUTEACCESSRELEASED_3
12:20:39.744 (index):1034 UPDATE_11
12:20:39.845 (index):1009 NODEACCESSRELEASED_11
12:20:39.894 (index):1037 UPDATE_6
12:20:39.995 (index):1025 THINKING_6
12:20:40.102 (index):1034 UPDATE_9
12:20:40.203 (index):1025 THINKING_9
12:20:40.206 (index):1064 ATTRIBUTEACCESSREQUESTED_3
12:20:40.847 (index):1070 NODEACCESSREQUESTED_11
12:20:41.208 (index):1037 UPDATE_3
12:20:41.309 (index):1025 THINKING_3
12:20:41.565 (index):1034 UPDATE_8
12:20:41.666 (index):1009 NODEACCESSRELEASED_8
12:20:41.848 (index):1034 UPDATE_11
12:20:41.949 (index):1025 THINKING_11
12:20:42.015 (index):1034 UPDATE_10
12:20:42.117 (index):1009 NODEACCESSRELEASED_10
12:20:42.266 (index):1037 UPDATE_6
12:20:42.367 (index):1025 THINKING_6
12:20:42.667 (index):1070 NODEACCESSREQUESTED_8
12:20:43.118 (index):1070 NODEACCESSREQUESTED_10
12:20:43.315 (index):1034 UPDATE_9
12:20:43.416 (index):1009 NODEACCESSRELEASED_9
12:20:43.647 (index):1037 UPDATE_3
12:20:43.669 (index):1034 UPDATE_8
12:20:43.748 (index):1013 ATTRIBUTEACCESSRELEASED_3
12:20:43.769 (index):1009 NODEACCESSRELEASED_8
12:20:44.119 (index):1034 UPDATE_10
12:20:44.221 (index):1025 THINKING_10
12:20:44.417 (index):1070 NODEACCESSREQUESTED_9
12:20:44.749 (index):1070 NODEACCESSREQUESTED_3
12:20:44.771 (index):1070 NODEACCESSREQUESTED_8
12:20:45.321 (index):1037 UPDATE_6
12:20:45.419 (index):1034 UPDATE_9
12:20:45.422 (index):1013 ATTRIBUTEACCESSRELEASED_6
12:20:45.520 (index):1009 NODEACCESSRELEASED_9
12:20:45.750 (index):1034 UPDATE_3
12:20:45.772 (index):1093 WAITING_8
12:20:45.851 (index):1104 END_3
12:20:46.227 (index):1034 UPDATE_11
12:20:46.329 (index):1009 NODEACCESSRELEASED_11
12:20:46.423 (index):1070 NODEACCESSREQUESTED_6
12:20:46.521 (index):1064 ATTRIBUTEACCESSREQUESTED_9
12:20:46.773 (index):1093 WAITING_8
12:20:47.330 (index):1064 ATTRIBUTEACCESSREQUESTED_11
12:20:47.424 (index):1034 UPDATE_6
12:20:47.522 (index):1037 UPDATE_9
12:20:47.525 (index):1009 NODEACCESSRELEASED_6
12:20:47.623 (index):1025 THINKING_9
12:20:47.774 (index):1093 WAITING_8
12:20:48.331 (index):1093 WAITING_11
12:20:48.526 (index):1070 NODEACCESSREQUESTED_6
12:20:48.775 (index):1093 WAITING_8
12:20:48.885 (index):1034 UPDATE_10
12:20:48.986 (index):1009 NODEACCESSRELEASED_10
12:20:49.332 (index):1093 WAITING_11
12:20:49.527 (index):1034 UPDATE_6
12:20:49.628 (index):1009 NODEACCESSRELEASED_6
12:20:49.776 (index):1034 UPDATE_8
12:20:49.878 (index):1009 NODEACCESSRELEASED_8
12:20:49.988 (index):1070 NODEACCESSREQUESTED_10
12:20:50.333 (index):1093 WAITING_11
12:20:50.630 (index):1064 ATTRIBUTEACCESSREQUESTED_6
12:20:50.879 (index):1070 NODEACCESSREQUESTED_8
12:20:50.989 (index):1034 UPDATE_10
12:20:51.090 (index):1025 THINKING_10
12:20:51.246 (index):1037 UPDATE_9
12:20:51.335 (index):1093 WAITING_11
12:20:51.348 (index):1013 ATTRIBUTEACCESSRELEASED_9
12:20:51.631 (index):1037 UPDATE_6
12:20:51.731 (index):1013 ATTRIBUTEACCESSRELEASED_6
12:20:51.880 (index):1034 UPDATE_8
12:20:51.981 (index):1009 NODEACCESSRELEASED_8
12:20:52.335 (index):1037 UPDATE_11
12:20:52.348 (index):1064 ATTRIBUTEACCESSREQUESTED_9
12:20:52.437 (index):1013 ATTRIBUTEACCESSRELEASED_11
12:20:52.732 (index):1070 NODEACCESSREQUESTED_6
12:20:52.982 (index):1070 NODEACCESSREQUESTED_8
12:20:53.350 (index):1037 UPDATE_9
12:20:53.438 (index):1064 ATTRIBUTEACCESSREQUESTED_11
12:20:53.451 (index):1013 ATTRIBUTEACCESSRELEASED_9
12:20:53.733 (index):1034 UPDATE_6
12:20:53.834 (index):1009 NODEACCESSRELEASED_6
12:20:53.984 (index):1034 UPDATE_8
12:20:54.085 (index):1009 NODEACCESSRELEASED_8
12:20:54.439 (index):1037 UPDATE_11
12:20:54.452 (index):1070 NODEACCESSREQUESTED_9
12:20:54.540 (index):1013 ATTRIBUTEACCESSRELEASED_11
12:20:54.835 (index):1070 NODEACCESSREQUESTED_6
12:20:54.875 (index):1034 UPDATE_10
12:20:54.977 (index):1009 NODEACCESSRELEASED_10
12:20:55.087 (index):1064 ATTRIBUTEACCESSREQUESTED_8
12:20:55.453 (index):1034 UPDATE_9
12:20:55.541 (index):1070 NODEACCESSREQUESTED_11
12:20:55.554 (index):1009 NODEACCESSRELEASED_9
12:20:55.836 (index):1034 UPDATE_6
12:20:55.938 (index):1104 END_6
12:20:55.978 (index):1070 NODEACCESSREQUESTED_10
12:20:56.088 (index):1037 UPDATE_8
12:20:56.189 (index):1013 ATTRIBUTEACCESSRELEASED_8
12:20:56.542 (index):1034 UPDATE_11
12:20:56.555 (index):1070 NODEACCESSREQUESTED_9
12:20:56.643 (index):1025 THINKING_11
12:20:56.979 (index):1034 UPDATE_10
12:20:57.080 (index):1025 THINKING_10
12:20:57.191 (index):1070 NODEACCESSREQUESTED_8
12:20:57.557 (index):1034 UPDATE_9
12:20:57.657 (index):1104 END_9
12:20:58.191 (index):1034 UPDATE_8
12:20:58.293 (index):1104 END_8
12:21:00.028 (index):1034 UPDATE_11
12:21:00.129 (index):1009 NODEACCESSRELEASED_11
12:21:01.131 (index):1070 NODEACCESSREQUESTED_11
12:21:01.966 (index):1034 UPDATE_10
12:21:02.067 (index):1009 NODEACCESSRELEASED_10
12:21:02.132 (index):1034 UPDATE_11
12:21:02.233 (index):1009 NODEACCESSRELEASED_11
12:21:03.068 (index):1064 ATTRIBUTEACCESSREQUESTED_10
12:21:03.235 (index):1064 ATTRIBUTEACCESSREQUESTED_11
12:21:04.069 (index):1037 UPDATE_10
12:21:04.170 (index):1013 ATTRIBUTEACCESSRELEASED_10
12:21:04.236 (index):1037 UPDATE_11
12:21:04.337 (index):1025 THINKING_11
12:21:05.171 (index):1064 ATTRIBUTEACCESSREQUESTED_10
12:21:06.173 (index):1037 UPDATE_10
12:21:06.274 (index):1013 ATTRIBUTEACCESSRELEASED_10
12:21:07.276 (index):1070 NODEACCESSREQUESTED_10
12:21:07.501 (index):1037 UPDATE_11
12:21:07.603 (index):1104 END_11
12:21:08.277 (index):1034 UPDATE_10
12:21:08.378 (index):1104 END_10
