12:16:27.732 (index):1291 Tasks: 25; Collaborators: 10    =========================>
12:16:27.733 (index):1064 ATTRIBUTEACCESSREQUESTED_0
12:16:27.734 (index):1070 NODEACCESSREQUESTED_1
12:16:27.735 (index):1070 NODEACCESSREQUESTED_2
12:16:27.736 (index):1064 ATTRIBUTEACCESSREQUESTED_3
12:16:27.737 (index):1064 ATTRIBUTEACCESSREQUESTED_4
12:16:27.738 (index):1070 NODEACCESSREQUESTED_5
12:16:27.738 (index):1070 NODEACCESSREQUESTED_6
12:16:27.739 (index):1064 ATTRIBUTEACCESSREQUESTED_7
12:16:27.739 (index):1070 NODEACCESSREQUESTED_8
12:16:27.740 (index):1070 NODEACCESSREQUESTED_9
12:16:28.734 (index):1025 THINKING_0
12:16:28.735 (index):1025 THINKING_1
12:16:28.736 (index):1009 NODEACCESSRELEASED_2
12:16:28.737 (index):1093 WAITING_3
12:16:28.738 (index):1013 ATTRIBUTEACCESSRELEASED_4
12:16:28.738 (index):1009 NODEACCESSRELEASED_5
12:16:28.739 (index):1025 THINKING_6
12:16:28.739 (index):1013 ATTRIBUTEACCESSRELEASED_7
12:16:28.740 (index):1093 WAITING_8
12:16:28.740 (index):1093 WAITING_9
12:16:29.737 (index):1070 NODEACCESSREQUESTED_2
12:16:29.738 (index):1093 WAITING_3
12:16:29.739 (index):1064 ATTRIBUTEACCESSREQUESTED_4
12:16:29.740 (index):1070 NODEACCESSREQUESTED_5
12:16:29.741 (index):1064 ATTRIBUTEACCESSREQUESTED_7
12:16:29.742 (index):1093 WAITING_8
12:16:29.742 (index):1093 WAITING_9
12:16:30.738 (index):1034 UPDATE_2
12:16:30.739 (index):1093 WAITING_3
12:16:30.740 (index):1037 UPDATE_4
12:16:30.741 (index):1034 UPDATE_5
12:16:30.742 (index):1093 WAITING_7
12:16:30.743 (index):1093 WAITING_8
12:16:30.744 (index):1093 WAITING_9
12:16:30.839 (index):1009 NODEACCESSRELEASED_2
12:16:30.841 (index):1013 ATTRIBUTEACCESSRELEASED_4
12:16:30.842 (index):1025 THINKING_5
12:16:31.456 (index):1034 UPDATE_6
12:16:31.558 (index):1009 NODEACCESSRELEASED_6
12:16:31.681 (index):1034 UPDATE_1
12:16:31.740 (index):1093 WAITING_3
12:16:31.743 (index):1093 WAITING_7
12:16:31.745 (index):1093 WAITING_8
12:16:31.746 (index):1093 WAITING_9
12:16:31.782 (index):1009 NODEACCESSRELEASED_1
12:16:31.841 (index):1070 NODEACCESSREQUESTED_2
12:16:31.842 (index):1070 NODEACCESSREQUESTED_4
12:16:32.559 (index):1064 ATTRIBUTEACCESSREQUESTED_6
12:16:32.742 (index):1093 WAITING_3
12:16:32.745 (index):1093 WAITING_7
12:16:32.746 (index):1093 WAITING_8
12:16:32.747 (index):1093 WAITING_9
12:16:32.783 (index):1070 NODEACCESSREQUESTED_1
12:16:32.842 (index):1034 UPDATE_2
12:16:32.843 (index):1034 UPDATE_4
12:16:32.944 (index):1009 NODEACCESSRELEASED_2
12:16:32.945 (index):1009 NODEACCESSRELEASED_4
12:16:33.083 (index):1037 UPDATE_0
12:16:33.184 (index):1013 ATTRIBUTEACCESSRELEASED_0
12:16:33.257 (index):1034 UPDATE_5
12:16:33.359 (index):1009 NODEACCESSRELEASED_5
12:16:33.560 (index):1037 UPDATE_6
12:16:33.661 (index):1013 ATTRIBUTEACCESSRELEASED_6
12:16:33.743 (index):1013 ATTRIBUTEACCESSRELEASED_3
12:16:33.746 (index):1037 UPDATE_7
12:16:33.747 (index):1093 WAITING_8
12:16:33.749 (index):1093 WAITING_9
12:16:33.785 (index):1034 UPDATE_1
12:16:33.847 (index):1013 ATTRIBUTEACCESSRELEASED_7
12:16:33.886 (index):1025 THINKING_1
12:16:33.945 (index):1064 ATTRIBUTEACCESSREQUESTED_2
12:16:33.946 (index):1064 ATTRIBUTEACCESSREQUESTED_4
12:16:34.186 (index):1064 ATTRIBUTEACCESSREQUESTED_0
12:16:34.360 (index):1070 NODEACCESSREQUESTED_5
12:16:34.663 (index):1070 NODEACCESSREQUESTED_6
12:16:34.744 (index):1064 ATTRIBUTEACCESSREQUESTED_3
12:16:34.748 (index):1093 WAITING_8
12:16:34.750 (index):1093 WAITING_9
12:16:34.849 (index):1070 NODEACCESSREQUESTED_7
12:16:34.946 (index):1037 UPDATE_2
12:16:34.948 (index):1037 UPDATE_4
12:16:35.048 (index):1025 THINKING_2
12:16:35.049 (index):1013 ATTRIBUTEACCESSRELEASED_4
12:16:35.187 (index):1093 WAITING_0
12:16:35.361 (index):1034 UPDATE_5
12:16:35.463 (index):1025 THINKING_5
12:16:35.664 (index):1034 UPDATE_6
12:16:35.746 (index):1037 UPDATE_3
12:16:35.750 (index):1093 WAITING_8
12:16:35.751 (index):1093 WAITING_9
12:16:35.765 (index):1009 NODEACCESSRELEASED_6
12:16:35.847 (index):1013 ATTRIBUTEACCESSRELEASED_3
12:16:35.850 (index):1034 UPDATE_7
12:16:35.951 (index):1009 NODEACCESSRELEASED_7
12:16:36.050 (index):1070 NODEACCESSREQUESTED_4
12:16:36.188 (index):1093 WAITING_0
12:16:36.751 (index):1093 WAITING_8
12:16:36.752 (index):1093 WAITING_9
12:16:36.766 (index):1070 NODEACCESSREQUESTED_6
12:16:36.848 (index):1070 NODEACCESSREQUESTED_3
12:16:36.952 (index):1070 NODEACCESSREQUESTED_7
12:16:37.051 (index):1034 UPDATE_4
12:16:37.153 (index):1009 NODEACCESSRELEASED_4
12:16:37.190 (index):1093 WAITING_0
12:16:37.435 (index):1034 UPDATE_1
12:16:37.537 (index):1025 THINKING_1
12:16:37.752 (index):1093 WAITING_8
12:16:37.753 (index):1093 WAITING_9
12:16:37.767 (index):1037 UPDATE_2
12:16:37.768 (index):1034 UPDATE_6
12:16:37.850 (index):1093 WAITING_3
12:16:37.868 (index):1013 ATTRIBUTEACCESSRELEASED_2
12:16:37.870 (index):1009 NODEACCESSRELEASED_6
12:16:37.953 (index):1093 WAITING_7
12:16:38.154 (index):1064 ATTRIBUTEACCESSREQUESTED_4
12:16:38.191 (index):1037 UPDATE_0
12:16:38.292 (index):1013 ATTRIBUTEACCESSRELEASED_0
12:16:38.603 (index):1034 UPDATE_5
12:16:38.704 (index):1009 NODEACCESSRELEASED_5
12:16:38.753 (index):1093 WAITING_8
12:16:38.755 (index):1093 WAITING_9
12:16:38.851 (index):1093 WAITING_3
12:16:38.870 (index):1064 ATTRIBUTEACCESSREQUESTED_2
12:16:38.871 (index):1070 NODEACCESSREQUESTED_6
12:16:38.955 (index):1093 WAITING_7
12:16:39.156 (index):1037 UPDATE_4
12:16:39.257 (index):1025 THINKING_4
12:16:39.294 (index):1070 NODEACCESSREQUESTED_0
12:16:39.705 (index):1064 ATTRIBUTEACCESSREQUESTED_5
12:16:39.755 (index):1093 WAITING_8
12:16:39.755 (index):1093 WAITING_9
12:16:39.853 (index):1093 WAITING_3
12:16:39.871 (index):1093 WAITING_2
12:16:39.872 (index):1034 UPDATE_6
12:16:39.956 (index):1093 WAITING_7
12:16:39.973 (index):1009 NODEACCESSRELEASED_6
12:16:40.295 (index):1034 UPDATE_0
12:16:40.396 (index):1025 THINKING_0
12:16:40.706 (index):1037 UPDATE_5
12:16:40.756 (index):1093 WAITING_8
12:16:40.757 (index):1093 WAITING_9
12:16:40.808 (index):1025 THINKING_5
12:16:40.854 (index):1093 WAITING_3
12:16:40.872 (index):1093 WAITING_2
12:16:40.958 (index):1093 WAITING_7
12:16:40.974 (index):1064 ATTRIBUTEACCESSREQUESTED_6
12:16:41.695 (index):1037 UPDATE_4
12:16:41.757 (index):1093 WAITING_8
12:16:41.758 (index):1093 WAITING_9
12:16:41.797 (index):1013 ATTRIBUTEACCESSRELEASED_4
12:16:41.855 (index):1093 WAITING_3
12:16:41.873 (index):1037 UPDATE_2
12:16:41.930 (index):1034 UPDATE_1
12:16:41.959 (index):1093 WAITING_7
12:16:41.975 (index):1013 ATTRIBUTEACCESSRELEASED_2
12:16:41.976 (index):1037 UPDATE_6
12:16:42.032 (index):1009 NODEACCESSRELEASED_1
12:16:42.077 (index):1025 THINKING_6
12:16:42.759 (index):1093 WAITING_8
12:16:42.760 (index):1093 WAITING_9
12:16:42.798 (index):1064 ATTRIBUTEACCESSREQUESTED_4
12:16:42.856 (index):1093 WAITING_3
12:16:42.960 (index):1093 WAITING_7
12:16:42.967 (index):1034 UPDATE_0
12:16:42.976 (index):1070 NODEACCESSREQUESTED_2
12:16:43.033 (index):1070 NODEACCESSREQUESTED_1
12:16:43.068 (index):1025 THINKING_0
12:16:43.760 (index):1093 WAITING_8
12:16:43.761 (index):1093 WAITING_9
12:16:43.800 (index):1037 UPDATE_4
12:16:43.857 (index):1093 WAITING_3
12:16:43.901 (index):1025 THINKING_4
12:16:43.962 (index):1093 WAITING_7
12:16:43.977 (index):1034 UPDATE_2
12:16:44.034 (index):1034 UPDATE_1
12:16:44.079 (index):1025 THINKING_2
12:16:44.135 (index):1025 THINKING_1
12:16:44.348 (index):1037 UPDATE_6
12:16:44.450 (index):1025 THINKING_6
12:16:44.761 (index):1093 WAITING_8
12:16:44.763 (index):1093 WAITING_9
12:16:44.859 (index):1093 WAITING_3
12:16:44.963 (index):1093 WAITING_7
12:16:45.390 (index):1037 UPDATE_5
12:16:45.491 (index):1025 THINKING_5
12:16:45.763 (index):1093 WAITING_8
12:16:45.764 (index):1093 WAITING_9
12:16:45.860 (index):1093 WAITING_3
12:16:45.964 (index):1093 WAITING_7
12:16:46.446 (index):1034 UPDATE_1
12:16:46.548 (index):1009 NODEACCESSRELEASED_1
12:16:46.630 (index):1034 UPDATE_2
12:16:46.731 (index):1025 THINKING_2
12:16:46.764 (index):1093 WAITING_8
12:16:46.765 (index):1093 WAITING_9
12:16:46.861 (index):1093 WAITING_3
12:16:46.965 (index):1093 WAITING_7
12:16:47.404 (index):1037 UPDATE_6
12:16:47.506 (index):1013 ATTRIBUTEACCESSRELEASED_6
12:16:47.534 (index):1037 UPDATE_5
12:16:47.549 (index):1070 NODEACCESSREQUESTED_1
12:16:47.635 (index):1013 ATTRIBUTEACCESSRELEASED_5
12:16:47.765 (index):1093 WAITING_8
12:16:47.766 (index):1093 WAITING_9
12:16:47.863 (index):1093 WAITING_3
12:16:47.967 (index):1093 WAITING_7
12:16:48.010 (index):1034 UPDATE_0
12:16:48.110 (index):1037 UPDATE_4
12:16:48.112 (index):1009 NODEACCESSRELEASED_0
12:16:48.212 (index):1025 THINKING_4
12:16:48.507 (index):1070 NODEACCESSREQUESTED_6
12:16:48.550 (index):1034 UPDATE_1
12:16:48.637 (index):1070 NODEACCESSREQUESTED_5
12:16:48.652 (index):1025 THINKING_1
12:16:48.766 (index):1093 WAITING_8
12:16:48.767 (index):1093 WAITING_9
12:16:48.864 (index):1093 WAITING_3
12:16:48.958 (index):1034 UPDATE_2
12:16:48.968 (index):1093 WAITING_7
12:16:49.059 (index):1025 THINKING_2
12:16:49.113 (index):1070 NODEACCESSREQUESTED_0
12:16:49.508 (index):1034 UPDATE_6
12:16:49.610 (index):1009 NODEACCESSRELEASED_6
12:16:49.638 (index):1034 UPDATE_5
12:16:49.739 (index):1025 THINKING_5
12:16:49.768 (index):1093 WAITING_8
12:16:49.768 (index):1093 WAITING_9
12:16:49.865 (index):1093 WAITING_3
12:16:49.969 (index):1093 WAITING_7
12:16:50.114 (index):1093 WAITING_0
12:16:50.612 (index):1070 NODEACCESSREQUESTED_6
12:16:50.768 (index):1093 WAITING_8
12:16:50.770 (index):1093 WAITING_9
12:16:50.867 (index):1093 WAITING_3
12:16:50.970 (index):1093 WAITING_7
12:16:51.115 (index):1093 WAITING_0
12:16:51.582 (index):1034 UPDATE_1
12:16:51.614 (index):1034 UPDATE_6
12:16:51.683 (index):1025 THINKING_1
12:16:51.715 (index):1009 NODEACCESSRELEASED_6
12:16:51.770 (index):1093 WAITING_8
12:16:51.771 (index):1093 WAITING_9
12:16:51.867 (index):1093 WAITING_3
12:16:51.971 (index):1093 WAITING_7
12:16:52.116 (index):1093 WAITING_0
12:16:52.170 (index):1037 UPDATE_4
12:16:52.272 (index):1025 THINKING_4
12:16:52.716 (index):1064 ATTRIBUTEACCESSREQUESTED_6
12:16:52.771 (index):1093 WAITING_8
12:16:52.772 (index):1093 WAITING_9
12:16:52.868 (index):1093 WAITING_3
12:16:52.972 (index):1093 WAITING_7
12:16:53.117 (index):1093 WAITING_0
12:16:53.718 (index):1037 UPDATE_6
12:16:53.772 (index):1093 WAITING_8
12:16:53.774 (index):1093 WAITING_9
12:16:53.819 (index):1013 ATTRIBUTEACCESSRELEASED_6
12:16:53.870 (index):1093 WAITING_3
12:16:53.915 (index):1034 UPDATE_2
12:16:53.973 (index):1093 WAITING_7
12:16:54.016 (index):1009 NODEACCESSRELEASED_2
12:16:54.119 (index):1093 WAITING_0
12:16:54.675 (index):1034 UPDATE_5
12:16:54.774 (index):1093 WAITING_8
12:16:54.775 (index):1093 WAITING_9
12:16:54.776 (index):1009 NODEACCESSRELEASED_5
12:16:54.820 (index):1070 NODEACCESSREQUESTED_6
12:16:54.871 (index):1093 WAITING_3
12:16:54.974 (index):1093 WAITING_7
12:16:55.017 (index):1070 NODEACCESSREQUESTED_2
12:16:55.038 (index):1037 UPDATE_4
12:16:55.120 (index):1093 WAITING_0
12:16:55.139 (index):1013 ATTRIBUTEACCESSRELEASED_4
12:16:55.775 (index):1093 WAITING_8
12:16:55.776 (index):1093 WAITING_9
12:16:55.777 (index):1070 NODEACCESSREQUESTED_5
12:16:55.821 (index):1034 UPDATE_6
12:16:55.872 (index):1093 WAITING_3
12:16:55.922 (index):1009 NODEACCESSRELEASED_6
12:16:55.976 (index):1093 WAITING_7
12:16:56.018 (index):1034 UPDATE_2
12:16:56.120 (index):1009 NODEACCESSRELEASED_2
12:16:56.122 (index):1093 WAITING_0
12:16:56.140 (index):1070 NODEACCESSREQUESTED_4
12:16:56.293 (index):1034 UPDATE_1
12:16:56.394 (index):1025 THINKING_1
12:16:56.776 (index):1093 WAITING_8
12:16:56.777 (index):1093 WAITING_9
12:16:56.778 (index):1034 UPDATE_5
12:16:56.873 (index):1093 WAITING_3
12:16:56.879 (index):1009 NODEACCESSRELEASED_5
12:16:56.923 (index):1070 NODEACCESSREQUESTED_6
12:16:56.977 (index):1093 WAITING_7
12:16:57.121 (index):1070 NODEACCESSREQUESTED_2
12:16:57.122 (index):1093 WAITING_0
12:16:57.141 (index):1034 UPDATE_4
12:16:57.242 (index):1009 NODEACCESSRELEASED_4
12:16:57.777 (index):1093 WAITING_8
12:16:57.779 (index):1093 WAITING_9
12:16:57.875 (index):1093 WAITING_3
12:16:57.880 (index):1070 NODEACCESSREQUESTED_5
12:16:57.925 (index):1034 UPDATE_6
12:16:57.978 (index):1093 WAITING_7
12:16:58.026 (index):1104 END_6
12:16:58.122 (index):1034 UPDATE_2
12:16:58.124 (index):1093 WAITING_0
12:16:58.224 (index):1009 NODEACCESSRELEASED_2
12:16:58.243 (index):1070 NODEACCESSREQUESTED_4
12:16:58.779 (index):1093 WAITING_8
12:16:58.780 (index):1093 WAITING_9
12:16:58.876 (index):1093 WAITING_3
12:16:58.881 (index):1034 UPDATE_5
12:16:58.980 (index):1093 WAITING_7
12:16:58.983 (index):1009 NODEACCESSRELEASED_5
12:16:59.125 (index):1093 WAITING_0
12:16:59.225 (index):1070 NODEACCESSREQUESTED_2
12:16:59.245 (index):1034 UPDATE_4
12:16:59.346 (index):1025 THINKING_4
12:16:59.780 (index):1093 WAITING_8
12:16:59.781 (index):1093 WAITING_9
12:16:59.877 (index):1093 WAITING_3
12:16:59.981 (index):1093 WAITING_7
12:16:59.983 (index):1070 NODEACCESSREQUESTED_5
12:17:00.126 (index):1093 WAITING_0
12:17:00.227 (index):1034 UPDATE_2
12:17:00.328 (index):1009 NODEACCESSRELEASED_2
12:17:00.587 (index):1034 UPDATE_1
12:17:00.688 (index):1009 NODEACCESSRELEASED_1
12:17:00.781 (index):1093 WAITING_8
12:17:00.783 (index):1093 WAITING_9
12:17:00.879 (index):1093 WAITING_3
12:17:00.982 (index):1093 WAITING_7
12:17:00.984 (index):1034 UPDATE_5
12:17:01.085 (index):1009 NODEACCESSRELEASED_5
12:17:01.127 (index):1093 WAITING_0
12:17:01.329 (index):1070 NODEACCESSREQUESTED_2
12:17:01.689 (index):1070 NODEACCESSREQUESTED_1
12:17:01.783 (index):1093 WAITING_8
12:17:01.784 (index):1093 WAITING_9
12:17:01.880 (index):1093 WAITING_3
12:17:01.983 (index):1093 WAITING_7
12:17:02.086 (index):1070 NODEACCESSREQUESTED_5
12:17:02.128 (index):1093 WAITING_0
12:17:02.331 (index):1034 UPDATE_2
12:17:02.432 (index):1104 END_2
12:17:02.691 (index):1034 UPDATE_1
12:17:02.784 (index):1093 WAITING_8
12:17:02.785 (index):1093 WAITING_9
12:17:02.791 (index):1025 THINKING_1
12:17:02.881 (index):1093 WAITING_3
12:17:02.988 (index):1093 WAITING_7
12:17:03.087 (index):1034 UPDATE_5
12:17:03.129 (index):1093 WAITING_0
12:17:03.189 (index):1104 END_5
12:17:03.736 (index):1034 UPDATE_4
12:17:03.785 (index):1093 WAITING_8
12:17:03.787 (index):1093 WAITING_9
12:17:03.838 (index):1104 END_4
12:17:03.882 (index):1093 WAITING_3
12:17:03.989 (index):1093 WAITING_7
12:17:04.131 (index):1093 WAITING_0
12:17:04.787 (index):1093 WAITING_8
12:17:04.788 (index):1093 WAITING_9
12:17:04.884 (index):1093 WAITING_3
12:17:04.970 (index):1034 UPDATE_1
12:17:04.991 (index):1093 WAITING_7
12:17:05.071 (index):1009 NODEACCESSRELEASED_1
12:17:05.132 (index):1093 WAITING_0
12:17:05.788 (index):1025 THINKING_8
12:17:05.789 (index):1093 WAITING_9
12:17:05.885 (index):1093 WAITING_3
12:17:05.992 (index):1093 WAITING_7
12:17:06.072 (index):1070 NODEACCESSREQUESTED_1
12:17:06.134 (index):1093 WAITING_0
12:17:06.790 (index):1093 WAITING_9
12:17:06.886 (index):1093 WAITING_3
12:17:06.993 (index):1093 WAITING_7
12:17:07.073 (index):1093 WAITING_1
12:17:07.135 (index):1093 WAITING_0
12:17:07.791 (index):1093 WAITING_9
12:17:07.814 (index):1034 UPDATE_8
12:17:07.887 (index):1093 WAITING_3
12:17:07.915 (index):1025 THINKING_8
12:17:07.994 (index):1093 WAITING_7
12:17:08.075 (index):1093 WAITING_1
12:17:08.136 (index):1093 WAITING_0
12:17:08.793 (index):1093 WAITING_9
12:17:08.888 (index):1093 WAITING_3
12:17:08.996 (index):1093 WAITING_7
12:17:09.076 (index):1093 WAITING_1
12:17:09.137 (index):1093 WAITING_0
12:17:09.794 (index):1093 WAITING_9
12:17:09.890 (index):1093 WAITING_3
12:17:09.997 (index):1093 WAITING_7
12:17:10.077 (index):1093 WAITING_1
12:17:10.138 (index):1093 WAITING_0
12:17:10.795 (index):1093 WAITING_9
12:17:10.891 (index):1093 WAITING_3
12:17:10.998 (index):1093 WAITING_7
12:17:11.078 (index):1093 WAITING_1
12:17:11.140 (index):1093 WAITING_0
12:17:11.797 (index):1093 WAITING_9
12:17:11.892 (index):1093 WAITING_3
12:17:12.000 (index):1093 WAITING_7
12:17:12.080 (index):1093 WAITING_1
12:17:12.141 (index):1093 WAITING_0
12:17:12.356 (index):1034 UPDATE_8
12:17:12.457 (index):1009 NODEACCESSRELEASED_8
12:17:12.798 (index):1009 NODEACCESSRELEASED_9
12:17:12.894 (index):1034 UPDATE_3
12:17:12.995 (index):1025 THINKING_3
12:17:13.001 (index):1093 WAITING_7
12:17:13.081 (index):1093 WAITING_1
12:17:13.142 (index):1093 WAITING_0
12:17:13.458 (index):1064 ATTRIBUTEACCESSREQUESTED_8
12:17:13.799 (index):1070 NODEACCESSREQUESTED_9
12:17:14.002 (index):1093 WAITING_7
12:17:14.082 (index):1093 WAITING_1
12:17:14.143 (index):1093 WAITING_0
12:17:14.460 (index):1037 UPDATE_8
12:17:14.561 (index):1025 THINKING_8
12:17:14.802 (index):1093 WAITING_9
12:17:15.003 (index):1093 WAITING_7
12:17:15.083 (index):1093 WAITING_1
12:17:15.144 (index):1093 WAITING_0
12:17:15.803 (index):1093 WAITING_9
12:17:16.005 (index):1093 WAITING_7
12:17:16.084 (index):1093 WAITING_1
12:17:16.146 (index):1093 WAITING_0
12:17:16.804 (index):1093 WAITING_9
12:17:17.006 (index):1093 WAITING_7
12:17:17.086 (index):1093 WAITING_1
12:17:17.112 (index):1034 UPDATE_3
12:17:17.147 (index):1093 WAITING_0
12:17:17.214 (index):1009 NODEACCESSRELEASED_3
12:17:17.805 (index):1093 WAITING_9
12:17:18.007 (index):1034 UPDATE_7
12:17:18.087 (index):1093 WAITING_1
12:17:18.108 (index):1025 THINKING_7
12:17:18.148 (index):1093 WAITING_0
12:17:18.215 (index):1064 ATTRIBUTEACCESSREQUESTED_3
12:17:18.807 (index):1093 WAITING_9
12:17:19.084 (index):1037 UPDATE_8
12:17:19.088 (index):1093 WAITING_1
12:17:19.150 (index):1093 WAITING_0
12:17:19.185 (index):1013 ATTRIBUTEACCESSRELEASED_8
12:17:19.217 (index):1037 UPDATE_3
12:17:19.318 (index):1013 ATTRIBUTEACCESSRELEASED_3
12:17:19.808 (index):1093 WAITING_9
12:17:20.089 (index):1093 WAITING_1
12:17:20.151 (index):1093 WAITING_0
12:17:20.187 (index):1064 ATTRIBUTEACCESSREQUESTED_8
12:17:20.280 (index):1034 UPDATE_7
12:17:20.319 (index):1070 NODEACCESSREQUESTED_3
12:17:20.382 (index):1009 NODEACCESSRELEASED_7
12:17:20.809 (index):1093 WAITING_9
12:17:21.091 (index):1093 WAITING_1
12:17:21.152 (index):1034 UPDATE_0
12:17:21.188 (index):1037 UPDATE_8
12:17:21.253 (index):1025 THINKING_0
12:17:21.289 (index):1013 ATTRIBUTEACCESSRELEASED_8
12:17:21.320 (index):1093 WAITING_3
12:17:21.383 (index):1064 ATTRIBUTEACCESSREQUESTED_7
12:17:21.811 (index):1093 WAITING_9
12:17:22.092 (index):1093 WAITING_1
12:17:22.290 (index):1070 NODEACCESSREQUESTED_8
12:17:22.321 (index):1093 WAITING_3
12:17:22.384 (index):1037 UPDATE_7
12:17:22.486 (index):1025 THINKING_7
12:17:22.812 (index):1093 WAITING_9
12:17:23.093 (index):1093 WAITING_1
12:17:23.292 (index):1093 WAITING_8
12:17:23.322 (index):1093 WAITING_3
12:17:23.410 (index):1034 UPDATE_0
12:17:23.511 (index):1009 NODEACCESSRELEASED_0
12:17:23.813 (index):1093 WAITING_9
12:17:24.094 (index):1034 UPDATE_1
12:17:24.195 (index):1104 END_1
12:17:24.293 (index):1093 WAITING_8
12:17:24.323 (index):1093 WAITING_3
12:17:24.513 (index):1070 NODEACCESSREQUESTED_0
12:17:24.815 (index):1034 UPDATE_9
12:17:24.916 (index):1025 THINKING_9
12:17:25.294 (index):1093 WAITING_8
12:17:25.325 (index):1093 WAITING_3
12:17:25.514 (index):1034 UPDATE_0
12:17:25.615 (index):1009 NODEACCESSRELEASED_0
12:17:26.296 (index):1093 WAITING_8
12:17:26.326 (index):1093 WAITING_3
12:17:26.617 (index):1070 NODEACCESSREQUESTED_0
12:17:27.124 (index):1037 UPDATE_7
12:17:27.225 (index):1013 ATTRIBUTEACCESSRELEASED_7
12:17:27.297 (index):1093 WAITING_8
12:17:27.327 (index):1093 WAITING_3
12:17:27.618 (index):1034 UPDATE_0
12:17:27.719 (index):1025 THINKING_0
12:17:28.227 (index):1070 NODEACCESSREQUESTED_7
12:17:28.298 (index):1093 WAITING_8
12:17:28.328 (index):1093 WAITING_3
12:17:29.228 (index):1034 UPDATE_7
12:17:29.299 (index):1093 WAITING_8
12:17:29.329 (index):1093 WAITING_3
12:17:29.330 (index):1009 NODEACCESSRELEASED_7
12:17:29.428 (index):1034 UPDATE_9
12:17:29.530 (index):1025 THINKING_9
12:17:30.301 (index):1093 WAITING_8
12:17:30.330 (index):1093 WAITING_3
12:17:30.331 (index):1070 NODEACCESSREQUESTED_7
12:17:31.302 (index):1093 WAITING_8
12:17:31.331 (index):1093 WAITING_3
12:17:31.333 (index):1034 UPDATE_7
12:17:31.434 (index):1009 NODEACCESSRELEASED_7
12:17:31.714 (index):1034 UPDATE_0
12:17:31.815 (index):1009 NODEACCESSRELEASED_0
12:17:31.936 (index):1034 UPDATE_9
12:17:32.037 (index):1009 NODEACCESSRELEASED_9
12:17:32.303 (index):1093 WAITING_8
12:17:32.333 (index):1034 UPDATE_3
12:17:32.434 (index):1009 NODEACCESSRELEASED_3
12:17:32.435 (index):1064 ATTRIBUTEACCESSREQUESTED_7
12:17:32.816 (index):1064 ATTRIBUTEACCESSREQUESTED_0
12:17:33.039 (index):1064 ATTRIBUTEACCESSREQUESTED_9
12:17:33.304 (index):1034 UPDATE_8
12:17:33.406 (index):1025 THINKING_8
12:17:33.435 (index):1070 NODEACCESSREQUESTED_3
12:17:33.437 (index):1037 UPDATE_7
12:17:33.538 (index):1013 ATTRIBUTEACCESSRELEASED_7
12:17:33.818 (index):1037 UPDATE_0
12:17:33.919 (index):1013 ATTRIBUTEACCESSRELEASED_0
12:17:34.040 (index):1037 UPDATE_9
12:17:34.141 (index):1013 ATTRIBUTEACCESSRELEASED_9
12:17:34.437 (index):1034 UPDATE_3
12:17:34.538 (index):1009 NODEACCESSRELEASED_3
12:17:34.539 (index):1070 NODEACCESSREQUESTED_7
12:17:34.920 (index):1070 NODEACCESSREQUESTED_0
12:17:35.143 (index):1064 ATTRIBUTEACCESSREQUESTED_9
12:17:35.539 (index):1070 NODEACCESSREQUESTED_3
12:17:35.541 (index):1034 UPDATE_7
12:17:35.642 (index):1009 NODEACCESSRELEASED_7
12:17:35.922 (index):1034 UPDATE_0
12:17:36.023 (index):1009 NODEACCESSRELEASED_0
12:17:36.143 (index):1037 UPDATE_9
12:17:36.244 (index):1013 ATTRIBUTEACCESSRELEASED_9
12:17:36.541 (index):1034 UPDATE_3
12:17:36.642 (index):1009 NODEACCESSRELEASED_3
12:17:36.643 (index):1064 ATTRIBUTEACCESSREQUESTED_7
12:17:36.703 (index):1034 UPDATE_8
12:17:36.804 (index):1009 NODEACCESSRELEASED_8
12:17:37.024 (index):1070 NODEACCESSREQUESTED_0
12:17:37.246 (index):1070 NODEACCESSREQUESTED_9
12:17:37.643 (index):1070 NODEACCESSREQUESTED_3
12:17:37.645 (index):1037 UPDATE_7
12:17:37.746 (index):1025 THINKING_7
12:17:37.805 (index):1070 NODEACCESSREQUESTED_8
12:17:38.026 (index):1034 UPDATE_0
12:17:38.127 (index):1104 END_0
12:17:38.247 (index):1034 UPDATE_9
12:17:38.348 (index):1025 THINKING_9
12:17:38.645 (index):1034 UPDATE_3
12:17:38.746 (index):1025 THINKING_3
12:17:38.806 (index):1034 UPDATE_8
12:17:38.907 (index):1009 NODEACCESSRELEASED_8
12:17:39.908 (index):1070 NODEACCESSREQUESTED_8
12:17:40.909 (index):1034 UPDATE_8
12:17:41.011 (index):1009 NODEACCESSRELEASED_8
12:17:41.153 (index):1034 UPDATE_3
12:17:41.182 (index):1037 UPDATE_7
12:17:41.254 (index):1009 NODEACCESSRELEASED_3
12:17:41.283 (index):1013 ATTRIBUTEACCESSRELEASED_7
12:17:41.460 (index):1034 UPDATE_9
12:17:41.561 (index):1009 NODEACCESSRELEASED_9
12:17:42.012 (index):1070 NODEACCESSREQUESTED_8
12:17:42.256 (index):1064 ATTRIBUTEACCESSREQUESTED_3
12:17:42.284 (index):1070 NODEACCESSREQUESTED_7
12:17:42.562 (index):1070 NODEACCESSREQUESTED_9
12:17:43.013 (index):1034 UPDATE_8
12:17:43.115 (index):1009 NODEACCESSRELEASED_8
12:17:43.256 (index):1037 UPDATE_3
12:17:43.285 (index):1034 UPDATE_7
12:17:43.358 (index):1013 ATTRIBUTEACCESSRELEASED_3
12:17:43.386 (index):1104 END_7
12:17:43.564 (index):1034 UPDATE_9
12:17:43.665 (index):1009 NODEACCESSRELEASED_9
12:17:44.116 (index):1070 NODEACCESSREQUESTED_8
12:17:44.359 (index):1064 ATTRIBUTEACCESSREQUESTED_3
12:17:44.666 (index):1064 ATTRIBUTEACCESSREQUESTED_9
12:17:45.117 (index):1034 UPDATE_8
12:17:45.219 (index):1009 NODEACCESSRELEASED_8
12:17:45.361 (index):1037 UPDATE_3
12:17:45.462 (index):1025 THINKING_3
12:17:45.668 (index):1037 UPDATE_9
12:17:45.769 (index):1025 THINKING_9
12:17:46.220 (index):1064 ATTRIBUTEACCESSREQUESTED_8
12:17:47.221 (index):1093 WAITING_8
12:17:47.800 (index):1037 UPDATE_3
12:17:47.901 (index):1013 ATTRIBUTEACCESSRELEASED_3
12:17:48.223 (index):1093 WAITING_8
12:17:48.902 (index):1070 NODEACCESSREQUESTED_3
12:17:49.224 (index):1093 WAITING_8
12:17:49.392 (index):1037 UPDATE_9
12:17:49.494 (index):1013 ATTRIBUTEACCESSRELEASED_9
12:17:49.904 (index):1034 UPDATE_3
12:17:50.005 (index):1104 END_3
12:17:50.225 (index):1037 UPDATE_8
12:17:50.327 (index):1013 ATTRIBUTEACCESSRELEASED_8
12:17:50.495 (index):1064 ATTRIBUTEACCESSREQUESTED_9
12:17:51.328 (index):1070 NODEACCESSREQUESTED_8
12:17:51.496 (index):1037 UPDATE_9
12:17:51.598 (index):1013 ATTRIBUTEACCESSRELEASED_9
12:17:52.330 (index):1034 UPDATE_8
12:17:52.431 (index):1104 END_8
12:17:52.599 (index):1070 NODEACCESSREQUESTED_9
12:17:53.600 (index):1034 UPDATE_9
12:17:53.702 (index):1009 NODEACCESSRELEASED_9
12:17:54.703 (index):1070 NODEACCESSREQUESTED_9
12:17:55.704 (index):1034 UPDATE_9
12:17:55.806 (index):1104 END_9
