12:13:53.425 (index):1251 Tasks: 25; Collaborators: 8    =========================>
12:13:53.426 (index):1064 ATTRIBUTEACCESSREQUESTED_0
12:13:53.428 (index):1070 NODEACCESSREQUESTED_1
12:13:53.429 (index):1070 NODEACCESSREQUESTED_2
12:13:53.430 (index):1064 ATTRIBUTEACCESSREQUESTED_3
12:13:53.431 (index):1064 ATTRIBUTEACCESSREQUESTED_4
12:13:53.431 (index):1070 NODEACCESSREQUESTED_5
12:13:53.432 (index):1070 NODEACCESSREQUESTED_6
12:13:53.433 (index):1064 ATTRIBUTEACCESSREQUESTED_7
12:13:54.428 (index):1025 THINKING_0
12:13:54.429 (index):1025 THINKING_1
12:13:54.430 (index):1009 NODEACCESSRELEASED_2
12:13:54.431 (index):1013 ATTRIBUTEACCESSRELEASED_3
12:13:54.432 (index):1013 ATTRIBUTEACCESSRELEASED_4
12:13:54.433 (index):1009 NODEACCESSRELEASED_5
12:13:54.434 (index):1025 THINKING_6
12:13:54.435 (index):1013 ATTRIBUTEACCESSRELEASED_7
12:13:55.431 (index):1070 NODEACCESSREQUESTED_2
12:13:55.432 (index):1064 ATTRIBUTEACCESSREQUESTED_3
12:13:55.433 (index):1064 ATTRIBUTEACCESSREQUESTED_4
12:13:55.434 (index):1070 NODEACCESSREQUESTED_5
12:13:55.436 (index):1064 ATTRIBUTEACCESSREQUESTED_7
12:13:56.432 (index):1034 UPDATE_2
12:13:56.433 (index):1037 UPDATE_3
12:13:56.434 (index):1037 UPDATE_4
12:13:56.435 (index):1034 UPDATE_5
12:13:56.437 (index):1093 WAITING_7
12:13:56.533 (index):1009 NODEACCESSRELEASED_2
12:13:56.535 (index):1013 ATTRIBUTEACCESSRELEASED_3
12:13:56.536 (index):1013 ATTRIBUTEACCESSRELEASED_4
12:13:56.537 (index):1025 THINKING_5
12:13:57.153 (index):1034 UPDATE_6
12:13:57.254 (index):1009 NODEACCESSRELEASED_6
12:13:57.375 (index):1034 UPDATE_1
12:13:57.438 (index):1037 UPDATE_7
12:13:57.477 (index):1009 NODEACCESSRELEASED_1
12:13:57.535 (index):1070 NODEACCESSREQUESTED_2
12:13:57.536 (index):1070 NODEACCESSREQUESTED_3
12:13:57.537 (index):1070 NODEACCESSREQUESTED_4
12:13:57.539 (index):1013 ATTRIBUTEACCESSRELEASED_7
12:13:58.255 (index):1064 ATTRIBUTEACCESSREQUESTED_6
12:13:58.478 (index):1070 NODEACCESSREQUESTED_1
12:13:58.536 (index):1034 UPDATE_2
12:13:58.537 (index):1034 UPDATE_3
12:13:58.539 (index):1034 UPDATE_4
12:13:58.540 (index):1070 NODEACCESSREQUESTED_7
12:13:58.637 (index):1009 NODEACCESSRELEASED_2
12:13:58.639 (index):1025 THINKING_3
12:13:58.640 (index):1009 NODEACCESSRELEASED_4
12:13:58.777 (index):1037 UPDATE_0
12:13:58.879 (index):1013 ATTRIBUTEACCESSRELEASED_0
12:13:58.952 (index):1034 UPDATE_5
12:13:59.053 (index):1009 NODEACCESSRELEASED_5
12:13:59.256 (index):1037 UPDATE_6
12:13:59.357 (index):1013 ATTRIBUTEACCESSRELEASED_6
12:13:59.479 (index):1093 WAITING_1
12:13:59.541 (index):1093 WAITING_7
12:13:59.639 (index):1064 ATTRIBUTEACCESSREQUESTED_2
12:13:59.642 (index):1064 ATTRIBUTEACCESSREQUESTED_4
12:13:59.880 (index):1064 ATTRIBUTEACCESSREQUESTED_0
12:14:00.054 (index):1070 NODEACCESSREQUESTED_5
12:14:00.358 (index):1070 NODEACCESSREQUESTED_6
12:14:00.481 (index):1093 WAITING_1
12:14:00.543 (index):1093 WAITING_7
12:14:00.640 (index):1037 UPDATE_2
12:14:00.643 (index):1037 UPDATE_4
12:14:00.742 (index):1025 THINKING_2
12:14:00.744 (index):1013 ATTRIBUTEACCESSRELEASED_4
12:14:00.881 (index):1037 UPDATE_0
12:14:00.983 (index):1013 ATTRIBUTEACCESSRELEASED_0
12:14:01.056 (index):1034 UPDATE_5
12:14:01.157 (index):1025 THINKING_5
12:14:01.360 (index):1034 UPDATE_6
12:14:01.461 (index):1009 NODEACCESSRELEASED_6
12:14:01.482 (index):1093 WAITING_1
12:14:01.544 (index):1093 WAITING_7
12:14:01.746 (index):1070 NODEACCESSREQUESTED_4
12:14:01.984 (index):1070 NODEACCESSREQUESTED_0
12:14:02.462 (index):1070 NODEACCESSREQUESTED_6
12:14:02.483 (index):1093 WAITING_1
12:14:02.545 (index):1093 WAITING_7
12:14:02.747 (index):1034 UPDATE_4
12:14:02.756 (index):1034 UPDATE_3
12:14:02.849 (index):1009 NODEACCESSRELEASED_4
12:14:02.857 (index):1009 NODEACCESSRELEASED_3
12:14:02.985 (index):1034 UPDATE_0
12:14:03.086 (index):1025 THINKING_0
12:14:03.461 (index):1037 UPDATE_2
12:14:03.463 (index):1093 WAITING_6
12:14:03.484 (index):1093 WAITING_1
12:14:03.547 (index):1093 WAITING_7
12:14:03.562 (index):1013 ATTRIBUTEACCESSRELEASED_2
12:14:03.850 (index):1064 ATTRIBUTEACCESSREQUESTED_4
12:14:03.859 (index):1064 ATTRIBUTEACCESSREQUESTED_3
12:14:04.297 (index):1034 UPDATE_5
12:14:04.399 (index):1009 NODEACCESSRELEASED_5
12:14:04.464 (index):1093 WAITING_6
12:14:04.485 (index):1093 WAITING_1
12:14:04.548 (index):1093 WAITING_7
12:14:04.564 (index):1064 ATTRIBUTEACCESSREQUESTED_2
12:14:04.851 (index):1037 UPDATE_4
12:14:04.859 (index):1093 WAITING_3
12:14:04.953 (index):1025 THINKING_4
12:14:05.400 (index):1064 ATTRIBUTEACCESSREQUESTED_5
12:14:05.466 (index):1093 WAITING_6
12:14:05.486 (index):1093 WAITING_1
12:14:05.548 (index):1093 WAITING_7
12:14:05.564 (index):1037 UPDATE_2
12:14:05.656 (index):1034 UPDATE_0
12:14:05.666 (index):1013 ATTRIBUTEACCESSRELEASED_2
12:14:05.758 (index):1025 THINKING_0
12:14:05.861 (index):1093 WAITING_3
12:14:06.401 (index):1037 UPDATE_5
12:14:06.467 (index):1093 WAITING_6
12:14:06.487 (index):1093 WAITING_1
12:14:06.503 (index):1025 THINKING_5
12:14:06.549 (index):1093 WAITING_7
12:14:06.667 (index):1070 NODEACCESSREQUESTED_2
12:14:06.862 (index):1093 WAITING_3
12:14:07.391 (index):1037 UPDATE_4
12:14:07.468 (index):1093 WAITING_6
12:14:07.489 (index):1093 WAITING_1
12:14:07.492 (index):1013 ATTRIBUTEACCESSRELEASED_4
12:14:07.550 (index):1093 WAITING_7
12:14:07.668 (index):1034 UPDATE_2
12:14:07.770 (index):1025 THINKING_2
12:14:07.863 (index):1037 UPDATE_3
12:14:07.965 (index):1013 ATTRIBUTEACCESSRELEASED_3
12:14:08.469 (index):1093 WAITING_6
12:14:08.490 (index):1093 WAITING_1
12:14:08.493 (index):1064 ATTRIBUTEACCESSREQUESTED_4
12:14:08.551 (index):1093 WAITING_7
12:14:08.966 (index):1070 NODEACCESSREQUESTED_3
12:14:09.470 (index):1093 WAITING_6
12:14:09.492 (index):1093 WAITING_1
12:14:09.495 (index):1037 UPDATE_4
12:14:09.552 (index):1093 WAITING_7
12:14:09.596 (index):1025 THINKING_4
12:14:09.967 (index):1034 UPDATE_3
12:14:10.069 (index):1009 NODEACCESSRELEASED_3
12:14:10.321 (index):1034 UPDATE_2
12:14:10.422 (index):1025 THINKING_2
12:14:10.472 (index):1093 WAITING_6
12:14:10.493 (index):1093 WAITING_1
12:14:10.553 (index):1093 WAITING_7
12:14:10.700 (index):1034 UPDATE_0
12:14:10.801 (index):1009 NODEACCESSRELEASED_0
12:14:11.070 (index):1070 NODEACCESSREQUESTED_3
12:14:11.085 (index):1037 UPDATE_5
12:14:11.186 (index):1025 THINKING_5
12:14:11.473 (index):1093 WAITING_6
12:14:11.494 (index):1093 WAITING_1
12:14:11.554 (index):1093 WAITING_7
12:14:11.802 (index):1070 NODEACCESSREQUESTED_0
12:14:12.071 (index):1034 UPDATE_3
12:14:12.173 (index):1009 NODEACCESSRELEASED_3
12:14:12.474 (index):1093 WAITING_6
12:14:12.495 (index):1093 WAITING_1
12:14:12.555 (index):1093 WAITING_7
12:14:12.650 (index):1034 UPDATE_2
12:14:12.751 (index):1025 THINKING_2
12:14:12.804 (index):1034 UPDATE_0
12:14:12.905 (index):1025 THINKING_0
12:14:13.174 (index):1070 NODEACCESSREQUESTED_3
12:14:13.228 (index):1037 UPDATE_5
12:14:13.330 (index):1013 ATTRIBUTEACCESSRELEASED_5
12:14:13.475 (index):1093 WAITING_6
12:14:13.496 (index):1093 WAITING_1
12:14:13.556 (index):1093 WAITING_7
12:14:13.805 (index):1037 UPDATE_4
12:14:13.907 (index):1025 THINKING_4
12:14:14.176 (index):1034 UPDATE_3
12:14:14.277 (index):1009 NODEACCESSRELEASED_3
12:14:14.331 (index):1070 NODEACCESSREQUESTED_5
12:14:14.477 (index):1093 WAITING_6
12:14:14.497 (index):1093 WAITING_1
12:14:14.557 (index):1093 WAITING_7
12:14:15.061 (index):1034 UPDATE_0
12:14:15.162 (index):1009 NODEACCESSRELEASED_0
12:14:15.279 (index):1070 NODEACCESSREQUESTED_3
12:14:15.332 (index):1034 UPDATE_5
12:14:15.434 (index):1025 THINKING_5
12:14:15.478 (index):1093 WAITING_6
12:14:15.499 (index):1093 WAITING_1
12:14:15.559 (index):1093 WAITING_7
12:14:16.163 (index):1070 NODEACCESSREQUESTED_0
12:14:16.280 (index):1034 UPDATE_3
12:14:16.381 (index):1025 THINKING_3
12:14:16.479 (index):1093 WAITING_6
12:14:16.499 (index):1093 WAITING_1
12:14:16.560 (index):1093 WAITING_7
12:14:17.165 (index):1034 UPDATE_0
12:14:17.266 (index):1009 NODEACCESSRELEASED_0
12:14:17.481 (index):1093 WAITING_6
12:14:17.501 (index):1093 WAITING_1
12:14:17.561 (index):1093 WAITING_7
12:14:17.606 (index):1034 UPDATE_2
12:14:17.708 (index):1009 NODEACCESSRELEASED_2
12:14:17.866 (index):1037 UPDATE_4
12:14:17.967 (index):1025 THINKING_4
12:14:18.267 (index):1070 NODEACCESSREQUESTED_0
12:14:18.481 (index):1093 WAITING_6
12:14:18.502 (index):1093 WAITING_1
12:14:18.562 (index):1093 WAITING_7
12:14:18.709 (index):1070 NODEACCESSREQUESTED_2
12:14:18.788 (index):1034 UPDATE_3
12:14:18.889 (index):1009 NODEACCESSRELEASED_3
12:14:19.268 (index):1034 UPDATE_0
12:14:19.370 (index):1025 THINKING_0
12:14:19.483 (index):1093 WAITING_6
12:14:19.504 (index):1093 WAITING_1
12:14:19.563 (index):1093 WAITING_7
12:14:19.710 (index):1034 UPDATE_2
12:14:19.811 (index):1009 NODEACCESSRELEASED_2
12:14:19.890 (index):1064 ATTRIBUTEACCESSREQUESTED_3
12:14:20.369 (index):1034 UPDATE_5
12:14:20.470 (index):1009 NODEACCESSRELEASED_5
12:14:20.484 (index):1093 WAITING_6
12:14:20.505 (index):1093 WAITING_1
12:14:20.564 (index):1093 WAITING_7
12:14:20.734 (index):1037 UPDATE_4
12:14:20.812 (index):1070 NODEACCESSREQUESTED_2
12:14:20.835 (index):1013 ATTRIBUTEACCESSRELEASED_4
12:14:20.891 (index):1037 UPDATE_3
12:14:20.993 (index):1013 ATTRIBUTEACCESSRELEASED_3
12:14:21.472 (index):1070 NODEACCESSREQUESTED_5
12:14:21.485 (index):1093 WAITING_6
12:14:21.506 (index):1093 WAITING_1
12:14:21.566 (index):1093 WAITING_7
12:14:21.814 (index):1034 UPDATE_2
12:14:21.836 (index):1070 NODEACCESSREQUESTED_4
12:14:21.915 (index):1009 NODEACCESSRELEASED_2
12:14:21.994 (index):1064 ATTRIBUTEACCESSREQUESTED_3
12:14:22.473 (index):1034 UPDATE_5
12:14:22.486 (index):1093 WAITING_6
12:14:22.507 (index):1093 WAITING_1
12:14:22.567 (index):1093 WAITING_7
12:14:22.574 (index):1009 NODEACCESSRELEASED_5
12:14:22.837 (index):1034 UPDATE_4
12:14:22.916 (index):1070 NODEACCESSREQUESTED_2
12:14:22.938 (index):1009 NODEACCESSRELEASED_4
12:14:22.995 (index):1037 UPDATE_3
12:14:23.097 (index):1025 THINKING_3
12:14:23.365 (index):1034 UPDATE_0
12:14:23.466 (index):1009 NODEACCESSRELEASED_0
12:14:23.488 (index):1093 WAITING_6
12:14:23.508 (index):1093 WAITING_1
12:14:23.568 (index):1093 WAITING_7
12:14:23.575 (index):1070 NODEACCESSREQUESTED_5
12:14:23.918 (index):1034 UPDATE_2
12:14:23.939 (index):1070 NODEACCESSREQUESTED_4
12:14:24.019 (index):1009 NODEACCESSRELEASED_2
12:14:24.468 (index):1064 ATTRIBUTEACCESSREQUESTED_0
12:14:24.489 (index):1093 WAITING_6
12:14:24.510 (index):1093 WAITING_1
12:14:24.569 (index):1093 WAITING_7
12:14:24.577 (index):1034 UPDATE_5
12:14:24.678 (index):1009 NODEACCESSRELEASED_5
12:14:24.941 (index):1034 UPDATE_4
12:14:25.020 (index):1070 NODEACCESSREQUESTED_2
12:14:25.042 (index):1025 THINKING_4
12:14:25.435 (index):1037 UPDATE_3
12:14:25.469 (index):1037 UPDATE_0
12:14:25.490 (index):1093 WAITING_6
12:14:25.511 (index):1093 WAITING_1
12:14:25.537 (index):1013 ATTRIBUTEACCESSRELEASED_3
12:14:25.571 (index):1013 ATTRIBUTEACCESSRELEASED_0
12:14:25.572 (index):1093 WAITING_7
12:14:25.679 (index):1070 NODEACCESSREQUESTED_5
12:14:26.021 (index):1034 UPDATE_2
12:14:26.123 (index):1104 END_2
12:14:26.491 (index):1093 WAITING_6
12:14:26.512 (index):1093 WAITING_1
12:14:26.538 (index):1070 NODEACCESSREQUESTED_3
12:14:26.572 (index):1070 NODEACCESSREQUESTED_0
12:14:26.573 (index):1093 WAITING_7
12:14:26.680 (index):1034 UPDATE_5
12:14:26.781 (index):1009 NODEACCESSRELEASED_5
12:14:27.492 (index):1093 WAITING_6
12:14:27.513 (index):1093 WAITING_1
12:14:27.539 (index):1034 UPDATE_3
12:14:27.573 (index):1034 UPDATE_0
12:14:27.574 (index):1093 WAITING_7
12:14:27.640 (index):1104 END_3
12:14:27.674 (index):1009 NODEACCESSRELEASED_0
12:14:27.783 (index):1070 NODEACCESSREQUESTED_5
12:14:28.494 (index):1093 WAITING_6
12:14:28.514 (index):1093 WAITING_1
12:14:28.575 (index):1093 WAITING_7
12:14:28.675 (index):1070 NODEACCESSREQUESTED_0
12:14:28.784 (index):1034 UPDATE_5
12:14:28.885 (index):1104 END_5
12:14:29.432 (index):1034 UPDATE_4
12:14:29.495 (index):1093 WAITING_6
12:14:29.515 (index):1093 WAITING_1
12:14:29.534 (index):1104 END_4
12:14:29.576 (index):1093 WAITING_7
12:14:29.676 (index):1034 UPDATE_0
12:14:29.777 (index):1104 END_0
12:14:30.496 (index):1093 WAITING_6
12:14:30.516 (index):1034 UPDATE_1
12:14:30.577 (index):1093 WAITING_7
12:14:30.617 (index):1025 THINKING_1
12:14:31.497 (index):1093 WAITING_6
12:14:31.578 (index):1093 WAITING_7
12:14:32.499 (index):1093 WAITING_6
12:14:32.579 (index):1093 WAITING_7
12:14:33.500 (index):1093 WAITING_6
12:14:33.581 (index):1093 WAITING_7
12:14:34.166 (index):1034 UPDATE_1
12:14:34.268 (index):1025 THINKING_1
12:14:34.501 (index):1093 WAITING_6
12:14:34.582 (index):1093 WAITING_7
12:14:35.503 (index):1093 WAITING_6
12:14:35.583 (index):1093 WAITING_7
12:14:36.504 (index):1093 WAITING_6
12:14:36.584 (index):1093 WAITING_7
12:14:37.505 (index):1093 WAITING_6
12:14:37.586 (index):1093 WAITING_7
12:14:38.506 (index):1093 WAITING_6
12:14:38.587 (index):1093 WAITING_7
12:14:38.661 (index):1034 UPDATE_1
12:14:38.763 (index):1009 NODEACCESSRELEASED_1
12:14:39.508 (index):1093 WAITING_6
12:14:39.588 (index):1034 UPDATE_7
12:14:39.690 (index):1009 NODEACCESSRELEASED_7
12:14:39.764 (index):1070 NODEACCESSREQUESTED_1
12:14:40.509 (index):1034 UPDATE_6
12:14:40.610 (index):1009 NODEACCESSRELEASED_6
12:14:40.691 (index):1070 NODEACCESSREQUESTED_7
12:14:40.765 (index):1034 UPDATE_1
12:14:40.866 (index):1025 THINKING_1
12:14:41.612 (index):1070 NODEACCESSREQUESTED_6
12:14:41.692 (index):1034 UPDATE_7
12:14:41.794 (index):1025 THINKING_7
12:14:42.613 (index):1034 UPDATE_6
12:14:42.714 (index):1009 NODEACCESSRELEASED_6
12:14:43.177 (index):1034 UPDATE_1
12:14:43.279 (index):1009 NODEACCESSRELEASED_1
12:14:43.716 (index):1064 ATTRIBUTEACCESSREQUESTED_6
12:14:43.966 (index):1034 UPDATE_7
12:14:44.067 (index):1009 NODEACCESSRELEASED_7
12:14:44.280 (index):1070 NODEACCESSREQUESTED_1
12:14:44.717 (index):1037 UPDATE_6
12:14:44.818 (index):1025 THINKING_6
12:14:45.069 (index):1064 ATTRIBUTEACCESSREQUESTED_7
12:14:45.281 (index):1034 UPDATE_1
12:14:45.383 (index):1025 THINKING_1
12:14:46.070 (index):1037 UPDATE_7
12:14:46.171 (index):1025 THINKING_7
12:14:47.090 (index):1037 UPDATE_6
12:14:47.191 (index):1025 THINKING_6
12:14:48.313 (index):1034 UPDATE_1
12:14:48.414 (index):1025 THINKING_1
12:14:50.145 (index):1037 UPDATE_6
12:14:50.247 (index):1013 ATTRIBUTEACCESSRELEASED_6
12:14:50.810 (index):1037 UPDATE_7
12:14:50.911 (index):1013 ATTRIBUTEACCESSRELEASED_7
12:14:51.248 (index):1070 NODEACCESSREQUESTED_6
12:14:51.912 (index):1070 NODEACCESSREQUESTED_7
12:14:52.249 (index):1034 UPDATE_6
12:14:52.351 (index):1009 NODEACCESSRELEASED_6
12:14:52.914 (index):1034 UPDATE_7
12:14:53.015 (index):1009 NODEACCESSRELEASED_7
12:14:53.024 (index):1034 UPDATE_1
12:14:53.125 (index):1025 THINKING_1
12:14:53.352 (index):1070 NODEACCESSREQUESTED_6
12:14:54.016 (index):1070 NODEACCESSREQUESTED_7
12:14:54.353 (index):1034 UPDATE_6
12:14:54.455 (index):1009 NODEACCESSRELEASED_6
12:14:55.017 (index):1034 UPDATE_7
12:14:55.119 (index):1009 NODEACCESSRELEASED_7
12:14:55.456 (index):1064 ATTRIBUTEACCESSREQUESTED_6
12:14:56.120 (index):1064 ATTRIBUTEACCESSREQUESTED_7
12:14:56.457 (index):1037 UPDATE_6
12:14:56.558 (index):1013 ATTRIBUTEACCESSRELEASED_6
12:14:57.122 (index):1037 UPDATE_7
12:14:57.223 (index):1013 ATTRIBUTEACCESSRELEASED_7
12:14:57.317 (index):1034 UPDATE_1
12:14:57.419 (index):1009 NODEACCESSRELEASED_1
12:14:57.559 (index):1070 NODEACCESSREQUESTED_6
12:14:58.224 (index):1070 NODEACCESSREQUESTED_7
12:14:58.420 (index):1070 NODEACCESSREQUESTED_1
12:14:58.561 (index):1034 UPDATE_6
12:14:58.662 (index):1009 NODEACCESSRELEASED_6
12:14:59.226 (index):1034 UPDATE_7
12:14:59.327 (index):1009 NODEACCESSRELEASED_7
12:14:59.421 (index):1034 UPDATE_1
12:14:59.523 (index):1025 THINKING_1
12:14:59.663 (index):1070 NODEACCESSREQUESTED_6
12:15:00.329 (index):1064 ATTRIBUTEACCESSREQUESTED_7
12:15:00.664 (index):1034 UPDATE_6
12:15:00.765 (index):1104 END_6
12:15:01.330 (index):1037 UPDATE_7
12:15:01.432 (index):1025 THINKING_7
12:15:01.701 (index):1034 UPDATE_1
12:15:01.802 (index):1009 NODEACCESSRELEASED_1
12:15:02.804 (index):1070 NODEACCESSREQUESTED_1
12:15:03.805 (index):1034 UPDATE_1
12:15:03.906 (index):1104 END_1
12:15:04.868 (index):1037 UPDATE_7
12:15:04.969 (index):1013 ATTRIBUTEACCESSRELEASED_7
12:15:05.971 (index):1070 NODEACCESSREQUESTED_7
12:15:06.972 (index):1034 UPDATE_7
12:15:07.073 (index):1104 END_7
