12:15:07.074 (index):1270 Tasks: 25; Collaborators: 9    =========================>
12:15:07.075 (index):1064 ATTRIBUTEACCESSREQUESTED_0
12:15:07.076 (index):1070 NODEACCESSREQUESTED_1
12:15:07.077 (index):1070 NODEACCESSREQUESTED_2
12:15:07.078 (index):1064 ATTRIBUTEACCESSREQUESTED_3
12:15:07.079 (index):1064 ATTRIBUTEACCESSREQUESTED_4
12:15:07.080 (index):1070 NODEACCESSREQUESTED_5
12:15:07.082 (index):1070 NODEACCESSREQUESTED_6
12:15:07.083 (index):1064 ATTRIBUTEACCESSREQUESTED_7
12:15:07.084 (index):1070 NODEACCESSREQUESTED_8
12:15:08.077 (index):1025 THINKING_0
12:15:08.078 (index):1025 THINKING_1
12:15:08.079 (index):1009 NODEACCESSRELEASED_2
12:15:08.079 (index):1013 ATTRIBUTEACCESSRELEASED_3
12:15:08.080 (index):1013 ATTRIBUTEACCESSRELEASED_4
12:15:08.082 (index):1009 NODEACCESSRELEASED_5
12:15:08.083 (index):1025 THINKING_6
12:15:08.084 (index):1013 ATTRIBUTEACCESSRELEASED_7
12:15:08.085 (index):1093 WAITING_8
12:15:09.079 (index):1070 NODEACCESSREQUESTED_2
12:15:09.081 (index):1064 ATTRIBUTEACCESSREQUESTED_3
12:15:09.082 (index):1064 ATTRIBUTEACCESSREQUESTED_4
12:15:09.083 (index):1070 NODEACCESSREQUESTED_5
12:15:09.084 (index):1064 ATTRIBUTEACCESSREQUESTED_7
12:15:09.085 (index):1093 WAITING_8
12:15:10.081 (index):1034 UPDATE_2
12:15:10.082 (index):1037 UPDATE_3
12:15:10.083 (index):1037 UPDATE_4
12:15:10.084 (index):1034 UPDATE_5
12:15:10.086 (index):1037 UPDATE_7
12:15:10.086 (index):1093 WAITING_8
12:15:10.182 (index):1009 NODEACCESSRELEASED_2
12:15:10.183 (index):1013 ATTRIBUTEACCESSRELEASED_3
12:15:10.184 (index):1013 ATTRIBUTEACCESSRELEASED_4
12:15:10.185 (index):1025 THINKING_5
12:15:10.186 (index):1013 ATTRIBUTEACCESSRELEASED_7
12:15:10.801 (index):1034 UPDATE_6
12:15:10.902 (index):1009 NODEACCESSRELEASED_6
12:15:11.024 (index):1034 UPDATE_1
12:15:11.087 (index):1093 WAITING_8
12:15:11.125 (index):1009 NODEACCESSRELEASED_1
12:15:11.184 (index):1070 NODEACCESSREQUESTED_2
12:15:11.185 (index):1070 NODEACCESSREQUESTED_3
12:15:11.186 (index):1070 NODEACCESSREQUESTED_4
12:15:11.187 (index):1070 NODEACCESSREQUESTED_7
12:15:11.903 (index):1064 ATTRIBUTEACCESSREQUESTED_6
12:15:12.088 (index):1093 WAITING_8
12:15:12.127 (index):1070 NODEACCESSREQUESTED_1
12:15:12.185 (index):1034 UPDATE_2
12:15:12.186 (index):1034 UPDATE_3
12:15:12.187 (index):1034 UPDATE_4
12:15:12.188 (index):1093 WAITING_7
12:15:12.286 (index):1009 NODEACCESSRELEASED_2
12:15:12.287 (index):1025 THINKING_3
12:15:12.288 (index):1009 NODEACCESSRELEASED_4
12:15:12.426 (index):1037 UPDATE_0
12:15:12.527 (index):1013 ATTRIBUTEACCESSRELEASED_0
12:15:12.600 (index):1034 UPDATE_5
12:15:12.701 (index):1009 NODEACCESSRELEASED_5
12:15:12.905 (index):1037 UPDATE_6
12:15:13.006 (index):1013 ATTRIBUTEACCESSRELEASED_6
12:15:13.090 (index):1093 WAITING_8
12:15:13.128 (index):1093 WAITING_1
12:15:13.189 (index):1093 WAITING_7
12:15:13.287 (index):1064 ATTRIBUTEACCESSREQUESTED_2
12:15:13.289 (index):1064 ATTRIBUTEACCESSREQUESTED_4
12:15:13.529 (index):1064 ATTRIBUTEACCESSREQUESTED_0
12:15:13.702 (index):1070 NODEACCESSREQUESTED_5
12:15:14.007 (index):1070 NODEACCESSREQUESTED_6
12:15:14.091 (index):1093 WAITING_8
12:15:14.129 (index):1093 WAITING_1
12:15:14.190 (index):1093 WAITING_7
12:15:14.289 (index):1037 UPDATE_2
12:15:14.290 (index):1093 WAITING_4
12:15:14.390 (index):1025 THINKING_2
12:15:14.530 (index):1037 UPDATE_0
12:15:14.631 (index):1013 ATTRIBUTEACCESSRELEASED_0
12:15:14.704 (index):1034 UPDATE_5
12:15:14.805 (index):1025 THINKING_5
12:15:15.008 (index):1034 UPDATE_6
12:15:15.092 (index):1093 WAITING_8
12:15:15.110 (index):1009 NODEACCESSRELEASED_6
12:15:15.131 (index):1093 WAITING_1
12:15:15.191 (index):1093 WAITING_7
12:15:15.291 (index):1093 WAITING_4
12:15:15.633 (index):1070 NODEACCESSREQUESTED_0
12:15:16.094 (index):1093 WAITING_8
12:15:16.111 (index):1070 NODEACCESSREQUESTED_6
12:15:16.132 (index):1093 WAITING_1
12:15:16.192 (index):1093 WAITING_7
12:15:16.292 (index):1093 WAITING_4
12:15:16.404 (index):1034 UPDATE_3
12:15:16.505 (index):1009 NODEACCESSRELEASED_3
12:15:16.634 (index):1034 UPDATE_0
12:15:16.735 (index):1025 THINKING_0
12:15:17.095 (index):1093 WAITING_8
12:15:17.109 (index):1037 UPDATE_2
12:15:17.111 (index):1034 UPDATE_6
12:15:17.133 (index):1093 WAITING_1
12:15:17.194 (index):1093 WAITING_7
12:15:17.210 (index):1013 ATTRIBUTEACCESSRELEASED_2
12:15:17.212 (index):1009 NODEACCESSRELEASED_6
12:15:17.294 (index):1037 UPDATE_4
12:15:17.395 (index):1013 ATTRIBUTEACCESSRELEASED_4
12:15:17.507 (index):1064 ATTRIBUTEACCESSREQUESTED_3
12:15:17.945 (index):1034 UPDATE_5
12:15:18.046 (index):1009 NODEACCESSRELEASED_5
12:15:18.096 (index):1093 WAITING_8
12:15:18.135 (index):1093 WAITING_1
12:15:18.195 (index):1093 WAITING_7
12:15:18.211 (index):1064 ATTRIBUTEACCESSREQUESTED_2
12:15:18.213 (index):1070 NODEACCESSREQUESTED_6
12:15:18.396 (index):1070 NODEACCESSREQUESTED_4
12:15:18.509 (index):1037 UPDATE_3
12:15:18.610 (index):1013 ATTRIBUTEACCESSRELEASED_3
12:15:19.048 (index):1064 ATTRIBUTEACCESSREQUESTED_5
12:15:19.098 (index):1093 WAITING_8
12:15:19.136 (index):1093 WAITING_1
12:15:19.196 (index):1093 WAITING_7
12:15:19.213 (index):1037 UPDATE_2
12:15:19.214 (index):1034 UPDATE_6
12:15:19.306 (index):1034 UPDATE_0
12:15:19.313 (index):1013 ATTRIBUTEACCESSRELEASED_2
12:15:19.315 (index):1009 NODEACCESSRELEASED_6
12:15:19.398 (index):1034 UPDATE_4
12:15:19.407 (index):1025 THINKING_0
12:15:19.499 (index):1009 NODEACCESSRELEASED_4
12:15:19.611 (index):1070 NODEACCESSREQUESTED_3
12:15:20.050 (index):1037 UPDATE_5
12:15:20.099 (index):1093 WAITING_8
12:15:20.137 (index):1093 WAITING_1
12:15:20.151 (index):1025 THINKING_5
12:15:20.197 (index):1093 WAITING_7
12:15:20.315 (index):1070 NODEACCESSREQUESTED_2
12:15:20.316 (index):1064 ATTRIBUTEACCESSREQUESTED_6
12:15:20.500 (index):1064 ATTRIBUTEACCESSREQUESTED_4
12:15:20.613 (index):1034 UPDATE_3
12:15:20.714 (index):1009 NODEACCESSRELEASED_3
12:15:21.100 (index):1093 WAITING_8
12:15:21.138 (index):1093 WAITING_1
12:15:21.198 (index):1093 WAITING_7
12:15:21.316 (index):1034 UPDATE_2
12:15:21.317 (index):1093 WAITING_6
12:15:21.417 (index):1025 THINKING_2
12:15:21.502 (index):1037 UPDATE_4
12:15:21.603 (index):1025 THINKING_4
12:15:21.715 (index):1070 NODEACCESSREQUESTED_3
12:15:22.101 (index):1093 WAITING_8
12:15:22.139 (index):1093 WAITING_1
12:15:22.199 (index):1093 WAITING_7
12:15:22.318 (index):1093 WAITING_6
12:15:22.717 (index):1034 UPDATE_3
12:15:22.818 (index):1009 NODEACCESSRELEASED_3
12:15:23.103 (index):1093 WAITING_8
12:15:23.140 (index):1093 WAITING_1
12:15:23.201 (index):1093 WAITING_7
12:15:23.320 (index):1093 WAITING_6
12:15:23.820 (index):1070 NODEACCESSREQUESTED_3
12:15:23.969 (index):1034 UPDATE_2
12:15:24.041 (index):1037 UPDATE_4
12:15:24.070 (index):1025 THINKING_2
12:15:24.104 (index):1093 WAITING_8
12:15:24.141 (index):1093 WAITING_1
12:15:24.143 (index):1013 ATTRIBUTEACCESSRELEASED_4
12:15:24.202 (index):1093 WAITING_7
12:15:24.320 (index):1093 WAITING_6
12:15:24.349 (index):1034 UPDATE_0
12:15:24.450 (index):1009 NODEACCESSRELEASED_0
12:15:24.733 (index):1037 UPDATE_5
12:15:24.821 (index):1034 UPDATE_3
12:15:24.834 (index):1025 THINKING_5
12:15:24.922 (index):1009 NODEACCESSRELEASED_3
12:15:25.105 (index):1093 WAITING_8
12:15:25.142 (index):1093 WAITING_1
12:15:25.144 (index):1064 ATTRIBUTEACCESSREQUESTED_4
12:15:25.203 (index):1093 WAITING_7
12:15:25.322 (index):1093 WAITING_6
12:15:25.452 (index):1070 NODEACCESSREQUESTED_0
12:15:25.924 (index):1070 NODEACCESSREQUESTED_3
12:15:26.106 (index):1093 WAITING_8
12:15:26.144 (index):1093 WAITING_1
12:15:26.145 (index):1037 UPDATE_4
12:15:26.204 (index):1093 WAITING_7
12:15:26.246 (index):1025 THINKING_4
12:15:26.297 (index):1034 UPDATE_2
12:15:26.323 (index):1093 WAITING_6
12:15:26.398 (index):1025 THINKING_2
12:15:26.453 (index):1034 UPDATE_0
12:15:26.554 (index):1025 THINKING_0
12:15:26.876 (index):1037 UPDATE_5
12:15:26.925 (index):1034 UPDATE_3
12:15:26.978 (index):1013 ATTRIBUTEACCESSRELEASED_5
12:15:27.026 (index):1025 THINKING_3
12:15:27.107 (index):1093 WAITING_8
12:15:27.145 (index):1093 WAITING_1
12:15:27.205 (index):1093 WAITING_7
12:15:27.324 (index):1037 UPDATE_6
12:15:27.425 (index):1025 THINKING_6
12:15:27.979 (index):1070 NODEACCESSREQUESTED_5
12:15:28.108 (index):1093 WAITING_8
12:15:28.146 (index):1093 WAITING_1
12:15:28.206 (index):1093 WAITING_7
12:15:28.711 (index):1034 UPDATE_0
12:15:28.812 (index):1009 NODEACCESSRELEASED_0
12:15:28.980 (index):1034 UPDATE_5
12:15:29.081 (index):1025 THINKING_5
12:15:29.110 (index):1093 WAITING_8
12:15:29.147 (index):1093 WAITING_1
12:15:29.207 (index):1093 WAITING_7
12:15:29.433 (index):1034 UPDATE_3
12:15:29.535 (index):1009 NODEACCESSRELEASED_3
12:15:29.697 (index):1037 UPDATE_6
12:15:29.798 (index):1025 THINKING_6
12:15:29.813 (index):1070 NODEACCESSREQUESTED_0
12:15:30.111 (index):1093 WAITING_8
12:15:30.149 (index):1093 WAITING_1
12:15:30.208 (index):1093 WAITING_7
12:15:30.455 (index):1037 UPDATE_4
12:15:30.536 (index):1064 ATTRIBUTEACCESSREQUESTED_3
12:15:30.557 (index):1025 THINKING_4
12:15:30.814 (index):1034 UPDATE_0
12:15:30.916 (index):1009 NODEACCESSRELEASED_0
12:15:31.112 (index):1093 WAITING_8
12:15:31.150 (index):1093 WAITING_1
12:15:31.209 (index):1093 WAITING_7
12:15:31.254 (index):1034 UPDATE_2
12:15:31.355 (index):1009 NODEACCESSRELEASED_2
12:15:31.538 (index):1037 UPDATE_3
12:15:31.639 (index):1013 ATTRIBUTEACCESSRELEASED_3
12:15:31.917 (index):1070 NODEACCESSREQUESTED_0
12:15:32.114 (index):1093 WAITING_8
12:15:32.151 (index):1093 WAITING_1
12:15:32.211 (index):1093 WAITING_7
12:15:32.356 (index):1070 NODEACCESSREQUESTED_2
12:15:32.640 (index):1064 ATTRIBUTEACCESSREQUESTED_3
12:15:32.752 (index):1037 UPDATE_6
12:15:32.854 (index):1013 ATTRIBUTEACCESSRELEASED_6
12:15:32.919 (index):1034 UPDATE_0
12:15:33.020 (index):1025 THINKING_0
12:15:33.115 (index):1093 WAITING_8
12:15:33.153 (index):1093 WAITING_1
12:15:33.213 (index):1093 WAITING_7
12:15:33.358 (index):1034 UPDATE_2
12:15:33.459 (index):1009 NODEACCESSRELEASED_2
12:15:33.642 (index):1037 UPDATE_3
12:15:33.743 (index):1025 THINKING_3
12:15:33.855 (index):1070 NODEACCESSREQUESTED_6
12:15:34.016 (index):1034 UPDATE_5
12:15:34.116 (index):1093 WAITING_8
12:15:34.118 (index):1009 NODEACCESSRELEASED_5
12:15:34.153 (index):1093 WAITING_1
12:15:34.213 (index):1093 WAITING_7
12:15:34.460 (index):1070 NODEACCESSREQUESTED_2
12:15:34.516 (index):1037 UPDATE_4
12:15:34.617 (index):1025 THINKING_4
12:15:34.857 (index):1034 UPDATE_6
12:15:34.958 (index):1009 NODEACCESSRELEASED_6
12:15:35.118 (index):1093 WAITING_8
12:15:35.119 (index):1070 NODEACCESSREQUESTED_5
12:15:35.155 (index):1093 WAITING_1
12:15:35.215 (index):1093 WAITING_7
12:15:35.462 (index):1034 UPDATE_2
12:15:35.563 (index):1009 NODEACCESSRELEASED_2
12:15:35.959 (index):1070 NODEACCESSREQUESTED_6
12:15:36.081 (index):1037 UPDATE_3
12:15:36.119 (index):1093 WAITING_8
12:15:36.120 (index):1034 UPDATE_5
12:15:36.156 (index):1093 WAITING_1
12:15:36.182 (index):1013 ATTRIBUTEACCESSRELEASED_3
12:15:36.215 (index):1093 WAITING_7
12:15:36.221 (index):1009 NODEACCESSRELEASED_5
12:15:36.564 (index):1070 NODEACCESSREQUESTED_2
12:15:36.960 (index):1034 UPDATE_6
12:15:37.014 (index):1034 UPDATE_0
12:15:37.062 (index):1009 NODEACCESSRELEASED_6
12:15:37.116 (index):1009 NODEACCESSRELEASED_0
12:15:37.120 (index):1093 WAITING_8
12:15:37.156 (index):1093 WAITING_1
12:15:37.183 (index):1070 NODEACCESSREQUESTED_3
12:15:37.217 (index):1093 WAITING_7
12:15:37.222 (index):1070 NODEACCESSREQUESTED_5
12:15:37.383 (index):1037 UPDATE_4
12:15:37.484 (index):1013 ATTRIBUTEACCESSRELEASED_4
12:15:37.565 (index):1034 UPDATE_2
12:15:37.667 (index):1009 NODEACCESSRELEASED_2
12:15:38.063 (index):1064 ATTRIBUTEACCESSREQUESTED_6
12:15:38.117 (index):1064 ATTRIBUTEACCESSREQUESTED_0
12:15:38.121 (index):1093 WAITING_8
12:15:38.157 (index):1093 WAITING_1
12:15:38.184 (index):1034 UPDATE_3
12:15:38.218 (index):1093 WAITING_7
12:15:38.222 (index):1034 UPDATE_5
12:15:38.285 (index):1104 END_3
12:15:38.324 (index):1009 NODEACCESSRELEASED_5
12:15:38.486 (index):1070 NODEACCESSREQUESTED_4
12:15:38.668 (index):1070 NODEACCESSREQUESTED_2
12:15:39.064 (index):1037 UPDATE_6
12:15:39.118 (index):1037 UPDATE_0
12:15:39.122 (index):1025 THINKING_8
12:15:39.158 (index):1093 WAITING_1
12:15:39.165 (index):1013 ATTRIBUTEACCESSRELEASED_6
12:15:39.219 (index):1093 WAITING_7
12:15:39.220 (index):1013 ATTRIBUTEACCESSRELEASED_0
12:15:39.325 (index):1070 NODEACCESSREQUESTED_5
12:15:39.487 (index):1093 WAITING_4
12:15:39.669 (index):1093 WAITING_2
12:15:40.159 (index):1093 WAITING_1
12:15:40.167 (index):1070 NODEACCESSREQUESTED_6
12:15:40.220 (index):1093 WAITING_7
12:15:40.221 (index):1070 NODEACCESSREQUESTED_0
12:15:40.327 (index):1093 WAITING_5
12:15:40.488 (index):1093 WAITING_4
12:15:40.671 (index):1093 WAITING_2
12:15:41.148 (index):1034 UPDATE_8
12:15:41.161 (index):1093 WAITING_1
12:15:41.168 (index):1093 WAITING_6
12:15:41.222 (index):1093 WAITING_7
12:15:41.223 (index):1093 WAITING_0
12:15:41.249 (index):1025 THINKING_8
12:15:41.328 (index):1093 WAITING_5
12:15:41.490 (index):1093 WAITING_4
12:15:41.672 (index):1093 WAITING_2
12:15:42.162 (index):1093 WAITING_1
12:15:42.168 (index):1093 WAITING_6
12:15:42.223 (index):1093 WAITING_7
12:15:42.224 (index):1093 WAITING_0
12:15:42.330 (index):1093 WAITING_5
12:15:42.491 (index):1093 WAITING_4
12:15:42.673 (index):1093 WAITING_2
12:15:43.163 (index):1093 WAITING_1
12:15:43.170 (index):1093 WAITING_6
12:15:43.224 (index):1093 WAITING_7
12:15:43.225 (index):1093 WAITING_0
12:15:43.331 (index):1093 WAITING_5
12:15:43.492 (index):1093 WAITING_4
12:15:43.675 (index):1093 WAITING_2
12:15:44.164 (index):1093 WAITING_1
12:15:44.170 (index):1093 WAITING_6
12:15:44.225 (index):1093 WAITING_7
12:15:44.227 (index):1093 WAITING_0
12:15:44.332 (index):1093 WAITING_5
12:15:44.494 (index):1093 WAITING_4
12:15:44.676 (index):1093 WAITING_2
12:15:45.166 (index):1093 WAITING_1
12:15:45.172 (index):1093 WAITING_6
12:15:45.227 (index):1093 WAITING_7
12:15:45.228 (index):1093 WAITING_0
12:15:45.334 (index):1093 WAITING_5
12:15:45.495 (index):1093 WAITING_4
12:15:45.677 (index):1093 WAITING_2
12:15:45.690 (index):1034 UPDATE_8
12:15:45.792 (index):1009 NODEACCESSRELEASED_8
12:15:46.167 (index):1093 WAITING_1
12:15:46.173 (index):1093 WAITING_6
12:15:46.228 (index):1034 UPDATE_7
12:15:46.229 (index):1093 WAITING_0
12:15:46.329 (index):1009 NODEACCESSRELEASED_7
12:15:46.335 (index):1093 WAITING_5
12:15:46.496 (index):1093 WAITING_4
12:15:46.678 (index):1093 WAITING_2
12:15:46.793 (index):1064 ATTRIBUTEACCESSREQUESTED_8
12:15:47.168 (index):1034 UPDATE_1
12:15:47.173 (index):1093 WAITING_6
12:15:47.230 (index):1093 WAITING_0
12:15:47.269 (index):1025 THINKING_1
12:15:47.331 (index):1070 NODEACCESSREQUESTED_7
12:15:47.336 (index):1093 WAITING_5
12:15:47.497 (index):1093 WAITING_4
12:15:47.680 (index):1093 WAITING_2
12:15:47.794 (index):1037 UPDATE_8
12:15:47.896 (index):1025 THINKING_8
12:15:48.175 (index):1093 WAITING_6
12:15:48.231 (index):1093 WAITING_0
12:15:48.332 (index):1093 WAITING_7
12:15:48.337 (index):1093 WAITING_5
12:15:48.499 (index):1093 WAITING_4
12:15:48.681 (index):1093 WAITING_2
12:15:49.176 (index):1093 WAITING_6
12:15:49.232 (index):1093 WAITING_0
12:15:49.333 (index):1093 WAITING_7
12:15:49.338 (index):1093 WAITING_5
12:15:49.500 (index):1093 WAITING_4
12:15:49.683 (index):1093 WAITING_2
12:15:50.177 (index):1093 WAITING_6
12:15:50.234 (index):1093 WAITING_0
12:15:50.335 (index):1093 WAITING_7
12:15:50.339 (index):1093 WAITING_5
12:15:50.501 (index):1093 WAITING_4
12:15:50.684 (index):1093 WAITING_2
12:15:50.819 (index):1034 UPDATE_1
12:15:50.920 (index):1025 THINKING_1
12:15:51.179 (index):1093 WAITING_6
12:15:51.235 (index):1093 WAITING_0
12:15:51.336 (index):1093 WAITING_7
12:15:51.340 (index):1093 WAITING_5
12:15:51.503 (index):1093 WAITING_4
12:15:51.685 (index):1093 WAITING_2
12:15:52.180 (index):1093 WAITING_6
12:15:52.236 (index):1093 WAITING_0
12:15:52.337 (index):1093 WAITING_7
12:15:52.341 (index):1093 WAITING_5
12:15:52.419 (index):1037 UPDATE_8
12:15:52.504 (index):1093 WAITING_4
12:15:52.520 (index):1013 ATTRIBUTEACCESSRELEASED_8
12:15:52.686 (index):1093 WAITING_2
12:15:53.181 (index):1093 WAITING_6
12:15:53.237 (index):1093 WAITING_0
12:15:53.339 (index):1093 WAITING_7
12:15:53.342 (index):1093 WAITING_5
12:15:53.505 (index):1093 WAITING_4
12:15:53.521 (index):1064 ATTRIBUTEACCESSREQUESTED_8
12:15:53.688 (index):1093 WAITING_2
12:15:54.183 (index):1093 WAITING_6
12:15:54.239 (index):1093 WAITING_0
12:15:54.340 (index):1093 WAITING_7
12:15:54.343 (index):1093 WAITING_5
12:15:54.506 (index):1093 WAITING_4
12:15:54.523 (index):1037 UPDATE_8
12:15:54.624 (index):1013 ATTRIBUTEACCESSRELEASED_8
12:15:54.688 (index):1093 WAITING_2
12:15:55.184 (index):1093 WAITING_6
12:15:55.240 (index):1093 WAITING_0
12:15:55.313 (index):1034 UPDATE_1
12:15:55.341 (index):1093 WAITING_7
12:15:55.344 (index):1093 WAITING_5
12:15:55.415 (index):1009 NODEACCESSRELEASED_1
12:15:55.507 (index):1034 UPDATE_4
12:15:55.609 (index):1009 NODEACCESSRELEASED_4
12:15:55.625 (index):1070 NODEACCESSREQUESTED_8
12:15:55.690 (index):1034 UPDATE_2
12:15:55.791 (index):1104 END_2
12:15:56.185 (index):1093 WAITING_6
12:15:56.241 (index):1093 WAITING_0
12:15:56.342 (index):1093 WAITING_7
12:15:56.345 (index):1034 UPDATE_5
12:15:56.416 (index):1070 NODEACCESSREQUESTED_1
12:15:56.446 (index):1009 NODEACCESSRELEASED_5
12:15:56.610 (index):1070 NODEACCESSREQUESTED_4
12:15:56.626 (index):1034 UPDATE_8
12:15:56.727 (index):1025 THINKING_8
12:15:57.187 (index):1034 UPDATE_6
12:15:57.243 (index):1093 WAITING_0
12:15:57.288 (index):1009 NODEACCESSRELEASED_6
12:15:57.344 (index):1093 WAITING_7
12:15:57.418 (index):1034 UPDATE_1
12:15:57.448 (index):1070 NODEACCESSREQUESTED_5
12:15:57.519 (index):1025 THINKING_1
12:15:57.612 (index):1034 UPDATE_4
12:15:57.713 (index):1025 THINKING_4
12:15:58.244 (index):1034 UPDATE_0
12:15:58.289 (index):1070 NODEACCESSREQUESTED_6
12:15:58.345 (index):1093 WAITING_7
12:15:58.346 (index):1009 NODEACCESSRELEASED_0
12:15:58.449 (index):1093 WAITING_5
12:15:59.291 (index):1093 WAITING_6
12:15:59.346 (index):1034 UPDATE_7
12:15:59.348 (index):1070 NODEACCESSREQUESTED_0
12:15:59.448 (index):1025 THINKING_7
12:15:59.450 (index):1093 WAITING_5
12:15:59.830 (index):1034 UPDATE_1
12:15:59.932 (index):1009 NODEACCESSRELEASED_1
12:16:00.025 (index):1034 UPDATE_8
12:16:00.126 (index):1009 NODEACCESSRELEASED_8
12:16:00.292 (index):1093 WAITING_6
12:16:00.349 (index):1093 WAITING_0
12:16:00.451 (index):1093 WAITING_5
12:16:00.933 (index):1070 NODEACCESSREQUESTED_1
12:16:01.128 (index):1070 NODEACCESSREQUESTED_8
12:16:01.293 (index):1093 WAITING_6
12:16:01.350 (index):1093 WAITING_0
12:16:01.453 (index):1093 WAITING_5
12:16:01.620 (index):1034 UPDATE_7
12:16:01.721 (index):1009 NODEACCESSRELEASED_7
12:16:01.935 (index):1034 UPDATE_1
12:16:02.036 (index):1025 THINKING_1
12:16:02.103 (index):1034 UPDATE_4
12:16:02.129 (index):1034 UPDATE_8
12:16:02.204 (index):1104 END_4
12:16:02.230 (index):1009 NODEACCESSRELEASED_8
12:16:02.295 (index):1093 WAITING_6
12:16:02.351 (index):1093 WAITING_0
12:16:02.454 (index):1093 WAITING_5
12:16:02.723 (index):1064 ATTRIBUTEACCESSREQUESTED_7
12:16:03.231 (index):1070 NODEACCESSREQUESTED_8
12:16:03.296 (index):1093 WAITING_6
12:16:03.353 (index):1093 WAITING_0
12:16:03.455 (index):1093 WAITING_5
12:16:03.724 (index):1037 UPDATE_7
12:16:03.825 (index):1025 THINKING_7
12:16:04.233 (index):1034 UPDATE_8
12:16:04.297 (index):1093 WAITING_6
12:16:04.334 (index):1009 NODEACCESSRELEASED_8
12:16:04.354 (index):1093 WAITING_0
12:16:04.457 (index):1093 WAITING_5
12:16:04.966 (index):1034 UPDATE_1
12:16:05.068 (index):1025 THINKING_1
12:16:05.298 (index):1093 WAITING_6
12:16:05.335 (index):1070 NODEACCESSREQUESTED_8
12:16:05.355 (index):1093 WAITING_0
12:16:05.458 (index):1093 WAITING_5
12:16:06.300 (index):1093 WAITING_6
12:16:06.337 (index):1034 UPDATE_8
12:16:06.356 (index):1093 WAITING_0
12:16:06.438 (index):1009 NODEACCESSRELEASED_8
12:16:06.459 (index):1093 WAITING_5
12:16:07.301 (index):1093 WAITING_6
12:16:07.357 (index):1093 WAITING_0
12:16:07.439 (index):1070 NODEACCESSREQUESTED_8
12:16:07.460 (index):1093 WAITING_5
12:16:08.302 (index):1093 WAITING_6
12:16:08.359 (index):1093 WAITING_0
12:16:08.441 (index):1034 UPDATE_8
12:16:08.461 (index):1093 WAITING_5
12:16:08.464 (index):1037 UPDATE_7
12:16:08.542 (index):1009 NODEACCESSRELEASED_8
12:16:08.565 (index):1013 ATTRIBUTEACCESSRELEASED_7
12:16:09.304 (index):1093 WAITING_6
12:16:09.360 (index):1093 WAITING_0
12:16:09.463 (index):1093 WAITING_5
12:16:09.543 (index):1064 ATTRIBUTEACCESSREQUESTED_8
12:16:09.566 (index):1070 NODEACCESSREQUESTED_7
12:16:09.678 (index):1034 UPDATE_1
12:16:09.779 (index):1025 THINKING_1
12:16:10.305 (index):1093 WAITING_6
12:16:10.361 (index):1093 WAITING_0
12:16:10.464 (index):1093 WAITING_5
12:16:10.545 (index):1037 UPDATE_8
12:16:10.567 (index):1034 UPDATE_7
12:16:10.646 (index):1013 ATTRIBUTEACCESSRELEASED_8
12:16:10.669 (index):1009 NODEACCESSRELEASED_7
12:16:11.306 (index):1093 WAITING_6
12:16:11.362 (index):1093 WAITING_0
12:16:11.465 (index):1093 WAITING_5
12:16:11.647 (index):1070 NODEACCESSREQUESTED_8
12:16:11.670 (index):1070 NODEACCESSREQUESTED_7
12:16:12.307 (index):1093 WAITING_6
12:16:12.363 (index):1093 WAITING_0
12:16:12.467 (index):1093 WAITING_5
12:16:12.649 (index):1034 UPDATE_8
12:16:12.671 (index):1034 UPDATE_7
12:16:12.750 (index):1104 END_8
12:16:12.773 (index):1009 NODEACCESSRELEASED_7
12:16:13.309 (index):1093 WAITING_6
12:16:13.365 (index):1093 WAITING_0
12:16:13.468 (index):1093 WAITING_5
12:16:13.774 (index):1064 ATTRIBUTEACCESSREQUESTED_7
12:16:13.971 (index):1034 UPDATE_1
12:16:14.073 (index):1009 NODEACCESSRELEASED_1
12:16:14.309 (index):1093 WAITING_6
12:16:14.366 (index):1093 WAITING_0
12:16:14.469 (index):1034 UPDATE_5
12:16:14.570 (index):1104 END_5
12:16:14.775 (index):1037 UPDATE_7
12:16:14.876 (index):1013 ATTRIBUTEACCESSRELEASED_7
12:16:15.074 (index):1070 NODEACCESSREQUESTED_1
12:16:15.311 (index):1034 UPDATE_6
12:16:15.367 (index):1093 WAITING_0
12:16:15.411 (index):1104 END_6
12:16:15.878 (index):1070 NODEACCESSREQUESTED_7
12:16:16.076 (index):1093 WAITING_1
12:16:16.369 (index):1034 UPDATE_0
12:16:16.470 (index):1104 END_0
12:16:16.879 (index):1093 WAITING_7
12:16:17.077 (index):1034 UPDATE_1
12:16:17.178 (index):1025 THINKING_1
12:16:17.880 (index):1093 WAITING_7
12:16:18.882 (index):1093 WAITING_7
12:16:19.356 (index):1034 UPDATE_1
12:16:19.458 (index):1009 NODEACCESSRELEASED_1
12:16:19.883 (index):1034 UPDATE_7
12:16:19.984 (index):1009 NODEACCESSRELEASED_7
12:16:20.459 (index):1070 NODEACCESSREQUESTED_1
12:16:20.986 (index):1064 ATTRIBUTEACCESSREQUESTED_7
12:16:21.460 (index):1034 UPDATE_1
12:16:21.562 (index):1104 END_1
12:16:21.987 (index):1037 UPDATE_7
12:16:22.089 (index):1025 THINKING_7
12:16:25.525 (index):1037 UPDATE_7
12:16:25.626 (index):1013 ATTRIBUTEACCESSRELEASED_7
12:16:26.628 (index):1070 NODEACCESSREQUESTED_7
12:16:27.630 (index):1034 UPDATE_7
12:16:27.731 (index):1104 END_7
