12:17:55.807 (index):1314 Tasks: 25; Collaborators: 11    =========================>
12:17:55.808 (index):1064 ATTRIBUTEACCESSREQUESTED_0
12:17:55.809 (index):1070 NODEACCESSREQUESTED_1
12:17:55.810 (index):1070 NODEACCESSREQUESTED_2
12:17:55.811 (index):1064 ATTRIBUTEACCESSREQUESTED_3
12:17:55.812 (index):1064 ATTRIBUTEACCESSREQUESTED_4
12:17:55.813 (index):1070 NODEACCESSREQUESTED_5
12:17:55.814 (index):1070 NODEACCESSREQUESTED_6
12:17:55.815 (index):1064 ATTRIBUTEACCESSREQUESTED_7
12:17:55.816 (index):1070 NODEACCESSREQUESTED_8
12:17:55.816 (index):1070 NODEACCESSREQUESTED_9
12:17:55.817 (index):1070 NODEACCESSREQUESTED_10
12:17:56.809 (index):1025 THINKING_0
12:17:56.810 (index):1025 THINKING_1
12:17:56.811 (index):1009 NODEACCESSRELEASED_2
12:17:56.812 (index):1013 ATTRIBUTEACCESSRELEASED_3
12:17:56.813 (index):1013 ATTRIBUTEACCESSRELEASED_4
12:17:56.814 (index):1009 NODEACCESSRELEASED_5
12:17:56.815 (index):1025 THINKING_6
12:17:56.816 (index):1013 ATTRIBUTEACCESSRELEASED_7
12:17:56.817 (index):1093 WAITING_8
12:17:56.818 (index):1093 WAITING_9
12:17:56.819 (index):1093 WAITING_10
12:17:57.812 (index):1070 NODEACCESSREQUESTED_2
12:17:57.813 (index):1064 ATTRIBUTEACCESSREQUESTED_3
12:17:57.814 (index):1064 ATTRIBUTEACCESSREQUESTED_4
12:17:57.815 (index):1070 NODEACCESSREQUESTED_5
12:17:57.817 (index):1064 ATTRIBUTEACCESSREQUESTED_7
12:17:57.818 (index):1093 WAITING_8
12:17:57.819 (index):1093 WAITING_9
12:17:57.820 (index):1093 WAITING_10
12:17:58.814 (index):1034 UPDATE_2
12:17:58.815 (index):1093 WAITING_3
12:17:58.816 (index):1037 UPDATE_4
12:17:58.817 (index):1034 UPDATE_5
12:17:58.818 (index):1093 WAITING_7
12:17:58.819 (index):1093 WAITING_8
12:17:58.820 (index):1093 WAITING_9
12:17:58.822 (index):1093 WAITING_10
12:17:58.915 (index):1009 NODEACCESSRELEASED_2
12:17:58.917 (index):1013 ATTRIBUTEACCESSRELEASED_4
12:17:58.918 (index):1025 THINKING_5
12:17:59.533 (index):1034 UPDATE_6
12:17:59.635 (index):1009 NODEACCESSRELEASED_6
12:17:59.756 (index):1034 UPDATE_1
12:17:59.816 (index):1093 WAITING_3
12:17:59.819 (index):1093 WAITING_7
12:17:59.821 (index):1093 WAITING_8
12:17:59.822 (index):1093 WAITING_9
12:17:59.824 (index):1093 WAITING_10
12:17:59.858 (index):1009 NODEACCESSRELEASED_1
12:17:59.916 (index):1070 NODEACCESSREQUESTED_2
12:17:59.918 (index):1070 NODEACCESSREQUESTED_4
12:18:00.636 (index):1064 ATTRIBUTEACCESSREQUESTED_6
12:18:00.817 (index):1093 WAITING_3
12:18:00.821 (index):1093 WAITING_7
12:18:00.822 (index):1093 WAITING_8
12:18:00.824 (index):1093 WAITING_9
12:18:00.825 (index):1093 WAITING_10
12:18:00.859 (index):1070 NODEACCESSREQUESTED_1
12:18:00.917 (index):1034 UPDATE_2
12:18:00.919 (index):1034 UPDATE_4
12:18:01.019 (index):1009 NODEACCESSRELEASED_2
12:18:01.020 (index):1009 NODEACCESSRELEASED_4
12:18:01.158 (index):1037 UPDATE_0
12:18:01.260 (index):1013 ATTRIBUTEACCESSRELEASED_0
12:18:01.333 (index):1034 UPDATE_5
12:18:01.435 (index):1009 NODEACCESSRELEASED_5
12:18:01.637 (index):1037 UPDATE_6
12:18:01.739 (index):1013 ATTRIBUTEACCESSRELEASED_6
12:18:01.819 (index):1037 UPDATE_3
12:18:01.822 (index):1093 WAITING_7
12:18:01.823 (index):1093 WAITING_8
12:18:01.825 (index):1093 WAITING_9
12:18:01.826 (index):1093 WAITING_10
12:18:01.860 (index):1034 UPDATE_1
12:18:01.920 (index):1013 ATTRIBUTEACCESSRELEASED_3
12:18:01.962 (index):1025 THINKING_1
12:18:02.020 (index):1064 ATTRIBUTEACCESSREQUESTED_2
12:18:02.021 (index):1064 ATTRIBUTEACCESSREQUESTED_4
12:18:02.261 (index):1064 ATTRIBUTEACCESSREQUESTED_0
12:18:02.436 (index):1070 NODEACCESSREQUESTED_5
12:18:02.740 (index):1070 NODEACCESSREQUESTED_6
12:18:02.823 (index):1037 UPDATE_7
12:18:02.824 (index):1093 WAITING_8
12:18:02.826 (index):1093 WAITING_9
12:18:02.827 (index):1093 WAITING_10
12:18:02.921 (index):1070 NODEACCESSREQUESTED_3
12:18:02.925 (index):1013 ATTRIBUTEACCESSRELEASED_7
12:18:03.021 (index):1037 UPDATE_2
12:18:03.022 (index):1037 UPDATE_4
12:18:03.122 (index):1025 THINKING_2
12:18:03.124 (index):1013 ATTRIBUTEACCESSRELEASED_4
12:18:03.263 (index):1093 WAITING_0
12:18:03.437 (index):1034 UPDATE_5
12:18:03.539 (index):1025 THINKING_5
12:18:03.742 (index):1034 UPDATE_6
12:18:03.826 (index):1093 WAITING_8
12:18:03.827 (index):1093 WAITING_9
12:18:03.828 (index):1093 WAITING_10
12:18:03.843 (index):1009 NODEACCESSRELEASED_6
12:18:03.923 (index):1034 UPDATE_3
12:18:03.925 (index):1070 NODEACCESSREQUESTED_7
12:18:04.024 (index):1025 THINKING_3
12:18:04.125 (index):1070 NODEACCESSREQUESTED_4
12:18:04.264 (index):1093 WAITING_0
12:18:04.827 (index):1093 WAITING_8
12:18:04.828 (index):1093 WAITING_9
12:18:04.829 (index):1093 WAITING_10
12:18:04.844 (index):1070 NODEACCESSREQUESTED_6
12:18:04.926 (index):1034 UPDATE_7
12:18:05.027 (index):1009 NODEACCESSRELEASED_7
12:18:05.125 (index):1093 WAITING_4
12:18:05.265 (index):1093 WAITING_0
12:18:05.511 (index):1034 UPDATE_1
12:18:05.612 (index):1025 THINKING_1
12:18:05.828 (index):1093 WAITING_8
12:18:05.829 (index):1093 WAITING_9
12:18:05.830 (index):1093 WAITING_10
12:18:05.842 (index):1037 UPDATE_2
12:18:05.845 (index):1093 WAITING_6
12:18:05.943 (index):1013 ATTRIBUTEACCESSRELEASED_2
12:18:06.028 (index):1070 NODEACCESSREQUESTED_7
12:18:06.127 (index):1093 WAITING_4
12:18:06.266 (index):1037 UPDATE_0
12:18:06.367 (index):1013 ATTRIBUTEACCESSRELEASED_0
12:18:06.679 (index):1034 UPDATE_5
12:18:06.780 (index):1009 NODEACCESSRELEASED_5
12:18:06.830 (index):1093 WAITING_8
12:18:06.831 (index):1093 WAITING_9
12:18:06.832 (index):1093 WAITING_10
12:18:06.845 (index):1093 WAITING_6
12:18:06.944 (index):1064 ATTRIBUTEACCESSREQUESTED_2
12:18:07.030 (index):1034 UPDATE_7
12:18:07.128 (index):1093 WAITING_4
12:18:07.132 (index):1025 THINKING_7
12:18:07.368 (index):1070 NODEACCESSREQUESTED_0
12:18:07.782 (index):1064 ATTRIBUTEACCESSREQUESTED_5
12:18:07.831 (index):1093 WAITING_8
12:18:07.832 (index):1093 WAITING_9
12:18:07.833 (index):1093 WAITING_10
12:18:07.846 (index):1093 WAITING_6
12:18:07.945 (index):1037 UPDATE_2
12:18:08.046 (index):1013 ATTRIBUTEACCESSRELEASED_2
12:18:08.130 (index):1093 WAITING_4
12:18:08.142 (index):1034 UPDATE_3
12:18:08.243 (index):1009 NODEACCESSRELEASED_3
12:18:08.370 (index):1034 UPDATE_0
12:18:08.471 (index):1025 THINKING_0
12:18:08.783 (index):1037 UPDATE_5
12:18:08.832 (index):1093 WAITING_8
12:18:08.833 (index):1093 WAITING_9
12:18:08.834 (index):1093 WAITING_10
12:18:08.848 (index):1093 WAITING_6
12:18:08.884 (index):1025 THINKING_5
12:18:09.047 (index):1070 NODEACCESSREQUESTED_2
12:18:09.131 (index):1093 WAITING_4
12:18:09.244 (index):1064 ATTRIBUTEACCESSREQUESTED_3
12:18:09.304 (index):1034 UPDATE_7
12:18:09.405 (index):1009 NODEACCESSRELEASED_7
12:18:09.833 (index):1093 WAITING_8
12:18:09.835 (index):1093 WAITING_9
12:18:09.836 (index):1093 WAITING_10
12:18:09.849 (index):1093 WAITING_6
12:18:10.006 (index):1034 UPDATE_1
12:18:10.049 (index):1034 UPDATE_2
12:18:10.107 (index):1009 NODEACCESSRELEASED_1
12:18:10.132 (index):1093 WAITING_4
12:18:10.150 (index):1025 THINKING_2
12:18:10.245 (index):1037 UPDATE_3
12:18:10.347 (index):1013 ATTRIBUTEACCESSRELEASED_3
12:18:10.406 (index):1064 ATTRIBUTEACCESSREQUESTED_7
12:18:10.835 (index):1093 WAITING_8
12:18:10.836 (index):1093 WAITING_9
12:18:10.837 (index):1093 WAITING_10
12:18:10.850 (index):1093 WAITING_6
12:18:11.041 (index):1034 UPDATE_0
12:18:11.108 (index):1070 NODEACCESSREQUESTED_1
12:18:11.134 (index):1093 WAITING_4
12:18:11.143 (index):1025 THINKING_0
12:18:11.348 (index):1070 NODEACCESSREQUESTED_3
12:18:11.407 (index):1093 WAITING_7
12:18:11.836 (index):1093 WAITING_8
12:18:11.837 (index):1093 WAITING_9
12:18:11.839 (index):1093 WAITING_10
12:18:11.850 (index):1093 WAITING_6
12:18:12.110 (index):1034 UPDATE_1
12:18:12.135 (index):1093 WAITING_4
12:18:12.211 (index):1025 THINKING_1
12:18:12.349 (index):1034 UPDATE_3
12:18:12.408 (index):1093 WAITING_7
12:18:12.451 (index):1009 NODEACCESSRELEASED_3
12:18:12.701 (index):1034 UPDATE_2
12:18:12.802 (index):1025 THINKING_2
12:18:12.838 (index):1093 WAITING_8
12:18:12.839 (index):1093 WAITING_9
12:18:12.840 (index):1093 WAITING_10
12:18:12.851 (index):1093 WAITING_6
12:18:13.137 (index):1093 WAITING_4
12:18:13.409 (index):1093 WAITING_7
12:18:13.452 (index):1070 NODEACCESSREQUESTED_3
12:18:13.467 (index):1037 UPDATE_5
12:18:13.568 (index):1025 THINKING_5
12:18:13.839 (index):1093 WAITING_8
12:18:13.840 (index):1093 WAITING_9
12:18:13.841 (index):1093 WAITING_10
12:18:13.852 (index):1093 WAITING_6
12:18:14.138 (index):1093 WAITING_4
12:18:14.411 (index):1093 WAITING_7
12:18:14.453 (index):1034 UPDATE_3
12:18:14.522 (index):1034 UPDATE_1
12:18:14.554 (index):1009 NODEACCESSRELEASED_3
12:18:14.624 (index):1009 NODEACCESSRELEASED_1
12:18:14.840 (index):1093 WAITING_8
12:18:14.842 (index):1093 WAITING_9
12:18:14.843 (index):1093 WAITING_10
12:18:14.853 (index):1093 WAITING_6
12:18:15.030 (index):1034 UPDATE_2
12:18:15.131 (index):1025 THINKING_2
12:18:15.139 (index):1093 WAITING_4
12:18:15.412 (index):1093 WAITING_7
12:18:15.555 (index):1070 NODEACCESSREQUESTED_3
12:18:15.610 (index):1037 UPDATE_5
12:18:15.626 (index):1070 NODEACCESSREQUESTED_1
12:18:15.711 (index):1013 ATTRIBUTEACCESSRELEASED_5
12:18:15.842 (index):1093 WAITING_8
12:18:15.843 (index):1093 WAITING_9
12:18:15.844 (index):1093 WAITING_10
12:18:15.854 (index):1093 WAITING_6
12:18:16.085 (index):1034 UPDATE_0
12:18:16.140 (index):1093 WAITING_4
12:18:16.186 (index):1009 NODEACCESSRELEASED_0
12:18:16.413 (index):1037 UPDATE_7
12:18:16.515 (index):1025 THINKING_7
12:18:16.556 (index):1034 UPDATE_3
12:18:16.627 (index):1034 UPDATE_1
12:18:16.658 (index):1009 NODEACCESSRELEASED_3
12:18:16.712 (index):1070 NODEACCESSREQUESTED_5
12:18:16.728 (index):1025 THINKING_1
12:18:16.843 (index):1093 WAITING_8
12:18:16.844 (index):1093 WAITING_9
12:18:16.845 (index):1093 WAITING_10
12:18:16.856 (index):1093 WAITING_6
12:18:17.142 (index):1093 WAITING_4
12:18:17.188 (index):1070 NODEACCESSREQUESTED_0
12:18:17.659 (index):1070 NODEACCESSREQUESTED_3
12:18:17.714 (index):1034 UPDATE_5
12:18:17.815 (index):1025 THINKING_5
12:18:17.844 (index):1093 WAITING_8
12:18:17.845 (index):1093 WAITING_9
12:18:17.846 (index):1093 WAITING_10
12:18:17.856 (index):1093 WAITING_6
12:18:18.143 (index):1093 WAITING_4
12:18:18.189 (index):1034 UPDATE_0
12:18:18.290 (index):1025 THINKING_0
12:18:18.660 (index):1093 WAITING_3
12:18:18.845 (index):1093 WAITING_8
12:18:18.846 (index):1093 WAITING_9
12:18:18.847 (index):1093 WAITING_10
12:18:18.857 (index):1093 WAITING_6
12:18:19.144 (index):1093 WAITING_4
12:18:19.658 (index):1034 UPDATE_1
12:18:19.661 (index):1093 WAITING_3
12:18:19.760 (index):1025 THINKING_1
12:18:19.847 (index):1093 WAITING_8
12:18:19.848 (index):1093 WAITING_9
12:18:19.849 (index):1093 WAITING_10
12:18:19.858 (index):1093 WAITING_6
12:18:19.986 (index):1034 UPDATE_2
12:18:20.088 (index):1009 NODEACCESSRELEASED_2
12:18:20.146 (index):1093 WAITING_4
12:18:20.446 (index):1034 UPDATE_0
12:18:20.548 (index):1009 NODEACCESSRELEASED_0
12:18:20.663 (index):1093 WAITING_3
12:18:20.848 (index):1093 WAITING_8
12:18:20.849 (index):1093 WAITING_9
12:18:20.851 (index):1093 WAITING_10
12:18:20.859 (index):1093 WAITING_6
12:18:21.089 (index):1070 NODEACCESSREQUESTED_2
12:18:21.147 (index):1093 WAITING_4
12:18:21.153 (index):1037 UPDATE_7
12:18:21.254 (index):1013 ATTRIBUTEACCESSRELEASED_7
12:18:21.549 (index):1070 NODEACCESSREQUESTED_0
12:18:21.664 (index):1093 WAITING_3
12:18:21.849 (index):1093 WAITING_8
12:18:21.851 (index):1093 WAITING_9
12:18:21.852 (index):1093 WAITING_10
12:18:21.861 (index):1093 WAITING_6
12:18:22.090 (index):1034 UPDATE_2
12:18:22.148 (index):1093 WAITING_4
12:18:22.192 (index):1009 NODEACCESSRELEASED_2
12:18:22.255 (index):1070 NODEACCESSREQUESTED_7
12:18:22.550 (index):1034 UPDATE_0
12:18:22.652 (index):1009 NODEACCESSRELEASED_0
12:18:22.665 (index):1093 WAITING_3
12:18:22.750 (index):1034 UPDATE_5
12:18:22.851 (index):1093 WAITING_8
12:18:22.852 (index):1009 NODEACCESSRELEASED_5
12:18:22.853 (index):1093 WAITING_9
12:18:22.854 (index):1093 WAITING_10
12:18:22.861 (index):1093 WAITING_6
12:18:23.150 (index):1093 WAITING_4
12:18:23.193 (index):1070 NODEACCESSREQUESTED_2
12:18:23.257 (index):1034 UPDATE_7
12:18:23.358 (index):1009 NODEACCESSRELEASED_7
12:18:23.653 (index):1070 NODEACCESSREQUESTED_0
12:18:23.666 (index):1093 WAITING_3
12:18:23.852 (index):1093 WAITING_8
12:18:23.853 (index):1070 NODEACCESSREQUESTED_5
12:18:23.854 (index):1093 WAITING_9
12:18:23.856 (index):1093 WAITING_10
12:18:23.862 (index):1093 WAITING_6
12:18:24.151 (index):1093 WAITING_4
12:18:24.194 (index):1034 UPDATE_2
12:18:24.295 (index):1009 NODEACCESSRELEASED_2
12:18:24.359 (index):1070 NODEACCESSREQUESTED_7
12:18:24.370 (index):1034 UPDATE_1
12:18:24.471 (index):1025 THINKING_1
12:18:24.654 (index):1034 UPDATE_0
12:18:24.668 (index):1093 WAITING_3
12:18:24.755 (index):1025 THINKING_0
12:18:24.853 (index):1093 WAITING_8
12:18:24.855 (index):1034 UPDATE_5
12:18:24.856 (index):1093 WAITING_9
12:18:24.857 (index):1093 WAITING_10
12:18:24.864 (index):1093 WAITING_6
12:18:24.956 (index):1009 NODEACCESSRELEASED_5
12:18:25.152 (index):1093 WAITING_4
12:18:25.296 (index):1070 NODEACCESSREQUESTED_2
12:18:25.360 (index):1034 UPDATE_7
12:18:25.461 (index):1009 NODEACCESSRELEASED_7
12:18:25.668 (index):1093 WAITING_3
12:18:25.855 (index):1093 WAITING_8
12:18:25.856 (index):1093 WAITING_9
12:18:25.858 (index):1093 WAITING_10
12:18:25.864 (index):1093 WAITING_6
12:18:25.957 (index):1070 NODEACCESSREQUESTED_5
12:18:26.154 (index):1093 WAITING_4
12:18:26.298 (index):1034 UPDATE_2
12:18:26.399 (index):1009 NODEACCESSRELEASED_2
12:18:26.462 (index):1064 ATTRIBUTEACCESSREQUESTED_7
12:18:26.670 (index):1093 WAITING_3
12:18:26.856 (index):1093 WAITING_8
12:18:26.857 (index):1093 WAITING_9
12:18:26.859 (index):1093 WAITING_10
12:18:26.865 (index):1093 WAITING_6
12:18:26.959 (index):1034 UPDATE_5
12:18:27.060 (index):1009 NODEACCESSRELEASED_5
12:18:27.155 (index):1093 WAITING_4
12:18:27.400 (index):1070 NODEACCESSREQUESTED_2
12:18:27.463 (index):1037 UPDATE_7
12:18:27.565 (index):1013 ATTRIBUTEACCESSRELEASED_7
12:18:27.671 (index):1093 WAITING_3
12:18:27.857 (index):1093 WAITING_8
12:18:27.858 (index):1093 WAITING_9
12:18:27.860 (index):1093 WAITING_10
12:18:27.867 (index):1093 WAITING_6
12:18:28.061 (index):1070 NODEACCESSREQUESTED_5
12:18:28.156 (index):1093 WAITING_4
12:18:28.401 (index):1034 UPDATE_2
12:18:28.503 (index):1104 END_2
12:18:28.566 (index):1070 NODEACCESSREQUESTED_7
12:18:28.664 (index):1034 UPDATE_1
12:18:28.672 (index):1093 WAITING_3
12:18:28.750 (index):1034 UPDATE_0
12:18:28.765 (index):1009 NODEACCESSRELEASED_1
12:18:28.851 (index):1009 NODEACCESSRELEASED_0
12:18:28.858 (index):1093 WAITING_8
12:18:28.860 (index):1093 WAITING_9
12:18:28.861 (index):1093 WAITING_10
12:18:28.869 (index):1093 WAITING_6
12:18:29.063 (index):1034 UPDATE_5
12:18:29.157 (index):1093 WAITING_4
12:18:29.164 (index):1009 NODEACCESSRELEASED_5
12:18:29.568 (index):1034 UPDATE_7
12:18:29.669 (index):1009 NODEACCESSRELEASED_7
12:18:29.674 (index):1093 WAITING_3
12:18:29.767 (index):1070 NODEACCESSREQUESTED_1
12:18:29.852 (index):1064 ATTRIBUTEACCESSREQUESTED_0
12:18:29.860 (index):1025 THINKING_8
12:18:29.861 (index):1093 WAITING_9
12:18:29.862 (index):1093 WAITING_10
12:18:29.870 (index):1093 WAITING_6
12:18:30.159 (index):1093 WAITING_4
12:18:30.165 (index):1070 NODEACCESSREQUESTED_5
12:18:30.670 (index):1064 ATTRIBUTEACCESSREQUESTED_7
12:18:30.675 (index):1093 WAITING_3
12:18:30.767 (index):1093 WAITING_1
12:18:30.853 (index):1037 UPDATE_0
12:18:30.862 (index):1093 WAITING_9
12:18:30.863 (index):1093 WAITING_10
12:18:30.871 (index):1093 WAITING_6
12:18:30.955 (index):1013 ATTRIBUTEACCESSRELEASED_0
12:18:31.160 (index):1093 WAITING_4
12:18:31.167 (index):1093 WAITING_5
12:18:31.671 (index):1037 UPDATE_7
12:18:31.676 (index):1093 WAITING_3
12:18:31.769 (index):1093 WAITING_1
12:18:31.772 (index):1025 THINKING_7
12:18:31.863 (index):1093 WAITING_9
12:18:31.864 (index):1093 WAITING_10
12:18:31.872 (index):1093 WAITING_6
12:18:31.886 (index):1034 UPDATE_8
12:18:31.956 (index):1070 NODEACCESSREQUESTED_0
12:18:31.987 (index):1025 THINKING_8
12:18:32.161 (index):1093 WAITING_4
12:18:32.168 (index):1093 WAITING_5
12:18:32.677 (index):1093 WAITING_3
12:18:32.770 (index):1093 WAITING_1
12:18:32.864 (index):1093 WAITING_9
12:18:32.865 (index):1093 WAITING_10
12:18:32.873 (index):1093 WAITING_6
12:18:32.957 (index):1093 WAITING_0
12:18:33.163 (index):1093 WAITING_4
12:18:33.169 (index):1093 WAITING_5
12:18:33.678 (index):1093 WAITING_3
12:18:33.771 (index):1093 WAITING_1
12:18:33.865 (index):1093 WAITING_9
12:18:33.866 (index):1093 WAITING_10
12:18:33.874 (index):1093 WAITING_6
12:18:33.959 (index):1093 WAITING_0
12:18:34.163 (index):1093 WAITING_4
12:18:34.170 (index):1093 WAITING_5
12:18:34.679 (index):1093 WAITING_3
12:18:34.772 (index):1093 WAITING_1
12:18:34.866 (index):1093 WAITING_9
12:18:34.867 (index):1093 WAITING_10
12:18:34.875 (index):1093 WAITING_6
12:18:34.960 (index):1093 WAITING_0
12:18:35.165 (index):1093 WAITING_4
12:18:35.170 (index):1093 WAITING_5
12:18:35.209 (index):1037 UPDATE_7
12:18:35.310 (index):1013 ATTRIBUTEACCESSRELEASED_7
12:18:35.680 (index):1093 WAITING_3
12:18:35.774 (index):1093 WAITING_1
12:18:35.867 (index):1093 WAITING_9
12:18:35.868 (index):1093 WAITING_10
12:18:35.876 (index):1093 WAITING_6
12:18:35.961 (index):1093 WAITING_0
12:18:36.166 (index):1093 WAITING_4
12:18:36.171 (index):1093 WAITING_5
12:18:36.311 (index):1070 NODEACCESSREQUESTED_7
12:18:36.428 (index):1034 UPDATE_8
12:18:36.530 (index):1009 NODEACCESSRELEASED_8
12:18:36.682 (index):1093 WAITING_3
12:18:36.775 (index):1093 WAITING_1
12:18:36.869 (index):1009 NODEACCESSRELEASED_9
12:18:36.870 (index):1009 NODEACCESSRELEASED_10
12:18:36.877 (index):1093 WAITING_6
12:18:36.963 (index):1093 WAITING_0
12:18:37.167 (index):1034 UPDATE_4
12:18:37.172 (index):1093 WAITING_5
12:18:37.269 (index):1009 NODEACCESSRELEASED_4
12:18:37.313 (index):1093 WAITING_7
12:18:37.531 (index):1064 ATTRIBUTEACCESSREQUESTED_8
12:18:37.683 (index):1093 WAITING_3
12:18:37.776 (index):1093 WAITING_1
12:18:37.870 (index):1070 NODEACCESSREQUESTED_9
12:18:37.871 (index):1070 NODEACCESSREQUESTED_10
12:18:37.879 (index):1034 UPDATE_6
12:18:37.964 (index):1093 WAITING_0
12:18:37.979 (index):1009 NODEACCESSRELEASED_6
12:18:38.173 (index):1093 WAITING_5
12:18:38.270 (index):1064 ATTRIBUTEACCESSREQUESTED_4
12:18:38.314 (index):1093 WAITING_7
12:18:38.532 (index):1037 UPDATE_8
12:18:38.633 (index):1025 THINKING_8
12:18:38.684 (index):1034 UPDATE_3
12:18:38.777 (index):1093 WAITING_1
12:18:38.785 (index):1025 THINKING_3
12:18:38.871 (index):1093 WAITING_9
12:18:38.872 (index):1093 WAITING_10
12:18:38.965 (index):1093 WAITING_0
12:18:38.981 (index):1070 NODEACCESSREQUESTED_6
12:18:39.175 (index):1093 WAITING_5
12:18:39.271 (index):1037 UPDATE_4
12:18:39.315 (index):1093 WAITING_7
12:18:39.372 (index):1025 THINKING_4
12:18:39.778 (index):1093 WAITING_1
12:18:39.872 (index):1093 WAITING_9
12:18:39.874 (index):1093 WAITING_10
12:18:39.967 (index):1093 WAITING_0
12:18:39.982 (index):1093 WAITING_6
12:18:40.176 (index):1093 WAITING_5
12:18:40.316 (index):1093 WAITING_7
12:18:40.780 (index):1093 WAITING_1
12:18:40.874 (index):1093 WAITING_9
12:18:40.875 (index):1093 WAITING_10
12:18:40.967 (index):1093 WAITING_0
12:18:40.983 (index):1093 WAITING_6
12:18:41.177 (index):1093 WAITING_5
12:18:41.192 (index):1034 UPDATE_3
12:18:41.293 (index):1009 NODEACCESSRELEASED_3
12:18:41.318 (index):1093 WAITING_7
12:18:41.781 (index):1034 UPDATE_1
12:18:41.811 (index):1037 UPDATE_4
12:18:41.875 (index):1093 WAITING_9
12:18:41.876 (index):1093 WAITING_10
12:18:41.882 (index):1025 THINKING_1
12:18:41.912 (index):1013 ATTRIBUTEACCESSRELEASED_4
12:18:41.969 (index):1093 WAITING_0
12:18:41.984 (index):1093 WAITING_6
12:18:42.179 (index):1093 WAITING_5
12:18:42.294 (index):1064 ATTRIBUTEACCESSREQUESTED_3
12:18:42.319 (index):1093 WAITING_7
12:18:42.876 (index):1093 WAITING_9
12:18:42.877 (index):1093 WAITING_10
12:18:42.913 (index):1064 ATTRIBUTEACCESSREQUESTED_4
12:18:42.970 (index):1093 WAITING_0
12:18:42.985 (index):1093 WAITING_6
12:18:43.156 (index):1037 UPDATE_8
12:18:43.180 (index):1093 WAITING_5
12:18:43.258 (index):1013 ATTRIBUTEACCESSRELEASED_8
12:18:43.296 (index):1037 UPDATE_3
12:18:43.320 (index):1093 WAITING_7
12:18:43.397 (index):1013 ATTRIBUTEACCESSRELEASED_3
12:18:43.877 (index):1093 WAITING_9
12:18:43.878 (index):1093 WAITING_10
12:18:43.915 (index):1037 UPDATE_4
12:18:43.971 (index):1093 WAITING_0
12:18:43.987 (index):1093 WAITING_6
12:18:44.016 (index):1025 THINKING_4
12:18:44.061 (index):1034 UPDATE_1
12:18:44.162 (index):1009 NODEACCESSRELEASED_1
12:18:44.181 (index):1034 UPDATE_5
12:18:44.259 (index):1064 ATTRIBUTEACCESSREQUESTED_8
12:18:44.282 (index):1104 END_5
12:18:44.321 (index):1093 WAITING_7
12:18:44.398 (index):1064 ATTRIBUTEACCESSREQUESTED_3
12:18:44.878 (index):1093 WAITING_9
12:18:44.879 (index):1093 WAITING_10
12:18:44.972 (index):1034 UPDATE_0
12:18:44.987 (index):1093 WAITING_6
12:18:45.074 (index):1009 NODEACCESSRELEASED_0
12:18:45.163 (index):1070 NODEACCESSREQUESTED_1
12:18:45.260 (index):1093 WAITING_8
12:18:45.322 (index):1034 UPDATE_7
12:18:45.399 (index):1037 UPDATE_3
12:18:45.423 (index):1104 END_7
12:18:45.501 (index):1025 THINKING_3
12:18:45.880 (index):1034 UPDATE_9
12:18:45.881 (index):1093 WAITING_10
12:18:45.981 (index):1025 THINKING_9
12:18:45.989 (index):1093 WAITING_6
12:18:46.075 (index):1070 NODEACCESSREQUESTED_0
12:18:46.164 (index):1034 UPDATE_1
12:18:46.262 (index):1093 WAITING_8
12:18:46.265 (index):1104 END_1
12:18:46.882 (index):1093 WAITING_10
12:18:46.990 (index):1093 WAITING_6
12:18:47.076 (index):1034 UPDATE_0
12:18:47.177 (index):1104 END_0
12:18:47.263 (index):1093 WAITING_8
12:18:47.839 (index):1037 UPDATE_3
12:18:47.883 (index):1093 WAITING_10
12:18:47.940 (index):1013 ATTRIBUTEACCESSRELEASED_3
12:18:47.991 (index):1093 WAITING_6
12:18:48.225 (index):1037 UPDATE_4
12:18:48.264 (index):1093 WAITING_8
12:18:48.326 (index):1025 THINKING_4
12:18:48.884 (index):1093 WAITING_10
12:18:48.941 (index):1070 NODEACCESSREQUESTED_3
12:18:48.992 (index):1093 WAITING_6
12:18:49.266 (index):1093 WAITING_8
12:18:49.886 (index):1093 WAITING_10
12:18:49.942 (index):1034 UPDATE_3
12:18:49.993 (index):1093 WAITING_6
12:18:50.043 (index):1104 END_3
12:18:50.267 (index):1093 WAITING_8
12:18:50.493 (index):1034 UPDATE_9
12:18:50.594 (index):1025 THINKING_9
12:18:50.887 (index):1093 WAITING_10
12:18:50.995 (index):1093 WAITING_6
12:18:51.268 (index):1093 WAITING_8
12:18:51.888 (index):1093 WAITING_10
12:18:51.996 (index):1093 WAITING_6
12:18:52.269 (index):1093 WAITING_8
12:18:52.285 (index):1037 UPDATE_4
12:18:52.387 (index):1025 THINKING_4
12:18:52.890 (index):1093 WAITING_10
12:18:52.997 (index):1093 WAITING_6
12:18:53.001 (index):1034 UPDATE_9
12:18:53.102 (index):1009 NODEACCESSRELEASED_9
12:18:53.271 (index):1093 WAITING_8
12:18:53.891 (index):1034 UPDATE_10
12:18:53.993 (index):1025 THINKING_10
12:18:53.999 (index):1093 WAITING_6
12:18:54.103 (index):1064 ATTRIBUTEACCESSREQUESTED_9
12:18:54.272 (index):1093 WAITING_8
12:18:55.000 (index):1093 WAITING_6
12:18:55.105 (index):1093 WAITING_9
12:18:55.153 (index):1037 UPDATE_4
12:18:55.255 (index):1013 ATTRIBUTEACCESSRELEASED_4
12:18:55.273 (index):1037 UPDATE_8
12:18:55.374 (index):1013 ATTRIBUTEACCESSRELEASED_8
12:18:56.001 (index):1093 WAITING_6
12:18:56.045 (index):1034 UPDATE_10
12:18:56.106 (index):1037 UPDATE_9
12:18:56.146 (index):1009 NODEACCESSRELEASED_10
12:18:56.207 (index):1013 ATTRIBUTEACCESSRELEASED_9
12:18:56.255 (index):1070 NODEACCESSREQUESTED_4
12:18:56.375 (index):1070 NODEACCESSREQUESTED_8
12:18:57.003 (index):1034 UPDATE_6
12:18:57.104 (index):1009 NODEACCESSRELEASED_6
12:18:57.148 (index):1070 NODEACCESSREQUESTED_10
12:18:57.208 (index):1064 ATTRIBUTEACCESSREQUESTED_9
12:18:57.257 (index):1034 UPDATE_4
12:18:57.358 (index):1009 NODEACCESSRELEASED_4
12:18:57.376 (index):1034 UPDATE_8
12:18:57.477 (index):1025 THINKING_8
12:18:58.105 (index):1064 ATTRIBUTEACCESSREQUESTED_6
12:18:58.149 (index):1034 UPDATE_10
12:18:58.210 (index):1037 UPDATE_9
12:18:58.251 (index):1025 THINKING_10
12:18:58.311 (index):1013 ATTRIBUTEACCESSRELEASED_9
12:18:58.359 (index):1070 NODEACCESSREQUESTED_4
12:18:59.107 (index):1037 UPDATE_6
12:18:59.208 (index):1025 THINKING_6
12:18:59.312 (index):1070 NODEACCESSREQUESTED_9
12:18:59.360 (index):1034 UPDATE_4
12:18:59.461 (index):1025 THINKING_4
12:19:00.313 (index):1034 UPDATE_9
12:19:00.414 (index):1025 THINKING_9
12:19:00.775 (index):1034 UPDATE_8
12:19:00.876 (index):1009 NODEACCESSRELEASED_8
12:19:01.228 (index):1034 UPDATE_10
12:19:01.329 (index):1009 NODEACCESSRELEASED_10
12:19:01.479 (index):1037 UPDATE_6
12:19:01.580 (index):1025 THINKING_6
12:19:01.877 (index):1070 NODEACCESSREQUESTED_8
12:19:02.330 (index):1070 NODEACCESSREQUESTED_10
12:19:02.879 (index):1034 UPDATE_8
12:19:02.980 (index):1009 NODEACCESSRELEASED_8
12:19:03.332 (index):1034 UPDATE_10
12:19:03.433 (index):1025 THINKING_10
12:19:03.525 (index):1034 UPDATE_9
12:19:03.626 (index):1009 NODEACCESSRELEASED_9
12:19:03.852 (index):1034 UPDATE_4
12:19:03.953 (index):1104 END_4
12:19:03.981 (index):1070 NODEACCESSREQUESTED_8
12:19:04.535 (index):1037 UPDATE_6
12:19:04.628 (index):1070 NODEACCESSREQUESTED_9
12:19:04.636 (index):1013 ATTRIBUTEACCESSRELEASED_6
12:19:04.983 (index):1034 UPDATE_8
12:19:05.084 (index):1009 NODEACCESSRELEASED_8
12:19:05.629 (index):1034 UPDATE_9
12:19:05.637 (index):1070 NODEACCESSREQUESTED_6
12:19:05.730 (index):1009 NODEACCESSRELEASED_9
12:19:06.085 (index):1070 NODEACCESSREQUESTED_8
12:19:06.638 (index):1034 UPDATE_6
12:19:06.732 (index):1064 ATTRIBUTEACCESSREQUESTED_9
12:19:06.740 (index):1009 NODEACCESSRELEASED_6
12:19:07.086 (index):1034 UPDATE_8
12:19:07.188 (index):1009 NODEACCESSRELEASED_8
12:19:07.733 (index):1037 UPDATE_9
12:19:07.740 (index):1070 NODEACCESSREQUESTED_6
12:19:07.833 (index):1025 THINKING_9
12:19:08.097 (index):1034 UPDATE_10
12:19:08.189 (index):1070 NODEACCESSREQUESTED_8
12:19:08.199 (index):1009 NODEACCESSRELEASED_10
12:19:08.742 (index):1034 UPDATE_6
12:19:08.843 (index):1009 NODEACCESSRELEASED_6
12:19:09.191 (index):1034 UPDATE_8
12:19:09.200 (index):1070 NODEACCESSREQUESTED_10
12:19:09.292 (index):1009 NODEACCESSRELEASED_8
12:19:09.844 (index):1064 ATTRIBUTEACCESSREQUESTED_6
12:19:10.201 (index):1034 UPDATE_10
12:19:10.293 (index):1064 ATTRIBUTEACCESSREQUESTED_8
12:19:10.302 (index):1025 THINKING_10
12:19:10.845 (index):1037 UPDATE_6
12:19:10.947 (index):1013 ATTRIBUTEACCESSRELEASED_6
12:19:11.295 (index):1037 UPDATE_8
12:19:11.396 (index):1013 ATTRIBUTEACCESSRELEASED_8
12:19:11.457 (index):1037 UPDATE_9
12:19:11.558 (index):1013 ATTRIBUTEACCESSRELEASED_9
12:19:11.948 (index):1070 NODEACCESSREQUESTED_6
12:19:12.397 (index):1070 NODEACCESSREQUESTED_8
12:19:12.559 (index):1064 ATTRIBUTEACCESSREQUESTED_9
12:19:12.949 (index):1034 UPDATE_6
12:19:13.050 (index):1009 NODEACCESSRELEASED_6
12:19:13.398 (index):1034 UPDATE_8
12:19:13.499 (index):1104 END_8
12:19:13.561 (index):1037 UPDATE_9
12:19:13.662 (index):1013 ATTRIBUTEACCESSRELEASED_9
12:19:14.051 (index):1070 NODEACCESSREQUESTED_6
12:19:14.087 (index):1034 UPDATE_10
12:19:14.187 (index):1009 NODEACCESSRELEASED_10
12:19:14.663 (index):1070 NODEACCESSREQUESTED_9
12:19:15.053 (index):1034 UPDATE_6
12:19:15.154 (index):1104 END_6
12:19:15.188 (index):1070 NODEACCESSREQUESTED_10
12:19:15.665 (index):1034 UPDATE_9
12:19:15.766 (index):1009 NODEACCESSRELEASED_9
12:19:16.190 (index):1034 UPDATE_10
12:19:16.291 (index):1025 THINKING_10
12:19:16.767 (index):1070 NODEACCESSREQUESTED_9
12:19:17.769 (index):1034 UPDATE_9
12:19:17.869 (index):1104 END_9
12:19:21.176 (index):1034 UPDATE_10
12:19:21.278 (index):1009 NODEACCESSRELEASED_10
12:19:22.279 (index):1064 ATTRIBUTEACCESSREQUESTED_10
12:19:23.280 (index):1037 UPDATE_10
12:19:23.382 (index):1013 ATTRIBUTEACCESSRELEASED_10
12:19:24.383 (index):1064 ATTRIBUTEACCESSREQUESTED_10
12:19:25.384 (index):1037 UPDATE_10
12:19:25.486 (index):1013 ATTRIBUTEACCESSRELEASED_10
12:19:26.487 (index):1070 NODEACCESSREQUESTED_10
12:19:27.488 (index):1034 UPDATE_10
12:19:27.589 (index):1104 END_10
