18:42:08.990 (index):1000 Tasks: 25; Collaborators: 9    =========================>
18:42:08.991 (index):835 NODEACCESSREQUESTED_0
18:42:08.992 (index):835 NODEACCESSREQUESTED_1
18:42:08.993 (index):835 NODEACCESSREQUESTED_2
18:42:08.994 (index):835 NODEACCESSREQUESTED_3
18:42:08.994 (index):835 NODEACCESSREQUESTED_4
18:42:08.995 (index):835 NODEACCESSREQUESTED_5
18:42:08.995 (index):835 NODEACCESSREQUESTED_6
18:42:08.995 (index):835 NODEACCESSREQUESTED_7
18:42:08.996 (index):835 NODEACCESSREQUESTED_8
18:42:09.992 (index):815 THINKING_0
18:42:09.993 (index):815 THINKING_1
18:42:09.994 (index):805 NODEACCESSRELEASED_2
18:42:09.995 (index):805 NODEACCESSRELEASED_3
18:42:09.995 (index):853 WAITING_4
18:42:09.996 (index):853 WAITING_5
18:42:09.997 (index):853 WAITING_6
18:42:09.998 (index):853 WAITING_7
18:42:09.999 (index):853 WAITING_8
18:42:10.995 (index):835 NODEACCESSREQUESTED_2
18:42:10.996 (index):835 NODEACCESSREQUESTED_3
18:42:10.997 (index):853 WAITING_4
18:42:10.998 (index):853 WAITING_5
18:42:10.998 (index):853 WAITING_6
18:42:10.999 (index):853 WAITING_7
18:42:11.000 (index):853 WAITING_8
18:42:11.996 (index):823 UPDATE_2
18:42:11.997 (index):823 UPDATE_3
18:42:11.998 (index):853 WAITING_4
18:42:11.999 (index):853 WAITING_5
18:42:12.000 (index):853 WAITING_6
18:42:12.001 (index):853 WAITING_7
18:42:12.002 (index):853 WAITING_8
18:42:12.097 (index):805 NODEACCESSRELEASED_2
18:42:12.098 (index):805 NODEACCESSRELEASED_3
18:42:12.939 (index):823 UPDATE_1
18:42:12.999 (index):853 WAITING_4
18:42:13.001 (index):853 WAITING_5
18:42:13.002 (index):853 WAITING_6
18:42:13.003 (index):853 WAITING_7
18:42:13.004 (index):853 WAITING_8
18:42:13.040 (index):805 NODEACCESSRELEASED_1
18:42:13.102 (index):835 NODEACCESSREQUESTED_2
18:42:13.103 (index):835 NODEACCESSREQUESTED_3
18:42:14.001 (index):853 WAITING_4
18:42:14.002 (index):853 WAITING_5
18:42:14.003 (index):853 WAITING_6
18:42:14.004 (index):853 WAITING_7
18:42:14.004 (index):853 WAITING_8
18:42:14.041 (index):835 NODEACCESSREQUESTED_1
18:42:14.103 (index):823 UPDATE_2
18:42:14.104 (index):823 UPDATE_3
18:42:14.204 (index):805 NODEACCESSRELEASED_2
18:42:14.205 (index):815 THINKING_3
18:42:14.341 (index):823 UPDATE_0
18:42:14.442 (index):805 NODEACCESSRELEASED_0
18:42:15.002 (index):853 WAITING_4
18:42:15.003 (index):853 WAITING_5
18:42:15.004 (index):853 WAITING_6
18:42:15.006 (index):853 WAITING_7
18:42:15.007 (index):853 WAITING_8
18:42:15.042 (index):823 UPDATE_1
18:42:15.144 (index):815 THINKING_1
18:42:15.205 (index):835 NODEACCESSREQUESTED_2
18:42:15.443 (index):835 NODEACCESSREQUESTED_0
18:42:16.004 (index):853 WAITING_4
18:42:16.005 (index):853 WAITING_5
18:42:16.006 (index):853 WAITING_6
18:42:16.007 (index):853 WAITING_7
18:42:16.009 (index):853 WAITING_8
18:42:16.207 (index):823 UPDATE_2
18:42:16.308 (index):815 THINKING_2
18:42:16.445 (index):823 UPDATE_0
18:42:16.546 (index):805 NODEACCESSRELEASED_0
18:42:17.005 (index):853 WAITING_4
18:42:17.006 (index):853 WAITING_5
18:42:17.007 (index):853 WAITING_6
18:42:17.024 (index):853 WAITING_7
18:42:17.024 (index):853 WAITING_8
18:42:17.556 (index):835 NODEACCESSREQUESTED_0
18:42:18.006 (index):853 WAITING_4
18:42:18.007 (index):853 WAITING_5
18:42:18.009 (index):853 WAITING_6
18:42:18.024 (index):853 WAITING_7
18:42:18.025 (index):853 WAITING_8
18:42:18.322 (index):823 UPDATE_3
18:42:18.424 (index):805 NODEACCESSRELEASED_3
18:42:18.557 (index):823 UPDATE_0
18:42:18.658 (index):815 THINKING_0
18:42:18.693 (index):823 UPDATE_1
18:42:18.794 (index):815 THINKING_1
18:42:19.007 (index):853 WAITING_4
18:42:19.009 (index):853 WAITING_5
18:42:19.010 (index):853 WAITING_6
18:42:19.025 (index):853 WAITING_7
18:42:19.026 (index):853 WAITING_8
18:42:19.027 (index):823 UPDATE_2
18:42:19.145 (index):805 NODEACCESSRELEASED_2
18:42:19.425 (index):835 NODEACCESSREQUESTED_3
18:42:20.009 (index):853 WAITING_4
18:42:20.010 (index):853 WAITING_5
18:42:20.011 (index):853 WAITING_6
18:42:20.026 (index):853 WAITING_7
18:42:20.027 (index):853 WAITING_8
18:42:20.146 (index):835 NODEACCESSREQUESTED_2
18:42:20.426 (index):823 UPDATE_3
18:42:20.527 (index):805 NODEACCESSRELEASED_3
18:42:21.010 (index):853 WAITING_4
18:42:21.011 (index):853 WAITING_5
18:42:21.011 (index):853 WAITING_6
18:42:21.027 (index):853 WAITING_7
18:42:21.028 (index):853 WAITING_8
18:42:21.147 (index):823 UPDATE_2
18:42:21.228 (index):823 UPDATE_0
18:42:21.265 (index):805 NODEACCESSRELEASED_2
18:42:21.329 (index):815 THINKING_0
18:42:21.528 (index):835 NODEACCESSREQUESTED_3
18:42:22.011 (index):853 WAITING_4
18:42:22.011 (index):853 WAITING_5
18:42:22.012 (index):853 WAITING_6
18:42:22.028 (index):853 WAITING_7
18:42:22.029 (index):853 WAITING_8
18:42:22.266 (index):835 NODEACCESSREQUESTED_2
18:42:22.529 (index):823 UPDATE_3
18:42:22.630 (index):805 NODEACCESSRELEASED_3
18:42:23.011 (index):853 WAITING_4
18:42:23.013 (index):853 WAITING_5
18:42:23.014 (index):853 WAITING_6
18:42:23.029 (index):853 WAITING_7
18:42:23.030 (index):853 WAITING_8
18:42:23.187 (index):823 UPDATE_1
18:42:23.267 (index):823 UPDATE_2
18:42:23.288 (index):805 NODEACCESSRELEASED_1
18:42:23.383 (index):815 THINKING_2
18:42:23.631 (index):835 NODEACCESSREQUESTED_3
18:42:24.013 (index):853 WAITING_4
18:42:24.014 (index):853 WAITING_5
18:42:24.016 (index):853 WAITING_6
18:42:24.031 (index):853 WAITING_7
18:42:24.032 (index):853 WAITING_8
18:42:24.289 (index):835 NODEACCESSREQUESTED_1
18:42:24.632 (index):823 UPDATE_3
18:42:24.734 (index):805 NODEACCESSRELEASED_3
18:42:25.014 (index):853 WAITING_4
18:42:25.015 (index):853 WAITING_5
18:42:25.017 (index):853 WAITING_6
18:42:25.032 (index):853 WAITING_7
18:42:25.033 (index):853 WAITING_8
18:42:25.291 (index):823 UPDATE_1
18:42:25.392 (index):815 THINKING_1
18:42:25.735 (index):835 NODEACCESSREQUESTED_3
18:42:25.934 (index):823 UPDATE_2
18:42:26.016 (index):853 WAITING_4
18:42:26.017 (index):853 WAITING_5
18:42:26.035 (index):853 WAITING_6
18:42:26.035 (index):853 WAITING_7
18:42:26.036 (index):853 WAITING_8
18:42:26.037 (index):815 THINKING_2
18:42:26.271 (index):823 UPDATE_0
18:42:26.379 (index):805 NODEACCESSRELEASED_0
18:42:26.736 (index):823 UPDATE_3
18:42:26.837 (index):805 NODEACCESSRELEASED_3
18:42:27.017 (index):853 WAITING_4
18:42:27.018 (index):853 WAITING_5
18:42:27.035 (index):853 WAITING_6
18:42:27.036 (index):853 WAITING_7
18:42:27.037 (index):853 WAITING_8
18:42:27.381 (index):835 NODEACCESSREQUESTED_0
18:42:27.703 (index):823 UPDATE_1
18:42:27.804 (index):805 NODEACCESSRELEASED_1
18:42:27.838 (index):835 NODEACCESSREQUESTED_3
18:42:28.018 (index):853 WAITING_4
18:42:28.019 (index):853 WAITING_5
18:42:28.036 (index):853 WAITING_6
18:42:28.037 (index):853 WAITING_7
18:42:28.038 (index):853 WAITING_8
18:42:28.264 (index):823 UPDATE_2
18:42:28.365 (index):815 THINKING_2
18:42:28.382 (index):823 UPDATE_0
18:42:28.484 (index):815 THINKING_0
18:42:28.805 (index):835 NODEACCESSREQUESTED_1
18:42:28.845 (index):823 UPDATE_3
18:42:28.946 (index):815 THINKING_3
18:42:29.019 (index):853 WAITING_4
18:42:29.020 (index):853 WAITING_5
18:42:29.037 (index):853 WAITING_6
18:42:29.038 (index):853 WAITING_7
18:42:29.039 (index):853 WAITING_8
18:42:29.807 (index):823 UPDATE_1
18:42:29.908 (index):815 THINKING_1
18:42:30.020 (index):853 WAITING_4
18:42:30.021 (index):853 WAITING_5
18:42:30.038 (index):853 WAITING_6
18:42:30.039 (index):853 WAITING_7
18:42:30.040 (index):853 WAITING_8
18:42:30.640 (index):823 UPDATE_0
18:42:30.742 (index):805 NODEACCESSRELEASED_0
18:42:31.226 (index):853 WAITING_4
18:42:31.227 (index):853 WAITING_5
18:42:31.227 (index):853 WAITING_6
18:42:31.228 (index):853 WAITING_7
18:42:31.229 (index):853 WAITING_8
18:42:32.228 (index):823 UPDATE_3
18:42:32.233 (index):835 NODEACCESSREQUESTED_0
18:42:32.235 (index):853 WAITING_4
18:42:32.236 (index):853 WAITING_5
18:42:33.226 (index):853 WAITING_6
18:42:33.228 (index):853 WAITING_7
18:42:33.229 (index):853 WAITING_8
18:42:33.230 (index):805 NODEACCESSRELEASED_3
18:42:33.232 (index):823 UPDATE_1
18:42:33.233 (index):823 UPDATE_2
18:42:34.226 (index):823 UPDATE_0
18:42:34.228 (index):853 WAITING_4
18:42:34.229 (index):853 WAITING_5
18:42:34.230 (index):815 THINKING_1
18:42:34.231 (index):805 NODEACCESSRELEASED_2
18:42:35.227 (index):853 WAITING_6
18:42:35.228 (index):853 WAITING_7
18:42:35.230 (index):853 WAITING_8
18:42:35.231 (index):835 NODEACCESSREQUESTED_3
18:42:35.232 (index):805 NODEACCESSRELEASED_0
18:42:36.226 (index):853 WAITING_4
18:42:36.227 (index):853 WAITING_5
18:42:36.228 (index):835 NODEACCESSREQUESTED_2
18:42:37.226 (index):853 WAITING_6
18:42:37.227 (index):853 WAITING_7
18:42:37.227 (index):853 WAITING_8
18:42:37.228 (index):823 UPDATE_3
18:42:37.228 (index):835 NODEACCESSREQUESTED_0
18:42:38.226 (index):853 WAITING_4
18:42:38.227 (index):853 WAITING_5
18:42:38.228 (index):823 UPDATE_2
18:42:38.229 (index):805 NODEACCESSRELEASED_3
18:42:39.227 (index):853 WAITING_6
18:42:39.229 (index):853 WAITING_7
18:42:39.230 (index):853 WAITING_8
18:42:39.232 (index):823 UPDATE_0
18:42:39.233 (index):805 NODEACCESSRELEASED_2
18:42:39.234 (index):823 UPDATE_1
18:42:39.234 (index):853 WAITING_4
18:42:40.226 (index):853 WAITING_5
18:42:40.228 (index):835 NODEACCESSREQUESTED_3
18:42:40.231 (index):815 THINKING_0
18:42:40.232 (index):815 THINKING_1
18:42:41.226 (index):853 WAITING_6
18:42:41.228 (index):853 WAITING_7
18:42:41.229 (index):853 WAITING_8
18:42:41.231 (index):835 NODEACCESSREQUESTED_2
18:42:41.232 (index):853 WAITING_4
18:42:42.226 (index):853 WAITING_5
18:42:42.227 (index):823 UPDATE_3
18:42:43.230 (index):853 WAITING_6
18:42:43.232 (index):853 WAITING_7
18:42:43.232 (index):853 WAITING_8
18:42:43.233 (index):823 UPDATE_2
18:42:43.235 (index):853 WAITING_4
18:42:43.236 (index):815 THINKING_3
18:42:43.237 (index):853 WAITING_5
18:42:44.228 (index):805 NODEACCESSRELEASED_2
18:42:44.230 (index):823 UPDATE_0
18:42:45.226 (index):853 WAITING_6
18:42:45.227 (index):853 WAITING_7
18:42:45.228 (index):853 WAITING_8
18:42:45.229 (index):853 WAITING_4
18:42:45.230 (index):853 WAITING_5
18:42:45.232 (index):805 NODEACCESSRELEASED_0
18:42:45.233 (index):823 UPDATE_1
18:42:46.226 (index):835 NODEACCESSREQUESTED_2
18:42:46.228 (index):805 NODEACCESSRELEASED_1
18:42:46.229 (index):823 UPDATE_3
18:42:47.226 (index):853 WAITING_6
18:42:47.227 (index):853 WAITING_7
18:42:47.229 (index):853 WAITING_8
18:42:47.229 (index):853 WAITING_4
18:42:47.230 (index):853 WAITING_5
18:42:47.231 (index):835 NODEACCESSREQUESTED_0
18:42:47.232 (index):805 NODEACCESSRELEASED_3
18:42:48.226 (index):823 UPDATE_2
18:42:48.228 (index):835 NODEACCESSREQUESTED_1
18:42:49.226 (index):853 WAITING_6
18:42:49.228 (index):853 WAITING_7
18:42:49.229 (index):853 WAITING_8
18:42:49.230 (index):853 WAITING_4
18:42:49.231 (index):853 WAITING_5
18:42:49.231 (index):823 UPDATE_0
18:42:49.232 (index):835 NODEACCESSREQUESTED_3
18:42:49.233 (index):805 NODEACCESSRELEASED_2
18:42:50.226 (index):823 UPDATE_1
18:42:50.228 (index):805 NODEACCESSRELEASED_0
18:42:51.228 (index):853 WAITING_6
18:42:51.230 (index):853 WAITING_7
18:42:51.232 (index):853 WAITING_8
18:42:51.234 (index):853 WAITING_4
18:42:51.235 (index):853 WAITING_5
18:42:51.236 (index):823 UPDATE_3
18:42:51.237 (index):835 NODEACCESSREQUESTED_2
18:42:51.237 (index):815 THINKING_1
18:42:52.226 (index):835 NODEACCESSREQUESTED_0
18:42:52.228 (index):864 END_3
18:42:53.230 (index):853 WAITING_6
18:42:53.231 (index):853 WAITING_7
18:42:53.232 (index):853 WAITING_8
18:42:53.233 (index):853 WAITING_4
18:42:53.234 (index):853 WAITING_5
18:42:53.235 (index):823 UPDATE_2
18:42:53.236 (index):823 UPDATE_0
18:42:54.228 (index):864 END_2
18:42:54.229 (index):805 NODEACCESSRELEASED_0
18:42:54.231 (index):823 UPDATE_1
18:42:55.226 (index):853 WAITING_6
18:42:55.228 (index):853 WAITING_7
18:42:55.228 (index):853 WAITING_8
18:42:55.229 (index):853 WAITING_4
18:42:55.230 (index):853 WAITING_5
18:42:55.231 (index):805 NODEACCESSRELEASED_1
18:42:56.227 (index):835 NODEACCESSREQUESTED_0
18:42:57.226 (index):853 WAITING_6
18:42:57.228 (index):853 WAITING_7
18:42:57.229 (index):853 WAITING_8
18:42:57.230 (index):805 NODEACCESSRELEASED_4
18:42:57.232 (index):805 NODEACCESSRELEASED_5
18:42:57.233 (index):835 NODEACCESSREQUESTED_1
18:42:58.226 (index):853 WAITING_0
18:42:59.227 (index):815 THINKING_6
18:42:59.228 (index):853 WAITING_7
18:42:59.233 (index):853 WAITING_8
18:42:59.234 (index):835 NODEACCESSREQUESTED_4
18:42:59.236 (index):835 NODEACCESSREQUESTED_5
18:42:59.237 (index):853 WAITING_1
18:43:00.228 (index):853 WAITING_0
18:43:01.227 (index):853 WAITING_7
18:43:01.229 (index):853 WAITING_8
18:43:01.230 (index):853 WAITING_4
18:43:01.231 (index):853 WAITING_5
18:43:01.232 (index):853 WAITING_1
18:43:02.226 (index):853 WAITING_0
18:43:02.227 (index):823 UPDATE_6
18:43:03.227 (index):853 WAITING_7
18:43:03.229 (index):853 WAITING_8
18:43:03.230 (index):853 WAITING_4
18:43:03.231 (index):853 WAITING_5
18:43:03.232 (index):853 WAITING_1
18:43:03.233 (index):805 NODEACCESSRELEASED_6
18:43:03.234 (index):853 WAITING_0
18:43:05.226 (index):805 NODEACCESSRELEASED_7
18:43:05.228 (index):815 THINKING_8
18:43:05.229 (index):853 WAITING_4
18:43:05.230 (index):853 WAITING_5
18:43:05.231 (index):853 WAITING_1
18:43:05.232 (index):835 NODEACCESSREQUESTED_6
18:43:05.233 (index):853 WAITING_0
18:43:07.228 (index):835 NODEACCESSREQUESTED_7
18:43:07.229 (index):853 WAITING_4
18:43:07.230 (index):853 WAITING_5
18:43:07.231 (index):853 WAITING_1
18:43:07.232 (index):853 WAITING_6
18:43:07.233 (index):853 WAITING_0
18:43:08.227 (index):823 UPDATE_8
18:43:09.227 (index):853 WAITING_7
18:43:09.228 (index):853 WAITING_4
18:43:09.229 (index):853 WAITING_5
18:43:09.230 (index):853 WAITING_1
18:43:09.231 (index):853 WAITING_6
18:43:09.232 (index):853 WAITING_0
18:43:09.233 (index):815 THINKING_8
18:43:11.226 (index):853 WAITING_7
18:43:11.227 (index):853 WAITING_4
18:43:11.228 (index):853 WAITING_5
18:43:11.230 (index):853 WAITING_1
18:43:11.232 (index):853 WAITING_6
18:43:11.233 (index):853 WAITING_0
18:43:13.226 (index):853 WAITING_7
18:43:13.228 (index):853 WAITING_4
18:43:13.229 (index):853 WAITING_5
18:43:13.230 (index):853 WAITING_1
18:43:13.231 (index):853 WAITING_6
18:43:13.231 (index):853 WAITING_0
18:43:14.227 (index):823 UPDATE_8
18:43:15.226 (index):853 WAITING_7
18:43:15.228 (index):853 WAITING_4
18:43:15.229 (index):853 WAITING_5
18:43:15.231 (index):853 WAITING_1
18:43:15.232 (index):853 WAITING_6
18:43:15.233 (index):853 WAITING_0
18:43:15.234 (index):805 NODEACCESSRELEASED_8
18:43:17.226 (index):853 WAITING_7
18:43:17.227 (index):853 WAITING_4
18:43:17.228 (index):853 WAITING_5
18:43:17.229 (index):853 WAITING_1
18:43:17.230 (index):853 WAITING_6
18:43:17.231 (index):823 UPDATE_0
18:43:17.232 (index):835 NODEACCESSREQUESTED_8
18:43:18.227 (index):864 END_0
18:43:19.226 (index):853 WAITING_7
18:43:19.227 (index):853 WAITING_4
18:43:19.228 (index):853 WAITING_5
18:43:19.229 (index):823 UPDATE_1
18:43:19.229 (index):853 WAITING_6
18:43:19.230 (index):823 UPDATE_8
18:43:20.226 (index):864 END_1
18:43:20.228 (index):815 THINKING_8
18:43:21.227 (index):853 WAITING_7
18:43:21.228 (index):823 UPDATE_4
18:43:21.230 (index):853 WAITING_5
18:43:21.232 (index):853 WAITING_6
18:43:22.228 (index):805 NODEACCESSRELEASED_4
18:43:23.226 (index):853 WAITING_7
18:43:23.228 (index):823 UPDATE_5
18:43:23.229 (index):853 WAITING_6
18:43:24.226 (index):835 NODEACCESSREQUESTED_4
18:43:24.228 (index):815 THINKING_5
18:43:25.230 (index):853 WAITING_7
18:43:25.231 (index):853 WAITING_6
18:43:25.233 (index):823 UPDATE_8
18:43:25.235 (index):823 UPDATE_4
18:43:26.226 (index):805 NODEACCESSRELEASED_8
18:43:26.228 (index):805 NODEACCESSRELEASED_4
18:43:27.226 (index):853 WAITING_7
18:43:27.228 (index):853 WAITING_6
18:43:27.229 (index):823 UPDATE_5
18:43:28.226 (index):835 NODEACCESSREQUESTED_8
18:43:28.228 (index):835 NODEACCESSREQUESTED_4
18:43:28.229 (index):805 NODEACCESSRELEASED_5
18:43:29.227 (index):853 WAITING_7
18:43:29.229 (index):823 UPDATE_6
18:43:30.226 (index):823 UPDATE_8
18:43:30.227 (index):823 UPDATE_4
18:43:30.228 (index):835 NODEACCESSREQUESTED_5
18:43:30.229 (index):805 NODEACCESSRELEASED_6
18:43:31.226 (index):823 UPDATE_7
18:43:31.227 (index):805 NODEACCESSRELEASED_8
18:43:31.228 (index):805 NODEACCESSRELEASED_4
18:43:32.230 (index):823 UPDATE_5
18:43:32.232 (index):835 NODEACCESSREQUESTED_6
18:43:32.234 (index):805 NODEACCESSRELEASED_7
18:43:32.235 (index):835 NODEACCESSREQUESTED_8
18:43:32.236 (index):835 NODEACCESSREQUESTED_4
18:43:33.226 (index):815 THINKING_5
18:43:34.226 (index):823 UPDATE_6
18:43:34.228 (index):835 NODEACCESSREQUESTED_7
18:43:34.230 (index):823 UPDATE_8
18:43:34.231 (index):823 UPDATE_4
18:43:35.227 (index):805 NODEACCESSRELEASED_6
18:43:35.229 (index):815 THINKING_8
18:43:35.230 (index):805 NODEACCESSRELEASED_4
18:43:36.226 (index):853 WAITING_7
18:43:37.229 (index):835 NODEACCESSREQUESTED_6
18:43:37.230 (index):835 NODEACCESSREQUESTED_4
18:43:37.231 (index):823 UPDATE_5
18:43:37.232 (index):853 WAITING_7
18:43:38.226 (index):805 NODEACCESSRELEASED_5
18:43:39.228 (index):823 UPDATE_6
18:43:39.230 (index):823 UPDATE_4
18:43:39.231 (index):853 WAITING_7
18:43:39.233 (index):823 UPDATE_8
18:43:39.234 (index):835 NODEACCESSREQUESTED_5
18:43:40.227 (index):805 NODEACCESSRELEASED_6
18:43:40.229 (index):815 THINKING_4
18:43:40.230 (index):805 NODEACCESSRELEASED_8
18:43:41.226 (index):853 WAITING_7
18:43:41.228 (index):823 UPDATE_5
18:43:42.226 (index):835 NODEACCESSREQUESTED_6
18:43:42.227 (index):835 NODEACCESSREQUESTED_8
18:43:42.228 (index):815 THINKING_5
18:43:43.226 (index):853 WAITING_7
18:43:43.228 (index):823 UPDATE_4
18:43:44.226 (index):823 UPDATE_6
18:43:44.228 (index):823 UPDATE_8
18:43:44.229 (index):805 NODEACCESSRELEASED_4
18:43:45.226 (index):853 WAITING_7
18:43:45.228 (index):805 NODEACCESSRELEASED_6
18:43:45.229 (index):805 NODEACCESSRELEASED_8
18:43:46.226 (index):835 NODEACCESSREQUESTED_4
18:43:47.227 (index):853 WAITING_7
18:43:47.228 (index):835 NODEACCESSREQUESTED_6
18:43:47.230 (index):835 NODEACCESSREQUESTED_8
18:43:47.231 (index):823 UPDATE_5
18:43:48.226 (index):823 UPDATE_4
18:43:48.228 (index):815 THINKING_5
18:43:49.226 (index):853 WAITING_7
18:43:49.228 (index):823 UPDATE_6
18:43:49.229 (index):823 UPDATE_8
18:43:49.230 (index):815 THINKING_4
18:43:50.228 (index):815 THINKING_6
18:43:50.230 (index):805 NODEACCESSRELEASED_8
18:43:50.231 (index):853 WAITING_7
18:43:51.226 (index):823 UPDATE_5
18:43:52.226 (index):835 NODEACCESSREQUESTED_8
18:43:52.228 (index):853 WAITING_7
18:43:52.229 (index):805 NODEACCESSRELEASED_5
18:43:53.226 (index):823 UPDATE_6
18:43:54.226 (index):823 UPDATE_8
18:43:54.228 (index):853 WAITING_7
18:43:54.229 (index):835 NODEACCESSREQUESTED_5
18:43:54.231 (index):815 THINKING_6
18:43:54.233 (index):823 UPDATE_4
18:43:55.226 (index):805 NODEACCESSRELEASED_8
18:43:55.228 (index):815 THINKING_4
18:43:56.226 (index):853 WAITING_7
18:43:56.228 (index):823 UPDATE_5
18:43:57.226 (index):835 NODEACCESSREQUESTED_8
18:43:57.227 (index):815 THINKING_5
18:43:57.227 (index):823 UPDATE_6
18:43:58.226 (index):853 WAITING_7
18:43:58.228 (index):805 NODEACCESSRELEASED_6
18:43:59.226 (index):823 UPDATE_8
18:43:59.227 (index):823 UPDATE_4
18:44:00.226 (index):853 WAITING_7
18:44:00.227 (index):835 NODEACCESSREQUESTED_6
18:44:00.227 (index):805 NODEACCESSRELEASED_8
18:44:00.228 (index):815 THINKING_4
18:44:01.229 (index):853 WAITING_7
18:44:01.230 (index):823 UPDATE_6
18:44:01.230 (index):835 NODEACCESSREQUESTED_8
18:44:02.226 (index):805 NODEACCESSRELEASED_6
18:44:02.228 (index):823 UPDATE_5
18:44:03.226 (index):853 WAITING_7
18:44:03.228 (index):823 UPDATE_8
18:44:03.229 (index):805 NODEACCESSRELEASED_5
18:44:03.231 (index):823 UPDATE_4
18:44:04.226 (index):835 NODEACCESSREQUESTED_6
18:44:04.228 (index):805 NODEACCESSRELEASED_8
18:44:04.229 (index):805 NODEACCESSRELEASED_4
18:44:05.226 (index):853 WAITING_7
18:44:05.231 (index):835 NODEACCESSREQUESTED_5
18:44:06.226 (index):823 UPDATE_6
18:44:06.228 (index):835 NODEACCESSREQUESTED_8
18:44:06.229 (index):835 NODEACCESSREQUESTED_4
18:44:07.226 (index):853 WAITING_7
18:44:07.227 (index):823 UPDATE_5
18:44:07.228 (index):805 NODEACCESSRELEASED_6
18:44:08.226 (index):823 UPDATE_8
18:44:08.228 (index):823 UPDATE_4
18:44:08.229 (index):805 NODEACCESSRELEASED_5
18:44:09.227 (index):853 WAITING_7
18:44:09.228 (index):835 NODEACCESSREQUESTED_6
18:44:09.230 (index):864 END_8
18:44:09.232 (index):805 NODEACCESSRELEASED_4
18:44:10.227 (index):835 NODEACCESSREQUESTED_5
18:44:11.226 (index):853 WAITING_7
18:44:11.228 (index):823 UPDATE_6
18:44:11.229 (index):835 NODEACCESSREQUESTED_4
18:44:12.226 (index):823 UPDATE_5
18:44:12.228 (index):805 NODEACCESSRELEASED_6
18:44:13.228 (index):853 WAITING_7
18:44:13.229 (index):823 UPDATE_4
18:44:13.232 (index):805 NODEACCESSRELEASED_5
18:44:14.226 (index):835 NODEACCESSREQUESTED_6
18:44:14.231 (index):815 THINKING_4
18:44:15.226 (index):853 WAITING_7
18:44:15.227 (index):835 NODEACCESSREQUESTED_5
18:44:16.226 (index):823 UPDATE_6
18:44:17.227 (index):853 WAITING_7
18:44:17.231 (index):823 UPDATE_5
18:44:17.233 (index):805 NODEACCESSRELEASED_6
18:44:18.227 (index):805 NODEACCESSRELEASED_5
18:44:19.226 (index):853 WAITING_7
18:44:19.227 (index):835 NODEACCESSREQUESTED_6
18:44:19.228 (index):823 UPDATE_4
18:44:20.228 (index):835 NODEACCESSREQUESTED_5
18:44:20.229 (index):864 END_4
18:44:20.230 (index):853 WAITING_7
18:44:20.232 (index):823 UPDATE_6
18:44:21.226 (index):864 END_6
18:44:22.226 (index):823 UPDATE_5
18:44:22.227 (index):853 WAITING_7
18:44:23.226 (index):864 END_5
18:44:24.226 (index):823 UPDATE_7
18:44:25.226 (index):805 NODEACCESSRELEASED_7
18:44:27.226 (index):835 NODEACCESSREQUESTED_7
18:44:29.227 (index):823 UPDATE_7
18:44:30.226 (index):815 THINKING_7
18:44:33.226 (index):823 UPDATE_7
18:44:34.228 (index):805 NODEACCESSRELEASED_7
18:44:36.230 (index):835 NODEACCESSREQUESTED_7
18:44:38.226 (index):823 UPDATE_7
18:44:39.226 (index):815 THINKING_7
18:44:44.226 (index):823 UPDATE_7
18:44:45.227 (index):805 NODEACCESSRELEASED_7
18:44:47.226 (index):835 NODEACCESSREQUESTED_7
18:44:49.227 (index):823 UPDATE_7
18:44:50.228 (index):805 NODEACCESSRELEASED_7
18:44:52.226 (index):835 NODEACCESSREQUESTED_7
18:44:54.226 (index):823 UPDATE_7
18:44:55.226 (index):805 NODEACCESSRELEASED_7
18:44:57.228 (index):835 NODEACCESSREQUESTED_7
18:44:59.226 (index):823 UPDATE_7
18:45:00.227 (index):805 NODEACCESSRELEASED_7
18:45:02.227 (index):835 NODEACCESSREQUESTED_7
18:45:04.226 (index):823 UPDATE_7
18:45:05.226 (index):805 NODEACCESSRELEASED_7
18:45:07.226 (index):835 NODEACCESSREQUESTED_7
18:45:09.226 (index):823 UPDATE_7
18:45:10.226 (index):815 THINKING_7
18:45:14.226 (index):823 UPDATE_7
18:45:15.226 (index):805 NODEACCESSRELEASED_7
18:45:17.226 (index):835 NODEACCESSREQUESTED_7
18:45:18.886 (index):823 UPDATE_7
18:45:19.032 (index):864 END_7
