19:09:35.229 (index):1189 Tasks: 25; Collaborators: 16    =========================>
19:09:35.230 (index):835 NODEACCESSREQUESTED_0
19:09:35.232 (index):835 NODEACCESSREQUESTED_1
19:09:35.233 (index):835 NODEACCESSREQUESTED_2
19:09:35.234 (index):835 NODEACCESSREQUESTED_3
19:09:35.235 (index):835 NODEACCESSREQUESTED_4
19:09:35.236 (index):835 NODEACCESSREQUESTED_5
19:09:35.237 (index):835 NODEACCESSREQUESTED_6
19:09:35.238 (index):835 NODEACCESSREQUESTED_7
19:09:35.239 (index):835 NODEACCESSREQUESTED_8
19:09:35.240 (index):835 NODEACCESSREQUESTED_9
19:09:35.240 (index):835 NODEACCESSREQUESTED_10
19:09:35.241 (index):835 NODEACCESSREQUESTED_11
19:09:35.241 (index):835 NODEACCESSREQUESTED_12
19:09:35.242 (index):835 NODEACCESSREQUESTED_13
19:09:35.243 (index):835 NODEACCESSREQUESTED_14
19:09:35.243 (index):835 NODEACCESSREQUESTED_15
19:09:37.226 (index):815 THINKING_0
19:09:37.228 (index):815 THINKING_1
19:09:37.229 (index):805 NODEACCESSRELEASED_2
19:09:37.230 (index):805 NODEACCESSRELEASED_3
19:09:37.231 (index):853 WAITING_4
19:09:37.232 (index):853 WAITING_5
19:09:37.233 (index):853 WAITING_6
19:09:37.233 (index):853 WAITING_7
19:09:37.234 (index):853 WAITING_8
19:09:37.235 (index):853 WAITING_9
19:09:37.236 (index):853 WAITING_10
19:09:37.236 (index):853 WAITING_11
19:09:37.237 (index):853 WAITING_12
19:09:37.238 (index):853 WAITING_13
19:09:37.239 (index):853 WAITING_14
19:09:37.240 (index):853 WAITING_15
19:09:39.226 (index):835 NODEACCESSREQUESTED_2
19:09:39.228 (index):835 NODEACCESSREQUESTED_3
19:09:39.229 (index):853 WAITING_4
19:09:39.231 (index):853 WAITING_5
19:09:39.232 (index):853 WAITING_6
19:09:39.233 (index):853 WAITING_7
19:09:39.235 (index):853 WAITING_8
19:09:39.235 (index):853 WAITING_9
19:09:39.236 (index):853 WAITING_10
19:09:39.237 (index):853 WAITING_11
19:09:39.238 (index):853 WAITING_12
19:09:39.239 (index):853 WAITING_13
19:09:39.240 (index):853 WAITING_14
19:09:39.241 (index):853 WAITING_15
19:09:40.226 (index):823 UPDATE_1
19:09:41.229 (index):823 UPDATE_2
19:09:41.230 (index):823 UPDATE_3
19:09:41.232 (index):853 WAITING_4
19:09:41.232 (index):853 WAITING_5
19:09:41.233 (index):853 WAITING_6
19:09:41.234 (index):853 WAITING_7
19:09:41.235 (index):853 WAITING_8
19:09:41.236 (index):853 WAITING_9
19:09:41.237 (index):853 WAITING_10
19:09:41.238 (index):853 WAITING_11
19:09:41.238 (index):853 WAITING_12
19:09:41.239 (index):853 WAITING_13
19:09:41.239 (index):853 WAITING_14
19:09:41.239 (index):853 WAITING_15
19:09:41.240 (index):805 NODEACCESSRELEASED_1
19:09:42.226 (index):805 NODEACCESSRELEASED_2
19:09:42.227 (index):805 NODEACCESSRELEASED_3
19:09:42.228 (index):823 UPDATE_0
19:09:43.226 (index):853 WAITING_4
19:09:43.227 (index):853 WAITING_5
19:09:43.227 (index):853 WAITING_6
19:09:43.228 (index):853 WAITING_7
19:09:43.228 (index):853 WAITING_8
19:09:43.229 (index):853 WAITING_9
19:09:43.229 (index):853 WAITING_10
19:09:43.230 (index):853 WAITING_11
19:09:43.230 (index):853 WAITING_12
19:09:43.231 (index):853 WAITING_13
19:09:43.232 (index):853 WAITING_14
19:09:43.233 (index):853 WAITING_15
19:09:43.234 (index):835 NODEACCESSREQUESTED_1
19:09:43.235 (index):805 NODEACCESSRELEASED_0
19:09:44.226 (index):835 NODEACCESSREQUESTED_2
19:09:44.227 (index):835 NODEACCESSREQUESTED_3
19:09:45.226 (index):853 WAITING_4
19:09:45.227 (index):853 WAITING_5
19:09:45.228 (index):853 WAITING_6
19:09:45.229 (index):853 WAITING_7
19:09:45.231 (index):853 WAITING_8
19:09:45.232 (index):853 WAITING_9
19:09:45.233 (index):853 WAITING_10
19:09:45.234 (index):853 WAITING_11
19:09:45.234 (index):853 WAITING_12
19:09:45.235 (index):853 WAITING_13
19:09:45.235 (index):853 WAITING_14
19:09:45.236 (index):853 WAITING_15
19:09:45.236 (index):823 UPDATE_1
19:09:45.237 (index):835 NODEACCESSREQUESTED_0
19:09:46.228 (index):823 UPDATE_2
19:09:46.229 (index):823 UPDATE_3
19:09:46.230 (index):815 THINKING_1
19:09:46.230 (index):853 WAITING_4
19:09:47.226 (index):853 WAITING_5
19:09:47.228 (index):853 WAITING_6
19:09:47.229 (index):853 WAITING_7
19:09:47.231 (index):853 WAITING_8
19:09:47.232 (index):853 WAITING_9
19:09:47.233 (index):853 WAITING_10
19:09:47.234 (index):853 WAITING_11
19:09:47.235 (index):853 WAITING_12
19:09:47.236 (index):853 WAITING_13
19:09:47.237 (index):853 WAITING_14
19:09:47.238 (index):853 WAITING_15
19:09:47.238 (index):823 UPDATE_0
19:09:47.239 (index):805 NODEACCESSRELEASED_2
19:09:47.240 (index):815 THINKING_3
19:09:48.226 (index):853 WAITING_4
19:09:48.228 (index):805 NODEACCESSRELEASED_0
19:09:49.226 (index):853 WAITING_5
19:09:49.228 (index):853 WAITING_6
19:09:49.229 (index):853 WAITING_7
19:09:49.230 (index):853 WAITING_8
19:09:49.231 (index):853 WAITING_9
19:09:49.231 (index):853 WAITING_10
19:09:49.232 (index):853 WAITING_11
19:09:49.234 (index):853 WAITING_12
19:09:49.235 (index):853 WAITING_13
19:09:49.236 (index):853 WAITING_14
19:09:49.237 (index):853 WAITING_15
19:09:49.238 (index):835 NODEACCESSREQUESTED_2
19:09:50.226 (index):853 WAITING_4
19:09:50.228 (index):835 NODEACCESSREQUESTED_0
19:09:50.229 (index):823 UPDATE_1
19:09:51.226 (index):853 WAITING_5
19:09:51.228 (index):853 WAITING_6
19:09:51.229 (index):853 WAITING_7
19:09:51.230 (index):853 WAITING_8
19:09:51.231 (index):853 WAITING_9
19:09:51.232 (index):853 WAITING_10
19:09:51.233 (index):853 WAITING_11
19:09:51.234 (index):853 WAITING_12
19:09:51.234 (index):853 WAITING_13
19:09:51.235 (index):853 WAITING_14
19:09:51.235 (index):853 WAITING_15
19:09:51.236 (index):823 UPDATE_2
19:09:51.238 (index):815 THINKING_1
19:09:52.226 (index):853 WAITING_4
19:09:52.227 (index):823 UPDATE_0
19:09:52.228 (index):815 THINKING_2
19:09:52.228 (index):823 UPDATE_3
19:09:53.228 (index):853 WAITING_5
19:09:53.230 (index):853 WAITING_6
19:09:53.231 (index):853 WAITING_7
19:09:53.232 (index):853 WAITING_8
19:09:53.233 (index):853 WAITING_9
19:09:53.234 (index):853 WAITING_10
19:09:53.235 (index):853 WAITING_11
19:09:53.236 (index):853 WAITING_12
19:09:53.238 (index):853 WAITING_13
19:09:53.239 (index):853 WAITING_14
19:09:53.239 (index):853 WAITING_15
19:09:53.240 (index):815 THINKING_0
19:09:53.241 (index):805 NODEACCESSRELEASED_3
19:09:53.242 (index):853 WAITING_4
19:09:55.226 (index):853 WAITING_5
19:09:55.228 (index):853 WAITING_6
19:09:55.229 (index):853 WAITING_7
19:09:55.229 (index):853 WAITING_8
19:09:55.230 (index):853 WAITING_9
19:09:55.231 (index):853 WAITING_10
19:09:55.232 (index):853 WAITING_11
19:09:55.233 (index):853 WAITING_12
19:09:55.234 (index):853 WAITING_13
19:09:55.235 (index):853 WAITING_14
19:09:55.236 (index):853 WAITING_15
19:09:55.237 (index):835 NODEACCESSREQUESTED_3
19:09:55.238 (index):853 WAITING_4
19:09:55.239 (index):823 UPDATE_2
19:09:56.226 (index):805 NODEACCESSRELEASED_2
19:09:56.228 (index):823 UPDATE_1
19:09:56.229 (index):823 UPDATE_0
19:09:57.226 (index):853 WAITING_5
19:09:57.228 (index):853 WAITING_6
19:09:57.229 (index):853 WAITING_7
19:09:57.230 (index):853 WAITING_8
19:09:57.231 (index):853 WAITING_9
19:09:57.233 (index):853 WAITING_10
19:09:57.234 (index):853 WAITING_11
19:09:57.235 (index):853 WAITING_12
19:09:57.236 (index):853 WAITING_13
19:09:57.237 (index):853 WAITING_14
19:09:57.238 (index):853 WAITING_15
19:09:57.239 (index):823 UPDATE_3
19:09:57.240 (index):853 WAITING_4
19:09:57.241 (index):805 NODEACCESSRELEASED_1
19:09:57.242 (index):815 THINKING_0
19:09:58.226 (index):835 NODEACCESSREQUESTED_2
19:09:58.228 (index):805 NODEACCESSRELEASED_3
19:09:59.226 (index):853 WAITING_5
19:09:59.228 (index):853 WAITING_6
19:09:59.229 (index):853 WAITING_7
19:09:59.231 (index):853 WAITING_8
19:09:59.232 (index):853 WAITING_9
19:09:59.233 (index):853 WAITING_10
19:09:59.234 (index):853 WAITING_11
19:09:59.235 (index):853 WAITING_12
19:09:59.236 (index):853 WAITING_13
19:09:59.237 (index):853 WAITING_14
19:09:59.238 (index):853 WAITING_15
19:09:59.239 (index):853 WAITING_4
19:09:59.239 (index):835 NODEACCESSREQUESTED_1
19:10:00.226 (index):823 UPDATE_2
19:10:00.228 (index):835 NODEACCESSREQUESTED_3
19:10:01.226 (index):853 WAITING_5
19:10:01.227 (index):853 WAITING_6
19:10:01.228 (index):853 WAITING_7
19:10:01.230 (index):853 WAITING_8
19:10:01.231 (index):853 WAITING_9
19:10:01.231 (index):853 WAITING_10
19:10:01.232 (index):853 WAITING_11
19:10:01.233 (index):853 WAITING_12
19:10:01.233 (index):853 WAITING_13
19:10:01.234 (index):853 WAITING_14
19:10:01.235 (index):853 WAITING_15
19:10:01.235 (index):853 WAITING_4
19:10:01.237 (index):823 UPDATE_1
19:10:01.237 (index):805 NODEACCESSRELEASED_2
19:10:02.226 (index):823 UPDATE_3
19:10:02.227 (index):815 THINKING_1
19:10:02.227 (index):823 UPDATE_0
19:10:03.226 (index):853 WAITING_5
19:10:03.227 (index):853 WAITING_6
19:10:03.228 (index):853 WAITING_7
19:10:03.229 (index):853 WAITING_8
19:10:03.229 (index):853 WAITING_9
19:10:03.230 (index):853 WAITING_10
19:10:03.231 (index):853 WAITING_11
19:10:03.231 (index):853 WAITING_12
19:10:03.231 (index):853 WAITING_13
19:10:03.232 (index):853 WAITING_14
19:10:03.232 (index):853 WAITING_15
19:10:03.233 (index):853 WAITING_4
19:10:03.233 (index):835 NODEACCESSREQUESTED_2
19:10:03.234 (index):805 NODEACCESSRELEASED_3
19:10:03.234 (index):805 NODEACCESSRELEASED_0
19:10:05.226 (index):853 WAITING_5
19:10:05.228 (index):853 WAITING_6
19:10:05.229 (index):853 WAITING_7
19:10:05.231 (index):853 WAITING_8
19:10:05.232 (index):853 WAITING_9
19:10:05.233 (index):853 WAITING_10
19:10:05.234 (index):853 WAITING_11
19:10:05.235 (index):853 WAITING_12
19:10:05.237 (index):853 WAITING_13
19:10:05.238 (index):853 WAITING_14
19:10:05.238 (index):853 WAITING_15
19:10:05.239 (index):853 WAITING_4
19:10:05.239 (index):823 UPDATE_2
19:10:05.240 (index):835 NODEACCESSREQUESTED_3
19:10:05.240 (index):835 NODEACCESSREQUESTED_0
19:10:05.241 (index):823 UPDATE_1
19:10:06.226 (index):815 THINKING_2
19:10:06.228 (index):805 NODEACCESSRELEASED_1
19:10:07.226 (index):853 WAITING_5
19:10:07.228 (index):853 WAITING_6
19:10:07.229 (index):853 WAITING_7
19:10:07.230 (index):853 WAITING_8
19:10:07.231 (index):853 WAITING_9
19:10:07.232 (index):853 WAITING_10
19:10:07.233 (index):853 WAITING_11
19:10:07.234 (index):853 WAITING_12
19:10:07.234 (index):853 WAITING_13
19:10:07.235 (index):853 WAITING_14
19:10:07.236 (index):853 WAITING_15
19:10:07.236 (index):853 WAITING_4
19:10:07.237 (index):823 UPDATE_3
19:10:07.238 (index):823 UPDATE_0
19:10:08.226 (index):835 NODEACCESSREQUESTED_1
19:10:08.228 (index):805 NODEACCESSRELEASED_3
19:10:08.229 (index):815 THINKING_0
19:10:09.227 (index):853 WAITING_5
19:10:09.228 (index):853 WAITING_6
19:10:09.230 (index):853 WAITING_7
19:10:09.231 (index):853 WAITING_8
19:10:09.232 (index):853 WAITING_9
19:10:09.233 (index):853 WAITING_10
19:10:09.234 (index):853 WAITING_11
19:10:09.234 (index):853 WAITING_12
19:10:09.235 (index):853 WAITING_13
19:10:09.235 (index):853 WAITING_14
19:10:09.236 (index):853 WAITING_15
19:10:09.236 (index):853 WAITING_4
19:10:09.237 (index):823 UPDATE_2
19:10:10.226 (index):823 UPDATE_1
19:10:10.227 (index):835 NODEACCESSREQUESTED_3
19:10:10.229 (index):815 THINKING_2
19:10:11.226 (index):853 WAITING_5
19:10:11.228 (index):853 WAITING_6
19:10:11.229 (index):853 WAITING_7
19:10:11.231 (index):853 WAITING_8
19:10:11.232 (index):853 WAITING_9
19:10:11.233 (index):853 WAITING_10
19:10:11.234 (index):853 WAITING_11
19:10:11.234 (index):853 WAITING_12
19:10:11.235 (index):853 WAITING_13
19:10:11.236 (index):853 WAITING_14
19:10:11.237 (index):853 WAITING_15
19:10:11.238 (index):853 WAITING_4
19:10:11.238 (index):815 THINKING_1
19:10:11.239 (index):823 UPDATE_0
19:10:12.226 (index):823 UPDATE_3
19:10:12.228 (index):805 NODEACCESSRELEASED_0
19:10:13.229 (index):853 WAITING_5
19:10:13.230 (index):853 WAITING_6
19:10:13.231 (index):853 WAITING_7
19:10:13.232 (index):853 WAITING_8
19:10:13.233 (index):853 WAITING_9
19:10:13.233 (index):853 WAITING_10
19:10:13.234 (index):853 WAITING_11
19:10:13.235 (index):853 WAITING_12
19:10:13.235 (index):853 WAITING_13
19:10:13.236 (index):853 WAITING_14
19:10:13.237 (index):853 WAITING_15
19:10:13.237 (index):853 WAITING_4
19:10:13.238 (index):805 NODEACCESSRELEASED_3
19:10:13.239 (index):823 UPDATE_2
19:10:14.227 (index):835 NODEACCESSREQUESTED_0
19:10:14.231 (index):815 THINKING_2
19:10:14.232 (index):823 UPDATE_1
19:10:15.226 (index):853 WAITING_5
19:10:15.228 (index):853 WAITING_6
19:10:15.229 (index):853 WAITING_7
19:10:15.230 (index):853 WAITING_8
19:10:15.232 (index):853 WAITING_9
19:10:15.233 (index):853 WAITING_10
19:10:15.234 (index):853 WAITING_11
19:10:15.234 (index):853 WAITING_12
19:10:15.235 (index):853 WAITING_13
19:10:15.235 (index):853 WAITING_14
19:10:15.235 (index):853 WAITING_15
19:10:15.236 (index):853 WAITING_4
19:10:15.237 (index):835 NODEACCESSREQUESTED_3
19:10:15.237 (index):815 THINKING_1
19:10:16.226 (index):823 UPDATE_0
19:10:17.226 (index):853 WAITING_5
19:10:17.228 (index):853 WAITING_6
19:10:17.230 (index):853 WAITING_7
19:10:17.231 (index):853 WAITING_8
19:10:17.232 (index):853 WAITING_9
19:10:17.233 (index):853 WAITING_10
19:10:17.233 (index):853 WAITING_11
19:10:17.234 (index):853 WAITING_12
19:10:17.235 (index):853 WAITING_13
19:10:17.236 (index):853 WAITING_14
19:10:17.237 (index):853 WAITING_15
19:10:17.238 (index):853 WAITING_4
19:10:17.238 (index):823 UPDATE_3
19:10:17.239 (index):805 NODEACCESSRELEASED_0
19:10:18.226 (index):815 THINKING_3
19:10:19.229 (index):853 WAITING_5
19:10:19.230 (index):853 WAITING_6
19:10:19.232 (index):853 WAITING_7
19:10:19.233 (index):853 WAITING_8
19:10:19.234 (index):853 WAITING_9
19:10:19.235 (index):853 WAITING_10
19:10:19.236 (index):853 WAITING_11
19:10:19.237 (index):853 WAITING_12
19:10:19.239 (index):853 WAITING_13
19:10:19.240 (index):853 WAITING_14
19:10:19.241 (index):853 WAITING_15
19:10:19.242 (index):853 WAITING_4
19:10:19.242 (index):835 NODEACCESSREQUESTED_0
19:10:19.243 (index):823 UPDATE_2
19:10:20.226 (index):805 NODEACCESSRELEASED_2
19:10:20.228 (index):823 UPDATE_1
19:10:21.227 (index):853 WAITING_5
19:10:21.228 (index):853 WAITING_6
19:10:21.230 (index):853 WAITING_7
19:10:21.232 (index):853 WAITING_8
19:10:21.233 (index):853 WAITING_9
19:10:21.234 (index):853 WAITING_10
19:10:21.234 (index):853 WAITING_11
19:10:21.235 (index):853 WAITING_12
19:10:21.235 (index):853 WAITING_13
19:10:21.236 (index):853 WAITING_14
19:10:21.236 (index):853 WAITING_15
19:10:21.236 (index):853 WAITING_4
19:10:21.237 (index):823 UPDATE_0
19:10:21.237 (index):815 THINKING_1
19:10:21.238 (index):823 UPDATE_3
19:10:22.226 (index):835 NODEACCESSREQUESTED_2
19:10:22.227 (index):815 THINKING_0
19:10:22.229 (index):805 NODEACCESSRELEASED_3
19:10:23.227 (index):853 WAITING_5
19:10:23.228 (index):853 WAITING_6
19:10:23.229 (index):853 WAITING_7
19:10:23.230 (index):853 WAITING_8
19:10:23.231 (index):853 WAITING_9
19:10:23.232 (index):853 WAITING_10
19:10:23.233 (index):853 WAITING_11
19:10:23.233 (index):853 WAITING_12
19:10:23.234 (index):853 WAITING_13
19:10:23.235 (index):853 WAITING_14
19:10:23.235 (index):853 WAITING_15
19:10:23.236 (index):853 WAITING_4
19:10:24.227 (index):823 UPDATE_2
19:10:24.228 (index):835 NODEACCESSREQUESTED_3
19:10:25.226 (index):853 WAITING_5
19:10:25.228 (index):853 WAITING_6
19:10:25.229 (index):853 WAITING_7
19:10:25.230 (index):853 WAITING_8
19:10:25.231 (index):853 WAITING_9
19:10:25.231 (index):853 WAITING_10
19:10:25.232 (index):853 WAITING_11
19:10:25.232 (index):853 WAITING_12
19:10:25.233 (index):853 WAITING_13
19:10:25.233 (index):853 WAITING_14
19:10:25.233 (index):853 WAITING_15
19:10:25.234 (index):853 WAITING_4
19:10:25.234 (index):805 NODEACCESSRELEASED_2
19:10:26.226 (index):823 UPDATE_3
19:10:26.227 (index):823 UPDATE_1
19:10:26.227 (index):823 UPDATE_0
19:10:27.226 (index):853 WAITING_5
19:10:27.227 (index):853 WAITING_6
19:10:27.228 (index):853 WAITING_7
19:10:27.229 (index):853 WAITING_8
19:10:27.230 (index):853 WAITING_9
19:10:27.231 (index):853 WAITING_10
19:10:27.232 (index):853 WAITING_11
19:10:27.233 (index):853 WAITING_12
19:10:27.234 (index):853 WAITING_13
19:10:27.235 (index):853 WAITING_14
19:10:27.236 (index):853 WAITING_15
19:10:27.237 (index):853 WAITING_4
19:10:27.238 (index):835 NODEACCESSREQUESTED_2
19:10:27.239 (index):805 NODEACCESSRELEASED_3
19:10:27.239 (index):805 NODEACCESSRELEASED_1
19:10:27.240 (index):805 NODEACCESSRELEASED_0
19:10:29.226 (index):853 WAITING_5
19:10:29.228 (index):853 WAITING_6
19:10:29.229 (index):853 WAITING_7
19:10:29.231 (index):853 WAITING_8
19:10:29.231 (index):853 WAITING_9
19:10:29.233 (index):853 WAITING_10
19:10:29.233 (index):853 WAITING_11
19:10:29.234 (index):853 WAITING_12
19:10:29.235 (index):853 WAITING_13
19:10:29.236 (index):853 WAITING_14
19:10:29.237 (index):853 WAITING_15
19:10:29.238 (index):853 WAITING_4
19:10:29.238 (index):823 UPDATE_2
19:10:29.239 (index):835 NODEACCESSREQUESTED_3
19:10:29.240 (index):835 NODEACCESSREQUESTED_1
19:10:29.240 (index):835 NODEACCESSREQUESTED_0
19:10:30.226 (index):805 NODEACCESSRELEASED_2
19:10:31.228 (index):853 WAITING_5
19:10:31.229 (index):853 WAITING_6
19:10:31.231 (index):853 WAITING_7
19:10:31.232 (index):853 WAITING_8
19:10:31.233 (index):853 WAITING_9
19:10:31.234 (index):853 WAITING_10
19:10:31.235 (index):853 WAITING_11
19:10:31.236 (index):853 WAITING_12
19:10:31.237 (index):853 WAITING_13
19:10:31.238 (index):853 WAITING_14
19:10:31.239 (index):853 WAITING_15
19:10:31.240 (index):853 WAITING_4
19:10:31.241 (index):823 UPDATE_3
19:10:31.242 (index):823 UPDATE_1
19:10:31.243 (index):823 UPDATE_0
19:10:31.243 (index):835 NODEACCESSREQUESTED_2
19:10:32.227 (index):815 THINKING_3
19:10:32.228 (index):815 THINKING_1
19:10:32.229 (index):805 NODEACCESSRELEASED_0
19:10:33.226 (index):853 WAITING_5
19:10:33.227 (index):853 WAITING_6
19:10:33.228 (index):853 WAITING_7
19:10:33.229 (index):853 WAITING_8
19:10:33.231 (index):853 WAITING_9
19:10:33.232 (index):853 WAITING_10
19:10:33.233 (index):853 WAITING_11
19:10:33.234 (index):853 WAITING_12
19:10:33.235 (index):853 WAITING_13
19:10:33.235 (index):853 WAITING_14
19:10:33.236 (index):853 WAITING_15
19:10:33.236 (index):853 WAITING_4
19:10:33.238 (index):823 UPDATE_2
19:10:34.226 (index):835 NODEACCESSREQUESTED_0
19:10:34.228 (index):805 NODEACCESSRELEASED_2
19:10:35.226 (index):853 WAITING_5
19:10:35.227 (index):853 WAITING_6
19:10:35.228 (index):853 WAITING_7
19:10:35.229 (index):853 WAITING_8
19:10:35.230 (index):853 WAITING_9
19:10:35.231 (index):853 WAITING_10
19:10:35.231 (index):853 WAITING_11
19:10:35.232 (index):853 WAITING_12
19:10:35.233 (index):853 WAITING_13
19:10:35.233 (index):853 WAITING_14
19:10:35.234 (index):853 WAITING_15
19:10:35.235 (index):853 WAITING_4
19:10:35.235 (index):823 UPDATE_1
19:10:35.236 (index):823 UPDATE_3
19:10:36.226 (index):823 UPDATE_0
19:10:36.228 (index):835 NODEACCESSREQUESTED_2
19:10:36.229 (index):805 NODEACCESSRELEASED_1
19:10:36.231 (index):805 NODEACCESSRELEASED_3
19:10:37.227 (index):853 WAITING_5
19:10:37.229 (index):853 WAITING_6
19:10:37.230 (index):853 WAITING_7
19:10:37.231 (index):853 WAITING_8
19:10:37.232 (index):853 WAITING_9
19:10:37.233 (index):853 WAITING_10
19:10:37.234 (index):853 WAITING_11
19:10:37.234 (index):853 WAITING_12
19:10:37.235 (index):853 WAITING_13
19:10:37.236 (index):853 WAITING_14
19:10:37.237 (index):853 WAITING_15
19:10:37.238 (index):853 WAITING_4
19:10:37.239 (index):805 NODEACCESSRELEASED_0
19:10:38.230 (index):823 UPDATE_2
19:10:38.231 (index):835 NODEACCESSREQUESTED_1
19:10:38.232 (index):835 NODEACCESSREQUESTED_3
19:10:38.233 (index):853 WAITING_5
19:10:39.226 (index):853 WAITING_6
19:10:39.227 (index):853 WAITING_7
19:10:39.227 (index):853 WAITING_8
19:10:39.228 (index):853 WAITING_9
19:10:39.228 (index):853 WAITING_10
19:10:39.229 (index):853 WAITING_11
19:10:39.231 (index):853 WAITING_12
19:10:39.232 (index):853 WAITING_13
19:10:39.233 (index):853 WAITING_14
19:10:39.234 (index):853 WAITING_15
19:10:39.235 (index):853 WAITING_4
19:10:39.236 (index):835 NODEACCESSREQUESTED_0
19:10:39.236 (index):864 END_2
19:10:40.226 (index):823 UPDATE_1
19:10:40.227 (index):823 UPDATE_3
19:10:40.228 (index):853 WAITING_5
19:10:41.226 (index):853 WAITING_6
19:10:41.228 (index):853 WAITING_7
19:10:41.229 (index):853 WAITING_8
19:10:41.230 (index):853 WAITING_9
19:10:41.232 (index):853 WAITING_10
19:10:41.233 (index):853 WAITING_11
19:10:41.235 (index):853 WAITING_12
19:10:41.236 (index):853 WAITING_13
19:10:41.237 (index):853 WAITING_14
19:10:41.238 (index):853 WAITING_15
19:10:41.239 (index):853 WAITING_4
19:10:41.240 (index):823 UPDATE_0
19:10:41.240 (index):864 END_1
19:10:41.241 (index):864 END_3
19:10:42.226 (index):853 WAITING_5
19:10:42.228 (index):864 END_0
19:10:43.226 (index):853 WAITING_6
19:10:43.228 (index):853 WAITING_7
19:10:43.229 (index):853 WAITING_8
19:10:43.230 (index):853 WAITING_9
19:10:43.231 (index):853 WAITING_10
19:10:43.233 (index):853 WAITING_11
19:10:43.234 (index):853 WAITING_12
19:10:43.235 (index):853 WAITING_13
19:10:43.237 (index):853 WAITING_14
19:10:43.238 (index):853 WAITING_15
19:10:43.239 (index):805 NODEACCESSRELEASED_4
19:10:44.227 (index):805 NODEACCESSRELEASED_5
19:10:45.229 (index):815 THINKING_6
19:10:45.231 (index):853 WAITING_7
19:10:45.232 (index):853 WAITING_8
19:10:45.233 (index):853 WAITING_9
19:10:45.234 (index):853 WAITING_10
19:10:45.234 (index):853 WAITING_11
19:10:45.235 (index):853 WAITING_12
19:10:45.235 (index):853 WAITING_13
19:10:45.236 (index):853 WAITING_14
19:10:45.236 (index):853 WAITING_15
19:10:45.237 (index):835 NODEACCESSREQUESTED_4
19:10:45.238 (index):835 NODEACCESSREQUESTED_5
19:10:47.226 (index):853 WAITING_7
19:10:47.228 (index):853 WAITING_8
19:10:47.229 (index):853 WAITING_9
19:10:47.230 (index):853 WAITING_10
19:10:47.231 (index):853 WAITING_11
19:10:47.232 (index):853 WAITING_12
19:10:47.233 (index):853 WAITING_13
19:10:47.234 (index):853 WAITING_14
19:10:47.235 (index):853 WAITING_15
19:10:47.236 (index):853 WAITING_4
19:10:47.237 (index):853 WAITING_5
19:10:48.226 (index):823 UPDATE_6
19:10:49.226 (index):853 WAITING_7
19:10:49.227 (index):853 WAITING_8
19:10:49.227 (index):853 WAITING_9
19:10:49.228 (index):853 WAITING_10
19:10:49.228 (index):853 WAITING_11
19:10:49.229 (index):853 WAITING_12
19:10:49.229 (index):853 WAITING_13
19:10:49.230 (index):853 WAITING_14
19:10:49.231 (index):853 WAITING_15
19:10:49.231 (index):853 WAITING_4
19:10:49.232 (index):853 WAITING_5
19:10:49.233 (index):805 NODEACCESSRELEASED_6
19:10:51.226 (index):805 NODEACCESSRELEASED_7
19:10:51.227 (index):815 THINKING_8
19:10:51.228 (index):853 WAITING_9
19:10:51.229 (index):853 WAITING_10
19:10:51.230 (index):853 WAITING_11
19:10:51.232 (index):853 WAITING_12
19:10:51.233 (index):853 WAITING_13
19:10:51.234 (index):853 WAITING_14
19:10:51.235 (index):853 WAITING_15
19:10:51.235 (index):853 WAITING_4
19:10:51.236 (index):853 WAITING_5
19:10:51.236 (index):835 NODEACCESSREQUESTED_6
19:10:53.226 (index):835 NODEACCESSREQUESTED_7
19:10:53.227 (index):853 WAITING_9
19:10:53.228 (index):853 WAITING_10
19:10:53.228 (index):853 WAITING_11
19:10:53.229 (index):853 WAITING_12
19:10:53.230 (index):853 WAITING_13
19:10:53.231 (index):853 WAITING_14
19:10:53.232 (index):853 WAITING_15
19:10:53.233 (index):853 WAITING_4
19:10:53.234 (index):853 WAITING_5
19:10:53.235 (index):853 WAITING_6
19:10:54.226 (index):823 UPDATE_8
19:10:55.226 (index):853 WAITING_7
19:10:55.228 (index):853 WAITING_9
19:10:55.229 (index):853 WAITING_10
19:10:55.230 (index):853 WAITING_11
19:10:55.232 (index):853 WAITING_12
19:10:55.233 (index):853 WAITING_13
19:10:55.233 (index):853 WAITING_14
19:10:55.234 (index):853 WAITING_15
19:10:55.235 (index):853 WAITING_4
19:10:55.237 (index):853 WAITING_5
19:10:55.238 (index):853 WAITING_6
19:10:55.239 (index):815 THINKING_8
19:10:57.226 (index):853 WAITING_7
19:10:57.228 (index):853 WAITING_9
19:10:57.229 (index):853 WAITING_10
19:10:57.231 (index):853 WAITING_11
19:10:57.232 (index):853 WAITING_12
19:10:57.233 (index):853 WAITING_13
19:10:57.234 (index):853 WAITING_14
19:10:57.235 (index):853 WAITING_15
19:10:57.235 (index):853 WAITING_4
19:10:57.236 (index):853 WAITING_5
19:10:57.236 (index):853 WAITING_6
19:10:59.227 (index):853 WAITING_7
19:10:59.228 (index):853 WAITING_9
19:10:59.230 (index):853 WAITING_10
19:10:59.231 (index):853 WAITING_11
19:10:59.232 (index):853 WAITING_12
19:10:59.233 (index):853 WAITING_13
19:10:59.234 (index):853 WAITING_14
19:10:59.235 (index):853 WAITING_15
19:10:59.236 (index):853 WAITING_4
19:10:59.237 (index):853 WAITING_5
19:10:59.238 (index):853 WAITING_6
19:11:00.226 (index):823 UPDATE_8
19:11:01.229 (index):853 WAITING_7
19:11:01.230 (index):853 WAITING_9
19:11:01.231 (index):853 WAITING_10
19:11:01.232 (index):853 WAITING_11
19:11:01.234 (index):853 WAITING_12
19:11:01.235 (index):853 WAITING_13
19:11:01.235 (index):853 WAITING_14
19:11:01.236 (index):853 WAITING_15
19:11:01.238 (index):853 WAITING_4
19:11:01.239 (index):853 WAITING_5
19:11:01.239 (index):853 WAITING_6
19:11:01.240 (index):805 NODEACCESSRELEASED_8
19:11:03.226 (index):853 WAITING_7
19:11:03.227 (index):805 NODEACCESSRELEASED_9
19:11:03.227 (index):805 NODEACCESSRELEASED_10
19:11:03.228 (index):815 THINKING_11
19:11:03.229 (index):853 WAITING_12
19:11:03.230 (index):853 WAITING_13
19:11:03.231 (index):853 WAITING_14
19:11:03.232 (index):853 WAITING_15
19:11:03.233 (index):853 WAITING_4
19:11:03.234 (index):853 WAITING_5
19:11:03.234 (index):853 WAITING_6
19:11:03.235 (index):835 NODEACCESSREQUESTED_8
19:11:05.226 (index):853 WAITING_7
19:11:05.227 (index):835 NODEACCESSREQUESTED_9
19:11:05.228 (index):835 NODEACCESSREQUESTED_10
19:11:05.229 (index):853 WAITING_12
19:11:05.230 (index):853 WAITING_13
19:11:05.231 (index):853 WAITING_14
19:11:05.232 (index):853 WAITING_15
19:11:05.232 (index):853 WAITING_4
19:11:05.233 (index):853 WAITING_5
19:11:05.234 (index):853 WAITING_6
19:11:05.235 (index):853 WAITING_8
19:11:06.226 (index):823 UPDATE_11
19:11:07.226 (index):853 WAITING_7
19:11:07.228 (index):853 WAITING_9
19:11:07.229 (index):853 WAITING_10
19:11:07.230 (index):853 WAITING_12
19:11:07.231 (index):853 WAITING_13
19:11:07.232 (index):853 WAITING_14
19:11:07.233 (index):853 WAITING_15
19:11:07.234 (index):853 WAITING_4
19:11:07.234 (index):853 WAITING_5
19:11:07.235 (index):853 WAITING_6
19:11:07.236 (index):853 WAITING_8
19:11:07.237 (index):815 THINKING_11
19:11:09.227 (index):853 WAITING_7
19:11:09.228 (index):853 WAITING_9
19:11:09.230 (index):853 WAITING_10
19:11:09.231 (index):853 WAITING_12
19:11:09.233 (index):853 WAITING_13
19:11:09.234 (index):853 WAITING_14
19:11:09.235 (index):853 WAITING_15
19:11:09.236 (index):853 WAITING_4
19:11:09.236 (index):853 WAITING_5
19:11:09.237 (index):853 WAITING_6
19:11:09.237 (index):853 WAITING_8
19:11:11.226 (index):853 WAITING_7
19:11:11.228 (index):853 WAITING_9
19:11:11.229 (index):853 WAITING_10
19:11:11.230 (index):853 WAITING_12
19:11:11.231 (index):853 WAITING_13
19:11:11.232 (index):853 WAITING_14
19:11:11.233 (index):853 WAITING_15
19:11:11.234 (index):853 WAITING_4
19:11:11.236 (index):853 WAITING_5
19:11:11.237 (index):853 WAITING_6
19:11:11.238 (index):853 WAITING_8
19:11:11.239 (index):823 UPDATE_11
19:11:12.226 (index):805 NODEACCESSRELEASED_11
19:11:13.230 (index):853 WAITING_7
19:11:13.231 (index):853 WAITING_9
19:11:13.232 (index):853 WAITING_10
19:11:13.233 (index):805 NODEACCESSRELEASED_12
19:11:13.234 (index):815 THINKING_13
19:11:13.235 (index):853 WAITING_14
19:11:13.235 (index):853 WAITING_15
19:11:13.236 (index):853 WAITING_4
19:11:13.237 (index):853 WAITING_5
19:11:13.238 (index):853 WAITING_6
19:11:13.238 (index):853 WAITING_8
19:11:13.239 (index):835 NODEACCESSREQUESTED_11
19:11:15.226 (index):853 WAITING_7
19:11:15.228 (index):853 WAITING_9
19:11:15.229 (index):853 WAITING_10
19:11:15.230 (index):835 NODEACCESSREQUESTED_12
19:11:15.231 (index):853 WAITING_14
19:11:15.233 (index):853 WAITING_15
19:11:15.234 (index):853 WAITING_4
19:11:15.235 (index):853 WAITING_5
19:11:15.235 (index):853 WAITING_6
19:11:15.236 (index):853 WAITING_8
19:11:15.236 (index):853 WAITING_11
19:11:16.228 (index):853 WAITING_7
19:11:17.226 (index):853 WAITING_9
19:11:17.227 (index):853 WAITING_10
19:11:17.229 (index):853 WAITING_12
19:11:17.230 (index):853 WAITING_14
19:11:17.231 (index):853 WAITING_15
19:11:17.233 (index):853 WAITING_4
19:11:17.234 (index):853 WAITING_5
19:11:17.235 (index):853 WAITING_6
19:11:17.236 (index):853 WAITING_8
19:11:17.237 (index):853 WAITING_11
19:11:18.226 (index):853 WAITING_7
19:11:18.228 (index):823 UPDATE_13
19:11:19.226 (index):853 WAITING_9
19:11:19.227 (index):853 WAITING_10
19:11:19.227 (index):853 WAITING_12
19:11:19.228 (index):853 WAITING_14
19:11:19.228 (index):853 WAITING_15
19:11:19.229 (index):853 WAITING_4
19:11:19.230 (index):853 WAITING_5
19:11:19.231 (index):853 WAITING_6
19:11:19.232 (index):853 WAITING_8
19:11:19.233 (index):853 WAITING_11
19:11:19.234 (index):805 NODEACCESSRELEASED_13
19:11:20.227 (index):853 WAITING_7
19:11:20.228 (index):853 WAITING_9
19:11:21.226 (index):853 WAITING_10
19:11:21.228 (index):853 WAITING_12
19:11:21.229 (index):815 THINKING_14
19:11:21.231 (index):853 WAITING_15
19:11:21.232 (index):853 WAITING_4
19:11:21.233 (index):853 WAITING_5
19:11:21.235 (index):853 WAITING_6
19:11:21.235 (index):853 WAITING_8
19:11:21.236 (index):853 WAITING_11
19:11:21.238 (index):835 NODEACCESSREQUESTED_13
19:11:22.226 (index):853 WAITING_7
19:11:22.228 (index):853 WAITING_9
19:11:23.226 (index):853 WAITING_10
19:11:23.228 (index):853 WAITING_12
19:11:23.229 (index):853 WAITING_15
19:11:23.231 (index):853 WAITING_4
19:11:23.232 (index):853 WAITING_5
19:11:23.233 (index):853 WAITING_6
19:11:23.234 (index):853 WAITING_8
19:11:23.235 (index):853 WAITING_11
19:11:23.236 (index):853 WAITING_13
19:11:24.226 (index):853 WAITING_7
19:11:24.228 (index):853 WAITING_9
19:11:25.230 (index):853 WAITING_10
19:11:25.231 (index):853 WAITING_12
19:11:25.232 (index):853 WAITING_15
19:11:25.233 (index):853 WAITING_4
19:11:25.234 (index):853 WAITING_5
19:11:25.235 (index):853 WAITING_6
19:11:25.236 (index):853 WAITING_8
19:11:25.236 (index):853 WAITING_11
19:11:25.237 (index):853 WAITING_13
19:11:25.240 (index):853 WAITING_7
19:11:25.241 (index):853 WAITING_9
19:11:26.226 (index):823 UPDATE_14
19:11:27.226 (index):853 WAITING_10
19:11:27.227 (index):853 WAITING_12
19:11:27.228 (index):853 WAITING_15
19:11:27.229 (index):853 WAITING_4
19:11:27.230 (index):853 WAITING_5
19:11:27.232 (index):853 WAITING_6
19:11:27.233 (index):853 WAITING_8
19:11:27.234 (index):853 WAITING_11
19:11:27.235 (index):853 WAITING_13
19:11:27.235 (index):853 WAITING_7
19:11:27.236 (index):853 WAITING_9
19:11:27.237 (index):805 NODEACCESSRELEASED_14
19:11:29.226 (index):853 WAITING_10
19:11:29.228 (index):853 WAITING_12
19:11:29.229 (index):815 THINKING_15
19:11:29.231 (index):853 WAITING_4
19:11:29.232 (index):853 WAITING_5
19:11:29.233 (index):853 WAITING_6
19:11:29.234 (index):853 WAITING_8
19:11:29.235 (index):853 WAITING_11
19:11:29.236 (index):853 WAITING_13
19:11:29.237 (index):853 WAITING_7
19:11:29.238 (index):853 WAITING_9
19:11:29.239 (index):835 NODEACCESSREQUESTED_14
19:11:31.226 (index):853 WAITING_10
19:11:31.228 (index):853 WAITING_12
19:11:31.229 (index):853 WAITING_4
19:11:31.230 (index):853 WAITING_5
19:11:31.231 (index):853 WAITING_6
19:11:31.232 (index):853 WAITING_8
19:11:31.233 (index):853 WAITING_11
19:11:31.234 (index):853 WAITING_13
19:11:31.235 (index):853 WAITING_7
19:11:31.236 (index):853 WAITING_9
19:11:31.239 (index):853 WAITING_14
19:11:33.226 (index):853 WAITING_10
19:11:33.227 (index):853 WAITING_12
19:11:33.228 (index):853 WAITING_4
19:11:33.229 (index):853 WAITING_5
19:11:33.231 (index):853 WAITING_6
19:11:33.232 (index):853 WAITING_8
19:11:33.233 (index):853 WAITING_11
19:11:33.234 (index):853 WAITING_13
19:11:33.235 (index):853 WAITING_7
19:11:33.236 (index):853 WAITING_9
19:11:33.236 (index):853 WAITING_14
19:11:33.237 (index):823 UPDATE_15
19:11:34.226 (index):805 NODEACCESSRELEASED_15
19:11:35.226 (index):853 WAITING_10
19:11:35.228 (index):853 WAITING_12
19:11:35.229 (index):823 UPDATE_4
19:11:35.231 (index):853 WAITING_5
19:11:35.232 (index):853 WAITING_6
19:11:35.233 (index):853 WAITING_8
19:11:35.234 (index):853 WAITING_11
19:11:35.236 (index):853 WAITING_13
19:11:35.237 (index):853 WAITING_7
19:11:35.238 (index):853 WAITING_9
19:11:35.238 (index):853 WAITING_14
19:11:36.226 (index):835 NODEACCESSREQUESTED_15
19:11:36.227 (index):805 NODEACCESSRELEASED_4
19:11:37.226 (index):853 WAITING_10
19:11:37.227 (index):853 WAITING_12
19:11:37.227 (index):823 UPDATE_5
19:11:37.228 (index):853 WAITING_6
19:11:37.228 (index):853 WAITING_8
19:11:37.229 (index):853 WAITING_11
19:11:37.229 (index):853 WAITING_13
19:11:37.230 (index):853 WAITING_7
19:11:37.231 (index):853 WAITING_9
19:11:37.231 (index):853 WAITING_14
19:11:38.226 (index):823 UPDATE_15
19:11:38.227 (index):835 NODEACCESSREQUESTED_4
19:11:38.228 (index):815 THINKING_5
19:11:39.226 (index):853 WAITING_10
19:11:39.228 (index):853 WAITING_12
19:11:39.229 (index):853 WAITING_6
19:11:39.230 (index):853 WAITING_8
19:11:39.232 (index):853 WAITING_11
19:11:39.233 (index):853 WAITING_13
19:11:39.234 (index):853 WAITING_7
19:11:39.235 (index):853 WAITING_9
19:11:39.235 (index):853 WAITING_14
19:11:39.236 (index):805 NODEACCESSRELEASED_15
19:11:40.226 (index):823 UPDATE_4
19:11:41.226 (index):853 WAITING_10
19:11:41.228 (index):853 WAITING_12
19:11:41.229 (index):853 WAITING_6
19:11:41.230 (index):853 WAITING_8
19:11:41.232 (index):853 WAITING_11
19:11:41.233 (index):853 WAITING_13
19:11:41.234 (index):853 WAITING_7
19:11:41.235 (index):853 WAITING_9
19:11:41.237 (index):853 WAITING_14
19:11:41.238 (index):835 NODEACCESSREQUESTED_15
19:11:41.239 (index):805 NODEACCESSRELEASED_4
19:11:41.239 (index):823 UPDATE_5
19:11:42.226 (index):805 NODEACCESSRELEASED_5
19:11:43.227 (index):853 WAITING_10
19:11:43.228 (index):853 WAITING_12
19:11:43.230 (index):823 UPDATE_6
19:11:43.231 (index):853 WAITING_8
19:11:43.232 (index):853 WAITING_11
19:11:43.233 (index):853 WAITING_13
19:11:43.234 (index):853 WAITING_7
19:11:43.234 (index):853 WAITING_9
19:11:43.235 (index):853 WAITING_14
19:11:43.235 (index):823 UPDATE_15
19:11:43.236 (index):835 NODEACCESSREQUESTED_4
19:11:44.226 (index):835 NODEACCESSREQUESTED_5
19:11:44.227 (index):805 NODEACCESSRELEASED_6
19:11:44.228 (index):815 THINKING_15
19:11:45.226 (index):853 WAITING_10
19:11:45.227 (index):853 WAITING_12
19:11:45.228 (index):853 WAITING_8
19:11:45.228 (index):853 WAITING_11
19:11:45.229 (index):853 WAITING_13
19:11:45.230 (index):823 UPDATE_7
19:11:45.231 (index):853 WAITING_9
19:11:45.232 (index):853 WAITING_14
19:11:45.233 (index):823 UPDATE_4
19:11:46.226 (index):823 UPDATE_5
19:11:46.227 (index):835 NODEACCESSREQUESTED_6
19:11:46.228 (index):805 NODEACCESSRELEASED_7
19:11:46.228 (index):805 NODEACCESSRELEASED_4
19:11:47.227 (index):853 WAITING_10
19:11:47.229 (index):853 WAITING_12
19:11:47.230 (index):823 UPDATE_8
19:11:47.231 (index):853 WAITING_11
19:11:47.232 (index):853 WAITING_13
19:11:47.233 (index):853 WAITING_9
19:11:47.234 (index):853 WAITING_14
19:11:47.235 (index):815 THINKING_5
19:11:48.226 (index):853 WAITING_6
19:11:48.228 (index):835 NODEACCESSREQUESTED_7
19:11:48.229 (index):835 NODEACCESSREQUESTED_4
19:11:48.230 (index):815 THINKING_8
19:11:49.228 (index):853 WAITING_10
19:11:49.229 (index):853 WAITING_12
19:11:49.230 (index):853 WAITING_11
19:11:49.231 (index):853 WAITING_13
19:11:49.232 (index):853 WAITING_9
19:11:49.232 (index):853 WAITING_14
19:11:49.233 (index):823 UPDATE_15
19:11:49.234 (index):853 WAITING_6
19:11:50.226 (index):823 UPDATE_7
19:11:50.228 (index):853 WAITING_4
19:11:50.229 (index):815 THINKING_15
19:11:51.226 (index):853 WAITING_10
19:11:51.228 (index):853 WAITING_12
19:11:51.229 (index):853 WAITING_11
19:11:51.231 (index):853 WAITING_13
19:11:51.232 (index):853 WAITING_9
19:11:51.234 (index):853 WAITING_14
19:11:51.234 (index):853 WAITING_6
19:11:51.235 (index):805 NODEACCESSRELEASED_7
19:11:51.236 (index):823 UPDATE_5
19:11:52.226 (index):853 WAITING_4
19:11:52.228 (index):805 NODEACCESSRELEASED_5
19:11:53.226 (index):853 WAITING_10
19:11:53.228 (index):853 WAITING_12
19:11:53.229 (index):853 WAITING_11
19:11:53.230 (index):853 WAITING_13
19:11:53.231 (index):853 WAITING_9
19:11:53.232 (index):853 WAITING_14
19:11:53.233 (index):853 WAITING_6
19:11:53.234 (index):835 NODEACCESSREQUESTED_7
19:11:53.234 (index):823 UPDATE_15
19:11:53.235 (index):823 UPDATE_8
19:11:54.226 (index):853 WAITING_4
19:11:54.228 (index):835 NODEACCESSREQUESTED_5
19:11:54.229 (index):805 NODEACCESSRELEASED_15
19:11:54.231 (index):805 NODEACCESSRELEASED_8
19:11:55.226 (index):853 WAITING_10
19:11:55.228 (index):853 WAITING_12
19:11:55.229 (index):853 WAITING_11
19:11:55.230 (index):853 WAITING_13
19:11:55.231 (index):823 UPDATE_9
19:11:55.232 (index):853 WAITING_14
19:11:55.232 (index):853 WAITING_6
19:11:55.233 (index):823 UPDATE_7
19:11:56.226 (index):853 WAITING_4
19:11:56.227 (index):823 UPDATE_5
19:11:56.228 (index):835 NODEACCESSREQUESTED_15
19:11:56.229 (index):835 NODEACCESSREQUESTED_8
19:11:56.230 (index):815 THINKING_9
19:11:56.231 (index):815 THINKING_7
19:11:57.226 (index):853 WAITING_10
19:11:57.228 (index):853 WAITING_12
19:11:57.229 (index):853 WAITING_11
19:11:57.231 (index):853 WAITING_13
19:11:57.232 (index):853 WAITING_14
19:11:57.233 (index):853 WAITING_6
19:11:57.234 (index):815 THINKING_5
19:11:58.226 (index):853 WAITING_4
19:11:58.227 (index):823 UPDATE_15
19:11:58.228 (index):853 WAITING_8
19:11:59.226 (index):853 WAITING_10
19:11:59.228 (index):853 WAITING_12
19:11:59.229 (index):853 WAITING_11
19:11:59.231 (index):853 WAITING_13
19:11:59.233 (index):853 WAITING_14
19:11:59.234 (index):853 WAITING_6
19:11:59.236 (index):815 THINKING_15
19:11:59.237 (index):823 UPDATE_7
19:12:00.226 (index):853 WAITING_4
19:12:00.228 (index):853 WAITING_8
19:12:00.229 (index):805 NODEACCESSRELEASED_7
19:12:01.226 (index):853 WAITING_10
19:12:01.228 (index):853 WAITING_12
19:12:01.229 (index):853 WAITING_11
19:12:01.230 (index):853 WAITING_13
19:12:01.231 (index):853 WAITING_14
19:12:01.231 (index):853 WAITING_6
19:12:01.232 (index):823 UPDATE_9
19:12:02.226 (index):853 WAITING_4
19:12:02.228 (index):853 WAITING_8
19:12:02.229 (index):835 NODEACCESSREQUESTED_7
19:12:02.230 (index):815 THINKING_9
19:12:02.231 (index):823 UPDATE_5
19:12:02.232 (index):823 UPDATE_15
19:12:03.230 (index):853 WAITING_10
19:12:03.231 (index):853 WAITING_12
19:12:03.232 (index):853 WAITING_11
19:12:03.233 (index):853 WAITING_13
19:12:03.234 (index):853 WAITING_14
19:12:03.235 (index):853 WAITING_6
19:12:03.235 (index):815 THINKING_5
19:12:03.236 (index):815 THINKING_15
19:12:03.237 (index):853 WAITING_4
19:12:03.238 (index):853 WAITING_8
19:12:04.226 (index):823 UPDATE_7
19:12:05.226 (index):853 WAITING_10
19:12:05.228 (index):853 WAITING_12
19:12:05.229 (index):853 WAITING_11
19:12:05.231 (index):853 WAITING_13
19:12:05.232 (index):853 WAITING_14
19:12:05.233 (index):853 WAITING_6
19:12:05.234 (index):853 WAITING_4
19:12:05.235 (index):853 WAITING_8
19:12:05.236 (index):815 THINKING_7
19:12:05.237 (index):823 UPDATE_9
19:12:06.226 (index):823 UPDATE_5
19:12:06.227 (index):805 NODEACCESSRELEASED_9
19:12:06.228 (index):823 UPDATE_15
19:12:07.227 (index):823 UPDATE_10
19:12:07.228 (index):853 WAITING_12
19:12:07.230 (index):853 WAITING_11
19:12:07.231 (index):853 WAITING_13
19:12:07.232 (index):853 WAITING_14
19:12:07.233 (index):853 WAITING_6
19:12:07.234 (index):853 WAITING_4
19:12:07.235 (index):853 WAITING_8
19:12:07.235 (index):805 NODEACCESSRELEASED_5
19:12:07.237 (index):805 NODEACCESSRELEASED_15
19:12:08.227 (index):835 NODEACCESSREQUESTED_9
19:12:08.228 (index):815 THINKING_10
19:12:09.226 (index):853 WAITING_12
19:12:09.228 (index):853 WAITING_11
19:12:09.229 (index):853 WAITING_13
19:12:09.231 (index):853 WAITING_14
19:12:09.232 (index):853 WAITING_6
19:12:09.234 (index):853 WAITING_4
19:12:09.234 (index):853 WAITING_8
19:12:09.235 (index):835 NODEACCESSREQUESTED_5
19:12:09.236 (index):835 NODEACCESSREQUESTED_15
19:12:10.226 (index):823 UPDATE_9
19:12:10.227 (index):823 UPDATE_7
19:12:11.226 (index):853 WAITING_12
19:12:11.228 (index):853 WAITING_11
19:12:11.229 (index):853 WAITING_13
19:12:11.231 (index):853 WAITING_14
19:12:11.232 (index):853 WAITING_6
19:12:11.234 (index):853 WAITING_4
19:12:11.235 (index):853 WAITING_8
19:12:11.236 (index):823 UPDATE_5
19:12:11.238 (index):853 WAITING_15
19:12:11.239 (index):823 UPDATE_10
19:12:11.239 (index):805 NODEACCESSRELEASED_9
19:12:11.240 (index):805 NODEACCESSRELEASED_7
19:12:12.226 (index):815 THINKING_5
19:12:12.228 (index):805 NODEACCESSRELEASED_10
19:12:13.226 (index):853 WAITING_12
19:12:13.227 (index):823 UPDATE_11
19:12:13.228 (index):853 WAITING_13
19:12:13.230 (index):853 WAITING_14
19:12:13.231 (index):853 WAITING_6
19:12:13.232 (index):853 WAITING_4
19:12:13.233 (index):853 WAITING_8
19:12:13.234 (index):853 WAITING_15
19:12:13.235 (index):835 NODEACCESSREQUESTED_9
19:12:13.236 (index):835 NODEACCESSREQUESTED_7
19:12:14.226 (index):835 NODEACCESSREQUESTED_10
19:12:14.228 (index):805 NODEACCESSRELEASED_11
19:12:15.226 (index):823 UPDATE_12
19:12:15.228 (index):853 WAITING_13
19:12:15.228 (index):853 WAITING_14
19:12:15.229 (index):853 WAITING_6
19:12:15.229 (index):853 WAITING_4
19:12:15.229 (index):853 WAITING_8
19:12:15.230 (index):853 WAITING_15
19:12:15.230 (index):823 UPDATE_9
19:12:15.231 (index):823 UPDATE_7
19:12:16.227 (index):853 WAITING_10
19:12:16.228 (index):835 NODEACCESSREQUESTED_11
19:12:16.230 (index):805 NODEACCESSRELEASED_12
19:12:16.231 (index):805 NODEACCESSRELEASED_9
19:12:16.232 (index):805 NODEACCESSRELEASED_7
19:12:17.226 (index):823 UPDATE_13
19:12:17.227 (index):853 WAITING_14
19:12:17.228 (index):853 WAITING_6
19:12:17.229 (index):853 WAITING_4
19:12:17.230 (index):853 WAITING_8
19:12:17.231 (index):853 WAITING_15
19:12:17.232 (index):823 UPDATE_5
19:12:18.226 (index):853 WAITING_10
19:12:18.228 (index):853 WAITING_11
19:12:18.229 (index):835 NODEACCESSREQUESTED_12
19:12:18.231 (index):835 NODEACCESSREQUESTED_9
19:12:18.232 (index):835 NODEACCESSREQUESTED_7
19:12:18.234 (index):805 NODEACCESSRELEASED_13
19:12:18.234 (index):805 NODEACCESSRELEASED_5
19:12:19.226 (index):823 UPDATE_14
19:12:19.228 (index):853 WAITING_6
19:12:19.229 (index):853 WAITING_4
19:12:19.230 (index):853 WAITING_8
19:12:19.231 (index):853 WAITING_15
19:12:20.226 (index):853 WAITING_10
19:12:20.227 (index):853 WAITING_11
19:12:20.229 (index):823 UPDATE_12
19:12:20.230 (index):823 UPDATE_9
19:12:20.232 (index):853 WAITING_7
19:12:20.233 (index):835 NODEACCESSREQUESTED_13
19:12:20.234 (index):835 NODEACCESSREQUESTED_5
19:12:20.235 (index):815 THINKING_14
19:12:21.226 (index):853 WAITING_6
19:12:21.227 (index):853 WAITING_4
19:12:21.229 (index):853 WAITING_8
19:12:21.230 (index):853 WAITING_15
19:12:21.231 (index):805 NODEACCESSRELEASED_12
19:12:21.233 (index):815 THINKING_9
19:12:22.226 (index):853 WAITING_10
19:12:22.227 (index):853 WAITING_11
19:12:22.228 (index):853 WAITING_7
19:12:22.230 (index):823 UPDATE_13
19:12:22.231 (index):853 WAITING_5
19:12:23.226 (index):853 WAITING_6
19:12:23.227 (index):853 WAITING_4
19:12:23.229 (index):853 WAITING_8
19:12:23.229 (index):853 WAITING_15
19:12:23.231 (index):835 NODEACCESSREQUESTED_12
19:12:23.232 (index):805 NODEACCESSRELEASED_13
19:12:24.226 (index):853 WAITING_10
19:12:24.227 (index):853 WAITING_11
19:12:24.228 (index):853 WAITING_7
19:12:24.229 (index):853 WAITING_5
19:12:24.230 (index):823 UPDATE_14
19:12:25.226 (index):853 WAITING_6
19:12:25.227 (index):853 WAITING_4
19:12:25.227 (index):853 WAITING_8
19:12:25.228 (index):853 WAITING_15
19:12:25.228 (index):823 UPDATE_12
19:12:25.229 (index):835 NODEACCESSREQUESTED_13
19:12:25.229 (index):805 NODEACCESSRELEASED_14
19:12:25.230 (index):823 UPDATE_9
19:12:26.226 (index):853 WAITING_10
19:12:26.227 (index):853 WAITING_11
19:12:26.227 (index):853 WAITING_7
19:12:26.228 (index):853 WAITING_5
19:12:26.229 (index):815 THINKING_12
19:12:26.229 (index):805 NODEACCESSRELEASED_9
19:12:27.226 (index):853 WAITING_6
19:12:27.228 (index):853 WAITING_4
19:12:27.229 (index):853 WAITING_8
19:12:27.230 (index):853 WAITING_15
19:12:27.231 (index):823 UPDATE_13
19:12:27.232 (index):835 NODEACCESSREQUESTED_14
19:12:28.226 (index):853 WAITING_10
19:12:28.228 (index):853 WAITING_11
19:12:28.229 (index):853 WAITING_7
19:12:28.230 (index):853 WAITING_5
19:12:28.231 (index):835 NODEACCESSREQUESTED_9
19:12:28.232 (index):805 NODEACCESSRELEASED_13
19:12:29.226 (index):853 WAITING_6
19:12:29.227 (index):853 WAITING_4
19:12:29.228 (index):853 WAITING_8
19:12:29.228 (index):853 WAITING_15
19:12:29.229 (index):823 UPDATE_14
19:12:30.226 (index):853 WAITING_10
19:12:30.228 (index):853 WAITING_11
19:12:30.229 (index):853 WAITING_7
19:12:30.230 (index):853 WAITING_5
19:12:30.232 (index):823 UPDATE_9
19:12:30.233 (index):835 NODEACCESSREQUESTED_13
19:12:30.234 (index):805 NODEACCESSRELEASED_14
19:12:31.226 (index):853 WAITING_6
19:12:31.228 (index):853 WAITING_4
19:12:31.229 (index):853 WAITING_8
19:12:31.230 (index):853 WAITING_15
19:12:31.231 (index):805 NODEACCESSRELEASED_9
19:12:31.231 (index):823 UPDATE_12
19:12:32.226 (index):853 WAITING_10
19:12:32.227 (index):853 WAITING_11
19:12:32.228 (index):853 WAITING_7
19:12:32.228 (index):853 WAITING_5
19:12:32.229 (index):823 UPDATE_13
19:12:32.230 (index):835 NODEACCESSREQUESTED_14
19:12:32.231 (index):805 NODEACCESSRELEASED_12
19:12:33.230 (index):853 WAITING_6
19:12:33.231 (index):853 WAITING_4
19:12:33.232 (index):853 WAITING_8
19:12:33.233 (index):853 WAITING_15
19:12:33.234 (index):835 NODEACCESSREQUESTED_9
19:12:33.234 (index):805 NODEACCESSRELEASED_13
19:12:33.235 (index):853 WAITING_10
19:12:33.235 (index):853 WAITING_11
19:12:33.236 (index):853 WAITING_7
19:12:33.236 (index):853 WAITING_5
19:12:34.226 (index):823 UPDATE_14
19:12:34.227 (index):835 NODEACCESSREQUESTED_12
19:12:35.226 (index):853 WAITING_6
19:12:35.228 (index):853 WAITING_4
19:12:35.229 (index):853 WAITING_8
19:12:35.231 (index):853 WAITING_15
19:12:35.232 (index):823 UPDATE_9
19:12:35.233 (index):835 NODEACCESSREQUESTED_13
19:12:35.234 (index):853 WAITING_10
19:12:35.235 (index):853 WAITING_11
19:12:35.236 (index):853 WAITING_7
19:12:35.237 (index):853 WAITING_5
19:12:35.238 (index):805 NODEACCESSRELEASED_14
19:12:36.226 (index):823 UPDATE_12
19:12:36.227 (index):815 THINKING_9
19:12:37.226 (index):853 WAITING_6
19:12:37.228 (index):853 WAITING_4
19:12:37.229 (index):853 WAITING_8
19:12:37.231 (index):853 WAITING_15
19:12:37.231 (index):823 UPDATE_13
19:12:37.232 (index):853 WAITING_10
19:12:37.233 (index):853 WAITING_11
19:12:37.234 (index):853 WAITING_7
19:12:37.235 (index):853 WAITING_5
19:12:37.235 (index):835 NODEACCESSREQUESTED_14
19:12:37.236 (index):805 NODEACCESSRELEASED_12
19:12:38.226 (index):805 NODEACCESSRELEASED_13
19:12:39.226 (index):853 WAITING_6
19:12:39.227 (index):853 WAITING_4
19:12:39.228 (index):853 WAITING_8
19:12:39.228 (index):853 WAITING_15
19:12:39.228 (index):853 WAITING_10
19:12:39.229 (index):853 WAITING_11
19:12:39.230 (index):853 WAITING_7
19:12:39.231 (index):853 WAITING_5
19:12:39.232 (index):823 UPDATE_14
19:12:39.233 (index):835 NODEACCESSREQUESTED_12
19:12:40.227 (index):835 NODEACCESSREQUESTED_13
19:12:40.227 (index):805 NODEACCESSRELEASED_14
19:12:40.228 (index):823 UPDATE_9
19:12:41.226 (index):853 WAITING_6
19:12:41.227 (index):853 WAITING_4
19:12:41.228 (index):853 WAITING_8
19:12:41.229 (index):853 WAITING_15
19:12:41.229 (index):853 WAITING_10
19:12:41.230 (index):853 WAITING_11
19:12:41.231 (index):853 WAITING_7
19:12:41.232 (index):853 WAITING_5
19:12:41.233 (index):823 UPDATE_12
19:12:41.233 (index):805 NODEACCESSRELEASED_9
19:12:42.228 (index):823 UPDATE_13
19:12:42.229 (index):835 NODEACCESSREQUESTED_14
19:12:42.229 (index):805 NODEACCESSRELEASED_12
19:12:42.230 (index):853 WAITING_6
19:12:42.230 (index):853 WAITING_4
19:12:43.226 (index):853 WAITING_8
19:12:43.228 (index):853 WAITING_15
19:12:43.229 (index):853 WAITING_10
19:12:43.230 (index):853 WAITING_11
19:12:43.231 (index):853 WAITING_7
19:12:43.232 (index):853 WAITING_5
19:12:43.233 (index):835 NODEACCESSREQUESTED_9
19:12:43.234 (index):805 NODEACCESSRELEASED_13
19:12:44.226 (index):823 UPDATE_14
19:12:44.228 (index):835 NODEACCESSREQUESTED_12
19:12:44.229 (index):853 WAITING_6
19:12:44.231 (index):853 WAITING_4
19:12:45.228 (index):853 WAITING_8
19:12:45.229 (index):853 WAITING_15
19:12:45.230 (index):853 WAITING_10
19:12:45.231 (index):853 WAITING_11
19:12:45.232 (index):853 WAITING_7
19:12:45.233 (index):853 WAITING_5
19:12:45.234 (index):823 UPDATE_9
19:12:45.234 (index):835 NODEACCESSREQUESTED_13
19:12:45.235 (index):815 THINKING_14
19:12:46.226 (index):823 UPDATE_12
19:12:46.228 (index):853 WAITING_6
19:12:46.229 (index):853 WAITING_4
19:12:46.230 (index):805 NODEACCESSRELEASED_9
19:12:47.226 (index):853 WAITING_8
19:12:47.228 (index):853 WAITING_15
19:12:47.229 (index):853 WAITING_10
19:12:47.231 (index):853 WAITING_11
19:12:47.233 (index):853 WAITING_7
19:12:47.234 (index):853 WAITING_5
19:12:47.236 (index):823 UPDATE_13
19:12:47.237 (index):805 NODEACCESSRELEASED_12
19:12:48.226 (index):853 WAITING_6
19:12:48.228 (index):853 WAITING_4
19:12:48.229 (index):835 NODEACCESSREQUESTED_9
19:12:48.230 (index):805 NODEACCESSRELEASED_13
19:12:48.232 (index):823 UPDATE_14
19:12:49.226 (index):853 WAITING_8
19:12:49.228 (index):853 WAITING_15
19:12:49.229 (index):853 WAITING_10
19:12:49.230 (index):853 WAITING_11
19:12:49.231 (index):853 WAITING_7
19:12:49.232 (index):853 WAITING_5
19:12:49.232 (index):835 NODEACCESSREQUESTED_12
19:12:49.233 (index):805 NODEACCESSRELEASED_14
19:12:50.226 (index):853 WAITING_6
19:12:50.227 (index):853 WAITING_4
19:12:50.229 (index):823 UPDATE_9
19:12:50.230 (index):835 NODEACCESSREQUESTED_13
19:12:51.226 (index):853 WAITING_8
19:12:51.227 (index):853 WAITING_15
19:12:51.228 (index):853 WAITING_10
19:12:51.229 (index):853 WAITING_11
19:12:51.231 (index):853 WAITING_7
19:12:51.232 (index):853 WAITING_5
19:12:51.232 (index):823 UPDATE_12
19:12:51.233 (index):835 NODEACCESSREQUESTED_14
19:12:51.233 (index):805 NODEACCESSRELEASED_9
19:12:52.226 (index):853 WAITING_6
19:12:52.228 (index):853 WAITING_4
19:12:52.229 (index):823 UPDATE_13
19:12:52.230 (index):805 NODEACCESSRELEASED_12
19:12:53.226 (index):853 WAITING_8
19:12:53.228 (index):853 WAITING_15
19:12:53.229 (index):853 WAITING_10
19:12:53.230 (index):853 WAITING_11
19:12:53.232 (index):853 WAITING_7
19:12:53.233 (index):853 WAITING_5
19:12:53.234 (index):823 UPDATE_14
19:12:53.235 (index):835 NODEACCESSREQUESTED_9
19:12:53.235 (index):805 NODEACCESSRELEASED_13
19:12:54.226 (index):853 WAITING_6
19:12:54.227 (index):853 WAITING_4
19:12:54.228 (index):835 NODEACCESSREQUESTED_12
19:12:54.229 (index):805 NODEACCESSRELEASED_14
19:12:55.226 (index):853 WAITING_8
19:12:55.228 (index):853 WAITING_15
19:12:55.229 (index):853 WAITING_10
19:12:55.230 (index):853 WAITING_11
19:12:55.231 (index):853 WAITING_7
19:12:55.232 (index):853 WAITING_5
19:12:55.233 (index):823 UPDATE_9
19:12:55.234 (index):835 NODEACCESSREQUESTED_13
19:12:56.226 (index):853 WAITING_6
19:12:56.228 (index):853 WAITING_4
19:12:56.229 (index):823 UPDATE_12
19:12:56.230 (index):835 NODEACCESSREQUESTED_14
19:12:56.231 (index):864 END_9
19:12:57.226 (index):853 WAITING_8
19:12:57.228 (index):853 WAITING_15
19:12:57.229 (index):853 WAITING_10
19:12:57.231 (index):853 WAITING_11
19:12:57.232 (index):853 WAITING_7
19:12:57.233 (index):853 WAITING_5
19:12:57.234 (index):823 UPDATE_13
19:12:57.234 (index):805 NODEACCESSRELEASED_12
19:12:58.226 (index):853 WAITING_6
19:12:58.228 (index):853 WAITING_4
19:12:58.229 (index):823 UPDATE_14
19:12:58.230 (index):805 NODEACCESSRELEASED_13
19:12:59.226 (index):853 WAITING_8
19:12:59.227 (index):853 WAITING_15
19:12:59.229 (index):853 WAITING_10
19:12:59.230 (index):853 WAITING_11
19:12:59.231 (index):853 WAITING_7
19:12:59.232 (index):853 WAITING_5
19:12:59.233 (index):835 NODEACCESSREQUESTED_12
19:12:59.234 (index):815 THINKING_14
19:13:00.226 (index):853 WAITING_6
19:13:00.228 (index):853 WAITING_4
19:13:00.229 (index):835 NODEACCESSREQUESTED_13
19:13:01.230 (index):853 WAITING_8
19:13:01.231 (index):853 WAITING_15
19:13:01.232 (index):853 WAITING_10
19:13:01.233 (index):853 WAITING_11
19:13:01.235 (index):853 WAITING_7
19:13:01.236 (index):853 WAITING_5
19:13:01.237 (index):823 UPDATE_12
19:13:01.238 (index):853 WAITING_6
19:13:01.239 (index):853 WAITING_4
19:13:02.226 (index):823 UPDATE_13
19:13:02.228 (index):815 THINKING_12
19:13:03.227 (index):853 WAITING_8
19:13:03.229 (index):853 WAITING_15
19:13:03.231 (index):853 WAITING_10
19:13:03.232 (index):853 WAITING_11
19:13:03.233 (index):853 WAITING_7
19:13:03.234 (index):853 WAITING_5
19:13:03.235 (index):853 WAITING_6
19:13:03.236 (index):853 WAITING_4
19:13:03.236 (index):805 NODEACCESSRELEASED_13
19:13:03.237 (index):823 UPDATE_14
19:13:04.226 (index):815 THINKING_14
19:13:05.226 (index):853 WAITING_8
19:13:05.228 (index):853 WAITING_15
19:13:05.229 (index):853 WAITING_10
19:13:05.231 (index):853 WAITING_11
19:13:05.232 (index):853 WAITING_7
19:13:05.233 (index):853 WAITING_5
19:13:05.233 (index):853 WAITING_6
19:13:05.235 (index):853 WAITING_4
19:13:05.236 (index):835 NODEACCESSREQUESTED_13
19:13:06.226 (index):823 UPDATE_12
19:13:07.226 (index):853 WAITING_8
19:13:07.228 (index):853 WAITING_15
19:13:07.230 (index):853 WAITING_10
19:13:07.231 (index):853 WAITING_11
19:13:07.232 (index):853 WAITING_7
19:13:07.233 (index):853 WAITING_5
19:13:07.234 (index):853 WAITING_6
19:13:07.235 (index):853 WAITING_4
19:13:07.235 (index):823 UPDATE_13
19:13:07.236 (index):805 NODEACCESSRELEASED_12
19:13:08.226 (index):805 NODEACCESSRELEASED_13
19:13:09.226 (index):853 WAITING_8
19:13:09.228 (index):853 WAITING_15
19:13:09.230 (index):853 WAITING_10
19:13:09.231 (index):853 WAITING_11
19:13:09.232 (index):853 WAITING_7
19:13:09.233 (index):853 WAITING_5
19:13:09.234 (index):853 WAITING_6
19:13:09.234 (index):853 WAITING_4
19:13:09.235 (index):835 NODEACCESSREQUESTED_12
19:13:09.235 (index):823 UPDATE_14
19:13:10.226 (index):835 NODEACCESSREQUESTED_13
19:13:10.227 (index):805 NODEACCESSRELEASED_14
19:13:11.226 (index):853 WAITING_8
19:13:11.228 (index):853 WAITING_15
19:13:11.229 (index):853 WAITING_10
19:13:11.230 (index):853 WAITING_11
19:13:11.231 (index):853 WAITING_7
19:13:11.232 (index):853 WAITING_5
19:13:11.233 (index):853 WAITING_6
19:13:11.234 (index):853 WAITING_4
19:13:11.235 (index):823 UPDATE_12
19:13:12.226 (index):823 UPDATE_13
19:13:12.228 (index):835 NODEACCESSREQUESTED_14
19:13:12.229 (index):805 NODEACCESSRELEASED_12
19:13:13.226 (index):853 WAITING_8
19:13:13.227 (index):853 WAITING_15
19:13:13.228 (index):853 WAITING_10
19:13:13.228 (index):853 WAITING_11
19:13:13.229 (index):853 WAITING_7
19:13:13.229 (index):853 WAITING_5
19:13:13.230 (index):853 WAITING_6
19:13:13.231 (index):853 WAITING_4
19:13:13.232 (index):864 END_13
19:13:14.227 (index):823 UPDATE_14
19:13:14.228 (index):835 NODEACCESSREQUESTED_12
19:13:15.226 (index):853 WAITING_8
19:13:15.228 (index):853 WAITING_15
19:13:15.229 (index):853 WAITING_10
19:13:15.231 (index):853 WAITING_11
19:13:15.232 (index):853 WAITING_7
19:13:15.233 (index):853 WAITING_5
19:13:15.234 (index):853 WAITING_6
19:13:15.235 (index):853 WAITING_4
19:13:15.235 (index):864 END_14
19:13:16.226 (index):823 UPDATE_12
19:13:17.226 (index):853 WAITING_8
19:13:17.228 (index):853 WAITING_15
19:13:17.229 (index):853 WAITING_10
19:13:17.230 (index):853 WAITING_11
19:13:17.231 (index):853 WAITING_7
19:13:17.232 (index):853 WAITING_5
19:13:17.233 (index):853 WAITING_6
19:13:17.234 (index):853 WAITING_4
19:13:17.235 (index):864 END_12
19:13:19.226 (index):853 WAITING_8
19:13:19.228 (index):853 WAITING_15
19:13:19.229 (index):853 WAITING_10
19:13:19.230 (index):853 WAITING_11
19:13:19.231 (index):853 WAITING_7
19:13:19.232 (index):853 WAITING_5
19:13:19.233 (index):823 UPDATE_6
19:13:19.234 (index):853 WAITING_4
19:13:20.226 (index):805 NODEACCESSRELEASED_6
19:13:21.226 (index):853 WAITING_8
19:13:21.228 (index):853 WAITING_15
19:13:21.229 (index):853 WAITING_10
19:13:21.231 (index):853 WAITING_11
19:13:21.232 (index):853 WAITING_7
19:13:21.233 (index):853 WAITING_5
19:13:21.234 (index):823 UPDATE_4
19:13:22.226 (index):835 NODEACCESSREQUESTED_6
19:13:22.227 (index):805 NODEACCESSRELEASED_4
19:13:23.226 (index):823 UPDATE_8
19:13:23.228 (index):853 WAITING_15
19:13:23.229 (index):853 WAITING_10
19:13:23.230 (index):853 WAITING_11
19:13:23.231 (index):853 WAITING_7
19:13:23.232 (index):853 WAITING_5
19:13:24.226 (index):853 WAITING_6
19:13:24.228 (index):835 NODEACCESSREQUESTED_4
19:13:24.229 (index):805 NODEACCESSRELEASED_8
19:13:25.226 (index):823 UPDATE_15
19:13:25.228 (index):853 WAITING_10
19:13:25.229 (index):853 WAITING_11
19:13:25.230 (index):853 WAITING_7
19:13:25.230 (index):853 WAITING_5
19:13:26.226 (index):853 WAITING_6
19:13:26.228 (index):853 WAITING_4
19:13:26.229 (index):835 NODEACCESSREQUESTED_8
19:13:26.231 (index):815 THINKING_15
19:13:27.227 (index):853 WAITING_10
19:13:27.229 (index):853 WAITING_11
19:13:27.231 (index):853 WAITING_7
19:13:27.232 (index):853 WAITING_5
19:13:28.226 (index):853 WAITING_6
19:13:28.227 (index):853 WAITING_4
19:13:28.228 (index):853 WAITING_8
19:13:29.226 (index):853 WAITING_10
19:13:29.228 (index):853 WAITING_11
19:13:29.229 (index):853 WAITING_7
19:13:29.230 (index):853 WAITING_5
19:13:30.226 (index):853 WAITING_6
19:13:30.227 (index):853 WAITING_4
19:13:30.228 (index):853 WAITING_8
19:13:31.226 (index):853 WAITING_10
19:13:31.228 (index):853 WAITING_11
19:13:31.229 (index):853 WAITING_7
19:13:31.231 (index):853 WAITING_5
19:13:31.232 (index):823 UPDATE_15
19:13:32.226 (index):853 WAITING_6
19:13:32.228 (index):853 WAITING_4
19:13:32.229 (index):853 WAITING_8
19:13:32.232 (index):805 NODEACCESSRELEASED_15
19:13:33.226 (index):823 UPDATE_10
19:13:33.227 (index):853 WAITING_11
19:13:33.228 (index):853 WAITING_7
19:13:33.228 (index):853 WAITING_5
19:13:34.226 (index):853 WAITING_6
19:13:34.227 (index):853 WAITING_4
19:13:34.229 (index):853 WAITING_8
19:13:34.230 (index):835 NODEACCESSREQUESTED_15
19:13:34.231 (index):815 THINKING_10
19:13:35.226 (index):853 WAITING_11
19:13:35.227 (index):853 WAITING_7
19:13:35.229 (index):853 WAITING_5
19:13:36.226 (index):853 WAITING_6
19:13:36.227 (index):853 WAITING_4
19:13:36.227 (index):853 WAITING_8
19:13:36.228 (index):853 WAITING_15
19:13:37.226 (index):853 WAITING_11
19:13:37.227 (index):853 WAITING_7
19:13:37.228 (index):853 WAITING_5
19:13:37.229 (index):823 UPDATE_10
19:13:38.226 (index):853 WAITING_6
19:13:38.227 (index):853 WAITING_4
19:13:38.227 (index):853 WAITING_8
19:13:38.228 (index):853 WAITING_15
19:13:38.229 (index):805 NODEACCESSRELEASED_10
19:13:39.226 (index):823 UPDATE_11
19:13:39.228 (index):853 WAITING_7
19:13:39.229 (index):853 WAITING_5
19:13:39.882 (index):853 WAITING_6
19:13:39.883 (index):853 WAITING_4
19:13:39.884 (index):853 WAITING_8
19:13:39.884 (index):853 WAITING_15
19:13:39.885 (index):835 NODEACCESSREQUESTED_10
19:13:39.886 (index):805 NODEACCESSRELEASED_11
19:13:40.229 (index):823 UPDATE_7
19:13:40.231 (index):853 WAITING_5
19:13:40.330 (index):805 NODEACCESSRELEASED_7
19:13:40.883 (index):853 WAITING_6
19:13:40.884 (index):853 WAITING_4
19:13:40.885 (index):853 WAITING_8
19:13:40.886 (index):853 WAITING_15
19:13:40.886 (index):853 WAITING_10
19:13:40.887 (index):835 NODEACCESSREQUESTED_11
19:13:41.231 (index):823 UPDATE_5
19:13:41.332 (index):835 NODEACCESSREQUESTED_7
19:13:41.333 (index):805 NODEACCESSRELEASED_5
19:13:41.884 (index):823 UPDATE_6
19:13:41.886 (index):853 WAITING_4
19:13:41.886 (index):853 WAITING_8
19:13:41.887 (index):853 WAITING_15
19:13:41.888 (index):853 WAITING_10
19:13:41.889 (index):853 WAITING_11
19:13:41.986 (index):805 NODEACCESSRELEASED_6
19:13:42.333 (index):853 WAITING_7
19:13:42.334 (index):835 NODEACCESSREQUESTED_5
19:13:42.887 (index):823 UPDATE_4
19:13:42.887 (index):853 WAITING_8
19:13:42.888 (index):853 WAITING_15
19:13:42.889 (index):853 WAITING_10
19:13:42.890 (index):853 WAITING_11
19:13:42.987 (index):835 NODEACCESSREQUESTED_6
19:13:42.988 (index):815 THINKING_4
19:13:43.334 (index):853 WAITING_7
19:13:43.336 (index):823 UPDATE_5
19:13:43.436 (index):805 NODEACCESSRELEASED_5
19:13:43.888 (index):853 WAITING_8
19:13:43.889 (index):853 WAITING_15
19:13:43.890 (index):853 WAITING_10
19:13:43.891 (index):853 WAITING_11
19:13:43.988 (index):823 UPDATE_6
19:13:44.089 (index):805 NODEACCESSRELEASED_6
19:13:44.335 (index):853 WAITING_7
19:13:44.437 (index):835 NODEACCESSREQUESTED_5
19:13:44.889 (index):853 WAITING_8
19:13:44.890 (index):853 WAITING_15
19:13:44.891 (index):853 WAITING_10
19:13:44.892 (index):853 WAITING_11
19:13:45.090 (index):835 NODEACCESSREQUESTED_6
19:13:45.336 (index):853 WAITING_7
19:13:45.425 (index):823 UPDATE_4
19:13:45.439 (index):823 UPDATE_5
19:13:45.527 (index):805 NODEACCESSRELEASED_4
19:13:45.540 (index):805 NODEACCESSRELEASED_5
19:13:45.890 (index):823 UPDATE_8
19:13:45.891 (index):853 WAITING_15
19:13:45.892 (index):853 WAITING_10
19:13:45.893 (index):853 WAITING_11
19:13:45.991 (index):815 THINKING_8
19:13:46.092 (index):823 UPDATE_6
19:13:46.193 (index):815 THINKING_6
19:13:46.338 (index):853 WAITING_7
19:13:46.531 (index):835 NODEACCESSREQUESTED_4
19:13:46.541 (index):835 NODEACCESSREQUESTED_5
19:13:46.892 (index):853 WAITING_15
19:13:46.893 (index):853 WAITING_10
19:13:46.894 (index):853 WAITING_11
19:13:47.339 (index):853 WAITING_7
19:13:47.532 (index):823 UPDATE_4
19:13:47.542 (index):823 UPDATE_5
19:13:47.634 (index):815 THINKING_4
19:13:47.643 (index):864 END_5
19:13:47.893 (index):853 WAITING_15
19:13:47.894 (index):853 WAITING_10
19:13:47.895 (index):853 WAITING_11
19:13:48.339 (index):853 WAITING_7
19:13:48.464 (index):823 UPDATE_6
19:13:48.565 (index):815 THINKING_6
19:13:48.894 (index):853 WAITING_15
19:13:48.895 (index):853 WAITING_10
19:13:48.895 (index):853 WAITING_11
19:13:49.288 (index):823 UPDATE_8
19:13:49.340 (index):853 WAITING_7
19:13:49.390 (index):805 NODEACCESSRELEASED_8
19:13:49.895 (index):823 UPDATE_15
19:13:49.896 (index):853 WAITING_10
19:13:49.897 (index):853 WAITING_11
19:13:49.996 (index):815 THINKING_15
19:13:50.342 (index):853 WAITING_7
19:13:50.391 (index):835 NODEACCESSREQUESTED_8
19:13:50.897 (index):853 WAITING_10
19:13:50.897 (index):853 WAITING_11
19:13:51.343 (index):853 WAITING_7
19:13:51.392 (index):823 UPDATE_8
19:13:51.493 (index):805 NODEACCESSRELEASED_8
19:13:51.519 (index):823 UPDATE_6
19:13:51.621 (index):805 NODEACCESSRELEASED_6
19:13:51.843 (index):823 UPDATE_4
19:13:51.898 (index):853 WAITING_10
19:13:51.898 (index):853 WAITING_11
19:13:51.944 (index):815 THINKING_4
19:13:52.344 (index):853 WAITING_7
19:13:52.494 (index):835 NODEACCESSREQUESTED_8
19:13:52.622 (index):835 NODEACCESSREQUESTED_6
19:13:52.899 (index):853 WAITING_10
19:13:52.900 (index):853 WAITING_11
19:13:53.345 (index):853 WAITING_7
19:13:53.495 (index):823 UPDATE_8
19:13:53.597 (index):805 NODEACCESSRELEASED_8
19:13:53.623 (index):823 UPDATE_6
19:13:53.725 (index):805 NODEACCESSRELEASED_6
19:13:53.786 (index):823 UPDATE_15
19:13:53.887 (index):805 NODEACCESSRELEASED_15
19:13:53.900 (index):823 UPDATE_10
19:13:53.901 (index):853 WAITING_11
19:13:54.001 (index):815 THINKING_10
19:13:54.346 (index):853 WAITING_7
19:13:54.598 (index):835 NODEACCESSREQUESTED_8
19:13:54.726 (index):835 NODEACCESSREQUESTED_6
19:13:54.888 (index):835 NODEACCESSREQUESTED_15
19:13:54.901 (index):853 WAITING_11
19:13:55.347 (index):853 WAITING_7
19:13:55.599 (index):823 UPDATE_8
19:13:55.700 (index):805 NODEACCESSRELEASED_8
19:13:55.728 (index):823 UPDATE_6
19:13:55.828 (index):805 NODEACCESSRELEASED_6
19:13:55.889 (index):853 WAITING_15
19:13:55.903 (index):853 WAITING_11
19:13:55.903 (index):823 UPDATE_4
19:13:56.004 (index):815 THINKING_4
19:13:56.348 (index):853 WAITING_7
19:13:56.702 (index):835 NODEACCESSREQUESTED_8
19:13:56.830 (index):835 NODEACCESSREQUESTED_6
19:13:56.891 (index):853 WAITING_15
19:13:56.903 (index):853 WAITING_11
19:13:57.349 (index):853 WAITING_7
19:13:57.703 (index):823 UPDATE_8
19:13:57.804 (index):805 NODEACCESSRELEASED_8
19:13:57.831 (index):823 UPDATE_6
19:13:57.892 (index):853 WAITING_15
19:13:57.904 (index):853 WAITING_11
19:13:57.932 (index):805 NODEACCESSRELEASED_6
19:13:58.350 (index):853 WAITING_7
19:13:58.665 (index):823 UPDATE_10
19:13:58.766 (index):805 NODEACCESSRELEASED_10
19:13:58.770 (index):823 UPDATE_4
19:13:58.805 (index):835 NODEACCESSREQUESTED_8
19:13:58.871 (index):805 NODEACCESSRELEASED_4
19:13:58.893 (index):853 WAITING_15
19:13:58.905 (index):823 UPDATE_11
19:13:58.933 (index):835 NODEACCESSREQUESTED_6
19:13:59.007 (index):815 THINKING_11
19:13:59.351 (index):853 WAITING_7
19:13:59.767 (index):835 NODEACCESSREQUESTED_10
19:13:59.807 (index):823 UPDATE_8
19:13:59.872 (index):835 NODEACCESSREQUESTED_4
19:13:59.894 (index):853 WAITING_15
19:13:59.908 (index):805 NODEACCESSRELEASED_8
19:13:59.935 (index):823 UPDATE_6
19:14:00.036 (index):805 NODEACCESSRELEASED_6
19:14:00.353 (index):853 WAITING_7
19:14:00.768 (index):823 UPDATE_10
19:14:00.870 (index):815 THINKING_10
19:14:00.873 (index):853 WAITING_4
19:14:00.895 (index):853 WAITING_15
19:14:00.909 (index):835 NODEACCESSREQUESTED_8
19:14:01.037 (index):835 NODEACCESSREQUESTED_6
19:14:01.353 (index):853 WAITING_7
19:14:01.874 (index):853 WAITING_4
19:14:01.896 (index):853 WAITING_15
19:14:01.910 (index):823 UPDATE_8
19:14:02.011 (index):864 END_8
19:14:02.038 (index):823 UPDATE_6
19:14:02.140 (index):864 END_6
19:14:02.354 (index):853 WAITING_7
19:14:02.875 (index):853 WAITING_4
19:14:02.897 (index):853 WAITING_15
19:14:03.285 (index):823 UPDATE_11
19:14:03.355 (index):853 WAITING_7
19:14:03.386 (index):805 NODEACCESSRELEASED_11
19:14:03.877 (index):853 WAITING_4
19:14:03.898 (index):853 WAITING_15
19:14:04.356 (index):823 UPDATE_7
19:14:04.387 (index):835 NODEACCESSREQUESTED_11
19:14:04.457 (index):805 NODEACCESSRELEASED_7
19:14:04.655 (index):823 UPDATE_10
19:14:04.756 (index):805 NODEACCESSRELEASED_10
19:14:04.878 (index):853 WAITING_4
19:14:04.899 (index):853 WAITING_15
19:14:05.389 (index):823 UPDATE_11
19:14:05.458 (index):835 NODEACCESSREQUESTED_7
19:14:05.491 (index):805 NODEACCESSRELEASED_11
19:14:05.757 (index):835 NODEACCESSREQUESTED_10
19:14:05.879 (index):853 WAITING_4
19:14:05.901 (index):853 WAITING_15
19:14:06.460 (index):823 UPDATE_7
19:14:06.492 (index):835 NODEACCESSREQUESTED_11
19:14:06.561 (index):805 NODEACCESSRELEASED_7
19:14:06.759 (index):823 UPDATE_10
19:14:06.860 (index):815 THINKING_10
19:14:06.880 (index):853 WAITING_4
19:14:06.902 (index):853 WAITING_15
19:14:07.493 (index):823 UPDATE_11
19:14:07.561 (index):835 NODEACCESSREQUESTED_7
19:14:07.594 (index):805 NODEACCESSRELEASED_11
19:14:07.881 (index):853 WAITING_4
19:14:07.903 (index):853 WAITING_15
19:14:08.562 (index):823 UPDATE_7
19:14:08.595 (index):835 NODEACCESSREQUESTED_11
19:14:08.664 (index):815 THINKING_7
19:14:08.882 (index):853 WAITING_4
19:14:08.904 (index):853 WAITING_15
19:14:09.597 (index):823 UPDATE_11
19:14:09.698 (index):815 THINKING_11
19:14:09.883 (index):853 WAITING_4
19:14:09.905 (index):853 WAITING_15
19:14:10.884 (index):853 WAITING_4
19:14:10.906 (index):853 WAITING_15
19:14:11.745 (index):823 UPDATE_10
19:14:11.847 (index):805 NODEACCESSRELEASED_10
19:14:11.885 (index):853 WAITING_4
19:14:11.907 (index):853 WAITING_15
19:14:12.100 (index):823 UPDATE_7
19:14:12.201 (index):805 NODEACCESSRELEASED_7
19:14:12.848 (index):835 NODEACCESSREQUESTED_10
19:14:12.886 (index):853 WAITING_4
19:14:12.908 (index):853 WAITING_15
19:14:13.083 (index):823 UPDATE_11
19:14:13.184 (index):805 NODEACCESSRELEASED_11
19:14:13.202 (index):835 NODEACCESSREQUESTED_7
19:14:13.849 (index):823 UPDATE_10
19:14:13.887 (index):853 WAITING_4
19:14:13.909 (index):853 WAITING_15
19:14:13.950 (index):805 NODEACCESSRELEASED_10
19:14:14.185 (index):835 NODEACCESSREQUESTED_11
19:14:14.204 (index):823 UPDATE_7
19:14:14.305 (index):864 END_7
19:14:14.889 (index):853 WAITING_4
19:14:14.910 (index):853 WAITING_15
19:14:14.952 (index):835 NODEACCESSREQUESTED_10
19:14:15.187 (index):823 UPDATE_11
19:14:15.287 (index):805 NODEACCESSRELEASED_11
19:14:15.890 (index):853 WAITING_4
19:14:15.911 (index):853 WAITING_15
19:14:15.953 (index):823 UPDATE_10
19:14:16.054 (index):805 NODEACCESSRELEASED_10
19:14:16.288 (index):835 NODEACCESSREQUESTED_11
19:14:16.891 (index):853 WAITING_4
19:14:16.912 (index):823 UPDATE_15
19:14:17.013 (index):864 END_15
19:14:17.055 (index):835 NODEACCESSREQUESTED_10
19:14:17.290 (index):853 WAITING_11
19:14:17.892 (index):823 UPDATE_4
19:14:17.993 (index):805 NODEACCESSRELEASED_4
19:14:18.056 (index):853 WAITING_10
19:14:18.291 (index):823 UPDATE_11
19:14:18.397 (index):815 THINKING_11
19:14:18.994 (index):835 NODEACCESSREQUESTED_4
19:14:19.057 (index):853 WAITING_10
19:14:19.996 (index):823 UPDATE_4
19:14:20.058 (index):853 WAITING_10
19:14:20.097 (index):815 THINKING_4
19:14:21.060 (index):853 WAITING_10
19:14:21.561 (index):823 UPDATE_11
19:14:21.663 (index):864 END_11
19:14:22.061 (index):823 UPDATE_10
19:14:22.162 (index):864 END_10
19:14:24.487 (index):823 UPDATE_4
19:14:24.589 (index):864 END_4
