18:29:39.539 fiddle.jshell.net/:896 Tasks: 25; Collaborators: 1    =========================>
18:29:39.539 fiddle.jshell.net/:835 NODEACCESSREQUESTED_0
18:29:40.540 fiddle.jshell.net/:815 THINKING_0
18:29:44.888 (index):823 UPDATE_0
18:29:44.989 (index):805 NODEACCESSRELEASED_0
18:29:45.990 (index):835 NODEACCESSREQUESTED_0
18:29:46.991 (index):823 UPDATE_0
18:29:47.091 (index):805 NODEACCESSRELEASED_0
18:29:48.148 (index):835 NODEACCESSREQUESTED_0
18:29:49.149 (index):823 UPDATE_0
18:29:49.249 (index):815 THINKING_0
18:29:51.922 (index):823 UPDATE_0
18:29:52.087 (index):815 THINKING_0
18:29:57.046 (index):823 UPDATE_0
18:29:57.240 (index):805 NODEACCESSRELEASED_0
18:29:58.289 (index):835 NODEACCESSREQUESTED_0
18:29:59.318 (index):823 UPDATE_0
18:29:59.510 (index):815 THINKING_0
18:30:01.665 (index):823 UPDATE_0
18:30:01.989 (index):805 NODEACCESSRELEASED_0
18:30:02.995 (index):835 NODEACCESSREQUESTED_0
18:30:04.046 (index):823 UPDATE_0
18:30:04.246 (index):805 NODEACCESSRELEASED_0
18:30:05.314 (index):835 NODEACCESSREQUESTED_0
18:30:06.482 (index):823 UPDATE_0
18:30:06.603 (index):815 THINKING_0
18:30:10.597 (index):823 UPDATE_0
18:30:10.699 (index):805 NODEACCESSRELEASED_0
18:30:11.700 (index):835 NODEACCESSREQUESTED_0
18:30:12.701 (index):823 UPDATE_0
18:30:12.802 (index):805 NODEACCESSRELEASED_0
18:30:13.804 (index):835 NODEACCESSREQUESTED_0
18:30:14.809 (index):823 UPDATE_0
18:30:14.909 (index):805 NODEACCESSRELEASED_0
18:30:15.911 (index):835 NODEACCESSREQUESTED_0
18:30:16.912 (index):823 UPDATE_0
18:30:17.013 (index):864 END_0
