18:35:46.227 (index):949 Tasks: 25; Collaborators: 6    =========================>
18:35:46.229 (index):835 NODEACCESSREQUESTED_0
18:35:46.231 (index):835 NODEACCESSREQUESTED_1
18:35:46.232 (index):835 NODEACCESSREQUESTED_2
18:35:46.233 (index):835 NODEACCESSREQUESTED_3
18:35:46.235 (index):835 NODEACCESSREQUESTED_4
18:35:46.236 (index):835 NODEACCESSREQUESTED_5
18:35:48.228 (index):815 THINKING_0
18:35:48.230 (index):815 THINKING_1
18:35:48.231 (index):805 NODEACCESSRELEASED_2
18:35:48.233 (index):805 NODEACCESSRELEASED_3
18:35:48.234 (index):853 WAITING_4
18:35:48.234 (index):853 WAITING_5
18:35:50.226 (index):835 NODEACCESSREQUESTED_2
18:35:50.227 (index):835 NODEACCESSREQUESTED_3
18:35:50.228 (index):853 WAITING_4
18:35:50.229 (index):853 WAITING_5
18:35:51.226 (index):823 UPDATE_1
18:35:52.226 (index):823 UPDATE_2
18:35:52.228 (index):823 UPDATE_3
18:35:52.229 (index):853 WAITING_4
18:35:52.231 (index):853 WAITING_5
18:35:52.232 (index):805 NODEACCESSRELEASED_1
18:35:53.226 (index):805 NODEACCESSRELEASED_2
18:35:53.228 (index):805 NODEACCESSRELEASED_3
18:35:53.229 (index):823 UPDATE_0
18:35:54.226 (index):853 WAITING_4
18:35:54.227 (index):853 WAITING_5
18:35:54.229 (index):835 NODEACCESSREQUESTED_1
18:35:54.230 (index):805 NODEACCESSRELEASED_0
18:35:55.226 (index):835 NODEACCESSREQUESTED_2
18:35:55.228 (index):835 NODEACCESSREQUESTED_3
18:35:56.226 (index):853 WAITING_4
18:35:56.227 (index):853 WAITING_5
18:35:56.228 (index):823 UPDATE_1
18:35:56.228 (index):835 NODEACCESSREQUESTED_0
18:35:57.226 (index):823 UPDATE_2
18:35:57.227 (index):823 UPDATE_3
18:35:57.228 (index):815 THINKING_1
18:35:58.226 (index):853 WAITING_4
18:35:58.227 (index):853 WAITING_5
18:35:58.228 (index):823 UPDATE_0
18:35:58.229 (index):805 NODEACCESSRELEASED_2
18:35:58.230 (index):815 THINKING_3
18:35:59.227 (index):805 NODEACCESSRELEASED_0
18:36:00.226 (index):853 WAITING_4
18:36:00.228 (index):853 WAITING_5
18:36:00.229 (index):835 NODEACCESSREQUESTED_2
18:36:01.227 (index):835 NODEACCESSREQUESTED_0
18:36:01.229 (index):823 UPDATE_1
18:36:02.226 (index):853 WAITING_4
18:36:02.229 (index):853 WAITING_5
18:36:02.231 (index):823 UPDATE_2
18:36:02.232 (index):815 THINKING_1
18:36:03.226 (index):823 UPDATE_0
18:36:03.227 (index):815 THINKING_2
18:36:03.228 (index):823 UPDATE_3
18:36:04.226 (index):853 WAITING_4
18:36:04.227 (index):853 WAITING_5
18:36:04.227 (index):815 THINKING_0
18:36:04.228 (index):805 NODEACCESSRELEASED_3
18:36:06.226 (index):853 WAITING_4
18:36:06.227 (index):853 WAITING_5
18:36:06.229 (index):835 NODEACCESSREQUESTED_3
18:36:06.230 (index):823 UPDATE_2
18:36:07.226 (index):805 NODEACCESSRELEASED_2
18:36:07.228 (index):823 UPDATE_1
18:36:07.229 (index):823 UPDATE_0
18:36:08.226 (index):853 WAITING_4
18:36:08.227 (index):853 WAITING_5
18:36:08.229 (index):823 UPDATE_3
18:36:08.230 (index):805 NODEACCESSRELEASED_1
18:36:08.231 (index):815 THINKING_0
18:36:09.226 (index):835 NODEACCESSREQUESTED_2
18:36:09.228 (index):805 NODEACCESSRELEASED_3
18:36:10.226 (index):853 WAITING_4
18:36:10.228 (index):853 WAITING_5
18:36:10.229 (index):835 NODEACCESSREQUESTED_1
18:36:11.226 (index):823 UPDATE_2
18:36:11.227 (index):835 NODEACCESSREQUESTED_3
18:36:12.226 (index):853 WAITING_4
18:36:12.228 (index):853 WAITING_5
18:36:12.229 (index):823 UPDATE_1
18:36:12.230 (index):805 NODEACCESSRELEASED_2
18:36:13.226 (index):823 UPDATE_3
18:36:13.228 (index):815 THINKING_1
18:36:13.229 (index):823 UPDATE_0
18:36:14.226 (index):853 WAITING_4
18:36:14.227 (index):853 WAITING_5
18:36:14.229 (index):835 NODEACCESSREQUESTED_2
18:36:14.230 (index):805 NODEACCESSRELEASED_3
18:36:14.231 (index):805 NODEACCESSRELEASED_0
18:36:16.226 (index):853 WAITING_4
18:36:16.228 (index):853 WAITING_5
18:36:16.229 (index):823 UPDATE_2
18:36:16.230 (index):835 NODEACCESSREQUESTED_3
18:36:16.232 (index):835 NODEACCESSREQUESTED_0
18:36:16.232 (index):823 UPDATE_1
18:36:17.226 (index):815 THINKING_2
18:36:17.228 (index):805 NODEACCESSRELEASED_1
18:36:18.226 (index):853 WAITING_4
18:36:18.231 (index):853 WAITING_5
18:36:18.233 (index):823 UPDATE_3
18:36:18.234 (index):823 UPDATE_0
18:36:19.226 (index):835 NODEACCESSREQUESTED_1
18:36:19.228 (index):805 NODEACCESSRELEASED_3
18:36:19.230 (index):815 THINKING_0
18:36:20.226 (index):853 WAITING_4
18:36:20.228 (index):853 WAITING_5
18:36:20.229 (index):823 UPDATE_2
18:36:21.227 (index):823 UPDATE_1
18:36:21.228 (index):835 NODEACCESSREQUESTED_3
18:36:21.230 (index):815 THINKING_2
18:36:22.226 (index):853 WAITING_4
18:36:22.228 (index):853 WAITING_5
18:36:22.229 (index):815 THINKING_1
18:36:22.230 (index):823 UPDATE_0
18:36:23.226 (index):823 UPDATE_3
18:36:23.228 (index):805 NODEACCESSRELEASED_0
18:36:24.228 (index):853 WAITING_4
18:36:24.229 (index):853 WAITING_5
18:36:24.230 (index):805 NODEACCESSRELEASED_3
18:36:24.231 (index):823 UPDATE_2
18:36:25.226 (index):835 NODEACCESSREQUESTED_0
18:36:25.228 (index):815 THINKING_2
18:36:25.230 (index):823 UPDATE_1
18:36:26.226 (index):853 WAITING_4
18:36:26.228 (index):853 WAITING_5
18:36:26.229 (index):835 NODEACCESSREQUESTED_3
18:36:26.231 (index):815 THINKING_1
18:36:27.226 (index):823 UPDATE_0
18:36:28.226 (index):853 WAITING_4
18:36:28.228 (index):853 WAITING_5
18:36:28.229 (index):823 UPDATE_3
18:36:28.231 (index):805 NODEACCESSRELEASED_0
18:36:29.226 (index):815 THINKING_3
18:36:30.227 (index):853 WAITING_4
18:36:30.231 (index):853 WAITING_5
18:36:30.232 (index):835 NODEACCESSREQUESTED_0
18:36:30.233 (index):823 UPDATE_2
18:36:31.226 (index):805 NODEACCESSRELEASED_2
18:36:31.228 (index):823 UPDATE_1
18:36:32.226 (index):853 WAITING_4
18:36:32.228 (index):853 WAITING_5
18:36:32.229 (index):823 UPDATE_0
18:36:32.231 (index):815 THINKING_1
18:36:32.232 (index):823 UPDATE_3
18:36:33.226 (index):835 NODEACCESSREQUESTED_2
18:36:33.227 (index):815 THINKING_0
18:36:33.229 (index):805 NODEACCESSRELEASED_3
18:36:34.226 (index):853 WAITING_4
18:36:34.227 (index):853 WAITING_5
18:36:35.226 (index):823 UPDATE_2
18:36:35.228 (index):835 NODEACCESSREQUESTED_3
18:36:36.226 (index):853 WAITING_4
18:36:36.227 (index):853 WAITING_5
18:36:36.227 (index):805 NODEACCESSRELEASED_2
18:36:37.226 (index):823 UPDATE_3
18:36:37.227 (index):823 UPDATE_1
18:36:37.229 (index):823 UPDATE_0
18:36:38.226 (index):853 WAITING_4
18:36:38.228 (index):853 WAITING_5
18:36:38.229 (index):835 NODEACCESSREQUESTED_2
18:36:38.230 (index):805 NODEACCESSRELEASED_3
18:36:38.231 (index):805 NODEACCESSRELEASED_1
18:36:38.232 (index):805 NODEACCESSRELEASED_0
18:36:40.226 (index):853 WAITING_4
18:36:40.228 (index):853 WAITING_5
18:36:40.229 (index):823 UPDATE_2
18:36:40.230 (index):835 NODEACCESSREQUESTED_3
18:36:40.231 (index):835 NODEACCESSREQUESTED_1
18:36:40.232 (index):835 NODEACCESSREQUESTED_0
18:36:41.227 (index):805 NODEACCESSRELEASED_2
18:36:42.227 (index):853 WAITING_4
18:36:42.228 (index):853 WAITING_5
18:36:42.229 (index):823 UPDATE_3
18:36:42.230 (index):823 UPDATE_1
18:36:42.232 (index):823 UPDATE_0
18:36:43.227 (index):835 NODEACCESSREQUESTED_2
18:36:43.228 (index):815 THINKING_3
18:36:43.230 (index):815 THINKING_1
18:36:43.231 (index):805 NODEACCESSRELEASED_0
18:36:44.226 (index):853 WAITING_4
18:36:44.228 (index):853 WAITING_5
18:36:45.226 (index):823 UPDATE_2
18:36:45.227 (index):835 NODEACCESSREQUESTED_0
18:36:46.226 (index):853 WAITING_4
18:36:46.227 (index):853 WAITING_5
18:36:46.227 (index):805 NODEACCESSRELEASED_2
18:36:46.228 (index):823 UPDATE_1
18:36:46.229 (index):823 UPDATE_3
18:36:47.226 (index):823 UPDATE_0
18:36:47.227 (index):805 NODEACCESSRELEASED_1
18:36:47.228 (index):805 NODEACCESSRELEASED_3
18:36:48.226 (index):853 WAITING_4
18:36:48.227 (index):853 WAITING_5
18:36:48.227 (index):835 NODEACCESSREQUESTED_2
18:36:48.228 (index):805 NODEACCESSRELEASED_0
18:36:49.226 (index):835 NODEACCESSREQUESTED_1
18:36:49.228 (index):835 NODEACCESSREQUESTED_3
18:36:50.226 (index):853 WAITING_4
18:36:50.227 (index):853 WAITING_5
18:36:50.228 (index):823 UPDATE_2
18:36:50.229 (index):835 NODEACCESSREQUESTED_0
18:36:51.229 (index):823 UPDATE_1
18:36:51.231 (index):823 UPDATE_3
18:36:51.233 (index):864 END_2
18:36:51.234 (index):853 WAITING_4
18:36:51.234 (index):853 WAITING_5
18:36:52.227 (index):823 UPDATE_0
18:36:52.228 (index):864 END_1
18:36:52.231 (index):864 END_3
18:36:53.227 (index):853 WAITING_4
18:36:53.229 (index):853 WAITING_5
18:36:53.230 (index):864 END_0
18:36:55.226 (index):805 NODEACCESSRELEASED_4
18:36:55.227 (index):805 NODEACCESSRELEASED_5
18:36:56.851 (index):835 NODEACCESSREQUESTED_4
18:36:56.851 (index):835 NODEACCESSREQUESTED_5
18:36:57.852 (index):823 UPDATE_4
18:36:57.859 (index):823 UPDATE_5
18:36:57.953 (index):805 NODEACCESSRELEASED_4
18:36:57.960 (index):815 THINKING_5
18:36:58.954 (index):835 NODEACCESSREQUESTED_4
18:36:59.955 (index):823 UPDATE_4
18:37:00.056 (index):805 NODEACCESSRELEASED_4
18:37:00.375 (index):823 UPDATE_5
18:37:00.476 (index):805 NODEACCESSRELEASED_5
18:37:01.057 (index):835 NODEACCESSREQUESTED_4
18:37:01.477 (index):835 NODEACCESSREQUESTED_5
18:37:02.058 (index):823 UPDATE_4
18:37:02.160 (index):805 NODEACCESSRELEASED_4
18:37:02.478 (index):823 UPDATE_5
18:37:02.580 (index):815 THINKING_5
18:37:03.161 (index):835 NODEACCESSREQUESTED_4
18:37:04.162 (index):823 UPDATE_4
18:37:04.263 (index):805 NODEACCESSRELEASED_4
18:37:05.264 (index):835 NODEACCESSREQUESTED_4
18:37:05.720 (index):823 UPDATE_5
18:37:05.822 (index):805 NODEACCESSRELEASED_5
18:37:06.265 (index):823 UPDATE_4
18:37:06.366 (index):815 THINKING_4
18:37:06.823 (index):835 NODEACCESSREQUESTED_5
18:37:07.824 (index):823 UPDATE_5
18:37:07.926 (index):815 THINKING_5
18:37:08.805 (index):823 UPDATE_4
18:37:08.906 (index):805 NODEACCESSRELEASED_4
18:37:09.907 (index):835 NODEACCESSREQUESTED_4
18:37:10.909 (index):823 UPDATE_4
18:37:11.010 (index):815 THINKING_4
18:37:12.508 (index):823 UPDATE_5
18:37:12.609 (index):815 THINKING_5
18:37:14.651 (index):823 UPDATE_5
18:37:14.752 (index):805 NODEACCESSRELEASED_5
18:37:15.219 (index):823 UPDATE_4
18:37:15.320 (index):815 THINKING_4
18:37:15.753 (index):835 NODEACCESSREQUESTED_5
18:37:17.226 (index):823 UPDATE_5
18:37:18.226 (index):815 THINKING_5
18:37:20.226 (index):823 UPDATE_4
18:37:21.226 (index):815 THINKING_4
18:37:23.226 (index):823 UPDATE_5
18:37:24.226 (index):805 NODEACCESSRELEASED_5
18:37:24.228 (index):823 UPDATE_4
18:37:25.228 (index):805 NODEACCESSRELEASED_4
18:37:25.229 (index):835 NODEACCESSREQUESTED_5
18:37:27.226 (index):835 NODEACCESSREQUESTED_4
18:37:27.227 (index):823 UPDATE_5
18:37:28.227 (index):805 NODEACCESSRELEASED_5
18:37:29.226 (index):823 UPDATE_4
18:37:30.226 (index):835 NODEACCESSREQUESTED_5
18:37:30.228 (index):805 NODEACCESSRELEASED_4
18:37:32.226 (index):823 UPDATE_5
18:37:32.227 (index):835 NODEACCESSREQUESTED_4
18:37:33.226 (index):805 NODEACCESSRELEASED_5
18:37:34.226 (index):823 UPDATE_4
18:37:35.226 (index):835 NODEACCESSREQUESTED_5
18:37:35.227 (index):815 THINKING_4
18:37:36.229 (index):823 UPDATE_5
18:37:37.227 (index):805 NODEACCESSRELEASED_5
18:37:39.226 (index):835 NODEACCESSREQUESTED_5
18:37:40.226 (index):823 UPDATE_4
18:37:41.227 (index):823 UPDATE_5
18:37:41.228 (index):864 END_4
18:37:42.226 (index):864 END_5
