19:14:24.590 (index):1224 Tasks: 25; Collaborators: 17    =========================>
19:14:24.590 (index):835 NODEACCESSREQUESTED_0
19:14:24.591 (index):835 NODEACCESSREQUESTED_1
19:14:24.592 (index):835 NODEACCESSREQUESTED_2
19:14:24.593 (index):835 NODEACCESSREQUESTED_3
19:14:24.594 (index):835 NODEACCESSREQUESTED_4
19:14:24.594 (index):835 NODEACCESSREQUESTED_5
19:14:24.595 (index):835 NODEACCESSREQUESTED_6
19:14:24.595 (index):835 NODEACCESSREQUESTED_7
19:14:24.596 (index):835 NODEACCESSREQUESTED_8
19:14:24.596 (index):835 NODEACCESSREQUESTED_9
19:14:24.597 (index):835 NODEACCESSREQUESTED_10
19:14:24.597 (index):835 NODEACCESSREQUESTED_11
19:14:24.598 (index):835 NODEACCESSREQUESTED_12
19:14:24.598 (index):835 NODEACCESSREQUESTED_13
19:14:24.599 (index):835 NODEACCESSREQUESTED_14
19:14:24.599 (index):835 NODEACCESSREQUESTED_15
19:14:24.599 (index):835 NODEACCESSREQUESTED_16
19:14:25.592 (index):815 THINKING_0
19:14:25.592 (index):815 THINKING_1
19:14:25.593 (index):805 NODEACCESSRELEASED_2
19:14:25.594 (index):805 NODEACCESSRELEASED_3
19:14:25.595 (index):853 WAITING_4
19:14:25.595 (index):853 WAITING_5
19:14:25.596 (index):853 WAITING_6
19:14:25.596 (index):853 WAITING_7
19:14:25.597 (index):853 WAITING_8
19:14:25.597 (index):853 WAITING_9
19:14:25.598 (index):853 WAITING_10
19:14:25.598 (index):853 WAITING_11
19:14:25.599 (index):853 WAITING_12
19:14:25.599 (index):853 WAITING_13
19:14:25.600 (index):853 WAITING_14
19:14:25.600 (index):853 WAITING_15
19:14:25.601 (index):853 WAITING_16
19:14:26.594 (index):835 NODEACCESSREQUESTED_2
19:14:26.595 (index):835 NODEACCESSREQUESTED_3
19:14:26.597 (index):853 WAITING_4
19:14:26.598 (index):853 WAITING_5
19:14:26.599 (index):853 WAITING_6
19:14:26.600 (index):853 WAITING_7
19:14:26.601 (index):853 WAITING_8
19:14:26.602 (index):853 WAITING_9
19:14:26.603 (index):853 WAITING_10
19:14:26.604 (index):853 WAITING_11
19:14:26.605 (index):853 WAITING_12
19:14:26.606 (index):853 WAITING_13
19:14:26.607 (index):853 WAITING_14
19:14:26.608 (index):853 WAITING_15
19:14:26.609 (index):853 WAITING_16
19:14:27.596 (index):823 UPDATE_2
19:14:27.597 (index):823 UPDATE_3
19:14:27.598 (index):853 WAITING_4
19:14:27.599 (index):853 WAITING_5
19:14:27.600 (index):853 WAITING_6
19:14:27.601 (index):853 WAITING_7
19:14:27.602 (index):853 WAITING_8
19:14:27.603 (index):853 WAITING_9
19:14:27.604 (index):853 WAITING_10
19:14:27.605 (index):853 WAITING_11
19:14:27.606 (index):853 WAITING_12
19:14:27.607 (index):853 WAITING_13
19:14:27.608 (index):853 WAITING_14
19:14:27.609 (index):853 WAITING_15
19:14:27.610 (index):853 WAITING_16
19:14:27.697 (index):805 NODEACCESSRELEASED_2
19:14:27.698 (index):805 NODEACCESSRELEASED_3
19:14:28.538 (index):823 UPDATE_1
19:14:28.599 (index):853 WAITING_4
19:14:28.600 (index):853 WAITING_5
19:14:28.601 (index):853 WAITING_6
19:14:28.602 (index):853 WAITING_7
19:14:28.603 (index):853 WAITING_8
19:14:28.604 (index):853 WAITING_9
19:14:28.605 (index):853 WAITING_10
19:14:28.606 (index):853 WAITING_11
19:14:28.607 (index):853 WAITING_12
19:14:28.608 (index):853 WAITING_13
19:14:28.609 (index):853 WAITING_14
19:14:28.610 (index):853 WAITING_15
19:14:28.611 (index):853 WAITING_16
19:14:28.639 (index):805 NODEACCESSRELEASED_1
19:14:28.698 (index):835 NODEACCESSREQUESTED_2
19:14:28.698 (index):835 NODEACCESSREQUESTED_3
19:14:29.600 (index):853 WAITING_4
19:14:29.601 (index):853 WAITING_5
19:14:29.602 (index):853 WAITING_6
19:14:29.603 (index):853 WAITING_7
19:14:29.604 (index):853 WAITING_8
19:14:29.605 (index):853 WAITING_9
19:14:29.606 (index):853 WAITING_10
19:14:29.607 (index):853 WAITING_11
19:14:29.608 (index):853 WAITING_12
19:14:29.609 (index):853 WAITING_13
19:14:29.610 (index):853 WAITING_14
19:14:29.611 (index):853 WAITING_15
19:14:29.612 (index):853 WAITING_16
19:14:29.641 (index):835 NODEACCESSREQUESTED_1
19:14:29.699 (index):823 UPDATE_2
19:14:29.699 (index):823 UPDATE_3
19:14:29.800 (index):805 NODEACCESSRELEASED_2
19:14:29.802 (index):815 THINKING_3
19:14:29.940 (index):823 UPDATE_0
19:14:30.042 (index):805 NODEACCESSRELEASED_0
19:14:31.226 (index):853 WAITING_4
19:14:31.227 (index):853 WAITING_5
19:14:31.229 (index):853 WAITING_6
19:14:31.230 (index):853 WAITING_7
19:14:31.231 (index):853 WAITING_8
19:14:31.232 (index):853 WAITING_9
19:14:31.234 (index):853 WAITING_10
19:14:31.235 (index):853 WAITING_11
19:14:31.236 (index):853 WAITING_12
19:14:31.237 (index):853 WAITING_13
19:14:31.239 (index):853 WAITING_14
19:14:31.240 (index):853 WAITING_15
19:14:31.241 (index):853 WAITING_16
19:14:31.242 (index):823 UPDATE_1
19:14:31.243 (index):835 NODEACCESSREQUESTED_2
19:14:31.244 (index):835 NODEACCESSREQUESTED_0
19:14:32.226 (index):815 THINKING_1
19:14:33.229 (index):853 WAITING_4
19:14:33.230 (index):853 WAITING_5
19:14:33.231 (index):853 WAITING_6
19:14:33.232 (index):853 WAITING_7
19:14:33.233 (index):853 WAITING_8
19:14:33.234 (index):853 WAITING_9
19:14:33.235 (index):853 WAITING_10
19:14:33.235 (index):853 WAITING_11
19:14:33.235 (index):853 WAITING_12
19:14:33.236 (index):853 WAITING_13
19:14:33.236 (index):853 WAITING_14
19:14:33.237 (index):853 WAITING_15
19:14:33.237 (index):853 WAITING_16
19:14:33.238 (index):823 UPDATE_2
19:14:33.238 (index):823 UPDATE_0
19:14:34.226 (index):815 THINKING_2
19:14:34.228 (index):805 NODEACCESSRELEASED_0
19:14:34.229 (index):823 UPDATE_3
19:14:35.226 (index):853 WAITING_4
19:14:35.227 (index):853 WAITING_5
19:14:35.229 (index):853 WAITING_6
19:14:35.230 (index):853 WAITING_7
19:14:35.232 (index):853 WAITING_8
19:14:35.233 (index):853 WAITING_9
19:14:35.235 (index):853 WAITING_10
19:14:35.236 (index):853 WAITING_11
19:14:35.237 (index):853 WAITING_12
19:14:35.238 (index):853 WAITING_13
19:14:35.239 (index):853 WAITING_14
19:14:35.239 (index):853 WAITING_15
19:14:35.240 (index):853 WAITING_16
19:14:35.241 (index):805 NODEACCESSRELEASED_3
19:14:36.226 (index):835 NODEACCESSREQUESTED_0
19:14:36.228 (index):823 UPDATE_1
19:14:37.226 (index):853 WAITING_4
19:14:37.228 (index):853 WAITING_5
19:14:37.229 (index):853 WAITING_6
19:14:37.230 (index):853 WAITING_7
19:14:37.230 (index):853 WAITING_8
19:14:37.231 (index):853 WAITING_9
19:14:37.232 (index):853 WAITING_10
19:14:37.233 (index):853 WAITING_11
19:14:37.233 (index):853 WAITING_12
19:14:37.234 (index):853 WAITING_13
19:14:37.235 (index):853 WAITING_14
19:14:37.236 (index):853 WAITING_15
19:14:37.236 (index):853 WAITING_16
19:14:37.237 (index):835 NODEACCESSREQUESTED_3
19:14:37.238 (index):815 THINKING_1
19:14:37.239 (index):823 UPDATE_2
19:14:38.226 (index):823 UPDATE_0
19:14:38.228 (index):805 NODEACCESSRELEASED_2
19:14:39.228 (index):853 WAITING_4
19:14:39.229 (index):853 WAITING_5
19:14:39.230 (index):853 WAITING_6
19:14:39.232 (index):853 WAITING_7
19:14:39.233 (index):853 WAITING_8
19:14:39.234 (index):853 WAITING_9
19:14:39.235 (index):853 WAITING_10
19:14:39.235 (index):853 WAITING_11
19:14:39.236 (index):853 WAITING_12
19:14:39.236 (index):853 WAITING_13
19:14:39.236 (index):853 WAITING_14
19:14:39.237 (index):853 WAITING_15
19:14:39.237 (index):853 WAITING_16
19:14:39.238 (index):823 UPDATE_3
19:14:39.238 (index):815 THINKING_0
19:14:40.227 (index):835 NODEACCESSREQUESTED_2
19:14:40.229 (index):805 NODEACCESSRELEASED_3
19:14:41.226 (index):853 WAITING_4
19:14:41.228 (index):853 WAITING_5
19:14:41.229 (index):853 WAITING_6
19:14:41.231 (index):853 WAITING_7
19:14:41.232 (index):853 WAITING_8
19:14:41.233 (index):853 WAITING_9
19:14:41.235 (index):853 WAITING_10
19:14:41.236 (index):853 WAITING_11
19:14:41.237 (index):853 WAITING_12
19:14:41.238 (index):853 WAITING_13
19:14:41.238 (index):853 WAITING_14
19:14:41.239 (index):853 WAITING_15
19:14:41.239 (index):853 WAITING_16
19:14:42.226 (index):823 UPDATE_2
19:14:42.227 (index):835 NODEACCESSREQUESTED_3
19:14:42.228 (index):823 UPDATE_1
19:14:42.229 (index):823 UPDATE_0
19:14:43.226 (index):853 WAITING_4
19:14:43.228 (index):853 WAITING_5
19:14:43.229 (index):853 WAITING_6
19:14:43.231 (index):853 WAITING_7
19:14:43.232 (index):853 WAITING_8
19:14:43.233 (index):853 WAITING_9
19:14:43.235 (index):853 WAITING_10
19:14:43.237 (index):853 WAITING_11
19:14:43.238 (index):853 WAITING_12
19:14:43.240 (index):853 WAITING_13
19:14:43.241 (index):853 WAITING_14
19:14:43.242 (index):853 WAITING_15
19:14:43.243 (index):853 WAITING_16
19:14:43.244 (index):805 NODEACCESSRELEASED_2
19:14:43.245 (index):805 NODEACCESSRELEASED_1
19:14:43.245 (index):815 THINKING_0
19:14:44.226 (index):823 UPDATE_3
19:14:45.226 (index):853 WAITING_4
19:14:45.228 (index):853 WAITING_5
19:14:45.230 (index):853 WAITING_6
19:14:45.231 (index):853 WAITING_7
19:14:45.232 (index):853 WAITING_8
19:14:45.233 (index):853 WAITING_9
19:14:45.234 (index):853 WAITING_10
19:14:45.235 (index):853 WAITING_11
19:14:45.235 (index):853 WAITING_12
19:14:45.235 (index):853 WAITING_13
19:14:45.236 (index):853 WAITING_14
19:14:45.236 (index):853 WAITING_15
19:14:45.237 (index):853 WAITING_16
19:14:45.237 (index):835 NODEACCESSREQUESTED_2
19:14:45.238 (index):835 NODEACCESSREQUESTED_1
19:14:45.238 (index):805 NODEACCESSRELEASED_3
19:14:47.226 (index):853 WAITING_4
19:14:47.228 (index):853 WAITING_5
19:14:47.229 (index):853 WAITING_6
19:14:47.230 (index):853 WAITING_7
19:14:47.231 (index):853 WAITING_8
19:14:47.232 (index):853 WAITING_9
19:14:47.233 (index):853 WAITING_10
19:14:47.234 (index):853 WAITING_11
19:14:47.235 (index):853 WAITING_12
19:14:47.236 (index):853 WAITING_13
19:14:47.237 (index):853 WAITING_14
19:14:47.238 (index):853 WAITING_15
19:14:47.238 (index):853 WAITING_16
19:14:47.239 (index):823 UPDATE_2
19:14:47.239 (index):823 UPDATE_1
19:14:47.239 (index):835 NODEACCESSREQUESTED_3
19:14:48.226 (index):815 THINKING_2
19:14:48.227 (index):815 THINKING_1
19:14:48.228 (index):823 UPDATE_0
19:14:49.228 (index):853 WAITING_4
19:14:49.229 (index):853 WAITING_5
19:14:49.229 (index):853 WAITING_6
19:14:49.230 (index):853 WAITING_7
19:14:49.230 (index):853 WAITING_8
19:14:49.231 (index):853 WAITING_9
19:14:49.231 (index):853 WAITING_10
19:14:49.232 (index):853 WAITING_11
19:14:49.232 (index):853 WAITING_12
19:14:49.233 (index):853 WAITING_13
19:14:49.233 (index):853 WAITING_14
19:14:49.233 (index):853 WAITING_15
19:14:49.234 (index):853 WAITING_16
19:14:49.234 (index):823 UPDATE_3
19:14:49.235 (index):805 NODEACCESSRELEASED_0
19:14:50.226 (index):805 NODEACCESSRELEASED_3
19:14:51.226 (index):853 WAITING_4
19:14:51.228 (index):853 WAITING_5
19:14:51.229 (index):853 WAITING_6
19:14:51.230 (index):853 WAITING_7
19:14:51.231 (index):853 WAITING_8
19:14:51.232 (index):853 WAITING_9
19:14:51.233 (index):853 WAITING_10
19:14:51.234 (index):853 WAITING_11
19:14:51.234 (index):853 WAITING_12
19:14:51.235 (index):853 WAITING_13
19:14:51.235 (index):853 WAITING_14
19:14:51.236 (index):853 WAITING_15
19:14:51.236 (index):853 WAITING_16
19:14:51.237 (index):835 NODEACCESSREQUESTED_0
19:14:51.237 (index):823 UPDATE_1
19:14:51.237 (index):823 UPDATE_2
19:14:52.226 (index):835 NODEACCESSREQUESTED_3
19:14:52.228 (index):805 NODEACCESSRELEASED_1
19:14:52.229 (index):815 THINKING_2
19:14:53.226 (index):853 WAITING_4
19:14:53.228 (index):853 WAITING_5
19:14:53.229 (index):853 WAITING_6
19:14:53.230 (index):853 WAITING_7
19:14:53.231 (index):853 WAITING_8
19:14:53.232 (index):853 WAITING_9
19:14:53.232 (index):853 WAITING_10
19:14:53.233 (index):853 WAITING_11
19:14:53.234 (index):853 WAITING_12
19:14:53.234 (index):853 WAITING_13
19:14:53.235 (index):853 WAITING_14
19:14:53.236 (index):853 WAITING_15
19:14:53.237 (index):853 WAITING_16
19:14:53.237 (index):823 UPDATE_0
19:14:54.226 (index):823 UPDATE_3
19:14:54.228 (index):835 NODEACCESSREQUESTED_1
19:14:54.229 (index):815 THINKING_0
19:14:55.226 (index):853 WAITING_4
19:14:55.228 (index):853 WAITING_5
19:14:55.229 (index):853 WAITING_6
19:14:55.230 (index):853 WAITING_7
19:14:55.231 (index):853 WAITING_8
19:14:55.232 (index):853 WAITING_9
19:14:55.232 (index):853 WAITING_10
19:14:55.233 (index):853 WAITING_11
19:14:55.234 (index):853 WAITING_12
19:14:55.235 (index):853 WAITING_13
19:14:55.235 (index):853 WAITING_14
19:14:55.236 (index):853 WAITING_15
19:14:55.239 (index):853 WAITING_16
19:14:55.240 (index):805 NODEACCESSRELEASED_3
19:14:55.241 (index):823 UPDATE_2
19:14:56.226 (index):823 UPDATE_1
19:14:56.227 (index):815 THINKING_2
19:14:57.228 (index):853 WAITING_4
19:14:57.230 (index):853 WAITING_5
19:14:57.232 (index):853 WAITING_6
19:14:57.233 (index):853 WAITING_7
19:14:57.234 (index):853 WAITING_8
19:14:57.235 (index):853 WAITING_9
19:14:57.235 (index):853 WAITING_10
19:14:57.236 (index):853 WAITING_11
19:14:57.237 (index):853 WAITING_12
19:14:57.237 (index):853 WAITING_13
19:14:57.238 (index):853 WAITING_14
19:14:57.239 (index):853 WAITING_15
19:14:57.240 (index):853 WAITING_16
19:14:57.240 (index):835 NODEACCESSREQUESTED_3
19:14:57.241 (index):815 THINKING_1
19:14:57.242 (index):823 UPDATE_0
19:14:58.228 (index):805 NODEACCESSRELEASED_0
19:14:59.226 (index):853 WAITING_4
19:14:59.228 (index):853 WAITING_5
19:14:59.229 (index):853 WAITING_6
19:14:59.230 (index):853 WAITING_7
19:14:59.232 (index):853 WAITING_8
19:14:59.233 (index):853 WAITING_9
19:14:59.234 (index):853 WAITING_10
19:14:59.235 (index):853 WAITING_11
19:14:59.236 (index):853 WAITING_12
19:14:59.237 (index):853 WAITING_13
19:14:59.238 (index):853 WAITING_14
19:14:59.239 (index):853 WAITING_15
19:14:59.239 (index):853 WAITING_16
19:14:59.239 (index):823 UPDATE_3
19:15:00.226 (index):835 NODEACCESSREQUESTED_0
19:15:00.229 (index):815 THINKING_3
19:15:00.231 (index):823 UPDATE_1
19:15:01.226 (index):853 WAITING_4
19:15:01.228 (index):853 WAITING_5
19:15:01.229 (index):853 WAITING_6
19:15:01.230 (index):853 WAITING_7
19:15:01.231 (index):853 WAITING_8
19:15:01.232 (index):853 WAITING_9
19:15:01.233 (index):853 WAITING_10
19:15:01.234 (index):853 WAITING_11
19:15:01.234 (index):853 WAITING_12
19:15:01.235 (index):853 WAITING_13
19:15:01.236 (index):853 WAITING_14
19:15:01.237 (index):853 WAITING_15
19:15:01.238 (index):853 WAITING_16
19:15:01.239 (index):815 THINKING_1
19:15:01.239 (index):823 UPDATE_2
19:15:02.226 (index):823 UPDATE_0
19:15:02.228 (index):805 NODEACCESSRELEASED_2
19:15:03.226 (index):853 WAITING_4
19:15:03.228 (index):853 WAITING_5
19:15:03.230 (index):853 WAITING_6
19:15:03.231 (index):853 WAITING_7
19:15:03.233 (index):853 WAITING_8
19:15:03.234 (index):853 WAITING_9
19:15:03.235 (index):853 WAITING_10
19:15:03.236 (index):853 WAITING_11
19:15:03.236 (index):853 WAITING_12
19:15:03.237 (index):853 WAITING_13
19:15:03.238 (index):853 WAITING_14
19:15:03.239 (index):853 WAITING_15
19:15:03.239 (index):853 WAITING_16
19:15:03.240 (index):805 NODEACCESSRELEASED_0
19:15:03.241 (index):823 UPDATE_3
19:15:04.226 (index):835 NODEACCESSREQUESTED_2
19:15:04.227 (index):805 NODEACCESSRELEASED_3
19:15:05.226 (index):853 WAITING_4
19:15:05.227 (index):853 WAITING_5
19:15:05.228 (index):853 WAITING_6
19:15:05.229 (index):853 WAITING_7
19:15:05.230 (index):853 WAITING_8
19:15:05.231 (index):853 WAITING_9
19:15:05.232 (index):853 WAITING_10
19:15:05.232 (index):853 WAITING_11
19:15:05.233 (index):853 WAITING_12
19:15:05.234 (index):853 WAITING_13
19:15:05.234 (index):853 WAITING_14
19:15:05.235 (index):853 WAITING_15
19:15:05.236 (index):853 WAITING_16
19:15:05.236 (index):835 NODEACCESSREQUESTED_0
19:15:06.226 (index):823 UPDATE_2
19:15:06.228 (index):835 NODEACCESSREQUESTED_3
19:15:06.229 (index):823 UPDATE_1
19:15:07.226 (index):853 WAITING_4
19:15:07.228 (index):853 WAITING_5
19:15:07.229 (index):853 WAITING_6
19:15:07.230 (index):853 WAITING_7
19:15:07.231 (index):853 WAITING_8
19:15:07.232 (index):853 WAITING_9
19:15:07.233 (index):853 WAITING_10
19:15:07.234 (index):853 WAITING_11
19:15:07.234 (index):853 WAITING_12
19:15:07.235 (index):853 WAITING_13
19:15:07.236 (index):853 WAITING_14
19:15:07.237 (index):853 WAITING_15
19:15:07.238 (index):853 WAITING_16
19:15:07.239 (index):823 UPDATE_0
19:15:07.240 (index):805 NODEACCESSRELEASED_2
19:15:07.241 (index):815 THINKING_1
19:15:08.226 (index):823 UPDATE_3
19:15:08.227 (index):815 THINKING_0
19:15:09.226 (index):853 WAITING_4
19:15:09.228 (index):853 WAITING_5
19:15:09.229 (index):853 WAITING_6
19:15:09.231 (index):853 WAITING_7
19:15:09.232 (index):853 WAITING_8
19:15:09.233 (index):853 WAITING_9
19:15:09.234 (index):853 WAITING_10
19:15:09.234 (index):853 WAITING_11
19:15:09.235 (index):853 WAITING_12
19:15:09.235 (index):853 WAITING_13
19:15:09.236 (index):853 WAITING_14
19:15:09.236 (index):853 WAITING_15
19:15:09.236 (index):853 WAITING_16
19:15:09.237 (index):835 NODEACCESSREQUESTED_2
19:15:09.237 (index):805 NODEACCESSRELEASED_3
19:15:11.226 (index):853 WAITING_4
19:15:11.227 (index):853 WAITING_5
19:15:11.228 (index):853 WAITING_6
19:15:11.229 (index):853 WAITING_7
19:15:11.230 (index):853 WAITING_8
19:15:11.232 (index):853 WAITING_9
19:15:11.233 (index):853 WAITING_10
19:15:11.235 (index):853 WAITING_11
19:15:11.236 (index):853 WAITING_12
19:15:11.238 (index):853 WAITING_13
19:15:11.239 (index):853 WAITING_14
19:15:11.239 (index):853 WAITING_15
19:15:11.240 (index):853 WAITING_16
19:15:11.241 (index):823 UPDATE_2
19:15:11.241 (index):835 NODEACCESSREQUESTED_3
19:15:12.226 (index):805 NODEACCESSRELEASED_2
19:15:12.228 (index):823 UPDATE_1
19:15:12.229 (index):823 UPDATE_0
19:15:13.226 (index):853 WAITING_4
19:15:13.228 (index):853 WAITING_5
19:15:13.229 (index):853 WAITING_6
19:15:13.231 (index):853 WAITING_7
19:15:13.232 (index):853 WAITING_8
19:15:13.233 (index):853 WAITING_9
19:15:13.234 (index):853 WAITING_10
19:15:13.235 (index):853 WAITING_11
19:15:13.237 (index):853 WAITING_12
19:15:13.237 (index):853 WAITING_13
19:15:13.239 (index):853 WAITING_14
19:15:13.240 (index):853 WAITING_15
19:15:13.241 (index):853 WAITING_16
19:15:13.242 (index):823 UPDATE_3
19:15:13.242 (index):805 NODEACCESSRELEASED_1
19:15:13.243 (index):805 NODEACCESSRELEASED_0
19:15:14.226 (index):835 NODEACCESSREQUESTED_2
19:15:14.228 (index):815 THINKING_3
19:15:15.226 (index):853 WAITING_4
19:15:15.228 (index):853 WAITING_5
19:15:15.230 (index):853 WAITING_6
19:15:15.231 (index):853 WAITING_7
19:15:15.233 (index):853 WAITING_8
19:15:15.234 (index):853 WAITING_9
19:15:15.235 (index):853 WAITING_10
19:15:15.235 (index):853 WAITING_11
19:15:15.236 (index):853 WAITING_12
19:15:15.236 (index):853 WAITING_13
19:15:15.236 (index):853 WAITING_14
19:15:15.237 (index):853 WAITING_15
19:15:15.237 (index):853 WAITING_16
19:15:15.238 (index):835 NODEACCESSREQUESTED_1
19:15:15.238 (index):835 NODEACCESSREQUESTED_0
19:15:16.226 (index):823 UPDATE_2
19:15:17.226 (index):853 WAITING_4
19:15:17.228 (index):853 WAITING_5
19:15:17.229 (index):853 WAITING_6
19:15:17.230 (index):853 WAITING_7
19:15:17.231 (index):853 WAITING_8
19:15:17.232 (index):853 WAITING_9
19:15:17.233 (index):853 WAITING_10
19:15:17.233 (index):853 WAITING_11
19:15:17.234 (index):853 WAITING_12
19:15:17.235 (index):853 WAITING_13
19:15:17.235 (index):853 WAITING_14
19:15:17.236 (index):853 WAITING_15
19:15:17.237 (index):853 WAITING_16
19:15:17.237 (index):823 UPDATE_1
19:15:17.238 (index):823 UPDATE_0
19:15:17.238 (index):805 NODEACCESSRELEASED_2
19:15:17.239 (index):823 UPDATE_3
19:15:18.226 (index):815 THINKING_1
19:15:18.228 (index):805 NODEACCESSRELEASED_0
19:15:18.230 (index):805 NODEACCESSRELEASED_3
19:15:19.226 (index):853 WAITING_4
19:15:19.228 (index):853 WAITING_5
19:15:19.229 (index):853 WAITING_6
19:15:19.231 (index):853 WAITING_7
19:15:19.232 (index):853 WAITING_8
19:15:19.233 (index):853 WAITING_9
19:15:19.234 (index):853 WAITING_10
19:15:19.235 (index):853 WAITING_11
19:15:19.236 (index):853 WAITING_12
19:15:19.237 (index):853 WAITING_13
19:15:19.237 (index):853 WAITING_14
19:15:19.238 (index):853 WAITING_15
19:15:19.239 (index):853 WAITING_16
19:15:19.240 (index):835 NODEACCESSREQUESTED_2
19:15:20.227 (index):835 NODEACCESSREQUESTED_0
19:15:20.228 (index):835 NODEACCESSREQUESTED_3
19:15:21.226 (index):853 WAITING_4
19:15:21.227 (index):853 WAITING_5
19:15:21.228 (index):853 WAITING_6
19:15:21.229 (index):853 WAITING_7
19:15:21.230 (index):853 WAITING_8
19:15:21.232 (index):853 WAITING_9
19:15:21.234 (index):853 WAITING_10
19:15:21.235 (index):853 WAITING_11
19:15:21.236 (index):853 WAITING_12
19:15:21.236 (index):853 WAITING_13
19:15:21.237 (index):853 WAITING_14
19:15:21.237 (index):853 WAITING_15
19:15:21.238 (index):853 WAITING_16
19:15:21.239 (index):823 UPDATE_2
19:15:21.239 (index):823 UPDATE_1
19:15:22.226 (index):823 UPDATE_0
19:15:22.227 (index):823 UPDATE_3
19:15:22.228 (index):864 END_2
19:15:22.229 (index):805 NODEACCESSRELEASED_1
19:15:23.226 (index):853 WAITING_4
19:15:23.227 (index):853 WAITING_5
19:15:23.228 (index):853 WAITING_6
19:15:23.229 (index):853 WAITING_7
19:15:23.230 (index):853 WAITING_8
19:15:23.231 (index):853 WAITING_9
19:15:23.232 (index):853 WAITING_10
19:15:23.232 (index):853 WAITING_11
19:15:23.233 (index):853 WAITING_12
19:15:23.233 (index):853 WAITING_13
19:15:23.234 (index):853 WAITING_14
19:15:23.235 (index):853 WAITING_15
19:15:23.235 (index):853 WAITING_16
19:15:23.236 (index):805 NODEACCESSRELEASED_0
19:15:23.237 (index):864 END_3
19:15:24.226 (index):835 NODEACCESSREQUESTED_1
19:15:25.228 (index):805 NODEACCESSRELEASED_4
19:15:25.230 (index):805 NODEACCESSRELEASED_5
19:15:25.231 (index):815 THINKING_6
19:15:25.232 (index):853 WAITING_7
19:15:25.232 (index):853 WAITING_8
19:15:25.233 (index):853 WAITING_9
19:15:25.233 (index):853 WAITING_10
19:15:25.233 (index):853 WAITING_11
19:15:25.234 (index):853 WAITING_12
19:15:25.234 (index):853 WAITING_13
19:15:25.235 (index):853 WAITING_14
19:15:25.235 (index):853 WAITING_15
19:15:25.236 (index):853 WAITING_16
19:15:25.236 (index):835 NODEACCESSREQUESTED_0
19:15:25.237 (index):853 WAITING_1
19:15:27.226 (index):835 NODEACCESSREQUESTED_4
19:15:27.228 (index):835 NODEACCESSREQUESTED_5
19:15:27.229 (index):853 WAITING_7
19:15:27.231 (index):853 WAITING_8
19:15:27.232 (index):853 WAITING_9
19:15:27.233 (index):853 WAITING_10
19:15:27.234 (index):853 WAITING_11
19:15:27.235 (index):853 WAITING_12
19:15:27.235 (index):853 WAITING_13
19:15:27.235 (index):853 WAITING_14
19:15:27.236 (index):853 WAITING_15
19:15:27.236 (index):853 WAITING_16
19:15:27.237 (index):853 WAITING_0
19:15:27.237 (index):853 WAITING_1
19:15:28.226 (index):823 UPDATE_6
19:15:29.228 (index):853 WAITING_4
19:15:29.230 (index):853 WAITING_5
19:15:29.232 (index):853 WAITING_7
19:15:29.232 (index):853 WAITING_8
19:15:29.233 (index):853 WAITING_9
19:15:29.234 (index):853 WAITING_10
19:15:29.235 (index):853 WAITING_11
19:15:29.237 (index):853 WAITING_12
19:15:29.238 (index):853 WAITING_13
19:15:29.238 (index):853 WAITING_14
19:15:29.239 (index):853 WAITING_15
19:15:29.239 (index):853 WAITING_16
19:15:29.240 (index):853 WAITING_0
19:15:29.240 (index):853 WAITING_1
19:15:29.241 (index):805 NODEACCESSRELEASED_6
19:15:31.226 (index):853 WAITING_4
19:15:31.227 (index):853 WAITING_5
19:15:31.227 (index):805 NODEACCESSRELEASED_7
19:15:31.228 (index):815 THINKING_8
19:15:31.229 (index):853 WAITING_9
19:15:31.230 (index):853 WAITING_10
19:15:31.230 (index):853 WAITING_11
19:15:31.231 (index):853 WAITING_12
19:15:31.232 (index):853 WAITING_13
19:15:31.233 (index):853 WAITING_14
19:15:31.234 (index):853 WAITING_15
19:15:31.234 (index):853 WAITING_16
19:15:31.235 (index):853 WAITING_0
19:15:31.236 (index):853 WAITING_1
19:15:31.237 (index):835 NODEACCESSREQUESTED_6
19:15:32.227 (index):853 WAITING_4
19:15:33.226 (index):853 WAITING_5
19:15:33.228 (index):835 NODEACCESSREQUESTED_7
19:15:33.229 (index):853 WAITING_9
19:15:33.231 (index):853 WAITING_10
19:15:33.232 (index):853 WAITING_11
19:15:33.233 (index):853 WAITING_12
19:15:33.234 (index):853 WAITING_13
19:15:33.234 (index):853 WAITING_14
19:15:33.235 (index):853 WAITING_15
19:15:33.235 (index):853 WAITING_16
19:15:33.236 (index):853 WAITING_0
19:15:33.236 (index):853 WAITING_1
19:15:33.237 (index):853 WAITING_6
19:15:34.226 (index):853 WAITING_4
19:15:34.227 (index):823 UPDATE_8
19:15:35.226 (index):853 WAITING_5
19:15:35.228 (index):853 WAITING_7
19:15:35.229 (index):853 WAITING_9
19:15:35.231 (index):853 WAITING_10
19:15:35.233 (index):853 WAITING_11
19:15:35.234 (index):853 WAITING_12
19:15:35.235 (index):853 WAITING_13
19:15:35.236 (index):853 WAITING_14
19:15:35.237 (index):853 WAITING_15
19:15:35.237 (index):853 WAITING_16
19:15:35.238 (index):853 WAITING_0
19:15:35.238 (index):853 WAITING_1
19:15:35.239 (index):853 WAITING_6
19:15:35.240 (index):815 THINKING_8
19:15:36.226 (index):853 WAITING_4
19:15:37.228 (index):853 WAITING_5
19:15:37.229 (index):853 WAITING_7
19:15:37.231 (index):853 WAITING_9
19:15:37.232 (index):853 WAITING_10
19:15:37.232 (index):853 WAITING_11
19:15:37.233 (index):853 WAITING_12
19:15:37.234 (index):853 WAITING_13
19:15:37.235 (index):853 WAITING_14
19:15:37.235 (index):853 WAITING_15
19:15:37.236 (index):853 WAITING_16
19:15:37.237 (index):853 WAITING_0
19:15:37.237 (index):853 WAITING_1
19:15:37.238 (index):853 WAITING_6
19:15:37.239 (index):853 WAITING_4
19:15:39.226 (index):853 WAITING_5
19:15:39.228 (index):853 WAITING_7
19:15:39.229 (index):853 WAITING_9
19:15:39.231 (index):853 WAITING_10
19:15:39.232 (index):853 WAITING_11
19:15:39.233 (index):853 WAITING_12
19:15:39.234 (index):853 WAITING_13
19:15:39.234 (index):853 WAITING_14
19:15:39.235 (index):853 WAITING_15
19:15:39.235 (index):853 WAITING_16
19:15:39.236 (index):853 WAITING_0
19:15:39.236 (index):853 WAITING_1
19:15:39.236 (index):853 WAITING_6
19:15:39.237 (index):853 WAITING_4
19:15:40.226 (index):823 UPDATE_8
19:15:41.228 (index):853 WAITING_5
19:15:41.229 (index):853 WAITING_7
19:15:41.230 (index):853 WAITING_9
19:15:41.231 (index):853 WAITING_10
19:15:41.232 (index):853 WAITING_11
19:15:41.233 (index):853 WAITING_12
19:15:41.234 (index):853 WAITING_13
19:15:41.235 (index):853 WAITING_14
19:15:41.236 (index):853 WAITING_15
19:15:41.237 (index):853 WAITING_16
19:15:41.238 (index):853 WAITING_0
19:15:41.238 (index):853 WAITING_1
19:15:41.239 (index):853 WAITING_6
19:15:41.239 (index):853 WAITING_4
19:15:41.240 (index):805 NODEACCESSRELEASED_8
19:15:43.226 (index):853 WAITING_5
19:15:43.228 (index):853 WAITING_7
19:15:43.229 (index):805 NODEACCESSRELEASED_9
19:15:43.230 (index):805 NODEACCESSRELEASED_10
19:15:43.231 (index):815 THINKING_11
19:15:43.231 (index):853 WAITING_12
19:15:43.232 (index):853 WAITING_13
19:15:43.232 (index):853 WAITING_14
19:15:43.233 (index):853 WAITING_15
19:15:43.233 (index):853 WAITING_16
19:15:43.234 (index):853 WAITING_0
19:15:43.235 (index):853 WAITING_1
19:15:43.235 (index):853 WAITING_6
19:15:43.236 (index):853 WAITING_4
19:15:43.236 (index):835 NODEACCESSREQUESTED_8
19:15:45.226 (index):853 WAITING_5
19:15:45.227 (index):853 WAITING_7
19:15:45.227 (index):835 NODEACCESSREQUESTED_9
19:15:45.227 (index):835 NODEACCESSREQUESTED_10
19:15:45.228 (index):853 WAITING_12
19:15:45.228 (index):853 WAITING_13
19:15:45.229 (index):853 WAITING_14
19:15:45.230 (index):853 WAITING_15
19:15:45.231 (index):853 WAITING_16
19:15:45.232 (index):853 WAITING_0
19:15:45.234 (index):853 WAITING_1
19:15:45.234 (index):853 WAITING_6
19:15:45.235 (index):853 WAITING_4
19:15:45.236 (index):853 WAITING_8
19:15:46.226 (index):823 UPDATE_11
19:15:47.227 (index):853 WAITING_5
19:15:47.228 (index):853 WAITING_7
19:15:47.229 (index):853 WAITING_9
19:15:47.232 (index):853 WAITING_10
19:15:47.233 (index):853 WAITING_12
19:15:47.234 (index):853 WAITING_13
19:15:47.235 (index):853 WAITING_14
19:15:47.237 (index):853 WAITING_15
19:15:47.238 (index):853 WAITING_16
19:15:47.239 (index):853 WAITING_0
19:15:47.239 (index):853 WAITING_1
19:15:47.240 (index):853 WAITING_6
19:15:47.241 (index):853 WAITING_4
19:15:47.241 (index):853 WAITING_8
19:15:47.242 (index):815 THINKING_11
19:15:49.226 (index):853 WAITING_5
19:15:49.228 (index):853 WAITING_7
19:15:49.229 (index):853 WAITING_9
19:15:49.230 (index):853 WAITING_10
19:15:49.230 (index):853 WAITING_12
19:15:49.231 (index):853 WAITING_13
19:15:49.231 (index):853 WAITING_14
19:15:49.232 (index):853 WAITING_15
19:15:49.232 (index):853 WAITING_16
19:15:49.232 (index):853 WAITING_0
19:15:49.233 (index):853 WAITING_1
19:15:49.233 (index):853 WAITING_6
19:15:49.234 (index):853 WAITING_4
19:15:49.234 (index):853 WAITING_8
19:15:51.226 (index):853 WAITING_5
19:15:51.228 (index):853 WAITING_7
19:15:51.229 (index):853 WAITING_9
19:15:51.232 (index):853 WAITING_10
19:15:51.233 (index):853 WAITING_12
19:15:51.234 (index):853 WAITING_13
19:15:51.234 (index):853 WAITING_14
19:15:51.235 (index):853 WAITING_15
19:15:51.235 (index):853 WAITING_16
19:15:51.236 (index):853 WAITING_0
19:15:51.236 (index):853 WAITING_1
19:15:51.237 (index):853 WAITING_6
19:15:51.237 (index):853 WAITING_4
19:15:51.238 (index):853 WAITING_8
19:15:51.238 (index):823 UPDATE_11
19:15:52.226 (index):805 NODEACCESSRELEASED_11
19:15:53.227 (index):853 WAITING_5
19:15:53.229 (index):853 WAITING_7
19:15:53.230 (index):853 WAITING_9
19:15:53.232 (index):853 WAITING_10
19:15:53.234 (index):805 NODEACCESSRELEASED_12
19:15:53.236 (index):815 THINKING_13
19:15:53.237 (index):853 WAITING_14
19:15:53.238 (index):853 WAITING_15
19:15:53.239 (index):853 WAITING_16
19:15:53.239 (index):853 WAITING_0
19:15:53.240 (index):853 WAITING_1
19:15:53.240 (index):853 WAITING_6
19:15:53.240 (index):853 WAITING_4
19:15:53.241 (index):853 WAITING_8
19:15:54.229 (index):835 NODEACCESSREQUESTED_11
19:15:54.231 (index):853 WAITING_5
19:15:55.226 (index):853 WAITING_7
19:15:55.228 (index):853 WAITING_9
19:15:55.229 (index):853 WAITING_10
19:15:55.230 (index):835 NODEACCESSREQUESTED_12
19:15:55.231 (index):853 WAITING_14
19:15:55.233 (index):853 WAITING_15
19:15:55.234 (index):853 WAITING_16
19:15:55.235 (index):853 WAITING_0
19:15:55.236 (index):853 WAITING_1
19:15:55.237 (index):853 WAITING_6
19:15:55.238 (index):853 WAITING_4
19:15:55.239 (index):853 WAITING_8
19:15:56.226 (index):853 WAITING_11
19:15:56.227 (index):853 WAITING_5
19:15:57.228 (index):853 WAITING_7
19:15:57.230 (index):853 WAITING_9
19:15:57.231 (index):853 WAITING_10
19:15:57.233 (index):853 WAITING_12
19:15:57.234 (index):853 WAITING_14
19:15:57.235 (index):853 WAITING_15
19:15:57.235 (index):853 WAITING_16
19:15:57.236 (index):853 WAITING_0
19:15:57.236 (index):853 WAITING_1
19:15:57.237 (index):853 WAITING_6
19:15:57.238 (index):853 WAITING_4
19:15:57.238 (index):853 WAITING_8
19:15:57.239 (index):853 WAITING_11
19:15:58.226 (index):853 WAITING_5
19:15:58.228 (index):823 UPDATE_13
19:15:59.227 (index):853 WAITING_7
19:15:59.228 (index):853 WAITING_9
19:15:59.229 (index):853 WAITING_10
19:15:59.230 (index):853 WAITING_12
19:15:59.231 (index):853 WAITING_14
19:15:59.233 (index):853 WAITING_15
19:15:59.234 (index):853 WAITING_16
19:15:59.236 (index):853 WAITING_0
19:15:59.237 (index):853 WAITING_1
19:15:59.238 (index):853 WAITING_6
19:15:59.238 (index):853 WAITING_4
19:15:59.239 (index):853 WAITING_8
19:15:59.239 (index):853 WAITING_11
19:15:59.240 (index):805 NODEACCESSRELEASED_13
19:16:00.226 (index):853 WAITING_5
19:16:01.230 (index):853 WAITING_7
19:16:01.231 (index):853 WAITING_9
19:16:01.231 (index):853 WAITING_10
19:16:01.232 (index):853 WAITING_12
19:16:01.232 (index):815 THINKING_14
19:16:01.232 (index):853 WAITING_15
19:16:01.233 (index):853 WAITING_16
19:16:01.233 (index):853 WAITING_0
19:16:01.234 (index):853 WAITING_1
19:16:01.234 (index):853 WAITING_6
19:16:01.235 (index):853 WAITING_4
19:16:01.235 (index):853 WAITING_8
19:16:01.235 (index):853 WAITING_11
19:16:01.236 (index):835 NODEACCESSREQUESTED_13
19:16:01.236 (index):853 WAITING_5
19:16:03.226 (index):853 WAITING_7
19:16:03.228 (index):853 WAITING_9
19:16:03.229 (index):853 WAITING_10
19:16:03.230 (index):853 WAITING_12
19:16:03.231 (index):853 WAITING_15
19:16:03.233 (index):853 WAITING_16
19:16:03.234 (index):853 WAITING_0
19:16:03.234 (index):853 WAITING_1
19:16:03.235 (index):853 WAITING_6
19:16:03.235 (index):853 WAITING_4
19:16:03.236 (index):853 WAITING_8
19:16:03.236 (index):853 WAITING_11
19:16:03.236 (index):853 WAITING_13
19:16:03.237 (index):853 WAITING_5
19:16:05.226 (index):853 WAITING_7
19:16:05.227 (index):853 WAITING_9
19:16:05.228 (index):853 WAITING_10
19:16:05.229 (index):853 WAITING_12
19:16:05.230 (index):853 WAITING_15
19:16:05.231 (index):853 WAITING_16
19:16:05.232 (index):853 WAITING_0
19:16:05.233 (index):853 WAITING_1
19:16:05.234 (index):853 WAITING_6
19:16:05.235 (index):853 WAITING_4
19:16:05.236 (index):853 WAITING_8
19:16:05.237 (index):853 WAITING_11
19:16:05.238 (index):853 WAITING_13
19:16:05.239 (index):853 WAITING_5
19:16:06.226 (index):823 UPDATE_14
19:16:07.226 (index):853 WAITING_7
19:16:07.227 (index):853 WAITING_9
19:16:07.227 (index):853 WAITING_10
19:16:07.228 (index):853 WAITING_12
19:16:07.228 (index):853 WAITING_15
19:16:07.229 (index):853 WAITING_16
19:16:07.229 (index):853 WAITING_0
19:16:07.230 (index):853 WAITING_1
19:16:07.231 (index):853 WAITING_6
19:16:07.232 (index):853 WAITING_4
19:16:07.233 (index):853 WAITING_8
19:16:07.233 (index):853 WAITING_11
19:16:07.234 (index):853 WAITING_13
19:16:07.235 (index):853 WAITING_5
19:16:07.236 (index):805 NODEACCESSRELEASED_14
19:16:09.226 (index):853 WAITING_7
19:16:09.228 (index):853 WAITING_9
19:16:09.229 (index):853 WAITING_10
19:16:09.231 (index):853 WAITING_12
19:16:09.232 (index):815 THINKING_15
19:16:09.233 (index):853 WAITING_16
19:16:09.234 (index):853 WAITING_0
19:16:09.234 (index):853 WAITING_1
19:16:09.235 (index):853 WAITING_6
19:16:09.235 (index):853 WAITING_4
19:16:09.236 (index):853 WAITING_8
19:16:09.236 (index):853 WAITING_11
19:16:09.237 (index):853 WAITING_13
19:16:09.237 (index):853 WAITING_5
19:16:09.237 (index):835 NODEACCESSREQUESTED_14
19:16:11.226 (index):853 WAITING_7
19:16:11.227 (index):853 WAITING_9
19:16:11.228 (index):853 WAITING_10
19:16:11.229 (index):853 WAITING_12
19:16:11.230 (index):853 WAITING_16
19:16:11.231 (index):853 WAITING_0
19:16:11.232 (index):853 WAITING_1
19:16:11.233 (index):853 WAITING_6
19:16:11.234 (index):853 WAITING_4
19:16:11.235 (index):853 WAITING_8
19:16:11.236 (index):853 WAITING_11
19:16:11.237 (index):853 WAITING_13
19:16:11.237 (index):853 WAITING_5
19:16:11.238 (index):853 WAITING_14
19:16:13.226 (index):853 WAITING_7
19:16:13.228 (index):853 WAITING_9
19:16:13.229 (index):853 WAITING_10
19:16:13.230 (index):853 WAITING_12
19:16:13.231 (index):853 WAITING_16
19:16:13.232 (index):853 WAITING_0
19:16:13.232 (index):853 WAITING_1
19:16:13.233 (index):853 WAITING_6
19:16:13.234 (index):853 WAITING_4
19:16:13.235 (index):853 WAITING_8
19:16:13.236 (index):853 WAITING_11
19:16:13.237 (index):853 WAITING_13
19:16:13.238 (index):853 WAITING_5
19:16:13.239 (index):853 WAITING_14
19:16:13.240 (index):823 UPDATE_15
19:16:14.226 (index):805 NODEACCESSRELEASED_15
19:16:15.226 (index):853 WAITING_7
19:16:15.228 (index):853 WAITING_9
19:16:15.229 (index):853 WAITING_10
19:16:15.231 (index):853 WAITING_12
19:16:15.232 (index):815 THINKING_16
19:16:15.233 (index):853 WAITING_0
19:16:15.234 (index):853 WAITING_1
19:16:15.235 (index):853 WAITING_6
19:16:15.236 (index):853 WAITING_4
19:16:15.236 (index):853 WAITING_8
19:16:15.237 (index):853 WAITING_11
19:16:15.237 (index):853 WAITING_13
19:16:15.238 (index):853 WAITING_5
19:16:15.238 (index):853 WAITING_14
19:16:16.226 (index):835 NODEACCESSREQUESTED_15
19:16:17.227 (index):853 WAITING_7
19:16:17.228 (index):853 WAITING_9
19:16:17.230 (index):853 WAITING_10
19:16:17.231 (index):853 WAITING_12
19:16:17.232 (index):853 WAITING_0
19:16:17.234 (index):853 WAITING_1
19:16:17.235 (index):853 WAITING_6
19:16:17.236 (index):853 WAITING_4
19:16:17.238 (index):853 WAITING_8
19:16:17.238 (index):853 WAITING_11
19:16:17.239 (index):853 WAITING_13
19:16:17.240 (index):853 WAITING_5
19:16:17.241 (index):853 WAITING_14
19:16:18.226 (index):853 WAITING_15
19:16:18.227 (index):823 UPDATE_16
19:16:19.226 (index):853 WAITING_7
19:16:19.228 (index):853 WAITING_9
19:16:19.230 (index):853 WAITING_10
19:16:19.232 (index):853 WAITING_12
19:16:19.233 (index):853 WAITING_0
19:16:19.233 (index):853 WAITING_1
19:16:19.234 (index):853 WAITING_6
19:16:19.235 (index):853 WAITING_4
19:16:19.236 (index):853 WAITING_8
19:16:19.237 (index):853 WAITING_11
19:16:19.238 (index):853 WAITING_13
19:16:19.239 (index):853 WAITING_5
19:16:19.242 (index):853 WAITING_14
19:16:19.243 (index):805 NODEACCESSRELEASED_16
19:16:20.226 (index):853 WAITING_15
19:16:21.226 (index):853 WAITING_7
19:16:21.227 (index):853 WAITING_9
19:16:21.228 (index):853 WAITING_10
19:16:21.229 (index):853 WAITING_12
19:16:21.230 (index):853 WAITING_0
19:16:21.232 (index):823 UPDATE_1
19:16:21.233 (index):853 WAITING_6
19:16:21.234 (index):853 WAITING_4
19:16:21.235 (index):853 WAITING_8
19:16:21.235 (index):853 WAITING_11
19:16:21.236 (index):853 WAITING_13
19:16:21.236 (index):853 WAITING_5
19:16:21.236 (index):853 WAITING_14
19:16:21.237 (index):835 NODEACCESSREQUESTED_16
19:16:22.226 (index):853 WAITING_15
19:16:22.227 (index):864 END_1
19:16:23.226 (index):853 WAITING_7
19:16:23.227 (index):853 WAITING_9
19:16:23.228 (index):853 WAITING_10
19:16:23.229 (index):853 WAITING_12
19:16:23.230 (index):823 UPDATE_0
19:16:23.231 (index):853 WAITING_6
19:16:23.232 (index):853 WAITING_4
19:16:23.233 (index):853 WAITING_8
19:16:23.234 (index):853 WAITING_11
19:16:23.234 (index):853 WAITING_13
19:16:23.235 (index):853 WAITING_5
19:16:23.236 (index):853 WAITING_14
19:16:23.237 (index):823 UPDATE_16
19:16:24.226 (index):853 WAITING_15
19:16:24.227 (index):864 END_0
19:16:24.227 (index):805 NODEACCESSRELEASED_16
19:16:25.226 (index):853 WAITING_7
19:16:25.227 (index):853 WAITING_9
19:16:25.228 (index):853 WAITING_10
19:16:25.228 (index):853 WAITING_12
19:16:25.229 (index):853 WAITING_6
19:16:25.230 (index):823 UPDATE_4
19:16:25.231 (index):853 WAITING_8
19:16:25.232 (index):853 WAITING_11
19:16:25.233 (index):853 WAITING_13
19:16:25.234 (index):853 WAITING_5
19:16:25.235 (index):853 WAITING_14
19:16:26.226 (index):853 WAITING_15
19:16:26.228 (index):835 NODEACCESSREQUESTED_16
19:16:26.229 (index):805 NODEACCESSRELEASED_4
19:16:27.226 (index):853 WAITING_7
19:16:27.228 (index):853 WAITING_9
19:16:27.229 (index):853 WAITING_10
19:16:27.230 (index):853 WAITING_12
19:16:27.231 (index):853 WAITING_6
19:16:27.232 (index):853 WAITING_8
19:16:27.234 (index):853 WAITING_11
19:16:27.234 (index):853 WAITING_13
19:16:27.235 (index):823 UPDATE_5
19:16:27.235 (index):853 WAITING_14
19:16:28.226 (index):853 WAITING_15
19:16:28.228 (index):823 UPDATE_16
19:16:28.229 (index):835 NODEACCESSREQUESTED_4
19:16:28.230 (index):815 THINKING_5
19:16:29.226 (index):853 WAITING_7
19:16:29.228 (index):853 WAITING_9
19:16:29.229 (index):853 WAITING_10
19:16:29.230 (index):853 WAITING_12
19:16:29.232 (index):853 WAITING_6
19:16:29.233 (index):853 WAITING_8
19:16:29.235 (index):853 WAITING_11
19:16:29.236 (index):853 WAITING_13
19:16:29.237 (index):853 WAITING_14
19:16:29.238 (index):805 NODEACCESSRELEASED_16
19:16:30.226 (index):853 WAITING_15
19:16:30.227 (index):823 UPDATE_4
19:16:31.226 (index):853 WAITING_7
19:16:31.227 (index):853 WAITING_9
19:16:31.227 (index):853 WAITING_10
19:16:31.228 (index):853 WAITING_12
19:16:31.229 (index):853 WAITING_6
19:16:31.229 (index):853 WAITING_8
19:16:31.230 (index):853 WAITING_11
19:16:31.231 (index):853 WAITING_13
19:16:31.232 (index):853 WAITING_14
19:16:31.232 (index):835 NODEACCESSREQUESTED_16
19:16:31.233 (index):805 NODEACCESSRELEASED_4
19:16:31.234 (index):823 UPDATE_5
19:16:32.227 (index):853 WAITING_15
19:16:32.228 (index):805 NODEACCESSRELEASED_5
19:16:32.229 (index):853 WAITING_7
19:16:33.226 (index):853 WAITING_9
19:16:33.227 (index):853 WAITING_10
19:16:33.228 (index):853 WAITING_12
19:16:33.228 (index):823 UPDATE_6
19:16:33.229 (index):853 WAITING_8
19:16:33.229 (index):853 WAITING_11
19:16:33.230 (index):853 WAITING_13
19:16:33.232 (index):853 WAITING_14
19:16:33.233 (index):823 UPDATE_16
19:16:33.234 (index):835 NODEACCESSREQUESTED_4
19:16:34.227 (index):853 WAITING_15
19:16:34.228 (index):835 NODEACCESSREQUESTED_5
19:16:34.229 (index):853 WAITING_7
19:16:34.230 (index):805 NODEACCESSRELEASED_6
19:16:34.231 (index):815 THINKING_16
19:16:35.226 (index):853 WAITING_9
19:16:35.228 (index):853 WAITING_10
19:16:35.230 (index):853 WAITING_12
19:16:35.231 (index):853 WAITING_8
19:16:35.233 (index):853 WAITING_11
19:16:35.234 (index):853 WAITING_13
19:16:35.235 (index):853 WAITING_14
19:16:35.237 (index):823 UPDATE_4
19:16:36.226 (index):853 WAITING_15
19:16:36.228 (index):823 UPDATE_5
19:16:36.229 (index):823 UPDATE_7
19:16:36.230 (index):835 NODEACCESSREQUESTED_6
19:16:36.231 (index):805 NODEACCESSRELEASED_4
19:16:37.226 (index):853 WAITING_9
19:16:37.227 (index):853 WAITING_10
19:16:37.228 (index):853 WAITING_12
19:16:37.228 (index):853 WAITING_8
19:16:37.229 (index):853 WAITING_11
19:16:37.229 (index):853 WAITING_13
19:16:37.230 (index):853 WAITING_14
19:16:37.230 (index):815 THINKING_5
19:16:37.231 (index):805 NODEACCESSRELEASED_7
19:16:38.227 (index):853 WAITING_15
19:16:38.229 (index):853 WAITING_6
19:16:38.230 (index):835 NODEACCESSREQUESTED_4
19:16:39.226 (index):853 WAITING_9
19:16:39.228 (index):853 WAITING_10
19:16:39.229 (index):853 WAITING_12
19:16:39.230 (index):823 UPDATE_8
19:16:39.231 (index):853 WAITING_11
19:16:39.232 (index):853 WAITING_13
19:16:39.233 (index):853 WAITING_14
19:16:39.234 (index):835 NODEACCESSREQUESTED_7
19:16:39.234 (index):823 UPDATE_16
19:16:40.229 (index):853 WAITING_15
19:16:40.230 (index):853 WAITING_6
19:16:40.230 (index):823 UPDATE_4
19:16:40.231 (index):815 THINKING_8
19:16:40.231 (index):815 THINKING_16
19:16:40.232 (index):853 WAITING_9
19:16:41.227 (index):853 WAITING_10
19:16:41.229 (index):853 WAITING_12
19:16:41.230 (index):853 WAITING_11
19:16:41.231 (index):853 WAITING_13
19:16:41.232 (index):853 WAITING_14
19:16:41.233 (index):853 WAITING_7
19:16:41.234 (index):805 NODEACCESSRELEASED_4
19:16:41.235 (index):823 UPDATE_5
19:16:42.227 (index):853 WAITING_15
19:16:42.228 (index):853 WAITING_6
19:16:42.230 (index):853 WAITING_9
19:16:42.231 (index):805 NODEACCESSRELEASED_5
19:16:43.226 (index):853 WAITING_10
19:16:43.227 (index):853 WAITING_12
19:16:43.228 (index):853 WAITING_11
19:16:43.228 (index):853 WAITING_13
19:16:43.229 (index):853 WAITING_14
19:16:43.230 (index):853 WAITING_7
19:16:43.230 (index):835 NODEACCESSREQUESTED_4
19:16:43.231 (index):823 UPDATE_16
19:16:44.226 (index):853 WAITING_15
19:16:44.227 (index):853 WAITING_6
19:16:44.228 (index):853 WAITING_9
19:16:44.229 (index):835 NODEACCESSREQUESTED_5
19:16:44.230 (index):815 THINKING_16
19:16:45.226 (index):853 WAITING_10
19:16:45.227 (index):853 WAITING_12
19:16:45.228 (index):853 WAITING_11
19:16:45.230 (index):853 WAITING_13
19:16:45.231 (index):853 WAITING_14
19:16:45.233 (index):853 WAITING_7
19:16:45.234 (index):823 UPDATE_4
19:16:45.235 (index):823 UPDATE_8
19:16:46.226 (index):853 WAITING_15
19:16:46.228 (index):853 WAITING_6
19:16:46.229 (index):853 WAITING_9
19:16:46.230 (index):823 UPDATE_5
19:16:46.230 (index):815 THINKING_4
19:16:46.231 (index):805 NODEACCESSRELEASED_8
19:16:47.226 (index):853 WAITING_10
19:16:47.228 (index):853 WAITING_12
19:16:47.229 (index):853 WAITING_11
19:16:47.230 (index):853 WAITING_13
19:16:47.231 (index):853 WAITING_14
19:16:47.233 (index):853 WAITING_7
19:16:47.234 (index):815 THINKING_5
19:16:47.235 (index):823 UPDATE_16
19:16:48.227 (index):853 WAITING_15
19:16:48.228 (index):853 WAITING_6
19:16:48.229 (index):823 UPDATE_9
19:16:48.230 (index):835 NODEACCESSREQUESTED_8
19:16:48.231 (index):805 NODEACCESSRELEASED_16
19:16:49.226 (index):853 WAITING_10
19:16:49.228 (index):853 WAITING_12
19:16:49.229 (index):853 WAITING_11
19:16:49.230 (index):853 WAITING_13
19:16:49.231 (index):853 WAITING_14
19:16:49.232 (index):853 WAITING_7
19:16:49.233 (index):815 THINKING_9
19:16:49.234 (index):823 UPDATE_4
19:16:50.226 (index):853 WAITING_15
19:16:50.227 (index):853 WAITING_6
19:16:50.230 (index):853 WAITING_8
19:16:50.231 (index):835 NODEACCESSREQUESTED_16
19:16:50.232 (index):805 NODEACCESSRELEASED_4
19:16:51.227 (index):853 WAITING_10
19:16:51.228 (index):853 WAITING_12
19:16:51.229 (index):853 WAITING_11
19:16:51.230 (index):853 WAITING_13
19:16:51.231 (index):853 WAITING_14
19:16:51.232 (index):853 WAITING_7
19:16:52.226 (index):853 WAITING_15
19:16:52.227 (index):853 WAITING_6
19:16:52.228 (index):853 WAITING_8
19:16:52.229 (index):823 UPDATE_16
19:16:52.230 (index):835 NODEACCESSREQUESTED_4
19:16:52.231 (index):823 UPDATE_5
19:16:53.226 (index):853 WAITING_10
19:16:53.228 (index):853 WAITING_12
19:16:53.234 (index):853 WAITING_11
19:16:53.236 (index):853 WAITING_13
19:16:53.237 (index):853 WAITING_14
19:16:53.238 (index):853 WAITING_7
19:16:53.238 (index):815 THINKING_16
19:16:53.239 (index):815 THINKING_5
19:16:54.226 (index):853 WAITING_15
19:16:54.227 (index):853 WAITING_6
19:16:54.228 (index):853 WAITING_8
19:16:54.229 (index):823 UPDATE_4
19:16:54.232 (index):823 UPDATE_9
19:16:55.226 (index):853 WAITING_10
19:16:55.228 (index):853 WAITING_12
19:16:55.229 (index):853 WAITING_11
19:16:55.232 (index):853 WAITING_13
19:16:55.233 (index):853 WAITING_14
19:16:55.233 (index):853 WAITING_7
19:16:55.234 (index):815 THINKING_4
19:16:55.234 (index):815 THINKING_9
19:16:56.226 (index):853 WAITING_15
19:16:56.231 (index):853 WAITING_6
19:16:56.233 (index):853 WAITING_8
19:16:56.234 (index):823 UPDATE_5
19:16:57.226 (index):853 WAITING_10
19:16:57.228 (index):853 WAITING_12
19:16:57.230 (index):853 WAITING_11
19:16:57.231 (index):853 WAITING_13
19:16:57.233 (index):853 WAITING_14
19:16:57.234 (index):853 WAITING_7
19:16:57.235 (index):805 NODEACCESSRELEASED_5
19:16:58.226 (index):853 WAITING_15
19:16:58.228 (index):853 WAITING_6
19:16:58.229 (index):853 WAITING_8
19:16:58.230 (index):823 UPDATE_9
19:16:58.231 (index):823 UPDATE_16
19:16:59.226 (index):853 WAITING_10
19:16:59.228 (index):853 WAITING_12
19:16:59.229 (index):853 WAITING_11
19:16:59.230 (index):853 WAITING_13
19:16:59.231 (index):853 WAITING_14
19:16:59.232 (index):853 WAITING_7
19:16:59.233 (index):835 NODEACCESSREQUESTED_5
19:16:59.234 (index):805 NODEACCESSRELEASED_9
19:16:59.235 (index):805 NODEACCESSRELEASED_16
19:17:00.226 (index):853 WAITING_15
19:17:00.228 (index):853 WAITING_6
19:17:00.229 (index):853 WAITING_8
19:17:00.230 (index):823 UPDATE_4
19:17:01.226 (index):823 UPDATE_10
19:17:01.227 (index):853 WAITING_12
19:17:01.228 (index):853 WAITING_11
19:17:01.229 (index):853 WAITING_13
19:17:01.231 (index):853 WAITING_14
19:17:01.233 (index):853 WAITING_7
19:17:01.235 (index):823 UPDATE_5
19:17:01.236 (index):835 NODEACCESSREQUESTED_9
19:17:01.238 (index):835 NODEACCESSREQUESTED_16
19:17:01.239 (index):815 THINKING_4
19:17:02.226 (index):853 WAITING_15
19:17:02.228 (index):853 WAITING_6
19:17:02.231 (index):853 WAITING_8
19:17:02.232 (index):815 THINKING_10
19:17:02.234 (index):815 THINKING_5
19:17:03.227 (index):853 WAITING_12
19:17:03.229 (index):853 WAITING_11
19:17:03.231 (index):853 WAITING_13
19:17:03.233 (index):853 WAITING_14
19:17:03.234 (index):853 WAITING_7
19:17:03.234 (index):823 UPDATE_9
19:17:03.235 (index):853 WAITING_16
19:17:04.226 (index):853 WAITING_15
19:17:04.228 (index):853 WAITING_6
19:17:04.229 (index):853 WAITING_8
19:17:04.230 (index):805 NODEACCESSRELEASED_9
19:17:05.228 (index):853 WAITING_12
19:17:05.229 (index):853 WAITING_11
19:17:05.234 (index):853 WAITING_13
19:17:05.235 (index):853 WAITING_14
19:17:05.237 (index):853 WAITING_7
19:17:05.238 (index):853 WAITING_16
19:17:05.238 (index):823 UPDATE_10
19:17:05.239 (index):823 UPDATE_4
19:17:05.239 (index):853 WAITING_15
19:17:06.226 (index):853 WAITING_6
19:17:06.227 (index):853 WAITING_8
19:17:06.228 (index):835 NODEACCESSREQUESTED_9
19:17:06.229 (index):805 NODEACCESSRELEASED_10
19:17:06.229 (index):815 THINKING_4
19:17:07.226 (index):853 WAITING_12
19:17:07.228 (index):823 UPDATE_11
19:17:07.230 (index):853 WAITING_13
19:17:07.231 (index):853 WAITING_14
19:17:07.231 (index):853 WAITING_7
19:17:07.232 (index):853 WAITING_16
19:17:07.233 (index):853 WAITING_15
19:17:07.234 (index):823 UPDATE_5
19:17:08.226 (index):853 WAITING_6
19:17:08.228 (index):853 WAITING_8
19:17:08.229 (index):823 UPDATE_9
19:17:08.231 (index):835 NODEACCESSREQUESTED_10
19:17:08.232 (index):805 NODEACCESSRELEASED_11
19:17:08.234 (index):805 NODEACCESSRELEASED_5
19:17:09.226 (index):823 UPDATE_12
19:17:09.228 (index):853 WAITING_13
19:17:09.230 (index):853 WAITING_14
19:17:09.231 (index):853 WAITING_7
19:17:09.233 (index):853 WAITING_16
19:17:09.234 (index):853 WAITING_15
19:17:09.235 (index):805 NODEACCESSRELEASED_9
19:17:09.235 (index):823 UPDATE_4
19:17:10.226 (index):853 WAITING_6
19:17:10.227 (index):853 WAITING_8
19:17:10.227 (index):853 WAITING_10
19:17:10.228 (index):835 NODEACCESSREQUESTED_11
19:17:10.229 (index):835 NODEACCESSREQUESTED_5
19:17:10.230 (index):805 NODEACCESSRELEASED_12
19:17:10.230 (index):805 NODEACCESSRELEASED_4
19:17:11.226 (index):823 UPDATE_13
19:17:11.227 (index):853 WAITING_14
19:17:11.227 (index):853 WAITING_7
19:17:11.228 (index):853 WAITING_16
19:17:11.229 (index):853 WAITING_15
19:17:11.230 (index):835 NODEACCESSREQUESTED_9
19:17:12.226 (index):853 WAITING_6
19:17:12.228 (index):853 WAITING_8
19:17:12.229 (index):853 WAITING_10
19:17:12.230 (index):823 UPDATE_11
19:17:12.231 (index):823 UPDATE_5
19:17:12.232 (index):835 NODEACCESSREQUESTED_12
19:17:12.233 (index):835 NODEACCESSREQUESTED_4
19:17:12.234 (index):805 NODEACCESSRELEASED_13
19:17:13.226 (index):823 UPDATE_14
19:17:13.227 (index):853 WAITING_7
19:17:13.229 (index):853 WAITING_16
19:17:13.230 (index):853 WAITING_15
19:17:13.231 (index):823 UPDATE_9
19:17:13.232 (index):805 NODEACCESSRELEASED_11
19:17:13.234 (index):805 NODEACCESSRELEASED_5
19:17:14.226 (index):853 WAITING_6
19:17:14.227 (index):853 WAITING_8
19:17:14.228 (index):853 WAITING_10
19:17:14.228 (index):853 WAITING_12
19:17:14.229 (index):853 WAITING_4
19:17:14.230 (index):835 NODEACCESSREQUESTED_13
19:17:14.231 (index):815 THINKING_14
19:17:14.232 (index):815 THINKING_9
19:17:15.226 (index):853 WAITING_7
19:17:15.228 (index):853 WAITING_16
19:17:15.230 (index):853 WAITING_15
19:17:15.231 (index):835 NODEACCESSREQUESTED_11
19:17:15.233 (index):835 NODEACCESSREQUESTED_5
19:17:16.226 (index):853 WAITING_6
19:17:16.227 (index):853 WAITING_8
19:17:16.228 (index):853 WAITING_10
19:17:16.229 (index):853 WAITING_12
19:17:16.230 (index):853 WAITING_4
19:17:16.231 (index):823 UPDATE_13
19:17:17.226 (index):853 WAITING_7
19:17:17.227 (index):853 WAITING_16
19:17:17.229 (index):853 WAITING_15
19:17:17.230 (index):823 UPDATE_11
19:17:17.232 (index):853 WAITING_5
19:17:17.233 (index):805 NODEACCESSRELEASED_13
19:17:18.226 (index):853 WAITING_6
19:17:18.228 (index):853 WAITING_8
19:17:18.228 (index):853 WAITING_10
19:17:18.229 (index):853 WAITING_12
19:17:18.230 (index):853 WAITING_4
19:17:18.232 (index):823 UPDATE_14
19:17:18.233 (index):815 THINKING_11
19:17:18.234 (index):823 UPDATE_9
19:17:19.226 (index):853 WAITING_7
19:17:19.228 (index):853 WAITING_16
19:17:19.229 (index):853 WAITING_15
19:17:19.231 (index):853 WAITING_5
19:17:19.231 (index):835 NODEACCESSREQUESTED_13
19:17:19.233 (index):805 NODEACCESSRELEASED_14
19:17:19.234 (index):805 NODEACCESSRELEASED_9
19:17:20.226 (index):853 WAITING_6
19:17:20.228 (index):853 WAITING_8
19:17:20.229 (index):853 WAITING_10
19:17:20.230 (index):853 WAITING_12
19:17:20.231 (index):853 WAITING_4
19:17:21.226 (index):853 WAITING_7
19:17:21.228 (index):853 WAITING_16
19:17:21.228 (index):823 UPDATE_15
19:17:21.229 (index):853 WAITING_5
19:17:21.231 (index):823 UPDATE_13
19:17:21.232 (index):835 NODEACCESSREQUESTED_14
19:17:21.234 (index):835 NODEACCESSREQUESTED_9
19:17:22.226 (index):853 WAITING_6
19:17:22.227 (index):853 WAITING_8
19:17:22.228 (index):853 WAITING_10
19:17:22.230 (index):853 WAITING_12
19:17:22.230 (index):853 WAITING_4
19:17:22.232 (index):805 NODEACCESSRELEASED_15
19:17:22.233 (index):805 NODEACCESSRELEASED_13
19:17:23.226 (index):853 WAITING_7
19:17:23.227 (index):853 WAITING_16
19:17:23.229 (index):853 WAITING_5
19:17:23.230 (index):823 UPDATE_14
19:17:23.231 (index):853 WAITING_9
19:17:23.232 (index):823 UPDATE_11
19:17:24.226 (index):853 WAITING_6
19:17:24.228 (index):853 WAITING_8
19:17:24.229 (index):853 WAITING_10
19:17:24.231 (index):853 WAITING_12
19:17:24.232 (index):853 WAITING_4
19:17:24.233 (index):835 NODEACCESSREQUESTED_15
19:17:24.234 (index):835 NODEACCESSREQUESTED_13
19:17:24.235 (index):805 NODEACCESSRELEASED_14
19:17:24.236 (index):805 NODEACCESSRELEASED_11
19:17:25.226 (index):853 WAITING_7
19:17:25.228 (index):853 WAITING_16
19:17:25.229 (index):853 WAITING_5
19:17:25.230 (index):853 WAITING_9
19:17:26.226 (index):853 WAITING_6
19:17:26.228 (index):853 WAITING_8
19:17:26.230 (index):853 WAITING_10
19:17:26.231 (index):853 WAITING_12
19:17:26.233 (index):853 WAITING_4
19:17:26.234 (index):823 UPDATE_15
19:17:26.235 (index):823 UPDATE_13
19:17:26.237 (index):835 NODEACCESSREQUESTED_14
19:17:26.238 (index):835 NODEACCESSREQUESTED_11
19:17:27.226 (index):853 WAITING_7
19:17:27.228 (index):853 WAITING_16
19:17:27.229 (index):853 WAITING_5
19:17:27.231 (index):853 WAITING_9
19:17:27.232 (index):815 THINKING_15
19:17:27.234 (index):805 NODEACCESSRELEASED_13
19:17:28.226 (index):853 WAITING_6
19:17:28.228 (index):853 WAITING_8
19:17:28.229 (index):853 WAITING_10
19:17:28.230 (index):853 WAITING_12
19:17:28.231 (index):853 WAITING_4
19:17:28.232 (index):823 UPDATE_14
19:17:28.233 (index):823 UPDATE_11
19:17:29.226 (index):853 WAITING_7
19:17:29.227 (index):853 WAITING_16
19:17:29.227 (index):853 WAITING_5
19:17:29.227 (index):853 WAITING_9
19:17:29.228 (index):835 NODEACCESSREQUESTED_13
19:17:29.228 (index):805 NODEACCESSRELEASED_14
19:17:29.229 (index):805 NODEACCESSRELEASED_11
19:17:30.226 (index):853 WAITING_6
19:17:30.228 (index):853 WAITING_8
19:17:30.229 (index):853 WAITING_10
19:17:30.231 (index):853 WAITING_12
19:17:30.232 (index):853 WAITING_4
19:17:31.226 (index):853 WAITING_7
19:17:31.228 (index):853 WAITING_16
19:17:31.229 (index):853 WAITING_5
19:17:31.231 (index):853 WAITING_9
19:17:31.233 (index):823 UPDATE_13
19:17:31.235 (index):835 NODEACCESSREQUESTED_14
19:17:31.236 (index):835 NODEACCESSREQUESTED_11
19:17:32.226 (index):853 WAITING_6
19:17:32.228 (index):853 WAITING_8
19:17:32.230 (index):853 WAITING_10
19:17:32.231 (index):853 WAITING_12
19:17:32.232 (index):853 WAITING_4
19:17:32.233 (index):805 NODEACCESSRELEASED_13
19:17:32.234 (index):823 UPDATE_15
19:17:33.226 (index):853 WAITING_7
19:17:33.228 (index):853 WAITING_16
19:17:33.229 (index):853 WAITING_5
19:17:33.231 (index):853 WAITING_9
19:17:33.233 (index):823 UPDATE_14
19:17:33.234 (index):823 UPDATE_11
19:17:33.234 (index):815 THINKING_15
19:17:34.226 (index):853 WAITING_6
19:17:34.228 (index):853 WAITING_8
19:17:34.229 (index):853 WAITING_10
19:17:34.230 (index):853 WAITING_12
19:17:34.231 (index):853 WAITING_4
19:17:34.231 (index):835 NODEACCESSREQUESTED_13
19:17:34.232 (index):805 NODEACCESSRELEASED_14
19:17:34.233 (index):805 NODEACCESSRELEASED_11
19:17:35.226 (index):853 WAITING_7
19:17:35.228 (index):853 WAITING_16
19:17:35.231 (index):853 WAITING_5
19:17:35.232 (index):853 WAITING_9
19:17:36.226 (index):853 WAITING_6
19:17:36.228 (index):853 WAITING_8
19:17:36.229 (index):853 WAITING_10
19:17:36.231 (index):853 WAITING_12
19:17:36.232 (index):853 WAITING_4
19:17:36.234 (index):823 UPDATE_13
19:17:36.235 (index):835 NODEACCESSREQUESTED_14
19:17:36.235 (index):835 NODEACCESSREQUESTED_11
19:17:36.236 (index):823 UPDATE_15
19:17:37.226 (index):853 WAITING_7
19:17:37.229 (index):853 WAITING_16
19:17:37.232 (index):853 WAITING_5
19:17:37.233 (index):853 WAITING_9
19:17:37.234 (index):805 NODEACCESSRELEASED_13
19:17:37.235 (index):805 NODEACCESSRELEASED_15
19:17:38.227 (index):853 WAITING_6
19:17:38.230 (index):853 WAITING_8
19:17:38.232 (index):853 WAITING_10
19:17:38.234 (index):853 WAITING_12
19:17:38.236 (index):853 WAITING_4
19:17:38.237 (index):823 UPDATE_14
19:17:38.238 (index):823 UPDATE_11
19:17:39.226 (index):853 WAITING_7
19:17:39.227 (index):853 WAITING_16
19:17:39.229 (index):853 WAITING_5
19:17:39.230 (index):853 WAITING_9
19:17:39.232 (index):835 NODEACCESSREQUESTED_13
19:17:39.233 (index):835 NODEACCESSREQUESTED_15
19:17:39.234 (index):815 THINKING_14
19:17:39.235 (index):815 THINKING_11
19:17:40.226 (index):853 WAITING_6
19:17:40.227 (index):853 WAITING_8
19:17:40.227 (index):853 WAITING_10
19:17:40.228 (index):853 WAITING_12
19:17:40.229 (index):853 WAITING_4
19:17:41.226 (index):853 WAITING_7
19:17:41.228 (index):853 WAITING_16
19:17:41.229 (index):853 WAITING_5
19:17:41.231 (index):853 WAITING_9
19:17:41.232 (index):823 UPDATE_13
19:17:41.233 (index):823 UPDATE_15
19:17:42.226 (index):853 WAITING_6
19:17:42.228 (index):853 WAITING_8
19:17:42.229 (index):853 WAITING_10
19:17:42.230 (index):853 WAITING_12
19:17:42.232 (index):853 WAITING_4
19:17:42.233 (index):805 NODEACCESSRELEASED_13
19:17:42.234 (index):815 THINKING_15
19:17:42.234 (index):823 UPDATE_14
19:17:43.226 (index):853 WAITING_7
19:17:43.228 (index):853 WAITING_16
19:17:43.229 (index):853 WAITING_5
19:17:43.230 (index):853 WAITING_9
19:17:43.231 (index):805 NODEACCESSRELEASED_14
19:17:43.232 (index):823 UPDATE_11
19:17:44.226 (index):853 WAITING_6
19:17:44.228 (index):853 WAITING_8
19:17:44.229 (index):853 WAITING_10
19:17:44.230 (index):853 WAITING_12
19:17:44.232 (index):853 WAITING_4
19:17:44.233 (index):835 NODEACCESSREQUESTED_13
19:17:44.234 (index):805 NODEACCESSRELEASED_11
19:17:45.226 (index):853 WAITING_7
19:17:45.227 (index):853 WAITING_16
19:17:45.228 (index):853 WAITING_5
19:17:45.229 (index):853 WAITING_9
19:17:45.230 (index):835 NODEACCESSREQUESTED_14
19:17:45.231 (index):823 UPDATE_15
19:17:46.226 (index):853 WAITING_6
19:17:46.228 (index):853 WAITING_8
19:17:46.229 (index):853 WAITING_10
19:17:46.230 (index):853 WAITING_12
19:17:46.231 (index):853 WAITING_4
19:17:46.232 (index):823 UPDATE_13
19:17:46.233 (index):835 NODEACCESSREQUESTED_11
19:17:46.234 (index):815 THINKING_15
19:17:47.226 (index):853 WAITING_7
19:17:47.227 (index):853 WAITING_16
19:17:47.227 (index):853 WAITING_5
19:17:47.228 (index):853 WAITING_9
19:17:47.228 (index):823 UPDATE_14
19:17:47.229 (index):805 NODEACCESSRELEASED_13
19:17:48.228 (index):853 WAITING_6
19:17:48.229 (index):853 WAITING_8
19:17:48.230 (index):853 WAITING_10
19:17:48.232 (index):853 WAITING_12
19:17:48.233 (index):853 WAITING_4
19:17:48.234 (index):823 UPDATE_11
19:17:48.234 (index):805 NODEACCESSRELEASED_14
19:17:48.235 (index):853 WAITING_7
19:17:48.235 (index):853 WAITING_16
19:17:49.226 (index):853 WAITING_5
19:17:49.227 (index):853 WAITING_9
19:17:49.228 (index):835 NODEACCESSREQUESTED_13
19:17:49.229 (index):805 NODEACCESSRELEASED_11
19:17:49.230 (index):823 UPDATE_15
19:17:50.226 (index):853 WAITING_6
19:17:50.227 (index):853 WAITING_8
19:17:50.228 (index):853 WAITING_10
19:17:50.228 (index):853 WAITING_12
19:17:50.229 (index):853 WAITING_4
19:17:50.229 (index):835 NODEACCESSREQUESTED_14
19:17:50.230 (index):853 WAITING_7
19:17:50.230 (index):853 WAITING_16
19:17:50.231 (index):805 NODEACCESSRELEASED_15
19:17:51.226 (index):853 WAITING_5
19:17:51.227 (index):853 WAITING_9
19:17:51.228 (index):823 UPDATE_13
19:17:51.228 (index):835 NODEACCESSREQUESTED_11
19:17:52.226 (index):853 WAITING_6
19:17:52.228 (index):853 WAITING_8
19:17:52.229 (index):853 WAITING_10
19:17:52.230 (index):853 WAITING_12
19:17:52.232 (index):853 WAITING_4
19:17:52.233 (index):823 UPDATE_14
19:17:52.234 (index):853 WAITING_7
19:17:52.234 (index):853 WAITING_16
19:17:52.235 (index):835 NODEACCESSREQUESTED_15
19:17:52.236 (index):805 NODEACCESSRELEASED_13
19:17:53.226 (index):853 WAITING_5
19:17:53.227 (index):853 WAITING_9
19:17:53.228 (index):823 UPDATE_11
19:17:53.230 (index):815 THINKING_14
19:17:54.226 (index):853 WAITING_6
19:17:54.228 (index):853 WAITING_8
19:17:54.229 (index):853 WAITING_10
19:17:54.231 (index):853 WAITING_12
19:17:54.232 (index):853 WAITING_4
19:17:54.233 (index):853 WAITING_7
19:17:54.234 (index):853 WAITING_16
19:17:54.234 (index):823 UPDATE_15
19:17:54.235 (index):835 NODEACCESSREQUESTED_13
19:17:54.235 (index):815 THINKING_11
19:17:55.226 (index):853 WAITING_5
19:17:55.228 (index):853 WAITING_9
19:17:55.229 (index):815 THINKING_15
19:17:56.226 (index):853 WAITING_6
19:17:56.228 (index):853 WAITING_8
19:17:56.230 (index):853 WAITING_10
19:17:56.231 (index):853 WAITING_12
19:17:56.232 (index):853 WAITING_4
19:17:56.233 (index):853 WAITING_7
19:17:56.234 (index):853 WAITING_16
19:17:56.235 (index):823 UPDATE_13
19:17:57.226 (index):853 WAITING_5
19:17:57.227 (index):853 WAITING_9
19:17:57.228 (index):805 NODEACCESSRELEASED_13
19:17:57.228 (index):823 UPDATE_14
19:17:58.226 (index):853 WAITING_6
19:17:58.227 (index):853 WAITING_8
19:17:58.228 (index):853 WAITING_10
19:17:58.229 (index):853 WAITING_12
19:17:58.230 (index):853 WAITING_4
19:17:58.231 (index):853 WAITING_7
19:17:58.232 (index):853 WAITING_16
19:17:58.233 (index):815 THINKING_14
19:17:58.233 (index):823 UPDATE_11
19:17:59.226 (index):853 WAITING_5
19:17:59.228 (index):853 WAITING_9
19:17:59.229 (index):835 NODEACCESSREQUESTED_13
19:17:59.231 (index):864 END_11
19:18:00.227 (index):853 WAITING_6
19:18:00.229 (index):853 WAITING_8
19:18:00.231 (index):853 WAITING_10
19:18:00.234 (index):853 WAITING_12
19:18:00.234 (index):853 WAITING_4
19:18:00.235 (index):853 WAITING_7
19:18:00.235 (index):853 WAITING_16
19:18:00.236 (index):823 UPDATE_15
19:18:01.226 (index):853 WAITING_5
19:18:01.227 (index):853 WAITING_9
19:18:01.228 (index):823 UPDATE_13
19:18:01.229 (index):805 NODEACCESSRELEASED_15
19:18:02.227 (index):853 WAITING_6
19:18:02.228 (index):853 WAITING_8
19:18:02.229 (index):853 WAITING_10
19:18:02.230 (index):853 WAITING_12
19:18:02.234 (index):853 WAITING_4
19:18:02.235 (index):853 WAITING_7
19:18:02.236 (index):853 WAITING_16
19:18:02.237 (index):805 NODEACCESSRELEASED_13
19:18:03.226 (index):853 WAITING_5
19:18:03.228 (index):853 WAITING_9
19:18:03.229 (index):835 NODEACCESSREQUESTED_15
19:18:03.230 (index):823 UPDATE_14
19:18:04.227 (index):853 WAITING_6
19:18:04.229 (index):853 WAITING_8
19:18:04.230 (index):853 WAITING_10
19:18:04.231 (index):853 WAITING_12
19:18:04.232 (index):853 WAITING_4
19:18:04.233 (index):853 WAITING_7
19:18:04.234 (index):853 WAITING_16
19:18:04.235 (index):835 NODEACCESSREQUESTED_13
19:18:04.236 (index):805 NODEACCESSRELEASED_14
19:18:05.226 (index):853 WAITING_5
19:18:05.228 (index):853 WAITING_9
19:18:05.229 (index):823 UPDATE_15
19:18:06.226 (index):853 WAITING_6
19:18:06.228 (index):853 WAITING_8
19:18:06.229 (index):853 WAITING_10
19:18:06.231 (index):853 WAITING_12
19:18:06.232 (index):853 WAITING_4
19:18:06.233 (index):853 WAITING_7
19:18:06.234 (index):853 WAITING_16
19:18:06.234 (index):823 UPDATE_13
19:18:06.235 (index):835 NODEACCESSREQUESTED_14
19:18:06.235 (index):815 THINKING_15
19:18:07.226 (index):853 WAITING_5
19:18:07.227 (index):853 WAITING_9
19:18:07.229 (index):864 END_13
19:18:08.227 (index):853 WAITING_6
19:18:08.228 (index):853 WAITING_8
19:18:08.230 (index):853 WAITING_10
19:18:08.232 (index):853 WAITING_12
19:18:08.233 (index):853 WAITING_4
19:18:08.235 (index):853 WAITING_7
19:18:08.236 (index):853 WAITING_16
19:18:08.237 (index):823 UPDATE_14
19:18:09.226 (index):853 WAITING_5
19:18:09.227 (index):853 WAITING_9
19:18:09.228 (index):864 END_14
19:18:10.226 (index):853 WAITING_6
19:18:10.227 (index):853 WAITING_8
19:18:10.229 (index):853 WAITING_10
19:18:10.230 (index):853 WAITING_12
19:18:10.231 (index):853 WAITING_4
19:18:10.232 (index):853 WAITING_7
19:18:10.233 (index):853 WAITING_16
19:18:10.234 (index):823 UPDATE_15
19:18:11.227 (index):853 WAITING_5
19:18:11.228 (index):853 WAITING_9
19:18:11.230 (index):805 NODEACCESSRELEASED_15
19:18:12.226 (index):823 UPDATE_6
19:18:12.228 (index):853 WAITING_8
19:18:12.229 (index):853 WAITING_10
19:18:12.230 (index):853 WAITING_12
19:18:12.232 (index):853 WAITING_4
19:18:12.233 (index):853 WAITING_7
19:18:12.234 (index):853 WAITING_16
19:18:13.226 (index):853 WAITING_5
19:18:13.228 (index):853 WAITING_9
19:18:13.229 (index):835 NODEACCESSREQUESTED_15
19:18:13.230 (index):805 NODEACCESSRELEASED_6
19:18:14.226 (index):853 WAITING_8
19:18:14.227 (index):853 WAITING_10
19:18:14.228 (index):853 WAITING_12
19:18:14.228 (index):853 WAITING_4
19:18:14.229 (index):823 UPDATE_7
19:18:14.230 (index):853 WAITING_16
19:18:15.226 (index):853 WAITING_5
19:18:15.227 (index):853 WAITING_9
19:18:15.229 (index):853 WAITING_15
19:18:15.230 (index):835 NODEACCESSREQUESTED_6
19:18:15.232 (index):805 NODEACCESSRELEASED_7
19:18:16.227 (index):823 UPDATE_8
19:18:16.228 (index):853 WAITING_10
19:18:16.230 (index):853 WAITING_12
19:18:16.231 (index):853 WAITING_4
19:18:16.231 (index):853 WAITING_16
19:18:17.226 (index):853 WAITING_5
19:18:17.228 (index):853 WAITING_9
19:18:17.229 (index):853 WAITING_15
19:18:17.235 (index):853 WAITING_6
19:18:17.236 (index):835 NODEACCESSREQUESTED_7
19:18:17.238 (index):805 NODEACCESSRELEASED_8
19:18:18.226 (index):853 WAITING_10
19:18:18.227 (index):853 WAITING_12
19:18:18.230 (index):853 WAITING_4
19:18:18.231 (index):823 UPDATE_16
19:18:19.226 (index):853 WAITING_5
19:18:19.228 (index):853 WAITING_9
19:18:19.230 (index):853 WAITING_15
19:18:19.231 (index):853 WAITING_6
19:18:19.231 (index):853 WAITING_7
19:18:19.232 (index):835 NODEACCESSREQUESTED_8
19:18:19.233 (index):815 THINKING_16
19:18:20.226 (index):853 WAITING_10
19:18:20.228 (index):853 WAITING_12
19:18:20.229 (index):853 WAITING_4
19:18:21.226 (index):853 WAITING_5
19:18:21.227 (index):853 WAITING_9
19:18:21.228 (index):853 WAITING_15
19:18:21.229 (index):853 WAITING_6
19:18:21.230 (index):853 WAITING_7
19:18:21.232 (index):853 WAITING_8
19:18:22.226 (index):853 WAITING_10
19:18:22.228 (index):853 WAITING_12
19:18:22.229 (index):853 WAITING_4
19:18:22.230 (index):823 UPDATE_16
19:18:23.226 (index):853 WAITING_5
19:18:23.228 (index):853 WAITING_9
19:18:23.229 (index):853 WAITING_15
19:18:23.231 (index):853 WAITING_6
19:18:23.232 (index):853 WAITING_7
19:18:23.233 (index):853 WAITING_8
19:18:23.235 (index):805 NODEACCESSRELEASED_16
19:18:24.226 (index):823 UPDATE_10
19:18:24.227 (index):853 WAITING_12
19:18:24.228 (index):853 WAITING_4
19:18:25.226 (index):853 WAITING_5
19:18:25.228 (index):853 WAITING_9
19:18:25.229 (index):853 WAITING_15
19:18:25.230 (index):853 WAITING_6
19:18:25.232 (index):853 WAITING_7
19:18:25.233 (index):853 WAITING_8
19:18:25.234 (index):835 NODEACCESSREQUESTED_16
19:18:25.235 (index):815 THINKING_10
19:18:26.226 (index):853 WAITING_12
19:18:26.227 (index):853 WAITING_4
19:18:27.226 (index):853 WAITING_5
19:18:27.228 (index):853 WAITING_9
19:18:27.229 (index):853 WAITING_15
19:18:27.230 (index):853 WAITING_6
19:18:27.231 (index):853 WAITING_7
19:18:27.232 (index):853 WAITING_8
19:18:27.234 (index):853 WAITING_16
19:18:28.226 (index):853 WAITING_12
19:18:28.227 (index):853 WAITING_4
19:18:28.228 (index):823 UPDATE_10
19:18:29.226 (index):853 WAITING_5
19:18:29.228 (index):853 WAITING_9
19:18:29.229 (index):853 WAITING_15
19:18:29.230 (index):853 WAITING_6
19:18:29.231 (index):853 WAITING_7
19:18:29.233 (index):853 WAITING_8
19:18:29.234 (index):853 WAITING_16
19:18:29.236 (index):805 NODEACCESSRELEASED_10
19:18:30.226 (index):823 UPDATE_12
19:18:30.228 (index):853 WAITING_4
19:18:31.227 (index):853 WAITING_5
19:18:31.228 (index):853 WAITING_9
19:18:31.229 (index):853 WAITING_15
19:18:31.230 (index):853 WAITING_6
19:18:31.231 (index):853 WAITING_7
19:18:31.232 (index):853 WAITING_8
19:18:31.233 (index):853 WAITING_16
19:18:31.234 (index):835 NODEACCESSREQUESTED_10
19:18:31.234 (index):805 NODEACCESSRELEASED_12
19:18:32.226 (index):823 UPDATE_4
19:18:33.227 (index):853 WAITING_5
19:18:33.229 (index):853 WAITING_9
19:18:33.230 (index):853 WAITING_15
19:18:33.232 (index):853 WAITING_6
19:18:33.233 (index):853 WAITING_7
19:18:33.234 (index):853 WAITING_8
19:18:33.234 (index):853 WAITING_16
19:18:33.235 (index):853 WAITING_10
19:18:33.235 (index):835 NODEACCESSREQUESTED_12
19:18:33.236 (index):805 NODEACCESSRELEASED_4
19:18:35.226 (index):823 UPDATE_5
19:18:35.228 (index):853 WAITING_9
19:18:35.229 (index):853 WAITING_15
19:18:35.230 (index):853 WAITING_6
19:18:35.231 (index):853 WAITING_7
19:18:35.232 (index):853 WAITING_8
19:18:35.233 (index):853 WAITING_16
19:18:35.234 (index):853 WAITING_10
19:18:35.235 (index):853 WAITING_12
19:18:35.236 (index):835 NODEACCESSREQUESTED_4
19:18:36.226 (index):805 NODEACCESSRELEASED_5
19:18:37.227 (index):823 UPDATE_9
19:18:37.229 (index):853 WAITING_15
19:18:37.230 (index):853 WAITING_6
19:18:37.230 (index):853 WAITING_7
19:18:37.231 (index):853 WAITING_8
19:18:37.231 (index):853 WAITING_16
19:18:37.232 (index):853 WAITING_10
19:18:37.234 (index):853 WAITING_12
19:18:37.235 (index):853 WAITING_4
19:18:38.226 (index):835 NODEACCESSREQUESTED_5
19:18:38.228 (index):805 NODEACCESSRELEASED_9
19:18:39.228 (index):823 UPDATE_15
19:18:39.229 (index):853 WAITING_6
19:18:39.231 (index):853 WAITING_7
19:18:39.233 (index):853 WAITING_8
19:18:39.234 (index):853 WAITING_16
19:18:39.234 (index):853 WAITING_10
19:18:39.235 (index):853 WAITING_12
19:18:39.235 (index):853 WAITING_4
19:18:39.235 (index):853 WAITING_5
19:18:40.226 (index):835 NODEACCESSREQUESTED_9
19:18:40.228 (index):864 END_15
19:18:41.226 (index):823 UPDATE_6
19:18:41.228 (index):853 WAITING_7
19:18:41.229 (index):853 WAITING_8
19:18:41.230 (index):853 WAITING_16
19:18:41.232 (index):853 WAITING_10
19:18:41.233 (index):853 WAITING_12
19:18:41.234 (index):853 WAITING_4
19:18:41.236 (index):853 WAITING_5
19:18:42.226 (index):823 UPDATE_9
19:18:42.228 (index):805 NODEACCESSRELEASED_6
19:18:43.226 (index):823 UPDATE_7
19:18:43.228 (index):853 WAITING_8
19:18:43.229 (index):853 WAITING_16
19:18:43.231 (index):853 WAITING_10
19:18:43.232 (index):853 WAITING_12
19:18:43.234 (index):853 WAITING_4
19:18:43.235 (index):853 WAITING_5
19:18:43.237 (index):815 THINKING_9
19:18:44.226 (index):835 NODEACCESSREQUESTED_6
19:18:44.228 (index):815 THINKING_7
19:18:45.226 (index):853 WAITING_8
19:18:45.228 (index):853 WAITING_16
19:18:45.229 (index):853 WAITING_10
19:18:45.231 (index):853 WAITING_12
19:18:45.232 (index):853 WAITING_4
19:18:45.233 (index):853 WAITING_5
19:18:46.226 (index):823 UPDATE_6
19:18:47.226 (index):853 WAITING_8
19:18:47.228 (index):853 WAITING_16
19:18:47.229 (index):853 WAITING_10
19:18:47.231 (index):853 WAITING_12
19:18:47.233 (index):853 WAITING_4
19:18:47.234 (index):853 WAITING_5
19:18:47.235 (index):805 NODEACCESSRELEASED_6
19:18:47.236 (index):823 UPDATE_7
19:18:47.237 (index):823 UPDATE_9
19:18:48.227 (index):805 NODEACCESSRELEASED_7
19:18:48.229 (index):805 NODEACCESSRELEASED_9
19:18:49.227 (index):823 UPDATE_8
19:18:49.228 (index):853 WAITING_16
19:18:49.230 (index):853 WAITING_10
19:18:49.231 (index):853 WAITING_12
19:18:49.231 (index):853 WAITING_4
19:18:49.232 (index):853 WAITING_5
19:18:49.233 (index):835 NODEACCESSREQUESTED_6
19:18:50.226 (index):835 NODEACCESSREQUESTED_7
19:18:50.228 (index):835 NODEACCESSREQUESTED_9
19:18:50.229 (index):815 THINKING_8
19:18:51.226 (index):853 WAITING_16
19:18:51.227 (index):853 WAITING_10
19:18:51.228 (index):853 WAITING_12
19:18:51.228 (index):853 WAITING_4
19:18:51.230 (index):853 WAITING_5
19:18:51.231 (index):823 UPDATE_6
19:18:52.228 (index):823 UPDATE_7
19:18:52.230 (index):823 UPDATE_9
19:18:52.231 (index):815 THINKING_6
19:18:52.231 (index):853 WAITING_16
19:18:52.232 (index):853 WAITING_10
19:18:53.226 (index):853 WAITING_12
19:18:53.228 (index):853 WAITING_4
19:18:53.229 (index):853 WAITING_5
19:18:53.231 (index):815 THINKING_7
19:18:53.232 (index):805 NODEACCESSRELEASED_9
19:18:54.226 (index):853 WAITING_16
19:18:54.227 (index):853 WAITING_10
19:18:54.228 (index):823 UPDATE_8
19:18:55.226 (index):853 WAITING_12
19:18:55.228 (index):853 WAITING_4
19:18:55.230 (index):853 WAITING_5
19:18:55.231 (index):835 NODEACCESSREQUESTED_9
19:18:55.232 (index):805 NODEACCESSRELEASED_8
19:18:55.233 (index):823 UPDATE_6
19:18:56.226 (index):823 UPDATE_16
19:18:56.227 (index):853 WAITING_10
19:18:56.228 (index):815 THINKING_6
19:18:57.226 (index):853 WAITING_12
19:18:57.227 (index):853 WAITING_4
19:18:57.228 (index):853 WAITING_5
19:18:57.229 (index):823 UPDATE_9
19:18:57.231 (index):835 NODEACCESSREQUESTED_8
19:18:57.232 (index):805 NODEACCESSRELEASED_16
19:18:58.226 (index):823 UPDATE_10
19:18:58.228 (index):805 NODEACCESSRELEASED_9
19:18:58.230 (index):823 UPDATE_7
19:18:59.226 (index):853 WAITING_12
19:18:59.227 (index):853 WAITING_4
19:18:59.228 (index):853 WAITING_5
19:18:59.229 (index):853 WAITING_8
19:18:59.230 (index):835 NODEACCESSREQUESTED_16
19:18:59.232 (index):815 THINKING_10
19:18:59.233 (index):805 NODEACCESSRELEASED_7
19:18:59.235 (index):823 UPDATE_6
19:19:00.226 (index):835 NODEACCESSREQUESTED_9
19:19:00.227 (index):805 NODEACCESSRELEASED_6
19:19:01.227 (index):853 WAITING_12
19:19:01.229 (index):853 WAITING_4
19:19:01.230 (index):853 WAITING_5
19:19:01.231 (index):853 WAITING_8
19:19:01.231 (index):823 UPDATE_16
19:19:01.232 (index):835 NODEACCESSREQUESTED_7
19:19:01.233 (index):823 UPDATE_9
19:19:02.226 (index):835 NODEACCESSREQUESTED_6
19:19:02.228 (index):864 END_16
19:19:02.229 (index):864 END_9
19:19:03.227 (index):853 WAITING_12
19:19:03.229 (index):853 WAITING_4
19:19:03.231 (index):853 WAITING_5
19:19:03.232 (index):853 WAITING_8
19:19:03.233 (index):823 UPDATE_7
19:19:04.226 (index):853 WAITING_6
19:19:04.228 (index):805 NODEACCESSRELEASED_7
19:19:04.229 (index):823 UPDATE_10
19:19:05.226 (index):853 WAITING_12
19:19:05.227 (index):853 WAITING_4
19:19:05.229 (index):853 WAITING_5
19:19:05.230 (index):853 WAITING_8
19:19:05.231 (index):805 NODEACCESSRELEASED_10
19:19:06.226 (index):853 WAITING_6
19:19:06.228 (index):835 NODEACCESSREQUESTED_7
19:19:07.229 (index):823 UPDATE_12
19:19:07.231 (index):853 WAITING_4
19:19:07.231 (index):853 WAITING_5
19:19:07.232 (index):853 WAITING_8
19:19:07.232 (index):835 NODEACCESSREQUESTED_10
19:19:07.233 (index):853 WAITING_6
19:19:08.226 (index):823 UPDATE_7
19:19:08.227 (index):815 THINKING_12
19:19:09.226 (index):853 WAITING_4
19:19:09.228 (index):853 WAITING_5
19:19:09.229 (index):853 WAITING_8
19:19:09.230 (index):823 UPDATE_10
19:19:09.231 (index):853 WAITING_6
19:19:09.232 (index):805 NODEACCESSRELEASED_7
19:19:10.226 (index):815 THINKING_10
19:19:11.226 (index):853 WAITING_4
19:19:11.228 (index):853 WAITING_5
19:19:11.229 (index):853 WAITING_8
19:19:11.231 (index):853 WAITING_6
19:19:11.232 (index):835 NODEACCESSREQUESTED_7
19:19:13.226 (index):853 WAITING_4
19:19:13.228 (index):853 WAITING_5
19:19:13.229 (index):853 WAITING_8
19:19:13.230 (index):853 WAITING_6
19:19:13.232 (index):823 UPDATE_7
19:19:13.233 (index):823 UPDATE_12
19:19:14.226 (index):805 NODEACCESSRELEASED_7
19:19:14.228 (index):805 NODEACCESSRELEASED_12
19:19:14.229 (index):823 UPDATE_10
19:19:15.226 (index):823 UPDATE_4
19:19:15.227 (index):853 WAITING_5
19:19:15.228 (index):853 WAITING_8
19:19:15.230 (index):853 WAITING_6
19:19:15.231 (index):805 NODEACCESSRELEASED_10
19:19:16.226 (index):835 NODEACCESSREQUESTED_7
19:19:16.228 (index):835 NODEACCESSREQUESTED_12
19:19:16.229 (index):815 THINKING_4
19:19:17.226 (index):853 WAITING_5
19:19:17.228 (index):853 WAITING_8
19:19:17.229 (index):853 WAITING_6
19:19:17.231 (index):835 NODEACCESSREQUESTED_10
19:19:18.228 (index):823 UPDATE_7
19:19:18.229 (index):823 UPDATE_12
19:19:18.231 (index):853 WAITING_5
19:19:19.226 (index):853 WAITING_8
19:19:19.228 (index):853 WAITING_6
19:19:19.230 (index):823 UPDATE_10
19:19:19.231 (index):805 NODEACCESSRELEASED_7
19:19:19.232 (index):805 NODEACCESSRELEASED_12
19:19:20.226 (index):853 WAITING_5
19:19:20.227 (index):815 THINKING_10
19:19:21.226 (index):853 WAITING_8
19:19:21.227 (index):853 WAITING_6
19:19:21.228 (index):835 NODEACCESSREQUESTED_7
19:19:21.230 (index):835 NODEACCESSREQUESTED_12
19:19:21.231 (index):823 UPDATE_4
19:19:22.226 (index):853 WAITING_5
19:19:22.227 (index):864 END_4
19:19:23.226 (index):853 WAITING_8
19:19:23.227 (index):853 WAITING_6
19:19:23.228 (index):823 UPDATE_7
19:19:23.229 (index):823 UPDATE_12
19:19:24.226 (index):823 UPDATE_5
19:19:24.228 (index):815 THINKING_7
19:19:24.229 (index):805 NODEACCESSRELEASED_12
19:19:25.226 (index):853 WAITING_8
19:19:25.228 (index):853 WAITING_6
19:19:25.229 (index):805 NODEACCESSRELEASED_5
19:19:25.230 (index):823 UPDATE_10
19:19:26.226 (index):835 NODEACCESSREQUESTED_12
19:19:26.228 (index):805 NODEACCESSRELEASED_10
19:19:27.226 (index):853 WAITING_8
19:19:27.227 (index):853 WAITING_6
19:19:27.228 (index):835 NODEACCESSREQUESTED_5
19:19:28.226 (index):823 UPDATE_12
19:19:28.227 (index):835 NODEACCESSREQUESTED_10
19:19:28.228 (index):823 UPDATE_7
19:19:29.226 (index):853 WAITING_8
19:19:29.227 (index):853 WAITING_6
19:19:29.228 (index):823 UPDATE_5
19:19:29.230 (index):805 NODEACCESSRELEASED_12
19:19:29.231 (index):805 NODEACCESSRELEASED_7
19:19:30.226 (index):823 UPDATE_10
19:19:30.227 (index):864 END_5
19:19:31.226 (index):853 WAITING_8
19:19:31.227 (index):853 WAITING_6
19:19:31.228 (index):835 NODEACCESSREQUESTED_12
19:19:31.229 (index):835 NODEACCESSREQUESTED_7
19:19:31.230 (index):805 NODEACCESSRELEASED_10
19:19:33.226 (index):853 WAITING_8
19:19:33.227 (index):853 WAITING_6
19:19:33.228 (index):823 UPDATE_12
19:19:33.228 (index):823 UPDATE_7
19:19:33.229 (index):835 NODEACCESSREQUESTED_10
19:19:34.230 (index):805 NODEACCESSRELEASED_12
19:19:34.232 (index):864 END_7
19:19:34.233 (index):853 WAITING_8
19:19:34.234 (index):853 WAITING_6
19:19:35.226 (index):823 UPDATE_10
19:19:36.230 (index):835 NODEACCESSREQUESTED_12
19:19:36.231 (index):853 WAITING_8
19:19:36.233 (index):853 WAITING_6
19:19:36.235 (index):805 NODEACCESSRELEASED_10
19:19:38.226 (index):823 UPDATE_12
19:19:38.228 (index):853 WAITING_8
19:19:38.229 (index):853 WAITING_6
19:19:38.232 (index):835 NODEACCESSREQUESTED_10
19:19:39.227 (index):805 NODEACCESSRELEASED_12
19:19:40.226 (index):853 WAITING_8
19:19:40.228 (index):853 WAITING_6
19:19:40.230 (index):823 UPDATE_10
19:19:41.226 (index):835 NODEACCESSREQUESTED_12
19:19:41.229 (index):864 END_10
19:19:42.227 (index):853 WAITING_8
19:19:42.228 (index):853 WAITING_6
19:19:43.227 (index):823 UPDATE_12
19:19:44.228 (index):853 WAITING_8
19:19:44.229 (index):853 WAITING_6
19:19:44.231 (index):815 THINKING_12
19:19:46.226 (index):853 WAITING_8
19:19:46.229 (index):853 WAITING_6
19:19:48.226 (index):853 WAITING_8
19:19:48.227 (index):853 WAITING_6
19:19:48.228 (index):823 UPDATE_12
19:19:49.226 (index):805 NODEACCESSRELEASED_12
19:19:50.226 (index):823 UPDATE_8
19:19:50.228 (index):853 WAITING_6
19:19:51.226 (index):835 NODEACCESSREQUESTED_12
19:19:51.227 (index):805 NODEACCESSRELEASED_8
19:19:52.226 (index):823 UPDATE_6
19:19:53.228 (index):853 WAITING_12
19:19:53.229 (index):835 NODEACCESSREQUESTED_8
19:19:53.231 (index):805 NODEACCESSRELEASED_6
19:19:55.226 (index):823 UPDATE_12
19:19:55.227 (index):853 WAITING_8
19:19:55.227 (index):835 NODEACCESSREQUESTED_6
19:19:56.226 (index):805 NODEACCESSRELEASED_12
19:19:57.226 (index):823 UPDATE_8
19:19:57.228 (index):823 UPDATE_6
19:19:58.226 (index):835 NODEACCESSREQUESTED_12
19:19:58.227 (index):805 NODEACCESSRELEASED_8
19:19:58.228 (index):805 NODEACCESSRELEASED_6
19:20:00.226 (index):823 UPDATE_12
19:20:00.228 (index):835 NODEACCESSREQUESTED_8
19:20:00.229 (index):835 NODEACCESSREQUESTED_6
19:20:01.228 (index):864 END_12
19:20:02.226 (index):823 UPDATE_8
19:20:02.227 (index):823 UPDATE_6
19:20:03.226 (index):805 NODEACCESSRELEASED_8
19:20:03.228 (index):805 NODEACCESSRELEASED_6
19:20:05.226 (index):835 NODEACCESSREQUESTED_8
19:20:05.227 (index):835 NODEACCESSREQUESTED_6
19:20:07.226 (index):823 UPDATE_8
19:20:07.228 (index):823 UPDATE_6
19:20:08.226 (index):805 NODEACCESSRELEASED_8
19:20:08.228 (index):805 NODEACCESSRELEASED_6
19:20:09.228 (index):835 NODEACCESSREQUESTED_8
19:20:10.229 (index):835 NODEACCESSREQUESTED_6
19:20:10.230 (index):823 UPDATE_8
19:20:11.226 (index):805 NODEACCESSRELEASED_8
19:20:12.228 (index):823 UPDATE_6
19:20:12.230 (index):835 NODEACCESSREQUESTED_8
19:20:13.226 (index):864 END_6
19:20:14.226 (index):823 UPDATE_8
19:20:15.226 (index):864 END_8
