10:41:41.623 (index):1057 Tasks: 25; Collaborators: 3    =========================>
10:41:41.625 (index):935 ATTRIBUTEACCESSREQUESTED_0
10:41:41.626 (index):941 NODEACCESSREQUESTED_1
10:41:41.627 (index):941 NODEACCESSREQUESTED_2
10:41:42.626 (index):896 THINKING_0
10:41:42.627 (index):896 THINKING_1
10:41:42.628 (index):880 NODEACCESSRELEASED_2
10:41:43.629 (index):941 NODEACCESSREQUESTED_2
10:41:44.630 (index):905 UPDATE_2
10:41:44.732 (index):880 NODEACCESSRELEASED_2
10:41:45.573 (index):905 UPDATE_1
10:41:45.674 (index):880 NODEACCESSRELEASED_1
10:41:45.733 (index):941 NODEACCESSREQUESTED_2
10:41:46.676 (index):941 NODEACCESSREQUESTED_1
10:41:46.734 (index):905 UPDATE_2
10:41:46.836 (index):880 NODEACCESSRELEASED_2
10:41:46.975 (index):908 UPDATE_0
10:41:47.076 (index):884 ATTRIBUTEACCESSRELEASED_0
10:41:47.677 (index):905 UPDATE_1
10:41:47.778 (index):896 THINKING_1
10:41:47.837 (index):935 ATTRIBUTEACCESSREQUESTED_2
10:41:48.078 (index):935 ATTRIBUTEACCESSREQUESTED_0
10:41:48.838 (index):908 UPDATE_2
10:41:48.940 (index):896 THINKING_2
10:41:49.079 (index):908 UPDATE_0
10:41:49.180 (index):884 ATTRIBUTEACCESSRELEASED_0
10:41:50.182 (index):941 NODEACCESSREQUESTED_0
10:41:51.183 (index):905 UPDATE_0
10:41:51.284 (index):896 THINKING_0
10:41:51.328 (index):905 UPDATE_1
10:41:51.429 (index):896 THINKING_1
10:41:51.660 (index):908 UPDATE_2
10:41:51.761 (index):884 ATTRIBUTEACCESSRELEASED_2
10:41:52.763 (index):935 ATTRIBUTEACCESSREQUESTED_2
10:41:53.764 (index):908 UPDATE_2
10:41:53.855 (index):905 UPDATE_0
10:41:53.865 (index):884 ATTRIBUTEACCESSRELEASED_2
10:41:53.956 (index):896 THINKING_0
10:41:54.866 (index):941 NODEACCESSREQUESTED_2
10:41:55.822 (index):905 UPDATE_1
10:41:55.867 (index):905 UPDATE_2
10:41:55.923 (index):880 NODEACCESSRELEASED_1
10:41:55.969 (index):896 THINKING_2
10:41:56.925 (index):941 NODEACCESSREQUESTED_1
10:41:57.927 (index):905 UPDATE_1
10:41:58.028 (index):896 THINKING_1
10:41:58.520 (index):905 UPDATE_2
10:41:58.621 (index):896 THINKING_2
10:41:58.898 (index):905 UPDATE_0
10:41:59.000 (index):880 NODEACCESSRELEASED_0
10:42:00.023 (index):941 NODEACCESSREQUESTED_0
10:42:00.339 (index):905 UPDATE_1
10:42:00.441 (index):880 NODEACCESSRELEASED_1
10:42:01.226 (index):905 UPDATE_2
10:42:01.227 (index):905 UPDATE_0
10:42:02.228 (index):896 THINKING_2
10:42:02.230 (index):896 THINKING_0
10:42:02.231 (index):941 NODEACCESSREQUESTED_1
10:42:04.226 (index):905 UPDATE_1
10:42:05.230 (index):896 THINKING_1
10:42:05.231 (index):905 UPDATE_0
10:42:06.226 (index):880 NODEACCESSRELEASED_0
10:42:07.226 (index):905 UPDATE_2
10:42:08.226 (index):941 NODEACCESSREQUESTED_0
10:42:08.227 (index):880 NODEACCESSRELEASED_2
10:42:08.228 (index):905 UPDATE_1
10:42:09.226 (index):896 THINKING_1
10:42:10.227 (index):905 UPDATE_0
10:42:10.228 (index):941 NODEACCESSREQUESTED_2
10:42:11.226 (index):880 NODEACCESSRELEASED_0
10:42:12.228 (index):905 UPDATE_2
10:42:12.229 (index):941 NODEACCESSREQUESTED_0
10:42:13.226 (index):880 NODEACCESSRELEASED_2
10:42:14.226 (index):905 UPDATE_0
10:42:14.228 (index):905 UPDATE_1
10:42:15.226 (index):941 NODEACCESSREQUESTED_2
10:42:15.228 (index):896 THINKING_0
10:42:15.229 (index):896 THINKING_1
10:42:17.226 (index):905 UPDATE_2
10:42:18.226 (index):880 NODEACCESSRELEASED_2
10:42:19.230 (index):905 UPDATE_0
10:42:19.232 (index):941 NODEACCESSREQUESTED_2
10:42:20.226 (index):880 NODEACCESSRELEASED_0
10:42:20.227 (index):905 UPDATE_1
10:42:21.226 (index):905 UPDATE_2
10:42:21.228 (index):880 NODEACCESSRELEASED_1
10:42:22.228 (index):935 ATTRIBUTEACCESSREQUESTED_0
10:42:22.229 (index):880 NODEACCESSRELEASED_2
10:42:23.226 (index):941 NODEACCESSREQUESTED_1
10:42:24.226 (index):908 UPDATE_0
10:42:24.228 (index):941 NODEACCESSREQUESTED_2
10:42:25.226 (index):905 UPDATE_1
10:42:25.228 (index):884 ATTRIBUTEACCESSRELEASED_0
10:42:26.226 (index):905 UPDATE_2
10:42:26.227 (index):896 THINKING_1
10:42:27.226 (index):941 NODEACCESSREQUESTED_0
10:42:27.227 (index):975 END_2
10:42:29.226 (index):905 UPDATE_0
10:42:29.228 (index):905 UPDATE_1
10:42:30.226 (index):880 NODEACCESSRELEASED_0
10:42:30.228 (index):880 NODEACCESSRELEASED_1
10:42:31.228 (index):941 NODEACCESSREQUESTED_0
10:42:32.226 (index):941 NODEACCESSREQUESTED_1
10:42:33.226 (index):905 UPDATE_0
10:42:34.227 (index):905 UPDATE_1
10:42:34.228 (index):975 END_0
10:42:35.226 (index):975 END_1
