10:52:32.276 (index):1297 Tasks: 25; Collaborators: 15    =========================>
10:52:32.277 (index):935 ATTRIBUTEACCESSREQUESTED_0
10:52:32.277 (index):941 NODEACCESSREQUESTED_1
10:52:32.278 (index):941 NODEACCESSREQUESTED_2
10:52:32.279 (index):935 ATTRIBUTEACCESSREQUESTED_3
10:52:32.280 (index):935 ATTRIBUTEACCESSREQUESTED_4
10:52:32.281 (index):941 NODEACCESSREQUESTED_5
10:52:32.282 (index):941 NODEACCESSREQUESTED_6
10:52:32.283 (index):935 ATTRIBUTEACCESSREQUESTED_7
10:52:32.284 (index):941 NODEACCESSREQUESTED_8
10:52:32.285 (index):941 NODEACCESSREQUESTED_9
10:52:32.286 (index):941 NODEACCESSREQUESTED_10
10:52:32.286 (index):941 NODEACCESSREQUESTED_11
10:52:32.287 (index):941 NODEACCESSREQUESTED_12
10:52:32.287 (index):941 NODEACCESSREQUESTED_13
10:52:32.288 (index):941 NODEACCESSREQUESTED_14
10:52:33.277 (index):896 THINKING_0
10:52:33.279 (index):896 THINKING_1
10:52:33.280 (index):880 NODEACCESSRELEASED_2
10:52:33.281 (index):884 ATTRIBUTEACCESSRELEASED_3
10:52:33.282 (index):964 WAITING_4
10:52:33.282 (index):880 NODEACCESSRELEASED_5
10:52:33.283 (index):896 THINKING_6
10:52:33.284 (index):964 WAITING_7
10:52:33.285 (index):896 THINKING_8
10:52:33.286 (index):880 NODEACCESSRELEASED_9
10:52:33.286 (index):880 NODEACCESSRELEASED_10
10:52:33.287 (index):896 THINKING_11
10:52:33.287 (index):880 NODEACCESSRELEASED_12
10:52:33.288 (index):896 THINKING_13
10:52:33.288 (index):896 THINKING_14
10:52:34.281 (index):941 NODEACCESSREQUESTED_2
10:52:34.282 (index):935 ATTRIBUTEACCESSREQUESTED_3
10:52:34.283 (index):964 WAITING_4
10:52:34.284 (index):941 NODEACCESSREQUESTED_5
10:52:34.285 (index):964 WAITING_7
10:52:34.287 (index):941 NODEACCESSREQUESTED_9
10:52:34.288 (index):941 NODEACCESSREQUESTED_10
10:52:34.289 (index):941 NODEACCESSREQUESTED_12
10:52:35.282 (index):905 UPDATE_2
10:52:35.284 (index):908 UPDATE_3
10:52:35.285 (index):964 WAITING_4
10:52:35.285 (index):905 UPDATE_5
10:52:35.286 (index):964 WAITING_7
10:52:35.288 (index):905 UPDATE_9
10:52:35.289 (index):905 UPDATE_10
10:52:35.290 (index):905 UPDATE_12
10:52:35.311 (index):905 UPDATE_8
10:52:35.384 (index):880 NODEACCESSRELEASED_2
10:52:35.385 (index):884 ATTRIBUTEACCESSRELEASED_3
10:52:35.386 (index):896 THINKING_5
10:52:35.389 (index):896 THINKING_9
10:52:35.390 (index):896 THINKING_10
10:52:35.391 (index):880 NODEACCESSRELEASED_12
10:52:35.412 (index):896 THINKING_8
10:52:35.749 (index):905 UPDATE_11
10:52:35.850 (index):896 THINKING_11
10:52:36.001 (index):905 UPDATE_6
10:52:36.102 (index):880 NODEACCESSRELEASED_6
10:52:36.225 (index):905 UPDATE_1
10:52:36.286 (index):964 WAITING_4
10:52:36.287 (index):964 WAITING_7
10:52:36.326 (index):880 NODEACCESSRELEASED_1
10:52:36.385 (index):941 NODEACCESSREQUESTED_2
10:52:36.385 (index):941 NODEACCESSREQUESTED_3
10:52:36.392 (index):941 NODEACCESSREQUESTED_12
10:52:37.104 (index):935 ATTRIBUTEACCESSREQUESTED_6
10:52:37.287 (index):964 WAITING_4
10:52:37.288 (index):964 WAITING_7
10:52:37.327 (index):941 NODEACCESSREQUESTED_1
10:52:37.385 (index):905 UPDATE_2
10:52:37.386 (index):905 UPDATE_3
10:52:37.393 (index):905 UPDATE_12
10:52:37.442 (index):905 UPDATE_10
10:52:37.487 (index):880 NODEACCESSRELEASED_2
10:52:37.488 (index):896 THINKING_3
10:52:37.494 (index):880 NODEACCESSRELEASED_12
10:52:37.543 (index):880 NODEACCESSRELEASED_10
10:52:37.563 (index):905 UPDATE_13
10:52:37.627 (index):908 UPDATE_0
10:52:37.664 (index):880 NODEACCESSRELEASED_13
10:52:37.728 (index):884 ATTRIBUTEACCESSRELEASED_0
10:52:37.740 (index):905 UPDATE_14
10:52:37.801 (index):905 UPDATE_5
10:52:37.841 (index):880 NODEACCESSRELEASED_14
10:52:37.902 (index):880 NODEACCESSRELEASED_5
10:52:38.105 (index):908 UPDATE_6
10:52:38.206 (index):884 ATTRIBUTEACCESSRELEASED_6
10:52:38.288 (index):884 ATTRIBUTEACCESSRELEASED_4
10:52:38.289 (index):884 ATTRIBUTEACCESSRELEASED_7
10:52:38.329 (index):905 UPDATE_1
10:52:38.430 (index):896 THINKING_1
10:52:38.488 (index):935 ATTRIBUTEACCESSREQUESTED_2
10:52:38.495 (index):935 ATTRIBUTEACCESSREQUESTED_12
10:52:38.545 (index):941 NODEACCESSREQUESTED_10
10:52:38.665 (index):935 ATTRIBUTEACCESSREQUESTED_13
10:52:38.729 (index):935 ATTRIBUTEACCESSREQUESTED_0
10:52:38.842 (index):941 NODEACCESSREQUESTED_14
10:52:38.903 (index):941 NODEACCESSREQUESTED_5
10:52:39.147 (index):905 UPDATE_11
10:52:39.208 (index):941 NODEACCESSREQUESTED_6
10:52:39.249 (index):880 NODEACCESSRELEASED_11
10:52:39.289 (index):935 ATTRIBUTEACCESSREQUESTED_4
10:52:39.291 (index):935 ATTRIBUTEACCESSREQUESTED_7
10:52:39.489 (index):908 UPDATE_2
10:52:39.496 (index):908 UPDATE_12
10:52:39.546 (index):905 UPDATE_10
10:52:39.591 (index):896 THINKING_2
10:52:39.598 (index):896 THINKING_12
10:52:39.647 (index):896 THINKING_10
10:52:39.666 (index):908 UPDATE_13
10:52:39.730 (index):964 WAITING_0
10:52:39.767 (index):884 ATTRIBUTEACCESSRELEASED_13
10:52:39.844 (index):905 UPDATE_14
10:52:39.853 (index):905 UPDATE_8
10:52:39.900 (index):905 UPDATE_9
10:52:39.904 (index):905 UPDATE_5
10:52:39.945 (index):896 THINKING_14
10:52:39.954 (index):880 NODEACCESSRELEASED_8
10:52:40.001 (index):896 THINKING_9
10:52:40.005 (index):896 THINKING_5
10:52:40.209 (index):905 UPDATE_6
10:52:40.250 (index):941 NODEACCESSREQUESTED_11
10:52:40.291 (index):964 WAITING_4
10:52:40.292 (index):964 WAITING_7
10:52:40.310 (index):880 NODEACCESSRELEASED_6
10:52:40.731 (index):908 UPDATE_0
10:52:40.769 (index):935 ATTRIBUTEACCESSREQUESTED_13
10:52:40.833 (index):884 ATTRIBUTEACCESSRELEASED_0
10:52:40.955 (index):935 ATTRIBUTEACCESSREQUESTED_8
10:52:41.251 (index):905 UPDATE_11
10:52:41.292 (index):964 WAITING_4
10:52:41.293 (index):964 WAITING_7
10:52:41.312 (index):941 NODEACCESSREQUESTED_6
10:52:41.353 (index):880 NODEACCESSRELEASED_11
10:52:41.605 (index):905 UPDATE_3
10:52:41.706 (index):880 NODEACCESSRELEASED_3
10:52:41.770 (index):908 UPDATE_13
10:52:41.834 (index):941 NODEACCESSREQUESTED_0
10:52:41.871 (index):884 ATTRIBUTEACCESSRELEASED_13
10:52:41.956 (index):908 UPDATE_8
10:52:41.979 (index):905 UPDATE_1
10:52:42.058 (index):896 THINKING_8
10:52:42.080 (index):896 THINKING_1
10:52:42.293 (index):964 WAITING_4
10:52:42.294 (index):964 WAITING_7
10:52:42.310 (index):908 UPDATE_2
10:52:42.312 (index):905 UPDATE_6
10:52:42.354 (index):941 NODEACCESSREQUESTED_11
10:52:42.407 (index):905 UPDATE_9
10:52:42.411 (index):884 ATTRIBUTEACCESSRELEASED_2
10:52:42.413 (index):880 NODEACCESSRELEASED_6
10:52:42.509 (index):880 NODEACCESSRELEASED_9
10:52:42.624 (index):905 UPDATE_10
10:52:42.707 (index):935 ATTRIBUTEACCESSREQUESTED_3
10:52:42.725 (index):880 NODEACCESSRELEASED_10
10:52:42.835 (index):905 UPDATE_0
10:52:42.873 (index):935 ATTRIBUTEACCESSREQUESTED_13
10:52:42.936 (index):896 THINKING_0
10:52:42.946 (index):905 UPDATE_14
10:52:43.047 (index):880 NODEACCESSRELEASED_14
10:52:43.145 (index):905 UPDATE_5
10:52:43.246 (index):880 NODEACCESSRELEASED_5
10:52:43.294 (index):908 UPDATE_4
10:52:43.295 (index):964 WAITING_7
10:52:43.355 (index):905 UPDATE_11
10:52:43.396 (index):884 ATTRIBUTEACCESSRELEASED_4
10:52:43.412 (index):935 ATTRIBUTEACCESSREQUESTED_2
10:52:43.414 (index):941 NODEACCESSREQUESTED_6
10:52:43.457 (index):880 NODEACCESSRELEASED_11
10:52:43.509 (index):935 ATTRIBUTEACCESSREQUESTED_9
10:52:43.708 (index):908 UPDATE_3
10:52:43.726 (index):941 NODEACCESSREQUESTED_10
10:52:43.810 (index):884 ATTRIBUTEACCESSRELEASED_3
10:52:43.874 (index):908 UPDATE_13
10:52:43.975 (index):884 ATTRIBUTEACCESSRELEASED_13
10:52:44.049 (index):941 NODEACCESSREQUESTED_14
10:52:44.248 (index):935 ATTRIBUTEACCESSREQUESTED_5
10:52:44.257 (index):908 UPDATE_12
10:52:44.297 (index):908 UPDATE_7
10:52:44.358 (index):884 ATTRIBUTEACCESSRELEASED_12
10:52:44.397 (index):941 NODEACCESSREQUESTED_4
10:52:44.398 (index):884 ATTRIBUTEACCESSRELEASED_7
10:52:44.413 (index):964 WAITING_2
10:52:44.415 (index):905 UPDATE_6
10:52:44.458 (index):941 NODEACCESSREQUESTED_11
10:52:44.511 (index):964 WAITING_9
10:52:44.517 (index):880 NODEACCESSRELEASED_6
10:52:44.727 (index):905 UPDATE_10
10:52:44.811 (index):941 NODEACCESSREQUESTED_3
10:52:44.828 (index):896 THINKING_10
10:52:44.977 (index):941 NODEACCESSREQUESTED_13
10:52:45.050 (index):905 UPDATE_14
10:52:45.151 (index):880 NODEACCESSRELEASED_14
10:52:45.249 (index):964 WAITING_5
10:52:45.360 (index):935 ATTRIBUTEACCESSREQUESTED_12
10:52:45.398 (index):905 UPDATE_4
10:52:45.399 (index):941 NODEACCESSREQUESTED_7
10:52:45.414 (index):964 WAITING_2
10:52:45.459 (index):905 UPDATE_11
10:52:45.500 (index):880 NODEACCESSRELEASED_4
10:52:45.507 (index):905 UPDATE_0
10:52:45.512 (index):964 WAITING_9
10:52:45.518 (index):935 ATTRIBUTEACCESSREQUESTED_6
10:52:45.560 (index):896 THINKING_11
10:52:45.608 (index):896 THINKING_0
10:52:45.812 (index):905 UPDATE_3
10:52:45.914 (index):880 NODEACCESSRELEASED_3
10:52:45.978 (index):905 UPDATE_13
10:52:46.079 (index):880 NODEACCESSRELEASED_13
10:52:46.152 (index):941 NODEACCESSREQUESTED_14
10:52:46.250 (index):964 WAITING_5
10:52:46.361 (index):908 UPDATE_12
10:52:46.401 (index):905 UPDATE_7
10:52:46.415 (index):964 WAITING_2
10:52:46.462 (index):884 ATTRIBUTEACCESSRELEASED_12
10:52:46.473 (index):905 UPDATE_1
10:52:46.501 (index):935 ATTRIBUTEACCESSREQUESTED_4
10:52:46.502 (index):880 NODEACCESSRELEASED_7
10:52:46.513 (index):964 WAITING_9
10:52:46.519 (index):908 UPDATE_6
10:52:46.574 (index):880 NODEACCESSRELEASED_1
10:52:46.581 (index):908 UPDATE_8
10:52:46.620 (index):896 THINKING_6
10:52:46.682 (index):884 ATTRIBUTEACCESSRELEASED_8
10:52:46.915 (index):941 NODEACCESSREQUESTED_3
10:52:47.080 (index):935 ATTRIBUTEACCESSREQUESTED_13
10:52:47.153 (index):905 UPDATE_14
10:52:47.252 (index):964 WAITING_5
10:52:47.255 (index):880 NODEACCESSRELEASED_14
10:52:47.416 (index):908 UPDATE_2
10:52:47.464 (index):935 ATTRIBUTEACCESSREQUESTED_12
10:52:47.502 (index):964 WAITING_4
10:52:47.504 (index):941 NODEACCESSREQUESTED_7
10:52:47.514 (index):964 WAITING_9
10:52:47.517 (index):884 ATTRIBUTEACCESSRELEASED_2
10:52:47.576 (index):941 NODEACCESSREQUESTED_1
10:52:47.683 (index):935 ATTRIBUTEACCESSREQUESTED_8
10:52:47.916 (index):905 UPDATE_3
10:52:48.018 (index):880 NODEACCESSRELEASED_3
10:52:48.082 (index):908 UPDATE_13
10:52:48.183 (index):884 ATTRIBUTEACCESSRELEASED_13
10:52:48.253 (index):964 WAITING_5
10:52:48.256 (index):941 NODEACCESSREQUESTED_14
10:52:48.465 (index):908 UPDATE_12
10:52:48.504 (index):964 WAITING_4
10:52:48.505 (index):905 UPDATE_7
10:52:48.515 (index):908 UPDATE_9
10:52:48.519 (index):941 NODEACCESSREQUESTED_2
10:52:48.567 (index):884 ATTRIBUTEACCESSRELEASED_12
10:52:48.577 (index):905 UPDATE_1
10:52:48.606 (index):896 THINKING_7
10:52:48.616 (index):884 ATTRIBUTEACCESSRELEASED_9
10:52:48.678 (index):896 THINKING_1
10:52:48.685 (index):908 UPDATE_8
10:52:48.786 (index):884 ATTRIBUTEACCESSRELEASED_8
10:52:48.891 (index):908 UPDATE_6
10:52:48.993 (index):896 THINKING_6
10:52:49.019 (index):941 NODEACCESSREQUESTED_3
10:52:49.184 (index):935 ATTRIBUTEACCESSREQUESTED_13
10:52:49.254 (index):908 UPDATE_5
10:52:49.256 (index):905 UPDATE_14
10:52:49.355 (index):896 THINKING_5
10:52:49.357 (index):880 NODEACCESSRELEASED_14
10:52:49.492 (index):905 UPDATE_10
10:52:49.505 (index):964 WAITING_4
10:52:49.520 (index):905 UPDATE_2
10:52:49.568 (index):935 ATTRIBUTEACCESSREQUESTED_12
10:52:49.593 (index):880 NODEACCESSRELEASED_10
10:52:49.617 (index):935 ATTRIBUTEACCESSREQUESTED_9
10:52:49.621 (index):896 THINKING_2
10:52:49.787 (index):941 NODEACCESSREQUESTED_8
10:52:49.839 (index):905 UPDATE_11
10:52:49.940 (index):880 NODEACCESSRELEASED_11
10:52:50.020 (index):905 UPDATE_3
10:52:50.121 (index):880 NODEACCESSRELEASED_3
10:52:50.186 (index):964 WAITING_13
10:52:50.359 (index):941 NODEACCESSREQUESTED_14
10:52:50.506 (index):964 WAITING_4
10:52:50.550 (index):905 UPDATE_0
10:52:50.569 (index):964 WAITING_12
10:52:50.595 (index):941 NODEACCESSREQUESTED_10
10:52:50.619 (index):908 UPDATE_9
10:52:50.651 (index):880 NODEACCESSRELEASED_0
10:52:50.720 (index):884 ATTRIBUTEACCESSRELEASED_9
10:52:50.778 (index):905 UPDATE_7
10:52:50.788 (index):905 UPDATE_8
10:52:50.879 (index):880 NODEACCESSRELEASED_7
10:52:50.889 (index):896 THINKING_8
10:52:50.941 (index):935 ATTRIBUTEACCESSREQUESTED_11
10:52:50.989 (index):905 UPDATE_1
10:52:51.090 (index):880 NODEACCESSRELEASED_1
10:52:51.123 (index):941 NODEACCESSREQUESTED_3
10:52:51.187 (index):964 WAITING_13
10:52:51.360 (index):905 UPDATE_14
10:52:51.462 (index):896 THINKING_14
10:52:51.507 (index):964 WAITING_4
10:52:51.571 (index):964 WAITING_12
10:52:51.596 (index):905 UPDATE_10
10:52:51.652 (index):941 NODEACCESSREQUESTED_0
10:52:51.697 (index):896 THINKING_10
10:52:51.721 (index):941 NODEACCESSREQUESTED_9
10:52:51.880 (index):935 ATTRIBUTEACCESSREQUESTED_7
10:52:51.943 (index):908 UPDATE_11
10:52:51.947 (index):908 UPDATE_6
10:52:52.045 (index):884 ATTRIBUTEACCESSRELEASED_11
10:52:52.049 (index):884 ATTRIBUTEACCESSRELEASED_6
10:52:52.092 (index):941 NODEACCESSREQUESTED_1
10:52:52.124 (index):905 UPDATE_3
10:52:52.172 (index):905 UPDATE_2
10:52:52.188 (index):908 UPDATE_13
10:52:52.225 (index):896 THINKING_3
10:52:52.273 (index):896 THINKING_2
10:52:52.289 (index):884 ATTRIBUTEACCESSRELEASED_13
10:52:52.509 (index):964 WAITING_4
10:52:52.571 (index):964 WAITING_12
10:52:52.653 (index):905 UPDATE_0
10:52:52.723 (index):905 UPDATE_9
10:52:52.754 (index):896 THINKING_0
10:52:52.824 (index):896 THINKING_9
10:52:52.881 (index):908 UPDATE_7
10:52:52.982 (index):896 THINKING_7
10:52:53.046 (index):935 ATTRIBUTEACCESSREQUESTED_11
10:52:53.050 (index):941 NODEACCESSREQUESTED_6
10:52:53.093 (index):905 UPDATE_1
10:52:53.194 (index):896 THINKING_1
10:52:53.290 (index):941 NODEACCESSREQUESTED_13
10:52:53.510 (index):964 WAITING_4
10:52:53.573 (index):964 WAITING_12
10:52:53.692 (index):905 UPDATE_14
10:52:53.793 (index):880 NODEACCESSRELEASED_14
10:52:53.937 (index):908 UPDATE_5
10:52:54.039 (index):896 THINKING_5
10:52:54.047 (index):908 UPDATE_11
10:52:54.050 (index):905 UPDATE_6
10:52:54.148 (index):884 ATTRIBUTEACCESSRELEASED_11
10:52:54.151 (index):880 NODEACCESSRELEASED_6
10:52:54.187 (index):905 UPDATE_8
10:52:54.288 (index):880 NODEACCESSRELEASED_8
10:52:54.291 (index):905 UPDATE_13
10:52:54.392 (index):880 NODEACCESSRELEASED_13
10:52:54.501 (index):905 UPDATE_2
10:52:54.511 (index):964 WAITING_4
10:52:54.574 (index):964 WAITING_12
10:52:54.602 (index):896 THINKING_2
10:52:54.633 (index):905 UPDATE_3
10:52:54.734 (index):880 NODEACCESSRELEASED_3
10:52:54.795 (index):941 NODEACCESSREQUESTED_14
10:52:54.911 (index):905 UPDATE_0
10:52:55.012 (index):880 NODEACCESSRELEASED_0
10:52:55.149 (index):941 NODEACCESSREQUESTED_11
10:52:55.153 (index):941 NODEACCESSREQUESTED_6
10:52:55.289 (index):941 NODEACCESSREQUESTED_8
10:52:55.394 (index):941 NODEACCESSREQUESTED_13
10:52:55.483 (index):905 UPDATE_10
10:52:55.512 (index):964 WAITING_4
10:52:55.575 (index):964 WAITING_12
10:52:55.584 (index):880 NODEACCESSRELEASED_10
10:52:55.736 (index):935 ATTRIBUTEACCESSREQUESTED_3
10:52:55.796 (index):905 UPDATE_14
10:52:55.897 (index):880 NODEACCESSRELEASED_14
10:52:55.935 (index):905 UPDATE_9
10:52:56.013 (index):941 NODEACCESSREQUESTED_0
10:52:56.036 (index):880 NODEACCESSRELEASED_9
10:52:56.081 (index):908 UPDATE_5
10:52:56.125 (index):905 UPDATE_1
10:52:56.151 (index):905 UPDATE_11
10:52:56.154 (index):905 UPDATE_6
10:52:56.182 (index):884 ATTRIBUTEACCESSRELEASED_5
10:52:56.226 (index):896 THINKING_1
10:52:56.252 (index):896 THINKING_11
10:52:56.255 (index):880 NODEACCESSRELEASED_6
10:52:56.290 (index):905 UPDATE_8
10:52:56.392 (index):880 NODEACCESSRELEASED_8
10:52:56.395 (index):905 UPDATE_13
10:52:56.496 (index):880 NODEACCESSRELEASED_13
10:52:56.513 (index):908 UPDATE_4
10:52:56.576 (index):964 WAITING_12
10:52:56.586 (index):941 NODEACCESSREQUESTED_10
10:52:56.615 (index):884 ATTRIBUTEACCESSRELEASED_4
10:52:56.737 (index):964 WAITING_3
10:52:56.898 (index):935 ATTRIBUTEACCESSREQUESTED_14
10:52:57.015 (index):905 UPDATE_0
10:52:57.037 (index):941 NODEACCESSREQUESTED_9
10:52:57.116 (index):880 NODEACCESSRELEASED_0
10:52:57.184 (index):941 NODEACCESSREQUESTED_5
10:52:57.256 (index):935 ATTRIBUTEACCESSREQUESTED_6
10:52:57.393 (index):941 NODEACCESSREQUESTED_8
10:52:57.497 (index):941 NODEACCESSREQUESTED_13
10:52:57.577 (index):908 UPDATE_12
10:52:57.587 (index):905 UPDATE_10
10:52:57.616 (index):941 NODEACCESSREQUESTED_4
10:52:57.621 (index):908 UPDATE_7
10:52:57.679 (index):884 ATTRIBUTEACCESSRELEASED_12
10:52:57.688 (index):896 THINKING_10
10:52:57.722 (index):884 ATTRIBUTEACCESSRELEASED_7
10:52:57.738 (index):908 UPDATE_3
10:52:57.839 (index):884 ATTRIBUTEACCESSRELEASED_3
10:52:57.900 (index):908 UPDATE_14
10:52:58.001 (index):896 THINKING_14
10:52:58.038 (index):905 UPDATE_9
10:52:58.117 (index):941 NODEACCESSREQUESTED_0
10:52:58.139 (index):880 NODEACCESSRELEASED_9
10:52:58.185 (index):905 UPDATE_5
10:52:58.257 (index):964 WAITING_6
10:52:58.286 (index):896 THINKING_5
10:52:58.394 (index):905 UPDATE_8
10:52:58.495 (index):880 NODEACCESSRELEASED_8
10:52:58.499 (index):905 UPDATE_13
10:52:58.600 (index):880 NODEACCESSRELEASED_13
10:52:58.617 (index):905 UPDATE_4
10:52:58.680 (index):935 ATTRIBUTEACCESSREQUESTED_12
10:52:58.719 (index):880 NODEACCESSRELEASED_4
10:52:58.723 (index):941 NODEACCESSREQUESTED_7
10:52:58.841 (index):935 ATTRIBUTEACCESSREQUESTED_3
10:52:59.119 (index):905 UPDATE_0
10:52:59.140 (index):935 ATTRIBUTEACCESSREQUESTED_9
10:52:59.220 (index):896 THINKING_0
10:52:59.258 (index):964 WAITING_6
10:52:59.457 (index):905 UPDATE_2
10:52:59.496 (index):941 NODEACCESSREQUESTED_8
10:52:59.558 (index):880 NODEACCESSRELEASED_2
10:52:59.601 (index):941 NODEACCESSREQUESTED_13
10:52:59.636 (index):905 UPDATE_11
10:52:59.682 (index):908 UPDATE_12
10:52:59.720 (index):935 ATTRIBUTEACCESSREQUESTED_4
10:52:59.724 (index):905 UPDATE_7
10:52:59.737 (index):880 NODEACCESSRELEASED_11
10:52:59.783 (index):884 ATTRIBUTEACCESSRELEASED_12
10:52:59.826 (index):880 NODEACCESSRELEASED_7
10:52:59.841 (index):964 WAITING_3
10:53:00.141 (index):908 UPDATE_9
10:53:00.242 (index):896 THINKING_9
10:53:00.259 (index):964 WAITING_6
10:53:00.498 (index):905 UPDATE_8
10:53:00.560 (index):941 NODEACCESSREQUESTED_2
10:53:00.599 (index):880 NODEACCESSRELEASED_8
10:53:00.602 (index):905 UPDATE_13
10:53:00.703 (index):880 NODEACCESSRELEASED_13
10:53:00.721 (index):908 UPDATE_4
10:53:00.738 (index):941 NODEACCESSREQUESTED_11
10:53:00.784 (index):941 NODEACCESSREQUESTED_12
10:53:00.822 (index):896 THINKING_4
10:53:00.827 (index):941 NODEACCESSREQUESTED_7
10:53:00.836 (index):905 UPDATE_1
10:53:00.843 (index):964 WAITING_3
10:53:00.937 (index):896 THINKING_1
10:53:01.200 (index):908 UPDATE_14
10:53:01.260 (index):964 WAITING_6
10:53:01.302 (index):896 THINKING_14
10:53:01.561 (index):905 UPDATE_2
10:53:01.600 (index):941 NODEACCESSREQUESTED_8
10:53:01.662 (index):880 NODEACCESSRELEASED_2
10:53:01.704 (index):941 NODEACCESSREQUESTED_13
10:53:01.739 (index):905 UPDATE_11
10:53:01.785 (index):905 UPDATE_12
10:53:01.828 (index):905 UPDATE_7
10:53:01.840 (index):880 NODEACCESSRELEASED_11
10:53:01.844 (index):964 WAITING_3
10:53:01.886 (index):880 NODEACCESSRELEASED_12
10:53:01.929 (index):880 NODEACCESSRELEASED_7
10:53:02.262 (index):964 WAITING_6
10:53:02.574 (index):905 UPDATE_10
10:53:02.602 (index):905 UPDATE_8
10:53:02.663 (index):941 NODEACCESSREQUESTED_2
10:53:02.675 (index):880 NODEACCESSRELEASED_10
10:53:02.703 (index):880 NODEACCESSRELEASED_8
10:53:02.706 (index):905 UPDATE_13
10:53:02.807 (index):880 NODEACCESSRELEASED_13
10:53:02.842 (index):935 ATTRIBUTEACCESSREQUESTED_11
10:53:02.845 (index):964 WAITING_3
10:53:02.888 (index):941 NODEACCESSREQUESTED_12
10:53:02.931 (index):935 ATTRIBUTEACCESSREQUESTED_7
10:53:03.215 (index):905 UPDATE_0
10:53:03.221 (index):905 UPDATE_5
10:53:03.261 (index):908 UPDATE_4
10:53:03.263 (index):964 WAITING_6
10:53:03.317 (index):880 NODEACCESSRELEASED_0
10:53:03.322 (index):880 NODEACCESSRELEASED_5
10:53:03.361 (index):884 ATTRIBUTEACCESSRELEASED_4
10:53:03.664 (index):905 UPDATE_2
10:53:03.676 (index):935 ATTRIBUTEACCESSREQUESTED_10
10:53:03.704 (index):935 ATTRIBUTEACCESSREQUESTED_8
10:53:03.766 (index):880 NODEACCESSRELEASED_2
10:53:03.808 (index):941 NODEACCESSREQUESTED_13
10:53:03.843 (index):908 UPDATE_11
10:53:03.846 (index):964 WAITING_3
10:53:03.865 (index):908 UPDATE_9
10:53:03.890 (index):905 UPDATE_12
10:53:03.932 (index):964 WAITING_7
10:53:03.945 (index):896 THINKING_11
10:53:03.967 (index):884 ATTRIBUTEACCESSRELEASED_9
10:53:03.991 (index):896 THINKING_12
10:53:04.264 (index):964 WAITING_6
10:53:04.317 (index):935 ATTRIBUTEACCESSREQUESTED_0
10:53:04.323 (index):941 NODEACCESSREQUESTED_5
10:53:04.363 (index):935 ATTRIBUTEACCESSREQUESTED_4
10:53:04.677 (index):964 WAITING_10
10:53:04.706 (index):908 UPDATE_8
10:53:04.767 (index):941 NODEACCESSREQUESTED_2
10:53:04.807 (index):884 ATTRIBUTEACCESSRELEASED_8
10:53:04.809 (index):905 UPDATE_13
10:53:04.847 (index):964 WAITING_3
10:53:04.910 (index):975 END_13
10:53:04.933 (index):908 UPDATE_7
10:53:04.967 (index):935 ATTRIBUTEACCESSREQUESTED_9
10:53:05.034 (index):884 ATTRIBUTEACCESSRELEASED_7
10:53:05.129 (index):905 UPDATE_1
10:53:05.231 (index):880 NODEACCESSRELEASED_1
10:53:05.265 (index):964 WAITING_6
10:53:05.319 (index):964 WAITING_0
10:53:05.324 (index):905 UPDATE_5
10:53:05.364 (index):964 WAITING_4
10:53:05.376 (index):908 UPDATE_14
10:53:05.425 (index):880 NODEACCESSRELEASED_5
10:53:05.477 (index):884 ATTRIBUTEACCESSRELEASED_14
10:53:05.679 (index):908 UPDATE_10
10:53:05.768 (index):905 UPDATE_2
10:53:05.780 (index):884 ATTRIBUTEACCESSRELEASED_10
10:53:05.808 (index):941 NODEACCESSREQUESTED_8
10:53:05.848 (index):964 WAITING_3
10:53:05.870 (index):880 NODEACCESSRELEASED_2
10:53:05.969 (index):908 UPDATE_9
10:53:06.035 (index):941 NODEACCESSREQUESTED_7
10:53:06.070 (index):884 ATTRIBUTEACCESSRELEASED_9
10:53:06.233 (index):941 NODEACCESSREQUESTED_1
10:53:06.266 (index):908 UPDATE_6
10:53:06.320 (index):964 WAITING_0
10:53:06.365 (index):908 UPDATE_4
10:53:06.367 (index):884 ATTRIBUTEACCESSRELEASED_6
10:53:06.427 (index):941 NODEACCESSREQUESTED_5
10:53:06.467 (index):896 THINKING_4
10:53:06.478 (index):935 ATTRIBUTEACCESSREQUESTED_14
10:53:06.781 (index):935 ATTRIBUTEACCESSREQUESTED_10
10:53:06.809 (index):905 UPDATE_8
10:53:06.849 (index):908 UPDATE_3
10:53:06.871 (index):941 NODEACCESSREQUESTED_2
10:53:06.910 (index):975 END_8
10:53:06.950 (index):896 THINKING_3
10:53:07.037 (index):905 UPDATE_7
10:53:07.071 (index):941 NODEACCESSREQUESTED_9
10:53:07.109 (index):908 UPDATE_11
10:53:07.138 (index):880 NODEACCESSRELEASED_7
10:53:07.210 (index):975 END_11
10:53:07.234 (index):905 UPDATE_1
10:53:07.321 (index):964 WAITING_0
10:53:07.335 (index):896 THINKING_1
10:53:07.367 (index):905 UPDATE_12
10:53:07.368 (index):941 NODEACCESSREQUESTED_6
10:53:07.428 (index):905 UPDATE_5
10:53:07.468 (index):880 NODEACCESSRELEASED_12
10:53:07.480 (index):964 WAITING_14
10:53:07.530 (index):880 NODEACCESSRELEASED_5
10:53:07.783 (index):908 UPDATE_10
10:53:07.872 (index):905 UPDATE_2
10:53:07.884 (index):884 ATTRIBUTEACCESSRELEASED_10
10:53:07.973 (index):975 END_2
10:53:08.073 (index):905 UPDATE_9
10:53:08.139 (index):935 ATTRIBUTEACCESSREQUESTED_7
10:53:08.174 (index):880 NODEACCESSRELEASED_9
10:53:08.322 (index):964 WAITING_0
10:53:08.368 (index):905 UPDATE_6
10:53:08.469 (index):935 ATTRIBUTEACCESSREQUESTED_12
10:53:08.470 (index):880 NODEACCESSRELEASED_6
10:53:08.481 (index):964 WAITING_14
10:53:08.531 (index):941 NODEACCESSREQUESTED_5
10:53:08.885 (index):941 NODEACCESSREQUESTED_10
10:53:09.140 (index):964 WAITING_7
10:53:09.175 (index):941 NODEACCESSREQUESTED_9
10:53:09.288 (index):908 UPDATE_3
10:53:09.323 (index):964 WAITING_0
10:53:09.390 (index):884 ATTRIBUTEACCESSRELEASED_3
10:53:09.470 (index):908 UPDATE_12
10:53:09.471 (index):941 NODEACCESSREQUESTED_6
10:53:09.482 (index):964 WAITING_14
10:53:09.513 (index):905 UPDATE_1
10:53:09.533 (index):905 UPDATE_5
10:53:09.572 (index):884 ATTRIBUTEACCESSRELEASED_12
10:53:09.614 (index):880 NODEACCESSRELEASED_1
10:53:09.634 (index):880 NODEACCESSRELEASED_5
10:53:09.886 (index):905 UPDATE_10
10:53:09.988 (index):975 END_10
10:53:10.141 (index):964 WAITING_7
10:53:10.176 (index):905 UPDATE_9
10:53:10.278 (index):975 END_9
10:53:10.324 (index):908 UPDATE_0
10:53:10.391 (index):941 NODEACCESSREQUESTED_3
10:53:10.425 (index):884 ATTRIBUTEACCESSRELEASED_0
10:53:10.472 (index):905 UPDATE_6
10:53:10.483 (index):908 UPDATE_14
10:53:10.573 (index):935 ATTRIBUTEACCESSREQUESTED_12
10:53:10.574 (index):975 END_6
10:53:10.584 (index):975 END_14
10:53:10.615 (index):941 NODEACCESSREQUESTED_1
10:53:10.635 (index):941 NODEACCESSREQUESTED_5
10:53:10.676 (index):908 UPDATE_4
10:53:10.777 (index):896 THINKING_4
10:53:11.143 (index):908 UPDATE_7
10:53:11.244 (index):896 THINKING_7
10:53:11.392 (index):905 UPDATE_3
10:53:11.426 (index):941 NODEACCESSREQUESTED_0
10:53:11.493 (index):975 END_3
10:53:11.574 (index):908 UPDATE_12
10:53:11.616 (index):905 UPDATE_1
10:53:11.637 (index):905 UPDATE_5
10:53:11.676 (index):975 END_12
10:53:11.717 (index):975 END_1
10:53:11.737 (index):975 END_5
10:53:12.427 (index):905 UPDATE_0
10:53:12.528 (index):880 NODEACCESSRELEASED_0
10:53:13.529 (index):941 NODEACCESSREQUESTED_0
10:53:14.530 (index):905 UPDATE_0
10:53:14.632 (index):975 END_0
10:53:14.680 (index):908 UPDATE_7
10:53:14.736 (index):908 UPDATE_4
10:53:14.781 (index):884 ATTRIBUTEACCESSRELEASED_7
10:53:14.838 (index):896 THINKING_4
10:53:15.783 (index):941 NODEACCESSREQUESTED_7
10:53:16.784 (index):905 UPDATE_7
10:53:16.885 (index):975 END_7
10:53:17.604 (index):908 UPDATE_4
10:53:17.705 (index):884 ATTRIBUTEACCESSRELEASED_4
10:53:18.706 (index):941 NODEACCESSREQUESTED_4
10:53:19.708 (index):905 UPDATE_4
10:53:19.809 (index):880 NODEACCESSRELEASED_4
10:53:20.811 (index):941 NODEACCESSREQUESTED_4
10:53:21.812 (index):905 UPDATE_4
10:53:21.913 (index):896 THINKING_4
10:53:26.304 (index):905 UPDATE_4
10:53:26.405 (index):975 END_4
