10:55:14.027 (index):1402 Tasks: 25; Collaborators: 18    =========================>
10:55:14.028 (index):935 ATTRIBUTEACCESSREQUESTED_0
10:55:14.029 (index):941 NODEACCESSREQUESTED_1
10:55:14.030 (index):941 NODEACCESSREQUESTED_2
10:55:14.031 (index):935 ATTRIBUTEACCESSREQUESTED_3
10:55:14.032 (index):935 ATTRIBUTEACCESSREQUESTED_4
10:55:14.033 (index):941 NODEACCESSREQUESTED_5
10:55:14.034 (index):941 NODEACCESSREQUESTED_6
10:55:14.034 (index):935 ATTRIBUTEACCESSREQUESTED_7
10:55:14.035 (index):941 NODEACCESSREQUESTED_8
10:55:14.035 (index):941 NODEACCESSREQUESTED_9
10:55:14.036 (index):941 NODEACCESSREQUESTED_10
10:55:14.036 (index):941 NODEACCESSREQUESTED_11
10:55:14.037 (index):941 NODEACCESSREQUESTED_12
10:55:14.037 (index):941 NODEACCESSREQUESTED_13
10:55:14.038 (index):941 NODEACCESSREQUESTED_14
10:55:14.038 (index):941 NODEACCESSREQUESTED_15
10:55:14.038 (index):941 NODEACCESSREQUESTED_16
10:55:14.039 (index):941 NODEACCESSREQUESTED_17
10:55:15.029 (index):896 THINKING_0
10:55:15.030 (index):896 THINKING_1
10:55:15.032 (index):880 NODEACCESSRELEASED_2
10:55:15.033 (index):884 ATTRIBUTEACCESSRELEASED_3
10:55:15.034 (index):884 ATTRIBUTEACCESSRELEASED_4
10:55:15.035 (index):880 NODEACCESSRELEASED_5
10:55:15.035 (index):896 THINKING_6
10:55:15.036 (index):884 ATTRIBUTEACCESSRELEASED_7
10:55:15.038 (index):896 THINKING_8
10:55:15.039 (index):880 NODEACCESSRELEASED_9
10:55:15.040 (index):880 NODEACCESSRELEASED_10
10:55:15.041 (index):896 THINKING_11
10:55:15.042 (index):880 NODEACCESSRELEASED_12
10:55:15.042 (index):896 THINKING_13
10:55:15.043 (index):896 THINKING_14
10:55:15.043 (index):896 THINKING_15
10:55:15.043 (index):896 THINKING_16
10:55:15.044 (index):964 WAITING_17
10:55:16.033 (index):941 NODEACCESSREQUESTED_2
10:55:16.034 (index):935 ATTRIBUTEACCESSREQUESTED_3
10:55:16.035 (index):935 ATTRIBUTEACCESSREQUESTED_4
10:55:16.036 (index):941 NODEACCESSREQUESTED_5
10:55:16.038 (index):935 ATTRIBUTEACCESSREQUESTED_7
10:55:16.040 (index):941 NODEACCESSREQUESTED_9
10:55:16.041 (index):941 NODEACCESSREQUESTED_10
10:55:16.042 (index):941 NODEACCESSREQUESTED_12
10:55:16.044 (index):964 WAITING_17
10:55:17.034 (index):905 UPDATE_2
10:55:17.035 (index):908 UPDATE_3
10:55:17.036 (index):908 UPDATE_4
10:55:17.037 (index):905 UPDATE_5
10:55:17.038 (index):964 WAITING_7
10:55:17.040 (index):905 UPDATE_9
10:55:17.041 (index):905 UPDATE_10
10:55:17.043 (index):905 UPDATE_12
10:55:17.045 (index):964 WAITING_17
10:55:17.064 (index):905 UPDATE_8
10:55:17.135 (index):880 NODEACCESSRELEASED_2
10:55:17.136 (index):884 ATTRIBUTEACCESSRELEASED_3
10:55:17.137 (index):884 ATTRIBUTEACCESSRELEASED_4
10:55:17.138 (index):896 THINKING_5
10:55:17.141 (index):896 THINKING_9
10:55:17.142 (index):896 THINKING_10
10:55:17.144 (index):880 NODEACCESSRELEASED_12
10:55:17.164 (index):896 THINKING_8
10:55:17.325 (index):905 UPDATE_16
10:55:17.426 (index):880 NODEACCESSRELEASED_16
10:55:17.503 (index):905 UPDATE_11
10:55:17.604 (index):896 THINKING_11
10:55:17.754 (index):905 UPDATE_6
10:55:17.855 (index):880 NODEACCESSRELEASED_6
10:55:17.977 (index):905 UPDATE_1
10:55:18.039 (index):908 UPDATE_7
10:55:18.046 (index):964 WAITING_17
10:55:18.078 (index):880 NODEACCESSRELEASED_1
10:55:18.136 (index):941 NODEACCESSREQUESTED_2
10:55:18.137 (index):941 NODEACCESSREQUESTED_3
10:55:18.138 (index):941 NODEACCESSREQUESTED_4
10:55:18.140 (index):884 ATTRIBUTEACCESSRELEASED_7
10:55:18.145 (index):941 NODEACCESSREQUESTED_12
10:55:18.428 (index):941 NODEACCESSREQUESTED_16
10:55:18.498 (index):905 UPDATE_15
10:55:18.599 (index):880 NODEACCESSRELEASED_15
10:55:18.856 (index):935 ATTRIBUTEACCESSREQUESTED_6
10:55:19.047 (index):880 NODEACCESSRELEASED_17
10:55:19.079 (index):941 NODEACCESSREQUESTED_1
10:55:19.137 (index):905 UPDATE_2
10:55:19.138 (index):964 WAITING_3
10:55:19.139 (index):964 WAITING_4
10:55:19.141 (index):941 NODEACCESSREQUESTED_7
10:55:19.145 (index):964 WAITING_12
10:55:19.194 (index):905 UPDATE_10
10:55:19.238 (index):880 NODEACCESSRELEASED_2
10:55:19.295 (index):880 NODEACCESSRELEASED_10
10:55:19.317 (index):905 UPDATE_13
10:55:19.379 (index):908 UPDATE_0
10:55:19.418 (index):880 NODEACCESSRELEASED_13
10:55:19.429 (index):964 WAITING_16
10:55:19.479 (index):884 ATTRIBUTEACCESSRELEASED_0
10:55:19.494 (index):905 UPDATE_14
10:55:19.553 (index):905 UPDATE_5
10:55:19.595 (index):880 NODEACCESSRELEASED_14
10:55:19.601 (index):941 NODEACCESSREQUESTED_15
10:55:19.654 (index):880 NODEACCESSRELEASED_5
10:55:19.858 (index):908 UPDATE_6
10:55:19.959 (index):884 ATTRIBUTEACCESSRELEASED_6
10:55:20.049 (index):941 NODEACCESSREQUESTED_17
10:55:20.081 (index):905 UPDATE_1
10:55:20.139 (index):905 UPDATE_3
10:55:20.141 (index):964 WAITING_4
10:55:20.142 (index):905 UPDATE_7
10:55:20.146 (index):964 WAITING_12
10:55:20.182 (index):896 THINKING_1
10:55:20.240 (index):935 ATTRIBUTEACCESSREQUESTED_2
10:55:20.241 (index):896 THINKING_3
10:55:20.243 (index):880 NODEACCESSRELEASED_7
10:55:20.297 (index):941 NODEACCESSREQUESTED_10
10:55:20.419 (index):935 ATTRIBUTEACCESSREQUESTED_13
10:55:20.430 (index):964 WAITING_16
10:55:20.481 (index):935 ATTRIBUTEACCESSREQUESTED_0
10:55:20.597 (index):941 NODEACCESSREQUESTED_14
10:55:20.602 (index):905 UPDATE_15
10:55:20.656 (index):941 NODEACCESSREQUESTED_5
10:55:20.703 (index):880 NODEACCESSRELEASED_15
10:55:20.901 (index):905 UPDATE_11
10:55:20.960 (index):941 NODEACCESSREQUESTED_6
10:55:21.003 (index):880 NODEACCESSRELEASED_11
10:55:21.050 (index):905 UPDATE_17
10:55:21.142 (index):964 WAITING_4
10:55:21.147 (index):964 WAITING_12
10:55:21.151 (index):880 NODEACCESSRELEASED_17
10:55:21.241 (index):908 UPDATE_2
10:55:21.244 (index):941 NODEACCESSREQUESTED_7
10:55:21.298 (index):905 UPDATE_10
10:55:21.342 (index):896 THINKING_2
10:55:21.400 (index):896 THINKING_10
10:55:21.421 (index):908 UPDATE_13
10:55:21.431 (index):964 WAITING_16
10:55:21.482 (index):964 WAITING_0
10:55:21.522 (index):884 ATTRIBUTEACCESSRELEASED_13
10:55:21.598 (index):905 UPDATE_14
10:55:21.606 (index):905 UPDATE_8
10:55:21.653 (index):905 UPDATE_9
10:55:21.657 (index):905 UPDATE_5
10:55:21.699 (index):896 THINKING_14
10:55:21.704 (index):935 ATTRIBUTEACCESSREQUESTED_15
10:55:21.707 (index):880 NODEACCESSRELEASED_8
10:55:21.754 (index):896 THINKING_9
10:55:21.758 (index):896 THINKING_5
10:55:21.961 (index):905 UPDATE_6
10:55:22.004 (index):941 NODEACCESSREQUESTED_11
10:55:22.062 (index):880 NODEACCESSRELEASED_6
10:55:22.143 (index):964 WAITING_4
10:55:22.147 (index):964 WAITING_12
10:55:22.152 (index):941 NODEACCESSREQUESTED_17
10:55:22.245 (index):905 UPDATE_7
10:55:22.347 (index):896 THINKING_7
10:55:22.432 (index):964 WAITING_16
10:55:22.483 (index):964 WAITING_0
10:55:22.523 (index):935 ATTRIBUTEACCESSREQUESTED_13
10:55:22.706 (index):964 WAITING_15
10:55:22.708 (index):935 ATTRIBUTEACCESSREQUESTED_8
10:55:23.005 (index):905 UPDATE_11
10:55:23.063 (index):941 NODEACCESSREQUESTED_6
10:55:23.106 (index):880 NODEACCESSRELEASED_11
10:55:23.144 (index):964 WAITING_4
10:55:23.149 (index):964 WAITING_12
10:55:23.153 (index):905 UPDATE_17
10:55:23.254 (index):880 NODEACCESSRELEASED_17
10:55:23.434 (index):964 WAITING_16
10:55:23.484 (index):964 WAITING_0
10:55:23.525 (index):908 UPDATE_13
10:55:23.626 (index):884 ATTRIBUTEACCESSRELEASED_13
10:55:23.707 (index):964 WAITING_15
10:55:23.709 (index):908 UPDATE_8
10:55:23.731 (index):905 UPDATE_1
10:55:23.810 (index):896 THINKING_8
10:55:23.832 (index):896 THINKING_1
10:55:24.062 (index):908 UPDATE_2
10:55:24.064 (index):905 UPDATE_6
10:55:24.108 (index):941 NODEACCESSREQUESTED_11
10:55:24.145 (index):964 WAITING_4
10:55:24.149 (index):964 WAITING_12
10:55:24.160 (index):905 UPDATE_9
10:55:24.163 (index):884 ATTRIBUTEACCESSRELEASED_2
10:55:24.165 (index):880 NODEACCESSRELEASED_6
10:55:24.255 (index):941 NODEACCESSREQUESTED_17
10:55:24.262 (index):880 NODEACCESSRELEASED_9
10:55:24.358 (index):905 UPDATE_3
10:55:24.377 (index):905 UPDATE_10
10:55:24.434 (index):964 WAITING_16
10:55:24.459 (index):880 NODEACCESSRELEASED_3
10:55:24.478 (index):880 NODEACCESSRELEASED_10
10:55:24.486 (index):908 UPDATE_0
10:55:24.519 (index):905 UPDATE_7
10:55:24.587 (index):884 ATTRIBUTEACCESSRELEASED_0
10:55:24.620 (index):880 NODEACCESSRELEASED_7
10:55:24.627 (index):935 ATTRIBUTEACCESSREQUESTED_13
10:55:24.701 (index):905 UPDATE_14
10:55:24.708 (index):908 UPDATE_15
10:55:24.802 (index):880 NODEACCESSRELEASED_14
10:55:24.809 (index):896 THINKING_15
10:55:24.898 (index):905 UPDATE_5
10:55:24.999 (index):880 NODEACCESSRELEASED_5
10:55:25.109 (index):905 UPDATE_11
10:55:25.146 (index):905 UPDATE_4
10:55:25.150 (index):964 WAITING_12
10:55:25.164 (index):935 ATTRIBUTEACCESSREQUESTED_2
10:55:25.167 (index):941 NODEACCESSREQUESTED_6
10:55:25.210 (index):880 NODEACCESSRELEASED_11
10:55:25.247 (index):880 NODEACCESSRELEASED_4
10:55:25.256 (index):905 UPDATE_17
10:55:25.263 (index):935 ATTRIBUTEACCESSREQUESTED_9
10:55:25.357 (index):880 NODEACCESSRELEASED_17
10:55:25.435 (index):964 WAITING_16
10:55:25.461 (index):935 ATTRIBUTEACCESSREQUESTED_3
10:55:25.479 (index):941 NODEACCESSREQUESTED_10
10:55:25.588 (index):941 NODEACCESSREQUESTED_0
10:55:25.622 (index):935 ATTRIBUTEACCESSREQUESTED_7
10:55:25.628 (index):908 UPDATE_13
10:55:25.729 (index):884 ATTRIBUTEACCESSRELEASED_13
10:55:25.803 (index):941 NODEACCESSREQUESTED_14
10:55:26.000 (index):935 ATTRIBUTEACCESSREQUESTED_5
10:55:26.151 (index):905 UPDATE_12
10:55:26.165 (index):908 UPDATE_2
10:55:26.168 (index):905 UPDATE_6
10:55:26.212 (index):941 NODEACCESSREQUESTED_11
10:55:26.249 (index):935 ATTRIBUTEACCESSREQUESTED_4
10:55:26.253 (index):880 NODEACCESSRELEASED_12
10:55:26.264 (index):908 UPDATE_9
10:55:26.266 (index):884 ATTRIBUTEACCESSRELEASED_2
10:55:26.268 (index):880 NODEACCESSRELEASED_6
10:55:26.359 (index):935 ATTRIBUTEACCESSREQUESTED_17
10:55:26.365 (index):884 ATTRIBUTEACCESSRELEASED_9
10:55:26.436 (index):905 UPDATE_16
10:55:26.462 (index):908 UPDATE_3
10:55:26.481 (index):905 UPDATE_10
10:55:26.537 (index):880 NODEACCESSRELEASED_16
10:55:26.563 (index):884 ATTRIBUTEACCESSRELEASED_3
10:55:26.582 (index):896 THINKING_10
10:55:26.589 (index):905 UPDATE_0
10:55:26.623 (index):908 UPDATE_7
10:55:26.690 (index):896 THINKING_0
10:55:26.724 (index):896 THINKING_7
10:55:26.730 (index):941 NODEACCESSREQUESTED_13
10:55:26.804 (index):905 UPDATE_14
10:55:26.906 (index):880 NODEACCESSRELEASED_14
10:55:27.002 (index):964 WAITING_5
10:55:27.213 (index):905 UPDATE_11
10:55:27.250 (index):964 WAITING_4
10:55:27.254 (index):935 ATTRIBUTEACCESSREQUESTED_12
10:55:27.267 (index):941 NODEACCESSREQUESTED_2
10:55:27.269 (index):935 ATTRIBUTEACCESSREQUESTED_6
10:55:27.315 (index):896 THINKING_11
10:55:27.359 (index):964 WAITING_17
10:55:27.365 (index):935 ATTRIBUTEACCESSREQUESTED_9
10:55:27.538 (index):935 ATTRIBUTEACCESSREQUESTED_16
10:55:27.565 (index):941 NODEACCESSREQUESTED_3
10:55:27.731 (index):905 UPDATE_13
10:55:27.833 (index):880 NODEACCESSRELEASED_13
10:55:27.907 (index):941 NODEACCESSREQUESTED_14
10:55:28.003 (index):964 WAITING_5
10:55:28.226 (index):905 UPDATE_1
10:55:28.250 (index):964 WAITING_4
10:55:28.255 (index):964 WAITING_12
10:55:28.268 (index):905 UPDATE_2
10:55:28.270 (index):964 WAITING_6
10:55:28.327 (index):880 NODEACCESSRELEASED_1
10:55:28.333 (index):908 UPDATE_8
10:55:28.361 (index):964 WAITING_17
10:55:28.366 (index):964 WAITING_9
10:55:28.369 (index):896 THINKING_2
10:55:28.434 (index):884 ATTRIBUTEACCESSRELEASED_8
10:55:28.540 (index):964 WAITING_16
10:55:28.565 (index):905 UPDATE_3
10:55:28.667 (index):880 NODEACCESSRELEASED_3
10:55:28.834 (index):935 ATTRIBUTEACCESSREQUESTED_13
10:55:28.908 (index):905 UPDATE_14
10:55:29.004 (index):964 WAITING_5
10:55:29.009 (index):880 NODEACCESSRELEASED_14
10:55:29.158 (index):908 UPDATE_15
10:55:29.251 (index):964 WAITING_4
10:55:29.255 (index):964 WAITING_12
10:55:29.260 (index):896 THINKING_15
10:55:29.261 (index):905 UPDATE_0
10:55:29.271 (index):908 UPDATE_6
10:55:29.328 (index):941 NODEACCESSREQUESTED_1
10:55:29.362 (index):896 THINKING_0
10:55:29.363 (index):964 WAITING_17
10:55:29.368 (index):964 WAITING_9
10:55:29.372 (index):896 THINKING_6
10:55:29.435 (index):935 ATTRIBUTEACCESSREQUESTED_8
10:55:29.541 (index):964 WAITING_16
10:55:29.668 (index):941 NODEACCESSREQUESTED_3
10:55:29.835 (index):964 WAITING_13
10:55:30.006 (index):964 WAITING_5
10:55:30.010 (index):941 NODEACCESSREQUESTED_14
10:55:30.252 (index):964 WAITING_4
10:55:30.256 (index):964 WAITING_12
10:55:30.329 (index):905 UPDATE_1
10:55:30.364 (index):964 WAITING_17
10:55:30.369 (index):964 WAITING_9
10:55:30.430 (index):896 THINKING_1
10:55:30.437 (index):964 WAITING_8
10:55:30.542 (index):964 WAITING_16
10:55:30.669 (index):905 UPDATE_3
10:55:30.770 (index):880 NODEACCESSRELEASED_3
10:55:30.837 (index):964 WAITING_13
10:55:30.921 (index):905 UPDATE_2
10:55:31.007 (index):964 WAITING_5
10:55:31.011 (index):905 UPDATE_14
10:55:31.021 (index):896 THINKING_2
10:55:31.112 (index):880 NODEACCESSRELEASED_14
10:55:31.246 (index):905 UPDATE_10
10:55:31.254 (index):964 WAITING_4
10:55:31.257 (index):964 WAITING_12
10:55:31.347 (index):880 NODEACCESSRELEASED_10
10:55:31.362 (index):908 UPDATE_7
10:55:31.365 (index):964 WAITING_17
10:55:31.370 (index):964 WAITING_9
10:55:31.393 (index):908 UPDATE_15
10:55:31.437 (index):964 WAITING_8
10:55:31.463 (index):884 ATTRIBUTEACCESSRELEASED_7
10:55:31.494 (index):884 ATTRIBUTEACCESSRELEASED_15
10:55:31.544 (index):964 WAITING_16
10:55:31.593 (index):905 UPDATE_11
10:55:31.643 (index):908 UPDATE_6
10:55:31.694 (index):880 NODEACCESSRELEASED_11
10:55:31.744 (index):896 THINKING_6
10:55:31.771 (index):941 NODEACCESSREQUESTED_3
10:55:31.839 (index):964 WAITING_13
10:55:32.008 (index):908 UPDATE_5
10:55:32.109 (index):896 THINKING_5
10:55:32.113 (index):941 NODEACCESSREQUESTED_14
10:55:32.255 (index):964 WAITING_4
10:55:32.258 (index):908 UPDATE_12
10:55:32.349 (index):941 NODEACCESSREQUESTED_10
10:55:32.359 (index):896 THINKING_12
10:55:32.366 (index):964 WAITING_17
10:55:32.371 (index):964 WAITING_9
10:55:32.438 (index):964 WAITING_8
10:55:32.464 (index):941 NODEACCESSREQUESTED_7
10:55:32.495 (index):941 NODEACCESSREQUESTED_15
10:55:32.544 (index):964 WAITING_16
10:55:32.695 (index):935 ATTRIBUTEACCESSREQUESTED_11
10:55:32.741 (index):905 UPDATE_1
10:55:32.772 (index):905 UPDATE_3
10:55:32.840 (index):964 WAITING_13
10:55:32.842 (index):880 NODEACCESSRELEASED_1
10:55:32.873 (index):880 NODEACCESSRELEASED_3
10:55:33.114 (index):905 UPDATE_14
10:55:33.215 (index):896 THINKING_14
10:55:33.248 (index):905 UPDATE_2
10:55:33.256 (index):964 WAITING_4
10:55:33.349 (index):896 THINKING_2
10:55:33.350 (index):905 UPDATE_10
10:55:33.367 (index):964 WAITING_17
10:55:33.372 (index):964 WAITING_9
10:55:33.439 (index):964 WAITING_8
10:55:33.452 (index):896 THINKING_10
10:55:33.465 (index):905 UPDATE_7
10:55:33.497 (index):905 UPDATE_15
10:55:33.545 (index):964 WAITING_16
10:55:33.566 (index):880 NODEACCESSRELEASED_7
10:55:33.598 (index):896 THINKING_15
10:55:33.696 (index):908 UPDATE_11
10:55:33.797 (index):884 ATTRIBUTEACCESSRELEASED_11
10:55:33.841 (index):964 WAITING_13
10:55:33.843 (index):941 NODEACCESSREQUESTED_1
10:55:33.875 (index):941 NODEACCESSREQUESTED_3
10:55:34.257 (index):964 WAITING_4
10:55:34.304 (index):905 UPDATE_0
10:55:34.368 (index):964 WAITING_17
10:55:34.373 (index):964 WAITING_9
10:55:34.406 (index):880 NODEACCESSRELEASED_0
10:55:34.441 (index):964 WAITING_8
10:55:34.547 (index):964 WAITING_16
10:55:34.568 (index):941 NODEACCESSREQUESTED_7
10:55:34.698 (index):908 UPDATE_6
10:55:34.799 (index):935 ATTRIBUTEACCESSREQUESTED_11
10:55:34.800 (index):884 ATTRIBUTEACCESSRELEASED_6
10:55:34.842 (index):964 WAITING_13
10:55:34.845 (index):905 UPDATE_1
10:55:34.876 (index):905 UPDATE_3
10:55:34.946 (index):896 THINKING_1
10:55:34.977 (index):896 THINKING_3
10:55:35.258 (index):964 WAITING_4
10:55:35.369 (index):964 WAITING_17
10:55:35.373 (index):964 WAITING_9
10:55:35.407 (index):941 NODEACCESSREQUESTED_0
10:55:35.441 (index):964 WAITING_8
10:55:35.446 (index):905 UPDATE_14
10:55:35.546 (index):880 NODEACCESSRELEASED_14
10:55:35.548 (index):964 WAITING_16
10:55:35.569 (index):905 UPDATE_7
10:55:35.670 (index):880 NODEACCESSRELEASED_7
10:55:35.800 (index):964 WAITING_11
10:55:35.801 (index):941 NODEACCESSREQUESTED_6
10:55:35.843 (index):964 WAITING_13
10:55:36.259 (index):964 WAITING_4
10:55:36.362 (index):905 UPDATE_15
10:55:36.371 (index):964 WAITING_17
10:55:36.375 (index):964 WAITING_9
10:55:36.408 (index):905 UPDATE_0
10:55:36.442 (index):964 WAITING_8
10:55:36.463 (index):896 THINKING_15
10:55:36.510 (index):896 THINKING_0
10:55:36.548 (index):941 NODEACCESSREQUESTED_14
10:55:36.549 (index):964 WAITING_16
10:55:36.672 (index):935 ATTRIBUTEACCESSREQUESTED_7
10:55:36.692 (index):908 UPDATE_5
10:55:36.793 (index):896 THINKING_5
10:55:36.801 (index):964 WAITING_11
10:55:36.802 (index):905 UPDATE_6
10:55:36.845 (index):964 WAITING_13
10:55:36.903 (index):880 NODEACCESSRELEASED_6
10:55:37.018 (index):908 UPDATE_12
10:55:37.120 (index):884 ATTRIBUTEACCESSRELEASED_12
10:55:37.237 (index):905 UPDATE_10
10:55:37.261 (index):964 WAITING_4
10:55:37.338 (index):880 NODEACCESSRELEASED_10
10:55:37.372 (index):964 WAITING_17
10:55:37.376 (index):908 UPDATE_9
10:55:37.384 (index):905 UPDATE_3
10:55:37.443 (index):964 WAITING_8
10:55:37.477 (index):884 ATTRIBUTEACCESSRELEASED_9
10:55:37.485 (index):880 NODEACCESSRELEASED_3
10:55:37.549 (index):905 UPDATE_14
10:55:37.550 (index):964 WAITING_16
10:55:37.650 (index):880 NODEACCESSRELEASED_14
10:55:37.673 (index):908 UPDATE_7
10:55:37.774 (index):884 ATTRIBUTEACCESSRELEASED_7
10:55:37.802 (index):964 WAITING_11
10:55:37.846 (index):908 UPDATE_13
10:55:37.876 (index):905 UPDATE_1
10:55:37.905 (index):941 NODEACCESSREQUESTED_6
10:55:37.947 (index):884 ATTRIBUTEACCESSRELEASED_13
10:55:37.977 (index):896 THINKING_1
10:55:38.121 (index):935 ATTRIBUTEACCESSREQUESTED_12
10:55:38.204 (index):905 UPDATE_2
10:55:38.262 (index):964 WAITING_4
10:55:38.306 (index):880 NODEACCESSRELEASED_2
10:55:38.339 (index):941 NODEACCESSREQUESTED_10
10:55:38.373 (index):964 WAITING_17
10:55:38.444 (index):964 WAITING_8
10:55:38.478 (index):941 NODEACCESSREQUESTED_9
10:55:38.486 (index):935 ATTRIBUTEACCESSREQUESTED_3
10:55:38.551 (index):964 WAITING_16
10:55:38.652 (index):935 ATTRIBUTEACCESSREQUESTED_14
10:55:38.666 (index):905 UPDATE_0
10:55:38.767 (index):880 NODEACCESSRELEASED_0
10:55:38.775 (index):941 NODEACCESSREQUESTED_7
10:55:38.804 (index):964 WAITING_11
10:55:38.835 (index):908 UPDATE_5
10:55:38.906 (index):905 UPDATE_6
10:55:38.936 (index):884 ATTRIBUTEACCESSRELEASED_5
10:55:38.948 (index):935 ATTRIBUTEACCESSREQUESTED_13
10:55:39.007 (index):880 NODEACCESSRELEASED_6
10:55:39.070 (index):905 UPDATE_15
10:55:39.123 (index):908 UPDATE_12
10:55:39.171 (index):880 NODEACCESSRELEASED_15
10:55:39.224 (index):884 ATTRIBUTEACCESSRELEASED_12
10:55:39.263 (index):908 UPDATE_4
10:55:39.307 (index):941 NODEACCESSREQUESTED_2
10:55:39.341 (index):905 UPDATE_10
10:55:39.365 (index):884 ATTRIBUTEACCESSRELEASED_4
10:55:39.374 (index):908 UPDATE_17
10:55:39.442 (index):896 THINKING_10
10:55:39.445 (index):964 WAITING_8
10:55:39.475 (index):884 ATTRIBUTEACCESSRELEASED_17
10:55:39.479 (index):905 UPDATE_9
10:55:39.488 (index):908 UPDATE_3
10:55:39.553 (index):908 UPDATE_16
10:55:39.580 (index):896 THINKING_9
10:55:39.589 (index):884 ATTRIBUTEACCESSRELEASED_3
10:55:39.653 (index):908 UPDATE_14
10:55:39.654 (index):884 ATTRIBUTEACCESSRELEASED_16
10:55:39.754 (index):896 THINKING_14
10:55:39.768 (index):941 NODEACCESSREQUESTED_0
10:55:39.776 (index):905 UPDATE_7
10:55:39.805 (index):964 WAITING_11
10:55:39.877 (index):880 NODEACCESSRELEASED_7
10:55:39.938 (index):941 NODEACCESSREQUESTED_5
10:55:39.949 (index):908 UPDATE_13
10:55:40.008 (index):935 ATTRIBUTEACCESSREQUESTED_6
10:55:40.050 (index):884 ATTRIBUTEACCESSRELEASED_13
10:55:40.172 (index):935 ATTRIBUTEACCESSREQUESTED_15
10:55:40.225 (index):935 ATTRIBUTEACCESSREQUESTED_12
10:55:40.308 (index):905 UPDATE_2
10:55:40.366 (index):941 NODEACCESSREQUESTED_4
10:55:40.409 (index):880 NODEACCESSRELEASED_2
10:55:40.446 (index):908 UPDATE_8
10:55:40.477 (index):941 NODEACCESSREQUESTED_17
10:55:40.548 (index):884 ATTRIBUTEACCESSRELEASED_8
10:55:40.590 (index):935 ATTRIBUTEACCESSREQUESTED_3
10:55:40.655 (index):935 ATTRIBUTEACCESSREQUESTED_16
10:55:40.770 (index):905 UPDATE_0
10:55:40.806 (index):908 UPDATE_11
10:55:40.871 (index):880 NODEACCESSRELEASED_0
10:55:40.878 (index):935 ATTRIBUTEACCESSREQUESTED_7
10:55:40.908 (index):884 ATTRIBUTEACCESSRELEASED_11
10:55:40.939 (index):905 UPDATE_5
10:55:41.009 (index):908 UPDATE_6
10:55:41.040 (index):896 THINKING_5
10:55:41.051 (index):941 NODEACCESSREQUESTED_13
10:55:41.110 (index):884 ATTRIBUTEACCESSRELEASED_6
10:55:41.173 (index):908 UPDATE_15
10:55:41.226 (index):964 WAITING_12
10:55:41.274 (index):896 THINKING_15
10:55:41.367 (index):905 UPDATE_4
10:55:41.410 (index):941 NODEACCESSREQUESTED_2
10:55:41.468 (index):880 NODEACCESSRELEASED_4
10:55:41.478 (index):905 UPDATE_17
10:55:41.549 (index):941 NODEACCESSREQUESTED_8
10:55:41.579 (index):896 THINKING_17
10:55:41.591 (index):964 WAITING_3
10:55:41.656 (index):908 UPDATE_16
10:55:41.758 (index):896 THINKING_16
10:55:41.872 (index):941 NODEACCESSREQUESTED_0
10:55:41.879 (index):908 UPDATE_7
10:55:41.908 (index):941 NODEACCESSREQUESTED_11
10:55:41.981 (index):896 THINKING_7
10:55:42.052 (index):905 UPDATE_13
10:55:42.111 (index):941 NODEACCESSREQUESTED_6
10:55:42.153 (index):880 NODEACCESSRELEASED_13
10:55:42.227 (index):964 WAITING_12
10:55:42.411 (index):905 UPDATE_2
10:55:42.469 (index):935 ATTRIBUTEACCESSREQUESTED_4
10:55:42.512 (index):880 NODEACCESSRELEASED_2
10:55:42.550 (index):905 UPDATE_8
10:55:42.587 (index):905 UPDATE_1
10:55:42.593 (index):964 WAITING_3
10:55:42.651 (index):896 THINKING_8
10:55:42.688 (index):896 THINKING_1
10:55:42.691 (index):905 UPDATE_9
10:55:42.793 (index):880 NODEACCESSRELEASED_9
10:55:42.873 (index):905 UPDATE_0
10:55:42.910 (index):905 UPDATE_11
10:55:42.954 (index):908 UPDATE_14
10:55:42.974 (index):896 THINKING_0
10:55:43.010 (index):896 THINKING_11
10:55:43.055 (index):896 THINKING_14
10:55:43.112 (index):905 UPDATE_6
10:55:43.154 (index):941 NODEACCESSREQUESTED_13
10:55:43.213 (index):880 NODEACCESSRELEASED_6
10:55:43.228 (index):964 WAITING_12
10:55:43.471 (index):964 WAITING_4
10:55:43.513 (index):941 NODEACCESSREQUESTED_2
10:55:43.594 (index):964 WAITING_3
10:55:43.794 (index):941 NODEACCESSREQUESTED_9
10:55:44.155 (index):905 UPDATE_13
10:55:44.214 (index):941 NODEACCESSREQUESTED_6
10:55:44.229 (index):964 WAITING_12
10:55:44.257 (index):880 NODEACCESSRELEASED_13
10:55:44.327 (index):905 UPDATE_10
10:55:44.429 (index):880 NODEACCESSRELEASED_10
10:55:44.472 (index):964 WAITING_4
10:55:44.515 (index):905 UPDATE_2
10:55:44.595 (index):964 WAITING_3
10:55:44.616 (index):880 NODEACCESSRELEASED_2
10:55:44.795 (index):905 UPDATE_9
10:55:44.897 (index):880 NODEACCESSRELEASED_9
10:55:44.928 (index):905 UPDATE_17
10:55:45.029 (index):880 NODEACCESSRELEASED_17
10:55:45.215 (index):905 UPDATE_6
10:55:45.230 (index):964 WAITING_12
10:55:45.258 (index):941 NODEACCESSREQUESTED_13
10:55:45.317 (index):975 END_6
10:55:45.416 (index):908 UPDATE_7
10:55:45.430 (index):935 ATTRIBUTEACCESSREQUESTED_10
10:55:45.473 (index):964 WAITING_4
10:55:45.518 (index):884 ATTRIBUTEACCESSRELEASED_7
10:55:45.560 (index):908 UPDATE_15
10:55:45.596 (index):964 WAITING_3
10:55:45.617 (index):941 NODEACCESSREQUESTED_2
10:55:45.661 (index):884 ATTRIBUTEACCESSRELEASED_15
10:55:45.785 (index):908 UPDATE_16
10:55:45.886 (index):896 THINKING_16
10:55:45.898 (index):935 ATTRIBUTEACCESSREQUESTED_9
10:55:45.948 (index):905 UPDATE_8
10:55:45.974 (index):905 UPDATE_5
10:55:46.031 (index):935 ATTRIBUTEACCESSREQUESTED_17
10:55:46.050 (index):880 NODEACCESSRELEASED_8
10:55:46.075 (index):880 NODEACCESSRELEASED_5
10:55:46.231 (index):964 WAITING_12
10:55:46.259 (index):905 UPDATE_13
10:55:46.360 (index):880 NODEACCESSRELEASED_13
10:55:46.395 (index):905 UPDATE_11
10:55:46.431 (index):964 WAITING_10
10:55:46.474 (index):964 WAITING_4
10:55:46.496 (index):880 NODEACCESSRELEASED_11
10:55:46.519 (index):941 NODEACCESSREQUESTED_7
10:55:46.597 (index):908 UPDATE_3
10:55:46.618 (index):905 UPDATE_2
10:55:46.663 (index):941 NODEACCESSREQUESTED_15
10:55:46.698 (index):896 THINKING_3
10:55:46.720 (index):975 END_2
10:55:46.881 (index):905 UPDATE_1
10:55:46.899 (index):908 UPDATE_9
10:55:46.969 (index):905 UPDATE_0
10:55:46.982 (index):880 NODEACCESSRELEASED_1
10:55:47.000 (index):896 THINKING_9
10:55:47.032 (index):964 WAITING_17
10:55:47.051 (index):941 NODEACCESSREQUESTED_8
10:55:47.070 (index):880 NODEACCESSRELEASED_0
10:55:47.076 (index):941 NODEACCESSREQUESTED_5
10:55:47.129 (index):908 UPDATE_14
10:55:47.230 (index):884 ATTRIBUTEACCESSRELEASED_14
10:55:47.232 (index):908 UPDATE_12
10:55:47.334 (index):884 ATTRIBUTEACCESSRELEASED_12
10:55:47.362 (index):941 NODEACCESSREQUESTED_13
10:55:47.432 (index):908 UPDATE_10
10:55:47.476 (index):964 WAITING_4
10:55:47.497 (index):941 NODEACCESSREQUESTED_11
10:55:47.520 (index):905 UPDATE_7
10:55:47.534 (index):884 ATTRIBUTEACCESSRELEASED_10
10:55:47.622 (index):975 END_7
10:55:47.664 (index):905 UPDATE_15
10:55:47.765 (index):896 THINKING_15
10:55:47.984 (index):941 NODEACCESSREQUESTED_1
10:55:48.033 (index):964 WAITING_17
10:55:48.051 (index):905 UPDATE_8
10:55:48.072 (index):935 ATTRIBUTEACCESSREQUESTED_0
10:55:48.078 (index):905 UPDATE_5
10:55:48.153 (index):880 NODEACCESSRELEASED_8
10:55:48.179 (index):880 NODEACCESSRELEASED_5
10:55:48.231 (index):935 ATTRIBUTEACCESSREQUESTED_14
10:55:48.335 (index):935 ATTRIBUTEACCESSREQUESTED_12
10:55:48.363 (index):905 UPDATE_13
10:55:48.464 (index):880 NODEACCESSRELEASED_13
10:55:48.477 (index):964 WAITING_4
10:55:48.498 (index):905 UPDATE_11
10:55:48.515 (index):908 UPDATE_16
10:55:48.535 (index):935 ATTRIBUTEACCESSREQUESTED_10
10:55:48.599 (index):880 NODEACCESSRELEASED_11
10:55:48.616 (index):896 THINKING_16
10:55:48.984 (index):905 UPDATE_1
10:55:49.035 (index):964 WAITING_17
10:55:49.037 (index):908 UPDATE_3
10:55:49.073 (index):964 WAITING_0
10:55:49.086 (index):896 THINKING_1
10:55:49.137 (index):884 ATTRIBUTEACCESSRELEASED_3
10:55:49.153 (index):941 NODEACCESSREQUESTED_8
10:55:49.180 (index):941 NODEACCESSREQUESTED_5
10:55:49.232 (index):964 WAITING_14
10:55:49.336 (index):964 WAITING_12
10:55:49.465 (index):941 NODEACCESSREQUESTED_13
10:55:49.478 (index):908 UPDATE_4
10:55:49.536 (index):908 UPDATE_10
10:55:49.579 (index):896 THINKING_4
10:55:49.601 (index):935 ATTRIBUTEACCESSREQUESTED_11
10:55:49.637 (index):884 ATTRIBUTEACCESSRELEASED_10
10:55:50.036 (index):964 WAITING_17
10:55:50.074 (index):964 WAITING_0
10:55:50.139 (index):941 NODEACCESSREQUESTED_3
10:55:50.155 (index):905 UPDATE_8
10:55:50.181 (index):905 UPDATE_5
10:55:50.233 (index):964 WAITING_14
10:55:50.256 (index):880 NODEACCESSRELEASED_8
10:55:50.282 (index):880 NODEACCESSRELEASED_5
10:55:50.338 (index):964 WAITING_12
10:55:50.466 (index):905 UPDATE_13
10:55:50.568 (index):880 NODEACCESSRELEASED_13
10:55:50.602 (index):964 WAITING_11
10:55:50.623 (index):908 UPDATE_9
10:55:50.638 (index):941 NODEACCESSREQUESTED_10
10:55:50.724 (index):884 ATTRIBUTEACCESSRELEASED_9
10:55:51.037 (index):908 UPDATE_17
10:55:51.047 (index):908 UPDATE_16
10:55:51.075 (index):964 WAITING_0
10:55:51.138 (index):884 ATTRIBUTEACCESSRELEASED_17
10:55:51.140 (index):905 UPDATE_3
10:55:51.149 (index):884 ATTRIBUTEACCESSRELEASED_16
10:55:51.234 (index):908 UPDATE_14
10:55:51.241 (index):975 END_3
10:55:51.257 (index):941 NODEACCESSREQUESTED_8
10:55:51.264 (index):905 UPDATE_1
10:55:51.284 (index):941 NODEACCESSREQUESTED_5
10:55:51.336 (index):975 END_14
10:55:51.339 (index):908 UPDATE_12
10:55:51.365 (index):880 NODEACCESSRELEASED_1
10:55:51.439 (index):884 ATTRIBUTEACCESSRELEASED_12
10:55:51.555 (index):905 UPDATE_15
10:55:51.569 (index):941 NODEACCESSREQUESTED_13
10:55:51.603 (index):908 UPDATE_11
10:55:51.639 (index):905 UPDATE_10
10:55:51.656 (index):880 NODEACCESSRELEASED_15
10:55:51.704 (index):896 THINKING_11
10:55:51.725 (index):935 ATTRIBUTEACCESSREQUESTED_9
10:55:51.740 (index):975 END_10
10:55:52.017 (index):908 UPDATE_4
10:55:52.077 (index):964 WAITING_0
10:55:52.119 (index):884 ATTRIBUTEACCESSRELEASED_4
10:55:52.139 (index):941 NODEACCESSREQUESTED_17
10:55:52.150 (index):941 NODEACCESSREQUESTED_16
10:55:52.258 (index):905 UPDATE_8
10:55:52.285 (index):905 UPDATE_5
10:55:52.360 (index):880 NODEACCESSRELEASED_8
10:55:52.366 (index):941 NODEACCESSREQUESTED_1
10:55:52.386 (index):880 NODEACCESSRELEASED_5
10:55:52.441 (index):935 ATTRIBUTEACCESSREQUESTED_12
10:55:52.570 (index):905 UPDATE_13
10:55:52.657 (index):941 NODEACCESSREQUESTED_15
10:55:52.671 (index):975 END_13
10:55:52.727 (index):908 UPDATE_9
10:55:52.828 (index):884 ATTRIBUTEACCESSRELEASED_9
10:55:53.078 (index):908 UPDATE_0
10:55:53.120 (index):935 ATTRIBUTEACCESSREQUESTED_4
10:55:53.141 (index):905 UPDATE_17
10:55:53.150 (index):905 UPDATE_16
10:55:53.179 (index):884 ATTRIBUTEACCESSRELEASED_0
10:55:53.242 (index):880 NODEACCESSRELEASED_17
10:55:53.252 (index):896 THINKING_16
10:55:53.361 (index):941 NODEACCESSREQUESTED_8
10:55:53.367 (index):905 UPDATE_1
10:55:53.387 (index):941 NODEACCESSREQUESTED_5
10:55:53.442 (index):908 UPDATE_12
10:55:53.468 (index):975 END_1
10:55:53.543 (index):884 ATTRIBUTEACCESSRELEASED_12
10:55:53.659 (index):905 UPDATE_15
10:55:53.760 (index):975 END_15
10:55:53.829 (index):941 NODEACCESSREQUESTED_9
10:55:54.121 (index):908 UPDATE_4
10:55:54.180 (index):941 NODEACCESSREQUESTED_0
10:55:54.223 (index):896 THINKING_4
10:55:54.243 (index):941 NODEACCESSREQUESTED_17
10:55:54.362 (index):905 UPDATE_8
10:55:54.388 (index):905 UPDATE_5
10:55:54.464 (index):880 NODEACCESSRELEASED_8
10:55:54.489 (index):975 END_5
10:55:54.545 (index):941 NODEACCESSREQUESTED_12
10:55:54.830 (index):905 UPDATE_9
10:55:54.869 (index):908 UPDATE_11
10:55:54.932 (index):880 NODEACCESSRELEASED_9
10:55:54.970 (index):975 END_11
10:55:55.181 (index):905 UPDATE_0
10:55:55.245 (index):905 UPDATE_17
10:55:55.282 (index):880 NODEACCESSRELEASED_0
10:55:55.345 (index):896 THINKING_17
10:55:55.465 (index):935 ATTRIBUTEACCESSREQUESTED_8
10:55:55.546 (index):905 UPDATE_12
10:55:55.647 (index):880 NODEACCESSRELEASED_12
10:55:55.933 (index):941 NODEACCESSREQUESTED_9
10:55:56.283 (index):941 NODEACCESSREQUESTED_0
10:55:56.466 (index):908 UPDATE_8
10:55:56.567 (index):884 ATTRIBUTEACCESSRELEASED_8
10:55:56.649 (index):941 NODEACCESSREQUESTED_12
10:55:56.934 (index):905 UPDATE_9
10:55:57.035 (index):975 END_9
10:55:57.285 (index):905 UPDATE_0
10:55:57.386 (index):975 END_0
10:55:57.568 (index):941 NODEACCESSREQUESTED_8
10:55:57.650 (index):905 UPDATE_12
10:55:57.751 (index):896 THINKING_12
10:55:57.845 (index):905 UPDATE_16
10:55:57.946 (index):880 NODEACCESSRELEASED_16
10:55:58.432 (index):908 UPDATE_4
10:55:58.533 (index):896 THINKING_4
10:55:58.569 (index):905 UPDATE_8
10:55:58.671 (index):975 END_8
10:55:58.947 (index):941 NODEACCESSREQUESTED_16
10:55:59.051 (index):905 UPDATE_17
10:55:59.152 (index):880 NODEACCESSRELEASED_17
10:55:59.948 (index):905 UPDATE_16
10:56:00.050 (index):896 THINKING_16
10:56:00.153 (index):941 NODEACCESSREQUESTED_17
10:56:01.127 (index):905 UPDATE_12
10:56:01.155 (index):905 UPDATE_17
10:56:01.229 (index):880 NODEACCESSRELEASED_12
10:56:01.256 (index):896 THINKING_17
10:56:02.230 (index):935 ATTRIBUTEACCESSREQUESTED_12
10:56:02.492 (index):908 UPDATE_4
10:56:02.594 (index):896 THINKING_4
10:56:02.783 (index):905 UPDATE_16
10:56:02.884 (index):880 NODEACCESSRELEASED_16
10:56:03.232 (index):908 UPDATE_12
10:56:03.333 (index):884 ATTRIBUTEACCESSRELEASED_12
10:56:03.885 (index):941 NODEACCESSREQUESTED_16
10:56:04.335 (index):935 ATTRIBUTEACCESSREQUESTED_12
10:56:04.361 (index):905 UPDATE_17
10:56:04.462 (index):896 THINKING_17
10:56:04.886 (index):905 UPDATE_16
10:56:04.988 (index):880 NODEACCESSRELEASED_16
10:56:05.336 (index):908 UPDATE_12
10:56:05.359 (index):908 UPDATE_4
10:56:05.437 (index):975 END_12
10:56:05.460 (index):884 ATTRIBUTEACCESSRELEASED_4
10:56:05.989 (index):935 ATTRIBUTEACCESSREQUESTED_16
10:56:06.462 (index):941 NODEACCESSREQUESTED_4
10:56:06.990 (index):908 UPDATE_16
10:56:07.092 (index):975 END_16
10:56:07.157 (index):905 UPDATE_17
10:56:07.259 (index):975 END_17
10:56:07.463 (index):905 UPDATE_4
10:56:07.564 (index):880 NODEACCESSRELEASED_4
10:56:08.566 (index):941 NODEACCESSREQUESTED_4
10:56:09.567 (index):905 UPDATE_4
10:56:09.668 (index):896 THINKING_4
10:56:14.059 (index):905 UPDATE_4
10:56:14.160 (index):975 END_4
