10:49:16.776 (index):1185 Tasks: 25; Collaborators: 11    =========================>
10:49:16.777 (index):935 ATTRIBUTEACCESSREQUESTED_0
10:49:16.778 (index):941 NODEACCESSREQUESTED_1
10:49:16.779 (index):941 NODEACCESSREQUESTED_2
10:49:16.780 (index):935 ATTRIBUTEACCESSREQUESTED_3
10:49:16.781 (index):935 ATTRIBUTEACCESSREQUESTED_4
10:49:16.782 (index):941 NODEACCESSREQUESTED_5
10:49:16.782 (index):941 NODEACCESSREQUESTED_6
10:49:16.783 (index):935 ATTRIBUTEACCESSREQUESTED_7
10:49:16.783 (index):941 NODEACCESSREQUESTED_8
10:49:16.784 (index):941 NODEACCESSREQUESTED_9
10:49:16.784 (index):941 NODEACCESSREQUESTED_10
10:49:17.778 (index):896 THINKING_0
10:49:17.779 (index):896 THINKING_1
10:49:17.780 (index):880 NODEACCESSRELEASED_2
10:49:17.781 (index):964 WAITING_3
10:49:17.782 (index):884 ATTRIBUTEACCESSRELEASED_4
10:49:17.783 (index):880 NODEACCESSRELEASED_5
10:49:17.784 (index):896 THINKING_6
10:49:17.785 (index):884 ATTRIBUTEACCESSRELEASED_7
10:49:17.786 (index):896 THINKING_8
10:49:17.787 (index):880 NODEACCESSRELEASED_9
10:49:17.788 (index):880 NODEACCESSRELEASED_10
10:49:18.782 (index):941 NODEACCESSREQUESTED_2
10:49:18.783 (index):964 WAITING_3
10:49:18.784 (index):935 ATTRIBUTEACCESSREQUESTED_4
10:49:18.785 (index):941 NODEACCESSREQUESTED_5
10:49:18.786 (index):935 ATTRIBUTEACCESSREQUESTED_7
10:49:18.788 (index):941 NODEACCESSREQUESTED_9
10:49:18.789 (index):941 NODEACCESSREQUESTED_10
10:49:19.783 (index):905 UPDATE_2
10:49:19.784 (index):964 WAITING_3
10:49:19.785 (index):908 UPDATE_4
10:49:19.786 (index):905 UPDATE_5
10:49:19.787 (index):908 UPDATE_7
10:49:19.789 (index):905 UPDATE_9
10:49:19.790 (index):905 UPDATE_10
10:49:19.812 (index):905 UPDATE_8
10:49:19.884 (index):880 NODEACCESSRELEASED_2
10:49:19.886 (index):884 ATTRIBUTEACCESSRELEASED_4
10:49:19.887 (index):896 THINKING_5
10:49:19.888 (index):884 ATTRIBUTEACCESSRELEASED_7
10:49:19.890 (index):896 THINKING_9
10:49:19.891 (index):896 THINKING_10
10:49:19.913 (index):896 THINKING_8
10:49:20.502 (index):905 UPDATE_6
10:49:20.603 (index):880 NODEACCESSRELEASED_6
10:49:20.725 (index):905 UPDATE_1
10:49:20.785 (index):964 WAITING_3
10:49:20.827 (index):880 NODEACCESSRELEASED_1
10:49:20.886 (index):941 NODEACCESSREQUESTED_2
10:49:20.887 (index):941 NODEACCESSREQUESTED_4
10:49:20.889 (index):941 NODEACCESSREQUESTED_7
10:49:21.605 (index):935 ATTRIBUTEACCESSREQUESTED_6
10:49:21.787 (index):964 WAITING_3
10:49:21.828 (index):941 NODEACCESSREQUESTED_1
10:49:21.887 (index):905 UPDATE_2
10:49:21.888 (index):905 UPDATE_4
10:49:21.890 (index):905 UPDATE_7
10:49:21.943 (index):905 UPDATE_10
10:49:21.988 (index):880 NODEACCESSRELEASED_2
10:49:21.989 (index):880 NODEACCESSRELEASED_4
10:49:21.991 (index):880 NODEACCESSRELEASED_7
10:49:22.045 (index):880 NODEACCESSRELEASED_10
10:49:22.128 (index):908 UPDATE_0
10:49:22.229 (index):884 ATTRIBUTEACCESSRELEASED_0
10:49:22.302 (index):905 UPDATE_5
10:49:22.403 (index):880 NODEACCESSRELEASED_5
10:49:22.606 (index):908 UPDATE_6
10:49:22.707 (index):884 ATTRIBUTEACCESSRELEASED_6
10:49:22.788 (index):884 ATTRIBUTEACCESSRELEASED_3
10:49:22.829 (index):905 UPDATE_1
10:49:22.931 (index):896 THINKING_1
10:49:22.989 (index):935 ATTRIBUTEACCESSREQUESTED_2
10:49:22.991 (index):935 ATTRIBUTEACCESSREQUESTED_4
10:49:22.992 (index):941 NODEACCESSREQUESTED_7
10:49:23.046 (index):941 NODEACCESSREQUESTED_10
10:49:23.230 (index):935 ATTRIBUTEACCESSREQUESTED_0
10:49:23.404 (index):941 NODEACCESSREQUESTED_5
10:49:23.708 (index):941 NODEACCESSREQUESTED_6
10:49:23.789 (index):935 ATTRIBUTEACCESSREQUESTED_3
10:49:23.991 (index):908 UPDATE_2
10:49:23.992 (index):908 UPDATE_4
10:49:23.993 (index):905 UPDATE_7
10:49:24.048 (index):905 UPDATE_10
10:49:24.092 (index):896 THINKING_2
10:49:24.093 (index):884 ATTRIBUTEACCESSRELEASED_4
10:49:24.094 (index):896 THINKING_7
10:49:24.149 (index):896 THINKING_10
10:49:24.231 (index):964 WAITING_0
10:49:24.354 (index):905 UPDATE_8
10:49:24.402 (index):905 UPDATE_9
10:49:24.406 (index):905 UPDATE_5
10:49:24.456 (index):880 NODEACCESSRELEASED_8
10:49:24.504 (index):896 THINKING_9
10:49:24.507 (index):896 THINKING_5
10:49:24.710 (index):905 UPDATE_6
10:49:24.790 (index):908 UPDATE_3
10:49:24.811 (index):880 NODEACCESSRELEASED_6
10:49:24.892 (index):884 ATTRIBUTEACCESSRELEASED_3
10:49:25.094 (index):941 NODEACCESSREQUESTED_4
10:49:25.232 (index):964 WAITING_0
10:49:25.457 (index):935 ATTRIBUTEACCESSREQUESTED_8
10:49:25.812 (index):941 NODEACCESSREQUESTED_6
10:49:25.893 (index):941 NODEACCESSREQUESTED_3
10:49:26.095 (index):905 UPDATE_4
10:49:26.197 (index):880 NODEACCESSRELEASED_4
10:49:26.233 (index):964 WAITING_0
10:49:26.266 (index):905 UPDATE_7
10:49:26.367 (index):880 NODEACCESSRELEASED_7
10:49:26.458 (index):908 UPDATE_8
10:49:26.480 (index):905 UPDATE_1
10:49:26.560 (index):896 THINKING_8
10:49:26.581 (index):896 THINKING_1
10:49:26.811 (index):908 UPDATE_2
10:49:26.814 (index):905 UPDATE_6
10:49:26.894 (index):905 UPDATE_3
10:49:26.909 (index):905 UPDATE_9
10:49:26.912 (index):884 ATTRIBUTEACCESSRELEASED_2
10:49:26.915 (index):880 NODEACCESSRELEASED_6
10:49:26.996 (index):896 THINKING_3
10:49:27.011 (index):880 NODEACCESSRELEASED_9
10:49:27.126 (index):905 UPDATE_10
10:49:27.198 (index):935 ATTRIBUTEACCESSREQUESTED_4
10:49:27.228 (index):880 NODEACCESSRELEASED_10
10:49:27.235 (index):908 UPDATE_0
10:49:27.336 (index):884 ATTRIBUTEACCESSRELEASED_0
10:49:27.369 (index):935 ATTRIBUTEACCESSREQUESTED_7
10:49:27.646 (index):905 UPDATE_5
10:49:27.748 (index):880 NODEACCESSRELEASED_5
10:49:27.914 (index):935 ATTRIBUTEACCESSREQUESTED_2
10:49:27.916 (index):941 NODEACCESSREQUESTED_6
10:49:28.012 (index):935 ATTRIBUTEACCESSREQUESTED_9
10:49:28.200 (index):964 WAITING_4
10:49:28.229 (index):941 NODEACCESSREQUESTED_10
10:49:28.337 (index):941 NODEACCESSREQUESTED_0
10:49:28.370 (index):908 UPDATE_7
10:49:28.471 (index):896 THINKING_7
10:49:28.749 (index):935 ATTRIBUTEACCESSREQUESTED_5
10:49:28.915 (index):964 WAITING_2
10:49:28.917 (index):905 UPDATE_6
10:49:29.014 (index):908 UPDATE_9
10:49:29.019 (index):880 NODEACCESSRELEASED_6
10:49:29.115 (index):884 ATTRIBUTEACCESSRELEASED_9
10:49:29.201 (index):964 WAITING_4
10:49:29.230 (index):905 UPDATE_10
10:49:29.331 (index):896 THINKING_10
10:49:29.338 (index):905 UPDATE_0
10:49:29.439 (index):896 THINKING_0
10:49:29.750 (index):908 UPDATE_5
10:49:29.852 (index):896 THINKING_5
10:49:29.916 (index):964 WAITING_2
10:49:30.020 (index):935 ATTRIBUTEACCESSREQUESTED_6
10:49:30.116 (index):935 ATTRIBUTEACCESSREQUESTED_9
10:49:30.202 (index):964 WAITING_4
10:49:30.918 (index):964 WAITING_2
10:49:30.975 (index):905 UPDATE_1
10:49:31.022 (index):964 WAITING_6
10:49:31.076 (index):880 NODEACCESSRELEASED_1
10:49:31.083 (index):908 UPDATE_8
10:49:31.113 (index):905 UPDATE_3
10:49:31.118 (index):964 WAITING_9
10:49:31.184 (index):884 ATTRIBUTEACCESSRELEASED_8
10:49:31.203 (index):908 UPDATE_4
10:49:31.214 (index):880 NODEACCESSRELEASED_3
10:49:31.305 (index):896 THINKING_4
10:49:31.919 (index):964 WAITING_2
10:49:32.010 (index):905 UPDATE_0
10:49:32.024 (index):964 WAITING_6
10:49:32.077 (index):941 NODEACCESSREQUESTED_1
10:49:32.111 (index):896 THINKING_0
10:49:32.119 (index):964 WAITING_9
10:49:32.185 (index):935 ATTRIBUTEACCESSREQUESTED_8
10:49:32.215 (index):935 ATTRIBUTEACCESSREQUESTED_3
10:49:32.920 (index):964 WAITING_2
10:49:33.025 (index):964 WAITING_6
10:49:33.079 (index):905 UPDATE_1
10:49:33.109 (index):908 UPDATE_7
10:49:33.120 (index):964 WAITING_9
10:49:33.180 (index):896 THINKING_1
10:49:33.187 (index):964 WAITING_8
10:49:33.210 (index):884 ATTRIBUTEACCESSRELEASED_7
10:49:33.217 (index):964 WAITING_3
10:49:33.743 (index):908 UPDATE_4
10:49:33.844 (index):884 ATTRIBUTEACCESSRELEASED_4
10:49:33.922 (index):908 UPDATE_2
10:49:33.996 (index):905 UPDATE_10
10:49:34.023 (index):884 ATTRIBUTEACCESSRELEASED_2
10:49:34.026 (index):908 UPDATE_6
10:49:34.097 (index):880 NODEACCESSRELEASED_10
10:49:34.121 (index):964 WAITING_9
10:49:34.128 (index):896 THINKING_6
10:49:34.188 (index):908 UPDATE_8
10:49:34.212 (index):941 NODEACCESSREQUESTED_7
10:49:34.218 (index):964 WAITING_3
10:49:34.289 (index):884 ATTRIBUTEACCESSRELEASED_8
10:49:34.434 (index):908 UPDATE_5
10:49:34.540 (index):896 THINKING_5
10:49:34.846 (index):935 ATTRIBUTEACCESSREQUESTED_4
10:49:35.024 (index):941 NODEACCESSREQUESTED_2
10:49:35.098 (index):941 NODEACCESSREQUESTED_10
10:49:35.123 (index):964 WAITING_9
10:49:35.213 (index):905 UPDATE_7
10:49:35.219 (index):964 WAITING_3
10:49:35.290 (index):941 NODEACCESSREQUESTED_8
10:49:35.314 (index):880 NODEACCESSRELEASED_7
10:49:35.491 (index):905 UPDATE_1
10:49:35.593 (index):880 NODEACCESSRELEASED_1
10:49:35.847 (index):964 WAITING_4
10:49:36.026 (index):905 UPDATE_2
10:49:36.099 (index):905 UPDATE_10
10:49:36.124 (index):964 WAITING_9
10:49:36.127 (index):896 THINKING_2
10:49:36.200 (index):896 THINKING_10
10:49:36.220 (index):964 WAITING_3
10:49:36.291 (index):905 UPDATE_8
10:49:36.315 (index):941 NODEACCESSREQUESTED_7
10:49:36.392 (index):896 THINKING_8
10:49:36.399 (index):908 UPDATE_6
10:49:36.500 (index):896 THINKING_6
10:49:36.583 (index):908 UPDATE_5
10:49:36.594 (index):941 NODEACCESSREQUESTED_1
10:49:36.684 (index):884 ATTRIBUTEACCESSRELEASED_5
10:49:36.848 (index):908 UPDATE_4
10:49:36.949 (index):896 THINKING_4
10:49:37.053 (index):905 UPDATE_0
10:49:37.125 (index):964 WAITING_9
10:49:37.155 (index):880 NODEACCESSRELEASED_0
10:49:37.221 (index):964 WAITING_3
10:49:37.317 (index):905 UPDATE_7
10:49:37.418 (index):880 NODEACCESSRELEASED_7
10:49:37.595 (index):905 UPDATE_1
10:49:37.685 (index):941 NODEACCESSREQUESTED_5
10:49:37.697 (index):896 THINKING_1
10:49:38.127 (index):964 WAITING_9
10:49:38.156 (index):941 NODEACCESSREQUESTED_0
10:49:38.222 (index):964 WAITING_3
10:49:38.419 (index):935 ATTRIBUTEACCESSREQUESTED_7
10:49:38.678 (index):905 UPDATE_2
10:49:38.686 (index):905 UPDATE_5
10:49:38.779 (index):896 THINKING_2
10:49:38.788 (index):896 THINKING_5
10:49:39.128 (index):964 WAITING_9
10:49:39.158 (index):905 UPDATE_0
10:49:39.224 (index):964 WAITING_3
10:49:39.259 (index):896 THINKING_0
10:49:39.421 (index):908 UPDATE_7
10:49:39.454 (index):908 UPDATE_6
10:49:39.522 (index):884 ATTRIBUTEACCESSRELEASED_7
10:49:39.556 (index):884 ATTRIBUTEACCESSRELEASED_6
10:49:39.690 (index):905 UPDATE_8
10:49:39.791 (index):880 NODEACCESSRELEASED_8
10:49:39.985 (index):905 UPDATE_10
10:49:40.087 (index):880 NODEACCESSRELEASED_10
10:49:40.129 (index):908 UPDATE_9
10:49:40.225 (index):964 WAITING_3
10:49:40.231 (index):884 ATTRIBUTEACCESSRELEASED_9
10:49:40.523 (index):941 NODEACCESSREQUESTED_7
10:49:40.557 (index):941 NODEACCESSREQUESTED_6
10:49:40.627 (index):905 UPDATE_1
10:49:40.728 (index):896 THINKING_1
10:49:40.792 (index):941 NODEACCESSREQUESTED_8
10:49:41.007 (index):905 UPDATE_2
10:49:41.088 (index):941 NODEACCESSREQUESTED_10
10:49:41.108 (index):896 THINKING_2
10:49:41.159 (index):908 UPDATE_4
10:49:41.226 (index):908 UPDATE_3
10:49:41.232 (index):941 NODEACCESSREQUESTED_9
10:49:41.260 (index):896 THINKING_4
10:49:41.328 (index):884 ATTRIBUTEACCESSRELEASED_3
10:49:41.415 (index):905 UPDATE_0
10:49:41.516 (index):880 NODEACCESSRELEASED_0
10:49:41.524 (index):905 UPDATE_7
10:49:41.559 (index):905 UPDATE_6
10:49:41.625 (index):880 NODEACCESSRELEASED_7
10:49:41.660 (index):880 NODEACCESSRELEASED_6
10:49:41.794 (index):905 UPDATE_8
10:49:41.895 (index):880 NODEACCESSRELEASED_8
10:49:42.089 (index):905 UPDATE_10
10:49:42.190 (index):896 THINKING_10
10:49:42.234 (index):905 UPDATE_9
10:49:42.329 (index):941 NODEACCESSREQUESTED_3
10:49:42.334 (index):896 THINKING_9
10:49:42.518 (index):941 NODEACCESSREQUESTED_0
10:49:42.626 (index):935 ATTRIBUTEACCESSREQUESTED_7
10:49:42.661 (index):941 NODEACCESSREQUESTED_6
10:49:42.896 (index):941 NODEACCESSREQUESTED_8
10:49:43.330 (index):905 UPDATE_3
10:49:43.431 (index):880 NODEACCESSRELEASED_3
10:49:43.519 (index):905 UPDATE_0
10:49:43.621 (index):880 NODEACCESSRELEASED_0
10:49:43.628 (index):908 UPDATE_7
10:49:43.663 (index):905 UPDATE_6
10:49:43.723 (index):905 UPDATE_5
10:49:43.729 (index):896 THINKING_7
10:49:43.764 (index):880 NODEACCESSRELEASED_6
10:49:43.824 (index):880 NODEACCESSRELEASED_5
10:49:43.897 (index):905 UPDATE_8
10:49:43.998 (index):880 NODEACCESSRELEASED_8
10:49:44.432 (index):941 NODEACCESSREQUESTED_3
10:49:44.622 (index):941 NODEACCESSREQUESTED_0
10:49:44.765 (index):935 ATTRIBUTEACCESSREQUESTED_6
10:49:44.825 (index):941 NODEACCESSREQUESTED_5
10:49:44.999 (index):941 NODEACCESSREQUESTED_8
10:49:45.219 (index):908 UPDATE_4
10:49:45.321 (index):896 THINKING_4
10:49:45.337 (index):905 UPDATE_1
10:49:45.434 (index):905 UPDATE_3
10:49:45.438 (index):896 THINKING_1
10:49:45.445 (index):905 UPDATE_9
10:49:45.535 (index):880 NODEACCESSRELEASED_3
10:49:45.546 (index):880 NODEACCESSRELEASED_9
10:49:45.623 (index):905 UPDATE_0
10:49:45.725 (index):896 THINKING_0
10:49:45.766 (index):964 WAITING_6
10:49:45.827 (index):905 UPDATE_5
10:49:45.928 (index):880 NODEACCESSRELEASED_5
10:49:45.963 (index):905 UPDATE_2
10:49:46.001 (index):905 UPDATE_8
10:49:46.065 (index):880 NODEACCESSRELEASED_2
10:49:46.102 (index):880 NODEACCESSRELEASED_8
10:49:46.536 (index):941 NODEACCESSREQUESTED_3
10:49:46.547 (index):941 NODEACCESSREQUESTED_9
10:49:46.768 (index):964 WAITING_6
10:49:46.929 (index):941 NODEACCESSREQUESTED_5
10:49:47.066 (index):941 NODEACCESSREQUESTED_2
10:49:47.076 (index):905 UPDATE_10
10:49:47.103 (index):941 NODEACCESSREQUESTED_8
10:49:47.165 (index):908 UPDATE_7
10:49:47.177 (index):880 NODEACCESSRELEASED_10
10:49:47.266 (index):884 ATTRIBUTEACCESSRELEASED_7
10:49:47.538 (index):905 UPDATE_3
10:49:47.549 (index):905 UPDATE_9
10:49:47.639 (index):880 NODEACCESSRELEASED_3
10:49:47.650 (index):880 NODEACCESSRELEASED_9
10:49:47.769 (index):908 UPDATE_6
10:49:47.870 (index):884 ATTRIBUTEACCESSRELEASED_6
10:49:47.931 (index):905 UPDATE_5
10:49:48.032 (index):880 NODEACCESSRELEASED_5
10:49:48.067 (index):905 UPDATE_2
10:49:48.087 (index):908 UPDATE_4
10:49:48.104 (index):905 UPDATE_8
10:49:48.169 (index):880 NODEACCESSRELEASED_2
10:49:48.178 (index):935 ATTRIBUTEACCESSREQUESTED_10
10:49:48.188 (index):884 ATTRIBUTEACCESSRELEASED_4
10:49:48.205 (index):880 NODEACCESSRELEASED_8
10:49:48.267 (index):941 NODEACCESSREQUESTED_7
10:49:48.640 (index):941 NODEACCESSREQUESTED_3
10:49:48.651 (index):935 ATTRIBUTEACCESSREQUESTED_9
10:49:48.871 (index):941 NODEACCESSREQUESTED_6
10:49:49.033 (index):941 NODEACCESSREQUESTED_5
10:49:49.170 (index):941 NODEACCESSREQUESTED_2
10:49:49.179 (index):908 UPDATE_10
10:49:49.189 (index):941 NODEACCESSREQUESTED_4
10:49:49.207 (index):935 ATTRIBUTEACCESSREQUESTED_8
10:49:49.269 (index):905 UPDATE_7
10:49:49.280 (index):884 ATTRIBUTEACCESSRELEASED_10
10:49:49.370 (index):975 END_7
10:49:49.631 (index):905 UPDATE_1
10:49:49.642 (index):905 UPDATE_3
10:49:49.652 (index):908 UPDATE_9
10:49:49.719 (index):905 UPDATE_0
10:49:49.732 (index):880 NODEACCESSRELEASED_1
10:49:49.743 (index):896 THINKING_3
10:49:49.754 (index):896 THINKING_9
10:49:49.821 (index):880 NODEACCESSRELEASED_0
10:49:49.872 (index):905 UPDATE_6
10:49:49.974 (index):880 NODEACCESSRELEASED_6
10:49:50.034 (index):905 UPDATE_5
10:49:50.135 (index):880 NODEACCESSRELEASED_5
10:49:50.171 (index):905 UPDATE_2
10:49:50.191 (index):905 UPDATE_4
10:49:50.208 (index):908 UPDATE_8
10:49:50.273 (index):880 NODEACCESSRELEASED_2
10:49:50.282 (index):935 ATTRIBUTEACCESSREQUESTED_10
10:49:50.292 (index):880 NODEACCESSRELEASED_4
10:49:50.309 (index):884 ATTRIBUTEACCESSRELEASED_8
10:49:50.733 (index):941 NODEACCESSREQUESTED_1
10:49:50.822 (index):935 ATTRIBUTEACCESSREQUESTED_0
10:49:50.975 (index):941 NODEACCESSREQUESTED_6
10:49:51.137 (index):941 NODEACCESSREQUESTED_5
10:49:51.274 (index):941 NODEACCESSREQUESTED_2
10:49:51.282 (index):908 UPDATE_10
10:49:51.293 (index):941 NODEACCESSREQUESTED_4
10:49:51.310 (index):941 NODEACCESSREQUESTED_8
10:49:51.383 (index):884 ATTRIBUTEACCESSRELEASED_10
10:49:51.735 (index):905 UPDATE_1
10:49:51.823 (index):908 UPDATE_0
10:49:51.836 (index):896 THINKING_1
10:49:51.924 (index):884 ATTRIBUTEACCESSRELEASED_0
10:49:51.976 (index):905 UPDATE_6
10:49:52.077 (index):975 END_6
10:49:52.138 (index):905 UPDATE_5
10:49:52.150 (index):905 UPDATE_3
10:49:52.239 (index):975 END_5
10:49:52.251 (index):880 NODEACCESSRELEASED_3
10:49:52.275 (index):905 UPDATE_2
10:49:52.294 (index):905 UPDATE_4
10:49:52.311 (index):905 UPDATE_8
10:49:52.376 (index):880 NODEACCESSRELEASED_2
10:49:52.384 (index):941 NODEACCESSREQUESTED_10
10:49:52.396 (index):896 THINKING_4
10:49:52.412 (index):975 END_8
10:49:52.926 (index):941 NODEACCESSREQUESTED_0
10:49:53.252 (index):935 ATTRIBUTEACCESSREQUESTED_3
10:49:53.377 (index):908 UPDATE_9
10:49:53.378 (index):941 NODEACCESSREQUESTED_2
10:49:53.386 (index):905 UPDATE_10
10:49:53.478 (index):884 ATTRIBUTEACCESSRELEASED_9
10:49:53.487 (index):975 END_10
10:49:53.927 (index):905 UPDATE_0
10:49:54.014 (index):905 UPDATE_1
10:49:54.028 (index):880 NODEACCESSRELEASED_0
10:49:54.115 (index):880 NODEACCESSRELEASED_1
10:49:54.254 (index):908 UPDATE_3
10:49:54.355 (index):884 ATTRIBUTEACCESSRELEASED_3
10:49:54.379 (index):905 UPDATE_2
10:49:54.479 (index):935 ATTRIBUTEACCESSREQUESTED_9
10:49:54.480 (index):975 END_2
10:49:55.030 (index):941 NODEACCESSREQUESTED_0
10:49:55.116 (index):941 NODEACCESSREQUESTED_1
10:49:55.356 (index):935 ATTRIBUTEACCESSREQUESTED_3
10:49:55.480 (index):908 UPDATE_9
10:49:55.581 (index):884 ATTRIBUTEACCESSRELEASED_9
10:49:56.031 (index):905 UPDATE_0
10:49:56.118 (index):905 UPDATE_1
10:49:56.132 (index):975 END_0
10:49:56.220 (index):975 END_1
10:49:56.357 (index):908 UPDATE_3
10:49:56.458 (index):896 THINKING_3
10:49:56.583 (index):941 NODEACCESSREQUESTED_9
10:49:56.786 (index):905 UPDATE_4
10:49:56.887 (index):975 END_4
10:49:57.584 (index):905 UPDATE_9
10:49:57.685 (index):880 NODEACCESSRELEASED_9
10:49:58.687 (index):941 NODEACCESSREQUESTED_9
10:49:58.797 (index):908 UPDATE_3
10:49:58.898 (index):884 ATTRIBUTEACCESSRELEASED_3
10:49:59.688 (index):905 UPDATE_9
10:49:59.790 (index):975 END_9
10:49:59.899 (index):941 NODEACCESSREQUESTED_3
10:50:00.901 (index):905 UPDATE_3
10:50:01.002 (index):975 END_3
