10:48:23.232 (index):1162 Tasks: 25; Collaborators: 10    =========================>
10:48:23.233 (index):935 ATTRIBUTEACCESSREQUESTED_0
10:48:23.234 (index):941 NODEACCESSREQUESTED_1
10:48:23.236 (index):941 NODEACCESSREQUESTED_2
10:48:23.238 (index):935 ATTRIBUTEACCESSREQUESTED_3
10:48:23.239 (index):935 ATTRIBUTEACCESSREQUESTED_4
10:48:23.240 (index):941 NODEACCESSREQUESTED_5
10:48:23.241 (index):941 NODEACCESSREQUESTED_6
10:48:23.242 (index):935 ATTRIBUTEACCESSREQUESTED_7
10:48:23.242 (index):941 NODEACCESSREQUESTED_8
10:48:23.243 (index):941 NODEACCESSREQUESTED_9
10:48:25.226 (index):896 THINKING_0
10:48:25.230 (index):896 THINKING_1
10:48:25.232 (index):880 NODEACCESSRELEASED_2
10:48:25.233 (index):884 ATTRIBUTEACCESSRELEASED_3
10:48:25.234 (index):884 ATTRIBUTEACCESSRELEASED_4
10:48:25.236 (index):880 NODEACCESSRELEASED_5
10:48:25.238 (index):896 THINKING_6
10:48:25.239 (index):964 WAITING_7
10:48:25.241 (index):896 THINKING_8
10:48:25.242 (index):880 NODEACCESSRELEASED_9
10:48:27.226 (index):941 NODEACCESSREQUESTED_2
10:48:27.228 (index):935 ATTRIBUTEACCESSREQUESTED_3
10:48:27.229 (index):935 ATTRIBUTEACCESSREQUESTED_4
10:48:27.230 (index):941 NODEACCESSREQUESTED_5
10:48:27.231 (index):964 WAITING_7
10:48:27.232 (index):941 NODEACCESSREQUESTED_9
10:48:28.226 (index):905 UPDATE_8
10:48:28.227 (index):905 UPDATE_6
10:48:28.228 (index):905 UPDATE_1
10:48:29.226 (index):905 UPDATE_2
10:48:29.227 (index):908 UPDATE_3
10:48:29.228 (index):964 WAITING_4
10:48:29.228 (index):905 UPDATE_5
10:48:29.229 (index):964 WAITING_7
10:48:29.231 (index):905 UPDATE_9
10:48:29.232 (index):896 THINKING_8
10:48:29.234 (index):880 NODEACCESSRELEASED_6
10:48:29.235 (index):880 NODEACCESSRELEASED_1
10:48:30.226 (index):880 NODEACCESSRELEASED_2
10:48:30.228 (index):884 ATTRIBUTEACCESSRELEASED_3
10:48:30.229 (index):896 THINKING_5
10:48:30.231 (index):896 THINKING_9
10:48:30.232 (index):908 UPDATE_0
10:48:31.226 (index):908 UPDATE_4
10:48:31.228 (index):964 WAITING_7
10:48:31.229 (index):935 ATTRIBUTEACCESSREQUESTED_6
10:48:31.229 (index):941 NODEACCESSREQUESTED_1
10:48:31.231 (index):884 ATTRIBUTEACCESSRELEASED_0
10:48:32.228 (index):941 NODEACCESSREQUESTED_2
10:48:32.230 (index):941 NODEACCESSREQUESTED_3
10:48:32.231 (index):884 ATTRIBUTEACCESSRELEASED_4
10:48:33.226 (index):884 ATTRIBUTEACCESSRELEASED_7
10:48:33.227 (index):908 UPDATE_6
10:48:33.228 (index):905 UPDATE_1
10:48:33.228 (index):935 ATTRIBUTEACCESSREQUESTED_0
10:48:33.229 (index):905 UPDATE_5
10:48:34.226 (index):905 UPDATE_2
10:48:34.227 (index):905 UPDATE_3
10:48:34.228 (index):941 NODEACCESSREQUESTED_4
10:48:34.229 (index):884 ATTRIBUTEACCESSRELEASED_6
10:48:34.230 (index):896 THINKING_1
10:48:34.232 (index):880 NODEACCESSRELEASED_5
10:48:34.233 (index):905 UPDATE_8
10:48:35.226 (index):935 ATTRIBUTEACCESSREQUESTED_7
10:48:35.227 (index):908 UPDATE_0
10:48:35.227 (index):880 NODEACCESSRELEASED_2
10:48:35.228 (index):896 THINKING_3
10:48:35.229 (index):880 NODEACCESSRELEASED_8
10:48:35.230 (index):905 UPDATE_9
10:48:36.226 (index):905 UPDATE_4
10:48:36.228 (index):941 NODEACCESSREQUESTED_6
10:48:36.230 (index):941 NODEACCESSREQUESTED_5
10:48:36.231 (index):884 ATTRIBUTEACCESSRELEASED_0
10:48:36.233 (index):896 THINKING_9
10:48:37.227 (index):908 UPDATE_7
10:48:37.228 (index):935 ATTRIBUTEACCESSREQUESTED_2
10:48:37.229 (index):935 ATTRIBUTEACCESSREQUESTED_8
10:48:37.234 (index):880 NODEACCESSRELEASED_4
10:48:38.227 (index):905 UPDATE_6
10:48:38.228 (index):905 UPDATE_5
10:48:38.229 (index):941 NODEACCESSREQUESTED_0
10:48:38.230 (index):884 ATTRIBUTEACCESSRELEASED_7
10:48:38.232 (index):905 UPDATE_1
10:48:39.228 (index):908 UPDATE_2
10:48:39.230 (index):964 WAITING_8
10:48:39.231 (index):935 ATTRIBUTEACCESSREQUESTED_4
10:48:39.232 (index):880 NODEACCESSRELEASED_6
10:48:39.234 (index):896 THINKING_5
10:48:39.234 (index):896 THINKING_1
10:48:39.235 (index):905 UPDATE_9
10:48:40.226 (index):905 UPDATE_0
10:48:40.227 (index):941 NODEACCESSREQUESTED_7
10:48:40.228 (index):896 THINKING_2
10:48:40.229 (index):880 NODEACCESSRELEASED_9
10:48:40.230 (index):905 UPDATE_3
10:48:41.226 (index):964 WAITING_8
10:48:41.228 (index):908 UPDATE_4
10:48:41.229 (index):941 NODEACCESSREQUESTED_6
10:48:41.230 (index):896 THINKING_0
10:48:41.232 (index):880 NODEACCESSRELEASED_3
10:48:41.882 (index):905 UPDATE_7
10:48:41.884 (index):935 ATTRIBUTEACCESSREQUESTED_9
10:48:41.885 (index):884 ATTRIBUTEACCESSRELEASED_4
10:48:41.984 (index):880 NODEACCESSRELEASED_7
10:48:42.228 (index):964 WAITING_8
10:48:42.230 (index):905 UPDATE_6
10:48:42.232 (index):935 ATTRIBUTEACCESSREQUESTED_3
10:48:42.332 (index):880 NODEACCESSRELEASED_6
10:48:42.373 (index):905 UPDATE_5
10:48:42.475 (index):880 NODEACCESSRELEASED_5
10:48:42.885 (index):964 WAITING_9
10:48:42.886 (index):941 NODEACCESSREQUESTED_4
10:48:42.947 (index):908 UPDATE_2
10:48:42.985 (index):941 NODEACCESSREQUESTED_7
10:48:43.049 (index):884 ATTRIBUTEACCESSRELEASED_2
10:48:43.229 (index):908 UPDATE_8
10:48:43.234 (index):908 UPDATE_3
10:48:43.330 (index):896 THINKING_8
10:48:43.333 (index):941 NODEACCESSREQUESTED_6
10:48:43.334 (index):884 ATTRIBUTEACCESSRELEASED_3
10:48:43.475 (index):935 ATTRIBUTEACCESSREQUESTED_5
10:48:43.627 (index):905 UPDATE_1
10:48:43.728 (index):880 NODEACCESSRELEASED_1
10:48:43.801 (index):905 UPDATE_0
10:48:43.886 (index):964 WAITING_9
10:48:43.888 (index):905 UPDATE_4
10:48:43.902 (index):896 THINKING_0
10:48:43.985 (index):905 UPDATE_7
10:48:43.992 (index):880 NODEACCESSRELEASED_4
10:48:44.050 (index):935 ATTRIBUTEACCESSREQUESTED_2
10:48:44.086 (index):896 THINKING_7
10:48:44.334 (index):905 UPDATE_6
10:48:44.335 (index):941 NODEACCESSREQUESTED_3
10:48:44.435 (index):880 NODEACCESSRELEASED_6
10:48:44.477 (index):908 UPDATE_5
10:48:44.833 (index):896 THINKING_5
10:48:44.834 (index):941 NODEACCESSREQUESTED_1
10:48:44.887 (index):964 WAITING_9
10:48:45.222 (index):935 ATTRIBUTEACCESSREQUESTED_4
10:48:45.223 (index):964 WAITING_2
10:48:45.595 (index):905 UPDATE_3
10:48:45.596 (index):935 ATTRIBUTEACCESSREQUESTED_6
10:48:45.920 (index):880 NODEACCESSRELEASED_3
10:48:45.921 (index):905 UPDATE_1
10:48:46.262 (index):964 WAITING_9
10:48:46.278 (index):896 THINKING_1
10:48:46.279 (index):908 UPDATE_4
10:48:46.279 (index):964 WAITING_2
10:48:46.280 (index):905 UPDATE_7
10:48:46.579 (index):896 THINKING_4
10:48:46.580 (index):880 NODEACCESSRELEASED_7
10:48:46.655 (index):964 WAITING_6
10:48:46.921 (index):941 NODEACCESSREQUESTED_3
10:48:47.263 (index):964 WAITING_9
10:48:47.280 (index):964 WAITING_2
10:48:47.581 (index):935 ATTRIBUTEACCESSREQUESTED_7
10:48:47.656 (index):964 WAITING_6
10:48:47.853 (index):908 UPDATE_8
10:48:47.923 (index):905 UPDATE_3
10:48:47.956 (index):884 ATTRIBUTEACCESSRELEASED_8
10:48:48.023 (index):880 NODEACCESSRELEASED_3
10:48:48.264 (index):908 UPDATE_9
10:48:48.281 (index):964 WAITING_2
10:48:48.366 (index):884 ATTRIBUTEACCESSRELEASED_9
10:48:48.583 (index):964 WAITING_7
10:48:48.589 (index):905 UPDATE_1
10:48:48.657 (index):964 WAITING_6
10:48:48.690 (index):880 NODEACCESSRELEASED_1
10:48:48.844 (index):905 UPDATE_0
10:48:48.945 (index):880 NODEACCESSRELEASED_0
10:48:48.958 (index):935 ATTRIBUTEACCESSREQUESTED_8
10:48:49.017 (index):908 UPDATE_4
10:48:49.024 (index):941 NODEACCESSREQUESTED_3
10:48:49.119 (index):884 ATTRIBUTEACCESSRELEASED_4
10:48:49.282 (index):964 WAITING_2
10:48:49.367 (index):935 ATTRIBUTEACCESSREQUESTED_9
10:48:49.415 (index):908 UPDATE_5
10:48:49.517 (index):896 THINKING_5
10:48:49.584 (index):964 WAITING_7
10:48:49.658 (index):908 UPDATE_6
10:48:49.692 (index):941 NODEACCESSREQUESTED_1
10:48:49.759 (index):896 THINKING_6
10:48:49.946 (index):941 NODEACCESSREQUESTED_0
10:48:49.959 (index):908 UPDATE_8
10:48:50.025 (index):905 UPDATE_3
10:48:50.060 (index):884 ATTRIBUTEACCESSRELEASED_8
10:48:50.120 (index):935 ATTRIBUTEACCESSREQUESTED_4
10:48:50.126 (index):880 NODEACCESSRELEASED_3
10:48:50.283 (index):964 WAITING_2
10:48:50.368 (index):908 UPDATE_9
10:48:50.472 (index):884 ATTRIBUTEACCESSRELEASED_9
10:48:50.585 (index):964 WAITING_7
10:48:50.692 (index):905 UPDATE_1
10:48:50.794 (index):896 THINKING_1
10:48:50.948 (index):905 UPDATE_0
10:48:51.049 (index):896 THINKING_0
10:48:51.061 (index):941 NODEACCESSREQUESTED_8
10:48:51.121 (index):908 UPDATE_4
10:48:51.127 (index):941 NODEACCESSREQUESTED_3
10:48:51.222 (index):896 THINKING_4
10:48:51.285 (index):964 WAITING_2
10:48:51.473 (index):941 NODEACCESSREQUESTED_9
10:48:51.559 (index):908 UPDATE_5
10:48:51.586 (index):964 WAITING_7
10:48:51.660 (index):884 ATTRIBUTEACCESSRELEASED_5
10:48:52.030 (index):908 UPDATE_6
10:48:52.062 (index):905 UPDATE_8
10:48:52.361 (index):905 UPDATE_3
10:48:52.362 (index):896 THINKING_6
10:48:52.362 (index):896 THINKING_8
10:48:52.363 (index):908 UPDATE_2
10:48:52.509 (index):896 THINKING_3
10:48:52.510 (index):884 ATTRIBUTEACCESSRELEASED_2
10:48:52.511 (index):905 UPDATE_9
10:48:52.767 (index):964 WAITING_7
10:48:52.767 (index):896 THINKING_9
10:48:52.768 (index):941 NODEACCESSREQUESTED_5
10:48:53.205 (index):905 UPDATE_0
10:48:53.307 (index):880 NODEACCESSRELEASED_0
10:48:53.511 (index):941 NODEACCESSREQUESTED_2
10:48:53.724 (index):905 UPDATE_1
10:48:53.772 (index):964 WAITING_7
10:48:53.773 (index):905 UPDATE_5
10:48:53.825 (index):896 THINKING_1
10:48:53.874 (index):896 THINKING_5
10:48:54.308 (index):941 NODEACCESSREQUESTED_0
10:48:54.513 (index):905 UPDATE_2
10:48:54.614 (index):896 THINKING_2
10:48:54.773 (index):964 WAITING_7
10:48:54.916 (index):905 UPDATE_3
10:48:55.018 (index):880 NODEACCESSRELEASED_3
10:48:55.309 (index):905 UPDATE_0
10:48:55.316 (index):908 UPDATE_6
10:48:55.411 (index):880 NODEACCESSRELEASED_0
10:48:55.417 (index):884 ATTRIBUTEACCESSRELEASED_6
10:48:55.431 (index):908 UPDATE_4
10:48:55.532 (index):896 THINKING_4
10:48:55.659 (index):905 UPDATE_8
10:48:55.761 (index):880 NODEACCESSRELEASED_8
10:48:55.775 (index):908 UPDATE_7
10:48:55.875 (index):896 THINKING_7
10:48:55.878 (index):905 UPDATE_9
10:48:55.979 (index):880 NODEACCESSRELEASED_9
10:48:56.019 (index):935 ATTRIBUTEACCESSREQUESTED_3
10:48:56.412 (index):941 NODEACCESSREQUESTED_0
10:48:56.418 (index):941 NODEACCESSREQUESTED_6
10:48:56.762 (index):941 NODEACCESSREQUESTED_8
10:48:56.981 (index):941 NODEACCESSREQUESTED_9
10:48:57.020 (index):908 UPDATE_3
10:48:57.122 (index):884 ATTRIBUTEACCESSRELEASED_3
10:48:57.165 (index):905 UPDATE_2
10:48:57.266 (index):896 THINKING_2
10:48:57.414 (index):905 UPDATE_0
10:48:57.419 (index):905 UPDATE_6
10:48:57.515 (index):896 THINKING_0
10:48:57.521 (index):880 NODEACCESSRELEASED_6
10:48:57.764 (index):905 UPDATE_8
10:48:57.866 (index):880 NODEACCESSRELEASED_8
10:48:57.981 (index):905 UPDATE_9
10:48:58.082 (index):880 NODEACCESSRELEASED_9
10:48:58.123 (index):935 ATTRIBUTEACCESSREQUESTED_3
10:48:58.436 (index):905 UPDATE_1
10:48:58.522 (index):941 NODEACCESSREQUESTED_6
10:48:58.537 (index):896 THINKING_1
10:48:58.810 (index):905 UPDATE_5
10:48:58.867 (index):941 NODEACCESSREQUESTED_8
10:48:58.911 (index):880 NODEACCESSRELEASED_5
10:48:59.084 (index):935 ATTRIBUTEACCESSREQUESTED_9
10:48:59.125 (index):964 WAITING_3
10:48:59.491 (index):908 UPDATE_4
10:48:59.493 (index):905 UPDATE_2
10:48:59.524 (index):905 UPDATE_6
10:48:59.593 (index):896 THINKING_4
10:48:59.595 (index):896 THINKING_2
10:48:59.625 (index):880 NODEACCESSRELEASED_6
10:48:59.868 (index):905 UPDATE_8
10:48:59.912 (index):941 NODEACCESSREQUESTED_5
10:48:59.969 (index):880 NODEACCESSRELEASED_8
10:49:00.085 (index):908 UPDATE_9
10:49:00.126 (index):964 WAITING_3
10:49:00.186 (index):896 THINKING_9
10:49:00.514 (index):908 UPDATE_7
10:49:00.615 (index):884 ATTRIBUTEACCESSRELEASED_7
10:49:00.626 (index):935 ATTRIBUTEACCESSREQUESTED_6
10:49:00.913 (index):905 UPDATE_5
10:49:00.970 (index):941 NODEACCESSREQUESTED_8
10:49:01.014 (index):880 NODEACCESSRELEASED_5
10:49:01.127 (index):964 WAITING_3
10:49:01.510 (index):905 UPDATE_0
10:49:01.612 (index):880 NODEACCESSRELEASED_0
10:49:01.616 (index):941 NODEACCESSREQUESTED_7
10:49:01.627 (index):908 UPDATE_6
10:49:01.728 (index):884 ATTRIBUTEACCESSRELEASED_6
10:49:01.972 (index):905 UPDATE_8
10:49:02.016 (index):941 NODEACCESSREQUESTED_5
10:49:02.073 (index):880 NODEACCESSRELEASED_8
10:49:02.128 (index):964 WAITING_3
10:49:02.358 (index):908 UPDATE_4
10:49:02.460 (index):884 ATTRIBUTEACCESSRELEASED_4
10:49:02.613 (index):935 ATTRIBUTEACCESSREQUESTED_0
10:49:02.617 (index):905 UPDATE_7
10:49:02.718 (index):880 NODEACCESSRELEASED_7
10:49:02.729 (index):905 UPDATE_1
10:49:02.730 (index):941 NODEACCESSREQUESTED_6
10:49:02.830 (index):880 NODEACCESSRELEASED_1
10:49:03.017 (index):905 UPDATE_5
10:49:03.074 (index):941 NODEACCESSREQUESTED_8
10:49:03.119 (index):880 NODEACCESSRELEASED_5
10:49:03.129 (index):908 UPDATE_3
10:49:03.231 (index):896 THINKING_3
10:49:03.461 (index):941 NODEACCESSREQUESTED_4
10:49:03.614 (index):964 WAITING_0
10:49:03.720 (index):941 NODEACCESSREQUESTED_7
10:49:03.731 (index):905 UPDATE_6
10:49:03.809 (index):908 UPDATE_9
10:49:03.831 (index):941 NODEACCESSREQUESTED_1
10:49:03.833 (index):880 NODEACCESSRELEASED_6
10:49:03.910 (index):884 ATTRIBUTEACCESSRELEASED_9
10:49:04.075 (index):905 UPDATE_8
10:49:04.120 (index):941 NODEACCESSREQUESTED_5
10:49:04.177 (index):880 NODEACCESSRELEASED_8
10:49:04.450 (index):905 UPDATE_2
10:49:04.462 (index):905 UPDATE_4
10:49:04.551 (index):880 NODEACCESSRELEASED_2
10:49:04.564 (index):880 NODEACCESSRELEASED_4
10:49:04.615 (index):908 UPDATE_0
10:49:04.716 (index):884 ATTRIBUTEACCESSRELEASED_0
10:49:04.721 (index):905 UPDATE_7
10:49:04.822 (index):880 NODEACCESSRELEASED_7
10:49:04.833 (index):905 UPDATE_1
10:49:04.834 (index):941 NODEACCESSREQUESTED_6
10:49:04.912 (index):935 ATTRIBUTEACCESSREQUESTED_9
10:49:04.934 (index):896 THINKING_1
10:49:05.121 (index):905 UPDATE_5
10:49:05.178 (index):935 ATTRIBUTEACCESSREQUESTED_8
10:49:05.222 (index):880 NODEACCESSRELEASED_5
10:49:05.553 (index):941 NODEACCESSREQUESTED_2
10:49:05.565 (index):941 NODEACCESSREQUESTED_4
10:49:05.568 (index):908 UPDATE_3
10:49:05.669 (index):884 ATTRIBUTEACCESSRELEASED_3
10:49:05.718 (index):941 NODEACCESSREQUESTED_0
10:49:05.823 (index):935 ATTRIBUTEACCESSREQUESTED_7
10:49:05.834 (index):905 UPDATE_6
10:49:05.913 (index):908 UPDATE_9
10:49:05.935 (index):975 END_6
10:49:06.014 (index):884 ATTRIBUTEACCESSRELEASED_9
10:49:06.179 (index):908 UPDATE_8
10:49:06.223 (index):941 NODEACCESSREQUESTED_5
10:49:06.281 (index):884 ATTRIBUTEACCESSRELEASED_8
10:49:06.554 (index):905 UPDATE_2
10:49:06.566 (index):905 UPDATE_4
10:49:06.655 (index):880 NODEACCESSRELEASED_2
10:49:06.667 (index):896 THINKING_4
10:49:06.670 (index):941 NODEACCESSREQUESTED_3
10:49:06.719 (index):905 UPDATE_0
10:49:06.820 (index):880 NODEACCESSRELEASED_0
10:49:06.825 (index):908 UPDATE_7
10:49:06.926 (index):884 ATTRIBUTEACCESSRELEASED_7
10:49:07.015 (index):941 NODEACCESSREQUESTED_9
10:49:07.112 (index):905 UPDATE_1
10:49:07.212 (index):880 NODEACCESSRELEASED_1
10:49:07.225 (index):905 UPDATE_5
10:49:07.281 (index):941 NODEACCESSREQUESTED_8
10:49:07.325 (index):975 END_5
10:49:07.657 (index):941 NODEACCESSREQUESTED_2
10:49:07.671 (index):905 UPDATE_3
10:49:07.773 (index):975 END_3
10:49:07.821 (index):941 NODEACCESSREQUESTED_0
10:49:07.927 (index):941 NODEACCESSREQUESTED_7
10:49:08.016 (index):905 UPDATE_9
10:49:08.118 (index):880 NODEACCESSRELEASED_9
10:49:08.213 (index):941 NODEACCESSREQUESTED_1
10:49:08.282 (index):905 UPDATE_8
10:49:08.384 (index):975 END_8
10:49:08.658 (index):905 UPDATE_2
10:49:08.759 (index):880 NODEACCESSRELEASED_2
10:49:08.822 (index):905 UPDATE_0
10:49:08.923 (index):975 END_0
10:49:08.928 (index):905 UPDATE_7
10:49:09.030 (index):880 NODEACCESSRELEASED_7
10:49:09.119 (index):941 NODEACCESSREQUESTED_9
10:49:09.215 (index):905 UPDATE_1
10:49:09.316 (index):975 END_1
10:49:09.761 (index):941 NODEACCESSREQUESTED_2
10:49:10.031 (index):935 ATTRIBUTEACCESSREQUESTED_7
10:49:10.120 (index):905 UPDATE_9
10:49:10.222 (index):975 END_9
10:49:10.762 (index):905 UPDATE_2
10:49:10.864 (index):880 NODEACCESSRELEASED_2
10:49:11.032 (index):908 UPDATE_7
10:49:11.057 (index):905 UPDATE_4
10:49:11.134 (index):896 THINKING_7
10:49:11.159 (index):975 END_4
10:49:11.865 (index):941 NODEACCESSREQUESTED_2
10:49:12.867 (index):905 UPDATE_2
10:49:12.968 (index):975 END_2
10:49:14.570 (index):908 UPDATE_7
10:49:14.671 (index):884 ATTRIBUTEACCESSRELEASED_7
10:49:15.672 (index):941 NODEACCESSREQUESTED_7
10:49:16.674 (index):905 UPDATE_7
10:49:16.775 (index):975 END_7
