16:08:59.229 (index):903 Tasks: 25; Collaborators: 11    =========================>
16:08:59.231 (index):694 NODEACCESSREQUESTED_0
16:08:59.232 (index):694 NODEACCESSREQUESTED_1
16:08:59.234 (index):694 NODEACCESSREQUESTED_2
16:08:59.235 (index):694 NODEACCESSREQUESTED_3
16:08:59.237 (index):694 NODEACCESSREQUESTED_4
16:08:59.238 (index):694 NODEACCESSREQUESTED_5
16:08:59.238 (index):694 NODEACCESSREQUESTED_6
16:08:59.239 (index):694 NODEACCESSREQUESTED_7
16:08:59.239 (index):694 NODEACCESSREQUESTED_8
16:08:59.240 (index):694 NODEACCESSREQUESTED_9
16:08:59.240 (index):694 NODEACCESSREQUESTED_10
16:09:01.226 (index):674 THINKING_0
16:09:01.227 (index):674 THINKING_1
16:09:01.230 (index):664 NODEACCESSRELEASED_2
16:09:01.231 (index):664 NODEACCESSRELEASED_3
16:09:01.232 (index):664 NODEACCESSRELEASED_4
16:09:01.233 (index):664 NODEACCESSRELEASED_5
16:09:01.234 (index):674 THINKING_6
16:09:01.235 (index):664 NODEACCESSRELEASED_7
16:09:01.235 (index):674 THINKING_8
16:09:01.236 (index):664 NODEACCESSRELEASED_9
16:09:01.237 (index):664 NODEACCESSRELEASED_10
16:09:03.226 (index):694 NODEACCESSREQUESTED_2
16:09:03.227 (index):694 NODEACCESSREQUESTED_3
16:09:03.228 (index):694 NODEACCESSREQUESTED_4
16:09:03.229 (index):694 NODEACCESSREQUESTED_5
16:09:03.230 (index):694 NODEACCESSREQUESTED_7
16:09:03.231 (index):694 NODEACCESSREQUESTED_9
16:09:03.232 (index):694 NODEACCESSREQUESTED_10
16:09:04.226 (index):682 UPDATE_8
16:09:04.228 (index):682 UPDATE_6
16:09:04.229 (index):682 UPDATE_1
16:09:05.226 (index):682 UPDATE_2
16:09:05.227 (index):682 UPDATE_3
16:09:05.228 (index):682 UPDATE_4
16:09:05.229 (index):682 UPDATE_5
16:09:05.230 (index):682 UPDATE_7
16:09:05.232 (index):682 UPDATE_9
16:09:05.233 (index):682 UPDATE_10
16:09:05.234 (index):674 THINKING_8
16:09:05.235 (index):664 NODEACCESSRELEASED_6
16:09:05.236 (index):664 NODEACCESSRELEASED_1
16:09:06.226 (index):664 NODEACCESSRELEASED_2
16:09:06.228 (index):664 NODEACCESSRELEASED_3
16:09:06.229 (index):664 NODEACCESSRELEASED_4
16:09:06.230 (index):674 THINKING_5
16:09:06.232 (index):664 NODEACCESSRELEASED_7
16:09:06.233 (index):674 THINKING_9
16:09:06.234 (index):674 THINKING_10
16:09:06.234 (index):682 UPDATE_0
16:09:07.226 (index):694 NODEACCESSREQUESTED_6
16:09:07.230 (index):694 NODEACCESSREQUESTED_1
16:09:07.231 (index):664 NODEACCESSRELEASED_0
16:09:08.226 (index):694 NODEACCESSREQUESTED_2
16:09:08.228 (index):694 NODEACCESSREQUESTED_3
16:09:08.229 (index):694 NODEACCESSREQUESTED_4
16:09:08.231 (index):694 NODEACCESSREQUESTED_7
16:09:09.226 (index):682 UPDATE_6
16:09:09.228 (index):682 UPDATE_1
16:09:09.229 (index):694 NODEACCESSREQUESTED_0
16:09:09.231 (index):682 UPDATE_10
16:09:09.232 (index):682 UPDATE_5
16:09:10.226 (index):682 UPDATE_2
16:09:10.228 (index):682 UPDATE_3
16:09:10.229 (index):682 UPDATE_4
16:09:10.231 (index):682 UPDATE_7
16:09:10.233 (index):664 NODEACCESSRELEASED_6
16:09:10.235 (index):674 THINKING_1
16:09:10.237 (index):664 NODEACCESSRELEASED_10
16:09:10.239 (index):664 NODEACCESSRELEASED_5
16:09:10.240 (index):682 UPDATE_8
16:09:11.226 (index):682 UPDATE_0
16:09:11.227 (index):664 NODEACCESSRELEASED_2
16:09:11.229 (index):674 THINKING_3
16:09:11.230 (index):664 NODEACCESSRELEASED_4
16:09:11.231 (index):664 NODEACCESSRELEASED_7
16:09:11.233 (index):664 NODEACCESSRELEASED_8
16:09:11.236 (index):682 UPDATE_9
16:09:12.226 (index):694 NODEACCESSREQUESTED_6
16:09:12.230 (index):694 NODEACCESSREQUESTED_10
16:09:12.233 (index):694 NODEACCESSREQUESTED_5
16:09:12.234 (index):664 NODEACCESSRELEASED_0
16:09:12.235 (index):674 THINKING_9
16:09:13.226 (index):694 NODEACCESSREQUESTED_2
16:09:13.229 (index):694 NODEACCESSREQUESTED_4
16:09:13.230 (index):694 NODEACCESSREQUESTED_7
16:09:13.231 (index):694 NODEACCESSREQUESTED_8
16:09:14.226 (index):682 UPDATE_6
16:09:14.228 (index):682 UPDATE_10
16:09:14.229 (index):682 UPDATE_5
16:09:14.231 (index):694 NODEACCESSREQUESTED_0
16:09:14.232 (index):682 UPDATE_1
16:09:15.226 (index):682 UPDATE_2
16:09:15.228 (index):682 UPDATE_4
16:09:15.229 (index):682 UPDATE_7
16:09:15.231 (index):682 UPDATE_8
16:09:15.233 (index):664 NODEACCESSRELEASED_6
16:09:15.234 (index):674 THINKING_10
16:09:15.235 (index):674 THINKING_5
16:09:15.235 (index):674 THINKING_1
16:09:15.236 (index):682 UPDATE_9
16:09:16.226 (index):682 UPDATE_0
16:09:16.227 (index):674 THINKING_2
16:09:16.228 (index):664 NODEACCESSRELEASED_4
16:09:16.230 (index):674 THINKING_7
16:09:16.232 (index):674 THINKING_8
16:09:16.233 (index):664 NODEACCESSRELEASED_9
16:09:16.235 (index):682 UPDATE_3
16:09:17.226 (index):694 NODEACCESSREQUESTED_6
16:09:17.228 (index):674 THINKING_0
16:09:17.229 (index):664 NODEACCESSRELEASED_3
16:09:18.226 (index):694 NODEACCESSREQUESTED_4
16:09:18.228 (index):694 NODEACCESSREQUESTED_9
16:09:18.229 (index):682 UPDATE_10
16:09:19.226 (index):682 UPDATE_6
16:09:19.227 (index):694 NODEACCESSREQUESTED_3
16:09:19.228 (index):664 NODEACCESSRELEASED_10
16:09:19.229 (index):682 UPDATE_5
16:09:19.230 (index):682 UPDATE_7
16:09:19.231 (index):682 UPDATE_2
16:09:20.226 (index):682 UPDATE_4
16:09:20.228 (index):682 UPDATE_9
16:09:20.230 (index):664 NODEACCESSRELEASED_6
16:09:20.231 (index):664 NODEACCESSRELEASED_5
16:09:20.233 (index):664 NODEACCESSRELEASED_7
16:09:20.234 (index):664 NODEACCESSRELEASED_2
16:09:20.236 (index):682 UPDATE_1
16:09:20.238 (index):682 UPDATE_0
16:09:21.226 (index):682 UPDATE_3
16:09:21.227 (index):694 NODEACCESSREQUESTED_10
16:09:21.228 (index):664 NODEACCESSRELEASED_4
16:09:21.230 (index):664 NODEACCESSRELEASED_9
16:09:21.231 (index):664 NODEACCESSRELEASED_1
16:09:21.232 (index):674 THINKING_0
16:09:21.234 (index):682 UPDATE_8
16:09:22.226 (index):694 NODEACCESSREQUESTED_6
16:09:22.227 (index):694 NODEACCESSREQUESTED_5
16:09:22.228 (index):694 NODEACCESSREQUESTED_7
16:09:22.228 (index):694 NODEACCESSREQUESTED_2
16:09:22.229 (index):664 NODEACCESSRELEASED_3
16:09:22.229 (index):664 NODEACCESSRELEASED_8
16:09:23.226 (index):682 UPDATE_10
16:09:23.227 (index):694 NODEACCESSREQUESTED_4
16:09:23.228 (index):694 NODEACCESSREQUESTED_9
16:09:23.229 (index):694 NODEACCESSREQUESTED_1
16:09:24.227 (index):682 UPDATE_6
16:09:24.228 (index):682 UPDATE_5
16:09:24.228 (index):682 UPDATE_7
16:09:24.229 (index):682 UPDATE_2
16:09:24.230 (index):694 NODEACCESSREQUESTED_3
16:09:24.231 (index):694 NODEACCESSREQUESTED_8
16:09:24.232 (index):674 THINKING_10
16:09:25.226 (index):682 UPDATE_4
16:09:25.228 (index):682 UPDATE_9
16:09:25.229 (index):682 UPDATE_1
16:09:25.230 (index):664 NODEACCESSRELEASED_6
16:09:25.231 (index):674 THINKING_5
16:09:25.233 (index):674 THINKING_7
16:09:25.234 (index):664 NODEACCESSRELEASED_2
16:09:26.226 (index):682 UPDATE_3
16:09:26.228 (index):682 UPDATE_8
16:09:26.230 (index):674 THINKING_4
16:09:26.231 (index):664 NODEACCESSRELEASED_9
16:09:26.233 (index):674 THINKING_1
16:09:26.234 (index):682 UPDATE_0
16:09:27.226 (index):694 NODEACCESSREQUESTED_6
16:09:27.228 (index):694 NODEACCESSREQUESTED_2
16:09:27.229 (index):664 NODEACCESSRELEASED_3
16:09:27.232 (index):664 NODEACCESSRELEASED_8
16:09:27.234 (index):664 NODEACCESSRELEASED_0
16:09:28.227 (index):694 NODEACCESSREQUESTED_9
16:09:29.227 (index):682 UPDATE_6
16:09:29.228 (index):682 UPDATE_2
16:09:29.229 (index):694 NODEACCESSREQUESTED_3
16:09:29.231 (index):694 NODEACCESSREQUESTED_8
16:09:29.232 (index):694 NODEACCESSREQUESTED_0
16:09:29.234 (index):682 UPDATE_1
16:09:29.235 (index):682 UPDATE_4
16:09:29.236 (index):682 UPDATE_10
16:09:30.226 (index):682 UPDATE_9
16:09:30.227 (index):674 THINKING_6
16:09:30.228 (index):674 THINKING_2
16:09:30.229 (index):664 NODEACCESSRELEASED_1
16:09:30.230 (index):664 NODEACCESSRELEASED_4
16:09:30.231 (index):664 NODEACCESSRELEASED_10
16:09:30.232 (index):682 UPDATE_5
16:09:30.233 (index):682 UPDATE_7
16:09:31.226 (index):682 UPDATE_3
16:09:31.228 (index):682 UPDATE_8
16:09:31.229 (index):682 UPDATE_0
16:09:31.231 (index):674 THINKING_9
16:09:31.232 (index):674 THINKING_5
16:09:31.234 (index):664 NODEACCESSRELEASED_7
16:09:32.230 (index):694 NODEACCESSREQUESTED_1
16:09:32.232 (index):694 NODEACCESSREQUESTED_4
16:09:32.233 (index):694 NODEACCESSREQUESTED_10
16:09:32.235 (index):664 NODEACCESSRELEASED_3
16:09:32.236 (index):674 THINKING_8
16:09:32.238 (index):674 THINKING_0
16:09:33.226 (index):694 NODEACCESSREQUESTED_7
16:09:33.228 (index):682 UPDATE_6
16:09:33.229 (index):682 UPDATE_2
16:09:34.227 (index):682 UPDATE_1
16:09:34.229 (index):682 UPDATE_4
16:09:34.230 (index):682 UPDATE_10
16:09:34.231 (index):694 NODEACCESSREQUESTED_3
16:09:34.231 (index):682 UPDATE_5
16:09:34.232 (index):674 THINKING_6
16:09:34.232 (index):674 THINKING_2
16:09:35.227 (index):682 UPDATE_7
16:09:35.228 (index):674 THINKING_1
16:09:35.232 (index):674 THINKING_4
16:09:35.233 (index):674 THINKING_10
16:09:35.235 (index):664 NODEACCESSRELEASED_5
16:09:35.236 (index):682 UPDATE_9
16:09:35.237 (index):682 UPDATE_0
16:09:36.226 (index):682 UPDATE_3
16:09:36.228 (index):664 NODEACCESSRELEASED_7
16:09:36.229 (index):664 NODEACCESSRELEASED_9
16:09:36.231 (index):664 NODEACCESSRELEASED_0
16:09:36.232 (index):682 UPDATE_8
16:09:37.226 (index):694 NODEACCESSREQUESTED_5
16:09:37.228 (index):664 NODEACCESSRELEASED_3
16:09:37.230 (index):664 NODEACCESSRELEASED_8
16:09:37.232 (index):682 UPDATE_2
16:09:37.234 (index):682 UPDATE_6
16:09:38.226 (index):694 NODEACCESSREQUESTED_7
16:09:38.227 (index):694 NODEACCESSREQUESTED_9
16:09:38.228 (index):694 NODEACCESSREQUESTED_0
16:09:38.229 (index):674 THINKING_2
16:09:38.229 (index):664 NODEACCESSRELEASED_6
16:09:38.230 (index):682 UPDATE_1
16:09:39.227 (index):682 UPDATE_5
16:09:39.228 (index):694 NODEACCESSREQUESTED_3
16:09:39.231 (index):694 NODEACCESSREQUESTED_8
16:09:39.232 (index):674 THINKING_1
16:09:39.233 (index):682 UPDATE_10
16:09:40.226 (index):682 UPDATE_7
16:09:40.228 (index):682 UPDATE_9
16:09:40.229 (index):682 UPDATE_0
16:09:40.230 (index):694 NODEACCESSREQUESTED_6
16:09:40.232 (index):674 THINKING_5
16:09:40.234 (index):664 NODEACCESSRELEASED_10
16:09:40.236 (index):682 UPDATE_4
16:09:41.226 (index):682 UPDATE_3
16:09:41.227 (index):682 UPDATE_8
16:09:41.228 (index):664 NODEACCESSRELEASED_7
16:09:41.228 (index):664 NODEACCESSRELEASED_9
16:09:41.229 (index):664 NODEACCESSRELEASED_0
16:09:41.229 (index):674 THINKING_4
16:09:42.226 (index):682 UPDATE_6
16:09:42.228 (index):694 NODEACCESSREQUESTED_10
16:09:42.229 (index):674 THINKING_3
16:09:42.231 (index):664 NODEACCESSRELEASED_8
16:09:43.227 (index):694 NODEACCESSREQUESTED_7
16:09:43.231 (index):694 NODEACCESSREQUESTED_9
16:09:43.232 (index):694 NODEACCESSREQUESTED_0
16:09:43.233 (index):664 NODEACCESSRELEASED_6
16:09:43.234 (index):682 UPDATE_2
16:09:44.226 (index):682 UPDATE_10
16:09:44.228 (index):694 NODEACCESSREQUESTED_8
16:09:44.229 (index):664 NODEACCESSRELEASED_2
16:09:44.231 (index):682 UPDATE_1
16:09:45.226 (index):682 UPDATE_7
16:09:45.228 (index):682 UPDATE_9
16:09:45.229 (index):682 UPDATE_0
16:09:45.231 (index):694 NODEACCESSREQUESTED_6
16:09:45.232 (index):674 THINKING_10
16:09:45.233 (index):674 THINKING_1
16:09:45.234 (index):682 UPDATE_3
16:09:45.234 (index):682 UPDATE_5
16:09:45.235 (index):682 UPDATE_4
16:09:46.226 (index):682 UPDATE_8
16:09:46.227 (index):694 NODEACCESSREQUESTED_2
16:09:46.229 (index):664 NODEACCESSRELEASED_7
16:09:46.230 (index):674 THINKING_9
16:09:46.231 (index):674 THINKING_0
16:09:46.232 (index):664 NODEACCESSRELEASED_3
16:09:46.233 (index):664 NODEACCESSRELEASED_5
16:09:46.234 (index):674 THINKING_4
16:09:47.226 (index):682 UPDATE_6
16:09:47.228 (index):664 NODEACCESSRELEASED_8
16:09:48.227 (index):682 UPDATE_2
16:09:48.229 (index):694 NODEACCESSREQUESTED_7
16:09:48.230 (index):694 NODEACCESSREQUESTED_3
16:09:48.231 (index):694 NODEACCESSREQUESTED_5
16:09:48.232 (index):664 NODEACCESSRELEASED_6
16:09:49.226 (index):694 NODEACCESSREQUESTED_8
16:09:49.229 (index):664 NODEACCESSRELEASED_2
16:09:49.230 (index):682 UPDATE_4
16:09:50.226 (index):682 UPDATE_7
16:09:50.228 (index):682 UPDATE_3
16:09:50.229 (index):682 UPDATE_5
16:09:50.231 (index):694 NODEACCESSREQUESTED_6
16:09:50.233 (index):664 NODEACCESSRELEASED_4
16:09:50.234 (index):682 UPDATE_1
16:09:50.235 (index):682 UPDATE_9
16:09:50.236 (index):682 UPDATE_10
16:09:51.226 (index):682 UPDATE_0
16:09:51.228 (index):682 UPDATE_8
16:09:51.229 (index):694 NODEACCESSREQUESTED_2
16:09:51.234 (index):664 NODEACCESSRELEASED_7
16:09:51.235 (index):664 NODEACCESSRELEASED_3
16:09:51.235 (index):664 NODEACCESSRELEASED_5
16:09:51.236 (index):664 NODEACCESSRELEASED_1
16:09:51.236 (index):664 NODEACCESSRELEASED_9
16:09:51.237 (index):664 NODEACCESSRELEASED_10
16:09:52.226 (index):682 UPDATE_6
16:09:52.228 (index):694 NODEACCESSREQUESTED_4
16:09:52.229 (index):664 NODEACCESSRELEASED_0
16:09:52.230 (index):664 NODEACCESSRELEASED_8
16:09:53.227 (index):682 UPDATE_2
16:09:53.229 (index):694 NODEACCESSREQUESTED_7
16:09:53.232 (index):694 NODEACCESSREQUESTED_3
16:09:53.235 (index):694 NODEACCESSREQUESTED_5
16:09:53.236 (index):694 NODEACCESSREQUESTED_1
16:09:53.238 (index):694 NODEACCESSREQUESTED_9
16:09:53.238 (index):694 NODEACCESSREQUESTED_10
16:09:53.239 (index):664 NODEACCESSRELEASED_6
16:09:54.226 (index):682 UPDATE_4
16:09:54.227 (index):694 NODEACCESSREQUESTED_0
16:09:54.228 (index):694 NODEACCESSREQUESTED_8
16:09:54.229 (index):664 NODEACCESSRELEASED_2
16:09:55.226 (index):682 UPDATE_7
16:09:55.228 (index):682 UPDATE_3
16:09:55.229 (index):682 UPDATE_5
16:09:55.231 (index):682 UPDATE_1
16:09:55.232 (index):682 UPDATE_9
16:09:55.233 (index):682 UPDATE_10
16:09:55.234 (index):694 NODEACCESSREQUESTED_6
16:09:55.236 (index):664 NODEACCESSRELEASED_4
16:09:56.226 (index):682 UPDATE_0
16:09:56.227 (index):682 UPDATE_8
16:09:56.228 (index):694 NODEACCESSREQUESTED_2
16:09:56.229 (index):674 THINKING_7
16:09:56.230 (index):674 THINKING_3
16:09:56.231 (index):664 NODEACCESSRELEASED_5
16:09:56.233 (index):674 THINKING_1
16:09:56.234 (index):664 NODEACCESSRELEASED_9
16:09:56.236 (index):664 NODEACCESSRELEASED_10
16:09:57.226 (index):682 UPDATE_6
16:09:57.228 (index):694 NODEACCESSREQUESTED_4
16:09:57.229 (index):664 NODEACCESSRELEASED_0
16:09:57.229 (index):664 NODEACCESSRELEASED_8
16:09:58.226 (index):682 UPDATE_2
16:09:58.228 (index):694 NODEACCESSREQUESTED_5
16:09:58.229 (index):694 NODEACCESSREQUESTED_9
16:09:58.230 (index):694 NODEACCESSREQUESTED_10
16:09:58.231 (index):664 NODEACCESSRELEASED_6
16:09:59.226 (index):682 UPDATE_4
16:09:59.228 (index):694 NODEACCESSREQUESTED_0
16:09:59.229 (index):694 NODEACCESSREQUESTED_8
16:09:59.230 (index):664 NODEACCESSRELEASED_2
16:09:59.232 (index):682 UPDATE_1
16:09:59.233 (index):682 UPDATE_3
16:10:00.226 (index):682 UPDATE_5
16:10:00.228 (index):682 UPDATE_9
16:10:00.229 (index):682 UPDATE_10
16:10:00.231 (index):694 NODEACCESSREQUESTED_6
16:10:00.232 (index):674 THINKING_4
16:10:00.233 (index):664 NODEACCESSRELEASED_1
16:10:00.234 (index):664 NODEACCESSRELEASED_3
16:10:00.234 (index):682 UPDATE_7
16:10:01.226 (index):682 UPDATE_0
16:10:01.227 (index):682 UPDATE_8
16:10:01.228 (index):694 NODEACCESSREQUESTED_2
16:10:01.229 (index):664 NODEACCESSRELEASED_5
16:10:01.230 (index):664 NODEACCESSRELEASED_9
16:10:01.231 (index):664 NODEACCESSRELEASED_10
16:10:01.232 (index):664 NODEACCESSRELEASED_7
16:10:02.226 (index):682 UPDATE_6
16:10:02.228 (index):694 NODEACCESSREQUESTED_1
16:10:02.229 (index):694 NODEACCESSREQUESTED_3
16:10:02.230 (index):664 NODEACCESSRELEASED_0
16:10:02.231 (index):664 NODEACCESSRELEASED_8
16:10:03.226 (index):682 UPDATE_2
16:10:03.228 (index):694 NODEACCESSREQUESTED_5
16:10:03.229 (index):694 NODEACCESSREQUESTED_9
16:10:03.230 (index):694 NODEACCESSREQUESTED_10
16:10:03.231 (index):694 NODEACCESSREQUESTED_7
16:10:03.232 (index):723 END_6
16:10:04.227 (index):682 UPDATE_1
16:10:04.229 (index):682 UPDATE_3
16:10:04.233 (index):694 NODEACCESSREQUESTED_0
16:10:04.234 (index):694 NODEACCESSREQUESTED_8
16:10:04.235 (index):723 END_2
16:10:05.227 (index):682 UPDATE_5
16:10:05.229 (index):682 UPDATE_9
16:10:05.230 (index):682 UPDATE_10
16:10:05.232 (index):682 UPDATE_7
16:10:05.233 (index):723 END_1
16:10:05.235 (index):723 END_3
16:10:05.236 (index):682 UPDATE_4
16:10:06.226 (index):682 UPDATE_0
16:10:06.228 (index):682 UPDATE_8
16:10:06.229 (index):723 END_5
16:10:06.231 (index):723 END_9
16:10:06.233 (index):723 END_10
16:10:06.234 (index):723 END_7
16:10:06.235 (index):723 END_4
16:10:07.227 (index):723 END_0
16:10:07.228 (index):723 END_8
