16:04:13.228 (index):808 Tasks: 25; Collaborators: 6    =========================>
16:04:13.229 (index):694 NODEACCESSREQUESTED_0
16:04:13.231 (index):694 NODEACCESSREQUESTED_1
16:04:13.232 (index):694 NODEACCESSREQUESTED_2
16:04:13.234 (index):694 NODEACCESSREQUESTED_3
16:04:13.235 (index):694 NODEACCESSREQUESTED_4
16:04:13.236 (index):694 NODEACCESSREQUESTED_5
16:04:15.227 (index):674 THINKING_0
16:04:15.229 (index):674 THINKING_1
16:04:15.230 (index):664 NODEACCESSRELEASED_2
16:04:15.232 (index):664 NODEACCESSRELEASED_3
16:04:15.233 (index):664 NODEACCESSRELEASED_4
16:04:15.234 (index):664 NODEACCESSRELEASED_5
16:04:17.226 (index):694 NODEACCESSREQUESTED_2
16:04:17.227 (index):694 NODEACCESSREQUESTED_3
16:04:17.228 (index):694 NODEACCESSREQUESTED_4
16:04:17.229 (index):694 NODEACCESSREQUESTED_5
16:04:18.227 (index):682 UPDATE_1
16:04:19.226 (index):682 UPDATE_2
16:04:19.228 (index):682 UPDATE_3
16:04:19.229 (index):682 UPDATE_4
16:04:19.231 (index):682 UPDATE_5
16:04:19.232 (index):664 NODEACCESSRELEASED_1
16:04:20.226 (index):664 NODEACCESSRELEASED_2
16:04:20.228 (index):664 NODEACCESSRELEASED_3
16:04:20.229 (index):664 NODEACCESSRELEASED_4
16:04:20.231 (index):674 THINKING_5
16:04:20.232 (index):682 UPDATE_0
16:04:21.227 (index):694 NODEACCESSREQUESTED_1
16:04:21.228 (index):664 NODEACCESSRELEASED_0
16:04:22.226 (index):694 NODEACCESSREQUESTED_2
16:04:22.227 (index):694 NODEACCESSREQUESTED_3
16:04:22.229 (index):694 NODEACCESSREQUESTED_4
16:04:23.226 (index):682 UPDATE_1
16:04:23.227 (index):694 NODEACCESSREQUESTED_0
16:04:23.229 (index):682 UPDATE_5
16:04:24.226 (index):682 UPDATE_2
16:04:24.227 (index):682 UPDATE_3
16:04:24.227 (index):682 UPDATE_4
16:04:24.228 (index):674 THINKING_1
16:04:24.228 (index):664 NODEACCESSRELEASED_5
16:04:25.226 (index):682 UPDATE_0
16:04:25.228 (index):664 NODEACCESSRELEASED_2
16:04:25.229 (index):674 THINKING_3
16:04:25.231 (index):664 NODEACCESSRELEASED_4
16:04:26.227 (index):694 NODEACCESSREQUESTED_5
16:04:26.227 (index):664 NODEACCESSRELEASED_0
16:04:27.226 (index):694 NODEACCESSREQUESTED_2
16:04:27.227 (index):694 NODEACCESSREQUESTED_4
16:04:28.226 (index):682 UPDATE_5
16:04:28.228 (index):694 NODEACCESSREQUESTED_0
16:04:28.231 (index):682 UPDATE_1
16:04:29.226 (index):682 UPDATE_2
16:04:29.228 (index):682 UPDATE_4
16:04:29.230 (index):674 THINKING_5
16:04:29.232 (index):674 THINKING_1
16:04:30.226 (index):682 UPDATE_0
16:04:30.228 (index):674 THINKING_2
16:04:30.230 (index):664 NODEACCESSRELEASED_4
16:04:30.231 (index):682 UPDATE_3
16:04:31.226 (index):674 THINKING_0
16:04:31.228 (index):664 NODEACCESSRELEASED_3
16:04:32.226 (index):694 NODEACCESSREQUESTED_4
16:04:33.226 (index):694 NODEACCESSREQUESTED_3
16:04:33.227 (index):682 UPDATE_5
16:04:33.228 (index):682 UPDATE_2
16:04:34.226 (index):682 UPDATE_4
16:04:34.227 (index):664 NODEACCESSRELEASED_5
16:04:34.228 (index):664 NODEACCESSRELEASED_2
16:04:34.228 (index):682 UPDATE_1
16:04:34.230 (index):682 UPDATE_0
16:04:35.226 (index):682 UPDATE_3
16:04:35.227 (index):664 NODEACCESSRELEASED_4
16:04:35.228 (index):664 NODEACCESSRELEASED_1
16:04:35.230 (index):674 THINKING_0
16:04:36.226 (index):694 NODEACCESSREQUESTED_5
16:04:36.228 (index):694 NODEACCESSREQUESTED_2
16:04:36.230 (index):664 NODEACCESSRELEASED_3
16:04:37.226 (index):694 NODEACCESSREQUESTED_4
16:04:37.227 (index):694 NODEACCESSREQUESTED_1
16:04:38.226 (index):682 UPDATE_5
16:04:38.228 (index):682 UPDATE_2
16:04:38.229 (index):694 NODEACCESSREQUESTED_3
16:04:39.230 (index):682 UPDATE_4
16:04:39.231 (index):682 UPDATE_1
16:04:39.233 (index):674 THINKING_5
16:04:39.234 (index):664 NODEACCESSRELEASED_2
16:04:40.226 (index):682 UPDATE_3
16:04:40.228 (index):674 THINKING_4
16:04:40.230 (index):674 THINKING_1
16:04:40.231 (index):682 UPDATE_0
16:04:41.226 (index):694 NODEACCESSREQUESTED_2
16:04:41.228 (index):664 NODEACCESSRELEASED_3
16:04:41.230 (index):664 NODEACCESSRELEASED_0
16:04:43.226 (index):682 UPDATE_2
16:04:43.227 (index):694 NODEACCESSREQUESTED_3
16:04:43.228 (index):694 NODEACCESSREQUESTED_0
16:04:43.229 (index):682 UPDATE_1
16:04:43.230 (index):682 UPDATE_4
16:04:44.226 (index):674 THINKING_2
16:04:44.228 (index):664 NODEACCESSRELEASED_1
16:04:44.229 (index):664 NODEACCESSRELEASED_4
16:04:44.232 (index):682 UPDATE_5
16:04:45.227 (index):682 UPDATE_3
16:04:45.228 (index):682 UPDATE_0
16:04:45.229 (index):674 THINKING_5
16:04:46.228 (index):694 NODEACCESSREQUESTED_1
16:04:46.230 (index):694 NODEACCESSREQUESTED_4
16:04:46.231 (index):664 NODEACCESSRELEASED_3
16:04:46.232 (index):674 THINKING_0
16:04:47.226 (index):682 UPDATE_2
16:04:48.227 (index):682 UPDATE_1
16:04:48.228 (index):682 UPDATE_4
16:04:48.230 (index):694 NODEACCESSREQUESTED_3
16:04:48.231 (index):682 UPDATE_5
16:04:48.232 (index):674 THINKING_2
16:04:49.226 (index):674 THINKING_1
16:04:49.228 (index):674 THINKING_4
16:04:49.229 (index):664 NODEACCESSRELEASED_5
16:04:49.231 (index):682 UPDATE_0
16:04:50.226 (index):682 UPDATE_3
16:04:50.228 (index):664 NODEACCESSRELEASED_0
16:04:51.230 (index):694 NODEACCESSREQUESTED_5
16:04:51.232 (index):664 NODEACCESSRELEASED_3
16:04:51.233 (index):682 UPDATE_2
16:04:52.226 (index):694 NODEACCESSREQUESTED_0
16:04:52.228 (index):674 THINKING_2
16:04:52.229 (index):682 UPDATE_1
16:04:53.226 (index):682 UPDATE_5
16:04:53.227 (index):694 NODEACCESSREQUESTED_3
16:04:53.228 (index):674 THINKING_1
16:04:54.226 (index):682 UPDATE_0
16:04:54.227 (index):674 THINKING_5
16:04:54.229 (index):682 UPDATE_4
16:04:55.226 (index):682 UPDATE_3
16:04:55.227 (index):664 NODEACCESSRELEASED_0
16:04:55.228 (index):674 THINKING_4
16:04:56.227 (index):674 THINKING_3
16:04:57.226 (index):694 NODEACCESSREQUESTED_0
16:04:57.227 (index):682 UPDATE_2
16:04:58.226 (index):664 NODEACCESSRELEASED_2
16:04:58.228 (index):682 UPDATE_1
16:04:59.226 (index):682 UPDATE_0
16:04:59.228 (index):674 THINKING_1
16:04:59.229 (index):682 UPDATE_3
16:04:59.230 (index):682 UPDATE_5
16:04:59.232 (index):682 UPDATE_4
16:05:00.226 (index):694 NODEACCESSREQUESTED_2
16:05:00.227 (index):674 THINKING_0
16:05:00.228 (index):664 NODEACCESSRELEASED_3
16:05:00.229 (index):664 NODEACCESSRELEASED_5
16:05:00.230 (index):674 THINKING_4
16:05:01.227 (index):682 UPDATE_2
16:05:01.229 (index):694 NODEACCESSREQUESTED_3
16:05:01.230 (index):694 NODEACCESSREQUESTED_5
16:05:01.328 (index):664 NODEACCESSRELEASED_2
16:05:02.230 (index):682 UPDATE_3
16:05:02.231 (index):682 UPDATE_5
16:05:02.330 (index):694 NODEACCESSREQUESTED_2
16:05:02.331 (index):664 NODEACCESSRELEASED_3
16:05:02.332 (index):664 NODEACCESSRELEASED_5
16:05:03.003 (index):682 UPDATE_4
16:05:03.108 (index):664 NODEACCESSRELEASED_4
16:05:03.331 (index):682 UPDATE_2
16:05:03.332 (index):694 NODEACCESSREQUESTED_3
16:05:03.333 (index):694 NODEACCESSREQUESTED_5
16:05:03.420 (index):682 UPDATE_1
16:05:03.432 (index):664 NODEACCESSRELEASED_2
16:05:03.521 (index):664 NODEACCESSRELEASED_1
16:05:04.110 (index):694 NODEACCESSREQUESTED_4
16:05:04.222 (index):682 UPDATE_0
16:05:04.323 (index):664 NODEACCESSRELEASED_0
16:05:04.334 (index):682 UPDATE_3
16:05:04.335 (index):682 UPDATE_5
16:05:04.434 (index):694 NODEACCESSREQUESTED_2
16:05:04.435 (index):674 THINKING_3
16:05:04.436 (index):664 NODEACCESSRELEASED_5
16:05:04.522 (index):694 NODEACCESSREQUESTED_1
16:05:05.110 (index):682 UPDATE_4
16:05:05.211 (index):664 NODEACCESSRELEASED_4
16:05:05.325 (index):694 NODEACCESSREQUESTED_0
16:05:05.435 (index):682 UPDATE_2
16:05:05.437 (index):694 NODEACCESSREQUESTED_5
16:05:05.523 (index):682 UPDATE_1
16:05:05.536 (index):664 NODEACCESSRELEASED_2
16:05:05.624 (index):674 THINKING_1
16:05:06.212 (index):694 NODEACCESSREQUESTED_4
16:05:06.326 (index):682 UPDATE_0
16:05:06.427 (index):664 NODEACCESSRELEASED_0
16:05:06.438 (index):682 UPDATE_5
16:05:06.538 (index):694 NODEACCESSREQUESTED_2
16:05:06.539 (index):664 NODEACCESSRELEASED_5
16:05:06.773 (index):682 UPDATE_3
16:05:06.874 (index):664 NODEACCESSRELEASED_3
16:05:07.213 (index):682 UPDATE_4
16:05:07.314 (index):674 THINKING_4
16:05:07.429 (index):694 NODEACCESSREQUESTED_0
16:05:07.539 (index):682 UPDATE_2
16:05:07.540 (index):694 NODEACCESSREQUESTED_5
16:05:07.640 (index):723 END_2
16:05:07.803 (index):682 UPDATE_1
16:05:07.875 (index):694 NODEACCESSREQUESTED_3
16:05:07.904 (index):664 NODEACCESSRELEASED_1
16:05:08.430 (index):682 UPDATE_0
16:05:08.532 (index):664 NODEACCESSRELEASED_0
16:05:08.541 (index):682 UPDATE_5
16:05:08.642 (index):723 END_5
16:05:08.876 (index):682 UPDATE_3
16:05:08.904 (index):694 NODEACCESSREQUESTED_1
16:05:08.978 (index):723 END_3
16:05:09.533 (index):694 NODEACCESSREQUESTED_0
16:05:09.906 (index):682 UPDATE_1
16:05:10.007 (index):723 END_1
16:05:10.535 (index):682 UPDATE_0
16:05:10.636 (index):723 END_0
16:05:11.704 (index):682 UPDATE_4
16:05:11.805 (index):723 END_4
