11:08:46.869 (index):1259 Tasks: 25; Collaborators: 14    =========================>
11:08:46.869 (index):928 ATTRIBUTEACCESSREQUESTED_0
11:08:46.870 (index):934 NODEACCESSREQUESTED_1
11:08:46.871 (index):934 NODEACCESSREQUESTED_2
11:08:46.872 (index):928 ATTRIBUTEACCESSREQUESTED_3
11:08:46.873 (index):928 ATTRIBUTEACCESSREQUESTED_4
11:08:46.874 (index):934 NODEACCESSREQUESTED_5
11:08:46.875 (index):934 NODEACCESSREQUESTED_6
11:08:46.876 (index):928 ATTRIBUTEACCESSREQUESTED_7
11:08:46.877 (index):934 NODEACCESSREQUESTED_8
11:08:46.878 (index):934 NODEACCESSREQUESTED_9
11:08:46.878 (index):934 NODEACCESSREQUESTED_10
11:08:46.879 (index):934 NODEACCESSREQUESTED_11
11:08:46.879 (index):934 NODEACCESSREQUESTED_12
11:08:46.880 (index):934 NODEACCESSREQUESTED_13
11:08:47.871 (index):889 THINKING_0
11:08:47.872 (index):889 THINKING_1
11:08:47.873 (index):873 NODEACCESSRELEASED_2
11:08:47.875 (index):877 ATTRIBUTEACCESSRELEASED_3
11:08:47.876 (index):877 ATTRIBUTEACCESSRELEASED_4
11:08:47.877 (index):873 NODEACCESSRELEASED_5
11:08:47.879 (index):889 THINKING_6
11:08:47.880 (index):877 ATTRIBUTEACCESSRELEASED_7
11:08:47.881 (index):889 THINKING_8
11:08:47.883 (index):873 NODEACCESSRELEASED_9
11:08:47.884 (index):873 NODEACCESSRELEASED_10
11:08:47.885 (index):889 THINKING_11
11:08:47.886 (index):873 NODEACCESSRELEASED_12
11:08:47.887 (index):889 THINKING_13
11:08:48.875 (index):934 NODEACCESSREQUESTED_2
11:08:48.876 (index):928 ATTRIBUTEACCESSREQUESTED_3
11:08:48.877 (index):928 ATTRIBUTEACCESSREQUESTED_4
11:08:48.879 (index):934 NODEACCESSREQUESTED_5
11:08:48.881 (index):928 ATTRIBUTEACCESSREQUESTED_7
11:08:48.884 (index):934 NODEACCESSREQUESTED_9
11:08:48.885 (index):934 NODEACCESSREQUESTED_10
11:08:48.887 (index):934 NODEACCESSREQUESTED_12
11:08:49.876 (index):898 UPDATE_2
11:08:49.877 (index):957 WAITING_3
11:08:49.879 (index):901 UPDATE_4
11:08:49.880 (index):898 UPDATE_5
11:08:49.882 (index):957 WAITING_7
11:08:49.885 (index):898 UPDATE_9
11:08:49.886 (index):898 UPDATE_10
11:08:49.888 (index):898 UPDATE_12
11:08:49.908 (index):898 UPDATE_8
11:08:49.977 (index):873 NODEACCESSRELEASED_2
11:08:49.980 (index):877 ATTRIBUTEACCESSRELEASED_4
11:08:49.981 (index):889 THINKING_5
11:08:49.986 (index):889 THINKING_9
11:08:49.987 (index):889 THINKING_10
11:08:49.989 (index):873 NODEACCESSRELEASED_12
11:08:50.009 (index):889 THINKING_8
11:08:50.347 (index):898 UPDATE_11
11:08:50.449 (index):889 THINKING_11
11:08:50.597 (index):898 UPDATE_6
11:08:50.698 (index):873 NODEACCESSRELEASED_6
11:08:50.818 (index):898 UPDATE_1
11:08:50.878 (index):957 WAITING_3
11:08:50.883 (index):901 UPDATE_7
11:08:50.920 (index):873 NODEACCESSRELEASED_1
11:08:50.979 (index):934 NODEACCESSREQUESTED_2
11:08:50.981 (index):934 NODEACCESSREQUESTED_4
11:08:50.985 (index):877 ATTRIBUTEACCESSRELEASED_7
11:08:50.990 (index):934 NODEACCESSREQUESTED_12
11:08:51.699 (index):928 ATTRIBUTEACCESSREQUESTED_6
11:08:51.880 (index):957 WAITING_3
11:08:51.921 (index):934 NODEACCESSREQUESTED_1
11:08:51.980 (index):898 UPDATE_2
11:08:51.982 (index):898 UPDATE_4
11:08:51.986 (index):934 NODEACCESSREQUESTED_7
11:08:51.991 (index):898 UPDATE_12
11:08:52.039 (index):898 UPDATE_10
11:08:52.081 (index):873 NODEACCESSRELEASED_2
11:08:52.083 (index):873 NODEACCESSRELEASED_4
11:08:52.092 (index):873 NODEACCESSRELEASED_12
11:08:52.141 (index):873 NODEACCESSRELEASED_10
11:08:52.161 (index):898 UPDATE_13
11:08:52.220 (index):901 UPDATE_0
11:08:52.263 (index):873 NODEACCESSRELEASED_13
11:08:52.321 (index):877 ATTRIBUTEACCESSRELEASED_0
11:08:52.397 (index):898 UPDATE_5
11:08:52.497 (index):873 NODEACCESSRELEASED_5
11:08:52.701 (index):901 UPDATE_6
11:08:52.802 (index):877 ATTRIBUTEACCESSRELEASED_6
11:08:52.881 (index):901 UPDATE_3
11:08:52.922 (index):898 UPDATE_1
11:08:52.982 (index):877 ATTRIBUTEACCESSRELEASED_3
11:08:52.987 (index):898 UPDATE_7
11:08:53.023 (index):889 THINKING_1
11:08:53.083 (index):928 ATTRIBUTEACCESSREQUESTED_2
11:08:53.084 (index):928 ATTRIBUTEACCESSREQUESTED_4
11:08:53.088 (index):873 NODEACCESSRELEASED_7
11:08:53.093 (index):928 ATTRIBUTEACCESSREQUESTED_12
11:08:53.142 (index):934 NODEACCESSREQUESTED_10
11:08:53.264 (index):928 ATTRIBUTEACCESSREQUESTED_13
11:08:53.322 (index):928 ATTRIBUTEACCESSREQUESTED_0
11:08:53.499 (index):934 NODEACCESSREQUESTED_5
11:08:53.746 (index):898 UPDATE_11
11:08:53.803 (index):934 NODEACCESSREQUESTED_6
11:08:53.847 (index):873 NODEACCESSRELEASED_11
11:08:53.984 (index):934 NODEACCESSREQUESTED_3
11:08:54.084 (index):901 UPDATE_2
11:08:54.085 (index):957 WAITING_4
11:08:54.089 (index):934 NODEACCESSREQUESTED_7
11:08:54.094 (index):901 UPDATE_12
11:08:54.144 (index):898 UPDATE_10
11:08:54.185 (index):889 THINKING_2
11:08:54.195 (index):889 THINKING_12
11:08:54.245 (index):889 THINKING_10
11:08:54.265 (index):901 UPDATE_13
11:08:54.323 (index):957 WAITING_0
11:08:54.367 (index):877 ATTRIBUTEACCESSRELEASED_13
11:08:54.450 (index):898 UPDATE_8
11:08:54.498 (index):898 UPDATE_9
11:08:54.500 (index):898 UPDATE_5
11:08:54.552 (index):873 NODEACCESSRELEASED_8
11:08:54.599 (index):889 THINKING_9
11:08:54.601 (index):889 THINKING_5
11:08:54.805 (index):898 UPDATE_6
11:08:54.849 (index):934 NODEACCESSREQUESTED_11
11:08:54.906 (index):873 NODEACCESSRELEASED_6
11:08:54.985 (index):898 UPDATE_3
11:08:55.086 (index):957 WAITING_4
11:08:55.087 (index):889 THINKING_3
11:08:55.090 (index):898 UPDATE_7
11:08:55.191 (index):889 THINKING_7
11:08:55.324 (index):901 UPDATE_0
11:08:55.368 (index):928 ATTRIBUTEACCESSREQUESTED_13
11:08:55.425 (index):877 ATTRIBUTEACCESSRELEASED_0
11:08:55.553 (index):928 ATTRIBUTEACCESSREQUESTED_8
11:08:55.850 (index):898 UPDATE_11
11:08:55.907 (index):934 NODEACCESSREQUESTED_6
11:08:55.951 (index):873 NODEACCESSRELEASED_11
11:08:56.088 (index):957 WAITING_4
11:08:56.369 (index):901 UPDATE_13
11:08:56.426 (index):934 NODEACCESSREQUESTED_0
11:08:56.470 (index):877 ATTRIBUTEACCESSRELEASED_13
11:08:56.554 (index):901 UPDATE_8
11:08:56.573 (index):898 UPDATE_1
11:08:56.655 (index):889 THINKING_8
11:08:56.674 (index):889 THINKING_1
11:08:56.905 (index):901 UPDATE_2
11:08:56.909 (index):898 UPDATE_6
11:08:56.953 (index):934 NODEACCESSREQUESTED_11
11:08:57.006 (index):898 UPDATE_9
11:08:57.007 (index):877 ATTRIBUTEACCESSRELEASED_2
11:08:57.010 (index):873 NODEACCESSRELEASED_6
11:08:57.089 (index):901 UPDATE_4
11:08:57.107 (index):873 NODEACCESSRELEASED_9
11:08:57.190 (index):877 ATTRIBUTEACCESSRELEASED_4
11:08:57.222 (index):898 UPDATE_10
11:08:57.323 (index):873 NODEACCESSRELEASED_10
11:08:57.363 (index):898 UPDATE_7
11:08:57.427 (index):898 UPDATE_0
11:08:57.464 (index):873 NODEACCESSRELEASED_7
11:08:57.471 (index):928 ATTRIBUTEACCESSREQUESTED_13
11:08:57.528 (index):889 THINKING_0
11:08:57.741 (index):898 UPDATE_5
11:08:57.842 (index):873 NODEACCESSRELEASED_5
11:08:57.954 (index):898 UPDATE_11
11:08:58.008 (index):928 ATTRIBUTEACCESSREQUESTED_2
11:08:58.011 (index):934 NODEACCESSREQUESTED_6
11:08:58.055 (index):873 NODEACCESSRELEASED_11
11:08:58.108 (index):928 ATTRIBUTEACCESSREQUESTED_9
11:08:58.191 (index):934 NODEACCESSREQUESTED_4
11:08:58.324 (index):934 NODEACCESSREQUESTED_10
11:08:58.466 (index):928 ATTRIBUTEACCESSREQUESTED_7
11:08:58.472 (index):957 WAITING_13
11:08:58.844 (index):928 ATTRIBUTEACCESSREQUESTED_5
11:08:58.854 (index):901 UPDATE_12
11:08:58.955 (index):877 ATTRIBUTEACCESSRELEASED_12
11:08:59.009 (index):901 UPDATE_2
11:08:59.012 (index):898 UPDATE_6
11:08:59.056 (index):934 NODEACCESSREQUESTED_11
11:08:59.110 (index):957 WAITING_9
11:08:59.111 (index):877 ATTRIBUTEACCESSRELEASED_2
11:08:59.113 (index):873 NODEACCESSRELEASED_6
11:08:59.193 (index):898 UPDATE_4
11:08:59.204 (index):898 UPDATE_3
11:08:59.294 (index):873 NODEACCESSRELEASED_4
11:08:59.306 (index):873 NODEACCESSRELEASED_3
11:08:59.325 (index):898 UPDATE_10
11:08:59.426 (index):889 THINKING_10
11:08:59.467 (index):957 WAITING_7
11:08:59.473 (index):901 UPDATE_13
11:08:59.574 (index):877 ATTRIBUTEACCESSRELEASED_13
11:08:59.845 (index):901 UPDATE_5
11:08:59.946 (index):889 THINKING_5
11:08:59.956 (index):928 ATTRIBUTEACCESSREQUESTED_12
11:09:00.058 (index):898 UPDATE_11
11:09:00.103 (index):898 UPDATE_0
11:09:00.111 (index):901 UPDATE_9
11:09:00.112 (index):934 NODEACCESSREQUESTED_2
11:09:00.114 (index):928 ATTRIBUTEACCESSREQUESTED_6
11:09:00.162 (index):889 THINKING_11
11:09:00.204 (index):889 THINKING_0
11:09:00.212 (index):877 ATTRIBUTEACCESSRELEASED_9
11:09:00.296 (index):928 ATTRIBUTEACCESSREQUESTED_4
11:09:00.307 (index):928 ATTRIBUTEACCESSREQUESTED_3
11:09:00.467 (index):957 WAITING_7
11:09:00.575 (index):934 NODEACCESSREQUESTED_13
11:09:00.957 (index):901 UPDATE_12
11:09:01.059 (index):877 ATTRIBUTEACCESSRELEASED_12
11:09:01.067 (index):898 UPDATE_1
11:09:01.112 (index):898 UPDATE_2
11:09:01.115 (index):957 WAITING_6
11:09:01.168 (index):873 NODEACCESSRELEASED_1
11:09:01.179 (index):901 UPDATE_8
11:09:01.213 (index):928 ATTRIBUTEACCESSREQUESTED_9
11:09:01.214 (index):889 THINKING_2
11:09:01.280 (index):877 ATTRIBUTEACCESSRELEASED_8
11:09:01.297 (index):901 UPDATE_4
11:09:01.308 (index):957 WAITING_3
11:09:01.398 (index):889 THINKING_4
11:09:01.468 (index):901 UPDATE_7
11:09:01.570 (index):889 THINKING_7
11:09:01.577 (index):898 UPDATE_13
11:09:01.678 (index):873 NODEACCESSRELEASED_13
11:09:02.060 (index):928 ATTRIBUTEACCESSREQUESTED_12
11:09:02.117 (index):957 WAITING_6
11:09:02.170 (index):934 NODEACCESSREQUESTED_1
11:09:02.214 (index):957 WAITING_9
11:09:02.281 (index):928 ATTRIBUTEACCESSREQUESTED_8
11:09:02.309 (index):957 WAITING_3
11:09:02.679 (index):928 ATTRIBUTEACCESSREQUESTED_13
11:09:03.061 (index):901 UPDATE_12
11:09:03.118 (index):957 WAITING_6
11:09:03.163 (index):877 ATTRIBUTEACCESSRELEASED_12
11:09:03.171 (index):898 UPDATE_1
11:09:03.216 (index):957 WAITING_9
11:09:03.272 (index):889 THINKING_1
11:09:03.283 (index):957 WAITING_8
11:09:03.310 (index):957 WAITING_3
11:09:03.681 (index):957 WAITING_13
11:09:03.766 (index):898 UPDATE_2
11:09:03.836 (index):901 UPDATE_4
11:09:03.867 (index):889 THINKING_2
11:09:03.937 (index):877 ATTRIBUTEACCESSRELEASED_4
11:09:04.091 (index):898 UPDATE_10
11:09:04.119 (index):957 WAITING_6
11:09:04.164 (index):928 ATTRIBUTEACCESSREQUESTED_12
11:09:04.192 (index):873 NODEACCESSRELEASED_10
11:09:04.217 (index):901 UPDATE_9
11:09:04.284 (index):957 WAITING_8
11:09:04.311 (index):957 WAITING_3
11:09:04.318 (index):877 ATTRIBUTEACCESSRELEASED_9
11:09:04.440 (index):898 UPDATE_11
11:09:04.529 (index):901 UPDATE_5
11:09:04.541 (index):873 NODEACCESSRELEASED_11
11:09:04.630 (index):889 THINKING_5
11:09:04.682 (index):957 WAITING_13
11:09:04.939 (index):928 ATTRIBUTEACCESSREQUESTED_4
11:09:05.120 (index):957 WAITING_6
11:09:05.146 (index):898 UPDATE_0
11:09:05.165 (index):901 UPDATE_12
11:09:05.193 (index):934 NODEACCESSREQUESTED_10
11:09:05.247 (index):873 NODEACCESSRELEASED_0
11:09:05.266 (index):877 ATTRIBUTEACCESSRELEASED_12
11:09:05.284 (index):957 WAITING_8
11:09:05.312 (index):957 WAITING_3
11:09:05.319 (index):934 NODEACCESSREQUESTED_9
11:09:05.542 (index):928 ATTRIBUTEACCESSREQUESTED_11
11:09:05.583 (index):898 UPDATE_1
11:09:05.683 (index):957 WAITING_13
11:09:05.684 (index):873 NODEACCESSRELEASED_1
11:09:05.940 (index):957 WAITING_4
11:09:06.094 (index):898 UPDATE_2
11:09:06.122 (index):957 WAITING_6
11:09:06.194 (index):898 UPDATE_10
11:09:06.195 (index):889 THINKING_2
11:09:06.208 (index):901 UPDATE_7
11:09:06.248 (index):934 NODEACCESSREQUESTED_0
11:09:06.268 (index):928 ATTRIBUTEACCESSREQUESTED_12
11:09:06.286 (index):957 WAITING_8
11:09:06.295 (index):889 THINKING_10
11:09:06.309 (index):877 ATTRIBUTEACCESSRELEASED_7
11:09:06.313 (index):901 UPDATE_3
11:09:06.319 (index):898 UPDATE_9
11:09:06.414 (index):877 ATTRIBUTEACCESSRELEASED_3
11:09:06.420 (index):889 THINKING_9
11:09:06.544 (index):901 UPDATE_11
11:09:06.645 (index):877 ATTRIBUTEACCESSRELEASED_11
11:09:06.672 (index):901 UPDATE_5
11:09:06.684 (index):901 UPDATE_13
11:09:06.685 (index):934 NODEACCESSREQUESTED_1
11:09:06.773 (index):877 ATTRIBUTEACCESSRELEASED_5
11:09:06.785 (index):877 ATTRIBUTEACCESSRELEASED_13
11:09:06.941 (index):957 WAITING_4
11:09:07.123 (index):901 UPDATE_6
11:09:07.224 (index):889 THINKING_6
11:09:07.249 (index):898 UPDATE_0
11:09:07.268 (index):901 UPDATE_12
11:09:07.287 (index):957 WAITING_8
11:09:07.310 (index):934 NODEACCESSREQUESTED_7
11:09:07.350 (index):889 THINKING_0
11:09:07.370 (index):877 ATTRIBUTEACCESSRELEASED_12
11:09:07.415 (index):934 NODEACCESSREQUESTED_3
11:09:07.645 (index):928 ATTRIBUTEACCESSREQUESTED_11
11:09:07.686 (index):898 UPDATE_1
11:09:07.777 (index):934 NODEACCESSREQUESTED_5
11:09:07.791 (index):928 ATTRIBUTEACCESSREQUESTED_13
11:09:07.792 (index):889 THINKING_1
11:09:07.943 (index):957 WAITING_4
11:09:08.288 (index):957 WAITING_8
11:09:08.311 (index):898 UPDATE_7
11:09:08.371 (index):934 NODEACCESSREQUESTED_12
11:09:08.412 (index):873 NODEACCESSRELEASED_7
11:09:08.416 (index):898 UPDATE_3
11:09:08.517 (index):873 NODEACCESSRELEASED_3
11:09:08.647 (index):901 UPDATE_11
11:09:08.748 (index):877 ATTRIBUTEACCESSRELEASED_11
11:09:08.778 (index):898 UPDATE_5
11:09:08.792 (index):957 WAITING_13
11:09:08.880 (index):889 THINKING_5
11:09:08.944 (index):957 WAITING_4
11:09:09.289 (index):957 WAITING_8
11:09:09.372 (index):898 UPDATE_12
11:09:09.413 (index):934 NODEACCESSREQUESTED_7
11:09:09.473 (index):873 NODEACCESSRELEASED_12
11:09:09.495 (index):901 UPDATE_6
11:09:09.506 (index):898 UPDATE_0
11:09:09.518 (index):934 NODEACCESSREQUESTED_3
11:09:09.532 (index):898 UPDATE_9
11:09:09.600 (index):889 THINKING_6
11:09:09.608 (index):873 NODEACCESSRELEASED_0
11:09:09.633 (index):873 NODEACCESSRELEASED_9
11:09:09.749 (index):934 NODEACCESSREQUESTED_11
11:09:09.793 (index):957 WAITING_13
11:09:09.945 (index):957 WAITING_4
11:09:10.080 (index):898 UPDATE_10
11:09:10.182 (index):873 NODEACCESSRELEASED_10
11:09:10.291 (index):957 WAITING_8
11:09:10.415 (index):898 UPDATE_7
11:09:10.474 (index):934 NODEACCESSREQUESTED_12
11:09:10.516 (index):873 NODEACCESSRELEASED_7
11:09:10.520 (index):898 UPDATE_3
11:09:10.609 (index):934 NODEACCESSREQUESTED_0
11:09:10.620 (index):873 NODEACCESSRELEASED_3
11:09:10.634 (index):934 NODEACCESSREQUESTED_9
11:09:10.762 (index):898 UPDATE_1
11:09:10.763 (index):898 UPDATE_11
11:09:10.810 (index):957 WAITING_13
11:09:10.863 (index):889 THINKING_1
11:09:10.864 (index):889 THINKING_11
11:09:10.947 (index):957 WAITING_4
11:09:11.050 (index):898 UPDATE_2
11:09:11.152 (index):873 NODEACCESSRELEASED_2
11:09:11.183 (index):934 NODEACCESSREQUESTED_10
11:09:11.292 (index):957 WAITING_8
11:09:11.476 (index):898 UPDATE_12
11:09:11.517 (index):928 ATTRIBUTEACCESSREQUESTED_7
11:09:11.577 (index):889 THINKING_12
11:09:11.611 (index):898 UPDATE_0
11:09:11.622 (index):934 NODEACCESSREQUESTED_3
11:09:11.635 (index):898 UPDATE_9
11:09:11.712 (index):873 NODEACCESSRELEASED_0
11:09:11.736 (index):873 NODEACCESSRELEASED_9
11:09:11.811 (index):957 WAITING_13
11:09:11.948 (index):957 WAITING_4
11:09:12.153 (index):934 NODEACCESSREQUESTED_2
11:09:12.184 (index):898 UPDATE_10
11:09:12.286 (index):889 THINKING_10
11:09:12.294 (index):957 WAITING_8
11:09:12.518 (index):957 WAITING_7
11:09:12.554 (index):901 UPDATE_6
11:09:12.623 (index):898 UPDATE_3
11:09:12.655 (index):877 ATTRIBUTEACCESSRELEASED_6
11:09:12.713 (index):934 NODEACCESSREQUESTED_0
11:09:12.724 (index):873 NODEACCESSRELEASED_3
11:09:12.737 (index):928 ATTRIBUTEACCESSREQUESTED_9
11:09:12.812 (index):957 WAITING_13
11:09:12.949 (index):957 WAITING_4
11:09:13.154 (index):898 UPDATE_2
11:09:13.256 (index):873 NODEACCESSRELEASED_2
11:09:13.295 (index):901 UPDATE_8
11:09:13.396 (index):877 ATTRIBUTEACCESSRELEASED_8
11:09:13.519 (index):957 WAITING_7
11:09:13.657 (index):934 NODEACCESSREQUESTED_6
11:09:13.714 (index):898 UPDATE_0
11:09:13.725 (index):934 NODEACCESSREQUESTED_3
11:09:13.738 (index):901 UPDATE_9
11:09:13.813 (index):957 WAITING_13
11:09:13.815 (index):898 UPDATE_5
11:09:13.816 (index):889 THINKING_0
11:09:13.839 (index):889 THINKING_9
11:09:13.916 (index):873 NODEACCESSRELEASED_5
11:09:13.951 (index):901 UPDATE_4
11:09:14.052 (index):889 THINKING_4
11:09:14.248 (index):898 UPDATE_11
11:09:15.226 (index):934 NODEACCESSREQUESTED_2
11:09:15.227 (index):873 NODEACCESSRELEASED_11
11:09:15.228 (index):934 NODEACCESSREQUESTED_8
11:09:15.229 (index):957 WAITING_7
11:09:15.229 (index):898 UPDATE_6
11:09:15.231 (index):898 UPDATE_3
11:09:15.232 (index):957 WAITING_13
11:09:15.233 (index):934 NODEACCESSREQUESTED_5
11:09:15.234 (index):898 UPDATE_12
11:09:16.226 (index):873 NODEACCESSRELEASED_6
11:09:16.227 (index):889 THINKING_3
11:09:16.229 (index):873 NODEACCESSRELEASED_12
11:09:16.230 (index):898 UPDATE_1
11:09:17.226 (index):898 UPDATE_2
11:09:17.228 (index):934 NODEACCESSREQUESTED_11
11:09:17.229 (index):898 UPDATE_8
11:09:17.229 (index):957 WAITING_7
11:09:17.231 (index):957 WAITING_13
11:09:17.232 (index):898 UPDATE_5
11:09:17.232 (index):889 THINKING_1
11:09:17.233 (index):898 UPDATE_10
11:09:18.226 (index):934 NODEACCESSREQUESTED_6
11:09:18.228 (index):928 ATTRIBUTEACCESSREQUESTED_12
11:09:18.230 (index):873 NODEACCESSRELEASED_2
11:09:18.231 (index):889 THINKING_8
11:09:18.233 (index):873 NODEACCESSRELEASED_5
11:09:18.234 (index):873 NODEACCESSRELEASED_10
11:09:18.235 (index):901 UPDATE_9
11:09:18.235 (index):898 UPDATE_0
11:09:19.226 (index):898 UPDATE_11
11:09:19.228 (index):957 WAITING_7
11:09:19.229 (index):957 WAITING_13
11:09:19.230 (index):901 UPDATE_4
11:09:19.231 (index):877 ATTRIBUTEACCESSRELEASED_9
11:09:19.232 (index):873 NODEACCESSRELEASED_0
11:09:19.232 (index):898 UPDATE_3
11:09:20.226 (index):898 UPDATE_6
11:09:20.227 (index):901 UPDATE_12
11:09:20.228 (index):934 NODEACCESSREQUESTED_2
11:09:20.229 (index):934 NODEACCESSREQUESTED_5
11:09:20.230 (index):928 ATTRIBUTEACCESSREQUESTED_10
11:09:20.231 (index):873 NODEACCESSRELEASED_11
11:09:20.232 (index):889 THINKING_4
11:09:20.233 (index):873 NODEACCESSRELEASED_3
11:09:21.226 (index):957 WAITING_7
11:09:21.227 (index):957 WAITING_13
11:09:21.228 (index):928 ATTRIBUTEACCESSREQUESTED_9
11:09:21.229 (index):928 ATTRIBUTEACCESSREQUESTED_0
11:09:21.232 (index):873 NODEACCESSRELEASED_6
11:09:21.233 (index):877 ATTRIBUTEACCESSRELEASED_12
11:09:22.226 (index):898 UPDATE_2
11:09:22.227 (index):898 UPDATE_5
11:09:22.228 (index):901 UPDATE_10
11:09:22.229 (index):928 ATTRIBUTEACCESSREQUESTED_11
11:09:22.230 (index):928 ATTRIBUTEACCESSREQUESTED_3
11:09:22.231 (index):898 UPDATE_1
11:09:22.233 (index):898 UPDATE_8
11:09:23.226 (index):957 WAITING_7
11:09:23.227 (index):957 WAITING_13
11:09:23.228 (index):901 UPDATE_9
11:09:23.229 (index):957 WAITING_0
11:09:23.230 (index):928 ATTRIBUTEACCESSREQUESTED_6
11:09:23.231 (index):928 ATTRIBUTEACCESSREQUESTED_12
11:09:23.232 (index):873 NODEACCESSRELEASED_2
11:09:23.233 (index):873 NODEACCESSRELEASED_5
11:09:23.234 (index):877 ATTRIBUTEACCESSRELEASED_10
11:09:23.235 (index):873 NODEACCESSRELEASED_1
11:09:23.235 (index):873 NODEACCESSRELEASED_8
11:09:24.226 (index):901 UPDATE_11
11:09:24.228 (index):957 WAITING_3
11:09:24.229 (index):877 ATTRIBUTEACCESSRELEASED_9
11:09:24.231 (index):901 UPDATE_4
11:09:25.226 (index):957 WAITING_7
11:09:25.227 (index):957 WAITING_13
11:09:25.227 (index):901 UPDATE_0
11:09:25.228 (index):957 WAITING_6
11:09:25.229 (index):957 WAITING_12
11:09:25.230 (index):934 NODEACCESSREQUESTED_2
11:09:25.230 (index):934 NODEACCESSREQUESTED_5
11:09:25.232 (index):928 ATTRIBUTEACCESSREQUESTED_10
11:09:25.233 (index):934 NODEACCESSREQUESTED_1
11:09:25.234 (index):934 NODEACCESSREQUESTED_8
11:09:25.235 (index):889 THINKING_11
11:09:25.236 (index):889 THINKING_4
11:09:26.226 (index):957 WAITING_3
11:09:26.227 (index):934 NODEACCESSREQUESTED_9
11:09:26.228 (index):877 ATTRIBUTEACCESSRELEASED_0
11:09:27.226 (index):957 WAITING_7
11:09:27.227 (index):957 WAITING_13
11:09:27.229 (index):957 WAITING_6
11:09:27.230 (index):901 UPDATE_12
11:09:27.232 (index):898 UPDATE_2
11:09:27.233 (index):898 UPDATE_5
11:09:27.234 (index):901 UPDATE_10
11:09:27.235 (index):898 UPDATE_1
11:09:27.236 (index):898 UPDATE_8
11:09:27.431 (index):957 WAITING_3
11:09:27.432 (index):898 UPDATE_9
11:09:27.434 (index):934 NODEACCESSREQUESTED_0
11:09:27.435 (index):968 END_12
11:09:27.436 (index):968 END_2
11:09:27.437 (index):873 NODEACCESSRELEASED_5
11:09:27.438 (index):877 ATTRIBUTEACCESSRELEASED_10
11:09:27.438 (index):889 THINKING_1
11:09:27.439 (index):873 NODEACCESSRELEASED_8
11:09:27.534 (index):873 NODEACCESSRELEASED_9
11:09:28.002 (index):901 UPDATE_4
11:09:28.112 (index):877 ATTRIBUTEACCESSRELEASED_4
11:09:28.228 (index):957 WAITING_7
11:09:28.229 (index):901 UPDATE_13
11:09:28.230 (index):957 WAITING_6
11:09:28.330 (index):877 ATTRIBUTEACCESSRELEASED_13
11:09:28.399 (index):901 UPDATE_11
11:09:28.432 (index):957 WAITING_3
11:09:28.435 (index):898 UPDATE_0
11:09:28.438 (index):934 NODEACCESSREQUESTED_5
11:09:28.439 (index):934 NODEACCESSREQUESTED_10
11:09:28.440 (index):934 NODEACCESSREQUESTED_8
11:09:28.500 (index):968 END_11
11:09:28.535 (index):934 NODEACCESSREQUESTED_9
11:09:28.536 (index):873 NODEACCESSRELEASED_0
11:09:29.112 (index):934 NODEACCESSREQUESTED_4
11:09:29.229 (index):901 UPDATE_7
11:09:29.231 (index):957 WAITING_6
11:09:29.334 (index):877 ATTRIBUTEACCESSRELEASED_7
11:09:29.335 (index):934 NODEACCESSREQUESTED_13
11:09:29.434 (index):901 UPDATE_3
11:09:29.439 (index):898 UPDATE_5
11:09:29.440 (index):898 UPDATE_10
11:09:29.442 (index):898 UPDATE_8
11:09:29.535 (index):877 ATTRIBUTEACCESSRELEASED_3
11:09:29.536 (index):898 UPDATE_9
11:09:29.537 (index):934 NODEACCESSREQUESTED_0
11:09:29.540 (index):968 END_5
11:09:29.541 (index):968 END_10
11:09:29.542 (index):873 NODEACCESSRELEASED_8
11:09:29.616 (index):898 UPDATE_1
11:09:29.637 (index):968 END_9
11:09:29.717 (index):873 NODEACCESSRELEASED_1
11:09:30.114 (index):898 UPDATE_4
11:09:30.215 (index):873 NODEACCESSRELEASED_4
11:09:30.232 (index):901 UPDATE_6
11:09:30.333 (index):877 ATTRIBUTEACCESSRELEASED_6
11:09:30.335 (index):934 NODEACCESSREQUESTED_7
11:09:30.336 (index):898 UPDATE_13
11:09:30.437 (index):873 NODEACCESSRELEASED_13
11:09:30.536 (index):928 ATTRIBUTEACCESSREQUESTED_3
11:09:30.538 (index):898 UPDATE_0
11:09:30.543 (index):934 NODEACCESSREQUESTED_8
11:09:30.639 (index):968 END_0
11:09:30.719 (index):934 NODEACCESSREQUESTED_1
11:09:31.216 (index):934 NODEACCESSREQUESTED_4
11:09:31.335 (index):934 NODEACCESSREQUESTED_6
11:09:31.336 (index):898 UPDATE_7
11:09:31.437 (index):873 NODEACCESSRELEASED_7
11:09:31.439 (index):934 NODEACCESSREQUESTED_13
11:09:31.537 (index):901 UPDATE_3
11:09:31.544 (index):898 UPDATE_8
11:09:31.639 (index):889 THINKING_3
11:09:31.646 (index):873 NODEACCESSRELEASED_8
11:09:31.720 (index):898 UPDATE_1
11:09:31.821 (index):968 END_1
11:09:32.218 (index):898 UPDATE_4
11:09:32.319 (index):889 THINKING_4
11:09:32.336 (index):898 UPDATE_6
11:09:32.437 (index):873 NODEACCESSRELEASED_6
11:09:32.439 (index):928 ATTRIBUTEACCESSREQUESTED_7
11:09:32.440 (index):898 UPDATE_13
11:09:32.541 (index):873 NODEACCESSRELEASED_13
11:09:32.647 (index):934 NODEACCESSREQUESTED_8
11:09:33.439 (index):934 NODEACCESSREQUESTED_6
11:09:33.440 (index):901 UPDATE_7
11:09:33.541 (index):889 THINKING_7
11:09:33.543 (index):934 NODEACCESSREQUESTED_13
11:09:33.648 (index):898 UPDATE_8
11:09:33.750 (index):873 NODEACCESSRELEASED_8
11:09:33.977 (index):901 UPDATE_3
11:09:34.078 (index):877 ATTRIBUTEACCESSRELEASED_3
11:09:34.440 (index):898 UPDATE_6
11:09:34.541 (index):968 END_6
11:09:34.544 (index):898 UPDATE_13
11:09:34.645 (index):873 NODEACCESSRELEASED_13
11:09:34.751 (index):928 ATTRIBUTEACCESSREQUESTED_8
11:09:35.080 (index):934 NODEACCESSREQUESTED_3
11:09:35.647 (index):934 NODEACCESSREQUESTED_13
11:09:35.752 (index):901 UPDATE_8
11:09:35.853 (index):877 ATTRIBUTEACCESSRELEASED_8
11:09:36.081 (index):898 UPDATE_3
11:09:36.182 (index):968 END_3
11:09:36.648 (index):898 UPDATE_13
11:09:36.709 (index):898 UPDATE_4
11:09:36.749 (index):873 NODEACCESSRELEASED_13
11:09:36.811 (index):968 END_4
11:09:36.855 (index):934 NODEACCESSREQUESTED_8
11:09:36.977 (index):901 UPDATE_7
11:09:37.078 (index):877 ATTRIBUTEACCESSRELEASED_7
11:09:37.750 (index):934 NODEACCESSREQUESTED_13
11:09:37.856 (index):898 UPDATE_8
11:09:37.957 (index):968 END_8
11:09:38.079 (index):934 NODEACCESSREQUESTED_7
11:09:38.752 (index):898 UPDATE_13
11:09:38.853 (index):873 NODEACCESSRELEASED_13
11:09:39.080 (index):898 UPDATE_7
11:09:39.182 (index):968 END_7
11:09:39.854 (index):934 NODEACCESSREQUESTED_13
11:09:40.856 (index):898 UPDATE_13
11:09:40.957 (index):968 END_13
