11:04:48.720 (index):1134 Tasks: 25; Collaborators: 9    =========================>
11:04:48.720 (index):928 ATTRIBUTEACCESSREQUESTED_0
11:04:48.721 (index):934 NODEACCESSREQUESTED_1
11:04:48.722 (index):934 NODEACCESSREQUESTED_2
11:04:48.723 (index):928 ATTRIBUTEACCESSREQUESTED_3
11:04:48.724 (index):928 ATTRIBUTEACCESSREQUESTED_4
11:04:48.725 (index):934 NODEACCESSREQUESTED_5
11:04:48.726 (index):934 NODEACCESSREQUESTED_6
11:04:48.726 (index):928 ATTRIBUTEACCESSREQUESTED_7
11:04:48.727 (index):934 NODEACCESSREQUESTED_8
11:04:49.722 (index):889 THINKING_0
11:04:49.722 (index):889 THINKING_1
11:04:49.723 (index):873 NODEACCESSRELEASED_2
11:04:49.724 (index):957 WAITING_3
11:04:49.726 (index):877 ATTRIBUTEACCESSRELEASED_4
11:04:49.727 (index):873 NODEACCESSRELEASED_5
11:04:49.728 (index):889 THINKING_6
11:04:49.730 (index):877 ATTRIBUTEACCESSRELEASED_7
11:04:49.731 (index):889 THINKING_8
11:04:50.724 (index):934 NODEACCESSREQUESTED_2
11:04:50.726 (index):957 WAITING_3
11:04:50.727 (index):928 ATTRIBUTEACCESSREQUESTED_4
11:04:50.728 (index):934 NODEACCESSREQUESTED_5
11:04:50.731 (index):928 ATTRIBUTEACCESSREQUESTED_7
11:04:51.726 (index):898 UPDATE_2
11:04:51.727 (index):957 WAITING_3
11:04:51.728 (index):901 UPDATE_4
11:04:51.730 (index):898 UPDATE_5
11:04:51.732 (index):901 UPDATE_7
11:04:51.757 (index):898 UPDATE_8
11:04:51.827 (index):873 NODEACCESSRELEASED_2
11:04:51.830 (index):877 ATTRIBUTEACCESSRELEASED_4
11:04:51.831 (index):889 THINKING_5
11:04:51.833 (index):877 ATTRIBUTEACCESSRELEASED_7
11:04:51.859 (index):889 THINKING_8
11:04:52.447 (index):898 UPDATE_6
11:04:52.548 (index):873 NODEACCESSRELEASED_6
11:04:52.668 (index):898 UPDATE_1
11:04:52.728 (index):957 WAITING_3
11:04:52.769 (index):873 NODEACCESSRELEASED_1
11:04:52.828 (index):934 NODEACCESSREQUESTED_2
11:04:52.831 (index):934 NODEACCESSREQUESTED_4
11:04:52.834 (index):934 NODEACCESSREQUESTED_7
11:04:53.549 (index):928 ATTRIBUTEACCESSREQUESTED_6
11:04:53.730 (index):957 WAITING_3
11:04:53.771 (index):934 NODEACCESSREQUESTED_1
11:04:53.830 (index):898 UPDATE_2
11:04:53.831 (index):898 UPDATE_4
11:04:53.835 (index):898 UPDATE_7
11:04:53.931 (index):873 NODEACCESSRELEASED_2
11:04:53.932 (index):873 NODEACCESSRELEASED_4
11:04:53.936 (index):873 NODEACCESSRELEASED_7
11:04:54.070 (index):901 UPDATE_0
11:04:54.172 (index):877 ATTRIBUTEACCESSRELEASED_0
11:04:54.246 (index):898 UPDATE_5
11:04:54.348 (index):873 NODEACCESSRELEASED_5
11:04:54.551 (index):901 UPDATE_6
11:04:54.652 (index):877 ATTRIBUTEACCESSRELEASED_6
11:04:54.731 (index):877 ATTRIBUTEACCESSRELEASED_3
11:04:54.772 (index):898 UPDATE_1
11:04:54.874 (index):889 THINKING_1
11:04:54.932 (index):928 ATTRIBUTEACCESSREQUESTED_2
11:04:54.933 (index):928 ATTRIBUTEACCESSREQUESTED_4
11:04:54.937 (index):934 NODEACCESSREQUESTED_7
11:04:55.173 (index):928 ATTRIBUTEACCESSREQUESTED_0
11:04:55.349 (index):934 NODEACCESSREQUESTED_5
11:04:55.653 (index):934 NODEACCESSREQUESTED_6
11:04:55.733 (index):928 ATTRIBUTEACCESSREQUESTED_3
11:04:55.933 (index):901 UPDATE_2
11:04:55.935 (index):901 UPDATE_4
11:04:55.938 (index):898 UPDATE_7
11:04:56.035 (index):889 THINKING_2
11:04:56.036 (index):877 ATTRIBUTEACCESSRELEASED_4
11:04:56.039 (index):889 THINKING_7
11:04:56.175 (index):901 UPDATE_0
11:04:56.276 (index):877 ATTRIBUTEACCESSRELEASED_0
11:04:56.299 (index):898 UPDATE_8
11:04:56.350 (index):898 UPDATE_5
11:04:56.401 (index):873 NODEACCESSRELEASED_8
11:04:56.452 (index):889 THINKING_5
11:04:56.655 (index):898 UPDATE_6
11:04:56.734 (index):901 UPDATE_3
11:04:56.756 (index):873 NODEACCESSRELEASED_6
11:04:56.835 (index):877 ATTRIBUTEACCESSRELEASED_3
11:04:57.037 (index):934 NODEACCESSREQUESTED_4
11:04:57.278 (index):934 NODEACCESSREQUESTED_0
11:04:57.403 (index):928 ATTRIBUTEACCESSREQUESTED_8
11:04:57.758 (index):934 NODEACCESSREQUESTED_6
11:04:57.837 (index):934 NODEACCESSREQUESTED_3
11:04:58.039 (index):898 UPDATE_4
11:04:58.140 (index):873 NODEACCESSRELEASED_4
11:04:58.211 (index):898 UPDATE_7
11:04:58.279 (index):898 UPDATE_0
11:04:58.313 (index):873 NODEACCESSRELEASED_7
11:04:58.381 (index):889 THINKING_0
11:04:58.404 (index):901 UPDATE_8
11:04:58.423 (index):898 UPDATE_1
11:04:58.505 (index):889 THINKING_8
11:04:58.524 (index):889 THINKING_1
11:04:58.754 (index):901 UPDATE_2
11:04:58.759 (index):898 UPDATE_6
11:04:58.838 (index):898 UPDATE_3
11:04:58.855 (index):877 ATTRIBUTEACCESSRELEASED_2
11:04:58.860 (index):873 NODEACCESSRELEASED_6
11:04:58.939 (index):889 THINKING_3
11:04:59.142 (index):928 ATTRIBUTEACCESSREQUESTED_4
11:04:59.314 (index):928 ATTRIBUTEACCESSREQUESTED_7
11:04:59.592 (index):898 UPDATE_5
11:04:59.693 (index):873 NODEACCESSRELEASED_5
11:04:59.856 (index):928 ATTRIBUTEACCESSREQUESTED_2
11:04:59.862 (index):934 NODEACCESSREQUESTED_6
11:05:00.143 (index):901 UPDATE_4
11:05:00.244 (index):889 THINKING_4
11:05:00.315 (index):957 WAITING_7
11:05:00.694 (index):928 ATTRIBUTEACCESSREQUESTED_5
11:05:00.858 (index):901 UPDATE_2
11:05:00.863 (index):898 UPDATE_6
11:05:00.950 (index):898 UPDATE_0
11:05:00.959 (index):877 ATTRIBUTEACCESSRELEASED_2
11:05:00.964 (index):873 NODEACCESSRELEASED_6
11:05:01.052 (index):889 THINKING_0
11:05:01.316 (index):957 WAITING_7
11:05:01.696 (index):901 UPDATE_5
11:05:01.797 (index):889 THINKING_5
11:05:01.960 (index):934 NODEACCESSREQUESTED_2
11:05:01.965 (index):928 ATTRIBUTEACCESSREQUESTED_6
11:05:02.318 (index):957 WAITING_7
11:05:02.683 (index):901 UPDATE_4
11:05:02.784 (index):877 ATTRIBUTEACCESSRELEASED_4
11:05:02.918 (index):898 UPDATE_1
11:05:02.962 (index):898 UPDATE_2
11:05:02.966 (index):957 WAITING_6
11:05:03.019 (index):873 NODEACCESSRELEASED_1
11:05:03.029 (index):901 UPDATE_8
11:05:03.057 (index):898 UPDATE_3
11:05:03.063 (index):889 THINKING_2
11:05:03.130 (index):877 ATTRIBUTEACCESSRELEASED_8
11:05:03.158 (index):873 NODEACCESSRELEASED_3
11:05:03.319 (index):901 UPDATE_7
11:05:03.420 (index):889 THINKING_7
11:05:03.786 (index):928 ATTRIBUTEACCESSREQUESTED_4
11:05:03.967 (index):957 WAITING_6
11:05:04.020 (index):934 NODEACCESSREQUESTED_1
11:05:04.131 (index):928 ATTRIBUTEACCESSREQUESTED_8
11:05:04.159 (index):928 ATTRIBUTEACCESSREQUESTED_3
11:05:04.787 (index):957 WAITING_4
11:05:04.968 (index):957 WAITING_6
11:05:05.022 (index):898 UPDATE_1
11:05:05.123 (index):889 THINKING_1
11:05:05.132 (index):901 UPDATE_8
11:05:05.160 (index):957 WAITING_3
11:05:05.233 (index):877 ATTRIBUTEACCESSRELEASED_8
11:05:05.614 (index):898 UPDATE_2
11:05:05.716 (index):889 THINKING_2
11:05:05.788 (index):957 WAITING_4
11:05:05.970 (index):957 WAITING_6
11:05:05.994 (index):898 UPDATE_0
11:05:06.095 (index):873 NODEACCESSRELEASED_0
11:05:06.161 (index):957 WAITING_3
11:05:06.234 (index):934 NODEACCESSREQUESTED_8
11:05:06.379 (index):901 UPDATE_5
11:05:06.481 (index):889 THINKING_5
11:05:06.789 (index):957 WAITING_4
11:05:06.971 (index):957 WAITING_6
11:05:07.097 (index):934 NODEACCESSREQUESTED_0
11:05:07.162 (index):957 WAITING_3
11:05:07.236 (index):898 UPDATE_8
11:05:07.337 (index):889 THINKING_8
11:05:07.434 (index):898 UPDATE_1
11:05:07.535 (index):873 NODEACCESSRELEASED_1
11:05:07.791 (index):957 WAITING_4
11:05:07.943 (index):898 UPDATE_2
11:05:07.972 (index):957 WAITING_6
11:05:08.044 (index):889 THINKING_2
11:05:08.059 (index):901 UPDATE_7
11:05:08.098 (index):898 UPDATE_0
11:05:08.159 (index):877 ATTRIBUTEACCESSRELEASED_7
11:05:08.163 (index):957 WAITING_3
11:05:08.199 (index):889 THINKING_0
11:05:08.523 (index):901 UPDATE_5
11:05:08.537 (index):934 NODEACCESSREQUESTED_1
11:05:08.624 (index):877 ATTRIBUTEACCESSRELEASED_5
11:05:08.792 (index):901 UPDATE_4
11:05:08.893 (index):889 THINKING_4
11:05:08.973 (index):901 UPDATE_6
11:05:09.075 (index):889 THINKING_6
11:05:09.160 (index):934 NODEACCESSREQUESTED_7
11:05:09.164 (index):957 WAITING_3
11:05:09.538 (index):898 UPDATE_1
11:05:09.625 (index):934 NODEACCESSREQUESTED_5
11:05:09.639 (index):889 THINKING_1
11:05:10.162 (index):898 UPDATE_7
11:05:10.165 (index):957 WAITING_3
11:05:10.263 (index):873 NODEACCESSRELEASED_7
11:05:10.356 (index):898 UPDATE_0
11:05:10.457 (index):873 NODEACCESSRELEASED_0
11:05:10.627 (index):898 UPDATE_5
11:05:10.634 (index):898 UPDATE_8
11:05:10.727 (index):889 THINKING_5
11:05:10.735 (index):873 NODEACCESSRELEASED_8
11:05:11.166 (index):957 WAITING_3
11:05:11.264 (index):934 NODEACCESSREQUESTED_7
11:05:11.346 (index):901 UPDATE_6
11:05:11.447 (index):889 THINKING_6
11:05:11.458 (index):934 NODEACCESSREQUESTED_0
11:05:11.736 (index):934 NODEACCESSREQUESTED_8
11:05:12.167 (index):957 WAITING_3
11:05:12.266 (index):898 UPDATE_7
11:05:12.367 (index):873 NODEACCESSRELEASED_7
11:05:12.459 (index):898 UPDATE_0
11:05:12.560 (index):873 NODEACCESSRELEASED_0
11:05:12.570 (index):898 UPDATE_1
11:05:12.670 (index):889 THINKING_1
11:05:12.737 (index):898 UPDATE_8
11:05:12.838 (index):873 NODEACCESSRELEASED_8
11:05:12.899 (index):898 UPDATE_2
11:05:13.000 (index):873 NODEACCESSRELEASED_2
11:05:13.102 (index):901 UPDATE_4
11:05:13.169 (index):957 WAITING_3
11:05:13.204 (index):889 THINKING_4
11:05:13.369 (index):928 ATTRIBUTEACCESSREQUESTED_7
11:05:13.562 (index):934 NODEACCESSREQUESTED_0
11:05:13.840 (index):934 NODEACCESSREQUESTED_8
11:05:14.002 (index):934 NODEACCESSREQUESTED_2
11:05:14.170 (index):957 WAITING_3
11:05:14.370 (index):901 UPDATE_7
11:05:14.401 (index):901 UPDATE_6
11:05:14.471 (index):877 ATTRIBUTEACCESSRELEASED_7
11:05:14.503 (index):877 ATTRIBUTEACCESSRELEASED_6
11:05:14.563 (index):898 UPDATE_0
11:05:14.664 (index):889 THINKING_0
11:05:14.841 (index):898 UPDATE_8
11:05:14.942 (index):873 NODEACCESSRELEASED_8
11:05:15.003 (index):898 UPDATE_2
11:05:15.105 (index):873 NODEACCESSRELEASED_2
11:05:15.171 (index):957 WAITING_3
11:05:15.472 (index):934 NODEACCESSREQUESTED_7
11:05:15.504 (index):934 NODEACCESSREQUESTED_6
11:05:15.663 (index):898 UPDATE_5
11:05:15.764 (index):873 NODEACCESSRELEASED_5
11:05:15.943 (index):934 NODEACCESSREQUESTED_8
11:05:16.106 (index):934 NODEACCESSREQUESTED_2
11:05:16.172 (index):957 WAITING_3
11:05:16.474 (index):898 UPDATE_7
11:05:16.505 (index):898 UPDATE_6
11:05:16.575 (index):873 NODEACCESSRELEASED_7
11:05:16.607 (index):873 NODEACCESSRELEASED_6
11:05:16.765 (index):934 NODEACCESSREQUESTED_5
11:05:16.944 (index):898 UPDATE_8
11:05:17.046 (index):873 NODEACCESSRELEASED_8
11:05:17.107 (index):898 UPDATE_2
11:05:17.163 (index):901 UPDATE_4
11:05:17.174 (index):957 WAITING_3
11:05:17.209 (index):873 NODEACCESSRELEASED_2
11:05:17.264 (index):889 THINKING_4
11:05:17.281 (index):898 UPDATE_1
11:05:17.382 (index):889 THINKING_1
11:05:17.577 (index):928 ATTRIBUTEACCESSREQUESTED_7
11:05:17.608 (index):934 NODEACCESSREQUESTED_6
11:05:17.767 (index):898 UPDATE_5
11:05:17.868 (index):873 NODEACCESSRELEASED_5
11:05:18.047 (index):934 NODEACCESSREQUESTED_8
11:05:18.175 (index):957 WAITING_3
11:05:18.210 (index):934 NODEACCESSREQUESTED_2
11:05:18.578 (index):957 WAITING_7
11:05:18.609 (index):898 UPDATE_6
11:05:18.659 (index):898 UPDATE_0
11:05:18.711 (index):873 NODEACCESSRELEASED_6
11:05:18.760 (index):873 NODEACCESSRELEASED_0
11:05:18.869 (index):934 NODEACCESSREQUESTED_5
11:05:19.048 (index):898 UPDATE_8
11:05:19.150 (index):873 NODEACCESSRELEASED_8
11:05:19.176 (index):957 WAITING_3
11:05:19.211 (index):898 UPDATE_2
11:05:19.313 (index):873 NODEACCESSRELEASED_2
11:05:19.579 (index):957 WAITING_7
11:05:19.712 (index):928 ATTRIBUTEACCESSREQUESTED_6
11:05:19.761 (index):928 ATTRIBUTEACCESSREQUESTED_0
11:05:19.870 (index):898 UPDATE_5
11:05:19.971 (index):873 NODEACCESSRELEASED_5
11:05:20.030 (index):901 UPDATE_4
11:05:20.132 (index):877 ATTRIBUTEACCESSRELEASED_4
11:05:20.151 (index):928 ATTRIBUTEACCESSREQUESTED_8
11:05:20.177 (index):901 UPDATE_3
11:05:20.278 (index):877 ATTRIBUTEACCESSRELEASED_3
11:05:20.314 (index):934 NODEACCESSREQUESTED_2
11:05:20.580 (index):901 UPDATE_7
11:05:20.681 (index):889 THINKING_7
11:05:20.714 (index):901 UPDATE_6
11:05:20.763 (index):957 WAITING_0
11:05:20.815 (index):877 ATTRIBUTEACCESSRELEASED_6
11:05:20.972 (index):934 NODEACCESSREQUESTED_5
11:05:21.133 (index):934 NODEACCESSREQUESTED_4
11:05:21.152 (index):901 UPDATE_8
11:05:21.254 (index):877 ATTRIBUTEACCESSRELEASED_8
11:05:21.280 (index):934 NODEACCESSREQUESTED_3
11:05:21.315 (index):898 UPDATE_2
11:05:21.416 (index):968 END_2
11:05:21.574 (index):898 UPDATE_1
11:05:21.675 (index):873 NODEACCESSRELEASED_1
11:05:21.764 (index):957 WAITING_0
11:05:21.816 (index):934 NODEACCESSREQUESTED_6
11:05:21.973 (index):898 UPDATE_5
11:05:22.074 (index):873 NODEACCESSRELEASED_5
11:05:22.134 (index):898 UPDATE_4
11:05:22.235 (index):873 NODEACCESSRELEASED_4
11:05:22.255 (index):934 NODEACCESSREQUESTED_8
11:05:22.281 (index):898 UPDATE_3
11:05:22.382 (index):873 NODEACCESSRELEASED_3
11:05:22.676 (index):934 NODEACCESSREQUESTED_1
11:05:22.765 (index):957 WAITING_0
11:05:22.818 (index):898 UPDATE_6
11:05:22.919 (index):873 NODEACCESSRELEASED_6
11:05:23.075 (index):934 NODEACCESSREQUESTED_5
11:05:23.237 (index):934 NODEACCESSREQUESTED_4
11:05:23.256 (index):898 UPDATE_8
11:05:23.357 (index):968 END_8
11:05:23.384 (index):934 NODEACCESSREQUESTED_3
11:05:23.678 (index):898 UPDATE_1
11:05:23.767 (index):957 WAITING_0
11:05:23.779 (index):889 THINKING_1
11:05:23.920 (index):934 NODEACCESSREQUESTED_6
11:05:24.077 (index):898 UPDATE_5
11:05:24.117 (index):901 UPDATE_7
11:05:24.178 (index):968 END_5
11:05:24.218 (index):877 ATTRIBUTEACCESSRELEASED_7
11:05:24.238 (index):898 UPDATE_4
11:05:24.339 (index):889 THINKING_4
11:05:24.385 (index):898 UPDATE_3
11:05:24.486 (index):873 NODEACCESSRELEASED_3
11:05:24.767 (index):901 UPDATE_0
11:05:24.869 (index):877 ATTRIBUTEACCESSRELEASED_0
11:05:24.921 (index):898 UPDATE_6
11:05:25.023 (index):968 END_6
11:05:25.220 (index):934 NODEACCESSREQUESTED_7
11:05:25.487 (index):934 NODEACCESSREQUESTED_3
11:05:25.870 (index):934 NODEACCESSREQUESTED_0
11:05:25.957 (index):898 UPDATE_1
11:05:26.059 (index):873 NODEACCESSRELEASED_1
11:05:26.220 (index):898 UPDATE_7
11:05:26.322 (index):968 END_7
11:05:26.489 (index):898 UPDATE_3
11:05:26.590 (index):873 NODEACCESSRELEASED_3
11:05:26.871 (index):898 UPDATE_0
11:05:26.973 (index):873 NODEACCESSRELEASED_0
11:05:27.060 (index):934 NODEACCESSREQUESTED_1
11:05:27.591 (index):934 NODEACCESSREQUESTED_3
11:05:27.974 (index):934 NODEACCESSREQUESTED_0
11:05:28.061 (index):898 UPDATE_1
11:05:28.162 (index):968 END_1
11:05:28.592 (index):898 UPDATE_3
11:05:28.694 (index):889 THINKING_3
11:05:28.729 (index):898 UPDATE_4
11:05:28.831 (index):968 END_4
11:05:28.975 (index):898 UPDATE_0
11:05:29.076 (index):968 END_0
11:05:31.101 (index):898 UPDATE_3
11:05:31.202 (index):873 NODEACCESSRELEASED_3
11:05:32.203 (index):928 ATTRIBUTEACCESSREQUESTED_3
11:05:33.204 (index):901 UPDATE_3
11:05:33.305 (index):877 ATTRIBUTEACCESSRELEASED_3
11:05:34.307 (index):928 ATTRIBUTEACCESSREQUESTED_3
11:05:35.308 (index):901 UPDATE_3
11:05:35.409 (index):889 THINKING_3
11:05:37.748 (index):901 UPDATE_3
11:05:37.849 (index):877 ATTRIBUTEACCESSRELEASED_3
11:05:38.850 (index):934 NODEACCESSREQUESTED_3
11:05:39.852 (index):898 UPDATE_3
11:05:39.953 (index):968 END_3
