11:00:12.663 (index):1050 Tasks: 25; Collaborators: 3    =========================>
11:00:12.664 (index):928 ATTRIBUTEACCESSREQUESTED_0
11:00:12.665 (index):934 NODEACCESSREQUESTED_1
11:00:12.666 (index):934 NODEACCESSREQUESTED_2
11:00:13.665 (index):889 THINKING_0
11:00:13.667 (index):889 THINKING_1
11:00:13.668 (index):873 NODEACCESSRELEASED_2
11:00:14.669 (index):934 NODEACCESSREQUESTED_2
11:00:15.670 (index):898 UPDATE_2
11:00:15.771 (index):873 NODEACCESSRELEASED_2
11:00:16.613 (index):898 UPDATE_1
11:00:16.714 (index):873 NODEACCESSRELEASED_1
11:00:16.772 (index):934 NODEACCESSREQUESTED_2
11:00:17.715 (index):934 NODEACCESSREQUESTED_1
11:00:17.774 (index):898 UPDATE_2
11:00:17.875 (index):873 NODEACCESSRELEASED_2
11:00:18.015 (index):901 UPDATE_0
11:00:18.116 (index):877 ATTRIBUTEACCESSRELEASED_0
11:00:18.717 (index):898 UPDATE_1
11:00:18.818 (index):889 THINKING_1
11:00:18.877 (index):928 ATTRIBUTEACCESSREQUESTED_2
11:00:19.117 (index):928 ATTRIBUTEACCESSREQUESTED_0
11:00:19.878 (index):901 UPDATE_2
11:00:19.979 (index):889 THINKING_2
11:00:20.119 (index):901 UPDATE_0
11:00:20.220 (index):877 ATTRIBUTEACCESSRELEASED_0
11:00:21.222 (index):934 NODEACCESSREQUESTED_0
11:00:22.223 (index):898 UPDATE_0
11:00:22.325 (index):889 THINKING_0
11:00:22.367 (index):898 UPDATE_1
11:00:22.468 (index):889 THINKING_1
11:00:22.699 (index):901 UPDATE_2
11:00:22.800 (index):877 ATTRIBUTEACCESSRELEASED_2
11:00:23.801 (index):928 ATTRIBUTEACCESSREQUESTED_2
11:00:24.802 (index):901 UPDATE_2
11:00:24.895 (index):898 UPDATE_0
11:00:24.903 (index):877 ATTRIBUTEACCESSRELEASED_2
11:00:24.996 (index):889 THINKING_0
11:00:25.908 (index):934 NODEACCESSREQUESTED_2
11:00:27.226 (index):898 UPDATE_1
11:00:27.227 (index):898 UPDATE_2
11:00:28.229 (index):873 NODEACCESSRELEASED_1
11:00:28.231 (index):889 THINKING_2
11:00:30.226 (index):934 NODEACCESSREQUESTED_1
11:00:30.227 (index):898 UPDATE_0
11:00:31.227 (index):873 NODEACCESSRELEASED_0
11:00:31.229 (index):898 UPDATE_2
11:00:31.230 (index):898 UPDATE_1
11:00:32.226 (index):889 THINKING_2
11:00:32.227 (index):889 THINKING_1
11:00:33.226 (index):934 NODEACCESSREQUESTED_0
11:00:35.226 (index):898 UPDATE_0
11:00:35.227 (index):898 UPDATE_2
11:00:35.228 (index):898 UPDATE_1
11:00:36.226 (index):889 THINKING_0
11:00:36.227 (index):889 THINKING_2
11:00:36.228 (index):873 NODEACCESSRELEASED_1
11:00:38.226 (index):934 NODEACCESSREQUESTED_1
11:00:39.226 (index):898 UPDATE_0
11:00:40.226 (index):898 UPDATE_1
11:00:40.227 (index):873 NODEACCESSRELEASED_0
11:00:41.226 (index):889 THINKING_1
11:00:41.227 (index):898 UPDATE_2
11:00:42.226 (index):934 NODEACCESSREQUESTED_0
11:00:42.227 (index):873 NODEACCESSRELEASED_2
11:00:43.229 (index):898 UPDATE_0
11:00:43.230 (index):934 NODEACCESSREQUESTED_2
11:00:44.226 (index):873 NODEACCESSRELEASED_0
11:00:44.227 (index):898 UPDATE_1
11:00:45.226 (index):898 UPDATE_2
11:00:45.227 (index):889 THINKING_1
11:00:46.226 (index):934 NODEACCESSREQUESTED_0
11:00:46.228 (index):873 NODEACCESSRELEASED_2
11:00:48.226 (index):898 UPDATE_0
11:00:48.227 (index):934 NODEACCESSREQUESTED_2
11:00:49.226 (index):889 THINKING_0
11:00:50.227 (index):898 UPDATE_2
11:00:50.229 (index):898 UPDATE_1
11:00:51.226 (index):873 NODEACCESSRELEASED_2
11:00:51.227 (index):889 THINKING_1
11:00:52.230 (index):934 NODEACCESSREQUESTED_2
11:00:53.227 (index):898 UPDATE_0
11:00:54.226 (index):898 UPDATE_2
11:00:54.227 (index):873 NODEACCESSRELEASED_0
11:00:55.227 (index):873 NODEACCESSRELEASED_2
11:00:56.227 (index):928 ATTRIBUTEACCESSREQUESTED_0
11:00:56.228 (index):898 UPDATE_1
11:00:57.227 (index):934 NODEACCESSREQUESTED_2
11:00:57.228 (index):873 NODEACCESSRELEASED_1
11:00:58.226 (index):901 UPDATE_0
11:00:59.227 (index):898 UPDATE_2
11:00:59.228 (index):934 NODEACCESSREQUESTED_1
11:00:59.229 (index):877 ATTRIBUTEACCESSRELEASED_0
11:01:00.227 (index):968 END_2
11:01:01.227 (index):898 UPDATE_1
11:01:01.229 (index):934 NODEACCESSREQUESTED_0
11:01:02.226 (index):889 THINKING_1
11:01:03.226 (index):898 UPDATE_0
11:01:04.226 (index):873 NODEACCESSRELEASED_0
11:01:05.226 (index):898 UPDATE_1
11:01:06.226 (index):934 NODEACCESSREQUESTED_0
11:01:06.228 (index):873 NODEACCESSRELEASED_1
11:01:08.226 (index):898 UPDATE_0
11:01:08.227 (index):934 NODEACCESSREQUESTED_1
11:01:09.226 (index):968 END_0
11:01:10.226 (index):898 UPDATE_1
11:01:11.226 (index):968 END_1
