11:05:39.954 (index):1155 Tasks: 25; Collaborators: 10    =========================>
11:05:39.955 (index):928 ATTRIBUTEACCESSREQUESTED_0
11:05:39.956 (index):934 NODEACCESSREQUESTED_1
11:05:39.958 (index):934 NODEACCESSREQUESTED_2
11:05:39.959 (index):928 ATTRIBUTEACCESSREQUESTED_3
11:05:39.961 (index):928 ATTRIBUTEACCESSREQUESTED_4
11:05:39.962 (index):934 NODEACCESSREQUESTED_5
11:05:39.964 (index):934 NODEACCESSREQUESTED_6
11:05:39.965 (index):928 ATTRIBUTEACCESSREQUESTED_7
11:05:39.966 (index):934 NODEACCESSREQUESTED_8
11:05:39.967 (index):934 NODEACCESSREQUESTED_9
11:05:40.956 (index):889 THINKING_0
11:05:40.958 (index):889 THINKING_1
11:05:40.959 (index):873 NODEACCESSRELEASED_2
11:05:40.961 (index):957 WAITING_3
11:05:40.962 (index):877 ATTRIBUTEACCESSRELEASED_4
11:05:40.964 (index):873 NODEACCESSRELEASED_5
11:05:40.965 (index):889 THINKING_6
11:05:40.966 (index):877 ATTRIBUTEACCESSRELEASED_7
11:05:40.967 (index):889 THINKING_8
11:05:40.968 (index):873 NODEACCESSRELEASED_9
11:05:41.961 (index):934 NODEACCESSREQUESTED_2
11:05:41.962 (index):957 WAITING_3
11:05:41.963 (index):928 ATTRIBUTEACCESSREQUESTED_4
11:05:41.965 (index):934 NODEACCESSREQUESTED_5
11:05:41.967 (index):928 ATTRIBUTEACCESSREQUESTED_7
11:05:41.969 (index):934 NODEACCESSREQUESTED_9
11:05:42.962 (index):898 UPDATE_2
11:05:42.964 (index):957 WAITING_3
11:05:42.965 (index):901 UPDATE_4
11:05:42.966 (index):898 UPDATE_5
11:05:42.968 (index):901 UPDATE_7
11:05:42.970 (index):898 UPDATE_9
11:05:42.993 (index):898 UPDATE_8
11:05:43.064 (index):873 NODEACCESSRELEASED_2
11:05:43.066 (index):877 ATTRIBUTEACCESSRELEASED_4
11:05:43.068 (index):889 THINKING_5
11:05:43.069 (index):877 ATTRIBUTEACCESSRELEASED_7
11:05:43.071 (index):889 THINKING_9
11:05:43.094 (index):889 THINKING_8
11:05:43.683 (index):898 UPDATE_6
11:05:43.785 (index):873 NODEACCESSRELEASED_6
11:05:43.904 (index):898 UPDATE_1
11:05:43.965 (index):957 WAITING_3
11:05:44.005 (index):873 NODEACCESSRELEASED_1
11:05:44.065 (index):934 NODEACCESSREQUESTED_2
11:05:44.067 (index):934 NODEACCESSREQUESTED_4
11:05:44.070 (index):934 NODEACCESSREQUESTED_7
11:05:44.786 (index):928 ATTRIBUTEACCESSREQUESTED_6
11:05:44.966 (index):957 WAITING_3
11:05:45.007 (index):934 NODEACCESSREQUESTED_1
11:05:45.066 (index):898 UPDATE_2
11:05:45.068 (index):898 UPDATE_4
11:05:45.071 (index):898 UPDATE_7
11:05:45.167 (index):873 NODEACCESSRELEASED_2
11:05:45.169 (index):873 NODEACCESSRELEASED_4
11:05:45.171 (index):873 NODEACCESSRELEASED_7
11:05:45.306 (index):901 UPDATE_0
11:05:45.407 (index):877 ATTRIBUTEACCESSRELEASED_0
11:05:45.483 (index):898 UPDATE_5
11:05:45.584 (index):873 NODEACCESSRELEASED_5
11:05:45.787 (index):901 UPDATE_6
11:05:45.889 (index):877 ATTRIBUTEACCESSRELEASED_6
11:05:45.968 (index):877 ATTRIBUTEACCESSRELEASED_3
11:05:46.009 (index):898 UPDATE_1
11:05:46.110 (index):889 THINKING_1
11:05:46.169 (index):928 ATTRIBUTEACCESSREQUESTED_2
11:05:46.170 (index):928 ATTRIBUTEACCESSREQUESTED_4
11:05:46.172 (index):934 NODEACCESSREQUESTED_7
11:05:46.408 (index):928 ATTRIBUTEACCESSREQUESTED_0
11:05:46.585 (index):934 NODEACCESSREQUESTED_5
11:05:46.890 (index):934 NODEACCESSREQUESTED_6
11:05:46.969 (index):928 ATTRIBUTEACCESSREQUESTED_3
11:05:47.170 (index):901 UPDATE_2
11:05:47.171 (index):901 UPDATE_4
11:05:47.173 (index):898 UPDATE_7
11:05:47.271 (index):889 THINKING_2
11:05:47.273 (index):877 ATTRIBUTEACCESSRELEASED_4
11:05:47.275 (index):889 THINKING_7
11:05:47.409 (index):901 UPDATE_0
11:05:47.511 (index):877 ATTRIBUTEACCESSRELEASED_0
11:05:47.536 (index):898 UPDATE_8
11:05:47.583 (index):898 UPDATE_9
11:05:47.586 (index):898 UPDATE_5
11:05:47.637 (index):873 NODEACCESSRELEASED_8
11:05:47.684 (index):889 THINKING_9
11:05:47.688 (index):889 THINKING_5
11:05:47.891 (index):898 UPDATE_6
11:05:47.970 (index):957 WAITING_3
11:05:47.993 (index):873 NODEACCESSRELEASED_6
11:05:48.273 (index):934 NODEACCESSREQUESTED_4
11:05:48.512 (index):934 NODEACCESSREQUESTED_0
11:05:48.638 (index):928 ATTRIBUTEACCESSREQUESTED_8
11:05:48.972 (index):957 WAITING_3
11:05:48.994 (index):934 NODEACCESSREQUESTED_6
11:05:49.275 (index):898 UPDATE_4
11:05:49.376 (index):873 NODEACCESSRELEASED_4
11:05:49.446 (index):898 UPDATE_7
11:05:49.513 (index):898 UPDATE_0
11:05:49.548 (index):873 NODEACCESSRELEASED_7
11:05:49.614 (index):889 THINKING_0
11:05:49.639 (index):957 WAITING_8
11:05:49.660 (index):898 UPDATE_1
11:05:49.760 (index):889 THINKING_1
11:05:49.973 (index):957 WAITING_3
11:05:49.990 (index):901 UPDATE_2
11:05:49.995 (index):898 UPDATE_6
11:05:50.090 (index):898 UPDATE_9
11:05:50.092 (index):877 ATTRIBUTEACCESSRELEASED_2
11:05:50.096 (index):873 NODEACCESSRELEASED_6
11:05:50.192 (index):873 NODEACCESSRELEASED_9
11:05:50.377 (index):928 ATTRIBUTEACCESSREQUESTED_4
11:05:50.549 (index):928 ATTRIBUTEACCESSREQUESTED_7
11:05:50.640 (index):957 WAITING_8
11:05:50.828 (index):898 UPDATE_5
11:05:50.929 (index):873 NODEACCESSRELEASED_5
11:05:50.974 (index):901 UPDATE_3
11:05:51.076 (index):877 ATTRIBUTEACCESSRELEASED_3
11:05:51.093 (index):928 ATTRIBUTEACCESSREQUESTED_2
11:05:51.097 (index):934 NODEACCESSREQUESTED_6
11:05:51.194 (index):928 ATTRIBUTEACCESSREQUESTED_9
11:05:51.379 (index):901 UPDATE_4
11:05:51.480 (index):889 THINKING_4
11:05:51.550 (index):957 WAITING_7
11:05:51.642 (index):901 UPDATE_8
11:05:51.743 (index):889 THINKING_8
11:05:51.930 (index):928 ATTRIBUTEACCESSREQUESTED_5
11:05:52.077 (index):934 NODEACCESSREQUESTED_3
11:05:52.094 (index):901 UPDATE_2
11:05:52.099 (index):898 UPDATE_6
11:05:52.184 (index):898 UPDATE_0
11:05:52.195 (index):877 ATTRIBUTEACCESSRELEASED_2
11:05:52.196 (index):901 UPDATE_9
11:05:52.199 (index):873 NODEACCESSRELEASED_6
11:05:52.285 (index):889 THINKING_0
11:05:52.296 (index):877 ATTRIBUTEACCESSRELEASED_9
11:05:52.551 (index):957 WAITING_7
11:05:52.932 (index):901 UPDATE_5
11:05:53.033 (index):889 THINKING_5
11:05:53.078 (index):898 UPDATE_3
11:05:53.180 (index):889 THINKING_3
11:05:53.196 (index):934 NODEACCESSREQUESTED_2
11:05:53.200 (index):928 ATTRIBUTEACCESSREQUESTED_6
11:05:53.297 (index):928 ATTRIBUTEACCESSREQUESTED_9
11:05:53.552 (index):957 WAITING_7
11:05:53.918 (index):901 UPDATE_4
11:05:54.020 (index):877 ATTRIBUTEACCESSRELEASED_4
11:05:54.154 (index):898 UPDATE_1
11:05:54.197 (index):898 UPDATE_2
11:05:54.201 (index):901 UPDATE_6
11:05:54.255 (index):873 NODEACCESSRELEASED_1
11:05:54.298 (index):889 THINKING_2
11:05:54.299 (index):957 WAITING_9
11:05:54.302 (index):889 THINKING_6
11:05:54.554 (index):957 WAITING_7
11:05:55.021 (index):928 ATTRIBUTEACCESSREQUESTED_4
11:05:55.256 (index):934 NODEACCESSREQUESTED_1
11:05:55.300 (index):957 WAITING_9
11:05:55.555 (index):957 WAITING_7
11:05:56.022 (index):957 WAITING_4
11:05:56.258 (index):898 UPDATE_1
11:05:56.267 (index):901 UPDATE_8
11:05:56.302 (index):957 WAITING_9
11:05:56.359 (index):889 THINKING_1
11:05:56.368 (index):877 ATTRIBUTEACCESSRELEASED_8
11:05:56.556 (index):901 UPDATE_7
11:05:56.573 (index):901 UPDATE_6
11:05:56.657 (index):889 THINKING_7
11:05:56.674 (index):889 THINKING_6
11:05:56.849 (index):898 UPDATE_2
11:05:56.951 (index):889 THINKING_2
11:05:57.024 (index):957 WAITING_4
11:05:57.227 (index):898 UPDATE_0
11:05:57.297 (index):898 UPDATE_3
11:05:57.303 (index):957 WAITING_9
11:05:57.328 (index):873 NODEACCESSRELEASED_0
11:05:57.369 (index):928 ATTRIBUTEACCESSREQUESTED_8
11:05:57.398 (index):873 NODEACCESSRELEASED_3
11:05:57.615 (index):901 UPDATE_5
11:05:57.716 (index):889 THINKING_5
11:05:58.025 (index):957 WAITING_4
11:05:58.305 (index):957 WAITING_9
11:05:58.330 (index):934 NODEACCESSREQUESTED_0
11:05:58.371 (index):957 WAITING_8
11:05:58.400 (index):928 ATTRIBUTEACCESSREQUESTED_3
11:05:58.670 (index):898 UPDATE_1
11:05:58.771 (index):873 NODEACCESSRELEASED_1
11:05:59.026 (index):957 WAITING_4
11:05:59.178 (index):898 UPDATE_2
11:05:59.279 (index):889 THINKING_2
11:05:59.306 (index):957 WAITING_9
11:05:59.331 (index):898 UPDATE_0
11:05:59.372 (index):957 WAITING_8
11:05:59.400 (index):901 UPDATE_3
11:05:59.432 (index):889 THINKING_0
11:05:59.501 (index):877 ATTRIBUTEACCESSRELEASED_3
11:05:59.628 (index):901 UPDATE_6
11:05:59.730 (index):877 ATTRIBUTEACCESSRELEASED_6
11:05:59.759 (index):901 UPDATE_5
11:05:59.773 (index):934 NODEACCESSREQUESTED_1
11:05:59.860 (index):877 ATTRIBUTEACCESSRELEASED_5
11:06:00.027 (index):901 UPDATE_4
11:06:00.129 (index):889 THINKING_4
11:06:00.307 (index):901 UPDATE_9
11:06:00.373 (index):957 WAITING_8
11:06:00.408 (index):877 ATTRIBUTEACCESSRELEASED_9
11:06:00.502 (index):934 NODEACCESSREQUESTED_3
11:06:00.731 (index):934 NODEACCESSREQUESTED_6
11:06:00.774 (index):898 UPDATE_1
11:06:00.861 (index):934 NODEACCESSREQUESTED_5
11:06:00.875 (index):889 THINKING_1
11:06:01.295 (index):901 UPDATE_7
11:06:01.374 (index):957 WAITING_8
11:06:01.396 (index):877 ATTRIBUTEACCESSRELEASED_7
11:06:01.410 (index):934 NODEACCESSREQUESTED_9
11:06:01.503 (index):898 UPDATE_3
11:06:01.588 (index):898 UPDATE_0
11:06:01.604 (index):873 NODEACCESSRELEASED_3
11:06:01.689 (index):873 NODEACCESSRELEASED_0
11:06:01.732 (index):898 UPDATE_6
11:06:01.834 (index):873 NODEACCESSRELEASED_6
11:06:01.863 (index):898 UPDATE_5
11:06:01.964 (index):889 THINKING_5
11:06:02.375 (index):901 UPDATE_8
11:06:02.397 (index):934 NODEACCESSREQUESTED_7
11:06:02.411 (index):898 UPDATE_9
11:06:02.476 (index):877 ATTRIBUTEACCESSRELEASED_8
11:06:02.512 (index):889 THINKING_9
11:06:02.605 (index):934 NODEACCESSREQUESTED_3
11:06:02.690 (index):934 NODEACCESSREQUESTED_0
11:06:02.835 (index):934 NODEACCESSREQUESTED_6
11:06:03.399 (index):898 UPDATE_7
11:06:03.477 (index):934 NODEACCESSREQUESTED_8
11:06:03.500 (index):873 NODEACCESSRELEASED_7
11:06:03.606 (index):898 UPDATE_3
11:06:03.692 (index):898 UPDATE_0
11:06:03.708 (index):873 NODEACCESSRELEASED_3
11:06:03.793 (index):873 NODEACCESSRELEASED_0
11:06:03.805 (index):898 UPDATE_1
11:06:03.836 (index):898 UPDATE_6
11:06:03.906 (index):889 THINKING_1
11:06:03.937 (index):873 NODEACCESSRELEASED_6
11:06:04.135 (index):898 UPDATE_2
11:06:04.236 (index):873 NODEACCESSRELEASED_2
11:06:04.338 (index):901 UPDATE_4
11:06:04.439 (index):889 THINKING_4
11:06:04.479 (index):898 UPDATE_8
11:06:04.501 (index):934 NODEACCESSREQUESTED_7
11:06:04.580 (index):889 THINKING_8
11:06:04.709 (index):934 NODEACCESSREQUESTED_3
11:06:04.794 (index):934 NODEACCESSREQUESTED_0
11:06:04.938 (index):928 ATTRIBUTEACCESSREQUESTED_6
11:06:05.237 (index):934 NODEACCESSREQUESTED_2
11:06:05.503 (index):898 UPDATE_7
11:06:05.604 (index):873 NODEACCESSRELEASED_7
11:06:05.623 (index):898 UPDATE_9
11:06:05.710 (index):898 UPDATE_3
11:06:05.724 (index):873 NODEACCESSRELEASED_9
11:06:05.795 (index):898 UPDATE_0
11:06:05.812 (index):873 NODEACCESSRELEASED_3
11:06:05.896 (index):889 THINKING_0
11:06:05.939 (index):957 WAITING_6
11:06:06.238 (index):898 UPDATE_2
11:06:06.339 (index):873 NODEACCESSRELEASED_2
11:06:06.606 (index):928 ATTRIBUTEACCESSREQUESTED_7
11:06:06.726 (index):934 NODEACCESSREQUESTED_9
11:06:06.813 (index):934 NODEACCESSREQUESTED_3
11:06:06.899 (index):898 UPDATE_5
11:06:06.941 (index):957 WAITING_6
11:06:07.000 (index):873 NODEACCESSRELEASED_5
11:06:07.341 (index):934 NODEACCESSREQUESTED_2
11:06:07.607 (index):901 UPDATE_7
11:06:07.708 (index):877 ATTRIBUTEACCESSRELEASED_7
11:06:07.727 (index):898 UPDATE_9
11:06:07.814 (index):898 UPDATE_3
11:06:07.828 (index):873 NODEACCESSRELEASED_9
11:06:07.878 (index):898 UPDATE_8
11:06:07.916 (index):889 THINKING_3
11:06:07.942 (index):957 WAITING_6
11:06:07.978 (index):873 NODEACCESSRELEASED_8
11:06:08.001 (index):934 NODEACCESSREQUESTED_5
11:06:08.342 (index):898 UPDATE_2
11:06:08.398 (index):901 UPDATE_4
11:06:08.443 (index):873 NODEACCESSRELEASED_2
11:06:08.499 (index):889 THINKING_4
11:06:08.516 (index):898 UPDATE_1
11:06:08.617 (index):889 THINKING_1
11:06:08.709 (index):934 NODEACCESSREQUESTED_7
11:06:08.829 (index):928 ATTRIBUTEACCESSREQUESTED_9
11:06:08.943 (index):957 WAITING_6
11:06:08.980 (index):934 NODEACCESSREQUESTED_8
11:06:09.003 (index):898 UPDATE_5
11:06:09.104 (index):873 NODEACCESSRELEASED_5
11:06:09.445 (index):934 NODEACCESSREQUESTED_2
11:06:09.711 (index):898 UPDATE_7
11:06:09.812 (index):873 NODEACCESSRELEASED_7
11:06:09.831 (index):901 UPDATE_9
11:06:09.892 (index):898 UPDATE_0
11:06:09.933 (index):889 THINKING_9
11:06:09.945 (index):957 WAITING_6
11:06:09.981 (index):898 UPDATE_8
11:06:09.993 (index):873 NODEACCESSRELEASED_0
11:06:10.083 (index):873 NODEACCESSRELEASED_8
11:06:10.105 (index):934 NODEACCESSREQUESTED_5
11:06:10.323 (index):898 UPDATE_3
11:06:10.424 (index):873 NODEACCESSRELEASED_3
11:06:10.446 (index):898 UPDATE_2
11:06:10.547 (index):873 NODEACCESSRELEASED_2
11:06:10.813 (index):928 ATTRIBUTEACCESSREQUESTED_7
11:06:10.946 (index):957 WAITING_6
11:06:10.994 (index):928 ATTRIBUTEACCESSREQUESTED_0
11:06:11.084 (index):934 NODEACCESSREQUESTED_8
11:06:11.107 (index):898 UPDATE_5
11:06:11.208 (index):873 NODEACCESSRELEASED_5
11:06:11.266 (index):901 UPDATE_4
11:06:11.367 (index):877 ATTRIBUTEACCESSRELEASED_4
11:06:11.425 (index):928 ATTRIBUTEACCESSREQUESTED_3
11:06:11.548 (index):934 NODEACCESSREQUESTED_2
11:06:11.814 (index):957 WAITING_7
11:06:11.947 (index):901 UPDATE_6
11:06:11.996 (index):901 UPDATE_0
11:06:12.049 (index):877 ATTRIBUTEACCESSRELEASED_6
11:06:12.085 (index):898 UPDATE_8
11:06:12.097 (index):877 ATTRIBUTEACCESSRELEASED_0
11:06:12.187 (index):873 NODEACCESSRELEASED_8
11:06:12.209 (index):934 NODEACCESSREQUESTED_5
11:06:12.368 (index):934 NODEACCESSREQUESTED_4
11:06:12.427 (index):901 UPDATE_3
11:06:12.528 (index):877 ATTRIBUTEACCESSRELEASED_3
11:06:12.549 (index):898 UPDATE_2
11:06:12.651 (index):968 END_2
11:06:12.809 (index):898 UPDATE_1
11:06:12.815 (index):957 WAITING_7
11:06:12.911 (index):873 NODEACCESSRELEASED_1
11:06:13.050 (index):934 NODEACCESSREQUESTED_6
11:06:13.098 (index):934 NODEACCESSREQUESTED_0
11:06:13.188 (index):934 NODEACCESSREQUESTED_8
11:06:13.210 (index):898 UPDATE_5
11:06:13.311 (index):873 NODEACCESSRELEASED_5
11:06:13.370 (index):898 UPDATE_4
11:06:13.471 (index):873 NODEACCESSRELEASED_4
11:06:13.529 (index):928 ATTRIBUTEACCESSREQUESTED_3
11:06:13.555 (index):901 UPDATE_9
11:06:13.657 (index):877 ATTRIBUTEACCESSRELEASED_9
11:06:13.817 (index):901 UPDATE_7
11:06:13.912 (index):934 NODEACCESSREQUESTED_1
11:06:13.918 (index):889 THINKING_7
11:06:14.052 (index):898 UPDATE_6
11:06:14.099 (index):898 UPDATE_0
11:06:14.152 (index):873 NODEACCESSRELEASED_6
11:06:14.189 (index):898 UPDATE_8
11:06:14.201 (index):873 NODEACCESSRELEASED_0
11:06:14.290 (index):873 NODEACCESSRELEASED_8
11:06:14.313 (index):934 NODEACCESSREQUESTED_5
11:06:14.472 (index):934 NODEACCESSREQUESTED_4
11:06:14.531 (index):901 UPDATE_3
11:06:14.631 (index):889 THINKING_3
11:06:14.658 (index):928 ATTRIBUTEACCESSREQUESTED_9
11:06:14.913 (index):898 UPDATE_1
11:06:15.015 (index):889 THINKING_1
11:06:15.154 (index):934 NODEACCESSREQUESTED_6
11:06:15.202 (index):934 NODEACCESSREQUESTED_0
11:06:15.292 (index):934 NODEACCESSREQUESTED_8
11:06:15.315 (index):898 UPDATE_5
11:06:15.416 (index):968 END_5
11:06:15.474 (index):898 UPDATE_4
11:06:15.575 (index):889 THINKING_4
11:06:15.659 (index):901 UPDATE_9
11:06:15.760 (index):877 ATTRIBUTEACCESSRELEASED_9
11:06:16.155 (index):898 UPDATE_6
11:06:16.203 (index):898 UPDATE_0
11:06:16.256 (index):968 END_6
11:06:16.293 (index):898 UPDATE_8
11:06:16.304 (index):968 END_0
11:06:16.394 (index):873 NODEACCESSRELEASED_8
11:06:16.761 (index):934 NODEACCESSREQUESTED_9
11:06:16.970 (index):901 UPDATE_3
11:06:17.071 (index):877 ATTRIBUTEACCESSRELEASED_3
11:06:17.193 (index):898 UPDATE_1
11:06:17.294 (index):873 NODEACCESSRELEASED_1
11:06:17.354 (index):901 UPDATE_7
11:06:17.396 (index):928 ATTRIBUTEACCESSREQUESTED_8
11:06:17.455 (index):877 ATTRIBUTEACCESSRELEASED_7
11:06:17.762 (index):898 UPDATE_9
11:06:17.863 (index):873 NODEACCESSRELEASED_9
11:06:18.072 (index):934 NODEACCESSREQUESTED_3
11:06:18.296 (index):934 NODEACCESSREQUESTED_1
11:06:18.397 (index):901 UPDATE_8
11:06:18.456 (index):934 NODEACCESSREQUESTED_7
11:06:18.498 (index):877 ATTRIBUTEACCESSRELEASED_8
11:06:18.864 (index):934 NODEACCESSREQUESTED_9
11:06:19.073 (index):898 UPDATE_3
11:06:19.174 (index):968 END_3
11:06:19.297 (index):898 UPDATE_1
11:06:19.398 (index):968 END_1
11:06:19.458 (index):898 UPDATE_7
11:06:19.499 (index):934 NODEACCESSREQUESTED_8
11:06:19.559 (index):968 END_7
11:06:19.865 (index):898 UPDATE_9
11:06:19.965 (index):898 UPDATE_4
11:06:19.967 (index):968 END_9
11:06:20.066 (index):968 END_4
11:06:20.500 (index):898 UPDATE_8
11:06:20.601 (index):968 END_8
