11:02:41.934 (index):1083 Tasks: 25; Collaborators: 6    =========================>
11:02:41.935 (index):928 ATTRIBUTEACCESSREQUESTED_0
11:02:41.935 (index):934 NODEACCESSREQUESTED_1
11:02:41.936 (index):934 NODEACCESSREQUESTED_2
11:02:41.937 (index):928 ATTRIBUTEACCESSREQUESTED_3
11:02:41.938 (index):928 ATTRIBUTEACCESSREQUESTED_4
11:02:41.939 (index):934 NODEACCESSREQUESTED_5
11:02:42.936 (index):889 THINKING_0
11:02:42.937 (index):889 THINKING_1
11:02:42.938 (index):873 NODEACCESSRELEASED_2
11:02:42.940 (index):957 WAITING_3
11:02:42.941 (index):877 ATTRIBUTEACCESSRELEASED_4
11:02:42.942 (index):873 NODEACCESSRELEASED_5
11:02:43.940 (index):934 NODEACCESSREQUESTED_2
11:02:43.941 (index):957 WAITING_3
11:02:43.942 (index):928 ATTRIBUTEACCESSREQUESTED_4
11:02:43.944 (index):934 NODEACCESSREQUESTED_5
11:02:44.941 (index):898 UPDATE_2
11:02:44.942 (index):957 WAITING_3
11:02:44.944 (index):901 UPDATE_4
11:02:44.945 (index):898 UPDATE_5
11:02:45.043 (index):873 NODEACCESSRELEASED_2
11:02:45.045 (index):877 ATTRIBUTEACCESSRELEASED_4
11:02:45.046 (index):889 THINKING_5
11:02:45.883 (index):898 UPDATE_1
11:02:45.943 (index):957 WAITING_3
11:02:45.985 (index):873 NODEACCESSRELEASED_1
11:02:46.044 (index):934 NODEACCESSREQUESTED_2
11:02:46.045 (index):934 NODEACCESSREQUESTED_4
11:02:46.945 (index):957 WAITING_3
11:02:46.986 (index):934 NODEACCESSREQUESTED_1
11:02:47.045 (index):898 UPDATE_2
11:02:47.047 (index):898 UPDATE_4
11:02:47.146 (index):873 NODEACCESSRELEASED_2
11:02:47.147 (index):873 NODEACCESSRELEASED_4
11:02:47.285 (index):901 UPDATE_0
11:02:47.386 (index):877 ATTRIBUTEACCESSRELEASED_0
11:02:47.461 (index):898 UPDATE_5
11:02:47.563 (index):873 NODEACCESSRELEASED_5
11:02:47.946 (index):877 ATTRIBUTEACCESSRELEASED_3
11:02:47.987 (index):898 UPDATE_1
11:02:48.088 (index):889 THINKING_1
11:02:48.147 (index):928 ATTRIBUTEACCESSREQUESTED_2
11:02:48.148 (index):928 ATTRIBUTEACCESSREQUESTED_4
11:02:48.388 (index):928 ATTRIBUTEACCESSREQUESTED_0
11:02:48.564 (index):934 NODEACCESSREQUESTED_5
11:02:48.947 (index):928 ATTRIBUTEACCESSREQUESTED_3
11:02:49.148 (index):901 UPDATE_2
11:02:49.149 (index):901 UPDATE_4
11:02:49.249 (index):889 THINKING_2
11:02:49.250 (index):877 ATTRIBUTEACCESSRELEASED_4
11:02:49.389 (index):901 UPDATE_0
11:02:49.490 (index):877 ATTRIBUTEACCESSRELEASED_0
11:02:49.565 (index):898 UPDATE_5
11:02:49.666 (index):889 THINKING_5
11:02:49.949 (index):901 UPDATE_3
11:02:50.050 (index):877 ATTRIBUTEACCESSRELEASED_3
11:02:50.251 (index):934 NODEACCESSREQUESTED_4
11:02:50.492 (index):934 NODEACCESSREQUESTED_0
11:02:51.052 (index):934 NODEACCESSREQUESTED_3
11:02:51.253 (index):898 UPDATE_4
11:02:51.354 (index):873 NODEACCESSRELEASED_4
11:02:51.493 (index):898 UPDATE_0
11:02:51.594 (index):889 THINKING_0
11:02:51.637 (index):898 UPDATE_1
11:02:51.739 (index):889 THINKING_1
11:02:51.968 (index):901 UPDATE_2
11:02:52.053 (index):898 UPDATE_3
11:02:52.070 (index):877 ATTRIBUTEACCESSRELEASED_2
11:02:52.154 (index):889 THINKING_3
11:02:52.355 (index):928 ATTRIBUTEACCESSREQUESTED_4
11:02:52.807 (index):898 UPDATE_5
11:02:52.908 (index):873 NODEACCESSRELEASED_5
11:02:53.070 (index):928 ATTRIBUTEACCESSREQUESTED_2
11:02:53.357 (index):901 UPDATE_4
11:02:53.458 (index):889 THINKING_4
11:02:53.909 (index):928 ATTRIBUTEACCESSREQUESTED_5
11:02:54.072 (index):901 UPDATE_2
11:02:54.164 (index):898 UPDATE_0
11:02:54.173 (index):877 ATTRIBUTEACCESSRELEASED_2
11:02:54.265 (index):889 THINKING_0
11:02:54.911 (index):901 UPDATE_5
11:02:55.011 (index):889 THINKING_5
11:02:55.174 (index):934 NODEACCESSREQUESTED_2
11:02:55.896 (index):901 UPDATE_4
11:02:55.998 (index):877 ATTRIBUTEACCESSRELEASED_4
11:02:56.132 (index):898 UPDATE_1
11:02:56.175 (index):898 UPDATE_2
11:02:56.233 (index):873 NODEACCESSRELEASED_1
11:02:56.271 (index):898 UPDATE_3
11:02:56.277 (index):889 THINKING_2
11:02:56.373 (index):873 NODEACCESSRELEASED_3
11:02:56.999 (index):928 ATTRIBUTEACCESSREQUESTED_4
11:02:57.235 (index):934 NODEACCESSREQUESTED_1
11:02:57.374 (index):928 ATTRIBUTEACCESSREQUESTED_3
11:02:58.000 (index):901 UPDATE_4
11:02:58.102 (index):889 THINKING_4
11:02:58.236 (index):898 UPDATE_1
11:02:58.337 (index):889 THINKING_1
11:02:58.375 (index):957 WAITING_3
11:02:58.828 (index):898 UPDATE_2
11:02:58.929 (index):889 THINKING_2
11:02:59.208 (index):898 UPDATE_0
11:02:59.309 (index):873 NODEACCESSRELEASED_0
11:02:59.376 (index):957 WAITING_3
11:02:59.594 (index):901 UPDATE_5
11:02:59.695 (index):889 THINKING_5
11:03:00.310 (index):934 NODEACCESSREQUESTED_0
11:03:00.377 (index):957 WAITING_3
11:03:00.648 (index):898 UPDATE_1
11:03:00.750 (index):873 NODEACCESSRELEASED_1
11:03:01.156 (index):898 UPDATE_2
11:03:01.258 (index):889 THINKING_2
11:03:01.311 (index):898 UPDATE_0
11:03:01.379 (index):957 WAITING_3
11:03:01.413 (index):889 THINKING_0
11:03:01.737 (index):901 UPDATE_5
11:03:01.751 (index):934 NODEACCESSREQUESTED_1
11:03:01.839 (index):877 ATTRIBUTEACCESSRELEASED_5
11:03:02.311 (index):901 UPDATE_4
11:03:02.380 (index):957 WAITING_3
11:03:02.412 (index):889 THINKING_4
11:03:02.752 (index):898 UPDATE_1
11:03:02.840 (index):934 NODEACCESSREQUESTED_5
11:03:02.853 (index):889 THINKING_1
11:03:03.381 (index):957 WAITING_3
11:03:03.569 (index):898 UPDATE_0
11:03:03.670 (index):873 NODEACCESSRELEASED_0
11:03:03.841 (index):898 UPDATE_5
11:03:03.943 (index):889 THINKING_5
11:03:04.383 (index):957 WAITING_3
11:03:04.672 (index):934 NODEACCESSREQUESTED_0
11:03:05.384 (index):957 WAITING_3
11:03:05.673 (index):898 UPDATE_0
11:03:05.774 (index):873 NODEACCESSRELEASED_0
11:03:05.783 (index):898 UPDATE_1
11:03:05.884 (index):889 THINKING_1
11:03:06.113 (index):898 UPDATE_2
11:03:06.214 (index):873 NODEACCESSRELEASED_2
11:03:06.372 (index):901 UPDATE_4
11:03:06.385 (index):957 WAITING_3
11:03:06.473 (index):889 THINKING_4
11:03:06.775 (index):934 NODEACCESSREQUESTED_0
11:03:07.216 (index):934 NODEACCESSREQUESTED_2
11:03:07.386 (index):957 WAITING_3
11:03:07.777 (index):898 UPDATE_0
11:03:07.878 (index):889 THINKING_0
11:03:08.217 (index):898 UPDATE_2
11:03:08.318 (index):873 NODEACCESSRELEASED_2
11:03:08.387 (index):957 WAITING_3
11:03:08.878 (index):898 UPDATE_5
11:03:08.979 (index):873 NODEACCESSRELEASED_5
11:03:09.239 (index):901 UPDATE_4
11:03:09.320 (index):934 NODEACCESSREQUESTED_2
11:03:09.340 (index):877 ATTRIBUTEACCESSRELEASED_4
11:03:09.388 (index):901 UPDATE_3
11:03:09.490 (index):877 ATTRIBUTEACCESSRELEASED_3
11:03:09.980 (index):934 NODEACCESSREQUESTED_5
11:03:10.321 (index):898 UPDATE_2
11:03:10.341 (index):934 NODEACCESSREQUESTED_4
11:03:10.422 (index):873 NODEACCESSRELEASED_2
11:03:10.491 (index):934 NODEACCESSREQUESTED_3
11:03:10.494 (index):898 UPDATE_1
11:03:10.595 (index):889 THINKING_1
11:03:10.982 (index):898 UPDATE_5
11:03:11.084 (index):873 NODEACCESSRELEASED_5
11:03:11.342 (index):898 UPDATE_4
11:03:11.423 (index):934 NODEACCESSREQUESTED_2
11:03:11.444 (index):873 NODEACCESSRELEASED_4
11:03:11.492 (index):898 UPDATE_3
11:03:11.594 (index):873 NODEACCESSRELEASED_3
11:03:11.873 (index):898 UPDATE_0
11:03:11.975 (index):873 NODEACCESSRELEASED_0
11:03:12.085 (index):934 NODEACCESSREQUESTED_5
11:03:12.424 (index):898 UPDATE_2
11:03:12.445 (index):934 NODEACCESSREQUESTED_4
11:03:12.526 (index):873 NODEACCESSRELEASED_2
11:03:12.595 (index):934 NODEACCESSREQUESTED_3
11:03:12.976 (index):928 ATTRIBUTEACCESSREQUESTED_0
11:03:13.086 (index):898 UPDATE_5
11:03:13.188 (index):873 NODEACCESSRELEASED_5
11:03:13.446 (index):898 UPDATE_4
11:03:13.527 (index):934 NODEACCESSREQUESTED_2
11:03:13.547 (index):889 THINKING_4
11:03:13.596 (index):898 UPDATE_3
11:03:13.697 (index):873 NODEACCESSRELEASED_3
11:03:13.978 (index):901 UPDATE_0
11:03:14.079 (index):877 ATTRIBUTEACCESSRELEASED_0
11:03:14.189 (index):934 NODEACCESSREQUESTED_5
11:03:14.528 (index):898 UPDATE_2
11:03:14.630 (index):968 END_2
11:03:14.698 (index):934 NODEACCESSREQUESTED_3
11:03:14.787 (index):898 UPDATE_1
11:03:14.888 (index):873 NODEACCESSRELEASED_1
11:03:15.080 (index):934 NODEACCESSREQUESTED_0
11:03:15.190 (index):898 UPDATE_5
11:03:15.292 (index):873 NODEACCESSRELEASED_5
11:03:15.700 (index):898 UPDATE_3
11:03:15.801 (index):873 NODEACCESSRELEASED_3
11:03:15.890 (index):934 NODEACCESSREQUESTED_1
11:03:16.082 (index):898 UPDATE_0
11:03:16.183 (index):873 NODEACCESSRELEASED_0
11:03:16.293 (index):934 NODEACCESSREQUESTED_5
11:03:16.802 (index):934 NODEACCESSREQUESTED_3
11:03:16.891 (index):898 UPDATE_1
11:03:16.992 (index):889 THINKING_1
11:03:17.184 (index):934 NODEACCESSREQUESTED_0
11:03:17.294 (index):898 UPDATE_5
11:03:17.395 (index):968 END_5
11:03:17.804 (index):898 UPDATE_3
11:03:17.905 (index):889 THINKING_3
11:03:17.937 (index):898 UPDATE_4
11:03:18.038 (index):968 END_4
11:03:18.186 (index):898 UPDATE_0
11:03:18.287 (index):968 END_0
11:03:19.171 (index):898 UPDATE_1
11:03:19.272 (index):873 NODEACCESSRELEASED_1
11:03:20.273 (index):934 NODEACCESSREQUESTED_1
11:03:20.312 (index):898 UPDATE_3
11:03:20.413 (index):873 NODEACCESSRELEASED_3
11:03:21.275 (index):898 UPDATE_1
11:03:21.376 (index):968 END_1
11:03:21.414 (index):928 ATTRIBUTEACCESSREQUESTED_3
11:03:22.415 (index):901 UPDATE_3
11:03:22.516 (index):877 ATTRIBUTEACCESSRELEASED_3
11:03:23.518 (index):928 ATTRIBUTEACCESSREQUESTED_3
11:03:24.519 (index):901 UPDATE_3
11:03:24.620 (index):889 THINKING_3
11:03:26.959 (index):901 UPDATE_3
11:03:27.060 (index):877 ATTRIBUTEACCESSRELEASED_3
11:03:28.061 (index):934 NODEACCESSREQUESTED_3
11:03:29.062 (index):898 UPDATE_3
11:03:29.164 (index):968 END_3
