10:58:54.907 fiddle.jshell.net/:1030 Tasks: 25; Collaborators: 1    =========================>
10:58:54.907 fiddle.jshell.net/:928 ATTRIBUTEACCESSREQUESTED_0
10:58:55.977 (index):889 THINKING_0
10:59:00.325 (index):901 UPDATE_0
10:59:00.427 (index):877 ATTRIBUTEACCESSRELEASED_0
10:59:01.427 (index):928 ATTRIBUTEACCESSREQUESTED_0
10:59:02.654 (index):901 UPDATE_0
10:59:02.878 (index):877 ATTRIBUTEACCESSRELEASED_0
10:59:03.880 (index):934 NODEACCESSREQUESTED_0
10:59:04.882 (index):898 UPDATE_0
10:59:04.982 (index):889 THINKING_0
10:59:07.552 (index):898 UPDATE_0
10:59:07.653 (index):889 THINKING_0
10:59:12.594 (index):898 UPDATE_0
10:59:12.746 (index):873 NODEACCESSRELEASED_0
10:59:14.001 (index):934 NODEACCESSREQUESTED_0
10:59:15.069 (index):898 UPDATE_0
10:59:15.259 (index):889 THINKING_0
10:59:17.450 (index):898 UPDATE_0
10:59:17.595 (index):873 NODEACCESSRELEASED_0
10:59:18.722 (index):934 NODEACCESSREQUESTED_0
10:59:19.790 (index):898 UPDATE_0
10:59:19.993 (index):873 NODEACCESSRELEASED_0
10:59:21.001 (index):934 NODEACCESSREQUESTED_0
10:59:22.128 (index):898 UPDATE_0
10:59:22.274 (index):889 THINKING_0
10:59:26.329 (index):898 UPDATE_0
10:59:26.602 (index):873 NODEACCESSRELEASED_0
10:59:27.669 (index):928 ATTRIBUTEACCESSREQUESTED_0
10:59:28.670 (index):901 UPDATE_0
10:59:28.771 (index):877 ATTRIBUTEACCESSRELEASED_0
10:59:29.773 (index):934 NODEACCESSREQUESTED_0
10:59:30.774 (index):898 UPDATE_0
10:59:30.875 (index):873 NODEACCESSRELEASED_0
10:59:31.876 (index):934 NODEACCESSREQUESTED_0
10:59:32.878 (index):898 UPDATE_0
10:59:32.979 (index):968 END_0
