11:02:02.493 (index):1070 Tasks: 25; Collaborators: 5    =========================>
11:02:02.494 (index):928 ATTRIBUTEACCESSREQUESTED_0
11:02:02.495 (index):934 NODEACCESSREQUESTED_1
11:02:02.495 (index):934 NODEACCESSREQUESTED_2
11:02:02.496 (index):928 ATTRIBUTEACCESSREQUESTED_3
11:02:02.496 (index):928 ATTRIBUTEACCESSREQUESTED_4
11:02:03.495 (index):889 THINKING_0
11:02:03.495 (index):889 THINKING_1
11:02:03.496 (index):873 NODEACCESSRELEASED_2
11:02:03.497 (index):877 ATTRIBUTEACCESSRELEASED_3
11:02:03.497 (index):877 ATTRIBUTEACCESSRELEASED_4
11:02:04.497 (index):934 NODEACCESSREQUESTED_2
11:02:04.498 (index):928 ATTRIBUTEACCESSREQUESTED_3
11:02:04.499 (index):928 ATTRIBUTEACCESSREQUESTED_4
11:02:05.498 (index):898 UPDATE_2
11:02:05.499 (index):957 WAITING_3
11:02:05.500 (index):901 UPDATE_4
11:02:05.599 (index):873 NODEACCESSRELEASED_2
11:02:05.601 (index):877 ATTRIBUTEACCESSRELEASED_4
11:02:06.441 (index):898 UPDATE_1
11:02:06.500 (index):957 WAITING_3
11:02:06.542 (index):873 NODEACCESSRELEASED_1
11:02:06.601 (index):934 NODEACCESSREQUESTED_2
11:02:06.602 (index):934 NODEACCESSREQUESTED_4
11:02:07.502 (index):957 WAITING_3
11:02:07.544 (index):934 NODEACCESSREQUESTED_1
11:02:07.602 (index):898 UPDATE_2
11:02:07.603 (index):898 UPDATE_4
11:02:07.703 (index):873 NODEACCESSRELEASED_2
11:02:07.704 (index):873 NODEACCESSRELEASED_4
11:02:07.843 (index):901 UPDATE_0
11:02:07.945 (index):877 ATTRIBUTEACCESSRELEASED_0
11:02:08.524 (index):901 UPDATE_3
11:02:08.545 (index):898 UPDATE_1
11:02:08.625 (index):877 ATTRIBUTEACCESSRELEASED_3
11:02:08.646 (index):889 THINKING_1
11:02:08.706 (index):928 ATTRIBUTEACCESSREQUESTED_2
11:02:08.706 (index):928 ATTRIBUTEACCESSREQUESTED_4
11:02:08.946 (index):928 ATTRIBUTEACCESSREQUESTED_0
11:02:09.626 (index):934 NODEACCESSREQUESTED_3
11:02:09.707 (index):901 UPDATE_2
11:02:09.708 (index):957 WAITING_4
11:02:09.808 (index):889 THINKING_2
11:02:09.947 (index):901 UPDATE_0
11:02:10.049 (index):877 ATTRIBUTEACCESSRELEASED_0
11:02:10.627 (index):898 UPDATE_3
11:02:10.709 (index):957 WAITING_4
11:02:10.729 (index):889 THINKING_3
11:02:11.050 (index):934 NODEACCESSREQUESTED_0
11:02:11.710 (index):957 WAITING_4
11:02:12.051 (index):898 UPDATE_0
11:02:12.152 (index):889 THINKING_0
11:02:12.195 (index):898 UPDATE_1
11:02:12.297 (index):889 THINKING_1
11:02:12.527 (index):901 UPDATE_2
11:02:12.628 (index):877 ATTRIBUTEACCESSRELEASED_2
11:02:12.711 (index):901 UPDATE_4
11:02:12.812 (index):877 ATTRIBUTEACCESSRELEASED_4
11:02:13.630 (index):928 ATTRIBUTEACCESSREQUESTED_2
11:02:13.814 (index):934 NODEACCESSREQUESTED_4
11:02:14.631 (index):901 UPDATE_2
11:02:14.723 (index):898 UPDATE_0
11:02:14.731 (index):877 ATTRIBUTEACCESSRELEASED_2
11:02:14.815 (index):898 UPDATE_4
11:02:14.824 (index):889 THINKING_0
11:02:14.846 (index):898 UPDATE_3
11:02:14.916 (index):873 NODEACCESSRELEASED_4
11:02:14.947 (index):873 NODEACCESSRELEASED_3
11:02:15.732 (index):934 NODEACCESSREQUESTED_2
11:02:15.917 (index):928 ATTRIBUTEACCESSREQUESTED_4
11:02:15.947 (index):928 ATTRIBUTEACCESSREQUESTED_3
11:02:16.689 (index):898 UPDATE_1
11:02:16.734 (index):898 UPDATE_2
11:02:16.790 (index):873 NODEACCESSRELEASED_1
11:02:16.835 (index):889 THINKING_2
11:02:16.917 (index):901 UPDATE_4
11:02:16.949 (index):901 UPDATE_3
11:02:17.018 (index):889 THINKING_4
11:02:17.050 (index):877 ATTRIBUTEACCESSRELEASED_3
11:02:17.791 (index):934 NODEACCESSREQUESTED_1
11:02:18.051 (index):934 NODEACCESSREQUESTED_3
11:02:18.792 (index):898 UPDATE_1
11:02:18.893 (index):889 THINKING_1
11:02:19.052 (index):898 UPDATE_3
11:02:19.153 (index):873 NODEACCESSRELEASED_3
11:02:19.386 (index):898 UPDATE_2
11:02:19.456 (index):901 UPDATE_4
11:02:19.487 (index):889 THINKING_2
11:02:19.557 (index):877 ATTRIBUTEACCESSRELEASED_4
11:02:19.765 (index):898 UPDATE_0
11:02:19.867 (index):873 NODEACCESSRELEASED_0
11:02:20.154 (index):934 NODEACCESSREQUESTED_3
11:02:20.558 (index):928 ATTRIBUTEACCESSREQUESTED_4
11:02:20.868 (index):934 NODEACCESSREQUESTED_0
11:02:21.155 (index):898 UPDATE_3
11:02:21.204 (index):898 UPDATE_1
11:02:21.257 (index):873 NODEACCESSRELEASED_3
11:02:21.305 (index):873 NODEACCESSRELEASED_1
11:02:21.560 (index):901 UPDATE_4
11:02:21.661 (index):889 THINKING_4
11:02:21.714 (index):898 UPDATE_2
11:02:21.815 (index):889 THINKING_2
11:02:21.868 (index):898 UPDATE_0
11:02:21.970 (index):889 THINKING_0
11:02:22.257 (index):934 NODEACCESSREQUESTED_3
11:02:22.306 (index):934 NODEACCESSREQUESTED_1
11:02:23.259 (index):898 UPDATE_3
11:02:23.307 (index):898 UPDATE_1
11:02:23.360 (index):873 NODEACCESSRELEASED_3
11:02:23.409 (index):889 THINKING_1
11:02:24.126 (index):898 UPDATE_0
11:02:24.228 (index):873 NODEACCESSRELEASED_0
11:02:24.361 (index):934 NODEACCESSREQUESTED_3
11:02:25.229 (index):934 NODEACCESSREQUESTED_0
11:02:25.363 (index):898 UPDATE_3
11:02:25.464 (index):889 THINKING_3
11:02:25.870 (index):901 UPDATE_4
11:02:25.972 (index):889 THINKING_4
11:02:26.230 (index):898 UPDATE_0
11:02:26.331 (index):873 NODEACCESSRELEASED_0
11:02:26.339 (index):898 UPDATE_1
11:02:26.440 (index):889 THINKING_1
11:02:26.670 (index):898 UPDATE_2
11:02:26.772 (index):873 NODEACCESSRELEASED_2
11:02:27.333 (index):934 NODEACCESSREQUESTED_0
11:02:27.773 (index):934 NODEACCESSREQUESTED_2
11:02:27.871 (index):898 UPDATE_3
11:02:27.973 (index):873 NODEACCESSRELEASED_3
11:02:28.334 (index):898 UPDATE_0
11:02:28.435 (index):889 THINKING_0
11:02:28.774 (index):898 UPDATE_2
11:02:28.876 (index):873 NODEACCESSRELEASED_2
11:02:28.974 (index):928 ATTRIBUTEACCESSREQUESTED_3
11:02:29.877 (index):934 NODEACCESSREQUESTED_2
11:02:29.931 (index):901 UPDATE_4
11:02:29.975 (index):901 UPDATE_3
11:02:30.032 (index):889 THINKING_4
11:02:30.077 (index):877 ATTRIBUTEACCESSRELEASED_3
11:02:30.878 (index):898 UPDATE_2
11:02:30.980 (index):873 NODEACCESSRELEASED_2
11:02:31.051 (index):898 UPDATE_1
11:02:31.078 (index):928 ATTRIBUTEACCESSREQUESTED_3
11:02:31.152 (index):889 THINKING_1
11:02:31.981 (index):934 NODEACCESSREQUESTED_2
11:02:32.079 (index):901 UPDATE_3
11:02:32.180 (index):889 THINKING_3
11:02:32.431 (index):898 UPDATE_0
11:02:32.532 (index):873 NODEACCESSRELEASED_0
11:02:32.798 (index):901 UPDATE_4
11:02:32.900 (index):877 ATTRIBUTEACCESSRELEASED_4
11:02:32.982 (index):898 UPDATE_2
11:02:33.084 (index):873 NODEACCESSRELEASED_2
11:02:33.533 (index):928 ATTRIBUTEACCESSREQUESTED_0
11:02:33.901 (index):934 NODEACCESSREQUESTED_4
11:02:34.085 (index):934 NODEACCESSREQUESTED_2
11:02:34.518 (index):901 UPDATE_3
11:02:34.534 (index):901 UPDATE_0
11:02:34.620 (index):877 ATTRIBUTEACCESSRELEASED_3
11:02:34.636 (index):877 ATTRIBUTEACCESSRELEASED_0
11:02:34.902 (index):898 UPDATE_4
11:02:35.003 (index):873 NODEACCESSRELEASED_4
11:02:35.086 (index):898 UPDATE_2
11:02:35.187 (index):968 END_2
11:02:35.344 (index):898 UPDATE_1
11:02:35.445 (index):873 NODEACCESSRELEASED_1
11:02:35.621 (index):934 NODEACCESSREQUESTED_3
11:02:35.637 (index):934 NODEACCESSREQUESTED_0
11:02:36.005 (index):934 NODEACCESSREQUESTED_4
11:02:36.447 (index):934 NODEACCESSREQUESTED_1
11:02:36.622 (index):898 UPDATE_3
11:02:36.638 (index):898 UPDATE_0
11:02:36.723 (index):968 END_3
11:02:36.739 (index):873 NODEACCESSRELEASED_0
11:02:37.006 (index):898 UPDATE_4
11:02:37.107 (index):889 THINKING_4
11:02:37.448 (index):898 UPDATE_1
11:02:37.549 (index):889 THINKING_1
11:02:37.740 (index):934 NODEACCESSREQUESTED_0
11:02:38.741 (index):898 UPDATE_0
11:02:38.843 (index):968 END_0
11:02:39.727 (index):898 UPDATE_1
11:02:39.829 (index):873 NODEACCESSRELEASED_1
11:02:40.830 (index):934 NODEACCESSREQUESTED_1
11:02:41.497 (index):898 UPDATE_4
11:02:41.598 (index):968 END_4
11:02:41.831 (index):898 UPDATE_1
11:02:41.933 (index):968 END_1
