11:06:20.603 (index):1178 Tasks: 25; Collaborators: 11    =========================>
11:06:20.604 (index):928 ATTRIBUTEACCESSREQUESTED_0
11:06:20.604 (index):934 NODEACCESSREQUESTED_1
11:06:20.605 (index):934 NODEACCESSREQUESTED_2
11:06:20.606 (index):928 ATTRIBUTEACCESSREQUESTED_3
11:06:20.607 (index):928 ATTRIBUTEACCESSREQUESTED_4
11:06:20.608 (index):934 NODEACCESSREQUESTED_5
11:06:20.609 (index):934 NODEACCESSREQUESTED_6
11:06:20.610 (index):928 ATTRIBUTEACCESSREQUESTED_7
11:06:20.610 (index):934 NODEACCESSREQUESTED_8
11:06:20.611 (index):934 NODEACCESSREQUESTED_9
11:06:20.611 (index):934 NODEACCESSREQUESTED_10
11:06:21.605 (index):889 THINKING_0
11:06:21.606 (index):889 THINKING_1
11:06:21.607 (index):873 NODEACCESSRELEASED_2
11:06:21.608 (index):877 ATTRIBUTEACCESSRELEASED_3
11:06:21.609 (index):877 ATTRIBUTEACCESSRELEASED_4
11:06:21.610 (index):873 NODEACCESSRELEASED_5
11:06:21.611 (index):889 THINKING_6
11:06:21.612 (index):877 ATTRIBUTEACCESSRELEASED_7
11:06:21.613 (index):889 THINKING_8
11:06:21.614 (index):873 NODEACCESSRELEASED_9
11:06:21.615 (index):873 NODEACCESSRELEASED_10
11:06:22.608 (index):934 NODEACCESSREQUESTED_2
11:06:22.609 (index):928 ATTRIBUTEACCESSREQUESTED_3
11:06:22.610 (index):928 ATTRIBUTEACCESSREQUESTED_4
11:06:22.611 (index):934 NODEACCESSREQUESTED_5
11:06:22.613 (index):928 ATTRIBUTEACCESSREQUESTED_7
11:06:22.615 (index):934 NODEACCESSREQUESTED_9
11:06:22.616 (index):934 NODEACCESSREQUESTED_10
11:06:23.609 (index):898 UPDATE_2
11:06:23.610 (index):957 WAITING_3
11:06:23.611 (index):901 UPDATE_4
11:06:23.612 (index):898 UPDATE_5
11:06:23.614 (index):901 UPDATE_7
11:06:23.615 (index):898 UPDATE_9
11:06:23.616 (index):898 UPDATE_10
11:06:23.639 (index):898 UPDATE_8
11:06:23.710 (index):873 NODEACCESSRELEASED_2
11:06:23.712 (index):877 ATTRIBUTEACCESSRELEASED_4
11:06:23.713 (index):889 THINKING_5
11:06:23.715 (index):877 ATTRIBUTEACCESSRELEASED_7
11:06:23.716 (index):889 THINKING_9
11:06:23.717 (index):889 THINKING_10
11:06:23.740 (index):889 THINKING_8
11:06:24.329 (index):898 UPDATE_6
11:06:24.430 (index):873 NODEACCESSRELEASED_6
11:06:24.552 (index):898 UPDATE_1
11:06:24.611 (index):957 WAITING_3
11:06:24.653 (index):873 NODEACCESSRELEASED_1
11:06:24.712 (index):934 NODEACCESSREQUESTED_2
11:06:24.713 (index):934 NODEACCESSREQUESTED_4
11:06:24.716 (index):934 NODEACCESSREQUESTED_7
11:06:25.432 (index):928 ATTRIBUTEACCESSREQUESTED_6
11:06:25.612 (index):957 WAITING_3
11:06:25.654 (index):934 NODEACCESSREQUESTED_1
11:06:25.713 (index):898 UPDATE_2
11:06:25.714 (index):898 UPDATE_4
11:06:25.717 (index):898 UPDATE_7
11:06:25.770 (index):898 UPDATE_10
11:06:25.814 (index):873 NODEACCESSRELEASED_2
11:06:25.815 (index):873 NODEACCESSRELEASED_4
11:06:25.818 (index):873 NODEACCESSRELEASED_7
11:06:25.871 (index):873 NODEACCESSRELEASED_10
11:06:25.954 (index):901 UPDATE_0
11:06:26.055 (index):877 ATTRIBUTEACCESSRELEASED_0
11:06:26.128 (index):898 UPDATE_5
11:06:26.229 (index):873 NODEACCESSRELEASED_5
11:06:26.433 (index):901 UPDATE_6
11:06:26.534 (index):877 ATTRIBUTEACCESSRELEASED_6
11:06:26.614 (index):901 UPDATE_3
11:06:26.655 (index):898 UPDATE_1
11:06:26.715 (index):877 ATTRIBUTEACCESSRELEASED_3
11:06:26.757 (index):889 THINKING_1
11:06:26.815 (index):928 ATTRIBUTEACCESSREQUESTED_2
11:06:26.817 (index):928 ATTRIBUTEACCESSREQUESTED_4
11:06:26.819 (index):934 NODEACCESSREQUESTED_7
11:06:26.872 (index):934 NODEACCESSREQUESTED_10
11:06:27.057 (index):928 ATTRIBUTEACCESSREQUESTED_0
11:06:27.231 (index):934 NODEACCESSREQUESTED_5
11:06:27.536 (index):934 NODEACCESSREQUESTED_6
11:06:27.717 (index):934 NODEACCESSREQUESTED_3
11:06:27.817 (index):901 UPDATE_2
11:06:27.818 (index):957 WAITING_4
11:06:27.820 (index):898 UPDATE_7
11:06:27.873 (index):898 UPDATE_10
11:06:27.918 (index):889 THINKING_2
11:06:27.921 (index):889 THINKING_7
11:06:27.975 (index):889 THINKING_10
11:06:28.058 (index):901 UPDATE_0
11:06:28.159 (index):877 ATTRIBUTEACCESSRELEASED_0
11:06:28.181 (index):898 UPDATE_8
11:06:28.228 (index):898 UPDATE_9
11:06:28.232 (index):898 UPDATE_5
11:06:28.282 (index):873 NODEACCESSRELEASED_8
11:06:28.329 (index):889 THINKING_9
11:06:28.333 (index):889 THINKING_5
11:06:28.537 (index):898 UPDATE_6
11:06:28.638 (index):873 NODEACCESSRELEASED_6
11:06:28.718 (index):898 UPDATE_3
11:06:28.819 (index):957 WAITING_4
11:06:28.820 (index):889 THINKING_3
11:06:29.161 (index):934 NODEACCESSREQUESTED_0
11:06:29.284 (index):928 ATTRIBUTEACCESSREQUESTED_8
11:06:29.640 (index):934 NODEACCESSREQUESTED_6
11:06:29.820 (index):957 WAITING_4
11:06:30.093 (index):898 UPDATE_7
11:06:30.162 (index):898 UPDATE_0
11:06:30.194 (index):873 NODEACCESSRELEASED_7
11:06:30.264 (index):889 THINKING_0
11:06:30.285 (index):957 WAITING_8
11:06:30.306 (index):898 UPDATE_1
11:06:30.407 (index):889 THINKING_1
11:06:30.637 (index):901 UPDATE_2
11:06:30.641 (index):898 UPDATE_6
11:06:30.736 (index):898 UPDATE_9
11:06:30.739 (index):877 ATTRIBUTEACCESSRELEASED_2
11:06:30.743 (index):873 NODEACCESSRELEASED_6
11:06:30.821 (index):901 UPDATE_4
11:06:30.837 (index):873 NODEACCESSRELEASED_9
11:06:30.923 (index):877 ATTRIBUTEACCESSRELEASED_4
11:06:30.952 (index):898 UPDATE_10
11:06:31.053 (index):873 NODEACCESSRELEASED_10
11:06:31.196 (index):928 ATTRIBUTEACCESSREQUESTED_7
11:06:31.286 (index):901 UPDATE_8
11:06:31.388 (index):889 THINKING_8
11:06:31.473 (index):898 UPDATE_5
11:06:31.575 (index):873 NODEACCESSRELEASED_5
11:06:31.740 (index):928 ATTRIBUTEACCESSREQUESTED_2
11:06:31.744 (index):934 NODEACCESSREQUESTED_6
11:06:31.838 (index):928 ATTRIBUTEACCESSREQUESTED_9
11:06:31.924 (index):934 NODEACCESSREQUESTED_4
11:06:32.054 (index):934 NODEACCESSREQUESTED_10
11:06:32.197 (index):957 WAITING_7
11:06:32.576 (index):928 ATTRIBUTEACCESSREQUESTED_5
11:06:32.741 (index):957 WAITING_2
11:06:32.745 (index):898 UPDATE_6
11:06:32.834 (index):898 UPDATE_0
11:06:32.839 (index):901 UPDATE_9
11:06:32.846 (index):873 NODEACCESSRELEASED_6
11:06:32.925 (index):898 UPDATE_4
11:06:32.935 (index):889 THINKING_0
11:06:32.937 (index):898 UPDATE_3
11:06:32.940 (index):877 ATTRIBUTEACCESSRELEASED_9
11:06:33.026 (index):873 NODEACCESSRELEASED_4
11:06:33.038 (index):873 NODEACCESSRELEASED_3
11:06:33.055 (index):898 UPDATE_10
11:06:33.156 (index):889 THINKING_10
11:06:33.198 (index):957 WAITING_7
11:06:33.577 (index):957 WAITING_5
11:06:33.742 (index):957 WAITING_2
11:06:33.847 (index):928 ATTRIBUTEACCESSREQUESTED_6
11:06:33.941 (index):928 ATTRIBUTEACCESSREQUESTED_9
11:06:34.027 (index):928 ATTRIBUTEACCESSREQUESTED_4
11:06:34.039 (index):928 ATTRIBUTEACCESSREQUESTED_3
11:06:34.200 (index):957 WAITING_7
11:06:34.578 (index):957 WAITING_5
11:06:34.744 (index):957 WAITING_2
11:06:34.801 (index):898 UPDATE_1
11:06:34.848 (index):901 UPDATE_6
11:06:34.902 (index):873 NODEACCESSRELEASED_1
11:06:34.942 (index):901 UPDATE_9
11:06:34.949 (index):889 THINKING_6
11:06:35.029 (index):957 WAITING_4
11:06:35.040 (index):957 WAITING_3
11:06:35.043 (index):877 ATTRIBUTEACCESSRELEASED_9
11:06:35.201 (index):957 WAITING_7
11:06:35.580 (index):957 WAITING_5
11:06:35.745 (index):957 WAITING_2
11:06:35.903 (index):934 NODEACCESSREQUESTED_1
11:06:35.911 (index):901 UPDATE_8
11:06:36.012 (index):877 ATTRIBUTEACCESSRELEASED_8
11:06:36.030 (index):957 WAITING_4
11:06:36.041 (index):957 WAITING_3
11:06:36.044 (index):934 NODEACCESSREQUESTED_9
11:06:36.202 (index):901 UPDATE_7
11:06:36.303 (index):889 THINKING_7
11:06:36.581 (index):957 WAITING_5
11:06:36.746 (index):957 WAITING_2
11:06:36.905 (index):898 UPDATE_1
11:06:37.005 (index):889 THINKING_1
11:06:37.016 (index):928 ATTRIBUTEACCESSREQUESTED_8
11:06:37.031 (index):957 WAITING_4
11:06:37.042 (index):957 WAITING_3
11:06:37.046 (index):898 UPDATE_9
11:06:37.147 (index):889 THINKING_9
11:06:37.220 (index):901 UPDATE_6
11:06:37.322 (index):889 THINKING_6
11:06:37.582 (index):957 WAITING_5
11:06:37.748 (index):957 WAITING_2
11:06:37.821 (index):898 UPDATE_10
11:06:37.877 (index):898 UPDATE_0
11:06:37.922 (index):873 NODEACCESSRELEASED_10
11:06:37.979 (index):873 NODEACCESSRELEASED_0
11:06:38.017 (index):901 UPDATE_8
11:06:38.032 (index):957 WAITING_4
11:06:38.043 (index):957 WAITING_3
11:06:38.118 (index):877 ATTRIBUTEACCESSRELEASED_8
11:06:38.584 (index):957 WAITING_5
11:06:38.749 (index):957 WAITING_2
11:06:38.923 (index):934 NODEACCESSREQUESTED_10
11:06:38.980 (index):934 NODEACCESSREQUESTED_0
11:06:39.034 (index):957 WAITING_4
11:06:39.045 (index):957 WAITING_3
11:06:39.119 (index):934 NODEACCESSREQUESTED_8
11:06:39.317 (index):898 UPDATE_1
11:06:39.418 (index):873 NODEACCESSRELEASED_1
11:06:39.585 (index):957 WAITING_5
11:06:39.751 (index):957 WAITING_2
11:06:39.925 (index):898 UPDATE_10
11:06:39.981 (index):898 UPDATE_0
11:06:40.026 (index):889 THINKING_10
11:06:40.035 (index):957 WAITING_4
11:06:40.046 (index):957 WAITING_3
11:06:40.083 (index):889 THINKING_0
11:06:40.121 (index):898 UPDATE_8
11:06:40.222 (index):889 THINKING_8
11:06:40.258 (index):898 UPDATE_9
11:06:40.276 (index):901 UPDATE_6
11:06:40.359 (index):873 NODEACCESSRELEASED_9
11:06:40.377 (index):877 ATTRIBUTEACCESSRELEASED_6
11:06:40.419 (index):934 NODEACCESSREQUESTED_1
11:06:40.585 (index):957 WAITING_5
11:06:40.752 (index):957 WAITING_2
11:06:40.941 (index):901 UPDATE_7
11:06:41.036 (index):901 UPDATE_4
11:06:41.043 (index):877 ATTRIBUTEACCESSRELEASED_7
11:06:41.047 (index):957 WAITING_3
11:06:41.138 (index):889 THINKING_4
11:06:41.360 (index):934 NODEACCESSREQUESTED_9
11:06:41.378 (index):934 NODEACCESSREQUESTED_6
11:06:41.420 (index):898 UPDATE_1
11:06:41.521 (index):889 THINKING_1
11:06:41.587 (index):957 WAITING_5
11:06:41.753 (index):901 UPDATE_2
11:06:41.855 (index):877 ATTRIBUTEACCESSRELEASED_2
11:06:42.044 (index):934 NODEACCESSREQUESTED_7
11:06:42.048 (index):957 WAITING_3
11:06:42.239 (index):898 UPDATE_0
11:06:42.340 (index):873 NODEACCESSRELEASED_0
11:06:42.361 (index):898 UPDATE_9
11:06:42.379 (index):898 UPDATE_6
11:06:42.463 (index):873 NODEACCESSRELEASED_9
11:06:42.480 (index):873 NODEACCESSRELEASED_6
11:06:42.588 (index):901 UPDATE_5
11:06:42.689 (index):889 THINKING_5
11:06:42.856 (index):934 NODEACCESSREQUESTED_2
11:06:43.045 (index):898 UPDATE_7
11:06:43.049 (index):957 WAITING_3
11:06:43.147 (index):873 NODEACCESSRELEASED_7
11:06:43.341 (index):934 NODEACCESSREQUESTED_0
11:06:43.464 (index):928 ATTRIBUTEACCESSREQUESTED_9
11:06:43.481 (index):934 NODEACCESSREQUESTED_6
11:06:43.519 (index):898 UPDATE_8
11:06:43.576 (index):901 UPDATE_4
11:06:43.620 (index):873 NODEACCESSRELEASED_8
11:06:43.677 (index):877 ATTRIBUTEACCESSRELEASED_4
11:06:43.811 (index):898 UPDATE_10
11:06:43.857 (index):898 UPDATE_2
11:06:43.912 (index):873 NODEACCESSRELEASED_10
11:06:43.958 (index):889 THINKING_2
11:06:44.050 (index):957 WAITING_3
11:06:44.148 (index):934 NODEACCESSREQUESTED_7
11:06:44.343 (index):898 UPDATE_0
11:06:44.444 (index):873 NODEACCESSRELEASED_0
11:06:44.451 (index):898 UPDATE_1
11:06:44.465 (index):901 UPDATE_9
11:06:44.482 (index):898 UPDATE_6
11:06:44.553 (index):889 THINKING_1
11:06:44.566 (index):889 THINKING_9
11:06:44.583 (index):873 NODEACCESSRELEASED_6
11:06:44.622 (index):934 NODEACCESSREQUESTED_8
11:06:44.678 (index):928 ATTRIBUTEACCESSREQUESTED_4
11:06:44.914 (index):934 NODEACCESSREQUESTED_10
11:06:45.051 (index):957 WAITING_3
11:06:45.149 (index):898 UPDATE_7
11:06:45.251 (index):873 NODEACCESSRELEASED_7
11:06:45.445 (index):934 NODEACCESSREQUESTED_0
11:06:45.584 (index):928 ATTRIBUTEACCESSREQUESTED_6
11:06:45.623 (index):898 UPDATE_8
11:06:45.680 (index):957 WAITING_4
11:06:45.724 (index):873 NODEACCESSRELEASED_8
11:06:45.915 (index):898 UPDATE_10
11:06:46.016 (index):889 THINKING_10
11:06:46.052 (index):957 WAITING_3
11:06:46.252 (index):928 ATTRIBUTEACCESSREQUESTED_7
11:06:46.447 (index):898 UPDATE_0
11:06:46.509 (index):898 UPDATE_2
11:06:46.548 (index):889 THINKING_0
11:06:46.586 (index):901 UPDATE_6
11:06:46.610 (index):889 THINKING_2
11:06:46.681 (index):957 WAITING_4
11:06:46.687 (index):877 ATTRIBUTEACCESSRELEASED_6
11:06:46.725 (index):934 NODEACCESSREQUESTED_8
11:06:47.054 (index):957 WAITING_3
11:06:47.253 (index):901 UPDATE_7
11:06:47.271 (index):901 UPDATE_5
11:06:47.355 (index):877 ATTRIBUTEACCESSRELEASED_7
11:06:47.372 (index):889 THINKING_5
11:06:47.682 (index):957 WAITING_4
11:06:47.688 (index):934 NODEACCESSREQUESTED_6
11:06:47.726 (index):898 UPDATE_8
11:06:47.828 (index):873 NODEACCESSRELEASED_8
11:06:48.055 (index):957 WAITING_3
11:06:48.189 (index):901 UPDATE_9
11:06:48.290 (index):877 ATTRIBUTEACCESSRELEASED_9
11:06:48.356 (index):934 NODEACCESSREQUESTED_7
11:06:48.684 (index):957 WAITING_4
11:06:48.689 (index):898 UPDATE_6
11:06:48.790 (index):873 NODEACCESSRELEASED_6
11:06:48.828 (index):934 NODEACCESSREQUESTED_8
11:06:48.838 (index):898 UPDATE_2
11:06:48.939 (index):889 THINKING_2
11:06:49.056 (index):957 WAITING_3
11:06:49.163 (index):898 UPDATE_1
11:06:49.264 (index):889 THINKING_1
11:06:49.291 (index):928 ATTRIBUTEACCESSREQUESTED_9
11:06:49.357 (index):898 UPDATE_7
11:06:49.414 (index):901 UPDATE_5
11:06:49.459 (index):873 NODEACCESSRELEASED_7
11:06:49.515 (index):877 ATTRIBUTEACCESSRELEASED_5
11:06:49.685 (index):957 WAITING_4
11:06:49.791 (index):934 NODEACCESSREQUESTED_6
11:06:49.830 (index):898 UPDATE_8
11:06:49.931 (index):873 NODEACCESSRELEASED_8
11:06:50.058 (index):901 UPDATE_3
11:06:50.158 (index):877 ATTRIBUTEACCESSRELEASED_3
11:06:50.292 (index):901 UPDATE_9
11:06:50.393 (index):877 ATTRIBUTEACCESSRELEASED_9
11:06:50.460 (index):928 ATTRIBUTEACCESSREQUESTED_7
11:06:50.517 (index):934 NODEACCESSREQUESTED_5
11:06:50.543 (index):898 UPDATE_0
11:06:50.644 (index):873 NODEACCESSRELEASED_0
11:06:50.686 (index):901 UPDATE_4
11:06:50.787 (index):889 THINKING_4
11:06:50.792 (index):898 UPDATE_6
11:06:50.893 (index):968 END_6
11:06:50.902 (index):898 UPDATE_10
11:06:50.932 (index):934 NODEACCESSREQUESTED_8
11:06:51.003 (index):873 NODEACCESSRELEASED_10
11:06:51.159 (index):934 NODEACCESSREQUESTED_3
11:06:51.395 (index):934 NODEACCESSREQUESTED_9
11:06:51.461 (index):901 UPDATE_7
11:06:51.518 (index):898 UPDATE_5
11:06:51.563 (index):889 THINKING_7
11:06:51.619 (index):889 THINKING_5
11:06:51.645 (index):928 ATTRIBUTEACCESSREQUESTED_0
11:06:51.933 (index):898 UPDATE_8
11:06:52.004 (index):928 ATTRIBUTEACCESSREQUESTED_10
11:06:52.035 (index):873 NODEACCESSRELEASED_8
11:06:52.161 (index):898 UPDATE_3
11:06:52.262 (index):873 NODEACCESSRELEASED_3
11:06:52.396 (index):898 UPDATE_9
11:06:52.497 (index):873 NODEACCESSRELEASED_9
11:06:52.646 (index):901 UPDATE_0
11:06:52.747 (index):877 ATTRIBUTEACCESSRELEASED_0
11:06:53.005 (index):901 UPDATE_10
11:06:53.036 (index):928 ATTRIBUTEACCESSREQUESTED_8
11:06:53.107 (index):877 ATTRIBUTEACCESSRELEASED_10
11:06:53.263 (index):934 NODEACCESSREQUESTED_3
11:06:53.456 (index):898 UPDATE_1
11:06:53.498 (index):934 NODEACCESSREQUESTED_9
11:06:53.557 (index):873 NODEACCESSRELEASED_1
11:06:53.749 (index):934 NODEACCESSREQUESTED_0
11:06:53.794 (index):898 UPDATE_2
11:06:53.895 (index):873 NODEACCESSRELEASED_2
11:06:54.038 (index):901 UPDATE_8
11:06:54.108 (index):928 ATTRIBUTEACCESSREQUESTED_10
11:06:54.139 (index):877 ATTRIBUTEACCESSRELEASED_8
11:06:54.265 (index):898 UPDATE_3
11:06:54.366 (index):873 NODEACCESSRELEASED_3
11:06:54.500 (index):898 UPDATE_9
11:06:54.559 (index):934 NODEACCESSREQUESTED_1
11:06:54.601 (index):968 END_9
11:06:54.750 (index):898 UPDATE_0
11:06:54.851 (index):873 NODEACCESSRELEASED_0
11:06:54.896 (index):934 NODEACCESSREQUESTED_2
11:06:54.997 (index):901 UPDATE_4
11:06:54.999 (index):901 UPDATE_7
11:06:55.098 (index):889 THINKING_4
11:06:55.099 (index):877 ATTRIBUTEACCESSRELEASED_7
11:06:55.109 (index):901 UPDATE_10
11:06:55.140 (index):934 NODEACCESSREQUESTED_8
11:06:55.210 (index):877 ATTRIBUTEACCESSRELEASED_10
11:06:55.367 (index):934 NODEACCESSREQUESTED_3
11:06:55.560 (index):898 UPDATE_1
11:06:55.662 (index):889 THINKING_1
11:06:55.853 (index):934 NODEACCESSREQUESTED_0
11:06:55.897 (index):898 UPDATE_2
11:06:55.998 (index):873 NODEACCESSRELEASED_2
11:06:56.100 (index):934 NODEACCESSREQUESTED_7
11:06:56.141 (index):898 UPDATE_8
11:06:56.212 (index):934 NODEACCESSREQUESTED_10
11:06:56.243 (index):968 END_8
11:06:56.368 (index):898 UPDATE_3
11:06:56.470 (index):873 NODEACCESSRELEASED_3
11:06:56.554 (index):898 UPDATE_5
11:06:56.656 (index):873 NODEACCESSRELEASED_5
11:06:56.854 (index):898 UPDATE_0
11:06:56.955 (index):968 END_0
11:06:57.000 (index):934 NODEACCESSREQUESTED_2
11:06:57.101 (index):898 UPDATE_7
11:06:57.203 (index):968 END_7
11:06:57.213 (index):898 UPDATE_10
11:06:57.314 (index):968 END_10
11:06:57.471 (index):934 NODEACCESSREQUESTED_3
11:06:57.656 (index):934 NODEACCESSREQUESTED_5
11:06:57.840 (index):898 UPDATE_1
11:06:57.941 (index):873 NODEACCESSRELEASED_1
11:06:58.001 (index):898 UPDATE_2
11:06:58.102 (index):873 NODEACCESSRELEASED_2
11:06:58.472 (index):898 UPDATE_3
11:06:58.573 (index):889 THINKING_3
11:06:58.658 (index):898 UPDATE_5
11:06:58.759 (index):873 NODEACCESSRELEASED_5
11:06:58.943 (index):934 NODEACCESSREQUESTED_1
11:06:59.057 (index):901 UPDATE_4
11:06:59.103 (index):934 NODEACCESSREQUESTED_2
11:06:59.158 (index):889 THINKING_4
11:06:59.760 (index):934 NODEACCESSREQUESTED_5
11:06:59.944 (index):898 UPDATE_1
11:07:00.045 (index):968 END_1
11:07:00.104 (index):898 UPDATE_2
11:07:00.205 (index):873 NODEACCESSRELEASED_2
11:07:00.761 (index):898 UPDATE_5
11:07:00.863 (index):873 NODEACCESSRELEASED_5
11:07:00.980 (index):898 UPDATE_3
11:07:01.081 (index):873 NODEACCESSRELEASED_3
11:07:01.206 (index):934 NODEACCESSREQUESTED_2
11:07:01.864 (index):934 NODEACCESSREQUESTED_5
11:07:01.925 (index):901 UPDATE_4
11:07:02.026 (index):877 ATTRIBUTEACCESSRELEASED_4
11:07:02.083 (index):928 ATTRIBUTEACCESSREQUESTED_3
11:07:02.207 (index):898 UPDATE_2
11:07:02.309 (index):968 END_2
11:07:02.865 (index):898 UPDATE_5
11:07:02.967 (index):873 NODEACCESSRELEASED_5
11:07:03.027 (index):934 NODEACCESSREQUESTED_4
11:07:03.084 (index):901 UPDATE_3
11:07:03.185 (index):877 ATTRIBUTEACCESSRELEASED_3
11:07:03.968 (index):934 NODEACCESSREQUESTED_5
11:07:04.028 (index):898 UPDATE_4
11:07:04.130 (index):873 NODEACCESSRELEASED_4
11:07:04.186 (index):928 ATTRIBUTEACCESSREQUESTED_3
11:07:04.969 (index):898 UPDATE_5
11:07:05.070 (index):968 END_5
11:07:05.131 (index):934 NODEACCESSREQUESTED_4
11:07:05.187 (index):901 UPDATE_3
11:07:05.288 (index):889 THINKING_3
11:07:06.132 (index):898 UPDATE_4
11:07:06.233 (index):889 THINKING_4
11:07:07.627 (index):901 UPDATE_3
11:07:07.728 (index):877 ATTRIBUTEACCESSRELEASED_3
11:07:08.729 (index):934 NODEACCESSREQUESTED_3
11:07:09.731 (index):898 UPDATE_3
11:07:09.832 (index):968 END_3
11:07:10.623 (index):898 UPDATE_4
11:07:10.725 (index):968 END_4
