12:40:14.142 updates_per_collab.js:620 Tasks: 25; Collaborators: 9    =========================>
12:40:14.143 updates_per_collab.js:472 FLOORREQUESTED_0
12:40:14.144 updates_per_collab.js:472 FLOORREQUESTED_1
12:40:14.145 updates_per_collab.js:472 FLOORREQUESTED_2
12:40:14.146 updates_per_collab.js:472 FLOORREQUESTED_3
12:40:14.148 updates_per_collab.js:472 FLOORREQUESTED_4
12:40:14.149 updates_per_collab.js:472 FLOORREQUESTED_5
12:40:14.150 updates_per_collab.js:472 FLOORREQUESTED_6
12:40:14.151 updates_per_collab.js:472 FLOORREQUESTED_7
12:40:14.153 updates_per_collab.js:472 FLOORREQUESTED_8
12:40:16.144 updates_per_collab.js:450 THINKING_0
12:40:16.149 updates_per_collab.js:479 WAITING_1
12:40:16.150 updates_per_collab.js:479 WAITING_2
12:40:16.163 updates_per_collab.js:479 WAITING_3
12:40:16.164 updates_per_collab.js:479 WAITING_4
12:40:16.165 updates_per_collab.js:479 WAITING_5
12:40:16.167 updates_per_collab.js:479 WAITING_6
12:40:16.168 updates_per_collab.js:479 WAITING_7
12:40:16.169 updates_per_collab.js:479 WAITING_8
12:40:18.158 updates_per_collab.js:479 WAITING_1
12:40:18.161 updates_per_collab.js:479 WAITING_2
12:40:18.163 updates_per_collab.js:479 WAITING_3
12:40:18.164 updates_per_collab.js:479 WAITING_4
12:40:18.166 updates_per_collab.js:479 WAITING_5
12:40:18.166 updates_per_collab.js:479 WAITING_6
12:40:18.168 updates_per_collab.js:479 WAITING_7
12:40:18.169 updates_per_collab.js:479 WAITING_8
12:40:20.140 updates_per_collab.js:479 WAITING_1
12:40:20.145 updates_per_collab.js:479 WAITING_2
12:40:20.147 updates_per_collab.js:479 WAITING_3
12:40:20.149 updates_per_collab.js:479 WAITING_4
12:40:20.150 updates_per_collab.js:479 WAITING_5
12:40:20.151 updates_per_collab.js:479 WAITING_6
12:40:20.152 updates_per_collab.js:479 WAITING_7
12:40:20.153 updates_per_collab.js:479 WAITING_8
12:40:21.142 updates_per_collab.js:458 UPDATE_0
12:40:22.138 updates_per_collab.js:479 WAITING_1
12:40:22.140 updates_per_collab.js:479 WAITING_2
12:40:22.141 updates_per_collab.js:479 WAITING_3
12:40:22.142 updates_per_collab.js:479 WAITING_4
12:40:22.143 updates_per_collab.js:479 WAITING_5
12:40:22.145 updates_per_collab.js:479 WAITING_6
12:40:22.146 updates_per_collab.js:479 WAITING_7
12:40:22.147 updates_per_collab.js:479 WAITING_8
12:40:22.148 updates_per_collab.js:439 FLOORRELEASED_0
12:40:23.146 updates_per_collab.js:450 THINKING_1
12:40:23.149 updates_per_collab.js:479 WAITING_2
12:40:23.152 updates_per_collab.js:479 WAITING_3
12:40:23.154 updates_per_collab.js:479 WAITING_4
12:40:23.157 updates_per_collab.js:479 WAITING_5
12:40:24.152 updates_per_collab.js:479 WAITING_6
12:40:24.153 updates_per_collab.js:479 WAITING_7
12:40:24.154 updates_per_collab.js:479 WAITING_8
12:40:24.155 updates_per_collab.js:472 FLOORREQUESTED_0
12:40:25.155 updates_per_collab.js:479 WAITING_2
12:40:25.158 updates_per_collab.js:479 WAITING_3
12:40:25.160 updates_per_collab.js:479 WAITING_4
12:40:25.162 updates_per_collab.js:479 WAITING_5
12:40:25.164 updates_per_collab.js:479 WAITING_6
12:40:25.166 updates_per_collab.js:479 WAITING_7
12:40:26.139 updates_per_collab.js:479 WAITING_8
12:40:26.145 updates_per_collab.js:479 WAITING_0
12:40:26.148 updates_per_collab.js:458 UPDATE_1
12:40:27.141 updates_per_collab.js:479 WAITING_2
12:40:27.146 updates_per_collab.js:479 WAITING_3
12:40:27.147 updates_per_collab.js:479 WAITING_4
12:40:27.149 updates_per_collab.js:479 WAITING_5
12:40:27.150 updates_per_collab.js:479 WAITING_6
12:40:27.151 updates_per_collab.js:479 WAITING_7
12:40:27.153 updates_per_collab.js:439 FLOORRELEASED_1
12:40:28.142 updates_per_collab.js:479 WAITING_8
12:40:28.147 updates_per_collab.js:479 WAITING_0
12:40:29.143 updates_per_collab.js:439 FLOORRELEASED_2
12:40:29.148 updates_per_collab.js:439 FLOORRELEASED_3
12:40:29.150 updates_per_collab.js:439 FLOORRELEASED_4
12:40:29.151 updates_per_collab.js:439 FLOORRELEASED_5
12:40:29.152 updates_per_collab.js:450 THINKING_6
12:40:29.153 updates_per_collab.js:479 WAITING_7
12:40:29.155 updates_per_collab.js:472 FLOORREQUESTED_1
12:40:30.148 updates_per_collab.js:479 WAITING_8
12:40:30.150 updates_per_collab.js:479 WAITING_0
12:40:31.147 updates_per_collab.js:472 FLOORREQUESTED_2
12:40:31.149 updates_per_collab.js:472 FLOORREQUESTED_3
12:40:31.151 updates_per_collab.js:472 FLOORREQUESTED_4
12:40:31.153 updates_per_collab.js:472 FLOORREQUESTED_5
12:40:31.155 updates_per_collab.js:479 WAITING_7
12:40:31.156 updates_per_collab.js:479 WAITING_1
12:40:32.149 updates_per_collab.js:479 WAITING_8
12:40:32.153 updates_per_collab.js:479 WAITING_0
12:40:32.155 updates_per_collab.js:458 UPDATE_6
12:40:33.151 updates_per_collab.js:479 WAITING_2
12:40:33.153 updates_per_collab.js:479 WAITING_3
12:40:33.154 updates_per_collab.js:479 WAITING_4
12:40:33.156 updates_per_collab.js:479 WAITING_5
12:40:33.157 updates_per_collab.js:479 WAITING_7
12:40:33.158 updates_per_collab.js:479 WAITING_1
12:40:33.159 updates_per_collab.js:439 FLOORRELEASED_6
12:40:34.140 updates_per_collab.js:479 WAITING_8
12:40:34.142 updates_per_collab.js:479 WAITING_0
12:40:35.142 updates_per_collab.js:479 WAITING_2
12:40:35.147 updates_per_collab.js:479 WAITING_3
12:40:35.149 updates_per_collab.js:479 WAITING_4
12:40:35.151 updates_per_collab.js:479 WAITING_5
12:40:35.152 updates_per_collab.js:439 FLOORRELEASED_7
12:40:35.154 updates_per_collab.js:479 WAITING_1
12:40:35.155 updates_per_collab.js:472 FLOORREQUESTED_6
12:40:36.146 updates_per_collab.js:450 THINKING_8
12:40:36.150 updates_per_collab.js:479 WAITING_0
12:40:37.146 updates_per_collab.js:479 WAITING_2
12:40:37.150 updates_per_collab.js:479 WAITING_3
12:40:37.152 updates_per_collab.js:479 WAITING_4
12:40:37.153 updates_per_collab.js:479 WAITING_5
12:40:37.155 updates_per_collab.js:472 FLOORREQUESTED_7
12:40:37.156 updates_per_collab.js:479 WAITING_1
12:40:37.158 updates_per_collab.js:479 WAITING_6
12:40:38.150 updates_per_collab.js:479 WAITING_0
12:40:39.150 updates_per_collab.js:479 WAITING_2
12:40:39.155 updates_per_collab.js:479 WAITING_3
12:40:39.157 updates_per_collab.js:479 WAITING_4
12:40:39.158 updates_per_collab.js:479 WAITING_5
12:40:39.159 updates_per_collab.js:479 WAITING_7
12:40:39.160 updates_per_collab.js:479 WAITING_1
12:40:39.161 updates_per_collab.js:479 WAITING_6
12:40:39.162 updates_per_collab.js:458 UPDATE_8
12:40:40.140 updates_per_collab.js:479 WAITING_0
12:40:40.142 updates_per_collab.js:450 THINKING_8
12:40:41.145 updates_per_collab.js:479 WAITING_2
12:40:41.147 updates_per_collab.js:479 WAITING_3
12:40:41.149 updates_per_collab.js:479 WAITING_4
12:40:41.150 updates_per_collab.js:479 WAITING_5
12:40:41.152 updates_per_collab.js:479 WAITING_7
12:40:41.153 updates_per_collab.js:479 WAITING_1
12:40:41.154 updates_per_collab.js:479 WAITING_6
12:40:41.155 updates_per_collab.js:479 WAITING_0
12:40:43.145 updates_per_collab.js:479 WAITING_2
12:40:43.148 updates_per_collab.js:479 WAITING_3
12:40:43.150 updates_per_collab.js:479 WAITING_4
12:40:43.152 updates_per_collab.js:479 WAITING_5
12:40:43.153 updates_per_collab.js:479 WAITING_7
12:40:43.155 updates_per_collab.js:479 WAITING_1
12:40:43.156 updates_per_collab.js:479 WAITING_6
12:40:43.157 updates_per_collab.js:479 WAITING_0
12:40:45.149 updates_per_collab.js:479 WAITING_2
12:40:45.153 updates_per_collab.js:479 WAITING_3
12:40:45.155 updates_per_collab.js:479 WAITING_4
12:40:45.156 updates_per_collab.js:479 WAITING_5
12:40:45.157 updates_per_collab.js:479 WAITING_7
12:40:45.159 updates_per_collab.js:479 WAITING_1
12:40:45.160 updates_per_collab.js:479 WAITING_6
12:40:45.161 updates_per_collab.js:479 WAITING_0
12:40:45.162 updates_per_collab.js:458 UPDATE_8
12:40:46.151 updates_per_collab.js:439 FLOORRELEASED_8
12:40:47.152 updates_per_collab.js:479 WAITING_2
12:40:47.158 updates_per_collab.js:479 WAITING_3
12:40:47.159 updates_per_collab.js:479 WAITING_4
12:40:47.161 updates_per_collab.js:479 WAITING_5
12:40:47.163 updates_per_collab.js:479 WAITING_7
12:40:47.164 updates_per_collab.js:479 WAITING_1
12:40:47.165 updates_per_collab.js:479 WAITING_6
12:40:47.167 updates_per_collab.js:458 UPDATE_0
12:40:48.142 updates_per_collab.js:472 FLOORREQUESTED_8
12:40:48.147 updates_per_collab.js:439 FLOORRELEASED_0
12:40:49.144 updates_per_collab.js:479 WAITING_2
12:40:49.146 updates_per_collab.js:479 WAITING_3
12:40:49.147 updates_per_collab.js:479 WAITING_4
12:40:49.149 updates_per_collab.js:479 WAITING_5
12:40:49.150 updates_per_collab.js:479 WAITING_7
12:40:49.151 updates_per_collab.js:458 UPDATE_1
12:40:49.152 updates_per_collab.js:479 WAITING_6
12:40:50.147 updates_per_collab.js:479 WAITING_8
12:40:50.151 updates_per_collab.js:472 FLOORREQUESTED_0
12:40:50.153 updates_per_collab.js:450 THINKING_1
12:40:50.154 updates_per_collab.js:479 WAITING_2
12:40:51.151 updates_per_collab.js:479 WAITING_3
12:40:51.154 updates_per_collab.js:479 WAITING_4
12:40:51.155 updates_per_collab.js:479 WAITING_5
12:40:51.157 updates_per_collab.js:479 WAITING_7
12:40:51.159 updates_per_collab.js:479 WAITING_6
12:40:52.149 updates_per_collab.js:479 WAITING_8
12:40:52.154 updates_per_collab.js:479 WAITING_0
12:40:52.155 updates_per_collab.js:479 WAITING_2
12:40:53.169 updates_per_collab.js:479 WAITING_3
12:40:53.170 updates_per_collab.js:479 WAITING_4
12:40:53.172 updates_per_collab.js:479 WAITING_5
12:40:53.173 updates_per_collab.js:479 WAITING_7
12:40:53.175 updates_per_collab.js:479 WAITING_6
12:40:53.177 updates_per_collab.js:479 WAITING_8
12:40:53.178 updates_per_collab.js:479 WAITING_0
12:40:53.180 updates_per_collab.js:479 WAITING_2
12:40:54.140 updates_per_collab.js:458 UPDATE_1
12:40:55.144 updates_per_collab.js:479 WAITING_3
12:40:55.147 updates_per_collab.js:479 WAITING_4
12:40:55.149 updates_per_collab.js:479 WAITING_5
12:40:55.150 updates_per_collab.js:479 WAITING_7
12:40:55.151 updates_per_collab.js:479 WAITING_6
12:40:55.153 updates_per_collab.js:479 WAITING_8
12:40:55.154 updates_per_collab.js:479 WAITING_0
12:40:55.155 updates_per_collab.js:479 WAITING_2
12:40:55.157 updates_per_collab.js:450 THINKING_1
12:40:57.145 updates_per_collab.js:479 WAITING_3
12:40:57.147 updates_per_collab.js:479 WAITING_4
12:40:57.149 updates_per_collab.js:479 WAITING_5
12:40:57.150 updates_per_collab.js:479 WAITING_7
12:40:57.151 updates_per_collab.js:479 WAITING_6
12:40:57.152 updates_per_collab.js:479 WAITING_8
12:40:57.153 updates_per_collab.js:479 WAITING_0
12:40:57.154 updates_per_collab.js:479 WAITING_2
12:40:59.150 updates_per_collab.js:479 WAITING_3
12:40:59.153 updates_per_collab.js:479 WAITING_4
12:40:59.156 updates_per_collab.js:479 WAITING_5
12:40:59.157 updates_per_collab.js:479 WAITING_7
12:40:59.159 updates_per_collab.js:479 WAITING_6
12:40:59.160 updates_per_collab.js:479 WAITING_8
12:40:59.161 updates_per_collab.js:479 WAITING_0
12:40:59.162 updates_per_collab.js:479 WAITING_2
12:41:00.151 updates_per_collab.js:458 UPDATE_1
12:41:01.153 updates_per_collab.js:479 WAITING_3
12:41:01.157 updates_per_collab.js:479 WAITING_4
12:41:01.158 updates_per_collab.js:479 WAITING_5
12:41:01.160 updates_per_collab.js:479 WAITING_7
12:41:01.161 updates_per_collab.js:479 WAITING_6
12:41:01.162 updates_per_collab.js:479 WAITING_8
12:41:01.164 updates_per_collab.js:479 WAITING_0
12:41:01.165 updates_per_collab.js:479 WAITING_2
12:41:01.166 updates_per_collab.js:439 FLOORRELEASED_1
12:41:03.156 updates_per_collab.js:479 WAITING_3
12:41:03.158 updates_per_collab.js:479 WAITING_4
12:41:03.160 updates_per_collab.js:479 WAITING_5
12:41:03.161 updates_per_collab.js:479 WAITING_7
12:41:03.163 updates_per_collab.js:479 WAITING_6
12:41:03.164 updates_per_collab.js:479 WAITING_8
12:41:03.165 updates_per_collab.js:479 WAITING_0
12:41:03.165 updates_per_collab.js:458 UPDATE_2
12:41:03.166 updates_per_collab.js:472 FLOORREQUESTED_1
12:41:04.157 updates_per_collab.js:439 FLOORRELEASED_2
12:41:05.162 updates_per_collab.js:458 UPDATE_3
12:41:05.167 updates_per_collab.js:479 WAITING_4
12:41:05.170 updates_per_collab.js:479 WAITING_5
12:41:05.171 updates_per_collab.js:479 WAITING_7
12:41:05.173 updates_per_collab.js:479 WAITING_6
12:41:05.174 updates_per_collab.js:479 WAITING_8
12:41:05.175 updates_per_collab.js:479 WAITING_0
12:41:05.176 updates_per_collab.js:479 WAITING_1
12:41:06.140 updates_per_collab.js:472 FLOORREQUESTED_2
12:41:06.144 updates_per_collab.js:439 FLOORRELEASED_3
12:41:07.141 updates_per_collab.js:458 UPDATE_4
12:41:07.146 updates_per_collab.js:479 WAITING_5
12:41:07.147 updates_per_collab.js:479 WAITING_7
12:41:07.149 updates_per_collab.js:479 WAITING_6
12:41:07.150 updates_per_collab.js:479 WAITING_8
12:41:07.151 updates_per_collab.js:479 WAITING_0
12:41:07.153 updates_per_collab.js:479 WAITING_1
12:41:08.147 updates_per_collab.js:479 WAITING_2
12:41:08.149 updates_per_collab.js:472 FLOORREQUESTED_3
12:41:08.150 updates_per_collab.js:439 FLOORRELEASED_4
12:41:09.148 updates_per_collab.js:458 UPDATE_5
12:41:09.153 updates_per_collab.js:479 WAITING_7
12:41:09.155 updates_per_collab.js:479 WAITING_6
12:41:09.156 updates_per_collab.js:479 WAITING_8
12:41:09.157 updates_per_collab.js:479 WAITING_0
12:41:09.159 updates_per_collab.js:479 WAITING_1
12:41:10.149 updates_per_collab.js:479 WAITING_2
12:41:10.152 updates_per_collab.js:479 WAITING_3
12:41:10.155 updates_per_collab.js:472 FLOORREQUESTED_4
12:41:10.157 updates_per_collab.js:450 THINKING_5
12:41:11.150 updates_per_collab.js:479 WAITING_7
12:41:11.155 updates_per_collab.js:479 WAITING_6
12:41:11.160 updates_per_collab.js:479 WAITING_8
12:41:11.165 updates_per_collab.js:479 WAITING_0
12:41:11.168 updates_per_collab.js:479 WAITING_1
12:41:12.140 updates_per_collab.js:479 WAITING_2
12:41:12.144 updates_per_collab.js:479 WAITING_3
12:41:12.145 updates_per_collab.js:479 WAITING_4
12:41:13.141 updates_per_collab.js:479 WAITING_7
12:41:13.143 updates_per_collab.js:479 WAITING_6
12:41:13.144 updates_per_collab.js:479 WAITING_8
12:41:13.146 updates_per_collab.js:479 WAITING_0
12:41:13.147 updates_per_collab.js:479 WAITING_1
12:41:13.148 updates_per_collab.js:458 UPDATE_5
12:41:14.143 updates_per_collab.js:479 WAITING_2
12:41:14.147 updates_per_collab.js:479 WAITING_3
12:41:14.149 updates_per_collab.js:479 WAITING_4
12:41:14.151 updates_per_collab.js:439 FLOORRELEASED_5
12:41:14.152 updates_per_collab.js:479 WAITING_7
12:41:15.149 updates_per_collab.js:458 UPDATE_6
12:41:15.151 updates_per_collab.js:479 WAITING_8
12:41:15.155 updates_per_collab.js:479 WAITING_0
12:41:15.158 updates_per_collab.js:479 WAITING_1
12:41:15.159 updates_per_collab.js:479 WAITING_2
12:41:15.160 updates_per_collab.js:479 WAITING_3
12:41:16.148 updates_per_collab.js:479 WAITING_4
12:41:16.151 updates_per_collab.js:472 FLOORREQUESTED_5
12:41:16.153 updates_per_collab.js:479 WAITING_7
12:41:16.154 updates_per_collab.js:439 FLOORRELEASED_6
12:41:17.148 updates_per_collab.js:479 WAITING_8
12:41:17.150 updates_per_collab.js:479 WAITING_0
12:41:17.152 updates_per_collab.js:479 WAITING_1
12:41:17.154 updates_per_collab.js:479 WAITING_2
12:41:17.155 updates_per_collab.js:479 WAITING_3
12:41:18.152 updates_per_collab.js:479 WAITING_4
12:41:18.156 updates_per_collab.js:479 WAITING_5
12:41:18.159 updates_per_collab.js:458 UPDATE_7
12:41:18.162 updates_per_collab.js:472 FLOORREQUESTED_6
12:41:18.166 updates_per_collab.js:479 WAITING_8
12:41:19.155 updates_per_collab.js:479 WAITING_0
12:41:19.156 updates_per_collab.js:479 WAITING_1
12:41:19.158 updates_per_collab.js:479 WAITING_2
12:41:19.160 updates_per_collab.js:479 WAITING_3
12:41:19.162 updates_per_collab.js:439 FLOORRELEASED_7
12:41:20.138 updates_per_collab.js:479 WAITING_4
12:41:20.141 updates_per_collab.js:479 WAITING_5
12:41:20.143 updates_per_collab.js:479 WAITING_6
12:41:20.144 updates_per_collab.js:458 UPDATE_8
12:41:21.138 updates_per_collab.js:479 WAITING_0
12:41:21.144 updates_per_collab.js:479 WAITING_1
12:41:21.145 updates_per_collab.js:479 WAITING_2
12:41:21.147 updates_per_collab.js:479 WAITING_3
12:41:21.149 updates_per_collab.js:472 FLOORREQUESTED_7
12:41:21.150 updates_per_collab.js:450 THINKING_8
12:41:22.142 updates_per_collab.js:479 WAITING_4
12:41:22.147 updates_per_collab.js:479 WAITING_5
12:41:22.150 updates_per_collab.js:479 WAITING_6
12:41:23.143 updates_per_collab.js:479 WAITING_0
12:41:23.147 updates_per_collab.js:479 WAITING_1
12:41:23.149 updates_per_collab.js:479 WAITING_2
12:41:23.150 updates_per_collab.js:479 WAITING_3
12:41:23.151 updates_per_collab.js:479 WAITING_7
12:41:24.143 updates_per_collab.js:479 WAITING_4
12:41:24.149 updates_per_collab.js:479 WAITING_5
12:41:24.154 updates_per_collab.js:479 WAITING_6
12:41:25.146 updates_per_collab.js:479 WAITING_0
12:41:25.149 updates_per_collab.js:479 WAITING_1
12:41:25.150 updates_per_collab.js:479 WAITING_2
12:41:25.152 updates_per_collab.js:479 WAITING_3
12:41:25.153 updates_per_collab.js:479 WAITING_7
12:41:26.149 updates_per_collab.js:479 WAITING_4
12:41:26.154 updates_per_collab.js:479 WAITING_5
12:41:26.155 updates_per_collab.js:479 WAITING_6
12:41:26.157 updates_per_collab.js:458 UPDATE_8
12:41:27.150 updates_per_collab.js:479 WAITING_0
12:41:27.155 updates_per_collab.js:479 WAITING_1
12:41:27.157 updates_per_collab.js:479 WAITING_2
12:41:27.160 updates_per_collab.js:479 WAITING_3
12:41:27.162 updates_per_collab.js:479 WAITING_7
12:41:27.164 updates_per_collab.js:439 FLOORRELEASED_8
12:41:28.152 updates_per_collab.js:479 WAITING_4
12:41:28.154 updates_per_collab.js:479 WAITING_5
12:41:28.159 updates_per_collab.js:479 WAITING_6
12:41:29.140 updates_per_collab.js:458 UPDATE_0
12:41:29.145 updates_per_collab.js:479 WAITING_1
12:41:29.146 updates_per_collab.js:479 WAITING_2
12:41:29.148 updates_per_collab.js:479 WAITING_3
12:41:29.149 updates_per_collab.js:479 WAITING_7
12:41:29.151 updates_per_collab.js:472 FLOORREQUESTED_8
12:41:30.141 updates_per_collab.js:479 WAITING_4
12:41:30.142 updates_per_collab.js:479 WAITING_5
12:41:30.144 updates_per_collab.js:479 WAITING_6
12:41:30.146 updates_per_collab.js:450 THINKING_0
12:41:31.142 updates_per_collab.js:479 WAITING_1
12:41:31.146 updates_per_collab.js:479 WAITING_2
12:41:31.148 updates_per_collab.js:479 WAITING_3
12:41:31.150 updates_per_collab.js:479 WAITING_7
12:41:31.152 updates_per_collab.js:479 WAITING_8
12:41:32.149 updates_per_collab.js:479 WAITING_4
12:41:32.153 updates_per_collab.js:479 WAITING_5
12:41:32.154 updates_per_collab.js:479 WAITING_6
12:41:32.156 updates_per_collab.js:479 WAITING_1
12:41:32.157 updates_per_collab.js:479 WAITING_2
12:41:33.151 updates_per_collab.js:479 WAITING_3
12:41:33.154 updates_per_collab.js:479 WAITING_7
12:41:33.155 updates_per_collab.js:479 WAITING_8
12:41:33.157 updates_per_collab.js:458 UPDATE_0
12:41:34.152 updates_per_collab.js:479 WAITING_4
12:41:34.154 updates_per_collab.js:479 WAITING_5
12:41:34.157 updates_per_collab.js:479 WAITING_6
12:41:34.159 updates_per_collab.js:479 WAITING_1
12:41:34.160 updates_per_collab.js:479 WAITING_2
12:41:34.161 updates_per_collab.js:450 THINKING_0
12:41:35.143 updates_per_collab.js:479 WAITING_3
12:41:35.146 updates_per_collab.js:479 WAITING_7
12:41:35.148 updates_per_collab.js:479 WAITING_8
12:41:36.143 updates_per_collab.js:479 WAITING_4
12:41:36.148 updates_per_collab.js:479 WAITING_5
12:41:36.150 updates_per_collab.js:479 WAITING_6
12:41:36.151 updates_per_collab.js:479 WAITING_1
12:41:36.153 updates_per_collab.js:479 WAITING_2
12:41:37.148 updates_per_collab.js:479 WAITING_3
12:41:37.149 updates_per_collab.js:479 WAITING_7
12:41:37.151 updates_per_collab.js:479 WAITING_8
12:41:38.144 updates_per_collab.js:479 WAITING_4
12:41:38.147 updates_per_collab.js:479 WAITING_5
12:41:38.149 updates_per_collab.js:479 WAITING_6
12:41:38.151 updates_per_collab.js:479 WAITING_1
12:41:38.153 updates_per_collab.js:479 WAITING_2
12:41:39.137 updates_per_collab.js:479 WAITING_3
12:41:39.141 updates_per_collab.js:479 WAITING_7
12:41:39.143 updates_per_collab.js:479 WAITING_8
12:41:39.144 updates_per_collab.js:458 UPDATE_0
12:41:40.148 updates_per_collab.js:479 WAITING_4
12:41:40.153 updates_per_collab.js:479 WAITING_5
12:41:40.154 updates_per_collab.js:479 WAITING_6
12:41:40.155 updates_per_collab.js:479 WAITING_1
12:41:40.157 updates_per_collab.js:479 WAITING_2
12:41:40.158 updates_per_collab.js:439 FLOORRELEASED_0
12:41:40.159 updates_per_collab.js:479 WAITING_3
12:41:40.160 updates_per_collab.js:479 WAITING_7
12:41:40.161 updates_per_collab.js:479 WAITING_8
12:41:42.153 updates_per_collab.js:479 WAITING_4
12:41:42.158 updates_per_collab.js:479 WAITING_5
12:41:42.159 updates_per_collab.js:479 WAITING_6
12:41:42.161 updates_per_collab.js:458 UPDATE_1
12:41:42.162 updates_per_collab.js:479 WAITING_2
12:41:42.163 updates_per_collab.js:472 FLOORREQUESTED_0
12:41:42.164 updates_per_collab.js:479 WAITING_3
12:41:42.165 updates_per_collab.js:479 WAITING_7
12:41:42.166 updates_per_collab.js:479 WAITING_8
12:41:43.138 updates_per_collab.js:450 THINKING_1
12:41:44.140 updates_per_collab.js:479 WAITING_4
12:41:44.144 updates_per_collab.js:479 WAITING_5
12:41:44.146 updates_per_collab.js:479 WAITING_6
12:41:44.147 updates_per_collab.js:479 WAITING_2
12:41:44.148 updates_per_collab.js:479 WAITING_0
12:41:44.149 updates_per_collab.js:479 WAITING_3
12:41:44.150 updates_per_collab.js:479 WAITING_7
12:41:44.151 updates_per_collab.js:479 WAITING_8
12:41:45.144 updates_per_collab.js:479 WAITING_4
12:41:46.143 updates_per_collab.js:479 WAITING_5
12:41:46.150 updates_per_collab.js:479 WAITING_6
12:41:46.156 updates_per_collab.js:479 WAITING_2
12:41:46.164 updates_per_collab.js:479 WAITING_0
12:41:46.170 updates_per_collab.js:479 WAITING_3
12:41:46.175 updates_per_collab.js:479 WAITING_7
12:41:46.178 updates_per_collab.js:479 WAITING_8
12:41:46.184 updates_per_collab.js:458 UPDATE_1
12:41:47.146 updates_per_collab.js:479 WAITING_4
12:41:47.151 updates_per_collab.js:439 FLOORRELEASED_1
12:41:48.150 updates_per_collab.js:479 WAITING_5
12:41:48.159 updates_per_collab.js:479 WAITING_6
12:41:48.164 updates_per_collab.js:458 UPDATE_2
12:41:48.166 updates_per_collab.js:479 WAITING_0
12:41:48.168 updates_per_collab.js:479 WAITING_3
12:41:48.170 updates_per_collab.js:479 WAITING_7
12:41:48.171 updates_per_collab.js:479 WAITING_8
12:41:49.149 updates_per_collab.js:479 WAITING_4
12:41:49.153 updates_per_collab.js:472 FLOORREQUESTED_1
12:41:49.156 updates_per_collab.js:439 FLOORRELEASED_2
12:41:50.153 updates_per_collab.js:479 WAITING_5
12:41:50.162 updates_per_collab.js:479 WAITING_6
12:41:50.167 updates_per_collab.js:479 WAITING_0
12:41:50.170 updates_per_collab.js:458 UPDATE_3
12:41:50.172 updates_per_collab.js:479 WAITING_7
12:41:50.174 updates_per_collab.js:479 WAITING_8
12:41:50.176 updates_per_collab.js:479 WAITING_4
12:41:51.156 updates_per_collab.js:479 WAITING_1
12:41:51.157 updates_per_collab.js:472 FLOORREQUESTED_2
12:41:51.159 updates_per_collab.js:450 THINKING_3
12:41:52.154 updates_per_collab.js:479 WAITING_5
12:41:52.158 updates_per_collab.js:479 WAITING_6
12:41:52.159 updates_per_collab.js:479 WAITING_0
12:41:52.161 updates_per_collab.js:479 WAITING_7
12:41:52.162 updates_per_collab.js:479 WAITING_8
12:41:52.163 updates_per_collab.js:479 WAITING_4
12:41:53.137 updates_per_collab.js:479 WAITING_1
12:41:53.143 updates_per_collab.js:479 WAITING_2
12:41:54.157 updates_per_collab.js:479 WAITING_5
12:41:54.162 updates_per_collab.js:479 WAITING_6
12:41:54.165 updates_per_collab.js:479 WAITING_0
12:41:54.167 updates_per_collab.js:479 WAITING_7
12:41:54.169 updates_per_collab.js:479 WAITING_8
12:41:54.171 updates_per_collab.js:479 WAITING_4
12:41:54.172 updates_per_collab.js:479 WAITING_1
12:41:54.174 updates_per_collab.js:479 WAITING_2
12:41:56.141 updates_per_collab.js:479 WAITING_5
12:41:56.145 updates_per_collab.js:479 WAITING_6
12:41:56.146 updates_per_collab.js:479 WAITING_0
12:41:56.148 updates_per_collab.js:479 WAITING_7
12:41:56.149 updates_per_collab.js:479 WAITING_8
12:41:56.150 updates_per_collab.js:479 WAITING_4
12:41:56.151 updates_per_collab.js:479 WAITING_1
12:41:56.152 updates_per_collab.js:479 WAITING_2
12:41:56.153 updates_per_collab.js:458 UPDATE_3
12:41:57.141 updates_per_collab.js:439 FLOORRELEASED_3
12:41:58.142 updates_per_collab.js:479 WAITING_5
12:41:58.144 updates_per_collab.js:479 WAITING_6
12:41:58.146 updates_per_collab.js:479 WAITING_0
12:41:58.147 updates_per_collab.js:479 WAITING_7
12:41:58.149 updates_per_collab.js:479 WAITING_8
12:41:58.151 updates_per_collab.js:458 UPDATE_4
12:41:58.152 updates_per_collab.js:479 WAITING_1
12:41:58.153 updates_per_collab.js:479 WAITING_2
12:41:59.153 updates_per_collab.js:472 FLOORREQUESTED_3
12:41:59.155 updates_per_collab.js:439 FLOORRELEASED_4
12:41:59.157 updates_per_collab.js:458 UPDATE_5
12:41:59.159 updates_per_collab.js:479 WAITING_6
12:41:59.160 updates_per_collab.js:479 WAITING_0
12:41:59.161 updates_per_collab.js:479 WAITING_7
12:41:59.162 updates_per_collab.js:479 WAITING_8
12:42:00.149 updates_per_collab.js:479 WAITING_1
12:42:00.153 updates_per_collab.js:479 WAITING_2
12:42:00.156 updates_per_collab.js:450 THINKING_5
12:42:01.151 updates_per_collab.js:479 WAITING_3
12:42:01.156 updates_per_collab.js:472 FLOORREQUESTED_4
12:42:01.157 updates_per_collab.js:479 WAITING_6
12:42:01.159 updates_per_collab.js:479 WAITING_0
12:42:01.160 updates_per_collab.js:479 WAITING_7
12:42:01.162 updates_per_collab.js:479 WAITING_8
12:42:02.153 updates_per_collab.js:479 WAITING_1
12:42:02.156 updates_per_collab.js:479 WAITING_2
12:42:03.138 updates_per_collab.js:479 WAITING_3
12:42:03.141 updates_per_collab.js:479 WAITING_4
12:42:03.143 updates_per_collab.js:479 WAITING_6
12:42:03.144 updates_per_collab.js:479 WAITING_0
12:42:03.146 updates_per_collab.js:479 WAITING_7
12:42:03.147 updates_per_collab.js:479 WAITING_8
12:42:04.139 updates_per_collab.js:479 WAITING_1
12:42:04.142 updates_per_collab.js:479 WAITING_2
12:42:04.143 updates_per_collab.js:458 UPDATE_5
12:42:05.140 updates_per_collab.js:479 WAITING_3
12:42:05.146 updates_per_collab.js:479 WAITING_4
12:42:05.148 updates_per_collab.js:479 WAITING_6
12:42:05.149 updates_per_collab.js:479 WAITING_0
12:42:05.150 updates_per_collab.js:479 WAITING_7
12:42:05.152 updates_per_collab.js:479 WAITING_8
12:42:05.153 updates_per_collab.js:439 FLOORRELEASED_5
12:42:06.140 updates_per_collab.js:479 WAITING_1
12:42:06.143 updates_per_collab.js:479 WAITING_2
12:42:07.140 updates_per_collab.js:479 WAITING_3
12:42:07.145 updates_per_collab.js:479 WAITING_4
12:42:07.146 updates_per_collab.js:458 UPDATE_6
12:42:07.148 updates_per_collab.js:479 WAITING_0
12:42:07.149 updates_per_collab.js:479 WAITING_7
12:42:07.150 updates_per_collab.js:479 WAITING_8
12:42:07.151 updates_per_collab.js:472 FLOORREQUESTED_5
12:42:08.142 updates_per_collab.js:479 WAITING_1
12:42:08.147 updates_per_collab.js:479 WAITING_2
12:42:08.149 updates_per_collab.js:439 FLOORRELEASED_6
12:42:09.146 updates_per_collab.js:479 WAITING_3
12:42:09.150 updates_per_collab.js:479 WAITING_4
12:42:09.151 updates_per_collab.js:479 WAITING_0
12:42:09.153 updates_per_collab.js:458 UPDATE_7
12:42:09.154 updates_per_collab.js:479 WAITING_8
12:42:09.155 updates_per_collab.js:479 WAITING_5
12:42:10.149 updates_per_collab.js:479 WAITING_1
12:42:10.154 updates_per_collab.js:479 WAITING_2
12:42:10.158 updates_per_collab.js:472 FLOORREQUESTED_6
12:42:10.162 updates_per_collab.js:439 FLOORRELEASED_7
12:42:11.151 updates_per_collab.js:479 WAITING_3
12:42:11.155 updates_per_collab.js:479 WAITING_4
12:42:11.157 updates_per_collab.js:479 WAITING_0
12:42:11.158 updates_per_collab.js:458 UPDATE_8
12:42:11.159 updates_per_collab.js:479 WAITING_5
12:42:12.146 updates_per_collab.js:479 WAITING_1
12:42:12.149 updates_per_collab.js:479 WAITING_2
12:42:12.150 updates_per_collab.js:479 WAITING_6
12:42:12.152 updates_per_collab.js:472 FLOORREQUESTED_7
12:42:12.153 updates_per_collab.js:439 FLOORRELEASED_8
12:42:13.138 updates_per_collab.js:479 WAITING_3
12:42:13.146 updates_per_collab.js:479 WAITING_4
12:42:13.150 updates_per_collab.js:458 UPDATE_0
12:42:13.154 updates_per_collab.js:479 WAITING_5
12:42:14.138 updates_per_collab.js:479 WAITING_1
12:42:14.143 updates_per_collab.js:479 WAITING_2
12:42:14.148 updates_per_collab.js:479 WAITING_6
12:42:14.152 updates_per_collab.js:479 WAITING_7
12:42:14.156 updates_per_collab.js:472 FLOORREQUESTED_8
12:42:14.159 updates_per_collab.js:450 THINKING_0
12:42:15.139 updates_per_collab.js:479 WAITING_3
12:42:15.144 updates_per_collab.js:479 WAITING_4
12:42:15.149 updates_per_collab.js:479 WAITING_5
12:42:16.140 updates_per_collab.js:479 WAITING_1
12:42:16.145 updates_per_collab.js:479 WAITING_2
12:42:16.150 updates_per_collab.js:479 WAITING_6
12:42:16.153 updates_per_collab.js:479 WAITING_7
12:42:16.158 updates_per_collab.js:479 WAITING_8
12:42:17.143 updates_per_collab.js:479 WAITING_3
12:42:17.148 updates_per_collab.js:479 WAITING_4
12:42:17.153 updates_per_collab.js:479 WAITING_5
12:42:17.156 updates_per_collab.js:458 UPDATE_0
12:42:18.146 updates_per_collab.js:479 WAITING_1
12:42:18.148 updates_per_collab.js:479 WAITING_2
12:42:18.150 updates_per_collab.js:479 WAITING_6
12:42:18.152 updates_per_collab.js:479 WAITING_7
12:42:18.153 updates_per_collab.js:479 WAITING_8
12:42:18.154 updates_per_collab.js:439 FLOORRELEASED_0
12:42:19.148 updates_per_collab.js:479 WAITING_3
12:42:19.149 updates_per_collab.js:479 WAITING_4
12:42:19.151 updates_per_collab.js:479 WAITING_5
12:42:20.149 updates_per_collab.js:458 UPDATE_1
12:42:20.153 updates_per_collab.js:479 WAITING_2
12:42:20.156 updates_per_collab.js:479 WAITING_6
12:42:20.157 updates_per_collab.js:479 WAITING_7
12:42:20.159 updates_per_collab.js:479 WAITING_8
12:42:20.160 updates_per_collab.js:472 FLOORREQUESTED_0
12:42:21.153 updates_per_collab.js:479 WAITING_3
12:42:21.160 updates_per_collab.js:479 WAITING_4
12:42:21.165 updates_per_collab.js:479 WAITING_5
12:42:21.170 updates_per_collab.js:450 THINKING_1
12:42:22.143 updates_per_collab.js:479 WAITING_2
12:42:22.145 updates_per_collab.js:479 WAITING_6
12:42:22.147 updates_per_collab.js:479 WAITING_7
12:42:22.148 updates_per_collab.js:479 WAITING_8
12:42:22.150 updates_per_collab.js:479 WAITING_0
12:42:23.147 updates_per_collab.js:479 WAITING_3
12:42:23.152 updates_per_collab.js:479 WAITING_4
12:42:23.157 updates_per_collab.js:479 WAITING_5
12:42:23.159 updates_per_collab.js:479 WAITING_2
12:42:23.161 updates_per_collab.js:479 WAITING_6
12:42:24.142 updates_per_collab.js:479 WAITING_7
12:42:24.144 updates_per_collab.js:479 WAITING_8
12:42:24.145 updates_per_collab.js:479 WAITING_0
12:42:24.147 updates_per_collab.js:458 UPDATE_1
12:42:25.151 updates_per_collab.js:479 WAITING_3
12:42:25.158 updates_per_collab.js:479 WAITING_4
12:42:25.163 updates_per_collab.js:479 WAITING_5
12:42:25.167 updates_per_collab.js:479 WAITING_2
12:42:25.170 updates_per_collab.js:479 WAITING_6
12:42:25.173 updates_per_collab.js:450 THINKING_1
12:42:25.176 updates_per_collab.js:479 WAITING_7
12:42:25.178 updates_per_collab.js:479 WAITING_8
12:42:25.180 updates_per_collab.js:479 WAITING_0
12:42:27.139 updates_per_collab.js:479 WAITING_3
12:42:27.143 updates_per_collab.js:479 WAITING_4
12:42:27.154 updates_per_collab.js:479 WAITING_5
12:42:27.158 updates_per_collab.js:479 WAITING_2
12:42:27.161 updates_per_collab.js:479 WAITING_6
12:42:27.164 updates_per_collab.js:479 WAITING_7
12:42:27.166 updates_per_collab.js:479 WAITING_8
12:42:27.169 updates_per_collab.js:479 WAITING_0
12:42:29.141 updates_per_collab.js:479 WAITING_3
12:42:29.146 updates_per_collab.js:479 WAITING_4
12:42:29.150 updates_per_collab.js:479 WAITING_5
12:42:29.156 updates_per_collab.js:479 WAITING_2
12:42:29.161 updates_per_collab.js:479 WAITING_6
12:42:29.163 updates_per_collab.js:479 WAITING_7
12:42:29.166 updates_per_collab.js:479 WAITING_8
12:42:29.167 updates_per_collab.js:479 WAITING_0
12:42:30.145 updates_per_collab.js:458 UPDATE_1
12:42:31.146 updates_per_collab.js:479 WAITING_3
12:42:31.150 updates_per_collab.js:479 WAITING_4
12:42:31.151 updates_per_collab.js:479 WAITING_5
12:42:31.153 updates_per_collab.js:479 WAITING_2
12:42:31.154 updates_per_collab.js:479 WAITING_6
12:42:31.155 updates_per_collab.js:479 WAITING_7
12:42:31.157 updates_per_collab.js:479 WAITING_8
12:42:31.158 updates_per_collab.js:479 WAITING_0
12:42:31.159 updates_per_collab.js:450 THINKING_1
12:42:33.148 updates_per_collab.js:479 WAITING_3
12:42:33.152 updates_per_collab.js:479 WAITING_4
12:42:33.154 updates_per_collab.js:479 WAITING_5
12:42:33.156 updates_per_collab.js:479 WAITING_2
12:42:33.157 updates_per_collab.js:479 WAITING_6
12:42:33.159 updates_per_collab.js:479 WAITING_7
12:42:33.160 updates_per_collab.js:479 WAITING_8
12:42:33.161 updates_per_collab.js:479 WAITING_0
12:42:35.153 updates_per_collab.js:479 WAITING_3
12:42:35.157 updates_per_collab.js:479 WAITING_4
12:42:35.158 updates_per_collab.js:479 WAITING_5
12:42:35.159 updates_per_collab.js:479 WAITING_2
12:42:35.161 updates_per_collab.js:479 WAITING_6
12:42:35.162 updates_per_collab.js:479 WAITING_7
12:42:35.163 updates_per_collab.js:479 WAITING_8
12:42:35.164 updates_per_collab.js:479 WAITING_0
12:42:36.140 updates_per_collab.js:458 UPDATE_1
12:42:37.143 updates_per_collab.js:479 WAITING_3
12:42:37.146 updates_per_collab.js:479 WAITING_4
12:42:37.148 updates_per_collab.js:479 WAITING_5
12:42:37.149 updates_per_collab.js:479 WAITING_2
12:42:37.151 updates_per_collab.js:479 WAITING_6
12:42:37.152 updates_per_collab.js:479 WAITING_7
12:42:37.153 updates_per_collab.js:479 WAITING_8
12:42:37.154 updates_per_collab.js:479 WAITING_0
12:42:37.155 updates_per_collab.js:439 FLOORRELEASED_1
12:42:39.145 updates_per_collab.js:479 WAITING_3
12:42:39.150 updates_per_collab.js:479 WAITING_4
12:42:39.151 updates_per_collab.js:479 WAITING_5
12:42:39.153 updates_per_collab.js:458 UPDATE_2
12:42:39.154 updates_per_collab.js:479 WAITING_6
12:42:39.155 updates_per_collab.js:479 WAITING_7
12:42:39.156 updates_per_collab.js:479 WAITING_8
12:42:39.157 updates_per_collab.js:479 WAITING_0
12:42:39.158 updates_per_collab.js:472 FLOORREQUESTED_1
12:42:40.145 updates_per_collab.js:450 THINKING_2
12:42:41.147 updates_per_collab.js:479 WAITING_3
12:42:41.153 updates_per_collab.js:479 WAITING_4
12:42:41.157 updates_per_collab.js:479 WAITING_5
12:42:41.161 updates_per_collab.js:479 WAITING_6
12:42:41.166 updates_per_collab.js:479 WAITING_7
12:42:41.169 updates_per_collab.js:479 WAITING_8
12:42:41.172 updates_per_collab.js:479 WAITING_0
12:42:41.175 updates_per_collab.js:479 WAITING_1
12:42:43.149 updates_per_collab.js:479 WAITING_3
12:42:43.151 updates_per_collab.js:479 WAITING_4
12:42:43.153 updates_per_collab.js:479 WAITING_5
12:42:43.157 updates_per_collab.js:479 WAITING_6
12:42:43.159 updates_per_collab.js:479 WAITING_7
12:42:43.160 updates_per_collab.js:479 WAITING_8
12:42:43.162 updates_per_collab.js:479 WAITING_0
12:42:43.163 updates_per_collab.js:479 WAITING_1
12:42:43.165 updates_per_collab.js:458 UPDATE_2
12:42:44.155 updates_per_collab.js:439 FLOORRELEASED_2
12:42:44.161 updates_per_collab.js:458 UPDATE_3
12:42:44.166 updates_per_collab.js:479 WAITING_4
12:42:45.155 updates_per_collab.js:479 WAITING_5
12:42:45.158 updates_per_collab.js:479 WAITING_6
12:42:45.161 updates_per_collab.js:479 WAITING_7
12:42:45.164 updates_per_collab.js:479 WAITING_8
12:42:45.166 updates_per_collab.js:479 WAITING_0
12:42:45.168 updates_per_collab.js:479 WAITING_1
12:42:45.170 updates_per_collab.js:439 FLOORRELEASED_3
12:42:46.154 updates_per_collab.js:472 FLOORREQUESTED_2
12:42:46.158 updates_per_collab.js:458 UPDATE_4
12:42:47.161 updates_per_collab.js:479 WAITING_5
12:42:47.163 updates_per_collab.js:479 WAITING_6
12:42:47.165 updates_per_collab.js:479 WAITING_7
12:42:47.167 updates_per_collab.js:479 WAITING_8
12:42:47.169 updates_per_collab.js:479 WAITING_0
12:42:47.171 updates_per_collab.js:479 WAITING_1
12:42:47.172 updates_per_collab.js:472 FLOORREQUESTED_3
12:42:47.173 updates_per_collab.js:439 FLOORRELEASED_4
12:42:47.175 updates_per_collab.js:479 WAITING_2
12:42:49.142 updates_per_collab.js:458 UPDATE_5
12:42:49.147 updates_per_collab.js:479 WAITING_6
12:42:49.148 updates_per_collab.js:479 WAITING_7
12:42:49.150 updates_per_collab.js:479 WAITING_8
12:42:49.151 updates_per_collab.js:479 WAITING_0
12:42:49.153 updates_per_collab.js:479 WAITING_1
12:42:49.153 updates_per_collab.js:479 WAITING_3
12:42:49.154 updates_per_collab.js:472 FLOORREQUESTED_4
12:42:49.155 updates_per_collab.js:479 WAITING_2
12:42:50.142 updates_per_collab.js:450 THINKING_5
12:42:51.146 updates_per_collab.js:479 WAITING_6
12:42:51.151 updates_per_collab.js:479 WAITING_7
12:42:51.154 updates_per_collab.js:479 WAITING_8
12:42:51.158 updates_per_collab.js:479 WAITING_0
12:42:51.161 updates_per_collab.js:479 WAITING_1
12:42:51.163 updates_per_collab.js:479 WAITING_3
12:42:51.164 updates_per_collab.js:479 WAITING_4
12:42:51.167 updates_per_collab.js:479 WAITING_2
12:42:53.147 updates_per_collab.js:479 WAITING_6
12:42:53.154 updates_per_collab.js:479 WAITING_7
12:42:53.158 updates_per_collab.js:479 WAITING_8
12:42:53.162 updates_per_collab.js:479 WAITING_0
12:42:53.165 updates_per_collab.js:479 WAITING_1
12:42:53.167 updates_per_collab.js:479 WAITING_3
12:42:53.169 updates_per_collab.js:479 WAITING_4
12:42:53.170 updates_per_collab.js:479 WAITING_2
12:42:55.150 updates_per_collab.js:479 WAITING_6
12:42:55.155 updates_per_collab.js:479 WAITING_7
12:42:55.157 updates_per_collab.js:479 WAITING_8
12:42:55.159 updates_per_collab.js:479 WAITING_0
12:42:55.161 updates_per_collab.js:479 WAITING_1
12:42:55.162 updates_per_collab.js:479 WAITING_3
12:42:55.164 updates_per_collab.js:479 WAITING_4
12:42:55.165 updates_per_collab.js:479 WAITING_2
12:42:55.166 updates_per_collab.js:458 UPDATE_5
12:42:56.151 updates_per_collab.js:450 THINKING_5
12:42:57.154 updates_per_collab.js:479 WAITING_6
12:42:57.158 updates_per_collab.js:479 WAITING_7
12:42:57.159 updates_per_collab.js:479 WAITING_8
12:42:57.161 updates_per_collab.js:479 WAITING_0
12:42:57.162 updates_per_collab.js:479 WAITING_1
12:42:57.164 updates_per_collab.js:479 WAITING_3
12:42:57.165 updates_per_collab.js:479 WAITING_4
12:42:57.167 updates_per_collab.js:479 WAITING_2
12:42:59.142 updates_per_collab.js:479 WAITING_6
12:42:59.146 updates_per_collab.js:479 WAITING_7
12:42:59.147 updates_per_collab.js:479 WAITING_8
12:42:59.149 updates_per_collab.js:479 WAITING_0
12:42:59.149 updates_per_collab.js:479 WAITING_1
12:42:59.150 updates_per_collab.js:479 WAITING_3
12:42:59.151 updates_per_collab.js:479 WAITING_4
12:42:59.152 updates_per_collab.js:479 WAITING_2
12:42:59.153 updates_per_collab.js:458 UPDATE_5
12:43:00.145 updates_per_collab.js:439 FLOORRELEASED_5
12:43:01.148 updates_per_collab.js:458 UPDATE_6
12:43:01.150 updates_per_collab.js:479 WAITING_7
12:43:01.152 updates_per_collab.js:479 WAITING_8
12:43:01.153 updates_per_collab.js:479 WAITING_0
12:43:01.155 updates_per_collab.js:479 WAITING_1
12:43:01.156 updates_per_collab.js:479 WAITING_3
12:43:01.157 updates_per_collab.js:479 WAITING_4
12:43:01.158 updates_per_collab.js:479 WAITING_2
12:43:02.149 updates_per_collab.js:472 FLOORREQUESTED_5
12:43:02.151 updates_per_collab.js:439 FLOORRELEASED_6
12:43:03.151 updates_per_collab.js:458 UPDATE_7
12:43:03.156 updates_per_collab.js:479 WAITING_8
12:43:03.157 updates_per_collab.js:479 WAITING_0
12:43:03.159 updates_per_collab.js:479 WAITING_1
12:43:03.161 updates_per_collab.js:479 WAITING_3
12:43:03.162 updates_per_collab.js:479 WAITING_4
12:43:03.163 updates_per_collab.js:479 WAITING_2
12:43:04.153 updates_per_collab.js:479 WAITING_5
12:43:04.157 updates_per_collab.js:472 FLOORREQUESTED_6
12:43:04.160 updates_per_collab.js:450 THINKING_7
12:43:05.153 updates_per_collab.js:479 WAITING_8
12:43:05.158 updates_per_collab.js:479 WAITING_0
12:43:05.160 updates_per_collab.js:479 WAITING_1
12:43:05.162 updates_per_collab.js:479 WAITING_3
12:43:05.164 updates_per_collab.js:479 WAITING_4
12:43:05.166 updates_per_collab.js:479 WAITING_2
12:43:06.141 updates_per_collab.js:479 WAITING_5
12:43:06.146 updates_per_collab.js:479 WAITING_6
12:43:07.145 updates_per_collab.js:479 WAITING_8
12:43:07.147 updates_per_collab.js:479 WAITING_0
12:43:07.150 updates_per_collab.js:479 WAITING_1
12:43:07.152 updates_per_collab.js:479 WAITING_3
12:43:07.154 updates_per_collab.js:479 WAITING_4
12:43:07.156 updates_per_collab.js:479 WAITING_2
12:43:07.157 updates_per_collab.js:458 UPDATE_7
12:43:08.143 updates_per_collab.js:479 WAITING_5
12:43:08.147 updates_per_collab.js:479 WAITING_6
12:43:08.149 updates_per_collab.js:439 FLOORRELEASED_7
12:43:09.147 updates_per_collab.js:458 UPDATE_8
12:43:09.151 updates_per_collab.js:479 WAITING_0
12:43:09.153 updates_per_collab.js:479 WAITING_1
12:43:09.154 updates_per_collab.js:479 WAITING_3
12:43:09.155 updates_per_collab.js:479 WAITING_4
12:43:09.157 updates_per_collab.js:479 WAITING_2
12:43:10.149 updates_per_collab.js:479 WAITING_5
12:43:10.151 updates_per_collab.js:479 WAITING_6
12:43:10.153 updates_per_collab.js:472 FLOORREQUESTED_7
12:43:10.154 updates_per_collab.js:450 THINKING_8
12:43:11.150 updates_per_collab.js:479 WAITING_0
12:43:11.155 updates_per_collab.js:479 WAITING_1
12:43:11.160 updates_per_collab.js:479 WAITING_3
12:43:11.166 updates_per_collab.js:479 WAITING_4
12:43:11.169 updates_per_collab.js:479 WAITING_2
12:43:12.151 updates_per_collab.js:479 WAITING_5
12:43:12.155 updates_per_collab.js:479 WAITING_6
12:43:12.156 updates_per_collab.js:479 WAITING_7
12:43:13.154 updates_per_collab.js:479 WAITING_0
12:43:13.158 updates_per_collab.js:479 WAITING_1
12:43:13.160 updates_per_collab.js:479 WAITING_3
12:43:13.161 updates_per_collab.js:479 WAITING_4
12:43:13.163 updates_per_collab.js:479 WAITING_2
12:43:14.139 updates_per_collab.js:479 WAITING_5
12:43:14.143 updates_per_collab.js:479 WAITING_6
12:43:14.144 updates_per_collab.js:479 WAITING_7
12:43:14.145 updates_per_collab.js:458 UPDATE_8
12:43:15.143 updates_per_collab.js:479 WAITING_0
12:43:15.146 updates_per_collab.js:479 WAITING_1
12:43:15.148 updates_per_collab.js:479 WAITING_3
12:43:15.150 updates_per_collab.js:479 WAITING_4
12:43:15.151 updates_per_collab.js:479 WAITING_2
12:43:15.152 updates_per_collab.js:439 FLOORRELEASED_8
12:43:16.144 updates_per_collab.js:479 WAITING_5
12:43:16.148 updates_per_collab.js:479 WAITING_6
12:43:16.150 updates_per_collab.js:479 WAITING_7
12:43:17.139 updates_per_collab.js:458 UPDATE_0
12:43:17.145 updates_per_collab.js:479 WAITING_1
12:43:17.147 updates_per_collab.js:479 WAITING_3
12:43:17.149 updates_per_collab.js:479 WAITING_4
12:43:17.150 updates_per_collab.js:479 WAITING_2
12:43:17.152 updates_per_collab.js:472 FLOORREQUESTED_8
12:43:18.148 updates_per_collab.js:479 WAITING_5
12:43:18.153 updates_per_collab.js:479 WAITING_6
12:43:18.154 updates_per_collab.js:479 WAITING_7
12:43:18.155 updates_per_collab.js:439 FLOORRELEASED_0
12:43:18.156 updates_per_collab.js:458 UPDATE_1
12:43:19.150 updates_per_collab.js:479 WAITING_3
12:43:19.153 updates_per_collab.js:479 WAITING_4
12:43:19.154 updates_per_collab.js:479 WAITING_2
12:43:19.155 updates_per_collab.js:479 WAITING_8
12:43:19.157 updates_per_collab.js:450 THINKING_1
12:43:20.153 updates_per_collab.js:479 WAITING_5
12:43:20.157 updates_per_collab.js:479 WAITING_6
12:43:20.158 updates_per_collab.js:479 WAITING_7
12:43:20.159 updates_per_collab.js:472 FLOORREQUESTED_0
12:43:21.145 updates_per_collab.js:479 WAITING_3
12:43:21.148 updates_per_collab.js:479 WAITING_4
12:43:21.149 updates_per_collab.js:479 WAITING_2
12:43:21.150 updates_per_collab.js:479 WAITING_8
12:43:22.144 updates_per_collab.js:479 WAITING_5
12:43:22.147 updates_per_collab.js:479 WAITING_6
12:43:22.150 updates_per_collab.js:479 WAITING_7
12:43:22.153 updates_per_collab.js:479 WAITING_0
12:43:22.155 updates_per_collab.js:458 UPDATE_1
12:43:23.143 updates_per_collab.js:479 WAITING_3
12:43:23.148 updates_per_collab.js:479 WAITING_4
12:43:23.149 updates_per_collab.js:479 WAITING_2
12:43:23.150 updates_per_collab.js:479 WAITING_8
12:43:23.152 updates_per_collab.js:439 FLOORRELEASED_1
12:43:24.146 updates_per_collab.js:479 WAITING_5
12:43:24.149 updates_per_collab.js:479 WAITING_6
12:43:24.150 updates_per_collab.js:479 WAITING_7
12:43:24.152 updates_per_collab.js:479 WAITING_0
12:43:25.147 updates_per_collab.js:479 WAITING_3
12:43:25.149 updates_per_collab.js:479 WAITING_4
12:43:25.151 updates_per_collab.js:458 UPDATE_2
12:43:25.152 updates_per_collab.js:479 WAITING_8
12:43:25.154 updates_per_collab.js:472 FLOORREQUESTED_1
12:43:26.155 updates_per_collab.js:479 WAITING_5
12:43:26.159 updates_per_collab.js:479 WAITING_6
12:43:26.162 updates_per_collab.js:479 WAITING_7
12:43:26.165 updates_per_collab.js:479 WAITING_0
12:43:26.167 updates_per_collab.js:439 FLOORRELEASED_2
12:43:26.169 updates_per_collab.js:458 UPDATE_3
12:43:26.171 updates_per_collab.js:479 WAITING_4
12:43:26.173 updates_per_collab.js:479 WAITING_8
12:43:26.174 updates_per_collab.js:479 WAITING_1
12:43:27.151 updates_per_collab.js:439 FLOORRELEASED_3
12:43:28.152 updates_per_collab.js:479 WAITING_5
12:43:28.154 updates_per_collab.js:479 WAITING_6
12:43:28.156 updates_per_collab.js:479 WAITING_7
12:43:28.158 updates_per_collab.js:479 WAITING_0
12:43:28.159 updates_per_collab.js:472 FLOORREQUESTED_2
12:43:28.162 updates_per_collab.js:458 UPDATE_4
12:43:28.164 updates_per_collab.js:479 WAITING_8
12:43:28.168 updates_per_collab.js:479 WAITING_1
12:43:29.139 updates_per_collab.js:472 FLOORREQUESTED_3
12:43:29.142 updates_per_collab.js:439 FLOORRELEASED_4
12:43:30.141 updates_per_collab.js:458 UPDATE_5
12:43:30.144 updates_per_collab.js:479 WAITING_6
12:43:30.146 updates_per_collab.js:479 WAITING_7
12:43:30.147 updates_per_collab.js:479 WAITING_0
12:43:30.149 updates_per_collab.js:479 WAITING_2
12:43:30.150 updates_per_collab.js:479 WAITING_8
12:43:30.151 updates_per_collab.js:479 WAITING_1
12:43:31.144 updates_per_collab.js:479 WAITING_3
12:43:31.147 updates_per_collab.js:472 FLOORREQUESTED_4
12:43:31.149 updates_per_collab.js:450 THINKING_5
12:43:32.145 updates_per_collab.js:479 WAITING_6
12:43:32.149 updates_per_collab.js:479 WAITING_7
12:43:32.151 updates_per_collab.js:479 WAITING_0
12:43:32.152 updates_per_collab.js:479 WAITING_2
12:43:32.153 updates_per_collab.js:479 WAITING_8
12:43:32.155 updates_per_collab.js:479 WAITING_1
12:43:33.146 updates_per_collab.js:479 WAITING_3
12:43:33.150 updates_per_collab.js:479 WAITING_4
12:43:34.150 updates_per_collab.js:479 WAITING_6
12:43:34.154 updates_per_collab.js:479 WAITING_7
12:43:34.156 updates_per_collab.js:479 WAITING_0
12:43:34.157 updates_per_collab.js:479 WAITING_2
12:43:34.158 updates_per_collab.js:479 WAITING_8
12:43:34.159 updates_per_collab.js:479 WAITING_1
12:43:35.152 updates_per_collab.js:479 WAITING_3
12:43:35.156 updates_per_collab.js:479 WAITING_4
12:43:36.154 updates_per_collab.js:479 WAITING_6
12:43:36.158 updates_per_collab.js:479 WAITING_7
12:43:36.159 updates_per_collab.js:479 WAITING_0
12:43:36.161 updates_per_collab.js:479 WAITING_2
12:43:36.162 updates_per_collab.js:479 WAITING_8
12:43:36.163 updates_per_collab.js:479 WAITING_1
12:43:36.165 updates_per_collab.js:458 UPDATE_5
12:43:37.155 updates_per_collab.js:479 WAITING_3
12:43:37.158 updates_per_collab.js:479 WAITING_4
12:43:37.159 updates_per_collab.js:439 FLOORRELEASED_5
12:43:38.156 updates_per_collab.js:458 UPDATE_6
12:43:38.162 updates_per_collab.js:479 WAITING_7
12:43:38.164 updates_per_collab.js:479 WAITING_0
12:43:38.166 updates_per_collab.js:479 WAITING_2
12:43:38.167 updates_per_collab.js:479 WAITING_8
12:43:38.168 updates_per_collab.js:479 WAITING_1
12:43:39.157 updates_per_collab.js:479 WAITING_3
12:43:39.161 updates_per_collab.js:479 WAITING_4
12:43:39.163 updates_per_collab.js:472 FLOORREQUESTED_5
12:43:39.165 updates_per_collab.js:439 FLOORRELEASED_6
12:43:40.138 updates_per_collab.js:458 UPDATE_7
12:43:40.141 updates_per_collab.js:479 WAITING_0
12:43:40.143 updates_per_collab.js:479 WAITING_2
12:43:40.145 updates_per_collab.js:479 WAITING_8
12:43:40.146 updates_per_collab.js:479 WAITING_1
12:43:41.141 updates_per_collab.js:479 WAITING_3
12:43:41.144 updates_per_collab.js:479 WAITING_4
12:43:41.146 updates_per_collab.js:479 WAITING_5
12:43:41.147 updates_per_collab.js:472 FLOORREQUESTED_6
12:43:41.148 updates_per_collab.js:450 THINKING_7
12:43:42.143 updates_per_collab.js:479 WAITING_0
12:43:42.146 updates_per_collab.js:479 WAITING_2
12:43:42.148 updates_per_collab.js:479 WAITING_8
12:43:42.149 updates_per_collab.js:479 WAITING_1
12:43:43.142 updates_per_collab.js:479 WAITING_3
12:43:43.146 updates_per_collab.js:479 WAITING_4
12:43:43.148 updates_per_collab.js:479 WAITING_5
12:43:43.149 updates_per_collab.js:479 WAITING_6
12:43:44.143 updates_per_collab.js:479 WAITING_0
12:43:44.147 updates_per_collab.js:479 WAITING_2
12:43:44.149 updates_per_collab.js:479 WAITING_8
12:43:44.150 updates_per_collab.js:479 WAITING_1
12:43:45.146 updates_per_collab.js:479 WAITING_3
12:43:45.150 updates_per_collab.js:479 WAITING_4
12:43:45.151 updates_per_collab.js:479 WAITING_5
12:43:45.152 updates_per_collab.js:479 WAITING_6
12:43:46.146 updates_per_collab.js:479 WAITING_0
12:43:46.150 updates_per_collab.js:479 WAITING_2
12:43:46.152 updates_per_collab.js:479 WAITING_8
12:43:46.153 updates_per_collab.js:479 WAITING_1
12:43:46.155 updates_per_collab.js:458 UPDATE_7
12:43:47.151 updates_per_collab.js:479 WAITING_3
12:43:47.155 updates_per_collab.js:479 WAITING_4
12:43:47.157 updates_per_collab.js:479 WAITING_5
12:43:47.158 updates_per_collab.js:479 WAITING_6
12:43:47.160 updates_per_collab.js:439 FLOORRELEASED_7
12:43:47.161 updates_per_collab.js:479 WAITING_0
12:43:48.154 updates_per_collab.js:479 WAITING_2
12:43:48.157 updates_per_collab.js:458 UPDATE_8
12:43:48.159 updates_per_collab.js:479 WAITING_1
12:43:49.139 updates_per_collab.js:479 WAITING_3
12:43:49.149 updates_per_collab.js:479 WAITING_4
12:43:49.156 updates_per_collab.js:479 WAITING_5
12:43:49.159 updates_per_collab.js:479 WAITING_6
12:43:49.161 updates_per_collab.js:472 FLOORREQUESTED_7
12:43:49.163 updates_per_collab.js:479 WAITING_0
12:43:49.164 updates_per_collab.js:439 FLOORRELEASED_8
12:43:50.143 updates_per_collab.js:479 WAITING_2
12:43:50.153 updates_per_collab.js:479 WAITING_1
12:43:51.142 updates_per_collab.js:479 WAITING_3
12:43:51.145 updates_per_collab.js:479 WAITING_4
12:43:51.147 updates_per_collab.js:479 WAITING_5
12:43:51.149 updates_per_collab.js:479 WAITING_6
12:43:51.150 updates_per_collab.js:479 WAITING_7
12:43:51.152 updates_per_collab.js:458 UPDATE_0
12:43:51.153 updates_per_collab.js:472 FLOORREQUESTED_8
12:43:52.144 updates_per_collab.js:479 WAITING_2
12:43:52.151 updates_per_collab.js:479 WAITING_1
12:43:52.158 updates_per_collab.js:450 THINKING_0
12:43:53.143 updates_per_collab.js:479 WAITING_3
12:43:53.149 updates_per_collab.js:479 WAITING_4
12:43:53.156 updates_per_collab.js:479 WAITING_5
12:43:53.159 updates_per_collab.js:479 WAITING_6
12:43:53.164 updates_per_collab.js:479 WAITING_7
12:43:53.168 updates_per_collab.js:479 WAITING_8
12:43:54.147 updates_per_collab.js:479 WAITING_2
12:43:54.150 updates_per_collab.js:479 WAITING_1
12:43:55.139 updates_per_collab.js:479 WAITING_3
12:43:55.143 updates_per_collab.js:479 WAITING_4
12:43:55.144 updates_per_collab.js:479 WAITING_5
12:43:55.146 updates_per_collab.js:479 WAITING_6
12:43:55.147 updates_per_collab.js:479 WAITING_7
12:43:55.149 updates_per_collab.js:479 WAITING_8
12:43:56.149 updates_per_collab.js:479 WAITING_2
12:43:56.150 updates_per_collab.js:479 WAITING_1
12:43:56.153 updates_per_collab.js:479 WAITING_3
12:43:56.154 updates_per_collab.js:479 WAITING_4
12:43:56.156 updates_per_collab.js:479 WAITING_5
12:43:56.158 updates_per_collab.js:479 WAITING_6
12:43:57.151 updates_per_collab.js:479 WAITING_7
12:43:57.156 updates_per_collab.js:479 WAITING_8
12:43:57.157 updates_per_collab.js:458 UPDATE_0
12:43:57.159 updates_per_collab.js:479 WAITING_2
12:43:58.154 updates_per_collab.js:479 WAITING_1
12:43:58.160 updates_per_collab.js:479 WAITING_3
12:43:58.165 updates_per_collab.js:479 WAITING_4
12:43:58.169 updates_per_collab.js:479 WAITING_5
12:43:58.171 updates_per_collab.js:479 WAITING_6
12:43:58.173 updates_per_collab.js:439 FLOORRELEASED_0
12:43:59.153 updates_per_collab.js:479 WAITING_7
12:43:59.157 updates_per_collab.js:479 WAITING_8
12:43:59.158 updates_per_collab.js:479 WAITING_2
12:44:00.138 updates_per_collab.js:458 UPDATE_1
12:44:00.145 updates_per_collab.js:479 WAITING_3
12:44:00.152 updates_per_collab.js:479 WAITING_4
12:44:00.162 updates_per_collab.js:479 WAITING_5
12:44:00.164 updates_per_collab.js:479 WAITING_6
12:44:00.167 updates_per_collab.js:472 FLOORREQUESTED_0
12:44:01.139 updates_per_collab.js:479 WAITING_7
12:44:01.143 updates_per_collab.js:479 WAITING_8
12:44:01.146 updates_per_collab.js:479 WAITING_2
12:44:01.147 updates_per_collab.js:491 END_1
12:44:02.143 updates_per_collab.js:479 WAITING_3
12:44:02.147 updates_per_collab.js:479 WAITING_4
12:44:02.149 updates_per_collab.js:479 WAITING_5
12:44:02.151 updates_per_collab.js:479 WAITING_6
12:44:02.154 updates_per_collab.js:479 WAITING_0
12:44:03.144 updates_per_collab.js:479 WAITING_7
12:44:03.147 updates_per_collab.js:479 WAITING_8
12:44:03.149 updates_per_collab.js:458 UPDATE_2
12:44:04.146 updates_per_collab.js:479 WAITING_3
12:44:04.151 updates_per_collab.js:479 WAITING_4
12:44:04.153 updates_per_collab.js:479 WAITING_5
12:44:04.155 updates_per_collab.js:479 WAITING_6
12:44:04.156 updates_per_collab.js:479 WAITING_0
12:44:04.157 updates_per_collab.js:450 THINKING_2
12:44:05.154 updates_per_collab.js:479 WAITING_7
12:44:05.162 updates_per_collab.js:479 WAITING_8
12:44:05.165 updates_per_collab.js:479 WAITING_3
12:44:05.168 updates_per_collab.js:479 WAITING_4
12:44:06.154 updates_per_collab.js:479 WAITING_5
12:44:06.159 updates_per_collab.js:479 WAITING_6
12:44:06.161 updates_per_collab.js:479 WAITING_0
12:44:07.139 updates_per_collab.js:479 WAITING_7
12:44:07.144 updates_per_collab.js:479 WAITING_8
12:44:07.145 updates_per_collab.js:479 WAITING_3
12:44:07.146 updates_per_collab.js:479 WAITING_4
12:44:07.148 updates_per_collab.js:458 UPDATE_2
12:44:08.142 updates_per_collab.js:479 WAITING_5
12:44:08.150 updates_per_collab.js:479 WAITING_6
12:44:08.158 updates_per_collab.js:479 WAITING_0
12:44:08.161 updates_per_collab.js:450 THINKING_2
12:44:09.143 updates_per_collab.js:479 WAITING_7
12:44:09.145 updates_per_collab.js:479 WAITING_8
12:44:09.146 updates_per_collab.js:479 WAITING_3
12:44:09.148 updates_per_collab.js:479 WAITING_4
12:44:10.144 updates_per_collab.js:479 WAITING_5
12:44:10.154 updates_per_collab.js:479 WAITING_6
12:44:10.158 updates_per_collab.js:479 WAITING_0
12:44:11.149 updates_per_collab.js:479 WAITING_7
12:44:11.167 updates_per_collab.js:479 WAITING_8
12:44:11.170 updates_per_collab.js:479 WAITING_3
12:44:11.174 updates_per_collab.js:479 WAITING_4
12:44:11.176 updates_per_collab.js:458 UPDATE_2
12:44:12.151 updates_per_collab.js:479 WAITING_5
12:44:12.163 updates_per_collab.js:479 WAITING_6
12:44:12.168 updates_per_collab.js:479 WAITING_0
12:44:12.171 updates_per_collab.js:450 THINKING_2
12:44:13.163 updates_per_collab.js:479 WAITING_7
12:44:13.169 updates_per_collab.js:479 WAITING_8
12:44:13.174 updates_per_collab.js:479 WAITING_3
12:44:13.177 updates_per_collab.js:479 WAITING_4
12:44:14.143 updates_per_collab.js:479 WAITING_5
12:44:14.145 updates_per_collab.js:479 WAITING_6
12:44:14.146 updates_per_collab.js:479 WAITING_0
12:44:15.144 updates_per_collab.js:479 WAITING_7
12:44:15.146 updates_per_collab.js:479 WAITING_8
12:44:15.147 updates_per_collab.js:479 WAITING_3
12:44:15.149 updates_per_collab.js:479 WAITING_4
12:44:16.147 updates_per_collab.js:479 WAITING_5
12:44:16.153 updates_per_collab.js:479 WAITING_6
12:44:16.157 updates_per_collab.js:479 WAITING_0
12:44:16.161 updates_per_collab.js:479 WAITING_7
12:44:17.148 updates_per_collab.js:479 WAITING_8
12:44:17.155 updates_per_collab.js:479 WAITING_3
12:44:17.160 updates_per_collab.js:479 WAITING_4
12:44:17.164 updates_per_collab.js:458 UPDATE_2
12:44:18.149 updates_per_collab.js:479 WAITING_5
12:44:18.155 updates_per_collab.js:479 WAITING_6
12:44:18.161 updates_per_collab.js:479 WAITING_0
12:44:18.164 updates_per_collab.js:479 WAITING_7
12:44:18.167 updates_per_collab.js:439 FLOORRELEASED_2
12:44:19.154 updates_per_collab.js:479 WAITING_8
12:44:19.161 updates_per_collab.js:458 UPDATE_3
12:44:19.165 updates_per_collab.js:479 WAITING_4
12:44:20.149 updates_per_collab.js:479 WAITING_5
12:44:20.154 updates_per_collab.js:479 WAITING_6
12:44:20.158 updates_per_collab.js:479 WAITING_0
12:44:20.162 updates_per_collab.js:479 WAITING_7
12:44:20.164 updates_per_collab.js:472 FLOORREQUESTED_2
12:44:20.167 updates_per_collab.js:439 FLOORRELEASED_3
12:44:21.153 updates_per_collab.js:479 WAITING_8
12:44:21.155 updates_per_collab.js:458 UPDATE_4
12:44:22.145 updates_per_collab.js:479 WAITING_5
12:44:22.159 updates_per_collab.js:479 WAITING_6
12:44:22.167 updates_per_collab.js:479 WAITING_0
12:44:22.170 updates_per_collab.js:479 WAITING_7
12:44:22.171 updates_per_collab.js:479 WAITING_2
12:44:22.173 updates_per_collab.js:472 FLOORREQUESTED_3
12:44:22.175 updates_per_collab.js:450 THINKING_4
12:44:23.143 updates_per_collab.js:479 WAITING_8
12:44:24.147 updates_per_collab.js:479 WAITING_5
12:44:24.156 updates_per_collab.js:479 WAITING_6
12:44:24.163 updates_per_collab.js:479 WAITING_0
12:44:24.166 updates_per_collab.js:479 WAITING_7
12:44:24.168 updates_per_collab.js:479 WAITING_2
12:44:24.171 updates_per_collab.js:479 WAITING_3
12:44:25.153 updates_per_collab.js:479 WAITING_8
12:44:25.163 updates_per_collab.js:458 UPDATE_4
12:44:26.147 updates_per_collab.js:479 WAITING_5
12:44:26.151 updates_per_collab.js:479 WAITING_6
12:44:26.154 updates_per_collab.js:479 WAITING_0
12:44:26.156 updates_per_collab.js:479 WAITING_7
12:44:26.159 updates_per_collab.js:479 WAITING_2
12:44:26.161 updates_per_collab.js:479 WAITING_3
12:44:26.162 updates_per_collab.js:439 FLOORRELEASED_4
12:44:27.149 updates_per_collab.js:479 WAITING_8
12:44:28.150 updates_per_collab.js:458 UPDATE_5
12:44:28.152 updates_per_collab.js:479 WAITING_6
12:44:28.153 updates_per_collab.js:479 WAITING_0
12:44:28.155 updates_per_collab.js:479 WAITING_7
12:44:28.156 updates_per_collab.js:479 WAITING_2
12:44:28.157 updates_per_collab.js:479 WAITING_3
12:44:28.158 updates_per_collab.js:472 FLOORREQUESTED_4
12:44:29.153 updates_per_collab.js:479 WAITING_8
12:44:29.160 updates_per_collab.js:439 FLOORRELEASED_5
12:44:30.165 updates_per_collab.js:458 UPDATE_6
12:44:30.172 updates_per_collab.js:479 WAITING_0
12:44:30.175 updates_per_collab.js:479 WAITING_7
12:44:30.178 updates_per_collab.js:479 WAITING_2
12:44:30.180 updates_per_collab.js:479 WAITING_3
12:44:30.182 updates_per_collab.js:479 WAITING_4
12:44:30.183 updates_per_collab.js:479 WAITING_8
12:44:31.166 updates_per_collab.js:472 FLOORREQUESTED_5
12:44:31.182 updates_per_collab.js:450 THINKING_6
12:44:32.139 updates_per_collab.js:479 WAITING_0
12:44:32.152 updates_per_collab.js:479 WAITING_7
12:44:32.159 updates_per_collab.js:479 WAITING_2
12:44:32.172 updates_per_collab.js:479 WAITING_3
12:44:32.178 updates_per_collab.js:479 WAITING_4
12:44:32.180 updates_per_collab.js:479 WAITING_8
12:44:33.137 updates_per_collab.js:479 WAITING_5
12:44:34.143 updates_per_collab.js:479 WAITING_0
12:44:34.151 updates_per_collab.js:479 WAITING_7
12:44:34.154 updates_per_collab.js:479 WAITING_2
12:44:34.156 updates_per_collab.js:479 WAITING_3
12:44:34.157 updates_per_collab.js:479 WAITING_4
12:44:34.159 updates_per_collab.js:479 WAITING_8
12:44:34.161 updates_per_collab.js:458 UPDATE_6
12:44:35.142 updates_per_collab.js:479 WAITING_5
12:44:35.144 updates_per_collab.js:450 THINKING_6
12:44:36.144 updates_per_collab.js:479 WAITING_0
12:44:36.153 updates_per_collab.js:479 WAITING_7
12:44:36.157 updates_per_collab.js:479 WAITING_2
12:44:36.160 updates_per_collab.js:479 WAITING_3
12:44:36.163 updates_per_collab.js:479 WAITING_4
12:44:36.164 updates_per_collab.js:479 WAITING_8
12:44:36.167 updates_per_collab.js:479 WAITING_5
12:44:38.147 updates_per_collab.js:479 WAITING_0
12:44:38.152 updates_per_collab.js:479 WAITING_7
12:44:38.156 updates_per_collab.js:479 WAITING_2
12:44:38.160 updates_per_collab.js:479 WAITING_3
12:44:38.162 updates_per_collab.js:479 WAITING_4
12:44:38.164 updates_per_collab.js:479 WAITING_8
12:44:38.165 updates_per_collab.js:479 WAITING_5
12:44:38.167 updates_per_collab.js:458 UPDATE_6
12:44:39.148 updates_per_collab.js:439 FLOORRELEASED_6
12:44:40.149 updates_per_collab.js:479 WAITING_0
12:44:40.152 updates_per_collab.js:458 UPDATE_7
12:44:40.153 updates_per_collab.js:479 WAITING_2
12:44:40.155 updates_per_collab.js:479 WAITING_3
12:44:40.156 updates_per_collab.js:479 WAITING_4
12:44:40.158 updates_per_collab.js:479 WAITING_8
12:44:40.159 updates_per_collab.js:479 WAITING_5
12:44:41.152 updates_per_collab.js:472 FLOORREQUESTED_6
12:44:41.156 updates_per_collab.js:439 FLOORRELEASED_7
12:44:42.151 updates_per_collab.js:479 WAITING_0
12:44:42.154 updates_per_collab.js:479 WAITING_2
12:44:42.156 updates_per_collab.js:479 WAITING_3
12:44:42.158 updates_per_collab.js:479 WAITING_4
12:44:42.159 updates_per_collab.js:458 UPDATE_8
12:44:42.160 updates_per_collab.js:479 WAITING_5
12:44:43.151 updates_per_collab.js:479 WAITING_6
12:44:43.155 updates_per_collab.js:472 FLOORREQUESTED_7
12:44:43.157 updates_per_collab.js:439 FLOORRELEASED_8
12:44:44.149 updates_per_collab.js:458 UPDATE_0
12:44:44.154 updates_per_collab.js:479 WAITING_2
12:44:44.156 updates_per_collab.js:479 WAITING_3
12:44:44.158 updates_per_collab.js:479 WAITING_4
12:44:44.159 updates_per_collab.js:479 WAITING_5
12:44:45.140 updates_per_collab.js:479 WAITING_6
12:44:45.144 updates_per_collab.js:479 WAITING_7
12:44:45.147 updates_per_collab.js:472 FLOORREQUESTED_8
12:44:45.149 updates_per_collab.js:439 FLOORRELEASED_0
12:44:46.140 updates_per_collab.js:458 UPDATE_2
12:44:46.145 updates_per_collab.js:479 WAITING_3
12:44:46.146 updates_per_collab.js:479 WAITING_4
12:44:46.147 updates_per_collab.js:479 WAITING_5
12:44:47.146 updates_per_collab.js:479 WAITING_6
12:44:47.148 updates_per_collab.js:479 WAITING_7
12:44:47.150 updates_per_collab.js:479 WAITING_8
12:44:47.151 updates_per_collab.js:472 FLOORREQUESTED_0
12:44:47.153 updates_per_collab.js:439 FLOORRELEASED_2
12:44:47.154 updates_per_collab.js:458 UPDATE_3
12:44:48.151 updates_per_collab.js:479 WAITING_4
12:44:48.155 updates_per_collab.js:479 WAITING_5
12:44:48.156 updates_per_collab.js:439 FLOORRELEASED_3
12:44:48.158 updates_per_collab.js:479 WAITING_6
12:44:48.160 updates_per_collab.js:479 WAITING_7
12:44:49.142 updates_per_collab.js:479 WAITING_8
12:44:49.145 updates_per_collab.js:479 WAITING_0
12:44:49.147 updates_per_collab.js:472 FLOORREQUESTED_2
12:44:50.138 updates_per_collab.js:458 UPDATE_4
12:44:50.143 updates_per_collab.js:479 WAITING_5
12:44:50.145 updates_per_collab.js:472 FLOORREQUESTED_3
12:44:50.146 updates_per_collab.js:479 WAITING_6
12:44:50.148 updates_per_collab.js:479 WAITING_7
12:44:51.145 updates_per_collab.js:479 WAITING_8
12:44:51.149 updates_per_collab.js:479 WAITING_0
12:44:51.150 updates_per_collab.js:479 WAITING_2
12:44:51.151 updates_per_collab.js:450 THINKING_4
12:44:51.152 updates_per_collab.js:479 WAITING_5
12:44:52.147 updates_per_collab.js:479 WAITING_3
12:44:52.149 updates_per_collab.js:479 WAITING_6
12:44:52.150 updates_per_collab.js:479 WAITING_7
12:44:53.147 updates_per_collab.js:479 WAITING_8
12:44:53.150 updates_per_collab.js:479 WAITING_0
12:44:53.152 updates_per_collab.js:479 WAITING_2
12:44:53.153 updates_per_collab.js:479 WAITING_5
12:44:54.149 updates_per_collab.js:479 WAITING_3
12:44:54.154 updates_per_collab.js:479 WAITING_6
12:44:54.155 updates_per_collab.js:479 WAITING_7
12:44:55.151 updates_per_collab.js:479 WAITING_8
12:44:55.155 updates_per_collab.js:479 WAITING_0
12:44:55.157 updates_per_collab.js:479 WAITING_2
12:44:55.159 updates_per_collab.js:479 WAITING_5
12:44:56.139 updates_per_collab.js:479 WAITING_3
12:44:56.144 updates_per_collab.js:479 WAITING_6
12:44:56.146 updates_per_collab.js:479 WAITING_7
12:44:56.147 updates_per_collab.js:458 UPDATE_4
12:44:57.140 updates_per_collab.js:479 WAITING_8
12:44:57.142 updates_per_collab.js:479 WAITING_0
12:44:57.144 updates_per_collab.js:479 WAITING_2
12:44:57.145 updates_per_collab.js:479 WAITING_5
12:44:57.147 updates_per_collab.js:450 THINKING_4
12:44:58.143 updates_per_collab.js:479 WAITING_3
12:44:58.147 updates_per_collab.js:479 WAITING_6
12:44:58.148 updates_per_collab.js:479 WAITING_7
12:44:58.150 updates_per_collab.js:479 WAITING_8
12:44:59.146 updates_per_collab.js:479 WAITING_0
12:44:59.150 updates_per_collab.js:479 WAITING_2
12:44:59.151 updates_per_collab.js:479 WAITING_5
12:45:00.150 updates_per_collab.js:479 WAITING_3
12:45:00.155 updates_per_collab.js:479 WAITING_6
12:45:00.159 updates_per_collab.js:479 WAITING_7
12:45:00.162 updates_per_collab.js:479 WAITING_8
12:45:00.167 updates_per_collab.js:479 WAITING_0
12:45:01.139 updates_per_collab.js:479 WAITING_2
12:45:01.145 updates_per_collab.js:479 WAITING_5
12:45:01.149 updates_per_collab.js:458 UPDATE_4
12:45:02.151 updates_per_collab.js:479 WAITING_3
12:45:02.155 updates_per_collab.js:479 WAITING_6
12:45:02.158 updates_per_collab.js:479 WAITING_7
12:45:02.159 updates_per_collab.js:479 WAITING_8
12:45:02.161 updates_per_collab.js:479 WAITING_0
12:45:02.163 updates_per_collab.js:450 THINKING_4
12:45:02.164 updates_per_collab.js:479 WAITING_2
12:45:02.166 updates_per_collab.js:479 WAITING_5
12:45:04.139 updates_per_collab.js:479 WAITING_3
12:45:04.142 updates_per_collab.js:479 WAITING_6
12:45:04.147 updates_per_collab.js:479 WAITING_7
12:45:04.149 updates_per_collab.js:479 WAITING_8
12:45:04.152 updates_per_collab.js:479 WAITING_0
12:45:04.155 updates_per_collab.js:479 WAITING_2
12:45:04.159 updates_per_collab.js:479 WAITING_5
12:45:05.147 updates_per_collab.js:458 UPDATE_4
12:45:05.149 updates_per_collab.js:479 WAITING_3
12:45:05.151 updates_per_collab.js:479 WAITING_6
12:45:06.144 updates_per_collab.js:479 WAITING_7
12:45:06.150 updates_per_collab.js:479 WAITING_8
12:45:06.153 updates_per_collab.js:479 WAITING_0
12:45:06.154 updates_per_collab.js:479 WAITING_2
12:45:06.156 updates_per_collab.js:479 WAITING_5
12:45:06.158 updates_per_collab.js:439 FLOORRELEASED_4
12:45:07.149 updates_per_collab.js:479 WAITING_3
12:45:07.151 updates_per_collab.js:479 WAITING_6
12:45:08.145 updates_per_collab.js:479 WAITING_7
12:45:08.149 updates_per_collab.js:479 WAITING_8
12:45:08.153 updates_per_collab.js:479 WAITING_0
12:45:08.157 updates_per_collab.js:479 WAITING_2
12:45:08.160 updates_per_collab.js:458 UPDATE_5
12:45:08.163 updates_per_collab.js:472 FLOORREQUESTED_4
12:45:09.148 updates_per_collab.js:479 WAITING_3
12:45:09.152 updates_per_collab.js:479 WAITING_6
12:45:09.153 updates_per_collab.js:439 FLOORRELEASED_5
12:45:10.148 updates_per_collab.js:479 WAITING_7
12:45:10.152 updates_per_collab.js:479 WAITING_8
12:45:10.153 updates_per_collab.js:479 WAITING_0
12:45:10.155 updates_per_collab.js:479 WAITING_2
12:45:10.156 updates_per_collab.js:479 WAITING_4
12:45:11.149 updates_per_collab.js:479 WAITING_3
12:45:11.151 updates_per_collab.js:458 UPDATE_6
12:45:11.153 updates_per_collab.js:472 FLOORREQUESTED_5
12:45:12.150 updates_per_collab.js:479 WAITING_7
12:45:12.154 updates_per_collab.js:479 WAITING_8
12:45:12.156 updates_per_collab.js:479 WAITING_0
12:45:12.157 updates_per_collab.js:479 WAITING_2
12:45:12.159 updates_per_collab.js:479 WAITING_4
12:45:12.160 updates_per_collab.js:439 FLOORRELEASED_6
12:45:13.151 updates_per_collab.js:479 WAITING_3
12:45:13.157 updates_per_collab.js:479 WAITING_5
12:45:14.140 updates_per_collab.js:458 UPDATE_7
12:45:14.144 updates_per_collab.js:479 WAITING_8
12:45:14.146 updates_per_collab.js:479 WAITING_0
12:45:14.147 updates_per_collab.js:479 WAITING_2
12:45:14.149 updates_per_collab.js:479 WAITING_4
12:45:14.150 updates_per_collab.js:472 FLOORREQUESTED_6
12:45:15.144 updates_per_collab.js:479 WAITING_3
12:45:15.147 updates_per_collab.js:479 WAITING_5
12:45:15.148 updates_per_collab.js:439 FLOORRELEASED_7
12:45:16.142 updates_per_collab.js:458 UPDATE_8
12:45:16.146 updates_per_collab.js:479 WAITING_0
12:45:16.148 updates_per_collab.js:479 WAITING_2
12:45:16.149 updates_per_collab.js:479 WAITING_4
12:45:16.150 updates_per_collab.js:479 WAITING_6
12:45:17.145 updates_per_collab.js:479 WAITING_3
12:45:17.149 updates_per_collab.js:479 WAITING_5
12:45:17.151 updates_per_collab.js:472 FLOORREQUESTED_7
12:45:17.153 updates_per_collab.js:439 FLOORRELEASED_8
12:45:18.146 updates_per_collab.js:458 UPDATE_0
12:45:18.152 updates_per_collab.js:479 WAITING_2
12:45:18.156 updates_per_collab.js:479 WAITING_4
12:45:18.159 updates_per_collab.js:479 WAITING_6
12:45:19.148 updates_per_collab.js:479 WAITING_3
12:45:19.153 updates_per_collab.js:479 WAITING_5
12:45:19.154 updates_per_collab.js:479 WAITING_7
12:45:19.156 updates_per_collab.js:472 FLOORREQUESTED_8
12:45:19.157 updates_per_collab.js:439 FLOORRELEASED_0
12:45:20.150 updates_per_collab.js:458 UPDATE_2
12:45:20.154 updates_per_collab.js:479 WAITING_4
12:45:20.156 updates_per_collab.js:479 WAITING_6
12:45:21.154 updates_per_collab.js:479 WAITING_3
12:45:21.156 updates_per_collab.js:479 WAITING_5
12:45:21.158 updates_per_collab.js:479 WAITING_7
12:45:21.159 updates_per_collab.js:479 WAITING_8
12:45:21.161 updates_per_collab.js:472 FLOORREQUESTED_0
12:45:21.162 updates_per_collab.js:439 FLOORRELEASED_2
12:45:22.155 updates_per_collab.js:479 WAITING_4
12:45:22.160 updates_per_collab.js:479 WAITING_6
12:45:23.156 updates_per_collab.js:458 UPDATE_3
12:45:23.159 updates_per_collab.js:479 WAITING_5
12:45:23.160 updates_per_collab.js:479 WAITING_7
12:45:23.162 updates_per_collab.js:479 WAITING_8
12:45:23.163 updates_per_collab.js:479 WAITING_0
12:45:23.164 updates_per_collab.js:472 FLOORREQUESTED_2
12:45:24.156 updates_per_collab.js:479 WAITING_4
12:45:24.158 updates_per_collab.js:479 WAITING_6
12:45:24.160 updates_per_collab.js:450 THINKING_3
12:45:25.135 updates_per_collab.js:479 WAITING_5
12:45:25.138 updates_per_collab.js:479 WAITING_7
12:45:25.139 updates_per_collab.js:479 WAITING_8
12:45:25.141 updates_per_collab.js:479 WAITING_0
12:45:25.142 updates_per_collab.js:479 WAITING_2
12:45:26.136 updates_per_collab.js:479 WAITING_4
12:45:26.138 updates_per_collab.js:479 WAITING_6
12:45:27.138 updates_per_collab.js:479 WAITING_5
12:45:27.140 updates_per_collab.js:479 WAITING_7
12:45:27.141 updates_per_collab.js:479 WAITING_8
12:45:27.143 updates_per_collab.js:479 WAITING_0
12:45:27.145 updates_per_collab.js:479 WAITING_2
12:45:27.146 updates_per_collab.js:458 UPDATE_3
12:45:28.142 updates_per_collab.js:479 WAITING_4
12:45:28.153 updates_per_collab.js:479 WAITING_6
12:45:28.158 updates_per_collab.js:439 FLOORRELEASED_3
12:45:28.161 updates_per_collab.js:479 WAITING_5
12:45:28.164 updates_per_collab.js:479 WAITING_7
12:45:29.145 updates_per_collab.js:479 WAITING_8
12:45:29.147 updates_per_collab.js:479 WAITING_0
12:45:29.150 updates_per_collab.js:479 WAITING_2
12:45:30.146 updates_per_collab.js:458 UPDATE_4
12:45:30.149 updates_per_collab.js:479 WAITING_6
12:45:30.151 updates_per_collab.js:472 FLOORREQUESTED_3
12:45:30.152 updates_per_collab.js:479 WAITING_5
12:45:30.154 updates_per_collab.js:479 WAITING_7
12:45:31.158 updates_per_collab.js:479 WAITING_8
12:45:31.167 updates_per_collab.js:479 WAITING_0
12:45:31.172 updates_per_collab.js:479 WAITING_2
12:45:31.175 updates_per_collab.js:439 FLOORRELEASED_4
12:45:31.177 updates_per_collab.js:479 WAITING_6
12:45:31.179 updates_per_collab.js:479 WAITING_3
12:45:31.181 updates_per_collab.js:458 UPDATE_5
12:45:31.183 updates_per_collab.js:479 WAITING_7
12:45:32.149 updates_per_collab.js:439 FLOORRELEASED_5
12:45:33.150 updates_per_collab.js:479 WAITING_8
12:45:33.154 updates_per_collab.js:479 WAITING_0
12:45:33.156 updates_per_collab.js:479 WAITING_2
12:45:33.157 updates_per_collab.js:472 FLOORREQUESTED_4
12:45:33.159 updates_per_collab.js:458 UPDATE_6
12:45:33.161 updates_per_collab.js:479 WAITING_3
12:45:33.162 updates_per_collab.js:479 WAITING_7
12:45:34.139 updates_per_collab.js:472 FLOORREQUESTED_5
12:45:34.142 updates_per_collab.js:439 FLOORRELEASED_6
12:45:35.138 updates_per_collab.js:479 WAITING_8
12:45:35.144 updates_per_collab.js:479 WAITING_0
12:45:35.146 updates_per_collab.js:479 WAITING_2
12:45:35.147 updates_per_collab.js:479 WAITING_4
12:45:35.148 updates_per_collab.js:479 WAITING_3
12:45:35.150 updates_per_collab.js:458 UPDATE_7
12:45:36.135 updates_per_collab.js:479 WAITING_5
12:45:36.137 updates_per_collab.js:472 FLOORREQUESTED_6
12:45:36.139 updates_per_collab.js:439 FLOORRELEASED_7
12:45:37.143 updates_per_collab.js:458 UPDATE_8
12:45:37.147 updates_per_collab.js:479 WAITING_0
12:45:37.148 updates_per_collab.js:479 WAITING_2
12:45:37.150 updates_per_collab.js:479 WAITING_4
12:45:37.151 updates_per_collab.js:479 WAITING_3
12:45:37.152 updates_per_collab.js:479 WAITING_5
12:45:37.153 updates_per_collab.js:479 WAITING_6
12:45:37.155 updates_per_collab.js:472 FLOORREQUESTED_7
12:45:38.147 updates_per_collab.js:439 FLOORRELEASED_8
12:45:39.145 updates_per_collab.js:458 UPDATE_0
12:45:39.149 updates_per_collab.js:479 WAITING_2
12:45:39.152 updates_per_collab.js:479 WAITING_4
12:45:39.154 updates_per_collab.js:479 WAITING_3
12:45:39.156 updates_per_collab.js:479 WAITING_5
12:45:39.157 updates_per_collab.js:479 WAITING_6
12:45:39.158 updates_per_collab.js:479 WAITING_7
12:45:40.147 updates_per_collab.js:472 FLOORREQUESTED_8
12:45:40.152 updates_per_collab.js:491 END_0
12:45:41.151 updates_per_collab.js:458 UPDATE_2
12:45:41.154 updates_per_collab.js:479 WAITING_4
12:45:41.155 updates_per_collab.js:479 WAITING_3
12:45:41.157 updates_per_collab.js:479 WAITING_5
12:45:41.158 updates_per_collab.js:479 WAITING_6
12:45:41.159 updates_per_collab.js:479 WAITING_7
12:45:42.152 updates_per_collab.js:479 WAITING_8
12:45:42.155 updates_per_collab.js:439 FLOORRELEASED_2
12:45:43.141 updates_per_collab.js:479 WAITING_4
12:45:43.147 updates_per_collab.js:458 UPDATE_3
12:45:43.148 updates_per_collab.js:479 WAITING_5
12:45:43.150 updates_per_collab.js:479 WAITING_6
12:45:43.151 updates_per_collab.js:479 WAITING_7
12:45:44.143 updates_per_collab.js:479 WAITING_8
12:45:44.148 updates_per_collab.js:472 FLOORREQUESTED_2
12:45:44.150 updates_per_collab.js:439 FLOORRELEASED_3
12:45:45.140 updates_per_collab.js:458 UPDATE_4
12:45:45.144 updates_per_collab.js:479 WAITING_5
12:45:45.146 updates_per_collab.js:479 WAITING_6
12:45:45.147 updates_per_collab.js:479 WAITING_7
12:45:46.149 updates_per_collab.js:479 WAITING_8
12:45:46.153 updates_per_collab.js:479 WAITING_2
12:45:46.154 updates_per_collab.js:472 FLOORREQUESTED_3
12:45:46.156 updates_per_collab.js:450 THINKING_4
12:45:46.157 updates_per_collab.js:479 WAITING_5
12:45:46.158 updates_per_collab.js:479 WAITING_6
12:45:47.148 updates_per_collab.js:479 WAITING_7
12:45:48.151 updates_per_collab.js:479 WAITING_8
12:45:48.155 updates_per_collab.js:479 WAITING_2
12:45:48.156 updates_per_collab.js:479 WAITING_3
12:45:48.158 updates_per_collab.js:479 WAITING_5
12:45:48.159 updates_per_collab.js:479 WAITING_6
12:45:49.140 updates_per_collab.js:479 WAITING_7
12:45:50.140 updates_per_collab.js:479 WAITING_8
12:45:50.144 updates_per_collab.js:479 WAITING_2
12:45:50.145 updates_per_collab.js:479 WAITING_3
12:45:50.148 updates_per_collab.js:479 WAITING_5
12:45:50.149 updates_per_collab.js:479 WAITING_6
12:45:51.140 updates_per_collab.js:479 WAITING_7
12:45:51.145 updates_per_collab.js:458 UPDATE_4
12:45:52.146 updates_per_collab.js:479 WAITING_8
12:45:52.150 updates_per_collab.js:479 WAITING_2
12:45:52.152 updates_per_collab.js:479 WAITING_3
12:45:52.153 updates_per_collab.js:479 WAITING_5
12:45:52.154 updates_per_collab.js:479 WAITING_6
12:45:52.155 updates_per_collab.js:491 END_4
12:45:52.156 updates_per_collab.js:479 WAITING_7
12:45:54.148 updates_per_collab.js:479 WAITING_8
12:45:54.152 updates_per_collab.js:479 WAITING_2
12:45:54.154 updates_per_collab.js:479 WAITING_3
12:45:54.155 updates_per_collab.js:458 UPDATE_5
12:45:54.156 updates_per_collab.js:479 WAITING_6
12:45:54.158 updates_per_collab.js:479 WAITING_7
12:45:55.151 updates_per_collab.js:491 END_5
12:45:56.137 updates_per_collab.js:479 WAITING_8
12:45:56.142 updates_per_collab.js:479 WAITING_2
12:45:56.147 updates_per_collab.js:479 WAITING_3
12:45:56.150 updates_per_collab.js:458 UPDATE_6
12:45:56.154 updates_per_collab.js:479 WAITING_7
12:45:57.136 updates_per_collab.js:439 FLOORRELEASED_6
12:45:58.138 updates_per_collab.js:479 WAITING_8
12:45:58.142 updates_per_collab.js:479 WAITING_2
12:45:58.144 updates_per_collab.js:479 WAITING_3
12:45:58.145 updates_per_collab.js:458 UPDATE_7
12:45:59.140 updates_per_collab.js:472 FLOORREQUESTED_6
12:45:59.143 updates_per_collab.js:439 FLOORRELEASED_7
12:46:00.146 updates_per_collab.js:458 UPDATE_8
12:46:00.151 updates_per_collab.js:479 WAITING_2
12:46:00.155 updates_per_collab.js:479 WAITING_3
12:46:00.158 updates_per_collab.js:479 WAITING_6
12:46:00.162 updates_per_collab.js:472 FLOORREQUESTED_7
12:46:01.151 updates_per_collab.js:439 FLOORRELEASED_8
12:46:02.147 updates_per_collab.js:458 UPDATE_2
12:46:02.154 updates_per_collab.js:479 WAITING_3
12:46:02.156 updates_per_collab.js:479 WAITING_6
12:46:02.157 updates_per_collab.js:479 WAITING_7
12:46:03.151 updates_per_collab.js:472 FLOORREQUESTED_8
12:46:03.156 updates_per_collab.js:491 END_2
12:46:04.151 updates_per_collab.js:458 UPDATE_3
12:46:04.156 updates_per_collab.js:479 WAITING_6
12:46:04.160 updates_per_collab.js:479 WAITING_7
12:46:05.151 updates_per_collab.js:479 WAITING_8
12:46:05.155 updates_per_collab.js:450 THINKING_3
12:46:06.141 updates_per_collab.js:479 WAITING_6
12:46:06.145 updates_per_collab.js:479 WAITING_7
12:46:07.143 updates_per_collab.js:479 WAITING_8
12:46:08.145 updates_per_collab.js:479 WAITING_6
12:46:08.148 updates_per_collab.js:479 WAITING_7
12:46:08.149 updates_per_collab.js:458 UPDATE_3
12:46:09.147 updates_per_collab.js:479 WAITING_8
12:46:09.152 updates_per_collab.js:439 FLOORRELEASED_3
12:46:10.149 updates_per_collab.js:458 UPDATE_6
12:46:10.152 updates_per_collab.js:479 WAITING_7
12:46:11.152 updates_per_collab.js:479 WAITING_8
12:46:11.155 updates_per_collab.js:472 FLOORREQUESTED_3
12:46:11.157 updates_per_collab.js:439 FLOORRELEASED_6
12:46:12.153 updates_per_collab.js:458 UPDATE_7
12:46:13.157 updates_per_collab.js:479 WAITING_8
12:46:13.159 updates_per_collab.js:479 WAITING_3
12:46:13.160 updates_per_collab.js:472 FLOORREQUESTED_6
12:46:13.162 updates_per_collab.js:450 THINKING_7
12:46:15.139 updates_per_collab.js:479 WAITING_8
12:46:15.143 updates_per_collab.js:479 WAITING_3
12:46:15.144 updates_per_collab.js:479 WAITING_6
12:46:17.140 updates_per_collab.js:479 WAITING_8
12:46:17.145 updates_per_collab.js:479 WAITING_3
12:46:17.147 updates_per_collab.js:479 WAITING_6
12:46:17.148 updates_per_collab.js:458 UPDATE_7
12:46:18.143 updates_per_collab.js:439 FLOORRELEASED_7
12:46:19.147 updates_per_collab.js:458 UPDATE_8
12:46:19.150 updates_per_collab.js:479 WAITING_3
12:46:19.151 updates_per_collab.js:479 WAITING_6
12:46:20.152 updates_per_collab.js:472 FLOORREQUESTED_7
12:46:20.158 updates_per_collab.js:491 END_8
12:46:20.160 updates_per_collab.js:458 UPDATE_3
12:46:21.153 updates_per_collab.js:479 WAITING_6
12:46:21.157 updates_per_collab.js:491 END_3
12:46:22.138 updates_per_collab.js:479 WAITING_7
12:46:23.140 updates_per_collab.js:458 UPDATE_6
12:46:24.143 updates_per_collab.js:479 WAITING_7
12:46:24.148 updates_per_collab.js:491 END_6
12:46:26.148 updates_per_collab.js:458 UPDATE_7
12:46:27.150 updates_per_collab.js:491 END_7
