12:32:16.153 updates_per_collab.js:584 Tasks: 25; Collaborators: 7    =========================>
12:32:16.154 updates_per_collab.js:472 FLOORREQUESTED_0
12:32:16.156 updates_per_collab.js:472 FLOORREQUESTED_1
12:32:16.159 updates_per_collab.js:472 FLOORREQUESTED_2
12:32:16.160 updates_per_collab.js:472 FLOORREQUESTED_3
12:32:16.161 updates_per_collab.js:472 FLOORREQUESTED_4
12:32:16.163 updates_per_collab.js:472 FLOORREQUESTED_5
12:32:16.164 updates_per_collab.js:472 FLOORREQUESTED_6
12:32:18.140 updates_per_collab.js:450 THINKING_0
12:32:18.144 updates_per_collab.js:479 WAITING_1
12:32:18.146 updates_per_collab.js:479 WAITING_2
12:32:18.147 updates_per_collab.js:479 WAITING_3
12:32:18.149 updates_per_collab.js:479 WAITING_4
12:32:18.150 updates_per_collab.js:479 WAITING_5
12:32:18.151 updates_per_collab.js:479 WAITING_6
12:32:20.142 updates_per_collab.js:479 WAITING_1
12:32:20.147 updates_per_collab.js:479 WAITING_2
12:32:20.149 updates_per_collab.js:479 WAITING_3
12:32:20.150 updates_per_collab.js:479 WAITING_4
12:32:20.151 updates_per_collab.js:479 WAITING_5
12:32:20.152 updates_per_collab.js:479 WAITING_6
12:32:22.145 updates_per_collab.js:479 WAITING_1
12:32:22.147 updates_per_collab.js:479 WAITING_2
12:32:22.149 updates_per_collab.js:479 WAITING_3
12:32:22.150 updates_per_collab.js:479 WAITING_4
12:32:22.151 updates_per_collab.js:479 WAITING_5
12:32:22.152 updates_per_collab.js:479 WAITING_6
12:32:23.147 updates_per_collab.js:458 UPDATE_0
12:32:24.150 updates_per_collab.js:479 WAITING_1
12:32:24.155 updates_per_collab.js:479 WAITING_2
12:32:24.160 updates_per_collab.js:479 WAITING_3
12:32:24.162 updates_per_collab.js:479 WAITING_4
12:32:24.164 updates_per_collab.js:479 WAITING_5
12:32:24.165 updates_per_collab.js:479 WAITING_6
12:32:24.166 updates_per_collab.js:439 FLOORRELEASED_0
12:32:26.139 updates_per_collab.js:450 THINKING_1
12:32:26.144 updates_per_collab.js:479 WAITING_2
12:32:26.146 updates_per_collab.js:479 WAITING_3
12:32:26.147 updates_per_collab.js:479 WAITING_4
12:32:26.148 updates_per_collab.js:479 WAITING_5
12:32:26.149 updates_per_collab.js:479 WAITING_6
12:32:26.150 updates_per_collab.js:472 FLOORREQUESTED_0
12:32:28.143 updates_per_collab.js:479 WAITING_2
12:32:28.148 updates_per_collab.js:479 WAITING_3
12:32:28.150 updates_per_collab.js:479 WAITING_4
12:32:28.151 updates_per_collab.js:479 WAITING_5
12:32:28.153 updates_per_collab.js:479 WAITING_6
12:32:28.153 updates_per_collab.js:479 WAITING_0
12:32:29.148 updates_per_collab.js:458 UPDATE_1
12:32:30.149 updates_per_collab.js:479 WAITING_2
12:32:30.151 updates_per_collab.js:479 WAITING_3
12:32:30.153 updates_per_collab.js:479 WAITING_4
12:32:30.154 updates_per_collab.js:479 WAITING_5
12:32:30.156 updates_per_collab.js:479 WAITING_6
12:32:30.157 updates_per_collab.js:479 WAITING_0
12:32:30.158 updates_per_collab.js:439 FLOORRELEASED_1
12:32:32.151 updates_per_collab.js:439 FLOORRELEASED_2
12:32:32.155 updates_per_collab.js:439 FLOORRELEASED_3
12:32:32.157 updates_per_collab.js:439 FLOORRELEASED_4
12:32:32.158 updates_per_collab.js:439 FLOORRELEASED_5
12:32:32.159 updates_per_collab.js:450 THINKING_6
12:32:32.160 updates_per_collab.js:479 WAITING_0
12:32:32.161 updates_per_collab.js:472 FLOORREQUESTED_1
12:32:33.155 updates_per_collab.js:472 FLOORREQUESTED_2
12:32:34.137 updates_per_collab.js:472 FLOORREQUESTED_3
12:32:34.142 updates_per_collab.js:472 FLOORREQUESTED_4
12:32:34.144 updates_per_collab.js:472 FLOORREQUESTED_5
12:32:34.145 updates_per_collab.js:479 WAITING_0
12:32:34.147 updates_per_collab.js:479 WAITING_1
12:32:35.140 updates_per_collab.js:479 WAITING_2
12:32:35.145 updates_per_collab.js:458 UPDATE_6
12:32:36.142 updates_per_collab.js:479 WAITING_3
12:32:36.147 updates_per_collab.js:479 WAITING_4
12:32:36.149 updates_per_collab.js:479 WAITING_5
12:32:36.150 updates_per_collab.js:479 WAITING_0
12:32:36.151 updates_per_collab.js:479 WAITING_1
12:32:36.153 updates_per_collab.js:439 FLOORRELEASED_6
12:32:37.144 updates_per_collab.js:479 WAITING_2
12:32:38.144 updates_per_collab.js:479 WAITING_3
12:32:38.149 updates_per_collab.js:479 WAITING_4
12:32:38.151 updates_per_collab.js:479 WAITING_5
12:32:38.154 updates_per_collab.js:458 UPDATE_0
12:32:38.156 updates_per_collab.js:479 WAITING_1
12:32:38.157 updates_per_collab.js:472 FLOORREQUESTED_6
12:32:39.148 updates_per_collab.js:479 WAITING_2
12:32:39.151 updates_per_collab.js:439 FLOORRELEASED_0
12:32:40.148 updates_per_collab.js:479 WAITING_3
12:32:40.152 updates_per_collab.js:479 WAITING_4
12:32:40.154 updates_per_collab.js:479 WAITING_5
12:32:40.156 updates_per_collab.js:458 UPDATE_1
12:32:40.157 updates_per_collab.js:479 WAITING_6
12:32:41.150 updates_per_collab.js:479 WAITING_2
12:32:41.155 updates_per_collab.js:472 FLOORREQUESTED_0
12:32:41.158 updates_per_collab.js:450 THINKING_1
12:32:42.150 updates_per_collab.js:479 WAITING_3
12:32:42.156 updates_per_collab.js:479 WAITING_4
12:32:42.160 updates_per_collab.js:479 WAITING_5
12:32:42.165 updates_per_collab.js:479 WAITING_6
12:32:43.140 updates_per_collab.js:479 WAITING_2
12:32:43.142 updates_per_collab.js:479 WAITING_0
12:32:44.140 updates_per_collab.js:479 WAITING_3
12:32:44.143 updates_per_collab.js:479 WAITING_4
12:32:44.145 updates_per_collab.js:479 WAITING_5
12:32:44.147 updates_per_collab.js:479 WAITING_6
12:32:45.148 updates_per_collab.js:479 WAITING_2
12:32:45.150 updates_per_collab.js:479 WAITING_0
12:32:45.152 updates_per_collab.js:458 UPDATE_1
12:32:45.153 updates_per_collab.js:479 WAITING_3
12:32:45.154 updates_per_collab.js:479 WAITING_4
12:32:45.156 updates_per_collab.js:479 WAITING_5
12:32:45.157 updates_per_collab.js:479 WAITING_6
12:32:46.152 updates_per_collab.js:450 THINKING_1
12:32:46.154 updates_per_collab.js:479 WAITING_2
12:32:46.155 updates_per_collab.js:479 WAITING_0
12:32:47.138 updates_per_collab.js:479 WAITING_3
12:32:47.143 updates_per_collab.js:479 WAITING_4
12:32:47.144 updates_per_collab.js:479 WAITING_5
12:32:47.145 updates_per_collab.js:479 WAITING_6
12:32:48.139 updates_per_collab.js:479 WAITING_2
12:32:48.142 updates_per_collab.js:479 WAITING_0
12:32:49.143 updates_per_collab.js:479 WAITING_3
12:32:49.146 updates_per_collab.js:479 WAITING_4
12:32:49.148 updates_per_collab.js:479 WAITING_5
12:32:49.150 updates_per_collab.js:479 WAITING_6
12:32:49.152 updates_per_collab.js:479 WAITING_2
12:32:50.148 updates_per_collab.js:479 WAITING_0
12:32:50.153 updates_per_collab.js:479 WAITING_3
12:32:51.153 updates_per_collab.js:479 WAITING_4
12:32:51.157 updates_per_collab.js:479 WAITING_5
12:32:51.158 updates_per_collab.js:479 WAITING_6
12:32:51.160 updates_per_collab.js:479 WAITING_2
12:32:51.161 updates_per_collab.js:458 UPDATE_1
12:32:51.162 updates_per_collab.js:479 WAITING_0
12:32:52.152 updates_per_collab.js:479 WAITING_3
12:32:52.155 updates_per_collab.js:439 FLOORRELEASED_1
12:32:53.153 updates_per_collab.js:479 WAITING_4
12:32:53.156 updates_per_collab.js:479 WAITING_5
12:32:53.159 updates_per_collab.js:479 WAITING_6
12:32:53.162 updates_per_collab.js:458 UPDATE_2
12:32:53.166 updates_per_collab.js:479 WAITING_0
12:32:54.138 updates_per_collab.js:479 WAITING_3
12:32:54.143 updates_per_collab.js:472 FLOORREQUESTED_1
12:32:54.146 updates_per_collab.js:439 FLOORRELEASED_2
12:32:55.138 updates_per_collab.js:479 WAITING_4
12:32:55.142 updates_per_collab.js:479 WAITING_5
12:32:55.144 updates_per_collab.js:479 WAITING_6
12:32:55.145 updates_per_collab.js:479 WAITING_0
12:32:56.140 updates_per_collab.js:458 UPDATE_3
12:32:56.145 updates_per_collab.js:479 WAITING_1
12:32:56.146 updates_per_collab.js:472 FLOORREQUESTED_2
12:32:57.143 updates_per_collab.js:479 WAITING_4
12:32:57.147 updates_per_collab.js:479 WAITING_5
12:32:57.149 updates_per_collab.js:479 WAITING_6
12:32:57.151 updates_per_collab.js:479 WAITING_0
12:32:57.152 updates_per_collab.js:439 FLOORRELEASED_3
12:32:58.148 updates_per_collab.js:479 WAITING_1
12:32:58.152 updates_per_collab.js:479 WAITING_2
12:32:58.154 updates_per_collab.js:458 UPDATE_4
12:32:59.151 updates_per_collab.js:479 WAITING_5
12:32:59.156 updates_per_collab.js:479 WAITING_6
12:32:59.157 updates_per_collab.js:479 WAITING_0
12:32:59.159 updates_per_collab.js:472 FLOORREQUESTED_3
12:32:59.160 updates_per_collab.js:439 FLOORRELEASED_4
12:33:00.141 updates_per_collab.js:479 WAITING_1
12:33:00.144 updates_per_collab.js:479 WAITING_2
12:33:01.141 updates_per_collab.js:458 UPDATE_5
12:33:01.146 updates_per_collab.js:479 WAITING_6
12:33:01.148 updates_per_collab.js:479 WAITING_0
12:33:01.150 updates_per_collab.js:479 WAITING_3
12:33:01.151 updates_per_collab.js:472 FLOORREQUESTED_4
12:33:02.143 updates_per_collab.js:479 WAITING_1
12:33:02.146 updates_per_collab.js:479 WAITING_2
12:33:02.148 updates_per_collab.js:450 THINKING_5
12:33:03.145 updates_per_collab.js:479 WAITING_6
12:33:03.150 updates_per_collab.js:479 WAITING_0
12:33:03.151 updates_per_collab.js:479 WAITING_3
12:33:03.152 updates_per_collab.js:479 WAITING_4
12:33:04.147 updates_per_collab.js:479 WAITING_1
12:33:04.150 updates_per_collab.js:479 WAITING_2
12:33:05.152 updates_per_collab.js:479 WAITING_6
12:33:05.157 updates_per_collab.js:479 WAITING_0
12:33:05.159 updates_per_collab.js:479 WAITING_3
12:33:05.161 updates_per_collab.js:479 WAITING_4
12:33:05.163 updates_per_collab.js:458 UPDATE_5
12:33:05.164 updates_per_collab.js:479 WAITING_1
12:33:05.165 updates_per_collab.js:479 WAITING_2
12:33:06.138 updates_per_collab.js:439 FLOORRELEASED_5
12:33:07.139 updates_per_collab.js:458 UPDATE_6
12:33:07.142 updates_per_collab.js:479 WAITING_0
12:33:07.143 updates_per_collab.js:479 WAITING_3
12:33:07.144 updates_per_collab.js:479 WAITING_4
12:33:07.146 updates_per_collab.js:479 WAITING_1
12:33:07.147 updates_per_collab.js:479 WAITING_2
12:33:08.140 updates_per_collab.js:472 FLOORREQUESTED_5
12:33:08.142 updates_per_collab.js:439 FLOORRELEASED_6
12:33:09.142 updates_per_collab.js:458 UPDATE_0
12:33:09.147 updates_per_collab.js:479 WAITING_3
12:33:09.148 updates_per_collab.js:479 WAITING_4
12:33:09.149 updates_per_collab.js:479 WAITING_1
12:33:09.150 updates_per_collab.js:479 WAITING_2
12:33:10.143 updates_per_collab.js:479 WAITING_5
12:33:10.145 updates_per_collab.js:472 FLOORREQUESTED_6
12:33:10.147 updates_per_collab.js:450 THINKING_0
12:33:11.148 updates_per_collab.js:479 WAITING_3
12:33:11.153 updates_per_collab.js:479 WAITING_4
12:33:11.157 updates_per_collab.js:479 WAITING_1
12:33:11.158 updates_per_collab.js:479 WAITING_2
12:33:11.159 updates_per_collab.js:479 WAITING_5
12:33:11.160 updates_per_collab.js:479 WAITING_6
12:33:13.152 updates_per_collab.js:479 WAITING_3
12:33:13.157 updates_per_collab.js:479 WAITING_4
12:33:13.159 updates_per_collab.js:479 WAITING_1
12:33:13.160 updates_per_collab.js:479 WAITING_2
12:33:13.161 updates_per_collab.js:479 WAITING_5
12:33:13.162 updates_per_collab.js:479 WAITING_6
12:33:13.163 updates_per_collab.js:458 UPDATE_0
12:33:14.154 updates_per_collab.js:450 THINKING_0
12:33:15.155 updates_per_collab.js:479 WAITING_3
12:33:15.159 updates_per_collab.js:479 WAITING_4
12:33:15.161 updates_per_collab.js:479 WAITING_1
12:33:15.163 updates_per_collab.js:479 WAITING_2
12:33:15.164 updates_per_collab.js:479 WAITING_5
12:33:15.166 updates_per_collab.js:479 WAITING_6
12:33:17.137 updates_per_collab.js:479 WAITING_3
12:33:17.143 updates_per_collab.js:479 WAITING_4
12:33:17.148 updates_per_collab.js:479 WAITING_1
12:33:17.152 updates_per_collab.js:479 WAITING_2
12:33:17.155 updates_per_collab.js:479 WAITING_5
12:33:17.158 updates_per_collab.js:479 WAITING_6
12:33:19.137 updates_per_collab.js:479 WAITING_3
12:33:19.140 updates_per_collab.js:479 WAITING_4
12:33:19.142 updates_per_collab.js:479 WAITING_1
12:33:19.143 updates_per_collab.js:479 WAITING_2
12:33:19.144 updates_per_collab.js:479 WAITING_5
12:33:19.145 updates_per_collab.js:479 WAITING_6
12:33:19.146 updates_per_collab.js:458 UPDATE_0
12:33:20.142 updates_per_collab.js:439 FLOORRELEASED_0
12:33:20.147 updates_per_collab.js:479 WAITING_3
12:33:20.148 updates_per_collab.js:479 WAITING_4
12:33:21.145 updates_per_collab.js:458 UPDATE_1
12:33:21.147 updates_per_collab.js:479 WAITING_2
12:33:21.149 updates_per_collab.js:479 WAITING_5
12:33:21.150 updates_per_collab.js:479 WAITING_6
12:33:22.146 updates_per_collab.js:472 FLOORREQUESTED_0
12:33:22.151 updates_per_collab.js:479 WAITING_3
12:33:22.152 updates_per_collab.js:479 WAITING_4
12:33:22.154 updates_per_collab.js:450 THINKING_1
12:33:23.141 updates_per_collab.js:479 WAITING_2
12:33:23.142 updates_per_collab.js:479 WAITING_5
12:33:23.144 updates_per_collab.js:479 WAITING_6
12:33:24.142 updates_per_collab.js:479 WAITING_0
12:33:24.144 updates_per_collab.js:479 WAITING_3
12:33:24.145 updates_per_collab.js:479 WAITING_4
12:33:25.146 updates_per_collab.js:479 WAITING_2
12:33:25.151 updates_per_collab.js:479 WAITING_5
12:33:25.153 updates_per_collab.js:479 WAITING_6
12:33:25.154 updates_per_collab.js:458 UPDATE_1
12:33:25.155 updates_per_collab.js:479 WAITING_0
12:33:25.157 updates_per_collab.js:479 WAITING_3
12:33:25.158 updates_per_collab.js:479 WAITING_4
12:33:26.151 updates_per_collab.js:439 FLOORRELEASED_1
12:33:27.140 updates_per_collab.js:458 UPDATE_2
12:33:27.142 updates_per_collab.js:479 WAITING_5
12:33:27.144 updates_per_collab.js:479 WAITING_6
12:33:27.145 updates_per_collab.js:479 WAITING_0
12:33:27.146 updates_per_collab.js:479 WAITING_3
12:33:27.147 updates_per_collab.js:479 WAITING_4
12:33:28.140 updates_per_collab.js:472 FLOORREQUESTED_1
12:33:28.142 updates_per_collab.js:439 FLOORRELEASED_2
12:33:29.140 updates_per_collab.js:479 WAITING_5
12:33:29.144 updates_per_collab.js:479 WAITING_6
12:33:29.145 updates_per_collab.js:479 WAITING_0
12:33:29.147 updates_per_collab.js:458 UPDATE_3
12:33:29.148 updates_per_collab.js:479 WAITING_4
12:33:30.142 updates_per_collab.js:479 WAITING_1
12:33:30.147 updates_per_collab.js:472 FLOORREQUESTED_2
12:33:30.148 updates_per_collab.js:450 THINKING_3
12:33:31.150 updates_per_collab.js:479 WAITING_5
12:33:31.155 updates_per_collab.js:479 WAITING_6
12:33:31.157 updates_per_collab.js:479 WAITING_0
12:33:31.158 updates_per_collab.js:479 WAITING_4
12:33:31.160 updates_per_collab.js:479 WAITING_1
12:33:31.160 updates_per_collab.js:479 WAITING_2
12:33:33.146 updates_per_collab.js:479 WAITING_5
12:33:33.151 updates_per_collab.js:479 WAITING_6
12:33:33.154 updates_per_collab.js:479 WAITING_0
12:33:33.155 updates_per_collab.js:479 WAITING_4
12:33:33.157 updates_per_collab.js:479 WAITING_1
12:33:33.158 updates_per_collab.js:479 WAITING_2
12:33:35.147 updates_per_collab.js:479 WAITING_5
12:33:35.152 updates_per_collab.js:479 WAITING_6
12:33:35.155 updates_per_collab.js:479 WAITING_0
12:33:35.160 updates_per_collab.js:479 WAITING_4
12:33:35.166 updates_per_collab.js:479 WAITING_1
12:33:35.169 updates_per_collab.js:479 WAITING_2
12:33:35.170 updates_per_collab.js:458 UPDATE_3
12:33:36.149 updates_per_collab.js:439 FLOORRELEASED_3
12:33:37.151 updates_per_collab.js:479 WAITING_5
12:33:37.155 updates_per_collab.js:479 WAITING_6
12:33:37.157 updates_per_collab.js:479 WAITING_0
12:33:37.158 updates_per_collab.js:458 UPDATE_4
12:33:37.161 updates_per_collab.js:479 WAITING_1
12:33:37.162 updates_per_collab.js:479 WAITING_2
12:33:38.140 updates_per_collab.js:472 FLOORREQUESTED_3
12:33:38.145 updates_per_collab.js:439 FLOORRELEASED_4
12:33:39.144 updates_per_collab.js:458 UPDATE_5
12:33:39.150 updates_per_collab.js:479 WAITING_6
12:33:39.155 updates_per_collab.js:479 WAITING_0
12:33:39.158 updates_per_collab.js:479 WAITING_1
12:33:39.161 updates_per_collab.js:479 WAITING_2
12:33:40.146 updates_per_collab.js:479 WAITING_3
12:33:40.148 updates_per_collab.js:472 FLOORREQUESTED_4
12:33:40.149 updates_per_collab.js:450 THINKING_5
12:33:41.147 updates_per_collab.js:479 WAITING_6
12:33:41.152 updates_per_collab.js:479 WAITING_0
12:33:41.154 updates_per_collab.js:479 WAITING_1
12:33:41.155 updates_per_collab.js:479 WAITING_2
12:33:42.149 updates_per_collab.js:479 WAITING_3
12:33:42.152 updates_per_collab.js:479 WAITING_4
12:33:43.150 updates_per_collab.js:479 WAITING_6
12:33:43.156 updates_per_collab.js:479 WAITING_0
12:33:43.157 updates_per_collab.js:479 WAITING_1
12:33:43.158 updates_per_collab.js:479 WAITING_2
12:33:44.137 updates_per_collab.js:479 WAITING_3
12:33:44.139 updates_per_collab.js:479 WAITING_4
12:33:44.143 updates_per_collab.js:458 UPDATE_5
12:33:45.141 updates_per_collab.js:479 WAITING_6
12:33:45.146 updates_per_collab.js:479 WAITING_0
12:33:45.150 updates_per_collab.js:479 WAITING_1
12:33:45.157 updates_per_collab.js:479 WAITING_2
12:33:45.164 updates_per_collab.js:439 FLOORRELEASED_5
12:33:45.171 updates_per_collab.js:479 WAITING_3
12:33:46.140 updates_per_collab.js:479 WAITING_4
12:33:47.139 updates_per_collab.js:458 UPDATE_6
12:33:47.146 updates_per_collab.js:479 WAITING_0
12:33:47.149 updates_per_collab.js:479 WAITING_1
12:33:47.152 updates_per_collab.js:479 WAITING_2
12:33:47.155 updates_per_collab.js:472 FLOORREQUESTED_5
12:33:47.157 updates_per_collab.js:479 WAITING_3
12:33:48.145 updates_per_collab.js:479 WAITING_4
12:33:48.149 updates_per_collab.js:439 FLOORRELEASED_6
12:33:49.147 updates_per_collab.js:458 UPDATE_0
12:33:49.148 updates_per_collab.js:479 WAITING_1
12:33:49.150 updates_per_collab.js:479 WAITING_2
12:33:49.152 updates_per_collab.js:479 WAITING_5
12:33:49.153 updates_per_collab.js:479 WAITING_3
12:33:50.157 updates_per_collab.js:479 WAITING_4
12:33:50.161 updates_per_collab.js:472 FLOORREQUESTED_6
12:33:50.164 updates_per_collab.js:450 THINKING_0
12:33:50.167 updates_per_collab.js:479 WAITING_1
12:33:50.169 updates_per_collab.js:479 WAITING_2
12:33:50.171 updates_per_collab.js:479 WAITING_5
12:33:50.173 updates_per_collab.js:479 WAITING_3
12:33:52.137 updates_per_collab.js:479 WAITING_4
12:33:52.140 updates_per_collab.js:479 WAITING_6
12:33:52.142 updates_per_collab.js:479 WAITING_1
12:33:52.143 updates_per_collab.js:479 WAITING_2
12:33:52.144 updates_per_collab.js:479 WAITING_5
12:33:52.145 updates_per_collab.js:479 WAITING_3
12:33:53.156 updates_per_collab.js:458 UPDATE_0
12:33:53.159 updates_per_collab.js:479 WAITING_4
12:33:53.161 updates_per_collab.js:479 WAITING_6
12:33:53.162 updates_per_collab.js:479 WAITING_1
12:33:53.163 updates_per_collab.js:479 WAITING_2
12:33:53.164 updates_per_collab.js:479 WAITING_5
12:33:53.166 updates_per_collab.js:479 WAITING_3
12:33:54.156 updates_per_collab.js:439 FLOORRELEASED_0
12:33:55.140 updates_per_collab.js:479 WAITING_4
12:33:55.146 updates_per_collab.js:479 WAITING_6
12:33:55.150 updates_per_collab.js:458 UPDATE_1
12:33:55.155 updates_per_collab.js:479 WAITING_2
12:33:55.159 updates_per_collab.js:479 WAITING_5
12:33:55.161 updates_per_collab.js:479 WAITING_3
12:33:56.142 updates_per_collab.js:472 FLOORREQUESTED_0
12:33:56.146 updates_per_collab.js:450 THINKING_1
12:33:57.142 updates_per_collab.js:479 WAITING_4
12:33:57.145 updates_per_collab.js:479 WAITING_6
12:33:57.147 updates_per_collab.js:479 WAITING_2
12:33:57.148 updates_per_collab.js:479 WAITING_5
12:33:57.150 updates_per_collab.js:479 WAITING_3
12:33:58.143 updates_per_collab.js:479 WAITING_0
12:33:59.146 updates_per_collab.js:479 WAITING_4
12:33:59.152 updates_per_collab.js:479 WAITING_6
12:33:59.155 updates_per_collab.js:479 WAITING_2
12:33:59.159 updates_per_collab.js:479 WAITING_5
12:33:59.161 updates_per_collab.js:479 WAITING_3
12:33:59.162 updates_per_collab.js:458 UPDATE_1
12:33:59.164 updates_per_collab.js:479 WAITING_0
12:33:59.263 updates_per_collab.js:450 THINKING_1
12:34:00.153 updates_per_collab.js:479 WAITING_4
12:34:00.156 updates_per_collab.js:479 WAITING_6
12:34:00.159 updates_per_collab.js:479 WAITING_2
12:34:00.162 updates_per_collab.js:479 WAITING_5
12:34:00.165 updates_per_collab.js:479 WAITING_3
12:34:00.168 updates_per_collab.js:479 WAITING_0
12:34:01.156 updates_per_collab.js:479 WAITING_4
12:34:01.159 updates_per_collab.js:479 WAITING_6
12:34:01.163 updates_per_collab.js:479 WAITING_2
12:34:01.168 updates_per_collab.js:479 WAITING_5
12:34:01.170 updates_per_collab.js:479 WAITING_3
12:34:01.173 updates_per_collab.js:479 WAITING_0
12:34:02.158 updates_per_collab.js:479 WAITING_4
12:34:02.160 updates_per_collab.js:479 WAITING_6
12:34:02.168 updates_per_collab.js:479 WAITING_2
12:34:02.170 updates_per_collab.js:479 WAITING_5
12:34:02.174 updates_per_collab.js:479 WAITING_3
12:34:02.175 updates_per_collab.js:479 WAITING_0
12:34:03.160 updates_per_collab.js:479 WAITING_4
12:34:03.163 updates_per_collab.js:479 WAITING_6
12:34:03.171 updates_per_collab.js:479 WAITING_2
12:34:03.173 updates_per_collab.js:479 WAITING_5
12:34:03.178 updates_per_collab.js:479 WAITING_3
12:34:03.183 updates_per_collab.js:479 WAITING_0
12:34:03.875 updates_per_collab.js:458 UPDATE_1
12:34:03.976 updates_per_collab.js:450 THINKING_1
12:34:04.166 updates_per_collab.js:479 WAITING_4
12:34:04.169 updates_per_collab.js:479 WAITING_6
12:34:04.172 updates_per_collab.js:479 WAITING_2
12:34:04.175 updates_per_collab.js:479 WAITING_5
12:34:04.184 updates_per_collab.js:479 WAITING_3
12:34:04.187 updates_per_collab.js:479 WAITING_0
12:34:05.170 updates_per_collab.js:479 WAITING_4
12:34:05.172 updates_per_collab.js:479 WAITING_6
12:34:05.173 updates_per_collab.js:479 WAITING_2
12:34:05.176 updates_per_collab.js:479 WAITING_5
12:34:05.187 updates_per_collab.js:479 WAITING_3
12:34:05.189 updates_per_collab.js:479 WAITING_0
12:34:06.182 updates_per_collab.js:479 WAITING_4
12:34:06.184 updates_per_collab.js:479 WAITING_6
12:34:06.186 updates_per_collab.js:479 WAITING_2
12:34:06.188 updates_per_collab.js:479 WAITING_5
12:34:06.190 updates_per_collab.js:479 WAITING_3
12:34:06.192 updates_per_collab.js:479 WAITING_0
12:34:07.185 updates_per_collab.js:479 WAITING_4
12:34:07.187 updates_per_collab.js:479 WAITING_6
12:34:07.188 updates_per_collab.js:479 WAITING_2
12:34:07.191 updates_per_collab.js:479 WAITING_5
12:34:07.198 updates_per_collab.js:479 WAITING_3
12:34:07.200 updates_per_collab.js:479 WAITING_0
12:34:08.187 updates_per_collab.js:458 UPDATE_1
12:34:08.190 updates_per_collab.js:479 WAITING_4
12:34:08.195 updates_per_collab.js:479 WAITING_6
12:34:08.200 updates_per_collab.js:479 WAITING_2
12:34:08.204 updates_per_collab.js:479 WAITING_5
12:34:08.207 updates_per_collab.js:479 WAITING_3
12:34:08.210 updates_per_collab.js:479 WAITING_0
12:34:08.291 updates_per_collab.js:439 FLOORRELEASED_1
12:34:09.195 updates_per_collab.js:479 WAITING_4
12:34:09.201 updates_per_collab.js:479 WAITING_6
12:34:09.206 updates_per_collab.js:458 UPDATE_2
12:34:09.208 updates_per_collab.js:479 WAITING_5
12:34:09.210 updates_per_collab.js:479 WAITING_3
12:34:09.213 updates_per_collab.js:479 WAITING_0
12:34:09.292 updates_per_collab.js:472 FLOORREQUESTED_1
12:34:09.308 updates_per_collab.js:450 THINKING_2
12:34:10.198 updates_per_collab.js:479 WAITING_4
12:34:10.206 updates_per_collab.js:479 WAITING_6
12:34:10.209 updates_per_collab.js:479 WAITING_5
12:34:10.213 updates_per_collab.js:479 WAITING_3
12:34:10.215 updates_per_collab.js:479 WAITING_0
12:34:10.294 updates_per_collab.js:479 WAITING_1
12:34:11.200 updates_per_collab.js:479 WAITING_4
12:34:11.208 updates_per_collab.js:479 WAITING_6
12:34:11.211 updates_per_collab.js:479 WAITING_5
12:34:11.215 updates_per_collab.js:479 WAITING_3
12:34:11.217 updates_per_collab.js:479 WAITING_0
12:34:11.299 updates_per_collab.js:479 WAITING_1
12:34:12.039 updates_per_collab.js:458 UPDATE_2
12:34:12.143 updates_per_collab.js:439 FLOORRELEASED_2
12:34:12.201 updates_per_collab.js:479 WAITING_4
12:34:12.211 updates_per_collab.js:479 WAITING_6
12:34:12.213 updates_per_collab.js:479 WAITING_5
12:34:12.217 updates_per_collab.js:458 UPDATE_3
12:34:12.220 updates_per_collab.js:479 WAITING_0
12:34:12.302 updates_per_collab.js:479 WAITING_1
12:34:12.319 updates_per_collab.js:439 FLOORRELEASED_3
12:34:13.145 updates_per_collab.js:472 FLOORREQUESTED_2
12:34:13.208 updates_per_collab.js:458 UPDATE_4
12:34:13.213 updates_per_collab.js:479 WAITING_6
12:34:13.215 updates_per_collab.js:479 WAITING_5
12:34:13.229 updates_per_collab.js:479 WAITING_0
12:34:13.305 updates_per_collab.js:479 WAITING_1
12:34:13.310 updates_per_collab.js:439 FLOORRELEASED_4
12:34:13.321 updates_per_collab.js:472 FLOORREQUESTED_3
12:34:14.160 updates_per_collab.js:479 WAITING_2
12:34:14.225 updates_per_collab.js:479 WAITING_6
12:34:14.226 updates_per_collab.js:458 UPDATE_5
12:34:14.233 updates_per_collab.js:479 WAITING_0
12:34:14.308 updates_per_collab.js:479 WAITING_1
12:34:14.312 updates_per_collab.js:472 FLOORREQUESTED_4
12:34:14.323 updates_per_collab.js:479 WAITING_3
12:34:14.328 updates_per_collab.js:450 THINKING_5
12:34:15.165 updates_per_collab.js:479 WAITING_2
12:34:15.230 updates_per_collab.js:479 WAITING_6
12:34:15.237 updates_per_collab.js:479 WAITING_0
12:34:15.313 updates_per_collab.js:479 WAITING_1
12:34:15.316 updates_per_collab.js:479 WAITING_4
12:34:15.327 updates_per_collab.js:479 WAITING_3
12:34:16.169 updates_per_collab.js:479 WAITING_2
12:34:16.244 updates_per_collab.js:479 WAITING_6
12:34:16.245 updates_per_collab.js:479 WAITING_0
12:34:16.332 updates_per_collab.js:479 WAITING_1
12:34:16.334 updates_per_collab.js:479 WAITING_4
12:34:16.336 updates_per_collab.js:479 WAITING_3
12:34:17.172 updates_per_collab.js:479 WAITING_2
12:34:17.260 updates_per_collab.js:479 WAITING_6
12:34:17.261 updates_per_collab.js:479 WAITING_0
12:34:17.343 updates_per_collab.js:479 WAITING_1
12:34:17.345 updates_per_collab.js:479 WAITING_4
12:34:17.346 updates_per_collab.js:479 WAITING_3
12:34:18.179 updates_per_collab.js:479 WAITING_2
12:34:18.275 updates_per_collab.js:479 WAITING_6
12:34:18.276 updates_per_collab.js:479 WAITING_0
12:34:18.358 updates_per_collab.js:479 WAITING_1
12:34:18.360 updates_per_collab.js:479 WAITING_4
12:34:18.361 updates_per_collab.js:479 WAITING_3
12:34:18.921 updates_per_collab.js:458 UPDATE_5
12:34:19.024 updates_per_collab.js:450 THINKING_5
12:34:19.187 updates_per_collab.js:479 WAITING_2
12:34:19.292 updates_per_collab.js:479 WAITING_6
12:34:19.296 updates_per_collab.js:479 WAITING_0
12:34:19.375 updates_per_collab.js:479 WAITING_1
12:34:19.376 updates_per_collab.js:479 WAITING_4
12:34:19.377 updates_per_collab.js:479 WAITING_3
12:34:20.196 updates_per_collab.js:479 WAITING_2
12:34:20.308 updates_per_collab.js:479 WAITING_6
12:34:20.310 updates_per_collab.js:479 WAITING_0
12:34:20.391 updates_per_collab.js:479 WAITING_1
12:34:20.393 updates_per_collab.js:479 WAITING_4
12:34:20.395 updates_per_collab.js:479 WAITING_3
12:34:21.070 updates_per_collab.js:458 UPDATE_5
12:34:21.178 updates_per_collab.js:439 FLOORRELEASED_5
12:34:21.199 updates_per_collab.js:479 WAITING_2
12:34:21.320 updates_per_collab.js:458 UPDATE_6
12:34:21.321 updates_per_collab.js:479 WAITING_0
12:34:21.407 updates_per_collab.js:479 WAITING_1
12:34:21.408 updates_per_collab.js:479 WAITING_4
12:34:21.410 updates_per_collab.js:479 WAITING_3
12:34:21.422 updates_per_collab.js:439 FLOORRELEASED_6
12:34:22.181 updates_per_collab.js:472 FLOORREQUESTED_5
12:34:22.203 updates_per_collab.js:479 WAITING_2
12:34:22.324 updates_per_collab.js:458 UPDATE_0
12:34:22.409 updates_per_collab.js:479 WAITING_1
12:34:22.410 updates_per_collab.js:479 WAITING_4
12:34:22.412 updates_per_collab.js:479 WAITING_3
12:34:22.425 updates_per_collab.js:472 FLOORREQUESTED_6
12:34:22.427 updates_per_collab.js:439 FLOORRELEASED_0
12:34:23.191 updates_per_collab.js:479 WAITING_5
12:34:23.205 updates_per_collab.js:479 WAITING_2
12:34:23.424 updates_per_collab.js:458 UPDATE_1
12:34:23.427 updates_per_collab.js:479 WAITING_4
12:34:23.430 updates_per_collab.js:479 WAITING_3
12:34:23.433 updates_per_collab.js:479 WAITING_6
12:34:23.434 updates_per_collab.js:472 FLOORREQUESTED_0
12:34:23.529 updates_per_collab.js:450 THINKING_1
12:34:24.198 updates_per_collab.js:479 WAITING_5
12:34:24.208 updates_per_collab.js:479 WAITING_2
12:34:24.441 updates_per_collab.js:479 WAITING_4
12:34:24.444 updates_per_collab.js:479 WAITING_3
12:34:24.447 updates_per_collab.js:479 WAITING_6
12:34:24.450 updates_per_collab.js:479 WAITING_0
12:34:25.212 updates_per_collab.js:479 WAITING_5
12:34:25.215 updates_per_collab.js:479 WAITING_2
12:34:25.472 updates_per_collab.js:479 WAITING_4
12:34:25.475 updates_per_collab.js:479 WAITING_3
12:34:25.478 updates_per_collab.js:479 WAITING_6
12:34:25.481 updates_per_collab.js:479 WAITING_0
12:34:25.720 updates_per_collab.js:458 UPDATE_1
12:34:25.836 updates_per_collab.js:439 FLOORRELEASED_1
12:34:26.224 updates_per_collab.js:479 WAITING_5
12:34:26.226 updates_per_collab.js:458 UPDATE_2
12:34:26.337 updates_per_collab.js:439 FLOORRELEASED_2
12:34:26.476 updates_per_collab.js:479 WAITING_4
12:34:26.479 updates_per_collab.js:458 UPDATE_3
12:34:26.481 updates_per_collab.js:479 WAITING_6
12:34:26.482 updates_per_collab.js:479 WAITING_0
12:34:26.581 updates_per_collab.js:439 FLOORRELEASED_3
12:34:26.854 updates_per_collab.js:472 FLOORREQUESTED_1
12:34:27.239 updates_per_collab.js:479 WAITING_5
12:34:27.354 updates_per_collab.js:472 FLOORREQUESTED_2
12:34:27.492 updates_per_collab.js:458 UPDATE_4
12:34:27.495 updates_per_collab.js:479 WAITING_6
12:34:27.497 updates_per_collab.js:479 WAITING_0
12:34:27.584 updates_per_collab.js:472 FLOORREQUESTED_3
12:34:27.595 updates_per_collab.js:439 FLOORRELEASED_4
12:34:27.877 updates_per_collab.js:479 WAITING_1
12:34:28.253 updates_per_collab.js:458 UPDATE_5
12:34:28.377 updates_per_collab.js:479 WAITING_2
12:34:28.378 updates_per_collab.js:450 THINKING_5
12:34:28.509 updates_per_collab.js:479 WAITING_6
12:34:28.510 updates_per_collab.js:479 WAITING_0
12:34:28.593 updates_per_collab.js:479 WAITING_3
12:34:28.596 updates_per_collab.js:472 FLOORREQUESTED_4
12:34:28.893 updates_per_collab.js:479 WAITING_1
12:34:29.394 updates_per_collab.js:479 WAITING_2
12:34:29.525 updates_per_collab.js:479 WAITING_6
12:34:29.528 updates_per_collab.js:479 WAITING_0
12:34:29.596 updates_per_collab.js:479 WAITING_3
12:34:29.599 updates_per_collab.js:479 WAITING_4
12:34:29.910 updates_per_collab.js:479 WAITING_1
12:34:30.397 updates_per_collab.js:479 WAITING_2
12:34:30.530 updates_per_collab.js:479 WAITING_6
12:34:30.533 updates_per_collab.js:479 WAITING_0
12:34:30.603 updates_per_collab.js:479 WAITING_3
12:34:30.604 updates_per_collab.js:479 WAITING_4
12:34:30.914 updates_per_collab.js:479 WAITING_1
12:34:31.415 updates_per_collab.js:479 WAITING_2
12:34:31.533 updates_per_collab.js:479 WAITING_6
12:34:31.535 updates_per_collab.js:479 WAITING_0
12:34:31.620 updates_per_collab.js:479 WAITING_3
12:34:31.621 updates_per_collab.js:479 WAITING_4
12:34:31.931 updates_per_collab.js:479 WAITING_1
12:34:32.417 updates_per_collab.js:479 WAITING_2
12:34:32.548 updates_per_collab.js:479 WAITING_6
12:34:32.550 updates_per_collab.js:479 WAITING_0
12:34:32.636 updates_per_collab.js:479 WAITING_3
12:34:32.638 updates_per_collab.js:479 WAITING_4
12:34:32.933 updates_per_collab.js:479 WAITING_1
12:34:33.317 updates_per_collab.js:458 UPDATE_5
12:34:33.419 updates_per_collab.js:479 WAITING_2
12:34:33.421 updates_per_collab.js:439 FLOORRELEASED_5
12:34:33.564 updates_per_collab.js:458 UPDATE_6
12:34:33.567 updates_per_collab.js:479 WAITING_0
12:34:33.652 updates_per_collab.js:479 WAITING_3
12:34:33.653 updates_per_collab.js:479 WAITING_4
12:34:33.667 updates_per_collab.js:439 FLOORRELEASED_6
12:34:33.950 updates_per_collab.js:479 WAITING_1
12:34:34.435 updates_per_collab.js:479 WAITING_2
12:34:34.436 updates_per_collab.js:472 FLOORREQUESTED_5
12:34:34.588 updates_per_collab.js:458 UPDATE_0
12:34:34.668 updates_per_collab.js:479 WAITING_3
12:34:34.669 updates_per_collab.js:479 WAITING_4
12:34:34.670 updates_per_collab.js:472 FLOORREQUESTED_6
12:34:34.690 updates_per_collab.js:450 THINKING_0
12:34:34.967 updates_per_collab.js:479 WAITING_1
12:34:35.452 updates_per_collab.js:479 WAITING_2
12:34:35.455 updates_per_collab.js:479 WAITING_5
12:34:35.690 updates_per_collab.js:479 WAITING_3
12:34:35.694 updates_per_collab.js:479 WAITING_4
12:34:35.695 updates_per_collab.js:479 WAITING_6
12:34:35.991 updates_per_collab.js:479 WAITING_1
12:34:36.457 updates_per_collab.js:479 WAITING_2
12:34:36.459 updates_per_collab.js:479 WAITING_5
12:34:36.695 updates_per_collab.js:479 WAITING_3
12:34:36.697 updates_per_collab.js:479 WAITING_4
12:34:36.700 updates_per_collab.js:479 WAITING_6
12:34:36.995 updates_per_collab.js:479 WAITING_1
12:34:37.474 updates_per_collab.js:479 WAITING_2
12:34:37.476 updates_per_collab.js:479 WAITING_5
12:34:37.712 updates_per_collab.js:479 WAITING_3
12:34:37.717 updates_per_collab.js:479 WAITING_4
12:34:37.719 updates_per_collab.js:479 WAITING_6
12:34:38.012 updates_per_collab.js:479 WAITING_1
12:34:38.499 updates_per_collab.js:479 WAITING_2
12:34:38.501 updates_per_collab.js:479 WAITING_5
12:34:38.699 updates_per_collab.js:458 UPDATE_0
12:34:38.716 updates_per_collab.js:479 WAITING_3
12:34:38.719 updates_per_collab.js:479 WAITING_4
12:34:38.721 updates_per_collab.js:479 WAITING_6
12:34:38.803 updates_per_collab.js:439 FLOORRELEASED_0
12:34:39.030 updates_per_collab.js:458 UPDATE_1
12:34:39.135 updates_per_collab.js:491 END_1
12:34:39.505 updates_per_collab.js:458 UPDATE_2
12:34:39.509 updates_per_collab.js:479 WAITING_5
12:34:39.621 updates_per_collab.js:450 THINKING_2
12:34:39.721 updates_per_collab.js:479 WAITING_3
12:34:39.723 updates_per_collab.js:479 WAITING_4
12:34:39.725 updates_per_collab.js:479 WAITING_6
12:34:39.806 updates_per_collab.js:472 FLOORREQUESTED_0
12:34:40.522 updates_per_collab.js:479 WAITING_5
12:34:40.738 updates_per_collab.js:479 WAITING_3
12:34:40.741 updates_per_collab.js:479 WAITING_4
12:34:40.744 updates_per_collab.js:479 WAITING_6
12:34:40.808 updates_per_collab.js:479 WAITING_0
12:34:41.540 updates_per_collab.js:479 WAITING_5
12:34:41.749 updates_per_collab.js:479 WAITING_3
12:34:41.751 updates_per_collab.js:479 WAITING_4
12:34:41.752 updates_per_collab.js:479 WAITING_6
12:34:41.811 updates_per_collab.js:479 WAITING_0
12:34:42.187 updates_per_collab.js:458 UPDATE_2
12:34:42.295 updates_per_collab.js:450 THINKING_2
12:34:42.544 updates_per_collab.js:479 WAITING_5
12:34:42.763 updates_per_collab.js:479 WAITING_3
12:34:42.766 updates_per_collab.js:479 WAITING_4
12:34:42.768 updates_per_collab.js:479 WAITING_6
12:34:42.813 updates_per_collab.js:479 WAITING_0
12:34:43.547 updates_per_collab.js:479 WAITING_5
12:34:43.771 updates_per_collab.js:479 WAITING_3
12:34:43.773 updates_per_collab.js:479 WAITING_4
12:34:43.776 updates_per_collab.js:479 WAITING_6
12:34:43.816 updates_per_collab.js:479 WAITING_0
12:34:44.532 updates_per_collab.js:458 UPDATE_2
12:34:44.549 updates_per_collab.js:479 WAITING_5
12:34:44.635 updates_per_collab.js:450 THINKING_2
12:34:44.780 updates_per_collab.js:479 WAITING_3
12:34:44.781 updates_per_collab.js:479 WAITING_4
12:34:44.782 updates_per_collab.js:479 WAITING_6
12:34:44.818 updates_per_collab.js:479 WAITING_0
12:34:45.565 updates_per_collab.js:479 WAITING_5
12:34:45.797 updates_per_collab.js:479 WAITING_3
12:34:45.800 updates_per_collab.js:479 WAITING_4
12:34:45.803 updates_per_collab.js:479 WAITING_6
12:34:45.821 updates_per_collab.js:479 WAITING_0
12:34:46.582 updates_per_collab.js:479 WAITING_5
12:34:46.820 updates_per_collab.js:479 WAITING_3
12:34:46.821 updates_per_collab.js:479 WAITING_4
12:34:46.823 updates_per_collab.js:479 WAITING_6
12:34:46.824 updates_per_collab.js:479 WAITING_0
12:34:47.599 updates_per_collab.js:479 WAITING_5
12:34:47.836 updates_per_collab.js:479 WAITING_3
12:34:47.838 updates_per_collab.js:479 WAITING_4
12:34:47.839 updates_per_collab.js:479 WAITING_6
12:34:47.840 updates_per_collab.js:479 WAITING_0
12:34:48.622 updates_per_collab.js:479 WAITING_5
12:34:48.839 updates_per_collab.js:479 WAITING_3
12:34:48.842 updates_per_collab.js:479 WAITING_4
12:34:48.845 updates_per_collab.js:479 WAITING_6
12:34:48.848 updates_per_collab.js:479 WAITING_0
12:34:49.503 updates_per_collab.js:458 UPDATE_2
12:34:49.624 updates_per_collab.js:439 FLOORRELEASED_2
12:34:49.628 updates_per_collab.js:479 WAITING_5
12:34:49.856 updates_per_collab.js:458 UPDATE_3
12:34:49.859 updates_per_collab.js:479 WAITING_4
12:34:49.861 updates_per_collab.js:479 WAITING_6
12:34:49.862 updates_per_collab.js:479 WAITING_0
12:34:49.959 updates_per_collab.js:439 FLOORRELEASED_3
12:34:50.641 updates_per_collab.js:472 FLOORREQUESTED_2
12:34:50.642 updates_per_collab.js:479 WAITING_5
12:34:50.874 updates_per_collab.js:458 UPDATE_4
12:34:50.876 updates_per_collab.js:479 WAITING_6
12:34:50.878 updates_per_collab.js:479 WAITING_0
12:34:50.962 updates_per_collab.js:472 FLOORREQUESTED_3
12:34:50.977 updates_per_collab.js:450 THINKING_4
12:34:51.643 updates_per_collab.js:479 WAITING_2
12:34:51.646 updates_per_collab.js:479 WAITING_5
12:34:51.890 updates_per_collab.js:479 WAITING_6
12:34:51.892 updates_per_collab.js:479 WAITING_0
12:34:51.976 updates_per_collab.js:479 WAITING_3
12:34:52.660 updates_per_collab.js:479 WAITING_2
12:34:52.663 updates_per_collab.js:479 WAITING_5
12:34:52.907 updates_per_collab.js:479 WAITING_6
12:34:52.910 updates_per_collab.js:479 WAITING_0
12:34:52.977 updates_per_collab.js:479 WAITING_3
12:34:53.432 updates_per_collab.js:458 UPDATE_4
12:34:53.548 updates_per_collab.js:439 FLOORRELEASED_4
12:34:53.664 updates_per_collab.js:479 WAITING_2
12:34:53.666 updates_per_collab.js:458 UPDATE_5
12:34:53.779 updates_per_collab.js:439 FLOORRELEASED_5
12:34:53.933 updates_per_collab.js:458 UPDATE_6
12:34:53.937 updates_per_collab.js:479 WAITING_0
12:34:53.979 updates_per_collab.js:479 WAITING_3
12:34:54.037 updates_per_collab.js:450 THINKING_6
12:34:54.550 updates_per_collab.js:472 FLOORREQUESTED_4
12:34:54.681 updates_per_collab.js:479 WAITING_2
12:34:54.791 updates_per_collab.js:472 FLOORREQUESTED_5
12:34:54.951 updates_per_collab.js:479 WAITING_0
12:34:54.980 updates_per_collab.js:479 WAITING_3
12:34:55.568 updates_per_collab.js:479 WAITING_4
12:34:55.683 updates_per_collab.js:479 WAITING_2
12:34:55.806 updates_per_collab.js:479 WAITING_5
12:34:55.956 updates_per_collab.js:479 WAITING_0
12:34:55.982 updates_per_collab.js:479 WAITING_3
12:34:56.319 updates_per_collab.js:458 UPDATE_6
12:34:56.425 updates_per_collab.js:450 THINKING_6
12:34:56.585 updates_per_collab.js:479 WAITING_4
12:34:56.688 updates_per_collab.js:479 WAITING_2
12:34:56.815 updates_per_collab.js:479 WAITING_5
12:34:56.967 updates_per_collab.js:479 WAITING_0
12:34:56.983 updates_per_collab.js:479 WAITING_3
12:34:57.592 updates_per_collab.js:479 WAITING_4
12:34:57.704 updates_per_collab.js:479 WAITING_2
12:34:57.823 updates_per_collab.js:479 WAITING_5
12:34:57.974 updates_per_collab.js:479 WAITING_0
12:34:57.988 updates_per_collab.js:479 WAITING_3
12:34:58.599 updates_per_collab.js:479 WAITING_4
12:34:58.719 updates_per_collab.js:479 WAITING_2
12:34:58.844 updates_per_collab.js:479 WAITING_5
12:34:58.977 updates_per_collab.js:479 WAITING_0
12:34:58.992 updates_per_collab.js:479 WAITING_3
12:34:59.393 updates_per_collab.js:458 UPDATE_6
12:34:59.505 updates_per_collab.js:439 FLOORRELEASED_6
12:34:59.607 updates_per_collab.js:479 WAITING_4
12:34:59.722 updates_per_collab.js:479 WAITING_2
12:34:59.861 updates_per_collab.js:479 WAITING_5
12:34:59.995 updates_per_collab.js:458 UPDATE_0
12:34:59.997 updates_per_collab.js:479 WAITING_3
12:35:00.104 updates_per_collab.js:439 FLOORRELEASED_0
12:35:00.509 updates_per_collab.js:472 FLOORREQUESTED_6
12:35:00.620 updates_per_collab.js:479 WAITING_4
12:35:00.747 updates_per_collab.js:458 UPDATE_2
12:35:00.854 updates_per_collab.js:439 FLOORRELEASED_2
12:35:00.865 updates_per_collab.js:479 WAITING_5
12:35:01.004 updates_per_collab.js:458 UPDATE_3
12:35:01.119 updates_per_collab.js:439 FLOORRELEASED_3
12:35:01.122 updates_per_collab.js:472 FLOORREQUESTED_0
12:35:01.511 updates_per_collab.js:479 WAITING_6
12:35:01.649 updates_per_collab.js:458 UPDATE_4
12:35:01.765 updates_per_collab.js:450 THINKING_4
12:35:01.856 updates_per_collab.js:472 FLOORREQUESTED_2
12:35:01.867 updates_per_collab.js:479 WAITING_5
12:35:02.123 updates_per_collab.js:472 FLOORREQUESTED_3
12:35:02.125 updates_per_collab.js:479 WAITING_0
12:35:02.527 updates_per_collab.js:479 WAITING_6
12:35:02.866 updates_per_collab.js:479 WAITING_2
12:35:02.870 updates_per_collab.js:479 WAITING_5
12:35:03.129 updates_per_collab.js:479 WAITING_3
12:35:03.131 updates_per_collab.js:479 WAITING_0
12:35:03.552 updates_per_collab.js:479 WAITING_6
12:35:03.884 updates_per_collab.js:479 WAITING_2
12:35:03.887 updates_per_collab.js:479 WAITING_5
12:35:04.153 updates_per_collab.js:479 WAITING_3
12:35:04.157 updates_per_collab.js:479 WAITING_0
12:35:04.570 updates_per_collab.js:479 WAITING_6
12:35:04.901 updates_per_collab.js:479 WAITING_2
12:35:04.904 updates_per_collab.js:479 WAITING_5
12:35:05.164 updates_per_collab.js:479 WAITING_3
12:35:05.165 updates_per_collab.js:479 WAITING_0
12:35:05.586 updates_per_collab.js:479 WAITING_6
12:35:05.918 updates_per_collab.js:479 WAITING_2
12:35:05.921 updates_per_collab.js:479 WAITING_5
12:35:05.987 updates_per_collab.js:458 UPDATE_4
12:35:06.102 updates_per_collab.js:450 THINKING_4
12:35:06.166 updates_per_collab.js:479 WAITING_3
12:35:06.167 updates_per_collab.js:479 WAITING_0
12:35:06.603 updates_per_collab.js:479 WAITING_6
12:35:06.922 updates_per_collab.js:479 WAITING_2
12:35:06.924 updates_per_collab.js:479 WAITING_5
12:35:07.169 updates_per_collab.js:479 WAITING_3
12:35:07.172 updates_per_collab.js:479 WAITING_0
12:35:07.608 updates_per_collab.js:479 WAITING_6
12:35:07.924 updates_per_collab.js:479 WAITING_2
12:35:07.927 updates_per_collab.js:479 WAITING_5
12:35:08.177 updates_per_collab.js:479 WAITING_3
12:35:08.179 updates_per_collab.js:479 WAITING_0
12:35:08.626 updates_per_collab.js:479 WAITING_6
12:35:08.942 updates_per_collab.js:479 WAITING_2
12:35:08.945 updates_per_collab.js:479 WAITING_5
12:35:09.184 updates_per_collab.js:479 WAITING_3
12:35:09.185 updates_per_collab.js:479 WAITING_0
12:35:09.630 updates_per_collab.js:479 WAITING_6
12:35:09.946 updates_per_collab.js:479 WAITING_2
12:35:09.949 updates_per_collab.js:479 WAITING_5
12:35:10.070 updates_per_collab.js:458 UPDATE_4
12:35:10.185 updates_per_collab.js:450 THINKING_4
12:35:10.187 updates_per_collab.js:479 WAITING_3
12:35:10.188 updates_per_collab.js:479 WAITING_0
12:35:10.633 updates_per_collab.js:479 WAITING_6
12:35:10.949 updates_per_collab.js:479 WAITING_2
12:35:10.952 updates_per_collab.js:479 WAITING_5
12:35:11.192 updates_per_collab.js:479 WAITING_3
12:35:11.194 updates_per_collab.js:479 WAITING_0
12:35:11.637 updates_per_collab.js:479 WAITING_6
12:35:11.953 updates_per_collab.js:479 WAITING_2
12:35:11.956 updates_per_collab.js:479 WAITING_5
12:35:12.198 updates_per_collab.js:479 WAITING_3
12:35:12.199 updates_per_collab.js:479 WAITING_0
12:35:12.654 updates_per_collab.js:479 WAITING_6
12:35:12.953 updates_per_collab.js:458 UPDATE_4
12:35:12.957 updates_per_collab.js:479 WAITING_2
12:35:12.960 updates_per_collab.js:479 WAITING_5
12:35:13.054 updates_per_collab.js:439 FLOORRELEASED_4
12:35:13.199 updates_per_collab.js:479 WAITING_3
12:35:13.201 updates_per_collab.js:479 WAITING_0
12:35:13.657 updates_per_collab.js:479 WAITING_6
12:35:13.984 updates_per_collab.js:479 WAITING_2
12:35:13.989 updates_per_collab.js:458 UPDATE_5
12:35:14.056 updates_per_collab.js:472 FLOORREQUESTED_4
12:35:14.092 updates_per_collab.js:439 FLOORRELEASED_5
12:35:14.216 updates_per_collab.js:479 WAITING_3
12:35:14.222 updates_per_collab.js:479 WAITING_0
12:35:14.679 updates_per_collab.js:458 UPDATE_6
12:35:14.795 updates_per_collab.js:439 FLOORRELEASED_6
12:35:14.997 updates_per_collab.js:479 WAITING_2
12:35:15.065 updates_per_collab.js:479 WAITING_4
12:35:15.095 updates_per_collab.js:472 FLOORREQUESTED_5
12:35:15.231 updates_per_collab.js:479 WAITING_3
12:35:15.233 updates_per_collab.js:458 UPDATE_0
12:35:15.347 updates_per_collab.js:439 FLOORRELEASED_0
12:35:15.797 updates_per_collab.js:472 FLOORREQUESTED_6
12:35:16.013 updates_per_collab.js:458 UPDATE_2
12:35:16.082 updates_per_collab.js:479 WAITING_4
12:35:16.097 updates_per_collab.js:479 WAITING_5
12:35:16.114 updates_per_collab.js:439 FLOORRELEASED_2
12:35:16.248 updates_per_collab.js:458 UPDATE_3
12:35:16.362 updates_per_collab.js:472 FLOORREQUESTED_0
12:35:16.366 updates_per_collab.js:450 THINKING_3
12:35:16.799 updates_per_collab.js:479 WAITING_6
12:35:17.084 updates_per_collab.js:479 WAITING_4
12:35:17.099 updates_per_collab.js:479 WAITING_5
12:35:17.117 updates_per_collab.js:472 FLOORREQUESTED_2
12:35:17.385 updates_per_collab.js:479 WAITING_0
12:35:17.805 updates_per_collab.js:479 WAITING_6
12:35:18.094 updates_per_collab.js:479 WAITING_4
12:35:18.102 updates_per_collab.js:479 WAITING_5
12:35:18.118 updates_per_collab.js:479 WAITING_2
12:35:18.394 updates_per_collab.js:479 WAITING_0
12:35:18.778 updates_per_collab.js:458 UPDATE_3
12:35:18.808 updates_per_collab.js:479 WAITING_6
12:35:18.883 updates_per_collab.js:439 FLOORRELEASED_3
12:35:19.098 updates_per_collab.js:458 UPDATE_4
12:35:19.107 updates_per_collab.js:479 WAITING_5
12:35:19.122 updates_per_collab.js:479 WAITING_2
12:35:19.201 updates_per_collab.js:439 FLOORRELEASED_4
12:35:19.413 updates_per_collab.js:479 WAITING_0
12:35:19.815 updates_per_collab.js:479 WAITING_6
12:35:19.899 updates_per_collab.js:472 FLOORREQUESTED_3
12:35:20.116 updates_per_collab.js:458 UPDATE_5
12:35:20.123 updates_per_collab.js:479 WAITING_2
12:35:20.203 updates_per_collab.js:472 FLOORREQUESTED_4
12:35:20.220 updates_per_collab.js:439 FLOORRELEASED_5
12:35:20.416 updates_per_collab.js:479 WAITING_0
12:35:20.821 updates_per_collab.js:458 UPDATE_6
12:35:20.906 updates_per_collab.js:479 WAITING_3
12:35:20.922 updates_per_collab.js:439 FLOORRELEASED_6
12:35:21.137 updates_per_collab.js:479 WAITING_2
12:35:21.213 updates_per_collab.js:479 WAITING_4
12:35:21.223 updates_per_collab.js:472 FLOORREQUESTED_5
12:35:21.422 updates_per_collab.js:458 UPDATE_0
12:35:21.524 updates_per_collab.js:491 END_0
12:35:21.923 updates_per_collab.js:479 WAITING_3
12:35:21.925 updates_per_collab.js:472 FLOORREQUESTED_6
12:35:22.142 updates_per_collab.js:458 UPDATE_2
12:35:22.224 updates_per_collab.js:479 WAITING_4
12:35:22.225 updates_per_collab.js:479 WAITING_5
12:35:22.246 updates_per_collab.js:439 FLOORRELEASED_2
12:35:22.939 updates_per_collab.js:458 UPDATE_3
12:35:22.941 updates_per_collab.js:479 WAITING_6
12:35:23.045 updates_per_collab.js:439 FLOORRELEASED_3
12:35:23.240 updates_per_collab.js:458 UPDATE_4
12:35:23.241 updates_per_collab.js:479 WAITING_5
12:35:23.250 updates_per_collab.js:472 FLOORREQUESTED_2
12:35:23.342 updates_per_collab.js:450 THINKING_4
12:35:23.945 updates_per_collab.js:479 WAITING_6
12:35:24.060 updates_per_collab.js:472 FLOORREQUESTED_3
12:35:24.257 updates_per_collab.js:479 WAITING_5
12:35:24.260 updates_per_collab.js:479 WAITING_2
12:35:24.962 updates_per_collab.js:479 WAITING_6
12:35:25.076 updates_per_collab.js:479 WAITING_3
12:35:25.268 updates_per_collab.js:479 WAITING_5
12:35:25.270 updates_per_collab.js:479 WAITING_2
12:35:25.971 updates_per_collab.js:479 WAITING_6
12:35:26.092 updates_per_collab.js:479 WAITING_3
12:35:26.271 updates_per_collab.js:479 WAITING_5
12:35:26.274 updates_per_collab.js:479 WAITING_2
12:35:26.976 updates_per_collab.js:479 WAITING_6
12:35:27.108 updates_per_collab.js:479 WAITING_3
12:35:27.279 updates_per_collab.js:479 WAITING_5
12:35:27.280 updates_per_collab.js:479 WAITING_2
12:35:27.733 updates_per_collab.js:458 UPDATE_4
12:35:27.849 updates_per_collab.js:491 END_4
12:35:27.980 updates_per_collab.js:479 WAITING_6
12:35:28.133 updates_per_collab.js:479 WAITING_3
12:35:28.296 updates_per_collab.js:458 UPDATE_5
12:35:28.299 updates_per_collab.js:479 WAITING_2
12:35:28.407 updates_per_collab.js:491 END_5
12:35:28.996 updates_per_collab.js:458 UPDATE_6
12:35:29.106 updates_per_collab.js:439 FLOORRELEASED_6
12:35:29.135 updates_per_collab.js:479 WAITING_3
12:35:29.307 updates_per_collab.js:458 UPDATE_2
12:35:29.434 updates_per_collab.js:491 END_2
12:35:30.113 updates_per_collab.js:472 FLOORREQUESTED_6
12:35:30.137 updates_per_collab.js:458 UPDATE_3
12:35:30.240 updates_per_collab.js:450 THINKING_3
12:35:31.137 updates_per_collab.js:479 WAITING_6
12:35:32.142 updates_per_collab.js:479 WAITING_6
12:35:32.588 updates_per_collab.js:458 UPDATE_3
12:35:32.690 updates_per_collab.js:439 FLOORRELEASED_3
12:35:33.148 updates_per_collab.js:458 UPDATE_6
12:35:33.257 updates_per_collab.js:439 FLOORRELEASED_6
12:35:33.705 updates_per_collab.js:472 FLOORREQUESTED_3
12:35:34.260 updates_per_collab.js:472 FLOORREQUESTED_6
12:35:34.724 updates_per_collab.js:458 UPDATE_3
12:35:34.846 updates_per_collab.js:491 END_3
12:35:35.268 updates_per_collab.js:458 UPDATE_6
12:35:35.373 updates_per_collab.js:491 END_6
