12:21:05.801 updates_per_collab.js:536 Tasks: 25; Collaborators: 3    =========================>
12:21:05.802 updates_per_collab.js:472 FLOORREQUESTED_0
12:21:05.803 updates_per_collab.js:472 FLOORREQUESTED_1
12:21:05.804 updates_per_collab.js:472 FLOORREQUESTED_2
12:21:06.804 updates_per_collab.js:450 THINKING_0
12:21:06.806 updates_per_collab.js:479 WAITING_1
12:21:06.807 updates_per_collab.js:479 WAITING_2
12:21:07.807 updates_per_collab.js:479 WAITING_1
12:21:07.809 updates_per_collab.js:479 WAITING_2
12:21:08.809 updates_per_collab.js:479 WAITING_1
12:21:08.810 updates_per_collab.js:479 WAITING_2
12:21:09.811 updates_per_collab.js:479 WAITING_1
12:21:09.812 updates_per_collab.js:479 WAITING_2
12:21:10.813 updates_per_collab.js:479 WAITING_1
12:21:10.814 updates_per_collab.js:479 WAITING_2
12:21:11.155 updates_per_collab.js:458 UPDATE_0
12:21:11.257 updates_per_collab.js:439 FLOORRELEASED_0
12:21:11.815 updates_per_collab.js:450 THINKING_1
12:21:11.816 updates_per_collab.js:479 WAITING_2
12:21:12.259 updates_per_collab.js:472 FLOORREQUESTED_0
12:21:12.817 updates_per_collab.js:479 WAITING_2
12:21:13.261 updates_per_collab.js:479 WAITING_0
12:21:13.819 updates_per_collab.js:479 WAITING_2
12:21:14.263 updates_per_collab.js:479 WAITING_0
12:21:14.762 updates_per_collab.js:458 UPDATE_1
12:21:14.821 updates_per_collab.js:479 WAITING_2
12:21:14.863 updates_per_collab.js:439 FLOORRELEASED_1
12:21:15.265 updates_per_collab.js:479 WAITING_0
12:21:15.823 updates_per_collab.js:439 FLOORRELEASED_2
12:21:15.864 updates_per_collab.js:472 FLOORREQUESTED_1
12:21:16.267 updates_per_collab.js:458 UPDATE_0
12:21:16.370 updates_per_collab.js:439 FLOORRELEASED_0
12:21:16.825 updates_per_collab.js:472 FLOORREQUESTED_2
12:21:16.867 updates_per_collab.js:458 UPDATE_1
12:21:16.969 updates_per_collab.js:450 THINKING_1
12:21:17.372 updates_per_collab.js:472 FLOORREQUESTED_0
12:21:17.826 updates_per_collab.js:479 WAITING_2
12:21:18.374 updates_per_collab.js:479 WAITING_0
12:21:18.830 updates_per_collab.js:479 WAITING_2
12:21:19.375 updates_per_collab.js:479 WAITING_0
12:21:19.831 updates_per_collab.js:479 WAITING_2
12:21:20.377 updates_per_collab.js:479 WAITING_0
12:21:20.519 updates_per_collab.js:458 UPDATE_1
12:21:20.621 updates_per_collab.js:450 THINKING_1
12:21:20.832 updates_per_collab.js:479 WAITING_2
12:21:21.379 updates_per_collab.js:479 WAITING_0
12:21:21.835 updates_per_collab.js:479 WAITING_2
12:21:22.380 updates_per_collab.js:479 WAITING_0
12:21:22.837 updates_per_collab.js:479 WAITING_2
12:21:23.382 updates_per_collab.js:479 WAITING_0
12:21:23.839 updates_per_collab.js:479 WAITING_2
12:21:24.385 updates_per_collab.js:479 WAITING_0
12:21:24.841 updates_per_collab.js:479 WAITING_2
12:21:25.015 updates_per_collab.js:458 UPDATE_1
12:21:25.118 updates_per_collab.js:439 FLOORRELEASED_1
12:21:25.387 updates_per_collab.js:479 WAITING_0
12:21:25.843 updates_per_collab.js:458 UPDATE_2
12:21:25.945 updates_per_collab.js:439 FLOORRELEASED_2
12:21:26.119 updates_per_collab.js:472 FLOORREQUESTED_1
12:21:26.389 updates_per_collab.js:458 UPDATE_0
12:21:26.490 updates_per_collab.js:450 THINKING_0
12:21:26.946 updates_per_collab.js:472 FLOORREQUESTED_2
12:21:27.121 updates_per_collab.js:479 WAITING_1
12:21:27.949 updates_per_collab.js:479 WAITING_2
12:21:28.123 updates_per_collab.js:479 WAITING_1
12:21:28.951 updates_per_collab.js:479 WAITING_2
12:21:29.061 updates_per_collab.js:458 UPDATE_0
12:21:29.125 updates_per_collab.js:479 WAITING_1
12:21:29.163 updates_per_collab.js:450 THINKING_0
12:21:29.952 updates_per_collab.js:479 WAITING_2
12:21:30.127 updates_per_collab.js:479 WAITING_1
12:21:30.954 updates_per_collab.js:479 WAITING_2
12:21:31.129 updates_per_collab.js:479 WAITING_1
12:21:31.956 updates_per_collab.js:479 WAITING_2
12:21:32.131 updates_per_collab.js:479 WAITING_1
12:21:32.957 updates_per_collab.js:479 WAITING_2
12:21:33.133 updates_per_collab.js:479 WAITING_1
12:21:33.960 updates_per_collab.js:479 WAITING_2
12:21:34.106 updates_per_collab.js:458 UPDATE_0
12:21:34.134 updates_per_collab.js:479 WAITING_1
12:21:34.208 updates_per_collab.js:439 FLOORRELEASED_0
12:21:34.962 updates_per_collab.js:479 WAITING_2
12:21:35.137 updates_per_collab.js:458 UPDATE_1
12:21:35.211 updates_per_collab.js:472 FLOORREQUESTED_0
12:21:35.239 updates_per_collab.js:450 THINKING_1
12:21:35.964 updates_per_collab.js:479 WAITING_2
12:21:36.212 updates_per_collab.js:479 WAITING_0
12:21:36.966 updates_per_collab.js:479 WAITING_2
12:21:37.214 updates_per_collab.js:479 WAITING_0
12:21:37.552 updates_per_collab.js:458 UPDATE_1
12:21:37.653 updates_per_collab.js:439 FLOORRELEASED_1
12:21:37.968 updates_per_collab.js:458 UPDATE_2
12:21:38.069 updates_per_collab.js:439 FLOORRELEASED_2
12:21:38.215 updates_per_collab.js:458 UPDATE_0
12:21:38.317 updates_per_collab.js:450 THINKING_0
12:21:38.654 updates_per_collab.js:472 FLOORREQUESTED_1
12:21:39.071 updates_per_collab.js:472 FLOORREQUESTED_2
12:21:39.656 updates_per_collab.js:479 WAITING_1
12:21:40.075 updates_per_collab.js:479 WAITING_2
12:21:40.475 updates_per_collab.js:458 UPDATE_0
12:21:40.578 updates_per_collab.js:439 FLOORRELEASED_0
12:21:40.659 updates_per_collab.js:458 UPDATE_1
12:21:40.763 updates_per_collab.js:450 THINKING_1
12:21:41.082 updates_per_collab.js:479 WAITING_2
12:21:41.580 updates_per_collab.js:472 FLOORREQUESTED_0
12:21:42.085 updates_per_collab.js:479 WAITING_2
12:21:42.582 updates_per_collab.js:479 WAITING_0
12:21:43.086 updates_per_collab.js:479 WAITING_2
12:21:43.583 updates_per_collab.js:479 WAITING_0
12:21:43.693 updates_per_collab.js:458 UPDATE_1
12:21:43.796 updates_per_collab.js:450 THINKING_1
12:21:44.088 updates_per_collab.js:479 WAITING_2
12:21:44.585 updates_per_collab.js:479 WAITING_0
12:21:45.091 updates_per_collab.js:479 WAITING_2
12:21:45.587 updates_per_collab.js:479 WAITING_0
12:21:46.093 updates_per_collab.js:479 WAITING_2
12:21:46.590 updates_per_collab.js:479 WAITING_0
12:21:47.095 updates_per_collab.js:479 WAITING_2
12:21:47.593 updates_per_collab.js:479 WAITING_0
12:21:48.096 updates_per_collab.js:479 WAITING_2
12:21:48.408 updates_per_collab.js:458 UPDATE_1
12:21:48.510 updates_per_collab.js:450 THINKING_1
12:21:48.595 updates_per_collab.js:479 WAITING_0
12:21:49.099 updates_per_collab.js:479 WAITING_2
12:21:49.597 updates_per_collab.js:479 WAITING_0
12:21:50.101 updates_per_collab.js:479 WAITING_2
12:21:50.598 updates_per_collab.js:479 WAITING_0
12:21:51.104 updates_per_collab.js:479 WAITING_2
12:21:51.599 updates_per_collab.js:479 WAITING_0
12:21:52.106 updates_per_collab.js:479 WAITING_2
12:21:52.601 updates_per_collab.js:479 WAITING_0
12:21:52.702 updates_per_collab.js:458 UPDATE_1
12:21:52.804 updates_per_collab.js:439 FLOORRELEASED_1
12:21:53.108 updates_per_collab.js:458 UPDATE_2
12:21:53.210 updates_per_collab.js:450 THINKING_2
12:21:53.603 updates_per_collab.js:479 WAITING_0
12:21:53.807 updates_per_collab.js:472 FLOORREQUESTED_1
12:21:54.605 updates_per_collab.js:479 WAITING_0
12:21:54.808 updates_per_collab.js:479 WAITING_1
12:21:55.608 updates_per_collab.js:479 WAITING_0
12:21:55.810 updates_per_collab.js:479 WAITING_1
12:21:55.929 updates_per_collab.js:458 UPDATE_2
12:21:56.031 updates_per_collab.js:439 FLOORRELEASED_2
12:21:56.610 updates_per_collab.js:458 UPDATE_0
12:21:56.711 updates_per_collab.js:439 FLOORRELEASED_0
12:21:56.811 updates_per_collab.js:458 UPDATE_1
12:21:56.913 updates_per_collab.js:450 THINKING_1
12:21:57.033 updates_per_collab.js:472 FLOORREQUESTED_2
12:21:57.713 updates_per_collab.js:472 FLOORREQUESTED_0
12:21:58.035 updates_per_collab.js:479 WAITING_2
12:21:58.715 updates_per_collab.js:479 WAITING_0
12:21:59.036 updates_per_collab.js:479 WAITING_2
12:21:59.092 updates_per_collab.js:458 UPDATE_1
12:21:59.194 updates_per_collab.js:439 FLOORRELEASED_1
12:21:59.717 updates_per_collab.js:479 WAITING_0
12:22:00.038 updates_per_collab.js:458 UPDATE_2
12:22:00.140 updates_per_collab.js:439 FLOORRELEASED_2
12:22:00.195 updates_per_collab.js:472 FLOORREQUESTED_1
12:22:00.719 updates_per_collab.js:458 UPDATE_0
12:22:00.822 updates_per_collab.js:450 THINKING_0
12:22:01.142 updates_per_collab.js:472 FLOORREQUESTED_2
12:22:01.197 updates_per_collab.js:479 WAITING_1
12:22:02.144 updates_per_collab.js:479 WAITING_2
12:22:02.199 updates_per_collab.js:479 WAITING_1
12:22:03.145 updates_per_collab.js:479 WAITING_2
12:22:03.201 updates_per_collab.js:479 WAITING_1
12:22:04.148 updates_per_collab.js:479 WAITING_2
12:22:04.202 updates_per_collab.js:479 WAITING_1
12:22:04.818 updates_per_collab.js:458 UPDATE_0
12:22:04.920 updates_per_collab.js:439 FLOORRELEASED_0
12:22:05.151 updates_per_collab.js:479 WAITING_2
12:22:05.205 updates_per_collab.js:458 UPDATE_1
12:22:05.306 updates_per_collab.js:491 END_1
12:22:05.921 updates_per_collab.js:472 FLOORREQUESTED_0
12:22:06.152 updates_per_collab.js:458 UPDATE_2
12:22:06.253 updates_per_collab.js:450 THINKING_2
12:22:06.923 updates_per_collab.js:479 WAITING_0
12:22:07.925 updates_per_collab.js:479 WAITING_0
12:22:08.805 updates_per_collab.js:458 UPDATE_2
12:22:08.907 updates_per_collab.js:450 THINKING_2
12:22:08.928 updates_per_collab.js:479 WAITING_0
12:22:09.933 updates_per_collab.js:479 WAITING_0
12:22:10.934 updates_per_collab.js:479 WAITING_0
12:22:11.134 updates_per_collab.js:458 UPDATE_2
12:22:11.236 updates_per_collab.js:450 THINKING_2
12:22:11.936 updates_per_collab.js:479 WAITING_0
12:22:12.938 updates_per_collab.js:479 WAITING_0
12:22:13.940 updates_per_collab.js:479 WAITING_0
12:22:14.943 updates_per_collab.js:479 WAITING_0
12:22:15.944 updates_per_collab.js:479 WAITING_0
12:22:16.091 updates_per_collab.js:458 UPDATE_2
12:22:16.195 updates_per_collab.js:439 FLOORRELEASED_2
12:22:16.947 updates_per_collab.js:458 UPDATE_0
12:22:17.049 updates_per_collab.js:439 FLOORRELEASED_0
12:22:17.198 updates_per_collab.js:472 FLOORREQUESTED_2
12:22:18.051 updates_per_collab.js:472 FLOORREQUESTED_0
12:22:18.203 updates_per_collab.js:458 UPDATE_2
12:22:18.311 updates_per_collab.js:439 FLOORRELEASED_2
12:22:19.052 updates_per_collab.js:458 UPDATE_0
12:22:19.154 updates_per_collab.js:439 FLOORRELEASED_0
12:22:19.313 updates_per_collab.js:472 FLOORREQUESTED_2
12:22:20.156 updates_per_collab.js:472 FLOORREQUESTED_0
12:22:20.314 updates_per_collab.js:458 UPDATE_2
12:22:20.417 updates_per_collab.js:439 FLOORRELEASED_2
12:22:21.158 updates_per_collab.js:458 UPDATE_0
12:22:21.259 updates_per_collab.js:491 END_0
12:22:21.418 updates_per_collab.js:472 FLOORREQUESTED_2
12:22:22.421 updates_per_collab.js:458 UPDATE_2
12:22:22.523 updates_per_collab.js:439 FLOORRELEASED_2
12:22:23.525 updates_per_collab.js:472 FLOORREQUESTED_2
12:22:24.528 updates_per_collab.js:458 UPDATE_2
12:22:24.630 updates_per_collab.js:491 END_2
