12:19:15.225 updates_per_collab.js:516 Tasks: 25; Collaborators: 1   =========================>
12:19:15.226 updates_per_collab.js:472 FLOORREQUESTED_0
12:19:16.227 updates_per_collab.js:450 THINKING_0
12:19:20.576 updates_per_collab.js:458 UPDATE_0
12:19:20.677 updates_per_collab.js:439 FLOORRELEASED_0
12:19:21.679 updates_per_collab.js:472 FLOORREQUESTED_0
12:19:22.681 updates_per_collab.js:458 UPDATE_0
12:19:22.782 updates_per_collab.js:439 FLOORRELEASED_0
12:19:23.784 updates_per_collab.js:472 FLOORREQUESTED_0
12:19:24.785 updates_per_collab.js:458 UPDATE_0
12:19:24.887 updates_per_collab.js:450 THINKING_0
12:19:27.458 updates_per_collab.js:458 UPDATE_0
12:19:27.559 updates_per_collab.js:450 THINKING_0
12:19:32.502 updates_per_collab.js:458 UPDATE_0
12:19:32.604 updates_per_collab.js:439 FLOORRELEASED_0
12:19:33.605 updates_per_collab.js:472 FLOORREQUESTED_0
12:19:34.607 updates_per_collab.js:458 UPDATE_0
12:19:34.710 updates_per_collab.js:450 THINKING_0
12:19:36.868 updates_per_collab.js:458 UPDATE_0
12:19:36.969 updates_per_collab.js:439 FLOORRELEASED_0
12:19:37.971 updates_per_collab.js:472 FLOORREQUESTED_0
12:19:38.973 updates_per_collab.js:458 UPDATE_0
12:19:39.075 updates_per_collab.js:439 FLOORRELEASED_0
12:19:40.077 updates_per_collab.js:472 FLOORREQUESTED_0
12:19:41.080 updates_per_collab.js:458 UPDATE_0
12:19:41.183 updates_per_collab.js:450 THINKING_0
12:19:45.179 updates_per_collab.js:458 UPDATE_0
12:19:45.281 updates_per_collab.js:439 FLOORRELEASED_0
12:19:46.282 updates_per_collab.js:472 FLOORREQUESTED_0
12:19:47.285 updates_per_collab.js:458 UPDATE_0
12:19:47.386 updates_per_collab.js:439 FLOORRELEASED_0
12:19:48.388 updates_per_collab.js:472 FLOORREQUESTED_0
12:19:49.390 updates_per_collab.js:458 UPDATE_0
12:19:49.491 updates_per_collab.js:439 FLOORRELEASED_0
12:19:50.492 updates_per_collab.js:472 FLOORREQUESTED_0
12:19:51.493 updates_per_collab.js:458 UPDATE_0
12:19:51.596 updates_per_collab.js:491 END_0
