12:35:35.375 updates_per_collab.js:601 Tasks: 25; Collaborators: 8    =========================>
12:35:35.377 updates_per_collab.js:472 FLOORREQUESTED_0
12:35:35.378 updates_per_collab.js:472 FLOORREQUESTED_1
12:35:35.380 updates_per_collab.js:472 FLOORREQUESTED_2
12:35:35.382 updates_per_collab.js:472 FLOORREQUESTED_3
12:35:35.384 updates_per_collab.js:472 FLOORREQUESTED_4
12:35:35.386 updates_per_collab.js:472 FLOORREQUESTED_5
12:35:35.388 updates_per_collab.js:472 FLOORREQUESTED_6
12:35:35.389 updates_per_collab.js:472 FLOORREQUESTED_7
12:35:36.383 updates_per_collab.js:450 THINKING_0
12:35:36.387 updates_per_collab.js:479 WAITING_1
12:35:36.388 updates_per_collab.js:479 WAITING_2
12:35:36.389 updates_per_collab.js:479 WAITING_3
12:35:36.390 updates_per_collab.js:479 WAITING_4
12:35:36.391 updates_per_collab.js:479 WAITING_5
12:35:36.392 updates_per_collab.js:479 WAITING_6
12:35:36.393 updates_per_collab.js:479 WAITING_7
12:35:37.400 updates_per_collab.js:479 WAITING_1
12:35:37.403 updates_per_collab.js:479 WAITING_2
12:35:37.406 updates_per_collab.js:479 WAITING_3
12:35:37.410 updates_per_collab.js:479 WAITING_4
12:35:37.415 updates_per_collab.js:479 WAITING_5
12:35:37.419 updates_per_collab.js:479 WAITING_6
12:35:37.421 updates_per_collab.js:479 WAITING_7
12:35:38.418 updates_per_collab.js:479 WAITING_1
12:35:38.421 updates_per_collab.js:479 WAITING_2
12:35:38.424 updates_per_collab.js:479 WAITING_3
12:35:38.426 updates_per_collab.js:479 WAITING_4
12:35:38.430 updates_per_collab.js:479 WAITING_5
12:35:38.435 updates_per_collab.js:479 WAITING_6
12:35:38.440 updates_per_collab.js:479 WAITING_7
12:35:39.435 updates_per_collab.js:479 WAITING_1
12:35:39.439 updates_per_collab.js:479 WAITING_2
12:35:39.443 updates_per_collab.js:479 WAITING_3
12:35:39.446 updates_per_collab.js:479 WAITING_4
12:35:39.450 updates_per_collab.js:479 WAITING_5
12:35:39.453 updates_per_collab.js:479 WAITING_6
12:35:39.455 updates_per_collab.js:479 WAITING_7
12:35:40.460 updates_per_collab.js:479 WAITING_1
12:35:40.465 updates_per_collab.js:479 WAITING_2
12:35:40.469 updates_per_collab.js:479 WAITING_3
12:35:40.473 updates_per_collab.js:479 WAITING_4
12:35:40.477 updates_per_collab.js:479 WAITING_5
12:35:40.480 updates_per_collab.js:479 WAITING_6
12:35:40.482 updates_per_collab.js:479 WAITING_7
12:35:40.739 updates_per_collab.js:458 UPDATE_0
12:35:40.861 updates_per_collab.js:439 FLOORRELEASED_0
12:35:41.478 updates_per_collab.js:450 THINKING_1
12:35:41.483 updates_per_collab.js:479 WAITING_2
12:35:41.486 updates_per_collab.js:479 WAITING_3
12:35:41.490 updates_per_collab.js:479 WAITING_4
12:35:41.494 updates_per_collab.js:479 WAITING_5
12:35:41.496 updates_per_collab.js:479 WAITING_6
12:35:41.498 updates_per_collab.js:479 WAITING_7
12:35:41.879 updates_per_collab.js:472 FLOORREQUESTED_0
12:35:42.496 updates_per_collab.js:479 WAITING_2
12:35:42.497 updates_per_collab.js:479 WAITING_3
12:35:42.498 updates_per_collab.js:479 WAITING_4
12:35:42.499 updates_per_collab.js:479 WAITING_5
12:35:42.500 updates_per_collab.js:479 WAITING_6
12:35:42.501 updates_per_collab.js:479 WAITING_7
12:35:42.897 updates_per_collab.js:479 WAITING_0
12:35:43.498 updates_per_collab.js:479 WAITING_2
12:35:43.503 updates_per_collab.js:479 WAITING_3
12:35:43.506 updates_per_collab.js:479 WAITING_4
12:35:43.510 updates_per_collab.js:479 WAITING_5
12:35:43.514 updates_per_collab.js:479 WAITING_6
12:35:43.519 updates_per_collab.js:479 WAITING_7
12:35:43.914 updates_per_collab.js:479 WAITING_0
12:35:44.431 updates_per_collab.js:458 UPDATE_1
12:35:44.518 updates_per_collab.js:479 WAITING_2
12:35:44.519 updates_per_collab.js:479 WAITING_3
12:35:44.520 updates_per_collab.js:479 WAITING_4
12:35:44.521 updates_per_collab.js:479 WAITING_5
12:35:44.522 updates_per_collab.js:479 WAITING_6
12:35:44.523 updates_per_collab.js:479 WAITING_7
12:35:44.534 updates_per_collab.js:439 FLOORRELEASED_1
12:35:44.931 updates_per_collab.js:479 WAITING_0
12:35:45.532 updates_per_collab.js:439 FLOORRELEASED_2
12:35:45.533 updates_per_collab.js:439 FLOORRELEASED_3
12:35:45.534 updates_per_collab.js:439 FLOORRELEASED_4
12:35:45.535 updates_per_collab.js:439 FLOORRELEASED_5
12:35:45.537 updates_per_collab.js:450 THINKING_6
12:35:45.538 updates_per_collab.js:479 WAITING_7
12:35:45.539 updates_per_collab.js:472 FLOORREQUESTED_1
12:35:45.933 updates_per_collab.js:479 WAITING_0
12:35:46.534 updates_per_collab.js:472 FLOORREQUESTED_2
12:35:46.535 updates_per_collab.js:472 FLOORREQUESTED_3
12:35:46.536 updates_per_collab.js:472 FLOORREQUESTED_4
12:35:46.537 updates_per_collab.js:472 FLOORREQUESTED_5
12:35:46.540 updates_per_collab.js:479 WAITING_7
12:35:46.541 updates_per_collab.js:479 WAITING_1
12:35:46.950 updates_per_collab.js:479 WAITING_0
12:35:47.536 updates_per_collab.js:479 WAITING_2
12:35:47.537 updates_per_collab.js:479 WAITING_3
12:35:47.540 updates_per_collab.js:479 WAITING_4
12:35:47.543 updates_per_collab.js:479 WAITING_5
12:35:47.546 updates_per_collab.js:479 WAITING_7
12:35:47.548 updates_per_collab.js:479 WAITING_1
12:35:47.952 updates_per_collab.js:479 WAITING_0
12:35:48.258 updates_per_collab.js:458 UPDATE_6
12:35:48.376 updates_per_collab.js:439 FLOORRELEASED_6
12:35:48.538 updates_per_collab.js:479 WAITING_2
12:35:48.540 updates_per_collab.js:479 WAITING_3
12:35:48.543 updates_per_collab.js:479 WAITING_4
12:35:48.545 updates_per_collab.js:479 WAITING_5
12:35:48.549 updates_per_collab.js:439 FLOORRELEASED_7
12:35:48.551 updates_per_collab.js:479 WAITING_1
12:35:48.976 updates_per_collab.js:458 UPDATE_0
12:35:49.092 updates_per_collab.js:439 FLOORRELEASED_0
12:35:49.392 updates_per_collab.js:472 FLOORREQUESTED_6
12:35:49.554 updates_per_collab.js:479 WAITING_2
12:35:49.556 updates_per_collab.js:479 WAITING_3
12:35:49.558 updates_per_collab.js:479 WAITING_4
12:35:49.560 updates_per_collab.js:479 WAITING_5
12:35:49.562 updates_per_collab.js:472 FLOORREQUESTED_7
12:35:49.565 updates_per_collab.js:458 UPDATE_1
12:35:49.670 updates_per_collab.js:450 THINKING_1
12:35:50.108 updates_per_collab.js:472 FLOORREQUESTED_0
12:35:50.394 updates_per_collab.js:479 WAITING_6
12:35:50.556 updates_per_collab.js:479 WAITING_2
12:35:50.558 updates_per_collab.js:479 WAITING_3
12:35:50.560 updates_per_collab.js:479 WAITING_4
12:35:50.562 updates_per_collab.js:479 WAITING_5
12:35:50.566 updates_per_collab.js:479 WAITING_7
12:35:51.126 updates_per_collab.js:479 WAITING_0
12:35:51.396 updates_per_collab.js:479 WAITING_6
12:35:51.580 updates_per_collab.js:479 WAITING_2
12:35:51.581 updates_per_collab.js:479 WAITING_3
12:35:51.582 updates_per_collab.js:479 WAITING_4
12:35:51.583 updates_per_collab.js:479 WAITING_5
12:35:51.584 updates_per_collab.js:479 WAITING_7
12:35:52.127 updates_per_collab.js:479 WAITING_0
12:35:52.412 updates_per_collab.js:479 WAITING_6
12:35:52.581 updates_per_collab.js:479 WAITING_2
12:35:52.583 updates_per_collab.js:479 WAITING_3
12:35:52.583 updates_per_collab.js:479 WAITING_4
12:35:52.585 updates_per_collab.js:479 WAITING_5
12:35:52.586 updates_per_collab.js:479 WAITING_7
12:35:53.145 updates_per_collab.js:479 WAITING_0
12:35:53.231 updates_per_collab.js:458 UPDATE_1
12:35:53.346 updates_per_collab.js:450 THINKING_1
12:35:53.414 updates_per_collab.js:479 WAITING_6
12:35:53.584 updates_per_collab.js:479 WAITING_2
12:35:53.586 updates_per_collab.js:479 WAITING_3
12:35:53.588 updates_per_collab.js:479 WAITING_4
12:35:53.590 updates_per_collab.js:479 WAITING_5
12:35:53.591 updates_per_collab.js:479 WAITING_7
12:35:54.151 updates_per_collab.js:479 WAITING_0
12:35:54.416 updates_per_collab.js:479 WAITING_6
12:35:54.601 updates_per_collab.js:479 WAITING_2
12:35:54.602 updates_per_collab.js:479 WAITING_3
12:35:54.603 updates_per_collab.js:479 WAITING_4
12:35:54.604 updates_per_collab.js:479 WAITING_5
12:35:54.605 updates_per_collab.js:479 WAITING_7
12:35:55.154 updates_per_collab.js:479 WAITING_0
12:35:55.432 updates_per_collab.js:479 WAITING_6
12:35:55.616 updates_per_collab.js:479 WAITING_2
12:35:55.618 updates_per_collab.js:479 WAITING_3
12:35:55.620 updates_per_collab.js:479 WAITING_4
12:35:55.621 updates_per_collab.js:479 WAITING_5
12:35:55.623 updates_per_collab.js:479 WAITING_7
12:35:56.170 updates_per_collab.js:479 WAITING_0
12:35:56.450 updates_per_collab.js:479 WAITING_6
12:35:56.634 updates_per_collab.js:479 WAITING_2
12:35:56.636 updates_per_collab.js:479 WAITING_3
12:35:56.639 updates_per_collab.js:479 WAITING_4
12:35:56.642 updates_per_collab.js:479 WAITING_5
12:35:56.645 updates_per_collab.js:479 WAITING_7
12:35:57.172 updates_per_collab.js:479 WAITING_0
12:35:57.454 updates_per_collab.js:479 WAITING_6
12:35:57.650 updates_per_collab.js:479 WAITING_2
12:35:57.653 updates_per_collab.js:479 WAITING_3
12:35:57.655 updates_per_collab.js:479 WAITING_4
12:35:57.657 updates_per_collab.js:479 WAITING_5
12:35:57.659 updates_per_collab.js:479 WAITING_7
12:35:57.741 updates_per_collab.js:458 UPDATE_1
12:35:57.844 updates_per_collab.js:439 FLOORRELEASED_1
12:35:58.177 updates_per_collab.js:479 WAITING_0
12:35:58.458 updates_per_collab.js:479 WAITING_6
12:35:58.667 updates_per_collab.js:458 UPDATE_2
12:35:58.670 updates_per_collab.js:479 WAITING_3
12:35:58.673 updates_per_collab.js:479 WAITING_4
12:35:58.675 updates_per_collab.js:479 WAITING_5
12:35:58.678 updates_per_collab.js:479 WAITING_7
12:35:58.771 updates_per_collab.js:439 FLOORRELEASED_2
12:35:58.845 updates_per_collab.js:472 FLOORREQUESTED_1
12:35:59.198 updates_per_collab.js:479 WAITING_0
12:35:59.468 updates_per_collab.js:479 WAITING_6
12:35:59.687 updates_per_collab.js:458 UPDATE_3
12:35:59.691 updates_per_collab.js:479 WAITING_4
12:35:59.695 updates_per_collab.js:479 WAITING_5
12:35:59.701 updates_per_collab.js:479 WAITING_7
12:35:59.773 updates_per_collab.js:472 FLOORREQUESTED_2
12:35:59.791 updates_per_collab.js:439 FLOORRELEASED_3
12:35:59.854 updates_per_collab.js:479 WAITING_1
12:36:00.201 updates_per_collab.js:479 WAITING_0
12:36:00.471 updates_per_collab.js:479 WAITING_6
12:36:00.699 updates_per_collab.js:458 UPDATE_4
12:36:00.703 updates_per_collab.js:479 WAITING_5
12:36:00.707 updates_per_collab.js:479 WAITING_7
12:36:00.775 updates_per_collab.js:479 WAITING_2
12:36:00.796 updates_per_collab.js:472 FLOORREQUESTED_3
12:36:00.803 updates_per_collab.js:439 FLOORRELEASED_4
12:36:00.858 updates_per_collab.js:479 WAITING_1
12:36:01.205 updates_per_collab.js:479 WAITING_0
12:36:01.475 updates_per_collab.js:479 WAITING_6
12:36:01.707 updates_per_collab.js:458 UPDATE_5
12:36:01.711 updates_per_collab.js:479 WAITING_7
12:36:01.776 updates_per_collab.js:479 WAITING_2
12:36:01.799 updates_per_collab.js:479 WAITING_3
12:36:01.805 updates_per_collab.js:472 FLOORREQUESTED_4
12:36:01.809 updates_per_collab.js:450 THINKING_5
12:36:01.861 updates_per_collab.js:479 WAITING_1
12:36:02.206 updates_per_collab.js:479 WAITING_0
12:36:02.476 updates_per_collab.js:479 WAITING_6
12:36:02.714 updates_per_collab.js:479 WAITING_7
12:36:02.778 updates_per_collab.js:479 WAITING_2
12:36:02.800 updates_per_collab.js:479 WAITING_3
12:36:02.806 updates_per_collab.js:479 WAITING_4
12:36:02.863 updates_per_collab.js:479 WAITING_1
12:36:03.208 updates_per_collab.js:479 WAITING_0
12:36:03.479 updates_per_collab.js:479 WAITING_6
12:36:03.716 updates_per_collab.js:479 WAITING_7
12:36:03.780 updates_per_collab.js:479 WAITING_2
12:36:03.803 updates_per_collab.js:479 WAITING_3
12:36:03.808 updates_per_collab.js:479 WAITING_4
12:36:03.865 updates_per_collab.js:479 WAITING_1
12:36:04.210 updates_per_collab.js:479 WAITING_0
12:36:04.225 updates_per_collab.js:458 UPDATE_5
12:36:04.326 updates_per_collab.js:439 FLOORRELEASED_5
12:36:04.492 updates_per_collab.js:458 UPDATE_6
12:36:04.613 updates_per_collab.js:439 FLOORRELEASED_6
12:36:04.728 updates_per_collab.js:458 UPDATE_7
12:36:04.782 updates_per_collab.js:479 WAITING_2
12:36:04.805 updates_per_collab.js:479 WAITING_3
12:36:04.811 updates_per_collab.js:479 WAITING_4
12:36:04.830 updates_per_collab.js:439 FLOORRELEASED_7
12:36:04.877 updates_per_collab.js:479 WAITING_1
12:36:05.213 updates_per_collab.js:458 UPDATE_0
12:36:05.314 updates_per_collab.js:450 THINKING_0
12:36:05.332 updates_per_collab.js:472 FLOORREQUESTED_5
12:36:05.618 updates_per_collab.js:472 FLOORREQUESTED_6
12:36:05.784 updates_per_collab.js:479 WAITING_2
12:36:05.807 updates_per_collab.js:479 WAITING_3
12:36:05.815 updates_per_collab.js:479 WAITING_4
12:36:05.831 updates_per_collab.js:472 FLOORREQUESTED_7
12:36:05.881 updates_per_collab.js:479 WAITING_1
12:36:06.342 updates_per_collab.js:479 WAITING_5
12:36:06.619 updates_per_collab.js:479 WAITING_6
12:36:06.791 updates_per_collab.js:479 WAITING_2
12:36:06.816 updates_per_collab.js:479 WAITING_3
12:36:06.823 updates_per_collab.js:479 WAITING_4
12:36:06.837 updates_per_collab.js:479 WAITING_7
12:36:06.886 updates_per_collab.js:479 WAITING_1
12:36:07.346 updates_per_collab.js:479 WAITING_5
12:36:07.624 updates_per_collab.js:479 WAITING_6
12:36:07.795 updates_per_collab.js:479 WAITING_2
12:36:07.821 updates_per_collab.js:479 WAITING_3
12:36:07.829 updates_per_collab.js:479 WAITING_4
12:36:07.841 updates_per_collab.js:479 WAITING_7
12:36:07.886 updates_per_collab.js:458 UPDATE_0
12:36:07.888 updates_per_collab.js:479 WAITING_1
12:36:07.987 updates_per_collab.js:450 THINKING_0
12:36:08.348 updates_per_collab.js:479 WAITING_5
12:36:08.626 updates_per_collab.js:479 WAITING_6
12:36:08.797 updates_per_collab.js:479 WAITING_2
12:36:08.822 updates_per_collab.js:479 WAITING_3
12:36:08.831 updates_per_collab.js:479 WAITING_4
12:36:08.843 updates_per_collab.js:479 WAITING_7
12:36:08.892 updates_per_collab.js:479 WAITING_1
12:36:09.349 updates_per_collab.js:479 WAITING_5
12:36:09.630 updates_per_collab.js:479 WAITING_6
12:36:09.800 updates_per_collab.js:479 WAITING_2
12:36:09.826 updates_per_collab.js:479 WAITING_3
12:36:09.834 updates_per_collab.js:479 WAITING_4
12:36:09.845 updates_per_collab.js:479 WAITING_7
12:36:09.897 updates_per_collab.js:479 WAITING_1
12:36:10.353 updates_per_collab.js:479 WAITING_5
12:36:10.632 updates_per_collab.js:479 WAITING_6
12:36:10.803 updates_per_collab.js:479 WAITING_2
12:36:10.831 updates_per_collab.js:479 WAITING_3
12:36:10.835 updates_per_collab.js:479 WAITING_4
12:36:10.851 updates_per_collab.js:479 WAITING_7
12:36:10.900 updates_per_collab.js:479 WAITING_1
12:36:11.355 updates_per_collab.js:479 WAITING_5
12:36:11.636 updates_per_collab.js:479 WAITING_6
12:36:11.832 updates_per_collab.js:479 WAITING_2
12:36:11.834 updates_per_collab.js:479 WAITING_3
12:36:11.840 updates_per_collab.js:479 WAITING_4
12:36:11.888 updates_per_collab.js:479 WAITING_7
12:36:11.910 updates_per_collab.js:479 WAITING_1
12:36:12.359 updates_per_collab.js:479 WAITING_5
12:36:12.638 updates_per_collab.js:479 WAITING_6
12:36:12.838 updates_per_collab.js:479 WAITING_2
12:36:12.843 updates_per_collab.js:479 WAITING_3
12:36:12.844 updates_per_collab.js:479 WAITING_4
12:36:12.896 updates_per_collab.js:479 WAITING_7
12:36:12.912 updates_per_collab.js:479 WAITING_1
12:36:12.931 updates_per_collab.js:458 UPDATE_0
12:36:13.035 updates_per_collab.js:439 FLOORRELEASED_0
12:36:13.362 updates_per_collab.js:479 WAITING_5
12:36:13.669 updates_per_collab.js:479 WAITING_6
12:36:13.843 updates_per_collab.js:479 WAITING_2
12:36:13.845 updates_per_collab.js:479 WAITING_3
12:36:13.846 updates_per_collab.js:479 WAITING_4
12:36:13.898 updates_per_collab.js:479 WAITING_7
12:36:13.915 updates_per_collab.js:458 UPDATE_1
12:36:14.017 updates_per_collab.js:450 THINKING_1
12:36:14.037 updates_per_collab.js:472 FLOORREQUESTED_0
12:36:14.363 updates_per_collab.js:479 WAITING_5
12:36:14.671 updates_per_collab.js:479 WAITING_6
12:36:14.844 updates_per_collab.js:479 WAITING_2
12:36:14.847 updates_per_collab.js:479 WAITING_3
12:36:14.850 updates_per_collab.js:479 WAITING_4
12:36:14.900 updates_per_collab.js:479 WAITING_7
12:36:15.039 updates_per_collab.js:479 WAITING_0
12:36:15.366 updates_per_collab.js:479 WAITING_5
12:36:15.674 updates_per_collab.js:479 WAITING_6
12:36:15.849 updates_per_collab.js:479 WAITING_2
12:36:15.851 updates_per_collab.js:479 WAITING_3
12:36:15.854 updates_per_collab.js:479 WAITING_4
12:36:15.918 updates_per_collab.js:479 WAITING_7
12:36:16.041 updates_per_collab.js:479 WAITING_0
12:36:16.329 updates_per_collab.js:458 UPDATE_1
12:36:16.368 updates_per_collab.js:479 WAITING_5
12:36:16.436 updates_per_collab.js:439 FLOORRELEASED_1
12:36:16.676 updates_per_collab.js:479 WAITING_6
12:36:16.851 updates_per_collab.js:458 UPDATE_2
12:36:16.853 updates_per_collab.js:479 WAITING_3
12:36:16.859 updates_per_collab.js:479 WAITING_4
12:36:16.931 updates_per_collab.js:479 WAITING_7
12:36:16.954 updates_per_collab.js:439 FLOORRELEASED_2
12:36:17.075 updates_per_collab.js:479 WAITING_0
12:36:17.370 updates_per_collab.js:479 WAITING_5
12:36:17.446 updates_per_collab.js:472 FLOORREQUESTED_1
12:36:17.685 updates_per_collab.js:479 WAITING_6
12:36:17.859 updates_per_collab.js:458 UPDATE_3
12:36:17.863 updates_per_collab.js:479 WAITING_4
12:36:17.939 updates_per_collab.js:479 WAITING_7
12:36:17.963 updates_per_collab.js:472 FLOORREQUESTED_2
12:36:17.967 updates_per_collab.js:450 THINKING_3
12:36:18.079 updates_per_collab.js:479 WAITING_0
12:36:18.373 updates_per_collab.js:479 WAITING_5
12:36:18.449 updates_per_collab.js:479 WAITING_1
12:36:18.690 updates_per_collab.js:479 WAITING_6
12:36:18.865 updates_per_collab.js:479 WAITING_4
12:36:18.942 updates_per_collab.js:479 WAITING_7
12:36:18.967 updates_per_collab.js:479 WAITING_2
12:36:19.081 updates_per_collab.js:479 WAITING_0
12:36:19.377 updates_per_collab.js:479 WAITING_5
12:36:19.450 updates_per_collab.js:479 WAITING_1
12:36:19.700 updates_per_collab.js:479 WAITING_6
12:36:19.867 updates_per_collab.js:479 WAITING_4
12:36:19.944 updates_per_collab.js:479 WAITING_7
12:36:19.979 updates_per_collab.js:479 WAITING_2
12:36:20.084 updates_per_collab.js:479 WAITING_0
12:36:20.378 updates_per_collab.js:479 WAITING_5
12:36:20.451 updates_per_collab.js:479 WAITING_1
12:36:20.702 updates_per_collab.js:479 WAITING_6
12:36:20.870 updates_per_collab.js:479 WAITING_4
12:36:20.946 updates_per_collab.js:479 WAITING_7
12:36:20.982 updates_per_collab.js:479 WAITING_2
12:36:21.086 updates_per_collab.js:479 WAITING_0
12:36:21.380 updates_per_collab.js:479 WAITING_5
12:36:21.455 updates_per_collab.js:479 WAITING_1
12:36:21.707 updates_per_collab.js:479 WAITING_6
12:36:21.875 updates_per_collab.js:479 WAITING_4
12:36:21.949 updates_per_collab.js:479 WAITING_7
12:36:21.983 updates_per_collab.js:479 WAITING_2
12:36:22.087 updates_per_collab.js:458 UPDATE_3
12:36:22.090 updates_per_collab.js:479 WAITING_0
12:36:22.191 updates_per_collab.js:439 FLOORRELEASED_3
12:36:22.383 updates_per_collab.js:479 WAITING_5
12:36:22.456 updates_per_collab.js:479 WAITING_1
12:36:22.708 updates_per_collab.js:479 WAITING_6
12:36:22.880 updates_per_collab.js:458 UPDATE_4
12:36:22.951 updates_per_collab.js:479 WAITING_7
12:36:22.982 updates_per_collab.js:439 FLOORRELEASED_4
12:36:22.987 updates_per_collab.js:479 WAITING_2
12:36:23.093 updates_per_collab.js:479 WAITING_0
12:36:23.193 updates_per_collab.js:472 FLOORREQUESTED_3
12:36:23.387 updates_per_collab.js:458 UPDATE_5
12:36:23.460 updates_per_collab.js:479 WAITING_1
12:36:23.495 updates_per_collab.js:450 THINKING_5
12:36:23.709 updates_per_collab.js:479 WAITING_6
12:36:23.954 updates_per_collab.js:479 WAITING_7
12:36:23.984 updates_per_collab.js:472 FLOORREQUESTED_4
12:36:23.989 updates_per_collab.js:479 WAITING_2
12:36:24.098 updates_per_collab.js:479 WAITING_0
12:36:24.194 updates_per_collab.js:479 WAITING_3
12:36:24.462 updates_per_collab.js:479 WAITING_1
12:36:24.712 updates_per_collab.js:479 WAITING_6
12:36:24.963 updates_per_collab.js:479 WAITING_7
12:36:24.990 updates_per_collab.js:479 WAITING_4
12:36:24.992 updates_per_collab.js:479 WAITING_2
12:36:25.100 updates_per_collab.js:479 WAITING_0
12:36:25.196 updates_per_collab.js:479 WAITING_3
12:36:25.465 updates_per_collab.js:479 WAITING_1
12:36:25.714 updates_per_collab.js:479 WAITING_6
12:36:25.965 updates_per_collab.js:479 WAITING_7
12:36:25.992 updates_per_collab.js:479 WAITING_4
12:36:25.994 updates_per_collab.js:479 WAITING_2
12:36:26.102 updates_per_collab.js:479 WAITING_0
12:36:26.198 updates_per_collab.js:479 WAITING_3
12:36:26.466 updates_per_collab.js:479 WAITING_1
12:36:26.635 updates_per_collab.js:458 UPDATE_5
12:36:26.715 updates_per_collab.js:479 WAITING_6
12:36:26.742 updates_per_collab.js:439 FLOORRELEASED_5
12:36:26.967 updates_per_collab.js:479 WAITING_7
12:36:26.994 updates_per_collab.js:479 WAITING_4
12:36:26.999 updates_per_collab.js:479 WAITING_2
12:36:27.105 updates_per_collab.js:479 WAITING_0
12:36:27.200 updates_per_collab.js:479 WAITING_3
12:36:27.469 updates_per_collab.js:479 WAITING_1
12:36:27.718 updates_per_collab.js:458 UPDATE_6
12:36:27.745 updates_per_collab.js:472 FLOORREQUESTED_5
12:36:27.822 updates_per_collab.js:439 FLOORRELEASED_6
12:36:27.971 updates_per_collab.js:458 UPDATE_7
12:36:28.001 updates_per_collab.js:479 WAITING_4
12:36:28.005 updates_per_collab.js:479 WAITING_2
12:36:28.073 updates_per_collab.js:439 FLOORRELEASED_7
12:36:28.107 updates_per_collab.js:458 UPDATE_0
12:36:28.202 updates_per_collab.js:479 WAITING_3
12:36:28.210 updates_per_collab.js:450 THINKING_0
12:36:28.471 updates_per_collab.js:479 WAITING_1
12:36:28.747 updates_per_collab.js:479 WAITING_5
12:36:28.823 updates_per_collab.js:472 FLOORREQUESTED_6
12:36:29.003 updates_per_collab.js:479 WAITING_4
12:36:29.006 updates_per_collab.js:479 WAITING_2
12:36:29.075 updates_per_collab.js:472 FLOORREQUESTED_7
12:36:29.203 updates_per_collab.js:479 WAITING_3
12:36:29.474 updates_per_collab.js:479 WAITING_1
12:36:29.749 updates_per_collab.js:479 WAITING_5
12:36:29.824 updates_per_collab.js:479 WAITING_6
12:36:30.004 updates_per_collab.js:479 WAITING_4
12:36:30.007 updates_per_collab.js:479 WAITING_2
12:36:30.078 updates_per_collab.js:479 WAITING_7
12:36:30.204 updates_per_collab.js:479 WAITING_3
12:36:30.367 updates_per_collab.js:458 UPDATE_0
12:36:30.476 updates_per_collab.js:439 FLOORRELEASED_0
12:36:30.480 updates_per_collab.js:458 UPDATE_1
12:36:30.586 updates_per_collab.js:450 THINKING_1
12:36:30.751 updates_per_collab.js:479 WAITING_5
12:36:30.827 updates_per_collab.js:479 WAITING_6
12:36:31.008 updates_per_collab.js:479 WAITING_4
12:36:31.009 updates_per_collab.js:479 WAITING_2
12:36:31.080 updates_per_collab.js:479 WAITING_7
12:36:31.207 updates_per_collab.js:479 WAITING_3
12:36:31.481 updates_per_collab.js:472 FLOORREQUESTED_0
12:36:31.757 updates_per_collab.js:479 WAITING_5
12:36:31.829 updates_per_collab.js:479 WAITING_6
12:36:32.010 updates_per_collab.js:479 WAITING_4
12:36:32.012 updates_per_collab.js:479 WAITING_2
12:36:32.081 updates_per_collab.js:479 WAITING_7
12:36:32.209 updates_per_collab.js:479 WAITING_3
12:36:32.483 updates_per_collab.js:479 WAITING_0
12:36:32.758 updates_per_collab.js:479 WAITING_5
12:36:32.830 updates_per_collab.js:479 WAITING_6
12:36:33.012 updates_per_collab.js:479 WAITING_4
12:36:33.017 updates_per_collab.js:479 WAITING_2
12:36:33.083 updates_per_collab.js:479 WAITING_7
12:36:33.210 updates_per_collab.js:479 WAITING_3
12:36:33.488 updates_per_collab.js:479 WAITING_0
12:36:33.518 updates_per_collab.js:458 UPDATE_1
12:36:33.620 updates_per_collab.js:450 THINKING_1
12:36:33.761 updates_per_collab.js:479 WAITING_5
12:36:33.832 updates_per_collab.js:479 WAITING_6
12:36:34.017 updates_per_collab.js:479 WAITING_4
12:36:34.022 updates_per_collab.js:479 WAITING_2
12:36:34.085 updates_per_collab.js:479 WAITING_7
12:36:34.213 updates_per_collab.js:479 WAITING_3
12:36:34.490 updates_per_collab.js:479 WAITING_0
12:36:34.767 updates_per_collab.js:479 WAITING_5
12:36:34.833 updates_per_collab.js:479 WAITING_6
12:36:35.023 updates_per_collab.js:479 WAITING_4
12:36:35.026 updates_per_collab.js:479 WAITING_2
12:36:35.087 updates_per_collab.js:479 WAITING_7
12:36:35.216 updates_per_collab.js:479 WAITING_3
12:36:35.493 updates_per_collab.js:479 WAITING_0
12:36:35.772 updates_per_collab.js:479 WAITING_5
12:36:35.835 updates_per_collab.js:479 WAITING_6
12:36:36.024 updates_per_collab.js:479 WAITING_4
12:36:36.029 updates_per_collab.js:479 WAITING_2
12:36:36.090 updates_per_collab.js:479 WAITING_7
12:36:36.217 updates_per_collab.js:479 WAITING_3
12:36:36.496 updates_per_collab.js:479 WAITING_0
12:36:36.775 updates_per_collab.js:479 WAITING_5
12:36:36.837 updates_per_collab.js:479 WAITING_6
12:36:37.030 updates_per_collab.js:479 WAITING_4
12:36:37.034 updates_per_collab.js:479 WAITING_2
12:36:37.092 updates_per_collab.js:479 WAITING_7
12:36:37.219 updates_per_collab.js:479 WAITING_3
12:36:37.498 updates_per_collab.js:479 WAITING_0
12:36:37.795 updates_per_collab.js:479 WAITING_5
12:36:37.840 updates_per_collab.js:479 WAITING_6
12:36:38.055 updates_per_collab.js:479 WAITING_4
12:36:38.058 updates_per_collab.js:479 WAITING_2
12:36:38.094 updates_per_collab.js:479 WAITING_7
12:36:38.229 updates_per_collab.js:479 WAITING_3
12:36:38.230 updates_per_collab.js:458 UPDATE_1
12:36:38.355 updates_per_collab.js:450 THINKING_1
12:36:38.504 updates_per_collab.js:479 WAITING_0
12:36:38.804 updates_per_collab.js:479 WAITING_5
12:36:38.842 updates_per_collab.js:479 WAITING_6
12:36:39.073 updates_per_collab.js:479 WAITING_4
12:36:39.074 updates_per_collab.js:479 WAITING_2
12:36:39.097 updates_per_collab.js:479 WAITING_7
12:36:39.258 updates_per_collab.js:479 WAITING_3
12:36:39.508 updates_per_collab.js:479 WAITING_0
12:36:39.806 updates_per_collab.js:479 WAITING_5
12:36:39.845 updates_per_collab.js:479 WAITING_6
12:36:40.076 updates_per_collab.js:479 WAITING_4
12:36:40.080 updates_per_collab.js:479 WAITING_2
12:36:40.101 updates_per_collab.js:479 WAITING_7
12:36:40.275 updates_per_collab.js:479 WAITING_3
12:36:40.538 updates_per_collab.js:479 WAITING_0
12:36:40.823 updates_per_collab.js:479 WAITING_5
12:36:40.848 updates_per_collab.js:479 WAITING_6
12:36:41.093 updates_per_collab.js:479 WAITING_4
12:36:41.097 updates_per_collab.js:479 WAITING_2
12:36:41.106 updates_per_collab.js:479 WAITING_7
12:36:41.293 updates_per_collab.js:479 WAITING_3
12:36:41.562 updates_per_collab.js:479 WAITING_0
12:36:41.832 updates_per_collab.js:479 WAITING_5
12:36:41.850 updates_per_collab.js:479 WAITING_6
12:36:42.098 updates_per_collab.js:479 WAITING_4
12:36:42.102 updates_per_collab.js:479 WAITING_2
12:36:42.112 updates_per_collab.js:479 WAITING_7
12:36:42.295 updates_per_collab.js:479 WAITING_3
12:36:42.550 updates_per_collab.js:458 UPDATE_1
12:36:42.564 updates_per_collab.js:479 WAITING_0
12:36:42.653 updates_per_collab.js:439 FLOORRELEASED_1
12:36:42.840 updates_per_collab.js:479 WAITING_5
12:36:42.853 updates_per_collab.js:479 WAITING_6
12:36:43.100 updates_per_collab.js:479 WAITING_4
12:36:43.108 updates_per_collab.js:458 UPDATE_2
12:36:43.116 updates_per_collab.js:479 WAITING_7
12:36:43.213 updates_per_collab.js:450 THINKING_2
12:36:43.297 updates_per_collab.js:479 WAITING_3
12:36:43.573 updates_per_collab.js:479 WAITING_0
12:36:43.672 updates_per_collab.js:472 FLOORREQUESTED_1
12:36:44.138 updates_per_collab.js:479 WAITING_5
12:36:44.150 updates_per_collab.js:479 WAITING_6
12:36:44.157 updates_per_collab.js:479 WAITING_4
12:36:44.164 updates_per_collab.js:479 WAITING_7
12:36:45.152 updates_per_collab.js:479 WAITING_3
12:36:45.157 updates_per_collab.js:479 WAITING_0
12:36:45.161 updates_per_collab.js:479 WAITING_1
12:36:45.165 updates_per_collab.js:479 WAITING_5
12:36:46.140 updates_per_collab.js:479 WAITING_6
12:36:46.147 updates_per_collab.js:479 WAITING_4
12:36:46.151 updates_per_collab.js:479 WAITING_7
12:36:46.154 updates_per_collab.js:458 UPDATE_2
12:36:47.139 updates_per_collab.js:479 WAITING_3
12:36:47.141 updates_per_collab.js:479 WAITING_0
12:36:47.144 updates_per_collab.js:479 WAITING_1
12:36:47.146 updates_per_collab.js:479 WAITING_5
12:36:47.148 updates_per_collab.js:439 FLOORRELEASED_2
12:36:48.147 updates_per_collab.js:479 WAITING_6
12:36:48.149 updates_per_collab.js:479 WAITING_4
12:36:48.151 updates_per_collab.js:479 WAITING_7
12:36:48.152 updates_per_collab.js:458 UPDATE_3
12:36:48.154 updates_per_collab.js:479 WAITING_0
12:36:48.155 updates_per_collab.js:479 WAITING_1
12:36:49.144 updates_per_collab.js:479 WAITING_5
12:36:49.147 updates_per_collab.js:472 FLOORREQUESTED_2
12:36:49.149 updates_per_collab.js:439 FLOORRELEASED_3
12:36:50.146 updates_per_collab.js:479 WAITING_6
12:36:50.151 updates_per_collab.js:458 UPDATE_4
12:36:50.156 updates_per_collab.js:479 WAITING_7
12:36:50.160 updates_per_collab.js:479 WAITING_0
12:36:50.164 updates_per_collab.js:479 WAITING_1
12:36:51.149 updates_per_collab.js:479 WAITING_5
12:36:51.156 updates_per_collab.js:479 WAITING_2
12:36:51.161 updates_per_collab.js:472 FLOORREQUESTED_3
12:36:51.164 updates_per_collab.js:439 FLOORRELEASED_4
12:36:52.151 updates_per_collab.js:479 WAITING_6
12:36:52.156 updates_per_collab.js:479 WAITING_7
12:36:52.158 updates_per_collab.js:479 WAITING_0
12:36:52.160 updates_per_collab.js:479 WAITING_1
12:36:53.151 updates_per_collab.js:458 UPDATE_5
12:36:53.155 updates_per_collab.js:479 WAITING_2
12:36:53.157 updates_per_collab.js:479 WAITING_3
12:36:53.158 updates_per_collab.js:472 FLOORREQUESTED_4
12:36:54.154 updates_per_collab.js:479 WAITING_6
12:36:54.158 updates_per_collab.js:479 WAITING_7
12:36:54.160 updates_per_collab.js:479 WAITING_0
12:36:54.162 updates_per_collab.js:479 WAITING_1
12:36:54.163 updates_per_collab.js:450 THINKING_5
12:36:55.144 updates_per_collab.js:479 WAITING_2
12:36:55.148 updates_per_collab.js:479 WAITING_3
12:36:55.149 updates_per_collab.js:479 WAITING_4
12:36:56.150 updates_per_collab.js:479 WAITING_6
12:36:56.156 updates_per_collab.js:479 WAITING_7
12:36:56.161 updates_per_collab.js:479 WAITING_0
12:36:56.165 updates_per_collab.js:479 WAITING_1
12:36:56.168 updates_per_collab.js:479 WAITING_2
12:36:56.170 updates_per_collab.js:479 WAITING_3
12:36:56.172 updates_per_collab.js:479 WAITING_4
12:36:58.153 updates_per_collab.js:479 WAITING_6
12:36:58.157 updates_per_collab.js:479 WAITING_7
12:36:58.158 updates_per_collab.js:479 WAITING_0
12:36:58.160 updates_per_collab.js:479 WAITING_1
12:36:58.161 updates_per_collab.js:479 WAITING_2
12:36:58.162 updates_per_collab.js:479 WAITING_3
12:36:58.163 updates_per_collab.js:479 WAITING_4
12:36:59.139 updates_per_collab.js:458 UPDATE_5
12:37:00.144 updates_per_collab.js:479 WAITING_6
12:37:00.147 updates_per_collab.js:479 WAITING_7
12:37:00.151 updates_per_collab.js:479 WAITING_0
12:37:00.155 updates_per_collab.js:479 WAITING_1
12:37:00.159 updates_per_collab.js:479 WAITING_2
12:37:00.160 updates_per_collab.js:479 WAITING_3
12:37:00.161 updates_per_collab.js:479 WAITING_4
12:37:00.163 updates_per_collab.js:450 THINKING_5
12:37:01.149 updates_per_collab.js:479 WAITING_6
12:37:02.151 updates_per_collab.js:479 WAITING_7
12:37:02.153 updates_per_collab.js:479 WAITING_0
12:37:02.155 updates_per_collab.js:479 WAITING_1
12:37:02.157 updates_per_collab.js:479 WAITING_2
12:37:02.159 updates_per_collab.js:479 WAITING_3
12:37:02.160 updates_per_collab.js:479 WAITING_4
12:37:02.162 updates_per_collab.js:479 WAITING_6
12:37:03.155 updates_per_collab.js:458 UPDATE_5
12:37:03.160 updates_per_collab.js:479 WAITING_7
12:37:04.140 updates_per_collab.js:479 WAITING_0
12:37:04.144 updates_per_collab.js:479 WAITING_1
12:37:04.148 updates_per_collab.js:479 WAITING_2
12:37:04.152 updates_per_collab.js:479 WAITING_3
12:37:04.155 updates_per_collab.js:479 WAITING_4
12:37:04.156 updates_per_collab.js:479 WAITING_6
12:37:04.158 updates_per_collab.js:439 FLOORRELEASED_5
12:37:05.154 updates_per_collab.js:479 WAITING_7
12:37:05.156 updates_per_collab.js:479 WAITING_0
12:37:05.159 updates_per_collab.js:479 WAITING_1
12:37:05.160 updates_per_collab.js:479 WAITING_2
12:37:06.143 updates_per_collab.js:479 WAITING_3
12:37:06.148 updates_per_collab.js:479 WAITING_4
12:37:06.150 updates_per_collab.js:458 UPDATE_6
12:37:06.151 updates_per_collab.js:472 FLOORREQUESTED_5
12:37:07.147 updates_per_collab.js:479 WAITING_7
12:37:07.151 updates_per_collab.js:479 WAITING_0
12:37:07.152 updates_per_collab.js:479 WAITING_1
12:37:07.154 updates_per_collab.js:479 WAITING_2
12:37:07.155 updates_per_collab.js:439 FLOORRELEASED_6
12:37:08.149 updates_per_collab.js:479 WAITING_3
12:37:08.155 updates_per_collab.js:479 WAITING_4
12:37:08.157 updates_per_collab.js:479 WAITING_5
12:37:09.152 updates_per_collab.js:458 UPDATE_7
12:37:09.158 updates_per_collab.js:479 WAITING_0
12:37:09.160 updates_per_collab.js:479 WAITING_1
12:37:09.161 updates_per_collab.js:479 WAITING_2
12:37:09.162 updates_per_collab.js:472 FLOORREQUESTED_6
12:37:10.140 updates_per_collab.js:479 WAITING_3
12:37:10.143 updates_per_collab.js:479 WAITING_4
12:37:10.144 updates_per_collab.js:479 WAITING_5
12:37:10.146 updates_per_collab.js:450 THINKING_7
12:37:11.142 updates_per_collab.js:479 WAITING_0
12:37:11.147 updates_per_collab.js:479 WAITING_1
12:37:11.148 updates_per_collab.js:479 WAITING_2
12:37:11.149 updates_per_collab.js:479 WAITING_6
12:37:12.143 updates_per_collab.js:479 WAITING_3
12:37:12.149 updates_per_collab.js:479 WAITING_4
12:37:12.151 updates_per_collab.js:479 WAITING_5
12:37:13.144 updates_per_collab.js:479 WAITING_0
12:37:13.148 updates_per_collab.js:479 WAITING_1
12:37:13.151 updates_per_collab.js:479 WAITING_2
12:37:13.152 updates_per_collab.js:479 WAITING_6
12:37:13.153 updates_per_collab.js:458 UPDATE_7
12:37:14.145 updates_per_collab.js:479 WAITING_3
12:37:14.151 updates_per_collab.js:479 WAITING_4
12:37:14.159 updates_per_collab.js:479 WAITING_5
12:37:14.164 updates_per_collab.js:439 FLOORRELEASED_7
12:37:15.141 updates_per_collab.js:458 UPDATE_0
12:37:15.145 updates_per_collab.js:479 WAITING_1
12:37:15.146 updates_per_collab.js:479 WAITING_2
12:37:15.148 updates_per_collab.js:479 WAITING_6
12:37:16.152 updates_per_collab.js:479 WAITING_3
12:37:16.155 updates_per_collab.js:479 WAITING_4
12:37:16.156 updates_per_collab.js:479 WAITING_5
12:37:16.158 updates_per_collab.js:472 FLOORREQUESTED_7
12:37:16.159 updates_per_collab.js:439 FLOORRELEASED_0
12:37:16.160 updates_per_collab.js:458 UPDATE_1
12:37:16.161 updates_per_collab.js:479 WAITING_2
12:37:16.162 updates_per_collab.js:479 WAITING_6
12:37:17.152 updates_per_collab.js:450 THINKING_1
12:37:18.153 updates_per_collab.js:479 WAITING_3
12:37:18.157 updates_per_collab.js:479 WAITING_4
12:37:18.159 updates_per_collab.js:479 WAITING_5
12:37:18.161 updates_per_collab.js:479 WAITING_7
12:37:18.162 updates_per_collab.js:472 FLOORREQUESTED_0
12:37:18.164 updates_per_collab.js:479 WAITING_2
12:37:18.165 updates_per_collab.js:479 WAITING_6
12:37:19.159 updates_per_collab.js:479 WAITING_3
12:37:20.157 updates_per_collab.js:479 WAITING_4
12:37:20.159 updates_per_collab.js:479 WAITING_5
12:37:20.162 updates_per_collab.js:479 WAITING_7
12:37:20.164 updates_per_collab.js:479 WAITING_0
12:37:20.166 updates_per_collab.js:479 WAITING_2
12:37:20.167 updates_per_collab.js:479 WAITING_6
12:37:20.169 updates_per_collab.js:458 UPDATE_1
12:37:21.138 updates_per_collab.js:479 WAITING_3
12:37:21.140 updates_per_collab.js:439 FLOORRELEASED_1
12:37:22.138 updates_per_collab.js:479 WAITING_4
12:37:22.140 updates_per_collab.js:479 WAITING_5
12:37:22.141 updates_per_collab.js:479 WAITING_7
12:37:22.143 updates_per_collab.js:479 WAITING_0
12:37:22.144 updates_per_collab.js:458 UPDATE_2
12:37:22.145 updates_per_collab.js:479 WAITING_6
12:37:23.142 updates_per_collab.js:479 WAITING_3
12:37:23.145 updates_per_collab.js:472 FLOORREQUESTED_1
12:37:23.146 updates_per_collab.js:439 FLOORRELEASED_2
12:37:23.147 updates_per_collab.js:479 WAITING_4
12:37:23.149 updates_per_collab.js:479 WAITING_5
12:37:24.142 updates_per_collab.js:479 WAITING_7
12:37:24.147 updates_per_collab.js:479 WAITING_0
12:37:24.149 updates_per_collab.js:479 WAITING_6
12:37:25.146 updates_per_collab.js:458 UPDATE_3
12:37:25.148 updates_per_collab.js:479 WAITING_1
12:37:25.151 updates_per_collab.js:472 FLOORREQUESTED_2
12:37:25.154 updates_per_collab.js:479 WAITING_4
12:37:25.156 updates_per_collab.js:479 WAITING_5
12:37:26.147 updates_per_collab.js:479 WAITING_7
12:37:26.149 updates_per_collab.js:479 WAITING_0
12:37:26.151 updates_per_collab.js:479 WAITING_6
12:37:26.152 updates_per_collab.js:439 FLOORRELEASED_3
12:37:27.146 updates_per_collab.js:479 WAITING_1
12:37:27.151 updates_per_collab.js:479 WAITING_2
12:37:27.152 updates_per_collab.js:458 UPDATE_4
12:37:27.154 updates_per_collab.js:479 WAITING_5
12:37:28.147 updates_per_collab.js:479 WAITING_7
12:37:28.152 updates_per_collab.js:479 WAITING_0
12:37:28.153 updates_per_collab.js:479 WAITING_6
12:37:28.154 updates_per_collab.js:472 FLOORREQUESTED_3
12:37:28.155 updates_per_collab.js:439 FLOORRELEASED_4
12:37:29.149 updates_per_collab.js:479 WAITING_1
12:37:29.153 updates_per_collab.js:479 WAITING_2
12:37:29.156 updates_per_collab.js:458 UPDATE_5
12:37:30.152 updates_per_collab.js:479 WAITING_7
12:37:30.156 updates_per_collab.js:479 WAITING_0
12:37:30.157 updates_per_collab.js:479 WAITING_6
12:37:30.159 updates_per_collab.js:479 WAITING_3
12:37:30.160 updates_per_collab.js:472 FLOORREQUESTED_4
12:37:30.162 updates_per_collab.js:450 THINKING_5
12:37:31.138 updates_per_collab.js:479 WAITING_1
12:37:31.141 updates_per_collab.js:479 WAITING_2
12:37:32.137 updates_per_collab.js:479 WAITING_7
12:37:32.142 updates_per_collab.js:479 WAITING_0
12:37:32.143 updates_per_collab.js:479 WAITING_6
12:37:32.145 updates_per_collab.js:479 WAITING_3
12:37:32.146 updates_per_collab.js:479 WAITING_4
12:37:33.141 updates_per_collab.js:479 WAITING_1
12:37:33.145 updates_per_collab.js:479 WAITING_2
12:37:34.143 updates_per_collab.js:479 WAITING_7
12:37:34.147 updates_per_collab.js:479 WAITING_0
12:37:34.149 updates_per_collab.js:479 WAITING_6
12:37:34.151 updates_per_collab.js:479 WAITING_3
12:37:34.152 updates_per_collab.js:479 WAITING_4
12:37:35.147 updates_per_collab.js:479 WAITING_1
12:37:35.152 updates_per_collab.js:479 WAITING_2
12:37:35.155 updates_per_collab.js:458 UPDATE_5
12:37:36.147 updates_per_collab.js:479 WAITING_7
12:37:36.153 updates_per_collab.js:479 WAITING_0
12:37:36.155 updates_per_collab.js:479 WAITING_6
12:37:36.157 updates_per_collab.js:479 WAITING_3
12:37:36.158 updates_per_collab.js:479 WAITING_4
12:37:36.159 updates_per_collab.js:439 FLOORRELEASED_5
12:37:37.151 updates_per_collab.js:479 WAITING_1
12:37:37.155 updates_per_collab.js:479 WAITING_2
12:37:38.137 updates_per_collab.js:479 WAITING_7
12:37:38.141 updates_per_collab.js:479 WAITING_0
12:37:38.142 updates_per_collab.js:458 UPDATE_6
12:37:38.143 updates_per_collab.js:479 WAITING_3
12:37:38.145 updates_per_collab.js:479 WAITING_4
12:37:38.146 updates_per_collab.js:472 FLOORREQUESTED_5
12:37:39.138 updates_per_collab.js:479 WAITING_1
12:37:39.144 updates_per_collab.js:479 WAITING_2
12:37:39.145 updates_per_collab.js:439 FLOORRELEASED_6
12:37:40.140 updates_per_collab.js:458 UPDATE_7
12:37:40.146 updates_per_collab.js:479 WAITING_0
12:37:40.148 updates_per_collab.js:479 WAITING_3
12:37:40.150 updates_per_collab.js:479 WAITING_4
12:37:40.151 updates_per_collab.js:479 WAITING_5
12:37:41.145 updates_per_collab.js:479 WAITING_1
12:37:41.147 updates_per_collab.js:479 WAITING_2
12:37:41.149 updates_per_collab.js:472 FLOORREQUESTED_6
12:37:41.150 updates_per_collab.js:450 THINKING_7
12:37:42.146 updates_per_collab.js:479 WAITING_0
12:37:42.150 updates_per_collab.js:479 WAITING_3
12:37:42.153 updates_per_collab.js:479 WAITING_4
12:37:42.154 updates_per_collab.js:479 WAITING_5
12:37:43.150 updates_per_collab.js:479 WAITING_1
12:37:43.152 updates_per_collab.js:479 WAITING_2
12:37:43.154 updates_per_collab.js:479 WAITING_6
12:37:44.136 updates_per_collab.js:479 WAITING_0
12:37:44.140 updates_per_collab.js:479 WAITING_3
12:37:44.141 updates_per_collab.js:479 WAITING_4
12:37:44.142 updates_per_collab.js:479 WAITING_5
12:37:45.137 updates_per_collab.js:479 WAITING_1
12:37:45.142 updates_per_collab.js:479 WAITING_2
12:37:45.148 updates_per_collab.js:479 WAITING_6
12:37:46.143 updates_per_collab.js:479 WAITING_0
12:37:46.148 updates_per_collab.js:479 WAITING_3
12:37:46.151 updates_per_collab.js:479 WAITING_4
12:37:46.152 updates_per_collab.js:479 WAITING_5
12:37:46.153 updates_per_collab.js:458 UPDATE_7
12:37:46.155 updates_per_collab.js:479 WAITING_1
12:37:47.145 updates_per_collab.js:479 WAITING_2
12:37:47.148 updates_per_collab.js:479 WAITING_6
12:37:47.151 updates_per_collab.js:439 FLOORRELEASED_7
12:37:48.148 updates_per_collab.js:458 UPDATE_0
12:37:48.153 updates_per_collab.js:479 WAITING_3
12:37:48.157 updates_per_collab.js:479 WAITING_4
12:37:48.162 updates_per_collab.js:479 WAITING_5
12:37:48.164 updates_per_collab.js:479 WAITING_1
12:37:49.136 updates_per_collab.js:479 WAITING_2
12:37:49.140 updates_per_collab.js:479 WAITING_6
12:37:49.142 updates_per_collab.js:472 FLOORREQUESTED_7
12:37:49.143 updates_per_collab.js:450 THINKING_0
12:37:50.136 updates_per_collab.js:479 WAITING_3
12:37:50.138 updates_per_collab.js:479 WAITING_4
12:37:50.141 updates_per_collab.js:479 WAITING_5
12:37:50.142 updates_per_collab.js:479 WAITING_1
12:37:51.142 updates_per_collab.js:479 WAITING_2
12:37:51.144 updates_per_collab.js:479 WAITING_6
12:37:51.146 updates_per_collab.js:479 WAITING_7
12:37:51.147 updates_per_collab.js:479 WAITING_3
12:37:51.148 updates_per_collab.js:479 WAITING_4
12:37:52.143 updates_per_collab.js:479 WAITING_5
12:37:52.145 updates_per_collab.js:479 WAITING_1
12:37:53.141 updates_per_collab.js:479 WAITING_2
12:37:53.146 updates_per_collab.js:479 WAITING_6
12:37:53.148 updates_per_collab.js:479 WAITING_7
12:37:53.149 updates_per_collab.js:479 WAITING_3
12:37:53.151 updates_per_collab.js:479 WAITING_4
12:37:53.151 updates_per_collab.js:458 UPDATE_0
12:37:54.144 updates_per_collab.js:479 WAITING_5
12:37:54.149 updates_per_collab.js:479 WAITING_1
12:37:54.150 updates_per_collab.js:439 FLOORRELEASED_0
12:37:55.149 updates_per_collab.js:479 WAITING_2
12:37:55.154 updates_per_collab.js:479 WAITING_6
12:37:55.158 updates_per_collab.js:479 WAITING_7
12:37:55.162 updates_per_collab.js:479 WAITING_3
12:37:55.164 updates_per_collab.js:479 WAITING_4
12:37:56.151 updates_per_collab.js:479 WAITING_5
12:37:56.154 updates_per_collab.js:458 UPDATE_1
12:37:56.155 updates_per_collab.js:472 FLOORREQUESTED_0
12:37:57.156 updates_per_collab.js:479 WAITING_2
12:37:57.165 updates_per_collab.js:479 WAITING_6
12:37:57.176 updates_per_collab.js:479 WAITING_7
12:37:57.180 updates_per_collab.js:479 WAITING_3
12:37:57.182 updates_per_collab.js:479 WAITING_4
12:37:57.184 updates_per_collab.js:491 END_1
12:37:57.186 updates_per_collab.js:479 WAITING_5
12:37:57.187 updates_per_collab.js:479 WAITING_0
12:37:59.142 updates_per_collab.js:458 UPDATE_2
12:37:59.147 updates_per_collab.js:479 WAITING_6
12:37:59.149 updates_per_collab.js:479 WAITING_7
12:37:59.151 updates_per_collab.js:479 WAITING_3
12:37:59.152 updates_per_collab.js:479 WAITING_4
12:37:59.153 updates_per_collab.js:479 WAITING_5
12:37:59.155 updates_per_collab.js:479 WAITING_0
12:38:00.143 updates_per_collab.js:450 THINKING_2
12:38:01.145 updates_per_collab.js:479 WAITING_6
12:38:01.150 updates_per_collab.js:479 WAITING_7
12:38:01.151 updates_per_collab.js:479 WAITING_3
12:38:01.152 updates_per_collab.js:479 WAITING_4
12:38:01.154 updates_per_collab.js:479 WAITING_5
12:38:01.156 updates_per_collab.js:479 WAITING_0
12:38:03.149 updates_per_collab.js:479 WAITING_6
12:38:03.152 updates_per_collab.js:479 WAITING_7
12:38:03.154 updates_per_collab.js:479 WAITING_3
12:38:03.155 updates_per_collab.js:479 WAITING_4
12:38:03.157 updates_per_collab.js:479 WAITING_5
12:38:03.158 updates_per_collab.js:479 WAITING_0
12:38:03.159 updates_per_collab.js:458 UPDATE_2
12:38:04.151 updates_per_collab.js:450 THINKING_2
12:38:05.151 updates_per_collab.js:479 WAITING_6
12:38:05.154 updates_per_collab.js:479 WAITING_7
12:38:05.155 updates_per_collab.js:479 WAITING_3
12:38:05.157 updates_per_collab.js:479 WAITING_4
12:38:05.158 updates_per_collab.js:479 WAITING_5
12:38:05.159 updates_per_collab.js:479 WAITING_0
12:38:06.158 updates_per_collab.js:479 WAITING_6
12:38:06.160 updates_per_collab.js:479 WAITING_7
12:38:06.161 updates_per_collab.js:479 WAITING_3
12:38:07.157 updates_per_collab.js:479 WAITING_4
12:38:07.162 updates_per_collab.js:479 WAITING_5
12:38:07.163 updates_per_collab.js:479 WAITING_0
12:38:07.164 updates_per_collab.js:458 UPDATE_2
12:38:08.139 updates_per_collab.js:479 WAITING_6
12:38:08.143 updates_per_collab.js:479 WAITING_7
12:38:08.146 updates_per_collab.js:479 WAITING_3
12:38:08.147 updates_per_collab.js:450 THINKING_2
12:38:09.139 updates_per_collab.js:479 WAITING_4
12:38:09.141 updates_per_collab.js:479 WAITING_5
12:38:09.143 updates_per_collab.js:479 WAITING_0
12:38:10.139 updates_per_collab.js:479 WAITING_6
12:38:10.143 updates_per_collab.js:479 WAITING_7
12:38:10.146 updates_per_collab.js:479 WAITING_3
12:38:11.142 updates_per_collab.js:479 WAITING_4
12:38:11.144 updates_per_collab.js:479 WAITING_5
12:38:11.146 updates_per_collab.js:479 WAITING_0
12:38:12.143 updates_per_collab.js:479 WAITING_6
12:38:12.147 updates_per_collab.js:479 WAITING_7
12:38:12.149 updates_per_collab.js:479 WAITING_3
12:38:13.142 updates_per_collab.js:479 WAITING_4
12:38:13.147 updates_per_collab.js:479 WAITING_5
12:38:13.152 updates_per_collab.js:479 WAITING_0
12:38:13.157 updates_per_collab.js:458 UPDATE_2
12:38:14.146 updates_per_collab.js:479 WAITING_6
12:38:14.152 updates_per_collab.js:479 WAITING_7
12:38:14.156 updates_per_collab.js:479 WAITING_3
12:38:14.161 updates_per_collab.js:439 FLOORRELEASED_2
12:38:15.146 updates_per_collab.js:479 WAITING_4
12:38:15.149 updates_per_collab.js:479 WAITING_5
12:38:15.151 updates_per_collab.js:479 WAITING_0
12:38:16.147 updates_per_collab.js:479 WAITING_6
12:38:16.151 updates_per_collab.js:479 WAITING_7
12:38:16.152 updates_per_collab.js:458 UPDATE_3
12:38:16.155 updates_per_collab.js:472 FLOORREQUESTED_2
12:38:17.150 updates_per_collab.js:479 WAITING_4
12:38:17.152 updates_per_collab.js:479 WAITING_5
12:38:17.154 updates_per_collab.js:479 WAITING_0
12:38:17.155 updates_per_collab.js:439 FLOORRELEASED_3
12:38:18.152 updates_per_collab.js:479 WAITING_6
12:38:18.156 updates_per_collab.js:479 WAITING_7
12:38:18.158 updates_per_collab.js:479 WAITING_2
12:38:19.138 updates_per_collab.js:458 UPDATE_4
12:38:19.143 updates_per_collab.js:479 WAITING_5
12:38:19.146 updates_per_collab.js:479 WAITING_0
12:38:19.148 updates_per_collab.js:472 FLOORREQUESTED_3
12:38:20.139 updates_per_collab.js:479 WAITING_6
12:38:20.143 updates_per_collab.js:479 WAITING_7
12:38:20.145 updates_per_collab.js:479 WAITING_2
12:38:20.147 updates_per_collab.js:450 THINKING_4
12:38:21.147 updates_per_collab.js:479 WAITING_5
12:38:21.150 updates_per_collab.js:479 WAITING_0
12:38:21.151 updates_per_collab.js:479 WAITING_3
12:38:21.152 updates_per_collab.js:479 WAITING_6
12:38:21.154 updates_per_collab.js:479 WAITING_7
12:38:22.149 updates_per_collab.js:479 WAITING_2
12:38:23.150 updates_per_collab.js:479 WAITING_5
12:38:23.154 updates_per_collab.js:479 WAITING_0
12:38:23.156 updates_per_collab.js:479 WAITING_3
12:38:23.157 updates_per_collab.js:479 WAITING_6
12:38:23.159 updates_per_collab.js:479 WAITING_7
12:38:23.160 updates_per_collab.js:458 UPDATE_4
12:38:24.151 updates_per_collab.js:479 WAITING_2
12:38:24.153 updates_per_collab.js:439 FLOORRELEASED_4
12:38:25.140 updates_per_collab.js:458 UPDATE_5
12:38:25.146 updates_per_collab.js:479 WAITING_0
12:38:25.150 updates_per_collab.js:479 WAITING_3
12:38:25.154 updates_per_collab.js:479 WAITING_6
12:38:25.156 updates_per_collab.js:479 WAITING_7
12:38:26.145 updates_per_collab.js:479 WAITING_2
12:38:26.148 updates_per_collab.js:472 FLOORREQUESTED_4
12:38:26.150 updates_per_collab.js:439 FLOORRELEASED_5
12:38:27.147 updates_per_collab.js:479 WAITING_0
12:38:27.149 updates_per_collab.js:479 WAITING_3
12:38:27.151 updates_per_collab.js:458 UPDATE_6
12:38:27.153 updates_per_collab.js:479 WAITING_7
12:38:28.154 updates_per_collab.js:479 WAITING_2
12:38:28.155 updates_per_collab.js:479 WAITING_4
12:38:28.157 updates_per_collab.js:472 FLOORREQUESTED_5
12:38:28.158 updates_per_collab.js:450 THINKING_6
12:38:28.160 updates_per_collab.js:479 WAITING_0
12:38:28.161 updates_per_collab.js:479 WAITING_3
12:38:29.142 updates_per_collab.js:479 WAITING_7
12:38:30.142 updates_per_collab.js:479 WAITING_2
12:38:30.147 updates_per_collab.js:479 WAITING_4
12:38:30.150 updates_per_collab.js:479 WAITING_5
12:38:30.152 updates_per_collab.js:479 WAITING_0
12:38:30.153 updates_per_collab.js:479 WAITING_3
12:38:31.147 updates_per_collab.js:479 WAITING_7
12:38:31.150 updates_per_collab.js:458 UPDATE_6
12:38:31.152 updates_per_collab.js:479 WAITING_2
12:38:32.153 updates_per_collab.js:479 WAITING_4
12:38:32.158 updates_per_collab.js:479 WAITING_5
12:38:32.162 updates_per_collab.js:479 WAITING_0
12:38:32.166 updates_per_collab.js:479 WAITING_3
12:38:32.170 updates_per_collab.js:450 THINKING_6
12:38:32.174 updates_per_collab.js:479 WAITING_7
12:38:33.142 updates_per_collab.js:479 WAITING_2
12:38:34.139 updates_per_collab.js:479 WAITING_4
12:38:34.145 updates_per_collab.js:479 WAITING_5
12:38:34.148 updates_per_collab.js:479 WAITING_0
12:38:34.153 updates_per_collab.js:479 WAITING_3
12:38:34.157 updates_per_collab.js:479 WAITING_7
12:38:35.139 updates_per_collab.js:479 WAITING_2
12:38:35.144 updates_per_collab.js:458 UPDATE_6
12:38:36.146 updates_per_collab.js:479 WAITING_4
12:38:36.151 updates_per_collab.js:479 WAITING_5
12:38:36.154 updates_per_collab.js:479 WAITING_0
12:38:36.158 updates_per_collab.js:479 WAITING_3
12:38:36.160 updates_per_collab.js:479 WAITING_7
12:38:36.162 updates_per_collab.js:439 FLOORRELEASED_6
12:38:36.164 updates_per_collab.js:479 WAITING_2
12:38:38.150 updates_per_collab.js:479 WAITING_4
12:38:38.155 updates_per_collab.js:479 WAITING_5
12:38:38.156 updates_per_collab.js:479 WAITING_0
12:38:38.158 updates_per_collab.js:479 WAITING_3
12:38:38.159 updates_per_collab.js:458 UPDATE_7
12:38:38.160 updates_per_collab.js:472 FLOORREQUESTED_6
12:38:38.162 updates_per_collab.js:479 WAITING_2
12:38:39.151 updates_per_collab.js:439 FLOORRELEASED_7
12:38:40.137 updates_per_collab.js:479 WAITING_4
12:38:40.141 updates_per_collab.js:479 WAITING_5
12:38:40.142 updates_per_collab.js:458 UPDATE_0
12:38:40.143 updates_per_collab.js:479 WAITING_3
12:38:40.144 updates_per_collab.js:479 WAITING_6
12:38:40.145 updates_per_collab.js:479 WAITING_2
12:38:41.144 updates_per_collab.js:472 FLOORREQUESTED_7
12:38:41.146 updates_per_collab.js:439 FLOORRELEASED_0
12:38:41.148 updates_per_collab.js:479 WAITING_4
12:38:42.141 updates_per_collab.js:479 WAITING_5
12:38:42.143 updates_per_collab.js:479 WAITING_3
12:38:42.145 updates_per_collab.js:479 WAITING_6
12:38:42.147 updates_per_collab.js:458 UPDATE_2
12:38:43.145 updates_per_collab.js:479 WAITING_7
12:38:43.149 updates_per_collab.js:472 FLOORREQUESTED_0
12:38:43.151 updates_per_collab.js:479 WAITING_4
12:38:43.152 updates_per_collab.js:439 FLOORRELEASED_2
12:38:43.153 updates_per_collab.js:479 WAITING_5
12:38:44.145 updates_per_collab.js:458 UPDATE_3
12:38:44.151 updates_per_collab.js:479 WAITING_6
12:38:45.149 updates_per_collab.js:479 WAITING_7
12:38:45.151 updates_per_collab.js:479 WAITING_0
12:38:45.152 updates_per_collab.js:479 WAITING_4
12:38:45.154 updates_per_collab.js:472 FLOORREQUESTED_2
12:38:45.155 updates_per_collab.js:479 WAITING_5
12:38:45.156 updates_per_collab.js:439 FLOORRELEASED_3
12:38:46.148 updates_per_collab.js:479 WAITING_6
12:38:47.151 updates_per_collab.js:479 WAITING_7
12:38:47.157 updates_per_collab.js:479 WAITING_0
12:38:47.158 updates_per_collab.js:458 UPDATE_4
12:38:47.160 updates_per_collab.js:479 WAITING_2
12:38:47.161 updates_per_collab.js:479 WAITING_5
12:38:47.162 updates_per_collab.js:472 FLOORREQUESTED_3
12:38:48.154 updates_per_collab.js:479 WAITING_6
12:38:48.158 updates_per_collab.js:450 THINKING_4
12:38:49.154 updates_per_collab.js:479 WAITING_7
12:38:49.158 updates_per_collab.js:479 WAITING_0
12:38:49.160 updates_per_collab.js:479 WAITING_2
12:38:49.161 updates_per_collab.js:479 WAITING_5
12:38:49.162 updates_per_collab.js:479 WAITING_3
12:38:50.156 updates_per_collab.js:479 WAITING_6
12:38:51.159 updates_per_collab.js:479 WAITING_7
12:38:51.163 updates_per_collab.js:479 WAITING_0
12:38:51.165 updates_per_collab.js:479 WAITING_2
12:38:51.166 updates_per_collab.js:479 WAITING_5
12:38:51.167 updates_per_collab.js:479 WAITING_3
12:38:51.169 updates_per_collab.js:479 WAITING_6
12:38:53.139 updates_per_collab.js:479 WAITING_7
12:38:53.144 updates_per_collab.js:479 WAITING_0
12:38:53.147 updates_per_collab.js:479 WAITING_2
12:38:53.149 updates_per_collab.js:479 WAITING_5
12:38:53.150 updates_per_collab.js:479 WAITING_3
12:38:53.151 updates_per_collab.js:479 WAITING_6
12:38:53.153 updates_per_collab.js:458 UPDATE_4
12:38:54.142 updates_per_collab.js:450 THINKING_4
12:38:55.143 updates_per_collab.js:479 WAITING_7
12:38:55.148 updates_per_collab.js:479 WAITING_0
12:38:55.150 updates_per_collab.js:479 WAITING_2
12:38:55.152 updates_per_collab.js:479 WAITING_5
12:38:55.153 updates_per_collab.js:479 WAITING_3
12:38:55.155 updates_per_collab.js:479 WAITING_6
12:38:57.146 updates_per_collab.js:479 WAITING_7
12:38:57.151 updates_per_collab.js:479 WAITING_0
12:38:57.156 updates_per_collab.js:479 WAITING_2
12:38:57.159 updates_per_collab.js:479 WAITING_5
12:38:57.162 updates_per_collab.js:479 WAITING_3
12:38:57.164 updates_per_collab.js:479 WAITING_6
12:38:58.138 updates_per_collab.js:458 UPDATE_4
12:38:59.151 updates_per_collab.js:479 WAITING_7
12:38:59.154 updates_per_collab.js:479 WAITING_0
12:38:59.155 updates_per_collab.js:479 WAITING_2
12:38:59.157 updates_per_collab.js:479 WAITING_5
12:38:59.158 updates_per_collab.js:479 WAITING_3
12:38:59.159 updates_per_collab.js:479 WAITING_6
12:38:59.160 updates_per_collab.js:450 THINKING_4
12:39:01.151 updates_per_collab.js:479 WAITING_7
12:39:01.156 updates_per_collab.js:479 WAITING_0
12:39:01.159 updates_per_collab.js:479 WAITING_2
12:39:01.163 updates_per_collab.js:479 WAITING_5
12:39:01.166 updates_per_collab.js:479 WAITING_3
12:39:01.167 updates_per_collab.js:479 WAITING_6
12:39:02.137 updates_per_collab.js:458 UPDATE_4
12:39:03.139 updates_per_collab.js:479 WAITING_7
12:39:03.141 updates_per_collab.js:479 WAITING_0
12:39:03.143 updates_per_collab.js:479 WAITING_2
12:39:03.145 updates_per_collab.js:479 WAITING_5
12:39:03.147 updates_per_collab.js:479 WAITING_3
12:39:03.148 updates_per_collab.js:479 WAITING_6
12:39:03.150 updates_per_collab.js:439 FLOORRELEASED_4
12:39:05.147 updates_per_collab.js:479 WAITING_7
12:39:05.148 updates_per_collab.js:479 WAITING_0
12:39:05.150 updates_per_collab.js:479 WAITING_2
12:39:05.151 updates_per_collab.js:458 UPDATE_5
12:39:05.152 updates_per_collab.js:479 WAITING_3
12:39:05.153 updates_per_collab.js:479 WAITING_6
12:39:05.154 updates_per_collab.js:472 FLOORREQUESTED_4
12:39:06.145 updates_per_collab.js:439 FLOORRELEASED_5
12:39:07.148 updates_per_collab.js:479 WAITING_7
12:39:07.150 updates_per_collab.js:479 WAITING_0
12:39:07.152 updates_per_collab.js:479 WAITING_2
12:39:07.154 updates_per_collab.js:479 WAITING_3
12:39:07.156 updates_per_collab.js:458 UPDATE_6
12:39:07.157 updates_per_collab.js:479 WAITING_4
12:39:07.158 updates_per_collab.js:472 FLOORREQUESTED_5
12:39:08.151 updates_per_collab.js:439 FLOORRELEASED_6
12:39:08.153 updates_per_collab.js:458 UPDATE_7
12:39:09.141 updates_per_collab.js:479 WAITING_0
12:39:09.143 updates_per_collab.js:479 WAITING_2
12:39:09.145 updates_per_collab.js:479 WAITING_3
12:39:09.146 updates_per_collab.js:479 WAITING_4
12:39:09.147 updates_per_collab.js:479 WAITING_5
12:39:09.149 updates_per_collab.js:439 FLOORRELEASED_7
12:39:10.148 updates_per_collab.js:472 FLOORREQUESTED_6
12:39:10.151 updates_per_collab.js:458 UPDATE_0
12:39:10.153 updates_per_collab.js:479 WAITING_2
12:39:10.155 updates_per_collab.js:479 WAITING_3
12:39:10.156 updates_per_collab.js:479 WAITING_4
12:39:11.137 updates_per_collab.js:479 WAITING_5
12:39:11.140 updates_per_collab.js:472 FLOORREQUESTED_7
12:39:11.144 updates_per_collab.js:439 FLOORRELEASED_0
12:39:12.143 updates_per_collab.js:479 WAITING_6
12:39:12.144 updates_per_collab.js:458 UPDATE_2
12:39:12.147 updates_per_collab.js:479 WAITING_3
12:39:12.148 updates_per_collab.js:479 WAITING_4
12:39:12.150 updates_per_collab.js:479 WAITING_5
12:39:13.148 updates_per_collab.js:479 WAITING_7
12:39:13.150 updates_per_collab.js:472 FLOORREQUESTED_0
12:39:13.151 updates_per_collab.js:439 FLOORRELEASED_2
12:39:13.153 updates_per_collab.js:479 WAITING_6
12:39:14.148 updates_per_collab.js:458 UPDATE_3
12:39:14.152 updates_per_collab.js:479 WAITING_4
12:39:14.154 updates_per_collab.js:479 WAITING_5
12:39:15.147 updates_per_collab.js:479 WAITING_7
12:39:15.154 updates_per_collab.js:479 WAITING_0
12:39:15.159 updates_per_collab.js:472 FLOORREQUESTED_2
12:39:15.163 updates_per_collab.js:479 WAITING_6
12:39:15.165 updates_per_collab.js:450 THINKING_3
12:39:16.150 updates_per_collab.js:479 WAITING_4
12:39:16.156 updates_per_collab.js:479 WAITING_5
12:39:17.140 updates_per_collab.js:479 WAITING_7
12:39:17.145 updates_per_collab.js:479 WAITING_0
12:39:17.146 updates_per_collab.js:479 WAITING_2
12:39:17.147 updates_per_collab.js:479 WAITING_6
12:39:18.141 updates_per_collab.js:479 WAITING_4
12:39:18.144 updates_per_collab.js:479 WAITING_5
12:39:18.146 updates_per_collab.js:458 UPDATE_3
12:39:19.128 updates_per_collab.js:479 WAITING_7
12:39:19.131 updates_per_collab.js:479 WAITING_0
12:39:19.132 updates_per_collab.js:479 WAITING_2
12:39:19.133 updates_per_collab.js:479 WAITING_6
12:39:19.134 updates_per_collab.js:439 FLOORRELEASED_3
12:39:20.129 updates_per_collab.js:458 UPDATE_4
12:39:20.134 updates_per_collab.js:479 WAITING_5
12:39:21.132 updates_per_collab.js:479 WAITING_7
12:39:21.137 updates_per_collab.js:479 WAITING_0
12:39:21.141 updates_per_collab.js:479 WAITING_2
12:39:21.146 updates_per_collab.js:479 WAITING_6
12:39:21.149 updates_per_collab.js:472 FLOORREQUESTED_3
12:39:21.151 updates_per_collab.js:439 FLOORRELEASED_4
12:39:22.137 updates_per_collab.js:458 UPDATE_5
12:39:22.143 updates_per_collab.js:479 WAITING_7
12:39:23.138 updates_per_collab.js:479 WAITING_0
12:39:23.143 updates_per_collab.js:479 WAITING_2
12:39:23.145 updates_per_collab.js:479 WAITING_6
12:39:23.149 updates_per_collab.js:479 WAITING_3
12:39:23.151 updates_per_collab.js:472 FLOORREQUESTED_4
12:39:23.154 updates_per_collab.js:439 FLOORRELEASED_5
12:39:24.144 updates_per_collab.js:479 WAITING_7
12:39:24.146 updates_per_collab.js:479 WAITING_0
12:39:25.128 updates_per_collab.js:479 WAITING_2
12:39:25.130 updates_per_collab.js:458 UPDATE_6
12:39:25.132 updates_per_collab.js:479 WAITING_3
12:39:25.134 updates_per_collab.js:479 WAITING_4
12:39:25.136 updates_per_collab.js:472 FLOORREQUESTED_5
12:39:26.139 updates_per_collab.js:479 WAITING_7
12:39:26.142 updates_per_collab.js:479 WAITING_0
12:39:26.145 updates_per_collab.js:439 FLOORRELEASED_6
12:39:26.148 updates_per_collab.js:479 WAITING_2
12:39:26.150 updates_per_collab.js:479 WAITING_3
12:39:26.152 updates_per_collab.js:479 WAITING_4
12:39:26.153 updates_per_collab.js:479 WAITING_5
12:39:28.134 updates_per_collab.js:458 UPDATE_7
12:39:28.138 updates_per_collab.js:479 WAITING_0
12:39:28.140 updates_per_collab.js:472 FLOORREQUESTED_6
12:39:28.142 updates_per_collab.js:479 WAITING_2
12:39:28.143 updates_per_collab.js:479 WAITING_3
12:39:28.144 updates_per_collab.js:479 WAITING_4
12:39:28.145 updates_per_collab.js:479 WAITING_5
12:39:29.135 updates_per_collab.js:439 FLOORRELEASED_7
12:39:30.139 updates_per_collab.js:458 UPDATE_0
12:39:30.141 updates_per_collab.js:479 WAITING_6
12:39:30.142 updates_per_collab.js:479 WAITING_2
12:39:30.144 updates_per_collab.js:479 WAITING_3
12:39:30.145 updates_per_collab.js:479 WAITING_4
12:39:30.146 updates_per_collab.js:479 WAITING_5
12:39:30.148 updates_per_collab.js:472 FLOORREQUESTED_7
12:39:31.141 updates_per_collab.js:491 END_0
12:39:32.140 updates_per_collab.js:479 WAITING_6
12:39:32.145 updates_per_collab.js:458 UPDATE_2
12:39:32.146 updates_per_collab.js:479 WAITING_3
12:39:32.147 updates_per_collab.js:479 WAITING_4
12:39:32.149 updates_per_collab.js:479 WAITING_5
12:39:32.150 updates_per_collab.js:479 WAITING_7
12:39:33.143 updates_per_collab.js:439 FLOORRELEASED_2
12:39:34.144 updates_per_collab.js:479 WAITING_6
12:39:34.147 updates_per_collab.js:458 UPDATE_3
12:39:34.149 updates_per_collab.js:479 WAITING_4
12:39:34.150 updates_per_collab.js:479 WAITING_5
12:39:34.151 updates_per_collab.js:479 WAITING_7
12:39:35.147 updates_per_collab.js:472 FLOORREQUESTED_2
12:39:35.151 updates_per_collab.js:439 FLOORRELEASED_3
12:39:35.152 updates_per_collab.js:479 WAITING_6
12:39:36.130 updates_per_collab.js:458 UPDATE_4
12:39:36.135 updates_per_collab.js:479 WAITING_5
12:39:36.136 updates_per_collab.js:479 WAITING_7
12:39:37.131 updates_per_collab.js:479 WAITING_2
12:39:37.135 updates_per_collab.js:472 FLOORREQUESTED_3
12:39:37.137 updates_per_collab.js:479 WAITING_6
12:39:37.139 updates_per_collab.js:450 THINKING_4
12:39:38.132 updates_per_collab.js:479 WAITING_5
12:39:38.136 updates_per_collab.js:479 WAITING_7
12:39:39.137 updates_per_collab.js:479 WAITING_2
12:39:39.142 updates_per_collab.js:479 WAITING_3
12:39:39.143 updates_per_collab.js:479 WAITING_6
12:39:39.144 updates_per_collab.js:479 WAITING_5
12:39:40.140 updates_per_collab.js:479 WAITING_7
12:39:41.140 updates_per_collab.js:479 WAITING_2
12:39:41.143 updates_per_collab.js:479 WAITING_3
12:39:41.145 updates_per_collab.js:479 WAITING_6
12:39:41.146 updates_per_collab.js:479 WAITING_5
12:39:42.127 updates_per_collab.js:479 WAITING_7
12:39:42.131 updates_per_collab.js:458 UPDATE_4
12:39:43.142 updates_per_collab.js:479 WAITING_2
12:39:43.145 updates_per_collab.js:479 WAITING_3
12:39:43.147 updates_per_collab.js:479 WAITING_6
12:39:43.150 updates_per_collab.js:479 WAITING_5
12:39:43.152 updates_per_collab.js:491 END_4
12:39:43.153 updates_per_collab.js:479 WAITING_7
12:39:45.131 updates_per_collab.js:479 WAITING_2
12:39:45.135 updates_per_collab.js:479 WAITING_3
12:39:45.136 updates_per_collab.js:479 WAITING_6
12:39:45.138 updates_per_collab.js:458 UPDATE_5
12:39:45.139 updates_per_collab.js:479 WAITING_7
12:39:46.138 updates_per_collab.js:491 END_5
12:39:46.140 updates_per_collab.js:479 WAITING_2
12:39:46.142 updates_per_collab.js:479 WAITING_3
12:39:46.143 updates_per_collab.js:458 UPDATE_6
12:39:47.141 updates_per_collab.js:479 WAITING_7
12:39:47.146 updates_per_collab.js:439 FLOORRELEASED_6
12:39:48.127 updates_per_collab.js:479 WAITING_2
12:39:48.132 updates_per_collab.js:479 WAITING_3
12:39:49.129 updates_per_collab.js:458 UPDATE_7
12:39:49.132 updates_per_collab.js:472 FLOORREQUESTED_6
12:39:50.131 updates_per_collab.js:479 WAITING_2
12:39:50.135 updates_per_collab.js:479 WAITING_3
12:39:50.137 updates_per_collab.js:439 FLOORRELEASED_7
12:39:51.132 updates_per_collab.js:479 WAITING_6
12:39:52.136 updates_per_collab.js:458 UPDATE_2
12:39:52.141 updates_per_collab.js:479 WAITING_3
12:39:52.143 updates_per_collab.js:472 FLOORREQUESTED_7
12:39:52.144 updates_per_collab.js:479 WAITING_6
12:39:53.140 updates_per_collab.js:491 END_2
12:39:54.142 updates_per_collab.js:458 UPDATE_3
12:39:54.147 updates_per_collab.js:479 WAITING_7
12:39:54.148 updates_per_collab.js:479 WAITING_6
12:39:55.131 updates_per_collab.js:450 THINKING_3
12:39:56.135 updates_per_collab.js:479 WAITING_7
12:39:56.138 updates_per_collab.js:479 WAITING_6
12:39:58.137 updates_per_collab.js:479 WAITING_7
12:39:58.143 updates_per_collab.js:479 WAITING_6
12:39:58.145 updates_per_collab.js:458 UPDATE_3
12:39:59.138 updates_per_collab.js:439 FLOORRELEASED_3
12:40:00.144 updates_per_collab.js:479 WAITING_7
12:40:00.151 updates_per_collab.js:458 UPDATE_6
12:40:01.129 updates_per_collab.js:472 FLOORREQUESTED_3
12:40:01.132 updates_per_collab.js:439 FLOORRELEASED_6
12:40:02.130 updates_per_collab.js:458 UPDATE_7
12:40:03.131 updates_per_collab.js:479 WAITING_3
12:40:03.135 updates_per_collab.js:472 FLOORREQUESTED_6
12:40:03.136 updates_per_collab.js:450 THINKING_7
12:40:04.135 updates_per_collab.js:479 WAITING_3
12:40:05.141 updates_per_collab.js:479 WAITING_6
12:40:05.143 updates_per_collab.js:479 WAITING_3
12:40:07.138 updates_per_collab.js:479 WAITING_6
12:40:07.140 updates_per_collab.js:479 WAITING_3
12:40:07.142 updates_per_collab.js:458 UPDATE_7
12:40:08.141 updates_per_collab.js:439 FLOORRELEASED_7
12:40:08.146 updates_per_collab.js:479 WAITING_6
12:40:09.127 updates_per_collab.js:458 UPDATE_3
12:40:10.130 updates_per_collab.js:472 FLOORREQUESTED_7
12:40:10.134 updates_per_collab.js:479 WAITING_6
12:40:10.136 updates_per_collab.js:491 END_3
12:40:11.137 updates_per_collab.js:479 WAITING_7
12:40:11.140 updates_per_collab.js:458 UPDATE_6
12:40:12.136 updates_per_collab.js:491 END_6
12:40:13.138 updates_per_collab.js:458 UPDATE_7
12:40:14.140 updates_per_collab.js:491 END_7
