12:22:24.631 updates_per_collab.js:545 Tasks: 25; Collaborators: 4    =========================>
12:22:24.632 updates_per_collab.js:472 FLOORREQUESTED_0
12:22:24.633 updates_per_collab.js:472 FLOORREQUESTED_1
12:22:24.634 updates_per_collab.js:472 FLOORREQUESTED_2
12:22:24.636 updates_per_collab.js:472 FLOORREQUESTED_3
12:22:25.635 updates_per_collab.js:450 THINKING_0
12:22:25.637 updates_per_collab.js:479 WAITING_1
12:22:25.639 updates_per_collab.js:479 WAITING_2
12:22:25.641 updates_per_collab.js:479 WAITING_3
12:22:26.640 updates_per_collab.js:479 WAITING_1
12:22:26.641 updates_per_collab.js:479 WAITING_2
12:22:26.642 updates_per_collab.js:479 WAITING_3
12:22:27.642 updates_per_collab.js:479 WAITING_1
12:22:27.643 updates_per_collab.js:479 WAITING_2
12:22:27.644 updates_per_collab.js:479 WAITING_3
12:22:28.643 updates_per_collab.js:479 WAITING_1
12:22:28.644 updates_per_collab.js:479 WAITING_2
12:22:28.645 updates_per_collab.js:479 WAITING_3
12:22:29.644 updates_per_collab.js:479 WAITING_1
12:22:29.645 updates_per_collab.js:479 WAITING_2
12:22:29.648 updates_per_collab.js:479 WAITING_3
12:22:29.985 updates_per_collab.js:458 UPDATE_0
12:22:30.089 updates_per_collab.js:439 FLOORRELEASED_0
12:22:30.645 updates_per_collab.js:450 THINKING_1
12:22:30.648 updates_per_collab.js:479 WAITING_2
12:22:30.652 updates_per_collab.js:479 WAITING_3
12:22:31.090 updates_per_collab.js:472 FLOORREQUESTED_0
12:22:31.650 updates_per_collab.js:479 WAITING_2
12:22:31.655 updates_per_collab.js:479 WAITING_3
12:22:32.092 updates_per_collab.js:479 WAITING_0
12:22:32.652 updates_per_collab.js:479 WAITING_2
12:22:32.657 updates_per_collab.js:479 WAITING_3
12:22:33.095 updates_per_collab.js:479 WAITING_0
12:22:33.592 updates_per_collab.js:458 UPDATE_1
12:22:33.654 updates_per_collab.js:479 WAITING_2
12:22:33.659 updates_per_collab.js:479 WAITING_3
12:22:33.696 updates_per_collab.js:439 FLOORRELEASED_1
12:22:34.097 updates_per_collab.js:479 WAITING_0
12:22:34.656 updates_per_collab.js:439 FLOORRELEASED_2
12:22:34.662 updates_per_collab.js:439 FLOORRELEASED_3
12:22:34.698 updates_per_collab.js:472 FLOORREQUESTED_1
12:22:35.098 updates_per_collab.js:458 UPDATE_0
12:22:35.200 updates_per_collab.js:439 FLOORRELEASED_0
12:22:35.659 updates_per_collab.js:472 FLOORREQUESTED_2
12:22:35.664 updates_per_collab.js:472 FLOORREQUESTED_3
12:22:35.700 updates_per_collab.js:458 UPDATE_1
12:22:35.802 updates_per_collab.js:450 THINKING_1
12:22:36.202 updates_per_collab.js:472 FLOORREQUESTED_0
12:22:36.660 updates_per_collab.js:479 WAITING_2
12:22:36.667 updates_per_collab.js:479 WAITING_3
12:22:37.204 updates_per_collab.js:479 WAITING_0
12:22:37.663 updates_per_collab.js:479 WAITING_2
12:22:37.669 updates_per_collab.js:479 WAITING_3
12:22:38.207 updates_per_collab.js:479 WAITING_0
12:22:38.665 updates_per_collab.js:479 WAITING_2
12:22:38.671 updates_per_collab.js:479 WAITING_3
12:22:39.208 updates_per_collab.js:479 WAITING_0
12:22:39.351 updates_per_collab.js:458 UPDATE_1
12:22:39.453 updates_per_collab.js:450 THINKING_1
12:22:39.666 updates_per_collab.js:479 WAITING_2
12:22:39.674 updates_per_collab.js:479 WAITING_3
12:22:40.211 updates_per_collab.js:479 WAITING_0
12:22:40.669 updates_per_collab.js:479 WAITING_2
12:22:40.676 updates_per_collab.js:479 WAITING_3
12:22:41.214 updates_per_collab.js:479 WAITING_0
12:22:41.671 updates_per_collab.js:479 WAITING_2
12:22:41.678 updates_per_collab.js:479 WAITING_3
12:22:42.216 updates_per_collab.js:479 WAITING_0
12:22:42.672 updates_per_collab.js:479 WAITING_2
12:22:42.681 updates_per_collab.js:479 WAITING_3
12:22:43.218 updates_per_collab.js:479 WAITING_0
12:22:43.675 updates_per_collab.js:479 WAITING_2
12:22:43.683 updates_per_collab.js:479 WAITING_3
12:22:43.847 updates_per_collab.js:458 UPDATE_1
12:22:43.949 updates_per_collab.js:439 FLOORRELEASED_1
12:22:44.220 updates_per_collab.js:479 WAITING_0
12:22:44.676 updates_per_collab.js:458 UPDATE_2
12:22:44.685 updates_per_collab.js:479 WAITING_3
12:22:44.779 updates_per_collab.js:439 FLOORRELEASED_2
12:22:44.951 updates_per_collab.js:472 FLOORREQUESTED_1
12:22:45.223 updates_per_collab.js:479 WAITING_0
12:22:45.688 updates_per_collab.js:458 UPDATE_3
12:22:45.781 updates_per_collab.js:472 FLOORREQUESTED_2
12:22:45.789 updates_per_collab.js:439 FLOORRELEASED_3
12:22:45.954 updates_per_collab.js:479 WAITING_1
12:22:46.225 updates_per_collab.js:458 UPDATE_0
12:22:46.328 updates_per_collab.js:450 THINKING_0
12:22:46.783 updates_per_collab.js:479 WAITING_2
12:22:46.791 updates_per_collab.js:472 FLOORREQUESTED_3
12:22:46.956 updates_per_collab.js:479 WAITING_1
12:22:47.785 updates_per_collab.js:479 WAITING_2
12:22:47.793 updates_per_collab.js:479 WAITING_3
12:22:47.958 updates_per_collab.js:479 WAITING_1
12:22:48.788 updates_per_collab.js:479 WAITING_2
12:22:48.796 updates_per_collab.js:479 WAITING_3
12:22:48.899 updates_per_collab.js:458 UPDATE_0
12:22:48.960 updates_per_collab.js:479 WAITING_1
12:22:49.000 updates_per_collab.js:450 THINKING_0
12:22:49.790 updates_per_collab.js:479 WAITING_2
12:22:49.798 updates_per_collab.js:479 WAITING_3
12:22:49.962 updates_per_collab.js:479 WAITING_1
12:22:50.792 updates_per_collab.js:479 WAITING_2
12:22:50.800 updates_per_collab.js:479 WAITING_3
12:22:50.964 updates_per_collab.js:479 WAITING_1
12:22:51.794 updates_per_collab.js:479 WAITING_2
12:22:51.802 updates_per_collab.js:479 WAITING_3
12:22:51.967 updates_per_collab.js:479 WAITING_1
12:22:52.796 updates_per_collab.js:479 WAITING_2
12:22:52.804 updates_per_collab.js:479 WAITING_3
12:22:52.968 updates_per_collab.js:479 WAITING_1
12:22:53.797 updates_per_collab.js:479 WAITING_2
12:22:53.805 updates_per_collab.js:479 WAITING_3
12:22:53.943 updates_per_collab.js:458 UPDATE_0
12:22:53.970 updates_per_collab.js:479 WAITING_1
12:22:54.046 updates_per_collab.js:439 FLOORRELEASED_0
12:22:54.799 updates_per_collab.js:479 WAITING_2
12:22:54.808 updates_per_collab.js:479 WAITING_3
12:22:54.972 updates_per_collab.js:458 UPDATE_1
12:22:55.047 updates_per_collab.js:472 FLOORREQUESTED_0
12:22:55.074 updates_per_collab.js:450 THINKING_1
12:22:55.801 updates_per_collab.js:479 WAITING_2
12:22:55.811 updates_per_collab.js:479 WAITING_3
12:22:56.049 updates_per_collab.js:479 WAITING_0
12:22:56.803 updates_per_collab.js:479 WAITING_2
12:22:56.813 updates_per_collab.js:479 WAITING_3
12:22:57.050 updates_per_collab.js:479 WAITING_0
12:22:57.386 updates_per_collab.js:458 UPDATE_1
12:22:57.488 updates_per_collab.js:439 FLOORRELEASED_1
12:22:57.804 updates_per_collab.js:458 UPDATE_2
12:22:57.815 updates_per_collab.js:479 WAITING_3
12:22:57.909 updates_per_collab.js:439 FLOORRELEASED_2
12:22:58.052 updates_per_collab.js:479 WAITING_0
12:22:58.490 updates_per_collab.js:472 FLOORREQUESTED_1
12:22:58.818 updates_per_collab.js:458 UPDATE_3
12:22:58.913 updates_per_collab.js:472 FLOORREQUESTED_2
12:22:58.919 updates_per_collab.js:450 THINKING_3
12:22:59.054 updates_per_collab.js:479 WAITING_0
12:22:59.492 updates_per_collab.js:479 WAITING_1
12:22:59.914 updates_per_collab.js:479 WAITING_2
12:23:00.057 updates_per_collab.js:479 WAITING_0
12:23:00.493 updates_per_collab.js:479 WAITING_1
12:23:00.917 updates_per_collab.js:479 WAITING_2
12:23:01.058 updates_per_collab.js:479 WAITING_0
12:23:01.497 updates_per_collab.js:479 WAITING_1
12:23:01.919 updates_per_collab.js:479 WAITING_2
12:23:02.059 updates_per_collab.js:479 WAITING_0
12:23:02.500 updates_per_collab.js:479 WAITING_1
12:23:02.922 updates_per_collab.js:479 WAITING_2
12:23:03.039 updates_per_collab.js:458 UPDATE_3
12:23:03.060 updates_per_collab.js:479 WAITING_0
12:23:03.141 updates_per_collab.js:439 FLOORRELEASED_3
12:23:03.502 updates_per_collab.js:479 WAITING_1
12:23:03.925 updates_per_collab.js:479 WAITING_2
12:23:04.064 updates_per_collab.js:458 UPDATE_0
12:23:04.142 updates_per_collab.js:472 FLOORREQUESTED_3
12:23:04.167 updates_per_collab.js:450 THINKING_0
12:23:04.504 updates_per_collab.js:479 WAITING_1
12:23:04.927 updates_per_collab.js:479 WAITING_2
12:23:05.143 updates_per_collab.js:479 WAITING_3
12:23:05.506 updates_per_collab.js:479 WAITING_1
12:23:05.934 updates_per_collab.js:479 WAITING_2
12:23:06.145 updates_per_collab.js:479 WAITING_3
12:23:06.324 updates_per_collab.js:458 UPDATE_0
12:23:06.427 updates_per_collab.js:439 FLOORRELEASED_0
12:23:06.508 updates_per_collab.js:458 UPDATE_1
12:23:06.611 updates_per_collab.js:450 THINKING_1
12:23:06.937 updates_per_collab.js:479 WAITING_2
12:23:07.150 updates_per_collab.js:479 WAITING_3
12:23:07.428 updates_per_collab.js:472 FLOORREQUESTED_0
12:23:07.938 updates_per_collab.js:479 WAITING_2
12:23:08.152 updates_per_collab.js:479 WAITING_3
12:23:08.430 updates_per_collab.js:479 WAITING_0
12:23:08.941 updates_per_collab.js:479 WAITING_2
12:23:09.153 updates_per_collab.js:479 WAITING_3
12:23:09.432 updates_per_collab.js:479 WAITING_0
12:23:09.542 updates_per_collab.js:458 UPDATE_1
12:23:09.644 updates_per_collab.js:450 THINKING_1
12:23:10.139 updates_per_collab.js:479 WAITING_2
12:23:11.140 updates_per_collab.js:479 WAITING_3
12:23:11.141 updates_per_collab.js:479 WAITING_0
12:23:12.138 updates_per_collab.js:479 WAITING_2
12:23:13.138 updates_per_collab.js:479 WAITING_3
12:23:13.140 updates_per_collab.js:479 WAITING_0
12:23:14.138 updates_per_collab.js:479 WAITING_2
12:23:15.141 updates_per_collab.js:479 WAITING_3
12:23:15.142 updates_per_collab.js:479 WAITING_0
12:23:15.143 updates_per_collab.js:458 UPDATE_1
12:23:16.139 updates_per_collab.js:479 WAITING_2
12:23:16.146 updates_per_collab.js:450 THINKING_1
12:23:17.139 updates_per_collab.js:479 WAITING_3
12:23:17.142 updates_per_collab.js:479 WAITING_0
12:23:18.140 updates_per_collab.js:479 WAITING_2
12:23:19.139 updates_per_collab.js:479 WAITING_3
12:23:19.145 updates_per_collab.js:479 WAITING_0
12:23:20.139 updates_per_collab.js:479 WAITING_2
12:23:21.138 updates_per_collab.js:479 WAITING_3
12:23:21.139 updates_per_collab.js:479 WAITING_0
12:23:21.141 updates_per_collab.js:458 UPDATE_1
12:23:22.140 updates_per_collab.js:479 WAITING_2
12:23:22.150 updates_per_collab.js:439 FLOORRELEASED_1
12:23:22.154 updates_per_collab.js:479 WAITING_3
12:23:23.139 updates_per_collab.js:479 WAITING_0
12:23:24.144 updates_per_collab.js:458 UPDATE_2
12:23:24.149 updates_per_collab.js:472 FLOORREQUESTED_1
12:23:24.151 updates_per_collab.js:479 WAITING_3
12:23:24.152 updates_per_collab.js:479 WAITING_0
12:23:25.027 updates_per_collab.js:450 THINKING_2
12:23:25.153 updates_per_collab.js:479 WAITING_1
12:23:25.156 updates_per_collab.js:479 WAITING_3
12:23:25.158 updates_per_collab.js:479 WAITING_0
12:23:26.157 updates_per_collab.js:479 WAITING_1
12:23:26.158 updates_per_collab.js:479 WAITING_3
12:23:26.163 updates_per_collab.js:479 WAITING_0
12:23:27.159 updates_per_collab.js:479 WAITING_1
12:23:27.162 updates_per_collab.js:479 WAITING_3
12:23:27.167 updates_per_collab.js:479 WAITING_0
12:23:27.749 updates_per_collab.js:458 UPDATE_2
12:23:27.851 updates_per_collab.js:439 FLOORRELEASED_2
12:23:28.163 updates_per_collab.js:479 WAITING_1
12:23:28.166 updates_per_collab.js:458 UPDATE_3
12:23:28.170 updates_per_collab.js:479 WAITING_0
12:23:28.268 updates_per_collab.js:439 FLOORRELEASED_3
12:23:28.853 updates_per_collab.js:472 FLOORREQUESTED_2
12:23:29.166 updates_per_collab.js:479 WAITING_1
12:23:29.171 updates_per_collab.js:458 UPDATE_0
12:23:29.269 updates_per_collab.js:472 FLOORREQUESTED_3
12:23:29.273 updates_per_collab.js:439 FLOORRELEASED_0
12:23:29.855 updates_per_collab.js:479 WAITING_2
12:23:30.168 updates_per_collab.js:458 UPDATE_1
12:23:30.269 updates_per_collab.js:450 THINKING_1
12:23:30.270 updates_per_collab.js:479 WAITING_3
12:23:30.274 updates_per_collab.js:472 FLOORREQUESTED_0
12:23:30.858 updates_per_collab.js:479 WAITING_2
12:23:31.273 updates_per_collab.js:479 WAITING_3
12:23:31.277 updates_per_collab.js:479 WAITING_0
12:23:31.861 updates_per_collab.js:479 WAITING_2
12:23:32.275 updates_per_collab.js:479 WAITING_3
12:23:32.280 updates_per_collab.js:479 WAITING_0
12:23:32.448 updates_per_collab.js:458 UPDATE_1
12:23:32.552 updates_per_collab.js:439 FLOORRELEASED_1
12:23:32.864 updates_per_collab.js:458 UPDATE_2
12:23:32.965 updates_per_collab.js:439 FLOORRELEASED_2
12:23:33.278 updates_per_collab.js:458 UPDATE_3
12:23:33.283 updates_per_collab.js:479 WAITING_0
12:23:33.380 updates_per_collab.js:439 FLOORRELEASED_3
12:23:33.553 updates_per_collab.js:472 FLOORREQUESTED_1
12:23:33.967 updates_per_collab.js:472 FLOORREQUESTED_2
12:23:35.148 updates_per_collab.js:458 UPDATE_0
12:23:35.150 updates_per_collab.js:472 FLOORREQUESTED_3
12:23:35.152 updates_per_collab.js:479 WAITING_1
12:23:35.155 updates_per_collab.js:479 WAITING_2
12:23:36.138 updates_per_collab.js:450 THINKING_0
12:23:37.139 updates_per_collab.js:479 WAITING_3
12:23:37.142 updates_per_collab.js:479 WAITING_1
12:23:37.144 updates_per_collab.js:479 WAITING_2
12:23:39.138 updates_per_collab.js:479 WAITING_3
12:23:39.144 updates_per_collab.js:479 WAITING_1
12:23:39.147 updates_per_collab.js:479 WAITING_2
12:23:40.141 updates_per_collab.js:458 UPDATE_0
12:23:41.139 updates_per_collab.js:479 WAITING_3
12:23:41.141 updates_per_collab.js:479 WAITING_1
12:23:41.143 updates_per_collab.js:479 WAITING_2
12:23:41.145 updates_per_collab.js:439 FLOORRELEASED_0
12:23:43.228 updates_per_collab.js:479 WAITING_3
12:23:43.234 updates_per_collab.js:458 UPDATE_1
12:23:43.262 updates_per_collab.js:479 WAITING_2
12:23:43.282 updates_per_collab.js:472 FLOORREQUESTED_0
12:23:44.139 updates_per_collab.js:491 END_1
12:23:45.140 updates_per_collab.js:479 WAITING_3
12:23:45.143 updates_per_collab.js:458 UPDATE_2
12:23:45.145 updates_per_collab.js:479 WAITING_0
12:23:46.140 updates_per_collab.js:450 THINKING_2
12:23:47.148 updates_per_collab.js:479 WAITING_3
12:23:47.153 updates_per_collab.js:479 WAITING_0
12:23:49.154 updates_per_collab.js:479 WAITING_3
12:23:49.159 updates_per_collab.js:479 WAITING_0
12:23:49.161 updates_per_collab.js:458 UPDATE_2
12:23:50.157 updates_per_collab.js:450 THINKING_2
12:23:51.140 updates_per_collab.js:479 WAITING_3
12:23:51.142 updates_per_collab.js:479 WAITING_0
12:23:53.142 updates_per_collab.js:479 WAITING_3
12:23:53.144 updates_per_collab.js:479 WAITING_0
12:23:53.145 updates_per_collab.js:458 UPDATE_2
12:23:54.147 updates_per_collab.js:450 THINKING_2
12:23:54.148 updates_per_collab.js:479 WAITING_3
12:23:54.150 updates_per_collab.js:479 WAITING_0
12:23:56.146 updates_per_collab.js:479 WAITING_3
12:23:56.151 updates_per_collab.js:479 WAITING_0
12:23:58.150 updates_per_collab.js:479 WAITING_3
12:23:58.151 updates_per_collab.js:479 WAITING_0
12:23:59.151 updates_per_collab.js:458 UPDATE_2
12:24:00.155 updates_per_collab.js:479 WAITING_3
12:24:00.158 updates_per_collab.js:479 WAITING_0
12:24:00.159 updates_per_collab.js:439 FLOORRELEASED_2
12:24:02.140 updates_per_collab.js:458 UPDATE_3
12:24:02.146 updates_per_collab.js:479 WAITING_0
12:24:02.152 updates_per_collab.js:472 FLOORREQUESTED_2
12:24:03.142 updates_per_collab.js:439 FLOORRELEASED_3
12:24:04.143 updates_per_collab.js:458 UPDATE_0
12:24:04.147 updates_per_collab.js:479 WAITING_2
12:24:05.147 updates_per_collab.js:472 FLOORREQUESTED_3
12:24:05.154 updates_per_collab.js:439 FLOORRELEASED_0
12:24:06.149 updates_per_collab.js:458 UPDATE_2
12:24:07.153 updates_per_collab.js:479 WAITING_3
12:24:07.157 updates_per_collab.js:472 FLOORREQUESTED_0
12:24:07.159 updates_per_collab.js:439 FLOORRELEASED_2
12:24:09.142 updates_per_collab.js:458 UPDATE_3
12:24:09.146 updates_per_collab.js:479 WAITING_0
12:24:09.148 updates_per_collab.js:472 FLOORREQUESTED_2
12:24:10.143 updates_per_collab.js:439 FLOORRELEASED_3
12:24:11.144 updates_per_collab.js:458 UPDATE_0
12:24:11.149 updates_per_collab.js:479 WAITING_2
12:24:12.152 updates_per_collab.js:472 FLOORREQUESTED_3
12:24:12.157 updates_per_collab.js:439 FLOORRELEASED_0
12:24:12.165 updates_per_collab.js:458 UPDATE_2
12:24:13.142 updates_per_collab.js:439 FLOORRELEASED_2
12:24:14.142 updates_per_collab.js:458 UPDATE_3
12:24:14.148 updates_per_collab.js:472 FLOORREQUESTED_0
12:24:15.147 updates_per_collab.js:472 FLOORREQUESTED_2
12:24:15.153 updates_per_collab.js:450 THINKING_3
12:24:16.149 updates_per_collab.js:479 WAITING_0
12:24:17.150 updates_per_collab.js:479 WAITING_2
12:24:18.151 updates_per_collab.js:479 WAITING_0
12:24:18.153 updates_per_collab.js:458 UPDATE_3
12:24:19.141 updates_per_collab.js:479 WAITING_2
12:24:19.144 updates_per_collab.js:439 FLOORRELEASED_3
12:24:20.147 updates_per_collab.js:458 UPDATE_0
12:24:20.148 updates_per_collab.js:479 WAITING_2
12:24:20.150 updates_per_collab.js:472 FLOORREQUESTED_3
12:24:21.149 updates_per_collab.js:491 END_0
12:24:22.150 updates_per_collab.js:458 UPDATE_2
12:24:22.152 updates_per_collab.js:479 WAITING_3
12:24:23.152 updates_per_collab.js:439 FLOORRELEASED_2
12:24:24.150 updates_per_collab.js:458 UPDATE_3
12:24:25.143 updates_per_collab.js:472 FLOORREQUESTED_2
12:24:25.146 updates_per_collab.js:439 FLOORRELEASED_3
12:24:26.150 updates_per_collab.js:458 UPDATE_2
12:24:26.151 updates_per_collab.js:472 FLOORREQUESTED_3
12:24:27.147 updates_per_collab.js:491 END_2
12:24:28.148 updates_per_collab.js:458 UPDATE_3
12:24:29.149 updates_per_collab.js:450 THINKING_3
12:24:32.155 updates_per_collab.js:458 UPDATE_3
12:24:33.155 updates_per_collab.js:439 FLOORRELEASED_3
12:24:35.138 updates_per_collab.js:472 FLOORREQUESTED_3
12:24:37.145 updates_per_collab.js:458 UPDATE_3
12:24:38.147 updates_per_collab.js:491 END_3
