12:28:15.146 updates_per_collab.js:569 Tasks: 25; Collaborators: 6    =========================>
12:28:15.149 updates_per_collab.js:472 FLOORREQUESTED_0
12:28:15.151 updates_per_collab.js:472 FLOORREQUESTED_1
12:28:15.153 updates_per_collab.js:472 FLOORREQUESTED_2
12:28:15.155 updates_per_collab.js:472 FLOORREQUESTED_3
12:28:15.156 updates_per_collab.js:472 FLOORREQUESTED_4
12:28:15.159 updates_per_collab.js:472 FLOORREQUESTED_5
12:28:17.135 updates_per_collab.js:450 THINKING_0
12:28:17.138 updates_per_collab.js:479 WAITING_1
12:28:17.140 updates_per_collab.js:479 WAITING_2
12:28:17.144 updates_per_collab.js:479 WAITING_3
12:28:17.145 updates_per_collab.js:479 WAITING_4
12:28:17.148 updates_per_collab.js:479 WAITING_5
12:28:19.144 updates_per_collab.js:479 WAITING_1
12:28:19.151 updates_per_collab.js:479 WAITING_2
12:28:19.161 updates_per_collab.js:479 WAITING_3
12:28:19.164 updates_per_collab.js:479 WAITING_4
12:28:19.166 updates_per_collab.js:479 WAITING_5
12:28:21.135 updates_per_collab.js:479 WAITING_1
12:28:21.138 updates_per_collab.js:479 WAITING_2
12:28:21.139 updates_per_collab.js:479 WAITING_3
12:28:21.141 updates_per_collab.js:479 WAITING_4
12:28:21.142 updates_per_collab.js:479 WAITING_5
12:28:22.135 updates_per_collab.js:458 UPDATE_0
12:28:23.134 updates_per_collab.js:479 WAITING_1
12:28:23.140 updates_per_collab.js:479 WAITING_2
12:28:23.145 updates_per_collab.js:479 WAITING_3
12:28:23.149 updates_per_collab.js:479 WAITING_4
12:28:23.151 updates_per_collab.js:479 WAITING_5
12:28:23.154 updates_per_collab.js:439 FLOORRELEASED_0
12:28:25.148 updates_per_collab.js:450 THINKING_1
12:28:25.155 updates_per_collab.js:479 WAITING_2
12:28:25.173 updates_per_collab.js:479 WAITING_3
12:28:25.176 updates_per_collab.js:479 WAITING_4
12:28:25.179 updates_per_collab.js:479 WAITING_5
12:28:25.180 updates_per_collab.js:472 FLOORREQUESTED_0
12:28:27.139 updates_per_collab.js:479 WAITING_2
12:28:27.141 updates_per_collab.js:479 WAITING_3
12:28:27.143 updates_per_collab.js:479 WAITING_4
12:28:27.144 updates_per_collab.js:479 WAITING_5
12:28:27.145 updates_per_collab.js:479 WAITING_0
12:28:28.134 updates_per_collab.js:458 UPDATE_1
12:28:29.135 updates_per_collab.js:479 WAITING_2
12:28:29.137 updates_per_collab.js:479 WAITING_3
12:28:29.139 updates_per_collab.js:479 WAITING_4
12:28:29.140 updates_per_collab.js:479 WAITING_5
12:28:29.141 updates_per_collab.js:479 WAITING_0
12:28:29.143 updates_per_collab.js:439 FLOORRELEASED_1
12:28:31.134 updates_per_collab.js:439 FLOORRELEASED_2
12:28:31.137 updates_per_collab.js:439 FLOORRELEASED_3
12:28:31.140 updates_per_collab.js:439 FLOORRELEASED_4
12:28:31.142 updates_per_collab.js:439 FLOORRELEASED_5
12:28:31.144 updates_per_collab.js:458 UPDATE_0
12:28:31.146 updates_per_collab.js:472 FLOORREQUESTED_1
12:28:32.135 updates_per_collab.js:439 FLOORRELEASED_0
12:28:33.135 updates_per_collab.js:472 FLOORREQUESTED_2
12:28:33.137 updates_per_collab.js:472 FLOORREQUESTED_3
12:28:33.138 updates_per_collab.js:472 FLOORREQUESTED_4
12:28:33.139 updates_per_collab.js:472 FLOORREQUESTED_5
12:28:33.141 updates_per_collab.js:458 UPDATE_1
12:28:34.134 updates_per_collab.js:472 FLOORREQUESTED_0
12:28:34.138 updates_per_collab.js:450 THINKING_1
12:28:35.136 updates_per_collab.js:479 WAITING_2
12:28:35.138 updates_per_collab.js:479 WAITING_3
12:28:35.140 updates_per_collab.js:479 WAITING_4
12:28:35.142 updates_per_collab.js:479 WAITING_5
12:28:36.135 updates_per_collab.js:479 WAITING_0
12:28:37.135 updates_per_collab.js:479 WAITING_2
12:28:37.137 updates_per_collab.js:479 WAITING_3
12:28:37.138 updates_per_collab.js:479 WAITING_4
12:28:37.140 updates_per_collab.js:479 WAITING_5
12:28:38.135 updates_per_collab.js:479 WAITING_0
12:28:38.139 updates_per_collab.js:458 UPDATE_1
12:28:39.136 updates_per_collab.js:479 WAITING_2
12:28:39.139 updates_per_collab.js:479 WAITING_3
12:28:39.141 updates_per_collab.js:479 WAITING_4
12:28:39.142 updates_per_collab.js:479 WAITING_5
12:28:39.143 updates_per_collab.js:450 THINKING_1
12:28:40.136 updates_per_collab.js:479 WAITING_0
12:28:41.134 updates_per_collab.js:479 WAITING_2
12:28:41.140 updates_per_collab.js:479 WAITING_3
12:28:41.142 updates_per_collab.js:479 WAITING_4
12:28:41.143 updates_per_collab.js:479 WAITING_5
12:28:42.135 updates_per_collab.js:479 WAITING_0
12:28:43.135 updates_per_collab.js:479 WAITING_2
12:28:43.140 updates_per_collab.js:479 WAITING_3
12:28:43.141 updates_per_collab.js:479 WAITING_4
12:28:43.142 updates_per_collab.js:479 WAITING_5
12:28:44.136 updates_per_collab.js:479 WAITING_0
12:28:44.143 updates_per_collab.js:458 UPDATE_1
12:28:45.137 updates_per_collab.js:479 WAITING_2
12:28:45.141 updates_per_collab.js:479 WAITING_3
12:28:45.143 updates_per_collab.js:479 WAITING_4
12:28:45.148 updates_per_collab.js:479 WAITING_5
12:28:45.150 updates_per_collab.js:439 FLOORRELEASED_1
12:28:46.138 updates_per_collab.js:479 WAITING_0
12:28:47.134 updates_per_collab.js:458 UPDATE_2
12:28:47.136 updates_per_collab.js:479 WAITING_3
12:28:47.137 updates_per_collab.js:479 WAITING_4
12:28:47.139 updates_per_collab.js:479 WAITING_5
12:28:47.147 updates_per_collab.js:472 FLOORREQUESTED_1
12:28:48.135 updates_per_collab.js:479 WAITING_0
12:28:48.138 updates_per_collab.js:439 FLOORRELEASED_2
12:28:49.136 updates_per_collab.js:458 UPDATE_3
12:28:49.137 updates_per_collab.js:479 WAITING_4
12:28:49.139 updates_per_collab.js:479 WAITING_5
12:28:49.141 updates_per_collab.js:479 WAITING_1
12:28:50.135 updates_per_collab.js:479 WAITING_0
12:28:50.145 updates_per_collab.js:472 FLOORREQUESTED_2
12:28:50.150 updates_per_collab.js:439 FLOORRELEASED_3
12:28:51.135 updates_per_collab.js:458 UPDATE_4
12:28:51.143 updates_per_collab.js:479 WAITING_5
12:28:51.144 updates_per_collab.js:479 WAITING_1
12:28:52.151 updates_per_collab.js:479 WAITING_0
12:28:52.159 updates_per_collab.js:479 WAITING_2
12:28:52.161 updates_per_collab.js:472 FLOORREQUESTED_3
12:28:52.163 updates_per_collab.js:439 FLOORRELEASED_4
12:28:53.136 updates_per_collab.js:458 UPDATE_5
12:28:53.144 updates_per_collab.js:479 WAITING_1
12:28:54.135 updates_per_collab.js:479 WAITING_0
12:28:54.146 updates_per_collab.js:479 WAITING_2
12:28:54.149 updates_per_collab.js:479 WAITING_3
12:28:54.151 updates_per_collab.js:472 FLOORREQUESTED_4
12:28:54.152 updates_per_collab.js:450 THINKING_5
12:28:55.134 updates_per_collab.js:479 WAITING_1
12:28:56.135 updates_per_collab.js:479 WAITING_0
12:28:56.138 updates_per_collab.js:479 WAITING_2
12:28:56.147 updates_per_collab.js:479 WAITING_3
12:28:56.151 updates_per_collab.js:479 WAITING_4
12:28:57.144 updates_per_collab.js:479 WAITING_1
12:28:57.159 updates_per_collab.js:458 UPDATE_5
12:28:57.163 updates_per_collab.js:479 WAITING_0
12:28:58.150 updates_per_collab.js:479 WAITING_2
12:28:58.178 updates_per_collab.js:479 WAITING_3
12:28:58.180 updates_per_collab.js:479 WAITING_4
12:28:58.182 updates_per_collab.js:439 FLOORRELEASED_5
12:28:59.139 updates_per_collab.js:479 WAITING_1
12:28:59.152 updates_per_collab.js:458 UPDATE_0
12:29:00.135 updates_per_collab.js:479 WAITING_2
12:29:00.143 updates_per_collab.js:479 WAITING_3
12:29:00.151 updates_per_collab.js:479 WAITING_4
12:29:00.154 updates_per_collab.js:472 FLOORREQUESTED_5
12:29:00.158 updates_per_collab.js:450 THINKING_0
12:29:01.137 updates_per_collab.js:479 WAITING_1
12:29:02.135 updates_per_collab.js:479 WAITING_2
12:29:02.140 updates_per_collab.js:479 WAITING_3
12:29:02.143 updates_per_collab.js:479 WAITING_4
12:29:02.145 updates_per_collab.js:479 WAITING_5
12:29:03.136 updates_per_collab.js:479 WAITING_1
12:29:03.145 updates_per_collab.js:458 UPDATE_0
12:29:04.138 updates_per_collab.js:479 WAITING_2
12:29:04.141 updates_per_collab.js:479 WAITING_3
12:29:04.142 updates_per_collab.js:479 WAITING_4
12:29:04.144 updates_per_collab.js:479 WAITING_5
12:29:04.145 updates_per_collab.js:450 THINKING_0
12:29:04.764 updates_per_collab.js:479 WAITING_1
12:29:05.149 updates_per_collab.js:479 WAITING_2
12:29:05.151 updates_per_collab.js:479 WAITING_3
12:29:05.153 updates_per_collab.js:479 WAITING_4
12:29:05.155 updates_per_collab.js:479 WAITING_5
12:29:05.767 updates_per_collab.js:479 WAITING_1
12:29:06.153 updates_per_collab.js:479 WAITING_2
12:29:06.155 updates_per_collab.js:479 WAITING_3
12:29:06.160 updates_per_collab.js:479 WAITING_4
12:29:06.162 updates_per_collab.js:479 WAITING_5
12:29:06.771 updates_per_collab.js:479 WAITING_1
12:29:07.155 updates_per_collab.js:479 WAITING_2
12:29:07.161 updates_per_collab.js:479 WAITING_3
12:29:07.163 updates_per_collab.js:479 WAITING_4
12:29:07.164 updates_per_collab.js:479 WAITING_5
12:29:07.774 updates_per_collab.js:479 WAITING_1
12:29:08.157 updates_per_collab.js:479 WAITING_2
12:29:08.163 updates_per_collab.js:479 WAITING_3
12:29:08.165 updates_per_collab.js:479 WAITING_4
12:29:08.168 updates_per_collab.js:479 WAITING_5
12:29:08.776 updates_per_collab.js:479 WAITING_1
12:29:09.088 updates_per_collab.js:458 UPDATE_0
12:29:09.159 updates_per_collab.js:479 WAITING_2
12:29:09.166 updates_per_collab.js:479 WAITING_3
12:29:09.177 updates_per_collab.js:479 WAITING_4
12:29:09.181 updates_per_collab.js:479 WAITING_5
12:29:09.194 updates_per_collab.js:439 FLOORRELEASED_0
12:29:09.796 updates_per_collab.js:458 UPDATE_1
12:29:09.911 updates_per_collab.js:450 THINKING_1
12:29:10.162 updates_per_collab.js:479 WAITING_2
12:29:10.178 updates_per_collab.js:479 WAITING_3
12:29:10.182 updates_per_collab.js:479 WAITING_4
12:29:10.185 updates_per_collab.js:479 WAITING_5
12:29:10.197 updates_per_collab.js:472 FLOORREQUESTED_0
12:29:11.179 updates_per_collab.js:479 WAITING_2
12:29:11.181 updates_per_collab.js:479 WAITING_3
12:29:11.185 updates_per_collab.js:479 WAITING_4
12:29:11.189 updates_per_collab.js:479 WAITING_5
12:29:11.200 updates_per_collab.js:479 WAITING_0
12:29:12.202 updates_per_collab.js:479 WAITING_2
12:29:12.203 updates_per_collab.js:479 WAITING_3
12:29:12.206 updates_per_collab.js:479 WAITING_4
12:29:12.209 updates_per_collab.js:479 WAITING_5
12:29:12.213 updates_per_collab.js:479 WAITING_0
12:29:12.232 updates_per_collab.js:458 UPDATE_1
12:29:12.335 updates_per_collab.js:439 FLOORRELEASED_1
12:29:13.207 updates_per_collab.js:458 UPDATE_2
12:29:13.211 updates_per_collab.js:479 WAITING_3
12:29:13.212 updates_per_collab.js:479 WAITING_4
12:29:13.213 updates_per_collab.js:479 WAITING_5
12:29:13.215 updates_per_collab.js:479 WAITING_0
12:29:13.313 updates_per_collab.js:439 FLOORRELEASED_2
12:29:13.337 updates_per_collab.js:472 FLOORREQUESTED_1
12:29:14.217 updates_per_collab.js:458 UPDATE_3
12:29:14.218 updates_per_collab.js:479 WAITING_4
12:29:14.219 updates_per_collab.js:479 WAITING_5
12:29:14.220 updates_per_collab.js:479 WAITING_0
12:29:14.318 updates_per_collab.js:472 FLOORREQUESTED_2
12:29:14.320 updates_per_collab.js:450 THINKING_3
12:29:14.342 updates_per_collab.js:479 WAITING_1
12:29:15.233 updates_per_collab.js:479 WAITING_4
12:29:15.235 updates_per_collab.js:479 WAITING_5
12:29:15.238 updates_per_collab.js:479 WAITING_0
12:29:15.322 updates_per_collab.js:479 WAITING_2
12:29:15.344 updates_per_collab.js:479 WAITING_1
12:29:16.250 updates_per_collab.js:479 WAITING_4
12:29:16.253 updates_per_collab.js:479 WAITING_5
12:29:16.255 updates_per_collab.js:479 WAITING_0
12:29:16.323 updates_per_collab.js:479 WAITING_2
12:29:16.346 updates_per_collab.js:479 WAITING_1
12:29:17.254 updates_per_collab.js:479 WAITING_4
12:29:17.256 updates_per_collab.js:479 WAITING_5
12:29:17.259 updates_per_collab.js:479 WAITING_0
12:29:17.324 updates_per_collab.js:479 WAITING_2
12:29:17.347 updates_per_collab.js:479 WAITING_1
12:29:18.261 updates_per_collab.js:479 WAITING_4
12:29:18.265 updates_per_collab.js:479 WAITING_5
12:29:18.268 updates_per_collab.js:479 WAITING_0
12:29:18.326 updates_per_collab.js:479 WAITING_2
12:29:18.349 updates_per_collab.js:479 WAITING_1
12:29:18.437 updates_per_collab.js:458 UPDATE_3
12:29:18.540 updates_per_collab.js:439 FLOORRELEASED_3
12:29:19.268 updates_per_collab.js:458 UPDATE_4
12:29:19.269 updates_per_collab.js:479 WAITING_5
12:29:19.271 updates_per_collab.js:479 WAITING_0
12:29:19.337 updates_per_collab.js:479 WAITING_2
12:29:19.351 updates_per_collab.js:479 WAITING_1
12:29:19.369 updates_per_collab.js:439 FLOORRELEASED_4
12:29:19.553 updates_per_collab.js:472 FLOORREQUESTED_3
12:29:20.285 updates_per_collab.js:458 UPDATE_5
12:29:20.286 updates_per_collab.js:479 WAITING_0
12:29:20.346 updates_per_collab.js:479 WAITING_2
12:29:20.353 updates_per_collab.js:479 WAITING_1
12:29:20.371 updates_per_collab.js:472 FLOORREQUESTED_4
12:29:20.387 updates_per_collab.js:450 THINKING_5
12:29:20.570 updates_per_collab.js:479 WAITING_3
12:29:21.292 updates_per_collab.js:479 WAITING_0
12:29:21.362 updates_per_collab.js:479 WAITING_2
12:29:21.364 updates_per_collab.js:479 WAITING_1
12:29:21.373 updates_per_collab.js:479 WAITING_4
12:29:21.574 updates_per_collab.js:479 WAITING_3
12:29:22.295 updates_per_collab.js:479 WAITING_0
12:29:22.366 updates_per_collab.js:479 WAITING_2
12:29:22.369 updates_per_collab.js:479 WAITING_1
12:29:22.375 updates_per_collab.js:479 WAITING_4
12:29:23.157 updates_per_collab.js:479 WAITING_3
12:29:24.156 updates_per_collab.js:479 WAITING_0
12:29:24.158 updates_per_collab.js:479 WAITING_2
12:29:24.159 updates_per_collab.js:479 WAITING_1
12:29:24.160 updates_per_collab.js:479 WAITING_4
12:29:24.161 updates_per_collab.js:458 UPDATE_5
12:29:25.163 updates_per_collab.js:479 WAITING_3
12:29:25.167 updates_per_collab.js:439 FLOORRELEASED_5
12:29:25.169 updates_per_collab.js:458 UPDATE_0
12:29:25.172 updates_per_collab.js:479 WAITING_2
12:29:25.174 updates_per_collab.js:479 WAITING_1
12:29:25.175 updates_per_collab.js:479 WAITING_4
12:29:26.159 updates_per_collab.js:450 THINKING_0
12:29:27.159 updates_per_collab.js:479 WAITING_3
12:29:27.161 updates_per_collab.js:472 FLOORREQUESTED_5
12:29:27.164 updates_per_collab.js:479 WAITING_2
12:29:27.166 updates_per_collab.js:479 WAITING_1
12:29:27.167 updates_per_collab.js:479 WAITING_4
12:29:29.144 updates_per_collab.js:479 WAITING_3
12:29:29.145 updates_per_collab.js:479 WAITING_5
12:29:29.147 updates_per_collab.js:479 WAITING_2
12:29:29.148 updates_per_collab.js:479 WAITING_1
12:29:29.153 updates_per_collab.js:479 WAITING_4
12:29:29.154 updates_per_collab.js:458 UPDATE_0
12:29:30.147 updates_per_collab.js:439 FLOORRELEASED_0
12:29:30.150 updates_per_collab.js:479 WAITING_3
12:29:31.149 updates_per_collab.js:479 WAITING_5
12:29:31.152 updates_per_collab.js:479 WAITING_2
12:29:31.154 updates_per_collab.js:458 UPDATE_1
12:29:31.156 updates_per_collab.js:479 WAITING_4
12:29:32.151 updates_per_collab.js:472 FLOORREQUESTED_0
12:29:32.156 updates_per_collab.js:479 WAITING_3
12:29:32.158 updates_per_collab.js:450 THINKING_1
12:29:33.152 updates_per_collab.js:479 WAITING_5
12:29:33.155 updates_per_collab.js:479 WAITING_2
12:29:33.157 updates_per_collab.js:479 WAITING_4
12:29:34.141 updates_per_collab.js:479 WAITING_0
12:29:34.143 updates_per_collab.js:479 WAITING_3
12:29:35.141 updates_per_collab.js:479 WAITING_5
12:29:35.143 updates_per_collab.js:479 WAITING_2
12:29:35.145 updates_per_collab.js:479 WAITING_4
12:29:35.147 updates_per_collab.js:458 UPDATE_1
12:29:36.147 updates_per_collab.js:479 WAITING_0
12:29:36.149 updates_per_collab.js:479 WAITING_3
12:29:36.150 updates_per_collab.js:450 THINKING_1
12:29:36.151 updates_per_collab.js:479 WAITING_5
12:29:36.152 updates_per_collab.js:479 WAITING_2
12:29:37.149 updates_per_collab.js:479 WAITING_4
12:29:37.152 updates_per_collab.js:479 WAITING_0
12:29:38.149 updates_per_collab.js:479 WAITING_3
12:29:38.153 updates_per_collab.js:479 WAITING_5
12:29:38.158 updates_per_collab.js:479 WAITING_2
12:29:39.184 updates_per_collab.js:479 WAITING_4
12:29:39.186 updates_per_collab.js:479 WAITING_0
12:29:39.187 updates_per_collab.js:479 WAITING_3
12:29:39.188 updates_per_collab.js:479 WAITING_5
12:29:39.189 updates_per_collab.js:479 WAITING_2
12:29:41.153 updates_per_collab.js:479 WAITING_4
12:29:41.155 updates_per_collab.js:479 WAITING_0
12:29:41.158 updates_per_collab.js:479 WAITING_3
12:29:41.160 updates_per_collab.js:479 WAITING_5
12:29:41.162 updates_per_collab.js:479 WAITING_2
12:29:41.163 updates_per_collab.js:458 UPDATE_1
12:29:42.142 updates_per_collab.js:450 THINKING_1
12:29:43.148 updates_per_collab.js:479 WAITING_4
12:29:43.151 updates_per_collab.js:479 WAITING_0
12:29:43.154 updates_per_collab.js:479 WAITING_3
12:29:43.155 updates_per_collab.js:479 WAITING_5
12:29:43.156 updates_per_collab.js:479 WAITING_2
12:29:45.150 updates_per_collab.js:479 WAITING_4
12:29:45.154 updates_per_collab.js:479 WAITING_0
12:29:45.157 updates_per_collab.js:479 WAITING_3
12:29:45.158 updates_per_collab.js:479 WAITING_5
12:29:45.160 updates_per_collab.js:479 WAITING_2
12:29:47.138 updates_per_collab.js:479 WAITING_4
12:29:47.143 updates_per_collab.js:479 WAITING_0
12:29:47.144 updates_per_collab.js:479 WAITING_3
12:29:47.146 updates_per_collab.js:479 WAITING_5
12:29:47.147 updates_per_collab.js:479 WAITING_2
12:29:47.148 updates_per_collab.js:458 UPDATE_1
12:29:48.140 updates_per_collab.js:439 FLOORRELEASED_1
12:29:49.147 updates_per_collab.js:479 WAITING_4
12:29:49.150 updates_per_collab.js:479 WAITING_0
12:29:49.152 updates_per_collab.js:479 WAITING_3
12:29:49.153 updates_per_collab.js:479 WAITING_5
12:29:49.154 updates_per_collab.js:458 UPDATE_2
12:29:49.155 updates_per_collab.js:472 FLOORREQUESTED_1
12:29:50.143 updates_per_collab.js:450 THINKING_2
12:29:51.150 updates_per_collab.js:479 WAITING_4
12:29:51.154 updates_per_collab.js:479 WAITING_0
12:29:51.156 updates_per_collab.js:479 WAITING_3
12:29:51.157 updates_per_collab.js:479 WAITING_5
12:29:51.158 updates_per_collab.js:479 WAITING_1
12:29:53.153 updates_per_collab.js:479 WAITING_4
12:29:53.157 updates_per_collab.js:479 WAITING_0
12:29:53.160 updates_per_collab.js:479 WAITING_3
12:29:53.161 updates_per_collab.js:479 WAITING_5
12:29:53.162 updates_per_collab.js:479 WAITING_1
12:29:53.163 updates_per_collab.js:458 UPDATE_2
12:29:54.141 updates_per_collab.js:439 FLOORRELEASED_2
12:29:55.139 updates_per_collab.js:479 WAITING_4
12:29:55.144 updates_per_collab.js:479 WAITING_0
12:29:55.146 updates_per_collab.js:458 UPDATE_3
12:29:55.147 updates_per_collab.js:479 WAITING_5
12:29:55.149 updates_per_collab.js:479 WAITING_1
12:29:56.143 updates_per_collab.js:472 FLOORREQUESTED_2
12:29:56.146 updates_per_collab.js:439 FLOORRELEASED_3
12:29:57.148 updates_per_collab.js:458 UPDATE_4
12:29:57.151 updates_per_collab.js:479 WAITING_0
12:29:57.152 updates_per_collab.js:479 WAITING_5
12:29:57.153 updates_per_collab.js:479 WAITING_1
12:29:57.155 updates_per_collab.js:479 WAITING_2
12:29:58.150 updates_per_collab.js:472 FLOORREQUESTED_3
12:29:58.153 updates_per_collab.js:439 FLOORRELEASED_4
12:29:59.150 updates_per_collab.js:479 WAITING_0
12:29:59.155 updates_per_collab.js:458 UPDATE_5
12:29:59.157 updates_per_collab.js:479 WAITING_1
12:29:59.158 updates_per_collab.js:479 WAITING_2
12:30:00.154 updates_per_collab.js:479 WAITING_3
12:30:00.159 updates_per_collab.js:472 FLOORREQUESTED_4
12:30:00.164 updates_per_collab.js:450 THINKING_5
12:30:01.156 updates_per_collab.js:479 WAITING_0
12:30:01.159 updates_per_collab.js:479 WAITING_1
12:30:01.160 updates_per_collab.js:479 WAITING_2
12:30:02.139 updates_per_collab.js:479 WAITING_3
12:30:02.144 updates_per_collab.js:479 WAITING_4
12:30:03.142 updates_per_collab.js:479 WAITING_0
12:30:03.147 updates_per_collab.js:479 WAITING_1
12:30:03.148 updates_per_collab.js:479 WAITING_2
12:30:04.144 updates_per_collab.js:479 WAITING_3
12:30:04.147 updates_per_collab.js:479 WAITING_4
12:30:05.144 updates_per_collab.js:479 WAITING_0
12:30:05.149 updates_per_collab.js:479 WAITING_1
12:30:05.152 updates_per_collab.js:479 WAITING_2
12:30:05.153 updates_per_collab.js:458 UPDATE_5
12:30:06.149 updates_per_collab.js:479 WAITING_3
12:30:06.152 updates_per_collab.js:479 WAITING_4
12:30:06.153 updates_per_collab.js:450 THINKING_5
12:30:07.150 updates_per_collab.js:479 WAITING_0
12:30:07.155 updates_per_collab.js:479 WAITING_1
12:30:07.156 updates_per_collab.js:479 WAITING_2
12:30:08.155 updates_per_collab.js:479 WAITING_3
12:30:08.160 updates_per_collab.js:479 WAITING_4
12:30:08.163 updates_per_collab.js:479 WAITING_0
12:30:09.138 updates_per_collab.js:479 WAITING_1
12:30:09.142 updates_per_collab.js:479 WAITING_2
12:30:09.144 updates_per_collab.js:458 UPDATE_5
12:30:10.142 updates_per_collab.js:479 WAITING_3
12:30:10.145 updates_per_collab.js:479 WAITING_4
12:30:10.147 updates_per_collab.js:479 WAITING_0
12:30:10.148 updates_per_collab.js:439 FLOORRELEASED_5
12:30:11.147 updates_per_collab.js:479 WAITING_1
12:30:11.151 updates_per_collab.js:479 WAITING_2
12:30:11.152 updates_per_collab.js:479 WAITING_3
12:30:11.154 updates_per_collab.js:479 WAITING_4
12:30:12.148 updates_per_collab.js:458 UPDATE_0
12:30:12.150 updates_per_collab.js:472 FLOORREQUESTED_5
12:30:13.151 updates_per_collab.js:479 WAITING_1
12:30:13.153 updates_per_collab.js:479 WAITING_2
12:30:13.155 updates_per_collab.js:479 WAITING_3
12:30:13.156 updates_per_collab.js:479 WAITING_4
12:30:13.157 updates_per_collab.js:439 FLOORRELEASED_0
12:30:14.139 updates_per_collab.js:479 WAITING_5
12:30:15.139 updates_per_collab.js:458 UPDATE_1
12:30:15.142 updates_per_collab.js:479 WAITING_2
12:30:15.144 updates_per_collab.js:479 WAITING_3
12:30:15.146 updates_per_collab.js:479 WAITING_4
12:30:15.148 updates_per_collab.js:472 FLOORREQUESTED_0
12:30:16.138 updates_per_collab.js:479 WAITING_5
12:30:16.143 updates_per_collab.js:450 THINKING_1
12:30:17.142 updates_per_collab.js:479 WAITING_2
12:30:17.144 updates_per_collab.js:479 WAITING_3
12:30:17.145 updates_per_collab.js:479 WAITING_4
12:30:17.147 updates_per_collab.js:479 WAITING_0
12:30:18.143 updates_per_collab.js:479 WAITING_5
12:30:19.160 updates_per_collab.js:479 WAITING_2
12:30:19.164 updates_per_collab.js:479 WAITING_3
12:30:19.167 updates_per_collab.js:479 WAITING_4
12:30:19.169 updates_per_collab.js:479 WAITING_0
12:30:19.175 updates_per_collab.js:458 UPDATE_1
12:30:19.177 updates_per_collab.js:479 WAITING_5
12:30:20.146 updates_per_collab.js:439 FLOORRELEASED_1
12:30:21.147 updates_per_collab.js:458 UPDATE_2
12:30:21.151 updates_per_collab.js:479 WAITING_3
12:30:21.153 updates_per_collab.js:479 WAITING_4
12:30:21.156 updates_per_collab.js:479 WAITING_0
12:30:21.158 updates_per_collab.js:479 WAITING_5
12:30:22.151 updates_per_collab.js:472 FLOORREQUESTED_1
12:30:22.153 updates_per_collab.js:439 FLOORRELEASED_2
12:30:23.140 updates_per_collab.js:458 UPDATE_3
12:30:23.142 updates_per_collab.js:479 WAITING_4
12:30:23.143 updates_per_collab.js:479 WAITING_0
12:30:23.145 updates_per_collab.js:479 WAITING_5
12:30:24.143 updates_per_collab.js:479 WAITING_1
12:30:24.146 updates_per_collab.js:472 FLOORREQUESTED_2
12:30:24.148 updates_per_collab.js:439 FLOORRELEASED_3
12:30:25.144 updates_per_collab.js:458 UPDATE_4
12:30:25.147 updates_per_collab.js:479 WAITING_0
12:30:25.148 updates_per_collab.js:479 WAITING_5
12:30:26.148 updates_per_collab.js:479 WAITING_1
12:30:26.153 updates_per_collab.js:479 WAITING_2
12:30:26.155 updates_per_collab.js:472 FLOORREQUESTED_3
12:30:26.157 updates_per_collab.js:439 FLOORRELEASED_4
12:30:27.149 updates_per_collab.js:479 WAITING_0
12:30:27.156 updates_per_collab.js:458 UPDATE_5
12:30:28.151 updates_per_collab.js:479 WAITING_1
12:30:28.157 updates_per_collab.js:479 WAITING_2
12:30:28.161 updates_per_collab.js:479 WAITING_3
12:30:28.166 updates_per_collab.js:472 FLOORREQUESTED_4
12:30:28.170 updates_per_collab.js:450 THINKING_5
12:30:29.152 updates_per_collab.js:479 WAITING_0
12:30:30.141 updates_per_collab.js:479 WAITING_1
12:30:30.147 updates_per_collab.js:479 WAITING_2
12:30:30.148 updates_per_collab.js:479 WAITING_3
12:30:30.150 updates_per_collab.js:479 WAITING_4
12:30:31.143 updates_per_collab.js:479 WAITING_0
12:30:32.147 updates_per_collab.js:479 WAITING_1
12:30:32.151 updates_per_collab.js:479 WAITING_2
12:30:32.153 updates_per_collab.js:479 WAITING_3
12:30:32.154 updates_per_collab.js:479 WAITING_4
12:30:33.138 updates_per_collab.js:479 WAITING_0
12:30:33.142 updates_per_collab.js:458 UPDATE_5
12:30:34.138 updates_per_collab.js:479 WAITING_1
12:30:34.140 updates_per_collab.js:479 WAITING_2
12:30:34.142 updates_per_collab.js:479 WAITING_3
12:30:34.143 updates_per_collab.js:479 WAITING_4
12:30:34.144 updates_per_collab.js:439 FLOORRELEASED_5
12:30:35.139 updates_per_collab.js:458 UPDATE_0
12:30:36.140 updates_per_collab.js:479 WAITING_1
12:30:36.142 updates_per_collab.js:479 WAITING_2
12:30:36.143 updates_per_collab.js:479 WAITING_3
12:30:36.145 updates_per_collab.js:479 WAITING_4
12:30:36.146 updates_per_collab.js:472 FLOORREQUESTED_5
12:30:36.148 updates_per_collab.js:450 THINKING_0
12:30:37.142 updates_per_collab.js:479 WAITING_1
12:30:38.148 updates_per_collab.js:479 WAITING_2
12:30:38.150 updates_per_collab.js:479 WAITING_3
12:30:38.153 updates_per_collab.js:479 WAITING_4
12:30:38.155 updates_per_collab.js:479 WAITING_5
12:30:38.157 updates_per_collab.js:479 WAITING_1
12:30:40.150 updates_per_collab.js:479 WAITING_2
12:30:40.152 updates_per_collab.js:479 WAITING_3
12:30:40.153 updates_per_collab.js:479 WAITING_4
12:30:40.155 updates_per_collab.js:479 WAITING_5
12:30:40.156 updates_per_collab.js:479 WAITING_1
12:30:40.157 updates_per_collab.js:458 UPDATE_0
12:30:41.142 updates_per_collab.js:439 FLOORRELEASED_0
12:30:42.145 updates_per_collab.js:479 WAITING_2
12:30:42.150 updates_per_collab.js:479 WAITING_3
12:30:42.152 updates_per_collab.js:479 WAITING_4
12:30:42.153 updates_per_collab.js:479 WAITING_5
12:30:42.154 updates_per_collab.js:458 UPDATE_1
12:30:43.145 updates_per_collab.js:472 FLOORREQUESTED_0
12:30:43.147 updates_per_collab.js:491 END_1
12:30:44.149 updates_per_collab.js:458 UPDATE_2
12:30:44.153 updates_per_collab.js:479 WAITING_3
12:30:44.156 updates_per_collab.js:479 WAITING_4
12:30:44.158 updates_per_collab.js:479 WAITING_5
12:30:44.159 updates_per_collab.js:479 WAITING_0
12:30:45.152 updates_per_collab.js:450 THINKING_2
12:30:46.152 updates_per_collab.js:479 WAITING_3
12:30:46.157 updates_per_collab.js:479 WAITING_4
12:30:46.160 updates_per_collab.js:479 WAITING_5
12:30:46.161 updates_per_collab.js:479 WAITING_0
12:30:48.139 updates_per_collab.js:479 WAITING_3
12:30:48.142 updates_per_collab.js:479 WAITING_4
12:30:48.144 updates_per_collab.js:479 WAITING_5
12:30:48.146 updates_per_collab.js:479 WAITING_0
12:30:48.147 updates_per_collab.js:458 UPDATE_2
12:30:49.142 updates_per_collab.js:450 THINKING_2
12:30:50.148 updates_per_collab.js:479 WAITING_3
12:30:50.152 updates_per_collab.js:479 WAITING_4
12:30:50.154 updates_per_collab.js:479 WAITING_5
12:30:50.156 updates_per_collab.js:479 WAITING_0
12:30:52.140 updates_per_collab.js:479 WAITING_3
12:30:52.144 updates_per_collab.js:479 WAITING_4
12:30:52.149 updates_per_collab.js:479 WAITING_5
12:30:52.153 updates_per_collab.js:479 WAITING_0
12:30:52.156 updates_per_collab.js:458 UPDATE_2
12:30:53.143 updates_per_collab.js:450 THINKING_2
12:30:54.147 updates_per_collab.js:479 WAITING_3
12:30:54.153 updates_per_collab.js:479 WAITING_4
12:30:54.157 updates_per_collab.js:479 WAITING_5
12:30:54.161 updates_per_collab.js:479 WAITING_0
12:30:56.150 updates_per_collab.js:479 WAITING_3
12:30:56.155 updates_per_collab.js:479 WAITING_4
12:30:56.156 updates_per_collab.js:479 WAITING_5
12:30:56.158 updates_per_collab.js:479 WAITING_0
12:30:58.144 updates_per_collab.js:479 WAITING_3
12:30:58.148 updates_per_collab.js:479 WAITING_4
12:30:58.150 updates_per_collab.js:479 WAITING_5
12:30:58.151 updates_per_collab.js:479 WAITING_0
12:30:58.153 updates_per_collab.js:458 UPDATE_2
12:30:59.147 updates_per_collab.js:439 FLOORRELEASED_2
12:31:00.154 updates_per_collab.js:458 UPDATE_3
12:31:00.160 updates_per_collab.js:479 WAITING_4
12:31:00.165 updates_per_collab.js:479 WAITING_5
12:31:00.169 updates_per_collab.js:479 WAITING_0
12:31:01.150 updates_per_collab.js:472 FLOORREQUESTED_2
12:31:01.155 updates_per_collab.js:439 FLOORRELEASED_3
12:31:02.150 updates_per_collab.js:458 UPDATE_4
12:31:02.155 updates_per_collab.js:479 WAITING_5
12:31:02.156 updates_per_collab.js:479 WAITING_0
12:31:03.141 updates_per_collab.js:479 WAITING_2
12:31:03.143 updates_per_collab.js:472 FLOORREQUESTED_3
12:31:03.144 updates_per_collab.js:450 THINKING_4
12:31:04.143 updates_per_collab.js:479 WAITING_5
12:31:04.149 updates_per_collab.js:479 WAITING_0
12:31:04.150 updates_per_collab.js:479 WAITING_2
12:31:05.154 updates_per_collab.js:479 WAITING_3
12:31:05.156 updates_per_collab.js:479 WAITING_5
12:31:05.157 updates_per_collab.js:479 WAITING_0
12:31:05.159 updates_per_collab.js:479 WAITING_2
12:31:06.138 updates_per_collab.js:458 UPDATE_4
12:31:07.140 updates_per_collab.js:479 WAITING_3
12:31:07.145 updates_per_collab.js:479 WAITING_5
12:31:07.147 updates_per_collab.js:479 WAITING_0
12:31:07.148 updates_per_collab.js:479 WAITING_2
12:31:07.150 updates_per_collab.js:439 FLOORRELEASED_4
12:31:09.150 updates_per_collab.js:479 WAITING_3
12:31:09.154 updates_per_collab.js:458 UPDATE_5
12:31:09.156 updates_per_collab.js:479 WAITING_0
12:31:09.157 updates_per_collab.js:479 WAITING_2
12:31:09.158 updates_per_collab.js:472 FLOORREQUESTED_4
12:31:10.151 updates_per_collab.js:439 FLOORRELEASED_5
12:31:11.140 updates_per_collab.js:479 WAITING_3
12:31:11.142 updates_per_collab.js:458 UPDATE_0
12:31:11.144 updates_per_collab.js:479 WAITING_2
12:31:11.146 updates_per_collab.js:479 WAITING_4
12:31:12.139 updates_per_collab.js:472 FLOORREQUESTED_5
12:31:12.141 updates_per_collab.js:439 FLOORRELEASED_0
12:31:13.139 updates_per_collab.js:479 WAITING_3
12:31:13.145 updates_per_collab.js:458 UPDATE_2
12:31:13.146 updates_per_collab.js:479 WAITING_4
12:31:14.142 updates_per_collab.js:479 WAITING_5
12:31:14.146 updates_per_collab.js:472 FLOORREQUESTED_0
12:31:14.147 updates_per_collab.js:439 FLOORRELEASED_2
12:31:15.143 updates_per_collab.js:458 UPDATE_3
12:31:15.144 updates_per_collab.js:479 WAITING_4
12:31:16.143 updates_per_collab.js:479 WAITING_5
12:31:16.148 updates_per_collab.js:479 WAITING_0
12:31:16.149 updates_per_collab.js:472 FLOORREQUESTED_2
12:31:16.150 updates_per_collab.js:439 FLOORRELEASED_3
12:31:17.146 updates_per_collab.js:458 UPDATE_4
12:31:18.154 updates_per_collab.js:479 WAITING_5
12:31:18.158 updates_per_collab.js:479 WAITING_0
12:31:18.162 updates_per_collab.js:479 WAITING_2
12:31:18.167 updates_per_collab.js:472 FLOORREQUESTED_3
12:31:18.171 updates_per_collab.js:450 THINKING_4
12:31:20.157 updates_per_collab.js:479 WAITING_5
12:31:20.161 updates_per_collab.js:479 WAITING_0
12:31:20.163 updates_per_collab.js:479 WAITING_2
12:31:20.164 updates_per_collab.js:479 WAITING_3
12:31:22.137 updates_per_collab.js:479 WAITING_5
12:31:22.142 updates_per_collab.js:479 WAITING_0
12:31:22.143 updates_per_collab.js:479 WAITING_2
12:31:22.145 updates_per_collab.js:479 WAITING_3
12:31:23.139 updates_per_collab.js:458 UPDATE_4
12:31:24.144 updates_per_collab.js:479 WAITING_5
12:31:24.148 updates_per_collab.js:479 WAITING_0
12:31:24.150 updates_per_collab.js:479 WAITING_2
12:31:24.151 updates_per_collab.js:479 WAITING_3
12:31:24.152 updates_per_collab.js:450 THINKING_4
12:31:26.147 updates_per_collab.js:479 WAITING_5
12:31:26.152 updates_per_collab.js:479 WAITING_0
12:31:26.153 updates_per_collab.js:479 WAITING_2
12:31:26.155 updates_per_collab.js:479 WAITING_3
12:31:28.138 updates_per_collab.js:479 WAITING_5
12:31:28.143 updates_per_collab.js:479 WAITING_0
12:31:28.148 updates_per_collab.js:479 WAITING_2
12:31:28.151 updates_per_collab.js:479 WAITING_3
12:31:28.154 updates_per_collab.js:458 UPDATE_4
12:31:29.142 updates_per_collab.js:450 THINKING_4
12:31:30.139 updates_per_collab.js:479 WAITING_5
12:31:30.143 updates_per_collab.js:479 WAITING_0
12:31:30.144 updates_per_collab.js:479 WAITING_2
12:31:30.145 updates_per_collab.js:479 WAITING_3
12:31:31.146 updates_per_collab.js:479 WAITING_5
12:31:31.150 updates_per_collab.js:479 WAITING_0
12:31:31.152 updates_per_collab.js:479 WAITING_2
12:31:32.149 updates_per_collab.js:479 WAITING_3
12:31:32.154 updates_per_collab.js:458 UPDATE_4
12:31:33.140 updates_per_collab.js:479 WAITING_5
12:31:33.144 updates_per_collab.js:479 WAITING_0
12:31:33.147 updates_per_collab.js:479 WAITING_2
12:31:33.149 updates_per_collab.js:439 FLOORRELEASED_4
12:31:34.148 updates_per_collab.js:479 WAITING_3
12:31:34.153 updates_per_collab.js:458 UPDATE_5
12:31:34.156 updates_per_collab.js:479 WAITING_0
12:31:35.137 updates_per_collab.js:479 WAITING_2
12:31:35.140 updates_per_collab.js:472 FLOORREQUESTED_4
12:31:35.141 updates_per_collab.js:439 FLOORRELEASED_5
12:31:36.150 updates_per_collab.js:479 WAITING_3
12:31:36.154 updates_per_collab.js:458 UPDATE_0
12:31:36.162 updates_per_collab.js:479 WAITING_2
12:31:36.166 updates_per_collab.js:479 WAITING_4
12:31:36.169 updates_per_collab.js:472 FLOORREQUESTED_5
12:31:37.139 updates_per_collab.js:439 FLOORRELEASED_0
12:31:38.139 updates_per_collab.js:479 WAITING_3
12:31:38.144 updates_per_collab.js:458 UPDATE_2
12:31:38.145 updates_per_collab.js:479 WAITING_4
12:31:38.147 updates_per_collab.js:479 WAITING_5
12:31:39.140 updates_per_collab.js:472 FLOORREQUESTED_0
12:31:39.145 updates_per_collab.js:439 FLOORRELEASED_2
12:31:40.145 updates_per_collab.js:458 UPDATE_3
12:31:40.151 updates_per_collab.js:479 WAITING_4
12:31:40.155 updates_per_collab.js:479 WAITING_5
12:31:40.159 updates_per_collab.js:479 WAITING_0
12:31:41.147 updates_per_collab.js:472 FLOORREQUESTED_2
12:31:41.151 updates_per_collab.js:450 THINKING_3
12:31:42.149 updates_per_collab.js:479 WAITING_4
12:31:42.154 updates_per_collab.js:479 WAITING_5
12:31:42.155 updates_per_collab.js:479 WAITING_0
12:31:43.152 updates_per_collab.js:479 WAITING_2
12:31:44.142 updates_per_collab.js:479 WAITING_4
12:31:44.147 updates_per_collab.js:479 WAITING_5
12:31:44.148 updates_per_collab.js:479 WAITING_0
12:31:44.149 updates_per_collab.js:458 UPDATE_3
12:31:45.148 updates_per_collab.js:479 WAITING_2
12:31:45.151 updates_per_collab.js:439 FLOORRELEASED_3
12:31:45.153 updates_per_collab.js:458 UPDATE_4
12:31:45.154 updates_per_collab.js:479 WAITING_5
12:31:46.148 updates_per_collab.js:479 WAITING_0
12:31:46.150 updates_per_collab.js:439 FLOORRELEASED_4
12:31:47.153 updates_per_collab.js:479 WAITING_2
12:31:47.159 updates_per_collab.js:472 FLOORREQUESTED_3
12:31:47.163 updates_per_collab.js:458 UPDATE_5
12:31:47.167 updates_per_collab.js:479 WAITING_0
12:31:47.171 updates_per_collab.js:472 FLOORREQUESTED_4
12:31:48.154 updates_per_collab.js:439 FLOORRELEASED_5
12:31:49.155 updates_per_collab.js:479 WAITING_2
12:31:49.157 updates_per_collab.js:479 WAITING_3
12:31:49.160 updates_per_collab.js:458 UPDATE_0
12:31:49.161 updates_per_collab.js:479 WAITING_4
12:31:50.137 updates_per_collab.js:472 FLOORREQUESTED_5
12:31:50.139 updates_per_collab.js:491 END_0
12:31:51.158 updates_per_collab.js:458 UPDATE_2
12:31:51.161 updates_per_collab.js:479 WAITING_3
12:31:51.164 updates_per_collab.js:479 WAITING_4
12:31:51.167 updates_per_collab.js:479 WAITING_5
12:31:52.160 updates_per_collab.js:439 FLOORRELEASED_2
12:31:53.138 updates_per_collab.js:458 UPDATE_3
12:31:53.146 updates_per_collab.js:479 WAITING_4
12:31:53.150 updates_per_collab.js:479 WAITING_5
12:31:54.166 updates_per_collab.js:472 FLOORREQUESTED_2
12:31:54.174 updates_per_collab.js:439 FLOORRELEASED_3
12:31:54.178 updates_per_collab.js:458 UPDATE_4
12:31:54.179 updates_per_collab.js:479 WAITING_5
12:31:55.146 updates_per_collab.js:450 THINKING_4
12:31:56.149 updates_per_collab.js:479 WAITING_2
12:31:56.150 updates_per_collab.js:472 FLOORREQUESTED_3
12:31:56.152 updates_per_collab.js:479 WAITING_5
12:31:58.151 updates_per_collab.js:479 WAITING_2
12:31:58.153 updates_per_collab.js:479 WAITING_3
12:31:58.155 updates_per_collab.js:479 WAITING_5
12:32:00.151 updates_per_collab.js:479 WAITING_2
12:32:00.155 updates_per_collab.js:479 WAITING_3
12:32:00.160 updates_per_collab.js:479 WAITING_5
12:32:00.164 updates_per_collab.js:458 UPDATE_4
12:32:01.154 updates_per_collab.js:491 END_4
12:32:02.138 updates_per_collab.js:479 WAITING_2
12:32:02.142 updates_per_collab.js:479 WAITING_3
12:32:02.144 updates_per_collab.js:458 UPDATE_5
12:32:03.140 updates_per_collab.js:491 END_5
12:32:04.141 updates_per_collab.js:458 UPDATE_2
12:32:04.146 updates_per_collab.js:479 WAITING_3
12:32:05.144 updates_per_collab.js:491 END_2
12:32:06.148 updates_per_collab.js:458 UPDATE_3
12:32:07.145 updates_per_collab.js:450 THINKING_3
12:32:10.152 updates_per_collab.js:458 UPDATE_3
12:32:11.142 updates_per_collab.js:439 FLOORRELEASED_3
12:32:13.146 updates_per_collab.js:472 FLOORREQUESTED_3
12:32:15.147 updates_per_collab.js:458 UPDATE_3
12:32:16.148 updates_per_collab.js:491 END_3
