11:17:12.842 (index):1437 Tasks: 25; Collaborators: 19    =========================>
11:17:12.843 (index):931 ATTRIBUTEACCESSREQUESTED_0
11:17:12.844 (index):937 NODEACCESSREQUESTED_1
11:17:12.845 (index):937 NODEACCESSREQUESTED_2
11:17:12.847 (index):931 ATTRIBUTEACCESSREQUESTED_3
11:17:12.848 (index):931 ATTRIBUTEACCESSREQUESTED_4
11:17:12.849 (index):937 NODEACCESSREQUESTED_5
11:17:12.851 (index):937 NODEACCESSREQUESTED_6
11:17:12.852 (index):931 ATTRIBUTEACCESSREQUESTED_7
11:17:12.853 (index):937 NODEACCESSREQUESTED_8
11:17:12.855 (index):937 NODEACCESSREQUESTED_9
11:17:12.856 (index):937 NODEACCESSREQUESTED_10
11:17:12.858 (index):937 NODEACCESSREQUESTED_11
11:17:12.860 (index):937 NODEACCESSREQUESTED_12
11:17:12.861 (index):937 NODEACCESSREQUESTED_13
11:17:12.862 (index):937 NODEACCESSREQUESTED_14
11:17:12.864 (index):937 NODEACCESSREQUESTED_15
11:17:12.866 (index):937 NODEACCESSREQUESTED_16
11:17:12.871 (index):937 NODEACCESSREQUESTED_17
11:17:12.875 (index):931 ATTRIBUTEACCESSREQUESTED_18
11:17:14.847 (index):892 THINKING_0
11:17:14.848 (index):892 THINKING_1
11:17:14.850 (index):876 NODEACCESSRELEASED_2
11:17:14.851 (index):960 WAITING_3
11:17:14.852 (index):960 WAITING_4
11:17:14.853 (index):876 NODEACCESSRELEASED_5
11:17:14.855 (index):892 THINKING_6
11:17:14.856 (index):880 ATTRIBUTEACCESSRELEASED_7
11:17:14.858 (index):892 THINKING_8
11:17:14.859 (index):876 NODEACCESSRELEASED_9
11:17:14.860 (index):876 NODEACCESSRELEASED_10
11:17:14.861 (index):892 THINKING_11
11:17:14.862 (index):876 NODEACCESSRELEASED_12
11:17:14.863 (index):892 THINKING_13
11:17:14.864 (index):892 THINKING_14
11:17:14.865 (index):892 THINKING_15
11:17:14.868 (index):892 THINKING_16
11:17:14.870 (index):876 NODEACCESSRELEASED_17
11:17:14.871 (index):892 THINKING_18
11:17:16.840 (index):937 NODEACCESSREQUESTED_2
11:17:16.842 (index):960 WAITING_3
11:17:16.844 (index):960 WAITING_4
11:17:16.846 (index):937 NODEACCESSREQUESTED_5
11:17:16.848 (index):931 ATTRIBUTEACCESSREQUESTED_7
11:17:16.849 (index):937 NODEACCESSREQUESTED_9
11:17:16.851 (index):937 NODEACCESSREQUESTED_10
11:17:16.853 (index):937 NODEACCESSREQUESTED_12
11:17:16.854 (index):937 NODEACCESSREQUESTED_17
11:17:17.850 (index):901 UPDATE_8
11:17:17.851 (index):901 UPDATE_16
11:17:17.853 (index):901 UPDATE_11
11:17:17.854 (index):901 UPDATE_6
11:17:17.855 (index):901 UPDATE_1
11:17:17.856 (index):901 UPDATE_2
11:17:17.858 (index):960 WAITING_3
11:17:17.859 (index):960 WAITING_4
11:17:17.860 (index):901 UPDATE_5
11:17:17.861 (index):904 UPDATE_7
11:17:18.850 (index):901 UPDATE_9
11:17:18.852 (index):901 UPDATE_10
11:17:18.854 (index):901 UPDATE_12
11:17:18.856 (index):901 UPDATE_17
11:17:18.857 (index):892 THINKING_8
11:17:18.858 (index):876 NODEACCESSRELEASED_16
11:17:18.859 (index):892 THINKING_11
11:17:18.861 (index):876 NODEACCESSRELEASED_6
11:17:18.862 (index):876 NODEACCESSRELEASED_1
11:17:18.864 (index):876 NODEACCESSRELEASED_2
11:17:18.865 (index):892 THINKING_5
11:17:18.866 (index):880 ATTRIBUTEACCESSRELEASED_7
11:17:18.868 (index):901 UPDATE_15
11:17:19.853 (index):960 WAITING_3
11:17:19.855 (index):960 WAITING_4
11:17:19.856 (index):904 UPDATE_18
11:17:19.857 (index):892 THINKING_9
11:17:19.859 (index):892 THINKING_10
11:17:19.861 (index):876 NODEACCESSRELEASED_12
11:17:19.862 (index):876 NODEACCESSRELEASED_17
11:17:19.863 (index):876 NODEACCESSRELEASED_15
11:17:19.864 (index):901 UPDATE_13
11:17:19.866 (index):904 UPDATE_0
11:17:19.867 (index):901 UPDATE_14
11:17:20.854 (index):937 NODEACCESSREQUESTED_16
11:17:20.855 (index):931 ATTRIBUTEACCESSREQUESTED_6
11:17:20.856 (index):937 NODEACCESSREQUESTED_1
11:17:20.857 (index):937 NODEACCESSREQUESTED_2
11:17:20.858 (index):937 NODEACCESSREQUESTED_7
11:17:20.860 (index):892 THINKING_18
11:17:20.861 (index):876 NODEACCESSRELEASED_13
11:17:20.862 (index):880 ATTRIBUTEACCESSRELEASED_0
11:17:20.863 (index):876 NODEACCESSRELEASED_14
11:17:21.840 (index):880 ATTRIBUTEACCESSRELEASED_3
11:17:21.842 (index):880 ATTRIBUTEACCESSRELEASED_4
11:17:21.843 (index):937 NODEACCESSREQUESTED_12
11:17:21.844 (index):937 NODEACCESSREQUESTED_17
11:17:21.846 (index):937 NODEACCESSREQUESTED_15
11:17:21.847 (index):901 UPDATE_5
11:17:22.842 (index):901 UPDATE_16
11:17:22.843 (index):904 UPDATE_6
11:17:22.844 (index):901 UPDATE_1
11:17:22.845 (index):901 UPDATE_2
11:17:22.846 (index):901 UPDATE_7
11:17:22.847 (index):931 ATTRIBUTEACCESSREQUESTED_13
11:17:22.849 (index):931 ATTRIBUTEACCESSREQUESTED_0
11:17:22.850 (index):937 NODEACCESSREQUESTED_14
11:17:22.851 (index):901 UPDATE_10
11:17:22.852 (index):876 NODEACCESSRELEASED_5
11:17:22.853 (index):901 UPDATE_11
11:17:22.854 (index):931 ATTRIBUTEACCESSREQUESTED_3
11:17:23.842 (index):931 ATTRIBUTEACCESSREQUESTED_4
11:17:23.843 (index):901 UPDATE_12
11:17:23.845 (index):901 UPDATE_17
11:17:23.847 (index):901 UPDATE_15
11:17:23.849 (index):876 NODEACCESSRELEASED_16
11:17:23.851 (index):880 ATTRIBUTEACCESSRELEASED_6
11:17:23.853 (index):892 THINKING_1
11:17:23.856 (index):876 NODEACCESSRELEASED_2
11:17:23.857 (index):876 NODEACCESSRELEASED_7
11:17:23.859 (index):876 NODEACCESSRELEASED_10
11:17:23.861 (index):876 NODEACCESSRELEASED_11
11:17:23.865 (index):904 UPDATE_18
11:17:23.868 (index):901 UPDATE_8
11:17:24.847 (index):904 UPDATE_13
11:17:24.848 (index):904 UPDATE_0
11:17:24.849 (index):901 UPDATE_14
11:17:24.850 (index):937 NODEACCESSREQUESTED_5
11:17:24.851 (index):960 WAITING_3
11:17:24.852 (index):876 NODEACCESSRELEASED_12
11:17:24.853 (index):876 NODEACCESSRELEASED_17
11:17:24.855 (index):876 NODEACCESSRELEASED_15
11:17:24.856 (index):880 ATTRIBUTEACCESSRELEASED_18
11:17:24.857 (index):876 NODEACCESSRELEASED_8
11:17:24.858 (index):901 UPDATE_9
11:17:24.859 (index):904 UPDATE_4
11:17:25.839 (index):931 ATTRIBUTEACCESSREQUESTED_16
11:17:25.841 (index):937 NODEACCESSREQUESTED_6
11:17:25.842 (index):931 ATTRIBUTEACCESSREQUESTED_2
11:17:25.843 (index):937 NODEACCESSREQUESTED_7
11:17:25.844 (index):937 NODEACCESSREQUESTED_10
11:17:25.845 (index):937 NODEACCESSREQUESTED_11
11:17:25.847 (index):880 ATTRIBUTEACCESSRELEASED_13
11:17:25.848 (index):880 ATTRIBUTEACCESSRELEASED_0
11:17:25.849 (index):892 THINKING_14
11:17:25.850 (index):892 THINKING_9
11:17:25.851 (index):880 ATTRIBUTEACCESSRELEASED_4
11:17:26.850 (index):901 UPDATE_5
11:17:26.851 (index):904 UPDATE_3
11:17:26.852 (index):931 ATTRIBUTEACCESSREQUESTED_12
11:17:26.854 (index):937 NODEACCESSREQUESTED_17
11:17:26.855 (index):931 ATTRIBUTEACCESSREQUESTED_15
11:17:26.857 (index):937 NODEACCESSREQUESTED_18
11:17:26.859 (index):931 ATTRIBUTEACCESSREQUESTED_8
11:17:26.861 (index):904 UPDATE_16
11:17:26.862 (index):901 UPDATE_6
11:17:26.864 (index):904 UPDATE_2
11:17:26.865 (index):901 UPDATE_7
11:17:26.866 (index):901 UPDATE_10
11:17:26.873 (index):901 UPDATE_11
11:17:26.877 (index):931 ATTRIBUTEACCESSREQUESTED_13
11:17:26.881 (index):937 NODEACCESSREQUESTED_0
11:17:27.850 (index):937 NODEACCESSREQUESTED_4
11:17:27.852 (index):892 THINKING_5
11:17:27.853 (index):880 ATTRIBUTEACCESSRELEASED_3
11:17:27.854 (index):880 ATTRIBUTEACCESSRELEASED_16
11:17:27.855 (index):876 NODEACCESSRELEASED_6
11:17:27.856 (index):892 THINKING_2
11:17:27.857 (index):892 THINKING_7
11:17:27.859 (index):892 THINKING_10
11:17:27.860 (index):876 NODEACCESSRELEASED_11
11:17:27.861 (index):901 UPDATE_1
11:17:28.851 (index):904 UPDATE_12
11:17:28.852 (index):901 UPDATE_17
11:17:28.854 (index):960 WAITING_15
11:17:28.855 (index):901 UPDATE_18
11:17:28.857 (index):904 UPDATE_8
11:17:28.863 (index):960 WAITING_13
11:17:28.865 (index):901 UPDATE_0
11:17:28.866 (index):892 THINKING_1
11:17:28.868 (index):901 UPDATE_9
11:17:28.870 (index):901 UPDATE_14
11:17:29.851 (index):901 UPDATE_4
11:17:29.853 (index):937 NODEACCESSREQUESTED_3
11:17:29.854 (index):931 ATTRIBUTEACCESSREQUESTED_16
11:17:29.855 (index):937 NODEACCESSREQUESTED_6
11:17:29.857 (index):937 NODEACCESSREQUESTED_11
11:17:29.858 (index):892 THINKING_12
11:17:29.860 (index):876 NODEACCESSRELEASED_17
11:17:29.861 (index):876 NODEACCESSRELEASED_18
11:17:29.864 (index):892 THINKING_8
11:17:29.867 (index):892 THINKING_0
11:17:29.869 (index):876 NODEACCESSRELEASED_9
11:17:29.871 (index):876 NODEACCESSRELEASED_14
11:17:30.839 (index):960 WAITING_15
11:17:30.840 (index):960 WAITING_13
11:17:30.841 (index):876 NODEACCESSRELEASED_4
11:17:30.842 (index):901 UPDATE_7
11:17:30.843 (index):904 UPDATE_2
11:17:30.845 (index):901 UPDATE_10
11:17:31.853 (index):901 UPDATE_3
11:17:31.858 (index):904 UPDATE_16
11:17:31.860 (index):901 UPDATE_6
11:17:31.861 (index):901 UPDATE_11
11:17:31.862 (index):931 ATTRIBUTEACCESSREQUESTED_17
11:17:31.864 (index):931 ATTRIBUTEACCESSREQUESTED_18
11:17:31.865 (index):931 ATTRIBUTEACCESSREQUESTED_9
11:17:31.867 (index):937 NODEACCESSREQUESTED_14
11:17:31.868 (index):876 NODEACCESSRELEASED_7
11:17:31.869 (index):880 ATTRIBUTEACCESSRELEASED_2
11:17:31.871 (index):876 NODEACCESSRELEASED_10
11:17:31.873 (index):901 UPDATE_5
11:17:31.874 (index):960 WAITING_15
11:17:31.876 (index):960 WAITING_13
11:17:31.880 (index):931 ATTRIBUTEACCESSREQUESTED_4
11:17:32.853 (index):892 THINKING_3
11:17:32.855 (index):892 THINKING_16
11:17:32.856 (index):876 NODEACCESSRELEASED_6
11:17:32.858 (index):876 NODEACCESSRELEASED_11
11:17:32.860 (index):876 NODEACCESSRELEASED_5
11:17:32.862 (index):901 UPDATE_0
11:17:33.853 (index):960 WAITING_17
11:17:33.854 (index):960 WAITING_18
11:17:33.855 (index):960 WAITING_9
11:17:33.857 (index):901 UPDATE_14
11:17:33.859 (index):931 ATTRIBUTEACCESSREQUESTED_7
11:17:33.860 (index):931 ATTRIBUTEACCESSREQUESTED_2
11:17:33.862 (index):937 NODEACCESSREQUESTED_10
11:17:33.863 (index):960 WAITING_15
11:17:33.865 (index):960 WAITING_13
11:17:33.866 (index):904 UPDATE_4
11:17:33.867 (index):892 THINKING_0
11:17:33.868 (index):901 UPDATE_1
11:17:34.838 (index):937 NODEACCESSREQUESTED_6
11:17:34.839 (index):937 NODEACCESSREQUESTED_11
11:17:34.841 (index):931 ATTRIBUTEACCESSREQUESTED_5
11:17:34.842 (index):876 NODEACCESSRELEASED_14
11:17:34.843 (index):880 ATTRIBUTEACCESSRELEASED_4
11:17:34.844 (index):876 NODEACCESSRELEASED_1
11:17:34.845 (index):904 UPDATE_8
11:17:34.846 (index):904 UPDATE_12
11:17:35.839 (index):960 WAITING_17
11:17:35.841 (index):960 WAITING_18
11:17:35.842 (index):960 WAITING_9
11:17:35.843 (index):960 WAITING_7
11:17:35.845 (index):904 UPDATE_2
11:17:35.846 (index):901 UPDATE_10
11:17:35.847 (index):960 WAITING_15
11:17:35.849 (index):960 WAITING_13
11:17:35.850 (index):880 ATTRIBUTEACCESSRELEASED_8
11:17:35.851 (index):880 ATTRIBUTEACCESSRELEASED_12
11:17:36.842 (index):901 UPDATE_6
11:17:36.843 (index):901 UPDATE_11
11:17:36.844 (index):960 WAITING_5
11:17:36.845 (index):937 NODEACCESSREQUESTED_14
11:17:36.846 (index):937 NODEACCESSREQUESTED_4
11:17:36.847 (index):937 NODEACCESSREQUESTED_1
11:17:36.848 (index):880 ATTRIBUTEACCESSRELEASED_2
11:17:36.849 (index):892 THINKING_10
11:17:36.850 (index):960 WAITING_17
11:17:37.843 (index):904 UPDATE_18
11:17:37.844 (index):960 WAITING_9
11:17:37.846 (index):960 WAITING_7
11:17:37.847 (index):904 UPDATE_15
11:17:37.849 (index):960 WAITING_13
11:17:37.850 (index):931 ATTRIBUTEACCESSREQUESTED_8
11:17:37.852 (index):931 ATTRIBUTEACCESSREQUESTED_12
11:17:37.853 (index):904 UPDATE_16
11:17:37.854 (index):876 NODEACCESSRELEASED_6
11:17:37.856 (index):892 THINKING_11
11:17:37.857 (index):901 UPDATE_3
11:17:38.841 (index):960 WAITING_5
11:17:38.844 (index):901 UPDATE_14
11:17:38.850 (index):901 UPDATE_4
11:17:38.852 (index):901 UPDATE_1
11:17:38.854 (index):937 NODEACCESSREQUESTED_2
11:17:38.855 (index):960 WAITING_17
11:17:38.857 (index):892 THINKING_18
11:17:38.858 (index):892 THINKING_15
11:17:38.859 (index):892 THINKING_16
11:17:38.861 (index):876 NODEACCESSRELEASED_3
11:17:38.862 (index):901 UPDATE_0
11:17:39.841 (index):960 WAITING_9
11:17:39.843 (index):960 WAITING_7
11:17:39.845 (index):960 WAITING_13
11:17:39.846 (index):904 UPDATE_8
11:17:39.848 (index):960 WAITING_12
11:17:39.850 (index):931 ATTRIBUTEACCESSREQUESTED_6
11:17:39.852 (index):876 NODEACCESSRELEASED_14
11:17:39.853 (index):876 NODEACCESSRELEASED_4
11:17:39.855 (index):892 THINKING_1
11:17:39.857 (index):876 NODEACCESSRELEASED_0
11:17:40.846 (index):960 WAITING_5
11:17:40.847 (index):901 UPDATE_2
11:17:40.848 (index):960 WAITING_17
11:17:40.849 (index):931 ATTRIBUTEACCESSREQUESTED_3
11:17:40.851 (index):880 ATTRIBUTEACCESSRELEASED_8
11:17:40.852 (index):960 WAITING_9
11:17:40.853 (index):960 WAITING_7
11:17:41.848 (index):960 WAITING_13
11:17:41.849 (index):960 WAITING_12
11:17:41.850 (index):904 UPDATE_6
11:17:41.852 (index):937 NODEACCESSREQUESTED_14
11:17:41.853 (index):931 ATTRIBUTEACCESSREQUESTED_4
11:17:41.855 (index):937 NODEACCESSREQUESTED_0
11:17:41.857 (index):892 THINKING_2
11:17:41.858 (index):904 UPDATE_16
11:17:41.859 (index):901 UPDATE_10
11:17:41.861 (index):960 WAITING_5
11:17:42.843 (index):960 WAITING_17
11:17:42.845 (index):960 WAITING_3
11:17:42.846 (index):937 NODEACCESSREQUESTED_8
11:17:42.848 (index):960 WAITING_9
11:17:42.850 (index):960 WAITING_7
11:17:42.852 (index):892 THINKING_6
11:17:42.853 (index):892 THINKING_16
11:17:42.855 (index):876 NODEACCESSRELEASED_10
11:17:42.856 (index):901 UPDATE_11
11:17:42.857 (index):901 UPDATE_1
11:17:43.838 (index):960 WAITING_13
11:17:43.839 (index):960 WAITING_12
11:17:43.843 (index):901 UPDATE_14
11:17:43.845 (index):904 UPDATE_4
11:17:43.846 (index):901 UPDATE_0
11:17:43.847 (index):960 WAITING_5
11:17:43.848 (index):876 NODEACCESSRELEASED_11
11:17:43.849 (index):876 NODEACCESSRELEASED_1
11:17:43.851 (index):904 UPDATE_15
11:17:43.853 (index):904 UPDATE_18
11:17:44.841 (index):960 WAITING_17
11:17:44.843 (index):960 WAITING_3
11:17:44.844 (index):901 UPDATE_8
11:17:44.845 (index):960 WAITING_9
11:17:44.846 (index):960 WAITING_7
11:17:44.847 (index):937 NODEACCESSREQUESTED_10
11:17:44.849 (index):876 NODEACCESSRELEASED_14
11:17:44.850 (index):892 THINKING_4
11:17:44.852 (index):892 THINKING_0
11:17:44.853 (index):892 THINKING_15
11:17:44.854 (index):892 THINKING_18
11:17:44.856 (index):901 UPDATE_2
11:17:44.858 (index):960 WAITING_13
11:17:45.842 (index):960 WAITING_12
11:17:45.844 (index):960 WAITING_5
11:17:45.845 (index):931 ATTRIBUTEACCESSREQUESTED_11
11:17:45.846 (index):937 NODEACCESSREQUESTED_1
11:17:45.848 (index):892 THINKING_8
11:17:45.850 (index):892 THINKING_2
11:17:45.851 (index):904 UPDATE_6
11:17:45.852 (index):904 UPDATE_16
11:17:46.839 (index):960 WAITING_17
11:17:46.840 (index):960 WAITING_3
11:17:46.841 (index):960 WAITING_9
11:17:46.842 (index):960 WAITING_7
11:17:46.843 (index):901 UPDATE_10
11:17:46.844 (index):937 NODEACCESSREQUESTED_14
11:17:46.845 (index):960 WAITING_13
11:17:46.847 (index):892 THINKING_6
11:17:46.848 (index):880 ATTRIBUTEACCESSRELEASED_16
11:17:47.838 (index):960 WAITING_12
11:17:47.840 (index):960 WAITING_5
11:17:47.841 (index):960 WAITING_11
11:17:47.842 (index):901 UPDATE_1
11:17:47.843 (index):892 THINKING_10
11:17:47.845 (index):904 UPDATE_15
11:17:47.846 (index):901 UPDATE_0
11:17:47.848 (index):904 UPDATE_4
11:17:48.851 (index):904 UPDATE_17
11:17:48.854 (index):960 WAITING_3
11:17:48.856 (index):960 WAITING_9
11:17:48.858 (index):960 WAITING_7
11:17:48.860 (index):901 UPDATE_14
11:17:48.861 (index):960 WAITING_13
11:17:48.864 (index):937 NODEACCESSREQUESTED_16
11:17:48.866 (index):892 THINKING_1
11:17:48.869 (index):880 ATTRIBUTEACCESSRELEASED_15
11:17:48.871 (index):876 NODEACCESSRELEASED_0
11:17:48.873 (index):880 ATTRIBUTEACCESSRELEASED_4
11:17:48.875 (index):901 UPDATE_2
11:17:48.881 (index):960 WAITING_12
11:17:48.883 (index):960 WAITING_5
11:17:48.885 (index):960 WAITING_11
11:17:49.848 (index):880 ATTRIBUTEACCESSRELEASED_17
11:17:49.850 (index):892 THINKING_14
11:17:49.851 (index):892 THINKING_2
11:17:49.853 (index):901 UPDATE_8
11:17:49.854 (index):904 UPDATE_18
11:17:49.855 (index):904 UPDATE_6
11:17:50.848 (index):960 WAITING_3
11:17:50.852 (index):960 WAITING_9
11:17:50.857 (index):960 WAITING_7
11:17:50.860 (index):904 UPDATE_13
11:17:50.862 (index):901 UPDATE_16
11:17:50.864 (index):937 NODEACCESSREQUESTED_15
11:17:50.866 (index):937 NODEACCESSREQUESTED_0
11:17:50.868 (index):931 ATTRIBUTEACCESSREQUESTED_4
11:17:50.870 (index):960 WAITING_12
11:17:50.871 (index):960 WAITING_5
11:17:50.873 (index):960 WAITING_11
11:17:50.875 (index):876 NODEACCESSRELEASED_8
11:17:50.879 (index):880 ATTRIBUTEACCESSRELEASED_18
11:17:50.880 (index):880 ATTRIBUTEACCESSRELEASED_6
11:17:51.840 (index):937 NODEACCESSREQUESTED_17
11:17:51.841 (index):880 ATTRIBUTEACCESSRELEASED_13
11:17:51.842 (index):892 THINKING_16
11:17:51.843 (index):901 UPDATE_10
11:17:51.844 (index):901 UPDATE_1
11:17:52.852 (index):960 WAITING_3
11:17:52.854 (index):904 UPDATE_9
11:17:52.855 (index):960 WAITING_7
11:17:52.858 (index):901 UPDATE_15
11:17:52.859 (index):901 UPDATE_0
11:17:52.861 (index):960 WAITING_4
11:17:52.863 (index):904 UPDATE_12
11:17:52.865 (index):960 WAITING_5
11:17:52.866 (index):960 WAITING_11
11:17:52.867 (index):937 NODEACCESSREQUESTED_8
11:17:52.869 (index):931 ATTRIBUTEACCESSREQUESTED_18
11:17:52.870 (index):937 NODEACCESSREQUESTED_6
11:17:52.871 (index):876 NODEACCESSRELEASED_10
11:17:52.872 (index):892 THINKING_1
11:17:52.874 (index):901 UPDATE_14
11:17:52.875 (index):901 UPDATE_17
11:17:52.878 (index):931 ATTRIBUTEACCESSREQUESTED_13
11:17:53.838 (index):880 ATTRIBUTEACCESSRELEASED_9
11:17:53.839 (index):892 THINKING_15
11:17:53.841 (index):876 NODEACCESSRELEASED_0
11:17:53.842 (index):880 ATTRIBUTEACCESSRELEASED_12
11:17:53.844 (index):876 NODEACCESSRELEASED_14
11:17:53.846 (index):892 THINKING_17
11:17:54.842 (index):904 UPDATE_3
11:17:54.848 (index):904 UPDATE_7
11:17:54.855 (index):960 WAITING_4
11:17:54.861 (index):960 WAITING_5
11:17:54.865 (index):960 WAITING_11
11:17:54.868 (index):901 UPDATE_8
11:17:54.873 (index):904 UPDATE_18
11:17:54.876 (index):901 UPDATE_6
11:17:54.878 (index):937 NODEACCESSREQUESTED_10
11:17:54.880 (index):960 WAITING_13
11:17:54.881 (index):901 UPDATE_2
11:17:54.884 (index):931 ATTRIBUTEACCESSREQUESTED_9
11:17:55.843 (index):937 NODEACCESSREQUESTED_0
11:17:55.844 (index):931 ATTRIBUTEACCESSREQUESTED_12
11:17:55.846 (index):937 NODEACCESSREQUESTED_14
11:17:55.848 (index):880 ATTRIBUTEACCESSRELEASED_3
11:17:55.849 (index):892 THINKING_7
11:17:55.850 (index):876 NODEACCESSRELEASED_8
11:17:55.852 (index):880 ATTRIBUTEACCESSRELEASED_18
11:17:55.853 (index):876 NODEACCESSRELEASED_6
11:17:55.855 (index):876 NODEACCESSRELEASED_2
11:17:56.843 (index):960 WAITING_4
11:17:56.844 (index):960 WAITING_5
11:17:56.846 (index):904 UPDATE_11
11:17:56.848 (index):901 UPDATE_10
11:17:56.849 (index):904 UPDATE_13
11:17:56.851 (index):904 UPDATE_9
11:17:56.853 (index):901 UPDATE_16
11:17:56.854 (index):901 UPDATE_15
11:17:57.844 (index):901 UPDATE_0
11:17:57.845 (index):960 WAITING_12
11:17:57.846 (index):901 UPDATE_14
11:17:57.848 (index):937 NODEACCESSREQUESTED_3
11:17:57.849 (index):937 NODEACCESSREQUESTED_8
11:17:57.851 (index):937 NODEACCESSREQUESTED_18
11:17:57.852 (index):937 NODEACCESSREQUESTED_6
11:17:57.854 (index):937 NODEACCESSREQUESTED_2
11:17:57.856 (index):880 ATTRIBUTEACCESSRELEASED_11
11:17:57.858 (index):892 THINKING_10
11:17:57.859 (index):880 ATTRIBUTEACCESSRELEASED_13
11:17:57.861 (index):880 ATTRIBUTEACCESSRELEASED_9
11:17:57.863 (index):876 NODEACCESSRELEASED_16
11:17:57.869 (index):892 THINKING_15
11:17:57.874 (index):901 UPDATE_17
11:17:57.876 (index):901 UPDATE_1
11:17:58.845 (index):904 UPDATE_4
11:17:58.846 (index):960 WAITING_5
11:17:58.847 (index):892 THINKING_0
11:17:58.849 (index):876 NODEACCESSRELEASED_14
11:17:58.850 (index):876 NODEACCESSRELEASED_17
11:17:58.851 (index):892 THINKING_1
11:17:59.849 (index):960 WAITING_12
11:17:59.852 (index):901 UPDATE_3
11:17:59.855 (index):901 UPDATE_8
11:17:59.858 (index):901 UPDATE_18
11:17:59.861 (index):901 UPDATE_6
11:17:59.863 (index):901 UPDATE_2
11:17:59.866 (index):931 ATTRIBUTEACCESSREQUESTED_11
11:17:59.869 (index):937 NODEACCESSREQUESTED_13
11:17:59.871 (index):937 NODEACCESSREQUESTED_9
11:17:59.873 (index):937 NODEACCESSREQUESTED_16
11:17:59.875 (index):892 THINKING_4
11:17:59.877 (index):960 WAITING_5
11:18:00.851 (index):931 ATTRIBUTEACCESSREQUESTED_14
11:18:00.853 (index):931 ATTRIBUTEACCESSREQUESTED_17
11:18:00.855 (index):876 NODEACCESSRELEASED_3
11:18:00.856 (index):876 NODEACCESSRELEASED_8
11:18:00.859 (index):876 NODEACCESSRELEASED_18
11:18:00.860 (index):876 NODEACCESSRELEASED_6
11:18:00.861 (index):876 NODEACCESSRELEASED_2
11:18:00.863 (index):901 UPDATE_15
11:18:00.864 (index):904 UPDATE_7
11:18:01.851 (index):960 WAITING_12
11:18:01.853 (index):904 UPDATE_11
11:18:01.855 (index):901 UPDATE_13
11:18:01.856 (index):901 UPDATE_9
11:18:01.857 (index):901 UPDATE_16
11:18:01.859 (index):960 WAITING_5
11:18:01.860 (index):876 NODEACCESSRELEASED_15
11:18:01.861 (index):880 ATTRIBUTEACCESSRELEASED_7
11:18:02.853 (index):960 WAITING_14
11:18:02.855 (index):904 UPDATE_17
11:18:02.857 (index):937 NODEACCESSREQUESTED_3
11:18:02.858 (index):937 NODEACCESSREQUESTED_8
11:18:02.859 (index):937 NODEACCESSREQUESTED_18
11:18:02.861 (index):931 ATTRIBUTEACCESSREQUESTED_6
11:18:02.862 (index):937 NODEACCESSREQUESTED_2
11:18:02.863 (index):880 ATTRIBUTEACCESSRELEASED_11
11:18:02.864 (index):876 NODEACCESSRELEASED_13
11:18:02.865 (index):892 THINKING_9
11:18:02.867 (index):892 THINKING_16
11:18:02.869 (index):901 UPDATE_10
11:18:02.871 (index):901 UPDATE_0
11:18:03.838 (index):960 WAITING_12
11:18:03.840 (index):904 UPDATE_5
11:18:03.841 (index):931 ATTRIBUTEACCESSREQUESTED_15
11:18:03.842 (index):937 NODEACCESSREQUESTED_7
11:18:03.844 (index):880 ATTRIBUTEACCESSRELEASED_17
11:18:03.845 (index):876 NODEACCESSRELEASED_10
11:18:03.846 (index):876 NODEACCESSRELEASED_0
11:18:03.847 (index):901 UPDATE_1
11:18:04.839 (index):904 UPDATE_14
11:18:04.840 (index):901 UPDATE_3
11:18:04.842 (index):901 UPDATE_8
11:18:04.843 (index):901 UPDATE_18
11:18:04.844 (index):960 WAITING_6
11:18:04.846 (index):901 UPDATE_2
11:18:04.849 (index):937 NODEACCESSREQUESTED_11
11:18:04.850 (index):931 ATTRIBUTEACCESSREQUESTED_13
11:18:04.852 (index):892 THINKING_5
11:18:04.853 (index):876 NODEACCESSRELEASED_1
11:18:04.855 (index):904 UPDATE_4
11:18:05.839 (index):960 WAITING_12
11:18:05.842 (index):904 UPDATE_15
11:18:05.843 (index):901 UPDATE_7
11:18:05.845 (index):937 NODEACCESSREQUESTED_17
11:18:05.847 (index):931 ATTRIBUTEACCESSREQUESTED_10
11:18:05.849 (index):931 ATTRIBUTEACCESSREQUESTED_0
11:18:05.850 (index):892 THINKING_14
11:18:05.852 (index):876 NODEACCESSRELEASED_3
11:18:05.854 (index):876 NODEACCESSRELEASED_8
11:18:05.855 (index):876 NODEACCESSRELEASED_18
11:18:05.857 (index):876 NODEACCESSRELEASED_2
11:18:05.858 (index):892 THINKING_4
11:18:05.860 (index):901 UPDATE_16
11:18:06.843 (index):960 WAITING_6
11:18:06.845 (index):901 UPDATE_11
11:18:06.847 (index):960 WAITING_13
11:18:06.849 (index):937 NODEACCESSREQUESTED_1
11:18:06.850 (index):892 THINKING_15
11:18:06.851 (index):876 NODEACCESSRELEASED_7
11:18:06.852 (index):876 NODEACCESSRELEASED_16
11:18:06.854 (index):901 UPDATE_9
11:18:06.855 (index):960 WAITING_12
11:18:07.844 (index):901 UPDATE_17
11:18:07.846 (index):960 WAITING_10
11:18:07.848 (index):960 WAITING_0
11:18:07.849 (index):937 NODEACCESSREQUESTED_3
11:18:07.851 (index):937 NODEACCESSREQUESTED_8
11:18:07.852 (index):937 NODEACCESSREQUESTED_18
11:18:07.853 (index):937 NODEACCESSREQUESTED_2
11:18:07.854 (index):892 THINKING_11
11:18:07.856 (index):876 NODEACCESSRELEASED_9
11:18:08.846 (index):960 WAITING_6
11:18:08.852 (index):960 WAITING_13
11:18:08.858 (index):901 UPDATE_1
11:18:08.864 (index):937 NODEACCESSREQUESTED_7
11:18:08.867 (index):937 NODEACCESSREQUESTED_16
11:18:08.870 (index):960 WAITING_12
11:18:08.873 (index):876 NODEACCESSRELEASED_17
11:18:09.840 (index):960 WAITING_10
11:18:09.841 (index):960 WAITING_0
11:18:09.843 (index):901 UPDATE_3
11:18:09.844 (index):901 UPDATE_8
11:18:09.845 (index):901 UPDATE_18
11:18:09.847 (index):901 UPDATE_2
11:18:09.848 (index):937 NODEACCESSREQUESTED_9
11:18:09.850 (index):892 THINKING_1
11:18:09.851 (index):904 UPDATE_14
11:18:09.852 (index):904 UPDATE_5
11:18:09.853 (index):904 UPDATE_4
11:18:10.849 (index):960 WAITING_6
11:18:10.850 (index):960 WAITING_13
11:18:10.852 (index):901 UPDATE_7
11:18:10.853 (index):901 UPDATE_16
11:18:10.855 (index):960 WAITING_12
11:18:10.857 (index):937 NODEACCESSREQUESTED_17
11:18:10.858 (index):876 NODEACCESSRELEASED_3
11:18:10.859 (index):876 NODEACCESSRELEASED_8
11:18:10.860 (index):892 THINKING_18
11:18:10.861 (index):876 NODEACCESSRELEASED_2
11:18:10.862 (index):892 THINKING_14
11:18:10.863 (index):892 THINKING_5
11:18:10.864 (index):892 THINKING_4
11:18:10.865 (index):960 WAITING_10
11:18:10.866 (index):960 WAITING_0
11:18:11.850 (index):901 UPDATE_9
11:18:11.851 (index):876 NODEACCESSRELEASED_7
11:18:11.853 (index):876 NODEACCESSRELEASED_16
11:18:11.854 (index):904 UPDATE_15
11:18:11.855 (index):901 UPDATE_11
11:18:12.851 (index):960 WAITING_6
11:18:12.856 (index):960 WAITING_13
11:18:12.857 (index):960 WAITING_12
11:18:12.859 (index):901 UPDATE_17
11:18:12.860 (index):937 NODEACCESSREQUESTED_3
11:18:12.862 (index):931 ATTRIBUTEACCESSREQUESTED_8
11:18:12.863 (index):937 NODEACCESSREQUESTED_2
11:18:12.864 (index):960 WAITING_10
11:18:12.865 (index):960 WAITING_0
11:18:12.866 (index):876 NODEACCESSRELEASED_9
11:18:12.868 (index):880 ATTRIBUTEACCESSRELEASED_15
11:18:12.869 (index):876 NODEACCESSRELEASED_11
11:18:12.871 (index):901 UPDATE_1
11:18:13.851 (index):931 ATTRIBUTEACCESSREQUESTED_7
11:18:13.856 (index):931 ATTRIBUTEACCESSREQUESTED_16
11:18:13.857 (index):904 UPDATE_5
11:18:13.858 (index):892 THINKING_17
11:18:13.859 (index):876 NODEACCESSRELEASED_1
11:18:13.861 (index):904 UPDATE_4
11:18:14.853 (index):960 WAITING_6
11:18:14.855 (index):960 WAITING_13
11:18:14.856 (index):960 WAITING_12
11:18:14.857 (index):901 UPDATE_3
11:18:14.859 (index):904 UPDATE_8
11:18:14.860 (index):901 UPDATE_2
11:18:14.861 (index):960 WAITING_10
11:18:14.862 (index):960 WAITING_0
11:18:14.863 (index):931 ATTRIBUTEACCESSREQUESTED_9
11:18:14.865 (index):937 NODEACCESSREQUESTED_15
11:18:14.866 (index):937 NODEACCESSREQUESTED_11
11:18:14.867 (index):880 ATTRIBUTEACCESSRELEASED_5
11:18:14.869 (index):880 ATTRIBUTEACCESSRELEASED_4
11:18:15.855 (index):960 WAITING_7
11:18:15.856 (index):960 WAITING_16
11:18:15.857 (index):937 NODEACCESSREQUESTED_1
11:18:15.859 (index):904 UPDATE_14
11:18:15.861 (index):892 THINKING_3
11:18:15.863 (index):880 ATTRIBUTEACCESSRELEASED_8
11:18:15.864 (index):971 END_2
11:18:15.866 (index):901 UPDATE_18
11:18:16.856 (index):960 WAITING_6
11:18:16.858 (index):904 UPDATE_13
11:18:16.859 (index):904 UPDATE_12
11:18:16.861 (index):960 WAITING_10
11:18:16.862 (index):960 WAITING_0
11:18:16.863 (index):960 WAITING_9
11:18:16.864 (index):901 UPDATE_15
11:18:16.865 (index):901 UPDATE_11
11:18:16.866 (index):937 NODEACCESSREQUESTED_5
11:18:16.867 (index):937 NODEACCESSREQUESTED_4
11:18:16.868 (index):880 ATTRIBUTEACCESSRELEASED_14
11:18:16.869 (index):892 THINKING_18
11:18:17.856 (index):960 WAITING_7
11:18:17.857 (index):904 UPDATE_16
11:18:17.858 (index):901 UPDATE_1
11:18:17.859 (index):937 NODEACCESSREQUESTED_8
11:18:17.860 (index):880 ATTRIBUTEACCESSRELEASED_13
11:18:17.862 (index):880 ATTRIBUTEACCESSRELEASED_12
11:18:17.863 (index):892 THINKING_15
11:18:17.864 (index):876 NODEACCESSRELEASED_11
11:18:17.866 (index):901 UPDATE_17
11:18:18.839 (index):904 UPDATE_6
11:18:18.840 (index):960 WAITING_10
11:18:18.841 (index):904 UPDATE_0
11:18:18.843 (index):960 WAITING_9
11:18:18.845 (index):901 UPDATE_5
11:18:18.846 (index):901 UPDATE_4
11:18:18.848 (index):931 ATTRIBUTEACCESSREQUESTED_14
11:18:18.849 (index):971 END_16
11:18:18.851 (index):971 END_1
11:18:18.853 (index):876 NODEACCESSRELEASED_17
11:18:18.854 (index):901 UPDATE_3
11:18:19.858 (index):960 WAITING_7
11:18:19.860 (index):901 UPDATE_8
11:18:19.861 (index):931 ATTRIBUTEACCESSREQUESTED_13
11:18:19.862 (index):931 ATTRIBUTEACCESSREQUESTED_12
11:18:19.864 (index):931 ATTRIBUTEACCESSREQUESTED_11
11:18:19.865 (index):880 ATTRIBUTEACCESSRELEASED_6
11:18:19.867 (index):880 ATTRIBUTEACCESSRELEASED_0
11:18:19.868 (index):892 THINKING_5
11:18:19.869 (index):876 NODEACCESSRELEASED_4
11:18:19.870 (index):876 NODEACCESSRELEASED_3
11:18:19.871 (index):904 UPDATE_10
11:18:19.872 (index):960 WAITING_9
11:18:19.873 (index):960 WAITING_14
11:18:19.874 (index):937 NODEACCESSREQUESTED_17
11:18:20.858 (index):971 END_8
11:18:20.860 (index):880 ATTRIBUTEACCESSRELEASED_10
11:18:20.861 (index):901 UPDATE_18
11:18:21.838 (index):904 UPDATE_7
11:18:21.839 (index):960 WAITING_13
11:18:21.841 (index):960 WAITING_12
11:18:21.842 (index):960 WAITING_11
11:18:21.844 (index):937 NODEACCESSREQUESTED_6
11:18:21.845 (index):937 NODEACCESSREQUESTED_0
11:18:21.847 (index):937 NODEACCESSREQUESTED_4
11:18:21.848 (index):931 ATTRIBUTEACCESSREQUESTED_3
11:18:21.850 (index):960 WAITING_9
11:18:21.851 (index):904 UPDATE_14
11:18:21.852 (index):901 UPDATE_17
11:18:21.853 (index):876 NODEACCESSRELEASED_18
11:18:21.854 (index):901 UPDATE_15
11:18:22.839 (index):931 ATTRIBUTEACCESSREQUESTED_10
11:18:22.844 (index):880 ATTRIBUTEACCESSRELEASED_7
11:18:22.849 (index):971 END_14
11:18:22.854 (index):892 THINKING_17
11:18:22.859 (index):876 NODEACCESSRELEASED_15
11:18:23.839 (index):904 UPDATE_13
11:18:23.841 (index):960 WAITING_12
11:18:23.842 (index):960 WAITING_11
11:18:23.843 (index):901 UPDATE_6
11:18:23.845 (index):901 UPDATE_0
11:18:23.846 (index):901 UPDATE_4
11:18:23.848 (index):904 UPDATE_3
11:18:23.849 (index):904 UPDATE_9
11:18:23.850 (index):937 NODEACCESSREQUESTED_18
11:18:24.839 (index):960 WAITING_10
11:18:24.841 (index):937 NODEACCESSREQUESTED_7
11:18:24.842 (index):937 NODEACCESSREQUESTED_15
11:18:24.844 (index):880 ATTRIBUTEACCESSRELEASED_13
11:18:24.846 (index):876 NODEACCESSRELEASED_6
11:18:24.847 (index):876 NODEACCESSRELEASED_0
11:18:24.849 (index):892 THINKING_4
11:18:24.851 (index):880 ATTRIBUTEACCESSRELEASED_3
11:18:24.852 (index):892 THINKING_9
11:18:24.853 (index):901 UPDATE_5
11:18:25.843 (index):904 UPDATE_12
11:18:25.844 (index):960 WAITING_11
11:18:25.846 (index):901 UPDATE_18
11:18:25.847 (index):876 NODEACCESSRELEASED_5
11:18:25.848 (index):960 WAITING_10
11:18:25.849 (index):901 UPDATE_7
11:18:26.839 (index):901 UPDATE_15
11:18:26.840 (index):937 NODEACCESSREQUESTED_13
11:18:26.842 (index):937 NODEACCESSREQUESTED_6
11:18:26.843 (index):937 NODEACCESSREQUESTED_0
11:18:26.844 (index):931 ATTRIBUTEACCESSREQUESTED_3
11:18:26.845 (index):880 ATTRIBUTEACCESSRELEASED_12
11:18:26.847 (index):971 END_18
11:18:26.848 (index):876 NODEACCESSRELEASED_7
11:18:26.849 (index):901 UPDATE_17
11:18:27.838 (index):960 WAITING_11
11:18:27.840 (index):937 NODEACCESSREQUESTED_5
11:18:27.841 (index):904 UPDATE_10
11:18:27.843 (index):971 END_15
11:18:27.844 (index):892 THINKING_17
11:18:28.839 (index):901 UPDATE_13
11:18:28.840 (index):901 UPDATE_6
11:18:28.841 (index):901 UPDATE_0
11:18:28.842 (index):904 UPDATE_3
11:18:28.843 (index):931 ATTRIBUTEACCESSREQUESTED_12
11:18:28.845 (index):931 ATTRIBUTEACCESSREQUESTED_7
11:18:28.846 (index):880 ATTRIBUTEACCESSRELEASED_10
11:18:28.847 (index):904 UPDATE_9
11:18:29.840 (index):960 WAITING_11
11:18:29.841 (index):901 UPDATE_5
11:18:29.842 (index):876 NODEACCESSRELEASED_13
11:18:29.844 (index):971 END_6
11:18:29.845 (index):971 END_0
11:18:29.846 (index):892 THINKING_3
11:18:29.847 (index):880 ATTRIBUTEACCESSRELEASED_9
11:18:29.848 (index):901 UPDATE_4
11:18:30.844 (index):960 WAITING_12
11:18:30.846 (index):960 WAITING_7
11:18:30.847 (index):937 NODEACCESSREQUESTED_10
11:18:30.849 (index):876 NODEACCESSRELEASED_5
11:18:30.851 (index):971 END_4
11:18:30.853 (index):901 UPDATE_17
11:18:30.854 (index):904 UPDATE_11
11:18:30.856 (index):937 NODEACCESSREQUESTED_13
11:18:31.845 (index):931 ATTRIBUTEACCESSREQUESTED_9
11:18:31.852 (index):971 END_17
11:18:31.858 (index):892 THINKING_11
11:18:32.848 (index):960 WAITING_12
11:18:32.853 (index):960 WAITING_7
11:18:32.854 (index):901 UPDATE_10
11:18:32.856 (index):937 NODEACCESSREQUESTED_5
11:18:32.857 (index):901 UPDATE_13
11:18:32.858 (index):904 UPDATE_3
11:18:33.849 (index):960 WAITING_9
11:18:33.850 (index):971 END_10
11:18:33.851 (index):876 NODEACCESSRELEASED_13
11:18:33.852 (index):880 ATTRIBUTEACCESSRELEASED_3
11:18:34.854 (index):960 WAITING_12
11:18:34.855 (index):904 UPDATE_7
11:18:34.856 (index):901 UPDATE_5
11:18:34.857 (index):960 WAITING_9
11:18:35.853 (index):937 NODEACCESSREQUESTED_13
11:18:35.855 (index):937 NODEACCESSREQUESTED_3
11:18:35.857 (index):892 THINKING_7
11:18:35.858 (index):876 NODEACCESSRELEASED_5
11:18:35.859 (index):904 UPDATE_11
11:18:36.839 (index):960 WAITING_12
11:18:36.841 (index):960 WAITING_9
11:18:36.843 (index):971 END_11
11:18:37.840 (index):901 UPDATE_13
11:18:37.841 (index):901 UPDATE_3
11:18:37.842 (index):937 NODEACCESSREQUESTED_5
11:18:38.840 (index):904 UPDATE_12
11:18:38.841 (index):960 WAITING_9
11:18:38.843 (index):876 NODEACCESSRELEASED_13
11:18:38.845 (index):971 END_3
11:18:39.845 (index):901 UPDATE_5
11:18:39.847 (index):880 ATTRIBUTEACCESSRELEASED_12
11:18:39.849 (index):904 UPDATE_7
11:18:39.851 (index):960 WAITING_9
11:18:40.845 (index):937 NODEACCESSREQUESTED_13
11:18:40.847 (index):876 NODEACCESSRELEASED_5
11:18:40.849 (index):880 ATTRIBUTEACCESSRELEASED_7
11:18:41.848 (index):937 NODEACCESSREQUESTED_12
11:18:41.852 (index):904 UPDATE_9
11:18:41.858 (index):901 UPDATE_13
11:18:42.848 (index):937 NODEACCESSREQUESTED_5
11:18:42.852 (index):937 NODEACCESSREQUESTED_7
11:18:42.855 (index):880 ATTRIBUTEACCESSRELEASED_9
11:18:42.858 (index):876 NODEACCESSRELEASED_13
11:18:43.840 (index):901 UPDATE_12
11:18:44.848 (index):901 UPDATE_5
11:18:44.850 (index):901 UPDATE_7
11:18:44.853 (index):937 NODEACCESSREQUESTED_9
11:18:44.855 (index):937 NODEACCESSREQUESTED_13
11:18:44.857 (index):876 NODEACCESSRELEASED_12
11:18:45.851 (index):971 END_5
11:18:45.852 (index):971 END_7
11:18:46.852 (index):901 UPDATE_9
11:18:46.856 (index):901 UPDATE_13
11:18:46.858 (index):937 NODEACCESSREQUESTED_12
11:18:47.853 (index):876 NODEACCESSRELEASED_9
11:18:47.854 (index):876 NODEACCESSRELEASED_13
11:18:48.854 (index):901 UPDATE_12
11:18:49.854 (index):937 NODEACCESSREQUESTED_9
11:18:49.856 (index):937 NODEACCESSREQUESTED_13
11:18:49.857 (index):892 THINKING_12
11:18:51.842 (index):901 UPDATE_9
11:18:51.844 (index):901 UPDATE_13
11:18:52.844 (index):971 END_9
11:18:52.847 (index):971 END_13
11:18:53.839 (index):901 UPDATE_12
11:18:54.846 (index):876 NODEACCESSRELEASED_12
11:18:56.849 (index):931 ATTRIBUTEACCESSREQUESTED_12
11:18:58.850 (index):904 UPDATE_12
11:18:59.851 (index):880 ATTRIBUTEACCESSRELEASED_12
11:19:01.854 (index):931 ATTRIBUTEACCESSREQUESTED_12
11:19:03.841 (index):904 UPDATE_12
11:19:04.843 (index):971 END_12
