11:02:19.854 (index):1137 Tasks: 25; Collaborators: 9    =========================>
11:02:19.860 (index):931 ATTRIBUTEACCESSREQUESTED_0
11:02:19.867 (index):937 NODEACCESSREQUESTED_1
11:02:19.870 (index):937 NODEACCESSREQUESTED_2
11:02:19.872 (index):931 ATTRIBUTEACCESSREQUESTED_3
11:02:19.874 (index):931 ATTRIBUTEACCESSREQUESTED_4
11:02:19.876 (index):937 NODEACCESSREQUESTED_5
11:02:19.877 (index):937 NODEACCESSREQUESTED_6
11:02:19.879 (index):931 ATTRIBUTEACCESSREQUESTED_7
11:02:19.881 (index):937 NODEACCESSREQUESTED_8
11:02:21.850 (index):892 THINKING_0
11:02:21.851 (index):892 THINKING_1
11:02:21.851 (index):876 NODEACCESSRELEASED_2
11:02:21.852 (index):880 ATTRIBUTEACCESSRELEASED_3
11:02:21.853 (index):960 WAITING_4
11:02:21.854 (index):876 NODEACCESSRELEASED_5
11:02:21.855 (index):892 THINKING_6
11:02:21.856 (index):880 ATTRIBUTEACCESSRELEASED_7
11:02:21.857 (index):892 THINKING_8
11:02:23.852 (index):937 NODEACCESSREQUESTED_2
11:02:23.853 (index):931 ATTRIBUTEACCESSREQUESTED_3
11:02:23.854 (index):960 WAITING_4
11:02:23.855 (index):937 NODEACCESSREQUESTED_5
11:02:23.856 (index):931 ATTRIBUTEACCESSREQUESTED_7
11:02:24.840 (index):901 UPDATE_8
11:02:24.842 (index):901 UPDATE_6
11:02:24.843 (index):901 UPDATE_1
11:02:25.854 (index):901 UPDATE_2
11:02:25.855 (index):904 UPDATE_3
11:02:25.857 (index):960 WAITING_4
11:02:25.859 (index):901 UPDATE_5
11:02:25.861 (index):904 UPDATE_7
11:02:25.862 (index):892 THINKING_8
11:02:25.864 (index):876 NODEACCESSRELEASED_6
11:02:25.866 (index):876 NODEACCESSRELEASED_1
11:02:26.856 (index):876 NODEACCESSRELEASED_2
11:02:26.857 (index):880 ATTRIBUTEACCESSRELEASED_3
11:02:26.858 (index):892 THINKING_5
11:02:26.859 (index):880 ATTRIBUTEACCESSRELEASED_7
11:02:26.861 (index):904 UPDATE_0
11:02:27.858 (index):960 WAITING_4
11:02:27.860 (index):931 ATTRIBUTEACCESSREQUESTED_6
11:02:27.861 (index):937 NODEACCESSREQUESTED_1
11:02:27.863 (index):880 ATTRIBUTEACCESSRELEASED_0
11:02:27.865 (index):937 NODEACCESSREQUESTED_2
11:02:28.861 (index):937 NODEACCESSREQUESTED_3
11:02:28.866 (index):937 NODEACCESSREQUESTED_7
11:02:28.867 (index):880 ATTRIBUTEACCESSRELEASED_4
11:02:29.839 (index):904 UPDATE_6
11:02:29.841 (index):901 UPDATE_1
11:02:29.842 (index):931 ATTRIBUTEACCESSREQUESTED_0
11:02:29.844 (index):901 UPDATE_2
11:02:29.845 (index):901 UPDATE_5
11:02:30.841 (index):901 UPDATE_3
11:02:30.843 (index):901 UPDATE_7
11:02:30.844 (index):931 ATTRIBUTEACCESSREQUESTED_4
11:02:30.845 (index):880 ATTRIBUTEACCESSRELEASED_6
11:02:30.846 (index):892 THINKING_1
11:02:30.847 (index):876 NODEACCESSRELEASED_2
11:02:30.848 (index):876 NODEACCESSRELEASED_5
11:02:30.850 (index):901 UPDATE_8
11:02:31.842 (index):904 UPDATE_0
11:02:31.843 (index):892 THINKING_3
11:02:31.845 (index):876 NODEACCESSRELEASED_7
11:02:31.846 (index):876 NODEACCESSRELEASED_8
11:02:32.841 (index):904 UPDATE_4
11:02:32.843 (index):937 NODEACCESSREQUESTED_6
11:02:32.843 (index):931 ATTRIBUTEACCESSREQUESTED_2
11:02:32.844 (index):937 NODEACCESSREQUESTED_5
11:02:32.845 (index):880 ATTRIBUTEACCESSRELEASED_0
11:02:33.839 (index):937 NODEACCESSREQUESTED_7
11:02:33.840 (index):931 ATTRIBUTEACCESSREQUESTED_8
11:02:33.842 (index):880 ATTRIBUTEACCESSRELEASED_4
11:02:34.849 (index):901 UPDATE_6
11:02:34.850 (index):904 UPDATE_2
11:02:34.851 (index):901 UPDATE_5
11:02:34.852 (index):937 NODEACCESSREQUESTED_0
11:02:34.854 (index):901 UPDATE_1
11:02:34.855 (index):901 UPDATE_7
11:02:34.856 (index):904 UPDATE_8
11:02:34.857 (index):937 NODEACCESSREQUESTED_4
11:02:35.850 (index):876 NODEACCESSRELEASED_6
11:02:35.852 (index):892 THINKING_2
11:02:35.853 (index):892 THINKING_5
11:02:35.854 (index):892 THINKING_1
11:02:35.855 (index):892 THINKING_7
11:02:35.857 (index):892 THINKING_8
11:02:36.840 (index):901 UPDATE_0
11:02:36.842 (index):901 UPDATE_4
11:02:36.843 (index):901 UPDATE_3
11:02:37.852 (index):937 NODEACCESSREQUESTED_6
11:02:37.857 (index):892 THINKING_0
11:02:37.862 (index):876 NODEACCESSRELEASED_4
11:02:37.865 (index):876 NODEACCESSRELEASED_3
11:02:38.854 (index):901 UPDATE_7
11:02:38.855 (index):904 UPDATE_2
11:02:39.840 (index):901 UPDATE_6
11:02:39.841 (index):931 ATTRIBUTEACCESSREQUESTED_4
11:02:39.843 (index):931 ATTRIBUTEACCESSREQUESTED_3
11:02:39.844 (index):876 NODEACCESSRELEASED_7
11:02:39.845 (index):880 ATTRIBUTEACCESSRELEASED_2
11:02:39.846 (index):901 UPDATE_5
11:02:40.842 (index):876 NODEACCESSRELEASED_6
11:02:40.845 (index):876 NODEACCESSRELEASED_5
11:02:40.848 (index):901 UPDATE_1
11:02:40.850 (index):904 UPDATE_8
11:02:40.852 (index):901 UPDATE_0
11:02:41.854 (index):904 UPDATE_4
11:02:41.856 (index):960 WAITING_3
11:02:41.857 (index):931 ATTRIBUTEACCESSREQUESTED_7
11:02:41.858 (index):931 ATTRIBUTEACCESSREQUESTED_2
11:02:41.860 (index):876 NODEACCESSRELEASED_1
11:02:41.861 (index):880 ATTRIBUTEACCESSRELEASED_8
11:02:41.863 (index):892 THINKING_0
11:02:41.864 (index):937 NODEACCESSREQUESTED_6
11:02:41.866 (index):931 ATTRIBUTEACCESSREQUESTED_5
11:02:42.847 (index):880 ATTRIBUTEACCESSRELEASED_4
11:02:43.847 (index):904 UPDATE_3
11:02:43.848 (index):904 UPDATE_7
11:02:43.850 (index):904 UPDATE_2
11:02:43.852 (index):937 NODEACCESSREQUESTED_1
11:02:43.853 (index):931 ATTRIBUTEACCESSREQUESTED_8
11:02:43.855 (index):901 UPDATE_6
11:02:43.856 (index):904 UPDATE_5
11:02:44.848 (index):937 NODEACCESSREQUESTED_4
11:02:44.850 (index):880 ATTRIBUTEACCESSRELEASED_3
11:02:44.851 (index):892 THINKING_7
11:02:44.852 (index):880 ATTRIBUTEACCESSRELEASED_2
11:02:44.854 (index):876 NODEACCESSRELEASED_6
11:02:44.855 (index):892 THINKING_5
11:02:45.850 (index):901 UPDATE_1
11:02:45.851 (index):904 UPDATE_8
11:02:46.850 (index):901 UPDATE_4
11:02:46.851 (index):937 NODEACCESSREQUESTED_3
11:02:46.852 (index):937 NODEACCESSREQUESTED_2
11:02:46.853 (index):931 ATTRIBUTEACCESSREQUESTED_6
11:02:46.855 (index):892 THINKING_1
11:02:46.856 (index):880 ATTRIBUTEACCESSRELEASED_8
11:02:46.858 (index):901 UPDATE_0
11:02:47.851 (index):876 NODEACCESSRELEASED_4
11:02:47.853 (index):876 NODEACCESSRELEASED_0
11:02:48.852 (index):901 UPDATE_3
11:02:48.853 (index):901 UPDATE_2
11:02:48.854 (index):960 WAITING_6
11:02:48.855 (index):937 NODEACCESSREQUESTED_8
11:02:49.842 (index):931 ATTRIBUTEACCESSREQUESTED_4
11:02:49.843 (index):937 NODEACCESSREQUESTED_0
11:02:49.844 (index):876 NODEACCESSRELEASED_3
11:02:49.845 (index):892 THINKING_2
11:02:49.847 (index):901 UPDATE_1
11:02:49.848 (index):904 UPDATE_5
11:02:49.850 (index):904 UPDATE_7
11:02:50.852 (index):960 WAITING_6
11:02:50.853 (index):901 UPDATE_8
11:02:50.855 (index):876 NODEACCESSRELEASED_1
11:02:50.856 (index):892 THINKING_5
11:02:50.858 (index):880 ATTRIBUTEACCESSRELEASED_7
11:02:50.860 (index):960 WAITING_4
11:02:50.861 (index):901 UPDATE_0
11:02:50.862 (index):937 NODEACCESSREQUESTED_3
11:02:51.845 (index):892 THINKING_8
11:02:51.850 (index):892 THINKING_0
11:02:52.845 (index):904 UPDATE_6
11:02:52.849 (index):937 NODEACCESSREQUESTED_1
11:02:52.859 (index):937 NODEACCESSREQUESTED_7
11:02:52.861 (index):960 WAITING_4
11:02:52.864 (index):901 UPDATE_3
11:02:52.867 (index):901 UPDATE_2
11:02:53.847 (index):904 UPDATE_5
11:02:53.848 (index):892 THINKING_6
11:02:53.849 (index):876 NODEACCESSRELEASED_3
11:02:53.850 (index):892 THINKING_2
11:02:54.849 (index):901 UPDATE_1
11:02:54.853 (index):901 UPDATE_7
11:02:54.860 (index):960 WAITING_4
11:02:54.867 (index):880 ATTRIBUTEACCESSRELEASED_5
11:02:54.872 (index):901 UPDATE_0
11:02:55.850 (index):937 NODEACCESSREQUESTED_3
11:02:55.851 (index):892 THINKING_1
11:02:55.852 (index):876 NODEACCESSRELEASED_7
11:02:55.853 (index):876 NODEACCESSRELEASED_0
11:02:55.854 (index):901 UPDATE_8
11:02:56.851 (index):904 UPDATE_4
11:02:56.857 (index):937 NODEACCESSREQUESTED_5
11:02:56.862 (index):876 NODEACCESSRELEASED_8
11:02:56.866 (index):901 UPDATE_2
11:02:56.869 (index):904 UPDATE_6
11:02:57.852 (index):901 UPDATE_3
11:02:57.853 (index):937 NODEACCESSREQUESTED_7
11:02:57.854 (index):937 NODEACCESSREQUESTED_0
11:02:57.855 (index):892 THINKING_4
11:02:57.857 (index):892 THINKING_2
11:02:57.858 (index):892 THINKING_6
11:02:58.839 (index):901 UPDATE_5
11:02:58.841 (index):937 NODEACCESSREQUESTED_8
11:02:58.842 (index):876 NODEACCESSRELEASED_3
11:02:58.844 (index):901 UPDATE_1
11:02:59.839 (index):901 UPDATE_7
11:02:59.840 (index):901 UPDATE_0
11:02:59.841 (index):892 THINKING_5
11:02:59.843 (index):892 THINKING_1
11:03:00.843 (index):901 UPDATE_8
11:03:00.845 (index):937 NODEACCESSREQUESTED_3
11:03:00.846 (index):876 NODEACCESSRELEASED_7
11:03:00.848 (index):876 NODEACCESSRELEASED_0
11:03:00.850 (index):904 UPDATE_4
11:03:00.851 (index):904 UPDATE_6
11:03:01.844 (index):876 NODEACCESSRELEASED_8
11:03:01.845 (index):880 ATTRIBUTEACCESSRELEASED_4
11:03:01.846 (index):880 ATTRIBUTEACCESSRELEASED_6
11:03:02.845 (index):901 UPDATE_3
11:03:02.847 (index):931 ATTRIBUTEACCESSREQUESTED_7
11:03:02.848 (index):937 NODEACCESSREQUESTED_0
11:03:02.850 (index):901 UPDATE_2
11:03:02.852 (index):937 NODEACCESSREQUESTED_8
11:03:03.846 (index):931 ATTRIBUTEACCESSREQUESTED_4
11:03:03.847 (index):937 NODEACCESSREQUESTED_6
11:03:03.848 (index):892 THINKING_3
11:03:03.849 (index):876 NODEACCESSRELEASED_2
11:03:04.849 (index):904 UPDATE_7
11:03:04.850 (index):901 UPDATE_0
11:03:04.852 (index):901 UPDATE_8
11:03:04.853 (index):901 UPDATE_1
11:03:04.855 (index):901 UPDATE_5
11:03:04.856 (index):904 UPDATE_4
11:03:04.858 (index):901 UPDATE_6
11:03:05.852 (index):937 NODEACCESSREQUESTED_2
11:03:05.857 (index):880 ATTRIBUTEACCESSRELEASED_7
11:03:05.863 (index):892 THINKING_0
11:03:05.869 (index):876 NODEACCESSRELEASED_8
11:03:05.874 (index):892 THINKING_1
11:03:05.878 (index):876 NODEACCESSRELEASED_5
11:03:05.880 (index):892 THINKING_4
11:03:05.883 (index):876 NODEACCESSRELEASED_6
11:03:06.841 (index):901 UPDATE_3
11:03:07.841 (index):901 UPDATE_2
11:03:07.842 (index):937 NODEACCESSREQUESTED_7
11:03:07.843 (index):937 NODEACCESSREQUESTED_8
11:03:07.845 (index):937 NODEACCESSREQUESTED_5
11:03:07.846 (index):937 NODEACCESSREQUESTED_6
11:03:07.847 (index):876 NODEACCESSRELEASED_3
11:03:08.845 (index):876 NODEACCESSRELEASED_2
11:03:08.846 (index):901 UPDATE_7
11:03:09.845 (index):901 UPDATE_8
11:03:09.847 (index):901 UPDATE_5
11:03:09.848 (index):901 UPDATE_6
11:03:09.850 (index):931 ATTRIBUTEACCESSREQUESTED_3
11:03:09.851 (index):876 NODEACCESSRELEASED_7
11:03:10.845 (index):937 NODEACCESSREQUESTED_2
11:03:10.847 (index):901 UPDATE_0
11:03:10.848 (index):876 NODEACCESSRELEASED_8
11:03:10.851 (index):876 NODEACCESSRELEASED_5
11:03:10.853 (index):876 NODEACCESSRELEASED_6
11:03:10.855 (index):901 UPDATE_1
11:03:10.856 (index):904 UPDATE_4
11:03:11.846 (index):904 UPDATE_3
11:03:11.847 (index):931 ATTRIBUTEACCESSREQUESTED_7
11:03:11.849 (index):876 NODEACCESSRELEASED_0
11:03:11.850 (index):876 NODEACCESSRELEASED_1
11:03:11.852 (index):892 THINKING_4
11:03:12.846 (index):901 UPDATE_2
11:03:12.848 (index):937 NODEACCESSREQUESTED_8
11:03:12.849 (index):937 NODEACCESSREQUESTED_5
11:03:12.850 (index):931 ATTRIBUTEACCESSREQUESTED_6
11:03:12.852 (index):880 ATTRIBUTEACCESSRELEASED_3
11:03:13.847 (index):904 UPDATE_7
11:03:13.849 (index):931 ATTRIBUTEACCESSREQUESTED_0
11:03:13.850 (index):937 NODEACCESSREQUESTED_1
11:03:13.851 (index):876 NODEACCESSRELEASED_2
11:03:14.853 (index):901 UPDATE_8
11:03:14.854 (index):901 UPDATE_5
11:03:14.856 (index):960 WAITING_6
11:03:14.857 (index):931 ATTRIBUTEACCESSREQUESTED_3
11:03:14.859 (index):892 THINKING_7
11:03:14.861 (index):904 UPDATE_0
11:03:14.862 (index):901 UPDATE_1
11:03:14.863 (index):937 NODEACCESSREQUESTED_2
11:03:15.854 (index):876 NODEACCESSRELEASED_8
11:03:15.855 (index):876 NODEACCESSRELEASED_5
11:03:15.856 (index):880 ATTRIBUTEACCESSRELEASED_0
11:03:15.858 (index):892 THINKING_1
11:03:15.860 (index):904 UPDATE_4
11:03:16.842 (index):960 WAITING_6
11:03:16.843 (index):904 UPDATE_3
11:03:16.844 (index):901 UPDATE_2
11:03:16.845 (index):892 THINKING_4
11:03:17.839 (index):931 ATTRIBUTEACCESSREQUESTED_8
11:03:17.841 (index):937 NODEACCESSREQUESTED_5
11:03:17.843 (index):937 NODEACCESSREQUESTED_0
11:03:17.844 (index):892 THINKING_3
11:03:17.846 (index):876 NODEACCESSRELEASED_2
11:03:18.840 (index):960 WAITING_6
11:03:18.842 (index):901 UPDATE_1
11:03:18.844 (index):904 UPDATE_7
11:03:19.841 (index):960 WAITING_8
11:03:19.842 (index):901 UPDATE_5
11:03:19.844 (index):901 UPDATE_0
11:03:19.845 (index):937 NODEACCESSREQUESTED_2
11:03:19.847 (index):876 NODEACCESSRELEASED_1
11:03:19.849 (index):880 ATTRIBUTEACCESSRELEASED_7
11:03:19.851 (index):904 UPDATE_4
11:03:20.848 (index):960 WAITING_6
11:03:20.851 (index):876 NODEACCESSRELEASED_5
11:03:20.852 (index):876 NODEACCESSRELEASED_0
11:03:20.854 (index):880 ATTRIBUTEACCESSRELEASED_4
11:03:20.855 (index):904 UPDATE_3
11:03:20.857 (index):960 WAITING_8
11:03:20.858 (index):901 UPDATE_2
11:03:21.850 (index):937 NODEACCESSREQUESTED_1
11:03:21.852 (index):937 NODEACCESSREQUESTED_7
11:03:21.853 (index):880 ATTRIBUTEACCESSRELEASED_3
11:03:21.854 (index):971 END_2
11:03:22.852 (index):904 UPDATE_6
11:03:22.853 (index):937 NODEACCESSREQUESTED_5
11:03:22.855 (index):937 NODEACCESSREQUESTED_0
11:03:22.856 (index):937 NODEACCESSREQUESTED_4
11:03:22.857 (index):904 UPDATE_8
11:03:22.859 (index):901 UPDATE_1
11:03:23.855 (index):901 UPDATE_7
11:03:23.856 (index):937 NODEACCESSREQUESTED_3
11:03:23.857 (index):880 ATTRIBUTEACCESSRELEASED_6
11:03:23.858 (index):880 ATTRIBUTEACCESSRELEASED_8
11:03:23.859 (index):971 END_1
11:03:24.859 (index):901 UPDATE_5
11:03:24.862 (index):901 UPDATE_0
11:03:24.864 (index):901 UPDATE_4
11:03:24.866 (index):971 END_7
11:03:24.868 (index):901 UPDATE_3
11:03:24.869 (index):937 NODEACCESSREQUESTED_6
11:03:24.871 (index):937 NODEACCESSREQUESTED_8
11:03:25.859 (index):971 END_5
11:03:25.861 (index):971 END_0
11:03:25.862 (index):876 NODEACCESSRELEASED_4
11:03:25.863 (index):971 END_3
11:03:26.840 (index):901 UPDATE_6
11:03:26.842 (index):901 UPDATE_8
11:03:27.861 (index):937 NODEACCESSREQUESTED_4
11:03:27.862 (index):876 NODEACCESSRELEASED_6
11:03:27.864 (index):971 END_8
11:03:29.847 (index):901 UPDATE_4
11:03:29.852 (index):937 NODEACCESSREQUESTED_6
11:03:30.848 (index):892 THINKING_4
11:03:31.853 (index):901 UPDATE_6
11:03:32.853 (index):971 END_6
11:03:35.840 (index):901 UPDATE_4
11:03:36.841 (index):971 END_4
