11:01:03.854 (index):1118 Tasks: 25; Collaborators: 8    =========================>
11:01:03.854 (index):931 ATTRIBUTEACCESSREQUESTED_0
11:01:03.856 (index):937 NODEACCESSREQUESTED_1
11:01:03.857 (index):937 NODEACCESSREQUESTED_2
11:01:03.858 (index):931 ATTRIBUTEACCESSREQUESTED_3
11:01:03.859 (index):931 ATTRIBUTEACCESSREQUESTED_4
11:01:03.860 (index):937 NODEACCESSREQUESTED_5
11:01:03.861 (index):937 NODEACCESSREQUESTED_6
11:01:03.862 (index):931 ATTRIBUTEACCESSREQUESTED_7
11:01:05.853 (index):892 THINKING_0
11:01:05.854 (index):892 THINKING_1
11:01:05.856 (index):876 NODEACCESSRELEASED_2
11:01:05.859 (index):880 ATTRIBUTEACCESSRELEASED_3
11:01:05.861 (index):880 ATTRIBUTEACCESSRELEASED_4
11:01:05.863 (index):876 NODEACCESSRELEASED_5
11:01:05.864 (index):892 THINKING_6
11:01:05.865 (index):880 ATTRIBUTEACCESSRELEASED_7
11:01:07.841 (index):937 NODEACCESSREQUESTED_2
11:01:07.842 (index):931 ATTRIBUTEACCESSREQUESTED_3
11:01:07.843 (index):931 ATTRIBUTEACCESSREQUESTED_4
11:01:07.844 (index):937 NODEACCESSREQUESTED_5
11:01:07.846 (index):931 ATTRIBUTEACCESSREQUESTED_7
11:01:08.842 (index):901 UPDATE_6
11:01:08.843 (index):901 UPDATE_1
11:01:09.842 (index):901 UPDATE_2
11:01:09.843 (index):904 UPDATE_3
11:01:09.845 (index):904 UPDATE_4
11:01:09.846 (index):901 UPDATE_5
11:01:09.848 (index):960 WAITING_7
11:01:09.850 (index):876 NODEACCESSRELEASED_6
11:01:09.851 (index):876 NODEACCESSRELEASED_1
11:01:10.842 (index):876 NODEACCESSRELEASED_2
11:01:10.843 (index):880 ATTRIBUTEACCESSRELEASED_3
11:01:10.844 (index):880 ATTRIBUTEACCESSRELEASED_4
11:01:10.845 (index):892 THINKING_5
11:01:10.846 (index):904 UPDATE_0
11:01:11.843 (index):904 UPDATE_7
11:01:11.845 (index):931 ATTRIBUTEACCESSREQUESTED_6
11:01:11.846 (index):937 NODEACCESSREQUESTED_1
11:01:11.847 (index):880 ATTRIBUTEACCESSRELEASED_0
11:01:12.844 (index):937 NODEACCESSREQUESTED_2
11:01:12.845 (index):937 NODEACCESSREQUESTED_3
11:01:12.846 (index):937 NODEACCESSREQUESTED_4
11:01:12.847 (index):880 ATTRIBUTEACCESSRELEASED_7
11:01:13.847 (index):904 UPDATE_6
11:01:13.848 (index):901 UPDATE_1
11:01:13.849 (index):931 ATTRIBUTEACCESSREQUESTED_0
11:01:13.851 (index):901 UPDATE_5
11:01:13.852 (index):901 UPDATE_2
11:01:13.854 (index):901 UPDATE_3
11:01:14.845 (index):901 UPDATE_4
11:01:14.852 (index):937 NODEACCESSREQUESTED_7
11:01:14.857 (index):880 ATTRIBUTEACCESSRELEASED_6
11:01:14.861 (index):892 THINKING_1
11:01:14.864 (index):876 NODEACCESSRELEASED_5
11:01:14.866 (index):876 NODEACCESSRELEASED_2
11:01:14.870 (index):892 THINKING_3
11:01:15.846 (index):904 UPDATE_0
11:01:15.847 (index):876 NODEACCESSRELEASED_4
11:01:16.846 (index):901 UPDATE_7
11:01:16.847 (index):937 NODEACCESSREQUESTED_6
11:01:16.848 (index):937 NODEACCESSREQUESTED_5
11:01:16.850 (index):931 ATTRIBUTEACCESSREQUESTED_2
11:01:16.851 (index):880 ATTRIBUTEACCESSRELEASED_0
11:01:17.846 (index):931 ATTRIBUTEACCESSREQUESTED_4
11:01:17.847 (index):876 NODEACCESSRELEASED_7
11:01:18.847 (index):901 UPDATE_6
11:01:18.848 (index):901 UPDATE_5
11:01:18.849 (index):904 UPDATE_2
11:01:18.850 (index):937 NODEACCESSREQUESTED_0
11:01:18.851 (index):901 UPDATE_1
11:01:19.847 (index):960 WAITING_4
11:01:19.849 (index):937 NODEACCESSREQUESTED_7
11:01:19.850 (index):876 NODEACCESSRELEASED_6
11:01:19.851 (index):892 THINKING_5
11:01:19.853 (index):892 THINKING_2
11:01:19.855 (index):892 THINKING_1
11:01:19.856 (index):901 UPDATE_3
11:01:20.847 (index):901 UPDATE_0
11:01:20.849 (index):876 NODEACCESSRELEASED_3
11:01:21.848 (index):960 WAITING_4
11:01:21.849 (index):901 UPDATE_7
11:01:21.850 (index):937 NODEACCESSREQUESTED_6
11:01:21.852 (index):892 THINKING_0
11:01:22.848 (index):931 ATTRIBUTEACCESSREQUESTED_3
11:01:22.849 (index):892 THINKING_7
11:01:22.851 (index):904 UPDATE_2
11:01:23.849 (index):960 WAITING_4
11:01:23.851 (index):901 UPDATE_6
11:01:23.852 (index):880 ATTRIBUTEACCESSRELEASED_2
11:01:23.853 (index):901 UPDATE_5
11:01:24.854 (index):904 UPDATE_3
11:01:24.855 (index):876 NODEACCESSRELEASED_6
11:01:24.856 (index):876 NODEACCESSRELEASED_5
11:01:24.857 (index):901 UPDATE_1
11:01:24.858 (index):901 UPDATE_0
11:01:24.859 (index):904 UPDATE_4
11:01:24.861 (index):931 ATTRIBUTEACCESSREQUESTED_2
11:01:25.855 (index):880 ATTRIBUTEACCESSRELEASED_3
11:01:25.856 (index):876 NODEACCESSRELEASED_1
11:01:25.857 (index):892 THINKING_0
11:01:25.859 (index):880 ATTRIBUTEACCESSRELEASED_4
11:01:25.861 (index):901 UPDATE_7
11:01:26.856 (index):937 NODEACCESSREQUESTED_6
11:01:26.857 (index):931 ATTRIBUTEACCESSREQUESTED_5
11:01:26.859 (index):904 UPDATE_2
11:01:26.861 (index):876 NODEACCESSRELEASED_7
11:01:27.857 (index):937 NODEACCESSREQUESTED_3
11:01:27.859 (index):937 NODEACCESSREQUESTED_1
11:01:27.860 (index):937 NODEACCESSREQUESTED_4
11:01:27.862 (index):880 ATTRIBUTEACCESSRELEASED_2
11:01:28.860 (index):901 UPDATE_6
11:01:28.861 (index):904 UPDATE_5
11:01:28.863 (index):931 ATTRIBUTEACCESSREQUESTED_7
11:01:28.864 (index):901 UPDATE_3
11:01:29.840 (index):901 UPDATE_1
11:01:29.846 (index):901 UPDATE_4
11:01:29.851 (index):937 NODEACCESSREQUESTED_2
11:01:29.855 (index):876 NODEACCESSRELEASED_6
11:01:29.859 (index):892 THINKING_5
11:01:29.863 (index):876 NODEACCESSRELEASED_3
11:01:30.863 (index):904 UPDATE_7
11:01:30.865 (index):892 THINKING_1
11:01:30.867 (index):876 NODEACCESSRELEASED_4
11:01:30.868 (index):901 UPDATE_0
11:01:30.870 (index):901 UPDATE_2
11:01:30.872 (index):931 ATTRIBUTEACCESSREQUESTED_6
11:01:31.840 (index):937 NODEACCESSREQUESTED_3
11:01:31.842 (index):892 THINKING_7
11:01:31.844 (index):876 NODEACCESSRELEASED_0
11:01:31.847 (index):892 THINKING_2
11:01:32.841 (index):931 ATTRIBUTEACCESSREQUESTED_4
11:01:32.843 (index):960 WAITING_6
11:01:33.844 (index):901 UPDATE_3
11:01:33.846 (index):937 NODEACCESSREQUESTED_0
11:01:33.847 (index):901 UPDATE_1
11:01:33.848 (index):904 UPDATE_4
11:01:34.841 (index):960 WAITING_6
11:01:34.843 (index):876 NODEACCESSRELEASED_3
11:01:34.844 (index):876 NODEACCESSRELEASED_1
11:01:34.846 (index):892 THINKING_4
11:01:34.847 (index):901 UPDATE_2
11:01:34.850 (index):904 UPDATE_5
11:01:35.841 (index):901 UPDATE_0
11:01:35.843 (index):892 THINKING_2
11:01:35.846 (index):892 THINKING_5
11:01:36.847 (index):960 WAITING_6
11:01:36.848 (index):937 NODEACCESSREQUESTED_3
11:01:36.851 (index):937 NODEACCESSREQUESTED_1
11:01:36.854 (index):892 THINKING_0
11:01:36.855 (index):904 UPDATE_7
11:01:37.842 (index):880 ATTRIBUTEACCESSRELEASED_7
11:01:37.844 (index):904 UPDATE_4
11:01:38.842 (index):960 WAITING_6
11:01:38.844 (index):901 UPDATE_3
11:01:38.847 (index):901 UPDATE_1
11:01:38.849 (index):904 UPDATE_5
11:01:38.851 (index):880 ATTRIBUTEACCESSRELEASED_4
11:01:38.853 (index):901 UPDATE_2
11:01:39.843 (index):937 NODEACCESSREQUESTED_7
11:01:39.845 (index):876 NODEACCESSRELEASED_3
11:01:39.847 (index):892 THINKING_1
11:01:39.848 (index):880 ATTRIBUTEACCESSRELEASED_5
11:01:39.850 (index):892 THINKING_2
11:01:39.851 (index):901 UPDATE_0
11:01:40.840 (index):904 UPDATE_6
11:01:40.841 (index):931 ATTRIBUTEACCESSREQUESTED_4
11:01:40.844 (index):876 NODEACCESSRELEASED_0
11:01:41.853 (index):901 UPDATE_7
11:01:41.854 (index):937 NODEACCESSREQUESTED_3
11:01:41.857 (index):937 NODEACCESSREQUESTED_5
11:01:41.859 (index):892 THINKING_6
11:01:41.861 (index):904 UPDATE_4
11:01:41.863 (index):937 NODEACCESSREQUESTED_0
11:01:42.840 (index):876 NODEACCESSRELEASED_7
11:01:42.842 (index):892 THINKING_4
11:01:42.843 (index):901 UPDATE_1
11:01:43.849 (index):901 UPDATE_3
11:01:43.850 (index):901 UPDATE_5
11:01:43.853 (index):901 UPDATE_0
11:01:43.855 (index):892 THINKING_1
11:01:43.857 (index):937 NODEACCESSREQUESTED_7
11:01:44.851 (index):892 THINKING_3
11:01:44.854 (index):892 THINKING_5
11:01:44.856 (index):876 NODEACCESSRELEASED_0
11:01:44.859 (index):904 UPDATE_6
11:01:44.864 (index):901 UPDATE_2
11:01:45.840 (index):901 UPDATE_7
11:01:45.844 (index):892 THINKING_6
11:01:45.849 (index):876 NODEACCESSRELEASED_2
11:01:46.841 (index):937 NODEACCESSREQUESTED_0
11:01:46.842 (index):876 NODEACCESSRELEASED_7
11:01:47.843 (index):937 NODEACCESSREQUESTED_2
11:01:47.846 (index):904 UPDATE_4
11:01:47.849 (index):901 UPDATE_3
11:01:47.853 (index):901 UPDATE_0
11:01:48.842 (index):931 ATTRIBUTEACCESSREQUESTED_7
11:01:48.845 (index):892 THINKING_4
11:01:48.848 (index):876 NODEACCESSRELEASED_3
11:01:48.849 (index):892 THINKING_0
11:01:48.850 (index):901 UPDATE_1
11:01:48.851 (index):904 UPDATE_6
11:01:49.844 (index):901 UPDATE_2
11:01:49.847 (index):892 THINKING_1
11:01:49.849 (index):880 ATTRIBUTEACCESSRELEASED_6
11:01:49.852 (index):901 UPDATE_5
11:01:50.847 (index):960 WAITING_7
11:01:50.849 (index):931 ATTRIBUTEACCESSREQUESTED_3
11:01:50.851 (index):876 NODEACCESSRELEASED_2
11:01:50.853 (index):876 NODEACCESSRELEASED_5
11:01:51.846 (index):937 NODEACCESSREQUESTED_6
11:01:52.846 (index):960 WAITING_7
11:01:52.847 (index):904 UPDATE_3
11:01:52.849 (index):937 NODEACCESSREQUESTED_2
11:01:52.850 (index):937 NODEACCESSREQUESTED_5
11:01:52.853 (index):904 UPDATE_4
11:01:52.855 (index):901 UPDATE_0
11:01:53.854 (index):901 UPDATE_6
11:01:53.855 (index):880 ATTRIBUTEACCESSRELEASED_3
11:01:53.857 (index):892 THINKING_4
11:01:53.859 (index):876 NODEACCESSRELEASED_0
11:01:53.862 (index):960 WAITING_7
11:01:53.864 (index):901 UPDATE_2
11:01:53.866 (index):901 UPDATE_5
11:01:54.850 (index):876 NODEACCESSRELEASED_6
11:01:54.852 (index):876 NODEACCESSRELEASED_2
11:01:54.854 (index):876 NODEACCESSRELEASED_5
11:01:54.855 (index):901 UPDATE_1
11:01:55.851 (index):931 ATTRIBUTEACCESSREQUESTED_3
11:01:55.854 (index):931 ATTRIBUTEACCESSREQUESTED_0
11:01:55.856 (index):960 WAITING_7
11:01:55.857 (index):876 NODEACCESSRELEASED_1
11:01:56.843 (index):937 NODEACCESSREQUESTED_6
11:01:56.845 (index):937 NODEACCESSREQUESTED_2
11:01:56.846 (index):937 NODEACCESSREQUESTED_5
11:01:56.849 (index):904 UPDATE_4
11:01:57.843 (index):904 UPDATE_3
11:01:57.845 (index):904 UPDATE_0
11:01:57.847 (index):960 WAITING_7
11:01:57.849 (index):937 NODEACCESSREQUESTED_1
11:01:57.850 (index):880 ATTRIBUTEACCESSRELEASED_4
11:01:58.852 (index):901 UPDATE_6
11:01:58.854 (index):901 UPDATE_2
11:01:58.856 (index):901 UPDATE_5
11:01:58.858 (index):892 THINKING_3
11:01:58.861 (index):880 ATTRIBUTEACCESSRELEASED_0
11:01:58.862 (index):904 UPDATE_7
11:01:58.865 (index):901 UPDATE_1
11:01:59.841 (index):937 NODEACCESSREQUESTED_4
11:01:59.843 (index):876 NODEACCESSRELEASED_6
11:01:59.844 (index):876 NODEACCESSRELEASED_2
11:01:59.846 (index):876 NODEACCESSRELEASED_5
11:01:59.848 (index):880 ATTRIBUTEACCESSRELEASED_7
11:01:59.850 (index):892 THINKING_1
11:02:00.841 (index):937 NODEACCESSREQUESTED_0
11:02:01.841 (index):901 UPDATE_4
11:02:01.844 (index):931 ATTRIBUTEACCESSREQUESTED_6
11:02:01.846 (index):937 NODEACCESSREQUESTED_2
11:02:01.849 (index):937 NODEACCESSREQUESTED_5
11:02:01.851 (index):937 NODEACCESSREQUESTED_7
11:02:01.852 (index):904 UPDATE_3
11:02:02.848 (index):901 UPDATE_0
11:02:02.849 (index):876 NODEACCESSRELEASED_4
11:02:02.850 (index):880 ATTRIBUTEACCESSRELEASED_3
11:02:02.852 (index):901 UPDATE_1
11:02:02.853 (index):904 UPDATE_6
11:02:03.848 (index):901 UPDATE_2
11:02:03.849 (index):901 UPDATE_5
11:02:03.851 (index):901 UPDATE_7
11:02:03.852 (index):876 NODEACCESSRELEASED_0
11:02:03.853 (index):876 NODEACCESSRELEASED_1
11:02:03.855 (index):880 ATTRIBUTEACCESSRELEASED_6
11:02:04.853 (index):937 NODEACCESSREQUESTED_4
11:02:04.854 (index):937 NODEACCESSREQUESTED_3
11:02:04.855 (index):971 END_2
11:02:04.856 (index):876 NODEACCESSRELEASED_5
11:02:04.858 (index):876 NODEACCESSRELEASED_7
11:02:05.858 (index):937 NODEACCESSREQUESTED_0
11:02:05.859 (index):937 NODEACCESSREQUESTED_1
11:02:05.861 (index):937 NODEACCESSREQUESTED_6
11:02:05.863 (index):901 UPDATE_4
11:02:05.865 (index):901 UPDATE_3
11:02:06.854 (index):937 NODEACCESSREQUESTED_5
11:02:06.856 (index):931 ATTRIBUTEACCESSREQUESTED_7
11:02:06.858 (index):892 THINKING_4
11:02:06.861 (index):971 END_3
11:02:07.853 (index):901 UPDATE_0
11:02:07.854 (index):901 UPDATE_1
11:02:07.856 (index):901 UPDATE_6
11:02:08.853 (index):901 UPDATE_5
11:02:08.854 (index):904 UPDATE_7
11:02:08.856 (index):971 END_0
11:02:08.857 (index):971 END_1
11:02:08.858 (index):876 NODEACCESSRELEASED_6
11:02:09.841 (index):971 END_5
11:02:09.845 (index):892 THINKING_7
11:02:10.844 (index):937 NODEACCESSREQUESTED_6
11:02:11.843 (index):901 UPDATE_4
11:02:12.845 (index):901 UPDATE_6
11:02:12.847 (index):971 END_4
11:02:13.849 (index):971 END_6
11:02:13.850 (index):904 UPDATE_7
11:02:14.850 (index):880 ATTRIBUTEACCESSRELEASED_7
11:02:16.851 (index):937 NODEACCESSREQUESTED_7
11:02:18.848 (index):901 UPDATE_7
11:02:19.849 (index):971 END_7
