10:55:15.847 (index):1053 Tasks: 25; Collaborators: 3    =========================>
10:55:15.849 (index):931 ATTRIBUTEACCESSREQUESTED_0
10:55:15.850 (index):937 NODEACCESSREQUESTED_1
10:55:15.851 (index):937 NODEACCESSREQUESTED_2
10:55:17.850 (index):892 THINKING_0
10:55:17.853 (index):892 THINKING_1
10:55:17.855 (index):876 NODEACCESSRELEASED_2
10:55:19.841 (index):937 NODEACCESSREQUESTED_2
10:55:20.839 (index):901 UPDATE_1
10:55:21.846 (index):901 UPDATE_2
10:55:21.850 (index):876 NODEACCESSRELEASED_1
10:55:22.847 (index):876 NODEACCESSRELEASED_2
10:55:22.850 (index):904 UPDATE_0
10:55:23.849 (index):937 NODEACCESSREQUESTED_1
10:55:23.852 (index):880 ATTRIBUTEACCESSRELEASED_0
10:55:24.853 (index):937 NODEACCESSREQUESTED_2
10:55:24.857 (index):901 UPDATE_1
10:55:25.857 (index):931 ATTRIBUTEACCESSREQUESTED_0
10:55:25.860 (index):892 THINKING_1
10:55:25.862 (index):901 UPDATE_2
10:55:26.840 (index):876 NODEACCESSRELEASED_2
10:55:27.842 (index):904 UPDATE_0
10:55:28.843 (index):931 ATTRIBUTEACCESSREQUESTED_2
10:55:28.845 (index):880 ATTRIBUTEACCESSRELEASED_0
10:55:29.839 (index):901 UPDATE_1
10:55:30.850 (index):904 UPDATE_2
10:55:30.851 (index):937 NODEACCESSREQUESTED_0
10:55:30.852 (index):892 THINKING_1
10:55:31.852 (index):892 THINKING_2
10:55:32.852 (index):901 UPDATE_0
10:55:33.853 (index):892 THINKING_0
10:55:34.854 (index):904 UPDATE_2
10:55:35.840 (index):880 ATTRIBUTEACCESSRELEASED_2
10:55:35.842 (index):901 UPDATE_1
10:55:36.842 (index):876 NODEACCESSRELEASED_1
10:55:36.845 (index):901 UPDATE_0
10:55:37.850 (index):931 ATTRIBUTEACCESSREQUESTED_2
10:55:37.854 (index):892 THINKING_0
10:55:37.857 (index):937 NODEACCESSREQUESTED_1
10:55:39.847 (index):904 UPDATE_2
10:55:39.851 (index):901 UPDATE_1
10:55:40.848 (index):880 ATTRIBUTEACCESSRELEASED_2
10:55:40.852 (index):892 THINKING_1
10:55:42.851 (index):937 NODEACCESSREQUESTED_2
10:55:42.854 (index):901 UPDATE_0
10:55:43.853 (index):876 NODEACCESSRELEASED_0
10:55:43.855 (index):901 UPDATE_1
10:55:44.855 (index):901 UPDATE_2
10:55:44.858 (index):876 NODEACCESSRELEASED_1
10:55:45.840 (index):937 NODEACCESSREQUESTED_0
10:55:45.842 (index):892 THINKING_2
10:55:46.846 (index):937 NODEACCESSREQUESTED_1
10:55:46.848 (index):901 UPDATE_0
10:55:47.847 (index):892 THINKING_0
10:55:48.848 (index):901 UPDATE_1
10:55:48.850 (index):901 UPDATE_2
10:55:49.851 (index):892 THINKING_1
10:55:49.854 (index):892 THINKING_2
10:55:50.854 (index):901 UPDATE_0
10:55:51.847 (index):876 NODEACCESSRELEASED_0
10:55:52.851 (index):901 UPDATE_2
10:55:52.854 (index):901 UPDATE_1
10:55:52.855 (index):937 NODEACCESSREQUESTED_0
10:55:53.852 (index):892 THINKING_2
10:55:53.855 (index):892 THINKING_1
10:55:54.853 (index):901 UPDATE_0
10:55:55.843 (index):876 NODEACCESSRELEASED_0
10:55:57.842 (index):937 NODEACCESSREQUESTED_0
10:55:58.843 (index):901 UPDATE_1
10:55:58.846 (index):901 UPDATE_2
10:55:59.844 (index):901 UPDATE_0
10:55:59.845 (index):892 THINKING_1
10:55:59.846 (index):876 NODEACCESSRELEASED_2
10:56:00.849 (index):892 THINKING_0
10:56:00.853 (index):937 NODEACCESSREQUESTED_2
10:56:02.852 (index):901 UPDATE_2
10:56:03.853 (index):876 NODEACCESSRELEASED_2
10:56:04.840 (index):901 UPDATE_1
10:56:05.840 (index):901 UPDATE_0
10:56:05.843 (index):937 NODEACCESSREQUESTED_2
10:56:05.845 (index):876 NODEACCESSRELEASED_1
10:56:06.844 (index):876 NODEACCESSRELEASED_0
10:56:07.846 (index):901 UPDATE_2
10:56:07.849 (index):937 NODEACCESSREQUESTED_1
10:56:08.847 (index):931 ATTRIBUTEACCESSREQUESTED_0
10:56:08.852 (index):876 NODEACCESSRELEASED_2
10:56:09.850 (index):901 UPDATE_1
10:56:10.852 (index):904 UPDATE_0
10:56:10.855 (index):937 NODEACCESSREQUESTED_2
10:56:10.858 (index):892 THINKING_1
10:56:11.860 (index):880 ATTRIBUTEACCESSRELEASED_0
10:56:11.863 (index):901 UPDATE_2
10:56:12.861 (index):876 NODEACCESSRELEASED_2
10:56:13.840 (index):937 NODEACCESSREQUESTED_0
10:56:13.843 (index):901 UPDATE_1
10:56:14.847 (index):937 NODEACCESSREQUESTED_2
10:56:14.851 (index):876 NODEACCESSRELEASED_1
10:56:14.853 (index):901 UPDATE_0
10:56:15.850 (index):876 NODEACCESSRELEASED_0
10:56:16.851 (index):901 UPDATE_2
10:56:16.855 (index):937 NODEACCESSREQUESTED_1
10:56:17.855 (index):937 NODEACCESSREQUESTED_0
10:56:17.858 (index):971 END_2
10:56:18.841 (index):901 UPDATE_1
10:56:19.844 (index):901 UPDATE_0
10:56:19.847 (index):971 END_1
10:56:20.846 (index):971 END_0
