15:31:38.228 (index):1048 Tasks: 25; Collaborators: 16    =========================>
15:31:38.230 (index):694 NODEACCESSREQUESTED_0
15:31:38.232 (index):694 NODEACCESSREQUESTED_1
15:31:38.233 (index):694 NODEACCESSREQUESTED_2
15:31:38.234 (index):694 NODEACCESSREQUESTED_3
15:31:38.234 (index):694 NODEACCESSREQUESTED_4
15:31:38.235 (index):694 NODEACCESSREQUESTED_5
15:31:38.235 (index):694 NODEACCESSREQUESTED_6
15:31:38.236 (index):694 NODEACCESSREQUESTED_7
15:31:38.236 (index):694 NODEACCESSREQUESTED_8
15:31:38.237 (index):694 NODEACCESSREQUESTED_9
15:31:38.237 (index):694 NODEACCESSREQUESTED_10
15:31:38.238 (index):694 NODEACCESSREQUESTED_11
15:31:38.238 (index):694 NODEACCESSREQUESTED_12
15:31:38.239 (index):694 NODEACCESSREQUESTED_13
15:31:38.239 (index):694 NODEACCESSREQUESTED_14
15:31:38.240 (index):694 NODEACCESSREQUESTED_15
15:31:40.226 (index):674 THINKING_0
15:31:40.227 (index):674 THINKING_1
15:31:40.227 (index):664 NODEACCESSRELEASED_2
15:31:40.228 (index):664 NODEACCESSRELEASED_3
15:31:40.228 (index):664 NODEACCESSRELEASED_4
15:31:40.229 (index):664 NODEACCESSRELEASED_5
15:31:40.230 (index):674 THINKING_6
15:31:40.231 (index):664 NODEACCESSRELEASED_7
15:31:40.232 (index):674 THINKING_8
15:31:40.233 (index):664 NODEACCESSRELEASED_9
15:31:40.234 (index):664 NODEACCESSRELEASED_10
15:31:40.236 (index):674 THINKING_11
15:31:40.236 (index):664 NODEACCESSRELEASED_12
15:31:40.238 (index):712 WAITING_13
15:31:40.238 (index):712 WAITING_14
15:31:40.240 (index):712 WAITING_15
15:31:42.226 (index):694 NODEACCESSREQUESTED_2
15:31:42.227 (index):694 NODEACCESSREQUESTED_3
15:31:42.228 (index):694 NODEACCESSREQUESTED_4
15:31:42.228 (index):694 NODEACCESSREQUESTED_5
15:31:42.228 (index):694 NODEACCESSREQUESTED_7
15:31:42.229 (index):694 NODEACCESSREQUESTED_9
15:31:42.229 (index):694 NODEACCESSREQUESTED_10
15:31:42.231 (index):694 NODEACCESSREQUESTED_12
15:31:42.232 (index):712 WAITING_13
15:31:42.233 (index):712 WAITING_14
15:31:42.234 (index):712 WAITING_15
15:31:43.226 (index):682 UPDATE_8
15:31:43.227 (index):682 UPDATE_11
15:31:43.228 (index):682 UPDATE_6
15:31:43.229 (index):682 UPDATE_1
15:31:44.226 (index):682 UPDATE_2
15:31:44.227 (index):682 UPDATE_3
15:31:44.228 (index):682 UPDATE_4
15:31:44.230 (index):682 UPDATE_5
15:31:44.232 (index):682 UPDATE_7
15:31:44.234 (index):682 UPDATE_9
15:31:44.235 (index):682 UPDATE_10
15:31:44.237 (index):682 UPDATE_12
15:31:44.238 (index):712 WAITING_13
15:31:44.238 (index):712 WAITING_14
15:31:44.239 (index):712 WAITING_15
15:31:44.239 (index):674 THINKING_8
15:31:44.239 (index):674 THINKING_11
15:31:44.240 (index):664 NODEACCESSRELEASED_6
15:31:44.240 (index):664 NODEACCESSRELEASED_1
15:31:45.226 (index):664 NODEACCESSRELEASED_2
15:31:45.228 (index):664 NODEACCESSRELEASED_3
15:31:45.229 (index):664 NODEACCESSRELEASED_4
15:31:45.231 (index):674 THINKING_5
15:31:45.232 (index):664 NODEACCESSRELEASED_7
15:31:45.234 (index):674 THINKING_9
15:31:45.234 (index):674 THINKING_10
15:31:45.235 (index):664 NODEACCESSRELEASED_12
15:31:45.236 (index):682 UPDATE_0
15:31:46.226 (index):712 WAITING_13
15:31:46.227 (index):712 WAITING_14
15:31:46.228 (index):712 WAITING_15
15:31:46.230 (index):694 NODEACCESSREQUESTED_6
15:31:46.231 (index):694 NODEACCESSREQUESTED_1
15:31:46.232 (index):664 NODEACCESSRELEASED_0
15:31:47.226 (index):694 NODEACCESSREQUESTED_2
15:31:47.227 (index):694 NODEACCESSREQUESTED_3
15:31:47.228 (index):694 NODEACCESSREQUESTED_4
15:31:47.228 (index):694 NODEACCESSREQUESTED_7
15:31:47.229 (index):694 NODEACCESSREQUESTED_12
15:31:48.226 (index):712 WAITING_13
15:31:48.227 (index):712 WAITING_14
15:31:48.228 (index):712 WAITING_15
15:31:48.229 (index):682 UPDATE_6
15:31:48.230 (index):682 UPDATE_1
15:31:48.231 (index):694 NODEACCESSREQUESTED_0
15:31:48.232 (index):682 UPDATE_10
15:31:48.233 (index):682 UPDATE_11
15:31:48.234 (index):682 UPDATE_5
15:31:49.228 (index):682 UPDATE_2
15:31:49.230 (index):682 UPDATE_3
15:31:49.230 (index):682 UPDATE_4
15:31:49.231 (index):682 UPDATE_7
15:31:49.231 (index):682 UPDATE_12
15:31:49.232 (index):664 NODEACCESSRELEASED_6
15:31:49.232 (index):674 THINKING_1
15:31:49.233 (index):664 NODEACCESSRELEASED_10
15:31:49.233 (index):664 NODEACCESSRELEASED_11
15:31:49.234 (index):664 NODEACCESSRELEASED_5
15:31:49.234 (index):682 UPDATE_8
15:31:49.235 (index):712 WAITING_13
15:31:49.235 (index):712 WAITING_14
15:31:50.226 (index):712 WAITING_15
15:31:50.228 (index):682 UPDATE_0
15:31:50.229 (index):664 NODEACCESSRELEASED_2
15:31:50.230 (index):674 THINKING_3
15:31:50.231 (index):664 NODEACCESSRELEASED_4
15:31:50.233 (index):664 NODEACCESSRELEASED_7
15:31:50.234 (index):664 NODEACCESSRELEASED_12
15:31:50.234 (index):664 NODEACCESSRELEASED_8
15:31:50.235 (index):682 UPDATE_9
15:31:51.226 (index):694 NODEACCESSREQUESTED_6
15:31:51.228 (index):694 NODEACCESSREQUESTED_10
15:31:51.229 (index):694 NODEACCESSREQUESTED_11
15:31:51.231 (index):694 NODEACCESSREQUESTED_5
15:31:51.232 (index):674 THINKING_13
15:31:51.233 (index):712 WAITING_14
15:31:51.234 (index):664 NODEACCESSRELEASED_0
15:31:51.234 (index):674 THINKING_9
15:31:52.226 (index):712 WAITING_15
15:31:52.228 (index):694 NODEACCESSREQUESTED_2
15:31:52.229 (index):694 NODEACCESSREQUESTED_4
15:31:52.230 (index):694 NODEACCESSREQUESTED_7
15:31:52.231 (index):694 NODEACCESSREQUESTED_12
15:31:52.232 (index):694 NODEACCESSREQUESTED_8
15:31:53.226 (index):712 WAITING_6
15:31:53.228 (index):712 WAITING_10
15:31:53.229 (index):712 WAITING_11
15:31:53.231 (index):712 WAITING_5
15:31:53.232 (index):712 WAITING_14
15:31:53.234 (index):694 NODEACCESSREQUESTED_0
15:31:53.235 (index):682 UPDATE_1
15:31:54.226 (index):712 WAITING_15
15:31:54.227 (index):712 WAITING_2
15:31:54.228 (index):712 WAITING_4
15:31:54.229 (index):712 WAITING_7
15:31:54.230 (index):712 WAITING_12
15:31:54.231 (index):712 WAITING_8
15:31:54.232 (index):674 THINKING_1
15:31:54.233 (index):682 UPDATE_9
15:31:55.226 (index):712 WAITING_6
15:31:55.227 (index):712 WAITING_10
15:31:55.229 (index):712 WAITING_11
15:31:55.230 (index):712 WAITING_5
15:31:55.231 (index):712 WAITING_14
15:31:55.231 (index):712 WAITING_0
15:31:55.232 (index):664 NODEACCESSRELEASED_9
15:31:55.233 (index):682 UPDATE_3
15:31:56.227 (index):712 WAITING_15
15:31:56.228 (index):712 WAITING_2
15:31:56.230 (index):712 WAITING_4
15:31:56.231 (index):712 WAITING_7
15:31:56.232 (index):712 WAITING_12
15:31:56.234 (index):712 WAITING_8
15:31:56.235 (index):664 NODEACCESSRELEASED_3
15:31:56.236 (index):682 UPDATE_13
15:31:57.227 (index):712 WAITING_6
15:31:57.227 (index):712 WAITING_10
15:31:57.228 (index):712 WAITING_11
15:31:57.229 (index):712 WAITING_5
15:31:57.229 (index):712 WAITING_14
15:31:57.230 (index):712 WAITING_0
15:31:57.230 (index):694 NODEACCESSREQUESTED_9
15:31:57.230 (index):664 NODEACCESSRELEASED_13
15:31:58.226 (index):712 WAITING_15
15:31:58.227 (index):712 WAITING_2
15:31:58.227 (index):712 WAITING_4
15:31:58.228 (index):712 WAITING_7
15:31:58.229 (index):712 WAITING_12
15:31:58.229 (index):712 WAITING_8
15:31:58.230 (index):694 NODEACCESSREQUESTED_3
15:31:59.226 (index):712 WAITING_6
15:31:59.227 (index):712 WAITING_10
15:31:59.228 (index):712 WAITING_11
15:31:59.229 (index):712 WAITING_5
15:31:59.230 (index):674 THINKING_14
15:31:59.231 (index):712 WAITING_0
15:31:59.233 (index):712 WAITING_9
15:31:59.234 (index):694 NODEACCESSREQUESTED_13
15:31:59.235 (index):682 UPDATE_1
15:32:00.226 (index):712 WAITING_15
15:32:00.228 (index):712 WAITING_2
15:32:00.229 (index):712 WAITING_4
15:32:00.231 (index):712 WAITING_7
15:32:00.232 (index):712 WAITING_12
15:32:00.234 (index):712 WAITING_8
15:32:00.234 (index):712 WAITING_3
15:32:00.235 (index):664 NODEACCESSRELEASED_1
15:32:01.226 (index):712 WAITING_6
15:32:01.228 (index):712 WAITING_10
15:32:01.229 (index):712 WAITING_11
15:32:01.230 (index):712 WAITING_5
15:32:01.231 (index):712 WAITING_0
15:32:01.232 (index):712 WAITING_9
15:32:01.232 (index):712 WAITING_13
15:32:02.226 (index):712 WAITING_15
15:32:02.227 (index):712 WAITING_2
15:32:02.228 (index):712 WAITING_4
15:32:02.229 (index):712 WAITING_7
15:32:02.231 (index):712 WAITING_12
15:32:02.233 (index):712 WAITING_8
15:32:02.234 (index):712 WAITING_3
15:32:02.235 (index):694 NODEACCESSREQUESTED_1
15:32:03.226 (index):712 WAITING_6
15:32:03.228 (index):712 WAITING_10
15:32:03.230 (index):712 WAITING_11
15:32:03.232 (index):712 WAITING_5
15:32:03.233 (index):712 WAITING_0
15:32:03.234 (index):712 WAITING_9
15:32:03.235 (index):712 WAITING_13
15:32:04.226 (index):712 WAITING_15
15:32:04.227 (index):712 WAITING_2
15:32:04.228 (index):712 WAITING_4
15:32:04.229 (index):712 WAITING_7
15:32:04.230 (index):712 WAITING_12
15:32:04.231 (index):712 WAITING_8
15:32:04.232 (index):712 WAITING_3
15:32:04.233 (index):712 WAITING_1
15:32:04.235 (index):682 UPDATE_14
15:32:05.226 (index):712 WAITING_6
15:32:05.227 (index):712 WAITING_10
15:32:05.228 (index):712 WAITING_11
15:32:05.229 (index):712 WAITING_5
15:32:05.231 (index):712 WAITING_0
15:32:05.232 (index):712 WAITING_9
15:32:05.234 (index):712 WAITING_13
15:32:05.235 (index):664 NODEACCESSRELEASED_14
15:32:06.226 (index):674 THINKING_15
15:32:06.228 (index):712 WAITING_2
15:32:06.229 (index):712 WAITING_4
15:32:06.231 (index):712 WAITING_7
15:32:06.232 (index):712 WAITING_12
15:32:06.234 (index):712 WAITING_8
15:32:06.234 (index):712 WAITING_3
15:32:06.235 (index):712 WAITING_1
15:32:07.226 (index):712 WAITING_6
15:32:07.227 (index):712 WAITING_10
15:32:07.227 (index):712 WAITING_11
15:32:07.227 (index):712 WAITING_5
15:32:07.228 (index):712 WAITING_0
15:32:07.229 (index):712 WAITING_9
15:32:07.229 (index):712 WAITING_13
15:32:07.230 (index):694 NODEACCESSREQUESTED_14
15:32:08.226 (index):712 WAITING_2
15:32:08.227 (index):712 WAITING_4
15:32:08.228 (index):712 WAITING_7
15:32:08.230 (index):712 WAITING_12
15:32:08.231 (index):712 WAITING_8
15:32:08.232 (index):712 WAITING_3
15:32:08.233 (index):712 WAITING_1
15:32:09.226 (index):712 WAITING_6
15:32:09.227 (index):712 WAITING_10
15:32:09.229 (index):712 WAITING_11
15:32:09.230 (index):712 WAITING_5
15:32:09.231 (index):712 WAITING_0
15:32:09.232 (index):712 WAITING_9
15:32:09.233 (index):712 WAITING_13
15:32:09.234 (index):712 WAITING_14
15:32:10.226 (index):712 WAITING_2
15:32:10.228 (index):712 WAITING_4
15:32:10.229 (index):712 WAITING_7
15:32:10.230 (index):712 WAITING_12
15:32:10.231 (index):712 WAITING_8
15:32:10.232 (index):712 WAITING_3
15:32:10.233 (index):712 WAITING_1
15:32:10.233 (index):682 UPDATE_15
15:32:11.226 (index):712 WAITING_6
15:32:11.228 (index):712 WAITING_10
15:32:11.229 (index):712 WAITING_11
15:32:11.230 (index):712 WAITING_5
15:32:11.231 (index):712 WAITING_0
15:32:11.232 (index):712 WAITING_9
15:32:11.233 (index):712 WAITING_13
15:32:11.234 (index):712 WAITING_14
15:32:11.234 (index):664 NODEACCESSRELEASED_15
15:32:12.226 (index):712 WAITING_2
15:32:12.227 (index):712 WAITING_4
15:32:12.229 (index):712 WAITING_7
15:32:12.231 (index):712 WAITING_12
15:32:12.232 (index):712 WAITING_8
15:32:12.233 (index):712 WAITING_3
15:32:12.234 (index):712 WAITING_1
15:32:13.226 (index):682 UPDATE_6
15:32:13.227 (index):712 WAITING_10
15:32:13.227 (index):712 WAITING_11
15:32:13.228 (index):712 WAITING_5
15:32:13.228 (index):712 WAITING_0
15:32:13.229 (index):712 WAITING_9
15:32:13.230 (index):712 WAITING_13
15:32:13.230 (index):712 WAITING_14
15:32:13.232 (index):694 NODEACCESSREQUESTED_15
15:32:14.226 (index):712 WAITING_2
15:32:14.227 (index):712 WAITING_4
15:32:14.227 (index):712 WAITING_7
15:32:14.228 (index):712 WAITING_12
15:32:14.229 (index):712 WAITING_8
15:32:14.229 (index):712 WAITING_3
15:32:14.231 (index):712 WAITING_1
15:32:14.232 (index):664 NODEACCESSRELEASED_6
15:32:15.226 (index):682 UPDATE_10
15:32:15.228 (index):712 WAITING_11
15:32:15.229 (index):712 WAITING_5
15:32:15.230 (index):712 WAITING_0
15:32:15.231 (index):712 WAITING_9
15:32:15.233 (index):712 WAITING_13
15:32:15.234 (index):712 WAITING_14
15:32:15.234 (index):682 UPDATE_15
15:32:16.226 (index):712 WAITING_2
15:32:16.227 (index):712 WAITING_4
15:32:16.228 (index):712 WAITING_7
15:32:16.229 (index):712 WAITING_12
15:32:16.230 (index):712 WAITING_8
15:32:16.231 (index):712 WAITING_3
15:32:16.231 (index):712 WAITING_1
15:32:16.232 (index):694 NODEACCESSREQUESTED_6
15:32:16.233 (index):674 THINKING_10
15:32:16.234 (index):664 NODEACCESSRELEASED_15
15:32:17.226 (index):712 WAITING_11
15:32:17.227 (index):712 WAITING_5
15:32:17.229 (index):712 WAITING_0
15:32:17.229 (index):712 WAITING_9
15:32:17.231 (index):712 WAITING_13
15:32:17.232 (index):712 WAITING_14
15:32:18.226 (index):712 WAITING_2
15:32:18.227 (index):712 WAITING_4
15:32:18.229 (index):712 WAITING_7
15:32:18.230 (index):712 WAITING_12
15:32:18.232 (index):712 WAITING_8
15:32:18.232 (index):712 WAITING_3
15:32:18.234 (index):712 WAITING_1
15:32:18.234 (index):682 UPDATE_6
15:32:18.235 (index):694 NODEACCESSREQUESTED_15
15:32:19.227 (index):712 WAITING_11
15:32:19.228 (index):712 WAITING_5
15:32:19.228 (index):712 WAITING_0
15:32:19.229 (index):712 WAITING_9
15:32:19.230 (index):712 WAITING_13
15:32:19.231 (index):712 WAITING_14
15:32:19.232 (index):664 NODEACCESSRELEASED_6
15:32:19.233 (index):682 UPDATE_10
15:32:20.226 (index):712 WAITING_2
15:32:20.227 (index):712 WAITING_4
15:32:20.228 (index):712 WAITING_7
15:32:20.229 (index):712 WAITING_12
15:32:20.230 (index):712 WAITING_8
15:32:20.231 (index):712 WAITING_3
15:32:20.232 (index):712 WAITING_1
15:32:20.233 (index):682 UPDATE_15
15:32:20.234 (index):664 NODEACCESSRELEASED_10
15:32:21.226 (index):682 UPDATE_11
15:32:21.227 (index):712 WAITING_5
15:32:21.227 (index):712 WAITING_0
15:32:21.228 (index):712 WAITING_9
15:32:21.228 (index):712 WAITING_13
15:32:21.229 (index):712 WAITING_14
15:32:21.230 (index):694 NODEACCESSREQUESTED_6
15:32:21.232 (index):674 THINKING_15
15:32:22.226 (index):712 WAITING_2
15:32:22.227 (index):712 WAITING_4
15:32:22.228 (index):712 WAITING_7
15:32:22.228 (index):712 WAITING_12
15:32:22.229 (index):712 WAITING_8
15:32:22.230 (index):712 WAITING_3
15:32:22.230 (index):712 WAITING_1
15:32:22.231 (index):694 NODEACCESSREQUESTED_10
15:32:22.231 (index):664 NODEACCESSRELEASED_11
15:32:23.226 (index):682 UPDATE_5
15:32:23.227 (index):712 WAITING_0
15:32:23.228 (index):712 WAITING_9
15:32:23.229 (index):712 WAITING_13
15:32:23.230 (index):712 WAITING_14
15:32:23.231 (index):682 UPDATE_6
15:32:24.226 (index):712 WAITING_2
15:32:24.227 (index):712 WAITING_4
15:32:24.228 (index):712 WAITING_7
15:32:24.228 (index):712 WAITING_12
15:32:24.229 (index):712 WAITING_8
15:32:24.230 (index):712 WAITING_3
15:32:24.231 (index):712 WAITING_1
15:32:24.232 (index):682 UPDATE_10
15:32:24.233 (index):694 NODEACCESSREQUESTED_11
15:32:24.234 (index):674 THINKING_5
15:32:24.234 (index):664 NODEACCESSRELEASED_6
15:32:25.226 (index):712 WAITING_0
15:32:25.227 (index):712 WAITING_9
15:32:25.227 (index):712 WAITING_13
15:32:25.228 (index):712 WAITING_14
15:32:25.229 (index):674 THINKING_10
15:32:26.226 (index):712 WAITING_2
15:32:26.227 (index):712 WAITING_4
15:32:26.229 (index):712 WAITING_7
15:32:26.231 (index):712 WAITING_12
15:32:26.232 (index):712 WAITING_8
15:32:26.233 (index):712 WAITING_3
15:32:26.234 (index):712 WAITING_1
15:32:26.235 (index):682 UPDATE_11
15:32:26.236 (index):694 NODEACCESSREQUESTED_6
15:32:26.237 (index):682 UPDATE_15
15:32:27.226 (index):712 WAITING_0
15:32:27.228 (index):712 WAITING_9
15:32:27.229 (index):712 WAITING_13
15:32:27.230 (index):712 WAITING_14
15:32:27.231 (index):664 NODEACCESSRELEASED_11
15:32:27.232 (index):674 THINKING_15
15:32:28.226 (index):712 WAITING_2
15:32:28.230 (index):712 WAITING_4
15:32:28.231 (index):712 WAITING_7
15:32:28.232 (index):712 WAITING_12
15:32:28.233 (index):712 WAITING_8
15:32:28.234 (index):712 WAITING_3
15:32:28.235 (index):712 WAITING_1
15:32:28.236 (index):682 UPDATE_6
15:32:28.237 (index):682 UPDATE_5
15:32:29.226 (index):712 WAITING_0
15:32:29.227 (index):712 WAITING_9
15:32:29.228 (index):712 WAITING_13
15:32:29.228 (index):712 WAITING_14
15:32:29.229 (index):694 NODEACCESSREQUESTED_11
15:32:29.230 (index):674 THINKING_6
15:32:29.231 (index):664 NODEACCESSRELEASED_5
15:32:30.226 (index):682 UPDATE_2
15:32:30.228 (index):712 WAITING_4
15:32:30.229 (index):712 WAITING_7
15:32:30.231 (index):712 WAITING_12
15:32:30.232 (index):712 WAITING_8
15:32:30.234 (index):712 WAITING_3
15:32:30.234 (index):712 WAITING_1
15:32:30.235 (index):682 UPDATE_15
15:32:30.236 (index):682 UPDATE_10
15:32:31.226 (index):712 WAITING_0
15:32:31.228 (index):712 WAITING_9
15:32:31.229 (index):712 WAITING_13
15:32:31.231 (index):712 WAITING_14
15:32:31.232 (index):682 UPDATE_11
15:32:31.233 (index):694 NODEACCESSREQUESTED_5
15:32:31.234 (index):674 THINKING_2
15:32:31.235 (index):664 NODEACCESSRELEASED_15
15:32:31.236 (index):664 NODEACCESSRELEASED_10
15:32:32.227 (index):712 WAITING_4
15:32:32.229 (index):712 WAITING_7
15:32:32.232 (index):712 WAITING_12
15:32:32.233 (index):712 WAITING_8
15:32:32.234 (index):712 WAITING_3
15:32:32.235 (index):712 WAITING_1
15:32:32.236 (index):674 THINKING_11
15:32:32.237 (index):682 UPDATE_6
15:32:33.226 (index):712 WAITING_0
15:32:33.227 (index):712 WAITING_9
15:32:33.229 (index):712 WAITING_13
15:32:33.230 (index):712 WAITING_14
15:32:33.231 (index):682 UPDATE_5
15:32:33.232 (index):694 NODEACCESSREQUESTED_15
15:32:33.233 (index):694 NODEACCESSREQUESTED_10
15:32:33.234 (index):674 THINKING_6
15:32:34.226 (index):712 WAITING_4
15:32:34.227 (index):712 WAITING_7
15:32:34.228 (index):712 WAITING_12
15:32:34.229 (index):712 WAITING_8
15:32:34.230 (index):712 WAITING_3
15:32:34.231 (index):712 WAITING_1
15:32:34.232 (index):674 THINKING_5
15:32:34.233 (index):682 UPDATE_2
15:32:35.226 (index):712 WAITING_0
15:32:35.228 (index):712 WAITING_9
15:32:35.229 (index):712 WAITING_13
15:32:35.230 (index):712 WAITING_14
15:32:35.231 (index):682 UPDATE_15
15:32:35.232 (index):682 UPDATE_10
15:32:35.233 (index):664 NODEACCESSRELEASED_2
15:32:36.226 (index):682 UPDATE_4
15:32:36.227 (index):712 WAITING_7
15:32:36.227 (index):712 WAITING_12
15:32:36.228 (index):712 WAITING_8
15:32:36.229 (index):712 WAITING_3
15:32:36.229 (index):712 WAITING_1
15:32:36.231 (index):674 THINKING_15
15:32:36.231 (index):674 THINKING_10
15:32:36.232 (index):682 UPDATE_6
15:32:37.227 (index):712 WAITING_0
15:32:37.228 (index):712 WAITING_9
15:32:37.229 (index):712 WAITING_13
15:32:37.231 (index):712 WAITING_14
15:32:37.232 (index):694 NODEACCESSREQUESTED_2
15:32:37.233 (index):664 NODEACCESSRELEASED_4
15:32:37.233 (index):664 NODEACCESSRELEASED_6
15:32:37.234 (index):682 UPDATE_11
15:32:38.226 (index):682 UPDATE_7
15:32:38.227 (index):712 WAITING_12
15:32:38.227 (index):712 WAITING_8
15:32:38.228 (index):712 WAITING_3
15:32:38.229 (index):712 WAITING_1
15:32:38.229 (index):664 NODEACCESSRELEASED_11
15:32:39.226 (index):712 WAITING_0
15:32:39.228 (index):712 WAITING_9
15:32:39.229 (index):712 WAITING_13
15:32:39.230 (index):712 WAITING_14
15:32:39.231 (index):682 UPDATE_2
15:32:39.232 (index):694 NODEACCESSREQUESTED_4
15:32:39.233 (index):694 NODEACCESSREQUESTED_6
15:32:39.234 (index):674 THINKING_7
15:32:39.234 (index):682 UPDATE_5
15:32:39.235 (index):682 UPDATE_15
15:32:40.226 (index):712 WAITING_12
15:32:40.228 (index):712 WAITING_8
15:32:40.229 (index):712 WAITING_3
15:32:40.231 (index):712 WAITING_1
15:32:40.232 (index):694 NODEACCESSREQUESTED_11
15:32:40.233 (index):664 NODEACCESSRELEASED_2
15:32:40.234 (index):674 THINKING_5
15:32:40.235 (index):674 THINKING_15
15:32:40.237 (index):682 UPDATE_10
15:32:41.228 (index):712 WAITING_0
15:32:41.229 (index):712 WAITING_9
15:32:41.231 (index):712 WAITING_13
15:32:41.232 (index):712 WAITING_14
15:32:41.233 (index):682 UPDATE_4
15:32:41.235 (index):682 UPDATE_6
15:32:41.236 (index):664 NODEACCESSRELEASED_10
15:32:41.238 (index):712 WAITING_12
15:32:42.226 (index):712 WAITING_8
15:32:42.227 (index):712 WAITING_3
15:32:42.227 (index):712 WAITING_1
15:32:42.228 (index):682 UPDATE_11
15:32:42.228 (index):694 NODEACCESSREQUESTED_2
15:32:42.228 (index):664 NODEACCESSRELEASED_4
15:32:42.229 (index):664 NODEACCESSRELEASED_6
15:32:42.229 (index):682 UPDATE_7
15:32:43.226 (index):712 WAITING_0
15:32:43.227 (index):712 WAITING_9
15:32:43.227 (index):712 WAITING_13
15:32:43.228 (index):712 WAITING_14
15:32:43.229 (index):694 NODEACCESSREQUESTED_10
15:32:43.230 (index):712 WAITING_12
15:32:43.231 (index):682 UPDATE_5
15:32:43.231 (index):664 NODEACCESSRELEASED_11
15:32:43.232 (index):664 NODEACCESSRELEASED_7
15:32:43.233 (index):682 UPDATE_15
15:32:44.226 (index):712 WAITING_8
15:32:44.228 (index):712 WAITING_3
15:32:44.230 (index):712 WAITING_1
15:32:44.234 (index):682 UPDATE_2
15:32:44.235 (index):694 NODEACCESSREQUESTED_4
15:32:44.237 (index):694 NODEACCESSREQUESTED_6
15:32:44.238 (index):664 NODEACCESSRELEASED_5
15:32:44.239 (index):664 NODEACCESSRELEASED_15
15:32:45.226 (index):712 WAITING_0
15:32:45.227 (index):712 WAITING_9
15:32:45.228 (index):712 WAITING_13
15:32:45.229 (index):712 WAITING_14
15:32:45.229 (index):682 UPDATE_10
15:32:45.230 (index):682 UPDATE_12
15:32:45.231 (index):694 NODEACCESSREQUESTED_11
15:32:45.232 (index):694 NODEACCESSREQUESTED_7
15:32:45.233 (index):674 THINKING_2
15:32:46.226 (index):712 WAITING_8
15:32:46.227 (index):712 WAITING_3
15:32:46.228 (index):712 WAITING_1
15:32:46.230 (index):682 UPDATE_4
15:32:46.230 (index):682 UPDATE_6
15:32:46.232 (index):694 NODEACCESSREQUESTED_5
15:32:46.233 (index):694 NODEACCESSREQUESTED_15
15:32:46.234 (index):674 THINKING_10
15:32:46.235 (index):674 THINKING_12
15:32:47.226 (index):712 WAITING_0
15:32:47.227 (index):712 WAITING_9
15:32:47.228 (index):712 WAITING_13
15:32:47.229 (index):712 WAITING_14
15:32:47.230 (index):682 UPDATE_11
15:32:47.231 (index):682 UPDATE_7
15:32:47.233 (index):674 THINKING_4
15:32:47.234 (index):664 NODEACCESSRELEASED_6
15:32:48.226 (index):712 WAITING_8
15:32:48.227 (index):712 WAITING_3
15:32:48.228 (index):712 WAITING_1
15:32:48.228 (index):682 UPDATE_5
15:32:48.229 (index):682 UPDATE_15
15:32:48.229 (index):664 NODEACCESSRELEASED_11
15:32:48.230 (index):674 THINKING_7
15:32:48.230 (index):682 UPDATE_2
15:32:49.226 (index):712 WAITING_0
15:32:49.227 (index):712 WAITING_9
15:32:49.228 (index):712 WAITING_13
15:32:49.228 (index):712 WAITING_14
15:32:49.229 (index):694 NODEACCESSREQUESTED_6
15:32:49.230 (index):674 THINKING_5
15:32:49.231 (index):674 THINKING_15
15:32:49.232 (index):674 THINKING_2
15:32:50.226 (index):712 WAITING_8
15:32:50.227 (index):712 WAITING_3
15:32:50.228 (index):712 WAITING_1
15:32:50.229 (index):694 NODEACCESSREQUESTED_11
15:32:50.229 (index):682 UPDATE_4
15:32:51.226 (index):712 WAITING_0
15:32:51.227 (index):712 WAITING_9
15:32:51.227 (index):712 WAITING_13
15:32:51.228 (index):712 WAITING_14
15:32:51.229 (index):682 UPDATE_6
15:32:51.229 (index):664 NODEACCESSRELEASED_4
15:32:51.230 (index):682 UPDATE_12
15:32:51.230 (index):682 UPDATE_10
15:32:52.226 (index):712 WAITING_8
15:32:52.227 (index):712 WAITING_3
15:32:52.228 (index):712 WAITING_1
15:32:52.230 (index):682 UPDATE_11
15:32:52.230 (index):664 NODEACCESSRELEASED_6
15:32:52.231 (index):664 NODEACCESSRELEASED_12
15:32:52.232 (index):664 NODEACCESSRELEASED_10
15:32:52.232 (index):682 UPDATE_2
15:32:53.226 (index):712 WAITING_0
15:32:53.227 (index):712 WAITING_9
15:32:53.228 (index):712 WAITING_13
15:32:53.229 (index):712 WAITING_14
15:32:53.229 (index):694 NODEACCESSREQUESTED_4
15:32:53.230 (index):674 THINKING_11
15:32:53.230 (index):674 THINKING_2
15:32:53.231 (index):682 UPDATE_7
15:32:54.227 (index):682 UPDATE_8
15:32:54.228 (index):712 WAITING_3
15:32:54.229 (index):712 WAITING_1
15:32:54.230 (index):694 NODEACCESSREQUESTED_6
15:32:54.231 (index):694 NODEACCESSREQUESTED_12
15:32:54.232 (index):694 NODEACCESSREQUESTED_10
15:32:54.233 (index):664 NODEACCESSRELEASED_7
15:32:54.234 (index):682 UPDATE_15
15:32:54.235 (index):682 UPDATE_5
15:32:54.235 (index):712 WAITING_0
15:32:55.226 (index):712 WAITING_9
15:32:55.228 (index):712 WAITING_13
15:32:55.229 (index):712 WAITING_14
15:32:55.231 (index):682 UPDATE_4
15:32:55.232 (index):674 THINKING_8
15:32:55.232 (index):664 NODEACCESSRELEASED_15
15:32:55.232 (index):664 NODEACCESSRELEASED_5
15:32:56.226 (index):712 WAITING_3
15:32:56.227 (index):712 WAITING_1
15:32:56.229 (index):682 UPDATE_6
15:32:56.230 (index):682 UPDATE_12
15:32:56.231 (index):682 UPDATE_10
15:32:56.232 (index):694 NODEACCESSREQUESTED_7
15:32:56.233 (index):712 WAITING_0
15:32:56.234 (index):674 THINKING_4
15:32:57.226 (index):712 WAITING_9
15:32:57.227 (index):712 WAITING_13
15:32:57.227 (index):712 WAITING_14
15:32:57.228 (index):694 NODEACCESSREQUESTED_15
15:32:57.229 (index):694 NODEACCESSREQUESTED_5
15:32:57.229 (index):664 NODEACCESSRELEASED_6
15:32:57.230 (index):664 NODEACCESSRELEASED_12
15:32:57.230 (index):664 NODEACCESSRELEASED_10
15:32:57.231 (index):682 UPDATE_11
15:32:58.226 (index):712 WAITING_3
15:32:58.227 (index):712 WAITING_1
15:32:58.228 (index):682 UPDATE_7
15:32:58.229 (index):712 WAITING_0
15:32:58.230 (index):664 NODEACCESSRELEASED_11
15:32:58.231 (index):682 UPDATE_2
15:32:59.226 (index):712 WAITING_9
15:32:59.227 (index):712 WAITING_13
15:32:59.228 (index):712 WAITING_14
15:32:59.229 (index):682 UPDATE_15
15:32:59.230 (index):682 UPDATE_5
15:32:59.231 (index):694 NODEACCESSREQUESTED_6
15:32:59.231 (index):694 NODEACCESSREQUESTED_12
15:32:59.232 (index):694 NODEACCESSREQUESTED_10
15:32:59.233 (index):664 NODEACCESSRELEASED_7
15:32:59.233 (index):664 NODEACCESSRELEASED_2
15:33:00.226 (index):712 WAITING_3
15:33:00.227 (index):712 WAITING_1
15:33:00.227 (index):712 WAITING_0
15:33:00.229 (index):694 NODEACCESSREQUESTED_11
15:33:00.230 (index):674 THINKING_15
15:33:00.231 (index):664 NODEACCESSRELEASED_5
15:33:00.232 (index):682 UPDATE_8
15:33:01.226 (index):712 WAITING_9
15:33:01.228 (index):712 WAITING_13
15:33:01.231 (index):712 WAITING_14
15:33:01.231 (index):682 UPDATE_6
15:33:01.232 (index):682 UPDATE_12
15:33:01.233 (index):682 UPDATE_10
15:33:01.234 (index):694 NODEACCESSREQUESTED_7
15:33:01.235 (index):694 NODEACCESSREQUESTED_2
15:33:01.235 (index):664 NODEACCESSRELEASED_8
15:33:01.236 (index):682 UPDATE_4
15:33:02.226 (index):712 WAITING_3
15:33:02.227 (index):712 WAITING_1
15:33:02.228 (index):682 UPDATE_0
15:33:02.229 (index):682 UPDATE_11
15:33:02.230 (index):694 NODEACCESSREQUESTED_5
15:33:02.231 (index):723 END_6
15:33:02.231 (index):664 NODEACCESSRELEASED_12
15:33:02.232 (index):664 NODEACCESSRELEASED_10
15:33:02.233 (index):674 THINKING_4
15:33:03.226 (index):712 WAITING_9
15:33:03.228 (index):712 WAITING_13
15:33:03.229 (index):712 WAITING_14
15:33:03.230 (index):682 UPDATE_7
15:33:03.231 (index):682 UPDATE_2
15:33:03.232 (index):694 NODEACCESSREQUESTED_8
15:33:03.234 (index):674 THINKING_0
15:33:03.234 (index):664 NODEACCESSRELEASED_11
15:33:04.226 (index):712 WAITING_3
15:33:04.228 (index):712 WAITING_1
15:33:04.229 (index):682 UPDATE_5
15:33:04.230 (index):694 NODEACCESSREQUESTED_12
15:33:04.231 (index):694 NODEACCESSREQUESTED_10
15:33:04.233 (index):664 NODEACCESSRELEASED_7
15:33:04.235 (index):664 NODEACCESSRELEASED_2
15:33:04.236 (index):682 UPDATE_15
15:33:05.226 (index):712 WAITING_9
15:33:05.227 (index):712 WAITING_13
15:33:05.229 (index):712 WAITING_14
15:33:05.230 (index):682 UPDATE_8
15:33:05.231 (index):694 NODEACCESSREQUESTED_11
15:33:05.231 (index):664 NODEACCESSRELEASED_5
15:33:05.232 (index):664 NODEACCESSRELEASED_15
15:33:06.226 (index):712 WAITING_3
15:33:06.227 (index):712 WAITING_1
15:33:06.227 (index):682 UPDATE_12
15:33:06.228 (index):682 UPDATE_10
15:33:06.229 (index):694 NODEACCESSREQUESTED_7
15:33:06.229 (index):694 NODEACCESSREQUESTED_2
15:33:06.230 (index):664 NODEACCESSRELEASED_8
15:33:06.231 (index):682 UPDATE_0
15:33:06.232 (index):682 UPDATE_4
15:33:07.226 (index):712 WAITING_9
15:33:07.228 (index):712 WAITING_13
15:33:07.229 (index):712 WAITING_14
15:33:07.231 (index):682 UPDATE_11
15:33:07.232 (index):694 NODEACCESSREQUESTED_5
15:33:07.232 (index):694 NODEACCESSREQUESTED_15
15:33:07.233 (index):664 NODEACCESSRELEASED_12
15:33:07.234 (index):723 END_10
15:33:07.235 (index):674 THINKING_0
15:33:07.236 (index):674 THINKING_4
15:33:08.226 (index):712 WAITING_3
15:33:08.227 (index):712 WAITING_1
15:33:08.228 (index):682 UPDATE_7
15:33:08.228 (index):682 UPDATE_2
15:33:08.229 (index):694 NODEACCESSREQUESTED_8
15:33:08.229 (index):674 THINKING_11
15:33:09.226 (index):712 WAITING_9
15:33:09.227 (index):712 WAITING_13
15:33:09.228 (index):712 WAITING_14
15:33:09.229 (index):682 UPDATE_5
15:33:09.231 (index):682 UPDATE_15
15:33:09.232 (index):694 NODEACCESSREQUESTED_12
15:33:09.234 (index):664 NODEACCESSRELEASED_7
15:33:09.234 (index):664 NODEACCESSRELEASED_2
15:33:10.227 (index):712 WAITING_3
15:33:10.228 (index):712 WAITING_1
15:33:10.230 (index):682 UPDATE_8
15:33:10.230 (index):664 NODEACCESSRELEASED_5
15:33:10.231 (index):723 END_15
15:33:10.232 (index):682 UPDATE_4
15:33:11.226 (index):712 WAITING_9
15:33:11.227 (index):712 WAITING_13
15:33:11.228 (index):712 WAITING_14
15:33:11.229 (index):682 UPDATE_12
15:33:11.230 (index):694 NODEACCESSREQUESTED_7
15:33:11.230 (index):694 NODEACCESSREQUESTED_2
15:33:11.231 (index):674 THINKING_8
15:33:11.232 (index):664 NODEACCESSRELEASED_4
15:33:12.226 (index):712 WAITING_3
15:33:12.228 (index):712 WAITING_1
15:33:12.230 (index):694 NODEACCESSREQUESTED_5
15:33:12.232 (index):664 NODEACCESSRELEASED_12
15:33:12.233 (index):682 UPDATE_11
15:33:12.234 (index):682 UPDATE_0
15:33:13.226 (index):712 WAITING_9
15:33:13.228 (index):712 WAITING_13
15:33:13.230 (index):712 WAITING_14
15:33:13.232 (index):682 UPDATE_7
15:33:13.233 (index):682 UPDATE_2
15:33:13.234 (index):694 NODEACCESSREQUESTED_4
15:33:13.235 (index):723 END_11
15:33:13.236 (index):664 NODEACCESSRELEASED_0
15:33:14.226 (index):712 WAITING_3
15:33:14.227 (index):712 WAITING_1
15:33:14.228 (index):682 UPDATE_5
15:33:14.229 (index):694 NODEACCESSREQUESTED_12
15:33:14.230 (index):664 NODEACCESSRELEASED_7
15:33:14.231 (index):664 NODEACCESSRELEASED_2
15:33:15.226 (index):682 UPDATE_9
15:33:15.227 (index):712 WAITING_13
15:33:15.228 (index):712 WAITING_14
15:33:15.229 (index):682 UPDATE_4
15:33:15.230 (index):694 NODEACCESSREQUESTED_0
15:33:15.231 (index):723 END_5
15:33:15.231 (index):682 UPDATE_8
15:33:16.226 (index):712 WAITING_3
15:33:16.227 (index):712 WAITING_1
15:33:16.228 (index):682 UPDATE_12
15:33:16.228 (index):694 NODEACCESSREQUESTED_7
15:33:16.230 (index):694 NODEACCESSREQUESTED_2
15:33:16.231 (index):664 NODEACCESSRELEASED_9
15:33:16.232 (index):664 NODEACCESSRELEASED_4
15:33:16.233 (index):664 NODEACCESSRELEASED_8
15:33:17.227 (index):712 WAITING_13
15:33:17.228 (index):712 WAITING_14
15:33:17.230 (index):682 UPDATE_0
15:33:17.231 (index):664 NODEACCESSRELEASED_12
15:33:18.226 (index):682 UPDATE_3
15:33:18.227 (index):712 WAITING_1
15:33:18.228 (index):682 UPDATE_7
15:33:18.228 (index):682 UPDATE_2
15:33:18.229 (index):694 NODEACCESSREQUESTED_9
15:33:18.230 (index):694 NODEACCESSREQUESTED_4
15:33:18.231 (index):694 NODEACCESSREQUESTED_8
15:33:18.232 (index):674 THINKING_0
15:33:19.226 (index):712 WAITING_13
15:33:19.228 (index):712 WAITING_14
15:33:19.229 (index):694 NODEACCESSREQUESTED_12
15:33:19.230 (index):664 NODEACCESSRELEASED_3
15:33:19.231 (index):674 THINKING_7
15:33:19.232 (index):723 END_2
15:33:20.226 (index):712 WAITING_1
15:33:20.228 (index):682 UPDATE_9
15:33:20.229 (index):682 UPDATE_4
15:33:20.231 (index):682 UPDATE_8
15:33:21.226 (index):682 UPDATE_13
15:33:21.228 (index):712 WAITING_14
15:33:21.229 (index):682 UPDATE_12
15:33:21.230 (index):694 NODEACCESSREQUESTED_3
15:33:21.231 (index):664 NODEACCESSRELEASED_9
15:33:21.232 (index):674 THINKING_4
15:33:21.233 (index):664 NODEACCESSRELEASED_8
15:33:21.234 (index):682 UPDATE_0
15:33:22.226 (index):712 WAITING_1
15:33:22.228 (index):664 NODEACCESSRELEASED_13
15:33:22.229 (index):674 THINKING_12
15:33:22.230 (index):664 NODEACCESSRELEASED_0
15:33:23.226 (index):712 WAITING_14
15:33:23.228 (index):682 UPDATE_3
15:33:23.229 (index):694 NODEACCESSREQUESTED_9
15:33:23.233 (index):694 NODEACCESSREQUESTED_8
15:33:23.234 (index):682 UPDATE_7
15:33:24.226 (index):682 UPDATE_1
15:33:24.227 (index):694 NODEACCESSREQUESTED_13
15:33:24.228 (index):694 NODEACCESSREQUESTED_0
15:33:24.229 (index):664 NODEACCESSRELEASED_3
15:33:24.231 (index):664 NODEACCESSRELEASED_7
15:33:25.226 (index):712 WAITING_14
15:33:25.228 (index):682 UPDATE_9
15:33:25.229 (index):682 UPDATE_8
15:33:25.230 (index):674 THINKING_1
15:33:26.227 (index):682 UPDATE_13
15:33:26.228 (index):682 UPDATE_0
15:33:26.230 (index):694 NODEACCESSREQUESTED_3
15:33:26.232 (index):694 NODEACCESSREQUESTED_7
15:33:26.233 (index):674 THINKING_9
15:33:26.234 (index):664 NODEACCESSRELEASED_8
15:33:26.236 (index):682 UPDATE_12
15:33:26.237 (index):682 UPDATE_4
15:33:27.226 (index):712 WAITING_14
15:33:27.228 (index):664 NODEACCESSRELEASED_13
15:33:27.229 (index):664 NODEACCESSRELEASED_0
15:33:27.231 (index):664 NODEACCESSRELEASED_12
15:33:27.232 (index):723 END_4
15:33:28.228 (index):682 UPDATE_3
15:33:28.229 (index):682 UPDATE_7
15:33:28.230 (index):694 NODEACCESSREQUESTED_8
15:33:28.231 (index):682 UPDATE_1
15:33:29.227 (index):712 WAITING_14
15:33:29.228 (index):694 NODEACCESSREQUESTED_13
15:33:29.229 (index):694 NODEACCESSREQUESTED_0
15:33:29.230 (index):694 NODEACCESSREQUESTED_12
15:33:29.232 (index):664 NODEACCESSRELEASED_3
15:33:29.233 (index):723 END_7
15:33:29.234 (index):664 NODEACCESSRELEASED_1
15:33:30.226 (index):682 UPDATE_8
15:33:30.227 (index):682 UPDATE_9
15:33:31.226 (index):682 UPDATE_14
15:33:31.227 (index):682 UPDATE_13
15:33:31.229 (index):682 UPDATE_0
15:33:31.229 (index):682 UPDATE_12
15:33:31.230 (index):694 NODEACCESSREQUESTED_3
15:33:31.231 (index):694 NODEACCESSREQUESTED_1
15:33:31.231 (index):664 NODEACCESSRELEASED_8
15:33:31.231 (index):664 NODEACCESSRELEASED_9
15:33:32.226 (index):674 THINKING_14
15:33:32.228 (index):664 NODEACCESSRELEASED_13
15:33:32.229 (index):674 THINKING_0
15:33:32.233 (index):664 NODEACCESSRELEASED_12
15:33:33.226 (index):682 UPDATE_3
15:33:33.228 (index):682 UPDATE_1
15:33:33.229 (index):694 NODEACCESSREQUESTED_8
15:33:33.231 (index):694 NODEACCESSREQUESTED_9
15:33:34.227 (index):694 NODEACCESSREQUESTED_13
15:33:34.228 (index):694 NODEACCESSREQUESTED_12
15:33:34.230 (index):664 NODEACCESSRELEASED_3
15:33:34.231 (index):674 THINKING_1
15:33:35.226 (index):682 UPDATE_8
15:33:35.227 (index):682 UPDATE_9
15:33:36.226 (index):682 UPDATE_14
15:33:36.228 (index):682 UPDATE_13
15:33:36.229 (index):682 UPDATE_12
15:33:36.230 (index):694 NODEACCESSREQUESTED_3
15:33:36.231 (index):664 NODEACCESSRELEASED_8
15:33:36.232 (index):664 NODEACCESSRELEASED_9
15:33:37.226 (index):682 UPDATE_0
15:33:37.227 (index):664 NODEACCESSRELEASED_14
15:33:37.227 (index):664 NODEACCESSRELEASED_13
15:33:37.228 (index):723 END_12
15:33:37.229 (index):682 UPDATE_1
15:33:38.228 (index):682 UPDATE_3
15:33:38.230 (index):694 NODEACCESSREQUESTED_8
15:33:38.231 (index):694 NODEACCESSREQUESTED_9
15:33:38.232 (index):664 NODEACCESSRELEASED_0
15:33:38.233 (index):674 THINKING_1
15:33:38.234 (index):694 NODEACCESSREQUESTED_14
15:33:39.226 (index):694 NODEACCESSREQUESTED_13
15:33:39.227 (index):674 THINKING_3
15:33:40.226 (index):682 UPDATE_8
15:33:40.227 (index):682 UPDATE_9
15:33:40.228 (index):694 NODEACCESSREQUESTED_0
15:33:40.229 (index):682 UPDATE_14
15:33:41.226 (index):682 UPDATE_13
15:33:41.227 (index):664 NODEACCESSRELEASED_8
15:33:41.228 (index):674 THINKING_9
15:33:41.229 (index):664 NODEACCESSRELEASED_14
15:33:42.226 (index):682 UPDATE_0
15:33:42.227 (index):664 NODEACCESSRELEASED_13
15:33:42.228 (index):682 UPDATE_3
15:33:43.226 (index):694 NODEACCESSREQUESTED_8
15:33:43.228 (index):694 NODEACCESSREQUESTED_14
15:33:43.229 (index):664 NODEACCESSRELEASED_0
15:33:43.230 (index):664 NODEACCESSRELEASED_3
15:33:43.232 (index):682 UPDATE_1
15:33:44.226 (index):694 NODEACCESSREQUESTED_13
15:33:44.227 (index):674 THINKING_1
15:33:45.226 (index):682 UPDATE_8
15:33:45.227 (index):682 UPDATE_14
15:33:45.228 (index):694 NODEACCESSREQUESTED_0
15:33:45.228 (index):694 NODEACCESSREQUESTED_3
15:33:45.229 (index):682 UPDATE_9
15:33:46.226 (index):682 UPDATE_13
15:33:46.228 (index):723 END_8
15:33:46.229 (index):664 NODEACCESSRELEASED_14
15:33:46.230 (index):664 NODEACCESSRELEASED_9
15:33:47.226 (index):682 UPDATE_0
15:33:47.228 (index):682 UPDATE_3
15:33:47.230 (index):664 NODEACCESSRELEASED_13
15:33:48.226 (index):694 NODEACCESSREQUESTED_14
15:33:48.227 (index):694 NODEACCESSREQUESTED_9
15:33:48.227 (index):664 NODEACCESSRELEASED_0
15:33:48.228 (index):664 NODEACCESSRELEASED_3
15:33:49.227 (index):694 NODEACCESSREQUESTED_13
15:33:49.229 (index):682 UPDATE_1
15:33:50.226 (index):682 UPDATE_14
15:33:50.227 (index):682 UPDATE_9
15:33:50.227 (index):694 NODEACCESSREQUESTED_0
15:33:50.228 (index):694 NODEACCESSREQUESTED_3
15:33:50.228 (index):664 NODEACCESSRELEASED_1
15:33:51.226 (index):682 UPDATE_13
15:33:51.227 (index):664 NODEACCESSRELEASED_14
15:33:51.227 (index):664 NODEACCESSRELEASED_9
15:33:52.226 (index):682 UPDATE_0
15:33:52.227 (index):682 UPDATE_3
15:33:52.228 (index):694 NODEACCESSREQUESTED_1
15:33:52.229 (index):664 NODEACCESSRELEASED_13
15:33:53.226 (index):694 NODEACCESSREQUESTED_14
15:33:53.227 (index):694 NODEACCESSREQUESTED_9
15:33:53.228 (index):723 END_0
15:33:53.229 (index):674 THINKING_3
15:33:54.227 (index):682 UPDATE_1
15:33:54.228 (index):694 NODEACCESSREQUESTED_13
15:33:54.229 (index):682 UPDATE_14
15:33:55.226 (index):682 UPDATE_9
15:33:55.228 (index):674 THINKING_1
15:33:55.229 (index):674 THINKING_14
15:33:56.226 (index):682 UPDATE_13
15:33:56.227 (index):664 NODEACCESSRELEASED_9
15:33:56.227 (index):682 UPDATE_3
15:33:57.226 (index):664 NODEACCESSRELEASED_13
15:33:57.227 (index):664 NODEACCESSRELEASED_3
15:33:58.229 (index):694 NODEACCESSREQUESTED_9
15:33:58.230 (index):682 UPDATE_1
15:33:58.231 (index):682 UPDATE_14
15:33:58.232 (index):694 NODEACCESSREQUESTED_13
15:33:58.233 (index):694 NODEACCESSREQUESTED_3
15:33:59.226 (index):664 NODEACCESSRELEASED_1
15:33:59.228 (index):664 NODEACCESSRELEASED_14
15:34:00.226 (index):682 UPDATE_9
15:34:00.227 (index):682 UPDATE_13
15:34:00.228 (index):682 UPDATE_3
15:34:01.226 (index):694 NODEACCESSREQUESTED_1
15:34:01.228 (index):694 NODEACCESSREQUESTED_14
15:34:01.230 (index):723 END_9
15:34:01.231 (index):664 NODEACCESSRELEASED_13
15:34:01.232 (index):723 END_3
15:34:03.226 (index):682 UPDATE_1
15:34:03.227 (index):682 UPDATE_14
15:34:03.228 (index):694 NODEACCESSREQUESTED_13
15:34:04.226 (index):723 END_1
15:34:04.228 (index):664 NODEACCESSRELEASED_14
15:34:05.227 (index):682 UPDATE_13
15:34:06.227 (index):694 NODEACCESSREQUESTED_14
15:34:06.227 (index):664 NODEACCESSRELEASED_13
15:34:08.226 (index):682 UPDATE_14
15:34:08.227 (index):694 NODEACCESSREQUESTED_13
15:34:09.226 (index):674 THINKING_14
15:34:10.226 (index):682 UPDATE_13
15:34:11.226 (index):664 NODEACCESSRELEASED_13
15:34:13.226 (index):694 NODEACCESSREQUESTED_13
15:34:13.228 (index):682 UPDATE_14
15:34:14.226 (index):674 THINKING_14
15:34:15.226 (index):682 UPDATE_13
15:34:16.226 (index):723 END_13
15:34:19.226 (index):682 UPDATE_14
15:34:20.226 (index):664 NODEACCESSRELEASED_14
15:34:22.226 (index):694 NODEACCESSREQUESTED_14
15:34:24.226 (index):682 UPDATE_14
15:34:25.226 (index):723 END_14
