15:18:28.693 (index):795 Tasks: 25; Collaborators: 5    =========================>
15:18:28.693 (index):694 NODEACCESSREQUESTED_0
15:18:28.694 (index):694 NODEACCESSREQUESTED_1
15:18:28.695 (index):694 NODEACCESSREQUESTED_2
15:18:28.696 (index):694 NODEACCESSREQUESTED_3
15:18:28.697 (index):694 NODEACCESSREQUESTED_4
15:18:29.695 (index):674 THINKING_0
15:18:29.696 (index):674 THINKING_1
15:18:29.697 (index):664 NODEACCESSRELEASED_2
15:18:29.698 (index):664 NODEACCESSRELEASED_3
15:18:29.699 (index):664 NODEACCESSRELEASED_4
15:18:30.698 (index):694 NODEACCESSREQUESTED_2
15:18:30.699 (index):694 NODEACCESSREQUESTED_3
15:18:30.701 (index):694 NODEACCESSREQUESTED_4
15:18:31.699 (index):682 UPDATE_2
15:18:31.701 (index):682 UPDATE_3
15:18:31.702 (index):682 UPDATE_4
15:18:31.801 (index):664 NODEACCESSRELEASED_2
15:18:31.802 (index):664 NODEACCESSRELEASED_3
15:18:31.803 (index):664 NODEACCESSRELEASED_4
15:18:32.642 (index):682 UPDATE_1
15:18:32.743 (index):664 NODEACCESSRELEASED_1
15:18:32.802 (index):694 NODEACCESSREQUESTED_2
15:18:32.803 (index):694 NODEACCESSREQUESTED_3
15:18:32.805 (index):694 NODEACCESSREQUESTED_4
15:18:33.745 (index):694 NODEACCESSREQUESTED_1
15:18:33.803 (index):682 UPDATE_2
15:18:33.805 (index):682 UPDATE_3
15:18:33.806 (index):682 UPDATE_4
15:18:33.905 (index):664 NODEACCESSRELEASED_2
15:18:33.906 (index):674 THINKING_3
15:18:33.907 (index):664 NODEACCESSRELEASED_4
15:18:34.044 (index):682 UPDATE_0
15:18:34.145 (index):664 NODEACCESSRELEASED_0
15:18:34.746 (index):682 UPDATE_1
15:18:34.847 (index):674 THINKING_1
15:18:34.906 (index):694 NODEACCESSREQUESTED_2
15:18:34.908 (index):694 NODEACCESSREQUESTED_4
15:18:35.147 (index):694 NODEACCESSREQUESTED_0
15:18:35.907 (index):682 UPDATE_2
15:18:35.909 (index):682 UPDATE_4
15:18:36.008 (index):674 THINKING_2
15:18:36.010 (index):664 NODEACCESSRELEASED_4
15:18:36.147 (index):682 UPDATE_0
15:18:36.249 (index):664 NODEACCESSRELEASED_0
15:18:37.011 (index):694 NODEACCESSREQUESTED_4
15:18:37.250 (index):694 NODEACCESSREQUESTED_0
15:18:38.012 (index):682 UPDATE_4
15:18:38.023 (index):682 UPDATE_3
15:18:38.113 (index):664 NODEACCESSRELEASED_4
15:18:38.124 (index):664 NODEACCESSRELEASED_3
15:18:38.251 (index):682 UPDATE_0
15:18:38.352 (index):674 THINKING_0
15:18:38.397 (index):682 UPDATE_1
15:18:38.498 (index):674 THINKING_1
15:18:38.728 (index):682 UPDATE_2
15:18:38.829 (index):664 NODEACCESSRELEASED_2
15:18:39.114 (index):694 NODEACCESSREQUESTED_4
15:18:39.125 (index):694 NODEACCESSREQUESTED_3
15:18:39.830 (index):694 NODEACCESSREQUESTED_2
15:18:40.115 (index):682 UPDATE_4
15:18:40.126 (index):682 UPDATE_3
15:18:40.217 (index):674 THINKING_4
15:18:40.227 (index):664 NODEACCESSRELEASED_3
15:18:40.832 (index):682 UPDATE_2
15:18:40.922 (index):682 UPDATE_0
15:18:40.933 (index):664 NODEACCESSRELEASED_2
15:18:41.024 (index):674 THINKING_0
15:18:41.228 (index):694 NODEACCESSREQUESTED_3
15:18:41.934 (index):694 NODEACCESSREQUESTED_2
15:18:42.229 (index):682 UPDATE_3
15:18:42.331 (index):664 NODEACCESSRELEASED_3
15:18:42.655 (index):682 UPDATE_4
15:18:42.756 (index):664 NODEACCESSRELEASED_4
15:18:42.891 (index):682 UPDATE_1
15:18:42.936 (index):682 UPDATE_2
15:18:42.993 (index):664 NODEACCESSRELEASED_1
15:18:43.037 (index):674 THINKING_2
15:18:43.332 (index):694 NODEACCESSREQUESTED_3
15:18:43.758 (index):694 NODEACCESSREQUESTED_4
15:18:43.994 (index):694 NODEACCESSREQUESTED_1
15:18:44.333 (index):682 UPDATE_3
15:18:44.435 (index):664 NODEACCESSRELEASED_3
15:18:44.759 (index):682 UPDATE_4
15:18:44.860 (index):674 THINKING_4
15:18:44.995 (index):682 UPDATE_1
15:18:45.097 (index):674 THINKING_1
15:18:45.436 (index):694 NODEACCESSREQUESTED_3
15:18:45.588 (index):682 UPDATE_2
15:18:45.689 (index):674 THINKING_2
15:18:45.966 (index):682 UPDATE_0
15:18:46.067 (index):664 NODEACCESSRELEASED_0
15:18:46.438 (index):682 UPDATE_3
15:18:46.539 (index):664 NODEACCESSRELEASED_3
15:18:47.069 (index):694 NODEACCESSREQUESTED_0
15:18:47.408 (index):682 UPDATE_1
15:18:47.509 (index):664 NODEACCESSRELEASED_1
15:18:47.540 (index):694 NODEACCESSREQUESTED_3
15:18:47.916 (index):682 UPDATE_2
15:18:48.018 (index):674 THINKING_2
15:18:48.070 (index):682 UPDATE_0
15:18:48.171 (index):674 THINKING_0
15:18:48.510 (index):694 NODEACCESSREQUESTED_1
15:18:48.542 (index):682 UPDATE_3
15:18:48.643 (index):674 THINKING_3
15:18:49.069 (index):682 UPDATE_4
15:18:49.171 (index):674 THINKING_4
15:18:49.512 (index):682 UPDATE_1
15:18:49.613 (index):674 THINKING_1
15:18:50.328 (index):682 UPDATE_0
15:18:50.429 (index):664 NODEACCESSRELEASED_0
15:18:51.050 (index):682 UPDATE_3
15:18:51.152 (index):664 NODEACCESSRELEASED_3
15:18:51.430 (index):694 NODEACCESSREQUESTED_0
15:18:52.153 (index):694 NODEACCESSREQUESTED_3
15:18:52.431 (index):682 UPDATE_0
15:18:52.532 (index):664 NODEACCESSRELEASED_0
15:18:52.543 (index):682 UPDATE_1
15:18:52.644 (index):674 THINKING_1
15:18:52.873 (index):682 UPDATE_2
15:18:52.974 (index):664 NODEACCESSRELEASED_2
15:18:53.130 (index):682 UPDATE_4
15:18:53.154 (index):682 UPDATE_3
15:18:53.231 (index):674 THINKING_4
15:18:53.256 (index):664 NODEACCESSRELEASED_3
15:18:53.534 (index):694 NODEACCESSREQUESTED_0
15:18:53.976 (index):694 NODEACCESSREQUESTED_2
15:18:54.257 (index):694 NODEACCESSREQUESTED_3
15:18:54.535 (index):682 UPDATE_0
15:18:54.636 (index):674 THINKING_0
15:18:54.977 (index):682 UPDATE_2
15:18:55.078 (index):664 NODEACCESSRELEASED_2
15:18:55.258 (index):682 UPDATE_3
15:18:55.359 (index):674 THINKING_3
15:18:55.997 (index):682 UPDATE_4
15:18:56.080 (index):694 NODEACCESSREQUESTED_2
15:18:56.099 (index):664 NODEACCESSRELEASED_4
15:18:57.081 (index):682 UPDATE_2
15:18:57.101 (index):694 NODEACCESSREQUESTED_4
15:18:57.182 (index):664 NODEACCESSRELEASED_2
15:18:57.254 (index):682 UPDATE_1
15:18:57.355 (index):674 THINKING_1
15:18:57.698 (index):682 UPDATE_3
15:18:57.799 (index):664 NODEACCESSRELEASED_3
15:18:58.102 (index):682 UPDATE_4
15:18:58.184 (index):694 NODEACCESSREQUESTED_2
15:18:58.203 (index):664 NODEACCESSRELEASED_4
15:18:58.632 (index):682 UPDATE_0
15:18:58.733 (index):664 NODEACCESSRELEASED_0
15:18:58.800 (index):694 NODEACCESSREQUESTED_3
15:18:59.185 (index):682 UPDATE_2
15:18:59.204 (index):694 NODEACCESSREQUESTED_4
15:18:59.286 (index):664 NODEACCESSRELEASED_2
15:18:59.734 (index):694 NODEACCESSREQUESTED_0
15:18:59.802 (index):682 UPDATE_3
15:18:59.903 (index):723 END_3
15:19:00.205 (index):682 UPDATE_4
15:19:00.287 (index):694 NODEACCESSREQUESTED_2
15:19:00.307 (index):674 THINKING_4
15:19:00.735 (index):682 UPDATE_0
15:19:00.836 (index):664 NODEACCESSRELEASED_0
15:19:01.288 (index):682 UPDATE_2
15:19:01.390 (index):723 END_2
15:19:01.547 (index):682 UPDATE_1
15:19:01.648 (index):664 NODEACCESSRELEASED_1
15:19:01.838 (index):694 NODEACCESSREQUESTED_0
15:19:02.650 (index):694 NODEACCESSREQUESTED_1
15:19:02.839 (index):682 UPDATE_0
15:19:02.941 (index):664 NODEACCESSRELEASED_0
15:19:03.651 (index):682 UPDATE_1
15:19:03.752 (index):674 THINKING_1
15:19:03.942 (index):694 NODEACCESSREQUESTED_0
15:19:04.697 (index):682 UPDATE_4
15:19:04.798 (index):723 END_4
15:19:04.943 (index):682 UPDATE_0
15:19:05.044 (index):723 END_0
15:19:05.931 (index):682 UPDATE_1
15:19:06.032 (index):664 NODEACCESSRELEASED_1
15:19:07.033 (index):694 NODEACCESSREQUESTED_1
15:19:08.035 (index):682 UPDATE_1
15:19:08.136 (index):723 END_1
