15:20:01.228 (index):823 Tasks: 25; Collaborators: 7    =========================>
15:20:01.231 (index):694 NODEACCESSREQUESTED_0
15:20:01.233 (index):694 NODEACCESSREQUESTED_1
15:20:01.235 (index):694 NODEACCESSREQUESTED_2
15:20:01.237 (index):694 NODEACCESSREQUESTED_3
15:20:01.238 (index):694 NODEACCESSREQUESTED_4
15:20:01.239 (index):694 NODEACCESSREQUESTED_5
15:20:01.240 (index):694 NODEACCESSREQUESTED_6
15:20:03.226 (index):674 THINKING_0
15:20:03.228 (index):674 THINKING_1
15:20:03.229 (index):664 NODEACCESSRELEASED_2
15:20:03.231 (index):664 NODEACCESSRELEASED_3
15:20:03.232 (index):664 NODEACCESSRELEASED_4
15:20:03.233 (index):664 NODEACCESSRELEASED_5
15:20:03.234 (index):674 THINKING_6
15:20:05.226 (index):694 NODEACCESSREQUESTED_2
15:20:05.227 (index):694 NODEACCESSREQUESTED_3
15:20:05.228 (index):694 NODEACCESSREQUESTED_4
15:20:05.231 (index):694 NODEACCESSREQUESTED_5
15:20:06.226 (index):682 UPDATE_6
15:20:06.227 (index):682 UPDATE_1
15:20:07.226 (index):682 UPDATE_2
15:20:07.228 (index):682 UPDATE_3
15:20:07.230 (index):682 UPDATE_4
15:20:07.231 (index):682 UPDATE_5
15:20:07.231 (index):664 NODEACCESSRELEASED_6
15:20:07.232 (index):664 NODEACCESSRELEASED_1
15:20:08.226 (index):664 NODEACCESSRELEASED_2
15:20:08.228 (index):664 NODEACCESSRELEASED_3
15:20:08.229 (index):664 NODEACCESSRELEASED_4
15:20:08.231 (index):674 THINKING_5
15:20:08.232 (index):682 UPDATE_0
15:20:09.226 (index):694 NODEACCESSREQUESTED_6
15:20:09.228 (index):694 NODEACCESSREQUESTED_1
15:20:09.229 (index):664 NODEACCESSRELEASED_0
15:20:10.226 (index):694 NODEACCESSREQUESTED_2
15:20:10.227 (index):694 NODEACCESSREQUESTED_3
15:20:10.229 (index):694 NODEACCESSREQUESTED_4
15:20:11.226 (index):682 UPDATE_6
15:20:11.227 (index):682 UPDATE_1
15:20:11.231 (index):694 NODEACCESSREQUESTED_0
15:20:11.232 (index):682 UPDATE_5
15:20:12.229 (index):682 UPDATE_2
15:20:12.230 (index):682 UPDATE_3
15:20:12.231 (index):682 UPDATE_4
15:20:12.232 (index):664 NODEACCESSRELEASED_6
15:20:12.233 (index):674 THINKING_1
15:20:12.234 (index):664 NODEACCESSRELEASED_5
15:20:13.226 (index):682 UPDATE_0
15:20:13.228 (index):664 NODEACCESSRELEASED_2
15:20:13.229 (index):674 THINKING_3
15:20:13.231 (index):664 NODEACCESSRELEASED_4
15:20:14.228 (index):694 NODEACCESSREQUESTED_6
15:20:14.229 (index):694 NODEACCESSREQUESTED_5
15:20:14.230 (index):664 NODEACCESSRELEASED_0
15:20:15.229 (index):694 NODEACCESSREQUESTED_2
15:20:15.231 (index):694 NODEACCESSREQUESTED_4
15:20:15.232 (index):682 UPDATE_6
15:20:16.226 (index):682 UPDATE_5
15:20:16.228 (index):694 NODEACCESSREQUESTED_0
15:20:16.229 (index):664 NODEACCESSRELEASED_6
15:20:16.230 (index):682 UPDATE_1
15:20:17.229 (index):682 UPDATE_2
15:20:17.231 (index):682 UPDATE_4
15:20:17.232 (index):674 THINKING_5
15:20:17.234 (index):674 THINKING_1
15:20:17.236 (index):682 UPDATE_0
15:20:18.226 (index):694 NODEACCESSREQUESTED_6
15:20:18.228 (index):674 THINKING_2
15:20:18.229 (index):664 NODEACCESSRELEASED_4
15:20:18.231 (index):674 THINKING_0
15:20:18.233 (index):682 UPDATE_3
15:20:19.226 (index):664 NODEACCESSRELEASED_3
15:20:20.226 (index):682 UPDATE_6
15:20:20.228 (index):694 NODEACCESSREQUESTED_4
15:20:21.226 (index):694 NODEACCESSREQUESTED_3
15:20:21.228 (index):664 NODEACCESSRELEASED_6
15:20:21.229 (index):682 UPDATE_5
15:20:21.231 (index):682 UPDATE_0
15:20:21.233 (index):682 UPDATE_2
15:20:22.226 (index):682 UPDATE_4
15:20:22.228 (index):664 NODEACCESSRELEASED_5
15:20:22.230 (index):674 THINKING_0
15:20:22.232 (index):664 NODEACCESSRELEASED_2
15:20:22.234 (index):682 UPDATE_1
15:20:23.226 (index):682 UPDATE_3
15:20:23.227 (index):694 NODEACCESSREQUESTED_6
15:20:23.228 (index):664 NODEACCESSRELEASED_4
15:20:23.229 (index):664 NODEACCESSRELEASED_1
15:20:24.226 (index):694 NODEACCESSREQUESTED_5
15:20:24.228 (index):694 NODEACCESSREQUESTED_2
15:20:24.230 (index):664 NODEACCESSRELEASED_3
15:20:25.226 (index):682 UPDATE_6
15:20:25.227 (index):694 NODEACCESSREQUESTED_4
15:20:25.229 (index):694 NODEACCESSREQUESTED_1
15:20:26.226 (index):682 UPDATE_5
15:20:26.227 (index):682 UPDATE_2
15:20:26.229 (index):694 NODEACCESSREQUESTED_3
15:20:26.231 (index):664 NODEACCESSRELEASED_6
15:20:27.226 (index):682 UPDATE_4
15:20:27.227 (index):682 UPDATE_1
15:20:27.229 (index):674 THINKING_5
15:20:27.230 (index):664 NODEACCESSRELEASED_2
15:20:27.232 (index):682 UPDATE_0
15:20:28.226 (index):682 UPDATE_3
15:20:28.228 (index):694 NODEACCESSREQUESTED_6
15:20:28.229 (index):674 THINKING_4
15:20:28.231 (index):674 THINKING_1
15:20:28.232 (index):664 NODEACCESSRELEASED_0
15:20:29.229 (index):694 NODEACCESSREQUESTED_2
15:20:29.230 (index):664 NODEACCESSRELEASED_3
15:20:30.227 (index):682 UPDATE_6
15:20:30.229 (index):694 NODEACCESSREQUESTED_0
15:20:31.226 (index):682 UPDATE_2
15:20:31.228 (index):694 NODEACCESSREQUESTED_3
15:20:31.230 (index):674 THINKING_6
15:20:31.232 (index):682 UPDATE_1
15:20:31.233 (index):682 UPDATE_4
15:20:32.226 (index):682 UPDATE_0
15:20:32.227 (index):674 THINKING_2
15:20:32.227 (index):664 NODEACCESSRELEASED_1
15:20:32.228 (index):664 NODEACCESSRELEASED_4
15:20:32.229 (index):682 UPDATE_5
15:20:33.226 (index):682 UPDATE_3
15:20:33.227 (index):674 THINKING_0
15:20:33.227 (index):674 THINKING_5
15:20:34.226 (index):694 NODEACCESSREQUESTED_1
15:20:34.228 (index):694 NODEACCESSREQUESTED_4
15:20:34.229 (index):664 NODEACCESSRELEASED_3
15:20:34.231 (index):682 UPDATE_6
15:20:35.226 (index):674 THINKING_6
15:20:35.228 (index):682 UPDATE_2
15:20:36.226 (index):682 UPDATE_1
15:20:36.227 (index):682 UPDATE_4
15:20:36.228 (index):694 NODEACCESSREQUESTED_3
15:20:36.228 (index):682 UPDATE_5
15:20:36.229 (index):674 THINKING_2
15:20:36.230 (index):682 UPDATE_0
15:20:37.227 (index):674 THINKING_1
15:20:37.228 (index):674 THINKING_4
15:20:37.228 (index):664 NODEACCESSRELEASED_5
15:20:37.229 (index):664 NODEACCESSRELEASED_0
15:20:38.227 (index):682 UPDATE_3
15:20:38.229 (index):682 UPDATE_6
15:20:39.226 (index):694 NODEACCESSREQUESTED_5
15:20:39.228 (index):694 NODEACCESSREQUESTED_0
15:20:39.228 (index):664 NODEACCESSRELEASED_3
15:20:39.229 (index):664 NODEACCESSRELEASED_6
15:20:39.231 (index):682 UPDATE_2
15:20:40.226 (index):674 THINKING_2
15:20:40.228 (index):682 UPDATE_1
15:20:41.226 (index):682 UPDATE_5
15:20:41.228 (index):682 UPDATE_0
15:20:41.230 (index):694 NODEACCESSREQUESTED_3
15:20:41.231 (index):694 NODEACCESSREQUESTED_6
15:20:41.233 (index):674 THINKING_1
15:20:42.226 (index):674 THINKING_5
15:20:42.228 (index):664 NODEACCESSRELEASED_0
15:20:42.229 (index):682 UPDATE_4
15:20:43.226 (index):682 UPDATE_3
15:20:43.228 (index):682 UPDATE_6
15:20:43.229 (index):674 THINKING_4
15:20:44.226 (index):694 NODEACCESSREQUESTED_0
15:20:44.227 (index):674 THINKING_3
15:20:44.229 (index):664 NODEACCESSRELEASED_6
15:20:45.226 (index):682 UPDATE_2
15:20:46.226 (index):682 UPDATE_0
15:20:46.228 (index):694 NODEACCESSREQUESTED_6
15:20:46.230 (index):664 NODEACCESSRELEASED_2
15:20:46.232 (index):682 UPDATE_1
15:20:47.226 (index):674 THINKING_0
15:20:47.228 (index):674 THINKING_1
15:20:47.229 (index):682 UPDATE_3
15:20:47.231 (index):682 UPDATE_5
15:20:47.232 (index):682 UPDATE_4
15:20:48.226 (index):682 UPDATE_6
15:20:48.228 (index):694 NODEACCESSREQUESTED_2
15:20:48.229 (index):664 NODEACCESSRELEASED_3
15:20:48.231 (index):664 NODEACCESSRELEASED_5
15:20:48.232 (index):674 THINKING_4
15:20:49.226 (index):664 NODEACCESSRELEASED_6
15:20:50.229 (index):682 UPDATE_2
15:20:50.230 (index):694 NODEACCESSREQUESTED_3
15:20:50.232 (index):694 NODEACCESSREQUESTED_5
15:20:50.234 (index):694 NODEACCESSREQUESTED_6
15:20:51.226 (index):664 NODEACCESSRELEASED_2
15:20:51.228 (index):682 UPDATE_4
15:20:51.229 (index):682 UPDATE_0
15:20:52.226 (index):682 UPDATE_3
15:20:52.228 (index):682 UPDATE_5
15:20:52.229 (index):682 UPDATE_6
15:20:52.231 (index):664 NODEACCESSRELEASED_4
15:20:52.233 (index):664 NODEACCESSRELEASED_0
15:20:52.234 (index):682 UPDATE_1
15:20:53.226 (index):694 NODEACCESSREQUESTED_2
15:20:53.228 (index):664 NODEACCESSRELEASED_3
15:20:53.229 (index):664 NODEACCESSRELEASED_5
15:20:53.231 (index):664 NODEACCESSRELEASED_6
15:20:53.232 (index):664 NODEACCESSRELEASED_1
15:20:54.226 (index):694 NODEACCESSREQUESTED_4
15:20:54.228 (index):694 NODEACCESSREQUESTED_0
15:20:55.226 (index):682 UPDATE_2
15:20:55.228 (index):694 NODEACCESSREQUESTED_3
15:20:55.229 (index):694 NODEACCESSREQUESTED_5
15:20:55.231 (index):694 NODEACCESSREQUESTED_6
15:20:55.233 (index):694 NODEACCESSREQUESTED_1
15:20:56.226 (index):682 UPDATE_4
15:20:56.229 (index):682 UPDATE_0
15:20:56.230 (index):664 NODEACCESSRELEASED_2
15:20:57.226 (index):682 UPDATE_3
15:20:57.228 (index):682 UPDATE_5
15:20:57.230 (index):682 UPDATE_6
15:20:57.231 (index):682 UPDATE_1
15:20:57.234 (index):664 NODEACCESSRELEASED_4
15:20:57.235 (index):664 NODEACCESSRELEASED_0
15:20:58.226 (index):694 NODEACCESSREQUESTED_2
15:20:58.228 (index):674 THINKING_3
15:20:58.229 (index):664 NODEACCESSRELEASED_5
15:20:58.231 (index):664 NODEACCESSRELEASED_6
15:20:58.232 (index):674 THINKING_1
15:20:59.226 (index):694 NODEACCESSREQUESTED_4
15:20:59.228 (index):694 NODEACCESSREQUESTED_0
15:21:00.226 (index):682 UPDATE_2
15:21:00.227 (index):694 NODEACCESSREQUESTED_5
15:21:00.228 (index):694 NODEACCESSREQUESTED_6
15:21:01.226 (index):682 UPDATE_4
15:21:01.228 (index):682 UPDATE_0
15:21:01.229 (index):664 NODEACCESSRELEASED_2
15:21:01.230 (index):682 UPDATE_1
15:21:01.231 (index):682 UPDATE_3
15:21:02.226 (index):682 UPDATE_5
15:21:02.228 (index):682 UPDATE_6
15:21:02.229 (index):674 THINKING_4
15:21:02.231 (index):664 NODEACCESSRELEASED_0
15:21:02.232 (index):664 NODEACCESSRELEASED_1
15:21:02.233 (index):664 NODEACCESSRELEASED_3
15:21:03.226 (index):694 NODEACCESSREQUESTED_2
15:21:03.228 (index):664 NODEACCESSRELEASED_5
15:21:03.229 (index):723 END_6
15:21:04.230 (index):694 NODEACCESSREQUESTED_0
15:21:04.231 (index):694 NODEACCESSREQUESTED_1
15:21:04.233 (index):694 NODEACCESSREQUESTED_3
15:21:04.234 (index):682 UPDATE_2
15:21:04.235 (index):694 NODEACCESSREQUESTED_5
15:21:05.230 (index):723 END_2
15:21:06.226 (index):682 UPDATE_0
15:21:06.228 (index):682 UPDATE_1
15:21:06.229 (index):682 UPDATE_3
15:21:06.230 (index):682 UPDATE_5
15:21:07.227 (index):723 END_0
15:21:07.229 (index):723 END_1
15:21:07.231 (index):723 END_3
15:21:07.232 (index):723 END_5
15:21:07.234 (index):682 UPDATE_4
15:21:08.227 (index):723 END_4
