19:20:15.227 (index):1261 Tasks: 25; Collaborators: 18    =========================>
19:20:15.229 (index):835 NODEACCESSREQUESTED_0
19:20:15.231 (index):835 NODEACCESSREQUESTED_1
19:20:15.233 (index):835 NODEACCESSREQUESTED_2
19:20:15.234 (index):835 NODEACCESSREQUESTED_3
19:20:15.235 (index):835 NODEACCESSREQUESTED_4
19:20:15.235 (index):835 NODEACCESSREQUESTED_5
19:20:15.236 (index):835 NODEACCESSREQUESTED_6
19:20:15.236 (index):835 NODEACCESSREQUESTED_7
19:20:15.236 (index):835 NODEACCESSREQUESTED_8
19:20:15.237 (index):835 NODEACCESSREQUESTED_9
19:20:15.237 (index):835 NODEACCESSREQUESTED_10
19:20:15.238 (index):835 NODEACCESSREQUESTED_11
19:20:15.238 (index):835 NODEACCESSREQUESTED_12
19:20:15.239 (index):835 NODEACCESSREQUESTED_13
19:20:15.239 (index):835 NODEACCESSREQUESTED_14
19:20:15.239 (index):835 NODEACCESSREQUESTED_15
19:20:15.240 (index):835 NODEACCESSREQUESTED_16
19:20:15.241 (index):835 NODEACCESSREQUESTED_17
19:20:17.227 (index):815 THINKING_0
19:20:17.228 (index):815 THINKING_1
19:20:17.228 (index):805 NODEACCESSRELEASED_2
19:20:17.229 (index):805 NODEACCESSRELEASED_3
19:20:17.230 (index):853 WAITING_4
19:20:17.230 (index):853 WAITING_5
19:20:17.231 (index):853 WAITING_6
19:20:17.231 (index):853 WAITING_7
19:20:17.232 (index):853 WAITING_8
19:20:17.232 (index):853 WAITING_9
19:20:17.232 (index):853 WAITING_10
19:20:17.233 (index):853 WAITING_11
19:20:17.233 (index):853 WAITING_12
19:20:17.234 (index):853 WAITING_13
19:20:17.234 (index):853 WAITING_14
19:20:17.235 (index):853 WAITING_15
19:20:17.235 (index):853 WAITING_16
19:20:17.236 (index):853 WAITING_17
19:20:19.226 (index):835 NODEACCESSREQUESTED_2
19:20:19.228 (index):835 NODEACCESSREQUESTED_3
19:20:19.229 (index):853 WAITING_4
19:20:19.230 (index):853 WAITING_5
19:20:19.231 (index):853 WAITING_6
19:20:19.232 (index):853 WAITING_7
19:20:19.232 (index):853 WAITING_8
19:20:19.233 (index):853 WAITING_9
19:20:19.233 (index):853 WAITING_10
19:20:19.233 (index):853 WAITING_11
19:20:19.234 (index):853 WAITING_12
19:20:19.234 (index):853 WAITING_13
19:20:19.235 (index):853 WAITING_14
19:20:19.235 (index):853 WAITING_15
19:20:19.236 (index):853 WAITING_16
19:20:19.236 (index):853 WAITING_17
19:20:20.226 (index):823 UPDATE_1
19:20:21.227 (index):823 UPDATE_2
19:20:21.229 (index):823 UPDATE_3
19:20:21.230 (index):853 WAITING_4
19:20:21.231 (index):853 WAITING_5
19:20:21.232 (index):853 WAITING_6
19:20:21.233 (index):853 WAITING_7
19:20:21.234 (index):853 WAITING_8
19:20:21.234 (index):853 WAITING_9
19:20:21.235 (index):853 WAITING_10
19:20:21.235 (index):853 WAITING_11
19:20:21.236 (index):853 WAITING_12
19:20:21.236 (index):853 WAITING_13
19:20:21.237 (index):853 WAITING_14
19:20:21.237 (index):853 WAITING_15
19:20:21.238 (index):853 WAITING_16
19:20:21.238 (index):853 WAITING_17
19:20:21.238 (index):805 NODEACCESSRELEASED_1
19:20:22.226 (index):805 NODEACCESSRELEASED_2
19:20:22.227 (index):805 NODEACCESSRELEASED_3
19:20:22.228 (index):823 UPDATE_0
19:20:23.226 (index):853 WAITING_4
19:20:23.228 (index):853 WAITING_5
19:20:23.230 (index):853 WAITING_6
19:20:23.231 (index):853 WAITING_7
19:20:23.233 (index):853 WAITING_8
19:20:23.234 (index):853 WAITING_9
19:20:23.235 (index):853 WAITING_10
19:20:23.236 (index):853 WAITING_11
19:20:23.237 (index):853 WAITING_12
19:20:23.238 (index):853 WAITING_13
19:20:23.239 (index):853 WAITING_14
19:20:23.239 (index):853 WAITING_15
19:20:23.240 (index):853 WAITING_16
19:20:23.240 (index):853 WAITING_17
19:20:23.240 (index):835 NODEACCESSREQUESTED_1
19:20:23.241 (index):805 NODEACCESSRELEASED_0
19:20:24.226 (index):835 NODEACCESSREQUESTED_2
19:20:24.228 (index):835 NODEACCESSREQUESTED_3
19:20:25.227 (index):853 WAITING_4
19:20:25.229 (index):853 WAITING_5
19:20:25.230 (index):853 WAITING_6
19:20:25.231 (index):853 WAITING_7
19:20:25.232 (index):853 WAITING_8
19:20:25.233 (index):853 WAITING_9
19:20:25.234 (index):853 WAITING_10
19:20:25.235 (index):853 WAITING_11
19:20:25.236 (index):853 WAITING_12
19:20:25.237 (index):853 WAITING_13
19:20:25.238 (index):853 WAITING_14
19:20:25.239 (index):853 WAITING_15
19:20:25.240 (index):853 WAITING_16
19:20:25.241 (index):853 WAITING_17
19:20:25.242 (index):823 UPDATE_1
19:20:25.242 (index):835 NODEACCESSREQUESTED_0
19:20:26.226 (index):823 UPDATE_2
19:20:26.228 (index):823 UPDATE_3
19:20:26.229 (index):815 THINKING_1
19:20:27.226 (index):853 WAITING_4
19:20:27.228 (index):853 WAITING_5
19:20:27.229 (index):853 WAITING_6
19:20:27.231 (index):853 WAITING_7
19:20:27.232 (index):853 WAITING_8
19:20:27.234 (index):853 WAITING_9
19:20:27.234 (index):853 WAITING_10
19:20:27.235 (index):853 WAITING_11
19:20:27.236 (index):853 WAITING_12
19:20:27.236 (index):853 WAITING_13
19:20:27.237 (index):853 WAITING_14
19:20:27.237 (index):853 WAITING_15
19:20:27.238 (index):853 WAITING_16
19:20:27.239 (index):853 WAITING_17
19:20:27.239 (index):823 UPDATE_0
19:20:27.240 (index):805 NODEACCESSRELEASED_2
19:20:27.241 (index):815 THINKING_3
19:20:28.226 (index):805 NODEACCESSRELEASED_0
19:20:29.226 (index):853 WAITING_4
19:20:29.228 (index):853 WAITING_5
19:20:29.230 (index):853 WAITING_6
19:20:29.231 (index):853 WAITING_7
19:20:29.232 (index):853 WAITING_8
19:20:29.233 (index):853 WAITING_9
19:20:29.235 (index):853 WAITING_10
19:20:29.236 (index):853 WAITING_11
19:20:29.237 (index):853 WAITING_12
19:20:29.238 (index):853 WAITING_13
19:20:29.239 (index):853 WAITING_14
19:20:29.240 (index):853 WAITING_15
19:20:29.240 (index):853 WAITING_16
19:20:29.241 (index):853 WAITING_17
19:20:29.242 (index):835 NODEACCESSREQUESTED_2
19:20:30.226 (index):835 NODEACCESSREQUESTED_0
19:20:30.227 (index):823 UPDATE_1
19:20:31.226 (index):853 WAITING_4
19:20:31.228 (index):853 WAITING_5
19:20:31.231 (index):853 WAITING_6
19:20:31.232 (index):853 WAITING_7
19:20:31.234 (index):853 WAITING_8
19:20:31.234 (index):853 WAITING_9
19:20:31.235 (index):853 WAITING_10
19:20:31.236 (index):853 WAITING_11
19:20:31.237 (index):853 WAITING_12
19:20:31.238 (index):853 WAITING_13
19:20:31.239 (index):853 WAITING_14
19:20:31.240 (index):853 WAITING_15
19:20:31.241 (index):853 WAITING_16
19:20:31.241 (index):853 WAITING_17
19:20:31.242 (index):823 UPDATE_2
19:20:31.243 (index):815 THINKING_1
19:20:32.226 (index):823 UPDATE_0
19:20:32.227 (index):815 THINKING_2
19:20:32.228 (index):823 UPDATE_3
19:20:33.227 (index):853 WAITING_4
19:20:33.229 (index):853 WAITING_5
19:20:33.230 (index):853 WAITING_6
19:20:33.232 (index):853 WAITING_7
19:20:33.234 (index):853 WAITING_8
19:20:33.234 (index):853 WAITING_9
19:20:33.235 (index):853 WAITING_10
19:20:33.236 (index):853 WAITING_11
19:20:33.236 (index):853 WAITING_12
19:20:33.237 (index):853 WAITING_13
19:20:33.238 (index):853 WAITING_14
19:20:33.238 (index):853 WAITING_15
19:20:33.239 (index):853 WAITING_16
19:20:33.239 (index):853 WAITING_17
19:20:33.240 (index):815 THINKING_0
19:20:33.240 (index):805 NODEACCESSRELEASED_3
19:20:35.226 (index):853 WAITING_4
19:20:35.228 (index):853 WAITING_5
19:20:35.229 (index):853 WAITING_6
19:20:35.234 (index):853 WAITING_7
19:20:35.235 (index):853 WAITING_8
19:20:35.236 (index):853 WAITING_9
19:20:35.237 (index):853 WAITING_10
19:20:35.238 (index):853 WAITING_11
19:20:35.238 (index):853 WAITING_12
19:20:35.239 (index):853 WAITING_13
19:20:35.239 (index):853 WAITING_14
19:20:35.240 (index):853 WAITING_15
19:20:35.240 (index):853 WAITING_16
19:20:35.241 (index):853 WAITING_17
19:20:35.242 (index):835 NODEACCESSREQUESTED_3
19:20:35.242 (index):823 UPDATE_2
19:20:36.227 (index):805 NODEACCESSRELEASED_2
19:20:36.229 (index):823 UPDATE_1
19:20:36.231 (index):823 UPDATE_0
19:20:37.226 (index):853 WAITING_4
19:20:37.228 (index):853 WAITING_5
19:20:37.229 (index):853 WAITING_6
19:20:37.230 (index):853 WAITING_7
19:20:37.231 (index):853 WAITING_8
19:20:37.232 (index):853 WAITING_9
19:20:37.233 (index):853 WAITING_10
19:20:37.234 (index):853 WAITING_11
19:20:37.234 (index):853 WAITING_12
19:20:37.235 (index):853 WAITING_13
19:20:37.235 (index):853 WAITING_14
19:20:37.236 (index):853 WAITING_15
19:20:37.236 (index):853 WAITING_16
19:20:37.237 (index):853 WAITING_17
19:20:37.237 (index):823 UPDATE_3
19:20:37.238 (index):805 NODEACCESSRELEASED_1
19:20:37.239 (index):815 THINKING_0
19:20:38.226 (index):835 NODEACCESSREQUESTED_2
19:20:38.228 (index):805 NODEACCESSRELEASED_3
19:20:39.226 (index):853 WAITING_4
19:20:39.227 (index):853 WAITING_5
19:20:39.228 (index):853 WAITING_6
19:20:39.229 (index):853 WAITING_7
19:20:39.229 (index):853 WAITING_8
19:20:39.230 (index):853 WAITING_9
19:20:39.231 (index):853 WAITING_10
19:20:39.231 (index):853 WAITING_11
19:20:39.232 (index):853 WAITING_12
19:20:39.233 (index):853 WAITING_13
19:20:39.234 (index):853 WAITING_14
19:20:39.235 (index):853 WAITING_15
19:20:39.235 (index):853 WAITING_16
19:20:39.235 (index):853 WAITING_17
19:20:39.236 (index):835 NODEACCESSREQUESTED_1
19:20:40.226 (index):823 UPDATE_2
19:20:40.228 (index):835 NODEACCESSREQUESTED_3
19:20:41.226 (index):853 WAITING_4
19:20:41.228 (index):853 WAITING_5
19:20:41.230 (index):853 WAITING_6
19:20:41.232 (index):853 WAITING_7
19:20:41.234 (index):853 WAITING_8
19:20:41.236 (index):853 WAITING_9
19:20:41.237 (index):853 WAITING_10
19:20:41.238 (index):853 WAITING_11
19:20:41.239 (index):853 WAITING_12
19:20:41.239 (index):853 WAITING_13
19:20:41.240 (index):853 WAITING_14
19:20:41.240 (index):853 WAITING_15
19:20:41.241 (index):853 WAITING_16
19:20:41.242 (index):853 WAITING_17
19:20:41.242 (index):823 UPDATE_1
19:20:41.243 (index):805 NODEACCESSRELEASED_2
19:20:42.226 (index):823 UPDATE_3
19:20:42.228 (index):815 THINKING_1
19:20:42.229 (index):823 UPDATE_0
19:20:43.226 (index):853 WAITING_4
19:20:43.228 (index):853 WAITING_5
19:20:43.229 (index):853 WAITING_6
19:20:43.230 (index):853 WAITING_7
19:20:43.232 (index):853 WAITING_8
19:20:43.233 (index):853 WAITING_9
19:20:43.233 (index):853 WAITING_10
19:20:43.234 (index):853 WAITING_11
19:20:43.234 (index):853 WAITING_12
19:20:43.235 (index):853 WAITING_13
19:20:43.235 (index):853 WAITING_14
19:20:43.236 (index):853 WAITING_15
19:20:43.236 (index):853 WAITING_16
19:20:43.237 (index):853 WAITING_17
19:20:43.237 (index):835 NODEACCESSREQUESTED_2
19:20:43.238 (index):805 NODEACCESSRELEASED_3
19:20:43.238 (index):805 NODEACCESSRELEASED_0
19:20:45.226 (index):853 WAITING_4
19:20:45.228 (index):853 WAITING_5
19:20:45.229 (index):853 WAITING_6
19:20:45.231 (index):853 WAITING_7
19:20:45.232 (index):853 WAITING_8
19:20:45.233 (index):853 WAITING_9
19:20:45.234 (index):853 WAITING_10
19:20:45.234 (index):853 WAITING_11
19:20:45.235 (index):853 WAITING_12
19:20:45.235 (index):853 WAITING_13
19:20:45.236 (index):853 WAITING_14
19:20:45.236 (index):853 WAITING_15
19:20:45.237 (index):853 WAITING_16
19:20:45.237 (index):853 WAITING_17
19:20:45.238 (index):823 UPDATE_2
19:20:45.238 (index):835 NODEACCESSREQUESTED_3
19:20:45.239 (index):835 NODEACCESSREQUESTED_0
19:20:45.239 (index):823 UPDATE_1
19:20:46.226 (index):815 THINKING_2
19:20:46.228 (index):805 NODEACCESSRELEASED_1
19:20:47.227 (index):853 WAITING_4
19:20:47.229 (index):853 WAITING_5
19:20:47.230 (index):853 WAITING_6
19:20:47.231 (index):853 WAITING_7
19:20:47.232 (index):853 WAITING_8
19:20:47.233 (index):853 WAITING_9
19:20:47.234 (index):853 WAITING_10
19:20:47.235 (index):853 WAITING_11
19:20:47.236 (index):853 WAITING_12
19:20:47.237 (index):853 WAITING_13
19:20:47.238 (index):853 WAITING_14
19:20:47.239 (index):853 WAITING_15
19:20:47.239 (index):853 WAITING_16
19:20:47.239 (index):853 WAITING_17
19:20:47.240 (index):823 UPDATE_3
19:20:47.240 (index):823 UPDATE_0
19:20:48.226 (index):835 NODEACCESSREQUESTED_1
19:20:48.229 (index):805 NODEACCESSRELEASED_3
19:20:48.231 (index):815 THINKING_0
19:20:49.226 (index):853 WAITING_4
19:20:49.228 (index):853 WAITING_5
19:20:49.229 (index):853 WAITING_6
19:20:49.230 (index):853 WAITING_7
19:20:49.231 (index):853 WAITING_8
19:20:49.232 (index):853 WAITING_9
19:20:49.232 (index):853 WAITING_10
19:20:49.232 (index):853 WAITING_11
19:20:49.233 (index):853 WAITING_12
19:20:49.233 (index):853 WAITING_13
19:20:49.234 (index):853 WAITING_14
19:20:49.234 (index):853 WAITING_15
19:20:49.235 (index):853 WAITING_16
19:20:49.235 (index):853 WAITING_17
19:20:49.236 (index):823 UPDATE_2
19:20:50.226 (index):823 UPDATE_1
19:20:50.228 (index):835 NODEACCESSREQUESTED_3
19:20:50.229 (index):815 THINKING_2
19:20:51.226 (index):853 WAITING_4
19:20:51.228 (index):853 WAITING_5
19:20:51.229 (index):853 WAITING_6
19:20:51.231 (index):853 WAITING_7
19:20:51.232 (index):853 WAITING_8
19:20:51.234 (index):853 WAITING_9
19:20:51.234 (index):853 WAITING_10
19:20:51.235 (index):853 WAITING_11
19:20:51.236 (index):853 WAITING_12
19:20:51.236 (index):853 WAITING_13
19:20:51.236 (index):853 WAITING_14
19:20:51.237 (index):853 WAITING_15
19:20:51.237 (index):853 WAITING_16
19:20:51.238 (index):853 WAITING_17
19:20:51.238 (index):815 THINKING_1
19:20:51.239 (index):823 UPDATE_0
19:20:52.226 (index):823 UPDATE_3
19:20:52.228 (index):805 NODEACCESSRELEASED_0
19:20:53.227 (index):853 WAITING_4
19:20:53.228 (index):853 WAITING_5
19:20:53.230 (index):853 WAITING_6
19:20:53.231 (index):853 WAITING_7
19:20:53.232 (index):853 WAITING_8
19:20:53.234 (index):853 WAITING_9
19:20:53.235 (index):853 WAITING_10
19:20:53.236 (index):853 WAITING_11
19:20:53.237 (index):853 WAITING_12
19:20:53.237 (index):853 WAITING_13
19:20:53.238 (index):853 WAITING_14
19:20:53.238 (index):853 WAITING_15
19:20:53.239 (index):853 WAITING_16
19:20:53.239 (index):853 WAITING_17
19:20:53.240 (index):805 NODEACCESSRELEASED_3
19:20:53.240 (index):823 UPDATE_2
19:20:54.226 (index):835 NODEACCESSREQUESTED_0
19:20:54.227 (index):815 THINKING_2
19:20:54.228 (index):823 UPDATE_1
19:20:55.226 (index):853 WAITING_4
19:20:55.228 (index):853 WAITING_5
19:20:55.229 (index):853 WAITING_6
19:20:55.230 (index):853 WAITING_7
19:20:55.231 (index):853 WAITING_8
19:20:55.233 (index):853 WAITING_9
19:20:55.234 (index):853 WAITING_10
19:20:55.234 (index):853 WAITING_11
19:20:55.235 (index):853 WAITING_12
19:20:55.235 (index):853 WAITING_13
19:20:55.236 (index):853 WAITING_14
19:20:55.236 (index):853 WAITING_15
19:20:55.237 (index):853 WAITING_16
19:20:55.237 (index):853 WAITING_17
19:20:55.238 (index):835 NODEACCESSREQUESTED_3
19:20:55.238 (index):815 THINKING_1
19:20:56.226 (index):823 UPDATE_0
19:20:57.227 (index):853 WAITING_4
19:20:57.229 (index):853 WAITING_5
19:20:57.230 (index):853 WAITING_6
19:20:57.231 (index):853 WAITING_7
19:20:57.232 (index):853 WAITING_8
19:20:57.234 (index):853 WAITING_9
19:20:57.234 (index):853 WAITING_10
19:20:57.235 (index):853 WAITING_11
19:20:57.235 (index):853 WAITING_12
19:20:57.236 (index):853 WAITING_13
19:20:57.236 (index):853 WAITING_14
19:20:57.237 (index):853 WAITING_15
19:20:57.237 (index):853 WAITING_16
19:20:57.237 (index):853 WAITING_17
19:20:57.238 (index):823 UPDATE_3
19:20:57.238 (index):805 NODEACCESSRELEASED_0
19:20:58.226 (index):815 THINKING_3
19:20:59.227 (index):853 WAITING_4
19:20:59.229 (index):853 WAITING_5
19:20:59.230 (index):853 WAITING_6
19:20:59.231 (index):853 WAITING_7
19:20:59.232 (index):853 WAITING_8
19:20:59.233 (index):853 WAITING_9
19:20:59.234 (index):853 WAITING_10
19:20:59.235 (index):853 WAITING_11
19:20:59.236 (index):853 WAITING_12
19:20:59.237 (index):853 WAITING_13
19:20:59.238 (index):853 WAITING_14
19:20:59.238 (index):853 WAITING_15
19:20:59.239 (index):853 WAITING_16
19:20:59.239 (index):853 WAITING_17
19:20:59.240 (index):835 NODEACCESSREQUESTED_0
19:20:59.240 (index):823 UPDATE_2
19:21:00.226 (index):805 NODEACCESSRELEASED_2
19:21:00.227 (index):823 UPDATE_1
19:21:01.226 (index):853 WAITING_4
19:21:01.228 (index):853 WAITING_5
19:21:01.230 (index):853 WAITING_6
19:21:01.231 (index):853 WAITING_7
19:21:01.232 (index):853 WAITING_8
19:21:01.233 (index):853 WAITING_9
19:21:01.234 (index):853 WAITING_10
19:21:01.234 (index):853 WAITING_11
19:21:01.235 (index):853 WAITING_12
19:21:01.236 (index):853 WAITING_13
19:21:01.236 (index):853 WAITING_14
19:21:01.237 (index):853 WAITING_15
19:21:01.238 (index):853 WAITING_16
19:21:01.239 (index):853 WAITING_17
19:21:01.240 (index):823 UPDATE_0
19:21:01.241 (index):815 THINKING_1
19:21:01.242 (index):823 UPDATE_3
19:21:02.226 (index):835 NODEACCESSREQUESTED_2
19:21:02.228 (index):815 THINKING_0
19:21:02.229 (index):805 NODEACCESSRELEASED_3
19:21:03.226 (index):853 WAITING_4
19:21:03.227 (index):853 WAITING_5
19:21:03.228 (index):853 WAITING_6
19:21:03.229 (index):853 WAITING_7
19:21:03.231 (index):853 WAITING_8
19:21:03.233 (index):853 WAITING_9
19:21:03.234 (index):853 WAITING_10
19:21:03.235 (index):853 WAITING_11
19:21:03.235 (index):853 WAITING_12
19:21:03.236 (index):853 WAITING_13
19:21:03.236 (index):853 WAITING_14
19:21:03.237 (index):853 WAITING_15
19:21:03.237 (index):853 WAITING_16
19:21:03.238 (index):853 WAITING_17
19:21:04.226 (index):823 UPDATE_2
19:21:04.227 (index):835 NODEACCESSREQUESTED_3
19:21:05.226 (index):853 WAITING_4
19:21:05.227 (index):853 WAITING_5
19:21:05.227 (index):853 WAITING_6
19:21:05.228 (index):853 WAITING_7
19:21:05.228 (index):853 WAITING_8
19:21:05.229 (index):853 WAITING_9
19:21:05.229 (index):853 WAITING_10
19:21:05.229 (index):853 WAITING_11
19:21:05.230 (index):853 WAITING_12
19:21:05.231 (index):853 WAITING_13
19:21:05.231 (index):853 WAITING_14
19:21:05.232 (index):853 WAITING_15
19:21:05.233 (index):853 WAITING_16
19:21:05.233 (index):853 WAITING_17
19:21:05.234 (index):805 NODEACCESSRELEASED_2
19:21:06.226 (index):823 UPDATE_3
19:21:06.227 (index):823 UPDATE_1
19:21:06.229 (index):823 UPDATE_0
19:21:07.226 (index):853 WAITING_4
19:21:07.227 (index):853 WAITING_5
19:21:07.228 (index):853 WAITING_6
19:21:07.229 (index):853 WAITING_7
19:21:07.230 (index):853 WAITING_8
19:21:07.231 (index):853 WAITING_9
19:21:07.232 (index):853 WAITING_10
19:21:07.232 (index):853 WAITING_11
19:21:07.233 (index):853 WAITING_12
19:21:07.234 (index):853 WAITING_13
19:21:07.235 (index):853 WAITING_14
19:21:07.236 (index):853 WAITING_15
19:21:07.237 (index):853 WAITING_16
19:21:07.238 (index):853 WAITING_17
19:21:07.238 (index):835 NODEACCESSREQUESTED_2
19:21:07.239 (index):805 NODEACCESSRELEASED_3
19:21:07.240 (index):805 NODEACCESSRELEASED_1
19:21:07.241 (index):805 NODEACCESSRELEASED_0
19:21:09.226 (index):853 WAITING_4
19:21:09.228 (index):853 WAITING_5
19:21:09.229 (index):853 WAITING_6
19:21:09.230 (index):853 WAITING_7
19:21:09.232 (index):853 WAITING_8
19:21:09.233 (index):853 WAITING_9
19:21:09.234 (index):853 WAITING_10
19:21:09.234 (index):853 WAITING_11
19:21:09.235 (index):853 WAITING_12
19:21:09.235 (index):853 WAITING_13
19:21:09.236 (index):853 WAITING_14
19:21:09.237 (index):853 WAITING_15
19:21:09.237 (index):853 WAITING_16
19:21:09.238 (index):853 WAITING_17
19:21:09.239 (index):823 UPDATE_2
19:21:09.239 (index):835 NODEACCESSREQUESTED_3
19:21:09.240 (index):835 NODEACCESSREQUESTED_1
19:21:09.241 (index):835 NODEACCESSREQUESTED_0
19:21:10.226 (index):805 NODEACCESSRELEASED_2
19:21:11.226 (index):853 WAITING_4
19:21:11.228 (index):853 WAITING_5
19:21:11.229 (index):853 WAITING_6
19:21:11.231 (index):853 WAITING_7
19:21:11.232 (index):853 WAITING_8
19:21:11.234 (index):853 WAITING_9
19:21:11.235 (index):853 WAITING_10
19:21:11.236 (index):853 WAITING_11
19:21:11.237 (index):853 WAITING_12
19:21:11.238 (index):853 WAITING_13
19:21:11.238 (index):853 WAITING_14
19:21:11.239 (index):853 WAITING_15
19:21:11.239 (index):853 WAITING_16
19:21:11.239 (index):853 WAITING_17
19:21:11.240 (index):823 UPDATE_3
19:21:11.240 (index):823 UPDATE_1
19:21:11.241 (index):823 UPDATE_0
19:21:12.226 (index):835 NODEACCESSREQUESTED_2
19:21:12.228 (index):815 THINKING_3
19:21:12.229 (index):815 THINKING_1
19:21:12.231 (index):805 NODEACCESSRELEASED_0
19:21:13.228 (index):853 WAITING_4
19:21:13.230 (index):853 WAITING_5
19:21:13.231 (index):853 WAITING_6
19:21:13.231 (index):853 WAITING_7
19:21:13.232 (index):853 WAITING_8
19:21:13.232 (index):853 WAITING_9
19:21:13.233 (index):853 WAITING_10
19:21:13.233 (index):853 WAITING_11
19:21:13.234 (index):853 WAITING_12
19:21:13.234 (index):853 WAITING_13
19:21:13.235 (index):853 WAITING_14
19:21:13.235 (index):853 WAITING_15
19:21:13.235 (index):853 WAITING_16
19:21:13.236 (index):853 WAITING_17
19:21:13.236 (index):823 UPDATE_2
19:21:14.226 (index):835 NODEACCESSREQUESTED_0
19:21:14.228 (index):805 NODEACCESSRELEASED_2
19:21:15.226 (index):853 WAITING_4
19:21:15.227 (index):853 WAITING_5
19:21:15.228 (index):853 WAITING_6
19:21:15.229 (index):853 WAITING_7
19:21:15.230 (index):853 WAITING_8
19:21:15.231 (index):853 WAITING_9
19:21:15.232 (index):853 WAITING_10
19:21:15.232 (index):853 WAITING_11
19:21:15.233 (index):853 WAITING_12
19:21:15.234 (index):853 WAITING_13
19:21:15.234 (index):853 WAITING_14
19:21:15.235 (index):853 WAITING_15
19:21:15.235 (index):853 WAITING_16
19:21:15.236 (index):853 WAITING_17
19:21:15.236 (index):823 UPDATE_1
19:21:15.237 (index):823 UPDATE_3
19:21:16.228 (index):823 UPDATE_0
19:21:16.230 (index):835 NODEACCESSREQUESTED_2
19:21:16.231 (index):805 NODEACCESSRELEASED_1
19:21:16.232 (index):805 NODEACCESSRELEASED_3
19:21:16.233 (index):853 WAITING_4
19:21:16.234 (index):853 WAITING_5
19:21:17.226 (index):853 WAITING_6
19:21:17.228 (index):853 WAITING_7
19:21:17.229 (index):853 WAITING_8
19:21:17.231 (index):853 WAITING_9
19:21:17.232 (index):853 WAITING_10
19:21:17.233 (index):853 WAITING_11
19:21:17.234 (index):853 WAITING_12
19:21:17.235 (index):853 WAITING_13
19:21:17.236 (index):853 WAITING_14
19:21:17.237 (index):853 WAITING_15
19:21:17.238 (index):853 WAITING_16
19:21:17.238 (index):853 WAITING_17
19:21:17.239 (index):805 NODEACCESSRELEASED_0
19:21:18.226 (index):823 UPDATE_2
19:21:18.228 (index):835 NODEACCESSREQUESTED_1
19:21:18.229 (index):835 NODEACCESSREQUESTED_3
19:21:18.231 (index):853 WAITING_4
19:21:18.233 (index):853 WAITING_5
19:21:19.226 (index):853 WAITING_6
19:21:19.227 (index):853 WAITING_7
19:21:19.228 (index):853 WAITING_8
19:21:19.230 (index):853 WAITING_9
19:21:19.230 (index):853 WAITING_10
19:21:19.231 (index):853 WAITING_11
19:21:19.231 (index):853 WAITING_12
19:21:19.231 (index):853 WAITING_13
19:21:19.232 (index):853 WAITING_14
19:21:19.232 (index):853 WAITING_15
19:21:19.233 (index):853 WAITING_16
19:21:19.233 (index):853 WAITING_17
19:21:19.234 (index):835 NODEACCESSREQUESTED_0
19:21:19.234 (index):864 END_2
19:21:20.227 (index):823 UPDATE_1
19:21:20.229 (index):823 UPDATE_3
19:21:20.230 (index):853 WAITING_4
19:21:20.232 (index):853 WAITING_5
19:21:21.228 (index):853 WAITING_6
19:21:21.230 (index):853 WAITING_7
19:21:21.231 (index):853 WAITING_8
19:21:21.234 (index):853 WAITING_9
19:21:21.234 (index):853 WAITING_10
19:21:21.235 (index):853 WAITING_11
19:21:21.235 (index):853 WAITING_12
19:21:21.236 (index):853 WAITING_13
19:21:21.236 (index):853 WAITING_14
19:21:21.236 (index):853 WAITING_15
19:21:21.237 (index):853 WAITING_16
19:21:21.237 (index):853 WAITING_17
19:21:21.238 (index):823 UPDATE_0
19:21:21.238 (index):864 END_1
19:21:21.239 (index):864 END_3
19:21:22.226 (index):853 WAITING_4
19:21:22.228 (index):853 WAITING_5
19:21:22.229 (index):864 END_0
19:21:23.226 (index):853 WAITING_6
19:21:23.228 (index):853 WAITING_7
19:21:23.229 (index):853 WAITING_8
19:21:23.231 (index):853 WAITING_9
19:21:23.232 (index):853 WAITING_10
19:21:23.234 (index):853 WAITING_11
19:21:23.236 (index):853 WAITING_12
19:21:23.237 (index):853 WAITING_13
19:21:23.238 (index):853 WAITING_14
19:21:23.239 (index):853 WAITING_15
19:21:23.240 (index):853 WAITING_16
19:21:23.240 (index):853 WAITING_17
19:21:24.226 (index):805 NODEACCESSRELEASED_4
19:21:24.227 (index):805 NODEACCESSRELEASED_5
19:21:25.227 (index):815 THINKING_6
19:21:25.228 (index):853 WAITING_7
19:21:25.230 (index):853 WAITING_8
19:21:25.231 (index):853 WAITING_9
19:21:25.231 (index):853 WAITING_10
19:21:25.232 (index):853 WAITING_11
19:21:25.233 (index):853 WAITING_12
19:21:25.233 (index):853 WAITING_13
19:21:25.234 (index):853 WAITING_14
19:21:25.234 (index):853 WAITING_15
19:21:25.235 (index):853 WAITING_16
19:21:25.236 (index):853 WAITING_17
19:21:26.226 (index):835 NODEACCESSREQUESTED_4
19:21:26.235 (index):835 NODEACCESSREQUESTED_5
19:21:27.228 (index):853 WAITING_7
19:21:27.230 (index):853 WAITING_8
19:21:27.232 (index):853 WAITING_9
19:21:27.233 (index):853 WAITING_10
19:21:27.235 (index):853 WAITING_11
19:21:27.235 (index):853 WAITING_12
19:21:27.236 (index):853 WAITING_13
19:21:27.236 (index):853 WAITING_14
19:21:27.237 (index):853 WAITING_15
19:21:27.237 (index):853 WAITING_16
19:21:27.237 (index):853 WAITING_17
19:21:28.226 (index):853 WAITING_4
19:21:28.228 (index):853 WAITING_5
19:21:28.231 (index):823 UPDATE_6
19:21:29.227 (index):853 WAITING_7
19:21:29.228 (index):853 WAITING_8
19:21:29.231 (index):853 WAITING_9
19:21:29.233 (index):853 WAITING_10
19:21:29.234 (index):853 WAITING_11
19:21:29.236 (index):853 WAITING_12
19:21:29.237 (index):853 WAITING_13
19:21:29.238 (index):853 WAITING_14
19:21:29.239 (index):853 WAITING_15
19:21:29.239 (index):853 WAITING_16
19:21:29.239 (index):853 WAITING_17
19:21:29.240 (index):805 NODEACCESSRELEASED_6
19:21:30.226 (index):853 WAITING_4
19:21:30.228 (index):853 WAITING_5
19:21:31.227 (index):805 NODEACCESSRELEASED_7
19:21:31.229 (index):815 THINKING_8
19:21:31.230 (index):853 WAITING_9
19:21:31.231 (index):853 WAITING_10
19:21:31.232 (index):853 WAITING_11
19:21:31.233 (index):853 WAITING_12
19:21:31.234 (index):853 WAITING_13
19:21:31.235 (index):853 WAITING_14
19:21:31.235 (index):853 WAITING_15
19:21:31.236 (index):853 WAITING_16
19:21:31.237 (index):853 WAITING_17
19:21:31.238 (index):835 NODEACCESSREQUESTED_6
19:21:32.226 (index):853 WAITING_4
19:21:32.228 (index):853 WAITING_5
19:21:33.227 (index):835 NODEACCESSREQUESTED_7
19:21:33.228 (index):853 WAITING_9
19:21:33.229 (index):853 WAITING_10
19:21:33.231 (index):853 WAITING_11
19:21:33.232 (index):853 WAITING_12
19:21:33.233 (index):853 WAITING_13
19:21:33.234 (index):853 WAITING_14
19:21:33.234 (index):853 WAITING_15
19:21:33.235 (index):853 WAITING_16
19:21:33.235 (index):853 WAITING_17
19:21:33.236 (index):853 WAITING_6
19:21:34.226 (index):853 WAITING_4
19:21:34.228 (index):853 WAITING_5
19:21:34.229 (index):823 UPDATE_8
19:21:35.226 (index):853 WAITING_7
19:21:35.228 (index):853 WAITING_9
19:21:35.229 (index):853 WAITING_10
19:21:35.230 (index):853 WAITING_11
19:21:35.232 (index):853 WAITING_12
19:21:35.233 (index):853 WAITING_13
19:21:35.235 (index):853 WAITING_14
19:21:35.236 (index):853 WAITING_15
19:21:35.237 (index):853 WAITING_16
19:21:35.238 (index):853 WAITING_17
19:21:35.239 (index):853 WAITING_6
19:21:35.240 (index):815 THINKING_8
19:21:36.226 (index):853 WAITING_4
19:21:36.227 (index):853 WAITING_5
19:21:37.226 (index):853 WAITING_7
19:21:37.228 (index):853 WAITING_9
19:21:37.229 (index):853 WAITING_10
19:21:37.230 (index):853 WAITING_11
19:21:37.231 (index):853 WAITING_12
19:21:37.231 (index):853 WAITING_13
19:21:37.232 (index):853 WAITING_14
19:21:37.233 (index):853 WAITING_15
19:21:37.234 (index):853 WAITING_16
19:21:37.234 (index):853 WAITING_17
19:21:37.235 (index):853 WAITING_6
19:21:38.226 (index):853 WAITING_4
19:21:38.228 (index):853 WAITING_5
19:21:39.226 (index):853 WAITING_7
19:21:39.228 (index):853 WAITING_9
19:21:39.229 (index):853 WAITING_10
19:21:39.230 (index):853 WAITING_11
19:21:39.231 (index):853 WAITING_12
19:21:39.232 (index):853 WAITING_13
19:21:39.233 (index):853 WAITING_14
19:21:39.234 (index):853 WAITING_15
19:21:39.234 (index):853 WAITING_16
19:21:39.235 (index):853 WAITING_17
19:21:39.235 (index):853 WAITING_6
19:21:40.226 (index):853 WAITING_4
19:21:40.227 (index):853 WAITING_5
19:21:40.229 (index):823 UPDATE_8
19:21:41.226 (index):853 WAITING_7
19:21:41.227 (index):853 WAITING_9
19:21:41.228 (index):853 WAITING_10
19:21:41.229 (index):853 WAITING_11
19:21:41.230 (index):853 WAITING_12
19:21:41.231 (index):853 WAITING_13
19:21:41.232 (index):853 WAITING_14
19:21:41.234 (index):853 WAITING_15
19:21:41.235 (index):853 WAITING_16
19:21:41.237 (index):853 WAITING_17
19:21:41.238 (index):853 WAITING_6
19:21:41.238 (index):805 NODEACCESSRELEASED_8
19:21:42.226 (index):853 WAITING_4
19:21:42.228 (index):853 WAITING_5
19:21:43.227 (index):853 WAITING_7
19:21:43.228 (index):805 NODEACCESSRELEASED_9
19:21:43.229 (index):805 NODEACCESSRELEASED_10
19:21:43.231 (index):815 THINKING_11
19:21:43.233 (index):853 WAITING_12
19:21:43.234 (index):853 WAITING_13
19:21:43.235 (index):853 WAITING_14
19:21:43.236 (index):853 WAITING_15
19:21:43.237 (index):853 WAITING_16
19:21:43.238 (index):853 WAITING_17
19:21:43.239 (index):853 WAITING_6
19:21:43.240 (index):835 NODEACCESSREQUESTED_8
19:21:44.226 (index):853 WAITING_4
19:21:44.228 (index):853 WAITING_5
19:21:45.226 (index):853 WAITING_7
19:21:45.228 (index):835 NODEACCESSREQUESTED_9
19:21:45.231 (index):835 NODEACCESSREQUESTED_10
19:21:45.232 (index):853 WAITING_12
19:21:45.234 (index):853 WAITING_13
19:21:45.234 (index):853 WAITING_14
19:21:45.235 (index):853 WAITING_15
19:21:45.235 (index):853 WAITING_16
19:21:45.236 (index):853 WAITING_17
19:21:45.236 (index):853 WAITING_6
19:21:45.237 (index):853 WAITING_8
19:21:46.226 (index):853 WAITING_4
19:21:46.227 (index):853 WAITING_5
19:21:46.228 (index):823 UPDATE_11
19:21:47.226 (index):853 WAITING_7
19:21:47.227 (index):853 WAITING_9
19:21:47.228 (index):853 WAITING_10
19:21:47.234 (index):853 WAITING_12
19:21:47.235 (index):853 WAITING_13
19:21:47.237 (index):853 WAITING_14
19:21:47.238 (index):853 WAITING_15
19:21:47.239 (index):853 WAITING_16
19:21:47.239 (index):853 WAITING_17
19:21:47.240 (index):853 WAITING_6
19:21:47.241 (index):853 WAITING_8
19:21:47.241 (index):815 THINKING_11
19:21:48.226 (index):853 WAITING_4
19:21:48.227 (index):853 WAITING_5
19:21:49.226 (index):853 WAITING_7
19:21:49.227 (index):853 WAITING_9
19:21:49.228 (index):853 WAITING_10
19:21:49.229 (index):853 WAITING_12
19:21:49.230 (index):853 WAITING_13
19:21:49.230 (index):853 WAITING_14
19:21:49.231 (index):853 WAITING_15
19:21:49.231 (index):853 WAITING_16
19:21:49.232 (index):853 WAITING_17
19:21:49.232 (index):853 WAITING_6
19:21:49.233 (index):853 WAITING_8
19:21:50.226 (index):853 WAITING_4
19:21:50.227 (index):853 WAITING_5
19:21:51.230 (index):853 WAITING_7
19:21:51.231 (index):853 WAITING_9
19:21:51.232 (index):853 WAITING_10
19:21:51.233 (index):853 WAITING_12
19:21:51.234 (index):853 WAITING_13
19:21:51.235 (index):853 WAITING_14
19:21:51.235 (index):853 WAITING_15
19:21:51.236 (index):853 WAITING_16
19:21:51.236 (index):853 WAITING_17
19:21:51.237 (index):853 WAITING_6
19:21:51.237 (index):853 WAITING_8
19:21:51.238 (index):823 UPDATE_11
19:21:51.238 (index):853 WAITING_4
19:21:51.238 (index):853 WAITING_5
19:21:52.226 (index):805 NODEACCESSRELEASED_11
19:21:53.226 (index):853 WAITING_7
19:21:53.228 (index):853 WAITING_9
19:21:53.229 (index):853 WAITING_10
19:21:53.231 (index):805 NODEACCESSRELEASED_12
19:21:53.232 (index):815 THINKING_13
19:21:53.233 (index):853 WAITING_14
19:21:53.234 (index):853 WAITING_15
19:21:53.235 (index):853 WAITING_16
19:21:53.236 (index):853 WAITING_17
19:21:53.237 (index):853 WAITING_6
19:21:53.238 (index):853 WAITING_8
19:21:53.239 (index):853 WAITING_4
19:21:53.239 (index):853 WAITING_5
19:21:54.226 (index):835 NODEACCESSREQUESTED_11
19:21:55.230 (index):853 WAITING_7
19:21:55.231 (index):853 WAITING_9
19:21:55.232 (index):853 WAITING_10
19:21:55.233 (index):835 NODEACCESSREQUESTED_12
19:21:55.234 (index):853 WAITING_14
19:21:55.235 (index):853 WAITING_15
19:21:55.236 (index):853 WAITING_16
19:21:55.237 (index):853 WAITING_17
19:21:55.238 (index):853 WAITING_6
19:21:55.239 (index):853 WAITING_8
19:21:55.240 (index):853 WAITING_4
19:21:55.241 (index):853 WAITING_5
19:21:55.242 (index):853 WAITING_11
19:21:57.226 (index):853 WAITING_7
19:21:57.228 (index):853 WAITING_9
19:21:57.229 (index):853 WAITING_10
19:21:57.231 (index):853 WAITING_12
19:21:57.233 (index):853 WAITING_14
19:21:57.234 (index):853 WAITING_15
19:21:57.234 (index):853 WAITING_16
19:21:57.235 (index):853 WAITING_17
19:21:57.236 (index):853 WAITING_6
19:21:57.236 (index):853 WAITING_8
19:21:57.237 (index):853 WAITING_4
19:21:57.237 (index):853 WAITING_5
19:21:57.238 (index):853 WAITING_11
19:21:58.227 (index):823 UPDATE_13
19:21:59.230 (index):853 WAITING_7
19:21:59.231 (index):853 WAITING_9
19:21:59.233 (index):853 WAITING_10
19:21:59.234 (index):853 WAITING_12
19:21:59.236 (index):853 WAITING_14
19:21:59.237 (index):853 WAITING_15
19:21:59.238 (index):853 WAITING_16
19:21:59.239 (index):853 WAITING_17
19:21:59.239 (index):853 WAITING_6
19:21:59.240 (index):853 WAITING_8
19:21:59.240 (index):853 WAITING_4
19:21:59.241 (index):853 WAITING_5
19:21:59.242 (index):853 WAITING_11
19:21:59.242 (index):805 NODEACCESSRELEASED_13
19:22:01.226 (index):853 WAITING_7
19:22:01.228 (index):853 WAITING_9
19:22:01.229 (index):853 WAITING_10
19:22:01.230 (index):853 WAITING_12
19:22:01.231 (index):815 THINKING_14
19:22:01.232 (index):853 WAITING_15
19:22:01.232 (index):853 WAITING_16
19:22:01.233 (index):853 WAITING_17
19:22:01.233 (index):853 WAITING_6
19:22:01.234 (index):853 WAITING_8
19:22:01.234 (index):853 WAITING_4
19:22:01.234 (index):853 WAITING_5
19:22:01.235 (index):853 WAITING_11
19:22:01.235 (index):835 NODEACCESSREQUESTED_13
19:22:02.228 (index):853 WAITING_7
19:22:03.227 (index):853 WAITING_9
19:22:03.229 (index):853 WAITING_10
19:22:03.230 (index):853 WAITING_12
19:22:03.232 (index):853 WAITING_15
19:22:03.234 (index):853 WAITING_16
19:22:03.234 (index):853 WAITING_17
19:22:03.235 (index):853 WAITING_6
19:22:03.236 (index):853 WAITING_8
19:22:03.236 (index):853 WAITING_4
19:22:03.237 (index):853 WAITING_5
19:22:03.237 (index):853 WAITING_11
19:22:03.238 (index):853 WAITING_13
19:22:04.226 (index):853 WAITING_7
19:22:05.230 (index):853 WAITING_9
19:22:05.231 (index):853 WAITING_10
19:22:05.233 (index):853 WAITING_12
19:22:05.235 (index):853 WAITING_15
19:22:05.237 (index):853 WAITING_16
19:22:05.238 (index):853 WAITING_17
19:22:05.239 (index):853 WAITING_6
19:22:05.239 (index):853 WAITING_8
19:22:05.240 (index):853 WAITING_4
19:22:05.241 (index):853 WAITING_5
19:22:05.241 (index):853 WAITING_11
19:22:05.242 (index):853 WAITING_13
19:22:05.243 (index):853 WAITING_7
19:22:06.226 (index):823 UPDATE_14
19:22:07.226 (index):853 WAITING_9
19:22:07.227 (index):853 WAITING_10
19:22:07.228 (index):853 WAITING_12
19:22:07.229 (index):853 WAITING_15
19:22:07.231 (index):853 WAITING_16
19:22:07.232 (index):853 WAITING_17
19:22:07.233 (index):853 WAITING_6
19:22:07.234 (index):853 WAITING_8
19:22:07.235 (index):853 WAITING_4
19:22:07.236 (index):853 WAITING_5
19:22:07.237 (index):853 WAITING_11
19:22:07.239 (index):853 WAITING_13
19:22:07.240 (index):853 WAITING_7
19:22:07.241 (index):805 NODEACCESSRELEASED_14
19:22:08.227 (index):853 WAITING_9
19:22:08.229 (index):853 WAITING_10
19:22:08.229 (index):853 WAITING_12
19:22:08.231 (index):815 THINKING_15
19:22:08.232 (index):853 WAITING_16
19:22:08.233 (index):853 WAITING_17
19:22:08.234 (index):853 WAITING_6
19:22:08.235 (index):853 WAITING_8
19:22:08.236 (index):853 WAITING_4
19:22:08.237 (index):853 WAITING_5
19:22:08.239 (index):853 WAITING_11
19:22:08.240 (index):853 WAITING_13
19:22:08.241 (index):853 WAITING_7
19:22:08.242 (index):835 NODEACCESSREQUESTED_14
19:22:09.228 (index):853 WAITING_9
19:22:09.230 (index):853 WAITING_10
19:22:09.231 (index):853 WAITING_12
19:22:09.233 (index):853 WAITING_16
19:22:09.234 (index):853 WAITING_17
19:22:09.235 (index):853 WAITING_6
19:22:09.235 (index):853 WAITING_8
19:22:09.236 (index):853 WAITING_4
19:22:09.238 (index):853 WAITING_5
19:22:09.239 (index):853 WAITING_11
19:22:09.240 (index):853 WAITING_13
19:22:09.242 (index):853 WAITING_7
19:22:09.243 (index):853 WAITING_14
19:22:10.230 (index):853 WAITING_9
19:22:10.231 (index):853 WAITING_10
19:22:10.232 (index):853 WAITING_12
19:22:10.234 (index):853 WAITING_16
19:22:10.235 (index):853 WAITING_17
19:22:10.236 (index):853 WAITING_6
19:22:10.237 (index):853 WAITING_8
19:22:10.238 (index):853 WAITING_4
19:22:10.239 (index):853 WAITING_5
19:22:10.240 (index):853 WAITING_11
19:22:10.241 (index):853 WAITING_13
19:22:10.242 (index):853 WAITING_7
19:22:10.243 (index):853 WAITING_14
19:22:11.231 (index):853 WAITING_9
19:22:11.232 (index):853 WAITING_10
19:22:11.233 (index):853 WAITING_12
19:22:11.235 (index):853 WAITING_16
19:22:11.236 (index):853 WAITING_17
19:22:11.237 (index):853 WAITING_6
19:22:11.238 (index):853 WAITING_8
19:22:11.239 (index):853 WAITING_4
19:22:11.240 (index):853 WAITING_5
19:22:11.241 (index):853 WAITING_11
19:22:11.242 (index):853 WAITING_13
19:22:11.243 (index):853 WAITING_7
19:22:11.245 (index):853 WAITING_14
19:22:11.685 (index):823 UPDATE_15
19:22:11.786 (index):805 NODEACCESSRELEASED_15
19:22:12.232 (index):853 WAITING_9
19:22:12.233 (index):853 WAITING_10
19:22:12.234 (index):853 WAITING_12
19:22:12.236 (index):815 THINKING_16
19:22:12.237 (index):853 WAITING_17
19:22:12.238 (index):853 WAITING_6
19:22:12.239 (index):853 WAITING_8
19:22:12.240 (index):853 WAITING_4
19:22:12.240 (index):853 WAITING_5
19:22:12.241 (index):853 WAITING_11
19:22:12.242 (index):853 WAITING_13
19:22:12.244 (index):853 WAITING_7
19:22:12.245 (index):853 WAITING_14
19:22:12.788 (index):835 NODEACCESSREQUESTED_15
19:22:13.233 (index):853 WAITING_9
19:22:13.234 (index):853 WAITING_10
19:22:13.236 (index):853 WAITING_12
19:22:13.238 (index):853 WAITING_17
19:22:13.240 (index):853 WAITING_6
19:22:13.241 (index):853 WAITING_8
19:22:13.242 (index):853 WAITING_4
19:22:13.243 (index):853 WAITING_5
19:22:13.244 (index):853 WAITING_11
19:22:13.244 (index):853 WAITING_13
19:22:13.245 (index):853 WAITING_7
19:22:13.246 (index):853 WAITING_14
19:22:13.789 (index):853 WAITING_15
19:22:14.235 (index):853 WAITING_9
19:22:14.236 (index):853 WAITING_10
19:22:14.237 (index):853 WAITING_12
19:22:14.240 (index):853 WAITING_17
19:22:14.241 (index):853 WAITING_6
19:22:14.242 (index):853 WAITING_8
19:22:14.243 (index):853 WAITING_4
19:22:14.244 (index):853 WAITING_5
19:22:14.244 (index):853 WAITING_11
19:22:14.245 (index):853 WAITING_13
19:22:14.246 (index):853 WAITING_7
19:22:14.247 (index):853 WAITING_14
19:22:14.518 (index):823 UPDATE_16
19:22:14.619 (index):805 NODEACCESSRELEASED_16
19:22:14.790 (index):853 WAITING_15
19:22:15.236 (index):853 WAITING_9
19:22:15.237 (index):853 WAITING_10
19:22:15.238 (index):853 WAITING_12
19:22:15.240 (index):805 NODEACCESSRELEASED_17
19:22:15.242 (index):853 WAITING_6
19:22:15.243 (index):853 WAITING_8
19:22:15.244 (index):823 UPDATE_4
19:22:15.246 (index):853 WAITING_5
19:22:15.246 (index):853 WAITING_11
19:22:15.247 (index):853 WAITING_13
19:22:15.248 (index):853 WAITING_7
19:22:15.249 (index):853 WAITING_14
19:22:15.346 (index):805 NODEACCESSRELEASED_4
19:22:15.621 (index):835 NODEACCESSREQUESTED_16
19:22:15.792 (index):853 WAITING_15
19:22:16.237 (index):853 WAITING_9
19:22:16.238 (index):853 WAITING_10
19:22:16.240 (index):853 WAITING_12
19:22:16.242 (index):835 NODEACCESSREQUESTED_17
19:22:16.243 (index):853 WAITING_6
19:22:16.245 (index):853 WAITING_8
19:22:16.246 (index):823 UPDATE_5
19:22:16.247 (index):853 WAITING_11
19:22:16.248 (index):853 WAITING_13
19:22:16.249 (index):853 WAITING_7
19:22:16.249 (index):853 WAITING_14
19:22:16.347 (index):835 NODEACCESSREQUESTED_4
19:22:16.348 (index):815 THINKING_5
19:22:16.621 (index):823 UPDATE_16
19:22:16.723 (index):805 NODEACCESSRELEASED_16
19:22:16.793 (index):853 WAITING_15
19:22:17.238 (index):853 WAITING_9
19:22:17.240 (index):853 WAITING_10
19:22:17.241 (index):853 WAITING_12
19:22:17.243 (index):823 UPDATE_17
19:22:17.245 (index):853 WAITING_6
19:22:17.246 (index):853 WAITING_8
19:22:17.248 (index):853 WAITING_11
19:22:17.249 (index):853 WAITING_13
19:22:17.250 (index):853 WAITING_7
19:22:17.250 (index):853 WAITING_14
19:22:17.345 (index):805 NODEACCESSRELEASED_17
19:22:17.348 (index):823 UPDATE_4
19:22:17.449 (index):805 NODEACCESSRELEASED_4
19:22:17.724 (index):835 NODEACCESSREQUESTED_16
19:22:17.794 (index):853 WAITING_15
19:22:18.240 (index):853 WAITING_9
19:22:18.241 (index):853 WAITING_10
19:22:18.243 (index):853 WAITING_12
19:22:18.246 (index):853 WAITING_6
19:22:18.247 (index):853 WAITING_8
19:22:18.249 (index):853 WAITING_11
19:22:18.250 (index):853 WAITING_13
19:22:18.251 (index):853 WAITING_7
19:22:18.252 (index):853 WAITING_14
19:22:18.346 (index):835 NODEACCESSREQUESTED_17
19:22:18.451 (index):835 NODEACCESSREQUESTED_4
19:22:18.726 (index):823 UPDATE_16
19:22:18.763 (index):823 UPDATE_5
19:22:18.795 (index):853 WAITING_15
19:22:18.827 (index):805 NODEACCESSRELEASED_16
19:22:18.865 (index):805 NODEACCESSRELEASED_5
19:22:19.241 (index):853 WAITING_9
19:22:19.242 (index):853 WAITING_10
19:22:19.244 (index):853 WAITING_12
19:22:19.247 (index):823 UPDATE_6
19:22:19.248 (index):853 WAITING_8
19:22:19.250 (index):853 WAITING_11
19:22:19.251 (index):853 WAITING_13
19:22:19.252 (index):853 WAITING_7
19:22:19.253 (index):853 WAITING_14
19:22:19.347 (index):823 UPDATE_17
19:22:19.349 (index):805 NODEACCESSRELEASED_6
19:22:19.449 (index):805 NODEACCESSRELEASED_17
19:22:19.452 (index):823 UPDATE_4
19:22:19.553 (index):805 NODEACCESSRELEASED_4
19:22:19.796 (index):853 WAITING_15
19:22:19.828 (index):835 NODEACCESSREQUESTED_16
19:22:19.866 (index):835 NODEACCESSREQUESTED_5
19:22:20.242 (index):853 WAITING_9
19:22:20.244 (index):853 WAITING_10
19:22:20.245 (index):853 WAITING_12
19:22:20.249 (index):853 WAITING_8
19:22:20.251 (index):853 WAITING_11
19:22:20.252 (index):853 WAITING_13
19:22:20.253 (index):823 UPDATE_7
19:22:20.254 (index):853 WAITING_14
19:22:20.349 (index):835 NODEACCESSREQUESTED_6
19:22:20.354 (index):805 NODEACCESSRELEASED_7
19:22:20.449 (index):835 NODEACCESSREQUESTED_17
19:22:20.554 (index):835 NODEACCESSREQUESTED_4
19:22:20.797 (index):853 WAITING_15
19:22:20.829 (index):823 UPDATE_16
19:22:20.868 (index):823 UPDATE_5
19:22:20.930 (index):815 THINKING_16
19:22:20.969 (index):815 THINKING_5
19:22:21.244 (index):853 WAITING_9
19:22:21.245 (index):853 WAITING_10
19:22:21.245 (index):853 WAITING_12
19:22:21.250 (index):823 UPDATE_8
19:22:21.252 (index):853 WAITING_11
19:22:21.253 (index):853 WAITING_13
19:22:21.255 (index):853 WAITING_14
19:22:21.351 (index):823 UPDATE_6
19:22:21.351 (index):815 THINKING_8
19:22:21.355 (index):835 NODEACCESSREQUESTED_7
19:22:21.450 (index):853 WAITING_17
19:22:21.451 (index):805 NODEACCESSRELEASED_6
19:22:21.555 (index):853 WAITING_4
19:22:21.798 (index):853 WAITING_15
19:22:22.244 (index):853 WAITING_9
19:22:22.246 (index):853 WAITING_10
19:22:22.247 (index):853 WAITING_12
19:22:22.252 (index):853 WAITING_11
19:22:22.253 (index):853 WAITING_13
19:22:22.255 (index):853 WAITING_14
19:22:22.356 (index):853 WAITING_7
19:22:22.451 (index):853 WAITING_17
19:22:22.452 (index):835 NODEACCESSREQUESTED_6
19:22:22.555 (index):853 WAITING_4
19:22:22.799 (index):853 WAITING_15
19:22:23.246 (index):853 WAITING_9
19:22:23.247 (index):853 WAITING_10
19:22:23.248 (index):853 WAITING_12
19:22:23.253 (index):853 WAITING_11
19:22:23.254 (index):853 WAITING_13
19:22:23.256 (index):853 WAITING_14
19:22:23.357 (index):853 WAITING_7
19:22:23.452 (index):853 WAITING_17
19:22:23.453 (index):823 UPDATE_6
19:22:23.554 (index):805 NODEACCESSRELEASED_6
19:22:23.557 (index):853 WAITING_4
19:22:23.800 (index):853 WAITING_15
19:22:24.109 (index):823 UPDATE_5
19:22:24.210 (index):805 NODEACCESSRELEASED_5
19:22:24.247 (index):853 WAITING_9
19:22:24.248 (index):853 WAITING_10
19:22:24.249 (index):853 WAITING_12
19:22:24.254 (index):853 WAITING_11
19:22:24.256 (index):853 WAITING_13
19:22:24.257 (index):853 WAITING_14
19:22:24.358 (index):853 WAITING_7
19:22:24.453 (index):853 WAITING_17
19:22:24.556 (index):835 NODEACCESSREQUESTED_6
19:22:24.558 (index):853 WAITING_4
19:22:24.801 (index):853 WAITING_15
19:22:24.957 (index):823 UPDATE_16
19:22:25.058 (index):815 THINKING_16
19:22:25.211 (index):835 NODEACCESSREQUESTED_5
19:22:25.248 (index):853 WAITING_9
19:22:25.249 (index):853 WAITING_10
19:22:25.251 (index):853 WAITING_12
19:22:25.256 (index):853 WAITING_11
19:22:25.257 (index):853 WAITING_13
19:22:25.258 (index):853 WAITING_14
19:22:25.360 (index):853 WAITING_7
19:22:25.455 (index):853 WAITING_17
19:22:25.557 (index):823 UPDATE_6
19:22:25.558 (index):853 WAITING_4
19:22:25.658 (index):805 NODEACCESSRELEASED_6
19:22:25.802 (index):853 WAITING_15
19:22:25.874 (index):823 UPDATE_8
19:22:25.975 (index):805 NODEACCESSRELEASED_8
19:22:26.212 (index):823 UPDATE_5
19:22:26.250 (index):823 UPDATE_9
19:22:26.251 (index):853 WAITING_10
19:22:26.252 (index):853 WAITING_12
19:22:26.257 (index):853 WAITING_11
19:22:26.258 (index):853 WAITING_13
19:22:26.259 (index):853 WAITING_14
19:22:26.313 (index):815 THINKING_5
19:22:26.351 (index):815 THINKING_9
19:22:26.361 (index):853 WAITING_7
19:22:26.456 (index):853 WAITING_17
19:22:26.559 (index):853 WAITING_4
19:22:26.660 (index):835 NODEACCESSREQUESTED_6
19:22:26.804 (index):853 WAITING_15
19:22:26.976 (index):835 NODEACCESSREQUESTED_8
19:22:27.252 (index):853 WAITING_10
19:22:27.253 (index):853 WAITING_12
19:22:27.258 (index):853 WAITING_11
19:22:27.259 (index):853 WAITING_13
19:22:27.260 (index):853 WAITING_14
19:22:27.362 (index):853 WAITING_7
19:22:27.457 (index):853 WAITING_17
19:22:27.561 (index):853 WAITING_4
19:22:27.661 (index):823 UPDATE_6
19:22:27.686 (index):823 UPDATE_16
19:22:27.762 (index):815 THINKING_6
19:22:27.787 (index):815 THINKING_16
19:22:27.805 (index):853 WAITING_15
19:22:27.977 (index):853 WAITING_8
19:22:28.253 (index):853 WAITING_10
19:22:28.255 (index):853 WAITING_12
19:22:28.259 (index):853 WAITING_11
19:22:28.260 (index):853 WAITING_13
19:22:28.261 (index):853 WAITING_14
19:22:28.363 (index):853 WAITING_7
19:22:28.458 (index):853 WAITING_17
19:22:28.563 (index):853 WAITING_4
19:22:28.806 (index):853 WAITING_15
19:22:28.978 (index):853 WAITING_8
19:22:29.254 (index):853 WAITING_10
19:22:29.255 (index):853 WAITING_12
19:22:29.260 (index):853 WAITING_11
19:22:29.261 (index):853 WAITING_13
19:22:29.262 (index):853 WAITING_14
19:22:29.364 (index):853 WAITING_7
19:22:29.459 (index):853 WAITING_17
19:22:29.564 (index):853 WAITING_4
19:22:29.808 (index):853 WAITING_15
19:22:29.979 (index):853 WAITING_8
19:22:30.034 (index):823 UPDATE_6
19:22:30.135 (index):815 THINKING_6
19:22:30.219 (index):823 UPDATE_16
19:22:30.256 (index):853 WAITING_10
19:22:30.257 (index):853 WAITING_12
19:22:30.261 (index):853 WAITING_11
19:22:30.262 (index):853 WAITING_13
19:22:30.263 (index):853 WAITING_14
19:22:30.320 (index):805 NODEACCESSRELEASED_16
19:22:30.365 (index):853 WAITING_7
19:22:30.461 (index):853 WAITING_17
19:22:30.565 (index):853 WAITING_4
19:22:30.809 (index):853 WAITING_15
19:22:30.863 (index):823 UPDATE_9
19:22:30.896 (index):823 UPDATE_5
19:22:30.964 (index):815 THINKING_9
19:22:30.980 (index):853 WAITING_8
19:22:30.997 (index):815 THINKING_5
19:22:31.257 (index):853 WAITING_10
19:22:31.258 (index):853 WAITING_12
19:22:31.262 (index):853 WAITING_11
19:22:31.263 (index):853 WAITING_13
19:22:31.265 (index):853 WAITING_14
19:22:31.321 (index):835 NODEACCESSREQUESTED_16
19:22:31.367 (index):853 WAITING_7
19:22:31.462 (index):853 WAITING_17
19:22:31.566 (index):853 WAITING_4
19:22:31.811 (index):853 WAITING_15
19:22:31.981 (index):853 WAITING_8
19:22:32.258 (index):853 WAITING_10
19:22:32.260 (index):853 WAITING_12
19:22:32.264 (index):853 WAITING_11
19:22:32.265 (index):853 WAITING_13
19:22:32.266 (index):853 WAITING_14
19:22:32.323 (index):823 UPDATE_16
19:22:32.368 (index):853 WAITING_7
19:22:32.424 (index):815 THINKING_16
19:22:32.463 (index):853 WAITING_17
19:22:32.568 (index):853 WAITING_4
19:22:32.812 (index):853 WAITING_15
19:22:32.983 (index):853 WAITING_8
19:22:33.039 (index):823 UPDATE_5
19:22:33.089 (index):823 UPDATE_6
19:22:33.140 (index):805 NODEACCESSRELEASED_5
19:22:33.190 (index):805 NODEACCESSRELEASED_6
19:22:33.260 (index):853 WAITING_10
19:22:33.261 (index):853 WAITING_12
19:22:33.265 (index):853 WAITING_11
19:22:33.266 (index):853 WAITING_13
19:22:33.267 (index):853 WAITING_14
19:22:33.369 (index):853 WAITING_7
19:22:33.370 (index):823 UPDATE_9
19:22:33.464 (index):853 WAITING_17
19:22:33.471 (index):805 NODEACCESSRELEASED_9
19:22:33.569 (index):853 WAITING_4
19:22:33.813 (index):853 WAITING_15
19:22:33.983 (index):853 WAITING_8
19:22:34.141 (index):835 NODEACCESSREQUESTED_5
19:22:34.191 (index):835 NODEACCESSREQUESTED_6
19:22:34.261 (index):823 UPDATE_10
19:22:34.262 (index):853 WAITING_12
19:22:34.266 (index):853 WAITING_11
19:22:34.267 (index):853 WAITING_13
19:22:34.268 (index):853 WAITING_14
19:22:34.362 (index):815 THINKING_10
19:22:34.370 (index):853 WAITING_7
19:22:34.465 (index):853 WAITING_17
19:22:34.472 (index):835 NODEACCESSREQUESTED_9
19:22:34.570 (index):853 WAITING_4
19:22:34.814 (index):853 WAITING_15
19:22:34.984 (index):853 WAITING_8
19:22:35.142 (index):823 UPDATE_5
19:22:35.192 (index):823 UPDATE_6
19:22:35.243 (index):815 THINKING_5
19:22:35.263 (index):853 WAITING_12
19:22:35.267 (index):853 WAITING_11
19:22:35.268 (index):853 WAITING_13
19:22:35.269 (index):853 WAITING_14
19:22:35.294 (index):805 NODEACCESSRELEASED_6
19:22:35.371 (index):853 WAITING_7
19:22:35.466 (index):853 WAITING_17
19:22:35.473 (index):853 WAITING_9
19:22:35.572 (index):853 WAITING_4
19:22:35.815 (index):853 WAITING_15
19:22:35.986 (index):853 WAITING_8
19:22:36.264 (index):853 WAITING_12
19:22:36.268 (index):853 WAITING_11
19:22:36.269 (index):853 WAITING_13
19:22:36.270 (index):853 WAITING_14
19:22:36.294 (index):835 NODEACCESSREQUESTED_6
19:22:36.372 (index):853 WAITING_7
19:22:36.414 (index):823 UPDATE_10
19:22:36.468 (index):853 WAITING_17
19:22:36.474 (index):853 WAITING_9
19:22:36.515 (index):805 NODEACCESSRELEASED_10
19:22:36.573 (index):853 WAITING_4
19:22:36.817 (index):853 WAITING_15
19:22:36.987 (index):853 WAITING_8
19:22:37.017 (index):823 UPDATE_16
19:22:37.118 (index):805 NODEACCESSRELEASED_16
19:22:37.265 (index):853 WAITING_12
19:22:37.269 (index):823 UPDATE_11
19:22:37.270 (index):853 WAITING_13
19:22:37.271 (index):853 WAITING_14
19:22:37.296 (index):823 UPDATE_6
19:22:37.369 (index):805 NODEACCESSRELEASED_11
19:22:37.374 (index):853 WAITING_7
19:22:37.397 (index):805 NODEACCESSRELEASED_6
19:22:37.469 (index):853 WAITING_17
19:22:37.475 (index):853 WAITING_9
19:22:37.516 (index):835 NODEACCESSREQUESTED_10
19:22:37.574 (index):853 WAITING_4
19:22:37.818 (index):853 WAITING_15
19:22:37.988 (index):853 WAITING_8
19:22:38.119 (index):835 NODEACCESSREQUESTED_16
19:22:38.266 (index):823 UPDATE_12
19:22:38.271 (index):853 WAITING_13
19:22:38.272 (index):853 WAITING_14
19:22:38.367 (index):805 NODEACCESSRELEASED_12
19:22:38.370 (index):835 NODEACCESSREQUESTED_11
19:22:38.374 (index):853 WAITING_7
19:22:38.398 (index):835 NODEACCESSREQUESTED_6
19:22:38.470 (index):853 WAITING_17
19:22:38.476 (index):853 WAITING_9
19:22:38.517 (index):823 UPDATE_10
19:22:38.575 (index):853 WAITING_4
19:22:38.618 (index):815 THINKING_10
19:22:38.819 (index):853 WAITING_15
19:22:38.990 (index):853 WAITING_8
19:22:39.120 (index):823 UPDATE_16
19:22:39.221 (index):815 THINKING_16
19:22:39.272 (index):823 UPDATE_13
19:22:39.273 (index):853 WAITING_14
19:22:39.369 (index):835 NODEACCESSREQUESTED_12
19:22:39.371 (index):853 WAITING_11
19:22:39.373 (index):805 NODEACCESSRELEASED_13
19:22:39.375 (index):853 WAITING_7
19:22:39.399 (index):853 WAITING_6
19:22:39.471 (index):853 WAITING_17
19:22:39.477 (index):853 WAITING_9
19:22:39.576 (index):853 WAITING_4
19:22:39.821 (index):853 WAITING_15
19:22:39.991 (index):853 WAITING_8
19:22:40.178 (index):823 UPDATE_5
19:22:40.274 (index):823 UPDATE_14
19:22:40.279 (index):805 NODEACCESSRELEASED_5
19:22:40.370 (index):853 WAITING_12
19:22:40.373 (index):853 WAITING_11
19:22:40.374 (index):835 NODEACCESSREQUESTED_13
19:22:40.375 (index):815 THINKING_14
19:22:40.377 (index):853 WAITING_7
19:22:40.400 (index):853 WAITING_6
19:22:40.472 (index):853 WAITING_17
19:22:40.478 (index):853 WAITING_9
19:22:40.577 (index):853 WAITING_4
19:22:40.822 (index):853 WAITING_15
19:22:40.992 (index):853 WAITING_8
19:22:41.279 (index):835 NODEACCESSREQUESTED_5
19:22:41.371 (index):853 WAITING_12
19:22:41.373 (index):853 WAITING_11
19:22:41.375 (index):823 UPDATE_13
19:22:41.378 (index):853 WAITING_7
19:22:41.401 (index):853 WAITING_6
19:22:41.474 (index):853 WAITING_17
19:22:41.476 (index):805 NODEACCESSRELEASED_13
19:22:41.479 (index):853 WAITING_9
19:22:41.578 (index):853 WAITING_4
19:22:41.595 (index):823 UPDATE_10
19:22:41.697 (index):805 NODEACCESSRELEASED_10
19:22:41.823 (index):853 WAITING_15
19:22:41.955 (index):823 UPDATE_16
19:22:41.993 (index):853 WAITING_8
19:22:42.055 (index):805 NODEACCESSRELEASED_16
19:22:43.226 (index):853 WAITING_5
19:22:43.228 (index):853 WAITING_12
19:22:43.229 (index):853 WAITING_11
19:22:43.231 (index):853 WAITING_7
19:22:43.232 (index):853 WAITING_6
19:22:43.233 (index):853 WAITING_17
19:22:43.234 (index):835 NODEACCESSREQUESTED_13
19:22:43.235 (index):853 WAITING_9
19:22:43.237 (index):853 WAITING_4
19:22:43.239 (index):835 NODEACCESSREQUESTED_10
19:22:43.240 (index):853 WAITING_15
19:22:43.241 (index):853 WAITING_8
19:22:43.242 (index):835 NODEACCESSREQUESTED_16
19:22:44.226 (index):823 UPDATE_14
19:22:45.226 (index):853 WAITING_5
19:22:45.227 (index):853 WAITING_12
19:22:45.228 (index):853 WAITING_11
19:22:45.230 (index):853 WAITING_7
19:22:45.231 (index):853 WAITING_6
19:22:45.233 (index):853 WAITING_17
19:22:45.234 (index):823 UPDATE_13
19:22:45.235 (index):853 WAITING_9
19:22:45.235 (index):853 WAITING_4
19:22:45.236 (index):823 UPDATE_10
19:22:45.237 (index):853 WAITING_15
19:22:45.237 (index):853 WAITING_8
19:22:45.238 (index):823 UPDATE_16
19:22:45.239 (index):805 NODEACCESSRELEASED_14
19:22:46.227 (index):805 NODEACCESSRELEASED_13
19:22:46.228 (index):815 THINKING_10
19:22:46.228 (index):805 NODEACCESSRELEASED_16
19:22:47.227 (index):853 WAITING_5
19:22:47.228 (index):853 WAITING_12
19:22:47.229 (index):853 WAITING_11
19:22:47.229 (index):853 WAITING_7
19:22:47.230 (index):853 WAITING_6
19:22:47.231 (index):853 WAITING_17
19:22:47.232 (index):853 WAITING_9
19:22:47.233 (index):853 WAITING_4
19:22:47.234 (index):823 UPDATE_15
19:22:47.235 (index):853 WAITING_8
19:22:47.236 (index):835 NODEACCESSREQUESTED_14
19:22:48.226 (index):835 NODEACCESSREQUESTED_13
19:22:48.227 (index):835 NODEACCESSREQUESTED_16
19:22:48.227 (index):805 NODEACCESSRELEASED_15
19:22:49.226 (index):853 WAITING_5
19:22:49.227 (index):853 WAITING_12
19:22:49.228 (index):853 WAITING_11
19:22:49.229 (index):853 WAITING_7
19:22:49.230 (index):853 WAITING_6
19:22:49.231 (index):853 WAITING_17
19:22:49.231 (index):853 WAITING_9
19:22:49.232 (index):853 WAITING_4
19:22:49.232 (index):853 WAITING_8
19:22:49.233 (index):823 UPDATE_14
19:22:50.226 (index):823 UPDATE_13
19:22:50.228 (index):853 WAITING_16
19:22:50.230 (index):835 NODEACCESSREQUESTED_15
19:22:50.231 (index):805 NODEACCESSRELEASED_14
19:22:51.227 (index):853 WAITING_5
19:22:51.228 (index):853 WAITING_12
19:22:51.228 (index):853 WAITING_11
19:22:51.229 (index):853 WAITING_7
19:22:51.230 (index):853 WAITING_6
19:22:51.230 (index):853 WAITING_17
19:22:51.231 (index):853 WAITING_9
19:22:51.231 (index):853 WAITING_4
19:22:51.231 (index):853 WAITING_8
19:22:51.232 (index):805 NODEACCESSRELEASED_13
19:22:51.232 (index):823 UPDATE_10
19:22:52.226 (index):853 WAITING_16
19:22:52.227 (index):823 UPDATE_15
19:22:52.228 (index):835 NODEACCESSREQUESTED_14
19:22:52.228 (index):805 NODEACCESSRELEASED_10
19:22:53.226 (index):853 WAITING_5
19:22:53.228 (index):853 WAITING_12
19:22:53.229 (index):853 WAITING_11
19:22:53.234 (index):853 WAITING_7
19:22:53.235 (index):853 WAITING_6
19:22:53.236 (index):853 WAITING_17
19:22:53.237 (index):853 WAITING_9
19:22:53.238 (index):853 WAITING_4
19:22:53.239 (index):853 WAITING_8
19:22:53.239 (index):835 NODEACCESSREQUESTED_13
19:22:53.240 (index):815 THINKING_15
19:22:54.226 (index):853 WAITING_16
19:22:54.227 (index):823 UPDATE_14
19:22:54.228 (index):835 NODEACCESSREQUESTED_10
19:22:55.226 (index):853 WAITING_5
19:22:55.228 (index):853 WAITING_12
19:22:55.229 (index):853 WAITING_11
19:22:55.230 (index):853 WAITING_7
19:22:55.230 (index):853 WAITING_6
19:22:55.231 (index):853 WAITING_17
19:22:55.231 (index):853 WAITING_9
19:22:55.232 (index):853 WAITING_4
19:22:55.232 (index):853 WAITING_8
19:22:55.233 (index):823 UPDATE_13
19:22:55.233 (index):805 NODEACCESSRELEASED_14
19:22:56.226 (index):853 WAITING_16
19:22:56.227 (index):823 UPDATE_10
19:22:56.228 (index):805 NODEACCESSRELEASED_13
19:22:57.226 (index):853 WAITING_5
19:22:57.227 (index):853 WAITING_12
19:22:57.228 (index):853 WAITING_11
19:22:57.228 (index):853 WAITING_7
19:22:57.229 (index):853 WAITING_6
19:22:57.229 (index):853 WAITING_17
19:22:57.230 (index):853 WAITING_9
19:22:57.231 (index):853 WAITING_4
19:22:57.232 (index):853 WAITING_8
19:22:57.233 (index):835 NODEACCESSREQUESTED_14
19:22:57.234 (index):815 THINKING_10
19:22:58.226 (index):853 WAITING_16
19:22:58.228 (index):835 NODEACCESSREQUESTED_13
19:22:58.229 (index):823 UPDATE_15
19:22:59.226 (index):853 WAITING_5
19:22:59.227 (index):853 WAITING_12
19:22:59.229 (index):853 WAITING_11
19:22:59.230 (index):853 WAITING_7
19:22:59.231 (index):853 WAITING_6
19:22:59.232 (index):853 WAITING_17
19:22:59.234 (index):853 WAITING_9
19:22:59.235 (index):853 WAITING_4
19:22:59.236 (index):853 WAITING_8
19:22:59.237 (index):823 UPDATE_14
19:22:59.238 (index):815 THINKING_15
19:23:00.226 (index):853 WAITING_16
19:23:00.227 (index):823 UPDATE_13
19:23:00.228 (index):805 NODEACCESSRELEASED_14
19:23:01.226 (index):853 WAITING_5
19:23:01.227 (index):853 WAITING_12
19:23:01.227 (index):853 WAITING_11
19:23:01.228 (index):853 WAITING_7
19:23:01.228 (index):853 WAITING_6
19:23:01.229 (index):853 WAITING_17
19:23:01.229 (index):853 WAITING_9
19:23:01.230 (index):853 WAITING_4
19:23:01.231 (index):853 WAITING_8
19:23:01.231 (index):805 NODEACCESSRELEASED_13
19:23:01.233 (index):823 UPDATE_10
19:23:02.227 (index):853 WAITING_16
19:23:02.228 (index):835 NODEACCESSREQUESTED_14
19:23:02.229 (index):805 NODEACCESSRELEASED_10
19:23:02.230 (index):823 UPDATE_15
19:23:02.230 (index):853 WAITING_5
19:23:02.231 (index):853 WAITING_12
19:23:03.226 (index):853 WAITING_11
19:23:03.227 (index):853 WAITING_7
19:23:03.227 (index):853 WAITING_6
19:23:03.228 (index):853 WAITING_17
19:23:03.228 (index):853 WAITING_9
19:23:03.229 (index):853 WAITING_4
19:23:03.229 (index):853 WAITING_8
19:23:03.230 (index):835 NODEACCESSREQUESTED_13
19:23:03.231 (index):805 NODEACCESSRELEASED_15
19:23:04.226 (index):853 WAITING_16
19:23:04.228 (index):823 UPDATE_14
19:23:04.230 (index):835 NODEACCESSREQUESTED_10
19:23:04.232 (index):853 WAITING_5
19:23:04.233 (index):853 WAITING_12
19:23:05.227 (index):853 WAITING_11
19:23:05.228 (index):853 WAITING_7
19:23:05.231 (index):853 WAITING_6
19:23:05.232 (index):853 WAITING_17
19:23:05.233 (index):853 WAITING_9
19:23:05.234 (index):853 WAITING_4
19:23:05.236 (index):853 WAITING_8
19:23:05.237 (index):823 UPDATE_13
19:23:05.238 (index):835 NODEACCESSREQUESTED_15
19:23:05.239 (index):815 THINKING_14
19:23:06.227 (index):853 WAITING_16
19:23:06.229 (index):823 UPDATE_10
19:23:06.231 (index):853 WAITING_5
19:23:06.232 (index):853 WAITING_12
19:23:06.237 (index):805 NODEACCESSRELEASED_13
19:23:07.226 (index):853 WAITING_11
19:23:07.228 (index):853 WAITING_7
19:23:07.229 (index):853 WAITING_6
19:23:07.230 (index):853 WAITING_17
19:23:07.231 (index):853 WAITING_9
19:23:07.232 (index):853 WAITING_4
19:23:07.234 (index):853 WAITING_8
19:23:07.235 (index):823 UPDATE_15
19:23:07.236 (index):815 THINKING_10
19:23:08.226 (index):853 WAITING_16
19:23:08.228 (index):853 WAITING_5
19:23:08.229 (index):853 WAITING_12
19:23:08.231 (index):835 NODEACCESSREQUESTED_13
19:23:08.232 (index):815 THINKING_15
19:23:08.234 (index):823 UPDATE_14
19:23:09.226 (index):853 WAITING_11
19:23:09.228 (index):853 WAITING_7
19:23:09.228 (index):853 WAITING_6
19:23:09.229 (index):853 WAITING_17
19:23:09.230 (index):853 WAITING_9
19:23:09.231 (index):853 WAITING_4
19:23:09.232 (index):853 WAITING_8
19:23:09.233 (index):805 NODEACCESSRELEASED_14
19:23:10.226 (index):853 WAITING_16
19:23:10.228 (index):853 WAITING_5
19:23:10.229 (index):853 WAITING_12
19:23:10.230 (index):823 UPDATE_13
19:23:11.226 (index):853 WAITING_11
19:23:11.228 (index):853 WAITING_7
19:23:11.229 (index):853 WAITING_6
19:23:11.231 (index):853 WAITING_17
19:23:11.232 (index):853 WAITING_9
19:23:11.233 (index):853 WAITING_4
19:23:11.234 (index):853 WAITING_8
19:23:11.235 (index):835 NODEACCESSREQUESTED_14
19:23:11.236 (index):805 NODEACCESSRELEASED_13
19:23:11.237 (index):823 UPDATE_15
19:23:12.226 (index):853 WAITING_16
19:23:12.228 (index):853 WAITING_5
19:23:12.229 (index):853 WAITING_12
19:23:12.230 (index):815 THINKING_15
19:23:12.231 (index):823 UPDATE_10
19:23:13.226 (index):853 WAITING_11
19:23:13.227 (index):853 WAITING_7
19:23:13.228 (index):853 WAITING_6
19:23:13.229 (index):853 WAITING_17
19:23:13.229 (index):853 WAITING_9
19:23:13.230 (index):853 WAITING_4
19:23:13.232 (index):853 WAITING_8
19:23:13.233 (index):823 UPDATE_14
19:23:13.234 (index):835 NODEACCESSREQUESTED_13
19:23:13.235 (index):805 NODEACCESSRELEASED_10
19:23:14.226 (index):853 WAITING_16
19:23:14.228 (index):853 WAITING_5
19:23:14.230 (index):853 WAITING_12
19:23:14.231 (index):805 NODEACCESSRELEASED_14
19:23:15.226 (index):853 WAITING_11
19:23:15.228 (index):853 WAITING_7
19:23:15.229 (index):853 WAITING_6
19:23:15.231 (index):853 WAITING_17
19:23:15.232 (index):853 WAITING_9
19:23:15.233 (index):853 WAITING_4
19:23:15.234 (index):853 WAITING_8
19:23:15.234 (index):823 UPDATE_13
19:23:15.235 (index):835 NODEACCESSREQUESTED_10
19:23:15.235 (index):823 UPDATE_15
19:23:16.226 (index):853 WAITING_16
19:23:16.228 (index):853 WAITING_5
19:23:16.229 (index):853 WAITING_12
19:23:16.230 (index):835 NODEACCESSREQUESTED_14
19:23:16.231 (index):805 NODEACCESSRELEASED_13
19:23:16.232 (index):805 NODEACCESSRELEASED_15
19:23:17.226 (index):853 WAITING_11
19:23:17.227 (index):853 WAITING_7
19:23:17.228 (index):853 WAITING_6
19:23:17.229 (index):853 WAITING_17
19:23:17.229 (index):853 WAITING_9
19:23:17.230 (index):853 WAITING_4
19:23:17.231 (index):853 WAITING_8
19:23:17.232 (index):823 UPDATE_10
19:23:18.226 (index):853 WAITING_16
19:23:18.228 (index):853 WAITING_5
19:23:18.229 (index):853 WAITING_12
19:23:18.231 (index):823 UPDATE_14
19:23:18.232 (index):835 NODEACCESSREQUESTED_13
19:23:18.234 (index):835 NODEACCESSREQUESTED_15
19:23:18.235 (index):805 NODEACCESSRELEASED_10
19:23:19.226 (index):853 WAITING_11
19:23:19.227 (index):853 WAITING_7
19:23:19.228 (index):853 WAITING_6
19:23:19.229 (index):853 WAITING_17
19:23:19.230 (index):853 WAITING_9
19:23:19.234 (index):853 WAITING_4
19:23:19.235 (index):853 WAITING_8
19:23:19.237 (index):815 THINKING_14
19:23:20.226 (index):853 WAITING_16
19:23:20.227 (index):853 WAITING_5
19:23:20.227 (index):853 WAITING_12
19:23:20.228 (index):823 UPDATE_13
19:23:20.229 (index):823 UPDATE_15
19:23:20.230 (index):835 NODEACCESSREQUESTED_10
19:23:21.226 (index):853 WAITING_11
19:23:21.227 (index):853 WAITING_7
19:23:21.227 (index):853 WAITING_6
19:23:21.228 (index):853 WAITING_17
19:23:21.229 (index):853 WAITING_9
19:23:21.230 (index):853 WAITING_4
19:23:21.231 (index):853 WAITING_8
19:23:21.232 (index):805 NODEACCESSRELEASED_13
19:23:21.233 (index):815 THINKING_15
19:23:22.226 (index):853 WAITING_16
19:23:22.228 (index):853 WAITING_5
19:23:22.230 (index):853 WAITING_12
19:23:22.231 (index):823 UPDATE_10
19:23:23.227 (index):853 WAITING_11
19:23:23.228 (index):853 WAITING_7
19:23:23.229 (index):853 WAITING_6
19:23:23.229 (index):853 WAITING_17
19:23:23.230 (index):853 WAITING_9
19:23:23.231 (index):853 WAITING_4
19:23:23.232 (index):853 WAITING_8
19:23:23.233 (index):835 NODEACCESSREQUESTED_13
19:23:23.234 (index):805 NODEACCESSRELEASED_10
19:23:23.235 (index):823 UPDATE_14
19:23:24.226 (index):853 WAITING_16
19:23:24.227 (index):853 WAITING_5
19:23:24.228 (index):853 WAITING_12
19:23:24.229 (index):815 THINKING_14
19:23:25.226 (index):853 WAITING_11
19:23:25.227 (index):853 WAITING_7
19:23:25.227 (index):853 WAITING_6
19:23:25.228 (index):853 WAITING_17
19:23:25.229 (index):853 WAITING_9
19:23:25.230 (index):853 WAITING_4
19:23:25.231 (index):853 WAITING_8
19:23:25.233 (index):823 UPDATE_13
19:23:25.234 (index):835 NODEACCESSREQUESTED_10
19:23:26.226 (index):853 WAITING_16
19:23:26.227 (index):853 WAITING_5
19:23:26.227 (index):853 WAITING_12
19:23:26.228 (index):805 NODEACCESSRELEASED_13
19:23:26.229 (index):823 UPDATE_15
19:23:27.226 (index):853 WAITING_11
19:23:27.228 (index):853 WAITING_7
19:23:27.229 (index):853 WAITING_6
19:23:27.230 (index):853 WAITING_17
19:23:27.231 (index):853 WAITING_9
19:23:27.233 (index):853 WAITING_4
19:23:27.234 (index):853 WAITING_8
19:23:27.235 (index):823 UPDATE_10
19:23:27.235 (index):805 NODEACCESSRELEASED_15
19:23:28.226 (index):853 WAITING_16
19:23:28.227 (index):853 WAITING_5
19:23:28.228 (index):853 WAITING_12
19:23:28.230 (index):835 NODEACCESSREQUESTED_13
19:23:28.231 (index):864 END_10
19:23:29.226 (index):853 WAITING_11
19:23:29.227 (index):853 WAITING_7
19:23:29.228 (index):853 WAITING_6
19:23:29.229 (index):853 WAITING_17
19:23:29.230 (index):853 WAITING_9
19:23:29.231 (index):853 WAITING_4
19:23:29.232 (index):853 WAITING_8
19:23:29.233 (index):835 NODEACCESSREQUESTED_15
19:23:29.234 (index):823 UPDATE_14
19:23:30.226 (index):853 WAITING_16
19:23:30.227 (index):853 WAITING_5
19:23:30.228 (index):853 WAITING_12
19:23:30.229 (index):823 UPDATE_13
19:23:30.230 (index):805 NODEACCESSRELEASED_14
19:23:31.226 (index):853 WAITING_11
19:23:31.228 (index):853 WAITING_7
19:23:31.229 (index):853 WAITING_6
19:23:31.230 (index):853 WAITING_17
19:23:31.232 (index):853 WAITING_9
19:23:31.233 (index):853 WAITING_4
19:23:31.234 (index):853 WAITING_8
19:23:31.235 (index):823 UPDATE_15
19:23:31.236 (index):864 END_13
19:23:32.226 (index):853 WAITING_16
19:23:32.228 (index):853 WAITING_5
19:23:32.230 (index):853 WAITING_12
19:23:32.231 (index):835 NODEACCESSREQUESTED_14
19:23:32.232 (index):815 THINKING_15
19:23:33.226 (index):853 WAITING_11
19:23:33.227 (index):853 WAITING_7
19:23:33.227 (index):853 WAITING_6
19:23:33.228 (index):853 WAITING_17
19:23:33.229 (index):853 WAITING_9
19:23:33.230 (index):853 WAITING_4
19:23:33.231 (index):853 WAITING_8
19:23:34.226 (index):853 WAITING_16
19:23:34.228 (index):853 WAITING_5
19:23:34.229 (index):853 WAITING_12
19:23:34.231 (index):823 UPDATE_14
19:23:35.226 (index):853 WAITING_11
19:23:35.228 (index):853 WAITING_7
19:23:35.230 (index):853 WAITING_6
19:23:35.231 (index):853 WAITING_17
19:23:35.232 (index):853 WAITING_9
19:23:35.233 (index):853 WAITING_4
19:23:35.234 (index):853 WAITING_8
19:23:35.235 (index):864 END_14
19:23:36.226 (index):853 WAITING_16
19:23:36.228 (index):853 WAITING_5
19:23:36.229 (index):853 WAITING_12
19:23:36.230 (index):823 UPDATE_15
19:23:37.226 (index):853 WAITING_11
19:23:37.227 (index):853 WAITING_7
19:23:37.227 (index):853 WAITING_6
19:23:37.228 (index):853 WAITING_17
19:23:37.229 (index):853 WAITING_9
19:23:37.231 (index):853 WAITING_4
19:23:37.232 (index):853 WAITING_8
19:23:37.233 (index):805 NODEACCESSRELEASED_15
19:23:38.226 (index):853 WAITING_16
19:23:38.227 (index):853 WAITING_5
19:23:38.227 (index):853 WAITING_12
19:23:39.226 (index):853 WAITING_11
19:23:39.227 (index):853 WAITING_7
19:23:39.228 (index):853 WAITING_6
19:23:39.229 (index):823 UPDATE_17
19:23:39.230 (index):853 WAITING_9
19:23:39.234 (index):853 WAITING_4
19:23:39.234 (index):853 WAITING_8
19:23:39.235 (index):835 NODEACCESSREQUESTED_15
19:23:40.226 (index):853 WAITING_16
19:23:40.227 (index):853 WAITING_5
19:23:40.228 (index):853 WAITING_12
19:23:40.228 (index):805 NODEACCESSRELEASED_17
19:23:41.227 (index):853 WAITING_11
19:23:41.228 (index):853 WAITING_7
19:23:41.229 (index):853 WAITING_6
19:23:41.229 (index):853 WAITING_9
19:23:41.230 (index):823 UPDATE_4
19:23:41.230 (index):853 WAITING_8
19:23:41.231 (index):853 WAITING_15
19:23:42.226 (index):853 WAITING_16
19:23:42.228 (index):853 WAITING_5
19:23:42.230 (index):853 WAITING_12
19:23:42.231 (index):835 NODEACCESSREQUESTED_17
19:23:42.233 (index):805 NODEACCESSRELEASED_4
19:23:43.226 (index):853 WAITING_11
19:23:43.227 (index):823 UPDATE_7
19:23:43.227 (index):853 WAITING_6
19:23:43.228 (index):853 WAITING_9
19:23:43.229 (index):853 WAITING_8
19:23:43.229 (index):853 WAITING_15
19:23:44.226 (index):853 WAITING_16
19:23:44.228 (index):853 WAITING_5
19:23:44.229 (index):853 WAITING_12
19:23:44.230 (index):853 WAITING_17
19:23:44.232 (index):835 NODEACCESSREQUESTED_4
19:23:44.233 (index):805 NODEACCESSRELEASED_7
19:23:45.226 (index):853 WAITING_11
19:23:45.228 (index):853 WAITING_6
19:23:45.229 (index):853 WAITING_9
19:23:45.231 (index):823 UPDATE_8
19:23:45.232 (index):853 WAITING_15
19:23:46.226 (index):853 WAITING_16
19:23:46.227 (index):853 WAITING_5
19:23:46.228 (index):853 WAITING_12
19:23:46.229 (index):853 WAITING_17
19:23:46.230 (index):853 WAITING_4
19:23:46.231 (index):835 NODEACCESSREQUESTED_7
19:23:46.232 (index):805 NODEACCESSRELEASED_8
19:23:47.226 (index):853 WAITING_11
19:23:47.228 (index):853 WAITING_6
19:23:47.230 (index):823 UPDATE_9
19:23:47.232 (index):853 WAITING_15
19:23:48.226 (index):853 WAITING_16
19:23:48.227 (index):853 WAITING_5
19:23:48.228 (index):853 WAITING_12
19:23:48.228 (index):853 WAITING_17
19:23:48.229 (index):853 WAITING_4
19:23:48.229 (index):853 WAITING_7
19:23:48.230 (index):835 NODEACCESSREQUESTED_8
19:23:48.231 (index):805 NODEACCESSRELEASED_9
19:23:49.226 (index):823 UPDATE_11
19:23:49.227 (index):853 WAITING_6
19:23:49.228 (index):853 WAITING_15
19:23:50.226 (index):853 WAITING_16
19:23:50.228 (index):853 WAITING_5
19:23:50.229 (index):853 WAITING_12
19:23:50.230 (index):853 WAITING_17
19:23:50.232 (index):853 WAITING_4
19:23:50.233 (index):853 WAITING_7
19:23:50.235 (index):853 WAITING_8
19:23:50.236 (index):835 NODEACCESSREQUESTED_9
19:23:50.237 (index):805 NODEACCESSRELEASED_11
19:23:51.226 (index):823 UPDATE_6
19:23:51.227 (index):853 WAITING_15
19:23:52.226 (index):853 WAITING_16
19:23:52.227 (index):853 WAITING_5
19:23:52.227 (index):853 WAITING_12
19:23:52.228 (index):853 WAITING_17
19:23:52.229 (index):853 WAITING_4
19:23:52.229 (index):853 WAITING_7
19:23:52.231 (index):853 WAITING_8
19:23:52.231 (index):853 WAITING_9
19:23:52.232 (index):835 NODEACCESSREQUESTED_11
19:23:52.233 (index):805 NODEACCESSRELEASED_6
19:23:53.226 (index):853 WAITING_15
19:23:54.226 (index):853 WAITING_16
19:23:54.227 (index):853 WAITING_5
19:23:54.228 (index):823 UPDATE_12
19:23:54.228 (index):853 WAITING_17
19:23:54.229 (index):853 WAITING_4
19:23:54.230 (index):853 WAITING_7
19:23:54.231 (index):853 WAITING_8
19:23:54.233 (index):853 WAITING_9
19:23:54.234 (index):853 WAITING_11
19:23:54.235 (index):835 NODEACCESSREQUESTED_6
19:23:55.226 (index):853 WAITING_15
19:23:55.227 (index):805 NODEACCESSRELEASED_12
19:23:56.227 (index):853 WAITING_16
19:23:56.229 (index):823 UPDATE_5
19:23:56.229 (index):853 WAITING_17
19:23:56.230 (index):853 WAITING_4
19:23:56.231 (index):853 WAITING_7
19:23:56.232 (index):853 WAITING_8
19:23:56.233 (index):853 WAITING_9
19:23:56.234 (index):853 WAITING_11
19:23:56.235 (index):853 WAITING_6
19:23:56.235 (index):853 WAITING_15
19:23:56.236 (index):835 NODEACCESSREQUESTED_12
19:23:57.226 (index):805 NODEACCESSRELEASED_5
19:23:58.226 (index):823 UPDATE_16
19:23:58.228 (index):853 WAITING_17
19:23:58.229 (index):853 WAITING_4
19:23:58.231 (index):853 WAITING_7
19:23:58.232 (index):853 WAITING_8
19:23:58.234 (index):853 WAITING_9
19:23:58.235 (index):853 WAITING_11
19:23:58.235 (index):853 WAITING_6
19:23:58.236 (index):853 WAITING_15
19:23:58.237 (index):853 WAITING_12
19:23:59.226 (index):835 NODEACCESSREQUESTED_5
19:23:59.228 (index):864 END_16
19:24:00.226 (index):853 WAITING_17
19:24:00.228 (index):853 WAITING_4
19:24:00.229 (index):853 WAITING_7
19:24:00.230 (index):853 WAITING_8
19:24:00.231 (index):853 WAITING_9
19:24:00.232 (index):853 WAITING_11
19:24:00.233 (index):853 WAITING_6
19:24:00.234 (index):823 UPDATE_15
19:24:00.234 (index):853 WAITING_12
19:24:01.226 (index):853 WAITING_5
19:24:01.227 (index):864 END_15
19:24:02.227 (index):823 UPDATE_17
19:24:02.228 (index):853 WAITING_4
19:24:02.229 (index):853 WAITING_7
19:24:02.230 (index):853 WAITING_8
19:24:02.232 (index):853 WAITING_9
19:24:02.233 (index):853 WAITING_11
19:24:02.233 (index):853 WAITING_6
19:24:02.234 (index):853 WAITING_12
19:24:03.229 (index):853 WAITING_5
19:24:03.231 (index):805 NODEACCESSRELEASED_17
19:24:03.232 (index):823 UPDATE_4
19:24:04.226 (index):853 WAITING_7
19:24:04.227 (index):853 WAITING_8
19:24:04.227 (index):853 WAITING_9
19:24:04.228 (index):853 WAITING_11
19:24:04.229 (index):853 WAITING_6
19:24:04.229 (index):853 WAITING_12
19:24:04.230 (index):815 THINKING_4
19:24:05.226 (index):853 WAITING_5
19:24:05.228 (index):835 NODEACCESSREQUESTED_17
19:24:06.226 (index):853 WAITING_7
19:24:06.228 (index):853 WAITING_8
19:24:06.229 (index):853 WAITING_9
19:24:06.232 (index):853 WAITING_11
19:24:06.233 (index):853 WAITING_6
19:24:06.234 (index):853 WAITING_12
19:24:07.226 (index):853 WAITING_5
19:24:07.228 (index):823 UPDATE_17
19:24:07.229 (index):823 UPDATE_4
19:24:08.226 (index):853 WAITING_7
19:24:08.227 (index):853 WAITING_8
19:24:08.228 (index):853 WAITING_9
19:24:08.229 (index):853 WAITING_11
19:24:08.230 (index):853 WAITING_6
19:24:08.231 (index):853 WAITING_12
19:24:08.231 (index):815 THINKING_17
19:24:08.232 (index):805 NODEACCESSRELEASED_4
19:24:09.226 (index):853 WAITING_5
19:24:10.226 (index):823 UPDATE_7
19:24:10.227 (index):853 WAITING_8
19:24:10.229 (index):853 WAITING_9
19:24:10.230 (index):853 WAITING_11
19:24:10.231 (index):853 WAITING_6
19:24:10.232 (index):853 WAITING_12
19:24:10.233 (index):835 NODEACCESSREQUESTED_4
19:24:11.226 (index):853 WAITING_5
19:24:11.227 (index):815 THINKING_7
19:24:12.226 (index):853 WAITING_8
19:24:12.228 (index):853 WAITING_9
19:24:12.229 (index):853 WAITING_11
19:24:12.231 (index):853 WAITING_6
19:24:12.233 (index):853 WAITING_12
19:24:12.234 (index):823 UPDATE_4
19:24:12.234 (index):823 UPDATE_17
19:24:13.226 (index):853 WAITING_5
19:24:13.228 (index):815 THINKING_4
19:24:13.229 (index):805 NODEACCESSRELEASED_17
19:24:14.226 (index):853 WAITING_8
19:24:14.228 (index):853 WAITING_9
19:24:14.229 (index):853 WAITING_11
19:24:14.230 (index):853 WAITING_6
19:24:14.232 (index):853 WAITING_12
19:24:14.233 (index):823 UPDATE_7
19:24:15.226 (index):853 WAITING_5
19:24:15.228 (index):835 NODEACCESSREQUESTED_17
19:24:15.230 (index):805 NODEACCESSRELEASED_7
19:24:16.226 (index):823 UPDATE_8
19:24:16.228 (index):853 WAITING_9
19:24:16.229 (index):853 WAITING_11
19:24:16.234 (index):853 WAITING_6
19:24:16.235 (index):853 WAITING_12
19:24:17.226 (index):853 WAITING_5
19:24:17.228 (index):823 UPDATE_17
19:24:17.229 (index):835 NODEACCESSREQUESTED_7
19:24:17.230 (index):815 THINKING_8
19:24:18.227 (index):853 WAITING_9
19:24:18.228 (index):853 WAITING_11
19:24:18.230 (index):853 WAITING_6
19:24:18.232 (index):853 WAITING_12
19:24:18.233 (index):805 NODEACCESSRELEASED_17
19:24:18.234 (index):823 UPDATE_4
19:24:19.226 (index):853 WAITING_5
19:24:19.227 (index):823 UPDATE_7
19:24:19.228 (index):815 THINKING_4
19:24:20.226 (index):853 WAITING_9
19:24:20.227 (index):853 WAITING_11
19:24:20.228 (index):853 WAITING_6
19:24:20.229 (index):853 WAITING_12
19:24:20.231 (index):835 NODEACCESSREQUESTED_17
19:24:20.233 (index):815 THINKING_7
19:24:21.226 (index):853 WAITING_5
19:24:21.228 (index):823 UPDATE_8
19:24:22.226 (index):853 WAITING_9
19:24:22.227 (index):853 WAITING_11
19:24:22.228 (index):853 WAITING_6
19:24:22.230 (index):853 WAITING_12
19:24:22.231 (index):823 UPDATE_17
19:24:22.232 (index):805 NODEACCESSRELEASED_8
19:24:23.226 (index):853 WAITING_5
19:24:23.227 (index):805 NODEACCESSRELEASED_17
19:24:23.228 (index):823 UPDATE_4
19:24:24.226 (index):823 UPDATE_9
19:24:24.228 (index):853 WAITING_11
19:24:24.229 (index):853 WAITING_6
19:24:24.231 (index):853 WAITING_12
19:24:24.232 (index):835 NODEACCESSREQUESTED_8
19:24:24.234 (index):815 THINKING_4
19:24:25.226 (index):853 WAITING_5
19:24:25.228 (index):835 NODEACCESSREQUESTED_17
19:24:25.229 (index):805 NODEACCESSRELEASED_9
19:24:25.232 (index):823 UPDATE_7
19:24:26.227 (index):823 UPDATE_11
19:24:26.228 (index):853 WAITING_6
19:24:26.230 (index):853 WAITING_12
19:24:26.232 (index):823 UPDATE_8
19:24:26.233 (index):805 NODEACCESSRELEASED_7
19:24:27.226 (index):853 WAITING_5
19:24:27.228 (index):853 WAITING_17
19:24:27.229 (index):835 NODEACCESSREQUESTED_9
19:24:27.230 (index):815 THINKING_11
19:24:27.231 (index):805 NODEACCESSRELEASED_8
19:24:27.232 (index):823 UPDATE_4
19:24:28.226 (index):853 WAITING_6
19:24:28.227 (index):853 WAITING_12
19:24:28.227 (index):835 NODEACCESSREQUESTED_7
19:24:28.230 (index):805 NODEACCESSRELEASED_4
19:24:29.226 (index):853 WAITING_5
19:24:29.227 (index):853 WAITING_17
19:24:29.229 (index):823 UPDATE_9
19:24:29.230 (index):835 NODEACCESSREQUESTED_8
19:24:30.226 (index):853 WAITING_6
19:24:30.228 (index):853 WAITING_12
19:24:30.229 (index):823 UPDATE_7
19:24:30.230 (index):835 NODEACCESSREQUESTED_4
19:24:30.231 (index):815 THINKING_9
19:24:31.227 (index):853 WAITING_5
19:24:31.229 (index):853 WAITING_17
19:24:31.231 (index):823 UPDATE_8
19:24:31.232 (index):805 NODEACCESSRELEASED_7
19:24:32.226 (index):853 WAITING_6
19:24:32.228 (index):853 WAITING_12
19:24:32.229 (index):853 WAITING_4
19:24:32.231 (index):805 NODEACCESSRELEASED_8
19:24:32.232 (index):823 UPDATE_11
19:24:33.226 (index):853 WAITING_5
19:24:33.229 (index):853 WAITING_17
19:24:33.231 (index):835 NODEACCESSREQUESTED_7
19:24:33.232 (index):805 NODEACCESSRELEASED_11
19:24:34.227 (index):823 UPDATE_6
19:24:34.228 (index):853 WAITING_12
19:24:34.230 (index):853 WAITING_4
19:24:34.231 (index):835 NODEACCESSREQUESTED_8
19:24:34.232 (index):823 UPDATE_9
19:24:35.226 (index):853 WAITING_5
19:24:35.228 (index):853 WAITING_17
19:24:35.229 (index):823 UPDATE_7
19:24:35.231 (index):835 NODEACCESSREQUESTED_11
19:24:35.232 (index):805 NODEACCESSRELEASED_6
19:24:35.233 (index):805 NODEACCESSRELEASED_9
19:24:36.226 (index):823 UPDATE_12
19:24:36.228 (index):853 WAITING_4
19:24:36.230 (index):823 UPDATE_8
19:24:36.231 (index):805 NODEACCESSRELEASED_7
19:24:37.226 (index):853 WAITING_5
19:24:37.228 (index):853 WAITING_17
19:24:37.229 (index):853 WAITING_11
19:24:37.230 (index):835 NODEACCESSREQUESTED_6
19:24:37.231 (index):835 NODEACCESSREQUESTED_9
19:24:37.232 (index):815 THINKING_12
19:24:37.233 (index):805 NODEACCESSRELEASED_8
19:24:38.226 (index):853 WAITING_4
19:24:38.228 (index):835 NODEACCESSREQUESTED_7
19:24:39.226 (index):853 WAITING_5
19:24:39.228 (index):853 WAITING_17
19:24:39.229 (index):853 WAITING_11
19:24:39.231 (index):823 UPDATE_6
19:24:39.232 (index):823 UPDATE_9
19:24:39.233 (index):835 NODEACCESSREQUESTED_8
19:24:40.226 (index):853 WAITING_4
19:24:40.228 (index):823 UPDATE_7
19:24:40.229 (index):864 END_6
19:24:40.230 (index):805 NODEACCESSRELEASED_9
19:24:41.226 (index):853 WAITING_5
19:24:41.227 (index):853 WAITING_17
19:24:41.228 (index):853 WAITING_11
19:24:41.229 (index):853 WAITING_8
19:24:41.230 (index):805 NODEACCESSRELEASED_7
19:24:42.226 (index):853 WAITING_4
19:24:42.228 (index):835 NODEACCESSREQUESTED_9
19:24:42.229 (index):823 UPDATE_12
19:24:43.226 (index):853 WAITING_5
19:24:43.227 (index):853 WAITING_17
19:24:43.229 (index):853 WAITING_11
19:24:43.230 (index):853 WAITING_8
19:24:43.232 (index):835 NODEACCESSREQUESTED_7
19:24:43.233 (index):805 NODEACCESSRELEASED_12
19:24:44.226 (index):853 WAITING_4
19:24:44.228 (index):823 UPDATE_9
19:24:45.226 (index):823 UPDATE_5
19:24:45.227 (index):853 WAITING_17
19:24:45.228 (index):853 WAITING_11
19:24:45.229 (index):853 WAITING_8
19:24:45.230 (index):823 UPDATE_7
19:24:45.231 (index):835 NODEACCESSREQUESTED_12
19:24:45.233 (index):815 THINKING_9
19:24:46.226 (index):853 WAITING_4
19:24:46.227 (index):805 NODEACCESSRELEASED_5
19:24:46.228 (index):805 NODEACCESSRELEASED_7
19:24:47.226 (index):853 WAITING_17
19:24:47.227 (index):853 WAITING_11
19:24:47.228 (index):853 WAITING_8
19:24:47.228 (index):823 UPDATE_12
19:24:48.226 (index):853 WAITING_4
19:24:48.227 (index):835 NODEACCESSREQUESTED_5
19:24:48.228 (index):835 NODEACCESSREQUESTED_7
19:24:48.229 (index):805 NODEACCESSRELEASED_12
19:24:49.226 (index):853 WAITING_17
19:24:49.227 (index):853 WAITING_11
19:24:49.227 (index):853 WAITING_8
19:24:49.228 (index):823 UPDATE_9
19:24:50.226 (index):853 WAITING_4
19:24:50.227 (index):823 UPDATE_5
19:24:50.228 (index):823 UPDATE_7
19:24:50.230 (index):835 NODEACCESSREQUESTED_12
19:24:50.231 (index):805 NODEACCESSRELEASED_9
19:24:51.226 (index):853 WAITING_17
19:24:51.227 (index):853 WAITING_11
19:24:51.228 (index):853 WAITING_8
19:24:51.228 (index):805 NODEACCESSRELEASED_5
19:24:51.229 (index):815 THINKING_7
19:24:52.226 (index):853 WAITING_4
19:24:52.227 (index):823 UPDATE_12
19:24:52.228 (index):835 NODEACCESSREQUESTED_9
19:24:53.227 (index):853 WAITING_17
19:24:53.228 (index):853 WAITING_11
19:24:53.229 (index):853 WAITING_8
19:24:53.229 (index):835 NODEACCESSREQUESTED_5
19:24:53.230 (index):805 NODEACCESSRELEASED_12
19:24:53.231 (index):853 WAITING_4
19:24:54.226 (index):823 UPDATE_9
19:24:55.226 (index):853 WAITING_17
19:24:55.227 (index):853 WAITING_11
19:24:55.227 (index):853 WAITING_8
19:24:55.228 (index):823 UPDATE_5
19:24:55.228 (index):835 NODEACCESSREQUESTED_12
19:24:55.229 (index):853 WAITING_4
19:24:55.229 (index):805 NODEACCESSRELEASED_9
19:24:55.230 (index):823 UPDATE_7
19:24:56.226 (index):864 END_5
19:24:56.227 (index):805 NODEACCESSRELEASED_7
19:24:57.227 (index):853 WAITING_17
19:24:57.228 (index):853 WAITING_11
19:24:57.229 (index):853 WAITING_8
19:24:57.230 (index):823 UPDATE_12
19:24:57.230 (index):853 WAITING_4
19:24:57.231 (index):835 NODEACCESSREQUESTED_9
19:24:58.226 (index):835 NODEACCESSREQUESTED_7
19:24:58.227 (index):805 NODEACCESSRELEASED_12
19:24:59.226 (index):853 WAITING_17
19:24:59.228 (index):853 WAITING_11
19:24:59.229 (index):853 WAITING_8
19:24:59.230 (index):853 WAITING_4
19:24:59.231 (index):823 UPDATE_9
19:25:00.229 (index):823 UPDATE_7
19:25:00.231 (index):835 NODEACCESSREQUESTED_12
19:25:00.232 (index):805 NODEACCESSRELEASED_9
19:25:00.233 (index):853 WAITING_17
19:25:00.234 (index):853 WAITING_11
19:25:01.226 (index):853 WAITING_8
19:25:01.228 (index):853 WAITING_4
19:25:01.229 (index):864 END_7
19:25:02.226 (index):823 UPDATE_12
19:25:02.227 (index):835 NODEACCESSREQUESTED_9
19:25:02.228 (index):853 WAITING_17
19:25:02.229 (index):853 WAITING_11
19:25:03.226 (index):853 WAITING_8
19:25:03.227 (index):853 WAITING_4
19:25:03.231 (index):805 NODEACCESSRELEASED_12
19:25:04.226 (index):823 UPDATE_9
19:25:04.227 (index):853 WAITING_17
19:25:04.229 (index):853 WAITING_11
19:25:05.226 (index):853 WAITING_8
19:25:05.228 (index):853 WAITING_4
19:25:05.229 (index):835 NODEACCESSREQUESTED_12
19:25:05.230 (index):864 END_9
19:25:06.226 (index):853 WAITING_17
19:25:06.227 (index):853 WAITING_11
19:25:07.226 (index):853 WAITING_8
19:25:07.228 (index):853 WAITING_4
19:25:07.229 (index):823 UPDATE_12
19:25:08.226 (index):853 WAITING_17
19:25:08.227 (index):853 WAITING_11
19:25:08.228 (index):805 NODEACCESSRELEASED_12
19:25:09.227 (index):853 WAITING_8
19:25:09.228 (index):853 WAITING_4
19:25:10.226 (index):823 UPDATE_17
19:25:10.228 (index):853 WAITING_11
19:25:10.229 (index):835 NODEACCESSREQUESTED_12
19:25:11.226 (index):853 WAITING_8
19:25:11.228 (index):853 WAITING_4
19:25:11.229 (index):815 THINKING_17
19:25:12.226 (index):853 WAITING_11
19:25:12.228 (index):853 WAITING_12
19:25:13.226 (index):853 WAITING_8
19:25:13.228 (index):853 WAITING_4
19:25:14.226 (index):853 WAITING_11
19:25:14.228 (index):853 WAITING_12
19:25:15.230 (index):853 WAITING_8
19:25:15.231 (index):853 WAITING_4
19:25:15.233 (index):823 UPDATE_17
19:25:15.233 (index):853 WAITING_11
19:25:15.234 (index):853 WAITING_12
19:25:16.228 (index):805 NODEACCESSRELEASED_17
19:25:17.226 (index):853 WAITING_8
19:25:17.228 (index):823 UPDATE_4
19:25:17.229 (index):853 WAITING_11
19:25:17.231 (index):853 WAITING_12
19:25:18.226 (index):835 NODEACCESSREQUESTED_17
19:25:18.228 (index):805 NODEACCESSRELEASED_4
19:25:19.227 (index):853 WAITING_8
19:25:19.229 (index):823 UPDATE_11
19:25:19.230 (index):853 WAITING_12
19:25:20.226 (index):853 WAITING_17
19:25:20.227 (index):835 NODEACCESSREQUESTED_4
19:25:20.228 (index):805 NODEACCESSRELEASED_11
19:25:21.226 (index):823 UPDATE_8
19:25:21.227 (index):853 WAITING_12
19:25:22.226 (index):853 WAITING_17
19:25:22.230 (index):853 WAITING_4
19:25:22.231 (index):835 NODEACCESSREQUESTED_11
19:25:22.233 (index):805 NODEACCESSRELEASED_8
19:25:23.226 (index):823 UPDATE_12
19:25:24.228 (index):853 WAITING_17
19:25:24.229 (index):853 WAITING_4
19:25:24.231 (index):853 WAITING_11
19:25:24.233 (index):835 NODEACCESSREQUESTED_8
19:25:24.234 (index):815 THINKING_12
19:25:26.226 (index):853 WAITING_17
19:25:26.227 (index):853 WAITING_4
19:25:26.229 (index):853 WAITING_11
19:25:26.230 (index):823 UPDATE_8
19:25:27.226 (index):805 NODEACCESSRELEASED_8
19:25:28.227 (index):853 WAITING_17
19:25:28.228 (index):853 WAITING_4
19:25:28.230 (index):853 WAITING_11
19:25:28.232 (index):823 UPDATE_12
19:25:29.226 (index):835 NODEACCESSREQUESTED_8
19:25:29.227 (index):805 NODEACCESSRELEASED_12
19:25:30.226 (index):823 UPDATE_17
19:25:30.228 (index):853 WAITING_4
19:25:30.229 (index):853 WAITING_11
19:25:31.226 (index):823 UPDATE_8
19:25:31.228 (index):835 NODEACCESSREQUESTED_12
19:25:31.230 (index):815 THINKING_17
19:25:32.226 (index):853 WAITING_4
19:25:32.227 (index):853 WAITING_11
19:25:32.229 (index):864 END_8
19:25:33.226 (index):823 UPDATE_12
19:25:34.226 (index):853 WAITING_4
19:25:34.228 (index):853 WAITING_11
19:25:34.229 (index):805 NODEACCESSRELEASED_12
19:25:35.226 (index):823 UPDATE_17
19:25:36.227 (index):853 WAITING_4
19:25:36.228 (index):853 WAITING_11
19:25:36.230 (index):835 NODEACCESSREQUESTED_12
19:25:36.234 (index):815 THINKING_17
19:25:38.226 (index):853 WAITING_4
19:25:38.228 (index):853 WAITING_11
19:25:38.229 (index):823 UPDATE_12
19:25:39.226 (index):864 END_12
19:25:39.228 (index):823 UPDATE_17
19:25:40.226 (index):853 WAITING_4
19:25:40.228 (index):853 WAITING_11
19:25:40.230 (index):864 END_17
19:25:42.226 (index):823 UPDATE_4
19:25:42.228 (index):853 WAITING_11
19:25:43.226 (index):815 THINKING_4
19:25:44.226 (index):853 WAITING_11
19:25:46.226 (index):853 WAITING_11
19:25:48.227 (index):853 WAITING_11
19:25:48.229 (index):823 UPDATE_4
19:25:49.226 (index):864 END_4
19:25:50.226 (index):823 UPDATE_11
19:25:51.226 (index):805 NODEACCESSRELEASED_11
19:25:53.227 (index):835 NODEACCESSREQUESTED_11
19:25:55.226 (index):823 UPDATE_11
19:25:56.227 (index):815 THINKING_11
19:26:00.226 (index):823 UPDATE_11
19:26:01.227 (index):805 NODEACCESSRELEASED_11
19:26:03.226 (index):835 NODEACCESSREQUESTED_11
19:26:05.226 (index):823 UPDATE_11
19:26:06.226 (index):805 NODEACCESSRELEASED_11
19:26:08.229 (index):835 NODEACCESSREQUESTED_11
19:26:10.229 (index):823 UPDATE_11
19:26:11.226 (index):815 THINKING_11
19:26:15.226 (index):823 UPDATE_11
19:26:16.227 (index):864 END_11
