18:55:43.231 (index):1096 Tasks: 25; Collaborators: 13    =========================>
18:55:43.233 (index):835 NODEACCESSREQUESTED_0
18:55:43.235 (index):835 NODEACCESSREQUESTED_1
18:55:43.236 (index):835 NODEACCESSREQUESTED_2
18:55:43.238 (index):835 NODEACCESSREQUESTED_3
18:55:43.239 (index):835 NODEACCESSREQUESTED_4
18:55:43.241 (index):835 NODEACCESSREQUESTED_5
18:55:43.242 (index):835 NODEACCESSREQUESTED_6
18:55:43.243 (index):835 NODEACCESSREQUESTED_7
18:55:43.243 (index):835 NODEACCESSREQUESTED_8
18:55:43.244 (index):835 NODEACCESSREQUESTED_9
18:55:43.245 (index):835 NODEACCESSREQUESTED_10
18:55:43.246 (index):835 NODEACCESSREQUESTED_11
18:55:43.246 (index):835 NODEACCESSREQUESTED_12
18:55:45.226 (index):815 THINKING_0
18:55:45.228 (index):815 THINKING_1
18:55:45.229 (index):805 NODEACCESSRELEASED_2
18:55:45.230 (index):805 NODEACCESSRELEASED_3
18:55:45.231 (index):853 WAITING_4
18:55:45.233 (index):853 WAITING_5
18:55:45.234 (index):853 WAITING_6
18:55:45.234 (index):853 WAITING_7
18:55:45.235 (index):853 WAITING_8
18:55:45.235 (index):853 WAITING_9
18:55:45.235 (index):853 WAITING_10
18:55:45.236 (index):853 WAITING_11
18:55:45.236 (index):853 WAITING_12
18:55:47.226 (index):835 NODEACCESSREQUESTED_2
18:55:47.228 (index):835 NODEACCESSREQUESTED_3
18:55:47.229 (index):853 WAITING_4
18:55:47.231 (index):853 WAITING_5
18:55:47.232 (index):853 WAITING_6
18:55:47.234 (index):853 WAITING_7
18:55:47.235 (index):853 WAITING_8
18:55:47.236 (index):853 WAITING_9
18:55:47.237 (index):853 WAITING_10
18:55:47.238 (index):853 WAITING_11
18:55:47.238 (index):853 WAITING_12
18:55:48.226 (index):823 UPDATE_1
18:55:49.226 (index):823 UPDATE_2
18:55:49.227 (index):823 UPDATE_3
18:55:49.228 (index):853 WAITING_4
18:55:49.229 (index):853 WAITING_5
18:55:49.230 (index):853 WAITING_6
18:55:49.231 (index):853 WAITING_7
18:55:49.232 (index):853 WAITING_8
18:55:49.234 (index):853 WAITING_9
18:55:49.235 (index):853 WAITING_10
18:55:49.237 (index):853 WAITING_11
18:55:49.238 (index):853 WAITING_12
18:55:49.239 (index):805 NODEACCESSRELEASED_1
18:55:50.226 (index):805 NODEACCESSRELEASED_2
18:55:50.227 (index):805 NODEACCESSRELEASED_3
18:55:50.228 (index):823 UPDATE_0
18:55:51.226 (index):853 WAITING_4
18:55:51.228 (index):853 WAITING_5
18:55:51.229 (index):853 WAITING_6
18:55:51.230 (index):853 WAITING_7
18:55:51.232 (index):853 WAITING_8
18:55:51.233 (index):853 WAITING_9
18:55:51.234 (index):853 WAITING_10
18:55:51.234 (index):853 WAITING_11
18:55:51.235 (index):853 WAITING_12
18:55:51.235 (index):835 NODEACCESSREQUESTED_1
18:55:51.236 (index):805 NODEACCESSRELEASED_0
18:55:52.226 (index):835 NODEACCESSREQUESTED_2
18:55:52.228 (index):835 NODEACCESSREQUESTED_3
18:55:53.226 (index):853 WAITING_4
18:55:53.228 (index):853 WAITING_5
18:55:53.229 (index):853 WAITING_6
18:55:53.232 (index):853 WAITING_7
18:55:53.234 (index):853 WAITING_8
18:55:53.235 (index):853 WAITING_9
18:55:53.237 (index):853 WAITING_10
18:55:53.238 (index):853 WAITING_11
18:55:53.238 (index):853 WAITING_12
18:55:53.239 (index):823 UPDATE_1
18:55:53.239 (index):835 NODEACCESSREQUESTED_0
18:55:54.226 (index):823 UPDATE_2
18:55:54.227 (index):823 UPDATE_3
18:55:54.228 (index):815 THINKING_1
18:55:55.227 (index):853 WAITING_4
18:55:55.228 (index):853 WAITING_5
18:55:55.230 (index):853 WAITING_6
18:55:55.231 (index):853 WAITING_7
18:55:55.232 (index):853 WAITING_8
18:55:55.233 (index):853 WAITING_9
18:55:55.234 (index):853 WAITING_10
18:55:55.235 (index):853 WAITING_11
18:55:55.236 (index):853 WAITING_12
18:55:55.237 (index):823 UPDATE_0
18:55:55.238 (index):805 NODEACCESSRELEASED_2
18:55:55.239 (index):815 THINKING_3
18:55:56.226 (index):805 NODEACCESSRELEASED_0
18:55:57.227 (index):853 WAITING_4
18:55:57.229 (index):853 WAITING_5
18:55:57.231 (index):853 WAITING_6
18:55:57.233 (index):853 WAITING_7
18:55:57.234 (index):853 WAITING_8
18:55:57.235 (index):853 WAITING_9
18:55:57.235 (index):853 WAITING_10
18:55:57.235 (index):853 WAITING_11
18:55:57.236 (index):853 WAITING_12
18:55:57.236 (index):835 NODEACCESSREQUESTED_2
18:55:58.226 (index):835 NODEACCESSREQUESTED_0
18:55:58.228 (index):823 UPDATE_1
18:55:59.229 (index):853 WAITING_4
18:55:59.231 (index):853 WAITING_5
18:55:59.232 (index):853 WAITING_6
18:55:59.233 (index):853 WAITING_7
18:55:59.235 (index):853 WAITING_8
18:55:59.236 (index):853 WAITING_9
18:55:59.237 (index):853 WAITING_10
18:55:59.238 (index):853 WAITING_11
18:55:59.239 (index):853 WAITING_12
18:55:59.239 (index):823 UPDATE_2
18:55:59.240 (index):815 THINKING_1
18:55:59.240 (index):823 UPDATE_0
18:56:00.226 (index):815 THINKING_2
18:56:00.228 (index):815 THINKING_0
18:56:00.229 (index):823 UPDATE_3
18:56:01.226 (index):853 WAITING_4
18:56:01.228 (index):853 WAITING_5
18:56:01.229 (index):853 WAITING_6
18:56:01.231 (index):853 WAITING_7
18:56:01.232 (index):853 WAITING_8
18:56:01.233 (index):853 WAITING_9
18:56:01.234 (index):853 WAITING_10
18:56:01.235 (index):853 WAITING_11
18:56:01.236 (index):853 WAITING_12
18:56:01.237 (index):805 NODEACCESSRELEASED_3
18:56:03.226 (index):853 WAITING_4
18:56:03.227 (index):853 WAITING_5
18:56:03.229 (index):853 WAITING_6
18:56:03.231 (index):853 WAITING_7
18:56:03.232 (index):853 WAITING_8
18:56:03.234 (index):853 WAITING_9
18:56:03.235 (index):853 WAITING_10
18:56:03.235 (index):853 WAITING_11
18:56:03.236 (index):853 WAITING_12
18:56:03.236 (index):835 NODEACCESSREQUESTED_3
18:56:03.237 (index):823 UPDATE_0
18:56:03.238 (index):823 UPDATE_2
18:56:04.226 (index):815 THINKING_0
18:56:04.227 (index):805 NODEACCESSRELEASED_2
18:56:04.229 (index):823 UPDATE_1
18:56:05.226 (index):853 WAITING_4
18:56:05.228 (index):853 WAITING_5
18:56:05.229 (index):853 WAITING_6
18:56:05.231 (index):853 WAITING_7
18:56:05.232 (index):853 WAITING_8
18:56:05.233 (index):853 WAITING_9
18:56:05.235 (index):853 WAITING_10
18:56:05.236 (index):853 WAITING_11
18:56:05.238 (index):853 WAITING_12
18:56:05.238 (index):823 UPDATE_3
18:56:05.239 (index):805 NODEACCESSRELEASED_1
18:56:06.226 (index):835 NODEACCESSREQUESTED_2
18:56:06.227 (index):805 NODEACCESSRELEASED_3
18:56:07.226 (index):853 WAITING_4
18:56:07.227 (index):853 WAITING_5
18:56:07.228 (index):853 WAITING_6
18:56:07.229 (index):853 WAITING_7
18:56:07.231 (index):853 WAITING_8
18:56:07.233 (index):853 WAITING_9
18:56:07.234 (index):853 WAITING_10
18:56:07.235 (index):853 WAITING_11
18:56:07.236 (index):853 WAITING_12
18:56:07.237 (index):835 NODEACCESSREQUESTED_1
18:56:08.226 (index):823 UPDATE_2
18:56:08.228 (index):835 NODEACCESSREQUESTED_3
18:56:09.226 (index):853 WAITING_4
18:56:09.228 (index):853 WAITING_5
18:56:09.229 (index):853 WAITING_6
18:56:09.231 (index):853 WAITING_7
18:56:09.233 (index):853 WAITING_8
18:56:09.234 (index):853 WAITING_9
18:56:09.235 (index):853 WAITING_10
18:56:09.235 (index):853 WAITING_11
18:56:09.236 (index):853 WAITING_12
18:56:09.236 (index):823 UPDATE_1
18:56:09.237 (index):805 NODEACCESSRELEASED_2
18:56:09.237 (index):823 UPDATE_0
18:56:10.226 (index):823 UPDATE_3
18:56:10.227 (index):815 THINKING_1
18:56:10.228 (index):805 NODEACCESSRELEASED_0
18:56:11.226 (index):853 WAITING_4
18:56:11.228 (index):853 WAITING_5
18:56:11.229 (index):853 WAITING_6
18:56:11.231 (index):853 WAITING_7
18:56:11.232 (index):853 WAITING_8
18:56:11.233 (index):853 WAITING_9
18:56:11.234 (index):853 WAITING_10
18:56:11.235 (index):853 WAITING_11
18:56:11.236 (index):853 WAITING_12
18:56:11.237 (index):835 NODEACCESSREQUESTED_2
18:56:11.238 (index):805 NODEACCESSRELEASED_3
18:56:12.226 (index):835 NODEACCESSREQUESTED_0
18:56:13.226 (index):853 WAITING_4
18:56:13.228 (index):853 WAITING_5
18:56:13.230 (index):853 WAITING_6
18:56:13.232 (index):853 WAITING_7
18:56:13.233 (index):853 WAITING_8
18:56:13.234 (index):853 WAITING_9
18:56:13.235 (index):853 WAITING_10
18:56:13.236 (index):853 WAITING_11
18:56:13.237 (index):853 WAITING_12
18:56:13.238 (index):823 UPDATE_2
18:56:13.239 (index):835 NODEACCESSREQUESTED_3
18:56:13.240 (index):823 UPDATE_1
18:56:14.226 (index):823 UPDATE_0
18:56:14.228 (index):815 THINKING_2
18:56:14.229 (index):805 NODEACCESSRELEASED_1
18:56:15.226 (index):853 WAITING_4
18:56:15.228 (index):853 WAITING_5
18:56:15.229 (index):853 WAITING_6
18:56:15.235 (index):853 WAITING_7
18:56:15.235 (index):853 WAITING_8
18:56:15.236 (index):853 WAITING_9
18:56:15.236 (index):853 WAITING_10
18:56:15.237 (index):853 WAITING_11
18:56:15.237 (index):853 WAITING_12
18:56:15.238 (index):823 UPDATE_3
18:56:15.238 (index):815 THINKING_0
18:56:16.226 (index):835 NODEACCESSREQUESTED_1
18:56:16.228 (index):805 NODEACCESSRELEASED_3
18:56:17.227 (index):853 WAITING_4
18:56:17.228 (index):853 WAITING_5
18:56:17.229 (index):853 WAITING_6
18:56:17.231 (index):853 WAITING_7
18:56:17.232 (index):853 WAITING_8
18:56:17.233 (index):853 WAITING_9
18:56:17.234 (index):853 WAITING_10
18:56:17.235 (index):853 WAITING_11
18:56:17.236 (index):853 WAITING_12
18:56:17.237 (index):823 UPDATE_2
18:56:18.226 (index):823 UPDATE_1
18:56:18.227 (index):835 NODEACCESSREQUESTED_3
18:56:18.228 (index):815 THINKING_2
18:56:18.229 (index):823 UPDATE_0
18:56:19.226 (index):853 WAITING_4
18:56:19.228 (index):853 WAITING_5
18:56:19.229 (index):853 WAITING_6
18:56:19.231 (index):853 WAITING_7
18:56:19.233 (index):853 WAITING_8
18:56:19.234 (index):853 WAITING_9
18:56:19.236 (index):853 WAITING_10
18:56:19.238 (index):853 WAITING_11
18:56:19.239 (index):853 WAITING_12
18:56:19.241 (index):815 THINKING_1
18:56:19.242 (index):805 NODEACCESSRELEASED_0
18:56:20.226 (index):823 UPDATE_3
18:56:21.230 (index):853 WAITING_4
18:56:21.232 (index):853 WAITING_5
18:56:21.233 (index):853 WAITING_6
18:56:21.236 (index):853 WAITING_7
18:56:21.237 (index):853 WAITING_8
18:56:21.237 (index):853 WAITING_9
18:56:21.238 (index):853 WAITING_10
18:56:21.238 (index):853 WAITING_11
18:56:21.239 (index):853 WAITING_12
18:56:21.239 (index):835 NODEACCESSREQUESTED_0
18:56:21.240 (index):805 NODEACCESSRELEASED_3
18:56:21.240 (index):823 UPDATE_2
18:56:22.226 (index):815 THINKING_2
18:56:22.227 (index):823 UPDATE_1
18:56:23.226 (index):853 WAITING_4
18:56:23.227 (index):853 WAITING_5
18:56:23.229 (index):853 WAITING_6
18:56:23.230 (index):853 WAITING_7
18:56:23.231 (index):853 WAITING_8
18:56:23.233 (index):853 WAITING_9
18:56:23.234 (index):853 WAITING_10
18:56:23.236 (index):853 WAITING_11
18:56:23.237 (index):853 WAITING_12
18:56:23.238 (index):823 UPDATE_0
18:56:23.239 (index):835 NODEACCESSREQUESTED_3
18:56:23.239 (index):815 THINKING_1
18:56:24.227 (index):805 NODEACCESSRELEASED_0
18:56:25.227 (index):853 WAITING_4
18:56:25.228 (index):853 WAITING_5
18:56:25.230 (index):853 WAITING_6
18:56:25.231 (index):853 WAITING_7
18:56:25.232 (index):853 WAITING_8
18:56:25.234 (index):853 WAITING_9
18:56:25.234 (index):853 WAITING_10
18:56:25.235 (index):853 WAITING_11
18:56:25.236 (index):853 WAITING_12
18:56:25.237 (index):823 UPDATE_3
18:56:26.226 (index):835 NODEACCESSREQUESTED_0
18:56:26.228 (index):815 THINKING_3
18:56:27.226 (index):853 WAITING_4
18:56:27.228 (index):853 WAITING_5
18:56:27.229 (index):853 WAITING_6
18:56:27.231 (index):853 WAITING_7
18:56:27.233 (index):853 WAITING_8
18:56:27.234 (index):853 WAITING_9
18:56:27.234 (index):853 WAITING_10
18:56:27.235 (index):853 WAITING_11
18:56:27.235 (index):853 WAITING_12
18:56:27.236 (index):823 UPDATE_2
18:56:28.226 (index):823 UPDATE_0
18:56:28.228 (index):805 NODEACCESSRELEASED_2
18:56:28.229 (index):823 UPDATE_1
18:56:29.226 (index):853 WAITING_4
18:56:29.227 (index):853 WAITING_5
18:56:29.228 (index):853 WAITING_6
18:56:29.228 (index):853 WAITING_7
18:56:29.229 (index):853 WAITING_8
18:56:29.230 (index):853 WAITING_9
18:56:29.231 (index):853 WAITING_10
18:56:29.232 (index):853 WAITING_11
18:56:29.233 (index):853 WAITING_12
18:56:29.234 (index):815 THINKING_0
18:56:29.235 (index):815 THINKING_1
18:56:29.236 (index):823 UPDATE_3
18:56:30.226 (index):835 NODEACCESSREQUESTED_2
18:56:30.228 (index):805 NODEACCESSRELEASED_3
18:56:31.226 (index):853 WAITING_4
18:56:31.228 (index):853 WAITING_5
18:56:31.229 (index):853 WAITING_6
18:56:31.231 (index):853 WAITING_7
18:56:31.232 (index):853 WAITING_8
18:56:31.233 (index):853 WAITING_9
18:56:31.234 (index):853 WAITING_10
18:56:31.235 (index):853 WAITING_11
18:56:31.236 (index):853 WAITING_12
18:56:32.229 (index):823 UPDATE_2
18:56:32.231 (index):835 NODEACCESSREQUESTED_3
18:56:32.232 (index):853 WAITING_4
18:56:33.226 (index):853 WAITING_5
18:56:33.228 (index):853 WAITING_6
18:56:33.229 (index):853 WAITING_7
18:56:33.231 (index):853 WAITING_8
18:56:33.232 (index):853 WAITING_9
18:56:33.233 (index):853 WAITING_10
18:56:33.234 (index):853 WAITING_11
18:56:33.234 (index):853 WAITING_12
18:56:33.235 (index):805 NODEACCESSRELEASED_2
18:56:34.226 (index):823 UPDATE_0
18:56:34.228 (index):823 UPDATE_3
18:56:34.229 (index):853 WAITING_4
18:56:34.231 (index):823 UPDATE_1
18:56:35.227 (index):853 WAITING_5
18:56:35.228 (index):853 WAITING_6
18:56:35.230 (index):853 WAITING_7
18:56:35.231 (index):853 WAITING_8
18:56:35.232 (index):853 WAITING_9
18:56:35.233 (index):853 WAITING_10
18:56:35.234 (index):853 WAITING_11
18:56:35.235 (index):853 WAITING_12
18:56:35.236 (index):835 NODEACCESSREQUESTED_2
18:56:35.237 (index):805 NODEACCESSRELEASED_0
18:56:35.238 (index):805 NODEACCESSRELEASED_3
18:56:35.239 (index):805 NODEACCESSRELEASED_1
18:56:36.226 (index):853 WAITING_4
18:56:37.227 (index):853 WAITING_5
18:56:37.228 (index):853 WAITING_6
18:56:37.231 (index):853 WAITING_7
18:56:37.233 (index):853 WAITING_8
18:56:37.234 (index):853 WAITING_9
18:56:37.235 (index):853 WAITING_10
18:56:37.236 (index):853 WAITING_11
18:56:37.237 (index):853 WAITING_12
18:56:37.238 (index):823 UPDATE_2
18:56:37.239 (index):835 NODEACCESSREQUESTED_0
18:56:37.240 (index):835 NODEACCESSREQUESTED_3
18:56:37.241 (index):835 NODEACCESSREQUESTED_1
18:56:38.226 (index):853 WAITING_4
18:56:38.228 (index):805 NODEACCESSRELEASED_2
18:56:39.226 (index):853 WAITING_5
18:56:39.227 (index):853 WAITING_6
18:56:39.227 (index):853 WAITING_7
18:56:39.228 (index):853 WAITING_8
18:56:39.229 (index):853 WAITING_9
18:56:39.229 (index):853 WAITING_10
18:56:39.230 (index):853 WAITING_11
18:56:39.231 (index):853 WAITING_12
18:56:39.232 (index):823 UPDATE_0
18:56:39.233 (index):823 UPDATE_3
18:56:39.234 (index):823 UPDATE_1
18:56:40.226 (index):853 WAITING_4
18:56:40.227 (index):835 NODEACCESSREQUESTED_2
18:56:40.227 (index):805 NODEACCESSRELEASED_0
18:56:40.228 (index):815 THINKING_3
18:56:40.228 (index):815 THINKING_1
18:56:41.226 (index):853 WAITING_5
18:56:41.227 (index):853 WAITING_6
18:56:41.227 (index):853 WAITING_7
18:56:41.228 (index):853 WAITING_8
18:56:41.228 (index):853 WAITING_9
18:56:41.229 (index):853 WAITING_10
18:56:41.230 (index):853 WAITING_11
18:56:41.231 (index):853 WAITING_12
18:56:42.226 (index):853 WAITING_4
18:56:42.227 (index):823 UPDATE_2
18:56:42.228 (index):835 NODEACCESSREQUESTED_0
18:56:43.226 (index):853 WAITING_5
18:56:43.227 (index):853 WAITING_6
18:56:43.228 (index):853 WAITING_7
18:56:43.229 (index):853 WAITING_8
18:56:43.231 (index):853 WAITING_9
18:56:43.232 (index):853 WAITING_10
18:56:43.233 (index):853 WAITING_11
18:56:43.235 (index):853 WAITING_12
18:56:43.236 (index):805 NODEACCESSRELEASED_2
18:56:43.238 (index):823 UPDATE_1
18:56:43.240 (index):823 UPDATE_3
18:56:44.226 (index):853 WAITING_4
18:56:44.227 (index):823 UPDATE_0
18:56:44.228 (index):805 NODEACCESSRELEASED_1
18:56:44.229 (index):805 NODEACCESSRELEASED_3
18:56:45.226 (index):853 WAITING_5
18:56:45.228 (index):853 WAITING_6
18:56:45.229 (index):853 WAITING_7
18:56:45.231 (index):853 WAITING_8
18:56:45.233 (index):853 WAITING_9
18:56:45.234 (index):853 WAITING_10
18:56:45.235 (index):853 WAITING_11
18:56:45.235 (index):853 WAITING_12
18:56:45.236 (index):835 NODEACCESSREQUESTED_2
18:56:45.237 (index):805 NODEACCESSRELEASED_0
18:56:46.226 (index):853 WAITING_4
18:56:46.227 (index):835 NODEACCESSREQUESTED_1
18:56:46.227 (index):835 NODEACCESSREQUESTED_3
18:56:47.226 (index):853 WAITING_5
18:56:47.227 (index):853 WAITING_6
18:56:47.228 (index):853 WAITING_7
18:56:47.229 (index):853 WAITING_8
18:56:47.231 (index):853 WAITING_9
18:56:47.232 (index):853 WAITING_10
18:56:47.233 (index):853 WAITING_11
18:56:47.234 (index):853 WAITING_12
18:56:47.235 (index):823 UPDATE_2
18:56:47.236 (index):835 NODEACCESSREQUESTED_0
18:56:48.226 (index):853 WAITING_4
18:56:48.228 (index):823 UPDATE_1
18:56:48.229 (index):823 UPDATE_3
18:56:48.230 (index):864 END_2
18:56:49.227 (index):853 WAITING_5
18:56:49.229 (index):853 WAITING_6
18:56:49.230 (index):853 WAITING_7
18:56:49.231 (index):853 WAITING_8
18:56:49.233 (index):853 WAITING_9
18:56:49.234 (index):853 WAITING_10
18:56:49.235 (index):853 WAITING_11
18:56:49.237 (index):853 WAITING_12
18:56:49.238 (index):823 UPDATE_0
18:56:49.240 (index):864 END_1
18:56:49.242 (index):864 END_3
18:56:50.226 (index):853 WAITING_4
18:56:50.228 (index):864 END_0
18:56:51.227 (index):853 WAITING_5
18:56:51.228 (index):853 WAITING_6
18:56:51.229 (index):853 WAITING_7
18:56:51.230 (index):853 WAITING_8
18:56:51.232 (index):853 WAITING_9
18:56:51.233 (index):853 WAITING_10
18:56:51.234 (index):853 WAITING_11
18:56:51.235 (index):853 WAITING_12
18:56:52.226 (index):805 NODEACCESSRELEASED_4
18:56:53.227 (index):805 NODEACCESSRELEASED_5
18:56:53.229 (index):815 THINKING_6
18:56:53.230 (index):853 WAITING_7
18:56:53.231 (index):853 WAITING_8
18:56:53.232 (index):853 WAITING_9
18:56:53.233 (index):853 WAITING_10
18:56:53.234 (index):853 WAITING_11
18:56:53.235 (index):853 WAITING_12
18:56:54.226 (index):835 NODEACCESSREQUESTED_4
18:56:55.226 (index):835 NODEACCESSREQUESTED_5
18:56:55.227 (index):853 WAITING_7
18:56:55.228 (index):853 WAITING_8
18:56:55.229 (index):853 WAITING_9
18:56:55.230 (index):853 WAITING_10
18:56:55.231 (index):853 WAITING_11
18:56:55.232 (index):853 WAITING_12
18:56:56.227 (index):853 WAITING_4
18:56:56.228 (index):823 UPDATE_6
18:56:57.227 (index):853 WAITING_5
18:56:57.229 (index):853 WAITING_7
18:56:57.230 (index):853 WAITING_8
18:56:57.231 (index):853 WAITING_9
18:56:57.232 (index):853 WAITING_10
18:56:57.233 (index):853 WAITING_11
18:56:57.234 (index):853 WAITING_12
18:56:57.235 (index):805 NODEACCESSRELEASED_6
18:56:58.226 (index):853 WAITING_4
18:56:59.226 (index):853 WAITING_5
18:56:59.227 (index):805 NODEACCESSRELEASED_7
18:56:59.228 (index):815 THINKING_8
18:56:59.228 (index):853 WAITING_9
18:56:59.229 (index):853 WAITING_10
18:56:59.230 (index):853 WAITING_11
18:56:59.230 (index):853 WAITING_12
18:56:59.230 (index):835 NODEACCESSREQUESTED_6
18:57:00.226 (index):853 WAITING_4
18:57:01.227 (index):853 WAITING_5
18:57:01.229 (index):835 NODEACCESSREQUESTED_7
18:57:01.231 (index):853 WAITING_9
18:57:01.232 (index):853 WAITING_10
18:57:01.233 (index):853 WAITING_11
18:57:01.234 (index):853 WAITING_12
18:57:01.235 (index):853 WAITING_6
18:57:02.227 (index):853 WAITING_4
18:57:02.228 (index):823 UPDATE_8
18:57:03.226 (index):853 WAITING_5
18:57:03.228 (index):853 WAITING_7
18:57:03.229 (index):853 WAITING_9
18:57:03.233 (index):853 WAITING_10
18:57:03.234 (index):853 WAITING_11
18:57:03.235 (index):853 WAITING_12
18:57:03.236 (index):853 WAITING_6
18:57:03.237 (index):815 THINKING_8
18:57:04.226 (index):853 WAITING_4
18:57:05.226 (index):853 WAITING_5
18:57:05.228 (index):853 WAITING_7
18:57:05.229 (index):853 WAITING_9
18:57:05.233 (index):853 WAITING_10
18:57:05.234 (index):853 WAITING_11
18:57:05.235 (index):853 WAITING_12
18:57:05.236 (index):853 WAITING_6
18:57:06.227 (index):853 WAITING_4
18:57:07.227 (index):853 WAITING_5
18:57:07.229 (index):853 WAITING_7
18:57:07.230 (index):853 WAITING_9
18:57:07.231 (index):853 WAITING_10
18:57:07.232 (index):853 WAITING_11
18:57:07.233 (index):853 WAITING_12
18:57:07.235 (index):853 WAITING_6
18:57:08.227 (index):853 WAITING_4
18:57:08.228 (index):823 UPDATE_8
18:57:09.226 (index):853 WAITING_5
18:57:09.228 (index):853 WAITING_7
18:57:09.229 (index):853 WAITING_9
18:57:09.231 (index):853 WAITING_10
18:57:09.232 (index):853 WAITING_11
18:57:09.233 (index):853 WAITING_12
18:57:09.234 (index):853 WAITING_6
18:57:09.235 (index):805 NODEACCESSRELEASED_8
18:57:10.226 (index):853 WAITING_4
18:57:11.226 (index):853 WAITING_5
18:57:11.228 (index):853 WAITING_7
18:57:11.229 (index):805 NODEACCESSRELEASED_9
18:57:11.231 (index):805 NODEACCESSRELEASED_10
18:57:11.233 (index):815 THINKING_11
18:57:11.235 (index):853 WAITING_12
18:57:11.237 (index):853 WAITING_6
18:57:11.238 (index):835 NODEACCESSREQUESTED_8
18:57:12.226 (index):853 WAITING_4
18:57:13.227 (index):853 WAITING_5
18:57:13.228 (index):853 WAITING_7
18:57:13.229 (index):835 NODEACCESSREQUESTED_9
18:57:13.231 (index):835 NODEACCESSREQUESTED_10
18:57:13.232 (index):853 WAITING_12
18:57:13.234 (index):853 WAITING_6
18:57:13.235 (index):853 WAITING_8
18:57:14.226 (index):853 WAITING_4
18:57:14.227 (index):823 UPDATE_11
18:57:15.227 (index):853 WAITING_5
18:57:15.229 (index):853 WAITING_7
18:57:15.231 (index):853 WAITING_9
18:57:15.232 (index):853 WAITING_10
18:57:15.234 (index):853 WAITING_12
18:57:15.234 (index):853 WAITING_6
18:57:15.235 (index):853 WAITING_8
18:57:15.236 (index):815 THINKING_11
18:57:15.237 (index):853 WAITING_4
18:57:17.226 (index):853 WAITING_5
18:57:17.228 (index):853 WAITING_7
18:57:17.229 (index):853 WAITING_9
18:57:17.231 (index):853 WAITING_10
18:57:17.232 (index):853 WAITING_12
18:57:17.233 (index):853 WAITING_6
18:57:17.234 (index):853 WAITING_8
18:57:17.235 (index):853 WAITING_4
18:57:19.226 (index):853 WAITING_5
18:57:19.227 (index):853 WAITING_7
18:57:19.229 (index):853 WAITING_9
18:57:19.230 (index):853 WAITING_10
18:57:19.231 (index):853 WAITING_12
18:57:19.231 (index):853 WAITING_6
18:57:19.232 (index):853 WAITING_8
18:57:19.232 (index):853 WAITING_4
18:57:19.233 (index):823 UPDATE_11
18:57:20.226 (index):805 NODEACCESSRELEASED_11
18:57:21.226 (index):853 WAITING_5
18:57:21.228 (index):853 WAITING_7
18:57:21.229 (index):853 WAITING_9
18:57:21.231 (index):853 WAITING_10
18:57:21.232 (index):805 NODEACCESSRELEASED_12
18:57:21.233 (index):853 WAITING_6
18:57:21.234 (index):853 WAITING_8
18:57:21.235 (index):823 UPDATE_4
18:57:22.226 (index):835 NODEACCESSREQUESTED_11
18:57:22.227 (index):805 NODEACCESSRELEASED_4
18:57:23.226 (index):823 UPDATE_5
18:57:23.228 (index):853 WAITING_7
18:57:23.229 (index):853 WAITING_9
18:57:23.231 (index):853 WAITING_10
18:57:23.233 (index):835 NODEACCESSREQUESTED_12
18:57:23.234 (index):853 WAITING_6
18:57:23.235 (index):853 WAITING_8
18:57:24.226 (index):823 UPDATE_11
18:57:24.228 (index):835 NODEACCESSREQUESTED_4
18:57:24.229 (index):815 THINKING_5
18:57:25.226 (index):853 WAITING_7
18:57:25.227 (index):853 WAITING_9
18:57:25.228 (index):853 WAITING_10
18:57:25.229 (index):823 UPDATE_12
18:57:25.231 (index):853 WAITING_6
18:57:25.232 (index):853 WAITING_8
18:57:25.234 (index):805 NODEACCESSRELEASED_11
18:57:26.226 (index):823 UPDATE_4
18:57:26.227 (index):805 NODEACCESSRELEASED_12
18:57:27.226 (index):853 WAITING_7
18:57:27.227 (index):853 WAITING_9
18:57:27.228 (index):853 WAITING_10
18:57:27.229 (index):853 WAITING_6
18:57:27.230 (index):853 WAITING_8
18:57:27.231 (index):835 NODEACCESSREQUESTED_11
18:57:27.232 (index):805 NODEACCESSRELEASED_4
18:57:27.233 (index):823 UPDATE_5
18:57:28.226 (index):835 NODEACCESSREQUESTED_12
18:57:28.227 (index):805 NODEACCESSRELEASED_5
18:57:29.226 (index):853 WAITING_7
18:57:29.227 (index):853 WAITING_9
18:57:29.227 (index):853 WAITING_10
18:57:29.229 (index):823 UPDATE_6
18:57:29.230 (index):853 WAITING_8
18:57:29.231 (index):823 UPDATE_11
18:57:29.232 (index):835 NODEACCESSREQUESTED_4
18:57:30.227 (index):823 UPDATE_12
18:57:30.228 (index):835 NODEACCESSREQUESTED_5
18:57:30.229 (index):805 NODEACCESSRELEASED_6
18:57:30.230 (index):805 NODEACCESSRELEASED_11
18:57:31.226 (index):823 UPDATE_7
18:57:31.227 (index):853 WAITING_9
18:57:31.228 (index):853 WAITING_10
18:57:31.228 (index):853 WAITING_8
18:57:31.229 (index):823 UPDATE_4
18:57:31.231 (index):805 NODEACCESSRELEASED_12
18:57:32.226 (index):853 WAITING_5
18:57:32.227 (index):835 NODEACCESSREQUESTED_6
18:57:32.228 (index):835 NODEACCESSREQUESTED_11
18:57:32.229 (index):805 NODEACCESSRELEASED_7
18:57:32.229 (index):805 NODEACCESSRELEASED_4
18:57:33.226 (index):853 WAITING_9
18:57:33.227 (index):853 WAITING_10
18:57:33.229 (index):823 UPDATE_8
18:57:33.230 (index):835 NODEACCESSREQUESTED_12
18:57:34.226 (index):853 WAITING_5
18:57:34.227 (index):823 UPDATE_6
18:57:34.229 (index):823 UPDATE_11
18:57:34.230 (index):835 NODEACCESSREQUESTED_7
18:57:34.231 (index):835 NODEACCESSREQUESTED_4
18:57:34.232 (index):815 THINKING_8
18:57:35.226 (index):853 WAITING_9
18:57:35.228 (index):853 WAITING_10
18:57:35.229 (index):823 UPDATE_12
18:57:35.231 (index):805 NODEACCESSRELEASED_6
18:57:35.232 (index):815 THINKING_11
18:57:36.226 (index):853 WAITING_5
18:57:36.228 (index):853 WAITING_7
18:57:36.229 (index):853 WAITING_4
18:57:36.235 (index):815 THINKING_12
18:57:37.226 (index):853 WAITING_9
18:57:37.228 (index):853 WAITING_10
18:57:37.229 (index):835 NODEACCESSREQUESTED_6
18:57:38.226 (index):853 WAITING_5
18:57:38.229 (index):853 WAITING_7
18:57:38.231 (index):853 WAITING_4
18:57:39.226 (index):853 WAITING_9
18:57:39.228 (index):853 WAITING_10
18:57:39.229 (index):823 UPDATE_6
18:57:39.230 (index):823 UPDATE_8
18:57:40.227 (index):853 WAITING_5
18:57:40.228 (index):853 WAITING_7
18:57:40.230 (index):853 WAITING_4
18:57:40.231 (index):805 NODEACCESSRELEASED_6
18:57:40.232 (index):805 NODEACCESSRELEASED_8
18:57:40.232 (index):823 UPDATE_11
18:57:41.226 (index):823 UPDATE_9
18:57:41.228 (index):853 WAITING_10
18:57:41.229 (index):805 NODEACCESSRELEASED_11
18:57:41.231 (index):823 UPDATE_12
18:57:42.227 (index):853 WAITING_5
18:57:42.228 (index):853 WAITING_7
18:57:42.230 (index):853 WAITING_4
18:57:42.231 (index):835 NODEACCESSREQUESTED_6
18:57:42.232 (index):835 NODEACCESSREQUESTED_8
18:57:42.234 (index):815 THINKING_9
18:57:42.234 (index):805 NODEACCESSRELEASED_12
18:57:43.226 (index):853 WAITING_10
18:57:43.227 (index):835 NODEACCESSREQUESTED_11
18:57:44.226 (index):853 WAITING_5
18:57:44.227 (index):853 WAITING_7
18:57:44.228 (index):853 WAITING_4
18:57:44.229 (index):823 UPDATE_6
18:57:44.231 (index):823 UPDATE_8
18:57:44.235 (index):835 NODEACCESSREQUESTED_12
18:57:45.228 (index):853 WAITING_10
18:57:45.229 (index):823 UPDATE_11
18:57:45.231 (index):805 NODEACCESSRELEASED_6
18:57:45.232 (index):805 NODEACCESSRELEASED_8
18:57:45.233 (index):853 WAITING_5
18:57:46.226 (index):853 WAITING_7
18:57:46.227 (index):853 WAITING_4
18:57:46.227 (index):853 WAITING_12
18:57:46.228 (index):805 NODEACCESSRELEASED_11
18:57:47.227 (index):853 WAITING_10
18:57:47.229 (index):835 NODEACCESSREQUESTED_6
18:57:47.230 (index):835 NODEACCESSREQUESTED_8
18:57:47.231 (index):853 WAITING_5
18:57:47.232 (index):823 UPDATE_9
18:57:47.233 (index):853 WAITING_7
18:57:48.228 (index):853 WAITING_4
18:57:48.230 (index):853 WAITING_12
18:57:48.231 (index):835 NODEACCESSREQUESTED_11
18:57:48.233 (index):815 THINKING_9
18:57:49.226 (index):853 WAITING_10
18:57:49.227 (index):823 UPDATE_6
18:57:49.229 (index):823 UPDATE_8
18:57:49.229 (index):853 WAITING_5
18:57:49.231 (index):853 WAITING_7
18:57:50.226 (index):853 WAITING_4
18:57:50.228 (index):853 WAITING_12
18:57:50.229 (index):823 UPDATE_11
18:57:50.230 (index):815 THINKING_6
18:57:50.231 (index):815 THINKING_8
18:57:51.226 (index):853 WAITING_10
18:57:51.228 (index):853 WAITING_5
18:57:51.229 (index):853 WAITING_7
18:57:51.231 (index):805 NODEACCESSRELEASED_11
18:57:51.233 (index):823 UPDATE_9
18:57:52.227 (index):853 WAITING_4
18:57:52.229 (index):853 WAITING_12
18:57:52.231 (index):805 NODEACCESSRELEASED_9
18:57:53.227 (index):823 UPDATE_10
18:57:53.228 (index):853 WAITING_5
18:57:53.230 (index):853 WAITING_7
18:57:53.231 (index):835 NODEACCESSREQUESTED_11
18:57:53.233 (index):823 UPDATE_6
18:57:54.226 (index):853 WAITING_4
18:57:54.228 (index):853 WAITING_12
18:57:54.229 (index):835 NODEACCESSREQUESTED_9
18:57:54.231 (index):815 THINKING_10
18:57:54.233 (index):815 THINKING_6
18:57:54.234 (index):823 UPDATE_8
18:57:55.226 (index):853 WAITING_5
18:57:55.228 (index):853 WAITING_7
18:57:55.229 (index):823 UPDATE_11
18:57:55.230 (index):805 NODEACCESSRELEASED_8
18:57:56.226 (index):853 WAITING_4
18:57:56.228 (index):853 WAITING_12
18:57:56.229 (index):853 WAITING_9
18:57:56.231 (index):815 THINKING_11
18:57:57.226 (index):853 WAITING_5
18:57:57.228 (index):853 WAITING_7
18:57:57.229 (index):835 NODEACCESSREQUESTED_8
18:57:57.230 (index):823 UPDATE_10
18:57:57.231 (index):823 UPDATE_6
18:57:58.226 (index):853 WAITING_4
18:57:58.227 (index):853 WAITING_12
18:57:58.229 (index):853 WAITING_9
18:57:58.230 (index):805 NODEACCESSRELEASED_10
18:57:58.231 (index):805 NODEACCESSRELEASED_6
18:57:59.226 (index):853 WAITING_5
18:57:59.227 (index):853 WAITING_7
18:57:59.228 (index):823 UPDATE_8
18:58:00.226 (index):853 WAITING_4
18:58:00.227 (index):853 WAITING_12
18:58:00.229 (index):853 WAITING_9
18:58:00.230 (index):835 NODEACCESSREQUESTED_10
18:58:00.232 (index):835 NODEACCESSREQUESTED_6
18:58:00.234 (index):805 NODEACCESSRELEASED_8
18:58:00.234 (index):823 UPDATE_11
18:58:01.227 (index):853 WAITING_5
18:58:01.228 (index):853 WAITING_7
18:58:01.228 (index):805 NODEACCESSRELEASED_11
18:58:02.226 (index):853 WAITING_4
18:58:02.227 (index):853 WAITING_12
18:58:02.227 (index):853 WAITING_9
18:58:02.228 (index):823 UPDATE_10
18:58:02.229 (index):823 UPDATE_6
18:58:02.231 (index):835 NODEACCESSREQUESTED_8
18:58:03.226 (index):853 WAITING_5
18:58:03.228 (index):853 WAITING_7
18:58:03.229 (index):835 NODEACCESSREQUESTED_11
18:58:03.231 (index):815 THINKING_10
18:58:03.232 (index):805 NODEACCESSRELEASED_6
18:58:04.227 (index):853 WAITING_4
18:58:04.228 (index):853 WAITING_12
18:58:04.229 (index):853 WAITING_9
18:58:04.231 (index):823 UPDATE_8
18:58:05.226 (index):853 WAITING_5
18:58:05.227 (index):853 WAITING_7
18:58:05.228 (index):823 UPDATE_11
18:58:05.230 (index):835 NODEACCESSREQUESTED_6
18:58:05.231 (index):805 NODEACCESSRELEASED_8
18:58:06.226 (index):853 WAITING_4
18:58:06.228 (index):853 WAITING_12
18:58:06.229 (index):853 WAITING_9
18:58:06.230 (index):805 NODEACCESSRELEASED_11
18:58:06.231 (index):823 UPDATE_10
18:58:07.226 (index):853 WAITING_5
18:58:07.228 (index):853 WAITING_7
18:58:07.229 (index):823 UPDATE_6
18:58:07.230 (index):835 NODEACCESSREQUESTED_8
18:58:07.230 (index):805 NODEACCESSRELEASED_10
18:58:08.226 (index):853 WAITING_4
18:58:08.228 (index):853 WAITING_12
18:58:08.229 (index):853 WAITING_9
18:58:08.231 (index):835 NODEACCESSREQUESTED_11
18:58:08.232 (index):805 NODEACCESSRELEASED_6
18:58:09.226 (index):853 WAITING_5
18:58:09.227 (index):853 WAITING_7
18:58:09.228 (index):823 UPDATE_8
18:58:09.230 (index):835 NODEACCESSREQUESTED_10
18:58:10.226 (index):853 WAITING_4
18:58:10.228 (index):853 WAITING_12
18:58:10.229 (index):853 WAITING_9
18:58:10.230 (index):823 UPDATE_11
18:58:10.231 (index):835 NODEACCESSREQUESTED_6
18:58:10.232 (index):805 NODEACCESSRELEASED_8
18:58:11.226 (index):853 WAITING_5
18:58:11.228 (index):853 WAITING_7
18:58:11.229 (index):823 UPDATE_10
18:58:11.231 (index):815 THINKING_11
18:58:12.227 (index):853 WAITING_4
18:58:12.229 (index):853 WAITING_12
18:58:12.231 (index):853 WAITING_9
18:58:12.233 (index):823 UPDATE_6
18:58:12.234 (index):835 NODEACCESSREQUESTED_8
18:58:12.234 (index):815 THINKING_10
18:58:13.226 (index):853 WAITING_5
18:58:13.228 (index):853 WAITING_7
18:58:13.229 (index):805 NODEACCESSRELEASED_6
18:58:14.226 (index):853 WAITING_4
18:58:14.227 (index):853 WAITING_12
18:58:14.228 (index):853 WAITING_9
18:58:14.228 (index):823 UPDATE_8
18:58:15.226 (index):853 WAITING_5
18:58:15.228 (index):853 WAITING_7
18:58:15.229 (index):835 NODEACCESSREQUESTED_6
18:58:15.230 (index):805 NODEACCESSRELEASED_8
18:58:15.231 (index):823 UPDATE_11
18:58:16.226 (index):853 WAITING_4
18:58:16.227 (index):853 WAITING_12
18:58:16.228 (index):853 WAITING_9
18:58:16.229 (index):864 END_11
18:58:17.226 (index):853 WAITING_5
18:58:17.227 (index):853 WAITING_7
18:58:17.227 (index):823 UPDATE_6
18:58:17.228 (index):835 NODEACCESSREQUESTED_8
18:58:17.228 (index):823 UPDATE_10
18:58:18.226 (index):853 WAITING_4
18:58:18.227 (index):853 WAITING_12
18:58:18.227 (index):853 WAITING_9
18:58:18.228 (index):805 NODEACCESSRELEASED_6
18:58:18.228 (index):805 NODEACCESSRELEASED_10
18:58:19.226 (index):853 WAITING_5
18:58:19.228 (index):853 WAITING_7
18:58:19.229 (index):823 UPDATE_8
18:58:20.226 (index):853 WAITING_4
18:58:20.227 (index):853 WAITING_12
18:58:20.228 (index):853 WAITING_9
18:58:20.230 (index):835 NODEACCESSREQUESTED_6
18:58:20.231 (index):835 NODEACCESSREQUESTED_10
18:58:20.232 (index):805 NODEACCESSRELEASED_8
18:58:21.226 (index):853 WAITING_5
18:58:21.228 (index):853 WAITING_7
18:58:22.226 (index):853 WAITING_4
18:58:22.228 (index):853 WAITING_12
18:58:22.229 (index):853 WAITING_9
18:58:22.230 (index):823 UPDATE_6
18:58:22.231 (index):823 UPDATE_10
18:58:22.233 (index):835 NODEACCESSREQUESTED_8
18:58:23.227 (index):853 WAITING_5
18:58:23.228 (index):853 WAITING_7
18:58:23.228 (index):864 END_6
18:58:23.229 (index):815 THINKING_10
18:58:24.226 (index):853 WAITING_4
18:58:24.227 (index):853 WAITING_12
18:58:24.228 (index):853 WAITING_9
18:58:24.230 (index):823 UPDATE_8
18:58:25.228 (index):853 WAITING_5
18:58:25.230 (index):853 WAITING_7
18:58:25.232 (index):864 END_8
18:58:25.233 (index):853 WAITING_4
18:58:25.234 (index):853 WAITING_12
18:58:26.226 (index):853 WAITING_9
18:58:27.227 (index):853 WAITING_5
18:58:27.228 (index):853 WAITING_7
18:58:27.229 (index):853 WAITING_4
18:58:27.230 (index):853 WAITING_12
18:58:27.232 (index):823 UPDATE_10
18:58:28.226 (index):853 WAITING_9
18:58:28.228 (index):805 NODEACCESSRELEASED_10
18:58:29.226 (index):823 UPDATE_5
18:58:29.228 (index):853 WAITING_7
18:58:29.229 (index):853 WAITING_4
18:58:29.230 (index):853 WAITING_12
18:58:30.229 (index):853 WAITING_9
18:58:30.231 (index):835 NODEACCESSREQUESTED_10
18:58:30.232 (index):815 THINKING_5
18:58:31.226 (index):853 WAITING_7
18:58:31.228 (index):853 WAITING_4
18:58:31.229 (index):853 WAITING_12
18:58:32.226 (index):853 WAITING_9
18:58:32.227 (index):853 WAITING_10
18:58:33.226 (index):853 WAITING_7
18:58:33.227 (index):853 WAITING_4
18:58:33.228 (index):853 WAITING_12
18:58:34.226 (index):853 WAITING_9
18:58:34.228 (index):853 WAITING_10
18:58:34.229 (index):823 UPDATE_5
18:58:35.226 (index):853 WAITING_7
18:58:35.228 (index):853 WAITING_4
18:58:35.229 (index):853 WAITING_12
18:58:35.230 (index):805 NODEACCESSRELEASED_5
18:58:36.226 (index):853 WAITING_9
18:58:36.228 (index):853 WAITING_10
18:58:37.226 (index):823 UPDATE_7
18:58:37.228 (index):853 WAITING_4
18:58:37.229 (index):853 WAITING_12
18:58:37.230 (index):835 NODEACCESSREQUESTED_5
18:58:38.226 (index):853 WAITING_9
18:58:38.227 (index):853 WAITING_10
18:58:38.227 (index):805 NODEACCESSRELEASED_7
18:58:39.226 (index):823 UPDATE_4
18:58:39.228 (index):853 WAITING_12
18:58:39.229 (index):853 WAITING_5
18:58:40.227 (index):853 WAITING_9
18:58:40.228 (index):853 WAITING_10
18:58:40.230 (index):835 NODEACCESSREQUESTED_7
18:58:40.230 (index):805 NODEACCESSRELEASED_4
18:58:41.226 (index):823 UPDATE_12
18:58:41.228 (index):853 WAITING_5
18:58:42.226 (index):853 WAITING_9
18:58:42.227 (index):853 WAITING_10
18:58:42.227 (index):853 WAITING_7
18:58:42.228 (index):835 NODEACCESSREQUESTED_4
18:58:42.228 (index):805 NODEACCESSRELEASED_12
18:58:43.226 (index):853 WAITING_5
18:58:44.226 (index):823 UPDATE_9
18:58:44.228 (index):853 WAITING_10
18:58:44.229 (index):853 WAITING_7
18:58:44.231 (index):853 WAITING_4
18:58:44.232 (index):835 NODEACCESSREQUESTED_12
18:58:45.226 (index):853 WAITING_5
18:58:45.227 (index):805 NODEACCESSRELEASED_9
18:58:46.226 (index):823 UPDATE_10
18:58:46.228 (index):853 WAITING_7
18:58:46.229 (index):853 WAITING_4
18:58:46.231 (index):853 WAITING_12
18:58:47.226 (index):853 WAITING_5
18:58:47.227 (index):835 NODEACCESSREQUESTED_9
18:58:47.228 (index):815 THINKING_10
18:58:48.226 (index):853 WAITING_7
18:58:48.228 (index):853 WAITING_4
18:58:48.229 (index):853 WAITING_12
18:58:49.227 (index):853 WAITING_5
18:58:49.228 (index):823 UPDATE_9
18:58:50.226 (index):853 WAITING_7
18:58:50.227 (index):853 WAITING_4
18:58:50.228 (index):853 WAITING_12
18:58:50.230 (index):805 NODEACCESSRELEASED_9
18:58:51.226 (index):853 WAITING_5
18:58:52.226 (index):853 WAITING_7
18:58:52.228 (index):853 WAITING_4
18:58:52.230 (index):853 WAITING_12
18:58:52.231 (index):835 NODEACCESSREQUESTED_9
18:58:52.233 (index):823 UPDATE_10
18:58:53.226 (index):853 WAITING_5
18:58:53.227 (index):805 NODEACCESSRELEASED_10
18:58:54.226 (index):853 WAITING_7
18:58:54.228 (index):853 WAITING_4
18:58:54.229 (index):853 WAITING_12
18:58:54.231 (index):823 UPDATE_9
18:58:55.226 (index):823 UPDATE_5
18:58:55.227 (index):835 NODEACCESSREQUESTED_10
18:58:55.227 (index):815 THINKING_9
18:58:56.226 (index):853 WAITING_7
18:58:56.227 (index):853 WAITING_4
18:58:56.228 (index):853 WAITING_12
18:58:56.228 (index):815 THINKING_5
18:58:57.226 (index):823 UPDATE_10
18:58:58.226 (index):853 WAITING_7
18:58:58.227 (index):853 WAITING_4
18:58:58.228 (index):853 WAITING_12
18:58:58.228 (index):805 NODEACCESSRELEASED_10
18:58:59.226 (index):823 UPDATE_9
18:59:00.226 (index):853 WAITING_7
18:59:00.228 (index):853 WAITING_4
18:59:00.229 (index):853 WAITING_12
18:59:00.231 (index):835 NODEACCESSREQUESTED_10
18:59:00.232 (index):805 NODEACCESSRELEASED_9
18:59:01.227 (index):823 UPDATE_5
18:59:02.227 (index):853 WAITING_7
18:59:02.228 (index):853 WAITING_4
18:59:02.230 (index):853 WAITING_12
18:59:02.231 (index):823 UPDATE_10
18:59:02.233 (index):835 NODEACCESSREQUESTED_9
18:59:02.234 (index):815 THINKING_5
18:59:03.226 (index):805 NODEACCESSRELEASED_10
18:59:04.226 (index):853 WAITING_7
18:59:04.228 (index):853 WAITING_4
18:59:04.229 (index):853 WAITING_12
18:59:04.230 (index):823 UPDATE_9
18:59:05.230 (index):835 NODEACCESSREQUESTED_10
18:59:05.231 (index):823 UPDATE_5
18:59:05.233 (index):805 NODEACCESSRELEASED_9
18:59:05.234 (index):853 WAITING_7
18:59:05.235 (index):853 WAITING_4
18:59:06.227 (index):853 WAITING_12
18:59:06.229 (index):805 NODEACCESSRELEASED_5
18:59:07.226 (index):823 UPDATE_10
18:59:07.228 (index):835 NODEACCESSREQUESTED_9
18:59:07.229 (index):823 UPDATE_7
18:59:07.232 (index):853 WAITING_4
18:59:08.226 (index):853 WAITING_12
18:59:08.227 (index):835 NODEACCESSREQUESTED_5
18:59:08.229 (index):864 END_10
18:59:08.230 (index):815 THINKING_7
18:59:09.227 (index):823 UPDATE_9
18:59:09.228 (index):853 WAITING_4
18:59:10.226 (index):853 WAITING_12
18:59:10.227 (index):823 UPDATE_5
18:59:10.228 (index):815 THINKING_9
18:59:11.226 (index):853 WAITING_4
18:59:11.228 (index):815 THINKING_5
18:59:11.229 (index):823 UPDATE_7
18:59:12.226 (index):853 WAITING_12
18:59:12.228 (index):805 NODEACCESSRELEASED_7
18:59:13.226 (index):823 UPDATE_4
18:59:14.226 (index):853 WAITING_12
18:59:14.227 (index):835 NODEACCESSREQUESTED_7
18:59:14.228 (index):815 THINKING_4
18:59:14.229 (index):823 UPDATE_9
18:59:15.226 (index):805 NODEACCESSRELEASED_9
18:59:16.228 (index):853 WAITING_12
18:59:16.230 (index):823 UPDATE_7
18:59:16.231 (index):823 UPDATE_5
18:59:16.232 (index):835 NODEACCESSREQUESTED_9
18:59:17.226 (index):815 THINKING_7
18:59:17.228 (index):805 NODEACCESSRELEASED_5
18:59:17.229 (index):823 UPDATE_4
18:59:18.226 (index):853 WAITING_12
18:59:18.228 (index):823 UPDATE_9
18:59:18.229 (index):805 NODEACCESSRELEASED_4
18:59:19.227 (index):835 NODEACCESSREQUESTED_5
18:59:19.229 (index):805 NODEACCESSRELEASED_9
18:59:20.226 (index):823 UPDATE_12
18:59:20.228 (index):835 NODEACCESSREQUESTED_4
18:59:21.226 (index):823 UPDATE_5
18:59:21.228 (index):835 NODEACCESSREQUESTED_9
18:59:21.229 (index):805 NODEACCESSRELEASED_12
18:59:22.230 (index):823 UPDATE_4
18:59:22.231 (index):805 NODEACCESSRELEASED_5
18:59:22.233 (index):823 UPDATE_7
18:59:22.234 (index):853 WAITING_9
18:59:23.226 (index):835 NODEACCESSREQUESTED_12
18:59:23.228 (index):815 THINKING_4
18:59:23.229 (index):805 NODEACCESSRELEASED_7
18:59:24.226 (index):835 NODEACCESSREQUESTED_5
18:59:24.228 (index):853 WAITING_9
18:59:25.230 (index):823 UPDATE_12
18:59:25.232 (index):835 NODEACCESSREQUESTED_7
18:59:25.233 (index):823 UPDATE_5
18:59:25.234 (index):853 WAITING_9
18:59:26.226 (index):805 NODEACCESSRELEASED_12
18:59:26.228 (index):805 NODEACCESSRELEASED_5
18:59:27.226 (index):823 UPDATE_7
18:59:27.228 (index):853 WAITING_9
18:59:28.226 (index):835 NODEACCESSREQUESTED_12
18:59:28.228 (index):835 NODEACCESSREQUESTED_5
18:59:28.229 (index):805 NODEACCESSRELEASED_7
18:59:28.232 (index):823 UPDATE_4
18:59:29.226 (index):853 WAITING_9
18:59:29.228 (index):815 THINKING_4
18:59:30.226 (index):823 UPDATE_12
18:59:30.227 (index):823 UPDATE_5
18:59:30.227 (index):835 NODEACCESSREQUESTED_7
18:59:31.226 (index):853 WAITING_9
18:59:31.228 (index):805 NODEACCESSRELEASED_12
18:59:31.229 (index):805 NODEACCESSRELEASED_5
18:59:32.226 (index):823 UPDATE_7
18:59:33.227 (index):853 WAITING_9
18:59:33.228 (index):835 NODEACCESSREQUESTED_12
18:59:33.230 (index):835 NODEACCESSREQUESTED_5
18:59:33.232 (index):805 NODEACCESSRELEASED_7
18:59:33.233 (index):823 UPDATE_4
18:59:34.226 (index):815 THINKING_4
18:59:35.227 (index):853 WAITING_9
18:59:35.228 (index):823 UPDATE_12
18:59:35.230 (index):823 UPDATE_5
18:59:35.231 (index):835 NODEACCESSREQUESTED_7
18:59:36.227 (index):805 NODEACCESSRELEASED_12
18:59:36.229 (index):864 END_5
18:59:37.226 (index):853 WAITING_9
18:59:37.227 (index):823 UPDATE_7
18:59:37.229 (index):823 UPDATE_4
18:59:38.229 (index):835 NODEACCESSREQUESTED_12
18:59:38.231 (index):805 NODEACCESSRELEASED_7
18:59:38.232 (index):805 NODEACCESSRELEASED_4
18:59:38.234 (index):853 WAITING_9
18:59:40.226 (index):823 UPDATE_12
18:59:40.228 (index):835 NODEACCESSREQUESTED_7
18:59:40.229 (index):835 NODEACCESSREQUESTED_4
18:59:40.231 (index):853 WAITING_9
18:59:41.226 (index):815 THINKING_12
18:59:42.227 (index):823 UPDATE_7
18:59:42.228 (index):823 UPDATE_4
18:59:42.230 (index):853 WAITING_9
18:59:43.226 (index):805 NODEACCESSRELEASED_7
18:59:43.228 (index):805 NODEACCESSRELEASED_4
18:59:44.226 (index):853 WAITING_9
18:59:45.226 (index):835 NODEACCESSREQUESTED_7
18:59:45.227 (index):835 NODEACCESSREQUESTED_4
18:59:45.228 (index):823 UPDATE_12
18:59:46.226 (index):853 WAITING_9
18:59:46.227 (index):805 NODEACCESSRELEASED_12
18:59:47.226 (index):823 UPDATE_7
18:59:47.228 (index):823 UPDATE_4
18:59:48.226 (index):853 WAITING_9
18:59:48.227 (index):835 NODEACCESSREQUESTED_12
18:59:48.228 (index):815 THINKING_7
18:59:48.229 (index):815 THINKING_4
18:59:50.226 (index):853 WAITING_9
18:59:50.227 (index):823 UPDATE_12
18:59:51.226 (index):805 NODEACCESSRELEASED_12
18:59:52.226 (index):853 WAITING_9
18:59:52.228 (index):823 UPDATE_7
18:59:53.227 (index):835 NODEACCESSREQUESTED_12
18:59:53.229 (index):805 NODEACCESSRELEASED_7
18:59:53.230 (index):823 UPDATE_4
18:59:54.226 (index):853 WAITING_9
18:59:54.228 (index):864 END_4
18:59:55.229 (index):823 UPDATE_12
18:59:55.232 (index):835 NODEACCESSREQUESTED_7
18:59:55.234 (index):853 WAITING_9
18:59:56.226 (index):864 END_12
18:59:57.226 (index):823 UPDATE_7
18:59:57.228 (index):853 WAITING_9
18:59:58.226 (index):864 END_7
18:59:59.226 (index):823 UPDATE_9
19:00:00.226 (index):805 NODEACCESSRELEASED_9
19:00:02.228 (index):835 NODEACCESSREQUESTED_9
19:00:04.227 (index):823 UPDATE_9
19:00:05.226 (index):864 END_9
