18:40:01.228 (index):981 Tasks: 25; Collaborators: 8    =========================>
18:40:01.229 (index):835 NODEACCESSREQUESTED_0
18:40:01.231 (index):835 NODEACCESSREQUESTED_1
18:40:01.233 (index):835 NODEACCESSREQUESTED_2
18:40:01.234 (index):835 NODEACCESSREQUESTED_3
18:40:01.236 (index):835 NODEACCESSREQUESTED_4
18:40:01.237 (index):835 NODEACCESSREQUESTED_5
18:40:01.239 (index):835 NODEACCESSREQUESTED_6
18:40:01.240 (index):835 NODEACCESSREQUESTED_7
18:40:03.226 (index):815 THINKING_0
18:40:03.227 (index):815 THINKING_1
18:40:03.228 (index):805 NODEACCESSRELEASED_2
18:40:03.228 (index):805 NODEACCESSRELEASED_3
18:40:03.229 (index):853 WAITING_4
18:40:03.230 (index):853 WAITING_5
18:40:03.231 (index):853 WAITING_6
18:40:03.232 (index):853 WAITING_7
18:40:04.234 (index):835 NODEACCESSREQUESTED_2
18:40:04.236 (index):835 NODEACCESSREQUESTED_3
18:40:04.237 (index):853 WAITING_4
18:40:04.237 (index):853 WAITING_5
18:40:04.238 (index):853 WAITING_6
18:40:04.239 (index):853 WAITING_7
18:40:06.226 (index):823 UPDATE_2
18:40:06.228 (index):823 UPDATE_3
18:40:06.229 (index):853 WAITING_4
18:40:06.230 (index):853 WAITING_5
18:40:06.231 (index):853 WAITING_6
18:40:06.232 (index):853 WAITING_7
18:40:06.233 (index):823 UPDATE_1
18:40:07.229 (index):805 NODEACCESSRELEASED_2
18:40:07.231 (index):805 NODEACCESSRELEASED_3
18:40:07.233 (index):805 NODEACCESSRELEASED_1
18:40:08.226 (index):853 WAITING_4
18:40:08.228 (index):853 WAITING_5
18:40:08.229 (index):853 WAITING_6
18:40:08.231 (index):853 WAITING_7
18:40:08.233 (index):823 UPDATE_0
18:40:09.226 (index):835 NODEACCESSREQUESTED_2
18:40:09.228 (index):835 NODEACCESSREQUESTED_3
18:40:09.229 (index):835 NODEACCESSREQUESTED_1
18:40:09.232 (index):805 NODEACCESSRELEASED_0
18:40:10.226 (index):853 WAITING_4
18:40:10.228 (index):853 WAITING_5
18:40:10.229 (index):853 WAITING_6
18:40:10.231 (index):853 WAITING_7
18:40:11.226 (index):823 UPDATE_2
18:40:11.227 (index):823 UPDATE_3
18:40:11.228 (index):823 UPDATE_1
18:40:11.228 (index):835 NODEACCESSREQUESTED_0
18:40:12.226 (index):853 WAITING_4
18:40:12.228 (index):853 WAITING_5
18:40:12.229 (index):853 WAITING_6
18:40:12.231 (index):853 WAITING_7
18:40:12.233 (index):805 NODEACCESSRELEASED_2
18:40:12.234 (index):815 THINKING_3
18:40:12.235 (index):815 THINKING_1
18:40:13.226 (index):823 UPDATE_0
18:40:14.226 (index):853 WAITING_4
18:40:14.228 (index):853 WAITING_5
18:40:14.230 (index):853 WAITING_6
18:40:14.232 (index):853 WAITING_7
18:40:14.233 (index):835 NODEACCESSREQUESTED_2
18:40:14.235 (index):805 NODEACCESSRELEASED_0
18:40:16.226 (index):853 WAITING_4
18:40:16.227 (index):853 WAITING_5
18:40:16.227 (index):853 WAITING_6
18:40:16.228 (index):853 WAITING_7
18:40:16.229 (index):823 UPDATE_2
18:40:16.229 (index):835 NODEACCESSREQUESTED_0
18:40:16.230 (index):823 UPDATE_1
18:40:17.226 (index):815 THINKING_2
18:40:17.227 (index):815 THINKING_1
18:40:17.227 (index):823 UPDATE_3
18:40:18.226 (index):853 WAITING_4
18:40:18.227 (index):853 WAITING_5
18:40:18.228 (index):853 WAITING_6
18:40:18.228 (index):853 WAITING_7
18:40:18.230 (index):823 UPDATE_0
18:40:18.231 (index):805 NODEACCESSRELEASED_3
18:40:19.226 (index):815 THINKING_0
18:40:20.230 (index):853 WAITING_4
18:40:20.231 (index):853 WAITING_5
18:40:20.233 (index):853 WAITING_6
18:40:20.234 (index):853 WAITING_7
18:40:20.235 (index):835 NODEACCESSREQUESTED_3
18:40:20.236 (index):823 UPDATE_2
18:40:21.226 (index):805 NODEACCESSRELEASED_2
18:40:22.226 (index):853 WAITING_4
18:40:22.227 (index):853 WAITING_5
18:40:22.228 (index):853 WAITING_6
18:40:22.229 (index):853 WAITING_7
18:40:22.231 (index):823 UPDATE_3
18:40:22.232 (index):823 UPDATE_1
18:40:22.233 (index):823 UPDATE_0
18:40:23.226 (index):835 NODEACCESSREQUESTED_2
18:40:23.228 (index):805 NODEACCESSRELEASED_3
18:40:23.229 (index):805 NODEACCESSRELEASED_1
18:40:23.230 (index):815 THINKING_0
18:40:24.226 (index):853 WAITING_4
18:40:24.227 (index):853 WAITING_5
18:40:24.228 (index):853 WAITING_6
18:40:24.229 (index):853 WAITING_7
18:40:25.226 (index):823 UPDATE_2
18:40:25.227 (index):835 NODEACCESSREQUESTED_3
18:40:25.228 (index):835 NODEACCESSREQUESTED_1
18:40:26.226 (index):853 WAITING_4
18:40:26.227 (index):853 WAITING_5
18:40:26.227 (index):853 WAITING_6
18:40:26.228 (index):853 WAITING_7
18:40:26.229 (index):805 NODEACCESSRELEASED_2
18:40:27.226 (index):823 UPDATE_3
18:40:27.228 (index):823 UPDATE_1
18:40:28.226 (index):853 WAITING_4
18:40:28.227 (index):853 WAITING_5
18:40:28.228 (index):853 WAITING_6
18:40:28.229 (index):853 WAITING_7
18:40:28.229 (index):835 NODEACCESSREQUESTED_2
18:40:28.230 (index):805 NODEACCESSRELEASED_3
18:40:28.232 (index):815 THINKING_1
18:40:28.233 (index):823 UPDATE_0
18:40:29.226 (index):805 NODEACCESSRELEASED_0
18:40:30.226 (index):853 WAITING_4
18:40:30.227 (index):853 WAITING_5
18:40:30.227 (index):853 WAITING_6
18:40:30.228 (index):853 WAITING_7
18:40:30.229 (index):823 UPDATE_2
18:40:30.230 (index):835 NODEACCESSREQUESTED_3
18:40:31.228 (index):835 NODEACCESSREQUESTED_0
18:40:31.229 (index):815 THINKING_2
18:40:31.230 (index):823 UPDATE_1
18:40:31.231 (index):853 WAITING_4
18:40:31.232 (index):853 WAITING_5
18:40:32.226 (index):853 WAITING_6
18:40:32.227 (index):853 WAITING_7
18:40:32.228 (index):823 UPDATE_3
18:40:32.228 (index):805 NODEACCESSRELEASED_1
18:40:33.226 (index):823 UPDATE_0
18:40:33.227 (index):853 WAITING_4
18:40:33.227 (index):853 WAITING_5
18:40:33.228 (index):805 NODEACCESSRELEASED_3
18:40:34.226 (index):853 WAITING_6
18:40:34.227 (index):853 WAITING_7
18:40:34.227 (index):835 NODEACCESSREQUESTED_1
18:40:34.228 (index):815 THINKING_0
18:40:34.228 (index):823 UPDATE_2
18:40:35.226 (index):853 WAITING_4
18:40:35.228 (index):853 WAITING_5
18:40:35.229 (index):835 NODEACCESSREQUESTED_3
18:40:35.231 (index):815 THINKING_2
18:40:36.226 (index):853 WAITING_6
18:40:36.228 (index):853 WAITING_7
18:40:36.230 (index):823 UPDATE_1
18:40:37.226 (index):853 WAITING_4
18:40:37.227 (index):853 WAITING_5
18:40:37.227 (index):823 UPDATE_3
18:40:37.228 (index):815 THINKING_1
18:40:37.229 (index):823 UPDATE_0
18:40:38.226 (index):853 WAITING_6
18:40:38.227 (index):853 WAITING_7
18:40:38.228 (index):805 NODEACCESSRELEASED_3
18:40:38.228 (index):805 NODEACCESSRELEASED_0
18:40:38.229 (index):823 UPDATE_2
18:40:39.226 (index):853 WAITING_4
18:40:39.227 (index):853 WAITING_5
18:40:39.228 (index):815 THINKING_2
18:40:40.226 (index):853 WAITING_6
18:40:40.227 (index):853 WAITING_7
18:40:40.227 (index):835 NODEACCESSREQUESTED_3
18:40:40.228 (index):835 NODEACCESSREQUESTED_0
18:40:40.229 (index):823 UPDATE_1
18:40:41.227 (index):853 WAITING_4
18:40:41.228 (index):853 WAITING_5
18:40:41.230 (index):815 THINKING_1
18:40:41.232 (index):853 WAITING_6
18:40:42.227 (index):853 WAITING_7
18:40:42.228 (index):823 UPDATE_3
18:40:42.230 (index):823 UPDATE_0
18:40:43.226 (index):853 WAITING_4
18:40:43.227 (index):853 WAITING_5
18:40:43.228 (index):853 WAITING_6
18:40:43.228 (index):815 THINKING_3
18:40:43.229 (index):805 NODEACCESSRELEASED_0
18:40:44.226 (index):853 WAITING_7
18:40:44.227 (index):823 UPDATE_2
18:40:45.226 (index):853 WAITING_4
18:40:45.227 (index):853 WAITING_5
18:40:45.229 (index):853 WAITING_6
18:40:45.230 (index):835 NODEACCESSREQUESTED_0
18:40:45.230 (index):805 NODEACCESSRELEASED_2
18:40:46.226 (index):853 WAITING_7
18:40:46.227 (index):823 UPDATE_3
18:40:46.227 (index):823 UPDATE_1
18:40:47.226 (index):853 WAITING_4
18:40:47.228 (index):853 WAITING_5
18:40:47.229 (index):853 WAITING_6
18:40:47.230 (index):823 UPDATE_0
18:40:47.231 (index):835 NODEACCESSREQUESTED_2
18:40:47.232 (index):805 NODEACCESSRELEASED_3
18:40:47.234 (index):815 THINKING_1
18:40:48.226 (index):853 WAITING_7
18:40:48.229 (index):815 THINKING_0
18:40:49.227 (index):853 WAITING_4
18:40:49.228 (index):853 WAITING_5
18:40:49.229 (index):853 WAITING_6
18:40:49.229 (index):823 UPDATE_2
18:40:49.230 (index):835 NODEACCESSREQUESTED_3
18:40:50.226 (index):853 WAITING_7
18:40:50.227 (index):805 NODEACCESSRELEASED_2
18:40:51.227 (index):853 WAITING_4
18:40:51.228 (index):853 WAITING_5
18:40:51.230 (index):853 WAITING_6
18:40:51.232 (index):823 UPDATE_3
18:40:52.226 (index):853 WAITING_7
18:40:52.227 (index):835 NODEACCESSREQUESTED_2
18:40:52.228 (index):805 NODEACCESSRELEASED_3
18:40:52.229 (index):823 UPDATE_1
18:40:52.230 (index):823 UPDATE_0
18:40:53.227 (index):853 WAITING_4
18:40:53.229 (index):853 WAITING_5
18:40:53.230 (index):853 WAITING_6
18:40:53.232 (index):805 NODEACCESSRELEASED_1
18:40:53.234 (index):805 NODEACCESSRELEASED_0
18:40:54.226 (index):853 WAITING_7
18:40:54.228 (index):823 UPDATE_2
18:40:54.230 (index):835 NODEACCESSREQUESTED_3
18:40:55.226 (index):853 WAITING_4
18:40:55.227 (index):853 WAITING_5
18:40:55.228 (index):853 WAITING_6
18:40:55.229 (index):835 NODEACCESSREQUESTED_1
18:40:55.230 (index):835 NODEACCESSREQUESTED_0
18:40:55.231 (index):805 NODEACCESSRELEASED_2
18:40:56.226 (index):853 WAITING_7
18:40:56.227 (index):823 UPDATE_3
18:40:57.227 (index):853 WAITING_4
18:40:57.228 (index):853 WAITING_5
18:40:57.229 (index):853 WAITING_6
18:40:57.230 (index):823 UPDATE_1
18:40:57.231 (index):823 UPDATE_0
18:40:57.231 (index):835 NODEACCESSREQUESTED_2
18:40:57.232 (index):815 THINKING_3
18:40:58.226 (index):853 WAITING_7
18:40:58.228 (index):815 THINKING_1
18:40:58.230 (index):805 NODEACCESSRELEASED_0
18:40:59.226 (index):853 WAITING_4
18:40:59.228 (index):853 WAITING_5
18:40:59.229 (index):853 WAITING_6
18:40:59.231 (index):823 UPDATE_2
18:41:00.226 (index):853 WAITING_7
18:41:00.227 (index):835 NODEACCESSREQUESTED_0
18:41:00.228 (index):805 NODEACCESSRELEASED_2
18:41:00.228 (index):823 UPDATE_3
18:41:01.228 (index):853 WAITING_4
18:41:01.229 (index):853 WAITING_5
18:41:01.229 (index):853 WAITING_6
18:41:01.230 (index):805 NODEACCESSRELEASED_3
18:41:01.231 (index):823 UPDATE_1
18:41:01.232 (index):853 WAITING_7
18:41:01.233 (index):823 UPDATE_0
18:41:02.226 (index):835 NODEACCESSREQUESTED_2
18:41:02.227 (index):805 NODEACCESSRELEASED_1
18:41:02.228 (index):805 NODEACCESSRELEASED_0
18:41:03.229 (index):853 WAITING_4
18:41:03.230 (index):853 WAITING_5
18:41:03.232 (index):853 WAITING_6
18:41:03.233 (index):835 NODEACCESSREQUESTED_3
18:41:03.234 (index):853 WAITING_7
18:41:03.235 (index):823 UPDATE_2
18:41:03.235 (index):835 NODEACCESSREQUESTED_1
18:41:03.236 (index):835 NODEACCESSREQUESTED_0
18:41:04.226 (index):864 END_2
18:41:05.227 (index):853 WAITING_4
18:41:05.228 (index):853 WAITING_5
18:41:05.229 (index):853 WAITING_6
18:41:05.230 (index):823 UPDATE_3
18:41:05.231 (index):853 WAITING_7
18:41:05.232 (index):823 UPDATE_1
18:41:05.233 (index):823 UPDATE_0
18:41:06.227 (index):864 END_3
18:41:06.228 (index):864 END_1
18:41:06.228 (index):864 END_0
18:41:07.226 (index):805 NODEACCESSRELEASED_4
18:41:07.228 (index):805 NODEACCESSRELEASED_5
18:41:07.229 (index):815 THINKING_6
18:41:07.231 (index):853 WAITING_7
18:41:09.226 (index):835 NODEACCESSREQUESTED_4
18:41:09.228 (index):835 NODEACCESSREQUESTED_5
18:41:09.229 (index):853 WAITING_7
18:41:10.226 (index):823 UPDATE_6
18:41:11.226 (index):853 WAITING_4
18:41:11.230 (index):853 WAITING_5
18:41:11.232 (index):853 WAITING_7
18:41:11.233 (index):805 NODEACCESSRELEASED_6
18:41:13.226 (index):853 WAITING_4
18:41:13.227 (index):853 WAITING_5
18:41:13.229 (index):805 NODEACCESSRELEASED_7
18:41:13.230 (index):835 NODEACCESSREQUESTED_6
18:41:15.226 (index):823 UPDATE_4
18:41:15.227 (index):853 WAITING_5
18:41:15.228 (index):835 NODEACCESSREQUESTED_7
18:41:15.229 (index):823 UPDATE_6
18:41:16.226 (index):805 NODEACCESSRELEASED_4
18:41:16.231 (index):805 NODEACCESSRELEASED_6
18:41:17.228 (index):823 UPDATE_5
18:41:17.230 (index):823 UPDATE_7
18:41:18.226 (index):835 NODEACCESSREQUESTED_4
18:41:18.228 (index):835 NODEACCESSREQUESTED_6
18:41:18.229 (index):815 THINKING_5
18:41:18.231 (index):805 NODEACCESSRELEASED_7
18:41:19.230 (index):823 UPDATE_4
18:41:19.231 (index):823 UPDATE_6
18:41:20.227 (index):835 NODEACCESSREQUESTED_7
18:41:20.228 (index):805 NODEACCESSRELEASED_4
18:41:20.228 (index):805 NODEACCESSRELEASED_6
18:41:21.226 (index):823 UPDATE_5
18:41:22.226 (index):823 UPDATE_7
18:41:22.227 (index):835 NODEACCESSREQUESTED_4
18:41:22.227 (index):835 NODEACCESSREQUESTED_6
18:41:22.228 (index):805 NODEACCESSRELEASED_5
18:41:23.226 (index):805 NODEACCESSRELEASED_7
18:41:24.226 (index):823 UPDATE_4
18:41:24.227 (index):823 UPDATE_6
18:41:24.229 (index):835 NODEACCESSREQUESTED_5
18:41:25.226 (index):835 NODEACCESSREQUESTED_7
18:41:25.227 (index):805 NODEACCESSRELEASED_4
18:41:25.228 (index):805 NODEACCESSRELEASED_6
18:41:26.226 (index):823 UPDATE_5
18:41:27.226 (index):823 UPDATE_7
18:41:27.227 (index):835 NODEACCESSREQUESTED_4
18:41:27.228 (index):835 NODEACCESSREQUESTED_6
18:41:27.228 (index):815 THINKING_5
18:41:28.228 (index):815 THINKING_7
18:41:28.229 (index):823 UPDATE_4
18:41:29.226 (index):823 UPDATE_6
18:41:29.227 (index):805 NODEACCESSRELEASED_4
18:41:30.228 (index):805 NODEACCESSRELEASED_6
18:41:31.226 (index):835 NODEACCESSREQUESTED_4
18:41:31.227 (index):823 UPDATE_5
18:41:31.228 (index):823 UPDATE_7
18:41:32.228 (index):835 NODEACCESSREQUESTED_6
18:41:32.230 (index):805 NODEACCESSRELEASED_5
18:41:32.231 (index):805 NODEACCESSRELEASED_7
18:41:32.232 (index):823 UPDATE_4
18:41:33.226 (index):815 THINKING_4
18:41:34.228 (index):823 UPDATE_6
18:41:34.229 (index):835 NODEACCESSREQUESTED_5
18:41:34.229 (index):835 NODEACCESSREQUESTED_7
18:41:35.226 (index):815 THINKING_6
18:41:36.227 (index):823 UPDATE_5
18:41:36.228 (index):823 UPDATE_7
18:41:36.229 (index):823 UPDATE_4
18:41:37.226 (index):815 THINKING_5
18:41:37.227 (index):815 THINKING_7
18:41:37.227 (index):805 NODEACCESSRELEASED_4
18:41:38.226 (index):823 UPDATE_6
18:41:39.226 (index):835 NODEACCESSREQUESTED_4
18:41:39.227 (index):815 THINKING_6
18:41:41.226 (index):823 UPDATE_4
18:41:42.227 (index):815 THINKING_4
18:41:42.228 (index):823 UPDATE_5
18:41:42.229 (index):823 UPDATE_7
18:41:42.230 (index):823 UPDATE_6
18:41:43.226 (index):815 THINKING_5
18:41:43.227 (index):805 NODEACCESSRELEASED_7
18:41:43.228 (index):805 NODEACCESSRELEASED_6
18:41:45.226 (index):835 NODEACCESSREQUESTED_7
18:41:45.227 (index):835 NODEACCESSREQUESTED_6
18:41:46.230 (index):823 UPDATE_5
18:41:46.231 (index):823 UPDATE_7
18:41:46.232 (index):823 UPDATE_6
18:41:47.226 (index):805 NODEACCESSRELEASED_5
18:41:47.228 (index):805 NODEACCESSRELEASED_7
18:41:47.230 (index):805 NODEACCESSRELEASED_6
18:41:47.231 (index):823 UPDATE_4
18:41:48.226 (index):815 THINKING_4
18:41:49.226 (index):835 NODEACCESSREQUESTED_5
18:41:49.228 (index):835 NODEACCESSREQUESTED_7
18:41:49.229 (index):835 NODEACCESSREQUESTED_6
18:41:51.226 (index):823 UPDATE_5
18:41:51.228 (index):823 UPDATE_7
18:41:51.229 (index):823 UPDATE_6
18:41:52.226 (index):815 THINKING_5
18:41:52.228 (index):805 NODEACCESSRELEASED_7
18:41:52.228 (index):805 NODEACCESSRELEASED_6
18:41:52.229 (index):823 UPDATE_4
18:41:53.226 (index):815 THINKING_4
18:41:54.226 (index):835 NODEACCESSREQUESTED_7
18:41:54.228 (index):835 NODEACCESSREQUESTED_6
18:41:56.226 (index):823 UPDATE_7
18:41:56.228 (index):823 UPDATE_6
18:41:56.229 (index):823 UPDATE_4
18:41:57.226 (index):805 NODEACCESSRELEASED_7
18:41:57.227 (index):805 NODEACCESSRELEASED_6
18:41:57.228 (index):805 NODEACCESSRELEASED_4
18:41:57.229 (index):823 UPDATE_5
18:41:58.227 (index):805 NODEACCESSRELEASED_5
18:41:58.229 (index):835 NODEACCESSREQUESTED_7
18:41:59.226 (index):835 NODEACCESSREQUESTED_6
18:41:59.228 (index):835 NODEACCESSREQUESTED_4
18:42:00.226 (index):835 NODEACCESSREQUESTED_5
18:42:00.227 (index):823 UPDATE_7
18:42:01.226 (index):823 UPDATE_6
18:42:01.228 (index):823 UPDATE_4
18:42:01.229 (index):805 NODEACCESSRELEASED_7
18:42:01.571 (index):823 UPDATE_5
18:42:01.572 (index):805 NODEACCESSRELEASED_6
18:42:01.572 (index):805 NODEACCESSRELEASED_4
18:42:01.705 (index):805 NODEACCESSRELEASED_5
18:42:02.230 (index):835 NODEACCESSREQUESTED_7
18:42:02.572 (index):835 NODEACCESSREQUESTED_6
18:42:02.573 (index):835 NODEACCESSREQUESTED_4
18:42:02.713 (index):835 NODEACCESSREQUESTED_5
18:42:03.247 (index):823 UPDATE_7
18:42:03.348 (index):815 THINKING_7
18:42:03.573 (index):823 UPDATE_6
18:42:03.575 (index):823 UPDATE_4
18:42:03.675 (index):864 END_6
18:42:03.676 (index):815 THINKING_4
18:42:03.714 (index):823 UPDATE_5
18:42:03.815 (index):805 NODEACCESSRELEASED_5
18:42:04.816 (index):835 NODEACCESSREQUESTED_5
18:42:05.817 (index):823 UPDATE_5
18:42:05.918 (index):805 NODEACCESSRELEASED_5
18:42:06.784 (index):823 UPDATE_7
18:42:06.885 (index):805 NODEACCESSRELEASED_7
18:42:06.919 (index):835 NODEACCESSREQUESTED_5
18:42:07.886 (index):835 NODEACCESSREQUESTED_7
18:42:07.920 (index):823 UPDATE_5
18:42:08.021 (index):864 END_5
18:42:08.066 (index):823 UPDATE_4
18:42:08.167 (index):864 END_4
18:42:08.887 (index):823 UPDATE_7
18:42:08.989 (index):864 END_7
