18:33:34.229 (index):936 Tasks: 25; Collaborators: 5    =========================>
18:33:34.230 (index):835 NODEACCESSREQUESTED_0
18:33:34.231 (index):835 NODEACCESSREQUESTED_1
18:33:34.233 (index):835 NODEACCESSREQUESTED_2
18:33:34.234 (index):835 NODEACCESSREQUESTED_3
18:33:34.235 (index):835 NODEACCESSREQUESTED_4
18:33:36.226 (index):815 THINKING_0
18:33:36.228 (index):815 THINKING_1
18:33:36.229 (index):805 NODEACCESSRELEASED_2
18:33:36.231 (index):805 NODEACCESSRELEASED_3
18:33:36.232 (index):853 WAITING_4
18:33:38.226 (index):835 NODEACCESSREQUESTED_2
18:33:38.227 (index):835 NODEACCESSREQUESTED_3
18:33:38.228 (index):853 WAITING_4
18:33:39.226 (index):823 UPDATE_1
18:33:40.226 (index):823 UPDATE_2
18:33:40.227 (index):823 UPDATE_3
18:33:40.228 (index):853 WAITING_4
18:33:40.228 (index):805 NODEACCESSRELEASED_1
18:33:41.226 (index):805 NODEACCESSRELEASED_2
18:33:41.228 (index):805 NODEACCESSRELEASED_3
18:33:41.229 (index):823 UPDATE_0
18:33:42.227 (index):853 WAITING_4
18:33:42.229 (index):835 NODEACCESSREQUESTED_1
18:33:42.230 (index):805 NODEACCESSRELEASED_0
18:33:43.226 (index):835 NODEACCESSREQUESTED_2
18:33:43.228 (index):835 NODEACCESSREQUESTED_3
18:33:44.226 (index):853 WAITING_4
18:33:44.228 (index):823 UPDATE_1
18:33:44.229 (index):835 NODEACCESSREQUESTED_0
18:33:45.226 (index):823 UPDATE_2
18:33:45.228 (index):823 UPDATE_3
18:33:45.229 (index):815 THINKING_1
18:33:46.226 (index):853 WAITING_4
18:33:46.228 (index):823 UPDATE_0
18:33:46.229 (index):805 NODEACCESSRELEASED_2
18:33:46.231 (index):815 THINKING_3
18:33:47.226 (index):805 NODEACCESSRELEASED_0
18:33:48.226 (index):853 WAITING_4
18:33:48.228 (index):835 NODEACCESSREQUESTED_2
18:33:49.226 (index):835 NODEACCESSREQUESTED_0
18:33:49.228 (index):823 UPDATE_1
18:33:50.226 (index):853 WAITING_4
18:33:50.228 (index):823 UPDATE_2
18:33:50.229 (index):815 THINKING_1
18:33:51.226 (index):823 UPDATE_0
18:33:51.228 (index):815 THINKING_2
18:33:51.229 (index):823 UPDATE_3
18:33:52.226 (index):853 WAITING_4
18:33:52.228 (index):815 THINKING_0
18:33:52.229 (index):805 NODEACCESSRELEASED_3
18:33:54.226 (index):853 WAITING_4
18:33:54.227 (index):835 NODEACCESSREQUESTED_3
18:33:54.228 (index):823 UPDATE_2
18:33:55.226 (index):805 NODEACCESSRELEASED_2
18:33:55.228 (index):823 UPDATE_1
18:33:55.229 (index):823 UPDATE_0
18:33:56.226 (index):853 WAITING_4
18:33:56.227 (index):823 UPDATE_3
18:33:56.228 (index):805 NODEACCESSRELEASED_1
18:33:56.230 (index):815 THINKING_0
18:33:57.226 (index):835 NODEACCESSREQUESTED_2
18:33:57.228 (index):805 NODEACCESSRELEASED_3
18:33:58.227 (index):853 WAITING_4
18:33:58.229 (index):835 NODEACCESSREQUESTED_1
18:33:59.226 (index):823 UPDATE_2
18:33:59.227 (index):835 NODEACCESSREQUESTED_3
18:34:00.226 (index):853 WAITING_4
18:34:00.228 (index):823 UPDATE_1
18:34:00.229 (index):805 NODEACCESSRELEASED_2
18:34:01.229 (index):823 UPDATE_3
18:34:01.231 (index):815 THINKING_1
18:34:01.232 (index):823 UPDATE_0
18:34:01.233 (index):853 WAITING_4
18:34:02.226 (index):835 NODEACCESSREQUESTED_2
18:34:02.227 (index):805 NODEACCESSRELEASED_3
18:34:02.229 (index):805 NODEACCESSRELEASED_0
18:34:03.228 (index):853 WAITING_4
18:34:03.229 (index):823 UPDATE_2
18:34:04.227 (index):835 NODEACCESSREQUESTED_3
18:34:04.227 (index):835 NODEACCESSREQUESTED_0
18:34:04.229 (index):815 THINKING_2
18:34:04.230 (index):823 UPDATE_1
18:34:05.226 (index):853 WAITING_4
18:34:05.228 (index):805 NODEACCESSRELEASED_1
18:34:06.226 (index):823 UPDATE_3
18:34:06.228 (index):823 UPDATE_0
18:34:07.229 (index):853 WAITING_4
18:34:07.230 (index):835 NODEACCESSREQUESTED_1
18:34:07.232 (index):805 NODEACCESSRELEASED_3
18:34:07.233 (index):815 THINKING_0
18:34:07.234 (index):823 UPDATE_2
18:34:08.227 (index):815 THINKING_2
18:34:09.226 (index):853 WAITING_4
18:34:09.228 (index):823 UPDATE_1
18:34:09.230 (index):835 NODEACCESSREQUESTED_3
18:34:10.227 (index):815 THINKING_1
18:34:10.228 (index):823 UPDATE_0
18:34:11.226 (index):853 WAITING_4
18:34:11.227 (index):823 UPDATE_3
18:34:11.228 (index):805 NODEACCESSRELEASED_0
18:34:11.228 (index):823 UPDATE_2
18:34:12.226 (index):805 NODEACCESSRELEASED_3
18:34:12.228 (index):815 THINKING_2
18:34:13.226 (index):853 WAITING_4
18:34:13.228 (index):835 NODEACCESSREQUESTED_0
18:34:13.229 (index):823 UPDATE_1
18:34:14.229 (index):835 NODEACCESSREQUESTED_3
18:34:14.231 (index):815 THINKING_1
18:34:14.232 (index):853 WAITING_4
18:34:14.234 (index):823 UPDATE_0
18:34:15.228 (index):805 NODEACCESSRELEASED_0
18:34:16.226 (index):823 UPDATE_3
18:34:16.228 (index):853 WAITING_4
18:34:17.226 (index):835 NODEACCESSREQUESTED_0
18:34:17.228 (index):815 THINKING_3
18:34:17.229 (index):823 UPDATE_2
18:34:18.226 (index):853 WAITING_4
18:34:18.228 (index):805 NODEACCESSRELEASED_2
18:34:19.226 (index):823 UPDATE_0
18:34:19.227 (index):823 UPDATE_1
18:34:20.226 (index):853 WAITING_4
18:34:20.228 (index):835 NODEACCESSREQUESTED_2
18:34:20.229 (index):815 THINKING_0
18:34:20.231 (index):815 THINKING_1
18:34:20.232 (index):823 UPDATE_3
18:34:21.230 (index):805 NODEACCESSRELEASED_3
18:34:21.232 (index):853 WAITING_4
18:34:21.233 (index):823 UPDATE_2
18:34:22.229 (index):805 NODEACCESSRELEASED_2
18:34:23.229 (index):835 NODEACCESSREQUESTED_3
18:34:23.231 (index):853 WAITING_4
18:34:24.226 (index):835 NODEACCESSREQUESTED_2
18:34:24.228 (index):823 UPDATE_0
18:34:25.226 (index):823 UPDATE_3
18:34:25.228 (index):853 WAITING_4
18:34:25.229 (index):805 NODEACCESSRELEASED_0
18:34:25.230 (index):823 UPDATE_1
18:34:26.226 (index):823 UPDATE_2
18:34:26.227 (index):805 NODEACCESSRELEASED_3
18:34:26.228 (index):805 NODEACCESSRELEASED_1
18:34:27.226 (index):853 WAITING_4
18:34:27.227 (index):835 NODEACCESSREQUESTED_0
18:34:27.228 (index):805 NODEACCESSRELEASED_2
18:34:28.226 (index):835 NODEACCESSREQUESTED_3
18:34:28.228 (index):835 NODEACCESSREQUESTED_1
18:34:29.226 (index):853 WAITING_4
18:34:29.228 (index):823 UPDATE_0
18:34:29.229 (index):835 NODEACCESSREQUESTED_2
18:34:30.226 (index):823 UPDATE_3
18:34:30.228 (index):823 UPDATE_1
18:34:30.229 (index):805 NODEACCESSRELEASED_0
18:34:31.226 (index):853 WAITING_4
18:34:31.227 (index):823 UPDATE_2
18:34:31.229 (index):815 THINKING_3
18:34:31.231 (index):815 THINKING_1
18:34:32.227 (index):835 NODEACCESSREQUESTED_0
18:34:32.228 (index):805 NODEACCESSRELEASED_2
18:34:33.226 (index):853 WAITING_4
18:34:34.226 (index):823 UPDATE_0
18:34:34.228 (index):835 NODEACCESSREQUESTED_2
18:34:34.229 (index):823 UPDATE_1
18:34:34.230 (index):823 UPDATE_3
18:34:35.228 (index):853 WAITING_4
18:34:35.229 (index):805 NODEACCESSRELEASED_0
18:34:35.229 (index):805 NODEACCESSRELEASED_1
18:34:35.230 (index):805 NODEACCESSRELEASED_3
18:34:36.226 (index):823 UPDATE_2
18:34:37.226 (index):853 WAITING_4
18:34:37.227 (index):835 NODEACCESSREQUESTED_0
18:34:37.228 (index):835 NODEACCESSREQUESTED_1
18:34:37.229 (index):835 NODEACCESSREQUESTED_3
18:34:37.230 (index):864 END_2
18:34:39.226 (index):853 WAITING_4
18:34:39.227 (index):823 UPDATE_0
18:34:39.229 (index):823 UPDATE_1
18:34:39.230 (index):823 UPDATE_3
18:34:40.226 (index):864 END_0
18:34:40.227 (index):864 END_1
18:34:40.229 (index):864 END_3
18:34:41.226 (index):805 NODEACCESSRELEASED_4
18:34:43.228 (index):835 NODEACCESSREQUESTED_4
18:34:45.226 (index):823 UPDATE_4
18:34:46.226 (index):805 NODEACCESSRELEASED_4
18:34:48.227 (index):835 NODEACCESSREQUESTED_4
18:34:50.226 (index):823 UPDATE_4
18:34:51.226 (index):805 NODEACCESSRELEASED_4
18:34:53.226 (index):835 NODEACCESSREQUESTED_4
18:34:55.226 (index):823 UPDATE_4
18:34:56.229 (index):805 NODEACCESSRELEASED_4
18:34:58.226 (index):835 NODEACCESSREQUESTED_4
18:35:00.230 (index):823 UPDATE_4
18:35:01.227 (index):805 NODEACCESSRELEASED_4
18:35:03.226 (index):835 NODEACCESSREQUESTED_4
18:35:05.226 (index):823 UPDATE_4
18:35:06.226 (index):815 THINKING_4
18:35:09.226 (index):823 UPDATE_4
18:35:10.226 (index):805 NODEACCESSRELEASED_4
18:35:12.226 (index):835 NODEACCESSREQUESTED_4
18:35:14.226 (index):823 UPDATE_4
18:35:15.226 (index):815 THINKING_4
18:35:20.226 (index):823 UPDATE_4
18:35:21.226 (index):815 THINKING_4
18:35:25.230 (index):823 UPDATE_4
18:35:26.226 (index):815 THINKING_4
18:35:29.227 (index):823 UPDATE_4
18:35:30.226 (index):805 NODEACCESSRELEASED_4
18:35:32.227 (index):835 NODEACCESSREQUESTED_4
18:35:34.226 (index):823 UPDATE_4
18:35:35.229 (index):805 NODEACCESSRELEASED_4
18:35:37.228 (index):835 NODEACCESSREQUESTED_4
18:35:39.226 (index):823 UPDATE_4
18:35:40.227 (index):815 THINKING_4
18:35:45.226 (index):823 UPDATE_4
18:35:46.226 (index):864 END_4
