18:32:28.227 (index):925 Tasks: 25; Collaborators: 4    =========================>
18:32:28.231 (index):835 NODEACCESSREQUESTED_0
18:32:28.232 (index):835 NODEACCESSREQUESTED_1
18:32:28.233 (index):835 NODEACCESSREQUESTED_2
18:32:28.234 (index):835 NODEACCESSREQUESTED_3
18:32:30.226 (index):815 THINKING_0
18:32:30.227 (index):815 THINKING_1
18:32:30.227 (index):805 NODEACCESSRELEASED_2
18:32:30.228 (index):805 NODEACCESSRELEASED_3
18:32:32.226 (index):835 NODEACCESSREQUESTED_2
18:32:32.227 (index):835 NODEACCESSREQUESTED_3
18:32:33.226 (index):823 UPDATE_1
18:32:34.227 (index):823 UPDATE_2
18:32:34.229 (index):823 UPDATE_3
18:32:34.230 (index):805 NODEACCESSRELEASED_1
18:32:35.229 (index):805 NODEACCESSRELEASED_2
18:32:35.230 (index):805 NODEACCESSRELEASED_3
18:32:35.232 (index):823 UPDATE_0
18:32:36.226 (index):835 NODEACCESSREQUESTED_1
18:32:36.228 (index):805 NODEACCESSRELEASED_0
18:32:37.226 (index):835 NODEACCESSREQUESTED_2
18:32:37.228 (index):835 NODEACCESSREQUESTED_3
18:32:38.227 (index):823 UPDATE_1
18:32:38.229 (index):835 NODEACCESSREQUESTED_0
18:32:39.226 (index):823 UPDATE_2
18:32:39.228 (index):823 UPDATE_3
18:32:39.229 (index):815 THINKING_1
18:32:40.226 (index):823 UPDATE_0
18:32:40.227 (index):805 NODEACCESSRELEASED_2
18:32:40.228 (index):815 THINKING_3
18:32:41.226 (index):805 NODEACCESSRELEASED_0
18:32:42.226 (index):835 NODEACCESSREQUESTED_2
18:32:43.226 (index):835 NODEACCESSREQUESTED_0
18:32:43.228 (index):823 UPDATE_1
18:32:44.226 (index):823 UPDATE_2
18:32:44.228 (index):815 THINKING_1
18:32:45.226 (index):823 UPDATE_0
18:32:45.228 (index):815 THINKING_2
18:32:45.230 (index):823 UPDATE_3
18:32:46.227 (index):815 THINKING_0
18:32:46.228 (index):805 NODEACCESSRELEASED_3
18:32:48.226 (index):835 NODEACCESSREQUESTED_3
18:32:48.228 (index):823 UPDATE_2
18:32:49.227 (index):805 NODEACCESSRELEASED_2
18:32:49.229 (index):823 UPDATE_1
18:32:49.231 (index):823 UPDATE_0
18:32:50.226 (index):823 UPDATE_3
18:32:50.229 (index):805 NODEACCESSRELEASED_1
18:32:50.231 (index):815 THINKING_0
18:32:51.227 (index):835 NODEACCESSREQUESTED_2
18:32:51.229 (index):805 NODEACCESSRELEASED_3
18:32:52.227 (index):835 NODEACCESSREQUESTED_1
18:32:53.226 (index):823 UPDATE_2
18:32:53.227 (index):835 NODEACCESSREQUESTED_3
18:32:54.226 (index):823 UPDATE_1
18:32:54.228 (index):805 NODEACCESSRELEASED_2
18:32:55.226 (index):823 UPDATE_3
18:32:55.228 (index):815 THINKING_1
18:32:55.229 (index):823 UPDATE_0
18:32:56.226 (index):835 NODEACCESSREQUESTED_2
18:32:56.227 (index):805 NODEACCESSRELEASED_3
18:32:56.228 (index):805 NODEACCESSRELEASED_0
18:32:58.226 (index):823 UPDATE_2
18:32:58.228 (index):835 NODEACCESSREQUESTED_3
18:32:58.229 (index):835 NODEACCESSREQUESTED_0
18:32:58.230 (index):823 UPDATE_1
18:32:59.226 (index):815 THINKING_2
18:32:59.228 (index):805 NODEACCESSRELEASED_1
18:33:00.226 (index):823 UPDATE_3
18:33:00.228 (index):823 UPDATE_0
18:33:01.226 (index):835 NODEACCESSREQUESTED_1
18:33:01.228 (index):805 NODEACCESSRELEASED_3
18:33:01.229 (index):815 THINKING_0
18:33:02.226 (index):823 UPDATE_2
18:33:03.226 (index):823 UPDATE_1
18:33:03.227 (index):835 NODEACCESSREQUESTED_3
18:33:03.229 (index):815 THINKING_2
18:33:04.230 (index):815 THINKING_1
18:33:04.231 (index):823 UPDATE_0
18:33:04.233 (index):823 UPDATE_3
18:33:05.226 (index):805 NODEACCESSRELEASED_0
18:33:05.228 (index):805 NODEACCESSRELEASED_3
18:33:06.229 (index):823 UPDATE_2
18:33:06.230 (index):835 NODEACCESSREQUESTED_0
18:33:07.226 (index):835 NODEACCESSREQUESTED_3
18:33:07.227 (index):815 THINKING_2
18:33:07.228 (index):823 UPDATE_1
18:33:08.226 (index):823 UPDATE_0
18:33:08.228 (index):815 THINKING_1
18:33:09.227 (index):823 UPDATE_3
18:33:09.229 (index):805 NODEACCESSRELEASED_0
18:33:10.226 (index):815 THINKING_3
18:33:11.226 (index):835 NODEACCESSREQUESTED_0
18:33:12.227 (index):823 UPDATE_2
18:33:13.228 (index):823 UPDATE_0
18:33:13.230 (index):805 NODEACCESSRELEASED_2
18:33:13.231 (index):823 UPDATE_3
18:33:13.232 (index):823 UPDATE_1
18:33:14.226 (index):815 THINKING_0
18:33:14.228 (index):805 NODEACCESSRELEASED_3
18:33:14.229 (index):815 THINKING_1
18:33:15.226 (index):835 NODEACCESSREQUESTED_2
18:33:16.226 (index):835 NODEACCESSREQUESTED_3
18:33:17.226 (index):823 UPDATE_2
18:33:18.226 (index):823 UPDATE_3
18:33:18.228 (index):805 NODEACCESSRELEASED_2
18:33:18.229 (index):823 UPDATE_0
18:33:19.226 (index):805 NODEACCESSRELEASED_3
18:33:19.227 (index):805 NODEACCESSRELEASED_0
18:33:19.228 (index):823 UPDATE_1
18:33:20.226 (index):835 NODEACCESSREQUESTED_2
18:33:20.228 (index):805 NODEACCESSRELEASED_1
18:33:21.226 (index):835 NODEACCESSREQUESTED_3
18:33:21.228 (index):835 NODEACCESSREQUESTED_0
18:33:22.226 (index):823 UPDATE_2
18:33:22.228 (index):835 NODEACCESSREQUESTED_1
18:33:23.228 (index):823 UPDATE_3
18:33:23.229 (index):823 UPDATE_0
18:33:23.229 (index):805 NODEACCESSRELEASED_2
18:33:24.226 (index):823 UPDATE_1
18:33:24.228 (index):815 THINKING_3
18:33:24.229 (index):805 NODEACCESSRELEASED_0
18:33:25.226 (index):835 NODEACCESSREQUESTED_2
18:33:25.228 (index):815 THINKING_1
18:33:26.226 (index):835 NODEACCESSREQUESTED_0
18:33:27.227 (index):823 UPDATE_2
18:33:27.229 (index):823 UPDATE_3
18:33:28.226 (index):823 UPDATE_0
18:33:28.228 (index):805 NODEACCESSRELEASED_2
18:33:28.229 (index):805 NODEACCESSRELEASED_3
18:33:28.231 (index):823 UPDATE_1
18:33:29.226 (index):805 NODEACCESSRELEASED_0
18:33:29.228 (index):805 NODEACCESSRELEASED_1
18:33:30.226 (index):835 NODEACCESSREQUESTED_2
18:33:30.228 (index):835 NODEACCESSREQUESTED_3
18:33:31.226 (index):835 NODEACCESSREQUESTED_0
18:33:31.227 (index):835 NODEACCESSREQUESTED_1
18:33:32.226 (index):823 UPDATE_2
18:33:32.228 (index):823 UPDATE_3
18:33:33.226 (index):823 UPDATE_0
18:33:33.228 (index):823 UPDATE_1
18:33:33.229 (index):864 END_2
18:33:33.230 (index):864 END_3
18:33:34.226 (index):864 END_0
18:33:34.228 (index):864 END_1
