18:48:44.227 (index):1044 Tasks: 25; Collaborators: 11    =========================>
18:48:44.228 (index):835 NODEACCESSREQUESTED_0
18:48:44.229 (index):835 NODEACCESSREQUESTED_1
18:48:44.230 (index):835 NODEACCESSREQUESTED_2
18:48:44.232 (index):835 NODEACCESSREQUESTED_3
18:48:44.233 (index):835 NODEACCESSREQUESTED_4
18:48:44.234 (index):835 NODEACCESSREQUESTED_5
18:48:44.235 (index):835 NODEACCESSREQUESTED_6
18:48:44.235 (index):835 NODEACCESSREQUESTED_7
18:48:44.236 (index):835 NODEACCESSREQUESTED_8
18:48:44.237 (index):835 NODEACCESSREQUESTED_9
18:48:44.238 (index):835 NODEACCESSREQUESTED_10
18:48:46.226 (index):815 THINKING_0
18:48:46.228 (index):815 THINKING_1
18:48:46.229 (index):805 NODEACCESSRELEASED_2
18:48:46.230 (index):805 NODEACCESSRELEASED_3
18:48:46.231 (index):853 WAITING_4
18:48:46.231 (index):853 WAITING_5
18:48:46.232 (index):853 WAITING_6
18:48:46.232 (index):853 WAITING_7
18:48:46.233 (index):853 WAITING_8
18:48:46.234 (index):853 WAITING_9
18:48:46.234 (index):853 WAITING_10
18:48:48.232 (index):835 NODEACCESSREQUESTED_2
18:48:48.234 (index):835 NODEACCESSREQUESTED_3
18:48:48.235 (index):853 WAITING_4
18:48:48.235 (index):853 WAITING_5
18:48:48.236 (index):853 WAITING_6
18:48:48.236 (index):853 WAITING_7
18:48:48.236 (index):853 WAITING_8
18:48:48.237 (index):853 WAITING_9
18:48:48.237 (index):853 WAITING_10
18:48:49.226 (index):823 UPDATE_1
18:48:50.226 (index):823 UPDATE_2
18:48:50.228 (index):823 UPDATE_3
18:48:50.229 (index):853 WAITING_4
18:48:50.230 (index):853 WAITING_5
18:48:50.231 (index):853 WAITING_6
18:48:50.233 (index):853 WAITING_7
18:48:50.234 (index):853 WAITING_8
18:48:50.236 (index):853 WAITING_9
18:48:50.237 (index):853 WAITING_10
18:48:50.238 (index):805 NODEACCESSRELEASED_1
18:48:51.226 (index):805 NODEACCESSRELEASED_2
18:48:51.228 (index):805 NODEACCESSRELEASED_3
18:48:51.229 (index):823 UPDATE_0
18:48:52.226 (index):853 WAITING_4
18:48:52.228 (index):853 WAITING_5
18:48:52.230 (index):853 WAITING_6
18:48:52.231 (index):853 WAITING_7
18:48:52.231 (index):853 WAITING_8
18:48:52.232 (index):853 WAITING_9
18:48:52.234 (index):853 WAITING_10
18:48:52.235 (index):835 NODEACCESSREQUESTED_1
18:48:52.237 (index):805 NODEACCESSRELEASED_0
18:48:53.226 (index):835 NODEACCESSREQUESTED_2
18:48:53.227 (index):835 NODEACCESSREQUESTED_3
18:48:54.226 (index):853 WAITING_4
18:48:54.227 (index):853 WAITING_5
18:48:54.227 (index):853 WAITING_6
18:48:54.228 (index):853 WAITING_7
18:48:54.228 (index):853 WAITING_8
18:48:54.229 (index):853 WAITING_9
18:48:54.229 (index):853 WAITING_10
18:48:54.230 (index):823 UPDATE_1
18:48:54.230 (index):835 NODEACCESSREQUESTED_0
18:48:55.226 (index):823 UPDATE_2
18:48:55.227 (index):823 UPDATE_3
18:48:55.227 (index):815 THINKING_1
18:48:56.226 (index):853 WAITING_4
18:48:56.227 (index):853 WAITING_5
18:48:56.229 (index):853 WAITING_6
18:48:56.230 (index):853 WAITING_7
18:48:56.231 (index):853 WAITING_8
18:48:56.232 (index):853 WAITING_9
18:48:56.233 (index):853 WAITING_10
18:48:56.234 (index):823 UPDATE_0
18:48:56.236 (index):805 NODEACCESSRELEASED_2
18:48:56.237 (index):815 THINKING_3
18:48:57.226 (index):805 NODEACCESSRELEASED_0
18:48:58.226 (index):853 WAITING_4
18:48:58.228 (index):853 WAITING_5
18:48:58.229 (index):853 WAITING_6
18:48:58.230 (index):853 WAITING_7
18:48:58.231 (index):853 WAITING_8
18:48:58.231 (index):853 WAITING_9
18:48:58.232 (index):853 WAITING_10
18:48:58.233 (index):835 NODEACCESSREQUESTED_2
18:48:59.226 (index):835 NODEACCESSREQUESTED_0
18:48:59.228 (index):823 UPDATE_1
18:49:00.226 (index):853 WAITING_4
18:49:00.228 (index):853 WAITING_5
18:49:00.229 (index):853 WAITING_6
18:49:00.230 (index):853 WAITING_7
18:49:00.232 (index):853 WAITING_8
18:49:00.233 (index):853 WAITING_9
18:49:00.234 (index):853 WAITING_10
18:49:00.234 (index):823 UPDATE_2
18:49:00.235 (index):815 THINKING_1
18:49:01.226 (index):823 UPDATE_0
18:49:01.228 (index):815 THINKING_2
18:49:01.229 (index):823 UPDATE_3
18:49:02.226 (index):853 WAITING_4
18:49:02.228 (index):853 WAITING_5
18:49:02.229 (index):853 WAITING_6
18:49:02.230 (index):853 WAITING_7
18:49:02.231 (index):853 WAITING_8
18:49:02.232 (index):853 WAITING_9
18:49:02.234 (index):853 WAITING_10
18:49:02.235 (index):815 THINKING_0
18:49:02.236 (index):805 NODEACCESSRELEASED_3
18:49:04.226 (index):853 WAITING_4
18:49:04.230 (index):853 WAITING_5
18:49:04.231 (index):853 WAITING_6
18:49:04.231 (index):853 WAITING_7
18:49:04.232 (index):853 WAITING_8
18:49:04.233 (index):853 WAITING_9
18:49:04.234 (index):853 WAITING_10
18:49:04.235 (index):835 NODEACCESSREQUESTED_3
18:49:04.236 (index):823 UPDATE_2
18:49:05.226 (index):805 NODEACCESSRELEASED_2
18:49:05.228 (index):823 UPDATE_1
18:49:05.229 (index):823 UPDATE_0
18:49:06.226 (index):853 WAITING_4
18:49:06.228 (index):853 WAITING_5
18:49:06.229 (index):853 WAITING_6
18:49:06.231 (index):853 WAITING_7
18:49:06.232 (index):853 WAITING_8
18:49:06.234 (index):853 WAITING_9
18:49:06.235 (index):853 WAITING_10
18:49:06.235 (index):823 UPDATE_3
18:49:06.236 (index):805 NODEACCESSRELEASED_1
18:49:06.237 (index):815 THINKING_0
18:49:07.227 (index):835 NODEACCESSREQUESTED_2
18:49:07.228 (index):805 NODEACCESSRELEASED_3
18:49:08.226 (index):853 WAITING_4
18:49:08.228 (index):853 WAITING_5
18:49:08.229 (index):853 WAITING_6
18:49:08.231 (index):853 WAITING_7
18:49:08.233 (index):853 WAITING_8
18:49:08.234 (index):853 WAITING_9
18:49:08.235 (index):853 WAITING_10
18:49:08.236 (index):835 NODEACCESSREQUESTED_1
18:49:09.226 (index):823 UPDATE_2
18:49:09.228 (index):835 NODEACCESSREQUESTED_3
18:49:10.226 (index):853 WAITING_4
18:49:10.228 (index):853 WAITING_5
18:49:10.229 (index):853 WAITING_6
18:49:10.230 (index):853 WAITING_7
18:49:10.234 (index):853 WAITING_8
18:49:10.235 (index):853 WAITING_9
18:49:10.236 (index):853 WAITING_10
18:49:10.236 (index):823 UPDATE_1
18:49:10.237 (index):805 NODEACCESSRELEASED_2
18:49:11.226 (index):823 UPDATE_3
18:49:11.228 (index):815 THINKING_1
18:49:11.229 (index):823 UPDATE_0
18:49:12.226 (index):853 WAITING_4
18:49:12.228 (index):853 WAITING_5
18:49:12.229 (index):853 WAITING_6
18:49:12.230 (index):853 WAITING_7
18:49:12.231 (index):853 WAITING_8
18:49:12.233 (index):853 WAITING_9
18:49:12.234 (index):853 WAITING_10
18:49:12.235 (index):835 NODEACCESSREQUESTED_2
18:49:12.235 (index):805 NODEACCESSRELEASED_3
18:49:12.236 (index):805 NODEACCESSRELEASED_0
18:49:14.226 (index):853 WAITING_4
18:49:14.228 (index):853 WAITING_5
18:49:14.229 (index):853 WAITING_6
18:49:14.232 (index):853 WAITING_7
18:49:14.233 (index):853 WAITING_8
18:49:14.234 (index):853 WAITING_9
18:49:14.235 (index):853 WAITING_10
18:49:14.236 (index):823 UPDATE_2
18:49:14.237 (index):835 NODEACCESSREQUESTED_3
18:49:14.238 (index):835 NODEACCESSREQUESTED_0
18:49:14.238 (index):823 UPDATE_1
18:49:15.226 (index):815 THINKING_2
18:49:15.227 (index):805 NODEACCESSRELEASED_1
18:49:16.226 (index):853 WAITING_4
18:49:16.227 (index):853 WAITING_5
18:49:16.229 (index):853 WAITING_6
18:49:16.230 (index):853 WAITING_7
18:49:16.231 (index):853 WAITING_8
18:49:16.232 (index):853 WAITING_9
18:49:16.233 (index):853 WAITING_10
18:49:16.234 (index):823 UPDATE_3
18:49:16.236 (index):823 UPDATE_0
18:49:17.226 (index):835 NODEACCESSREQUESTED_1
18:49:17.228 (index):805 NODEACCESSRELEASED_3
18:49:17.229 (index):815 THINKING_0
18:49:18.226 (index):853 WAITING_4
18:49:18.228 (index):853 WAITING_5
18:49:18.229 (index):853 WAITING_6
18:49:18.231 (index):853 WAITING_7
18:49:18.232 (index):853 WAITING_8
18:49:18.234 (index):853 WAITING_9
18:49:18.234 (index):853 WAITING_10
18:49:18.235 (index):823 UPDATE_2
18:49:19.226 (index):823 UPDATE_1
18:49:19.228 (index):835 NODEACCESSREQUESTED_3
18:49:19.229 (index):815 THINKING_2
18:49:20.226 (index):853 WAITING_4
18:49:20.228 (index):853 WAITING_5
18:49:20.229 (index):853 WAITING_6
18:49:20.231 (index):853 WAITING_7
18:49:20.232 (index):853 WAITING_8
18:49:20.234 (index):853 WAITING_9
18:49:20.235 (index):853 WAITING_10
18:49:20.236 (index):815 THINKING_1
18:49:20.237 (index):823 UPDATE_0
18:49:21.226 (index):823 UPDATE_3
18:49:21.228 (index):805 NODEACCESSRELEASED_0
18:49:22.226 (index):853 WAITING_4
18:49:22.228 (index):853 WAITING_5
18:49:22.229 (index):853 WAITING_6
18:49:22.230 (index):853 WAITING_7
18:49:22.231 (index):853 WAITING_8
18:49:22.231 (index):853 WAITING_9
18:49:22.232 (index):853 WAITING_10
18:49:22.232 (index):805 NODEACCESSRELEASED_3
18:49:22.233 (index):823 UPDATE_2
18:49:23.230 (index):835 NODEACCESSREQUESTED_0
18:49:23.231 (index):815 THINKING_2
18:49:23.232 (index):823 UPDATE_1
18:49:23.233 (index):853 WAITING_4
18:49:23.234 (index):853 WAITING_5
18:49:24.226 (index):853 WAITING_6
18:49:24.228 (index):853 WAITING_7
18:49:24.229 (index):853 WAITING_8
18:49:24.231 (index):853 WAITING_9
18:49:24.232 (index):853 WAITING_10
18:49:24.233 (index):835 NODEACCESSREQUESTED_3
18:49:24.234 (index):815 THINKING_1
18:49:25.226 (index):823 UPDATE_0
18:49:25.227 (index):853 WAITING_4
18:49:25.228 (index):853 WAITING_5
18:49:26.226 (index):853 WAITING_6
18:49:26.227 (index):853 WAITING_7
18:49:26.228 (index):853 WAITING_8
18:49:26.230 (index):853 WAITING_9
18:49:26.231 (index):853 WAITING_10
18:49:26.233 (index):823 UPDATE_3
18:49:26.234 (index):805 NODEACCESSRELEASED_0
18:49:27.226 (index):853 WAITING_4
18:49:27.227 (index):853 WAITING_5
18:49:27.228 (index):815 THINKING_3
18:49:28.226 (index):853 WAITING_6
18:49:28.227 (index):853 WAITING_7
18:49:28.227 (index):853 WAITING_8
18:49:28.228 (index):853 WAITING_9
18:49:28.229 (index):853 WAITING_10
18:49:28.234 (index):835 NODEACCESSREQUESTED_0
18:49:28.235 (index):823 UPDATE_2
18:49:29.226 (index):853 WAITING_4
18:49:29.227 (index):853 WAITING_5
18:49:29.228 (index):805 NODEACCESSRELEASED_2
18:49:29.229 (index):823 UPDATE_1
18:49:30.226 (index):853 WAITING_6
18:49:30.228 (index):853 WAITING_7
18:49:30.229 (index):853 WAITING_8
18:49:30.230 (index):853 WAITING_9
18:49:30.231 (index):853 WAITING_10
18:49:30.232 (index):823 UPDATE_0
18:49:30.233 (index):815 THINKING_1
18:49:30.234 (index):823 UPDATE_3
18:49:31.226 (index):853 WAITING_4
18:49:31.227 (index):853 WAITING_5
18:49:31.228 (index):835 NODEACCESSREQUESTED_2
18:49:31.228 (index):815 THINKING_0
18:49:31.229 (index):805 NODEACCESSRELEASED_3
18:49:32.226 (index):853 WAITING_6
18:49:32.227 (index):853 WAITING_7
18:49:32.227 (index):853 WAITING_8
18:49:32.228 (index):853 WAITING_9
18:49:32.230 (index):853 WAITING_10
18:49:33.227 (index):853 WAITING_4
18:49:33.228 (index):853 WAITING_5
18:49:33.229 (index):823 UPDATE_2
18:49:33.230 (index):835 NODEACCESSREQUESTED_3
18:49:33.230 (index):853 WAITING_6
18:49:34.226 (index):853 WAITING_7
18:49:34.228 (index):853 WAITING_8
18:49:34.229 (index):853 WAITING_9
18:49:34.230 (index):853 WAITING_10
18:49:34.231 (index):805 NODEACCESSRELEASED_2
18:49:35.226 (index):853 WAITING_4
18:49:35.228 (index):853 WAITING_5
18:49:35.229 (index):823 UPDATE_3
18:49:35.230 (index):853 WAITING_6
18:49:35.231 (index):823 UPDATE_1
18:49:35.232 (index):823 UPDATE_0
18:49:36.227 (index):853 WAITING_7
18:49:36.228 (index):853 WAITING_8
18:49:36.229 (index):853 WAITING_9
18:49:36.230 (index):853 WAITING_10
18:49:36.231 (index):835 NODEACCESSREQUESTED_2
18:49:36.232 (index):805 NODEACCESSRELEASED_3
18:49:36.234 (index):805 NODEACCESSRELEASED_1
18:49:36.234 (index):805 NODEACCESSRELEASED_0
18:49:37.226 (index):853 WAITING_4
18:49:37.228 (index):853 WAITING_5
18:49:37.229 (index):853 WAITING_6
18:49:37.464 (index):853 WAITING_7
18:49:37.466 (index):853 WAITING_8
18:49:37.467 (index):853 WAITING_9
18:49:37.468 (index):853 WAITING_10
18:49:37.469 (index):823 UPDATE_2
18:49:37.470 (index):835 NODEACCESSREQUESTED_3
18:49:37.471 (index):835 NODEACCESSREQUESTED_1
18:49:37.471 (index):835 NODEACCESSREQUESTED_0
18:49:37.607 (index):805 NODEACCESSRELEASED_2
18:49:38.228 (index):853 WAITING_4
18:49:38.229 (index):853 WAITING_5
18:49:38.230 (index):853 WAITING_6
18:49:38.466 (index):853 WAITING_7
18:49:38.467 (index):853 WAITING_8
18:49:38.468 (index):853 WAITING_9
18:49:38.469 (index):853 WAITING_10
18:49:38.471 (index):823 UPDATE_3
18:49:38.472 (index):823 UPDATE_1
18:49:38.473 (index):823 UPDATE_0
18:49:38.572 (index):815 THINKING_3
18:49:38.573 (index):815 THINKING_1
18:49:38.575 (index):805 NODEACCESSRELEASED_0
18:49:38.617 (index):835 NODEACCESSREQUESTED_2
18:49:39.228 (index):853 WAITING_4
18:49:39.230 (index):853 WAITING_5
18:49:39.231 (index):853 WAITING_6
18:49:39.466 (index):853 WAITING_7
18:49:39.468 (index):853 WAITING_8
18:49:39.469 (index):853 WAITING_9
18:49:39.471 (index):853 WAITING_10
18:49:39.576 (index):835 NODEACCESSREQUESTED_0
18:49:39.618 (index):823 UPDATE_2
18:49:39.719 (index):805 NODEACCESSRELEASED_2
18:49:40.230 (index):853 WAITING_4
18:49:40.231 (index):853 WAITING_5
18:49:40.232 (index):853 WAITING_6
18:49:40.468 (index):853 WAITING_7
18:49:40.468 (index):853 WAITING_8
18:49:40.470 (index):853 WAITING_9
18:49:40.471 (index):853 WAITING_10
18:49:40.577 (index):823 UPDATE_0
18:49:40.678 (index):805 NODEACCESSRELEASED_0
18:49:40.736 (index):835 NODEACCESSREQUESTED_2
18:49:40.751 (index):823 UPDATE_1
18:49:40.852 (index):805 NODEACCESSRELEASED_1
18:49:40.911 (index):823 UPDATE_3
18:49:41.012 (index):805 NODEACCESSRELEASED_3
18:49:41.231 (index):853 WAITING_4
18:49:41.232 (index):853 WAITING_5
18:49:41.233 (index):853 WAITING_6
18:49:41.468 (index):853 WAITING_7
18:49:41.469 (index):853 WAITING_8
18:49:41.471 (index):853 WAITING_9
18:49:41.472 (index):853 WAITING_10
18:49:41.680 (index):835 NODEACCESSREQUESTED_0
18:49:41.737 (index):823 UPDATE_2
18:49:41.837 (index):864 END_2
18:49:41.854 (index):835 NODEACCESSREQUESTED_1
18:49:42.013 (index):835 NODEACCESSREQUESTED_3
18:49:42.232 (index):853 WAITING_4
18:49:42.233 (index):853 WAITING_5
18:49:42.234 (index):853 WAITING_6
18:49:42.469 (index):853 WAITING_7
18:49:42.470 (index):853 WAITING_8
18:49:42.471 (index):853 WAITING_9
18:49:42.473 (index):853 WAITING_10
18:49:42.681 (index):823 UPDATE_0
18:49:42.783 (index):864 END_0
18:49:42.855 (index):823 UPDATE_1
18:49:42.955 (index):864 END_1
18:49:43.014 (index):823 UPDATE_3
18:49:43.115 (index):864 END_3
18:49:43.233 (index):805 NODEACCESSRELEASED_4
18:49:43.235 (index):805 NODEACCESSRELEASED_5
18:49:43.236 (index):815 THINKING_6
18:49:43.470 (index):853 WAITING_7
18:49:43.471 (index):853 WAITING_8
18:49:43.472 (index):853 WAITING_9
18:49:43.474 (index):853 WAITING_10
18:49:44.235 (index):835 NODEACCESSREQUESTED_4
18:49:44.236 (index):835 NODEACCESSREQUESTED_5
18:49:44.471 (index):853 WAITING_7
18:49:44.472 (index):853 WAITING_8
18:49:44.473 (index):853 WAITING_9
18:49:44.475 (index):853 WAITING_10
18:49:45.236 (index):853 WAITING_4
18:49:45.237 (index):853 WAITING_5
18:49:45.472 (index):853 WAITING_7
18:49:45.473 (index):853 WAITING_8
18:49:45.474 (index):853 WAITING_9
18:49:45.476 (index):853 WAITING_10
18:49:45.954 (index):823 UPDATE_6
18:49:46.055 (index):805 NODEACCESSRELEASED_6
18:49:46.237 (index):853 WAITING_4
18:49:46.238 (index):853 WAITING_5
18:49:46.473 (index):805 NODEACCESSRELEASED_7
18:49:46.474 (index):815 THINKING_8
18:49:46.475 (index):853 WAITING_9
18:49:46.477 (index):853 WAITING_10
18:49:47.056 (index):835 NODEACCESSREQUESTED_6
18:49:47.238 (index):853 WAITING_4
18:49:47.239 (index):853 WAITING_5
18:49:47.474 (index):835 NODEACCESSREQUESTED_7
18:49:47.476 (index):853 WAITING_9
18:49:47.478 (index):853 WAITING_10
18:49:48.057 (index):853 WAITING_6
18:49:48.239 (index):853 WAITING_4
18:49:48.240 (index):853 WAITING_5
18:49:48.476 (index):853 WAITING_7
18:49:48.478 (index):853 WAITING_9
18:49:48.479 (index):853 WAITING_10
18:49:48.500 (index):823 UPDATE_8
18:49:48.602 (index):815 THINKING_8
18:49:49.059 (index):853 WAITING_6
18:49:49.240 (index):853 WAITING_4
18:49:49.241 (index):853 WAITING_5
18:49:49.477 (index):853 WAITING_7
18:49:49.479 (index):853 WAITING_9
18:49:49.480 (index):853 WAITING_10
18:49:50.060 (index):853 WAITING_6
18:49:50.241 (index):853 WAITING_4
18:49:50.242 (index):853 WAITING_5
18:49:50.478 (index):853 WAITING_7
18:49:50.479 (index):853 WAITING_9
18:49:50.481 (index):853 WAITING_10
18:49:51.061 (index):853 WAITING_6
18:49:51.243 (index):853 WAITING_4
18:49:51.244 (index):853 WAITING_5
18:49:51.478 (index):853 WAITING_7
18:49:51.480 (index):853 WAITING_9
18:49:51.482 (index):853 WAITING_10
18:49:52.062 (index):853 WAITING_6
18:49:52.244 (index):853 WAITING_4
18:49:52.245 (index):853 WAITING_5
18:49:52.479 (index):853 WAITING_7
18:49:52.481 (index):853 WAITING_9
18:49:52.482 (index):853 WAITING_10
18:49:53.043 (index):823 UPDATE_8
18:49:53.064 (index):853 WAITING_6
18:49:53.144 (index):805 NODEACCESSRELEASED_8
18:49:53.245 (index):853 WAITING_4
18:49:53.246 (index):853 WAITING_5
18:49:53.480 (index):853 WAITING_7
18:49:53.482 (index):805 NODEACCESSRELEASED_9
18:49:53.483 (index):805 NODEACCESSRELEASED_10
18:49:54.065 (index):853 WAITING_6
18:49:54.145 (index):835 NODEACCESSREQUESTED_8
18:49:54.246 (index):823 UPDATE_4
18:49:54.247 (index):853 WAITING_5
18:49:54.347 (index):805 NODEACCESSRELEASED_4
18:49:54.481 (index):853 WAITING_7
18:49:54.483 (index):835 NODEACCESSREQUESTED_9
18:49:54.484 (index):835 NODEACCESSREQUESTED_10
18:49:55.066 (index):853 WAITING_6
18:49:55.147 (index):823 UPDATE_8
18:49:55.248 (index):815 THINKING_8
18:49:55.249 (index):823 UPDATE_5
18:49:55.349 (index):835 NODEACCESSREQUESTED_4
18:49:55.350 (index):815 THINKING_5
18:49:55.482 (index):853 WAITING_7
18:49:55.483 (index):823 UPDATE_9
18:49:55.485 (index):823 UPDATE_10
18:49:55.584 (index):815 THINKING_9
18:49:55.586 (index):815 THINKING_10
18:49:56.067 (index):853 WAITING_6
18:49:56.350 (index):853 WAITING_4
18:49:56.483 (index):853 WAITING_7
18:49:57.068 (index):853 WAITING_6
18:49:57.351 (index):853 WAITING_4
18:49:57.484 (index):853 WAITING_7
18:49:57.637 (index):823 UPDATE_10
18:49:57.739 (index):805 NODEACCESSRELEASED_10
18:49:57.765 (index):823 UPDATE_5
18:49:57.866 (index):805 NODEACCESSRELEASED_5
18:49:58.069 (index):823 UPDATE_6
18:49:58.170 (index):805 NODEACCESSRELEASED_6
18:49:58.352 (index):853 WAITING_4
18:49:58.485 (index):823 UPDATE_7
18:49:58.586 (index):805 NODEACCESSRELEASED_7
18:49:58.751 (index):835 NODEACCESSREQUESTED_10
18:49:58.867 (index):835 NODEACCESSREQUESTED_5
18:49:59.172 (index):835 NODEACCESSREQUESTED_6
18:49:59.353 (index):853 WAITING_4
18:49:59.587 (index):835 NODEACCESSREQUESTED_7
18:49:59.752 (index):823 UPDATE_10
18:49:59.771 (index):823 UPDATE_8
18:49:59.853 (index):815 THINKING_10
18:49:59.868 (index):823 UPDATE_5
18:49:59.872 (index):805 NODEACCESSRELEASED_8
18:49:59.970 (index):815 THINKING_5
18:50:00.096 (index):823 UPDATE_9
18:50:00.173 (index):853 WAITING_6
18:50:00.197 (index):815 THINKING_9
18:50:00.354 (index):853 WAITING_4
18:50:00.588 (index):853 WAITING_7
18:50:00.875 (index):835 NODEACCESSREQUESTED_8
18:50:01.174 (index):853 WAITING_6
18:50:01.356 (index):853 WAITING_4
18:50:01.590 (index):853 WAITING_7
18:50:01.875 (index):823 UPDATE_8
18:50:01.977 (index):805 NODEACCESSRELEASED_8
18:50:02.175 (index):853 WAITING_6
18:50:02.357 (index):853 WAITING_4
18:50:02.591 (index):853 WAITING_7
18:50:02.604 (index):823 UPDATE_9
18:50:02.705 (index):805 NODEACCESSRELEASED_9
18:50:02.830 (index):823 UPDATE_10
18:50:02.931 (index):805 NODEACCESSRELEASED_10
18:50:02.978 (index):835 NODEACCESSREQUESTED_8
18:50:03.110 (index):823 UPDATE_5
18:50:03.176 (index):853 WAITING_6
18:50:03.211 (index):805 NODEACCESSRELEASED_5
18:50:03.358 (index):853 WAITING_4
18:50:04.226 (index):853 WAITING_7
18:50:04.227 (index):835 NODEACCESSREQUESTED_9
18:50:04.229 (index):835 NODEACCESSREQUESTED_10
18:50:04.231 (index):823 UPDATE_8
18:50:04.232 (index):853 WAITING_6
18:50:04.232 (index):835 NODEACCESSREQUESTED_5
18:50:05.229 (index):815 THINKING_8
18:50:05.231 (index):853 WAITING_4
18:50:05.233 (index):853 WAITING_7
18:50:05.234 (index):823 UPDATE_9
18:50:06.226 (index):823 UPDATE_10
18:50:06.228 (index):853 WAITING_6
18:50:06.231 (index):823 UPDATE_5
18:50:06.233 (index):805 NODEACCESSRELEASED_9
18:50:07.226 (index):853 WAITING_4
18:50:07.228 (index):853 WAITING_7
18:50:07.228 (index):815 THINKING_10
18:50:07.230 (index):815 THINKING_5
18:50:08.227 (index):853 WAITING_6
18:50:08.228 (index):835 NODEACCESSREQUESTED_9
18:50:09.227 (index):853 WAITING_4
18:50:09.228 (index):853 WAITING_7
18:50:09.230 (index):823 UPDATE_8
18:50:10.228 (index):853 WAITING_6
18:50:10.229 (index):823 UPDATE_9
18:50:10.230 (index):805 NODEACCESSRELEASED_8
18:50:11.226 (index):853 WAITING_4
18:50:11.228 (index):853 WAITING_7
18:50:11.229 (index):805 NODEACCESSRELEASED_9
18:50:12.226 (index):853 WAITING_6
18:50:12.228 (index):835 NODEACCESSREQUESTED_8
18:50:12.229 (index):823 UPDATE_5
18:50:12.231 (index):823 UPDATE_10
18:50:13.227 (index):853 WAITING_4
18:50:13.229 (index):853 WAITING_7
18:50:13.230 (index):835 NODEACCESSREQUESTED_9
18:50:13.231 (index):815 THINKING_5
18:50:13.231 (index):805 NODEACCESSRELEASED_10
18:50:14.226 (index):853 WAITING_6
18:50:14.228 (index):823 UPDATE_8
18:50:15.226 (index):853 WAITING_4
18:50:15.228 (index):853 WAITING_7
18:50:15.229 (index):823 UPDATE_9
18:50:15.230 (index):835 NODEACCESSREQUESTED_10
18:50:15.232 (index):805 NODEACCESSRELEASED_8
18:50:16.226 (index):853 WAITING_6
18:50:16.228 (index):823 UPDATE_5
18:50:16.228 (index):815 THINKING_9
18:50:17.226 (index):853 WAITING_4
18:50:17.228 (index):853 WAITING_7
18:50:17.229 (index):823 UPDATE_10
18:50:17.230 (index):835 NODEACCESSREQUESTED_8
18:50:17.232 (index):805 NODEACCESSRELEASED_5
18:50:18.226 (index):853 WAITING_6
18:50:18.227 (index):815 THINKING_10
18:50:19.226 (index):853 WAITING_4
18:50:19.228 (index):853 WAITING_7
18:50:19.229 (index):823 UPDATE_8
18:50:19.230 (index):835 NODEACCESSREQUESTED_5
18:50:20.226 (index):853 WAITING_6
18:50:20.228 (index):805 NODEACCESSRELEASED_8
18:50:20.229 (index):823 UPDATE_9
18:50:21.226 (index):853 WAITING_4
18:50:21.227 (index):853 WAITING_7
18:50:21.229 (index):823 UPDATE_5
18:50:21.231 (index):805 NODEACCESSRELEASED_9
18:50:22.227 (index):853 WAITING_6
18:50:22.229 (index):835 NODEACCESSREQUESTED_8
18:50:22.231 (index):815 THINKING_5
18:50:22.232 (index):823 UPDATE_10
18:50:23.226 (index):853 WAITING_4
18:50:23.227 (index):853 WAITING_7
18:50:23.228 (index):835 NODEACCESSREQUESTED_9
18:50:23.229 (index):805 NODEACCESSRELEASED_10
18:50:24.226 (index):853 WAITING_6
18:50:24.228 (index):823 UPDATE_8
18:50:25.226 (index):853 WAITING_4
18:50:25.227 (index):853 WAITING_7
18:50:25.228 (index):823 UPDATE_9
18:50:25.229 (index):835 NODEACCESSREQUESTED_10
18:50:25.230 (index):805 NODEACCESSRELEASED_8
18:50:26.226 (index):853 WAITING_6
18:50:26.228 (index):805 NODEACCESSRELEASED_9
18:50:27.226 (index):853 WAITING_4
18:50:27.228 (index):853 WAITING_7
18:50:27.229 (index):823 UPDATE_10
18:50:27.230 (index):835 NODEACCESSREQUESTED_8
18:50:27.232 (index):823 UPDATE_5
18:50:28.226 (index):853 WAITING_6
18:50:28.228 (index):835 NODEACCESSREQUESTED_9
18:50:28.229 (index):815 THINKING_10
18:50:28.230 (index):805 NODEACCESSRELEASED_5
18:50:29.226 (index):853 WAITING_4
18:50:29.228 (index):853 WAITING_7
18:50:29.229 (index):823 UPDATE_8
18:50:30.227 (index):853 WAITING_6
18:50:30.228 (index):823 UPDATE_9
18:50:30.230 (index):835 NODEACCESSREQUESTED_5
18:50:30.231 (index):805 NODEACCESSRELEASED_8
18:50:31.226 (index):853 WAITING_4
18:50:31.228 (index):853 WAITING_7
18:50:31.229 (index):815 THINKING_9
18:50:32.226 (index):853 WAITING_6
18:50:32.228 (index):823 UPDATE_5
18:50:32.229 (index):835 NODEACCESSREQUESTED_8
18:50:33.226 (index):853 WAITING_4
18:50:33.228 (index):853 WAITING_7
18:50:33.229 (index):805 NODEACCESSRELEASED_5
18:50:33.231 (index):823 UPDATE_10
18:50:34.227 (index):853 WAITING_6
18:50:34.228 (index):823 UPDATE_8
18:50:34.230 (index):805 NODEACCESSRELEASED_10
18:50:35.226 (index):853 WAITING_4
18:50:35.228 (index):853 WAITING_7
18:50:35.229 (index):835 NODEACCESSREQUESTED_5
18:50:35.232 (index):805 NODEACCESSRELEASED_8
18:50:35.233 (index):823 UPDATE_9
18:50:36.226 (index):853 WAITING_6
18:50:36.228 (index):835 NODEACCESSREQUESTED_10
18:50:36.230 (index):805 NODEACCESSRELEASED_9
18:50:37.227 (index):853 WAITING_4
18:50:37.228 (index):853 WAITING_7
18:50:37.230 (index):823 UPDATE_5
18:50:37.231 (index):835 NODEACCESSREQUESTED_8
18:50:38.226 (index):853 WAITING_6
18:50:38.228 (index):823 UPDATE_10
18:50:38.229 (index):835 NODEACCESSREQUESTED_9
18:50:38.231 (index):805 NODEACCESSRELEASED_5
18:50:39.226 (index):853 WAITING_4
18:50:39.227 (index):853 WAITING_7
18:50:39.227 (index):823 UPDATE_8
18:50:39.228 (index):805 NODEACCESSRELEASED_10
18:50:40.226 (index):853 WAITING_6
18:50:40.228 (index):823 UPDATE_9
18:50:40.229 (index):835 NODEACCESSREQUESTED_5
18:50:40.230 (index):864 END_8
18:50:41.226 (index):853 WAITING_4
18:50:41.228 (index):853 WAITING_7
18:50:41.229 (index):835 NODEACCESSREQUESTED_10
18:50:41.230 (index):805 NODEACCESSRELEASED_9
18:50:42.226 (index):853 WAITING_6
18:50:42.227 (index):823 UPDATE_5
18:50:43.226 (index):853 WAITING_4
18:50:43.228 (index):853 WAITING_7
18:50:43.229 (index):823 UPDATE_10
18:50:43.230 (index):835 NODEACCESSREQUESTED_9
18:50:43.231 (index):805 NODEACCESSRELEASED_5
18:50:44.226 (index):853 WAITING_6
18:50:44.227 (index):805 NODEACCESSRELEASED_10
18:50:45.229 (index):853 WAITING_4
18:50:45.230 (index):853 WAITING_7
18:50:45.231 (index):823 UPDATE_9
18:50:45.232 (index):835 NODEACCESSREQUESTED_5
18:50:45.233 (index):853 WAITING_6
18:50:45.234 (index):835 NODEACCESSREQUESTED_10
18:50:46.226 (index):805 NODEACCESSRELEASED_9
18:50:47.226 (index):853 WAITING_4
18:50:47.227 (index):853 WAITING_7
18:50:47.228 (index):823 UPDATE_5
18:50:47.228 (index):853 WAITING_6
18:50:47.229 (index):823 UPDATE_10
18:50:48.226 (index):835 NODEACCESSREQUESTED_9
18:50:48.228 (index):864 END_5
18:50:48.229 (index):864 END_10
18:50:49.226 (index):853 WAITING_4
18:50:49.228 (index):853 WAITING_7
18:50:49.229 (index):853 WAITING_6
18:50:50.226 (index):823 UPDATE_9
18:50:51.226 (index):853 WAITING_4
18:50:51.228 (index):853 WAITING_7
18:50:51.229 (index):853 WAITING_6
18:50:51.231 (index):864 END_9
18:50:53.226 (index):823 UPDATE_4
18:50:53.228 (index):853 WAITING_7
18:50:53.231 (index):853 WAITING_6
18:50:54.226 (index):805 NODEACCESSRELEASED_4
18:50:55.226 (index):853 WAITING_7
18:50:55.228 (index):823 UPDATE_6
18:50:56.227 (index):835 NODEACCESSREQUESTED_4
18:50:56.228 (index):805 NODEACCESSRELEASED_6
18:50:57.226 (index):823 UPDATE_7
18:50:58.227 (index):853 WAITING_4
18:50:58.228 (index):835 NODEACCESSREQUESTED_6
18:50:58.230 (index):805 NODEACCESSRELEASED_7
18:51:00.226 (index):823 UPDATE_4
18:51:00.227 (index):853 WAITING_6
18:51:00.228 (index):835 NODEACCESSREQUESTED_7
18:51:01.226 (index):805 NODEACCESSRELEASED_4
18:51:02.226 (index):823 UPDATE_6
18:51:02.228 (index):823 UPDATE_7
18:51:03.226 (index):835 NODEACCESSREQUESTED_4
18:51:03.227 (index):805 NODEACCESSRELEASED_6
18:51:03.228 (index):815 THINKING_7
18:51:04.230 (index):823 UPDATE_4
18:51:04.232 (index):835 NODEACCESSREQUESTED_6
18:51:05.228 (index):805 NODEACCESSRELEASED_4
18:51:06.226 (index):823 UPDATE_6
18:51:06.227 (index):823 UPDATE_7
18:51:07.229 (index):835 NODEACCESSREQUESTED_4
18:51:07.231 (index):805 NODEACCESSRELEASED_6
18:51:07.232 (index):805 NODEACCESSRELEASED_7
18:51:09.226 (index):823 UPDATE_4
18:51:09.228 (index):835 NODEACCESSREQUESTED_6
18:51:09.229 (index):835 NODEACCESSREQUESTED_7
18:51:10.226 (index):815 THINKING_4
18:51:11.226 (index):823 UPDATE_6
18:51:11.228 (index):823 UPDATE_7
18:51:12.227 (index):815 THINKING_6
18:51:12.228 (index):815 THINKING_7
18:51:13.227 (index):823 UPDATE_4
18:51:14.226 (index):805 NODEACCESSRELEASED_4
18:51:15.226 (index):823 UPDATE_6
18:51:16.226 (index):835 NODEACCESSREQUESTED_4
18:51:16.227 (index):815 THINKING_6
18:51:17.226 (index):823 UPDATE_7
18:51:18.228 (index):823 UPDATE_4
18:51:18.230 (index):805 NODEACCESSRELEASED_7
18:51:19.226 (index):815 THINKING_4
18:51:19.228 (index):823 UPDATE_6
18:51:20.226 (index):835 NODEACCESSREQUESTED_7
18:51:20.228 (index):805 NODEACCESSRELEASED_6
18:51:22.226 (index):823 UPDATE_7
18:51:22.227 (index):835 NODEACCESSREQUESTED_6
18:51:23.227 (index):805 NODEACCESSRELEASED_7
18:51:24.230 (index):823 UPDATE_6
18:51:24.231 (index):823 UPDATE_4
18:51:24.233 (index):835 NODEACCESSREQUESTED_7
18:51:25.227 (index):805 NODEACCESSRELEASED_6
18:51:25.228 (index):815 THINKING_4
18:51:26.227 (index):823 UPDATE_7
18:51:27.227 (index):835 NODEACCESSREQUESTED_6
18:51:27.228 (index):805 NODEACCESSRELEASED_7
18:51:29.226 (index):823 UPDATE_6
18:51:29.227 (index):835 NODEACCESSREQUESTED_7
18:51:29.229 (index):823 UPDATE_4
18:51:30.226 (index):805 NODEACCESSRELEASED_6
18:51:30.227 (index):815 THINKING_4
18:51:31.226 (index):823 UPDATE_7
18:51:32.226 (index):835 NODEACCESSREQUESTED_6
18:51:32.228 (index):805 NODEACCESSRELEASED_7
18:51:33.226 (index):823 UPDATE_4
18:51:34.227 (index):823 UPDATE_6
18:51:34.228 (index):835 NODEACCESSREQUESTED_7
18:51:34.230 (index):805 NODEACCESSRELEASED_4
18:51:35.227 (index):805 NODEACCESSRELEASED_6
18:51:36.227 (index):823 UPDATE_7
18:51:36.229 (index):835 NODEACCESSREQUESTED_4
18:51:37.226 (index):835 NODEACCESSREQUESTED_6
18:51:37.227 (index):805 NODEACCESSRELEASED_7
18:51:38.227 (index):823 UPDATE_4
18:51:39.226 (index):823 UPDATE_6
18:51:39.227 (index):835 NODEACCESSREQUESTED_7
18:51:39.228 (index):805 NODEACCESSRELEASED_4
18:51:40.226 (index):805 NODEACCESSRELEASED_6
18:51:41.226 (index):823 UPDATE_7
18:51:41.227 (index):835 NODEACCESSREQUESTED_4
18:51:42.227 (index):835 NODEACCESSREQUESTED_6
18:51:42.228 (index):815 THINKING_7
18:51:43.226 (index):823 UPDATE_4
18:51:44.226 (index):823 UPDATE_6
18:51:44.227 (index):815 THINKING_4
18:51:45.226 (index):864 END_6
18:51:46.226 (index):823 UPDATE_7
18:51:47.226 (index):805 NODEACCESSRELEASED_7
18:51:49.227 (index):835 NODEACCESSREQUESTED_7
18:51:49.228 (index):823 UPDATE_4
18:51:50.227 (index):864 END_4
18:51:51.226 (index):823 UPDATE_7
18:51:52.226 (index):864 END_7
