11:06:22.841 (index):1206 Tasks: 25; Collaborators: 12    =========================>
11:06:22.842 (index):931 ATTRIBUTEACCESSREQUESTED_0
11:06:22.843 (index):937 NODEACCESSREQUESTED_1
11:06:22.844 (index):937 NODEACCESSREQUESTED_2
11:06:22.846 (index):931 ATTRIBUTEACCESSREQUESTED_3
11:06:22.847 (index):931 ATTRIBUTEACCESSREQUESTED_4
11:06:22.849 (index):937 NODEACCESSREQUESTED_5
11:06:22.850 (index):937 NODEACCESSREQUESTED_6
11:06:22.852 (index):931 ATTRIBUTEACCESSREQUESTED_7
11:06:22.853 (index):937 NODEACCESSREQUESTED_8
11:06:22.855 (index):937 NODEACCESSREQUESTED_9
11:06:22.856 (index):937 NODEACCESSREQUESTED_10
11:06:22.857 (index):937 NODEACCESSREQUESTED_11
11:06:24.854 (index):892 THINKING_0
11:06:24.855 (index):892 THINKING_1
11:06:24.856 (index):876 NODEACCESSRELEASED_2
11:06:24.858 (index):880 ATTRIBUTEACCESSRELEASED_3
11:06:24.859 (index):880 ATTRIBUTEACCESSRELEASED_4
11:06:24.861 (index):876 NODEACCESSRELEASED_5
11:06:24.862 (index):892 THINKING_6
11:06:24.864 (index):880 ATTRIBUTEACCESSRELEASED_7
11:06:24.865 (index):892 THINKING_8
11:06:24.867 (index):876 NODEACCESSRELEASED_9
11:06:24.868 (index):876 NODEACCESSRELEASED_10
11:06:24.870 (index):892 THINKING_11
11:06:26.841 (index):937 NODEACCESSREQUESTED_2
11:06:26.842 (index):931 ATTRIBUTEACCESSREQUESTED_3
11:06:26.843 (index):931 ATTRIBUTEACCESSREQUESTED_4
11:06:26.845 (index):937 NODEACCESSREQUESTED_5
11:06:26.846 (index):931 ATTRIBUTEACCESSREQUESTED_7
11:06:26.847 (index):937 NODEACCESSREQUESTED_9
11:06:26.848 (index):937 NODEACCESSREQUESTED_10
11:06:27.845 (index):901 UPDATE_8
11:06:27.848 (index):901 UPDATE_11
11:06:27.850 (index):901 UPDATE_6
11:06:27.851 (index):901 UPDATE_1
11:06:27.852 (index):901 UPDATE_2
11:06:27.854 (index):904 UPDATE_3
11:06:27.855 (index):960 WAITING_4
11:06:28.851 (index):901 UPDATE_5
11:06:28.853 (index):904 UPDATE_7
11:06:28.856 (index):901 UPDATE_9
11:06:28.857 (index):901 UPDATE_10
11:06:28.858 (index):892 THINKING_8
11:06:28.860 (index):892 THINKING_11
11:06:28.861 (index):876 NODEACCESSRELEASED_6
11:06:28.862 (index):876 NODEACCESSRELEASED_1
11:06:28.863 (index):876 NODEACCESSRELEASED_2
11:06:28.864 (index):880 ATTRIBUTEACCESSRELEASED_3
11:06:29.853 (index):904 UPDATE_4
11:06:29.856 (index):892 THINKING_5
11:06:29.859 (index):880 ATTRIBUTEACCESSRELEASED_7
11:06:29.862 (index):892 THINKING_9
11:06:29.865 (index):892 THINKING_10
11:06:29.868 (index):904 UPDATE_0
11:06:30.843 (index):931 ATTRIBUTEACCESSREQUESTED_6
11:06:30.844 (index):937 NODEACCESSREQUESTED_1
11:06:30.845 (index):937 NODEACCESSREQUESTED_2
11:06:30.846 (index):937 NODEACCESSREQUESTED_3
11:06:30.848 (index):880 ATTRIBUTEACCESSRELEASED_4
11:06:30.849 (index):880 ATTRIBUTEACCESSRELEASED_0
11:06:31.851 (index):937 NODEACCESSREQUESTED_7
11:06:31.854 (index):904 UPDATE_6
11:06:31.855 (index):901 UPDATE_1
11:06:31.857 (index):901 UPDATE_2
11:06:31.858 (index):901 UPDATE_3
11:06:31.859 (index):937 NODEACCESSREQUESTED_4
11:06:31.860 (index):931 ATTRIBUTEACCESSREQUESTED_0
11:06:32.852 (index):901 UPDATE_10
11:06:32.856 (index):880 ATTRIBUTEACCESSRELEASED_6
11:06:32.859 (index):892 THINKING_1
11:06:32.862 (index):876 NODEACCESSRELEASED_2
11:06:32.865 (index):892 THINKING_3
11:06:32.872 (index):901 UPDATE_11
11:06:32.874 (index):901 UPDATE_5
11:06:33.840 (index):901 UPDATE_7
11:06:33.841 (index):901 UPDATE_4
11:06:33.842 (index):904 UPDATE_0
11:06:33.844 (index):876 NODEACCESSRELEASED_10
11:06:33.845 (index):876 NODEACCESSRELEASED_11
11:06:33.847 (index):876 NODEACCESSRELEASED_5
11:06:33.848 (index):901 UPDATE_8
11:06:34.843 (index):937 NODEACCESSREQUESTED_6
11:06:34.846 (index):931 ATTRIBUTEACCESSREQUESTED_2
11:06:34.847 (index):876 NODEACCESSRELEASED_7
11:06:34.848 (index):876 NODEACCESSRELEASED_4
11:06:34.849 (index):880 ATTRIBUTEACCESSRELEASED_0
11:06:34.851 (index):876 NODEACCESSRELEASED_8
11:06:34.852 (index):901 UPDATE_9
11:06:35.844 (index):937 NODEACCESSREQUESTED_10
11:06:35.847 (index):937 NODEACCESSREQUESTED_11
11:06:35.849 (index):937 NODEACCESSREQUESTED_5
11:06:35.851 (index):892 THINKING_9
11:06:36.845 (index):901 UPDATE_6
11:06:36.849 (index):904 UPDATE_2
11:06:36.851 (index):937 NODEACCESSREQUESTED_7
11:06:36.852 (index):931 ATTRIBUTEACCESSREQUESTED_4
11:06:36.853 (index):937 NODEACCESSREQUESTED_0
11:06:36.854 (index):931 ATTRIBUTEACCESSREQUESTED_8
11:06:36.856 (index):901 UPDATE_1
11:06:37.848 (index):901 UPDATE_10
11:06:37.850 (index):901 UPDATE_11
11:06:37.852 (index):901 UPDATE_5
11:06:37.854 (index):876 NODEACCESSRELEASED_6
11:06:37.857 (index):892 THINKING_2
11:06:37.860 (index):892 THINKING_1
11:06:37.861 (index):901 UPDATE_3
11:06:38.851 (index):901 UPDATE_7
11:06:38.852 (index):904 UPDATE_4
11:06:38.853 (index):901 UPDATE_0
11:06:38.855 (index):960 WAITING_8
11:06:38.857 (index):892 THINKING_10
11:06:38.858 (index):876 NODEACCESSRELEASED_11
11:06:38.860 (index):892 THINKING_5
11:06:38.862 (index):876 NODEACCESSRELEASED_3
11:06:38.864 (index):901 UPDATE_9
11:06:39.841 (index):937 NODEACCESSREQUESTED_6
11:06:39.844 (index):892 THINKING_7
11:06:39.846 (index):880 ATTRIBUTEACCESSRELEASED_4
11:06:39.847 (index):892 THINKING_0
11:06:39.849 (index):876 NODEACCESSRELEASED_9
11:06:40.840 (index):960 WAITING_8
11:06:40.844 (index):937 NODEACCESSREQUESTED_11
11:06:40.847 (index):931 ATTRIBUTEACCESSREQUESTED_3
11:06:40.851 (index):904 UPDATE_2
11:06:41.847 (index):901 UPDATE_6
11:06:41.849 (index):937 NODEACCESSREQUESTED_4
11:06:41.852 (index):931 ATTRIBUTEACCESSREQUESTED_9
11:06:41.854 (index):880 ATTRIBUTEACCESSRELEASED_2
11:06:41.855 (index):901 UPDATE_10
11:06:41.857 (index):904 UPDATE_8
11:06:41.858 (index):901 UPDATE_11
11:06:42.852 (index):904 UPDATE_3
11:06:42.855 (index):876 NODEACCESSRELEASED_6
11:06:42.858 (index):876 NODEACCESSRELEASED_10
11:06:42.861 (index):892 THINKING_8
11:06:42.864 (index):876 NODEACCESSRELEASED_11
11:06:42.867 (index):901 UPDATE_5
11:06:42.872 (index):901 UPDATE_7
11:06:42.875 (index):901 UPDATE_1
11:06:42.878 (index):901 UPDATE_0
11:06:42.880 (index):901 UPDATE_4
11:06:43.855 (index):904 UPDATE_9
11:06:43.857 (index):931 ATTRIBUTEACCESSREQUESTED_2
11:06:43.859 (index):880 ATTRIBUTEACCESSRELEASED_3
11:06:43.860 (index):876 NODEACCESSRELEASED_5
11:06:43.862 (index):876 NODEACCESSRELEASED_7
11:06:43.864 (index):876 NODEACCESSRELEASED_1
11:06:43.865 (index):892 THINKING_0
11:06:43.866 (index):876 NODEACCESSRELEASED_4
11:06:44.861 (index):937 NODEACCESSREQUESTED_6
11:06:44.864 (index):937 NODEACCESSREQUESTED_10
11:06:44.866 (index):937 NODEACCESSREQUESTED_11
11:06:44.869 (index):880 ATTRIBUTEACCESSRELEASED_9
11:06:44.872 (index):904 UPDATE_2
11:06:44.875 (index):937 NODEACCESSREQUESTED_3
11:06:45.840 (index):931 ATTRIBUTEACCESSREQUESTED_5
11:06:45.841 (index):931 ATTRIBUTEACCESSREQUESTED_7
11:06:45.843 (index):937 NODEACCESSREQUESTED_1
11:06:45.844 (index):931 ATTRIBUTEACCESSREQUESTED_4
11:06:45.846 (index):880 ATTRIBUTEACCESSRELEASED_2
11:06:46.841 (index):901 UPDATE_6
11:06:46.843 (index):901 UPDATE_10
11:06:46.844 (index):901 UPDATE_11
11:06:46.845 (index):931 ATTRIBUTEACCESSREQUESTED_9
11:06:46.846 (index):901 UPDATE_3
11:06:47.842 (index):904 UPDATE_5
11:06:47.844 (index):904 UPDATE_7
11:06:47.846 (index):901 UPDATE_1
11:06:47.847 (index):904 UPDATE_4
11:06:47.849 (index):937 NODEACCESSREQUESTED_2
11:06:47.850 (index):876 NODEACCESSRELEASED_6
11:06:47.852 (index):892 THINKING_10
11:06:47.853 (index):892 THINKING_11
11:06:47.855 (index):876 NODEACCESSRELEASED_3
11:06:47.856 (index):904 UPDATE_8
11:06:48.841 (index):960 WAITING_9
11:06:48.843 (index):892 THINKING_5
11:06:48.844 (index):892 THINKING_7
11:06:48.845 (index):892 THINKING_1
11:06:48.847 (index):892 THINKING_4
11:06:48.848 (index):880 ATTRIBUTEACCESSRELEASED_8
11:06:48.849 (index):901 UPDATE_0
11:06:49.841 (index):901 UPDATE_2
11:06:49.842 (index):931 ATTRIBUTEACCESSREQUESTED_6
11:06:49.844 (index):937 NODEACCESSREQUESTED_3
11:06:49.845 (index):876 NODEACCESSRELEASED_0
11:06:50.845 (index):904 UPDATE_9
11:06:50.847 (index):931 ATTRIBUTEACCESSREQUESTED_8
11:06:50.848 (index):892 THINKING_2
11:06:50.849 (index):904 UPDATE_6
11:06:51.850 (index):901 UPDATE_3
11:06:51.851 (index):937 NODEACCESSREQUESTED_0
11:06:51.853 (index):880 ATTRIBUTEACCESSRELEASED_9
11:06:51.854 (index):892 THINKING_6
11:06:51.856 (index):901 UPDATE_1
11:06:51.857 (index):904 UPDATE_4
11:06:51.859 (index):960 WAITING_8
11:06:52.846 (index):876 NODEACCESSRELEASED_3
11:06:52.848 (index):876 NODEACCESSRELEASED_1
11:06:52.849 (index):880 ATTRIBUTEACCESSRELEASED_4
11:06:52.850 (index):901 UPDATE_11
11:06:52.852 (index):901 UPDATE_10
11:06:53.848 (index):901 UPDATE_0
11:06:53.851 (index):937 NODEACCESSREQUESTED_9
11:06:53.854 (index):960 WAITING_8
11:06:53.855 (index):876 NODEACCESSRELEASED_11
11:06:53.856 (index):876 NODEACCESSRELEASED_10
11:06:53.857 (index):901 UPDATE_2
11:06:53.858 (index):904 UPDATE_5
11:06:53.859 (index):904 UPDATE_7
11:06:54.840 (index):937 NODEACCESSREQUESTED_3
11:06:54.845 (index):937 NODEACCESSREQUESTED_1
11:06:54.846 (index):931 ATTRIBUTEACCESSREQUESTED_4
11:06:54.847 (index):892 THINKING_0
11:06:54.848 (index):892 THINKING_2
11:06:54.849 (index):892 THINKING_5
11:06:54.850 (index):880 ATTRIBUTEACCESSRELEASED_7
11:06:54.851 (index):904 UPDATE_6
11:06:55.842 (index):901 UPDATE_9
11:06:55.847 (index):960 WAITING_8
11:06:55.850 (index):931 ATTRIBUTEACCESSREQUESTED_11
11:06:55.855 (index):937 NODEACCESSREQUESTED_10
11:06:55.859 (index):892 THINKING_6
11:06:56.847 (index):901 UPDATE_3
11:06:56.852 (index):901 UPDATE_1
11:06:56.853 (index):904 UPDATE_4
11:06:56.855 (index):937 NODEACCESSREQUESTED_7
11:06:56.856 (index):892 THINKING_9
11:06:57.840 (index):960 WAITING_8
11:06:57.843 (index):960 WAITING_11
11:06:57.845 (index):901 UPDATE_10
11:06:57.846 (index):904 UPDATE_5
11:06:57.848 (index):876 NODEACCESSRELEASED_3
11:06:57.849 (index):892 THINKING_1
11:06:57.850 (index):892 THINKING_4
11:06:57.852 (index):901 UPDATE_0
11:06:57.853 (index):901 UPDATE_2
11:06:58.840 (index):901 UPDATE_7
11:06:58.841 (index):892 THINKING_10
11:06:58.842 (index):880 ATTRIBUTEACCESSRELEASED_5
11:06:58.843 (index):876 NODEACCESSRELEASED_0
11:06:58.844 (index):892 THINKING_2
11:06:58.845 (index):904 UPDATE_6
11:06:59.850 (index):904 UPDATE_8
11:06:59.853 (index):960 WAITING_11
11:06:59.855 (index):937 NODEACCESSREQUESTED_3
11:06:59.856 (index):876 NODEACCESSRELEASED_7
11:06:59.858 (index):880 ATTRIBUTEACCESSRELEASED_6
11:06:59.859 (index):937 NODEACCESSREQUESTED_5
11:06:59.860 (index):937 NODEACCESSREQUESTED_0
11:07:00.853 (index):880 ATTRIBUTEACCESSRELEASED_8
11:07:00.856 (index):901 UPDATE_9
11:07:00.857 (index):901 UPDATE_1
11:07:01.841 (index):904 UPDATE_11
11:07:01.845 (index):901 UPDATE_3
11:07:01.848 (index):937 NODEACCESSREQUESTED_7
11:07:01.850 (index):937 NODEACCESSREQUESTED_6
11:07:01.852 (index):901 UPDATE_5
11:07:01.853 (index):901 UPDATE_0
11:07:01.854 (index):876 NODEACCESSRELEASED_9
11:07:01.856 (index):892 THINKING_1
11:07:02.844 (index):937 NODEACCESSREQUESTED_8
11:07:02.846 (index):880 ATTRIBUTEACCESSRELEASED_11
11:07:02.847 (index):892 THINKING_3
11:07:02.849 (index):892 THINKING_5
11:07:02.850 (index):876 NODEACCESSRELEASED_0
11:07:02.852 (index):904 UPDATE_4
11:07:02.853 (index):901 UPDATE_10
11:07:03.846 (index):901 UPDATE_7
11:07:03.850 (index):901 UPDATE_6
11:07:03.853 (index):937 NODEACCESSREQUESTED_9
11:07:03.855 (index):892 THINKING_4
11:07:03.857 (index):876 NODEACCESSRELEASED_10
11:07:03.858 (index):901 UPDATE_2
11:07:04.847 (index):901 UPDATE_8
11:07:04.850 (index):931 ATTRIBUTEACCESSREQUESTED_11
11:07:04.852 (index):937 NODEACCESSREQUESTED_0
11:07:04.853 (index):876 NODEACCESSRELEASED_7
11:07:04.854 (index):876 NODEACCESSRELEASED_6
11:07:04.855 (index):876 NODEACCESSRELEASED_2
11:07:05.848 (index):901 UPDATE_9
11:07:05.852 (index):937 NODEACCESSREQUESTED_10
11:07:05.856 (index):892 THINKING_8
11:07:05.858 (index):901 UPDATE_3
11:07:06.851 (index):904 UPDATE_11
11:07:06.854 (index):901 UPDATE_0
11:07:06.857 (index):931 ATTRIBUTEACCESSREQUESTED_7
11:07:06.860 (index):937 NODEACCESSREQUESTED_6
11:07:06.861 (index):937 NODEACCESSREQUESTED_2
11:07:06.862 (index):876 NODEACCESSRELEASED_9
11:07:06.863 (index):876 NODEACCESSRELEASED_3
11:07:06.865 (index):901 UPDATE_1
11:07:07.851 (index):901 UPDATE_10
11:07:07.854 (index):880 ATTRIBUTEACCESSRELEASED_11
11:07:07.856 (index):892 THINKING_0
11:07:07.858 (index):892 THINKING_1
11:07:07.860 (index):901 UPDATE_5
11:07:07.861 (index):904 UPDATE_4
11:07:08.840 (index):904 UPDATE_7
11:07:08.843 (index):901 UPDATE_6
11:07:08.845 (index):901 UPDATE_2
11:07:08.846 (index):931 ATTRIBUTEACCESSREQUESTED_9
11:07:08.847 (index):931 ATTRIBUTEACCESSREQUESTED_3
11:07:08.848 (index):892 THINKING_10
11:07:08.849 (index):876 NODEACCESSRELEASED_5
11:07:08.850 (index):892 THINKING_4
11:07:09.840 (index):937 NODEACCESSREQUESTED_11
11:07:09.845 (index):880 ATTRIBUTEACCESSRELEASED_7
11:07:09.846 (index):876 NODEACCESSRELEASED_6
11:07:09.848 (index):876 NODEACCESSRELEASED_2
11:07:09.849 (index):901 UPDATE_8
11:07:10.848 (index):904 UPDATE_9
11:07:10.851 (index):904 UPDATE_3
11:07:10.853 (index):937 NODEACCESSREQUESTED_5
11:07:10.854 (index):876 NODEACCESSRELEASED_8
11:07:10.855 (index):901 UPDATE_11
11:07:10.856 (index):937 NODEACCESSREQUESTED_7
11:07:11.853 (index):931 ATTRIBUTEACCESSREQUESTED_6
11:07:11.856 (index):937 NODEACCESSREQUESTED_2
11:07:11.858 (index):892 THINKING_9
11:07:11.860 (index):880 ATTRIBUTEACCESSRELEASED_3
11:07:11.861 (index):892 THINKING_11
11:07:11.862 (index):904 UPDATE_4
11:07:11.863 (index):901 UPDATE_0
11:07:12.854 (index):901 UPDATE_5
11:07:12.856 (index):937 NODEACCESSREQUESTED_8
11:07:12.858 (index):901 UPDATE_7
11:07:12.859 (index):880 ATTRIBUTEACCESSRELEASED_4
11:07:12.860 (index):876 NODEACCESSRELEASED_0
11:07:12.861 (index):901 UPDATE_1
11:07:13.855 (index):904 UPDATE_6
11:07:13.859 (index):901 UPDATE_2
11:07:13.863 (index):931 ATTRIBUTEACCESSREQUESTED_3
11:07:13.867 (index):876 NODEACCESSRELEASED_5
11:07:13.871 (index):876 NODEACCESSRELEASED_7
11:07:13.874 (index):876 NODEACCESSRELEASED_1
11:07:13.877 (index):901 UPDATE_10
11:07:14.842 (index):901 UPDATE_8
11:07:14.846 (index):937 NODEACCESSREQUESTED_4
11:07:14.849 (index):931 ATTRIBUTEACCESSREQUESTED_0
11:07:14.852 (index):880 ATTRIBUTEACCESSRELEASED_6
11:07:14.854 (index):876 NODEACCESSRELEASED_2
11:07:14.857 (index):876 NODEACCESSRELEASED_10
11:07:15.843 (index):904 UPDATE_3
11:07:15.846 (index):937 NODEACCESSREQUESTED_5
11:07:15.848 (index):931 ATTRIBUTEACCESSREQUESTED_7
11:07:15.850 (index):937 NODEACCESSREQUESTED_1
11:07:15.853 (index):876 NODEACCESSRELEASED_8
11:07:15.855 (index):901 UPDATE_11
11:07:15.857 (index):904 UPDATE_9
11:07:16.840 (index):901 UPDATE_4
11:07:16.842 (index):904 UPDATE_0
11:07:16.845 (index):937 NODEACCESSREQUESTED_6
11:07:16.846 (index):937 NODEACCESSREQUESTED_2
11:07:16.847 (index):931 ATTRIBUTEACCESSREQUESTED_10
11:07:16.848 (index):892 THINKING_3
11:07:16.849 (index):876 NODEACCESSRELEASED_11
11:07:16.850 (index):880 ATTRIBUTEACCESSRELEASED_9
11:07:17.848 (index):901 UPDATE_5
11:07:17.851 (index):960 WAITING_7
11:07:17.853 (index):901 UPDATE_1
11:07:17.854 (index):937 NODEACCESSREQUESTED_8
11:07:17.856 (index):876 NODEACCESSRELEASED_4
11:07:17.857 (index):880 ATTRIBUTEACCESSRELEASED_0
11:07:17.858 (index):901 UPDATE_6
11:07:17.859 (index):901 UPDATE_2
11:07:17.860 (index):904 UPDATE_10
11:07:18.853 (index):937 NODEACCESSREQUESTED_11
11:07:18.856 (index):931 ATTRIBUTEACCESSREQUESTED_9
11:07:18.858 (index):876 NODEACCESSRELEASED_5
11:07:18.861 (index):892 THINKING_1
11:07:18.864 (index):876 NODEACCESSRELEASED_6
11:07:18.868 (index):876 NODEACCESSRELEASED_2
11:07:18.872 (index):880 ATTRIBUTEACCESSRELEASED_10
11:07:19.855 (index):960 WAITING_7
11:07:19.858 (index):901 UPDATE_8
11:07:19.860 (index):937 NODEACCESSREQUESTED_4
11:07:19.862 (index):937 NODEACCESSREQUESTED_0
11:07:19.863 (index):904 UPDATE_3
11:07:20.857 (index):901 UPDATE_11
11:07:20.860 (index):904 UPDATE_9
11:07:20.862 (index):937 NODEACCESSREQUESTED_5
11:07:20.865 (index):937 NODEACCESSREQUESTED_6
11:07:20.869 (index):937 NODEACCESSREQUESTED_2
11:07:20.872 (index):931 ATTRIBUTEACCESSREQUESTED_10
11:07:20.875 (index):876 NODEACCESSRELEASED_8
11:07:20.877 (index):880 ATTRIBUTEACCESSRELEASED_3
11:07:21.858 (index):904 UPDATE_7
11:07:21.862 (index):901 UPDATE_4
11:07:21.865 (index):901 UPDATE_0
11:07:21.868 (index):876 NODEACCESSRELEASED_11
11:07:21.870 (index):880 ATTRIBUTEACCESSRELEASED_9
11:07:21.871 (index):901 UPDATE_1
11:07:22.843 (index):901 UPDATE_5
11:07:22.844 (index):901 UPDATE_6
11:07:22.845 (index):901 UPDATE_2
11:07:22.846 (index):904 UPDATE_10
11:07:22.847 (index):937 NODEACCESSREQUESTED_8
11:07:22.848 (index):937 NODEACCESSREQUESTED_3
11:07:22.849 (index):892 THINKING_7
11:07:22.850 (index):892 THINKING_4
11:07:22.851 (index):876 NODEACCESSRELEASED_0
11:07:22.852 (index):876 NODEACCESSRELEASED_1
11:07:23.842 (index):931 ATTRIBUTEACCESSREQUESTED_11
11:07:23.844 (index):937 NODEACCESSREQUESTED_9
11:07:23.845 (index):876 NODEACCESSRELEASED_5
11:07:23.847 (index):971 END_6
11:07:23.849 (index):971 END_2
11:07:23.850 (index):880 ATTRIBUTEACCESSRELEASED_10
11:07:24.845 (index):901 UPDATE_8
11:07:24.846 (index):901 UPDATE_3
11:07:24.847 (index):937 NODEACCESSREQUESTED_0
11:07:24.848 (index):937 NODEACCESSREQUESTED_1
11:07:24.849 (index):904 UPDATE_11
11:07:25.850 (index):901 UPDATE_9
11:07:25.852 (index):937 NODEACCESSREQUESTED_5
11:07:25.853 (index):937 NODEACCESSREQUESTED_10
11:07:25.854 (index):876 NODEACCESSRELEASED_8
11:07:25.855 (index):971 END_3
11:07:25.856 (index):892 THINKING_11
11:07:25.857 (index):901 UPDATE_0
11:07:25.859 (index):901 UPDATE_1
11:07:26.839 (index):876 NODEACCESSRELEASED_9
11:07:26.841 (index):971 END_0
11:07:26.842 (index):971 END_1
11:07:26.843 (index):904 UPDATE_7
11:07:27.842 (index):901 UPDATE_5
11:07:27.845 (index):901 UPDATE_10
11:07:27.846 (index):937 NODEACCESSREQUESTED_8
11:07:27.847 (index):880 ATTRIBUTEACCESSRELEASED_7
11:07:27.848 (index):901 UPDATE_4
11:07:27.850 (index):937 NODEACCESSREQUESTED_9
11:07:28.844 (index):971 END_5
11:07:28.847 (index):971 END_10
11:07:28.850 (index):971 END_4
11:07:29.850 (index):901 UPDATE_8
11:07:29.853 (index):937 NODEACCESSREQUESTED_7
11:07:29.854 (index):901 UPDATE_9
11:07:29.855 (index):904 UPDATE_11
11:07:30.852 (index):876 NODEACCESSRELEASED_8
11:07:30.855 (index):971 END_9
11:07:30.857 (index):971 END_11
11:07:31.840 (index):901 UPDATE_7
11:07:32.841 (index):931 ATTRIBUTEACCESSREQUESTED_8
11:07:32.844 (index):971 END_7
11:07:34.841 (index):904 UPDATE_8
11:07:35.839 (index):880 ATTRIBUTEACCESSRELEASED_8
11:07:37.849 (index):937 NODEACCESSREQUESTED_8
11:07:39.851 (index):901 UPDATE_8
11:07:40.853 (index):971 END_8
