11:39:40.456 updates_per_collab.js:530 Tasks: 25; Collaborators: 4
11:39:40.462 updates_per_collab.js:471 FLOORREQUESTED_0
11:39:40.463 updates_per_collab.js:471 FLOORREQUESTED_1
11:39:40.464 updates_per_collab.js:471 FLOORREQUESTED_2
11:39:40.465 updates_per_collab.js:471 FLOORREQUESTED_3
11:39:41.463 updates_per_collab.js:449 THINKING_0
11:39:41.464 updates_per_collab.js:478 WAITING_1
11:39:41.466 updates_per_collab.js:478 WAITING_2
11:39:41.466 updates_per_collab.js:478 WAITING_3
11:39:42.466 updates_per_collab.js:478 WAITING_1
11:39:42.467 updates_per_collab.js:478 WAITING_2
11:39:42.468 updates_per_collab.js:478 WAITING_3
11:39:43.468 updates_per_collab.js:478 WAITING_1
11:39:43.469 updates_per_collab.js:478 WAITING_2
11:39:43.470 updates_per_collab.js:478 WAITING_3
11:39:44.469 updates_per_collab.js:478 WAITING_1
11:39:44.469 updates_per_collab.js:478 WAITING_2
11:39:44.472 updates_per_collab.js:478 WAITING_3
11:39:45.470 updates_per_collab.js:478 WAITING_1
11:39:45.472 updates_per_collab.js:478 WAITING_2
11:39:45.473 updates_per_collab.js:478 WAITING_3
11:39:45.813 updates_per_collab.js:457 UPDATE_0
11:39:45.915 updates_per_collab.js:438 FLOORRELEASED_0
11:39:46.472 updates_per_collab.js:449 THINKING_1
11:39:46.473 updates_per_collab.js:478 WAITING_2
11:39:46.474 updates_per_collab.js:478 WAITING_3
11:39:46.918 updates_per_collab.js:471 FLOORREQUESTED_0
11:39:47.475 updates_per_collab.js:478 WAITING_2
11:39:47.476 updates_per_collab.js:478 WAITING_3
11:39:47.919 updates_per_collab.js:478 WAITING_0
11:39:48.476 updates_per_collab.js:478 WAITING_2
11:39:48.477 updates_per_collab.js:478 WAITING_3
11:39:48.920 updates_per_collab.js:478 WAITING_0
11:39:49.418 updates_per_collab.js:457 UPDATE_1
11:39:49.477 updates_per_collab.js:478 WAITING_2
11:39:49.478 updates_per_collab.js:478 WAITING_3
11:39:49.520 updates_per_collab.js:438 FLOORRELEASED_1
11:39:49.921 updates_per_collab.js:478 WAITING_0
11:39:50.478 updates_per_collab.js:438 FLOORRELEASED_2
11:39:50.479 updates_per_collab.js:438 FLOORRELEASED_3
11:39:50.522 updates_per_collab.js:471 FLOORREQUESTED_1
11:39:50.923 updates_per_collab.js:457 UPDATE_0
11:39:51.024 updates_per_collab.js:438 FLOORRELEASED_0
11:39:51.480 updates_per_collab.js:471 FLOORREQUESTED_2
11:39:51.481 updates_per_collab.js:471 FLOORREQUESTED_3
11:39:51.524 updates_per_collab.js:457 UPDATE_1
11:39:51.625 updates_per_collab.js:449 THINKING_1
11:39:52.026 updates_per_collab.js:471 FLOORREQUESTED_0
11:39:52.481 updates_per_collab.js:478 WAITING_2
11:39:52.483 updates_per_collab.js:478 WAITING_3
11:39:53.027 updates_per_collab.js:478 WAITING_0
11:39:53.485 updates_per_collab.js:478 WAITING_2
11:39:53.486 updates_per_collab.js:478 WAITING_3
11:39:54.030 updates_per_collab.js:478 WAITING_0
11:39:54.486 updates_per_collab.js:478 WAITING_2
11:39:54.487 updates_per_collab.js:478 WAITING_3
11:39:55.031 updates_per_collab.js:478 WAITING_0
11:39:55.173 updates_per_collab.js:457 UPDATE_1
11:39:55.275 updates_per_collab.js:449 THINKING_1
11:39:55.488 updates_per_collab.js:478 WAITING_2
11:39:55.488 updates_per_collab.js:478 WAITING_3
11:39:56.033 updates_per_collab.js:478 WAITING_0
11:39:56.490 updates_per_collab.js:478 WAITING_2
11:39:56.491 updates_per_collab.js:478 WAITING_3
11:39:57.035 updates_per_collab.js:478 WAITING_0
11:39:57.491 updates_per_collab.js:478 WAITING_2
11:39:57.493 updates_per_collab.js:478 WAITING_3
11:39:58.037 updates_per_collab.js:478 WAITING_0
11:39:58.493 updates_per_collab.js:478 WAITING_2
11:39:58.495 updates_per_collab.js:478 WAITING_3
11:39:59.040 updates_per_collab.js:478 WAITING_0
11:39:59.496 updates_per_collab.js:478 WAITING_2
11:39:59.498 updates_per_collab.js:478 WAITING_3
11:39:59.669 updates_per_collab.js:457 UPDATE_1
11:39:59.771 updates_per_collab.js:438 FLOORRELEASED_1
11:40:00.041 updates_per_collab.js:478 WAITING_0
11:40:00.499 updates_per_collab.js:457 UPDATE_2
11:40:00.501 updates_per_collab.js:478 WAITING_3
11:40:00.601 updates_per_collab.js:438 FLOORRELEASED_2
11:40:00.773 updates_per_collab.js:471 FLOORREQUESTED_1
11:40:01.044 updates_per_collab.js:478 WAITING_0
11:40:01.503 updates_per_collab.js:457 UPDATE_3
11:40:01.603 updates_per_collab.js:471 FLOORREQUESTED_2
11:40:01.605 updates_per_collab.js:438 FLOORRELEASED_3
11:40:01.775 updates_per_collab.js:478 WAITING_1
11:40:02.045 updates_per_collab.js:457 UPDATE_0
11:40:02.147 updates_per_collab.js:449 THINKING_0
11:40:02.606 updates_per_collab.js:478 WAITING_2
11:40:02.607 updates_per_collab.js:471 FLOORREQUESTED_3
11:40:02.776 updates_per_collab.js:478 WAITING_1
11:40:03.607 updates_per_collab.js:478 WAITING_2
11:40:03.609 updates_per_collab.js:478 WAITING_3
11:40:03.780 updates_per_collab.js:478 WAITING_1
11:40:04.609 updates_per_collab.js:478 WAITING_2
11:40:04.611 updates_per_collab.js:478 WAITING_3
11:40:04.718 updates_per_collab.js:457 UPDATE_0
11:40:04.783 updates_per_collab.js:478 WAITING_1
11:40:04.819 updates_per_collab.js:449 THINKING_0
11:40:05.611 updates_per_collab.js:478 WAITING_2
11:40:05.612 updates_per_collab.js:478 WAITING_3
11:40:05.785 updates_per_collab.js:478 WAITING_1
11:40:06.614 updates_per_collab.js:478 WAITING_2
11:40:06.615 updates_per_collab.js:478 WAITING_3
11:40:06.788 updates_per_collab.js:478 WAITING_1
11:40:07.617 updates_per_collab.js:478 WAITING_2
11:40:07.619 updates_per_collab.js:478 WAITING_3
11:40:07.791 updates_per_collab.js:478 WAITING_1
11:40:08.620 updates_per_collab.js:478 WAITING_2
11:40:08.624 updates_per_collab.js:478 WAITING_3
11:40:08.792 updates_per_collab.js:478 WAITING_1
11:40:09.623 updates_per_collab.js:478 WAITING_2
11:40:09.627 updates_per_collab.js:478 WAITING_3
11:40:09.762 updates_per_collab.js:457 UPDATE_0
11:40:09.794 updates_per_collab.js:478 WAITING_1
11:40:09.863 updates_per_collab.js:438 FLOORRELEASED_0
11:40:10.625 updates_per_collab.js:478 WAITING_2
11:40:10.630 updates_per_collab.js:478 WAITING_3
11:40:10.796 updates_per_collab.js:457 UPDATE_1
11:40:10.865 updates_per_collab.js:471 FLOORREQUESTED_0
11:40:10.898 updates_per_collab.js:449 THINKING_1
11:40:11.627 updates_per_collab.js:478 WAITING_2
11:40:11.633 updates_per_collab.js:478 WAITING_3
11:40:11.866 updates_per_collab.js:478 WAITING_0
11:40:12.629 updates_per_collab.js:478 WAITING_2
11:40:12.636 updates_per_collab.js:478 WAITING_3
11:40:12.868 updates_per_collab.js:478 WAITING_0
11:40:13.210 updates_per_collab.js:457 UPDATE_1
11:40:13.312 updates_per_collab.js:438 FLOORRELEASED_1
11:40:13.631 updates_per_collab.js:457 UPDATE_2
11:40:13.638 updates_per_collab.js:478 WAITING_3
11:40:13.734 updates_per_collab.js:438 FLOORRELEASED_2
11:40:13.872 updates_per_collab.js:478 WAITING_0
11:40:14.315 updates_per_collab.js:471 FLOORREQUESTED_1
11:40:14.642 updates_per_collab.js:457 UPDATE_3
11:40:14.736 updates_per_collab.js:471 FLOORREQUESTED_2
11:40:14.743 updates_per_collab.js:449 THINKING_3
11:40:14.873 updates_per_collab.js:478 WAITING_0
11:40:15.318 updates_per_collab.js:478 WAITING_1
11:40:15.738 updates_per_collab.js:478 WAITING_2
11:40:15.875 updates_per_collab.js:478 WAITING_0
11:40:16.322 updates_per_collab.js:478 WAITING_1
11:40:16.742 updates_per_collab.js:478 WAITING_2
11:40:16.878 updates_per_collab.js:478 WAITING_0
11:40:17.325 updates_per_collab.js:478 WAITING_1
11:40:17.744 updates_per_collab.js:478 WAITING_2
11:40:17.881 updates_per_collab.js:478 WAITING_0
11:40:18.328 updates_per_collab.js:478 WAITING_1
11:40:18.747 updates_per_collab.js:478 WAITING_2
11:40:18.862 updates_per_collab.js:457 UPDATE_3
11:40:18.885 updates_per_collab.js:478 WAITING_0
11:40:18.964 updates_per_collab.js:438 FLOORRELEASED_3
11:40:19.332 updates_per_collab.js:478 WAITING_1
11:40:19.751 updates_per_collab.js:478 WAITING_2
11:40:19.887 updates_per_collab.js:457 UPDATE_0
11:40:19.966 updates_per_collab.js:471 FLOORREQUESTED_3
11:40:19.990 updates_per_collab.js:449 THINKING_0
11:40:20.336 updates_per_collab.js:478 WAITING_1
11:40:20.754 updates_per_collab.js:478 WAITING_2
11:40:20.967 updates_per_collab.js:478 WAITING_3
11:40:21.339 updates_per_collab.js:478 WAITING_1
11:40:21.756 updates_per_collab.js:478 WAITING_2
11:40:21.968 updates_per_collab.js:478 WAITING_3
11:40:22.147 updates_per_collab.js:457 UPDATE_0
11:40:22.251 updates_per_collab.js:438 FLOORRELEASED_0
11:40:22.341 updates_per_collab.js:457 UPDATE_1
11:40:22.443 updates_per_collab.js:449 THINKING_1
11:40:22.760 updates_per_collab.js:478 WAITING_2
11:40:22.971 updates_per_collab.js:478 WAITING_3
11:40:23.252 updates_per_collab.js:471 FLOORREQUESTED_0
11:40:23.764 updates_per_collab.js:478 WAITING_2
11:40:23.973 updates_per_collab.js:478 WAITING_3
11:40:24.255 updates_per_collab.js:478 WAITING_0
11:40:24.767 updates_per_collab.js:478 WAITING_2
11:40:24.977 updates_per_collab.js:478 WAITING_3
11:40:25.258 updates_per_collab.js:478 WAITING_0
11:40:25.375 updates_per_collab.js:457 UPDATE_1
11:40:25.478 updates_per_collab.js:449 THINKING_1
11:40:25.771 updates_per_collab.js:478 WAITING_2
11:40:25.978 updates_per_collab.js:478 WAITING_3
11:40:26.259 updates_per_collab.js:478 WAITING_0
11:40:26.775 updates_per_collab.js:478 WAITING_2
11:40:26.981 updates_per_collab.js:478 WAITING_3
11:40:27.261 updates_per_collab.js:478 WAITING_0
11:40:27.777 updates_per_collab.js:478 WAITING_2
11:40:27.983 updates_per_collab.js:478 WAITING_3
11:40:28.263 updates_per_collab.js:478 WAITING_0
11:40:28.782 updates_per_collab.js:478 WAITING_2
11:40:28.986 updates_per_collab.js:478 WAITING_3
11:40:29.267 updates_per_collab.js:478 WAITING_0
11:40:29.784 updates_per_collab.js:478 WAITING_2
11:40:29.989 updates_per_collab.js:478 WAITING_3
11:40:30.089 updates_per_collab.js:457 UPDATE_1
11:40:30.191 updates_per_collab.js:449 THINKING_1
11:40:30.269 updates_per_collab.js:478 WAITING_0
11:40:30.787 updates_per_collab.js:478 WAITING_2
11:40:30.992 updates_per_collab.js:478 WAITING_3
11:40:31.271 updates_per_collab.js:478 WAITING_0
11:40:31.790 updates_per_collab.js:478 WAITING_2
11:40:31.993 updates_per_collab.js:478 WAITING_3
11:40:32.273 updates_per_collab.js:478 WAITING_0
11:40:32.793 updates_per_collab.js:478 WAITING_2
11:40:32.997 updates_per_collab.js:478 WAITING_3
11:40:33.275 updates_per_collab.js:478 WAITING_0
11:40:33.796 updates_per_collab.js:478 WAITING_2
11:40:34.000 updates_per_collab.js:478 WAITING_3
11:40:34.279 updates_per_collab.js:478 WAITING_0
11:40:34.385 updates_per_collab.js:457 UPDATE_1
11:40:34.487 updates_per_collab.js:438 FLOORRELEASED_1
11:40:34.798 updates_per_collab.js:457 UPDATE_2
11:40:34.900 updates_per_collab.js:449 THINKING_2
11:40:35.005 updates_per_collab.js:478 WAITING_3
11:40:35.283 updates_per_collab.js:478 WAITING_0
11:40:35.489 updates_per_collab.js:471 FLOORREQUESTED_1
11:40:36.007 updates_per_collab.js:478 WAITING_3
11:40:36.286 updates_per_collab.js:478 WAITING_0
11:40:36.492 updates_per_collab.js:478 WAITING_1
11:40:37.011 updates_per_collab.js:478 WAITING_3
11:40:37.287 updates_per_collab.js:478 WAITING_0
11:40:37.494 updates_per_collab.js:478 WAITING_1
11:40:37.620 updates_per_collab.js:457 UPDATE_2
11:40:37.722 updates_per_collab.js:438 FLOORRELEASED_2
11:40:38.012 updates_per_collab.js:457 UPDATE_3
11:40:38.114 updates_per_collab.js:438 FLOORRELEASED_3
11:40:38.290 updates_per_collab.js:457 UPDATE_0
11:40:38.395 updates_per_collab.js:438 FLOORRELEASED_0
11:40:38.498 updates_per_collab.js:457 UPDATE_1
11:40:38.601 updates_per_collab.js:449 THINKING_1
11:40:38.724 updates_per_collab.js:471 FLOORREQUESTED_2
11:40:39.116 updates_per_collab.js:471 FLOORREQUESTED_3
11:40:39.397 updates_per_collab.js:471 FLOORREQUESTED_0
11:40:39.729 updates_per_collab.js:478 WAITING_2
11:40:40.117 updates_per_collab.js:478 WAITING_3
11:40:40.399 updates_per_collab.js:478 WAITING_0
11:40:40.733 updates_per_collab.js:478 WAITING_2
11:40:40.780 updates_per_collab.js:457 UPDATE_1
11:40:40.883 updates_per_collab.js:438 FLOORRELEASED_1
11:40:41.119 updates_per_collab.js:478 WAITING_3
11:40:41.403 updates_per_collab.js:478 WAITING_0
11:40:41.735 updates_per_collab.js:457 UPDATE_2
11:40:41.837 updates_per_collab.js:438 FLOORRELEASED_2
11:40:41.885 updates_per_collab.js:471 FLOORREQUESTED_1
11:40:42.122 updates_per_collab.js:457 UPDATE_3
11:40:42.224 updates_per_collab.js:438 FLOORRELEASED_3
11:40:42.405 updates_per_collab.js:457 UPDATE_0
11:40:42.509 updates_per_collab.js:449 THINKING_0
11:40:42.838 updates_per_collab.js:471 FLOORREQUESTED_2
11:40:42.886 updates_per_collab.js:478 WAITING_1
11:40:43.226 updates_per_collab.js:471 FLOORREQUESTED_3
11:40:43.841 updates_per_collab.js:478 WAITING_2
11:40:43.888 updates_per_collab.js:478 WAITING_1
11:40:44.229 updates_per_collab.js:478 WAITING_3
11:40:44.845 updates_per_collab.js:478 WAITING_2
11:40:44.889 updates_per_collab.js:478 WAITING_1
11:40:45.232 updates_per_collab.js:478 WAITING_3
11:40:45.846 updates_per_collab.js:478 WAITING_2
11:40:45.892 updates_per_collab.js:478 WAITING_1
11:40:46.233 updates_per_collab.js:478 WAITING_3
11:40:46.506 updates_per_collab.js:457 UPDATE_0
11:40:46.609 updates_per_collab.js:438 FLOORRELEASED_0
11:40:46.849 updates_per_collab.js:478 WAITING_2
11:40:46.893 updates_per_collab.js:457 UPDATE_1
11:40:46.995 updates_per_collab.js:490 END_1
11:40:47.237 updates_per_collab.js:478 WAITING_3
11:40:47.610 updates_per_collab.js:471 FLOORREQUESTED_0
11:40:47.853 updates_per_collab.js:457 UPDATE_2
11:40:47.956 updates_per_collab.js:449 THINKING_2
11:40:48.239 updates_per_collab.js:478 WAITING_3
11:40:48.612 updates_per_collab.js:478 WAITING_0
11:40:49.243 updates_per_collab.js:478 WAITING_3
11:40:49.616 updates_per_collab.js:478 WAITING_0
11:40:50.245 updates_per_collab.js:478 WAITING_3
11:40:50.507 updates_per_collab.js:457 UPDATE_2
11:40:50.611 updates_per_collab.js:449 THINKING_2
11:40:50.619 updates_per_collab.js:478 WAITING_0
11:40:51.249 updates_per_collab.js:478 WAITING_3
11:40:51.621 updates_per_collab.js:478 WAITING_0
11:40:52.250 updates_per_collab.js:478 WAITING_3
11:40:52.624 updates_per_collab.js:478 WAITING_0
11:40:52.839 updates_per_collab.js:457 UPDATE_2
11:40:52.941 updates_per_collab.js:449 THINKING_2
11:40:53.252 updates_per_collab.js:478 WAITING_3
11:40:53.627 updates_per_collab.js:478 WAITING_0
11:40:54.254 updates_per_collab.js:478 WAITING_3
11:40:54.630 updates_per_collab.js:478 WAITING_0
11:40:55.257 updates_per_collab.js:478 WAITING_3
11:40:55.634 updates_per_collab.js:478 WAITING_0
11:40:56.259 updates_per_collab.js:478 WAITING_3
11:40:56.637 updates_per_collab.js:478 WAITING_0
11:40:57.266 updates_per_collab.js:478 WAITING_3
11:40:57.641 updates_per_collab.js:478 WAITING_0
11:40:57.796 updates_per_collab.js:457 UPDATE_2
11:40:57.898 updates_per_collab.js:438 FLOORRELEASED_2
11:40:58.268 updates_per_collab.js:457 UPDATE_3
11:40:58.369 updates_per_collab.js:438 FLOORRELEASED_3
11:40:58.643 updates_per_collab.js:457 UPDATE_0
11:40:58.745 updates_per_collab.js:438 FLOORRELEASED_0
11:40:58.900 updates_per_collab.js:471 FLOORREQUESTED_2
11:40:59.371 updates_per_collab.js:471 FLOORREQUESTED_3
11:40:59.748 updates_per_collab.js:471 FLOORREQUESTED_0
11:40:59.905 updates_per_collab.js:457 UPDATE_2
11:41:00.008 updates_per_collab.js:438 FLOORRELEASED_2
11:41:00.375 updates_per_collab.js:457 UPDATE_3
11:41:00.478 updates_per_collab.js:438 FLOORRELEASED_3
11:41:00.751 updates_per_collab.js:457 UPDATE_0
11:41:00.854 updates_per_collab.js:438 FLOORRELEASED_0
11:41:01.009 updates_per_collab.js:471 FLOORREQUESTED_2
11:41:01.479 updates_per_collab.js:471 FLOORREQUESTED_3
11:41:01.855 updates_per_collab.js:471 FLOORREQUESTED_0
11:41:02.011 updates_per_collab.js:457 UPDATE_2
11:41:02.114 updates_per_collab.js:438 FLOORRELEASED_2
11:41:02.482 updates_per_collab.js:457 UPDATE_3
11:41:02.586 updates_per_collab.js:449 THINKING_3
11:41:02.857 updates_per_collab.js:478 WAITING_0
11:41:03.116 updates_per_collab.js:471 FLOORREQUESTED_2
11:41:03.860 updates_per_collab.js:478 WAITING_0
11:41:04.118 updates_per_collab.js:478 WAITING_2
11:41:04.864 updates_per_collab.js:478 WAITING_0
11:41:04.994 updates_per_collab.js:457 UPDATE_3
11:41:05.097 updates_per_collab.js:438 FLOORRELEASED_3
11:41:05.120 updates_per_collab.js:478 WAITING_2
11:41:05.867 updates_per_collab.js:457 UPDATE_0
11:41:05.971 updates_per_collab.js:490 END_0
11:41:06.098 updates_per_collab.js:471 FLOORREQUESTED_3
11:41:06.124 updates_per_collab.js:457 UPDATE_2
11:41:06.226 updates_per_collab.js:438 FLOORRELEASED_2
11:41:07.102 updates_per_collab.js:457 UPDATE_3
11:41:07.205 updates_per_collab.js:438 FLOORRELEASED_3
11:41:07.228 updates_per_collab.js:471 FLOORREQUESTED_2
11:41:08.206 updates_per_collab.js:471 FLOORREQUESTED_3
11:41:08.230 updates_per_collab.js:457 UPDATE_2
11:41:08.331 updates_per_collab.js:490 END_2
11:41:09.209 updates_per_collab.js:457 UPDATE_3
11:41:09.312 updates_per_collab.js:449 THINKING_3
11:41:11.651 updates_per_collab.js:457 UPDATE_3
11:41:11.753 updates_per_collab.js:438 FLOORRELEASED_3
11:41:12.755 updates_per_collab.js:471 FLOORREQUESTED_3
11:41:13.757 updates_per_collab.js:457 UPDATE_3
11:41:13.859 updates_per_collab.js:490 END_3
