11:44:13.856 (index):1274 Tasks: 25; Collaborators: 9    =========================>
11:44:13.858 (index):1068 ATTRIBUTEACCESSREQUESTED_0
11:44:13.859 (index):1074 NODEACCESSREQUESTED_1
11:44:13.860 (index):1074 NODEACCESSREQUESTED_2
11:44:13.861 (index):1068 ATTRIBUTEACCESSREQUESTED_3
11:44:13.862 (index):1068 ATTRIBUTEACCESSREQUESTED_4
11:44:13.864 (index):1074 NODEACCESSREQUESTED_5
11:44:13.865 (index):1074 NODEACCESSREQUESTED_6
11:44:13.866 (index):1068 ATTRIBUTEACCESSREQUESTED_7
11:44:13.867 (index):1074 NODEACCESSREQUESTED_8
11:44:15.854 (index):1029 THINKING_0
11:44:15.856 (index):1029 THINKING_1
11:44:15.858 (index):1013 NODEACCESSRELEASED_2
11:44:15.859 (index):1097 WAITING_3
11:44:15.860 (index):1097 WAITING_4
11:44:15.861 (index):1013 NODEACCESSRELEASED_5
11:44:15.862 (index):1029 THINKING_6
11:44:15.864 (index):1017 ATTRIBUTEACCESSRELEASED_7
11:44:15.865 (index):1029 THINKING_8
11:44:17.841 (index):1074 NODEACCESSREQUESTED_2
11:44:17.844 (index):1097 WAITING_3
11:44:17.845 (index):1097 WAITING_4
11:44:17.846 (index):1074 NODEACCESSREQUESTED_5
11:44:17.847 (index):1068 ATTRIBUTEACCESSREQUESTED_7
11:44:18.839 (index):1038 UPDATE_8
11:44:18.843 (index):1038 UPDATE_6
11:44:18.845 (index):1038 UPDATE_1
11:44:19.844 (index):1038 UPDATE_2
11:44:19.847 (index):1097 WAITING_3
11:44:19.848 (index):1097 WAITING_4
11:44:19.849 (index):1038 UPDATE_5
11:44:19.850 (index):1097 WAITING_7
11:44:19.851 (index):1029 THINKING_8
11:44:19.852 (index):1013 NODEACCESSRELEASED_6
11:44:19.853 (index):1013 NODEACCESSRELEASED_1
11:44:20.852 (index):1013 NODEACCESSRELEASED_2
11:44:20.856 (index):1029 THINKING_5
11:44:20.857 (index):1041 UPDATE_0
11:44:20.858 (index):1097 WAITING_3
11:44:20.859 (index):1097 WAITING_4
11:44:20.860 (index):1097 WAITING_7
11:44:21.839 (index):1068 ATTRIBUTEACCESSREQUESTED_6
11:44:21.843 (index):1074 NODEACCESSREQUESTED_1
11:44:21.847 (index):1017 ATTRIBUTEACCESSRELEASED_0
11:44:22.844 (index):1074 NODEACCESSREQUESTED_2
11:44:22.846 (index):1017 ATTRIBUTEACCESSRELEASED_3
11:44:22.849 (index):1017 ATTRIBUTEACCESSRELEASED_4
11:44:22.851 (index):1041 UPDATE_7
11:44:22.852 (index):1041 UPDATE_6
11:44:23.844 (index):1038 UPDATE_1
11:44:23.846 (index):1068 ATTRIBUTEACCESSREQUESTED_0
11:44:23.850 (index):1017 ATTRIBUTEACCESSRELEASED_7
11:44:23.853 (index):1017 ATTRIBUTEACCESSRELEASED_6
11:44:23.856 (index):1038 UPDATE_5
11:44:24.840 (index):1038 UPDATE_2
11:44:24.843 (index):1068 ATTRIBUTEACCESSREQUESTED_3
11:44:24.847 (index):1068 ATTRIBUTEACCESSREQUESTED_4
11:44:24.851 (index):1029 THINKING_1
11:44:24.854 (index):1013 NODEACCESSRELEASED_5
11:44:24.856 (index):1038 UPDATE_8
11:44:25.848 (index):1041 UPDATE_0
11:44:25.850 (index):1074 NODEACCESSREQUESTED_7
11:44:25.851 (index):1074 NODEACCESSREQUESTED_6
11:44:25.852 (index):1013 NODEACCESSRELEASED_2
11:44:25.853 (index):1013 NODEACCESSRELEASED_8
11:44:25.855 (index):1041 UPDATE_3
11:44:26.839 (index):1097 WAITING_4
11:44:26.841 (index):1074 NODEACCESSREQUESTED_5
11:44:26.842 (index):1017 ATTRIBUTEACCESSRELEASED_0
11:44:26.844 (index):1017 ATTRIBUTEACCESSRELEASED_3
11:44:27.840 (index):1038 UPDATE_7
11:44:27.841 (index):1038 UPDATE_6
11:44:27.843 (index):1068 ATTRIBUTEACCESSREQUESTED_2
11:44:27.844 (index):1068 ATTRIBUTEACCESSREQUESTED_8
11:44:28.842 (index):1041 UPDATE_4
11:44:28.845 (index):1038 UPDATE_5
11:44:28.847 (index):1074 NODEACCESSREQUESTED_0
11:44:28.849 (index):1074 NODEACCESSREQUESTED_3
11:44:28.851 (index):1013 NODEACCESSRELEASED_7
11:44:28.852 (index):1013 NODEACCESSRELEASED_6
11:44:28.853 (index):1038 UPDATE_1
11:44:29.843 (index):1041 UPDATE_2
11:44:29.848 (index):1041 UPDATE_8
11:44:29.849 (index):1017 ATTRIBUTEACCESSRELEASED_4
11:44:29.851 (index):1029 THINKING_5
11:44:29.852 (index):1029 THINKING_1
11:44:30.844 (index):1038 UPDATE_0
11:44:30.846 (index):1038 UPDATE_3
11:44:30.847 (index):1074 NODEACCESSREQUESTED_7
11:44:30.850 (index):1074 NODEACCESSREQUESTED_6
11:44:30.851 (index):1029 THINKING_2
11:44:30.852 (index):1029 THINKING_8
11:44:31.845 (index):1074 NODEACCESSREQUESTED_4
11:44:31.849 (index):1029 THINKING_0
11:44:31.851 (index):1029 THINKING_3
11:44:32.847 (index):1038 UPDATE_7
11:44:32.849 (index):1038 UPDATE_6
11:44:33.847 (index):1038 UPDATE_4
11:44:33.849 (index):1029 THINKING_7
11:44:33.850 (index):1013 NODEACCESSRELEASED_6
11:44:33.851 (index):1038 UPDATE_5
11:44:33.853 (index):1041 UPDATE_2
11:44:34.853 (index):1013 NODEACCESSRELEASED_4
11:44:34.855 (index):1013 NODEACCESSRELEASED_5
11:44:34.856 (index):1017 ATTRIBUTEACCESSRELEASED_2
11:44:34.858 (index):1038 UPDATE_1
11:44:34.859 (index):1038 UPDATE_0
11:44:34.860 (index):1074 NODEACCESSREQUESTED_6
11:44:35.840 (index):1013 NODEACCESSRELEASED_1
11:44:35.843 (index):1029 THINKING_0
11:44:35.844 (index):1041 UPDATE_8
11:44:36.841 (index):1068 ATTRIBUTEACCESSREQUESTED_4
11:44:36.843 (index):1068 ATTRIBUTEACCESSREQUESTED_5
11:44:36.844 (index):1068 ATTRIBUTEACCESSREQUESTED_2
11:44:36.846 (index):1038 UPDATE_6
11:44:36.847 (index):1017 ATTRIBUTEACCESSRELEASED_8
11:44:36.848 (index):1038 UPDATE_3
11:44:36.849 (index):1038 UPDATE_7
11:44:37.842 (index):1074 NODEACCESSREQUESTED_1
11:44:37.846 (index):1013 NODEACCESSRELEASED_6
11:44:37.848 (index):1013 NODEACCESSRELEASED_3
11:44:37.850 (index):1013 NODEACCESSRELEASED_7
11:44:38.851 (index):1041 UPDATE_4
11:44:38.853 (index):1041 UPDATE_5
11:44:38.855 (index):1041 UPDATE_2
11:44:38.856 (index):1068 ATTRIBUTEACCESSREQUESTED_8
11:44:38.858 (index):1038 UPDATE_1
11:44:38.858 (index):1068 ATTRIBUTEACCESSREQUESTED_6
11:44:38.860 (index):1068 ATTRIBUTEACCESSREQUESTED_3
11:44:38.861 (index):1068 ATTRIBUTEACCESSREQUESTED_7
11:44:39.852 (index):1017 ATTRIBUTEACCESSRELEASED_4
11:44:39.855 (index):1029 THINKING_5
11:44:39.857 (index):1017 ATTRIBUTEACCESSRELEASED_2
11:44:39.859 (index):1029 THINKING_1
11:44:40.855 (index):1097 WAITING_8
11:44:40.857 (index):1041 UPDATE_6
11:44:40.859 (index):1041 UPDATE_3
11:44:40.860 (index):1041 UPDATE_7
11:44:40.861 (index):1038 UPDATE_0
11:44:40.862 (index):1074 NODEACCESSREQUESTED_4
11:44:41.855 (index):1074 NODEACCESSREQUESTED_2
11:44:41.858 (index):1029 THINKING_6
11:44:41.860 (index):1017 ATTRIBUTEACCESSRELEASED_3
11:44:41.861 (index):1029 THINKING_7
11:44:41.862 (index):1013 NODEACCESSRELEASED_0
11:44:42.857 (index):1097 WAITING_8
11:44:42.861 (index):1038 UPDATE_4
11:44:42.862 (index):1038 UPDATE_1
11:44:43.858 (index):1038 UPDATE_2
11:44:43.861 (index):1074 NODEACCESSREQUESTED_3
11:44:43.864 (index):1074 NODEACCESSREQUESTED_0
11:44:43.867 (index):1013 NODEACCESSRELEASED_4
11:44:43.870 (index):1013 NODEACCESSRELEASED_1
11:44:44.861 (index):1097 WAITING_8
11:44:44.864 (index):1029 THINKING_2
11:44:44.866 (index):1041 UPDATE_6
11:44:44.868 (index):1041 UPDATE_5
11:44:45.840 (index):1038 UPDATE_3
11:44:45.843 (index):1038 UPDATE_0
11:44:45.845 (index):1068 ATTRIBUTEACCESSREQUESTED_4
11:44:45.848 (index):1074 NODEACCESSREQUESTED_1
11:44:45.852 (index):1029 THINKING_6
11:44:45.856 (index):1029 THINKING_5
11:44:46.842 (index):1097 WAITING_8
11:44:46.846 (index):1013 NODEACCESSRELEASED_3
11:44:46.848 (index):1029 THINKING_0
11:44:46.850 (index):1041 UPDATE_7
11:44:47.843 (index):1097 WAITING_4
11:44:47.846 (index):1038 UPDATE_1
11:44:47.849 (index):1017 ATTRIBUTEACCESSRELEASED_7
11:44:47.851 (index):1038 UPDATE_2
11:44:48.840 (index):1097 WAITING_8
11:44:48.843 (index):1074 NODEACCESSREQUESTED_3
11:44:48.846 (index):1041 UPDATE_5
11:44:48.848 (index):1029 THINKING_1
11:44:48.849 (index):1029 THINKING_2
11:44:48.850 (index):1041 UPDATE_6
11:44:49.846 (index):1097 WAITING_4
11:44:49.849 (index):1074 NODEACCESSREQUESTED_7
11:44:49.851 (index):1017 ATTRIBUTEACCESSRELEASED_5
11:44:49.853 (index):1017 ATTRIBUTEACCESSRELEASED_6
11:44:49.854 (index):1038 UPDATE_0
11:44:49.854 (index):1041 UPDATE_8
11:44:49.855 (index):1038 UPDATE_3
11:44:50.847 (index):1013 NODEACCESSRELEASED_0
11:44:50.849 (index):1017 ATTRIBUTEACCESSRELEASED_8
11:44:50.852 (index):1013 NODEACCESSRELEASED_3
11:44:51.851 (index):1041 UPDATE_4
11:44:51.855 (index):1038 UPDATE_7
11:44:51.857 (index):1074 NODEACCESSREQUESTED_5
11:44:51.860 (index):1074 NODEACCESSREQUESTED_6
11:44:51.863 (index):1038 UPDATE_2
11:44:51.866 (index):1038 UPDATE_1
11:44:51.868 (index):1074 NODEACCESSREQUESTED_0
11:44:52.853 (index):1074 NODEACCESSREQUESTED_8
11:44:52.854 (index):1074 NODEACCESSREQUESTED_3
11:44:52.856 (index):1029 THINKING_4
11:44:52.858 (index):1013 NODEACCESSRELEASED_7
11:44:52.859 (index):1029 THINKING_2
11:44:52.860 (index):1029 THINKING_1
11:44:53.841 (index):1038 UPDATE_5
11:44:53.843 (index):1038 UPDATE_6
11:44:53.845 (index):1038 UPDATE_0
11:44:54.840 (index):1038 UPDATE_8
11:44:54.841 (index):1038 UPDATE_3
11:44:54.843 (index):1074 NODEACCESSREQUESTED_7
11:44:54.846 (index):1029 THINKING_5
11:44:54.847 (index):1013 NODEACCESSRELEASED_6
11:44:54.848 (index):1013 NODEACCESSRELEASED_0
11:44:55.841 (index):1029 THINKING_8
11:44:55.844 (index):1013 NODEACCESSRELEASED_3
11:44:55.846 (index):1041 UPDATE_4
11:44:56.844 (index):1038 UPDATE_7
11:44:56.847 (index):1074 NODEACCESSREQUESTED_6
11:44:56.852 (index):1074 NODEACCESSREQUESTED_0
11:44:56.857 (index):1017 ATTRIBUTEACCESSRELEASED_4
11:44:57.846 (index):1074 NODEACCESSREQUESTED_3
11:44:57.848 (index):1013 NODEACCESSRELEASED_7
11:44:57.850 (index):1038 UPDATE_1
11:44:57.852 (index):1038 UPDATE_2
11:44:58.856 (index):1038 UPDATE_6
11:44:58.860 (index):1038 UPDATE_0
11:44:58.864 (index):1068 ATTRIBUTEACCESSREQUESTED_4
11:44:58.869 (index):1029 THINKING_1
11:44:58.873 (index):1013 NODEACCESSRELEASED_2
11:44:58.875 (index):1038 UPDATE_3
11:44:58.877 (index):1068 ATTRIBUTEACCESSREQUESTED_7
11:44:59.849 (index):1013 NODEACCESSRELEASED_6
11:44:59.854 (index):1029 THINKING_0
11:44:59.858 (index):1029 THINKING_3
11:44:59.862 (index):1038 UPDATE_8
11:44:59.867 (index):1038 UPDATE_5
11:45:00.851 (index):1041 UPDATE_4
11:45:00.855 (index):1074 NODEACCESSREQUESTED_2
11:45:00.857 (index):1097 WAITING_7
11:45:00.859 (index):1013 NODEACCESSRELEASED_8
11:45:00.861 (index):1013 NODEACCESSRELEASED_5
11:45:01.851 (index):1068 ATTRIBUTEACCESSREQUESTED_6
11:45:01.855 (index):1029 THINKING_4
11:45:02.853 (index):1038 UPDATE_2
11:45:02.855 (index):1097 WAITING_7
11:45:02.857 (index):1074 NODEACCESSREQUESTED_8
11:45:02.859 (index):1074 NODEACCESSREQUESTED_5
11:45:02.861 (index):1038 UPDATE_3
11:45:03.840 (index):1041 UPDATE_6
11:45:03.844 (index):1013 NODEACCESSRELEASED_2
11:45:03.846 (index):1013 NODEACCESSRELEASED_3
11:45:03.847 (index):1038 UPDATE_1
11:45:04.842 (index):1038 UPDATE_0
11:45:04.846 (index):1097 WAITING_7
11:45:04.848 (index):1038 UPDATE_8
11:45:04.851 (index):1038 UPDATE_5
11:45:04.852 (index):1017 ATTRIBUTEACCESSRELEASED_6
11:45:04.854 (index):1013 NODEACCESSRELEASED_1
11:45:05.849 (index):1074 NODEACCESSREQUESTED_2
11:45:05.852 (index):1068 ATTRIBUTEACCESSREQUESTED_3
11:45:05.854 (index):1013 NODEACCESSRELEASED_0
11:45:05.855 (index):1013 NODEACCESSRELEASED_8
11:45:05.856 (index):1013 NODEACCESSRELEASED_5
11:45:05.857 (index):1097 WAITING_7
11:45:06.847 (index):1074 NODEACCESSREQUESTED_6
11:45:06.851 (index):1074 NODEACCESSREQUESTED_1
11:45:06.852 (index):1041 UPDATE_4
11:45:07.851 (index):1038 UPDATE_2
11:45:07.853 (index):1041 UPDATE_3
11:45:07.854 (index):1068 ATTRIBUTEACCESSREQUESTED_0
11:45:07.855 (index):1074 NODEACCESSREQUESTED_8
11:45:07.856 (index):1074 NODEACCESSREQUESTED_5
11:45:07.857 (index):1097 WAITING_7
11:45:07.858 (index):1029 THINKING_4
11:45:07.859 (index):1038 UPDATE_6
11:45:08.850 (index):1038 UPDATE_1
11:45:08.854 (index):1013 NODEACCESSRELEASED_2
11:45:08.856 (index):1017 ATTRIBUTEACCESSRELEASED_3
11:45:08.857 (index):1013 NODEACCESSRELEASED_6
11:45:09.839 (index):1041 UPDATE_0
11:45:09.840 (index):1038 UPDATE_8
11:45:09.841 (index):1038 UPDATE_5
11:45:09.843 (index):1097 WAITING_7
11:45:09.844 (index):1029 THINKING_1
11:45:10.841 (index):1074 NODEACCESSREQUESTED_2
11:45:10.846 (index):1068 ATTRIBUTEACCESSREQUESTED_3
11:45:10.848 (index):1074 NODEACCESSREQUESTED_6
11:45:10.849 (index):1017 ATTRIBUTEACCESSRELEASED_0
11:45:10.851 (index):1013 NODEACCESSRELEASED_8
11:45:10.852 (index):1013 NODEACCESSRELEASED_5
11:45:11.839 (index):1097 WAITING_7
11:45:11.841 (index):1041 UPDATE_4
11:45:12.850 (index):1038 UPDATE_2
11:45:12.852 (index):1097 WAITING_3
11:45:12.853 (index):1038 UPDATE_6
11:45:12.854 (index):1074 NODEACCESSREQUESTED_0
11:45:12.855 (index):1074 NODEACCESSREQUESTED_8
11:45:12.856 (index):1074 NODEACCESSREQUESTED_5
11:45:12.857 (index):1029 THINKING_4
11:45:12.858 (index):1038 UPDATE_1
11:45:12.859 (index):1097 WAITING_7
11:45:13.855 (index):1013 NODEACCESSRELEASED_2
11:45:13.857 (index):1108 END_6
11:45:13.858 (index):1013 NODEACCESSRELEASED_1
11:45:13.859 (index):1097 WAITING_3
11:45:14.839 (index):1038 UPDATE_0
11:45:14.841 (index):1038 UPDATE_8
11:45:14.842 (index):1038 UPDATE_5
11:45:14.843 (index):1097 WAITING_7
11:45:15.840 (index):1074 NODEACCESSREQUESTED_2
11:45:15.844 (index):1074 NODEACCESSREQUESTED_1
11:45:15.847 (index):1097 WAITING_3
11:45:15.849 (index):1013 NODEACCESSRELEASED_0
11:45:15.850 (index):1013 NODEACCESSRELEASED_8
11:45:15.851 (index):1013 NODEACCESSRELEASED_5
11:45:15.852 (index):1041 UPDATE_4
11:45:16.841 (index):1097 WAITING_7
11:45:16.846 (index):1017 ATTRIBUTEACCESSRELEASED_4
11:45:17.842 (index):1038 UPDATE_2
11:45:17.846 (index):1038 UPDATE_1
11:45:17.848 (index):1097 WAITING_3
11:45:17.849 (index):1074 NODEACCESSREQUESTED_0
11:45:17.850 (index):1074 NODEACCESSREQUESTED_8
11:45:17.851 (index):1074 NODEACCESSREQUESTED_5
11:45:18.843 (index):1041 UPDATE_7
11:45:18.845 (index):1074 NODEACCESSREQUESTED_4
11:45:18.847 (index):1108 END_2
11:45:18.849 (index):1108 END_1
11:45:19.845 (index):1097 WAITING_3
11:45:19.849 (index):1038 UPDATE_0
11:45:19.851 (index):1038 UPDATE_8
11:45:19.852 (index):1038 UPDATE_5
11:45:19.853 (index):1017 ATTRIBUTEACCESSRELEASED_7
11:45:20.848 (index):1038 UPDATE_4
11:45:20.851 (index):1108 END_0
11:45:20.852 (index):1013 NODEACCESSRELEASED_8
11:45:20.854 (index):1108 END_5
11:45:21.850 (index):1041 UPDATE_3
11:45:21.853 (index):1074 NODEACCESSREQUESTED_7
11:45:21.856 (index):1013 NODEACCESSRELEASED_4
11:45:22.851 (index):1068 ATTRIBUTEACCESSREQUESTED_8
11:45:22.855 (index):1029 THINKING_3
11:45:23.845 (index):1038 UPDATE_7
11:45:23.847 (index):1074 NODEACCESSREQUESTED_4
11:45:24.847 (index):1041 UPDATE_8
11:45:24.849 (index):1013 NODEACCESSRELEASED_7
11:45:25.851 (index):1038 UPDATE_4
11:45:25.852 (index):1017 ATTRIBUTEACCESSRELEASED_8
11:45:25.853 (index):1041 UPDATE_3
11:45:25.854 (index):1068 ATTRIBUTEACCESSREQUESTED_7
11:45:26.852 (index):1029 THINKING_4
11:45:26.854 (index):1017 ATTRIBUTEACCESSRELEASED_3
11:45:27.858 (index):1074 NODEACCESSREQUESTED_8
11:45:27.860 (index):1041 UPDATE_7
11:45:27.861 (index):1074 NODEACCESSREQUESTED_3
11:45:28.858 (index):1029 THINKING_7
11:45:29.858 (index):1038 UPDATE_8
11:45:29.860 (index):1038 UPDATE_3
11:45:30.858 (index):1108 END_8
11:45:30.860 (index):1108 END_3
11:45:31.860 (index):1038 UPDATE_4
11:45:32.839 (index):1108 END_4
11:45:32.843 (index):1041 UPDATE_7
11:45:33.840 (index):1017 ATTRIBUTEACCESSRELEASED_7
11:45:35.848 (index):1074 NODEACCESSREQUESTED_7
11:45:37.851 (index):1038 UPDATE_7
11:45:38.853 (index):1108 END_7
