11:50:46.843 (index):1399 Tasks: 25; Collaborators: 14    =========================>
11:50:46.844 (index):1068 ATTRIBUTEACCESSREQUESTED_0
11:50:46.846 (index):1074 NODEACCESSREQUESTED_1
11:50:46.847 (index):1074 NODEACCESSREQUESTED_2
11:50:46.848 (index):1068 ATTRIBUTEACCESSREQUESTED_3
11:50:46.850 (index):1068 ATTRIBUTEACCESSREQUESTED_4
11:50:46.851 (index):1074 NODEACCESSREQUESTED_5
11:50:46.852 (index):1074 NODEACCESSREQUESTED_6
11:50:46.853 (index):1068 ATTRIBUTEACCESSREQUESTED_7
11:50:46.854 (index):1074 NODEACCESSREQUESTED_8
11:50:46.855 (index):1074 NODEACCESSREQUESTED_9
11:50:46.856 (index):1074 NODEACCESSREQUESTED_10
11:50:46.857 (index):1074 NODEACCESSREQUESTED_11
11:50:46.858 (index):1074 NODEACCESSREQUESTED_12
11:50:46.859 (index):1074 NODEACCESSREQUESTED_13
11:50:48.845 (index):1029 THINKING_0
11:50:48.846 (index):1029 THINKING_1
11:50:48.847 (index):1013 NODEACCESSRELEASED_2
11:50:48.848 (index):1017 ATTRIBUTEACCESSRELEASED_3
11:50:48.849 (index):1017 ATTRIBUTEACCESSRELEASED_4
11:50:48.850 (index):1013 NODEACCESSRELEASED_5
11:50:48.851 (index):1029 THINKING_6
11:50:48.852 (index):1017 ATTRIBUTEACCESSRELEASED_7
11:50:48.853 (index):1029 THINKING_8
11:50:48.854 (index):1013 NODEACCESSRELEASED_9
11:50:48.855 (index):1013 NODEACCESSRELEASED_10
11:50:48.857 (index):1029 THINKING_11
11:50:48.858 (index):1013 NODEACCESSRELEASED_12
11:50:48.858 (index):1029 THINKING_13
11:50:49.849 (index):1074 NODEACCESSREQUESTED_2
11:50:50.849 (index):1068 ATTRIBUTEACCESSREQUESTED_3
11:50:50.852 (index):1068 ATTRIBUTEACCESSREQUESTED_4
11:50:50.855 (index):1074 NODEACCESSREQUESTED_5
11:50:50.857 (index):1068 ATTRIBUTEACCESSREQUESTED_7
11:50:50.859 (index):1074 NODEACCESSREQUESTED_9
11:50:50.861 (index):1074 NODEACCESSREQUESTED_10
11:50:50.863 (index):1074 NODEACCESSREQUESTED_12
11:50:51.850 (index):1038 UPDATE_2
11:50:51.852 (index):1038 UPDATE_8
11:50:51.853 (index):1038 UPDATE_11
11:50:51.854 (index):1038 UPDATE_6
11:50:51.855 (index):1038 UPDATE_1
11:50:52.851 (index):1041 UPDATE_3
11:50:52.855 (index):1041 UPDATE_4
11:50:52.861 (index):1038 UPDATE_5
11:50:52.865 (index):1041 UPDATE_7
11:50:52.869 (index):1038 UPDATE_9
11:50:52.872 (index):1038 UPDATE_10
11:50:52.874 (index):1038 UPDATE_12
11:50:52.875 (index):1013 NODEACCESSRELEASED_2
11:50:52.878 (index):1029 THINKING_8
11:50:52.879 (index):1029 THINKING_11
11:50:52.880 (index):1013 NODEACCESSRELEASED_6
11:50:52.884 (index):1013 NODEACCESSRELEASED_1
11:50:53.853 (index):1017 ATTRIBUTEACCESSRELEASED_3
11:50:53.855 (index):1017 ATTRIBUTEACCESSRELEASED_4
11:50:53.856 (index):1029 THINKING_5
11:50:53.858 (index):1017 ATTRIBUTEACCESSRELEASED_7
11:50:53.859 (index):1029 THINKING_9
11:50:53.861 (index):1029 THINKING_10
11:50:53.862 (index):1013 NODEACCESSRELEASED_12
11:50:53.863 (index):1038 UPDATE_13
11:50:53.864 (index):1041 UPDATE_0
11:50:54.844 (index):1074 NODEACCESSREQUESTED_2
11:50:54.848 (index):1068 ATTRIBUTEACCESSREQUESTED_6
11:50:54.849 (index):1074 NODEACCESSREQUESTED_1
11:50:54.851 (index):1013 NODEACCESSRELEASED_13
11:50:54.853 (index):1017 ATTRIBUTEACCESSRELEASED_0
11:50:55.844 (index):1074 NODEACCESSREQUESTED_3
11:50:55.846 (index):1074 NODEACCESSREQUESTED_4
11:50:55.847 (index):1074 NODEACCESSREQUESTED_7
11:50:55.849 (index):1074 NODEACCESSREQUESTED_12
11:50:56.848 (index):1038 UPDATE_2
11:50:56.854 (index):1041 UPDATE_6
11:50:56.858 (index):1038 UPDATE_1
11:50:56.861 (index):1068 ATTRIBUTEACCESSREQUESTED_13
11:50:56.863 (index):1068 ATTRIBUTEACCESSREQUESTED_0
11:50:56.865 (index):1038 UPDATE_10
11:50:56.867 (index):1038 UPDATE_11
11:50:56.868 (index):1038 UPDATE_5
11:50:56.870 (index):1038 UPDATE_3
11:50:56.872 (index):1038 UPDATE_4
11:50:57.850 (index):1038 UPDATE_7
11:50:57.857 (index):1038 UPDATE_12
11:50:57.864 (index):1013 NODEACCESSRELEASED_2
11:50:57.868 (index):1017 ATTRIBUTEACCESSRELEASED_6
11:50:57.870 (index):1029 THINKING_1
11:50:57.872 (index):1013 NODEACCESSRELEASED_10
11:50:57.875 (index):1013 NODEACCESSRELEASED_11
11:50:57.877 (index):1013 NODEACCESSRELEASED_5
11:50:57.878 (index):1029 THINKING_3
11:50:57.880 (index):1013 NODEACCESSRELEASED_4
11:50:57.881 (index):1038 UPDATE_8
11:50:58.852 (index):1041 UPDATE_13
11:50:58.853 (index):1041 UPDATE_0
11:50:58.855 (index):1013 NODEACCESSRELEASED_7
11:50:58.856 (index):1013 NODEACCESSRELEASED_12
11:50:58.858 (index):1013 NODEACCESSRELEASED_8
11:50:58.859 (index):1038 UPDATE_9
11:50:59.853 (index):1068 ATTRIBUTEACCESSREQUESTED_2
11:50:59.857 (index):1074 NODEACCESSREQUESTED_6
11:50:59.859 (index):1074 NODEACCESSREQUESTED_10
11:50:59.860 (index):1074 NODEACCESSREQUESTED_11
11:50:59.862 (index):1074 NODEACCESSREQUESTED_5
11:50:59.864 (index):1068 ATTRIBUTEACCESSREQUESTED_4
11:50:59.865 (index):1017 ATTRIBUTEACCESSRELEASED_13
11:50:59.866 (index):1017 ATTRIBUTEACCESSRELEASED_0
11:50:59.867 (index):1029 THINKING_9
11:51:00.858 (index):1074 NODEACCESSREQUESTED_7
11:51:00.862 (index):1068 ATTRIBUTEACCESSREQUESTED_12
11:51:00.864 (index):1068 ATTRIBUTEACCESSREQUESTED_8
11:51:00.866 (index):1041 UPDATE_2
11:51:01.859 (index):1038 UPDATE_6
11:51:01.861 (index):1038 UPDATE_10
11:51:01.863 (index):1038 UPDATE_11
11:51:01.864 (index):1038 UPDATE_5
11:51:01.866 (index):1041 UPDATE_4
11:51:01.867 (index):1068 ATTRIBUTEACCESSREQUESTED_13
11:51:01.869 (index):1074 NODEACCESSREQUESTED_0
11:51:01.870 (index):1029 THINKING_2
11:51:01.872 (index):1038 UPDATE_1
11:51:02.862 (index):1038 UPDATE_7
11:51:02.863 (index):1041 UPDATE_12
11:51:02.866 (index):1041 UPDATE_8
11:51:02.868 (index):1013 NODEACCESSRELEASED_6
11:51:02.871 (index):1029 THINKING_10
11:51:02.873 (index):1013 NODEACCESSRELEASED_11
11:51:02.875 (index):1029 THINKING_5
11:51:02.876 (index):1017 ATTRIBUTEACCESSRELEASED_4
11:51:02.877 (index):1029 THINKING_1
11:51:02.879 (index):1038 UPDATE_3
11:51:02.880 (index):1038 UPDATE_9
11:51:03.840 (index):1097 WAITING_13
11:51:03.846 (index):1038 UPDATE_0
11:51:03.849 (index):1029 THINKING_7
11:51:03.851 (index):1029 THINKING_12
11:51:03.853 (index):1029 THINKING_8
11:51:03.855 (index):1013 NODEACCESSRELEASED_3
11:51:03.860 (index):1013 NODEACCESSRELEASED_9
11:51:04.843 (index):1074 NODEACCESSREQUESTED_6
11:51:04.845 (index):1074 NODEACCESSREQUESTED_11
11:51:04.846 (index):1074 NODEACCESSREQUESTED_4
11:51:04.849 (index):1029 THINKING_0
11:51:04.851 (index):1041 UPDATE_2
11:51:05.844 (index):1097 WAITING_13
11:51:05.845 (index):1068 ATTRIBUTEACCESSREQUESTED_3
11:51:05.847 (index):1068 ATTRIBUTEACCESSREQUESTED_9
11:51:05.849 (index):1017 ATTRIBUTEACCESSRELEASED_2
11:51:06.845 (index):1038 UPDATE_6
11:51:06.852 (index):1038 UPDATE_11
11:51:06.861 (index):1038 UPDATE_10
11:51:06.865 (index):1038 UPDATE_4
11:51:06.869 (index):1038 UPDATE_5
11:51:06.870 (index):1038 UPDATE_7
11:51:07.845 (index):1097 WAITING_13
11:51:07.847 (index):1041 UPDATE_3
11:51:07.848 (index):1097 WAITING_9
11:51:07.849 (index):1068 ATTRIBUTEACCESSREQUESTED_2
11:51:07.850 (index):1013 NODEACCESSRELEASED_6
11:51:07.851 (index):1013 NODEACCESSRELEASED_11
11:51:07.852 (index):1013 NODEACCESSRELEASED_10
11:51:07.853 (index):1013 NODEACCESSRELEASED_4
11:51:07.854 (index):1013 NODEACCESSRELEASED_5
11:51:07.855 (index):1013 NODEACCESSRELEASED_7
11:51:07.856 (index):1038 UPDATE_1
11:51:07.857 (index):1038 UPDATE_0
11:51:08.850 (index):1017 ATTRIBUTEACCESSRELEASED_3
11:51:08.855 (index):1013 NODEACCESSRELEASED_1
11:51:08.860 (index):1029 THINKING_0
11:51:08.863 (index):1041 UPDATE_8
11:51:08.866 (index):1041 UPDATE_12
11:51:08.868 (index):1097 WAITING_13
11:51:09.852 (index):1041 UPDATE_9
11:51:09.859 (index):1041 UPDATE_2
11:51:09.866 (index):1074 NODEACCESSREQUESTED_6
11:51:09.870 (index):1074 NODEACCESSREQUESTED_11
11:51:09.873 (index):1074 NODEACCESSREQUESTED_10
11:51:09.876 (index):1068 ATTRIBUTEACCESSREQUESTED_4
11:51:09.878 (index):1068 ATTRIBUTEACCESSREQUESTED_5
11:51:09.880 (index):1068 ATTRIBUTEACCESSREQUESTED_7
11:51:09.882 (index):1017 ATTRIBUTEACCESSRELEASED_8
11:51:09.884 (index):1017 ATTRIBUTEACCESSRELEASED_12
11:51:10.852 (index):1074 NODEACCESSREQUESTED_3
11:51:10.855 (index):1074 NODEACCESSREQUESTED_1
11:51:10.856 (index):1041 UPDATE_13
11:51:10.858 (index):1017 ATTRIBUTEACCESSRELEASED_9
11:51:10.859 (index):1017 ATTRIBUTEACCESSRELEASED_2
11:51:11.853 (index):1038 UPDATE_6
11:51:11.858 (index):1038 UPDATE_11
11:51:11.865 (index):1038 UPDATE_10
11:51:11.869 (index):1041 UPDATE_4
11:51:11.871 (index):1097 WAITING_5
11:51:11.873 (index):1041 UPDATE_7
11:51:11.876 (index):1068 ATTRIBUTEACCESSREQUESTED_8
11:51:11.878 (index):1068 ATTRIBUTEACCESSREQUESTED_12
11:51:11.879 (index):1017 ATTRIBUTEACCESSRELEASED_13
11:51:12.855 (index):1038 UPDATE_3
11:51:12.859 (index):1038 UPDATE_1
11:51:12.860 (index):1068 ATTRIBUTEACCESSREQUESTED_9
11:51:12.862 (index):1074 NODEACCESSREQUESTED_2
11:51:12.864 (index):1013 NODEACCESSRELEASED_6
11:51:12.865 (index):1029 THINKING_11
11:51:12.866 (index):1029 THINKING_10
11:51:12.867 (index):1029 THINKING_4
11:51:12.868 (index):1029 THINKING_7
11:51:13.840 (index):1097 WAITING_5
11:51:13.844 (index):1041 UPDATE_8
11:51:13.849 (index):1041 UPDATE_12
11:51:13.854 (index):1068 ATTRIBUTEACCESSREQUESTED_13
11:51:13.857 (index):1013 NODEACCESSRELEASED_3
11:51:13.860 (index):1029 THINKING_1
11:51:13.861 (index):1038 UPDATE_0
11:51:14.843 (index):1041 UPDATE_9
11:51:14.846 (index):1038 UPDATE_2
11:51:14.849 (index):1068 ATTRIBUTEACCESSREQUESTED_6
11:51:14.852 (index):1017 ATTRIBUTEACCESSRELEASED_8
11:51:14.854 (index):1017 ATTRIBUTEACCESSRELEASED_12
11:51:14.856 (index):1013 NODEACCESSRELEASED_0
11:51:15.846 (index):1097 WAITING_5
11:51:15.847 (index):1097 WAITING_13
11:51:15.848 (index):1074 NODEACCESSREQUESTED_3
11:51:15.850 (index):1017 ATTRIBUTEACCESSRELEASED_9
11:51:15.851 (index):1029 THINKING_2
11:51:15.852 (index):1041 UPDATE_4
11:51:16.854 (index):1041 UPDATE_6
11:51:16.856 (index):1074 NODEACCESSREQUESTED_8
11:51:16.859 (index):1068 ATTRIBUTEACCESSREQUESTED_12
11:51:16.861 (index):1074 NODEACCESSREQUESTED_0
11:51:16.862 (index):1017 ATTRIBUTEACCESSRELEASED_4
11:51:16.863 (index):1038 UPDATE_1
11:51:16.864 (index):1041 UPDATE_5
11:51:16.866 (index):1041 UPDATE_13
11:51:16.867 (index):1038 UPDATE_3
11:51:16.868 (index):1074 NODEACCESSREQUESTED_9
11:51:17.852 (index):1029 THINKING_6
11:51:17.853 (index):1013 NODEACCESSRELEASED_1
11:51:17.854 (index):1029 THINKING_5
11:51:17.855 (index):1017 ATTRIBUTEACCESSRELEASED_13
11:51:17.856 (index):1013 NODEACCESSRELEASED_3
11:51:17.858 (index):1038 UPDATE_11
11:51:17.859 (index):1041 UPDATE_7
11:51:17.860 (index):1038 UPDATE_10
11:51:18.853 (index):1038 UPDATE_8
11:51:18.860 (index):1097 WAITING_12
11:51:18.867 (index):1038 UPDATE_0
11:51:18.873 (index):1068 ATTRIBUTEACCESSREQUESTED_4
11:51:18.875 (index):1038 UPDATE_9
11:51:18.878 (index):1013 NODEACCESSRELEASED_11
11:51:18.880 (index):1017 ATTRIBUTEACCESSRELEASED_7
11:51:18.882 (index):1013 NODEACCESSRELEASED_10
11:51:18.884 (index):1038 UPDATE_2
11:51:19.854 (index):1074 NODEACCESSREQUESTED_1
11:51:19.861 (index):1074 NODEACCESSREQUESTED_13
11:51:19.866 (index):1074 NODEACCESSREQUESTED_3
11:51:19.872 (index):1029 THINKING_8
11:51:19.877 (index):1029 THINKING_0
11:51:19.880 (index):1029 THINKING_9
11:51:19.881 (index):1029 THINKING_2
11:51:20.842 (index):1041 UPDATE_12
11:51:20.846 (index):1097 WAITING_4
11:51:20.847 (index):1068 ATTRIBUTEACCESSREQUESTED_11
11:51:20.849 (index):1074 NODEACCESSREQUESTED_7
11:51:20.850 (index):1074 NODEACCESSREQUESTED_10
11:51:20.851 (index):1041 UPDATE_6
11:51:21.842 (index):1038 UPDATE_1
11:51:21.848 (index):1038 UPDATE_13
11:51:21.852 (index):1038 UPDATE_3
11:51:21.859 (index):1017 ATTRIBUTEACCESSRELEASED_12
11:51:21.863 (index):1029 THINKING_6
11:51:22.843 (index):1041 UPDATE_4
11:51:22.847 (index):1041 UPDATE_11
11:51:22.850 (index):1038 UPDATE_7
11:51:22.854 (index):1038 UPDATE_10
11:51:22.857 (index):1029 THINKING_1
11:51:22.858 (index):1013 NODEACCESSRELEASED_13
11:51:22.860 (index):1013 NODEACCESSRELEASED_3
11:51:22.861 (index):1038 UPDATE_0
11:51:22.862 (index):1038 UPDATE_2
11:51:22.864 (index):1041 UPDATE_5
11:51:23.844 (index):1068 ATTRIBUTEACCESSREQUESTED_12
11:51:23.850 (index):1029 THINKING_4
11:51:23.854 (index):1017 ATTRIBUTEACCESSRELEASED_11
11:51:23.858 (index):1013 NODEACCESSRELEASED_7
11:51:23.862 (index):1029 THINKING_10
11:51:23.864 (index):1013 NODEACCESSRELEASED_0
11:51:23.867 (index):1029 THINKING_2
11:51:23.868 (index):1029 THINKING_5
11:51:23.871 (index):1038 UPDATE_9
11:51:23.873 (index):1038 UPDATE_8
11:51:24.840 (index):1068 ATTRIBUTEACCESSREQUESTED_13
11:51:24.846 (index):1074 NODEACCESSREQUESTED_3
11:51:24.851 (index):1013 NODEACCESSRELEASED_9
11:51:24.855 (index):1013 NODEACCESSRELEASED_8
11:51:24.857 (index):1041 UPDATE_6
11:51:25.848 (index):1041 UPDATE_12
11:51:25.850 (index):1068 ATTRIBUTEACCESSREQUESTED_11
11:51:25.851 (index):1074 NODEACCESSREQUESTED_7
11:51:25.852 (index):1074 NODEACCESSREQUESTED_0
11:51:25.854 (index):1017 ATTRIBUTEACCESSRELEASED_6
11:51:25.855 (index):1038 UPDATE_1
11:51:25.856 (index):1097 WAITING_13
11:51:26.850 (index):1038 UPDATE_3
11:51:26.852 (index):1074 NODEACCESSREQUESTED_9
11:51:26.853 (index):1074 NODEACCESSREQUESTED_8
11:51:26.855 (index):1041 UPDATE_5
11:51:26.857 (index):1017 ATTRIBUTEACCESSRELEASED_12
11:51:26.858 (index):1029 THINKING_1
11:51:27.840 (index):1041 UPDATE_11
11:51:27.842 (index):1038 UPDATE_7
11:51:27.844 (index):1038 UPDATE_0
11:51:27.845 (index):1074 NODEACCESSREQUESTED_6
11:51:27.847 (index):1041 UPDATE_13
11:51:27.848 (index):1029 THINKING_3
11:51:27.850 (index):1017 ATTRIBUTEACCESSRELEASED_5
11:51:27.851 (index):1038 UPDATE_10
11:51:28.841 (index):1038 UPDATE_9
11:51:28.842 (index):1038 UPDATE_8
11:51:28.844 (index):1068 ATTRIBUTEACCESSREQUESTED_12
11:51:28.846 (index):1017 ATTRIBUTEACCESSRELEASED_11
11:51:28.847 (index):1013 NODEACCESSRELEASED_7
11:51:28.848 (index):1013 NODEACCESSRELEASED_0
11:51:28.849 (index):1017 ATTRIBUTEACCESSRELEASED_13
11:51:28.850 (index):1013 NODEACCESSRELEASED_10
11:51:28.851 (index):1041 UPDATE_4
11:51:28.852 (index):1038 UPDATE_2
11:51:29.842 (index):1038 UPDATE_6
11:51:29.843 (index):1074 NODEACCESSREQUESTED_5
11:51:29.844 (index):1013 NODEACCESSRELEASED_9
11:51:29.845 (index):1013 NODEACCESSRELEASED_8
11:51:29.846 (index):1029 THINKING_4
11:51:29.848 (index):1013 NODEACCESSRELEASED_2
11:51:30.843 (index):1041 UPDATE_12
11:51:30.850 (index):1074 NODEACCESSREQUESTED_11
11:51:30.858 (index):1068 ATTRIBUTEACCESSREQUESTED_7
11:51:30.864 (index):1074 NODEACCESSREQUESTED_0
11:51:30.868 (index):1068 ATTRIBUTEACCESSREQUESTED_13
11:51:30.870 (index):1074 NODEACCESSREQUESTED_10
11:51:30.872 (index):1013 NODEACCESSRELEASED_6
11:51:30.874 (index):1038 UPDATE_3
11:51:31.843 (index):1038 UPDATE_5
11:51:31.846 (index):1068 ATTRIBUTEACCESSREQUESTED_9
11:51:31.847 (index):1074 NODEACCESSREQUESTED_8
11:51:31.849 (index):1074 NODEACCESSREQUESTED_2
11:51:31.851 (index):1017 ATTRIBUTEACCESSRELEASED_12
11:51:31.853 (index):1013 NODEACCESSRELEASED_3
11:51:31.855 (index):1038 UPDATE_1
11:51:32.844 (index):1038 UPDATE_11
11:51:32.846 (index):1041 UPDATE_7
11:51:32.847 (index):1038 UPDATE_0
11:51:32.849 (index):1041 UPDATE_13
11:51:32.850 (index):1038 UPDATE_10
11:51:32.851 (index):1074 NODEACCESSREQUESTED_6
11:51:32.852 (index):1029 THINKING_5
11:51:32.854 (index):1029 THINKING_1
11:51:33.840 (index):1041 UPDATE_9
11:51:33.843 (index):1038 UPDATE_8
11:51:33.847 (index):1038 UPDATE_2
11:51:33.849 (index):1074 NODEACCESSREQUESTED_12
11:51:33.852 (index):1068 ATTRIBUTEACCESSREQUESTED_3
11:51:33.854 (index):1029 THINKING_11
11:51:33.856 (index):1017 ATTRIBUTEACCESSRELEASED_7
11:51:33.858 (index):1029 THINKING_0
11:51:33.860 (index):1017 ATTRIBUTEACCESSRELEASED_13
11:51:33.861 (index):1029 THINKING_10
11:51:33.863 (index):1041 UPDATE_4
11:51:34.850 (index):1038 UPDATE_6
11:51:34.851 (index):1029 THINKING_9
11:51:34.853 (index):1013 NODEACCESSRELEASED_8
11:51:34.854 (index):1013 NODEACCESSRELEASED_2
11:51:34.856 (index):1029 THINKING_4
11:51:35.852 (index):1038 UPDATE_12
11:51:35.857 (index):1097 WAITING_3
11:51:35.864 (index):1074 NODEACCESSREQUESTED_7
11:51:35.867 (index):1074 NODEACCESSREQUESTED_13
11:51:35.870 (index):1013 NODEACCESSRELEASED_6
11:51:36.840 (index):1074 NODEACCESSREQUESTED_8
11:51:36.845 (index):1074 NODEACCESSREQUESTED_2
11:51:36.848 (index):1013 NODEACCESSRELEASED_12
11:51:37.844 (index):1097 WAITING_3
11:51:37.846 (index):1038 UPDATE_7
11:51:37.848 (index):1038 UPDATE_13
11:51:37.849 (index):1068 ATTRIBUTEACCESSREQUESTED_6
11:51:37.851 (index):1038 UPDATE_1
11:51:37.852 (index):1038 UPDATE_11
11:51:37.853 (index):1041 UPDATE_4
11:51:37.854 (index):1038 UPDATE_5
11:51:38.846 (index):1038 UPDATE_8
11:51:38.848 (index):1038 UPDATE_2
11:51:38.849 (index):1074 NODEACCESSREQUESTED_12
11:51:38.851 (index):1038 UPDATE_0
11:51:38.853 (index):1013 NODEACCESSRELEASED_7
11:51:38.854 (index):1013 NODEACCESSRELEASED_13
11:51:38.856 (index):1013 NODEACCESSRELEASED_1
11:51:38.857 (index):1013 NODEACCESSRELEASED_11
11:51:38.859 (index):1017 ATTRIBUTEACCESSRELEASED_4
11:51:38.861 (index):1013 NODEACCESSRELEASED_5
11:51:38.863 (index):1041 UPDATE_9
11:51:38.864 (index):1038 UPDATE_10
11:51:39.853 (index):1041 UPDATE_3
11:51:39.854 (index):1041 UPDATE_6
11:51:39.856 (index):1013 NODEACCESSRELEASED_8
11:51:39.857 (index):1013 NODEACCESSRELEASED_2
11:51:39.858 (index):1013 NODEACCESSRELEASED_0
11:51:39.860 (index):1017 ATTRIBUTEACCESSRELEASED_9
11:51:39.861 (index):1013 NODEACCESSRELEASED_10
11:51:39.863 (index):1038 UPDATE_12
11:51:40.855 (index):1068 ATTRIBUTEACCESSREQUESTED_7
11:51:40.857 (index):1074 NODEACCESSREQUESTED_13
11:51:40.858 (index):1074 NODEACCESSREQUESTED_1
11:51:40.859 (index):1074 NODEACCESSREQUESTED_11
11:51:40.861 (index):1074 NODEACCESSREQUESTED_4
11:51:40.862 (index):1074 NODEACCESSREQUESTED_5
11:51:40.863 (index):1017 ATTRIBUTEACCESSRELEASED_3
11:51:40.865 (index):1017 ATTRIBUTEACCESSRELEASED_6
11:51:40.866 (index):1029 THINKING_12
11:51:41.854 (index):1074 NODEACCESSREQUESTED_8
11:51:41.856 (index):1074 NODEACCESSREQUESTED_2
11:51:41.857 (index):1068 ATTRIBUTEACCESSREQUESTED_0
11:51:41.859 (index):1068 ATTRIBUTEACCESSREQUESTED_9
11:51:41.861 (index):1068 ATTRIBUTEACCESSREQUESTED_10
11:51:42.842 (index):1041 UPDATE_7
11:51:42.848 (index):1038 UPDATE_13
11:51:42.849 (index):1038 UPDATE_1
11:51:42.850 (index):1038 UPDATE_11
11:51:42.851 (index):1038 UPDATE_4
11:51:42.852 (index):1038 UPDATE_5
11:51:42.853 (index):1068 ATTRIBUTEACCESSREQUESTED_3
11:51:42.855 (index):1074 NODEACCESSREQUESTED_6
11:51:43.844 (index):1038 UPDATE_8
11:51:43.848 (index):1038 UPDATE_2
11:51:43.849 (index):1041 UPDATE_0
11:51:43.851 (index):1041 UPDATE_9
11:51:43.852 (index):1041 UPDATE_10
11:51:43.853 (index):1029 THINKING_7
11:51:43.854 (index):1013 NODEACCESSRELEASED_13
11:51:43.855 (index):1029 THINKING_1
11:51:43.856 (index):1013 NODEACCESSRELEASED_11
11:51:43.857 (index):1013 NODEACCESSRELEASED_4
11:51:43.858 (index):1013 NODEACCESSRELEASED_5
11:51:44.846 (index):1097 WAITING_3
11:51:44.850 (index):1038 UPDATE_6
11:51:44.852 (index):1013 NODEACCESSRELEASED_8
11:51:44.854 (index):1013 NODEACCESSRELEASED_2
11:51:44.855 (index):1017 ATTRIBUTEACCESSRELEASED_0
11:51:44.856 (index):1017 ATTRIBUTEACCESSRELEASED_9
11:51:44.857 (index):1017 ATTRIBUTEACCESSRELEASED_10
11:51:44.858 (index):1038 UPDATE_12
11:51:45.846 (index):1074 NODEACCESSREQUESTED_13
11:51:45.851 (index):1068 ATTRIBUTEACCESSREQUESTED_11
11:51:45.852 (index):1074 NODEACCESSREQUESTED_4
11:51:45.854 (index):1074 NODEACCESSREQUESTED_5
11:51:45.855 (index):1013 NODEACCESSRELEASED_6
11:51:45.856 (index):1013 NODEACCESSRELEASED_12
11:51:46.849 (index):1041 UPDATE_3
11:51:46.851 (index):1068 ATTRIBUTEACCESSREQUESTED_8
11:51:46.853 (index):1074 NODEACCESSREQUESTED_2
11:51:46.856 (index):1074 NODEACCESSREQUESTED_0
11:51:46.857 (index):1074 NODEACCESSREQUESTED_9
11:51:46.859 (index):1068 ATTRIBUTEACCESSREQUESTED_10
11:51:46.860 (index):1038 UPDATE_1
11:51:47.851 (index):1038 UPDATE_13
11:51:47.856 (index):1041 UPDATE_11
11:51:47.862 (index):1038 UPDATE_4
11:51:47.868 (index):1038 UPDATE_5
11:51:47.874 (index):1074 NODEACCESSREQUESTED_6
11:51:47.877 (index):1068 ATTRIBUTEACCESSREQUESTED_12
11:51:47.880 (index):1029 THINKING_3
11:51:47.882 (index):1013 NODEACCESSRELEASED_1
11:51:47.884 (index):1041 UPDATE_7
11:51:48.854 (index):1097 WAITING_8
11:51:48.859 (index):1038 UPDATE_2
11:51:48.860 (index):1038 UPDATE_0
11:51:48.862 (index):1038 UPDATE_9
11:51:48.863 (index):1097 WAITING_10
11:51:48.865 (index):1013 NODEACCESSRELEASED_13
11:51:48.866 (index):1029 THINKING_11
11:51:48.867 (index):1029 THINKING_4
11:51:48.868 (index):1013 NODEACCESSRELEASED_5
11:51:48.869 (index):1017 ATTRIBUTEACCESSRELEASED_7
11:51:49.856 (index):1038 UPDATE_6
11:51:49.862 (index):1097 WAITING_12
11:51:49.867 (index):1074 NODEACCESSREQUESTED_1
11:51:49.871 (index):1108 END_2
11:51:49.875 (index):1013 NODEACCESSRELEASED_0
11:51:49.877 (index):1013 NODEACCESSRELEASED_9
11:51:50.860 (index):1041 UPDATE_8
11:51:50.863 (index):1097 WAITING_10
11:51:50.866 (index):1074 NODEACCESSREQUESTED_13
11:51:50.867 (index):1074 NODEACCESSREQUESTED_5
11:51:50.868 (index):1074 NODEACCESSREQUESTED_7
11:51:50.869 (index):1108 END_6
11:51:50.870 (index):1041 UPDATE_3
11:51:51.860 (index):1097 WAITING_12
11:51:51.861 (index):1038 UPDATE_1
11:51:51.862 (index):1074 NODEACCESSREQUESTED_0
11:51:51.863 (index):1074 NODEACCESSREQUESTED_9
11:51:51.865 (index):1017 ATTRIBUTEACCESSRELEASED_8
11:51:51.866 (index):1017 ATTRIBUTEACCESSRELEASED_3
11:51:52.840 (index):1041 UPDATE_10
11:51:52.841 (index):1038 UPDATE_13
11:51:52.843 (index):1038 UPDATE_5
11:51:52.844 (index):1038 UPDATE_7
11:51:52.846 (index):1108 END_1
11:51:52.847 (index):1041 UPDATE_11
11:51:53.841 (index):1041 UPDATE_12
11:51:53.843 (index):1038 UPDATE_0
11:51:53.846 (index):1038 UPDATE_9
11:51:53.850 (index):1074 NODEACCESSREQUESTED_8
11:51:53.851 (index):1074 NODEACCESSREQUESTED_3
11:51:53.853 (index):1017 ATTRIBUTEACCESSRELEASED_10
11:51:53.854 (index):1013 NODEACCESSRELEASED_13
11:51:53.855 (index):1013 NODEACCESSRELEASED_5
11:51:53.856 (index):1108 END_7
11:51:53.857 (index):1108 END_11
11:51:53.858 (index):1038 UPDATE_4
11:51:54.843 (index):1017 ATTRIBUTEACCESSRELEASED_12
11:51:54.847 (index):1108 END_0
11:51:54.851 (index):1108 END_9
11:51:54.854 (index):1108 END_4
11:51:55.843 (index):1038 UPDATE_8
11:51:55.848 (index):1038 UPDATE_3
11:51:55.850 (index):1074 NODEACCESSREQUESTED_10
11:51:55.851 (index):1074 NODEACCESSREQUESTED_13
11:51:55.853 (index):1074 NODEACCESSREQUESTED_5
11:51:56.844 (index):1068 ATTRIBUTEACCESSREQUESTED_12
11:51:56.845 (index):1108 END_8
11:51:56.847 (index):1108 END_3
11:51:57.846 (index):1038 UPDATE_10
11:51:57.851 (index):1038 UPDATE_13
11:51:57.852 (index):1038 UPDATE_5
11:51:57.853 (index):1041 UPDATE_12
11:51:58.848 (index):1108 END_10
11:51:58.852 (index):1013 NODEACCESSRELEASED_13
11:51:58.854 (index):1108 END_5
11:51:58.855 (index):1108 END_12
11:52:00.853 (index):1074 NODEACCESSREQUESTED_13
11:52:02.843 (index):1038 UPDATE_13
11:52:03.843 (index):1108 END_13
