11:57:55.856 (index):1535 Tasks: 25; Collaborators: 18    =========================>
11:57:55.858 (index):1068 ATTRIBUTEACCESSREQUESTED_0
11:57:55.860 (index):1074 NODEACCESSREQUESTED_1
11:57:55.862 (index):1074 NODEACCESSREQUESTED_2
11:57:55.863 (index):1068 ATTRIBUTEACCESSREQUESTED_3
11:57:55.865 (index):1068 ATTRIBUTEACCESSREQUESTED_4
11:57:55.866 (index):1074 NODEACCESSREQUESTED_5
11:57:55.868 (index):1074 NODEACCESSREQUESTED_6
11:57:55.870 (index):1068 ATTRIBUTEACCESSREQUESTED_7
11:57:55.871 (index):1074 NODEACCESSREQUESTED_8
11:57:55.872 (index):1074 NODEACCESSREQUESTED_9
11:57:55.873 (index):1074 NODEACCESSREQUESTED_10
11:57:55.875 (index):1074 NODEACCESSREQUESTED_11
11:57:55.876 (index):1074 NODEACCESSREQUESTED_12
11:57:55.877 (index):1074 NODEACCESSREQUESTED_13
11:57:55.878 (index):1074 NODEACCESSREQUESTED_14
11:57:55.879 (index):1074 NODEACCESSREQUESTED_15
11:57:55.880 (index):1074 NODEACCESSREQUESTED_16
11:57:55.881 (index):1074 NODEACCESSREQUESTED_17
11:57:57.839 (index):1029 THINKING_0
11:57:57.841 (index):1029 THINKING_1
11:57:57.842 (index):1013 NODEACCESSRELEASED_2
11:57:57.844 (index):1017 ATTRIBUTEACCESSRELEASED_3
11:57:57.847 (index):1017 ATTRIBUTEACCESSRELEASED_4
11:57:57.848 (index):1013 NODEACCESSRELEASED_5
11:57:57.849 (index):1029 THINKING_6
11:57:57.850 (index):1017 ATTRIBUTEACCESSRELEASED_7
11:57:57.852 (index):1029 THINKING_8
11:57:57.853 (index):1013 NODEACCESSRELEASED_9
11:57:57.854 (index):1013 NODEACCESSRELEASED_10
11:57:57.855 (index):1029 THINKING_11
11:57:57.857 (index):1013 NODEACCESSRELEASED_12
11:57:57.858 (index):1029 THINKING_13
11:57:57.859 (index):1029 THINKING_14
11:57:57.860 (index):1029 THINKING_15
11:57:57.861 (index):1097 WAITING_16
11:57:57.863 (index):1097 WAITING_17
11:57:58.851 (index):1074 NODEACCESSREQUESTED_2
11:57:58.853 (index):1068 ATTRIBUTEACCESSREQUESTED_3
11:57:58.855 (index):1068 ATTRIBUTEACCESSREQUESTED_4
11:57:58.857 (index):1074 NODEACCESSREQUESTED_5
11:57:59.853 (index):1068 ATTRIBUTEACCESSREQUESTED_7
11:57:59.855 (index):1074 NODEACCESSREQUESTED_9
11:57:59.857 (index):1074 NODEACCESSREQUESTED_10
11:57:59.859 (index):1074 NODEACCESSREQUESTED_12
11:57:59.860 (index):1097 WAITING_16
11:57:59.861 (index):1097 WAITING_17
11:58:00.853 (index):1038 UPDATE_2
11:58:00.855 (index):1041 UPDATE_3
11:58:00.856 (index):1041 UPDATE_4
11:58:00.858 (index):1038 UPDATE_5
11:58:00.859 (index):1038 UPDATE_8
11:58:00.861 (index):1038 UPDATE_11
11:58:00.862 (index):1038 UPDATE_6
11:58:00.863 (index):1038 UPDATE_1
11:58:01.855 (index):1041 UPDATE_7
11:58:01.856 (index):1038 UPDATE_9
11:58:01.857 (index):1038 UPDATE_10
11:58:01.859 (index):1038 UPDATE_12
11:58:01.860 (index):1097 WAITING_16
11:58:01.862 (index):1097 WAITING_17
11:58:01.863 (index):1013 NODEACCESSRELEASED_2
11:58:01.865 (index):1017 ATTRIBUTEACCESSRELEASED_3
11:58:01.866 (index):1017 ATTRIBUTEACCESSRELEASED_4
11:58:01.868 (index):1029 THINKING_5
11:58:01.869 (index):1029 THINKING_8
11:58:01.870 (index):1029 THINKING_11
11:58:01.872 (index):1013 NODEACCESSRELEASED_6
11:58:01.873 (index):1013 NODEACCESSRELEASED_1
11:58:01.875 (index):1038 UPDATE_15
11:58:02.853 (index):1017 ATTRIBUTEACCESSRELEASED_7
11:58:02.855 (index):1029 THINKING_9
11:58:02.857 (index):1029 THINKING_10
11:58:02.858 (index):1013 NODEACCESSRELEASED_12
11:58:02.860 (index):1013 NODEACCESSRELEASED_15
11:58:02.861 (index):1038 UPDATE_13
11:58:02.863 (index):1041 UPDATE_0
11:58:02.864 (index):1038 UPDATE_14
11:58:03.843 (index):1097 WAITING_16
11:58:03.845 (index):1097 WAITING_17
11:58:03.847 (index):1074 NODEACCESSREQUESTED_2
11:58:03.848 (index):1074 NODEACCESSREQUESTED_3
11:58:03.850 (index):1074 NODEACCESSREQUESTED_4
11:58:03.851 (index):1068 ATTRIBUTEACCESSREQUESTED_6
11:58:03.853 (index):1074 NODEACCESSREQUESTED_1
11:58:03.854 (index):1013 NODEACCESSRELEASED_13
11:58:03.856 (index):1017 ATTRIBUTEACCESSRELEASED_0
11:58:03.858 (index):1013 NODEACCESSRELEASED_14
11:58:04.843 (index):1074 NODEACCESSREQUESTED_7
11:58:04.846 (index):1074 NODEACCESSREQUESTED_12
11:58:04.850 (index):1074 NODEACCESSREQUESTED_15
11:58:04.852 (index):1038 UPDATE_5
11:58:05.849 (index):1097 WAITING_16
11:58:05.853 (index):1097 WAITING_17
11:58:05.856 (index):1038 UPDATE_2
11:58:05.860 (index):1038 UPDATE_3
11:58:05.862 (index):1038 UPDATE_4
11:58:05.864 (index):1041 UPDATE_6
11:58:05.865 (index):1038 UPDATE_1
11:58:05.867 (index):1068 ATTRIBUTEACCESSREQUESTED_13
11:58:05.868 (index):1068 ATTRIBUTEACCESSREQUESTED_0
11:58:05.870 (index):1074 NODEACCESSREQUESTED_14
11:58:05.872 (index):1038 UPDATE_10
11:58:05.873 (index):1013 NODEACCESSRELEASED_5
11:58:05.874 (index):1038 UPDATE_11
11:58:05.876 (index):1038 UPDATE_7
11:58:06.850 (index):1038 UPDATE_12
11:58:06.853 (index):1038 UPDATE_15
11:58:06.857 (index):1013 NODEACCESSRELEASED_2
11:58:06.860 (index):1029 THINKING_3
11:58:06.865 (index):1013 NODEACCESSRELEASED_4
11:58:06.867 (index):1017 ATTRIBUTEACCESSRELEASED_6
11:58:06.869 (index):1029 THINKING_1
11:58:06.872 (index):1013 NODEACCESSRELEASED_10
11:58:06.874 (index):1013 NODEACCESSRELEASED_11
11:58:06.876 (index):1013 NODEACCESSRELEASED_7
11:58:06.877 (index):1038 UPDATE_8
11:58:07.851 (index):1097 WAITING_16
11:58:07.856 (index):1097 WAITING_17
11:58:07.858 (index):1041 UPDATE_13
11:58:07.859 (index):1041 UPDATE_0
11:58:07.861 (index):1097 WAITING_14
11:58:07.862 (index):1074 NODEACCESSREQUESTED_5
11:58:07.863 (index):1013 NODEACCESSRELEASED_12
11:58:07.864 (index):1013 NODEACCESSRELEASED_15
11:58:07.865 (index):1013 NODEACCESSRELEASED_8
11:58:07.866 (index):1038 UPDATE_9
11:58:08.853 (index):1068 ATTRIBUTEACCESSREQUESTED_2
11:58:08.855 (index):1068 ATTRIBUTEACCESSREQUESTED_4
11:58:08.857 (index):1074 NODEACCESSREQUESTED_6
11:58:08.859 (index):1074 NODEACCESSREQUESTED_10
11:58:08.862 (index):1074 NODEACCESSREQUESTED_11
11:58:08.864 (index):1074 NODEACCESSREQUESTED_7
11:58:08.865 (index):1017 ATTRIBUTEACCESSRELEASED_13
11:58:08.867 (index):1017 ATTRIBUTEACCESSRELEASED_0
11:58:08.868 (index):1029 THINKING_9
11:58:09.854 (index):1097 WAITING_16
11:58:09.857 (index):1097 WAITING_17
11:58:09.859 (index):1097 WAITING_14
11:58:09.861 (index):1038 UPDATE_5
11:58:09.862 (index):1068 ATTRIBUTEACCESSREQUESTED_12
11:58:09.864 (index):1068 ATTRIBUTEACCESSREQUESTED_15
11:58:09.865 (index):1068 ATTRIBUTEACCESSREQUESTED_8
11:58:10.844 (index):1041 UPDATE_2
11:58:10.858 (index):1041 UPDATE_4
11:58:10.863 (index):1038 UPDATE_6
11:58:10.871 (index):1038 UPDATE_10
11:58:10.873 (index):1038 UPDATE_11
11:58:10.875 (index):1038 UPDATE_7
11:58:10.876 (index):1068 ATTRIBUTEACCESSREQUESTED_13
11:58:10.878 (index):1074 NODEACCESSREQUESTED_0
11:58:10.879 (index):1029 THINKING_5
11:58:10.880 (index):1038 UPDATE_1
11:58:11.845 (index):1097 WAITING_16
11:58:11.848 (index):1097 WAITING_17
11:58:11.849 (index):1097 WAITING_14
11:58:11.851 (index):1097 WAITING_12
11:58:11.853 (index):1041 UPDATE_15
11:58:11.854 (index):1041 UPDATE_8
11:58:11.855 (index):1029 THINKING_2
11:58:11.856 (index):1017 ATTRIBUTEACCESSRELEASED_4
11:58:11.857 (index):1013 NODEACCESSRELEASED_6
11:58:11.858 (index):1029 THINKING_10
11:58:11.859 (index):1013 NODEACCESSRELEASED_11
11:58:11.861 (index):1029 THINKING_7
11:58:11.862 (index):1038 UPDATE_3
11:58:11.863 (index):1029 THINKING_1
11:58:11.864 (index):1038 UPDATE_9
11:58:12.847 (index):1097 WAITING_13
11:58:12.855 (index):1038 UPDATE_0
11:58:12.859 (index):1029 THINKING_15
11:58:12.863 (index):1029 THINKING_8
11:58:12.866 (index):1013 NODEACCESSRELEASED_3
11:58:12.869 (index):1013 NODEACCESSRELEASED_9
11:58:13.848 (index):1097 WAITING_16
11:58:13.851 (index):1097 WAITING_17
11:58:13.853 (index):1097 WAITING_14
11:58:13.855 (index):1041 UPDATE_12
11:58:13.857 (index):1074 NODEACCESSREQUESTED_4
11:58:13.859 (index):1074 NODEACCESSREQUESTED_6
11:58:13.860 (index):1074 NODEACCESSREQUESTED_11
11:58:13.861 (index):1029 THINKING_0
11:58:14.849 (index):1097 WAITING_13
11:58:14.853 (index):1068 ATTRIBUTEACCESSREQUESTED_3
11:58:14.856 (index):1068 ATTRIBUTEACCESSREQUESTED_9
11:58:14.860 (index):1029 THINKING_12
11:58:14.864 (index):1038 UPDATE_5
11:58:14.868 (index):1038 UPDATE_7
11:58:14.870 (index):1041 UPDATE_2
11:58:14.872 (index):1038 UPDATE_10
11:58:15.848 (index):1097 WAITING_16
11:58:15.852 (index):1097 WAITING_17
11:58:15.854 (index):1097 WAITING_14
11:58:15.855 (index):1038 UPDATE_4
11:58:15.856 (index):1038 UPDATE_6
11:58:15.857 (index):1038 UPDATE_11
11:58:15.859 (index):1013 NODEACCESSRELEASED_5
11:58:15.861 (index):1013 NODEACCESSRELEASED_7
11:58:15.862 (index):1017 ATTRIBUTEACCESSRELEASED_2
11:58:15.863 (index):1013 NODEACCESSRELEASED_10
11:58:16.849 (index):1097 WAITING_13
11:58:16.853 (index):1097 WAITING_3
11:58:16.855 (index):1097 WAITING_9
11:58:16.856 (index):1013 NODEACCESSRELEASED_4
11:58:16.857 (index):1013 NODEACCESSRELEASED_6
11:58:16.858 (index):1013 NODEACCESSRELEASED_11
11:58:16.859 (index):1038 UPDATE_1
11:58:16.860 (index):1038 UPDATE_0
11:58:17.851 (index):1097 WAITING_16
11:58:17.853 (index):1097 WAITING_17
11:58:17.854 (index):1097 WAITING_14
11:58:17.855 (index):1068 ATTRIBUTEACCESSREQUESTED_5
11:58:17.856 (index):1068 ATTRIBUTEACCESSREQUESTED_7
11:58:17.858 (index):1068 ATTRIBUTEACCESSREQUESTED_2
11:58:17.859 (index):1074 NODEACCESSREQUESTED_10
11:58:17.860 (index):1013 NODEACCESSRELEASED_1
11:58:17.861 (index):1029 THINKING_0
11:58:17.862 (index):1041 UPDATE_15
11:58:17.863 (index):1041 UPDATE_8
11:58:18.841 (index):1097 WAITING_13
11:58:18.845 (index):1097 WAITING_3
11:58:18.850 (index):1097 WAITING_9
11:58:18.854 (index):1068 ATTRIBUTEACCESSREQUESTED_4
11:58:18.858 (index):1074 NODEACCESSREQUESTED_6
11:58:18.860 (index):1074 NODEACCESSREQUESTED_11
11:58:18.862 (index):1029 THINKING_15
11:58:18.864 (index):1017 ATTRIBUTEACCESSRELEASED_8
11:58:19.845 (index):1097 WAITING_16
11:58:19.850 (index):1097 WAITING_17
11:58:19.852 (index):1097 WAITING_14
11:58:19.856 (index):1041 UPDATE_5
11:58:19.859 (index):1097 WAITING_7
11:58:19.862 (index):1041 UPDATE_2
11:58:19.865 (index):1038 UPDATE_10
11:58:19.867 (index):1074 NODEACCESSREQUESTED_1
11:58:19.869 (index):1041 UPDATE_12
11:58:20.849 (index):1097 WAITING_13
11:58:20.853 (index):1041 UPDATE_3
11:58:20.856 (index):1097 WAITING_9
11:58:20.860 (index):1097 WAITING_4
11:58:20.863 (index):1038 UPDATE_6
11:58:20.868 (index):1038 UPDATE_11
11:58:20.870 (index):1068 ATTRIBUTEACCESSREQUESTED_8
11:58:20.872 (index):1029 THINKING_5
11:58:20.874 (index):1017 ATTRIBUTEACCESSRELEASED_2
11:58:20.876 (index):1029 THINKING_10
11:58:20.878 (index):1017 ATTRIBUTEACCESSRELEASED_12
11:58:21.849 (index):1097 WAITING_16
11:58:21.852 (index):1097 WAITING_17
11:58:21.855 (index):1097 WAITING_14
11:58:21.856 (index):1041 UPDATE_7
11:58:21.857 (index):1038 UPDATE_1
11:58:21.859 (index):1017 ATTRIBUTEACCESSRELEASED_3
11:58:21.860 (index):1013 NODEACCESSRELEASED_6
11:58:21.861 (index):1029 THINKING_11
11:58:21.862 (index):1041 UPDATE_15
11:58:22.859 (index):1097 WAITING_13
11:58:22.865 (index):1097 WAITING_9
11:58:22.872 (index):1097 WAITING_4
11:58:22.878 (index):1041 UPDATE_8
11:58:22.883 (index):1074 NODEACCESSREQUESTED_2
11:58:22.885 (index):1068 ATTRIBUTEACCESSREQUESTED_12
11:58:22.888 (index):1029 THINKING_7
11:58:22.890 (index):1029 THINKING_1
11:58:22.892 (index):1017 ATTRIBUTEACCESSRELEASED_15
11:58:22.895 (index):1038 UPDATE_0
11:58:22.897 (index):1097 WAITING_16
11:58:22.898 (index):1097 WAITING_17
11:58:22.899 (index):1097 WAITING_14
11:58:23.851 (index):1074 NODEACCESSREQUESTED_3
11:58:23.855 (index):1068 ATTRIBUTEACCESSREQUESTED_6
11:58:23.859 (index):1017 ATTRIBUTEACCESSRELEASED_8
11:58:23.864 (index):1013 NODEACCESSRELEASED_0
11:58:24.852 (index):1041 UPDATE_13
11:58:24.854 (index):1097 WAITING_9
11:58:24.856 (index):1097 WAITING_4
11:58:24.858 (index):1038 UPDATE_2
11:58:24.860 (index):1041 UPDATE_12
11:58:24.862 (index):1074 NODEACCESSREQUESTED_15
11:58:24.863 (index):1097 WAITING_16
11:58:24.865 (index):1097 WAITING_17
11:58:24.866 (index):1097 WAITING_14
11:58:25.840 (index):1038 UPDATE_3
11:58:25.843 (index):1041 UPDATE_6
11:58:25.845 (index):1074 NODEACCESSREQUESTED_8
11:58:25.847 (index):1074 NODEACCESSREQUESTED_0
11:58:25.849 (index):1017 ATTRIBUTEACCESSRELEASED_13
11:58:25.851 (index):1029 THINKING_2
11:58:25.853 (index):1017 ATTRIBUTEACCESSRELEASED_12
11:58:25.854 (index):1038 UPDATE_1
11:58:25.856 (index):1041 UPDATE_5
11:58:25.858 (index):1038 UPDATE_10
11:58:26.842 (index):1041 UPDATE_9
11:58:26.844 (index):1097 WAITING_4
11:58:26.847 (index):1038 UPDATE_15
11:58:26.849 (index):1097 WAITING_16
11:58:26.851 (index):1097 WAITING_17
11:58:26.853 (index):1097 WAITING_14
11:58:26.855 (index):1013 NODEACCESSRELEASED_3
11:58:26.856 (index):1029 THINKING_6
11:58:26.859 (index):1013 NODEACCESSRELEASED_1
11:58:26.860 (index):1029 THINKING_5
11:58:26.862 (index):1013 NODEACCESSRELEASED_10
11:58:26.864 (index):1038 UPDATE_11
11:58:27.846 (index):1038 UPDATE_8
11:58:27.849 (index):1038 UPDATE_0
11:58:27.851 (index):1068 ATTRIBUTEACCESSREQUESTED_13
11:58:27.852 (index):1068 ATTRIBUTEACCESSREQUESTED_12
11:58:27.853 (index):1017 ATTRIBUTEACCESSRELEASED_9
11:58:27.854 (index):1029 THINKING_15
11:58:27.856 (index):1013 NODEACCESSRELEASED_11
11:58:27.857 (index):1041 UPDATE_7
11:58:28.844 (index):1041 UPDATE_4
11:58:28.848 (index):1097 WAITING_16
11:58:28.853 (index):1097 WAITING_17
11:58:28.857 (index):1097 WAITING_14
11:58:28.861 (index):1074 NODEACCESSREQUESTED_3
11:58:28.866 (index):1074 NODEACCESSREQUESTED_1
11:58:28.870 (index):1074 NODEACCESSREQUESTED_10
11:58:28.873 (index):1029 THINKING_8
11:58:28.876 (index):1029 THINKING_0
11:58:28.879 (index):1017 ATTRIBUTEACCESSRELEASED_7
11:58:28.880 (index):1038 UPDATE_2
11:58:29.850 (index):1097 WAITING_13
11:58:29.855 (index):1097 WAITING_12
11:58:29.857 (index):1068 ATTRIBUTEACCESSREQUESTED_9
11:58:29.859 (index):1068 ATTRIBUTEACCESSREQUESTED_11
11:58:29.861 (index):1041 UPDATE_5
11:58:29.861 (index):1029 THINKING_4
11:58:29.862 (index):1029 THINKING_2
11:58:29.863 (index):1041 UPDATE_6
11:58:30.852 (index):1097 WAITING_16
11:58:30.855 (index):1097 WAITING_17
11:58:30.856 (index):1097 WAITING_14
11:58:30.857 (index):1038 UPDATE_3
11:58:30.859 (index):1038 UPDATE_1
11:58:30.860 (index):1038 UPDATE_10
11:58:30.860 (index):1074 NODEACCESSREQUESTED_7
11:58:30.861 (index):1017 ATTRIBUTEACCESSRELEASED_5
11:58:30.862 (index):1029 THINKING_6
11:58:30.863 (index):1038 UPDATE_15
11:58:31.840 (index):1097 WAITING_13
11:58:31.842 (index):1097 WAITING_12
11:58:31.844 (index):1041 UPDATE_9
11:58:31.845 (index):1097 WAITING_11
11:58:31.846 (index):1013 NODEACCESSRELEASED_3
11:58:31.847 (index):1029 THINKING_1
11:58:31.848 (index):1029 THINKING_10
11:58:31.849 (index):1029 THINKING_15
11:58:31.850 (index):1038 UPDATE_0
11:58:32.842 (index):1097 WAITING_16
11:58:32.843 (index):1097 WAITING_17
11:58:32.845 (index):1097 WAITING_14
11:58:32.847 (index):1038 UPDATE_7
11:58:32.848 (index):1074 NODEACCESSREQUESTED_5
11:58:32.849 (index):1017 ATTRIBUTEACCESSRELEASED_9
11:58:32.852 (index):1013 NODEACCESSRELEASED_0
11:58:32.853 (index):1038 UPDATE_2
11:58:32.854 (index):1038 UPDATE_8
11:58:32.855 (index):1041 UPDATE_4
11:58:33.840 (index):1097 WAITING_13
11:58:33.842 (index):1097 WAITING_12
11:58:33.845 (index):1097 WAITING_11
11:58:33.848 (index):1074 NODEACCESSREQUESTED_3
11:58:33.851 (index):1013 NODEACCESSRELEASED_7
11:58:33.854 (index):1029 THINKING_2
11:58:33.855 (index):1013 NODEACCESSRELEASED_8
11:58:33.856 (index):1017 ATTRIBUTEACCESSRELEASED_4
11:58:33.857 (index):1041 UPDATE_6
11:58:34.846 (index):1097 WAITING_16
11:58:34.850 (index):1097 WAITING_17
11:58:34.852 (index):1097 WAITING_14
11:58:34.853 (index):1038 UPDATE_5
11:58:34.856 (index):1074 NODEACCESSREQUESTED_9
11:58:34.858 (index):1074 NODEACCESSREQUESTED_0
11:58:34.859 (index):1017 ATTRIBUTEACCESSRELEASED_6
11:58:34.860 (index):1038 UPDATE_15
11:58:34.861 (index):1038 UPDATE_1
11:58:34.863 (index):1041 UPDATE_13
11:58:34.864 (index):1041 UPDATE_12
11:58:35.847 (index):1097 WAITING_11
11:58:35.851 (index):1038 UPDATE_3
11:58:35.852 (index):1074 NODEACCESSREQUESTED_7
11:58:35.853 (index):1074 NODEACCESSREQUESTED_8
11:58:35.854 (index):1068 ATTRIBUTEACCESSREQUESTED_4
11:58:35.856 (index):1029 THINKING_5
11:58:35.857 (index):1013 NODEACCESSRELEASED_15
11:58:35.858 (index):1029 THINKING_1
11:58:35.859 (index):1017 ATTRIBUTEACCESSRELEASED_13
11:58:35.860 (index):1017 ATTRIBUTEACCESSRELEASED_12
11:58:35.861 (index):1038 UPDATE_10
11:58:36.849 (index):1097 WAITING_16
11:58:36.852 (index):1097 WAITING_17
11:58:36.854 (index):1097 WAITING_14
11:58:36.855 (index):1038 UPDATE_9
11:58:36.857 (index):1038 UPDATE_0
11:58:36.858 (index):1074 NODEACCESSREQUESTED_6
11:58:36.859 (index):1013 NODEACCESSRELEASED_3
11:58:36.860 (index):1013 NODEACCESSRELEASED_10
11:58:37.850 (index):1041 UPDATE_11
11:58:37.853 (index):1038 UPDATE_7
11:58:37.855 (index):1038 UPDATE_8
11:58:37.856 (index):1097 WAITING_4
11:58:37.857 (index):1068 ATTRIBUTEACCESSREQUESTED_15
11:58:37.858 (index):1074 NODEACCESSREQUESTED_13
11:58:37.859 (index):1068 ATTRIBUTEACCESSREQUESTED_12
11:58:37.860 (index):1029 THINKING_9
11:58:37.861 (index):1013 NODEACCESSRELEASED_0
11:58:38.851 (index):1097 WAITING_16
11:58:38.856 (index):1097 WAITING_17
11:58:38.858 (index):1097 WAITING_14
11:58:38.859 (index):1038 UPDATE_6
11:58:38.861 (index):1074 NODEACCESSREQUESTED_3
11:58:38.862 (index):1074 NODEACCESSREQUESTED_10
11:58:38.863 (index):1017 ATTRIBUTEACCESSRELEASED_11
11:58:38.864 (index):1013 NODEACCESSRELEASED_7
11:58:38.865 (index):1013 NODEACCESSRELEASED_8
11:58:38.866 (index):1038 UPDATE_2
11:58:39.854 (index):1041 UPDATE_4
11:58:39.856 (index):1041 UPDATE_15
11:58:39.859 (index):1038 UPDATE_13
11:58:39.862 (index):1041 UPDATE_12
11:58:39.862 (index):1074 NODEACCESSREQUESTED_0
11:58:39.863 (index):1013 NODEACCESSRELEASED_6
11:58:39.864 (index):1013 NODEACCESSRELEASED_2
11:58:40.840 (index):1097 WAITING_16
11:58:40.844 (index):1097 WAITING_17
11:58:40.846 (index):1097 WAITING_14
11:58:40.847 (index):1038 UPDATE_3
11:58:40.848 (index):1038 UPDATE_10
11:58:40.849 (index):1068 ATTRIBUTEACCESSREQUESTED_11
11:58:40.851 (index):1068 ATTRIBUTEACCESSREQUESTED_7
11:58:40.852 (index):1074 NODEACCESSREQUESTED_8
11:58:40.853 (index):1029 THINKING_4
11:58:40.854 (index):1029 THINKING_15
11:58:40.855 (index):1013 NODEACCESSRELEASED_13
11:58:40.857 (index):1017 ATTRIBUTEACCESSRELEASED_12
11:58:40.858 (index):1038 UPDATE_1
11:58:40.859 (index):1038 UPDATE_5
11:58:41.842 (index):1038 UPDATE_0
11:58:41.845 (index):1074 NODEACCESSREQUESTED_6
11:58:41.846 (index):1074 NODEACCESSREQUESTED_2
11:58:41.847 (index):1029 THINKING_3
11:58:41.848 (index):1029 THINKING_10
11:58:41.849 (index):1029 THINKING_1
11:58:41.850 (index):1013 NODEACCESSRELEASED_5
11:58:41.851 (index):1038 UPDATE_9
11:58:42.843 (index):1097 WAITING_16
11:58:42.847 (index):1097 WAITING_17
11:58:42.848 (index):1097 WAITING_14
11:58:42.849 (index):1041 UPDATE_11
11:58:42.851 (index):1041 UPDATE_7
11:58:42.851 (index):1038 UPDATE_8
11:58:42.853 (index):1068 ATTRIBUTEACCESSREQUESTED_13
11:58:42.854 (index):1068 ATTRIBUTEACCESSREQUESTED_12
11:58:42.856 (index):1029 THINKING_0
11:58:42.857 (index):1013 NODEACCESSRELEASED_9
11:58:43.844 (index):1038 UPDATE_6
11:58:43.846 (index):1038 UPDATE_2
11:58:43.849 (index):1074 NODEACCESSREQUESTED_5
11:58:43.850 (index):1017 ATTRIBUTEACCESSRELEASED_11
11:58:43.851 (index):1017 ATTRIBUTEACCESSRELEASED_7
11:58:43.852 (index):1013 NODEACCESSRELEASED_8
11:58:44.845 (index):1097 WAITING_16
11:58:44.850 (index):1097 WAITING_17
11:58:44.851 (index):1097 WAITING_14
11:58:44.852 (index):1041 UPDATE_13
11:58:44.853 (index):1097 WAITING_12
11:58:44.854 (index):1074 NODEACCESSREQUESTED_9
11:58:44.855 (index):1013 NODEACCESSRELEASED_6
11:58:44.858 (index):1013 NODEACCESSRELEASED_2
11:58:44.860 (index):1038 UPDATE_3
11:58:45.847 (index):1038 UPDATE_5
11:58:45.850 (index):1074 NODEACCESSREQUESTED_11
11:58:45.851 (index):1074 NODEACCESSREQUESTED_7
11:58:45.852 (index):1074 NODEACCESSREQUESTED_8
11:58:45.853 (index):1017 ATTRIBUTEACCESSRELEASED_13
11:58:45.854 (index):1013 NODEACCESSRELEASED_3
11:58:45.855 (index):1041 UPDATE_4
11:58:45.856 (index):1041 UPDATE_15
11:58:46.851 (index):1097 WAITING_16
11:58:46.855 (index):1097 WAITING_17
11:58:46.857 (index):1097 WAITING_14
11:58:46.858 (index):1041 UPDATE_12
11:58:46.859 (index):1038 UPDATE_9
11:58:46.860 (index):1068 ATTRIBUTEACCESSREQUESTED_6
11:58:46.861 (index):1074 NODEACCESSREQUESTED_2
11:58:46.863 (index):1013 NODEACCESSRELEASED_5
11:58:46.865 (index):1029 THINKING_4
11:58:46.866 (index):1017 ATTRIBUTEACCESSRELEASED_15
11:58:46.867 (index):1038 UPDATE_1
11:58:46.867 (index):1038 UPDATE_10
11:58:46.868 (index):1038 UPDATE_0
11:58:46.869 (index):1038 UPDATE_11
11:58:47.851 (index):1038 UPDATE_7
11:58:47.853 (index):1038 UPDATE_8
11:58:47.854 (index):1068 ATTRIBUTEACCESSREQUESTED_13
11:58:47.856 (index):1068 ATTRIBUTEACCESSREQUESTED_3
11:58:47.858 (index):1017 ATTRIBUTEACCESSRELEASED_12
11:58:47.860 (index):1013 NODEACCESSRELEASED_9
11:58:47.861 (index):1013 NODEACCESSRELEASED_1
11:58:47.863 (index):1013 NODEACCESSRELEASED_10
11:58:47.865 (index):1013 NODEACCESSRELEASED_0
11:58:47.866 (index):1029 THINKING_11
11:58:48.853 (index):1097 WAITING_16
11:58:48.854 (index):1097 WAITING_17
11:58:48.855 (index):1097 WAITING_14
11:58:48.857 (index):1097 WAITING_6
11:58:48.858 (index):1038 UPDATE_2
11:58:48.860 (index):1074 NODEACCESSREQUESTED_5
11:58:48.861 (index):1074 NODEACCESSREQUESTED_15
11:58:48.862 (index):1013 NODEACCESSRELEASED_7
11:58:48.863 (index):1013 NODEACCESSRELEASED_8
11:58:49.854 (index):1041 UPDATE_13
11:58:49.857 (index):1041 UPDATE_3
11:58:49.858 (index):1074 NODEACCESSREQUESTED_12
11:58:49.859 (index):1068 ATTRIBUTEACCESSREQUESTED_9
11:58:49.860 (index):1074 NODEACCESSREQUESTED_1
11:58:49.861 (index):1068 ATTRIBUTEACCESSREQUESTED_10
11:58:49.862 (index):1068 ATTRIBUTEACCESSREQUESTED_0
11:58:49.863 (index):1013 NODEACCESSRELEASED_2
11:58:50.840 (index):1097 WAITING_16
11:58:50.843 (index):1097 WAITING_17
11:58:50.845 (index):1097 WAITING_14
11:58:50.847 (index):1097 WAITING_6
11:58:50.848 (index):1038 UPDATE_5
11:58:50.849 (index):1038 UPDATE_15
11:58:50.850 (index):1068 ATTRIBUTEACCESSREQUESTED_7
11:58:50.851 (index):1074 NODEACCESSREQUESTED_8
11:58:50.852 (index):1017 ATTRIBUTEACCESSRELEASED_13
11:58:50.853 (index):1017 ATTRIBUTEACCESSRELEASED_3
11:58:50.853 (index):1041 UPDATE_4
11:58:51.858 (index):1038 UPDATE_12
11:58:51.862 (index):1041 UPDATE_9
11:58:51.863 (index):1038 UPDATE_1
11:58:51.864 (index):1041 UPDATE_10
11:58:51.865 (index):1097 WAITING_0
11:58:51.866 (index):1074 NODEACCESSREQUESTED_2
11:58:51.867 (index):1013 NODEACCESSRELEASED_5
11:58:51.868 (index):1029 THINKING_15
11:58:51.870 (index):1029 THINKING_4
11:58:51.871 (index):1038 UPDATE_11
11:58:51.872 (index):1097 WAITING_16
11:58:51.873 (index):1097 WAITING_17
11:58:51.874 (index):1097 WAITING_14
11:58:51.876 (index):1097 WAITING_6
11:58:51.877 (index):1041 UPDATE_7
11:58:51.878 (index):1038 UPDATE_8
11:58:51.879 (index):1074 NODEACCESSREQUESTED_13
11:58:51.880 (index):1068 ATTRIBUTEACCESSREQUESTED_3
11:58:52.861 (index):1013 NODEACCESSRELEASED_12
11:58:52.864 (index):1029 THINKING_9
11:58:52.865 (index):1029 THINKING_1
11:58:52.866 (index):1017 ATTRIBUTEACCESSRELEASED_10
11:58:52.867 (index):1013 NODEACCESSRELEASED_11
11:58:52.868 (index):1029 THINKING_7
11:58:52.869 (index):1013 NODEACCESSRELEASED_8
11:58:53.860 (index):1097 WAITING_0
11:58:53.862 (index):1038 UPDATE_2
11:58:53.864 (index):1074 NODEACCESSREQUESTED_5
11:58:53.865 (index):1097 WAITING_16
11:58:53.866 (index):1097 WAITING_17
11:58:53.867 (index):1097 WAITING_14
11:58:53.868 (index):1097 WAITING_6
11:58:53.869 (index):1038 UPDATE_13
11:58:53.870 (index):1041 UPDATE_3
11:58:54.843 (index):1074 NODEACCESSREQUESTED_12
11:58:54.846 (index):1068 ATTRIBUTEACCESSREQUESTED_10
11:58:54.848 (index):1074 NODEACCESSREQUESTED_11
11:58:54.849 (index):1068 ATTRIBUTEACCESSREQUESTED_8
11:58:54.850 (index):1013 NODEACCESSRELEASED_2
11:58:54.851 (index):1013 NODEACCESSRELEASED_13
11:58:54.852 (index):1029 THINKING_3
11:58:54.853 (index):1041 UPDATE_4
11:58:55.844 (index):1097 WAITING_0
11:58:55.848 (index):1038 UPDATE_5
11:58:55.849 (index):1097 WAITING_16
11:58:55.851 (index):1097 WAITING_17
11:58:55.852 (index):1097 WAITING_14
11:58:55.853 (index):1097 WAITING_6
11:58:55.856 (index):1017 ATTRIBUTEACCESSRELEASED_4
11:58:55.860 (index):1038 UPDATE_1
11:58:55.861 (index):1038 UPDATE_15
11:58:56.846 (index):1038 UPDATE_12
11:58:56.848 (index):1097 WAITING_10
11:58:56.849 (index):1038 UPDATE_11
11:58:56.850 (index):1097 WAITING_8
11:58:56.851 (index):1074 NODEACCESSREQUESTED_2
11:58:56.852 (index):1074 NODEACCESSREQUESTED_13
11:58:56.853 (index):1013 NODEACCESSRELEASED_5
11:58:56.854 (index):1013 NODEACCESSRELEASED_1
11:58:56.856 (index):1013 NODEACCESSRELEASED_15
11:58:56.857 (index):1041 UPDATE_7
11:58:56.858 (index):1041 UPDATE_9
11:58:57.851 (index):1097 WAITING_0
11:58:57.855 (index):1097 WAITING_16
11:58:57.858 (index):1097 WAITING_17
11:58:57.862 (index):1097 WAITING_14
11:58:57.865 (index):1041 UPDATE_6
11:58:57.868 (index):1074 NODEACCESSREQUESTED_4
11:58:57.870 (index):1029 THINKING_12
11:58:57.872 (index):1013 NODEACCESSRELEASED_11
11:58:57.874 (index):1017 ATTRIBUTEACCESSRELEASED_7
11:58:57.875 (index):1017 ATTRIBUTEACCESSRELEASED_9
11:58:57.877 (index):1041 UPDATE_3
11:58:57.878 (index):1041 UPDATE_10
11:58:58.854 (index):1097 WAITING_8
11:58:58.856 (index):1038 UPDATE_2
11:58:58.857 (index):1038 UPDATE_13
11:58:58.858 (index):1074 NODEACCESSREQUESTED_5
11:58:58.860 (index):1074 NODEACCESSREQUESTED_1
11:58:58.861 (index):1074 NODEACCESSREQUESTED_15
11:58:58.862 (index):1017 ATTRIBUTEACCESSRELEASED_6
11:58:58.864 (index):1017 ATTRIBUTEACCESSRELEASED_3
11:58:58.865 (index):1017 ATTRIBUTEACCESSRELEASED_10
11:58:59.854 (index):1041 UPDATE_0
11:58:59.856 (index):1097 WAITING_16
11:58:59.857 (index):1097 WAITING_17
11:58:59.858 (index):1097 WAITING_14
11:58:59.860 (index):1038 UPDATE_4
11:58:59.861 (index):1068 ATTRIBUTEACCESSREQUESTED_11
11:58:59.862 (index):1074 NODEACCESSREQUESTED_7
11:58:59.863 (index):1068 ATTRIBUTEACCESSREQUESTED_9
11:58:59.863 (index):1108 END_2
11:58:59.864 (index):1013 NODEACCESSRELEASED_13
11:59:00.846 (index):1097 WAITING_8
11:59:00.848 (index):1038 UPDATE_5
11:59:00.849 (index):1038 UPDATE_1
11:59:00.850 (index):1038 UPDATE_15
11:59:00.851 (index):1074 NODEACCESSREQUESTED_6
11:59:00.852 (index):1074 NODEACCESSREQUESTED_3
11:59:00.853 (index):1074 NODEACCESSREQUESTED_10
11:59:00.854 (index):1017 ATTRIBUTEACCESSRELEASED_0
11:59:00.855 (index):1013 NODEACCESSRELEASED_4
11:59:01.851 (index):1097 WAITING_16
11:59:01.854 (index):1097 WAITING_17
11:59:01.855 (index):1097 WAITING_14
11:59:01.857 (index):1097 WAITING_11
11:59:01.858 (index):1038 UPDATE_7
11:59:01.859 (index):1041 UPDATE_9
11:59:01.860 (index):1074 NODEACCESSREQUESTED_13
11:59:01.861 (index):1108 END_5
11:59:01.861 (index):1108 END_1
11:59:01.862 (index):1108 END_15
11:59:01.863 (index):1038 UPDATE_12
11:59:01.864 (index):1041 UPDATE_8
11:59:02.852 (index):1038 UPDATE_6
11:59:02.856 (index):1038 UPDATE_3
11:59:02.857 (index):1038 UPDATE_10
11:59:02.859 (index):1074 NODEACCESSREQUESTED_0
11:59:02.860 (index):1074 NODEACCESSREQUESTED_4
11:59:02.861 (index):1108 END_7
11:59:02.863 (index):1017 ATTRIBUTEACCESSRELEASED_9
11:59:02.864 (index):1013 NODEACCESSRELEASED_12
11:59:02.865 (index):1017 ATTRIBUTEACCESSRELEASED_8
11:59:03.847 (index):1097 WAITING_16
11:59:03.851 (index):1097 WAITING_17
11:59:03.854 (index):1097 WAITING_14
11:59:03.857 (index):1041 UPDATE_11
11:59:03.860 (index):1038 UPDATE_13
11:59:03.863 (index):1013 NODEACCESSRELEASED_6
11:59:03.864 (index):1108 END_3
11:59:03.866 (index):1108 END_10
11:59:04.841 (index):1038 UPDATE_0
11:59:04.844 (index):1038 UPDATE_4
11:59:04.846 (index):1074 NODEACCESSREQUESTED_9
11:59:04.849 (index):1068 ATTRIBUTEACCESSREQUESTED_12
11:59:04.850 (index):1074 NODEACCESSREQUESTED_8
11:59:04.851 (index):1029 THINKING_11
11:59:04.852 (index):1013 NODEACCESSRELEASED_13
11:59:05.847 (index):1097 WAITING_16
11:59:05.849 (index):1097 WAITING_17
11:59:05.852 (index):1097 WAITING_14
11:59:05.853 (index):1074 NODEACCESSREQUESTED_6
11:59:05.855 (index):1013 NODEACCESSRELEASED_0
11:59:05.856 (index):1029 THINKING_4
11:59:06.850 (index):1038 UPDATE_9
11:59:06.853 (index):1041 UPDATE_12
11:59:06.855 (index):1038 UPDATE_8
11:59:06.856 (index):1074 NODEACCESSREQUESTED_13
11:59:06.857 (index):1097 WAITING_16
11:59:07.854 (index):1097 WAITING_17
11:59:07.858 (index):1097 WAITING_14
11:59:07.862 (index):1038 UPDATE_6
11:59:07.868 (index):1074 NODEACCESSREQUESTED_0
11:59:07.872 (index):1013 NODEACCESSRELEASED_9
11:59:07.875 (index):1017 ATTRIBUTEACCESSRELEASED_12
11:59:07.876 (index):1108 END_8
11:59:08.840 (index):1038 UPDATE_13
11:59:08.843 (index):1097 WAITING_16
11:59:08.846 (index):1108 END_6
11:59:08.849 (index):1041 UPDATE_11
11:59:09.842 (index):1097 WAITING_17
11:59:09.846 (index):1097 WAITING_14
11:59:09.849 (index):1038 UPDATE_0
11:59:09.852 (index):1074 NODEACCESSREQUESTED_9
11:59:09.856 (index):1068 ATTRIBUTEACCESSREQUESTED_12
11:59:09.859 (index):1013 NODEACCESSRELEASED_13
11:59:09.861 (index):1108 END_11
11:59:10.843 (index):1097 WAITING_16
11:59:10.846 (index):1108 END_0
11:59:10.848 (index):1038 UPDATE_4
11:59:11.844 (index):1097 WAITING_17
11:59:11.848 (index):1097 WAITING_14
11:59:11.849 (index):1038 UPDATE_9
11:59:11.850 (index):1041 UPDATE_12
11:59:11.851 (index):1074 NODEACCESSREQUESTED_13
11:59:11.852 (index):1108 END_4
11:59:12.844 (index):1097 WAITING_16
11:59:12.847 (index):1108 END_9
11:59:12.849 (index):1108 END_12
11:59:13.846 (index):1097 WAITING_17
11:59:13.848 (index):1097 WAITING_14
11:59:13.850 (index):1038 UPDATE_13
11:59:14.849 (index):1097 WAITING_16
11:59:14.852 (index):1013 NODEACCESSRELEASED_13
11:59:14.854 (index):1097 WAITING_17
11:59:15.854 (index):1097 WAITING_14
11:59:15.856 (index):1029 THINKING_16
11:59:16.843 (index):1074 NODEACCESSREQUESTED_13
11:59:16.844 (index):1097 WAITING_17
11:59:17.845 (index):1097 WAITING_14
11:59:17.848 (index):1097 WAITING_13
11:59:17.851 (index):1097 WAITING_17
11:59:18.847 (index):1038 UPDATE_16
11:59:19.840 (index):1097 WAITING_14
11:59:19.842 (index):1097 WAITING_13
11:59:19.843 (index):1097 WAITING_17
11:59:19.845 (index):1013 NODEACCESSRELEASED_16
11:59:20.852 (index):1097 WAITING_14
11:59:20.855 (index):1097 WAITING_13
11:59:20.857 (index):1013 NODEACCESSRELEASED_17
11:59:20.859 (index):1074 NODEACCESSREQUESTED_16
11:59:21.856 (index):1038 UPDATE_14
11:59:22.840 (index):1097 WAITING_13
11:59:22.844 (index):1074 NODEACCESSREQUESTED_17
11:59:22.845 (index):1097 WAITING_16
11:59:22.847 (index):1029 THINKING_14
11:59:24.842 (index):1097 WAITING_13
11:59:24.845 (index):1097 WAITING_17
11:59:24.847 (index):1097 WAITING_16
11:59:26.847 (index):1097 WAITING_13
11:59:26.851 (index):1097 WAITING_17
11:59:26.854 (index):1038 UPDATE_14
11:59:26.859 (index):1097 WAITING_16
11:59:27.849 (index):1013 NODEACCESSRELEASED_14
11:59:28.850 (index):1038 UPDATE_13
11:59:28.853 (index):1097 WAITING_17
11:59:28.855 (index):1097 WAITING_16
11:59:29.856 (index):1074 NODEACCESSREQUESTED_14
11:59:29.860 (index):1108 END_13
11:59:29.861 (index):1097 WAITING_17
11:59:30.860 (index):1038 UPDATE_16
11:59:30.862 (index):1038 UPDATE_14
11:59:31.858 (index):1097 WAITING_17
11:59:31.862 (index):1013 NODEACCESSRELEASED_16
11:59:31.864 (index):1013 NODEACCESSRELEASED_14
11:59:33.841 (index):1038 UPDATE_17
11:59:33.843 (index):1068 ATTRIBUTEACCESSREQUESTED_16
11:59:33.846 (index):1074 NODEACCESSREQUESTED_14
11:59:34.842 (index):1013 NODEACCESSRELEASED_17
11:59:35.843 (index):1041 UPDATE_16
11:59:35.847 (index):1038 UPDATE_14
11:59:36.844 (index):1074 NODEACCESSREQUESTED_17
11:59:36.848 (index):1017 ATTRIBUTEACCESSRELEASED_16
11:59:36.850 (index):1013 NODEACCESSRELEASED_14
11:59:38.847 (index):1038 UPDATE_17
11:59:38.849 (index):1068 ATTRIBUTEACCESSREQUESTED_16
11:59:38.851 (index):1074 NODEACCESSREQUESTED_14
11:59:39.850 (index):1013 NODEACCESSRELEASED_17
11:59:40.854 (index):1041 UPDATE_16
11:59:40.856 (index):1038 UPDATE_14
11:59:40.859 (index):1074 NODEACCESSREQUESTED_17
11:59:41.839 (index):1029 THINKING_16
11:59:41.841 (index):1013 NODEACCESSRELEASED_14
11:59:42.841 (index):1038 UPDATE_17
11:59:43.844 (index):1074 NODEACCESSREQUESTED_14
11:59:43.849 (index):1013 NODEACCESSRELEASED_17
11:59:45.850 (index):1038 UPDATE_14
11:59:45.852 (index):1068 ATTRIBUTEACCESSREQUESTED_17
11:59:46.854 (index):1041 UPDATE_16
11:59:46.858 (index):1029 THINKING_14
11:59:46.859 (index):1041 UPDATE_17
11:59:47.842 (index):1029 THINKING_16
11:59:47.845 (index):1017 ATTRIBUTEACCESSRELEASED_17
11:59:49.847 (index):1074 NODEACCESSREQUESTED_17
11:59:49.850 (index):1038 UPDATE_14
11:59:50.848 (index):1013 NODEACCESSRELEASED_14
11:59:50.852 (index):1041 UPDATE_16
11:59:51.849 (index):1038 UPDATE_17
11:59:51.852 (index):1029 THINKING_16
11:59:52.850 (index):1074 NODEACCESSREQUESTED_14
11:59:52.854 (index):1029 THINKING_17
11:59:54.858 (index):1038 UPDATE_14
11:59:54.860 (index):1041 UPDATE_16
11:59:55.841 (index):1013 NODEACCESSRELEASED_14
11:59:55.844 (index):1017 ATTRIBUTEACCESSRELEASED_16
11:59:56.843 (index):1038 UPDATE_17
11:59:57.846 (index):1068 ATTRIBUTEACCESSREQUESTED_14
11:59:57.849 (index):1074 NODEACCESSREQUESTED_16
11:59:57.851 (index):1013 NODEACCESSRELEASED_17
11:59:59.850 (index):1041 UPDATE_14
11:59:59.854 (index):1038 UPDATE_16
11:59:59.856 (index):1068 ATTRIBUTEACCESSREQUESTED_17
12:00:00.854 (index):1029 THINKING_14
12:00:00.856 (index):1029 THINKING_16
12:00:01.851 (index):1041 UPDATE_17
12:00:02.855 (index):1017 ATTRIBUTEACCESSRELEASED_17
12:00:04.842 (index):1074 NODEACCESSREQUESTED_17
12:00:04.846 (index):1041 UPDATE_14
12:00:05.847 (index):1029 THINKING_14
12:00:05.849 (index):1038 UPDATE_16
12:00:05.850 (index):1038 UPDATE_17
12:00:06.848 (index):1013 NODEACCESSRELEASED_16
12:00:06.852 (index):1013 NODEACCESSRELEASED_17
12:00:08.851 (index):1074 NODEACCESSREQUESTED_16
12:00:08.855 (index):1074 NODEACCESSREQUESTED_17
12:00:10.840 (index):1038 UPDATE_16
12:00:10.844 (index):1038 UPDATE_17
12:00:10.845 (index):1041 UPDATE_14
12:00:11.842 (index):1029 THINKING_16
12:00:11.846 (index):1029 THINKING_17
12:00:11.849 (index):1017 ATTRIBUTEACCESSRELEASED_14
12:00:13.845 (index):1068 ATTRIBUTEACCESSREQUESTED_14
12:00:14.840 (index):1038 UPDATE_16
12:00:15.839 (index):1041 UPDATE_14
12:00:15.844 (index):1013 NODEACCESSRELEASED_16
12:00:15.847 (index):1038 UPDATE_17
12:00:16.840 (index):1108 END_14
12:00:16.842 (index):1013 NODEACCESSRELEASED_17
12:00:17.839 (index):1074 NODEACCESSREQUESTED_16
12:00:18.840 (index):1074 NODEACCESSREQUESTED_17
12:00:19.839 (index):1038 UPDATE_16
12:00:20.839 (index):1038 UPDATE_17
12:00:20.841 (index):1013 NODEACCESSRELEASED_16
12:00:21.839 (index):1029 THINKING_17
12:00:22.839 (index):1068 ATTRIBUTEACCESSREQUESTED_16
12:00:24.840 (index):1041 UPDATE_16
12:00:25.841 (index):1108 END_16
12:00:25.843 (index):1038 UPDATE_17
12:00:26.840 (index):1029 THINKING_17
12:00:29.840 (index):1038 UPDATE_17
12:00:30.840 (index):1108 END_17
