11:35:04.349 fiddle.jshell.net/:1170 Tasks: 25; Collaborators: 1    =========================>
11:35:04.349 fiddle.jshell.net/:1068 ATTRIBUTEACCESSREQUESTED_0
11:35:06.294 fiddle.jshell.net/:1029 THINKING_0
11:35:10.832 (index):1041 UPDATE_0
11:35:11.833 (index):1017 ATTRIBUTEACCESSRELEASED_0
11:35:13.833 (index):1068 ATTRIBUTEACCESSREQUESTED_0
11:35:15.838 (index):1041 UPDATE_0
11:35:16.840 (index):1017 ATTRIBUTEACCESSRELEASED_0
11:35:18.843 (index):1074 NODEACCESSREQUESTED_0
11:35:20.832 (index):1038 UPDATE_0
11:35:21.832 (index):1029 THINKING_0
11:35:24.840 (index):1038 UPDATE_0
11:35:25.839 (index):1029 THINKING_0
11:35:30.840 (index):1038 UPDATE_0
11:35:31.842 (index):1013 NODEACCESSRELEASED_0
11:35:33.839 (index):1074 NODEACCESSREQUESTED_0
11:35:35.840 (index):1038 UPDATE_0
11:35:36.840 (index):1029 THINKING_0
11:35:39.841 (index):1038 UPDATE_0
11:35:40.840 (index):1013 NODEACCESSRELEASED_0
11:35:42.839 (index):1074 NODEACCESSREQUESTED_0
11:35:44.840 (index):1038 UPDATE_0
11:35:45.841 (index):1013 NODEACCESSRELEASED_0
11:35:47.840 (index):1074 NODEACCESSREQUESTED_0
11:35:49.846 (index):1038 UPDATE_0
11:35:50.849 (index):1029 THINKING_0
11:35:55.851 (index):1038 UPDATE_0
11:35:56.840 (index):1013 NODEACCESSRELEASED_0
11:35:58.847 (index):1068 ATTRIBUTEACCESSREQUESTED_0
11:36:00.851 (index):1041 UPDATE_0
11:36:01.852 (index):1017 ATTRIBUTEACCESSRELEASED_0
11:36:03.854 (index):1074 NODEACCESSREQUESTED_0
11:36:05.845 (index):1038 UPDATE_0
11:36:06.846 (index):1013 NODEACCESSRELEASED_0
11:36:08.842 (index):1074 NODEACCESSREQUESTED_0
11:36:10.848 (index):1038 UPDATE_0
11:36:11.849 (index):1108 END_0
