11:30:55.120 (index):1208 Tasks: 25; Collaborators: 4    =========================>
11:30:55.121 (index):1077 ATTRIBUTEACCESSREQUESTED_0
11:30:55.123 (index):1083 NODEACCESSREQUESTED_1
11:30:55.124 (index):1083 NODEACCESSREQUESTED_2
11:30:55.126 (index):1077 ATTRIBUTEACCESSREQUESTED_3
11:30:56.123 (index):1038 THINKING_0
11:30:56.124 (index):1038 THINKING_1
11:30:56.126 (index):1022 NODEACCESSRELEASED_2
11:30:56.128 (index):1026 ATTRIBUTEACCESSRELEASED_3
11:30:57.128 (index):1083 NODEACCESSREQUESTED_2
11:30:57.129 (index):1077 ATTRIBUTEACCESSREQUESTED_3
11:30:58.129 (index):1047 UPDATE_2
11:30:58.130 (index):1050 UPDATE_3
11:30:58.231 (index):1022 NODEACCESSRELEASED_2
11:30:58.232 (index):1026 ATTRIBUTEACCESSRELEASED_3
11:30:59.071 (index):1047 UPDATE_1
11:30:59.172 (index):1022 NODEACCESSRELEASED_1
11:30:59.232 (index):1083 NODEACCESSREQUESTED_2
11:30:59.233 (index):1083 NODEACCESSREQUESTED_3
11:31:00.173 (index):1083 NODEACCESSREQUESTED_1
11:31:00.233 (index):1047 UPDATE_2
11:31:00.234 (index):1047 UPDATE_3
11:31:00.335 (index):1022 NODEACCESSRELEASED_2
11:31:00.336 (index):1038 THINKING_3
11:31:00.472 (index):1050 UPDATE_0
11:31:00.573 (index):1026 ATTRIBUTEACCESSRELEASED_0
11:31:01.175 (index):1047 UPDATE_1
11:31:01.276 (index):1038 THINKING_1
11:31:01.336 (index):1077 ATTRIBUTEACCESSREQUESTED_2
11:31:01.575 (index):1077 ATTRIBUTEACCESSREQUESTED_0
11:31:02.337 (index):1050 UPDATE_2
11:31:02.439 (index):1038 THINKING_2
11:31:02.576 (index):1050 UPDATE_0
11:31:02.677 (index):1026 ATTRIBUTEACCESSRELEASED_0
11:31:03.679 (index):1083 NODEACCESSREQUESTED_0
11:31:04.453 (index):1047 UPDATE_3
11:31:04.554 (index):1022 NODEACCESSRELEASED_3
11:31:04.680 (index):1047 UPDATE_0
11:31:04.781 (index):1038 THINKING_0
11:31:04.825 (index):1047 UPDATE_1
11:31:04.926 (index):1038 THINKING_1
11:31:05.158 (index):1050 UPDATE_2
11:31:05.259 (index):1026 ATTRIBUTEACCESSRELEASED_2
11:31:05.556 (index):1077 ATTRIBUTEACCESSREQUESTED_3
11:31:06.261 (index):1077 ATTRIBUTEACCESSREQUESTED_2
11:31:06.557 (index):1050 UPDATE_3
11:31:06.659 (index):1026 ATTRIBUTEACCESSRELEASED_3
11:31:07.262 (index):1050 UPDATE_2
11:31:07.352 (index):1047 UPDATE_0
11:31:07.363 (index):1026 ATTRIBUTEACCESSRELEASED_2
11:31:07.453 (index):1038 THINKING_0
11:31:07.660 (index):1083 NODEACCESSREQUESTED_3
11:31:08.364 (index):1083 NODEACCESSREQUESTED_2
11:31:08.661 (index):1047 UPDATE_3
11:31:08.763 (index):1022 NODEACCESSRELEASED_3
11:31:09.320 (index):1047 UPDATE_1
11:31:09.365 (index):1047 UPDATE_2
11:31:09.421 (index):1022 NODEACCESSRELEASED_1
11:31:09.467 (index):1038 THINKING_2
11:31:09.764 (index):1083 NODEACCESSREQUESTED_3
11:31:10.422 (index):1083 NODEACCESSREQUESTED_1
11:31:10.765 (index):1047 UPDATE_3
11:31:10.867 (index):1022 NODEACCESSRELEASED_3
11:31:11.423 (index):1047 UPDATE_1
11:31:11.524 (index):1038 THINKING_1
11:31:11.868 (index):1083 NODEACCESSREQUESTED_3
11:31:12.018 (index):1047 UPDATE_2
11:31:12.119 (index):1038 THINKING_2
11:31:12.395 (index):1047 UPDATE_0
11:31:12.497 (index):1022 NODEACCESSRELEASED_0
11:31:12.869 (index):1047 UPDATE_3
11:31:12.971 (index):1022 NODEACCESSRELEASED_3
11:31:13.498 (index):1083 NODEACCESSREQUESTED_0
11:31:13.835 (index):1047 UPDATE_1
11:31:13.936 (index):1022 NODEACCESSRELEASED_1
11:31:13.972 (index):1083 NODEACCESSREQUESTED_3
11:31:14.346 (index):1047 UPDATE_2
11:31:14.448 (index):1038 THINKING_2
11:31:14.499 (index):1047 UPDATE_0
11:31:14.600 (index):1038 THINKING_0
11:31:14.938 (index):1083 NODEACCESSREQUESTED_1
11:31:14.973 (index):1047 UPDATE_3
11:31:15.074 (index):1038 THINKING_3
11:31:15.939 (index):1047 UPDATE_1
11:31:16.041 (index):1038 THINKING_1
11:31:16.757 (index):1047 UPDATE_0
11:31:16.858 (index):1022 NODEACCESSRELEASED_0
11:31:17.482 (index):1047 UPDATE_3
11:31:17.583 (index):1022 NODEACCESSRELEASED_3
11:31:17.860 (index):1083 NODEACCESSREQUESTED_0
11:31:18.584 (index):1077 ATTRIBUTEACCESSREQUESTED_3
11:31:18.861 (index):1047 UPDATE_0
11:31:18.962 (index):1022 NODEACCESSRELEASED_0
11:31:18.971 (index):1047 UPDATE_1
11:31:19.072 (index):1038 THINKING_1
11:31:19.303 (index):1047 UPDATE_2
11:31:19.404 (index):1022 NODEACCESSRELEASED_2
11:31:19.586 (index):1050 UPDATE_3
11:31:19.687 (index):1026 ATTRIBUTEACCESSRELEASED_3
11:31:19.964 (index):1083 NODEACCESSREQUESTED_0
11:31:20.405 (index):1083 NODEACCESSREQUESTED_2
11:31:20.688 (index):1077 ATTRIBUTEACCESSREQUESTED_3
11:31:20.965 (index):1047 UPDATE_0
11:31:21.066 (index):1038 THINKING_0
11:31:21.407 (index):1047 UPDATE_2
11:31:21.509 (index):1022 NODEACCESSRELEASED_2
11:31:21.690 (index):1050 UPDATE_3
11:31:21.791 (index):1038 THINKING_3
11:31:22.509 (index):1083 NODEACCESSREQUESTED_2
11:31:23.511 (index):1047 UPDATE_2
11:31:23.612 (index):1022 NODEACCESSRELEASED_2
11:31:23.682 (index):1047 UPDATE_1
11:31:23.784 (index):1038 THINKING_1
11:31:24.129 (index):1050 UPDATE_3
11:31:24.231 (index):1026 ATTRIBUTEACCESSRELEASED_3
11:31:24.613 (index):1083 NODEACCESSREQUESTED_2
11:31:25.062 (index):1047 UPDATE_0
11:31:25.163 (index):1022 NODEACCESSRELEASED_0
11:31:25.232 (index):1083 NODEACCESSREQUESTED_3
11:31:25.614 (index):1047 UPDATE_2
11:31:25.715 (index):1022 NODEACCESSRELEASED_2
11:31:26.164 (index):1077 ATTRIBUTEACCESSREQUESTED_0
11:31:26.233 (index):1047 UPDATE_3
11:31:26.333 (index):1117 END_3
11:31:26.717 (index):1083 NODEACCESSREQUESTED_2
11:31:27.166 (index):1050 UPDATE_0
11:31:27.267 (index):1026 ATTRIBUTEACCESSRELEASED_0
11:31:27.718 (index):1047 UPDATE_2
11:31:27.819 (index):1117 END_2
11:31:27.976 (index):1047 UPDATE_1
11:31:28.077 (index):1022 NODEACCESSRELEASED_1
11:31:28.268 (index):1083 NODEACCESSREQUESTED_0
11:31:29.078 (index):1083 NODEACCESSREQUESTED_1
11:31:29.270 (index):1047 UPDATE_0
11:31:29.371 (index):1022 NODEACCESSRELEASED_0
11:31:30.079 (index):1047 UPDATE_1
11:31:30.181 (index):1038 THINKING_1
11:31:30.372 (index):1083 NODEACCESSREQUESTED_0
11:31:31.373 (index):1047 UPDATE_0
11:31:31.474 (index):1117 END_0
11:31:32.359 (index):1047 UPDATE_1
11:31:32.461 (index):1022 NODEACCESSRELEASED_1
11:31:33.462 (index):1083 NODEACCESSREQUESTED_1
11:31:34.463 (index):1047 UPDATE_1
11:31:34.565 (index):1117 END_1
