11:38:17.952 (index):1408 Tasks: 25; Collaborators: 14    =========================>
11:38:17.953 (index):1077 ATTRIBUTEACCESSREQUESTED_0
11:38:17.955 (index):1083 NODEACCESSREQUESTED_1
11:38:17.956 (index):1083 NODEACCESSREQUESTED_2
11:38:17.957 (index):1077 ATTRIBUTEACCESSREQUESTED_3
11:38:17.958 (index):1077 ATTRIBUTEACCESSREQUESTED_4
11:38:17.959 (index):1083 NODEACCESSREQUESTED_5
11:38:17.959 (index):1083 NODEACCESSREQUESTED_6
11:38:17.960 (index):1077 ATTRIBUTEACCESSREQUESTED_7
11:38:17.961 (index):1083 NODEACCESSREQUESTED_8
11:38:17.961 (index):1083 NODEACCESSREQUESTED_9
11:38:17.962 (index):1083 NODEACCESSREQUESTED_10
11:38:17.962 (index):1083 NODEACCESSREQUESTED_11
11:38:17.963 (index):1083 NODEACCESSREQUESTED_12
11:38:17.964 (index):1083 NODEACCESSREQUESTED_13
11:38:18.955 (index):1038 THINKING_0
11:38:18.956 (index):1038 THINKING_1
11:38:18.957 (index):1022 NODEACCESSRELEASED_2
11:38:18.959 (index):1026 ATTRIBUTEACCESSRELEASED_3
11:38:18.960 (index):1026 ATTRIBUTEACCESSRELEASED_4
11:38:18.961 (index):1022 NODEACCESSRELEASED_5
11:38:18.962 (index):1038 THINKING_6
11:38:18.964 (index):1026 ATTRIBUTEACCESSRELEASED_7
11:38:18.965 (index):1038 THINKING_8
11:38:18.966 (index):1022 NODEACCESSRELEASED_9
11:38:18.967 (index):1022 NODEACCESSRELEASED_10
11:38:18.967 (index):1038 THINKING_11
11:38:18.968 (index):1022 NODEACCESSRELEASED_12
11:38:18.969 (index):1038 THINKING_13
11:38:19.959 (index):1083 NODEACCESSREQUESTED_2
11:38:19.960 (index):1077 ATTRIBUTEACCESSREQUESTED_3
11:38:19.961 (index):1077 ATTRIBUTEACCESSREQUESTED_4
11:38:19.963 (index):1083 NODEACCESSREQUESTED_5
11:38:19.965 (index):1077 ATTRIBUTEACCESSREQUESTED_7
11:38:19.967 (index):1083 NODEACCESSREQUESTED_9
11:38:19.968 (index):1083 NODEACCESSREQUESTED_10
11:38:19.970 (index):1083 NODEACCESSREQUESTED_12
11:38:20.960 (index):1047 UPDATE_2
11:38:20.962 (index):1050 UPDATE_3
11:38:20.963 (index):1050 UPDATE_4
11:38:20.964 (index):1047 UPDATE_5
11:38:20.967 (index):1106 WAITING_7
11:38:20.968 (index):1047 UPDATE_9
11:38:20.970 (index):1047 UPDATE_10
11:38:20.972 (index):1047 UPDATE_12
11:38:20.991 (index):1047 UPDATE_8
11:38:21.062 (index):1022 NODEACCESSRELEASED_2
11:38:21.063 (index):1026 ATTRIBUTEACCESSRELEASED_3
11:38:21.064 (index):1026 ATTRIBUTEACCESSRELEASED_4
11:38:21.065 (index):1038 THINKING_5
11:38:21.069 (index):1038 THINKING_9
11:38:21.070 (index):1038 THINKING_10
11:38:21.072 (index):1022 NODEACCESSRELEASED_12
11:38:21.093 (index):1038 THINKING_8
11:38:21.429 (index):1047 UPDATE_11
11:38:21.531 (index):1038 THINKING_11
11:38:21.681 (index):1047 UPDATE_6
11:38:21.782 (index):1022 NODEACCESSRELEASED_6
11:38:21.902 (index):1047 UPDATE_1
11:38:21.968 (index):1050 UPDATE_7
11:38:22.003 (index):1022 NODEACCESSRELEASED_1
11:38:22.063 (index):1083 NODEACCESSREQUESTED_2
11:38:22.064 (index):1083 NODEACCESSREQUESTED_3
11:38:22.065 (index):1083 NODEACCESSREQUESTED_4
11:38:22.069 (index):1026 ATTRIBUTEACCESSRELEASED_7
11:38:22.073 (index):1083 NODEACCESSREQUESTED_12
11:38:22.784 (index):1077 ATTRIBUTEACCESSREQUESTED_6
11:38:23.004 (index):1083 NODEACCESSREQUESTED_1
11:38:23.064 (index):1047 UPDATE_2
11:38:23.065 (index):1047 UPDATE_3
11:38:23.066 (index):1047 UPDATE_4
11:38:23.070 (index):1083 NODEACCESSREQUESTED_7
11:38:23.074 (index):1047 UPDATE_12
11:38:23.122 (index):1047 UPDATE_10
11:38:23.165 (index):1022 NODEACCESSRELEASED_2
11:38:23.166 (index):1038 THINKING_3
11:38:23.167 (index):1022 NODEACCESSRELEASED_4
11:38:23.175 (index):1022 NODEACCESSRELEASED_12
11:38:23.224 (index):1022 NODEACCESSRELEASED_10
11:38:23.244 (index):1047 UPDATE_13
11:38:23.304 (index):1050 UPDATE_0
11:38:23.344 (index):1022 NODEACCESSRELEASED_13
11:38:23.405 (index):1026 ATTRIBUTEACCESSRELEASED_0
11:38:23.480 (index):1047 UPDATE_5
11:38:23.581 (index):1022 NODEACCESSRELEASED_5
11:38:23.785 (index):1050 UPDATE_6
11:38:23.886 (index):1026 ATTRIBUTEACCESSRELEASED_6
11:38:24.006 (index):1106 WAITING_1
11:38:24.071 (index):1106 WAITING_7
11:38:24.167 (index):1077 ATTRIBUTEACCESSREQUESTED_2
11:38:24.168 (index):1077 ATTRIBUTEACCESSREQUESTED_4
11:38:24.176 (index):1077 ATTRIBUTEACCESSREQUESTED_12
11:38:24.225 (index):1083 NODEACCESSREQUESTED_10
11:38:24.346 (index):1077 ATTRIBUTEACCESSREQUESTED_13
11:38:24.406 (index):1077 ATTRIBUTEACCESSREQUESTED_0
11:38:24.582 (index):1083 NODEACCESSREQUESTED_5
11:38:24.827 (index):1047 UPDATE_11
11:38:24.888 (index):1083 NODEACCESSREQUESTED_6
11:38:24.929 (index):1022 NODEACCESSRELEASED_11
11:38:25.007 (index):1106 WAITING_1
11:38:25.072 (index):1106 WAITING_7
11:38:25.168 (index):1050 UPDATE_2
11:38:25.170 (index):1050 UPDATE_4
11:38:25.177 (index):1106 WAITING_12
11:38:25.230 (index):1047 UPDATE_10
11:38:25.269 (index):1038 THINKING_2
11:38:25.271 (index):1026 ATTRIBUTEACCESSRELEASED_4
11:38:25.331 (index):1038 THINKING_10
11:38:25.347 (index):1050 UPDATE_13
11:38:25.408 (index):1050 UPDATE_0
11:38:25.448 (index):1026 ATTRIBUTEACCESSRELEASED_13
11:38:25.510 (index):1026 ATTRIBUTEACCESSRELEASED_0
11:38:25.533 (index):1047 UPDATE_8
11:38:25.581 (index):1047 UPDATE_9
11:38:25.583 (index):1047 UPDATE_5
11:38:25.634 (index):1022 NODEACCESSRELEASED_8
11:38:25.682 (index):1038 THINKING_9
11:38:25.684 (index):1038 THINKING_5
11:38:25.889 (index):1047 UPDATE_6
11:38:25.930 (index):1083 NODEACCESSREQUESTED_11
11:38:25.990 (index):1022 NODEACCESSRELEASED_6
11:38:26.008 (index):1106 WAITING_1
11:38:26.073 (index):1106 WAITING_7
11:38:26.178 (index):1106 WAITING_12
11:38:26.272 (index):1083 NODEACCESSREQUESTED_4
11:38:26.450 (index):1077 ATTRIBUTEACCESSREQUESTED_13
11:38:26.511 (index):1083 NODEACCESSREQUESTED_0
11:38:26.636 (index):1077 ATTRIBUTEACCESSREQUESTED_8
11:38:26.932 (index):1047 UPDATE_11
11:38:26.991 (index):1083 NODEACCESSREQUESTED_6
11:38:27.009 (index):1106 WAITING_1
11:38:27.033 (index):1022 NODEACCESSRELEASED_11
11:38:27.074 (index):1106 WAITING_7
11:38:27.180 (index):1106 WAITING_12
11:38:27.273 (index):1047 UPDATE_4
11:38:27.283 (index):1047 UPDATE_3
11:38:27.374 (index):1022 NODEACCESSRELEASED_4
11:38:27.385 (index):1022 NODEACCESSRELEASED_3
11:38:27.451 (index):1050 UPDATE_13
11:38:27.512 (index):1047 UPDATE_0
11:38:27.552 (index):1026 ATTRIBUTEACCESSRELEASED_13
11:38:27.613 (index):1038 THINKING_0
11:38:27.637 (index):1050 UPDATE_8
11:38:27.738 (index):1038 THINKING_8
11:38:27.989 (index):1050 UPDATE_2
11:38:27.992 (index):1047 UPDATE_6
11:38:28.010 (index):1106 WAITING_1
11:38:28.034 (index):1083 NODEACCESSREQUESTED_11
11:38:28.075 (index):1106 WAITING_7
11:38:28.088 (index):1047 UPDATE_9
11:38:28.090 (index):1026 ATTRIBUTEACCESSRELEASED_2
11:38:28.093 (index):1022 NODEACCESSRELEASED_6
11:38:28.181 (index):1050 UPDATE_12
11:38:28.189 (index):1022 NODEACCESSRELEASED_9
11:38:28.282 (index):1038 THINKING_12
11:38:28.308 (index):1047 UPDATE_10
11:38:28.375 (index):1077 ATTRIBUTEACCESSREQUESTED_4
11:38:28.385 (index):1077 ATTRIBUTEACCESSREQUESTED_3
11:38:28.409 (index):1022 NODEACCESSRELEASED_10
11:38:28.553 (index):1077 ATTRIBUTEACCESSREQUESTED_13
11:38:28.824 (index):1047 UPDATE_5
11:38:28.925 (index):1022 NODEACCESSRELEASED_5
11:38:29.011 (index):1106 WAITING_1
11:38:29.035 (index):1047 UPDATE_11
11:38:29.076 (index):1106 WAITING_7
11:38:29.091 (index):1077 ATTRIBUTEACCESSREQUESTED_2
11:38:29.094 (index):1083 NODEACCESSREQUESTED_6
11:38:29.136 (index):1022 NODEACCESSRELEASED_11
11:38:29.190 (index):1077 ATTRIBUTEACCESSREQUESTED_9
11:38:29.376 (index):1050 UPDATE_4
11:38:29.386 (index):1050 UPDATE_3
11:38:29.410 (index):1083 NODEACCESSREQUESTED_10
11:38:29.478 (index):1038 THINKING_4
11:38:29.488 (index):1026 ATTRIBUTEACCESSRELEASED_3
11:38:29.555 (index):1106 WAITING_13
11:38:29.926 (index):1077 ATTRIBUTEACCESSREQUESTED_5
11:38:30.013 (index):1106 WAITING_1
11:38:30.077 (index):1106 WAITING_7
11:38:30.092 (index):1106 WAITING_2
11:38:30.094 (index):1047 UPDATE_6
11:38:30.137 (index):1083 NODEACCESSREQUESTED_11
11:38:30.183 (index):1047 UPDATE_0
11:38:30.191 (index):1050 UPDATE_9
11:38:30.195 (index):1022 NODEACCESSRELEASED_6
11:38:30.284 (index):1038 THINKING_0
11:38:30.293 (index):1026 ATTRIBUTEACCESSRELEASED_9
11:38:30.411 (index):1047 UPDATE_10
11:38:30.489 (index):1083 NODEACCESSREQUESTED_3
11:38:30.513 (index):1038 THINKING_10
11:38:30.556 (index):1106 WAITING_13
11:38:30.928 (index):1050 UPDATE_5
11:38:31.013 (index):1106 WAITING_1
11:38:31.029 (index):1038 THINKING_5
11:38:31.078 (index):1106 WAITING_7
11:38:31.093 (index):1106 WAITING_2
11:38:31.139 (index):1047 UPDATE_11
11:38:31.196 (index):1077 ATTRIBUTEACCESSREQUESTED_6
11:38:31.240 (index):1038 THINKING_11
11:38:31.294 (index):1077 ATTRIBUTEACCESSREQUESTED_9
11:38:31.490 (index):1047 UPDATE_3
11:38:31.557 (index):1106 WAITING_13
11:38:31.592 (index):1022 NODEACCESSRELEASED_3
11:38:31.916 (index):1050 UPDATE_4
11:38:32.015 (index):1106 WAITING_1
11:38:32.017 (index):1026 ATTRIBUTEACCESSRELEASED_4
11:38:32.080 (index):1106 WAITING_7
11:38:32.094 (index):1106 WAITING_2
11:38:32.198 (index):1106 WAITING_6
11:38:32.261 (index):1050 UPDATE_8
11:38:32.295 (index):1050 UPDATE_9
11:38:32.363 (index):1026 ATTRIBUTEACCESSRELEASED_8
11:38:32.397 (index):1026 ATTRIBUTEACCESSRELEASED_9
11:38:32.559 (index):1106 WAITING_13
11:38:32.593 (index):1083 NODEACCESSREQUESTED_3
11:38:32.940 (index):1050 UPDATE_12
11:38:33.016 (index):1106 WAITING_1
11:38:33.018 (index):1077 ATTRIBUTEACCESSREQUESTED_4
11:38:33.042 (index):1026 ATTRIBUTEACCESSRELEASED_12
11:38:33.081 (index):1106 WAITING_7
11:38:33.095 (index):1106 WAITING_2
11:38:33.199 (index):1050 UPDATE_6
11:38:33.300 (index):1038 THINKING_6
11:38:33.363 (index):1077 ATTRIBUTEACCESSREQUESTED_8
11:38:33.398 (index):1083 NODEACCESSREQUESTED_9
11:38:33.560 (index):1050 UPDATE_13
11:38:33.594 (index):1047 UPDATE_3
11:38:33.661 (index):1026 ATTRIBUTEACCESSRELEASED_13
11:38:33.696 (index):1022 NODEACCESSRELEASED_3
11:38:34.017 (index):1106 WAITING_1
11:38:34.020 (index):1106 WAITING_4
11:38:34.043 (index):1077 ATTRIBUTEACCESSREQUESTED_12
11:38:34.082 (index):1106 WAITING_7
11:38:34.096 (index):1050 UPDATE_2
11:38:34.197 (index):1026 ATTRIBUTEACCESSRELEASED_2
11:38:34.365 (index):1050 UPDATE_8
11:38:34.398 (index):1047 UPDATE_9
11:38:34.466 (index):1026 ATTRIBUTEACCESSRELEASED_8
11:38:34.500 (index):1038 THINKING_9
11:38:34.662 (index):1083 NODEACCESSREQUESTED_13
11:38:34.697 (index):1083 NODEACCESSREQUESTED_3
11:38:35.019 (index):1106 WAITING_1
11:38:35.021 (index):1106 WAITING_4
11:38:35.045 (index):1050 UPDATE_12
11:38:35.084 (index):1106 WAITING_7
11:38:35.146 (index):1026 ATTRIBUTEACCESSRELEASED_12
11:38:35.177 (index):1047 UPDATE_10
11:38:35.198 (index):1083 NODEACCESSREQUESTED_2
11:38:35.227 (index):1047 UPDATE_0
11:38:35.278 (index):1022 NODEACCESSRELEASED_10
11:38:35.328 (index):1022 NODEACCESSRELEASED_0
11:38:35.468 (index):1083 NODEACCESSREQUESTED_8
11:38:35.518 (index):1047 UPDATE_11
11:38:35.572 (index):1050 UPDATE_6
11:38:35.611 (index):1050 UPDATE_5
11:38:35.619 (index):1022 NODEACCESSRELEASED_11
11:38:35.664 (index):1047 UPDATE_13
11:38:35.673 (index):1038 THINKING_6
11:38:35.698 (index):1047 UPDATE_3
11:38:35.712 (index):1038 THINKING_5
11:38:35.765 (index):1022 NODEACCESSRELEASED_13
11:38:35.800 (index):1022 NODEACCESSRELEASED_3
11:38:36.019 (index):1106 WAITING_1
11:38:36.022 (index):1106 WAITING_4
11:38:36.085 (index):1106 WAITING_7
11:38:36.147 (index):1077 ATTRIBUTEACCESSREQUESTED_12
11:38:36.199 (index):1047 UPDATE_2
11:38:36.279 (index):1083 NODEACCESSREQUESTED_10
11:38:36.300 (index):1038 THINKING_2
11:38:36.329 (index):1083 NODEACCESSREQUESTED_0
11:38:36.468 (index):1047 UPDATE_8
11:38:36.569 (index):1038 THINKING_8
11:38:36.622 (index):1077 ATTRIBUTEACCESSREQUESTED_11
11:38:36.766 (index):1077 ATTRIBUTEACCESSREQUESTED_13
11:38:36.801 (index):1083 NODEACCESSREQUESTED_3
11:38:37.021 (index):1106 WAITING_1
11:38:37.023 (index):1106 WAITING_4
11:38:37.086 (index):1106 WAITING_7
11:38:37.148 (index):1050 UPDATE_12
11:38:37.249 (index):1026 ATTRIBUTEACCESSRELEASED_12
11:38:37.280 (index):1047 UPDATE_10
11:38:37.330 (index):1047 UPDATE_0
11:38:37.381 (index):1038 THINKING_10
11:38:37.431 (index):1038 THINKING_0
11:38:37.611 (index):1047 UPDATE_9
11:38:37.623 (index):1050 UPDATE_11
11:38:37.712 (index):1022 NODEACCESSRELEASED_9
11:38:37.725 (index):1026 ATTRIBUTEACCESSRELEASED_11
11:38:37.754 (index):1050 UPDATE_5
11:38:37.767 (index):1106 WAITING_13
11:38:37.802 (index):1047 UPDATE_3
11:38:37.856 (index):1026 ATTRIBUTEACCESSRELEASED_5
11:38:37.903 (index):1038 THINKING_3
11:38:38.022 (index):1106 WAITING_1
11:38:38.024 (index):1106 WAITING_4
11:38:38.087 (index):1106 WAITING_7
11:38:38.251 (index):1077 ATTRIBUTEACCESSREQUESTED_12
11:38:38.627 (index):1050 UPDATE_6
11:38:38.714 (index):1083 NODEACCESSREQUESTED_9
11:38:38.726 (index):1077 ATTRIBUTEACCESSREQUESTED_11
11:38:38.728 (index):1026 ATTRIBUTEACCESSRELEASED_6
11:38:38.768 (index):1106 WAITING_13
11:38:38.852 (index):1047 UPDATE_2
11:38:38.856 (index):1083 NODEACCESSREQUESTED_5
11:38:38.953 (index):1038 THINKING_2
11:38:39.023 (index):1106 WAITING_1
11:38:39.025 (index):1050 UPDATE_4
11:38:39.088 (index):1106 WAITING_7
11:38:39.126 (index):1038 THINKING_4
11:38:39.252 (index):1050 UPDATE_12
11:38:39.353 (index):1026 ATTRIBUTEACCESSRELEASED_12
11:38:39.587 (index):1047 UPDATE_0
11:38:39.688 (index):1022 NODEACCESSRELEASED_0
11:38:39.715 (index):1047 UPDATE_9
11:38:39.727 (index):1106 WAITING_11
11:38:39.729 (index):1083 NODEACCESSREQUESTED_6
11:38:39.770 (index):1106 WAITING_13
11:38:39.816 (index):1022 NODEACCESSRELEASED_9
11:38:39.858 (index):1047 UPDATE_5
11:38:39.866 (index):1047 UPDATE_8
11:38:39.959 (index):1038 THINKING_5
11:38:39.967 (index):1022 NODEACCESSRELEASED_8
11:38:40.025 (index):1106 WAITING_1
11:38:40.090 (index):1106 WAITING_7
11:38:40.310 (index):1047 UPDATE_3
11:38:40.354 (index):1077 ATTRIBUTEACCESSREQUESTED_12
11:38:40.412 (index):1022 NODEACCESSRELEASED_3
11:38:40.689 (index):1083 NODEACCESSREQUESTED_0
11:38:40.728 (index):1106 WAITING_11
11:38:40.730 (index):1047 UPDATE_6
11:38:40.770 (index):1106 WAITING_13
11:38:40.817 (index):1077 ATTRIBUTEACCESSREQUESTED_9
11:38:40.831 (index):1022 NODEACCESSRELEASED_6
11:38:40.969 (index):1083 NODEACCESSREQUESTED_8
11:38:41.026 (index):1106 WAITING_1
11:38:41.091 (index):1106 WAITING_7
11:38:41.166 (index):1047 UPDATE_10
11:38:41.180 (index):1047 UPDATE_2
11:38:41.267 (index):1022 NODEACCESSRELEASED_10
11:38:41.281 (index):1038 THINKING_2
11:38:41.356 (index):1050 UPDATE_12
11:38:41.413 (index):1077 ATTRIBUTEACCESSREQUESTED_3
11:38:41.456 (index):1026 ATTRIBUTEACCESSRELEASED_12
11:38:41.691 (index):1047 UPDATE_0
11:38:41.729 (index):1106 WAITING_11
11:38:41.772 (index):1106 WAITING_13
11:38:41.792 (index):1022 NODEACCESSRELEASED_0
11:38:41.819 (index):1050 UPDATE_9
11:38:41.832 (index):1083 NODEACCESSREQUESTED_6
11:38:41.920 (index):1038 THINKING_9
11:38:41.970 (index):1047 UPDATE_8
11:38:42.027 (index):1106 WAITING_1
11:38:42.071 (index):1022 NODEACCESSRELEASED_8
11:38:42.092 (index):1106 WAITING_7
11:38:42.268 (index):1083 NODEACCESSREQUESTED_10
11:38:42.414 (index):1050 UPDATE_3
11:38:42.457 (index):1083 NODEACCESSREQUESTED_12
11:38:42.515 (index):1026 ATTRIBUTEACCESSRELEASED_3
11:38:42.731 (index):1106 WAITING_11
11:38:42.773 (index):1106 WAITING_13
11:38:42.793 (index):1083 NODEACCESSREQUESTED_0
11:38:42.833 (index):1047 UPDATE_6
11:38:42.934 (index):1022 NODEACCESSRELEASED_6
11:38:43.029 (index):1106 WAITING_1
11:38:43.072 (index):1083 NODEACCESSREQUESTED_8
11:38:43.093 (index):1106 WAITING_7
11:38:43.269 (index):1047 UPDATE_10
11:38:43.335 (index):1050 UPDATE_4
11:38:43.370 (index):1038 THINKING_10
11:38:43.436 (index):1038 THINKING_4
11:38:43.459 (index):1047 UPDATE_12
11:38:43.517 (index):1077 ATTRIBUTEACCESSREQUESTED_3
11:38:43.560 (index):1022 NODEACCESSRELEASED_12
11:38:43.732 (index):1106 WAITING_11
11:38:43.774 (index):1106 WAITING_13
11:38:43.794 (index):1047 UPDATE_0
11:38:43.895 (index):1038 THINKING_0
11:38:43.936 (index):1077 ATTRIBUTEACCESSREQUESTED_6
11:38:44.030 (index):1106 WAITING_1
11:38:44.073 (index):1047 UPDATE_8
11:38:44.094 (index):1106 WAITING_7
11:38:44.175 (index):1022 NODEACCESSRELEASED_8
11:38:44.518 (index):1050 UPDATE_3
11:38:44.561 (index):1083 NODEACCESSREQUESTED_12
11:38:44.619 (index):1038 THINKING_3
11:38:44.733 (index):1106 WAITING_11
11:38:44.775 (index):1106 WAITING_13
11:38:44.894 (index):1047 UPDATE_5
11:38:44.937 (index):1106 WAITING_6
11:38:44.995 (index):1022 NODEACCESSRELEASED_5
11:38:45.031 (index):1106 WAITING_1
11:38:45.095 (index):1106 WAITING_7
11:38:45.176 (index):1083 NODEACCESSREQUESTED_8
11:38:45.543 (index):1050 UPDATE_9
11:38:45.562 (index):1047 UPDATE_12
11:38:45.644 (index):1026 ATTRIBUTEACCESSRELEASED_9
11:38:45.663 (index):1038 THINKING_12
11:38:45.735 (index):1106 WAITING_11
11:38:45.776 (index):1106 WAITING_13
11:38:45.938 (index):1050 UPDATE_6
11:38:45.996 (index):1083 NODEACCESSREQUESTED_5
11:38:46.032 (index):1106 WAITING_1
11:38:46.040 (index):1026 ATTRIBUTEACCESSRELEASED_6
11:38:46.096 (index):1106 WAITING_7
11:38:46.136 (index):1047 UPDATE_2
11:38:46.177 (index):1047 UPDATE_8
11:38:46.237 (index):1022 NODEACCESSRELEASED_2
11:38:46.279 (index):1022 NODEACCESSRELEASED_8
11:38:46.645 (index):1077 ATTRIBUTEACCESSREQUESTED_9
11:38:46.736 (index):1106 WAITING_11
11:38:46.778 (index):1106 WAITING_13
11:38:46.957 (index):1050 UPDATE_3
11:38:46.998 (index):1047 UPDATE_5
11:38:47.034 (index):1106 WAITING_1
11:38:47.041 (index):1083 NODEACCESSREQUESTED_6
11:38:47.058 (index):1026 ATTRIBUTEACCESSRELEASED_3
11:38:47.098 (index):1106 WAITING_7
11:38:47.099 (index):1022 NODEACCESSRELEASED_5
11:38:47.238 (index):1083 NODEACCESSREQUESTED_2
11:38:47.280 (index):1083 NODEACCESSREQUESTED_8
11:38:47.395 (index):1050 UPDATE_4
11:38:47.497 (index):1038 THINKING_4
11:38:47.647 (index):1050 UPDATE_9
11:38:47.737 (index):1106 WAITING_11
11:38:47.749 (index):1026 ATTRIBUTEACCESSRELEASED_9
11:38:47.779 (index):1106 WAITING_13
11:38:47.890 (index):1047 UPDATE_0
11:38:47.992 (index):1022 NODEACCESSRELEASED_0
11:38:48.035 (index):1106 WAITING_1
11:38:48.042 (index):1047 UPDATE_6
11:38:48.059 (index):1083 NODEACCESSREQUESTED_3
11:38:48.099 (index):1106 WAITING_7
11:38:48.100 (index):1083 NODEACCESSREQUESTED_5
11:38:48.143 (index):1022 NODEACCESSRELEASED_6
11:38:48.240 (index):1047 UPDATE_2
11:38:48.255 (index):1047 UPDATE_10
11:38:48.281 (index):1047 UPDATE_8
11:38:48.341 (index):1022 NODEACCESSRELEASED_2
11:38:48.356 (index):1022 NODEACCESSRELEASED_10
11:38:48.382 (index):1022 NODEACCESSRELEASED_8
11:38:48.739 (index):1106 WAITING_11
11:38:48.750 (index):1083 NODEACCESSREQUESTED_9
11:38:48.780 (index):1106 WAITING_13
11:38:48.993 (index):1077 ATTRIBUTEACCESSREQUESTED_0
11:38:49.036 (index):1106 WAITING_1
11:38:49.039 (index):1047 UPDATE_12
11:38:49.060 (index):1047 UPDATE_3
11:38:49.100 (index):1106 WAITING_7
11:38:49.101 (index):1047 UPDATE_5
11:38:49.141 (index):1022 NODEACCESSRELEASED_12
11:38:49.143 (index):1083 NODEACCESSREQUESTED_6
11:38:49.161 (index):1117 END_3
11:38:49.202 (index):1022 NODEACCESSRELEASED_5
11:38:49.342 (index):1083 NODEACCESSREQUESTED_2
11:38:49.357 (index):1077 ATTRIBUTEACCESSREQUESTED_10
11:38:49.383 (index):1077 ATTRIBUTEACCESSREQUESTED_8
11:38:49.740 (index):1106 WAITING_11
11:38:49.751 (index):1047 UPDATE_9
11:38:49.782 (index):1106 WAITING_13
11:38:49.852 (index):1022 NODEACCESSRELEASED_9
11:38:49.993 (index):1106 WAITING_0
11:38:50.037 (index):1106 WAITING_1
11:38:50.101 (index):1106 WAITING_7
11:38:50.142 (index):1077 ATTRIBUTEACCESSREQUESTED_12
11:38:50.145 (index):1047 UPDATE_6
11:38:50.203 (index):1083 NODEACCESSREQUESTED_5
11:38:50.246 (index):1117 END_6
11:38:50.263 (index):1050 UPDATE_4
11:38:50.343 (index):1047 UPDATE_2
11:38:50.358 (index):1106 WAITING_10
11:38:50.364 (index):1026 ATTRIBUTEACCESSRELEASED_4
11:38:50.385 (index):1050 UPDATE_8
11:38:50.444 (index):1022 NODEACCESSRELEASED_2
11:38:50.486 (index):1026 ATTRIBUTEACCESSRELEASED_8
11:38:50.741 (index):1106 WAITING_11
11:38:50.783 (index):1050 UPDATE_13
11:38:50.853 (index):1083 NODEACCESSREQUESTED_9
11:38:50.884 (index):1026 ATTRIBUTEACCESSRELEASED_13
11:38:50.994 (index):1106 WAITING_0
11:38:51.039 (index):1106 WAITING_1
11:38:51.102 (index):1106 WAITING_7
11:38:51.143 (index):1106 WAITING_12
11:38:51.205 (index):1047 UPDATE_5
11:38:51.306 (index):1022 NODEACCESSRELEASED_5
11:38:51.359 (index):1106 WAITING_10
11:38:51.364 (index):1083 NODEACCESSREQUESTED_4
11:38:51.444 (index):1083 NODEACCESSREQUESTED_2
11:38:51.487 (index):1083 NODEACCESSREQUESTED_8
11:38:51.743 (index):1050 UPDATE_11
11:38:51.844 (index):1026 ATTRIBUTEACCESSRELEASED_11
11:38:51.854 (index):1047 UPDATE_9
11:38:51.885 (index):1077 ATTRIBUTEACCESSREQUESTED_13
11:38:51.955 (index):1117 END_9
11:38:51.996 (index):1050 UPDATE_0
11:38:52.040 (index):1106 WAITING_1
11:38:52.097 (index):1026 ATTRIBUTEACCESSRELEASED_0
11:38:52.103 (index):1106 WAITING_7
11:38:52.144 (index):1106 WAITING_12
11:38:52.307 (index):1083 NODEACCESSREQUESTED_5
11:38:52.360 (index):1050 UPDATE_10
11:38:52.366 (index):1047 UPDATE_4
11:38:52.446 (index):1047 UPDATE_2
11:38:52.462 (index):1026 ATTRIBUTEACCESSRELEASED_10
11:38:52.467 (index):1022 NODEACCESSRELEASED_4
11:38:52.488 (index):1047 UPDATE_8
11:38:52.547 (index):1022 NODEACCESSRELEASED_2
11:38:52.589 (index):1117 END_8
11:38:52.845 (index):1083 NODEACCESSREQUESTED_11
11:38:52.886 (index):1050 UPDATE_13
11:38:52.987 (index):1026 ATTRIBUTEACCESSRELEASED_13
11:38:53.040 (index):1106 WAITING_1
11:38:53.098 (index):1083 NODEACCESSREQUESTED_0
11:38:53.103 (index):1106 WAITING_7
11:38:53.145 (index):1050 UPDATE_12
11:38:53.247 (index):1026 ATTRIBUTEACCESSRELEASED_12
11:38:53.308 (index):1047 UPDATE_5
11:38:53.410 (index):1117 END_5
11:38:53.463 (index):1077 ATTRIBUTEACCESSREQUESTED_10
11:38:53.468 (index):1083 NODEACCESSREQUESTED_4
11:38:53.548 (index):1083 NODEACCESSREQUESTED_2
11:38:53.846 (index):1047 UPDATE_11
11:38:53.947 (index):1038 THINKING_11
11:38:53.988 (index):1083 NODEACCESSREQUESTED_13
11:38:54.042 (index):1106 WAITING_1
11:38:54.099 (index):1047 UPDATE_0
11:38:54.104 (index):1106 WAITING_7
11:38:54.201 (index):1022 NODEACCESSRELEASED_0
11:38:54.248 (index):1077 ATTRIBUTEACCESSREQUESTED_12
11:38:54.464 (index):1050 UPDATE_10
11:38:54.469 (index):1047 UPDATE_4
11:38:54.549 (index):1047 UPDATE_2
11:38:54.566 (index):1026 ATTRIBUTEACCESSRELEASED_10
11:38:54.570 (index):1038 THINKING_4
11:38:54.651 (index):1117 END_2
11:38:54.989 (index):1047 UPDATE_13
11:38:55.043 (index):1106 WAITING_1
11:38:55.091 (index):1022 NODEACCESSRELEASED_13
11:38:55.106 (index):1106 WAITING_7
11:38:55.202 (index):1083 NODEACCESSREQUESTED_0
11:38:55.249 (index):1050 UPDATE_12
11:38:55.351 (index):1117 END_12
11:38:55.567 (index):1083 NODEACCESSREQUESTED_10
11:38:56.044 (index):1106 WAITING_1
11:38:56.092 (index):1083 NODEACCESSREQUESTED_13
11:38:56.107 (index):1106 WAITING_7
11:38:56.203 (index):1047 UPDATE_0
11:38:56.304 (index):1117 END_0
11:38:56.568 (index):1047 UPDATE_10
11:38:56.670 (index):1117 END_10
11:38:57.045 (index):1106 WAITING_1
11:38:57.093 (index):1047 UPDATE_13
11:38:57.107 (index):1106 WAITING_7
11:38:57.194 (index):1022 NODEACCESSRELEASED_13
11:38:57.332 (index):1047 UPDATE_11
11:38:57.433 (index):1022 NODEACCESSRELEASED_11
11:38:58.047 (index):1106 WAITING_1
11:38:58.109 (index):1106 WAITING_7
11:38:58.196 (index):1083 NODEACCESSREQUESTED_13
11:38:58.434 (index):1083 NODEACCESSREQUESTED_11
11:38:58.960 (index):1047 UPDATE_4
11:38:59.048 (index):1106 WAITING_1
11:38:59.061 (index):1117 END_4
11:38:59.110 (index):1106 WAITING_7
11:38:59.197 (index):1047 UPDATE_13
11:38:59.298 (index):1022 NODEACCESSRELEASED_13
11:38:59.436 (index):1047 UPDATE_11
11:38:59.537 (index):1022 NODEACCESSRELEASED_11
11:39:00.050 (index):1047 UPDATE_1
11:39:00.111 (index):1106 WAITING_7
11:39:00.151 (index):1038 THINKING_1
11:39:00.300 (index):1083 NODEACCESSREQUESTED_13
11:39:00.539 (index):1077 ATTRIBUTEACCESSREQUESTED_11
11:39:01.113 (index):1106 WAITING_7
11:39:01.301 (index):1106 WAITING_13
11:39:01.540 (index):1050 UPDATE_11
11:39:01.641 (index):1038 THINKING_11
11:39:02.114 (index):1106 WAITING_7
11:39:02.302 (index):1106 WAITING_13
11:39:03.115 (index):1106 WAITING_7
11:39:03.304 (index):1106 WAITING_13
11:39:03.700 (index):1047 UPDATE_1
11:39:03.801 (index):1038 THINKING_1
11:39:04.116 (index):1106 WAITING_7
11:39:04.305 (index):1106 WAITING_13
11:39:04.805 (index):1050 UPDATE_11
11:39:04.907 (index):1117 END_11
11:39:05.118 (index):1106 WAITING_7
11:39:05.306 (index):1106 WAITING_13
11:39:06.118 (index):1106 WAITING_7
11:39:06.307 (index):1106 WAITING_13
11:39:07.119 (index):1106 WAITING_7
11:39:07.308 (index):1106 WAITING_13
11:39:08.121 (index):1106 WAITING_7
11:39:08.195 (index):1047 UPDATE_1
11:39:08.296 (index):1022 NODEACCESSRELEASED_1
11:39:08.308 (index):1106 WAITING_13
11:39:09.122 (index):1047 UPDATE_7
11:39:09.223 (index):1022 NODEACCESSRELEASED_7
11:39:09.297 (index):1083 NODEACCESSREQUESTED_1
11:39:09.309 (index):1047 UPDATE_13
11:39:09.410 (index):1022 NODEACCESSRELEASED_13
11:39:10.225 (index):1083 NODEACCESSREQUESTED_7
11:39:10.298 (index):1047 UPDATE_1
11:39:10.399 (index):1038 THINKING_1
11:39:10.411 (index):1083 NODEACCESSREQUESTED_13
11:39:11.229 (index):1047 UPDATE_7
11:39:11.330 (index):1038 THINKING_7
11:39:11.412 (index):1047 UPDATE_13
11:39:11.513 (index):1022 NODEACCESSRELEASED_13
11:39:12.515 (index):1083 NODEACCESSREQUESTED_13
11:39:12.710 (index):1047 UPDATE_1
11:39:12.811 (index):1022 NODEACCESSRELEASED_1
11:39:13.503 (index):1047 UPDATE_7
11:39:13.516 (index):1047 UPDATE_13
11:39:13.604 (index):1022 NODEACCESSRELEASED_7
11:39:13.618 (index):1117 END_13
11:39:13.812 (index):1083 NODEACCESSREQUESTED_1
11:39:14.605 (index):1077 ATTRIBUTEACCESSREQUESTED_7
11:39:14.814 (index):1047 UPDATE_1
11:39:14.915 (index):1038 THINKING_1
11:39:15.607 (index):1050 UPDATE_7
11:39:15.708 (index):1038 THINKING_7
11:39:17.845 (index):1047 UPDATE_1
11:39:17.946 (index):1038 THINKING_1
11:39:20.346 (index):1050 UPDATE_7
11:39:20.448 (index):1026 ATTRIBUTEACCESSRELEASED_7
11:39:21.449 (index):1083 NODEACCESSREQUESTED_7
11:39:22.450 (index):1047 UPDATE_7
11:39:22.551 (index):1022 NODEACCESSRELEASED_7
11:39:22.556 (index):1047 UPDATE_1
11:39:22.658 (index):1038 THINKING_1
11:39:23.553 (index):1083 NODEACCESSREQUESTED_7
11:39:24.554 (index):1047 UPDATE_7
11:39:24.655 (index):1022 NODEACCESSRELEASED_7
11:39:25.656 (index):1077 ATTRIBUTEACCESSREQUESTED_7
11:39:26.657 (index):1050 UPDATE_7
11:39:26.759 (index):1026 ATTRIBUTEACCESSRELEASED_7
11:39:26.850 (index):1047 UPDATE_1
11:39:26.951 (index):1022 NODEACCESSRELEASED_1
11:39:27.760 (index):1083 NODEACCESSREQUESTED_7
11:39:27.952 (index):1083 NODEACCESSREQUESTED_1
11:39:28.761 (index):1047 UPDATE_7
11:39:28.863 (index):1022 NODEACCESSRELEASED_7
11:39:28.954 (index):1047 UPDATE_1
11:39:29.055 (index):1038 THINKING_1
11:39:29.864 (index):1077 ATTRIBUTEACCESSREQUESTED_7
11:39:30.865 (index):1050 UPDATE_7
11:39:30.967 (index):1038 THINKING_7
11:39:31.233 (index):1047 UPDATE_1
11:39:31.335 (index):1022 NODEACCESSRELEASED_1
11:39:32.336 (index):1083 NODEACCESSREQUESTED_1
11:39:33.338 (index):1047 UPDATE_1
11:39:33.439 (index):1117 END_1
11:39:34.403 (index):1050 UPDATE_7
11:39:34.504 (index):1026 ATTRIBUTEACCESSRELEASED_7
11:39:35.506 (index):1083 NODEACCESSREQUESTED_7
11:39:36.507 (index):1047 UPDATE_7
11:39:36.609 (index):1117 END_7
