11:35:07.982 (index):1304 Tasks: 25; Collaborators: 10    =========================>
11:35:07.983 (index):1077 ATTRIBUTEACCESSREQUESTED_0
11:35:07.983 (index):1083 NODEACCESSREQUESTED_1
11:35:07.984 (index):1083 NODEACCESSREQUESTED_2
11:35:07.985 (index):1077 ATTRIBUTEACCESSREQUESTED_3
11:35:07.985 (index):1077 ATTRIBUTEACCESSREQUESTED_4
11:35:07.986 (index):1083 NODEACCESSREQUESTED_5
11:35:07.987 (index):1083 NODEACCESSREQUESTED_6
11:35:07.987 (index):1077 ATTRIBUTEACCESSREQUESTED_7
11:35:07.988 (index):1083 NODEACCESSREQUESTED_8
11:35:07.989 (index):1083 NODEACCESSREQUESTED_9
11:35:08.983 (index):1038 THINKING_0
11:35:08.985 (index):1038 THINKING_1
11:35:08.986 (index):1022 NODEACCESSRELEASED_2
11:35:08.987 (index):1106 WAITING_3
11:35:08.989 (index):1026 ATTRIBUTEACCESSRELEASED_4
11:35:08.990 (index):1022 NODEACCESSRELEASED_5
11:35:08.992 (index):1038 THINKING_6
11:35:08.993 (index):1026 ATTRIBUTEACCESSRELEASED_7
11:35:08.994 (index):1038 THINKING_8
11:35:08.995 (index):1022 NODEACCESSRELEASED_9
11:35:09.987 (index):1083 NODEACCESSREQUESTED_2
11:35:09.989 (index):1106 WAITING_3
11:35:09.990 (index):1077 ATTRIBUTEACCESSREQUESTED_4
11:35:09.992 (index):1083 NODEACCESSREQUESTED_5
11:35:09.994 (index):1077 ATTRIBUTEACCESSREQUESTED_7
11:35:09.996 (index):1083 NODEACCESSREQUESTED_9
11:35:10.989 (index):1047 UPDATE_2
11:35:10.990 (index):1106 WAITING_3
11:35:10.992 (index):1106 WAITING_4
11:35:10.994 (index):1047 UPDATE_5
11:35:10.996 (index):1050 UPDATE_7
11:35:10.998 (index):1047 UPDATE_9
11:35:11.020 (index):1047 UPDATE_8
11:35:11.090 (index):1022 NODEACCESSRELEASED_2
11:35:11.095 (index):1038 THINKING_5
11:35:11.098 (index):1026 ATTRIBUTEACCESSRELEASED_7
11:35:11.099 (index):1038 THINKING_9
11:35:11.121 (index):1038 THINKING_8
11:35:11.710 (index):1047 UPDATE_6
11:35:11.812 (index):1022 NODEACCESSRELEASED_6
11:35:11.931 (index):1047 UPDATE_1
11:35:11.991 (index):1106 WAITING_3
11:35:11.993 (index):1106 WAITING_4
11:35:12.032 (index):1022 NODEACCESSRELEASED_1
11:35:12.092 (index):1083 NODEACCESSREQUESTED_2
11:35:12.099 (index):1083 NODEACCESSREQUESTED_7
11:35:12.813 (index):1077 ATTRIBUTEACCESSREQUESTED_6
11:35:12.993 (index):1106 WAITING_3
11:35:12.994 (index):1106 WAITING_4
11:35:13.033 (index):1083 NODEACCESSREQUESTED_1
11:35:13.092 (index):1047 UPDATE_2
11:35:13.100 (index):1047 UPDATE_7
11:35:13.194 (index):1022 NODEACCESSRELEASED_2
11:35:13.200 (index):1022 NODEACCESSRELEASED_7
11:35:13.333 (index):1050 UPDATE_0
11:35:13.434 (index):1026 ATTRIBUTEACCESSRELEASED_0
11:35:13.510 (index):1047 UPDATE_5
11:35:13.612 (index):1022 NODEACCESSRELEASED_5
11:35:13.814 (index):1050 UPDATE_6
11:35:13.916 (index):1026 ATTRIBUTEACCESSRELEASED_6
11:35:13.994 (index):1026 ATTRIBUTEACCESSRELEASED_3
11:35:13.995 (index):1050 UPDATE_4
11:35:14.035 (index):1047 UPDATE_1
11:35:14.096 (index):1026 ATTRIBUTEACCESSRELEASED_4
11:35:14.136 (index):1038 THINKING_1
11:35:14.195 (index):1077 ATTRIBUTEACCESSREQUESTED_2
11:35:14.201 (index):1083 NODEACCESSREQUESTED_7
11:35:14.435 (index):1077 ATTRIBUTEACCESSREQUESTED_0
11:35:14.613 (index):1083 NODEACCESSREQUESTED_5
11:35:14.917 (index):1083 NODEACCESSREQUESTED_6
11:35:14.995 (index):1077 ATTRIBUTEACCESSREQUESTED_3
11:35:15.097 (index):1083 NODEACCESSREQUESTED_4
11:35:15.196 (index):1050 UPDATE_2
11:35:15.203 (index):1047 UPDATE_7
11:35:15.297 (index):1038 THINKING_2
11:35:15.304 (index):1038 THINKING_7
11:35:15.437 (index):1050 UPDATE_0
11:35:15.538 (index):1026 ATTRIBUTEACCESSRELEASED_0
11:35:15.563 (index):1047 UPDATE_8
11:35:15.611 (index):1047 UPDATE_9
11:35:15.614 (index):1047 UPDATE_5
11:35:15.664 (index):1022 NODEACCESSRELEASED_8
11:35:15.712 (index):1038 THINKING_9
11:35:15.715 (index):1038 THINKING_5
11:35:15.918 (index):1047 UPDATE_6
11:35:15.997 (index):1050 UPDATE_3
11:35:16.020 (index):1022 NODEACCESSRELEASED_6
11:35:16.098 (index):1026 ATTRIBUTEACCESSRELEASED_3
11:35:16.099 (index):1047 UPDATE_4
11:35:16.200 (index):1022 NODEACCESSRELEASED_4
11:35:16.539 (index):1083 NODEACCESSREQUESTED_0
11:35:16.665 (index):1077 ATTRIBUTEACCESSREQUESTED_8
11:35:17.021 (index):1083 NODEACCESSREQUESTED_6
11:35:17.099 (index):1083 NODEACCESSREQUESTED_3
11:35:17.201 (index):1077 ATTRIBUTEACCESSREQUESTED_4
11:35:17.476 (index):1047 UPDATE_7
11:35:17.540 (index):1047 UPDATE_0
11:35:17.578 (index):1022 NODEACCESSRELEASED_7
11:35:17.642 (index):1038 THINKING_0
11:35:17.667 (index):1050 UPDATE_8
11:35:17.685 (index):1047 UPDATE_1
11:35:17.768 (index):1038 THINKING_8
11:35:17.787 (index):1038 THINKING_1
11:35:18.017 (index):1050 UPDATE_2
11:35:18.022 (index):1047 UPDATE_6
11:35:18.101 (index):1047 UPDATE_3
11:35:18.118 (index):1047 UPDATE_9
11:35:18.119 (index):1026 ATTRIBUTEACCESSRELEASED_2
11:35:18.123 (index):1022 NODEACCESSRELEASED_6
11:35:18.202 (index):1038 THINKING_3
11:35:18.203 (index):1050 UPDATE_4
11:35:18.219 (index):1022 NODEACCESSRELEASED_9
11:35:18.304 (index):1026 ATTRIBUTEACCESSRELEASED_4
11:35:18.579 (index):1077 ATTRIBUTEACCESSREQUESTED_7
11:35:18.856 (index):1047 UPDATE_5
11:35:18.957 (index):1022 NODEACCESSRELEASED_5
11:35:19.120 (index):1077 ATTRIBUTEACCESSREQUESTED_2
11:35:19.124 (index):1083 NODEACCESSREQUESTED_6
11:35:19.220 (index):1077 ATTRIBUTEACCESSREQUESTED_9
11:35:19.305 (index):1083 NODEACCESSREQUESTED_4
11:35:19.580 (index):1050 UPDATE_7
11:35:19.682 (index):1038 THINKING_7
11:35:19.959 (index):1077 ATTRIBUTEACCESSREQUESTED_5
11:35:20.122 (index):1050 UPDATE_2
11:35:20.126 (index):1047 UPDATE_6
11:35:20.212 (index):1047 UPDATE_0
11:35:20.222 (index):1050 UPDATE_9
11:35:20.223 (index):1026 ATTRIBUTEACCESSRELEASED_2
11:35:20.227 (index):1022 NODEACCESSRELEASED_6
11:35:20.307 (index):1047 UPDATE_4
11:35:20.313 (index):1038 THINKING_0
11:35:20.323 (index):1026 ATTRIBUTEACCESSRELEASED_9
11:35:20.408 (index):1022 NODEACCESSRELEASED_4
11:35:20.960 (index):1050 UPDATE_5
11:35:21.061 (index):1038 THINKING_5
11:35:21.224 (index):1083 NODEACCESSREQUESTED_2
11:35:21.228 (index):1077 ATTRIBUTEACCESSREQUESTED_6
11:35:21.324 (index):1077 ATTRIBUTEACCESSREQUESTED_9
11:35:21.409 (index):1077 ATTRIBUTEACCESSREQUESTED_4
11:35:22.180 (index):1047 UPDATE_1
11:35:22.226 (index):1047 UPDATE_2
11:35:22.230 (index):1050 UPDATE_6
11:35:22.281 (index):1022 NODEACCESSRELEASED_1
11:35:22.291 (index):1050 UPDATE_8
11:35:22.319 (index):1047 UPDATE_3
11:35:22.326 (index):1106 WAITING_9
11:35:22.327 (index):1038 THINKING_2
11:35:22.331 (index):1038 THINKING_6
11:35:22.392 (index):1026 ATTRIBUTEACCESSRELEASED_8
11:35:22.410 (index):1106 WAITING_4
11:35:22.421 (index):1022 NODEACCESSRELEASED_3
11:35:23.282 (index):1083 NODEACCESSREQUESTED_1
11:35:23.327 (index):1106 WAITING_9
11:35:23.393 (index):1077 ATTRIBUTEACCESSREQUESTED_8
11:35:23.411 (index):1106 WAITING_4
11:35:23.422 (index):1077 ATTRIBUTEACCESSREQUESTED_3
11:35:24.284 (index):1047 UPDATE_1
11:35:24.320 (index):1050 UPDATE_7
11:35:24.328 (index):1106 WAITING_9
11:35:24.385 (index):1038 THINKING_1
11:35:24.394 (index):1050 UPDATE_8
11:35:24.412 (index):1106 WAITING_4
11:35:24.421 (index):1026 ATTRIBUTEACCESSRELEASED_7
11:35:24.423 (index):1106 WAITING_3
11:35:24.495 (index):1026 ATTRIBUTEACCESSRELEASED_8
11:35:24.602 (index):1050 UPDATE_6
11:35:24.703 (index):1038 THINKING_6
11:35:24.878 (index):1047 UPDATE_2
11:35:24.979 (index):1038 THINKING_2
11:35:25.255 (index):1047 UPDATE_0
11:35:25.329 (index):1106 WAITING_9
11:35:25.357 (index):1022 NODEACCESSRELEASED_0
11:35:25.413 (index):1050 UPDATE_4
11:35:25.422 (index):1083 NODEACCESSREQUESTED_7
11:35:25.424 (index):1106 WAITING_3
11:35:25.496 (index):1083 NODEACCESSREQUESTED_8
11:35:25.515 (index):1038 THINKING_4
11:35:25.644 (index):1050 UPDATE_5
11:35:25.745 (index):1038 THINKING_5
11:35:26.331 (index):1106 WAITING_9
11:35:26.358 (index):1083 NODEACCESSREQUESTED_0
11:35:26.423 (index):1047 UPDATE_7
11:35:26.424 (index):1106 WAITING_3
11:35:26.497 (index):1047 UPDATE_8
11:35:26.524 (index):1022 NODEACCESSRELEASED_7
11:35:26.598 (index):1038 THINKING_8
11:35:26.696 (index):1047 UPDATE_1
11:35:26.797 (index):1022 NODEACCESSRELEASED_1
11:35:27.206 (index):1047 UPDATE_2
11:35:27.308 (index):1038 THINKING_2
11:35:27.332 (index):1106 WAITING_9
11:35:27.359 (index):1047 UPDATE_0
11:35:27.425 (index):1106 WAITING_3
11:35:27.460 (index):1038 THINKING_0
11:35:27.526 (index):1083 NODEACCESSREQUESTED_7
11:35:27.657 (index):1050 UPDATE_6
11:35:27.759 (index):1026 ATTRIBUTEACCESSRELEASED_6
11:35:27.787 (index):1050 UPDATE_5
11:35:27.798 (index):1083 NODEACCESSREQUESTED_1
11:35:27.889 (index):1026 ATTRIBUTEACCESSRELEASED_5
11:35:27.953 (index):1050 UPDATE_4
11:35:28.054 (index):1026 ATTRIBUTEACCESSRELEASED_4
11:35:28.333 (index):1050 UPDATE_9
11:35:28.427 (index):1050 UPDATE_3
11:35:28.434 (index):1026 ATTRIBUTEACCESSRELEASED_9
11:35:28.527 (index):1047 UPDATE_7
11:35:28.528 (index):1026 ATTRIBUTEACCESSRELEASED_3
11:35:28.628 (index):1022 NODEACCESSRELEASED_7
11:35:28.760 (index):1083 NODEACCESSREQUESTED_6
11:35:28.799 (index):1047 UPDATE_1
11:35:28.890 (index):1083 NODEACCESSREQUESTED_5
11:35:28.900 (index):1038 THINKING_1
11:35:29.055 (index):1077 ATTRIBUTEACCESSREQUESTED_4
11:35:29.435 (index):1083 NODEACCESSREQUESTED_9
11:35:29.529 (index):1083 NODEACCESSREQUESTED_3
11:35:29.616 (index):1047 UPDATE_0
11:35:29.629 (index):1077 ATTRIBUTEACCESSREQUESTED_7
11:35:29.717 (index):1022 NODEACCESSRELEASED_0
11:35:29.761 (index):1047 UPDATE_6
11:35:29.862 (index):1022 NODEACCESSRELEASED_6
11:35:29.892 (index):1047 UPDATE_5
11:35:29.896 (index):1047 UPDATE_8
11:35:29.993 (index):1038 THINKING_5
11:35:29.997 (index):1022 NODEACCESSRELEASED_8
11:35:30.057 (index):1050 UPDATE_4
11:35:30.158 (index):1038 THINKING_4
11:35:30.436 (index):1047 UPDATE_9
11:35:30.530 (index):1047 UPDATE_3
11:35:30.537 (index):1038 THINKING_9
11:35:30.630 (index):1050 UPDATE_7
11:35:30.632 (index):1022 NODEACCESSRELEASED_3
11:35:30.718 (index):1083 NODEACCESSREQUESTED_0
11:35:30.732 (index):1026 ATTRIBUTEACCESSRELEASED_7
11:35:30.863 (index):1083 NODEACCESSREQUESTED_6
11:35:30.998 (index):1083 NODEACCESSREQUESTED_8
11:35:31.633 (index):1083 NODEACCESSREQUESTED_3
11:35:31.720 (index):1047 UPDATE_0
11:35:31.733 (index):1083 NODEACCESSREQUESTED_7
11:35:31.821 (index):1022 NODEACCESSRELEASED_0
11:35:31.830 (index):1047 UPDATE_1
11:35:31.864 (index):1047 UPDATE_6
11:35:31.932 (index):1038 THINKING_1
11:35:31.965 (index):1022 NODEACCESSRELEASED_6
11:35:31.999 (index):1047 UPDATE_8
11:35:32.101 (index):1022 NODEACCESSRELEASED_8
11:35:32.163 (index):1047 UPDATE_2
11:35:32.264 (index):1022 NODEACCESSRELEASED_2
11:35:32.634 (index):1047 UPDATE_3
11:35:32.734 (index):1047 UPDATE_7
11:35:32.736 (index):1022 NODEACCESSRELEASED_3
11:35:32.822 (index):1083 NODEACCESSREQUESTED_0
11:35:32.836 (index):1022 NODEACCESSRELEASED_7
11:35:32.967 (index):1077 ATTRIBUTEACCESSREQUESTED_6
11:35:33.102 (index):1083 NODEACCESSREQUESTED_8
11:35:33.266 (index):1083 NODEACCESSREQUESTED_2
11:35:33.648 (index):1047 UPDATE_9
11:35:33.737 (index):1083 NODEACCESSREQUESTED_3
11:35:33.750 (index):1022 NODEACCESSRELEASED_9
11:35:33.823 (index):1047 UPDATE_0
11:35:33.837 (index):1077 ATTRIBUTEACCESSREQUESTED_7
11:35:33.924 (index):1038 THINKING_0
11:35:33.968 (index):1050 UPDATE_6
11:35:34.069 (index):1026 ATTRIBUTEACCESSRELEASED_6
11:35:34.104 (index):1047 UPDATE_8
11:35:34.205 (index):1022 NODEACCESSRELEASED_8
11:35:34.267 (index):1047 UPDATE_2
11:35:34.367 (index):1050 UPDATE_4
11:35:34.368 (index):1022 NODEACCESSRELEASED_2
11:35:34.468 (index):1038 THINKING_4
11:35:34.738 (index):1047 UPDATE_3
11:35:34.751 (index):1083 NODEACCESSREQUESTED_9
11:35:34.838 (index):1050 UPDATE_7
11:35:34.839 (index):1022 NODEACCESSRELEASED_3
11:35:34.929 (index):1047 UPDATE_5
11:35:34.939 (index):1038 THINKING_7
11:35:35.030 (index):1022 NODEACCESSRELEASED_5
11:35:35.071 (index):1083 NODEACCESSREQUESTED_6
11:35:35.207 (index):1083 NODEACCESSREQUESTED_8
11:35:35.369 (index):1083 NODEACCESSREQUESTED_2
11:35:35.751 (index):1047 UPDATE_9
11:35:35.840 (index):1083 NODEACCESSREQUESTED_3
11:35:35.853 (index):1022 NODEACCESSRELEASED_9
11:35:36.031 (index):1083 NODEACCESSREQUESTED_5
11:35:36.072 (index):1047 UPDATE_6
11:35:36.174 (index):1022 NODEACCESSRELEASED_6
11:35:36.208 (index):1047 UPDATE_8
11:35:36.309 (index):1022 NODEACCESSRELEASED_8
11:35:36.370 (index):1047 UPDATE_2
11:35:36.471 (index):1022 NODEACCESSRELEASED_2
11:35:36.542 (index):1047 UPDATE_1
11:35:36.643 (index):1038 THINKING_1
11:35:36.842 (index):1047 UPDATE_3
11:35:36.854 (index):1077 ATTRIBUTEACCESSREQUESTED_9
11:35:36.943 (index):1038 THINKING_3
11:35:37.032 (index):1047 UPDATE_5
11:35:37.133 (index):1022 NODEACCESSRELEASED_5
11:35:37.175 (index):1083 NODEACCESSREQUESTED_6
11:35:37.310 (index):1083 NODEACCESSREQUESTED_8
11:35:37.473 (index):1083 NODEACCESSREQUESTED_2
11:35:37.855 (index):1050 UPDATE_9
11:35:37.920 (index):1047 UPDATE_0
11:35:37.957 (index):1038 THINKING_9
11:35:38.021 (index):1022 NODEACCESSRELEASED_0
11:35:38.135 (index):1083 NODEACCESSREQUESTED_5
11:35:38.176 (index):1047 UPDATE_6
11:35:38.277 (index):1117 END_6
11:35:38.312 (index):1047 UPDATE_8
11:35:38.375 (index):1050 UPDATE_7
11:35:38.413 (index):1022 NODEACCESSRELEASED_8
11:35:38.426 (index):1050 UPDATE_4
11:35:38.474 (index):1047 UPDATE_2
11:35:38.476 (index):1026 ATTRIBUTEACCESSRELEASED_7
11:35:38.528 (index):1038 THINKING_4
11:35:38.576 (index):1022 NODEACCESSRELEASED_2
11:35:39.022 (index):1077 ATTRIBUTEACCESSREQUESTED_0
11:35:39.136 (index):1047 UPDATE_5
11:35:39.237 (index):1022 NODEACCESSRELEASED_5
11:35:39.350 (index):1047 UPDATE_3
11:35:39.414 (index):1077 ATTRIBUTEACCESSREQUESTED_8
11:35:39.451 (index):1022 NODEACCESSRELEASED_3
11:35:39.477 (index):1083 NODEACCESSREQUESTED_7
11:35:39.577 (index):1083 NODEACCESSREQUESTED_2
11:35:40.023 (index):1106 WAITING_0
11:35:40.239 (index):1083 NODEACCESSREQUESTED_5
11:35:40.415 (index):1050 UPDATE_8
11:35:40.452 (index):1077 ATTRIBUTEACCESSREQUESTED_3
11:35:40.478 (index):1047 UPDATE_7
11:35:40.516 (index):1026 ATTRIBUTEACCESSRELEASED_8
11:35:40.578 (index):1047 UPDATE_2
11:35:40.579 (index):1117 END_7
11:35:40.679 (index):1117 END_2
11:35:40.836 (index):1047 UPDATE_1
11:35:40.937 (index):1022 NODEACCESSRELEASED_1
11:35:41.024 (index):1106 WAITING_0
11:35:41.240 (index):1047 UPDATE_5
11:35:41.294 (index):1050 UPDATE_4
11:35:41.341 (index):1022 NODEACCESSRELEASED_5
11:35:41.395 (index):1026 ATTRIBUTEACCESSRELEASED_4
11:35:41.453 (index):1050 UPDATE_3
11:35:41.518 (index):1083 NODEACCESSREQUESTED_8
11:35:41.554 (index):1026 ATTRIBUTEACCESSRELEASED_3
11:35:41.580 (index):1050 UPDATE_9
11:35:41.681 (index):1026 ATTRIBUTEACCESSRELEASED_9
11:35:41.938 (index):1083 NODEACCESSREQUESTED_1
11:35:42.026 (index):1050 UPDATE_0
11:35:42.127 (index):1026 ATTRIBUTEACCESSRELEASED_0
11:35:42.343 (index):1083 NODEACCESSREQUESTED_5
11:35:42.397 (index):1083 NODEACCESSREQUESTED_4
11:35:42.519 (index):1047 UPDATE_8
11:35:42.556 (index):1077 ATTRIBUTEACCESSREQUESTED_3
11:35:42.620 (index):1117 END_8
11:35:42.683 (index):1077 ATTRIBUTEACCESSREQUESTED_9
11:35:42.939 (index):1047 UPDATE_1
11:35:43.040 (index):1038 THINKING_1
11:35:43.129 (index):1083 NODEACCESSREQUESTED_0
11:35:43.344 (index):1047 UPDATE_5
11:35:43.398 (index):1047 UPDATE_4
11:35:43.445 (index):1117 END_5
11:35:43.499 (index):1022 NODEACCESSRELEASED_4
11:35:43.557 (index):1050 UPDATE_3
11:35:43.658 (index):1038 THINKING_3
11:35:43.684 (index):1050 UPDATE_9
11:35:43.785 (index):1026 ATTRIBUTEACCESSRELEASED_9
11:35:44.130 (index):1047 UPDATE_0
11:35:44.231 (index):1022 NODEACCESSRELEASED_0
11:35:44.501 (index):1083 NODEACCESSREQUESTED_4
11:35:44.786 (index):1083 NODEACCESSREQUESTED_9
11:35:45.219 (index):1047 UPDATE_1
11:35:45.232 (index):1083 NODEACCESSREQUESTED_0
11:35:45.320 (index):1022 NODEACCESSRELEASED_1
11:35:45.501 (index):1047 UPDATE_4
11:35:45.603 (index):1038 THINKING_4
11:35:45.787 (index):1047 UPDATE_9
11:35:45.888 (index):1022 NODEACCESSRELEASED_9
11:35:45.996 (index):1050 UPDATE_3
11:35:46.097 (index):1026 ATTRIBUTEACCESSRELEASED_3
11:35:46.233 (index):1047 UPDATE_0
11:35:46.322 (index):1083 NODEACCESSREQUESTED_1
11:35:46.335 (index):1117 END_0
11:35:46.889 (index):1083 NODEACCESSREQUESTED_9
11:35:47.098 (index):1083 NODEACCESSREQUESTED_3
11:35:47.323 (index):1047 UPDATE_1
11:35:47.424 (index):1117 END_1
11:35:47.890 (index):1047 UPDATE_9
11:35:47.991 (index):1117 END_9
11:35:48.099 (index):1047 UPDATE_3
11:35:48.200 (index):1117 END_3
11:35:49.993 (index):1047 UPDATE_4
11:35:50.094 (index):1117 END_4
