11:30:15.675 (index):1199 Tasks: 25; Collaborators: 3    =========================>
11:30:15.676 (index):1077 ATTRIBUTEACCESSREQUESTED_0
11:30:15.677 (index):1083 NODEACCESSREQUESTED_1
11:30:15.678 (index):1083 NODEACCESSREQUESTED_2
11:30:16.677 (index):1038 THINKING_0
11:30:16.678 (index):1038 THINKING_1
11:30:16.679 (index):1022 NODEACCESSRELEASED_2
11:30:17.680 (index):1083 NODEACCESSREQUESTED_2
11:30:18.682 (index):1047 UPDATE_2
11:30:18.783 (index):1022 NODEACCESSRELEASED_2
11:30:19.624 (index):1047 UPDATE_1
11:30:19.726 (index):1022 NODEACCESSRELEASED_1
11:30:19.784 (index):1083 NODEACCESSREQUESTED_2
11:30:20.727 (index):1083 NODEACCESSREQUESTED_1
11:30:20.786 (index):1047 UPDATE_2
11:30:20.887 (index):1022 NODEACCESSRELEASED_2
11:30:21.026 (index):1050 UPDATE_0
11:30:21.128 (index):1026 ATTRIBUTEACCESSRELEASED_0
11:30:21.728 (index):1047 UPDATE_1
11:30:21.830 (index):1038 THINKING_1
11:30:21.888 (index):1077 ATTRIBUTEACCESSREQUESTED_2
11:30:22.129 (index):1077 ATTRIBUTEACCESSREQUESTED_0
11:30:22.889 (index):1050 UPDATE_2
11:30:22.991 (index):1038 THINKING_2
11:30:23.130 (index):1050 UPDATE_0
11:30:23.232 (index):1026 ATTRIBUTEACCESSRELEASED_0
11:30:24.233 (index):1083 NODEACCESSREQUESTED_0
11:30:25.234 (index):1047 UPDATE_0
11:30:25.335 (index):1038 THINKING_0
11:30:25.379 (index):1047 UPDATE_1
11:30:25.480 (index):1038 THINKING_1
11:30:25.710 (index):1050 UPDATE_2
11:30:25.811 (index):1026 ATTRIBUTEACCESSRELEASED_2
11:30:26.813 (index):1077 ATTRIBUTEACCESSREQUESTED_2
11:30:27.814 (index):1050 UPDATE_2
11:30:27.905 (index):1047 UPDATE_0
11:30:27.915 (index):1026 ATTRIBUTEACCESSRELEASED_2
11:30:28.007 (index):1038 THINKING_0
11:30:28.916 (index):1083 NODEACCESSREQUESTED_2
11:30:29.873 (index):1047 UPDATE_1
11:30:29.918 (index):1047 UPDATE_2
11:30:29.975 (index):1022 NODEACCESSRELEASED_1
11:30:30.019 (index):1038 THINKING_2
11:30:30.976 (index):1083 NODEACCESSREQUESTED_1
11:30:31.977 (index):1047 UPDATE_1
11:30:32.079 (index):1038 THINKING_1
11:30:32.570 (index):1047 UPDATE_2
11:30:32.672 (index):1038 THINKING_2
11:30:32.949 (index):1047 UPDATE_0
11:30:33.050 (index):1022 NODEACCESSRELEASED_0
11:30:34.052 (index):1083 NODEACCESSREQUESTED_0
11:30:34.390 (index):1047 UPDATE_1
11:30:34.491 (index):1022 NODEACCESSRELEASED_1
11:30:34.899 (index):1047 UPDATE_2
11:30:35.000 (index):1038 THINKING_2
11:30:35.053 (index):1047 UPDATE_0
11:30:35.155 (index):1038 THINKING_0
11:30:35.492 (index):1083 NODEACCESSREQUESTED_1
11:30:36.494 (index):1047 UPDATE_1
11:30:36.595 (index):1038 THINKING_1
11:30:37.311 (index):1047 UPDATE_0
11:30:37.412 (index):1022 NODEACCESSRELEASED_0
11:30:38.414 (index):1083 NODEACCESSREQUESTED_0
11:30:39.415 (index):1047 UPDATE_0
11:30:39.516 (index):1022 NODEACCESSRELEASED_0
11:30:39.525 (index):1047 UPDATE_1
11:30:39.626 (index):1038 THINKING_1
11:30:39.855 (index):1047 UPDATE_2
11:30:39.957 (index):1022 NODEACCESSRELEASED_2
11:30:40.518 (index):1083 NODEACCESSREQUESTED_0
11:30:40.958 (index):1083 NODEACCESSREQUESTED_2
11:30:41.519 (index):1047 UPDATE_0
11:30:41.620 (index):1038 THINKING_0
11:30:41.959 (index):1047 UPDATE_2
11:30:42.060 (index):1022 NODEACCESSRELEASED_2
11:30:43.062 (index):1083 NODEACCESSREQUESTED_2
11:30:44.063 (index):1047 UPDATE_2
11:30:44.164 (index):1022 NODEACCESSRELEASED_2
11:30:44.236 (index):1047 UPDATE_1
11:30:44.337 (index):1038 THINKING_1
11:30:45.166 (index):1083 NODEACCESSREQUESTED_2
11:30:45.616 (index):1047 UPDATE_0
11:30:45.717 (index):1022 NODEACCESSRELEASED_0
11:30:46.167 (index):1047 UPDATE_2
11:30:46.269 (index):1022 NODEACCESSRELEASED_2
11:30:46.718 (index):1077 ATTRIBUTEACCESSREQUESTED_0
11:30:47.270 (index):1083 NODEACCESSREQUESTED_2
11:30:47.720 (index):1050 UPDATE_0
11:30:47.821 (index):1026 ATTRIBUTEACCESSRELEASED_0
11:30:48.271 (index):1047 UPDATE_2
11:30:48.372 (index):1117 END_2
11:30:48.530 (index):1047 UPDATE_1
11:30:48.632 (index):1022 NODEACCESSRELEASED_1
11:30:48.822 (index):1083 NODEACCESSREQUESTED_0
11:30:49.633 (index):1083 NODEACCESSREQUESTED_1
11:30:49.823 (index):1047 UPDATE_0
11:30:49.925 (index):1022 NODEACCESSRELEASED_0
11:30:50.634 (index):1047 UPDATE_1
11:30:50.736 (index):1038 THINKING_1
11:30:50.926 (index):1083 NODEACCESSREQUESTED_0
11:30:51.927 (index):1047 UPDATE_0
11:30:52.028 (index):1117 END_0
11:30:52.914 (index):1047 UPDATE_1
11:30:53.015 (index):1022 NODEACCESSRELEASED_1
11:30:54.016 (index):1083 NODEACCESSREQUESTED_1
11:30:55.018 (index):1047 UPDATE_1
11:30:55.119 (index):1117 END_1
