11:29:36.228 (index):1192 Tasks: 25; Collaborators: 2    =========================>
11:29:36.229 (index):1077 ATTRIBUTEACCESSREQUESTED_0
11:29:36.231 (index):1083 NODEACCESSREQUESTED_1
11:29:37.231 (index):1038 THINKING_0
11:29:37.232 (index):1038 THINKING_1
11:29:40.178 (index):1047 UPDATE_1
11:29:40.279 (index):1022 NODEACCESSRELEASED_1
11:29:41.280 (index):1083 NODEACCESSREQUESTED_1
11:29:41.580 (index):1050 UPDATE_0
11:29:41.681 (index):1026 ATTRIBUTEACCESSRELEASED_0
11:29:42.282 (index):1047 UPDATE_1
11:29:42.384 (index):1038 THINKING_1
11:29:42.682 (index):1077 ATTRIBUTEACCESSREQUESTED_0
11:29:43.683 (index):1050 UPDATE_0
11:29:43.785 (index):1026 ATTRIBUTEACCESSRELEASED_0
11:29:44.786 (index):1083 NODEACCESSREQUESTED_0
11:29:45.788 (index):1047 UPDATE_0
11:29:45.889 (index):1038 THINKING_0
11:29:45.933 (index):1047 UPDATE_1
11:29:46.035 (index):1038 THINKING_1
11:29:48.459 (index):1047 UPDATE_0
11:29:48.561 (index):1038 THINKING_0
11:29:50.428 (index):1047 UPDATE_1
11:29:50.530 (index):1022 NODEACCESSRELEASED_1
11:29:51.531 (index):1083 NODEACCESSREQUESTED_1
11:29:52.532 (index):1047 UPDATE_1
11:29:52.634 (index):1038 THINKING_1
11:29:53.503 (index):1047 UPDATE_0
11:29:53.604 (index):1022 NODEACCESSRELEASED_0
11:29:54.606 (index):1083 NODEACCESSREQUESTED_0
11:29:54.945 (index):1047 UPDATE_1
11:29:55.046 (index):1022 NODEACCESSRELEASED_1
11:29:55.607 (index):1047 UPDATE_0
11:29:55.708 (index):1038 THINKING_0
11:29:56.047 (index):1083 NODEACCESSREQUESTED_1
11:29:57.049 (index):1047 UPDATE_1
11:29:57.150 (index):1038 THINKING_1
11:29:57.865 (index):1047 UPDATE_0
11:29:57.966 (index):1022 NODEACCESSRELEASED_0
11:29:58.967 (index):1083 NODEACCESSREQUESTED_0
11:29:59.968 (index):1047 UPDATE_0
11:30:00.069 (index):1022 NODEACCESSRELEASED_0
11:30:00.080 (index):1047 UPDATE_1
11:30:00.181 (index):1038 THINKING_1
11:30:01.070 (index):1083 NODEACCESSREQUESTED_0
11:30:02.071 (index):1047 UPDATE_0
11:30:02.173 (index):1038 THINKING_0
11:30:04.791 (index):1047 UPDATE_1
11:30:04.892 (index):1038 THINKING_1
11:30:06.168 (index):1047 UPDATE_0
11:30:06.269 (index):1022 NODEACCESSRELEASED_0
11:30:07.271 (index):1077 ATTRIBUTEACCESSREQUESTED_0
11:30:08.272 (index):1050 UPDATE_0
11:30:08.373 (index):1026 ATTRIBUTEACCESSRELEASED_0
11:30:09.085 (index):1047 UPDATE_1
11:30:09.186 (index):1022 NODEACCESSRELEASED_1
11:30:09.374 (index):1083 NODEACCESSREQUESTED_0
11:30:10.187 (index):1083 NODEACCESSREQUESTED_1
11:30:10.375 (index):1047 UPDATE_0
11:30:10.477 (index):1022 NODEACCESSRELEASED_0
11:30:11.189 (index):1047 UPDATE_1
11:30:11.290 (index):1038 THINKING_1
11:30:11.478 (index):1083 NODEACCESSREQUESTED_0
11:30:12.479 (index):1047 UPDATE_0
11:30:12.580 (index):1117 END_0
11:30:13.468 (index):1047 UPDATE_1
11:30:13.570 (index):1022 NODEACCESSRELEASED_1
11:30:14.571 (index):1083 NODEACCESSREQUESTED_1
11:30:15.572 (index):1047 UPDATE_1
11:30:15.674 (index):1117 END_1
