11:36:31.702 (index):1352 Tasks: 25; Collaborators: 12    =========================>
11:36:31.703 (index):1077 ATTRIBUTEACCESSREQUESTED_0
11:36:31.704 (index):1083 NODEACCESSREQUESTED_1
11:36:31.705 (index):1083 NODEACCESSREQUESTED_2
11:36:31.706 (index):1077 ATTRIBUTEACCESSREQUESTED_3
11:36:31.707 (index):1077 ATTRIBUTEACCESSREQUESTED_4
11:36:31.708 (index):1083 NODEACCESSREQUESTED_5
11:36:31.709 (index):1083 NODEACCESSREQUESTED_6
11:36:31.710 (index):1077 ATTRIBUTEACCESSREQUESTED_7
11:36:31.710 (index):1083 NODEACCESSREQUESTED_8
11:36:31.711 (index):1083 NODEACCESSREQUESTED_9
11:36:31.711 (index):1083 NODEACCESSREQUESTED_10
11:36:31.712 (index):1083 NODEACCESSREQUESTED_11
11:36:32.704 (index):1038 THINKING_0
11:36:32.706 (index):1038 THINKING_1
11:36:32.707 (index):1022 NODEACCESSRELEASED_2
11:36:32.707 (index):1106 WAITING_3
11:36:32.708 (index):1106 WAITING_4
11:36:32.709 (index):1022 NODEACCESSRELEASED_5
11:36:32.710 (index):1038 THINKING_6
11:36:32.711 (index):1026 ATTRIBUTEACCESSRELEASED_7
11:36:32.712 (index):1038 THINKING_8
11:36:32.713 (index):1022 NODEACCESSRELEASED_9
11:36:32.714 (index):1022 NODEACCESSRELEASED_10
11:36:32.715 (index):1038 THINKING_11
11:36:33.708 (index):1083 NODEACCESSREQUESTED_2
11:36:33.709 (index):1106 WAITING_3
11:36:33.710 (index):1106 WAITING_4
11:36:33.711 (index):1083 NODEACCESSREQUESTED_5
11:36:33.712 (index):1077 ATTRIBUTEACCESSREQUESTED_7
11:36:33.714 (index):1083 NODEACCESSREQUESTED_9
11:36:33.715 (index):1083 NODEACCESSREQUESTED_10
11:36:34.709 (index):1047 UPDATE_2
11:36:34.710 (index):1106 WAITING_3
11:36:34.711 (index):1106 WAITING_4
11:36:34.712 (index):1047 UPDATE_5
11:36:34.713 (index):1050 UPDATE_7
11:36:34.715 (index):1047 UPDATE_9
11:36:34.716 (index):1047 UPDATE_10
11:36:34.738 (index):1047 UPDATE_8
11:36:34.810 (index):1022 NODEACCESSRELEASED_2
11:36:34.812 (index):1038 THINKING_5
11:36:34.814 (index):1026 ATTRIBUTEACCESSRELEASED_7
11:36:34.815 (index):1038 THINKING_9
11:36:34.816 (index):1038 THINKING_10
11:36:34.839 (index):1038 THINKING_8
11:36:35.177 (index):1047 UPDATE_11
11:36:35.278 (index):1038 THINKING_11
11:36:35.428 (index):1047 UPDATE_6
11:36:35.530 (index):1022 NODEACCESSRELEASED_6
11:36:35.652 (index):1047 UPDATE_1
11:36:35.710 (index):1106 WAITING_3
11:36:35.711 (index):1106 WAITING_4
11:36:35.753 (index):1022 NODEACCESSRELEASED_1
11:36:35.811 (index):1083 NODEACCESSREQUESTED_2
11:36:35.815 (index):1083 NODEACCESSREQUESTED_7
11:36:36.531 (index):1077 ATTRIBUTEACCESSREQUESTED_6
11:36:36.712 (index):1106 WAITING_3
11:36:36.713 (index):1106 WAITING_4
11:36:36.754 (index):1083 NODEACCESSREQUESTED_1
11:36:36.812 (index):1047 UPDATE_2
11:36:36.815 (index):1047 UPDATE_7
11:36:36.868 (index):1047 UPDATE_10
11:36:36.913 (index):1022 NODEACCESSRELEASED_2
11:36:36.916 (index):1022 NODEACCESSRELEASED_7
11:36:36.970 (index):1022 NODEACCESSRELEASED_10
11:36:37.054 (index):1050 UPDATE_0
11:36:37.155 (index):1026 ATTRIBUTEACCESSRELEASED_0
11:36:37.227 (index):1047 UPDATE_5
11:36:37.328 (index):1022 NODEACCESSRELEASED_5
11:36:37.532 (index):1050 UPDATE_6
11:36:37.634 (index):1026 ATTRIBUTEACCESSRELEASED_6
11:36:37.712 (index):1026 ATTRIBUTEACCESSRELEASED_3
11:36:37.714 (index):1026 ATTRIBUTEACCESSRELEASED_4
11:36:37.755 (index):1047 UPDATE_1
11:36:37.856 (index):1038 THINKING_1
11:36:37.914 (index):1077 ATTRIBUTEACCESSREQUESTED_2
11:36:37.917 (index):1083 NODEACCESSREQUESTED_7
11:36:37.971 (index):1083 NODEACCESSREQUESTED_10
11:36:38.156 (index):1077 ATTRIBUTEACCESSREQUESTED_0
11:36:38.330 (index):1083 NODEACCESSREQUESTED_5
11:36:38.576 (index):1047 UPDATE_11
11:36:38.635 (index):1083 NODEACCESSREQUESTED_6
11:36:38.677 (index):1022 NODEACCESSRELEASED_11
11:36:38.714 (index):1077 ATTRIBUTEACCESSREQUESTED_3
11:36:38.715 (index):1077 ATTRIBUTEACCESSREQUESTED_4
11:36:38.915 (index):1050 UPDATE_2
11:36:38.917 (index):1047 UPDATE_7
11:36:38.972 (index):1047 UPDATE_10
11:36:39.016 (index):1038 THINKING_2
11:36:39.018 (index):1038 THINKING_7
11:36:39.073 (index):1038 THINKING_10
11:36:39.158 (index):1106 WAITING_0
11:36:39.280 (index):1047 UPDATE_8
11:36:39.327 (index):1047 UPDATE_9
11:36:39.331 (index):1047 UPDATE_5
11:36:39.381 (index):1022 NODEACCESSRELEASED_8
11:36:39.428 (index):1038 THINKING_9
11:36:39.432 (index):1038 THINKING_5
11:36:39.636 (index):1047 UPDATE_6
11:36:39.678 (index):1083 NODEACCESSREQUESTED_11
11:36:39.715 (index):1050 UPDATE_3
11:36:39.716 (index):1106 WAITING_4
11:36:39.738 (index):1022 NODEACCESSRELEASED_6
11:36:39.816 (index):1026 ATTRIBUTEACCESSRELEASED_3
11:36:40.159 (index):1106 WAITING_0
11:36:40.383 (index):1077 ATTRIBUTEACCESSREQUESTED_8
11:36:40.680 (index):1047 UPDATE_11
11:36:40.718 (index):1106 WAITING_4
11:36:40.738 (index):1083 NODEACCESSREQUESTED_6
11:36:40.781 (index):1022 NODEACCESSRELEASED_11
11:36:40.817 (index):1083 NODEACCESSREQUESTED_3
11:36:41.160 (index):1106 WAITING_0
11:36:41.190 (index):1047 UPDATE_7
11:36:41.292 (index):1022 NODEACCESSRELEASED_7
11:36:41.384 (index):1050 UPDATE_8
11:36:41.405 (index):1047 UPDATE_1
11:36:41.485 (index):1038 THINKING_8
11:36:41.506 (index):1038 THINKING_1
11:36:41.719 (index):1106 WAITING_4
11:36:41.735 (index):1050 UPDATE_2
11:36:41.739 (index):1047 UPDATE_6
11:36:41.782 (index):1083 NODEACCESSREQUESTED_11
11:36:41.818 (index):1047 UPDATE_3
11:36:41.835 (index):1047 UPDATE_9
11:36:41.836 (index):1026 ATTRIBUTEACCESSRELEASED_2
11:36:41.840 (index):1022 NODEACCESSRELEASED_6
11:36:41.920 (index):1038 THINKING_3
11:36:41.935 (index):1022 NODEACCESSRELEASED_9
11:36:42.050 (index):1047 UPDATE_10
11:36:42.152 (index):1022 NODEACCESSRELEASED_10
11:36:42.161 (index):1050 UPDATE_0
11:36:42.262 (index):1026 ATTRIBUTEACCESSRELEASED_0
11:36:42.293 (index):1077 ATTRIBUTEACCESSREQUESTED_7
11:36:42.572 (index):1047 UPDATE_5
11:36:42.674 (index):1022 NODEACCESSRELEASED_5
11:36:42.720 (index):1050 UPDATE_4
11:36:42.783 (index):1047 UPDATE_11
11:36:42.821 (index):1026 ATTRIBUTEACCESSRELEASED_4
11:36:42.836 (index):1077 ATTRIBUTEACCESSREQUESTED_2
11:36:42.841 (index):1083 NODEACCESSREQUESTED_6
11:36:42.885 (index):1022 NODEACCESSRELEASED_11
11:36:42.936 (index):1077 ATTRIBUTEACCESSREQUESTED_9
11:36:43.153 (index):1083 NODEACCESSREQUESTED_10
11:36:43.264 (index):1083 NODEACCESSREQUESTED_0
11:36:43.294 (index):1050 UPDATE_7
11:36:43.396 (index):1038 THINKING_7
11:36:43.675 (index):1077 ATTRIBUTEACCESSREQUESTED_5
11:36:43.822 (index):1083 NODEACCESSREQUESTED_4
11:36:43.837 (index):1050 UPDATE_2
11:36:43.843 (index):1047 UPDATE_6
11:36:43.887 (index):1083 NODEACCESSREQUESTED_11
11:36:43.938 (index):1106 WAITING_9
11:36:43.939 (index):1026 ATTRIBUTEACCESSRELEASED_2
11:36:43.944 (index):1022 NODEACCESSRELEASED_6
11:36:44.154 (index):1047 UPDATE_10
11:36:44.256 (index):1038 THINKING_10
11:36:44.265 (index):1047 UPDATE_0
11:36:44.366 (index):1038 THINKING_0
11:36:44.676 (index):1106 WAITING_5
11:36:44.824 (index):1047 UPDATE_4
11:36:44.888 (index):1047 UPDATE_11
11:36:44.925 (index):1022 NODEACCESSRELEASED_4
11:36:44.939 (index):1050 UPDATE_9
11:36:44.940 (index):1083 NODEACCESSREQUESTED_2
11:36:44.945 (index):1077 ATTRIBUTEACCESSREQUESTED_6
11:36:44.989 (index):1038 THINKING_11
11:36:45.040 (index):1026 ATTRIBUTEACCESSRELEASED_9
11:36:45.677 (index):1050 UPDATE_5
11:36:45.779 (index):1038 THINKING_5
11:36:45.899 (index):1047 UPDATE_1
11:36:45.926 (index):1077 ATTRIBUTEACCESSREQUESTED_4
11:36:45.941 (index):1047 UPDATE_2
11:36:45.946 (index):1106 WAITING_6
11:36:46.000 (index):1022 NODEACCESSRELEASED_1
11:36:46.008 (index):1050 UPDATE_8
11:36:46.036 (index):1047 UPDATE_3
11:36:46.042 (index):1077 ATTRIBUTEACCESSREQUESTED_9
11:36:46.043 (index):1038 THINKING_2
11:36:46.109 (index):1026 ATTRIBUTEACCESSRELEASED_8
11:36:46.138 (index):1022 NODEACCESSRELEASED_3
11:36:46.927 (index):1106 WAITING_4
11:36:46.937 (index):1047 UPDATE_0
11:36:46.947 (index):1050 UPDATE_6
11:36:47.001 (index):1083 NODEACCESSREQUESTED_1
11:36:47.037 (index):1038 THINKING_0
11:36:47.043 (index):1050 UPDATE_9
11:36:47.047 (index):1038 THINKING_6
11:36:47.111 (index):1077 ATTRIBUTEACCESSREQUESTED_8
11:36:47.139 (index):1077 ATTRIBUTEACCESSREQUESTED_3
11:36:47.144 (index):1026 ATTRIBUTEACCESSRELEASED_9
11:36:47.928 (index):1106 WAITING_4
11:36:48.002 (index):1047 UPDATE_1
11:36:48.034 (index):1050 UPDATE_7
11:36:48.103 (index):1038 THINKING_1
11:36:48.112 (index):1050 UPDATE_8
11:36:48.135 (index):1026 ATTRIBUTEACCESSRELEASED_7
11:36:48.140 (index):1106 WAITING_3
11:36:48.145 (index):1083 NODEACCESSREQUESTED_9
11:36:48.213 (index):1026 ATTRIBUTEACCESSRELEASED_8
11:36:48.594 (index):1047 UPDATE_2
11:36:48.695 (index):1038 THINKING_2
11:36:48.920 (index):1047 UPDATE_10
11:36:48.929 (index):1050 UPDATE_4
11:36:49.021 (index):1022 NODEACCESSRELEASED_10
11:36:49.030 (index):1026 ATTRIBUTEACCESSRELEASED_4
11:36:49.136 (index):1083 NODEACCESSREQUESTED_7
11:36:49.141 (index):1106 WAITING_3
11:36:49.146 (index):1047 UPDATE_9
11:36:49.214 (index):1083 NODEACCESSREQUESTED_8
11:36:49.247 (index):1038 THINKING_9
11:36:49.267 (index):1047 UPDATE_11
11:36:49.318 (index):1050 UPDATE_6
11:36:49.369 (index):1022 NODEACCESSRELEASED_11
11:36:49.419 (index):1038 THINKING_6
11:36:50.023 (index):1083 NODEACCESSREQUESTED_10
11:36:50.031 (index):1083 NODEACCESSREQUESTED_4
11:36:50.138 (index):1047 UPDATE_7
11:36:50.142 (index):1106 WAITING_3
11:36:50.216 (index):1047 UPDATE_8
11:36:50.239 (index):1022 NODEACCESSRELEASED_7
11:36:50.316 (index):1038 THINKING_8
11:36:50.361 (index):1050 UPDATE_5
11:36:50.370 (index):1077 ATTRIBUTEACCESSREQUESTED_11
11:36:50.414 (index):1047 UPDATE_1
11:36:50.462 (index):1038 THINKING_5
11:36:50.516 (index):1022 NODEACCESSRELEASED_1
11:36:50.922 (index):1047 UPDATE_2
11:36:51.023 (index):1047 UPDATE_10
11:36:51.024 (index):1038 THINKING_2
11:36:51.032 (index):1047 UPDATE_4
11:36:51.124 (index):1038 THINKING_10
11:36:51.133 (index):1022 NODEACCESSRELEASED_4
11:36:51.142 (index):1106 WAITING_3
11:36:51.240 (index):1083 NODEACCESSREQUESTED_7
11:36:51.371 (index):1050 UPDATE_11
11:36:51.472 (index):1026 ATTRIBUTEACCESSRELEASED_11
11:36:51.517 (index):1083 NODEACCESSREQUESTED_1
11:36:51.980 (index):1047 UPDATE_0
11:36:52.081 (index):1022 NODEACCESSRELEASED_0
11:36:52.134 (index):1077 ATTRIBUTEACCESSREQUESTED_4
11:36:52.143 (index):1106 WAITING_3
11:36:52.241 (index):1047 UPDATE_7
11:36:52.342 (index):1022 NODEACCESSRELEASED_7
11:36:52.358 (index):1047 UPDATE_9
11:36:52.373 (index):1050 UPDATE_6
11:36:52.459 (index):1022 NODEACCESSRELEASED_9
11:36:52.474 (index):1077 ATTRIBUTEACCESSREQUESTED_11
11:36:52.475 (index):1026 ATTRIBUTEACCESSRELEASED_6
11:36:52.504 (index):1050 UPDATE_5
11:36:52.518 (index):1047 UPDATE_1
11:36:52.605 (index):1026 ATTRIBUTEACCESSRELEASED_5
11:36:52.619 (index):1038 THINKING_1
11:36:53.082 (index):1083 NODEACCESSREQUESTED_0
11:36:53.135 (index):1050 UPDATE_4
11:36:53.144 (index):1050 UPDATE_3
11:36:53.236 (index):1038 THINKING_4
11:36:53.245 (index):1026 ATTRIBUTEACCESSRELEASED_3
11:36:53.344 (index):1077 ATTRIBUTEACCESSREQUESTED_7
11:36:53.461 (index):1083 NODEACCESSREQUESTED_9
11:36:53.475 (index):1106 WAITING_11
11:36:53.476 (index):1083 NODEACCESSREQUESTED_6
11:36:53.606 (index):1083 NODEACCESSREQUESTED_5
11:36:53.614 (index):1047 UPDATE_8
11:36:53.714 (index):1022 NODEACCESSRELEASED_8
11:36:54.083 (index):1047 UPDATE_0
11:36:54.185 (index):1038 THINKING_0
11:36:54.247 (index):1083 NODEACCESSREQUESTED_3
11:36:54.345 (index):1050 UPDATE_7
11:36:54.446 (index):1026 ATTRIBUTEACCESSRELEASED_7
11:36:54.462 (index):1047 UPDATE_9
11:36:54.476 (index):1106 WAITING_11
11:36:54.477 (index):1047 UPDATE_6
11:36:54.563 (index):1022 NODEACCESSRELEASED_9
11:36:54.578 (index):1022 NODEACCESSRELEASED_6
11:36:54.607 (index):1047 UPDATE_5
11:36:54.708 (index):1038 THINKING_5
11:36:54.715 (index):1083 NODEACCESSREQUESTED_8
11:36:54.909 (index):1047 UPDATE_10
11:36:55.010 (index):1022 NODEACCESSRELEASED_10
11:36:55.248 (index):1047 UPDATE_3
11:36:55.349 (index):1022 NODEACCESSRELEASED_3
11:36:55.447 (index):1083 NODEACCESSREQUESTED_7
11:36:55.478 (index):1106 WAITING_11
11:36:55.549 (index):1047 UPDATE_1
11:36:55.564 (index):1077 ATTRIBUTEACCESSREQUESTED_9
11:36:55.579 (index):1083 NODEACCESSREQUESTED_6
11:36:55.650 (index):1038 THINKING_1
11:36:55.675 (index):1050 UPDATE_4
11:36:55.717 (index):1047 UPDATE_8
11:36:55.776 (index):1026 ATTRIBUTEACCESSRELEASED_4
11:36:55.817 (index):1022 NODEACCESSRELEASED_8
11:36:55.879 (index):1047 UPDATE_2
11:36:55.980 (index):1022 NODEACCESSRELEASED_2
11:36:56.012 (index):1083 NODEACCESSREQUESTED_10
11:36:56.341 (index):1047 UPDATE_0
11:36:56.350 (index):1083 NODEACCESSREQUESTED_3
11:36:56.442 (index):1022 NODEACCESSRELEASED_0
11:36:56.448 (index):1047 UPDATE_7
11:36:56.478 (index):1050 UPDATE_11
11:36:56.549 (index):1022 NODEACCESSRELEASED_7
11:36:56.565 (index):1106 WAITING_9
11:36:56.580 (index):1026 ATTRIBUTEACCESSRELEASED_11
11:36:56.581 (index):1047 UPDATE_6
11:36:56.682 (index):1022 NODEACCESSRELEASED_6
11:36:56.777 (index):1077 ATTRIBUTEACCESSREQUESTED_4
11:36:56.819 (index):1083 NODEACCESSREQUESTED_8
11:36:56.981 (index):1083 NODEACCESSREQUESTED_2
11:36:57.013 (index):1047 UPDATE_10
11:36:57.114 (index):1038 THINKING_10
11:36:57.352 (index):1047 UPDATE_3
11:36:57.444 (index):1083 NODEACCESSREQUESTED_0
11:36:57.453 (index):1022 NODEACCESSRELEASED_3
11:36:57.551 (index):1077 ATTRIBUTEACCESSREQUESTED_7
11:36:57.566 (index):1050 UPDATE_9
11:36:57.581 (index):1083 NODEACCESSREQUESTED_11
11:36:57.667 (index):1038 THINKING_9
11:36:57.683 (index):1077 ATTRIBUTEACCESSREQUESTED_6
11:36:57.779 (index):1106 WAITING_4
11:36:57.820 (index):1047 UPDATE_8
11:36:57.921 (index):1022 NODEACCESSRELEASED_8
11:36:57.982 (index):1047 UPDATE_2
11:36:58.084 (index):1022 NODEACCESSRELEASED_2
11:36:58.445 (index):1047 UPDATE_0
11:36:58.454 (index):1083 NODEACCESSREQUESTED_3
11:36:58.547 (index):1022 NODEACCESSRELEASED_0
11:36:58.552 (index):1106 WAITING_7
11:36:58.582 (index):1047 UPDATE_11
11:36:58.683 (index):1038 THINKING_11
11:36:58.684 (index):1050 UPDATE_6
11:36:58.780 (index):1106 WAITING_4
11:36:58.785 (index):1026 ATTRIBUTEACCESSRELEASED_6
11:36:58.923 (index):1083 NODEACCESSREQUESTED_8
11:36:59.085 (index):1083 NODEACCESSREQUESTED_2
11:36:59.455 (index):1047 UPDATE_3
11:36:59.548 (index):1083 NODEACCESSREQUESTED_0
11:36:59.553 (index):1106 WAITING_7
11:36:59.557 (index):1022 NODEACCESSRELEASED_3
11:36:59.643 (index):1047 UPDATE_5
11:36:59.745 (index):1022 NODEACCESSRELEASED_5
11:36:59.781 (index):1106 WAITING_4
11:36:59.787 (index):1083 NODEACCESSREQUESTED_6
11:36:59.924 (index):1047 UPDATE_8
11:37:00.025 (index):1022 NODEACCESSRELEASED_8
11:37:00.086 (index):1047 UPDATE_2
11:37:00.188 (index):1022 NODEACCESSRELEASED_2
11:37:00.260 (index):1047 UPDATE_1
11:37:00.362 (index):1038 THINKING_1
11:37:00.549 (index):1047 UPDATE_0
11:37:00.555 (index):1106 WAITING_7
11:37:00.558 (index):1083 NODEACCESSREQUESTED_3
11:37:00.650 (index):1038 THINKING_0
11:37:00.746 (index):1083 NODEACCESSREQUESTED_5
11:37:00.782 (index):1106 WAITING_4
11:37:00.788 (index):1047 UPDATE_6
11:37:00.889 (index):1022 NODEACCESSRELEASED_6
11:37:01.027 (index):1083 NODEACCESSREQUESTED_8
11:37:01.189 (index):1083 NODEACCESSREQUESTED_2
11:37:01.290 (index):1050 UPDATE_9
11:37:01.392 (index):1026 ATTRIBUTEACCESSRELEASED_9
11:37:01.556 (index):1106 WAITING_7
11:37:01.559 (index):1047 UPDATE_3
11:37:01.661 (index):1038 THINKING_3
11:37:01.747 (index):1047 UPDATE_5
11:37:01.783 (index):1050 UPDATE_4
11:37:01.849 (index):1022 NODEACCESSRELEASED_5
11:37:01.885 (index):1038 THINKING_4
11:37:01.890 (index):1083 NODEACCESSREQUESTED_6
11:37:01.999 (index):1047 UPDATE_10
11:37:02.028 (index):1047 UPDATE_8
11:37:02.068 (index):1047 UPDATE_11
11:37:02.100 (index):1022 NODEACCESSRELEASED_10
11:37:02.130 (index):1022 NODEACCESSRELEASED_8
11:37:02.169 (index):1022 NODEACCESSRELEASED_11
11:37:02.190 (index):1047 UPDATE_2
11:37:02.292 (index):1022 NODEACCESSRELEASED_2
11:37:02.393 (index):1077 ATTRIBUTEACCESSREQUESTED_9
11:37:02.557 (index):1106 WAITING_7
11:37:02.850 (index):1083 NODEACCESSREQUESTED_5
11:37:02.891 (index):1047 UPDATE_6
11:37:02.993 (index):1117 END_6
11:37:03.101 (index):1077 ATTRIBUTEACCESSREQUESTED_10
11:37:03.131 (index):1077 ATTRIBUTEACCESSREQUESTED_8
11:37:03.170 (index):1083 NODEACCESSREQUESTED_11
11:37:03.293 (index):1083 NODEACCESSREQUESTED_2
11:37:03.394 (index):1050 UPDATE_9
11:37:03.496 (index):1026 ATTRIBUTEACCESSRELEASED_9
11:37:03.558 (index):1106 WAITING_7
11:37:03.852 (index):1047 UPDATE_5
11:37:03.953 (index):1022 NODEACCESSRELEASED_5
11:37:04.068 (index):1047 UPDATE_3
11:37:04.102 (index):1050 UPDATE_10
11:37:04.132 (index):1106 WAITING_8
11:37:04.169 (index):1022 NODEACCESSRELEASED_3
11:37:04.171 (index):1047 UPDATE_11
11:37:04.204 (index):1026 ATTRIBUTEACCESSRELEASED_10
11:37:04.272 (index):1022 NODEACCESSRELEASED_11
11:37:04.294 (index):1047 UPDATE_2
11:37:04.395 (index):1117 END_2
11:37:04.497 (index):1083 NODEACCESSREQUESTED_9
11:37:04.554 (index):1047 UPDATE_1
11:37:04.560 (index):1106 WAITING_7
11:37:04.645 (index):1047 UPDATE_0
11:37:04.655 (index):1022 NODEACCESSRELEASED_1
11:37:04.747 (index):1022 NODEACCESSRELEASED_0
11:37:04.954 (index):1083 NODEACCESSREQUESTED_5
11:37:05.133 (index):1106 WAITING_8
11:37:05.170 (index):1077 ATTRIBUTEACCESSREQUESTED_3
11:37:05.204 (index):1077 ATTRIBUTEACCESSREQUESTED_10
11:37:05.273 (index):1077 ATTRIBUTEACCESSREQUESTED_11
11:37:05.498 (index):1047 UPDATE_9
11:37:05.561 (index):1106 WAITING_7
11:37:05.600 (index):1022 NODEACCESSRELEASED_9
11:37:05.656 (index):1083 NODEACCESSREQUESTED_1
11:37:05.748 (index):1077 ATTRIBUTEACCESSREQUESTED_0
11:37:05.956 (index):1047 UPDATE_5
11:37:06.057 (index):1022 NODEACCESSRELEASED_5
11:37:06.094 (index):1050 UPDATE_4
11:37:06.135 (index):1106 WAITING_8
11:37:06.172 (index):1050 UPDATE_3
11:37:06.195 (index):1038 THINKING_4
11:37:06.205 (index):1106 WAITING_10
11:37:06.272 (index):1026 ATTRIBUTEACCESSRELEASED_3
11:37:06.274 (index):1106 WAITING_11
11:37:06.562 (index):1106 WAITING_7
11:37:06.601 (index):1083 NODEACCESSREQUESTED_9
11:37:06.657 (index):1047 UPDATE_1
11:37:06.749 (index):1050 UPDATE_0
11:37:06.759 (index):1038 THINKING_1
11:37:06.850 (index):1026 ATTRIBUTEACCESSRELEASED_0
11:37:07.058 (index):1083 NODEACCESSREQUESTED_5
11:37:07.136 (index):1106 WAITING_8
11:37:07.207 (index):1050 UPDATE_10
11:37:07.274 (index):1077 ATTRIBUTEACCESSREQUESTED_3
11:37:07.275 (index):1106 WAITING_11
11:37:07.308 (index):1026 ATTRIBUTEACCESSRELEASED_10
11:37:07.563 (index):1106 WAITING_7
11:37:07.602 (index):1047 UPDATE_9
11:37:07.704 (index):1117 END_9
11:37:07.851 (index):1083 NODEACCESSREQUESTED_0
11:37:08.060 (index):1047 UPDATE_5
11:37:08.137 (index):1106 WAITING_8
11:37:08.161 (index):1117 END_5
11:37:08.275 (index):1050 UPDATE_3
11:37:08.276 (index):1106 WAITING_11
11:37:08.309 (index):1083 NODEACCESSREQUESTED_10
11:37:08.376 (index):1038 THINKING_3
11:37:08.564 (index):1106 WAITING_7
11:37:08.853 (index):1047 UPDATE_0
11:37:08.937 (index):1047 UPDATE_1
11:37:08.954 (index):1022 NODEACCESSRELEASED_0
11:37:09.038 (index):1022 NODEACCESSRELEASED_1
11:37:09.138 (index):1106 WAITING_8
11:37:09.276 (index):1106 WAITING_11
11:37:09.310 (index):1047 UPDATE_10
11:37:09.412 (index):1117 END_10
11:37:09.565 (index):1106 WAITING_7
11:37:09.955 (index):1083 NODEACCESSREQUESTED_0
11:37:10.040 (index):1083 NODEACCESSREQUESTED_1
11:37:10.140 (index):1106 WAITING_8
11:37:10.154 (index):1050 UPDATE_4
11:37:10.255 (index):1038 THINKING_4
11:37:10.277 (index):1106 WAITING_11
11:37:10.567 (index):1106 WAITING_7
11:37:10.714 (index):1050 UPDATE_3
11:37:10.815 (index):1026 ATTRIBUTEACCESSRELEASED_3
11:37:10.956 (index):1047 UPDATE_0
11:37:11.041 (index):1047 UPDATE_1
11:37:11.058 (index):1117 END_0
11:37:11.141 (index):1106 WAITING_8
11:37:11.142 (index):1117 END_1
11:37:11.279 (index):1106 WAITING_11
11:37:11.568 (index):1106 WAITING_7
11:37:11.816 (index):1083 NODEACCESSREQUESTED_3
11:37:12.142 (index):1106 WAITING_8
11:37:12.280 (index):1106 WAITING_11
11:37:12.569 (index):1106 WAITING_7
11:37:12.818 (index):1047 UPDATE_3
11:37:12.919 (index):1117 END_3
11:37:13.021 (index):1050 UPDATE_4
11:37:13.123 (index):1026 ATTRIBUTEACCESSRELEASED_4
11:37:13.143 (index):1106 WAITING_8
11:37:13.281 (index):1106 WAITING_11
11:37:13.570 (index):1050 UPDATE_7
11:37:13.671 (index):1038 THINKING_7
11:37:14.124 (index):1083 NODEACCESSREQUESTED_4
11:37:14.144 (index):1106 WAITING_8
11:37:14.282 (index):1106 WAITING_11
11:37:15.125 (index):1047 UPDATE_4
11:37:15.145 (index):1106 WAITING_8
11:37:15.225 (index):1022 NODEACCESSRELEASED_4
11:37:15.283 (index):1106 WAITING_11
11:37:16.146 (index):1106 WAITING_8
11:37:16.226 (index):1083 NODEACCESSREQUESTED_4
11:37:16.284 (index):1106 WAITING_11
11:37:17.107 (index):1050 UPDATE_7
11:37:17.147 (index):1106 WAITING_8
11:37:17.209 (index):1026 ATTRIBUTEACCESSRELEASED_7
11:37:17.228 (index):1047 UPDATE_4
11:37:17.285 (index):1106 WAITING_11
11:37:17.329 (index):1038 THINKING_4
11:37:18.148 (index):1050 UPDATE_8
11:37:18.210 (index):1083 NODEACCESSREQUESTED_7
11:37:18.249 (index):1026 ATTRIBUTEACCESSRELEASED_8
11:37:18.286 (index):1050 UPDATE_11
11:37:18.387 (index):1038 THINKING_11
11:37:19.211 (index):1047 UPDATE_7
11:37:19.250 (index):1083 NODEACCESSREQUESTED_8
11:37:19.312 (index):1117 END_7
11:37:20.252 (index):1047 UPDATE_8
11:37:20.353 (index):1117 END_8
11:37:21.552 (index):1050 UPDATE_11
11:37:21.653 (index):1117 END_11
11:37:21.719 (index):1047 UPDATE_4
11:37:21.820 (index):1117 END_4
