12:32:21.509 (index):1531 Tasks: 25; Collaborators: 18    =========================>
12:32:21.509 (index):1064 ATTRIBUTEACCESSREQUESTED_0
12:32:21.510 (index):1070 NODEACCESSREQUESTED_1
12:32:21.511 (index):1070 NODEACCESSREQUESTED_2
12:32:21.512 (index):1064 ATTRIBUTEACCESSREQUESTED_3
12:32:21.513 (index):1064 ATTRIBUTEACCESSREQUESTED_4
12:32:21.514 (index):1070 NODEACCESSREQUESTED_5
12:32:21.515 (index):1070 NODEACCESSREQUESTED_6
12:32:21.516 (index):1064 ATTRIBUTEACCESSREQUESTED_7
12:32:21.517 (index):1070 NODEACCESSREQUESTED_8
12:32:21.518 (index):1070 NODEACCESSREQUESTED_9
12:32:21.519 (index):1070 NODEACCESSREQUESTED_10
12:32:21.520 (index):1070 NODEACCESSREQUESTED_11
12:32:21.521 (index):1070 NODEACCESSREQUESTED_12
12:32:21.522 (index):1070 NODEACCESSREQUESTED_13
12:32:21.522 (index):1070 NODEACCESSREQUESTED_14
12:32:21.523 (index):1070 NODEACCESSREQUESTED_15
12:32:21.523 (index):1070 NODEACCESSREQUESTED_16
12:32:21.524 (index):1070 NODEACCESSREQUESTED_17
12:32:22.511 (index):1025 THINKING_0
12:32:22.512 (index):1025 THINKING_1
12:32:22.513 (index):1009 NODEACCESSRELEASED_2
12:32:22.514 (index):1013 ATTRIBUTEACCESSRELEASED_3
12:32:22.515 (index):1013 ATTRIBUTEACCESSRELEASED_4
12:32:22.516 (index):1009 NODEACCESSRELEASED_5
12:32:22.517 (index):1025 THINKING_6
12:32:22.518 (index):1093 WAITING_7
12:32:22.518 (index):1093 WAITING_8
12:32:22.519 (index):1093 WAITING_9
12:32:22.520 (index):1093 WAITING_10
12:32:22.521 (index):1093 WAITING_11
12:32:22.522 (index):1093 WAITING_12
12:32:22.522 (index):1093 WAITING_13
12:32:22.523 (index):1093 WAITING_14
12:32:22.523 (index):1093 WAITING_15
12:32:22.524 (index):1093 WAITING_16
12:32:22.525 (index):1093 WAITING_17
12:32:23.514 (index):1070 NODEACCESSREQUESTED_2
12:32:23.515 (index):1064 ATTRIBUTEACCESSREQUESTED_3
12:32:23.516 (index):1064 ATTRIBUTEACCESSREQUESTED_4
12:32:23.517 (index):1070 NODEACCESSREQUESTED_5
12:32:23.518 (index):1093 WAITING_7
12:32:23.519 (index):1093 WAITING_8
12:32:23.520 (index):1093 WAITING_9
12:32:23.521 (index):1093 WAITING_10
12:32:23.522 (index):1093 WAITING_11
12:32:23.523 (index):1093 WAITING_12
12:32:23.524 (index):1093 WAITING_13
12:32:23.525 (index):1093 WAITING_14
12:32:23.526 (index):1093 WAITING_15
12:32:23.526 (index):1093 WAITING_16
12:32:23.527 (index):1093 WAITING_17
12:32:24.515 (index):1034 UPDATE_2
12:32:24.517 (index):1037 UPDATE_3
12:32:24.518 (index):1093 WAITING_4
12:32:24.519 (index):1034 UPDATE_5
12:32:24.520 (index):1093 WAITING_7
12:32:24.521 (index):1093 WAITING_8
12:32:24.522 (index):1093 WAITING_9
12:32:24.522 (index):1093 WAITING_10
12:32:24.523 (index):1093 WAITING_11
12:32:24.524 (index):1093 WAITING_12
12:32:24.525 (index):1093 WAITING_13
12:32:24.526 (index):1093 WAITING_14
12:32:24.527 (index):1093 WAITING_15
12:32:24.527 (index):1093 WAITING_16
12:32:24.527 (index):1093 WAITING_17
12:32:24.617 (index):1009 NODEACCESSRELEASED_2
12:32:24.618 (index):1013 ATTRIBUTEACCESSRELEASED_3
12:32:24.620 (index):1025 THINKING_5
12:32:25.235 (index):1034 UPDATE_6
12:32:25.336 (index):1009 NODEACCESSRELEASED_6
12:32:25.458 (index):1034 UPDATE_1
12:32:25.519 (index):1093 WAITING_4
12:32:25.521 (index):1093 WAITING_7
12:32:25.522 (index):1093 WAITING_8
12:32:25.523 (index):1093 WAITING_9
12:32:25.524 (index):1093 WAITING_10
12:32:25.525 (index):1093 WAITING_11
12:32:25.526 (index):1093 WAITING_12
12:32:25.527 (index):1093 WAITING_13
12:32:25.528 (index):1093 WAITING_14
12:32:25.529 (index):1093 WAITING_15
12:32:25.530 (index):1093 WAITING_16
12:32:25.530 (index):1093 WAITING_17
12:32:25.559 (index):1009 NODEACCESSRELEASED_1
12:32:25.618 (index):1070 NODEACCESSREQUESTED_2
12:32:25.619 (index):1070 NODEACCESSREQUESTED_3
12:32:26.338 (index):1064 ATTRIBUTEACCESSREQUESTED_6
12:32:26.520 (index):1093 WAITING_4
12:32:26.522 (index):1093 WAITING_7
12:32:26.523 (index):1093 WAITING_8
12:32:26.524 (index):1093 WAITING_9
12:32:26.525 (index):1093 WAITING_10
12:32:26.526 (index):1093 WAITING_11
12:32:26.527 (index):1093 WAITING_12
12:32:26.528 (index):1093 WAITING_13
12:32:26.529 (index):1093 WAITING_14
12:32:26.530 (index):1093 WAITING_15
12:32:26.530 (index):1093 WAITING_16
12:32:26.531 (index):1093 WAITING_17
12:32:26.560 (index):1070 NODEACCESSREQUESTED_1
12:32:26.619 (index):1034 UPDATE_2
12:32:26.620 (index):1034 UPDATE_3
12:32:26.720 (index):1009 NODEACCESSRELEASED_2
12:32:26.721 (index):1025 THINKING_3
12:32:26.860 (index):1037 UPDATE_0
12:32:26.962 (index):1013 ATTRIBUTEACCESSRELEASED_0
12:32:27.035 (index):1034 UPDATE_5
12:32:27.136 (index):1009 NODEACCESSRELEASED_5
12:32:27.339 (index):1037 UPDATE_6
12:32:27.441 (index):1013 ATTRIBUTEACCESSRELEASED_6
12:32:27.521 (index):1093 WAITING_4
12:32:27.523 (index):1013 ATTRIBUTEACCESSRELEASED_7
12:32:27.524 (index):1093 WAITING_8
12:32:27.525 (index):1093 WAITING_9
12:32:27.526 (index):1093 WAITING_10
12:32:27.527 (index):1093 WAITING_11
12:32:27.528 (index):1093 WAITING_12
12:32:27.529 (index):1093 WAITING_13
12:32:27.530 (index):1093 WAITING_14
12:32:27.531 (index):1093 WAITING_15
12:32:27.532 (index):1093 WAITING_16
12:32:27.533 (index):1093 WAITING_17
12:32:27.561 (index):1034 UPDATE_1
12:32:27.663 (index):1025 THINKING_1
12:32:27.721 (index):1064 ATTRIBUTEACCESSREQUESTED_2
12:32:27.963 (index):1064 ATTRIBUTEACCESSREQUESTED_0
12:32:28.138 (index):1070 NODEACCESSREQUESTED_5
12:32:28.442 (index):1070 NODEACCESSREQUESTED_6
12:32:28.523 (index):1037 UPDATE_4
12:32:28.524 (index):1064 ATTRIBUTEACCESSREQUESTED_7
12:32:28.525 (index):1093 WAITING_8
12:32:28.526 (index):1093 WAITING_9
12:32:28.527 (index):1093 WAITING_10
12:32:28.529 (index):1093 WAITING_11
12:32:28.530 (index):1093 WAITING_12
12:32:28.531 (index):1093 WAITING_13
12:32:28.531 (index):1093 WAITING_14
12:32:28.532 (index):1093 WAITING_15
12:32:28.533 (index):1093 WAITING_16
12:32:28.534 (index):1093 WAITING_17
12:32:28.624 (index):1013 ATTRIBUTEACCESSRELEASED_4
12:32:28.723 (index):1037 UPDATE_2
12:32:28.824 (index):1025 THINKING_2
12:32:28.964 (index):1037 UPDATE_0
12:32:29.066 (index):1013 ATTRIBUTEACCESSRELEASED_0
12:32:29.139 (index):1034 UPDATE_5
12:32:29.240 (index):1025 THINKING_5
12:32:29.443 (index):1034 UPDATE_6
12:32:29.525 (index):1037 UPDATE_7
12:32:29.526 (index):1093 WAITING_8
12:32:29.527 (index):1093 WAITING_9
12:32:29.529 (index):1093 WAITING_10
12:32:29.530 (index):1093 WAITING_11
12:32:29.531 (index):1093 WAITING_12
12:32:29.531 (index):1093 WAITING_13
12:32:29.532 (index):1093 WAITING_14
12:32:29.533 (index):1093 WAITING_15
12:32:29.533 (index):1093 WAITING_16
12:32:29.534 (index):1093 WAITING_17
12:32:29.545 (index):1009 NODEACCESSRELEASED_6
12:32:29.625 (index):1070 NODEACCESSREQUESTED_4
12:32:29.626 (index):1013 ATTRIBUTEACCESSRELEASED_7
12:32:30.067 (index):1070 NODEACCESSREQUESTED_0
12:32:30.527 (index):1093 WAITING_8
12:32:30.528 (index):1093 WAITING_9
12:32:30.530 (index):1093 WAITING_10
12:32:30.531 (index):1093 WAITING_11
12:32:30.532 (index):1093 WAITING_12
12:32:30.533 (index):1093 WAITING_13
12:32:30.533 (index):1093 WAITING_14
12:32:30.534 (index):1093 WAITING_15
12:32:30.535 (index):1093 WAITING_16
12:32:30.535 (index):1093 WAITING_17
12:32:30.545 (index):1070 NODEACCESSREQUESTED_6
12:32:30.626 (index):1034 UPDATE_4
12:32:30.627 (index):1070 NODEACCESSREQUESTED_7
12:32:30.727 (index):1009 NODEACCESSRELEASED_4
12:32:30.838 (index):1034 UPDATE_3
12:32:30.939 (index):1009 NODEACCESSRELEASED_3
12:32:31.069 (index):1093 WAITING_0
12:32:31.212 (index):1034 UPDATE_1
12:32:31.313 (index):1025 THINKING_1
12:32:31.528 (index):1093 WAITING_8
12:32:31.529 (index):1093 WAITING_9
12:32:31.531 (index):1093 WAITING_10
12:32:31.532 (index):1093 WAITING_11
12:32:31.533 (index):1093 WAITING_12
12:32:31.534 (index):1093 WAITING_13
12:32:31.534 (index):1093 WAITING_14
12:32:31.535 (index):1093 WAITING_15
12:32:31.536 (index):1093 WAITING_16
12:32:31.537 (index):1093 WAITING_17
12:32:31.543 (index):1037 UPDATE_2
12:32:31.546 (index):1093 WAITING_6
12:32:31.627 (index):1093 WAITING_7
12:32:31.644 (index):1013 ATTRIBUTEACCESSRELEASED_2
12:32:31.728 (index):1064 ATTRIBUTEACCESSREQUESTED_4
12:32:31.941 (index):1064 ATTRIBUTEACCESSREQUESTED_3
12:32:32.069 (index):1093 WAITING_0
12:32:32.380 (index):1034 UPDATE_5
12:32:32.481 (index):1009 NODEACCESSRELEASED_5
12:32:32.529 (index):1093 WAITING_8
12:32:32.530 (index):1093 WAITING_9
12:32:32.532 (index):1093 WAITING_10
12:32:32.533 (index):1093 WAITING_11
12:32:32.534 (index):1093 WAITING_12
12:32:32.534 (index):1093 WAITING_13
12:32:32.535 (index):1093 WAITING_14
12:32:32.536 (index):1093 WAITING_15
12:32:32.537 (index):1093 WAITING_16
12:32:32.538 (index):1093 WAITING_17
12:32:32.547 (index):1093 WAITING_6
12:32:32.628 (index):1093 WAITING_7
12:32:32.645 (index):1064 ATTRIBUTEACCESSREQUESTED_2
12:32:32.729 (index):1037 UPDATE_4
12:32:32.830 (index):1013 ATTRIBUTEACCESSRELEASED_4
12:32:32.941 (index):1037 UPDATE_3
12:32:33.043 (index):1013 ATTRIBUTEACCESSRELEASED_3
12:32:33.071 (index):1093 WAITING_0
12:32:33.483 (index):1064 ATTRIBUTEACCESSREQUESTED_5
12:32:33.530 (index):1093 WAITING_8
12:32:33.532 (index):1093 WAITING_9
12:32:33.533 (index):1093 WAITING_10
12:32:33.533 (index):1093 WAITING_11
12:32:33.534 (index):1093 WAITING_12
12:32:33.536 (index):1093 WAITING_13
12:32:33.537 (index):1093 WAITING_14
12:32:33.538 (index):1093 WAITING_15
12:32:33.540 (index):1093 WAITING_16
12:32:33.541 (index):1093 WAITING_17
12:32:33.548 (index):1093 WAITING_6
12:32:33.629 (index):1093 WAITING_7
12:32:33.645 (index):1037 UPDATE_2
12:32:33.746 (index):1013 ATTRIBUTEACCESSRELEASED_2
12:32:33.831 (index):1070 NODEACCESSREQUESTED_4
12:32:34.044 (index):1070 NODEACCESSREQUESTED_3
12:32:34.072 (index):1093 WAITING_0
12:32:34.484 (index):1037 UPDATE_5
12:32:34.532 (index):1093 WAITING_8
12:32:34.533 (index):1093 WAITING_9
12:32:34.534 (index):1093 WAITING_10
12:32:34.535 (index):1093 WAITING_11
12:32:34.536 (index):1093 WAITING_12
12:32:34.537 (index):1093 WAITING_13
12:32:34.538 (index):1093 WAITING_14
12:32:34.540 (index):1093 WAITING_15
12:32:34.541 (index):1093 WAITING_16
12:32:34.543 (index):1093 WAITING_17
12:32:34.549 (index):1093 WAITING_6
12:32:34.585 (index):1025 THINKING_5
12:32:34.630 (index):1093 WAITING_7
12:32:34.748 (index):1070 NODEACCESSREQUESTED_2
12:32:34.833 (index):1034 UPDATE_4
12:32:34.934 (index):1009 NODEACCESSRELEASED_4
12:32:35.046 (index):1034 UPDATE_3
12:32:35.073 (index):1093 WAITING_0
12:32:35.147 (index):1009 NODEACCESSRELEASED_3
12:32:35.533 (index):1093 WAITING_8
12:32:35.534 (index):1093 WAITING_9
12:32:35.535 (index):1093 WAITING_10
12:32:35.536 (index):1093 WAITING_11
12:32:35.537 (index):1093 WAITING_12
12:32:35.538 (index):1093 WAITING_13
12:32:35.539 (index):1093 WAITING_14
12:32:35.541 (index):1093 WAITING_15
12:32:35.542 (index):1093 WAITING_16
12:32:35.543 (index):1093 WAITING_17
12:32:35.550 (index):1093 WAITING_6
12:32:35.631 (index):1093 WAITING_7
12:32:35.706 (index):1034 UPDATE_1
12:32:35.749 (index):1034 UPDATE_2
12:32:35.808 (index):1009 NODEACCESSRELEASED_1
12:32:35.850 (index):1025 THINKING_2
12:32:35.935 (index):1064 ATTRIBUTEACCESSREQUESTED_4
12:32:36.075 (index):1093 WAITING_0
12:32:36.148 (index):1070 NODEACCESSREQUESTED_3
12:32:36.534 (index):1093 WAITING_8
12:32:36.535 (index):1093 WAITING_9
12:32:36.536 (index):1093 WAITING_10
12:32:36.537 (index):1093 WAITING_11
12:32:36.538 (index):1093 WAITING_12
12:32:36.539 (index):1093 WAITING_13
12:32:36.540 (index):1093 WAITING_14
12:32:36.541 (index):1093 WAITING_15
12:32:36.543 (index):1093 WAITING_16
12:32:36.544 (index):1093 WAITING_17
12:32:36.550 (index):1093 WAITING_6
12:32:36.631 (index):1093 WAITING_7
12:32:36.809 (index):1070 NODEACCESSREQUESTED_1
12:32:36.936 (index):1037 UPDATE_4
12:32:37.037 (index):1025 THINKING_4
12:32:37.076 (index):1093 WAITING_0
12:32:37.149 (index):1034 UPDATE_3
12:32:37.251 (index):1009 NODEACCESSRELEASED_3
12:32:37.535 (index):1093 WAITING_8
12:32:37.537 (index):1093 WAITING_9
12:32:37.538 (index):1093 WAITING_10
12:32:37.539 (index):1093 WAITING_11
12:32:37.540 (index):1093 WAITING_12
12:32:37.541 (index):1093 WAITING_13
12:32:37.542 (index):1093 WAITING_14
12:32:37.542 (index):1093 WAITING_15
12:32:37.543 (index):1093 WAITING_16
12:32:37.545 (index):1093 WAITING_17
12:32:37.551 (index):1093 WAITING_6
12:32:37.632 (index):1093 WAITING_7
12:32:37.811 (index):1034 UPDATE_1
12:32:37.912 (index):1025 THINKING_1
12:32:38.077 (index):1093 WAITING_0
12:32:38.252 (index):1070 NODEACCESSREQUESTED_3
12:32:38.401 (index):1034 UPDATE_2
12:32:38.502 (index):1025 THINKING_2
12:32:38.537 (index):1093 WAITING_8
12:32:38.538 (index):1093 WAITING_9
12:32:38.539 (index):1093 WAITING_10
12:32:38.540 (index):1093 WAITING_11
12:32:38.541 (index):1093 WAITING_12
12:32:38.542 (index):1093 WAITING_13
12:32:38.542 (index):1093 WAITING_14
12:32:38.543 (index):1093 WAITING_15
12:32:38.544 (index):1093 WAITING_16
12:32:38.545 (index):1093 WAITING_17
12:32:38.552 (index):1093 WAITING_6
12:32:38.633 (index):1093 WAITING_7
12:32:39.078 (index):1093 WAITING_0
12:32:39.167 (index):1037 UPDATE_5
12:32:39.253 (index):1034 UPDATE_3
12:32:39.269 (index):1025 THINKING_5
12:32:39.354 (index):1009 NODEACCESSRELEASED_3
12:32:39.475 (index):1037 UPDATE_4
12:32:39.538 (index):1093 WAITING_8
12:32:39.539 (index):1093 WAITING_9
12:32:39.541 (index):1093 WAITING_10
12:32:39.542 (index):1093 WAITING_11
12:32:39.543 (index):1093 WAITING_12
12:32:39.545 (index):1093 WAITING_13
12:32:39.546 (index):1093 WAITING_14
12:32:39.547 (index):1093 WAITING_15
12:32:39.547 (index):1093 WAITING_16
12:32:39.548 (index):1093 WAITING_17
12:32:39.553 (index):1093 WAITING_6
12:32:39.577 (index):1013 ATTRIBUTEACCESSRELEASED_4
12:32:39.634 (index):1093 WAITING_7
12:32:40.079 (index):1093 WAITING_0
12:32:40.223 (index):1034 UPDATE_1
12:32:40.324 (index):1009 NODEACCESSRELEASED_1
12:32:40.355 (index):1070 NODEACCESSREQUESTED_3
12:32:40.539 (index):1093 WAITING_8
12:32:40.541 (index):1093 WAITING_9
12:32:40.542 (index):1093 WAITING_10
12:32:40.543 (index):1093 WAITING_11
12:32:40.545 (index):1093 WAITING_12
12:32:40.546 (index):1093 WAITING_13
12:32:40.547 (index):1093 WAITING_14
12:32:40.548 (index):1093 WAITING_15
12:32:40.549 (index):1093 WAITING_16
12:32:40.549 (index):1093 WAITING_17
12:32:40.554 (index):1093 WAITING_6
12:32:40.578 (index):1064 ATTRIBUTEACCESSREQUESTED_4
12:32:40.635 (index):1093 WAITING_7
12:32:40.729 (index):1034 UPDATE_2
12:32:40.831 (index):1025 THINKING_2
12:32:41.080 (index):1093 WAITING_0
12:32:41.311 (index):1037 UPDATE_5
12:32:41.325 (index):1070 NODEACCESSREQUESTED_1
12:32:41.356 (index):1034 UPDATE_3
12:32:41.412 (index):1013 ATTRIBUTEACCESSRELEASED_5
12:32:41.457 (index):1025 THINKING_3
12:32:41.541 (index):1093 WAITING_8
12:32:41.541 (index):1093 WAITING_9
12:32:41.543 (index):1093 WAITING_10
12:32:41.544 (index):1093 WAITING_11
12:32:41.546 (index):1093 WAITING_12
12:32:41.547 (index):1093 WAITING_13
12:32:41.548 (index):1093 WAITING_14
12:32:41.549 (index):1093 WAITING_15
12:32:41.550 (index):1093 WAITING_16
12:32:41.550 (index):1093 WAITING_17
12:32:41.554 (index):1093 WAITING_6
12:32:41.579 (index):1037 UPDATE_4
12:32:41.635 (index):1093 WAITING_7
12:32:41.680 (index):1025 THINKING_4
12:32:42.081 (index):1093 WAITING_0
12:32:42.326 (index):1034 UPDATE_1
12:32:42.413 (index):1070 NODEACCESSREQUESTED_5
12:32:42.428 (index):1025 THINKING_1
12:32:42.542 (index):1093 WAITING_8
12:32:42.543 (index):1093 WAITING_9
12:32:42.544 (index):1093 WAITING_10
12:32:42.545 (index):1093 WAITING_11
12:32:42.547 (index):1093 WAITING_12
12:32:42.548 (index):1093 WAITING_13
12:32:42.549 (index):1093 WAITING_14
12:32:42.550 (index):1093 WAITING_15
12:32:42.550 (index):1093 WAITING_16
12:32:42.551 (index):1093 WAITING_17
12:32:42.555 (index):1093 WAITING_6
12:32:42.636 (index):1093 WAITING_7
12:32:43.083 (index):1093 WAITING_0
12:32:43.414 (index):1034 UPDATE_5
12:32:43.515 (index):1025 THINKING_5
12:32:43.543 (index):1093 WAITING_8
12:32:43.544 (index):1093 WAITING_9
12:32:43.545 (index):1093 WAITING_10
12:32:43.546 (index):1093 WAITING_11
12:32:43.547 (index):1093 WAITING_12
12:32:43.548 (index):1093 WAITING_13
12:32:43.549 (index):1093 WAITING_14
12:32:43.550 (index):1093 WAITING_15
12:32:43.551 (index):1093 WAITING_16
12:32:43.552 (index):1093 WAITING_17
12:32:43.556 (index):1093 WAITING_6
12:32:43.637 (index):1093 WAITING_7
12:32:43.864 (index):1034 UPDATE_3
12:32:43.965 (index):1009 NODEACCESSRELEASED_3
12:32:44.084 (index):1093 WAITING_0
12:32:44.544 (index):1093 WAITING_8
12:32:44.545 (index):1093 WAITING_9
12:32:44.546 (index):1093 WAITING_10
12:32:44.547 (index):1093 WAITING_11
12:32:44.548 (index):1093 WAITING_12
12:32:44.549 (index):1093 WAITING_13
12:32:44.550 (index):1093 WAITING_14
12:32:44.551 (index):1093 WAITING_15
12:32:44.551 (index):1093 WAITING_16
12:32:44.552 (index):1093 WAITING_17
12:32:44.556 (index):1093 WAITING_6
12:32:44.638 (index):1093 WAITING_7
12:32:44.967 (index):1064 ATTRIBUTEACCESSREQUESTED_3
12:32:45.085 (index):1093 WAITING_0
12:32:45.357 (index):1034 UPDATE_1
12:32:45.459 (index):1025 THINKING_1
12:32:45.545 (index):1093 WAITING_8
12:32:45.546 (index):1093 WAITING_9
12:32:45.547 (index):1093 WAITING_10
12:32:45.548 (index):1093 WAITING_11
12:32:45.549 (index):1093 WAITING_12
12:32:45.550 (index):1093 WAITING_13
12:32:45.551 (index):1093 WAITING_14
12:32:45.552 (index):1093 WAITING_15
12:32:45.553 (index):1093 WAITING_16
12:32:45.554 (index):1093 WAITING_17
12:32:45.557 (index):1093 WAITING_6
12:32:45.639 (index):1093 WAITING_7
12:32:45.686 (index):1034 UPDATE_2
12:32:45.788 (index):1009 NODEACCESSRELEASED_2
12:32:45.890 (index):1037 UPDATE_4
12:32:45.968 (index):1037 UPDATE_3
12:32:45.991 (index):1025 THINKING_4
12:32:46.069 (index):1013 ATTRIBUTEACCESSRELEASED_3
12:32:46.087 (index):1093 WAITING_0
12:32:46.546 (index):1093 WAITING_8
12:32:46.547 (index):1093 WAITING_9
12:32:46.548 (index):1093 WAITING_10
12:32:46.549 (index):1093 WAITING_11
12:32:46.550 (index):1093 WAITING_12
12:32:46.551 (index):1093 WAITING_13
12:32:46.552 (index):1093 WAITING_14
12:32:46.553 (index):1093 WAITING_15
12:32:46.554 (index):1093 WAITING_16
12:32:46.555 (index):1093 WAITING_17
12:32:46.558 (index):1093 WAITING_6
12:32:46.639 (index):1093 WAITING_7
12:32:46.789 (index):1070 NODEACCESSREQUESTED_2
12:32:47.070 (index):1064 ATTRIBUTEACCESSREQUESTED_3
12:32:47.088 (index):1093 WAITING_0
12:32:47.547 (index):1093 WAITING_8
12:32:47.548 (index):1093 WAITING_9
12:32:47.549 (index):1093 WAITING_10
12:32:47.550 (index):1093 WAITING_11
12:32:47.551 (index):1093 WAITING_12
12:32:47.552 (index):1093 WAITING_13
12:32:47.553 (index):1093 WAITING_14
12:32:47.554 (index):1093 WAITING_15
12:32:47.556 (index):1093 WAITING_16
12:32:47.557 (index):1093 WAITING_17
12:32:47.559 (index):1093 WAITING_6
12:32:47.640 (index):1093 WAITING_7
12:32:47.790 (index):1034 UPDATE_2
12:32:47.892 (index):1009 NODEACCESSRELEASED_2
12:32:48.071 (index):1037 UPDATE_3
12:32:48.089 (index):1093 WAITING_0
12:32:48.172 (index):1025 THINKING_3
12:32:48.450 (index):1034 UPDATE_5
12:32:48.549 (index):1093 WAITING_8
12:32:48.550 (index):1093 WAITING_9
12:32:48.551 (index):1093 WAITING_10
12:32:48.552 (index):1093 WAITING_11
12:32:48.554 (index):1009 NODEACCESSRELEASED_5
12:32:48.555 (index):1093 WAITING_12
12:32:48.557 (index):1093 WAITING_13
12:32:48.558 (index):1093 WAITING_14
12:32:48.558 (index):1093 WAITING_15
12:32:48.559 (index):1093 WAITING_16
12:32:48.560 (index):1093 WAITING_17
12:32:48.560 (index):1093 WAITING_6
12:32:48.642 (index):1093 WAITING_7
12:32:48.893 (index):1070 NODEACCESSREQUESTED_2
12:32:49.090 (index):1093 WAITING_0
12:32:49.550 (index):1093 WAITING_8
12:32:49.551 (index):1093 WAITING_9
12:32:49.553 (index):1093 WAITING_10
12:32:49.554 (index):1093 WAITING_11
12:32:49.555 (index):1070 NODEACCESSREQUESTED_5
12:32:49.557 (index):1093 WAITING_12
12:32:49.558 (index):1093 WAITING_13
12:32:49.559 (index):1093 WAITING_14
12:32:49.561 (index):1093 WAITING_15
12:32:49.562 (index):1093 WAITING_16
12:32:49.563 (index):1093 WAITING_17
12:32:49.565 (index):1093 WAITING_6
12:32:49.642 (index):1093 WAITING_7
12:32:49.895 (index):1034 UPDATE_2
12:32:49.950 (index):1037 UPDATE_4
12:32:49.996 (index):1009 NODEACCESSRELEASED_2
12:32:50.051 (index):1025 THINKING_4
12:32:50.069 (index):1034 UPDATE_1
12:32:50.091 (index):1093 WAITING_0
12:32:50.170 (index):1025 THINKING_1
12:32:50.510 (index):1037 UPDATE_3
12:32:50.551 (index):1093 WAITING_8
12:32:50.553 (index):1093 WAITING_9
12:32:50.554 (index):1093 WAITING_10
12:32:50.555 (index):1093 WAITING_11
12:32:50.557 (index):1034 UPDATE_5
12:32:50.558 (index):1093 WAITING_12
12:32:50.559 (index):1093 WAITING_13
12:32:50.561 (index):1093 WAITING_14
12:32:50.562 (index):1093 WAITING_15
12:32:50.563 (index):1093 WAITING_16
12:32:50.565 (index):1093 WAITING_17
12:32:50.566 (index):1093 WAITING_6
12:32:50.612 (index):1013 ATTRIBUTEACCESSRELEASED_3
12:32:50.643 (index):1093 WAITING_7
12:32:50.658 (index):1009 NODEACCESSRELEASED_5
12:32:50.997 (index):1070 NODEACCESSREQUESTED_2
12:32:51.092 (index):1093 WAITING_0
12:32:51.552 (index):1093 WAITING_8
12:32:51.553 (index):1093 WAITING_9
12:32:51.554 (index):1093 WAITING_10
12:32:51.556 (index):1093 WAITING_11
12:32:51.559 (index):1093 WAITING_12
12:32:51.560 (index):1093 WAITING_13
12:32:51.561 (index):1093 WAITING_14
12:32:51.563 (index):1093 WAITING_15
12:32:51.564 (index):1093 WAITING_16
12:32:51.565 (index):1093 WAITING_17
12:32:51.567 (index):1093 WAITING_6
12:32:51.612 (index):1070 NODEACCESSREQUESTED_3
12:32:51.644 (index):1093 WAITING_7
12:32:51.659 (index):1070 NODEACCESSREQUESTED_5
12:32:51.999 (index):1034 UPDATE_2
12:32:52.094 (index):1093 WAITING_0
12:32:52.100 (index):1009 NODEACCESSRELEASED_2
12:32:52.553 (index):1093 WAITING_8
12:32:52.554 (index):1093 WAITING_9
12:32:52.555 (index):1093 WAITING_10
12:32:52.556 (index):1093 WAITING_11
12:32:52.560 (index):1093 WAITING_12
12:32:52.561 (index):1093 WAITING_13
12:32:52.562 (index):1093 WAITING_14
12:32:52.563 (index):1093 WAITING_15
12:32:52.564 (index):1093 WAITING_16
12:32:52.566 (index):1093 WAITING_17
12:32:52.567 (index):1093 WAITING_6
12:32:52.614 (index):1034 UPDATE_3
12:32:52.645 (index):1093 WAITING_7
12:32:52.660 (index):1034 UPDATE_5
12:32:52.715 (index):1104 END_3
12:32:52.761 (index):1009 NODEACCESSRELEASED_5
12:32:52.818 (index):1037 UPDATE_4
12:32:52.919 (index):1013 ATTRIBUTEACCESSRELEASED_4
12:32:53.095 (index):1093 WAITING_0
12:32:53.101 (index):1070 NODEACCESSREQUESTED_2
12:32:53.554 (index):1093 WAITING_8
12:32:53.555 (index):1093 WAITING_9
12:32:53.556 (index):1093 WAITING_10
12:32:53.557 (index):1093 WAITING_11
12:32:53.561 (index):1093 WAITING_12
12:32:53.562 (index):1093 WAITING_13
12:32:53.563 (index):1093 WAITING_14
12:32:53.564 (index):1093 WAITING_15
12:32:53.565 (index):1093 WAITING_16
12:32:53.566 (index):1093 WAITING_17
12:32:53.568 (index):1093 WAITING_6
12:32:53.646 (index):1093 WAITING_7
12:32:53.762 (index):1070 NODEACCESSREQUESTED_5
12:32:53.920 (index):1070 NODEACCESSREQUESTED_4
12:32:54.096 (index):1093 WAITING_0
12:32:54.103 (index):1034 UPDATE_2
12:32:54.203 (index):1104 END_2
12:32:54.362 (index):1034 UPDATE_1
12:32:54.463 (index):1009 NODEACCESSRELEASED_1
12:32:54.555 (index):1093 WAITING_8
12:32:54.556 (index):1093 WAITING_9
12:32:54.557 (index):1093 WAITING_10
12:32:54.558 (index):1093 WAITING_11
12:32:54.562 (index):1093 WAITING_12
12:32:54.563 (index):1093 WAITING_13
12:32:54.564 (index):1093 WAITING_14
12:32:54.565 (index):1093 WAITING_15
12:32:54.566 (index):1093 WAITING_16
12:32:54.567 (index):1093 WAITING_17
12:32:54.568 (index):1093 WAITING_6
12:32:54.647 (index):1093 WAITING_7
12:32:54.763 (index):1034 UPDATE_5
12:32:54.864 (index):1009 NODEACCESSRELEASED_5
12:32:54.921 (index):1034 UPDATE_4
12:32:55.023 (index):1009 NODEACCESSRELEASED_4
12:32:55.097 (index):1093 WAITING_0
12:32:55.465 (index):1070 NODEACCESSREQUESTED_1
12:32:55.556 (index):1025 THINKING_8
12:32:55.557 (index):1093 WAITING_9
12:32:55.558 (index):1093 WAITING_10
12:32:55.559 (index):1093 WAITING_11
12:32:55.563 (index):1093 WAITING_12
12:32:55.564 (index):1093 WAITING_13
12:32:55.565 (index):1093 WAITING_14
12:32:55.566 (index):1093 WAITING_15
12:32:55.567 (index):1093 WAITING_16
12:32:55.568 (index):1093 WAITING_17
12:32:55.569 (index):1093 WAITING_6
12:32:55.648 (index):1093 WAITING_7
12:32:55.866 (index):1070 NODEACCESSREQUESTED_5
12:32:56.024 (index):1070 NODEACCESSREQUESTED_4
12:32:56.099 (index):1093 WAITING_0
12:32:56.466 (index):1093 WAITING_1
12:32:56.559 (index):1093 WAITING_9
12:32:56.560 (index):1093 WAITING_10
12:32:56.561 (index):1093 WAITING_11
12:32:56.564 (index):1093 WAITING_12
12:32:56.565 (index):1093 WAITING_13
12:32:56.566 (index):1093 WAITING_14
12:32:56.567 (index):1093 WAITING_15
12:32:56.568 (index):1093 WAITING_16
12:32:56.569 (index):1093 WAITING_17
12:32:56.570 (index):1093 WAITING_6
12:32:56.648 (index):1093 WAITING_7
12:32:56.867 (index):1093 WAITING_5
12:32:57.026 (index):1093 WAITING_4
12:32:57.100 (index):1093 WAITING_0
12:32:57.467 (index):1093 WAITING_1
12:32:57.560 (index):1093 WAITING_9
12:32:57.561 (index):1093 WAITING_10
12:32:57.562 (index):1093 WAITING_11
12:32:57.565 (index):1093 WAITING_12
12:32:57.566 (index):1093 WAITING_13
12:32:57.567 (index):1093 WAITING_14
12:32:57.568 (index):1093 WAITING_15
12:32:57.569 (index):1093 WAITING_16
12:32:57.570 (index):1093 WAITING_17
12:32:57.571 (index):1093 WAITING_6
12:32:57.582 (index):1034 UPDATE_8
12:32:57.649 (index):1093 WAITING_7
12:32:57.683 (index):1025 THINKING_8
12:32:57.868 (index):1093 WAITING_5
12:32:58.027 (index):1093 WAITING_4
12:32:58.101 (index):1093 WAITING_0
12:32:58.468 (index):1093 WAITING_1
12:32:58.561 (index):1093 WAITING_9
12:32:58.562 (index):1093 WAITING_10
12:32:58.563 (index):1093 WAITING_11
12:32:58.566 (index):1093 WAITING_12
12:32:58.567 (index):1093 WAITING_13
12:32:58.568 (index):1093 WAITING_14
12:32:58.569 (index):1093 WAITING_15
12:32:58.570 (index):1093 WAITING_16
12:32:58.571 (index):1093 WAITING_17
12:32:58.571 (index):1093 WAITING_6
12:32:58.650 (index):1093 WAITING_7
12:32:58.870 (index):1093 WAITING_5
12:32:59.028 (index):1093 WAITING_4
12:32:59.102 (index):1093 WAITING_0
12:32:59.469 (index):1093 WAITING_1
12:32:59.562 (index):1093 WAITING_9
12:32:59.564 (index):1093 WAITING_10
12:32:59.565 (index):1093 WAITING_11
12:32:59.567 (index):1093 WAITING_12
12:32:59.568 (index):1093 WAITING_13
12:32:59.569 (index):1093 WAITING_14
12:32:59.570 (index):1093 WAITING_15
12:32:59.571 (index):1093 WAITING_16
12:32:59.572 (index):1093 WAITING_17
12:32:59.573 (index):1093 WAITING_6
12:32:59.651 (index):1093 WAITING_7
12:32:59.871 (index):1093 WAITING_5
12:33:00.029 (index):1093 WAITING_4
12:33:00.103 (index):1093 WAITING_0
12:33:00.471 (index):1093 WAITING_1
12:33:00.564 (index):1093 WAITING_9
12:33:00.565 (index):1093 WAITING_10
12:33:00.566 (index):1093 WAITING_11
12:33:00.568 (index):1093 WAITING_12
12:33:00.569 (index):1093 WAITING_13
12:33:00.570 (index):1093 WAITING_14
12:33:00.571 (index):1093 WAITING_15
12:33:00.572 (index):1093 WAITING_16
12:33:00.573 (index):1093 WAITING_17
12:33:00.574 (index):1093 WAITING_6
12:33:00.652 (index):1093 WAITING_7
12:33:00.872 (index):1093 WAITING_5
12:33:01.030 (index):1093 WAITING_4
12:33:01.104 (index):1093 WAITING_0
12:33:01.472 (index):1093 WAITING_1
12:33:01.565 (index):1093 WAITING_9
12:33:01.566 (index):1093 WAITING_10
12:33:01.568 (index):1093 WAITING_11
12:33:01.569 (index):1093 WAITING_12
12:33:01.570 (index):1093 WAITING_13
12:33:01.571 (index):1093 WAITING_14
12:33:01.573 (index):1093 WAITING_15
12:33:01.574 (index):1093 WAITING_16
12:33:01.575 (index):1093 WAITING_17
12:33:01.577 (index):1093 WAITING_6
12:33:01.653 (index):1093 WAITING_7
12:33:01.874 (index):1093 WAITING_5
12:33:02.031 (index):1093 WAITING_4
12:33:02.106 (index):1093 WAITING_0
12:33:02.125 (index):1034 UPDATE_8
12:33:02.226 (index):1009 NODEACCESSRELEASED_8
12:33:02.473 (index):1093 WAITING_1
12:33:02.567 (index):1009 NODEACCESSRELEASED_9
12:33:02.568 (index):1009 NODEACCESSRELEASED_10
12:33:02.569 (index):1025 THINKING_11
12:33:02.570 (index):1093 WAITING_12
12:33:02.571 (index):1093 WAITING_13
12:33:02.573 (index):1093 WAITING_14
12:33:02.574 (index):1093 WAITING_15
12:33:02.575 (index):1093 WAITING_16
12:33:02.577 (index):1093 WAITING_17
12:33:02.578 (index):1093 WAITING_6
12:33:02.654 (index):1093 WAITING_7
12:33:02.875 (index):1093 WAITING_5
12:33:03.032 (index):1093 WAITING_4
12:33:03.107 (index):1093 WAITING_0
12:33:03.227 (index):1064 ATTRIBUTEACCESSREQUESTED_8
12:33:03.475 (index):1093 WAITING_1
12:33:03.568 (index):1070 NODEACCESSREQUESTED_9
12:33:03.569 (index):1070 NODEACCESSREQUESTED_10
12:33:03.571 (index):1093 WAITING_12
12:33:03.572 (index):1093 WAITING_13
12:33:03.573 (index):1093 WAITING_14
12:33:03.575 (index):1093 WAITING_15
12:33:03.576 (index):1093 WAITING_16
12:33:03.578 (index):1093 WAITING_17
12:33:03.579 (index):1093 WAITING_6
12:33:03.655 (index):1093 WAITING_7
12:33:03.877 (index):1093 WAITING_5
12:33:04.034 (index):1093 WAITING_4
12:33:04.108 (index):1093 WAITING_0
12:33:04.229 (index):1037 UPDATE_8
12:33:04.330 (index):1025 THINKING_8
12:33:04.476 (index):1093 WAITING_1
12:33:04.569 (index):1093 WAITING_9
12:33:04.570 (index):1093 WAITING_10
12:33:04.571 (index):1093 WAITING_12
12:33:04.573 (index):1093 WAITING_13
12:33:04.574 (index):1093 WAITING_14
12:33:04.576 (index):1093 WAITING_15
12:33:04.577 (index):1093 WAITING_16
12:33:04.578 (index):1093 WAITING_17
12:33:04.579 (index):1093 WAITING_6
12:33:04.656 (index):1093 WAITING_7
12:33:04.878 (index):1093 WAITING_5
12:33:05.031 (index):1034 UPDATE_11
12:33:05.035 (index):1093 WAITING_4
12:33:05.109 (index):1093 WAITING_0
12:33:05.132 (index):1025 THINKING_11
12:33:05.477 (index):1093 WAITING_1
12:33:05.570 (index):1093 WAITING_9
12:33:05.571 (index):1093 WAITING_10
12:33:05.572 (index):1093 WAITING_12
12:33:05.574 (index):1093 WAITING_13
12:33:05.575 (index):1093 WAITING_14
12:33:05.577 (index):1093 WAITING_15
12:33:05.578 (index):1093 WAITING_16
12:33:05.579 (index):1093 WAITING_17
12:33:05.580 (index):1093 WAITING_6
12:33:05.657 (index):1093 WAITING_7
12:33:05.879 (index):1093 WAITING_5
12:33:06.036 (index):1093 WAITING_4
12:33:06.110 (index):1093 WAITING_0
12:33:06.479 (index):1093 WAITING_1
12:33:06.572 (index):1093 WAITING_9
12:33:06.573 (index):1093 WAITING_10
12:33:06.574 (index):1093 WAITING_12
12:33:06.575 (index):1093 WAITING_13
12:33:06.576 (index):1093 WAITING_14
12:33:06.578 (index):1093 WAITING_15
12:33:06.579 (index):1093 WAITING_16
12:33:06.580 (index):1093 WAITING_17
12:33:06.581 (index):1093 WAITING_6
12:33:06.658 (index):1093 WAITING_7
12:33:06.880 (index):1093 WAITING_5
12:33:07.037 (index):1093 WAITING_4
12:33:07.111 (index):1093 WAITING_0
12:33:07.480 (index):1093 WAITING_1
12:33:07.573 (index):1093 WAITING_9
12:33:07.574 (index):1093 WAITING_10
12:33:07.575 (index):1093 WAITING_12
12:33:07.576 (index):1093 WAITING_13
12:33:07.577 (index):1093 WAITING_14
12:33:07.579 (index):1093 WAITING_15
12:33:07.580 (index):1093 WAITING_16
12:33:07.581 (index):1093 WAITING_17
12:33:07.582 (index):1093 WAITING_6
12:33:07.659 (index):1093 WAITING_7
12:33:07.882 (index):1093 WAITING_5
12:33:08.039 (index):1093 WAITING_4
12:33:08.112 (index):1093 WAITING_0
12:33:08.429 (index):1034 UPDATE_11
12:33:08.481 (index):1093 WAITING_1
12:33:08.530 (index):1009 NODEACCESSRELEASED_11
12:33:08.574 (index):1093 WAITING_9
12:33:08.575 (index):1093 WAITING_10
12:33:08.576 (index):1009 NODEACCESSRELEASED_12
12:33:08.577 (index):1025 THINKING_13
12:33:08.578 (index):1093 WAITING_14
12:33:08.579 (index):1093 WAITING_15
12:33:08.581 (index):1093 WAITING_16
12:33:08.582 (index):1093 WAITING_17
12:33:08.583 (index):1093 WAITING_6
12:33:08.660 (index):1093 WAITING_7
12:33:08.853 (index):1037 UPDATE_8
12:33:08.883 (index):1093 WAITING_5
12:33:08.955 (index):1013 ATTRIBUTEACCESSRELEASED_8
12:33:09.040 (index):1093 WAITING_4
12:33:09.114 (index):1093 WAITING_0
12:33:09.483 (index):1093 WAITING_1
12:33:09.532 (index):1070 NODEACCESSREQUESTED_11
12:33:09.575 (index):1093 WAITING_9
12:33:09.576 (index):1093 WAITING_10
12:33:09.578 (index):1070 NODEACCESSREQUESTED_12
12:33:09.579 (index):1093 WAITING_14
12:33:09.580 (index):1093 WAITING_15
12:33:09.582 (index):1093 WAITING_16
12:33:09.583 (index):1093 WAITING_17
12:33:09.584 (index):1093 WAITING_6
12:33:09.661 (index):1093 WAITING_7
12:33:09.884 (index):1093 WAITING_5
12:33:09.956 (index):1064 ATTRIBUTEACCESSREQUESTED_8
12:33:10.041 (index):1093 WAITING_4
12:33:10.115 (index):1093 WAITING_0
12:33:10.484 (index):1093 WAITING_1
12:33:10.532 (index):1093 WAITING_11
12:33:10.577 (index):1093 WAITING_9
12:33:10.578 (index):1093 WAITING_10
12:33:10.579 (index):1093 WAITING_12
12:33:10.581 (index):1093 WAITING_14
12:33:10.581 (index):1093 WAITING_15
12:33:10.582 (index):1093 WAITING_16
12:33:10.583 (index):1093 WAITING_17
12:33:10.584 (index):1093 WAITING_6
12:33:10.662 (index):1093 WAITING_7
12:33:10.885 (index):1093 WAITING_5
12:33:10.958 (index):1037 UPDATE_8
12:33:11.043 (index):1093 WAITING_4
12:33:11.059 (index):1013 ATTRIBUTEACCESSRELEASED_8
12:33:11.116 (index):1093 WAITING_0
12:33:11.485 (index):1093 WAITING_1
12:33:11.534 (index):1093 WAITING_11
12:33:11.578 (index):1093 WAITING_9
12:33:11.579 (index):1093 WAITING_10
12:33:11.579 (index):1093 WAITING_12
12:33:11.581 (index):1093 WAITING_14
12:33:11.582 (index):1093 WAITING_15
12:33:11.583 (index):1093 WAITING_16
12:33:11.584 (index):1093 WAITING_17
12:33:11.585 (index):1093 WAITING_6
12:33:11.663 (index):1093 WAITING_7
12:33:11.886 (index):1093 WAITING_5
12:33:12.044 (index):1093 WAITING_4
12:33:12.060 (index):1070 NODEACCESSREQUESTED_8
12:33:12.117 (index):1093 WAITING_0
12:33:12.487 (index):1093 WAITING_1
12:33:12.535 (index):1093 WAITING_11
12:33:12.579 (index):1093 WAITING_9
12:33:12.580 (index):1093 WAITING_10
12:33:12.581 (index):1093 WAITING_12
12:33:12.582 (index):1093 WAITING_14
12:33:12.583 (index):1093 WAITING_15
12:33:12.584 (index):1093 WAITING_16
12:33:12.585 (index):1093 WAITING_17
12:33:12.586 (index):1093 WAITING_6
12:33:12.664 (index):1093 WAITING_7
12:33:12.853 (index):1034 UPDATE_13
12:33:12.887 (index):1093 WAITING_5
12:33:12.954 (index):1009 NODEACCESSRELEASED_13
12:33:13.045 (index):1093 WAITING_4
12:33:13.061 (index):1093 WAITING_8
12:33:13.119 (index):1093 WAITING_0
12:33:13.488 (index):1093 WAITING_1
12:33:13.536 (index):1093 WAITING_11
12:33:13.580 (index):1093 WAITING_9
12:33:13.581 (index):1093 WAITING_10
12:33:13.582 (index):1093 WAITING_12
12:33:13.584 (index):1025 THINKING_14
12:33:13.585 (index):1093 WAITING_15
12:33:13.586 (index):1093 WAITING_16
12:33:13.587 (index):1093 WAITING_17
12:33:13.588 (index):1093 WAITING_6
12:33:13.665 (index):1093 WAITING_7
12:33:13.888 (index):1093 WAITING_5
12:33:13.954 (index):1064 ATTRIBUTEACCESSREQUESTED_13
12:33:14.047 (index):1093 WAITING_4
12:33:14.062 (index):1093 WAITING_8
12:33:14.119 (index):1093 WAITING_0
12:33:14.489 (index):1093 WAITING_1
12:33:14.537 (index):1093 WAITING_11
12:33:14.580 (index):1093 WAITING_9
12:33:14.581 (index):1093 WAITING_10
12:33:14.583 (index):1093 WAITING_12
12:33:14.586 (index):1093 WAITING_15
12:33:14.587 (index):1093 WAITING_16
12:33:14.588 (index):1093 WAITING_17
12:33:14.589 (index):1093 WAITING_6
12:33:14.667 (index):1093 WAITING_7
12:33:14.890 (index):1093 WAITING_5
12:33:14.956 (index):1037 UPDATE_13
12:33:15.048 (index):1093 WAITING_4
12:33:15.057 (index):1013 ATTRIBUTEACCESSRELEASED_13
12:33:15.063 (index):1093 WAITING_8
12:33:15.121 (index):1093 WAITING_0
12:33:15.490 (index):1093 WAITING_1
12:33:15.538 (index):1093 WAITING_11
12:33:15.581 (index):1093 WAITING_9
12:33:15.583 (index):1093 WAITING_10
12:33:15.584 (index):1093 WAITING_12
12:33:15.587 (index):1093 WAITING_15
12:33:15.588 (index):1093 WAITING_16
12:33:15.589 (index):1093 WAITING_17
12:33:15.590 (index):1093 WAITING_6
12:33:15.668 (index):1093 WAITING_7
12:33:15.891 (index):1093 WAITING_5
12:33:16.049 (index):1093 WAITING_4
12:33:16.058 (index):1064 ATTRIBUTEACCESSREQUESTED_13
12:33:16.064 (index):1093 WAITING_8
12:33:16.122 (index):1093 WAITING_0
12:33:16.492 (index):1093 WAITING_1
12:33:16.539 (index):1093 WAITING_11
12:33:16.583 (index):1093 WAITING_9
12:33:16.584 (index):1093 WAITING_10
12:33:16.585 (index):1093 WAITING_12
12:33:16.588 (index):1093 WAITING_15
12:33:16.589 (index):1093 WAITING_16
12:33:16.590 (index):1093 WAITING_17
12:33:16.591 (index):1093 WAITING_6
12:33:16.669 (index):1093 WAITING_7
12:33:16.891 (index):1093 WAITING_5
12:33:17.050 (index):1093 WAITING_4
12:33:17.059 (index):1037 UPDATE_13
12:33:17.065 (index):1093 WAITING_8
12:33:17.123 (index):1093 WAITING_0
12:33:17.160 (index):1013 ATTRIBUTEACCESSRELEASED_13
12:33:17.493 (index):1093 WAITING_1
12:33:17.541 (index):1093 WAITING_11
12:33:17.584 (index):1093 WAITING_9
12:33:17.585 (index):1093 WAITING_10
12:33:17.586 (index):1093 WAITING_12
12:33:17.589 (index):1093 WAITING_15
12:33:17.590 (index):1093 WAITING_16
12:33:17.591 (index):1093 WAITING_17
12:33:17.593 (index):1093 WAITING_6
12:33:17.670 (index):1093 WAITING_7
12:33:17.892 (index):1093 WAITING_5
12:33:18.036 (index):1034 UPDATE_14
12:33:18.052 (index):1093 WAITING_4
12:33:18.065 (index):1093 WAITING_8
12:33:18.125 (index):1093 WAITING_0
12:33:18.137 (index):1009 NODEACCESSRELEASED_14
12:33:18.162 (index):1064 ATTRIBUTEACCESSREQUESTED_13
12:33:18.494 (index):1093 WAITING_1
12:33:18.542 (index):1093 WAITING_11
12:33:18.585 (index):1093 WAITING_9
12:33:18.586 (index):1093 WAITING_10
12:33:18.587 (index):1093 WAITING_12
12:33:18.590 (index):1025 THINKING_15
12:33:18.591 (index):1093 WAITING_16
12:33:18.593 (index):1093 WAITING_17
12:33:18.594 (index):1093 WAITING_6
12:33:18.672 (index):1093 WAITING_7
12:33:18.893 (index):1093 WAITING_5
12:33:19.053 (index):1093 WAITING_4
12:33:19.067 (index):1093 WAITING_8
12:33:19.125 (index):1093 WAITING_0
12:33:19.138 (index):1070 NODEACCESSREQUESTED_14
12:33:19.163 (index):1037 UPDATE_13
12:33:19.264 (index):1013 ATTRIBUTEACCESSRELEASED_13
12:33:19.495 (index):1093 WAITING_1
12:33:19.543 (index):1093 WAITING_11
12:33:19.586 (index):1093 WAITING_9
12:33:19.587 (index):1093 WAITING_10
12:33:19.588 (index):1093 WAITING_12
12:33:19.592 (index):1093 WAITING_16
12:33:19.594 (index):1093 WAITING_17
12:33:19.595 (index):1093 WAITING_6
12:33:19.673 (index):1093 WAITING_7
12:33:19.894 (index):1093 WAITING_5
12:33:20.054 (index):1093 WAITING_4
12:33:20.067 (index):1093 WAITING_8
12:33:20.127 (index):1093 WAITING_0
12:33:20.139 (index):1093 WAITING_14
12:33:20.266 (index):1070 NODEACCESSREQUESTED_13
12:33:20.496 (index):1093 WAITING_1
12:33:20.545 (index):1093 WAITING_11
12:33:20.587 (index):1093 WAITING_9
12:33:20.588 (index):1093 WAITING_10
12:33:20.590 (index):1093 WAITING_12
12:33:20.594 (index):1093 WAITING_16
12:33:20.595 (index):1093 WAITING_17
12:33:20.596 (index):1093 WAITING_6
12:33:20.674 (index):1093 WAITING_7
12:33:20.895 (index):1093 WAITING_5
12:33:21.055 (index):1093 WAITING_4
12:33:21.068 (index):1093 WAITING_8
12:33:21.128 (index):1093 WAITING_0
12:33:21.141 (index):1093 WAITING_14
12:33:21.267 (index):1093 WAITING_13
12:33:21.498 (index):1093 WAITING_1
12:33:21.546 (index):1093 WAITING_11
12:33:21.588 (index):1093 WAITING_9
12:33:21.589 (index):1093 WAITING_10
12:33:21.591 (index):1093 WAITING_12
12:33:21.595 (index):1093 WAITING_16
12:33:21.596 (index):1093 WAITING_17
12:33:21.597 (index):1093 WAITING_6
12:33:21.676 (index):1093 WAITING_7
12:33:21.896 (index):1093 WAITING_5
12:33:22.046 (index):1034 UPDATE_15
12:33:22.056 (index):1093 WAITING_4
12:33:22.069 (index):1093 WAITING_8
12:33:22.129 (index):1093 WAITING_0
12:33:22.141 (index):1093 WAITING_14
12:33:22.147 (index):1009 NODEACCESSRELEASED_15
12:33:22.268 (index):1093 WAITING_13
12:33:22.499 (index):1093 WAITING_1
12:33:22.547 (index):1093 WAITING_11
12:33:22.590 (index):1093 WAITING_9
12:33:22.591 (index):1093 WAITING_10
12:33:22.592 (index):1093 WAITING_12
12:33:22.596 (index):1025 THINKING_16
12:33:22.597 (index):1093 WAITING_17
12:33:22.598 (index):1093 WAITING_6
12:33:22.677 (index):1093 WAITING_7
12:33:22.898 (index):1093 WAITING_5
12:33:23.058 (index):1093 WAITING_4
12:33:23.071 (index):1093 WAITING_8
12:33:23.130 (index):1093 WAITING_0
12:33:23.143 (index):1093 WAITING_14
12:33:23.148 (index):1070 NODEACCESSREQUESTED_15
12:33:23.269 (index):1093 WAITING_13
12:33:23.500 (index):1093 WAITING_1
12:33:23.549 (index):1093 WAITING_11
12:33:23.591 (index):1093 WAITING_9
12:33:23.591 (index):1093 WAITING_10
12:33:23.592 (index):1093 WAITING_12
12:33:23.598 (index):1093 WAITING_17
12:33:23.599 (index):1093 WAITING_6
12:33:23.678 (index):1093 WAITING_7
12:33:23.899 (index):1093 WAITING_5
12:33:24.059 (index):1093 WAITING_4
12:33:24.071 (index):1093 WAITING_8
12:33:24.130 (index):1093 WAITING_0
12:33:24.144 (index):1093 WAITING_14
12:33:24.150 (index):1093 WAITING_15
12:33:24.271 (index):1093 WAITING_13
12:33:24.502 (index):1093 WAITING_1
12:33:24.550 (index):1093 WAITING_11
12:33:24.592 (index):1093 WAITING_9
12:33:24.593 (index):1093 WAITING_10
12:33:24.594 (index):1093 WAITING_12
12:33:24.599 (index):1093 WAITING_17
12:33:24.600 (index):1093 WAITING_6
12:33:24.679 (index):1093 WAITING_7
12:33:24.878 (index):1034 UPDATE_16
12:33:24.900 (index):1093 WAITING_5
12:33:24.979 (index):1009 NODEACCESSRELEASED_16
12:33:25.060 (index):1093 WAITING_4
12:33:25.072 (index):1093 WAITING_8
12:33:25.131 (index):1093 WAITING_0
12:33:25.145 (index):1093 WAITING_14
12:33:25.150 (index):1093 WAITING_15
12:33:25.271 (index):1093 WAITING_13
12:33:25.503 (index):1093 WAITING_1
12:33:25.551 (index):1093 WAITING_11
12:33:25.593 (index):1093 WAITING_9
12:33:25.594 (index):1093 WAITING_10
12:33:25.595 (index):1093 WAITING_12
12:33:25.600 (index):1009 NODEACCESSRELEASED_17
12:33:25.601 (index):1093 WAITING_6
12:33:25.680 (index):1093 WAITING_7
12:33:25.901 (index):1093 WAITING_5
12:33:25.980 (index):1070 NODEACCESSREQUESTED_16
12:33:26.061 (index):1093 WAITING_4
12:33:26.073 (index):1093 WAITING_8
12:33:26.132 (index):1034 UPDATE_0
12:33:26.146 (index):1093 WAITING_14
12:33:26.152 (index):1093 WAITING_15
12:33:26.233 (index):1025 THINKING_0
12:33:26.273 (index):1093 WAITING_13
12:33:26.504 (index):1093 WAITING_1
12:33:26.552 (index):1093 WAITING_11
12:33:26.594 (index):1093 WAITING_9
12:33:26.595 (index):1093 WAITING_10
12:33:26.596 (index):1093 WAITING_12
12:33:26.601 (index):1070 NODEACCESSREQUESTED_17
12:33:26.602 (index):1093 WAITING_6
12:33:26.681 (index):1093 WAITING_7
12:33:26.903 (index):1093 WAITING_5
12:33:26.981 (index):1093 WAITING_16
12:33:27.062 (index):1093 WAITING_4
12:33:27.075 (index):1093 WAITING_8
12:33:27.147 (index):1093 WAITING_14
12:33:27.153 (index):1093 WAITING_15
12:33:27.274 (index):1093 WAITING_13
12:33:27.505 (index):1093 WAITING_1
12:33:27.553 (index):1093 WAITING_11
12:33:27.595 (index):1093 WAITING_9
12:33:27.596 (index):1093 WAITING_10
12:33:27.597 (index):1093 WAITING_12
12:33:27.602 (index):1093 WAITING_17
12:33:27.603 (index):1093 WAITING_6
12:33:27.683 (index):1093 WAITING_7
12:33:27.904 (index):1093 WAITING_5
12:33:27.983 (index):1093 WAITING_16
12:33:28.063 (index):1093 WAITING_4
12:33:28.076 (index):1093 WAITING_8
12:33:28.148 (index):1093 WAITING_14
12:33:28.154 (index):1093 WAITING_15
12:33:28.275 (index):1093 WAITING_13
12:33:28.507 (index):1093 WAITING_1
12:33:28.555 (index):1093 WAITING_11
12:33:28.596 (index):1093 WAITING_9
12:33:28.597 (index):1093 WAITING_10
12:33:28.598 (index):1093 WAITING_12
12:33:28.603 (index):1093 WAITING_17
12:33:28.604 (index):1093 WAITING_6
12:33:28.684 (index):1093 WAITING_7
12:33:28.803 (index):1034 UPDATE_0
12:33:28.904 (index):1025 THINKING_0
12:33:28.905 (index):1093 WAITING_5
12:33:28.983 (index):1093 WAITING_16
12:33:29.065 (index):1093 WAITING_4
12:33:29.077 (index):1093 WAITING_8
12:33:29.149 (index):1093 WAITING_14
12:33:29.155 (index):1093 WAITING_15
12:33:29.276 (index):1093 WAITING_13
12:33:29.508 (index):1093 WAITING_1
12:33:29.556 (index):1093 WAITING_11
12:33:29.597 (index):1093 WAITING_9
12:33:29.598 (index):1093 WAITING_10
12:33:29.599 (index):1093 WAITING_12
12:33:29.604 (index):1093 WAITING_17
12:33:29.605 (index):1093 WAITING_6
12:33:29.685 (index):1093 WAITING_7
12:33:29.906 (index):1093 WAITING_5
12:33:29.985 (index):1093 WAITING_16
12:33:30.066 (index):1093 WAITING_4
12:33:30.079 (index):1093 WAITING_8
12:33:30.150 (index):1093 WAITING_14
12:33:30.156 (index):1093 WAITING_15
12:33:30.277 (index):1093 WAITING_13
12:33:30.509 (index):1093 WAITING_1
12:33:30.557 (index):1093 WAITING_11
12:33:30.598 (index):1093 WAITING_9
12:33:30.599 (index):1093 WAITING_10
12:33:30.600 (index):1093 WAITING_12
12:33:30.605 (index):1093 WAITING_17
12:33:30.606 (index):1093 WAITING_6
12:33:30.687 (index):1093 WAITING_7
12:33:30.908 (index):1093 WAITING_5
12:33:30.986 (index):1093 WAITING_16
12:33:31.067 (index):1093 WAITING_4
12:33:31.079 (index):1093 WAITING_8
12:33:31.151 (index):1093 WAITING_14
12:33:31.158 (index):1093 WAITING_15
12:33:31.278 (index):1093 WAITING_13
12:33:31.511 (index):1093 WAITING_1
12:33:31.558 (index):1093 WAITING_11
12:33:31.599 (index):1093 WAITING_9
12:33:31.600 (index):1093 WAITING_10
12:33:31.601 (index):1093 WAITING_12
12:33:31.606 (index):1093 WAITING_17
12:33:31.607 (index):1093 WAITING_6
12:33:31.688 (index):1093 WAITING_7
12:33:31.909 (index):1093 WAITING_5
12:33:31.987 (index):1093 WAITING_16
12:33:32.068 (index):1093 WAITING_4
12:33:32.080 (index):1093 WAITING_8
12:33:32.152 (index):1093 WAITING_14
12:33:32.159 (index):1093 WAITING_15
12:33:32.280 (index):1093 WAITING_13
12:33:32.512 (index):1093 WAITING_1
12:33:32.559 (index):1093 WAITING_11
12:33:32.600 (index):1093 WAITING_9
12:33:32.601 (index):1093 WAITING_10
12:33:32.602 (index):1093 WAITING_12
12:33:32.607 (index):1093 WAITING_17
12:33:32.608 (index):1093 WAITING_6
12:33:32.689 (index):1093 WAITING_7
12:33:32.910 (index):1093 WAITING_5
12:33:32.989 (index):1093 WAITING_16
12:33:33.069 (index):1093 WAITING_4
12:33:33.081 (index):1093 WAITING_8
12:33:33.153 (index):1093 WAITING_14
12:33:33.160 (index):1093 WAITING_15
12:33:33.281 (index):1093 WAITING_13
12:33:33.513 (index):1093 WAITING_1
12:33:33.560 (index):1093 WAITING_11
12:33:33.601 (index):1093 WAITING_9
12:33:33.602 (index):1093 WAITING_10
12:33:33.603 (index):1093 WAITING_12
12:33:33.608 (index):1093 WAITING_17
12:33:33.609 (index):1093 WAITING_6
12:33:33.690 (index):1093 WAITING_7
12:33:33.846 (index):1034 UPDATE_0
12:33:33.911 (index):1093 WAITING_5
12:33:33.947 (index):1009 NODEACCESSRELEASED_0
12:33:33.989 (index):1093 WAITING_16
12:33:34.070 (index):1093 WAITING_4
12:33:34.082 (index):1093 WAITING_8
12:33:34.154 (index):1093 WAITING_14
12:33:34.161 (index):1093 WAITING_15
12:33:34.282 (index):1093 WAITING_13
12:33:34.514 (index):1093 WAITING_1
12:33:34.562 (index):1093 WAITING_11
12:33:34.602 (index):1093 WAITING_9
12:33:34.604 (index):1093 WAITING_10
12:33:34.604 (index):1093 WAITING_12
12:33:34.609 (index):1093 WAITING_17
12:33:34.610 (index):1034 UPDATE_6
12:33:34.691 (index):1093 WAITING_7
12:33:34.711 (index):1009 NODEACCESSRELEASED_6
12:33:34.912 (index):1093 WAITING_5
12:33:34.948 (index):1070 NODEACCESSREQUESTED_0
12:33:34.990 (index):1093 WAITING_16
12:33:35.071 (index):1093 WAITING_4
12:33:35.083 (index):1093 WAITING_8
12:33:35.155 (index):1093 WAITING_14
12:33:35.162 (index):1093 WAITING_15
12:33:35.283 (index):1093 WAITING_13
12:33:35.515 (index):1093 WAITING_1
12:33:35.563 (index):1093 WAITING_11
12:33:35.603 (index):1093 WAITING_9
12:33:35.605 (index):1093 WAITING_10
12:33:35.605 (index):1093 WAITING_12
12:33:35.610 (index):1093 WAITING_17
12:33:35.692 (index):1034 UPDATE_7
12:33:35.712 (index):1070 NODEACCESSREQUESTED_6
12:33:35.793 (index):1009 NODEACCESSRELEASED_7
12:33:35.913 (index):1093 WAITING_5
12:33:35.949 (index):1093 WAITING_0
12:33:35.992 (index):1093 WAITING_16
12:33:36.072 (index):1093 WAITING_4
12:33:36.084 (index):1093 WAITING_8
12:33:36.156 (index):1093 WAITING_14
12:33:36.163 (index):1093 WAITING_15
12:33:36.283 (index):1093 WAITING_13
12:33:36.515 (index):1034 UPDATE_1
12:33:36.564 (index):1093 WAITING_11
12:33:36.604 (index):1093 WAITING_9
12:33:36.605 (index):1093 WAITING_10
12:33:36.606 (index):1093 WAITING_12
12:33:36.611 (index):1093 WAITING_17
12:33:36.617 (index):1025 THINKING_1
12:33:36.713 (index):1093 WAITING_6
12:33:36.794 (index):1070 NODEACCESSREQUESTED_7
12:33:36.914 (index):1093 WAITING_5
12:33:36.950 (index):1093 WAITING_0
12:33:36.992 (index):1093 WAITING_16
12:33:37.073 (index):1093 WAITING_4
12:33:37.085 (index):1093 WAITING_8
12:33:37.157 (index):1093 WAITING_14
12:33:37.164 (index):1093 WAITING_15
12:33:37.284 (index):1093 WAITING_13
12:33:37.565 (index):1093 WAITING_11
12:33:37.605 (index):1093 WAITING_9
12:33:37.606 (index):1093 WAITING_10
12:33:37.607 (index):1093 WAITING_12
12:33:37.612 (index):1093 WAITING_17
12:33:37.714 (index):1093 WAITING_6
12:33:37.796 (index):1034 UPDATE_7
12:33:37.897 (index):1025 THINKING_7
12:33:37.915 (index):1093 WAITING_5
12:33:37.951 (index):1093 WAITING_0
12:33:37.994 (index):1093 WAITING_16
12:33:38.074 (index):1093 WAITING_4
12:33:38.086 (index):1093 WAITING_8
12:33:38.158 (index):1093 WAITING_14
12:33:38.165 (index):1093 WAITING_15
12:33:38.285 (index):1093 WAITING_13
12:33:38.566 (index):1093 WAITING_11
12:33:38.606 (index):1093 WAITING_9
12:33:38.607 (index):1093 WAITING_10
12:33:38.608 (index):1093 WAITING_12
12:33:38.613 (index):1093 WAITING_17
12:33:38.716 (index):1093 WAITING_6
12:33:38.795 (index):1034 UPDATE_1
12:33:38.896 (index):1009 NODEACCESSRELEASED_1
12:33:38.916 (index):1034 UPDATE_5
12:33:38.952 (index):1093 WAITING_0
12:33:38.995 (index):1093 WAITING_16
12:33:39.017 (index):1104 END_5
12:33:39.075 (index):1034 UPDATE_4
12:33:39.087 (index):1093 WAITING_8
12:33:39.159 (index):1093 WAITING_14
12:33:39.166 (index):1093 WAITING_15
12:33:39.176 (index):1025 THINKING_4
12:33:39.286 (index):1093 WAITING_13
12:33:39.567 (index):1093 WAITING_11
12:33:39.607 (index):1093 WAITING_9
12:33:39.608 (index):1093 WAITING_10
12:33:39.609 (index):1093 WAITING_12
12:33:39.614 (index):1093 WAITING_17
12:33:39.717 (index):1093 WAITING_6
12:33:39.897 (index):1070 NODEACCESSREQUESTED_1
12:33:39.953 (index):1093 WAITING_0
12:33:39.996 (index):1093 WAITING_16
12:33:40.069 (index):1034 UPDATE_7
12:33:40.088 (index):1093 WAITING_8
12:33:40.161 (index):1093 WAITING_14
12:33:40.167 (index):1093 WAITING_15
12:33:40.170 (index):1009 NODEACCESSRELEASED_7
12:33:40.288 (index):1093 WAITING_13
12:33:40.568 (index):1093 WAITING_11
12:33:40.609 (index):1093 WAITING_9
12:33:40.609 (index):1093 WAITING_10
12:33:40.610 (index):1093 WAITING_12
12:33:40.615 (index):1093 WAITING_17
12:33:40.718 (index):1093 WAITING_6
12:33:40.898 (index):1034 UPDATE_1
12:33:40.955 (index):1093 WAITING_0
12:33:40.997 (index):1093 WAITING_16
12:33:40.999 (index):1104 END_1
12:33:41.090 (index):1093 WAITING_8
12:33:41.162 (index):1093 WAITING_14
12:33:41.168 (index):1093 WAITING_15
12:33:41.172 (index):1064 ATTRIBUTEACCESSREQUESTED_7
12:33:41.289 (index):1093 WAITING_13
12:33:41.569 (index):1093 WAITING_11
12:33:41.609 (index):1093 WAITING_9
12:33:41.611 (index):1093 WAITING_10
12:33:41.612 (index):1093 WAITING_12
12:33:41.616 (index):1093 WAITING_17
12:33:41.720 (index):1093 WAITING_6
12:33:41.956 (index):1093 WAITING_0
12:33:41.999 (index):1093 WAITING_16
12:33:42.091 (index):1093 WAITING_8
12:33:42.163 (index):1093 WAITING_14
12:33:42.169 (index):1093 WAITING_15
12:33:42.173 (index):1037 UPDATE_7
12:33:42.274 (index):1025 THINKING_7
12:33:42.290 (index):1093 WAITING_13
12:33:42.570 (index):1093 WAITING_11
12:33:42.611 (index):1093 WAITING_9
12:33:42.612 (index):1093 WAITING_10
12:33:42.613 (index):1093 WAITING_12
12:33:42.617 (index):1093 WAITING_17
12:33:42.721 (index):1093 WAITING_6
12:33:42.958 (index):1093 WAITING_0
12:33:43.000 (index):1093 WAITING_16
12:33:43.092 (index):1093 WAITING_8
12:33:43.164 (index):1093 WAITING_14
12:33:43.170 (index):1093 WAITING_15
12:33:43.292 (index):1093 WAITING_13
12:33:43.567 (index):1034 UPDATE_4
12:33:43.571 (index):1093 WAITING_11
12:33:43.612 (index):1093 WAITING_9
12:33:43.613 (index):1093 WAITING_10
12:33:43.615 (index):1093 WAITING_12
12:33:43.618 (index):1093 WAITING_17
12:33:43.668 (index):1104 END_4
12:33:43.722 (index):1093 WAITING_6
12:33:43.959 (index):1093 WAITING_0
12:33:44.001 (index):1093 WAITING_16
12:33:44.093 (index):1093 WAITING_8
12:33:44.165 (index):1093 WAITING_14
12:33:44.172 (index):1093 WAITING_15
12:33:44.293 (index):1093 WAITING_13
12:33:44.573 (index):1093 WAITING_11
12:33:44.613 (index):1034 UPDATE_9
12:33:44.615 (index):1093 WAITING_10
12:33:44.616 (index):1093 WAITING_12
12:33:44.619 (index):1093 WAITING_17
12:33:44.715 (index):1025 THINKING_9
12:33:44.724 (index):1093 WAITING_6
12:33:44.960 (index):1093 WAITING_0
12:33:45.002 (index):1093 WAITING_16
12:33:45.094 (index):1093 WAITING_8
12:33:45.167 (index):1093 WAITING_14
12:33:45.172 (index):1093 WAITING_15
12:33:45.294 (index):1093 WAITING_13
12:33:45.574 (index):1093 WAITING_11
12:33:45.616 (index):1093 WAITING_10
12:33:45.617 (index):1093 WAITING_12
12:33:45.620 (index):1093 WAITING_17
12:33:45.725 (index):1093 WAITING_6
12:33:45.961 (index):1093 WAITING_0
12:33:46.003 (index):1093 WAITING_16
12:33:46.096 (index):1093 WAITING_8
12:33:46.167 (index):1093 WAITING_14
12:33:46.173 (index):1093 WAITING_15
12:33:46.295 (index):1093 WAITING_13
12:33:46.575 (index):1093 WAITING_11
12:33:46.617 (index):1093 WAITING_10
12:33:46.618 (index):1093 WAITING_12
12:33:46.621 (index):1093 WAITING_17
12:33:46.726 (index):1093 WAITING_6
12:33:46.912 (index):1037 UPDATE_7
12:33:46.963 (index):1093 WAITING_0
12:33:47.004 (index):1093 WAITING_16
12:33:47.014 (index):1013 ATTRIBUTEACCESSRELEASED_7
12:33:47.097 (index):1093 WAITING_8
12:33:47.169 (index):1093 WAITING_14
12:33:47.174 (index):1093 WAITING_15
12:33:47.297 (index):1093 WAITING_13
12:33:47.577 (index):1093 WAITING_11
12:33:47.618 (index):1093 WAITING_10
12:33:47.620 (index):1093 WAITING_12
12:33:47.622 (index):1093 WAITING_17
12:33:47.727 (index):1093 WAITING_6
12:33:47.964 (index):1093 WAITING_0
12:33:48.005 (index):1093 WAITING_16
12:33:48.015 (index):1070 NODEACCESSREQUESTED_7
12:33:48.098 (index):1093 WAITING_8
12:33:48.170 (index):1093 WAITING_14
12:33:48.175 (index):1093 WAITING_15
12:33:48.298 (index):1093 WAITING_13
12:33:48.578 (index):1093 WAITING_11
12:33:48.620 (index):1093 WAITING_10
12:33:48.621 (index):1093 WAITING_12
12:33:48.623 (index):1093 WAITING_17
12:33:48.728 (index):1093 WAITING_6
12:33:48.965 (index):1093 WAITING_0
12:33:49.007 (index):1093 WAITING_16
12:33:49.016 (index):1034 UPDATE_7
12:33:49.099 (index):1093 WAITING_8
12:33:49.117 (index):1009 NODEACCESSRELEASED_7
12:33:49.171 (index):1093 WAITING_14
12:33:49.176 (index):1093 WAITING_15
12:33:49.227 (index):1034 UPDATE_9
12:33:49.299 (index):1093 WAITING_13
12:33:49.328 (index):1025 THINKING_9
12:33:49.579 (index):1093 WAITING_11
12:33:49.621 (index):1093 WAITING_10
12:33:49.622 (index):1093 WAITING_12
12:33:49.625 (index):1093 WAITING_17
12:33:49.730 (index):1093 WAITING_6
12:33:49.967 (index):1093 WAITING_0
12:33:50.008 (index):1093 WAITING_16
12:33:50.101 (index):1093 WAITING_8
12:33:50.119 (index):1070 NODEACCESSREQUESTED_7
12:33:50.171 (index):1093 WAITING_14
12:33:50.177 (index):1093 WAITING_15
12:33:50.301 (index):1093 WAITING_13
12:33:50.581 (index):1093 WAITING_11
12:33:50.622 (index):1093 WAITING_10
12:33:50.624 (index):1093 WAITING_12
12:33:50.626 (index):1093 WAITING_17
12:33:50.731 (index):1093 WAITING_6
12:33:50.967 (index):1093 WAITING_0
12:33:51.009 (index):1093 WAITING_16
12:33:51.101 (index):1093 WAITING_8
12:33:51.119 (index):1034 UPDATE_7
12:33:51.172 (index):1093 WAITING_14
12:33:51.178 (index):1093 WAITING_15
12:33:51.221 (index):1009 NODEACCESSRELEASED_7
12:33:51.302 (index):1093 WAITING_13
12:33:51.582 (index):1093 WAITING_11
12:33:51.624 (index):1093 WAITING_10
12:33:51.625 (index):1093 WAITING_12
12:33:51.627 (index):1093 WAITING_17
12:33:51.732 (index):1093 WAITING_6
12:33:51.734 (index):1034 UPDATE_9
12:33:51.836 (index):1009 NODEACCESSRELEASED_9
12:33:51.969 (index):1093 WAITING_0
12:33:52.011 (index):1093 WAITING_16
12:33:52.103 (index):1093 WAITING_8
12:33:52.173 (index):1093 WAITING_14
12:33:52.179 (index):1093 WAITING_15
12:33:52.222 (index):1064 ATTRIBUTEACCESSREQUESTED_7
12:33:52.303 (index):1093 WAITING_13
12:33:52.583 (index):1093 WAITING_11
12:33:52.625 (index):1034 UPDATE_10
12:33:52.626 (index):1093 WAITING_12
12:33:52.628 (index):1093 WAITING_17
12:33:52.726 (index):1025 THINKING_10
12:33:52.733 (index):1093 WAITING_6
12:33:52.837 (index):1064 ATTRIBUTEACCESSREQUESTED_9
12:33:52.970 (index):1093 WAITING_0
12:33:53.012 (index):1093 WAITING_16
12:33:53.104 (index):1093 WAITING_8
12:33:53.174 (index):1093 WAITING_14
12:33:53.181 (index):1093 WAITING_15
12:33:53.223 (index):1037 UPDATE_7
12:33:53.305 (index):1093 WAITING_13
12:33:53.325 (index):1013 ATTRIBUTEACCESSRELEASED_7
12:33:53.584 (index):1093 WAITING_11
12:33:53.627 (index):1093 WAITING_12
12:33:53.629 (index):1093 WAITING_17
12:33:53.734 (index):1093 WAITING_6
12:33:53.838 (index):1037 UPDATE_9
12:33:53.940 (index):1013 ATTRIBUTEACCESSRELEASED_9
12:33:53.971 (index):1093 WAITING_0
12:33:54.013 (index):1093 WAITING_16
12:33:54.105 (index):1093 WAITING_8
12:33:54.175 (index):1093 WAITING_14
12:33:54.182 (index):1093 WAITING_15
12:33:54.306 (index):1093 WAITING_13
12:33:54.325 (index):1070 NODEACCESSREQUESTED_7
12:33:54.585 (index):1093 WAITING_11
12:33:54.628 (index):1093 WAITING_12
12:33:54.630 (index):1093 WAITING_17
12:33:54.736 (index):1093 WAITING_6
12:33:54.779 (index):1034 UPDATE_10
12:33:54.880 (index):1009 NODEACCESSRELEASED_10
12:33:54.941 (index):1064 ATTRIBUTEACCESSREQUESTED_9
12:33:54.972 (index):1093 WAITING_0
12:33:55.014 (index):1093 WAITING_16
12:33:55.107 (index):1093 WAITING_8
12:33:55.176 (index):1093 WAITING_14
12:33:55.183 (index):1093 WAITING_15
12:33:55.307 (index):1093 WAITING_13
12:33:55.326 (index):1034 UPDATE_7
12:33:55.427 (index):1009 NODEACCESSRELEASED_7
12:33:55.587 (index):1034 UPDATE_11
12:33:55.629 (index):1093 WAITING_12
12:33:55.630 (index):1093 WAITING_17
12:33:55.688 (index):1009 NODEACCESSRELEASED_11
12:33:55.737 (index):1093 WAITING_6
12:33:55.881 (index):1070 NODEACCESSREQUESTED_10
12:33:55.942 (index):1037 UPDATE_9
12:33:55.974 (index):1093 WAITING_0
12:33:56.015 (index):1093 WAITING_16
12:33:56.043 (index):1013 ATTRIBUTEACCESSRELEASED_9
12:33:56.108 (index):1093 WAITING_8
12:33:56.177 (index):1093 WAITING_14
12:33:56.184 (index):1093 WAITING_15
12:33:56.309 (index):1093 WAITING_13
12:33:56.428 (index):1064 ATTRIBUTEACCESSREQUESTED_7
12:33:56.630 (index):1034 UPDATE_12
12:33:56.631 (index):1093 WAITING_17
12:33:56.689 (index):1070 NODEACCESSREQUESTED_11
12:33:56.732 (index):1009 NODEACCESSRELEASED_12
12:33:56.738 (index):1093 WAITING_6
12:33:56.882 (index):1034 UPDATE_10
12:33:56.975 (index):1093 WAITING_0
12:33:56.983 (index):1025 THINKING_10
12:33:57.016 (index):1093 WAITING_16
12:33:57.045 (index):1070 NODEACCESSREQUESTED_9
12:33:57.109 (index):1034 UPDATE_8
12:33:57.179 (index):1093 WAITING_14
12:33:57.186 (index):1093 WAITING_15
12:33:57.211 (index):1025 THINKING_8
12:33:57.310 (index):1093 WAITING_13
12:33:57.430 (index):1037 UPDATE_7
12:33:57.531 (index):1025 THINKING_7
12:33:57.633 (index):1093 WAITING_17
12:33:57.691 (index):1034 UPDATE_11
12:33:57.733 (index):1070 NODEACCESSREQUESTED_12
12:33:57.739 (index):1093 WAITING_6
12:33:57.792 (index):1009 NODEACCESSRELEASED_11
12:33:57.976 (index):1093 WAITING_0
12:33:58.017 (index):1093 WAITING_16
12:33:58.046 (index):1034 UPDATE_9
12:33:58.147 (index):1025 THINKING_9
12:33:58.180 (index):1093 WAITING_14
12:33:58.187 (index):1093 WAITING_15
12:33:58.311 (index):1093 WAITING_13
12:33:58.634 (index):1093 WAITING_17
12:33:58.733 (index):1093 WAITING_12
12:33:58.740 (index):1093 WAITING_6
12:33:58.793 (index):1070 NODEACCESSREQUESTED_11
12:33:58.977 (index):1093 WAITING_0
12:33:59.018 (index):1093 WAITING_16
12:33:59.182 (index):1093 WAITING_14
12:33:59.188 (index):1093 WAITING_15
12:33:59.312 (index):1093 WAITING_13
12:33:59.635 (index):1093 WAITING_17
12:33:59.735 (index):1093 WAITING_12
12:33:59.741 (index):1093 WAITING_6
12:33:59.794 (index):1034 UPDATE_11
12:33:59.895 (index):1025 THINKING_11
12:33:59.960 (index):1034 UPDATE_10
12:33:59.978 (index):1093 WAITING_0
12:34:00.019 (index):1093 WAITING_16
12:34:00.061 (index):1009 NODEACCESSRELEASED_10
12:34:00.183 (index):1093 WAITING_14
12:34:00.189 (index):1093 WAITING_15
12:34:00.313 (index):1093 WAITING_13
12:34:00.508 (index):1034 UPDATE_8
12:34:00.609 (index):1009 NODEACCESSRELEASED_8
12:34:00.637 (index):1093 WAITING_17
12:34:00.736 (index):1093 WAITING_12
12:34:00.742 (index):1093 WAITING_6
12:34:00.967 (index):1037 UPDATE_7
12:34:00.979 (index):1093 WAITING_0
12:34:01.020 (index):1093 WAITING_16
12:34:01.063 (index):1070 NODEACCESSREQUESTED_10
12:34:01.069 (index):1013 ATTRIBUTEACCESSRELEASED_7
12:34:01.184 (index):1034 UPDATE_14
12:34:01.191 (index):1093 WAITING_15
12:34:01.258 (index):1034 UPDATE_9
12:34:01.285 (index):1025 THINKING_14
12:34:01.315 (index):1093 WAITING_13
12:34:01.360 (index):1009 NODEACCESSRELEASED_9
12:34:01.611 (index):1070 NODEACCESSREQUESTED_8
12:34:01.638 (index):1093 WAITING_17
12:34:01.737 (index):1093 WAITING_12
12:34:01.742 (index):1093 WAITING_6
12:34:01.980 (index):1093 WAITING_0
12:34:02.021 (index):1093 WAITING_16
12:34:02.064 (index):1034 UPDATE_10
12:34:02.070 (index):1070 NODEACCESSREQUESTED_7
12:34:02.165 (index):1025 THINKING_10
12:34:02.192 (index):1093 WAITING_15
12:34:02.316 (index):1093 WAITING_13
12:34:02.361 (index):1070 NODEACCESSREQUESTED_9
12:34:02.612 (index):1034 UPDATE_8
12:34:02.639 (index):1093 WAITING_17
12:34:02.713 (index):1009 NODEACCESSRELEASED_8
12:34:02.739 (index):1093 WAITING_12
12:34:02.743 (index):1093 WAITING_6
12:34:02.981 (index):1093 WAITING_0
12:34:03.023 (index):1093 WAITING_16
12:34:03.071 (index):1093 WAITING_7
12:34:03.193 (index):1093 WAITING_15
12:34:03.317 (index):1093 WAITING_13
12:34:03.363 (index):1093 WAITING_9
12:34:03.640 (index):1093 WAITING_17
12:34:03.714 (index):1070 NODEACCESSREQUESTED_8
12:34:03.740 (index):1093 WAITING_12
12:34:03.745 (index):1093 WAITING_6
12:34:03.982 (index):1093 WAITING_0
12:34:04.024 (index):1093 WAITING_16
12:34:04.072 (index):1093 WAITING_7
12:34:04.173 (index):1034 UPDATE_11
12:34:04.195 (index):1093 WAITING_15
12:34:04.275 (index):1009 NODEACCESSRELEASED_11
12:34:04.286 (index):1034 UPDATE_14
12:34:04.318 (index):1093 WAITING_13
12:34:04.364 (index):1093 WAITING_9
12:34:04.388 (index):1009 NODEACCESSRELEASED_14
12:34:04.641 (index):1093 WAITING_17
12:34:04.716 (index):1034 UPDATE_8
12:34:04.742 (index):1093 WAITING_12
12:34:04.746 (index):1093 WAITING_6
12:34:04.817 (index):1009 NODEACCESSRELEASED_8
12:34:04.984 (index):1093 WAITING_0
12:34:05.025 (index):1093 WAITING_16
12:34:05.073 (index):1093 WAITING_7
12:34:05.196 (index):1093 WAITING_15
12:34:05.276 (index):1064 ATTRIBUTEACCESSREQUESTED_11
12:34:05.319 (index):1034 UPDATE_13
12:34:05.365 (index):1093 WAITING_9
12:34:05.389 (index):1070 NODEACCESSREQUESTED_14
12:34:05.421 (index):1009 NODEACCESSRELEASED_13
12:34:05.643 (index):1093 WAITING_17
12:34:05.743 (index):1093 WAITING_12
12:34:05.747 (index):1093 WAITING_6
12:34:05.818 (index):1070 NODEACCESSREQUESTED_8
12:34:05.985 (index):1093 WAITING_0
12:34:06.026 (index):1093 WAITING_16
12:34:06.074 (index):1093 WAITING_7
12:34:06.197 (index):1034 UPDATE_15
12:34:06.277 (index):1037 UPDATE_11
12:34:06.299 (index):1009 NODEACCESSRELEASED_15
12:34:06.367 (index):1093 WAITING_9
12:34:06.378 (index):1013 ATTRIBUTEACCESSRELEASED_11
12:34:06.390 (index):1034 UPDATE_14
12:34:06.422 (index):1064 ATTRIBUTEACCESSREQUESTED_13
12:34:06.491 (index):1009 NODEACCESSRELEASED_14
12:34:06.644 (index):1093 WAITING_17
12:34:06.744 (index):1093 WAITING_12
12:34:06.748 (index):1093 WAITING_6
12:34:06.819 (index):1034 UPDATE_8
12:34:06.830 (index):1034 UPDATE_10
12:34:06.921 (index):1009 NODEACCESSRELEASED_8
12:34:06.931 (index):1009 NODEACCESSRELEASED_10
12:34:06.986 (index):1093 WAITING_0
12:34:07.028 (index):1034 UPDATE_16
12:34:07.076 (index):1093 WAITING_7
12:34:07.129 (index):1009 NODEACCESSRELEASED_16
12:34:07.300 (index):1064 ATTRIBUTEACCESSREQUESTED_15
12:34:07.367 (index):1093 WAITING_9
12:34:07.379 (index):1064 ATTRIBUTEACCESSREQUESTED_11
12:34:07.423 (index):1037 UPDATE_13
12:34:07.492 (index):1070 NODEACCESSREQUESTED_14
12:34:07.525 (index):1013 ATTRIBUTEACCESSRELEASED_13
12:34:07.645 (index):1034 UPDATE_17
12:34:07.745 (index):1093 WAITING_12
12:34:07.747 (index):1009 NODEACCESSRELEASED_17
12:34:07.749 (index):1093 WAITING_6
12:34:07.922 (index):1070 NODEACCESSREQUESTED_8
12:34:07.932 (index):1070 NODEACCESSREQUESTED_10
12:34:07.988 (index):1034 UPDATE_0
12:34:08.076 (index):1093 WAITING_7
12:34:08.089 (index):1025 THINKING_0
12:34:08.132 (index):1064 ATTRIBUTEACCESSREQUESTED_16
12:34:08.301 (index):1037 UPDATE_15
12:34:08.368 (index):1093 WAITING_9
12:34:08.381 (index):1037 UPDATE_11
12:34:08.403 (index):1025 THINKING_15
12:34:08.482 (index):1013 ATTRIBUTEACCESSRELEASED_11
12:34:08.494 (index):1034 UPDATE_14
12:34:08.526 (index):1064 ATTRIBUTEACCESSREQUESTED_13
12:34:08.595 (index):1009 NODEACCESSRELEASED_14
12:34:08.747 (index):1093 WAITING_12
12:34:08.748 (index):1070 NODEACCESSREQUESTED_17
12:34:08.750 (index):1093 WAITING_6
12:34:08.923 (index):1034 UPDATE_8
12:34:08.933 (index):1034 UPDATE_10
12:34:09.025 (index):1009 NODEACCESSRELEASED_8
12:34:09.034 (index):1025 THINKING_10
12:34:09.078 (index):1093 WAITING_7
12:34:09.133 (index):1037 UPDATE_16
12:34:09.234 (index):1013 ATTRIBUTEACCESSRELEASED_16
12:34:09.369 (index):1093 WAITING_9
12:34:09.483 (index):1070 NODEACCESSREQUESTED_11
12:34:09.527 (index):1037 UPDATE_13
12:34:09.596 (index):1070 NODEACCESSREQUESTED_14
12:34:09.628 (index):1013 ATTRIBUTEACCESSRELEASED_13
12:34:09.748 (index):1093 WAITING_12
12:34:09.749 (index):1034 UPDATE_17
12:34:09.751 (index):1093 WAITING_6
12:34:09.850 (index):1009 NODEACCESSRELEASED_17
12:34:10.026 (index):1064 ATTRIBUTEACCESSREQUESTED_8
12:34:10.079 (index):1093 WAITING_7
12:34:10.236 (index):1064 ATTRIBUTEACCESSREQUESTED_16
12:34:10.245 (index):1034 UPDATE_0
12:34:10.346 (index):1009 NODEACCESSRELEASED_0
12:34:10.371 (index):1093 WAITING_9
12:34:10.485 (index):1034 UPDATE_11
12:34:10.586 (index):1025 THINKING_11
12:34:10.596 (index):1093 WAITING_14
12:34:10.629 (index):1070 NODEACCESSREQUESTED_13
12:34:10.749 (index):1093 WAITING_12
12:34:10.751 (index):1034 UPDATE_6
12:34:10.852 (index):1070 NODEACCESSREQUESTED_17
12:34:10.852 (index):1009 NODEACCESSRELEASED_6
12:34:11.027 (index):1037 UPDATE_8
12:34:11.080 (index):1093 WAITING_7
12:34:11.128 (index):1013 ATTRIBUTEACCESSRELEASED_8
12:34:11.237 (index):1037 UPDATE_16
12:34:11.338 (index):1025 THINKING_16
12:34:11.348 (index):1070 NODEACCESSREQUESTED_0
12:34:11.372 (index):1093 WAITING_9
12:34:11.597 (index):1093 WAITING_14
12:34:11.630 (index):1034 UPDATE_13
12:34:11.731 (index):1009 NODEACCESSRELEASED_13
12:34:11.750 (index):1093 WAITING_12
12:34:11.853 (index):1093 WAITING_17
12:34:11.854 (index):1064 ATTRIBUTEACCESSREQUESTED_6
12:34:12.081 (index):1093 WAITING_7
12:34:12.129 (index):1070 NODEACCESSREQUESTED_8
12:34:12.349 (index):1034 UPDATE_0
12:34:12.373 (index):1093 WAITING_9
12:34:12.450 (index):1009 NODEACCESSRELEASED_0
12:34:12.598 (index):1093 WAITING_14
12:34:12.732 (index):1070 NODEACCESSREQUESTED_13
12:34:12.751 (index):1093 WAITING_12
12:34:12.752 (index):1037 UPDATE_15
12:34:12.819 (index):1034 UPDATE_10
12:34:12.852 (index):1025 THINKING_15
12:34:12.854 (index):1093 WAITING_17
12:34:12.855 (index):1093 WAITING_6
12:34:12.920 (index):1009 NODEACCESSRELEASED_10
12:34:13.082 (index):1093 WAITING_7
12:34:13.130 (index):1034 UPDATE_8
12:34:13.231 (index):1104 END_8
12:34:13.375 (index):1093 WAITING_9
12:34:13.451 (index):1070 NODEACCESSREQUESTED_0
12:34:13.600 (index):1093 WAITING_14
12:34:13.734 (index):1034 UPDATE_13
12:34:13.752 (index):1093 WAITING_12
12:34:13.835 (index):1009 NODEACCESSRELEASED_13
12:34:13.855 (index):1093 WAITING_17
12:34:13.856 (index):1093 WAITING_6
12:34:13.921 (index):1070 NODEACCESSREQUESTED_10
12:34:13.970 (index):1034 UPDATE_11
12:34:14.071 (index):1009 NODEACCESSRELEASED_11
12:34:14.083 (index):1093 WAITING_7
12:34:14.376 (index):1093 WAITING_9
12:34:14.453 (index):1034 UPDATE_0
12:34:14.554 (index):1025 THINKING_0
12:34:14.601 (index):1093 WAITING_14
12:34:14.753 (index):1093 WAITING_12
12:34:14.836 (index):1070 NODEACCESSREQUESTED_13
12:34:14.856 (index):1093 WAITING_17
12:34:14.857 (index):1093 WAITING_6
12:34:14.923 (index):1034 UPDATE_10
12:34:14.986 (index):1037 UPDATE_15
12:34:15.024 (index):1025 THINKING_10
12:34:15.073 (index):1070 NODEACCESSREQUESTED_11
12:34:15.084 (index):1093 WAITING_7
12:34:15.087 (index):1013 ATTRIBUTEACCESSRELEASED_15
12:34:15.365 (index):1037 UPDATE_16
12:34:15.377 (index):1093 WAITING_9
12:34:15.466 (index):1025 THINKING_16
12:34:15.602 (index):1093 WAITING_14
12:34:15.754 (index):1093 WAITING_12
12:34:15.838 (index):1034 UPDATE_13
12:34:15.857 (index):1093 WAITING_17
12:34:15.858 (index):1093 WAITING_6
12:34:15.939 (index):1009 NODEACCESSRELEASED_13
12:34:16.074 (index):1034 UPDATE_11
12:34:16.085 (index):1093 WAITING_7
12:34:16.088 (index):1070 NODEACCESSREQUESTED_15
12:34:16.175 (index):1009 NODEACCESSRELEASED_11
12:34:16.378 (index):1093 WAITING_9
12:34:16.603 (index):1093 WAITING_14
12:34:16.755 (index):1093 WAITING_12
12:34:16.858 (index):1093 WAITING_17
12:34:16.859 (index):1093 WAITING_6
12:34:16.941 (index):1070 NODEACCESSREQUESTED_13
12:34:17.086 (index):1093 WAITING_7
12:34:17.089 (index):1034 UPDATE_15
12:34:17.176 (index):1064 ATTRIBUTEACCESSREQUESTED_11
12:34:17.190 (index):1025 THINKING_15
12:34:17.379 (index):1093 WAITING_9
12:34:17.604 (index):1093 WAITING_14
12:34:17.756 (index):1093 WAITING_12
12:34:17.859 (index):1093 WAITING_17
12:34:17.860 (index):1093 WAITING_6
12:34:17.942 (index):1034 UPDATE_13
12:34:18.043 (index):1009 NODEACCESSRELEASED_13
12:34:18.087 (index):1093 WAITING_7
12:34:18.095 (index):1037 UPDATE_16
12:34:18.178 (index):1037 UPDATE_11
12:34:18.196 (index):1025 THINKING_16
12:34:18.279 (index):1025 THINKING_11
12:34:18.380 (index):1093 WAITING_9
12:34:18.549 (index):1034 UPDATE_0
12:34:18.606 (index):1093 WAITING_14
12:34:18.650 (index):1009 NODEACCESSRELEASED_0
12:34:18.758 (index):1093 WAITING_12
12:34:18.860 (index):1093 WAITING_17
12:34:18.862 (index):1093 WAITING_6
12:34:19.045 (index):1070 NODEACCESSREQUESTED_13
12:34:19.088 (index):1093 WAITING_7
12:34:19.382 (index):1093 WAITING_9
12:34:19.607 (index):1093 WAITING_14
12:34:19.652 (index):1064 ATTRIBUTEACCESSREQUESTED_0
12:34:19.759 (index):1093 WAITING_12
12:34:19.862 (index):1093 WAITING_17
12:34:19.863 (index):1093 WAITING_6
12:34:19.908 (index):1034 UPDATE_10
12:34:19.954 (index):1034 UPDATE_15
12:34:20.009 (index):1009 NODEACCESSRELEASED_10
12:34:20.046 (index):1034 UPDATE_13
12:34:20.055 (index):1025 THINKING_15
12:34:20.090 (index):1093 WAITING_7
12:34:20.147 (index):1009 NODEACCESSRELEASED_13
12:34:20.383 (index):1093 WAITING_9
12:34:20.608 (index):1093 WAITING_14
12:34:20.627 (index):1037 UPDATE_16
12:34:20.653 (index):1093 WAITING_0
12:34:20.728 (index):1013 ATTRIBUTEACCESSRELEASED_16
12:34:20.760 (index):1093 WAITING_12
12:34:20.863 (index):1093 WAITING_17
12:34:20.864 (index):1037 UPDATE_6
12:34:20.965 (index):1025 THINKING_6
12:34:21.011 (index):1064 ATTRIBUTEACCESSREQUESTED_10
12:34:21.090 (index):1093 WAITING_7
12:34:21.149 (index):1070 NODEACCESSREQUESTED_13
12:34:21.384 (index):1093 WAITING_9
12:34:21.443 (index):1037 UPDATE_11
12:34:21.545 (index):1104 END_11
12:34:21.609 (index):1093 WAITING_14
12:34:21.654 (index):1037 UPDATE_0
12:34:21.729 (index):1070 NODEACCESSREQUESTED_16
12:34:21.756 (index):1013 ATTRIBUTEACCESSRELEASED_0
12:34:21.761 (index):1093 WAITING_12
12:34:21.864 (index):1093 WAITING_17
12:34:22.012 (index):1037 UPDATE_10
12:34:22.091 (index):1093 WAITING_7
12:34:22.113 (index):1013 ATTRIBUTEACCESSRELEASED_10
12:34:22.150 (index):1034 UPDATE_13
12:34:22.251 (index):1104 END_13
12:34:22.385 (index):1093 WAITING_9
12:34:22.610 (index):1093 WAITING_14
12:34:22.661 (index):1034 UPDATE_15
12:34:22.730 (index):1034 UPDATE_16
12:34:22.757 (index):1070 NODEACCESSREQUESTED_0
12:34:22.762 (index):1093 WAITING_12
12:34:22.763 (index):1009 NODEACCESSRELEASED_15
12:34:22.831 (index):1025 THINKING_16
12:34:22.865 (index):1093 WAITING_17
12:34:23.092 (index):1093 WAITING_7
12:34:23.114 (index):1064 ATTRIBUTEACCESSREQUESTED_10
12:34:23.237 (index):1037 UPDATE_6
12:34:23.338 (index):1025 THINKING_6
12:34:23.387 (index):1093 WAITING_9
12:34:23.612 (index):1093 WAITING_14
12:34:23.758 (index):1034 UPDATE_0
12:34:23.763 (index):1093 WAITING_12
12:34:23.764 (index):1064 ATTRIBUTEACCESSREQUESTED_15
12:34:23.859 (index):1009 NODEACCESSRELEASED_0
12:34:23.867 (index):1093 WAITING_17
12:34:24.094 (index):1093 WAITING_7
12:34:24.115 (index):1037 UPDATE_10
12:34:24.217 (index):1013 ATTRIBUTEACCESSRELEASED_10
12:34:24.388 (index):1093 WAITING_9
12:34:24.613 (index):1093 WAITING_14
12:34:24.765 (index):1093 WAITING_12
12:34:24.766 (index):1037 UPDATE_15
12:34:24.860 (index):1070 NODEACCESSREQUESTED_0
12:34:24.866 (index):1025 THINKING_15
12:34:24.868 (index):1093 WAITING_17
12:34:25.095 (index):1093 WAITING_7
12:34:25.218 (index):1070 NODEACCESSREQUESTED_10
12:34:25.389 (index):1093 WAITING_9
12:34:25.614 (index):1093 WAITING_14
12:34:25.765 (index):1093 WAITING_12
12:34:25.862 (index):1034 UPDATE_0
12:34:25.869 (index):1093 WAITING_17
12:34:25.964 (index):1104 END_0
12:34:26.096 (index):1093 WAITING_7
12:34:26.219 (index):1034 UPDATE_10
12:34:26.292 (index):1037 UPDATE_6
12:34:26.320 (index):1104 END_10
12:34:26.390 (index):1093 WAITING_9
12:34:26.394 (index):1013 ATTRIBUTEACCESSRELEASED_6
12:34:26.616 (index):1093 WAITING_14
12:34:26.767 (index):1093 WAITING_12
12:34:26.870 (index):1093 WAITING_17
12:34:27.098 (index):1093 WAITING_7
12:34:27.392 (index):1093 WAITING_9
12:34:27.395 (index):1070 NODEACCESSREQUESTED_6
12:34:27.424 (index):1034 UPDATE_16
12:34:27.526 (index):1009 NODEACCESSRELEASED_16
12:34:27.617 (index):1093 WAITING_14
12:34:27.768 (index):1093 WAITING_12
12:34:27.871 (index):1093 WAITING_17
12:34:28.099 (index):1093 WAITING_7
12:34:28.393 (index):1093 WAITING_9
12:34:28.396 (index):1034 UPDATE_6
12:34:28.498 (index):1009 NODEACCESSRELEASED_6
12:34:28.527 (index):1070 NODEACCESSREQUESTED_16
12:34:28.618 (index):1093 WAITING_14
12:34:28.769 (index):1034 UPDATE_12
12:34:28.871 (index):1009 NODEACCESSRELEASED_12
12:34:28.872 (index):1093 WAITING_17
12:34:29.100 (index):1034 UPDATE_7
12:34:29.154 (index):1037 UPDATE_15
12:34:29.201 (index):1104 END_7
12:34:29.255 (index):1013 ATTRIBUTEACCESSRELEASED_15
12:34:29.394 (index):1034 UPDATE_9
12:34:29.496 (index):1009 NODEACCESSRELEASED_9
12:34:29.499 (index):1070 NODEACCESSREQUESTED_6
12:34:29.528 (index):1093 WAITING_16
12:34:29.619 (index):1034 UPDATE_14
12:34:29.721 (index):1009 NODEACCESSRELEASED_14
12:34:29.872 (index):1064 ATTRIBUTEACCESSREQUESTED_12
12:34:29.873 (index):1034 UPDATE_17
12:34:29.974 (index):1009 NODEACCESSRELEASED_17
12:34:30.256 (index):1070 NODEACCESSREQUESTED_15
12:34:30.497 (index):1064 ATTRIBUTEACCESSREQUESTED_9
12:34:30.500 (index):1093 WAITING_6
12:34:30.529 (index):1034 UPDATE_16
12:34:30.631 (index):1025 THINKING_16
12:34:30.722 (index):1070 NODEACCESSREQUESTED_14
12:34:30.873 (index):1037 UPDATE_12
12:34:30.974 (index):1025 THINKING_12
12:34:30.976 (index):1064 ATTRIBUTEACCESSREQUESTED_17
12:34:31.258 (index):1034 UPDATE_15
12:34:31.359 (index):1025 THINKING_15
12:34:31.498 (index):1037 UPDATE_9
12:34:31.501 (index):1093 WAITING_6
12:34:31.600 (index):1025 THINKING_9
12:34:31.723 (index):1034 UPDATE_14
12:34:31.825 (index):1025 THINKING_14
12:34:31.977 (index):1037 UPDATE_17
12:34:32.078 (index):1013 ATTRIBUTEACCESSRELEASED_17
12:34:32.502 (index):1093 WAITING_6
12:34:33.079 (index):1070 NODEACCESSREQUESTED_17
12:34:33.364 (index):1034 UPDATE_16
12:34:33.466 (index):1009 NODEACCESSRELEASED_16
12:34:33.503 (index):1034 UPDATE_6
12:34:33.604 (index):1009 NODEACCESSRELEASED_6
12:34:34.055 (index):1034 UPDATE_14
12:34:34.081 (index):1034 UPDATE_17
12:34:34.156 (index):1009 NODEACCESSRELEASED_14
12:34:34.181 (index):1025 THINKING_17
12:34:34.467 (index):1070 NODEACCESSREQUESTED_16
12:34:34.605 (index):1064 ATTRIBUTEACCESSREQUESTED_6
12:34:35.149 (index):1034 UPDATE_15
12:34:35.158 (index):1070 NODEACCESSREQUESTED_14
12:34:35.223 (index):1037 UPDATE_9
12:34:35.251 (index):1009 NODEACCESSRELEASED_15
12:34:35.324 (index):1013 ATTRIBUTEACCESSRELEASED_9
12:34:35.468 (index):1034 UPDATE_16
12:34:35.570 (index):1009 NODEACCESSRELEASED_16
12:34:35.606 (index):1037 UPDATE_6
12:34:35.634 (index):1037 UPDATE_12
12:34:35.708 (index):1013 ATTRIBUTEACCESSRELEASED_6
12:34:35.735 (index):1013 ATTRIBUTEACCESSRELEASED_12
12:34:36.159 (index):1034 UPDATE_14
12:34:36.252 (index):1070 NODEACCESSREQUESTED_15
12:34:36.260 (index):1009 NODEACCESSRELEASED_14
12:34:36.326 (index):1064 ATTRIBUTEACCESSREQUESTED_9
12:34:36.571 (index):1064 ATTRIBUTEACCESSREQUESTED_16
12:34:36.709 (index):1070 NODEACCESSREQUESTED_6
12:34:36.736 (index):1064 ATTRIBUTEACCESSREQUESTED_12
12:34:37.253 (index):1034 UPDATE_15
12:34:37.261 (index):1064 ATTRIBUTEACCESSREQUESTED_14
12:34:37.327 (index):1037 UPDATE_9
12:34:37.354 (index):1104 END_15
12:34:37.428 (index):1013 ATTRIBUTEACCESSRELEASED_9
12:34:37.531 (index):1034 UPDATE_17
12:34:37.572 (index):1037 UPDATE_16
12:34:37.632 (index):1009 NODEACCESSRELEASED_17
12:34:37.673 (index):1104 END_16
12:34:37.710 (index):1034 UPDATE_6
12:34:37.737 (index):1037 UPDATE_12
12:34:37.811 (index):1009 NODEACCESSRELEASED_6
12:34:37.839 (index):1013 ATTRIBUTEACCESSRELEASED_12
12:34:38.262 (index):1037 UPDATE_14
12:34:38.363 (index):1025 THINKING_14
12:34:38.430 (index):1070 NODEACCESSREQUESTED_9
12:34:38.633 (index):1064 ATTRIBUTEACCESSREQUESTED_17
12:34:38.813 (index):1070 NODEACCESSREQUESTED_6
12:34:38.840 (index):1064 ATTRIBUTEACCESSREQUESTED_12
12:34:39.431 (index):1034 UPDATE_9
12:34:39.532 (index):1009 NODEACCESSRELEASED_9
12:34:39.635 (index):1037 UPDATE_17
12:34:39.736 (index):1013 ATTRIBUTEACCESSRELEASED_17
12:34:39.814 (index):1034 UPDATE_6
12:34:39.841 (index):1037 UPDATE_12
12:34:39.915 (index):1104 END_6
12:34:39.942 (index):1013 ATTRIBUTEACCESSRELEASED_12
12:34:40.533 (index):1070 NODEACCESSREQUESTED_9
12:34:40.737 (index):1070 NODEACCESSREQUESTED_17
12:34:40.944 (index):1064 ATTRIBUTEACCESSREQUESTED_12
12:34:41.535 (index):1034 UPDATE_9
12:34:41.562 (index):1037 UPDATE_14
12:34:41.636 (index):1104 END_9
12:34:41.663 (index):1025 THINKING_14
12:34:41.738 (index):1034 UPDATE_17
12:34:41.839 (index):1009 NODEACCESSRELEASED_17
12:34:41.945 (index):1093 WAITING_12
12:34:42.840 (index):1070 NODEACCESSREQUESTED_17
12:34:42.946 (index):1093 WAITING_12
12:34:43.842 (index):1034 UPDATE_17
12:34:43.943 (index):1025 THINKING_17
12:34:43.948 (index):1093 WAITING_12
12:34:44.949 (index):1093 WAITING_12
12:34:45.737 (index):1037 UPDATE_14
12:34:45.838 (index):1013 ATTRIBUTEACCESSRELEASED_14
12:34:45.950 (index):1037 UPDATE_12
12:34:46.052 (index):1013 ATTRIBUTEACCESSRELEASED_12
12:34:46.839 (index):1064 ATTRIBUTEACCESSREQUESTED_14
12:34:47.053 (index):1064 ATTRIBUTEACCESSREQUESTED_12
12:34:47.648 (index):1034 UPDATE_17
12:34:47.750 (index):1009 NODEACCESSRELEASED_17
12:34:47.841 (index):1037 UPDATE_14
12:34:47.942 (index):1104 END_14
12:34:48.054 (index):1037 UPDATE_12
12:34:48.155 (index):1013 ATTRIBUTEACCESSRELEASED_12
12:34:48.751 (index):1070 NODEACCESSREQUESTED_17
12:34:49.157 (index):1070 NODEACCESSREQUESTED_12
12:34:49.752 (index):1034 UPDATE_17
12:34:49.853 (index):1025 THINKING_17
12:34:50.158 (index):1034 UPDATE_12
12:34:50.259 (index):1009 NODEACCESSRELEASED_12
12:34:51.261 (index):1070 NODEACCESSREQUESTED_12
12:34:52.262 (index):1034 UPDATE_12
12:34:52.363 (index):1025 THINKING_12
12:34:52.958 (index):1034 UPDATE_17
12:34:53.059 (index):1025 THINKING_17
12:34:55.740 (index):1034 UPDATE_12
12:34:55.755 (index):1034 UPDATE_17
12:34:55.841 (index):1009 NODEACCESSRELEASED_12
12:34:55.856 (index):1104 END_17
12:34:56.842 (index):1064 ATTRIBUTEACCESSREQUESTED_12
12:34:57.843 (index):1037 UPDATE_12
12:34:57.944 (index):1013 ATTRIBUTEACCESSRELEASED_12
12:34:58.946 (index):1064 ATTRIBUTEACCESSREQUESTED_12
12:34:59.947 (index):1037 UPDATE_12
12:35:00.048 (index):1104 END_12
