12:10:06.633 (index):1186 Tasks: 25; Collaborators: 3    =========================>
12:10:06.634 (index):1064 ATTRIBUTEACCESSREQUESTED_0
12:10:06.635 (index):1070 NODEACCESSREQUESTED_1
12:10:06.636 (index):1070 NODEACCESSREQUESTED_2
12:10:07.635 (index):1025 THINKING_0
12:10:07.637 (index):1025 THINKING_1
12:10:07.638 (index):1009 NODEACCESSRELEASED_2
12:10:08.639 (index):1070 NODEACCESSREQUESTED_2
12:10:09.640 (index):1034 UPDATE_2
12:10:09.742 (index):1009 NODEACCESSRELEASED_2
12:10:10.583 (index):1034 UPDATE_1
12:10:10.684 (index):1009 NODEACCESSRELEASED_1
12:10:10.743 (index):1070 NODEACCESSREQUESTED_2
12:10:11.686 (index):1070 NODEACCESSREQUESTED_1
12:10:11.744 (index):1034 UPDATE_2
12:10:11.846 (index):1009 NODEACCESSRELEASED_2
12:10:11.985 (index):1037 UPDATE_0
12:10:12.086 (index):1013 ATTRIBUTEACCESSRELEASED_0
12:10:12.686 (index):1034 UPDATE_1
12:10:12.788 (index):1025 THINKING_1
12:10:12.847 (index):1064 ATTRIBUTEACCESSREQUESTED_2
12:10:13.088 (index):1064 ATTRIBUTEACCESSREQUESTED_0
12:10:13.849 (index):1037 UPDATE_2
12:10:13.950 (index):1025 THINKING_2
12:10:14.089 (index):1037 UPDATE_0
12:10:14.190 (index):1013 ATTRIBUTEACCESSRELEASED_0
12:10:15.192 (index):1070 NODEACCESSREQUESTED_0
12:10:16.193 (index):1034 UPDATE_0
12:10:16.294 (index):1025 THINKING_0
12:10:16.337 (index):1034 UPDATE_1
12:10:16.439 (index):1025 THINKING_1
12:10:16.670 (index):1037 UPDATE_2
12:10:16.771 (index):1013 ATTRIBUTEACCESSRELEASED_2
12:10:17.772 (index):1064 ATTRIBUTEACCESSREQUESTED_2
12:10:18.773 (index):1037 UPDATE_2
12:10:18.865 (index):1034 UPDATE_0
12:10:18.874 (index):1013 ATTRIBUTEACCESSRELEASED_2
12:10:18.966 (index):1025 THINKING_0
12:10:19.876 (index):1070 NODEACCESSREQUESTED_2
12:10:20.832 (index):1034 UPDATE_1
12:10:20.877 (index):1034 UPDATE_2
12:10:20.933 (index):1009 NODEACCESSRELEASED_1
12:10:20.978 (index):1025 THINKING_2
12:10:21.934 (index):1070 NODEACCESSREQUESTED_1
12:10:22.936 (index):1034 UPDATE_1
12:10:23.037 (index):1025 THINKING_1
12:10:23.530 (index):1034 UPDATE_2
12:10:23.631 (index):1025 THINKING_2
12:10:23.908 (index):1034 UPDATE_0
12:10:24.010 (index):1009 NODEACCESSRELEASED_0
12:10:25.011 (index):1070 NODEACCESSREQUESTED_0
12:10:25.348 (index):1034 UPDATE_1
12:10:25.449 (index):1009 NODEACCESSRELEASED_1
12:10:25.858 (index):1034 UPDATE_2
12:10:25.960 (index):1025 THINKING_2
12:10:26.013 (index):1034 UPDATE_0
12:10:26.114 (index):1025 THINKING_0
12:10:26.451 (index):1070 NODEACCESSREQUESTED_1
12:10:27.452 (index):1034 UPDATE_1
12:10:27.553 (index):1025 THINKING_1
12:10:28.270 (index):1034 UPDATE_0
12:10:28.372 (index):1009 NODEACCESSRELEASED_0
12:10:29.373 (index):1070 NODEACCESSREQUESTED_0
12:10:30.373 (index):1034 UPDATE_0
12:10:30.475 (index):1009 NODEACCESSRELEASED_0
12:10:30.484 (index):1034 UPDATE_1
12:10:30.585 (index):1025 THINKING_1
12:10:30.815 (index):1034 UPDATE_2
12:10:30.916 (index):1009 NODEACCESSRELEASED_2
12:10:31.476 (index):1070 NODEACCESSREQUESTED_0
12:10:31.918 (index):1070 NODEACCESSREQUESTED_2
12:10:32.477 (index):1034 UPDATE_0
12:10:32.579 (index):1025 THINKING_0
12:10:32.919 (index):1034 UPDATE_2
12:10:33.021 (index):1009 NODEACCESSRELEASED_2
12:10:34.022 (index):1070 NODEACCESSREQUESTED_2
12:10:35.023 (index):1034 UPDATE_2
12:10:35.125 (index):1009 NODEACCESSRELEASED_2
12:10:35.195 (index):1034 UPDATE_1
12:10:35.297 (index):1025 THINKING_1
12:10:36.126 (index):1070 NODEACCESSREQUESTED_2
12:10:36.574 (index):1034 UPDATE_0
12:10:36.676 (index):1009 NODEACCESSRELEASED_0
12:10:37.128 (index):1034 UPDATE_2
12:10:37.229 (index):1009 NODEACCESSRELEASED_2
12:10:37.677 (index):1064 ATTRIBUTEACCESSREQUESTED_0
12:10:38.230 (index):1070 NODEACCESSREQUESTED_2
12:10:38.678 (index):1037 UPDATE_0
12:10:38.780 (index):1013 ATTRIBUTEACCESSRELEASED_0
12:10:39.231 (index):1034 UPDATE_2
12:10:39.332 (index):1104 END_2
12:10:39.489 (index):1034 UPDATE_1
12:10:39.591 (index):1009 NODEACCESSRELEASED_1
12:10:39.781 (index):1070 NODEACCESSREQUESTED_0
12:10:40.592 (index):1070 NODEACCESSREQUESTED_1
12:10:40.782 (index):1034 UPDATE_0
12:10:40.884 (index):1009 NODEACCESSRELEASED_0
12:10:41.593 (index):1034 UPDATE_1
12:10:41.695 (index):1025 THINKING_1
12:10:41.885 (index):1070 NODEACCESSREQUESTED_0
12:10:42.887 (index):1034 UPDATE_0
12:10:42.988 (index):1104 END_0
12:10:43.873 (index):1034 UPDATE_1
12:10:43.974 (index):1009 NODEACCESSRELEASED_1
12:10:44.976 (index):1070 NODEACCESSREQUESTED_1
12:10:45.977 (index):1034 UPDATE_1
12:10:46.078 (index):1104 END_1
