12:11:25.527 (index):1206 Tasks: 25; Collaborators: 5    =========================>
12:11:25.528 (index):1064 ATTRIBUTEACCESSREQUESTED_0
12:11:25.529 (index):1070 NODEACCESSREQUESTED_1
12:11:25.530 (index):1070 NODEACCESSREQUESTED_2
12:11:25.531 (index):1064 ATTRIBUTEACCESSREQUESTED_3
12:11:25.532 (index):1064 ATTRIBUTEACCESSREQUESTED_4
12:11:26.529 (index):1025 THINKING_0
12:11:26.530 (index):1025 THINKING_1
12:11:26.531 (index):1009 NODEACCESSRELEASED_2
12:11:26.532 (index):1093 WAITING_3
12:11:26.533 (index):1013 ATTRIBUTEACCESSRELEASED_4
12:11:27.533 (index):1070 NODEACCESSREQUESTED_2
12:11:27.534 (index):1093 WAITING_3
12:11:27.535 (index):1064 ATTRIBUTEACCESSREQUESTED_4
12:11:28.534 (index):1034 UPDATE_2
12:11:28.535 (index):1093 WAITING_3
12:11:28.537 (index):1037 UPDATE_4
12:11:28.635 (index):1009 NODEACCESSRELEASED_2
12:11:28.638 (index):1013 ATTRIBUTEACCESSRELEASED_4
12:11:29.477 (index):1034 UPDATE_1
12:11:29.536 (index):1093 WAITING_3
12:11:29.578 (index):1009 NODEACCESSRELEASED_1
12:11:29.636 (index):1070 NODEACCESSREQUESTED_2
12:11:29.639 (index):1070 NODEACCESSREQUESTED_4
12:11:30.537 (index):1093 WAITING_3
12:11:30.579 (index):1070 NODEACCESSREQUESTED_1
12:11:30.638 (index):1034 UPDATE_2
12:11:30.640 (index):1034 UPDATE_4
12:11:30.739 (index):1009 NODEACCESSRELEASED_2
12:11:30.741 (index):1009 NODEACCESSRELEASED_4
12:11:30.879 (index):1037 UPDATE_0
12:11:30.980 (index):1013 ATTRIBUTEACCESSRELEASED_0
12:11:31.539 (index):1013 ATTRIBUTEACCESSRELEASED_3
12:11:31.581 (index):1034 UPDATE_1
12:11:31.682 (index):1025 THINKING_1
12:11:31.740 (index):1064 ATTRIBUTEACCESSREQUESTED_2
12:11:31.742 (index):1064 ATTRIBUTEACCESSREQUESTED_4
12:11:31.981 (index):1064 ATTRIBUTEACCESSREQUESTED_0
12:11:32.540 (index):1064 ATTRIBUTEACCESSREQUESTED_3
12:11:32.742 (index):1037 UPDATE_2
12:11:32.743 (index):1037 UPDATE_4
12:11:32.842 (index):1025 THINKING_2
12:11:32.844 (index):1013 ATTRIBUTEACCESSRELEASED_4
12:11:32.982 (index):1037 UPDATE_0
12:11:33.084 (index):1013 ATTRIBUTEACCESSRELEASED_0
12:11:33.541 (index):1093 WAITING_3
12:11:33.845 (index):1070 NODEACCESSREQUESTED_4
12:11:34.085 (index):1070 NODEACCESSREQUESTED_0
12:11:34.543 (index):1093 WAITING_3
12:11:34.847 (index):1034 UPDATE_4
12:11:34.948 (index):1009 NODEACCESSRELEASED_4
12:11:35.087 (index):1034 UPDATE_0
12:11:35.188 (index):1025 THINKING_0
12:11:35.231 (index):1034 UPDATE_1
12:11:35.333 (index):1025 THINKING_1
12:11:35.544 (index):1093 WAITING_3
12:11:35.561 (index):1037 UPDATE_2
12:11:35.662 (index):1013 ATTRIBUTEACCESSRELEASED_2
12:11:35.949 (index):1064 ATTRIBUTEACCESSREQUESTED_4
12:11:36.545 (index):1037 UPDATE_3
12:11:36.647 (index):1013 ATTRIBUTEACCESSRELEASED_3
12:11:36.664 (index):1064 ATTRIBUTEACCESSREQUESTED_2
12:11:36.951 (index):1037 UPDATE_4
12:11:37.052 (index):1025 THINKING_4
12:11:37.648 (index):1070 NODEACCESSREQUESTED_3
12:11:37.665 (index):1037 UPDATE_2
12:11:37.758 (index):1034 UPDATE_0
12:11:37.766 (index):1013 ATTRIBUTEACCESSRELEASED_2
12:11:37.860 (index):1025 THINKING_0
12:11:38.649 (index):1034 UPDATE_3
12:11:38.750 (index):1025 THINKING_3
12:11:38.767 (index):1070 NODEACCESSREQUESTED_2
12:11:39.490 (index):1037 UPDATE_4
12:11:39.592 (index):1013 ATTRIBUTEACCESSRELEASED_4
12:11:39.726 (index):1034 UPDATE_1
12:11:39.769 (index):1034 UPDATE_2
12:11:39.827 (index):1009 NODEACCESSRELEASED_1
12:11:39.870 (index):1025 THINKING_2
12:11:40.593 (index):1064 ATTRIBUTEACCESSREQUESTED_4
12:11:40.828 (index):1070 NODEACCESSREQUESTED_1
12:11:41.594 (index):1037 UPDATE_4
12:11:41.696 (index):1025 THINKING_4
12:11:41.829 (index):1034 UPDATE_1
12:11:41.931 (index):1025 THINKING_1
12:11:42.421 (index):1034 UPDATE_2
12:11:42.522 (index):1025 THINKING_2
12:11:42.802 (index):1034 UPDATE_0
12:11:42.868 (index):1034 UPDATE_3
12:11:42.903 (index):1009 NODEACCESSRELEASED_0
12:11:42.969 (index):1009 NODEACCESSRELEASED_3
12:11:43.905 (index):1070 NODEACCESSREQUESTED_0
12:11:43.971 (index):1064 ATTRIBUTEACCESSREQUESTED_3
12:11:44.242 (index):1034 UPDATE_1
12:11:44.343 (index):1009 NODEACCESSRELEASED_1
12:11:44.749 (index):1034 UPDATE_2
12:11:44.851 (index):1025 THINKING_2
12:11:44.906 (index):1034 UPDATE_0
12:11:44.972 (index):1037 UPDATE_3
12:11:45.007 (index):1025 THINKING_0
12:11:45.073 (index):1013 ATTRIBUTEACCESSRELEASED_3
12:11:45.344 (index):1070 NODEACCESSREQUESTED_1
12:11:45.905 (index):1037 UPDATE_4
12:11:46.006 (index):1025 THINKING_4
12:11:46.075 (index):1070 NODEACCESSREQUESTED_3
12:11:46.346 (index):1034 UPDATE_1
12:11:46.447 (index):1025 THINKING_1
12:11:47.076 (index):1034 UPDATE_3
12:11:47.163 (index):1034 UPDATE_0
12:11:47.177 (index):1009 NODEACCESSRELEASED_3
12:11:47.264 (index):1009 NODEACCESSRELEASED_0
12:11:48.178 (index):1070 NODEACCESSREQUESTED_3
12:11:48.266 (index):1070 NODEACCESSREQUESTED_0
12:11:49.180 (index):1034 UPDATE_3
12:11:49.267 (index):1034 UPDATE_0
12:11:49.281 (index):1009 NODEACCESSRELEASED_3
12:11:49.368 (index):1009 NODEACCESSRELEASED_0
12:11:49.377 (index):1034 UPDATE_1
12:11:49.479 (index):1025 THINKING_1
12:11:49.706 (index):1034 UPDATE_2
12:11:49.807 (index):1009 NODEACCESSRELEASED_2
12:11:49.965 (index):1037 UPDATE_4
12:11:50.067 (index):1025 THINKING_4
12:11:50.282 (index):1070 NODEACCESSREQUESTED_3
12:11:50.369 (index):1070 NODEACCESSREQUESTED_0
12:11:50.809 (index):1070 NODEACCESSREQUESTED_2
12:11:51.284 (index):1034 UPDATE_3
12:11:51.371 (index):1034 UPDATE_0
12:11:51.385 (index):1009 NODEACCESSRELEASED_3
12:11:51.472 (index):1025 THINKING_0
12:11:51.810 (index):1034 UPDATE_2
12:11:51.911 (index):1009 NODEACCESSRELEASED_2
12:11:52.386 (index):1070 NODEACCESSREQUESTED_3
12:11:52.833 (index):1037 UPDATE_4
12:11:52.912 (index):1070 NODEACCESSREQUESTED_2
12:11:52.934 (index):1013 ATTRIBUTEACCESSRELEASED_4
12:11:53.388 (index):1034 UPDATE_3
12:11:53.488 (index):1025 THINKING_3
12:11:53.914 (index):1034 UPDATE_2
12:11:53.936 (index):1070 NODEACCESSREQUESTED_4
12:11:54.015 (index):1009 NODEACCESSRELEASED_2
12:11:54.089 (index):1034 UPDATE_1
12:11:54.190 (index):1025 THINKING_1
12:11:54.937 (index):1093 WAITING_4
12:11:55.016 (index):1070 NODEACCESSREQUESTED_2
12:11:55.467 (index):1034 UPDATE_0
12:11:55.569 (index):1009 NODEACCESSRELEASED_0
12:11:55.895 (index):1034 UPDATE_3
12:11:55.939 (index):1093 WAITING_4
12:11:55.997 (index):1009 NODEACCESSRELEASED_3
12:11:56.018 (index):1034 UPDATE_2
12:11:56.119 (index):1009 NODEACCESSRELEASED_2
12:11:56.570 (index):1064 ATTRIBUTEACCESSREQUESTED_0
12:11:56.940 (index):1093 WAITING_4
12:11:56.998 (index):1064 ATTRIBUTEACCESSREQUESTED_3
12:11:57.120 (index):1070 NODEACCESSREQUESTED_2
12:11:57.571 (index):1037 UPDATE_0
12:11:57.673 (index):1013 ATTRIBUTEACCESSRELEASED_0
12:11:57.942 (index):1093 WAITING_4
12:11:57.999 (index):1037 UPDATE_3
12:11:58.100 (index):1013 ATTRIBUTEACCESSRELEASED_3
12:11:58.120 (index):1034 UPDATE_2
12:11:58.221 (index):1104 END_2
12:11:58.382 (index):1034 UPDATE_1
12:11:58.483 (index):1009 NODEACCESSRELEASED_1
12:11:58.674 (index):1070 NODEACCESSREQUESTED_0
12:11:58.943 (index):1034 UPDATE_4
12:11:59.045 (index):1009 NODEACCESSRELEASED_4
12:11:59.101 (index):1064 ATTRIBUTEACCESSREQUESTED_3
12:11:59.485 (index):1070 NODEACCESSREQUESTED_1
12:11:59.675 (index):1034 UPDATE_0
12:11:59.776 (index):1009 NODEACCESSRELEASED_0
12:12:00.046 (index):1070 NODEACCESSREQUESTED_4
12:12:00.102 (index):1037 UPDATE_3
12:12:00.204 (index):1025 THINKING_3
12:12:00.486 (index):1034 UPDATE_1
12:12:00.587 (index):1025 THINKING_1
12:12:00.778 (index):1070 NODEACCESSREQUESTED_0
12:12:01.047 (index):1034 UPDATE_4
12:12:01.148 (index):1025 THINKING_4
12:12:01.779 (index):1034 UPDATE_0
12:12:01.880 (index):1104 END_0
12:12:02.542 (index):1037 UPDATE_3
12:12:02.643 (index):1013 ATTRIBUTEACCESSRELEASED_3
12:12:02.766 (index):1034 UPDATE_1
12:12:02.867 (index):1009 NODEACCESSRELEASED_1
12:12:03.644 (index):1070 NODEACCESSREQUESTED_3
12:12:03.868 (index):1070 NODEACCESSREQUESTED_1
12:12:04.646 (index):1034 UPDATE_3
12:12:04.746 (index):1104 END_3
12:12:04.870 (index):1034 UPDATE_1
12:12:04.970 (index):1104 END_1
12:12:05.538 (index):1034 UPDATE_4
12:12:05.639 (index):1104 END_4
