12:12:55.095 (index):1234 Tasks: 25; Collaborators: 7    =========================>
12:12:55.096 (index):1064 ATTRIBUTEACCESSREQUESTED_0
12:12:55.097 (index):1070 NODEACCESSREQUESTED_1
12:12:55.098 (index):1070 NODEACCESSREQUESTED_2
12:12:55.099 (index):1064 ATTRIBUTEACCESSREQUESTED_3
12:12:55.100 (index):1064 ATTRIBUTEACCESSREQUESTED_4
12:12:55.101 (index):1070 NODEACCESSREQUESTED_5
12:12:55.102 (index):1070 NODEACCESSREQUESTED_6
12:12:56.097 (index):1025 THINKING_0
12:12:56.099 (index):1025 THINKING_1
12:12:56.100 (index):1009 NODEACCESSRELEASED_2
12:12:56.101 (index):1013 ATTRIBUTEACCESSRELEASED_3
12:12:56.102 (index):1093 WAITING_4
12:12:56.103 (index):1009 NODEACCESSRELEASED_5
12:12:56.104 (index):1025 THINKING_6
12:12:57.101 (index):1070 NODEACCESSREQUESTED_2
12:12:57.102 (index):1064 ATTRIBUTEACCESSREQUESTED_3
12:12:57.103 (index):1093 WAITING_4
12:12:57.104 (index):1070 NODEACCESSREQUESTED_5
12:12:58.102 (index):1034 UPDATE_2
12:12:58.104 (index):1037 UPDATE_3
12:12:58.105 (index):1093 WAITING_4
12:12:58.106 (index):1034 UPDATE_5
12:12:58.204 (index):1009 NODEACCESSRELEASED_2
12:12:58.205 (index):1013 ATTRIBUTEACCESSRELEASED_3
12:12:58.207 (index):1025 THINKING_5
12:12:58.822 (index):1034 UPDATE_6
12:12:58.923 (index):1009 NODEACCESSRELEASED_6
12:12:59.045 (index):1034 UPDATE_1
12:12:59.106 (index):1093 WAITING_4
12:12:59.146 (index):1009 NODEACCESSRELEASED_1
12:12:59.205 (index):1070 NODEACCESSREQUESTED_2
12:12:59.206 (index):1070 NODEACCESSREQUESTED_3
12:12:59.924 (index):1064 ATTRIBUTEACCESSREQUESTED_6
12:13:00.107 (index):1093 WAITING_4
12:13:00.147 (index):1070 NODEACCESSREQUESTED_1
12:13:00.206 (index):1034 UPDATE_2
12:13:00.208 (index):1034 UPDATE_3
12:13:00.308 (index):1009 NODEACCESSRELEASED_2
12:13:00.309 (index):1025 THINKING_3
12:13:00.447 (index):1037 UPDATE_0
12:13:00.548 (index):1013 ATTRIBUTEACCESSRELEASED_0
12:13:00.621 (index):1034 UPDATE_5
12:13:00.723 (index):1009 NODEACCESSRELEASED_5
12:13:00.926 (index):1037 UPDATE_6
12:13:01.027 (index):1013 ATTRIBUTEACCESSRELEASED_6
12:13:01.108 (index):1013 ATTRIBUTEACCESSRELEASED_4
12:13:01.149 (index):1034 UPDATE_1
12:13:01.250 (index):1025 THINKING_1
12:13:01.309 (index):1064 ATTRIBUTEACCESSREQUESTED_2
12:13:01.550 (index):1064 ATTRIBUTEACCESSREQUESTED_0
12:13:01.724 (index):1070 NODEACCESSREQUESTED_5
12:13:02.028 (index):1070 NODEACCESSREQUESTED_6
12:13:02.110 (index):1064 ATTRIBUTEACCESSREQUESTED_4
12:13:02.310 (index):1037 UPDATE_2
12:13:02.411 (index):1025 THINKING_2
12:13:02.551 (index):1037 UPDATE_0
12:13:02.652 (index):1013 ATTRIBUTEACCESSRELEASED_0
12:13:02.726 (index):1034 UPDATE_5
12:13:02.827 (index):1025 THINKING_5
12:13:03.030 (index):1034 UPDATE_6
12:13:03.111 (index):1093 WAITING_4
12:13:03.131 (index):1009 NODEACCESSRELEASED_6
12:13:03.653 (index):1070 NODEACCESSREQUESTED_0
12:13:04.112 (index):1093 WAITING_4
12:13:04.132 (index):1070 NODEACCESSREQUESTED_6
12:13:04.426 (index):1034 UPDATE_3
12:13:04.528 (index):1009 NODEACCESSRELEASED_3
12:13:04.655 (index):1034 UPDATE_0
12:13:04.756 (index):1025 THINKING_0
12:13:04.799 (index):1034 UPDATE_1
12:13:04.900 (index):1025 THINKING_1
12:13:05.114 (index):1093 WAITING_4
12:13:05.130 (index):1037 UPDATE_2
12:13:05.134 (index):1093 WAITING_6
12:13:05.231 (index):1013 ATTRIBUTEACCESSRELEASED_2
12:13:05.529 (index):1064 ATTRIBUTEACCESSREQUESTED_3
12:13:05.967 (index):1034 UPDATE_5
12:13:06.068 (index):1009 NODEACCESSRELEASED_5
12:13:06.115 (index):1037 UPDATE_4
12:13:06.135 (index):1093 WAITING_6
12:13:06.217 (index):1013 ATTRIBUTEACCESSRELEASED_4
12:13:06.232 (index):1064 ATTRIBUTEACCESSREQUESTED_2
12:13:06.530 (index):1037 UPDATE_3
12:13:06.632 (index):1013 ATTRIBUTEACCESSRELEASED_3
12:13:07.070 (index):1064 ATTRIBUTEACCESSREQUESTED_5
12:13:07.136 (index):1093 WAITING_6
12:13:07.217 (index):1070 NODEACCESSREQUESTED_4
12:13:07.233 (index):1037 UPDATE_2
12:13:07.326 (index):1034 UPDATE_0
12:13:07.334 (index):1013 ATTRIBUTEACCESSRELEASED_2
12:13:07.428 (index):1025 THINKING_0
12:13:07.633 (index):1070 NODEACCESSREQUESTED_3
12:13:08.071 (index):1037 UPDATE_5
12:13:08.137 (index):1093 WAITING_6
12:13:08.172 (index):1025 THINKING_5
12:13:08.219 (index):1034 UPDATE_4
12:13:08.320 (index):1009 NODEACCESSRELEASED_4
12:13:08.335 (index):1070 NODEACCESSREQUESTED_2
12:13:08.634 (index):1034 UPDATE_3
12:13:08.735 (index):1009 NODEACCESSRELEASED_3
12:13:09.139 (index):1093 WAITING_6
12:13:09.293 (index):1034 UPDATE_1
12:13:09.321 (index):1064 ATTRIBUTEACCESSREQUESTED_4
12:13:09.336 (index):1034 UPDATE_2
12:13:09.395 (index):1009 NODEACCESSRELEASED_1
12:13:09.437 (index):1025 THINKING_2
12:13:09.737 (index):1070 NODEACCESSREQUESTED_3
12:13:10.140 (index):1093 WAITING_6
12:13:10.322 (index):1037 UPDATE_4
12:13:10.396 (index):1070 NODEACCESSREQUESTED_1
12:13:10.423 (index):1013 ATTRIBUTEACCESSRELEASED_4
12:13:10.738 (index):1034 UPDATE_3
12:13:10.839 (index):1009 NODEACCESSRELEASED_3
12:13:11.141 (index):1093 WAITING_6
12:13:11.397 (index):1034 UPDATE_1
12:13:11.425 (index):1070 NODEACCESSREQUESTED_4
12:13:11.499 (index):1025 THINKING_1
12:13:11.840 (index):1070 NODEACCESSREQUESTED_3
12:13:11.988 (index):1034 UPDATE_2
12:13:12.090 (index):1025 THINKING_2
12:13:12.142 (index):1093 WAITING_6
12:13:12.370 (index):1034 UPDATE_0
12:13:12.426 (index):1034 UPDATE_4
12:13:12.471 (index):1009 NODEACCESSRELEASED_0
12:13:12.527 (index):1009 NODEACCESSRELEASED_4
12:13:12.755 (index):1037 UPDATE_5
12:13:12.841 (index):1093 WAITING_3
12:13:12.856 (index):1025 THINKING_5
12:13:13.144 (index):1093 WAITING_6
12:13:13.473 (index):1070 NODEACCESSREQUESTED_0
12:13:13.529 (index):1064 ATTRIBUTEACCESSREQUESTED_4
12:13:13.810 (index):1034 UPDATE_1
12:13:13.843 (index):1093 WAITING_3
12:13:13.911 (index):1009 NODEACCESSRELEASED_1
12:13:14.145 (index):1093 WAITING_6
12:13:14.316 (index):1034 UPDATE_2
12:13:14.418 (index):1025 THINKING_2
12:13:14.474 (index):1034 UPDATE_0
12:13:14.530 (index):1093 WAITING_4
12:13:14.575 (index):1025 THINKING_0
12:13:14.844 (index):1093 WAITING_3
12:13:14.898 (index):1037 UPDATE_5
12:13:14.912 (index):1070 NODEACCESSREQUESTED_1
12:13:14.999 (index):1013 ATTRIBUTEACCESSRELEASED_5
12:13:15.146 (index):1093 WAITING_6
12:13:15.531 (index):1037 UPDATE_4
12:13:15.632 (index):1025 THINKING_4
12:13:15.845 (index):1093 WAITING_3
12:13:15.913 (index):1034 UPDATE_1
12:13:16.000 (index):1070 NODEACCESSREQUESTED_5
12:13:16.014 (index):1025 THINKING_1
12:13:16.148 (index):1093 WAITING_6
12:13:16.731 (index):1034 UPDATE_0
12:13:16.833 (index):1009 NODEACCESSRELEASED_0
12:13:16.847 (index):1093 WAITING_3
12:13:17.002 (index):1034 UPDATE_5
12:13:17.103 (index):1025 THINKING_5
12:13:17.149 (index):1093 WAITING_6
12:13:17.834 (index):1070 NODEACCESSREQUESTED_0
12:13:17.848 (index):1093 WAITING_3
12:13:18.071 (index):1037 UPDATE_4
12:13:18.150 (index):1093 WAITING_6
12:13:18.172 (index):1013 ATTRIBUTEACCESSRELEASED_4
12:13:18.836 (index):1034 UPDATE_0
12:13:18.849 (index):1093 WAITING_3
12:13:18.937 (index):1009 NODEACCESSRELEASED_0
12:13:18.944 (index):1034 UPDATE_1
12:13:19.045 (index):1025 THINKING_1
12:13:19.151 (index):1093 WAITING_6
12:13:19.173 (index):1064 ATTRIBUTEACCESSREQUESTED_4
12:13:19.273 (index):1034 UPDATE_2
12:13:19.375 (index):1009 NODEACCESSRELEASED_2
12:13:19.850 (index):1093 WAITING_3
12:13:19.938 (index):1070 NODEACCESSREQUESTED_0
12:13:20.152 (index):1093 WAITING_6
12:13:20.174 (index):1037 UPDATE_4
12:13:20.276 (index):1025 THINKING_4
12:13:20.376 (index):1070 NODEACCESSREQUESTED_2
12:13:20.851 (index):1093 WAITING_3
12:13:20.940 (index):1034 UPDATE_0
12:13:21.041 (index):1025 THINKING_0
12:13:21.154 (index):1093 WAITING_6
12:13:21.377 (index):1034 UPDATE_2
12:13:21.479 (index):1009 NODEACCESSRELEASED_2
12:13:21.852 (index):1093 WAITING_3
12:13:22.038 (index):1034 UPDATE_5
12:13:22.139 (index):1009 NODEACCESSRELEASED_5
12:13:22.155 (index):1093 WAITING_6
12:13:22.480 (index):1070 NODEACCESSREQUESTED_2
12:13:22.854 (index):1093 WAITING_3
12:13:23.141 (index):1070 NODEACCESSREQUESTED_5
12:13:23.156 (index):1093 WAITING_6
12:13:23.481 (index):1034 UPDATE_2
12:13:23.583 (index):1009 NODEACCESSRELEASED_2
12:13:23.655 (index):1034 UPDATE_1
12:13:23.756 (index):1025 THINKING_1
12:13:23.855 (index):1093 WAITING_3
12:13:24.142 (index):1034 UPDATE_5
12:13:24.158 (index):1093 WAITING_6
12:13:24.243 (index):1009 NODEACCESSRELEASED_5
12:13:24.485 (index):1037 UPDATE_4
12:13:24.584 (index):1070 NODEACCESSREQUESTED_2
12:13:24.586 (index):1025 THINKING_4
12:13:24.856 (index):1093 WAITING_3
12:13:25.036 (index):1034 UPDATE_0
12:13:25.138 (index):1009 NODEACCESSRELEASED_0
12:13:25.159 (index):1093 WAITING_6
12:13:25.245 (index):1070 NODEACCESSREQUESTED_5
12:13:25.585 (index):1034 UPDATE_2
12:13:25.686 (index):1009 NODEACCESSRELEASED_2
12:13:25.857 (index):1093 WAITING_3
12:13:26.139 (index):1064 ATTRIBUTEACCESSREQUESTED_0
12:13:26.159 (index):1093 WAITING_6
12:13:26.245 (index):1034 UPDATE_5
12:13:26.347 (index):1009 NODEACCESSRELEASED_5
12:13:26.688 (index):1070 NODEACCESSREQUESTED_2
12:13:26.858 (index):1093 WAITING_3
12:13:27.140 (index):1037 UPDATE_0
12:13:27.161 (index):1093 WAITING_6
12:13:27.242 (index):1013 ATTRIBUTEACCESSRELEASED_0
12:13:27.348 (index):1070 NODEACCESSREQUESTED_5
12:13:27.689 (index):1034 UPDATE_2
12:13:27.790 (index):1104 END_2
12:13:27.860 (index):1093 WAITING_3
12:13:27.948 (index):1034 UPDATE_1
12:13:28.049 (index):1009 NODEACCESSRELEASED_1
12:13:28.161 (index):1093 WAITING_6
12:13:28.243 (index):1070 NODEACCESSREQUESTED_0
12:13:28.350 (index):1034 UPDATE_5
12:13:28.451 (index):1009 NODEACCESSRELEASED_5
12:13:28.546 (index):1037 UPDATE_4
12:13:28.647 (index):1025 THINKING_4
12:13:28.861 (index):1093 WAITING_3
12:13:29.050 (index):1070 NODEACCESSREQUESTED_1
12:13:29.163 (index):1093 WAITING_6
12:13:29.245 (index):1034 UPDATE_0
12:13:29.346 (index):1009 NODEACCESSRELEASED_0
12:13:29.452 (index):1070 NODEACCESSREQUESTED_5
12:13:29.862 (index):1093 WAITING_3
12:13:30.052 (index):1034 UPDATE_1
12:13:30.153 (index):1025 THINKING_1
12:13:30.164 (index):1093 WAITING_6
12:13:30.347 (index):1070 NODEACCESSREQUESTED_0
12:13:30.454 (index):1034 UPDATE_5
12:13:30.555 (index):1104 END_5
12:13:30.864 (index):1093 WAITING_3
12:13:31.165 (index):1093 WAITING_6
12:13:31.348 (index):1034 UPDATE_0
12:13:31.413 (index):1037 UPDATE_4
12:13:31.449 (index):1104 END_0
12:13:31.515 (index):1013 ATTRIBUTEACCESSRELEASED_4
12:13:31.865 (index):1093 WAITING_3
12:13:32.166 (index):1093 WAITING_6
12:13:32.331 (index):1034 UPDATE_1
12:13:32.432 (index):1009 NODEACCESSRELEASED_1
12:13:32.516 (index):1070 NODEACCESSREQUESTED_4
12:13:32.867 (index):1093 WAITING_3
12:13:33.167 (index):1034 UPDATE_6
12:13:33.268 (index):1009 NODEACCESSRELEASED_6
12:13:33.433 (index):1070 NODEACCESSREQUESTED_1
12:13:33.517 (index):1093 WAITING_4
12:13:33.868 (index):1034 UPDATE_3
12:13:33.969 (index):1009 NODEACCESSRELEASED_3
12:13:34.270 (index):1070 NODEACCESSREQUESTED_6
12:13:34.435 (index):1093 WAITING_1
12:13:34.518 (index):1034 UPDATE_4
12:13:34.620 (index):1009 NODEACCESSRELEASED_4
12:13:34.971 (index):1070 NODEACCESSREQUESTED_3
12:13:35.271 (index):1034 UPDATE_6
12:13:35.372 (index):1009 NODEACCESSRELEASED_6
12:13:35.436 (index):1034 UPDATE_1
12:13:35.537 (index):1104 END_1
12:13:35.621 (index):1070 NODEACCESSREQUESTED_4
12:13:35.972 (index):1034 UPDATE_3
12:13:36.073 (index):1025 THINKING_3
12:13:36.374 (index):1064 ATTRIBUTEACCESSREQUESTED_6
12:13:36.623 (index):1034 UPDATE_4
12:13:36.724 (index):1025 THINKING_4
12:13:37.375 (index):1037 UPDATE_6
12:13:37.476 (index):1025 THINKING_6
12:13:38.481 (index):1034 UPDATE_3
12:13:38.582 (index):1009 NODEACCESSRELEASED_3
12:13:39.584 (index):1064 ATTRIBUTEACCESSREQUESTED_3
12:13:39.748 (index):1037 UPDATE_6
12:13:39.849 (index):1025 THINKING_6
12:13:40.585 (index):1037 UPDATE_3
12:13:40.686 (index):1013 ATTRIBUTEACCESSRELEASED_3
12:13:41.114 (index):1034 UPDATE_4
12:13:41.216 (index):1104 END_4
12:13:41.688 (index):1064 ATTRIBUTEACCESSREQUESTED_3
12:13:42.688 (index):1093 WAITING_3
12:13:42.803 (index):1037 UPDATE_6
12:13:42.905 (index):1013 ATTRIBUTEACCESSRELEASED_6
12:13:43.689 (index):1037 UPDATE_3
12:13:43.791 (index):1025 THINKING_3
12:13:43.906 (index):1070 NODEACCESSREQUESTED_6
12:13:44.907 (index):1034 UPDATE_6
12:13:45.008 (index):1009 NODEACCESSRELEASED_6
12:13:46.009 (index):1070 NODEACCESSREQUESTED_6
12:13:46.129 (index):1037 UPDATE_3
12:13:46.230 (index):1013 ATTRIBUTEACCESSRELEASED_3
12:13:47.010 (index):1034 UPDATE_6
12:13:47.112 (index):1009 NODEACCESSRELEASED_6
12:13:47.231 (index):1070 NODEACCESSREQUESTED_3
12:13:48.113 (index):1064 ATTRIBUTEACCESSREQUESTED_6
12:13:48.233 (index):1034 UPDATE_3
12:13:48.334 (index):1104 END_3
12:13:49.115 (index):1037 UPDATE_6
12:13:49.216 (index):1013 ATTRIBUTEACCESSRELEASED_6
12:13:50.217 (index):1070 NODEACCESSREQUESTED_6
12:13:51.219 (index):1034 UPDATE_6
12:13:51.320 (index):1009 NODEACCESSRELEASED_6
12:13:52.321 (index):1070 NODEACCESSREQUESTED_6
12:13:53.323 (index):1034 UPDATE_6
12:13:53.424 (index):1104 END_6
