12:09:27.183 (index):1179 Tasks: 25; Collaborators: 2    =========================>
12:09:27.184 (index):1064 ATTRIBUTEACCESSREQUESTED_0
12:09:27.185 (index):1070 NODEACCESSREQUESTED_1
12:09:28.186 (index):1025 THINKING_0
12:09:28.189 (index):1025 THINKING_1
12:09:31.136 (index):1034 UPDATE_1
12:09:31.237 (index):1009 NODEACCESSRELEASED_1
12:09:32.239 (index):1070 NODEACCESSREQUESTED_1
12:09:32.537 (index):1037 UPDATE_0
12:09:32.638 (index):1013 ATTRIBUTEACCESSRELEASED_0
12:09:33.240 (index):1034 UPDATE_1
12:09:33.342 (index):1025 THINKING_1
12:09:33.639 (index):1064 ATTRIBUTEACCESSREQUESTED_0
12:09:34.641 (index):1037 UPDATE_0
12:09:34.742 (index):1013 ATTRIBUTEACCESSRELEASED_0
12:09:35.744 (index):1070 NODEACCESSREQUESTED_0
12:09:36.745 (index):1034 UPDATE_0
12:09:36.847 (index):1025 THINKING_0
12:09:36.891 (index):1034 UPDATE_1
12:09:36.992 (index):1025 THINKING_1
12:09:39.417 (index):1034 UPDATE_0
12:09:39.518 (index):1025 THINKING_0
12:09:41.386 (index):1034 UPDATE_1
12:09:41.487 (index):1009 NODEACCESSRELEASED_1
12:09:42.488 (index):1070 NODEACCESSREQUESTED_1
12:09:43.490 (index):1034 UPDATE_1
12:09:43.591 (index):1025 THINKING_1
12:09:44.460 (index):1034 UPDATE_0
12:09:44.562 (index):1009 NODEACCESSRELEASED_0
12:09:45.563 (index):1070 NODEACCESSREQUESTED_0
12:09:45.902 (index):1034 UPDATE_1
12:09:46.004 (index):1009 NODEACCESSRELEASED_1
12:09:46.564 (index):1034 UPDATE_0
12:09:46.666 (index):1025 THINKING_0
12:09:47.005 (index):1070 NODEACCESSREQUESTED_1
12:09:48.006 (index):1034 UPDATE_1
12:09:48.107 (index):1025 THINKING_1
12:09:48.822 (index):1034 UPDATE_0
12:09:48.924 (index):1009 NODEACCESSRELEASED_0
12:09:49.925 (index):1070 NODEACCESSREQUESTED_0
12:09:50.926 (index):1034 UPDATE_0
12:09:51.028 (index):1009 NODEACCESSRELEASED_0
12:09:51.038 (index):1034 UPDATE_1
12:09:51.139 (index):1025 THINKING_1
12:09:52.029 (index):1070 NODEACCESSREQUESTED_0
12:09:53.031 (index):1034 UPDATE_0
12:09:53.132 (index):1025 THINKING_0
12:09:55.750 (index):1034 UPDATE_1
12:09:55.851 (index):1025 THINKING_1
12:09:57.127 (index):1034 UPDATE_0
12:09:57.228 (index):1009 NODEACCESSRELEASED_0
12:09:58.229 (index):1064 ATTRIBUTEACCESSREQUESTED_0
12:09:59.231 (index):1037 UPDATE_0
12:09:59.332 (index):1013 ATTRIBUTEACCESSRELEASED_0
12:10:00.043 (index):1034 UPDATE_1
12:10:00.145 (index):1009 NODEACCESSRELEASED_1
12:10:00.334 (index):1070 NODEACCESSREQUESTED_0
12:10:01.146 (index):1070 NODEACCESSREQUESTED_1
12:10:01.335 (index):1034 UPDATE_0
12:10:01.436 (index):1009 NODEACCESSRELEASED_0
12:10:02.148 (index):1034 UPDATE_1
12:10:02.249 (index):1025 THINKING_1
12:10:02.438 (index):1070 NODEACCESSREQUESTED_0
12:10:03.440 (index):1034 UPDATE_0
12:10:03.541 (index):1104 END_0
12:10:04.427 (index):1034 UPDATE_1
12:10:04.529 (index):1009 NODEACCESSRELEASED_1
12:10:05.529 (index):1070 NODEACCESSREQUESTED_1
12:10:06.531 (index):1034 UPDATE_1
12:10:06.632 (index):1104 END_1
