15:17:49.247 (index):784 Tasks: 25; Collaborators: 4    =========================>
15:17:49.248 (index):694 NODEACCESSREQUESTED_0
15:17:49.249 (index):694 NODEACCESSREQUESTED_1
15:17:49.250 (index):694 NODEACCESSREQUESTED_2
15:17:49.251 (index):694 NODEACCESSREQUESTED_3
15:17:50.250 (index):674 THINKING_0
15:17:50.251 (index):674 THINKING_1
15:17:50.252 (index):664 NODEACCESSRELEASED_2
15:17:50.253 (index):664 NODEACCESSRELEASED_3
15:17:51.253 (index):694 NODEACCESSREQUESTED_2
15:17:51.254 (index):694 NODEACCESSREQUESTED_3
15:17:52.254 (index):682 UPDATE_2
15:17:52.256 (index):682 UPDATE_3
15:17:52.356 (index):664 NODEACCESSRELEASED_2
15:17:52.357 (index):664 NODEACCESSRELEASED_3
15:17:53.197 (index):682 UPDATE_1
15:17:53.298 (index):664 NODEACCESSRELEASED_1
15:17:53.357 (index):694 NODEACCESSREQUESTED_2
15:17:53.358 (index):694 NODEACCESSREQUESTED_3
15:17:54.300 (index):694 NODEACCESSREQUESTED_1
15:17:54.358 (index):682 UPDATE_2
15:17:54.359 (index):682 UPDATE_3
15:17:54.459 (index):664 NODEACCESSRELEASED_2
15:17:54.461 (index):674 THINKING_3
15:17:54.599 (index):682 UPDATE_0
15:17:54.700 (index):664 NODEACCESSRELEASED_0
15:17:55.301 (index):682 UPDATE_1
15:17:55.402 (index):674 THINKING_1
15:17:55.461 (index):694 NODEACCESSREQUESTED_2
15:17:55.702 (index):694 NODEACCESSREQUESTED_0
15:17:56.462 (index):682 UPDATE_2
15:17:56.563 (index):674 THINKING_2
15:17:56.703 (index):682 UPDATE_0
15:17:56.804 (index):664 NODEACCESSRELEASED_0
15:17:57.806 (index):694 NODEACCESSREQUESTED_0
15:17:58.578 (index):682 UPDATE_3
15:17:58.679 (index):664 NODEACCESSRELEASED_3
15:17:58.807 (index):682 UPDATE_0
15:17:58.909 (index):674 THINKING_0
15:17:58.952 (index):682 UPDATE_1
15:17:59.053 (index):674 THINKING_1
15:17:59.283 (index):682 UPDATE_2
15:17:59.384 (index):664 NODEACCESSRELEASED_2
15:17:59.681 (index):694 NODEACCESSREQUESTED_3
15:18:00.385 (index):694 NODEACCESSREQUESTED_2
15:18:00.682 (index):682 UPDATE_3
15:18:00.783 (index):664 NODEACCESSRELEASED_3
15:18:01.387 (index):682 UPDATE_2
15:18:01.479 (index):682 UPDATE_0
15:18:01.488 (index):664 NODEACCESSRELEASED_2
15:18:01.580 (index):674 THINKING_0
15:18:01.785 (index):694 NODEACCESSREQUESTED_3
15:18:02.490 (index):694 NODEACCESSREQUESTED_2
15:18:02.785 (index):682 UPDATE_3
15:18:02.887 (index):664 NODEACCESSRELEASED_3
15:18:03.446 (index):682 UPDATE_1
15:18:03.491 (index):682 UPDATE_2
15:18:03.548 (index):664 NODEACCESSRELEASED_1
15:18:03.592 (index):674 THINKING_2
15:18:03.888 (index):694 NODEACCESSREQUESTED_3
15:18:04.549 (index):694 NODEACCESSREQUESTED_1
15:18:04.890 (index):682 UPDATE_3
15:18:04.991 (index):664 NODEACCESSRELEASED_3
15:18:05.550 (index):682 UPDATE_1
15:18:05.652 (index):674 THINKING_1
15:18:05.992 (index):694 NODEACCESSREQUESTED_3
15:18:06.144 (index):682 UPDATE_2
15:18:06.245 (index):674 THINKING_2
15:18:06.522 (index):682 UPDATE_0
15:18:06.623 (index):664 NODEACCESSRELEASED_0
15:18:06.994 (index):682 UPDATE_3
15:18:07.095 (index):664 NODEACCESSRELEASED_3
15:18:07.624 (index):694 NODEACCESSREQUESTED_0
15:18:07.963 (index):682 UPDATE_1
15:18:08.064 (index):664 NODEACCESSRELEASED_1
15:18:08.096 (index):694 NODEACCESSREQUESTED_3
15:18:08.472 (index):682 UPDATE_2
15:18:08.574 (index):674 THINKING_2
15:18:08.626 (index):682 UPDATE_0
15:18:08.727 (index):674 THINKING_0
15:18:09.065 (index):694 NODEACCESSREQUESTED_1
15:18:09.097 (index):682 UPDATE_3
15:18:09.198 (index):674 THINKING_3
15:18:10.066 (index):682 UPDATE_1
15:18:10.168 (index):674 THINKING_1
15:18:10.883 (index):682 UPDATE_0
15:18:10.985 (index):664 NODEACCESSRELEASED_0
15:18:11.606 (index):682 UPDATE_3
15:18:11.707 (index):664 NODEACCESSRELEASED_3
15:18:11.986 (index):694 NODEACCESSREQUESTED_0
15:18:12.708 (index):694 NODEACCESSREQUESTED_3
15:18:12.987 (index):682 UPDATE_0
15:18:13.089 (index):664 NODEACCESSRELEASED_0
15:18:13.098 (index):682 UPDATE_1
15:18:13.199 (index):674 THINKING_1
15:18:13.429 (index):682 UPDATE_2
15:18:13.530 (index):664 NODEACCESSRELEASED_2
15:18:13.710 (index):682 UPDATE_3
15:18:13.811 (index):664 NODEACCESSRELEASED_3
15:18:14.090 (index):694 NODEACCESSREQUESTED_0
15:18:14.531 (index):694 NODEACCESSREQUESTED_2
15:18:14.813 (index):694 NODEACCESSREQUESTED_3
15:18:15.092 (index):682 UPDATE_0
15:18:15.193 (index):674 THINKING_0
15:18:15.532 (index):682 UPDATE_2
15:18:15.634 (index):664 NODEACCESSRELEASED_2
15:18:15.814 (index):682 UPDATE_3
15:18:15.915 (index):674 THINKING_3
15:18:16.635 (index):694 NODEACCESSREQUESTED_2
15:18:17.636 (index):682 UPDATE_2
15:18:17.738 (index):664 NODEACCESSRELEASED_2
15:18:17.809 (index):682 UPDATE_1
15:18:17.910 (index):674 THINKING_1
15:18:18.254 (index):682 UPDATE_3
15:18:18.355 (index):664 NODEACCESSRELEASED_3
15:18:18.739 (index):694 NODEACCESSREQUESTED_2
15:18:19.188 (index):682 UPDATE_0
15:18:19.289 (index):664 NODEACCESSRELEASED_0
15:18:19.356 (index):694 NODEACCESSREQUESTED_3
15:18:19.740 (index):682 UPDATE_2
15:18:19.841 (index):664 NODEACCESSRELEASED_2
15:18:20.290 (index):694 NODEACCESSREQUESTED_0
15:18:20.357 (index):682 UPDATE_3
15:18:20.459 (index):723 END_3
15:18:20.842 (index):694 NODEACCESSREQUESTED_2
15:18:21.292 (index):682 UPDATE_0
15:18:21.392 (index):664 NODEACCESSRELEASED_0
15:18:21.844 (index):682 UPDATE_2
15:18:21.945 (index):723 END_2
15:18:22.103 (index):682 UPDATE_1
15:18:22.204 (index):664 NODEACCESSRELEASED_1
15:18:22.394 (index):694 NODEACCESSREQUESTED_0
15:18:23.205 (index):694 NODEACCESSREQUESTED_1
15:18:23.395 (index):682 UPDATE_0
15:18:23.496 (index):664 NODEACCESSRELEASED_0
15:18:24.207 (index):682 UPDATE_1
15:18:24.308 (index):674 THINKING_1
15:18:24.498 (index):694 NODEACCESSREQUESTED_0
15:18:25.499 (index):682 UPDATE_0
15:18:25.600 (index):723 END_0
15:18:26.487 (index):682 UPDATE_1
15:18:26.588 (index):664 NODEACCESSRELEASED_1
15:18:27.589 (index):694 NODEACCESSREQUESTED_1
15:18:28.591 (index):682 UPDATE_1
15:18:28.691 (index):723 END_1
