15:26:15.227 (index):955 Tasks: 25; Collaborators: 13    =========================>
15:26:15.228 (index):694 NODEACCESSREQUESTED_0
15:26:15.230 (index):694 NODEACCESSREQUESTED_1
15:26:15.231 (index):694 NODEACCESSREQUESTED_2
15:26:15.232 (index):694 NODEACCESSREQUESTED_3
15:26:15.233 (index):694 NODEACCESSREQUESTED_4
15:26:15.234 (index):694 NODEACCESSREQUESTED_5
15:26:15.235 (index):694 NODEACCESSREQUESTED_6
15:26:15.235 (index):694 NODEACCESSREQUESTED_7
15:26:15.236 (index):694 NODEACCESSREQUESTED_8
15:26:15.236 (index):694 NODEACCESSREQUESTED_9
15:26:15.237 (index):694 NODEACCESSREQUESTED_10
15:26:15.237 (index):694 NODEACCESSREQUESTED_11
15:26:15.238 (index):694 NODEACCESSREQUESTED_12
15:26:17.227 (index):674 THINKING_0
15:26:17.228 (index):674 THINKING_1
15:26:17.229 (index):664 NODEACCESSRELEASED_2
15:26:17.231 (index):664 NODEACCESSRELEASED_3
15:26:17.232 (index):664 NODEACCESSRELEASED_4
15:26:17.232 (index):664 NODEACCESSRELEASED_5
15:26:17.233 (index):674 THINKING_6
15:26:17.234 (index):664 NODEACCESSRELEASED_7
15:26:17.236 (index):674 THINKING_8
15:26:17.237 (index):664 NODEACCESSRELEASED_9
15:26:17.238 (index):664 NODEACCESSRELEASED_10
15:26:17.238 (index):674 THINKING_11
15:26:17.239 (index):664 NODEACCESSRELEASED_12
15:26:19.226 (index):694 NODEACCESSREQUESTED_2
15:26:19.227 (index):694 NODEACCESSREQUESTED_3
15:26:19.228 (index):694 NODEACCESSREQUESTED_4
15:26:19.229 (index):694 NODEACCESSREQUESTED_5
15:26:19.230 (index):694 NODEACCESSREQUESTED_7
15:26:19.231 (index):694 NODEACCESSREQUESTED_9
15:26:19.232 (index):694 NODEACCESSREQUESTED_10
15:26:19.233 (index):694 NODEACCESSREQUESTED_12
15:26:20.230 (index):682 UPDATE_8
15:26:20.232 (index):682 UPDATE_11
15:26:20.233 (index):682 UPDATE_6
15:26:20.235 (index):682 UPDATE_1
15:26:20.236 (index):682 UPDATE_2
15:26:20.237 (index):682 UPDATE_3
15:26:20.238 (index):682 UPDATE_4
15:26:21.226 (index):682 UPDATE_5
15:26:21.228 (index):682 UPDATE_7
15:26:21.229 (index):682 UPDATE_9
15:26:21.230 (index):682 UPDATE_10
15:26:21.231 (index):682 UPDATE_12
15:26:21.232 (index):674 THINKING_8
15:26:21.233 (index):674 THINKING_11
15:26:21.234 (index):664 NODEACCESSRELEASED_6
15:26:21.234 (index):664 NODEACCESSRELEASED_1
15:26:21.235 (index):664 NODEACCESSRELEASED_2
15:26:21.235 (index):664 NODEACCESSRELEASED_3
15:26:21.236 (index):664 NODEACCESSRELEASED_4
15:26:22.228 (index):674 THINKING_5
15:26:22.229 (index):664 NODEACCESSRELEASED_7
15:26:22.230 (index):674 THINKING_9
15:26:22.230 (index):674 THINKING_10
15:26:22.231 (index):664 NODEACCESSRELEASED_12
15:26:22.232 (index):682 UPDATE_0
15:26:23.226 (index):694 NODEACCESSREQUESTED_6
15:26:23.228 (index):694 NODEACCESSREQUESTED_1
15:26:23.230 (index):694 NODEACCESSREQUESTED_2
15:26:23.231 (index):694 NODEACCESSREQUESTED_3
15:26:23.232 (index):694 NODEACCESSREQUESTED_4
15:26:23.233 (index):664 NODEACCESSRELEASED_0
15:26:24.226 (index):694 NODEACCESSREQUESTED_7
15:26:24.228 (index):694 NODEACCESSREQUESTED_12
15:26:25.226 (index):682 UPDATE_6
15:26:25.227 (index):682 UPDATE_1
15:26:25.227 (index):682 UPDATE_2
15:26:25.228 (index):682 UPDATE_3
15:26:25.228 (index):682 UPDATE_4
15:26:25.229 (index):694 NODEACCESSREQUESTED_0
15:26:25.230 (index):682 UPDATE_10
15:26:25.231 (index):682 UPDATE_11
15:26:25.232 (index):682 UPDATE_5
15:26:26.226 (index):682 UPDATE_7
15:26:26.227 (index):682 UPDATE_12
15:26:26.227 (index):664 NODEACCESSRELEASED_6
15:26:26.228 (index):674 THINKING_1
15:26:26.228 (index):664 NODEACCESSRELEASED_2
15:26:26.229 (index):674 THINKING_3
15:26:26.229 (index):664 NODEACCESSRELEASED_4
15:26:26.229 (index):664 NODEACCESSRELEASED_10
15:26:26.230 (index):664 NODEACCESSRELEASED_11
15:26:26.231 (index):664 NODEACCESSRELEASED_5
15:26:26.232 (index):682 UPDATE_8
15:26:27.226 (index):682 UPDATE_0
15:26:27.228 (index):664 NODEACCESSRELEASED_7
15:26:27.229 (index):664 NODEACCESSRELEASED_12
15:26:27.230 (index):664 NODEACCESSRELEASED_8
15:26:27.232 (index):682 UPDATE_9
15:26:28.226 (index):694 NODEACCESSREQUESTED_6
15:26:28.227 (index):694 NODEACCESSREQUESTED_2
15:26:28.228 (index):694 NODEACCESSREQUESTED_4
15:26:28.229 (index):694 NODEACCESSREQUESTED_10
15:26:28.231 (index):694 NODEACCESSREQUESTED_11
15:26:28.232 (index):694 NODEACCESSREQUESTED_5
15:26:28.233 (index):664 NODEACCESSRELEASED_0
15:26:28.234 (index):674 THINKING_9
15:26:29.226 (index):694 NODEACCESSREQUESTED_7
15:26:29.227 (index):694 NODEACCESSREQUESTED_12
15:26:29.228 (index):694 NODEACCESSREQUESTED_8
15:26:30.226 (index):682 UPDATE_6
15:26:30.228 (index):682 UPDATE_2
15:26:30.233 (index):682 UPDATE_4
15:26:30.235 (index):682 UPDATE_10
15:26:30.235 (index):682 UPDATE_11
15:26:30.236 (index):682 UPDATE_5
15:26:30.237 (index):694 NODEACCESSREQUESTED_0
15:26:30.238 (index):682 UPDATE_1
15:26:31.226 (index):682 UPDATE_7
15:26:31.228 (index):682 UPDATE_12
15:26:31.229 (index):682 UPDATE_8
15:26:31.230 (index):664 NODEACCESSRELEASED_6
15:26:31.231 (index):674 THINKING_2
15:26:31.232 (index):664 NODEACCESSRELEASED_4
15:26:31.233 (index):674 THINKING_10
15:26:31.235 (index):664 NODEACCESSRELEASED_11
15:26:31.236 (index):674 THINKING_5
15:26:31.237 (index):674 THINKING_1
15:26:31.238 (index):682 UPDATE_3
15:26:31.239 (index):682 UPDATE_9
15:26:32.226 (index):682 UPDATE_0
15:26:32.227 (index):674 THINKING_7
15:26:32.229 (index):674 THINKING_12
15:26:32.231 (index):674 THINKING_8
15:26:32.232 (index):664 NODEACCESSRELEASED_3
15:26:32.234 (index):664 NODEACCESSRELEASED_9
15:26:33.226 (index):694 NODEACCESSREQUESTED_6
15:26:33.227 (index):694 NODEACCESSREQUESTED_4
15:26:33.228 (index):694 NODEACCESSREQUESTED_11
15:26:33.230 (index):674 THINKING_0
15:26:34.227 (index):694 NODEACCESSREQUESTED_3
15:26:34.228 (index):694 NODEACCESSREQUESTED_9
15:26:34.229 (index):682 UPDATE_2
15:26:34.229 (index):682 UPDATE_10
15:26:35.227 (index):682 UPDATE_6
15:26:35.229 (index):682 UPDATE_4
15:26:35.231 (index):682 UPDATE_11
15:26:35.232 (index):664 NODEACCESSRELEASED_2
15:26:35.233 (index):664 NODEACCESSRELEASED_10
15:26:35.235 (index):682 UPDATE_5
15:26:35.236 (index):682 UPDATE_7
15:26:36.226 (index):682 UPDATE_3
15:26:36.228 (index):682 UPDATE_9
15:26:36.229 (index):664 NODEACCESSRELEASED_6
15:26:36.231 (index):664 NODEACCESSRELEASED_4
15:26:36.232 (index):664 NODEACCESSRELEASED_11
15:26:36.234 (index):664 NODEACCESSRELEASED_5
15:26:36.235 (index):664 NODEACCESSRELEASED_7
15:26:36.235 (index):682 UPDATE_1
15:26:36.236 (index):682 UPDATE_0
15:26:37.227 (index):694 NODEACCESSREQUESTED_2
15:26:37.228 (index):694 NODEACCESSREQUESTED_10
15:26:37.230 (index):664 NODEACCESSRELEASED_3
15:26:37.231 (index):664 NODEACCESSRELEASED_9
15:26:37.233 (index):664 NODEACCESSRELEASED_1
15:26:37.235 (index):674 THINKING_0
15:26:37.236 (index):682 UPDATE_8
15:26:37.238 (index):682 UPDATE_12
15:26:38.226 (index):694 NODEACCESSREQUESTED_6
15:26:38.227 (index):694 NODEACCESSREQUESTED_4
15:26:38.228 (index):694 NODEACCESSREQUESTED_11
15:26:38.228 (index):694 NODEACCESSREQUESTED_5
15:26:38.229 (index):694 NODEACCESSREQUESTED_7
15:26:38.229 (index):664 NODEACCESSRELEASED_8
15:26:38.236 (index):664 NODEACCESSRELEASED_12
15:26:39.226 (index):682 UPDATE_2
15:26:39.228 (index):682 UPDATE_10
15:26:39.229 (index):694 NODEACCESSREQUESTED_3
15:26:39.231 (index):694 NODEACCESSREQUESTED_9
15:26:39.233 (index):694 NODEACCESSREQUESTED_1
15:26:40.226 (index):682 UPDATE_6
15:26:40.227 (index):682 UPDATE_4
15:26:40.228 (index):682 UPDATE_11
15:26:40.228 (index):682 UPDATE_5
15:26:40.229 (index):682 UPDATE_7
15:26:40.230 (index):694 NODEACCESSREQUESTED_8
15:26:40.230 (index):694 NODEACCESSREQUESTED_12
15:26:40.231 (index):664 NODEACCESSRELEASED_2
15:26:40.232 (index):674 THINKING_10
15:26:41.226 (index):682 UPDATE_3
15:26:41.227 (index):682 UPDATE_9
15:26:41.228 (index):682 UPDATE_1
15:26:41.229 (index):664 NODEACCESSRELEASED_6
15:26:41.230 (index):674 THINKING_4
15:26:41.231 (index):674 THINKING_11
15:26:41.232 (index):674 THINKING_5
15:26:41.233 (index):674 THINKING_7
15:26:42.226 (index):682 UPDATE_8
15:26:42.228 (index):682 UPDATE_12
15:26:42.230 (index):694 NODEACCESSREQUESTED_2
15:26:42.231 (index):664 NODEACCESSRELEASED_3
15:26:42.231 (index):664 NODEACCESSRELEASED_9
15:26:42.232 (index):674 THINKING_1
15:26:42.233 (index):682 UPDATE_0
15:26:43.226 (index):694 NODEACCESSREQUESTED_6
15:26:43.227 (index):664 NODEACCESSRELEASED_8
15:26:43.228 (index):664 NODEACCESSRELEASED_12
15:26:43.229 (index):664 NODEACCESSRELEASED_0
15:26:44.227 (index):682 UPDATE_2
15:26:44.229 (index):694 NODEACCESSREQUESTED_3
15:26:44.230 (index):694 NODEACCESSREQUESTED_9
15:26:44.232 (index):682 UPDATE_4
15:26:44.233 (index):682 UPDATE_6
15:26:45.226 (index):694 NODEACCESSREQUESTED_8
15:26:45.227 (index):694 NODEACCESSREQUESTED_12
15:26:45.228 (index):694 NODEACCESSREQUESTED_0
15:26:45.229 (index):674 THINKING_2
15:26:45.230 (index):664 NODEACCESSRELEASED_4
15:26:45.230 (index):674 THINKING_6
15:26:45.231 (index):682 UPDATE_1
15:26:45.232 (index):682 UPDATE_10
15:26:46.226 (index):682 UPDATE_3
15:26:46.227 (index):682 UPDATE_9
15:26:46.228 (index):664 NODEACCESSRELEASED_1
15:26:46.229 (index):664 NODEACCESSRELEASED_10
15:26:46.230 (index):682 UPDATE_11
15:26:46.230 (index):682 UPDATE_5
15:26:46.231 (index):682 UPDATE_7
15:26:47.226 (index):682 UPDATE_8
15:26:47.228 (index):682 UPDATE_12
15:26:47.231 (index):682 UPDATE_0
15:26:47.232 (index):694 NODEACCESSREQUESTED_4
15:26:47.234 (index):664 NODEACCESSRELEASED_3
15:26:47.235 (index):674 THINKING_9
15:26:47.236 (index):664 NODEACCESSRELEASED_11
15:26:47.238 (index):674 THINKING_5
15:26:47.238 (index):664 NODEACCESSRELEASED_7
15:26:48.226 (index):694 NODEACCESSREQUESTED_1
15:26:48.228 (index):694 NODEACCESSREQUESTED_10
15:26:48.229 (index):674 THINKING_8
15:26:48.230 (index):664 NODEACCESSRELEASED_12
15:26:48.231 (index):674 THINKING_0
15:26:48.232 (index):682 UPDATE_6
15:26:48.232 (index):682 UPDATE_2
15:26:49.226 (index):682 UPDATE_4
15:26:49.227 (index):694 NODEACCESSREQUESTED_3
15:26:49.228 (index):694 NODEACCESSREQUESTED_11
15:26:49.229 (index):694 NODEACCESSREQUESTED_7
15:26:49.231 (index):674 THINKING_6
15:26:49.231 (index):674 THINKING_2
15:26:50.226 (index):682 UPDATE_1
15:26:50.228 (index):682 UPDATE_10
15:26:50.229 (index):694 NODEACCESSREQUESTED_12
15:26:50.231 (index):682 UPDATE_5
15:26:50.232 (index):674 THINKING_4
15:26:51.226 (index):682 UPDATE_3
15:26:51.227 (index):682 UPDATE_11
15:26:51.229 (index):682 UPDATE_7
15:26:51.230 (index):674 THINKING_1
15:26:51.231 (index):674 THINKING_10
15:26:51.232 (index):664 NODEACCESSRELEASED_5
15:26:51.233 (index):682 UPDATE_9
15:26:51.234 (index):682 UPDATE_0
15:26:52.226 (index):682 UPDATE_12
15:26:52.228 (index):664 NODEACCESSRELEASED_3
15:26:52.232 (index):664 NODEACCESSRELEASED_11
15:26:52.234 (index):664 NODEACCESSRELEASED_7
15:26:52.236 (index):664 NODEACCESSRELEASED_9
15:26:52.237 (index):664 NODEACCESSRELEASED_0
15:26:52.238 (index):682 UPDATE_2
15:26:52.240 (index):682 UPDATE_8
15:26:52.241 (index):682 UPDATE_6
15:26:53.226 (index):694 NODEACCESSREQUESTED_5
15:26:53.228 (index):664 NODEACCESSRELEASED_12
15:26:53.229 (index):674 THINKING_2
15:26:53.232 (index):664 NODEACCESSRELEASED_8
15:26:53.234 (index):664 NODEACCESSRELEASED_6
15:26:54.226 (index):694 NODEACCESSREQUESTED_3
15:26:54.227 (index):694 NODEACCESSREQUESTED_11
15:26:54.228 (index):694 NODEACCESSREQUESTED_7
15:26:54.228 (index):694 NODEACCESSREQUESTED_9
15:26:54.229 (index):694 NODEACCESSREQUESTED_0
15:26:54.229 (index):682 UPDATE_1
15:26:55.226 (index):682 UPDATE_5
15:26:55.228 (index):694 NODEACCESSREQUESTED_12
15:26:55.229 (index):694 NODEACCESSREQUESTED_8
15:26:55.230 (index):694 NODEACCESSREQUESTED_6
15:26:55.231 (index):674 THINKING_1
15:26:55.232 (index):682 UPDATE_4
15:26:55.233 (index):682 UPDATE_10
15:26:56.226 (index):682 UPDATE_3
15:26:56.228 (index):682 UPDATE_11
15:26:56.230 (index):682 UPDATE_7
15:26:56.232 (index):682 UPDATE_9
15:26:56.233 (index):682 UPDATE_0
15:26:56.234 (index):674 THINKING_5
15:26:56.235 (index):674 THINKING_4
15:26:56.236 (index):664 NODEACCESSRELEASED_10
15:26:57.226 (index):682 UPDATE_12
15:26:57.227 (index):682 UPDATE_8
15:26:57.228 (index):682 UPDATE_6
15:26:57.230 (index):674 THINKING_3
15:26:57.231 (index):664 NODEACCESSRELEASED_11
15:26:57.232 (index):664 NODEACCESSRELEASED_7
15:26:57.233 (index):664 NODEACCESSRELEASED_9
15:26:57.233 (index):664 NODEACCESSRELEASED_0
15:26:58.226 (index):694 NODEACCESSREQUESTED_10
15:26:58.228 (index):664 NODEACCESSRELEASED_12
15:26:58.229 (index):664 NODEACCESSRELEASED_8
15:26:58.230 (index):664 NODEACCESSRELEASED_6
15:26:58.231 (index):682 UPDATE_2
15:26:59.226 (index):694 NODEACCESSREQUESTED_11
15:26:59.228 (index):694 NODEACCESSREQUESTED_7
15:26:59.229 (index):694 NODEACCESSREQUESTED_9
15:26:59.232 (index):694 NODEACCESSREQUESTED_0
15:26:59.234 (index):664 NODEACCESSRELEASED_2
15:27:00.227 (index):682 UPDATE_10
15:27:00.228 (index):694 NODEACCESSREQUESTED_12
15:27:00.228 (index):694 NODEACCESSREQUESTED_8
15:27:00.229 (index):694 NODEACCESSREQUESTED_6
15:27:00.230 (index):682 UPDATE_3
15:27:00.230 (index):682 UPDATE_1
15:27:00.231 (index):682 UPDATE_4
15:27:01.226 (index):682 UPDATE_11
15:27:01.228 (index):682 UPDATE_7
15:27:01.229 (index):682 UPDATE_9
15:27:01.230 (index):682 UPDATE_0
15:27:01.231 (index):694 NODEACCESSREQUESTED_2
15:27:01.232 (index):674 THINKING_10
15:27:01.233 (index):664 NODEACCESSRELEASED_3
15:27:01.233 (index):674 THINKING_1
15:27:01.234 (index):674 THINKING_4
15:27:01.234 (index):682 UPDATE_5
15:27:02.226 (index):682 UPDATE_12
15:27:02.227 (index):682 UPDATE_8
15:27:02.229 (index):682 UPDATE_6
15:27:02.230 (index):674 THINKING_11
15:27:02.232 (index):664 NODEACCESSRELEASED_7
15:27:02.233 (index):674 THINKING_9
15:27:02.234 (index):674 THINKING_0
15:27:02.236 (index):664 NODEACCESSRELEASED_5
15:27:03.226 (index):682 UPDATE_2
15:27:03.227 (index):694 NODEACCESSREQUESTED_3
15:27:03.228 (index):664 NODEACCESSRELEASED_12
15:27:03.229 (index):664 NODEACCESSRELEASED_8
15:27:03.230 (index):664 NODEACCESSRELEASED_6
15:27:04.226 (index):694 NODEACCESSREQUESTED_7
15:27:04.227 (index):694 NODEACCESSREQUESTED_5
15:27:04.228 (index):664 NODEACCESSRELEASED_2
15:27:04.229 (index):682 UPDATE_4
15:27:05.227 (index):682 UPDATE_3
15:27:05.228 (index):694 NODEACCESSREQUESTED_12
15:27:05.229 (index):694 NODEACCESSREQUESTED_8
15:27:05.230 (index):694 NODEACCESSREQUESTED_6
15:27:05.231 (index):664 NODEACCESSRELEASED_4
15:27:06.227 (index):682 UPDATE_7
15:27:06.228 (index):682 UPDATE_5
15:27:06.230 (index):694 NODEACCESSREQUESTED_2
15:27:06.231 (index):664 NODEACCESSRELEASED_3
15:27:06.233 (index):682 UPDATE_1
15:27:06.234 (index):682 UPDATE_11
15:27:06.235 (index):682 UPDATE_9
15:27:06.235 (index):682 UPDATE_10
15:27:07.226 (index):682 UPDATE_12
15:27:07.227 (index):682 UPDATE_0
15:27:07.229 (index):682 UPDATE_8
15:27:07.231 (index):682 UPDATE_6
15:27:07.232 (index):694 NODEACCESSREQUESTED_4
15:27:07.233 (index):664 NODEACCESSRELEASED_7
15:27:07.234 (index):664 NODEACCESSRELEASED_5
15:27:07.235 (index):664 NODEACCESSRELEASED_1
15:27:07.236 (index):664 NODEACCESSRELEASED_11
15:27:07.238 (index):664 NODEACCESSRELEASED_9
15:27:07.239 (index):664 NODEACCESSRELEASED_10
15:27:08.226 (index):682 UPDATE_2
15:27:08.228 (index):694 NODEACCESSREQUESTED_3
15:27:08.229 (index):674 THINKING_12
15:27:08.230 (index):664 NODEACCESSRELEASED_0
15:27:08.231 (index):664 NODEACCESSRELEASED_8
15:27:08.232 (index):664 NODEACCESSRELEASED_6
15:27:09.226 (index):682 UPDATE_4
15:27:09.228 (index):694 NODEACCESSREQUESTED_7
15:27:09.229 (index):694 NODEACCESSREQUESTED_5
15:27:09.231 (index):694 NODEACCESSREQUESTED_1
15:27:09.232 (index):694 NODEACCESSREQUESTED_11
15:27:09.233 (index):694 NODEACCESSREQUESTED_9
15:27:09.234 (index):694 NODEACCESSREQUESTED_10
15:27:09.234 (index):664 NODEACCESSRELEASED_2
15:27:10.226 (index):682 UPDATE_3
15:27:10.227 (index):694 NODEACCESSREQUESTED_0
15:27:10.229 (index):694 NODEACCESSREQUESTED_8
15:27:10.230 (index):694 NODEACCESSREQUESTED_6
15:27:10.231 (index):664 NODEACCESSRELEASED_4
15:27:11.226 (index):682 UPDATE_7
15:27:11.228 (index):682 UPDATE_5
15:27:11.229 (index):682 UPDATE_1
15:27:11.230 (index):682 UPDATE_11
15:27:11.231 (index):682 UPDATE_9
15:27:11.233 (index):682 UPDATE_10
15:27:11.235 (index):694 NODEACCESSREQUESTED_2
15:27:11.236 (index):674 THINKING_3
15:27:12.227 (index):682 UPDATE_0
15:27:12.228 (index):682 UPDATE_8
15:27:12.230 (index):682 UPDATE_6
15:27:12.231 (index):694 NODEACCESSREQUESTED_4
15:27:12.233 (index):674 THINKING_7
15:27:12.234 (index):664 NODEACCESSRELEASED_5
15:27:12.234 (index):674 THINKING_1
15:27:12.235 (index):664 NODEACCESSRELEASED_11
15:27:12.235 (index):664 NODEACCESSRELEASED_9
15:27:12.236 (index):664 NODEACCESSRELEASED_10
15:27:12.236 (index):682 UPDATE_12
15:27:13.226 (index):682 UPDATE_2
15:27:13.227 (index):664 NODEACCESSRELEASED_0
15:27:13.227 (index):664 NODEACCESSRELEASED_8
15:27:13.228 (index):664 NODEACCESSRELEASED_6
15:27:13.228 (index):664 NODEACCESSRELEASED_12
15:27:14.227 (index):682 UPDATE_4
15:27:14.228 (index):694 NODEACCESSREQUESTED_5
15:27:14.229 (index):694 NODEACCESSREQUESTED_11
15:27:14.231 (index):694 NODEACCESSREQUESTED_9
15:27:14.233 (index):694 NODEACCESSREQUESTED_10
15:27:14.235 (index):664 NODEACCESSRELEASED_2
15:27:14.236 (index):682 UPDATE_3
15:27:15.226 (index):694 NODEACCESSREQUESTED_0
15:27:15.228 (index):694 NODEACCESSREQUESTED_8
15:27:15.229 (index):694 NODEACCESSREQUESTED_6
15:27:15.232 (index):694 NODEACCESSREQUESTED_12
15:27:15.233 (index):674 THINKING_4
15:27:15.234 (index):664 NODEACCESSRELEASED_3
15:27:15.234 (index):682 UPDATE_1
15:27:16.226 (index):682 UPDATE_5
15:27:16.227 (index):682 UPDATE_11
15:27:16.228 (index):682 UPDATE_9
15:27:16.231 (index):682 UPDATE_10
15:27:16.234 (index):694 NODEACCESSREQUESTED_2
15:27:16.235 (index):664 NODEACCESSRELEASED_1
15:27:16.237 (index):682 UPDATE_7
15:27:17.226 (index):682 UPDATE_0
15:27:17.228 (index):682 UPDATE_8
15:27:17.229 (index):682 UPDATE_6
15:27:17.230 (index):682 UPDATE_12
15:27:17.231 (index):694 NODEACCESSREQUESTED_3
15:27:17.232 (index):664 NODEACCESSRELEASED_5
15:27:17.233 (index):674 THINKING_11
15:27:17.234 (index):664 NODEACCESSRELEASED_9
15:27:17.235 (index):664 NODEACCESSRELEASED_10
15:27:17.236 (index):664 NODEACCESSRELEASED_7
15:27:18.227 (index):682 UPDATE_2
15:27:18.229 (index):694 NODEACCESSREQUESTED_1
15:27:18.230 (index):664 NODEACCESSRELEASED_0
15:27:18.231 (index):664 NODEACCESSRELEASED_8
15:27:18.232 (index):723 END_6
15:27:18.232 (index):664 NODEACCESSRELEASED_12
15:27:19.226 (index):682 UPDATE_3
15:27:19.227 (index):694 NODEACCESSREQUESTED_5
15:27:19.228 (index):694 NODEACCESSREQUESTED_9
15:27:19.229 (index):694 NODEACCESSREQUESTED_10
15:27:19.231 (index):694 NODEACCESSREQUESTED_7
15:27:19.232 (index):723 END_2
15:27:20.226 (index):682 UPDATE_1
15:27:20.227 (index):694 NODEACCESSREQUESTED_0
15:27:20.228 (index):694 NODEACCESSREQUESTED_8
15:27:20.229 (index):694 NODEACCESSREQUESTED_12
15:27:20.230 (index):723 END_3
15:27:20.231 (index):682 UPDATE_4
15:27:21.226 (index):682 UPDATE_5
15:27:21.227 (index):682 UPDATE_9
15:27:21.229 (index):682 UPDATE_10
15:27:21.230 (index):682 UPDATE_7
15:27:21.231 (index):723 END_1
15:27:21.232 (index):723 END_4
15:27:21.233 (index):682 UPDATE_11
15:27:22.226 (index):682 UPDATE_0
15:27:22.227 (index):682 UPDATE_8
15:27:22.228 (index):682 UPDATE_12
15:27:22.230 (index):723 END_5
15:27:22.231 (index):723 END_9
15:27:22.232 (index):723 END_10
15:27:22.233 (index):723 END_7
15:27:22.233 (index):723 END_11
15:27:23.226 (index):723 END_0
15:27:23.227 (index):723 END_8
15:27:23.228 (index):723 END_12
