15:23:59.227 (index):903 Tasks: 25; Collaborators: 11    =========================>
15:23:59.228 (index):694 NODEACCESSREQUESTED_0
15:23:59.229 (index):694 NODEACCESSREQUESTED_1
15:23:59.230 (index):694 NODEACCESSREQUESTED_2
15:23:59.232 (index):694 NODEACCESSREQUESTED_3
15:23:59.233 (index):694 NODEACCESSREQUESTED_4
15:23:59.233 (index):694 NODEACCESSREQUESTED_5
15:23:59.234 (index):694 NODEACCESSREQUESTED_6
15:23:59.235 (index):694 NODEACCESSREQUESTED_7
15:23:59.236 (index):694 NODEACCESSREQUESTED_8
15:23:59.237 (index):694 NODEACCESSREQUESTED_9
15:23:59.238 (index):694 NODEACCESSREQUESTED_10
15:24:01.227 (index):674 THINKING_0
15:24:01.228 (index):674 THINKING_1
15:24:01.229 (index):664 NODEACCESSRELEASED_2
15:24:01.229 (index):664 NODEACCESSRELEASED_3
15:24:01.230 (index):664 NODEACCESSRELEASED_4
15:24:01.231 (index):664 NODEACCESSRELEASED_5
15:24:01.232 (index):674 THINKING_6
15:24:01.232 (index):664 NODEACCESSRELEASED_7
15:24:01.233 (index):674 THINKING_8
15:24:01.234 (index):664 NODEACCESSRELEASED_9
15:24:01.234 (index):664 NODEACCESSRELEASED_10
15:24:03.228 (index):694 NODEACCESSREQUESTED_2
15:24:03.229 (index):694 NODEACCESSREQUESTED_3
15:24:03.230 (index):694 NODEACCESSREQUESTED_4
15:24:03.231 (index):694 NODEACCESSREQUESTED_5
15:24:03.232 (index):694 NODEACCESSREQUESTED_7
15:24:03.233 (index):694 NODEACCESSREQUESTED_9
15:24:03.234 (index):694 NODEACCESSREQUESTED_10
15:24:04.226 (index):682 UPDATE_8
15:24:04.227 (index):682 UPDATE_6
15:24:04.228 (index):682 UPDATE_1
15:24:05.226 (index):682 UPDATE_2
15:24:05.227 (index):682 UPDATE_3
15:24:05.227 (index):682 UPDATE_4
15:24:05.228 (index):682 UPDATE_5
15:24:05.229 (index):682 UPDATE_7
15:24:05.230 (index):682 UPDATE_9
15:24:05.230 (index):682 UPDATE_10
15:24:05.231 (index):674 THINKING_8
15:24:05.232 (index):664 NODEACCESSRELEASED_6
15:24:05.233 (index):664 NODEACCESSRELEASED_1
15:24:06.226 (index):664 NODEACCESSRELEASED_2
15:24:06.228 (index):664 NODEACCESSRELEASED_3
15:24:06.229 (index):664 NODEACCESSRELEASED_4
15:24:06.231 (index):674 THINKING_5
15:24:06.232 (index):664 NODEACCESSRELEASED_7
15:24:06.232 (index):674 THINKING_9
15:24:06.233 (index):674 THINKING_10
15:24:06.234 (index):682 UPDATE_0
15:24:07.226 (index):694 NODEACCESSREQUESTED_6
15:24:07.228 (index):694 NODEACCESSREQUESTED_1
15:24:07.229 (index):664 NODEACCESSRELEASED_0
15:24:08.226 (index):694 NODEACCESSREQUESTED_2
15:24:08.228 (index):694 NODEACCESSREQUESTED_3
15:24:08.229 (index):694 NODEACCESSREQUESTED_4
15:24:08.231 (index):694 NODEACCESSREQUESTED_7
15:24:09.226 (index):682 UPDATE_6
15:24:09.227 (index):682 UPDATE_1
15:24:09.228 (index):694 NODEACCESSREQUESTED_0
15:24:09.229 (index):682 UPDATE_10
15:24:09.230 (index):682 UPDATE_5
15:24:10.226 (index):682 UPDATE_2
15:24:10.228 (index):682 UPDATE_3
15:24:10.229 (index):682 UPDATE_4
15:24:10.230 (index):682 UPDATE_7
15:24:10.231 (index):664 NODEACCESSRELEASED_6
15:24:10.232 (index):674 THINKING_1
15:24:10.232 (index):664 NODEACCESSRELEASED_10
15:24:10.233 (index):664 NODEACCESSRELEASED_5
15:24:10.233 (index):682 UPDATE_8
15:24:11.226 (index):682 UPDATE_0
15:24:11.228 (index):664 NODEACCESSRELEASED_2
15:24:11.229 (index):674 THINKING_3
15:24:11.231 (index):664 NODEACCESSRELEASED_4
15:24:11.232 (index):664 NODEACCESSRELEASED_7
15:24:11.234 (index):664 NODEACCESSRELEASED_8
15:24:11.235 (index):682 UPDATE_9
15:24:12.226 (index):694 NODEACCESSREQUESTED_6
15:24:12.227 (index):694 NODEACCESSREQUESTED_10
15:24:12.229 (index):694 NODEACCESSREQUESTED_5
15:24:12.231 (index):664 NODEACCESSRELEASED_0
15:24:12.232 (index):674 THINKING_9
15:24:13.226 (index):694 NODEACCESSREQUESTED_2
15:24:13.228 (index):694 NODEACCESSREQUESTED_4
15:24:13.230 (index):694 NODEACCESSREQUESTED_7
15:24:13.231 (index):694 NODEACCESSREQUESTED_8
15:24:14.227 (index):682 UPDATE_6
15:24:14.228 (index):682 UPDATE_10
15:24:14.230 (index):682 UPDATE_5
15:24:14.231 (index):694 NODEACCESSREQUESTED_0
15:24:14.232 (index):682 UPDATE_1
15:24:15.226 (index):682 UPDATE_2
15:24:15.228 (index):682 UPDATE_4
15:24:15.230 (index):682 UPDATE_7
15:24:15.232 (index):682 UPDATE_8
15:24:15.234 (index):664 NODEACCESSRELEASED_6
15:24:15.235 (index):674 THINKING_10
15:24:15.235 (index):674 THINKING_5
15:24:15.236 (index):674 THINKING_1
15:24:15.237 (index):682 UPDATE_9
15:24:16.226 (index):682 UPDATE_0
15:24:16.227 (index):674 THINKING_2
15:24:16.228 (index):664 NODEACCESSRELEASED_4
15:24:16.229 (index):674 THINKING_7
15:24:16.231 (index):674 THINKING_8
15:24:16.232 (index):664 NODEACCESSRELEASED_9
15:24:16.234 (index):682 UPDATE_3
15:24:17.226 (index):694 NODEACCESSREQUESTED_6
15:24:17.228 (index):674 THINKING_0
15:24:17.230 (index):664 NODEACCESSRELEASED_3
15:24:18.227 (index):694 NODEACCESSREQUESTED_4
15:24:18.228 (index):694 NODEACCESSREQUESTED_9
15:24:18.230 (index):682 UPDATE_10
15:24:19.226 (index):682 UPDATE_6
15:24:19.228 (index):694 NODEACCESSREQUESTED_3
15:24:19.229 (index):664 NODEACCESSRELEASED_10
15:24:19.230 (index):682 UPDATE_5
15:24:19.231 (index):682 UPDATE_7
15:24:19.231 (index):682 UPDATE_2
15:24:20.226 (index):682 UPDATE_4
15:24:20.227 (index):682 UPDATE_9
15:24:20.228 (index):664 NODEACCESSRELEASED_6
15:24:20.229 (index):664 NODEACCESSRELEASED_5
15:24:20.231 (index):664 NODEACCESSRELEASED_7
15:24:20.232 (index):664 NODEACCESSRELEASED_2
15:24:20.234 (index):682 UPDATE_1
15:24:20.235 (index):682 UPDATE_0
15:24:21.226 (index):682 UPDATE_3
15:24:21.227 (index):694 NODEACCESSREQUESTED_10
15:24:21.227 (index):664 NODEACCESSRELEASED_4
15:24:21.228 (index):664 NODEACCESSRELEASED_9
15:24:21.229 (index):664 NODEACCESSRELEASED_1
15:24:21.230 (index):674 THINKING_0
15:24:21.230 (index):682 UPDATE_8
15:24:22.228 (index):694 NODEACCESSREQUESTED_6
15:24:22.231 (index):694 NODEACCESSREQUESTED_5
15:24:22.232 (index):694 NODEACCESSREQUESTED_7
15:24:22.234 (index):694 NODEACCESSREQUESTED_2
15:24:22.235 (index):664 NODEACCESSRELEASED_3
15:24:22.237 (index):664 NODEACCESSRELEASED_8
15:24:22.238 (index):682 UPDATE_10
15:24:22.239 (index):694 NODEACCESSREQUESTED_4
15:24:23.227 (index):694 NODEACCESSREQUESTED_9
15:24:23.228 (index):694 NODEACCESSREQUESTED_1
15:24:23.231 (index):674 THINKING_10
15:24:24.226 (index):682 UPDATE_6
15:24:24.228 (index):682 UPDATE_5
15:24:24.229 (index):682 UPDATE_7
15:24:24.231 (index):682 UPDATE_2
15:24:24.232 (index):694 NODEACCESSREQUESTED_3
15:24:24.234 (index):694 NODEACCESSREQUESTED_8
15:24:24.234 (index):682 UPDATE_4
15:24:25.226 (index):682 UPDATE_9
15:24:25.228 (index):682 UPDATE_1
15:24:25.230 (index):664 NODEACCESSRELEASED_6
15:24:25.231 (index):674 THINKING_5
15:24:25.233 (index):674 THINKING_7
15:24:25.234 (index):664 NODEACCESSRELEASED_2
15:24:25.236 (index):674 THINKING_4
15:24:26.226 (index):682 UPDATE_3
15:24:26.227 (index):682 UPDATE_8
15:24:26.228 (index):664 NODEACCESSRELEASED_9
15:24:26.228 (index):674 THINKING_1
15:24:26.229 (index):682 UPDATE_0
15:24:27.226 (index):694 NODEACCESSREQUESTED_6
15:24:27.228 (index):694 NODEACCESSREQUESTED_2
15:24:27.230 (index):664 NODEACCESSRELEASED_3
15:24:27.232 (index):664 NODEACCESSRELEASED_8
15:24:27.233 (index):664 NODEACCESSRELEASED_0
15:24:28.226 (index):694 NODEACCESSREQUESTED_9
15:24:28.227 (index):682 UPDATE_4
15:24:28.227 (index):682 UPDATE_10
15:24:29.226 (index):682 UPDATE_6
15:24:29.228 (index):682 UPDATE_2
15:24:29.229 (index):694 NODEACCESSREQUESTED_3
15:24:29.231 (index):694 NODEACCESSREQUESTED_8
15:24:29.233 (index):694 NODEACCESSREQUESTED_0
15:24:29.234 (index):664 NODEACCESSRELEASED_4
15:24:29.235 (index):664 NODEACCESSRELEASED_10
15:24:29.237 (index):682 UPDATE_1
15:24:30.226 (index):682 UPDATE_9
15:24:30.228 (index):674 THINKING_6
15:24:30.229 (index):674 THINKING_2
15:24:30.231 (index):664 NODEACCESSRELEASED_1
15:24:30.233 (index):682 UPDATE_5
15:24:30.234 (index):682 UPDATE_7
15:24:31.226 (index):682 UPDATE_3
15:24:31.228 (index):682 UPDATE_8
15:24:31.229 (index):682 UPDATE_0
15:24:31.231 (index):694 NODEACCESSREQUESTED_4
15:24:31.235 (index):694 NODEACCESSREQUESTED_10
15:24:31.236 (index):674 THINKING_9
15:24:31.239 (index):674 THINKING_5
15:24:31.240 (index):664 NODEACCESSRELEASED_7
15:24:32.226 (index):694 NODEACCESSREQUESTED_1
15:24:32.228 (index):664 NODEACCESSRELEASED_3
15:24:32.230 (index):674 THINKING_8
15:24:32.231 (index):674 THINKING_0
15:24:33.226 (index):682 UPDATE_4
15:24:33.228 (index):682 UPDATE_10
15:24:33.229 (index):694 NODEACCESSREQUESTED_7
15:24:33.231 (index):682 UPDATE_6
15:24:33.233 (index):682 UPDATE_2
15:24:34.226 (index):682 UPDATE_1
15:24:34.228 (index):694 NODEACCESSREQUESTED_3
15:24:34.229 (index):682 UPDATE_5
15:24:34.231 (index):674 THINKING_4
15:24:34.232 (index):674 THINKING_10
15:24:34.233 (index):674 THINKING_6
15:24:34.234 (index):674 THINKING_2
15:24:35.226 (index):682 UPDATE_7
15:24:35.227 (index):674 THINKING_1
15:24:35.228 (index):664 NODEACCESSRELEASED_5
15:24:35.230 (index):682 UPDATE_9
15:24:35.231 (index):682 UPDATE_0
15:24:36.226 (index):682 UPDATE_3
15:24:36.227 (index):664 NODEACCESSRELEASED_7
15:24:36.229 (index):664 NODEACCESSRELEASED_9
15:24:36.231 (index):664 NODEACCESSRELEASED_0
15:24:36.234 (index):682 UPDATE_8
15:24:37.226 (index):694 NODEACCESSREQUESTED_5
15:24:37.227 (index):664 NODEACCESSRELEASED_3
15:24:37.228 (index):664 NODEACCESSRELEASED_8
15:24:37.229 (index):682 UPDATE_2
15:24:37.229 (index):682 UPDATE_6
15:24:38.226 (index):694 NODEACCESSREQUESTED_7
15:24:38.228 (index):694 NODEACCESSREQUESTED_9
15:24:38.229 (index):694 NODEACCESSREQUESTED_0
15:24:38.231 (index):674 THINKING_2
15:24:38.232 (index):664 NODEACCESSRELEASED_6
15:24:38.234 (index):682 UPDATE_10
15:24:38.235 (index):682 UPDATE_1
15:24:39.228 (index):682 UPDATE_5
15:24:39.231 (index):694 NODEACCESSREQUESTED_3
15:24:39.232 (index):694 NODEACCESSREQUESTED_8
15:24:39.234 (index):664 NODEACCESSRELEASED_10
15:24:39.234 (index):674 THINKING_1
15:24:39.235 (index):682 UPDATE_4
15:24:39.236 (index):682 UPDATE_7
15:24:40.226 (index):682 UPDATE_9
15:24:40.228 (index):682 UPDATE_0
15:24:40.230 (index):694 NODEACCESSREQUESTED_6
15:24:40.231 (index):674 THINKING_5
15:24:40.233 (index):674 THINKING_4
15:24:40.234 (index):664 NODEACCESSRELEASED_7
15:24:41.226 (index):682 UPDATE_3
15:24:41.227 (index):682 UPDATE_8
15:24:41.228 (index):694 NODEACCESSREQUESTED_10
15:24:41.229 (index):664 NODEACCESSRELEASED_9
15:24:41.230 (index):664 NODEACCESSRELEASED_0
15:24:42.226 (index):682 UPDATE_6
15:24:42.228 (index):694 NODEACCESSREQUESTED_7
15:24:42.229 (index):674 THINKING_3
15:24:42.231 (index):664 NODEACCESSRELEASED_8
15:24:43.226 (index):682 UPDATE_10
15:24:43.227 (index):694 NODEACCESSREQUESTED_9
15:24:43.228 (index):694 NODEACCESSREQUESTED_0
15:24:43.229 (index):664 NODEACCESSRELEASED_6
15:24:43.230 (index):682 UPDATE_2
15:24:44.227 (index):682 UPDATE_7
15:24:44.228 (index):694 NODEACCESSREQUESTED_8
15:24:44.230 (index):674 THINKING_10
15:24:44.232 (index):664 NODEACCESSRELEASED_2
15:24:44.233 (index):682 UPDATE_1
15:24:44.234 (index):682 UPDATE_4
15:24:45.228 (index):682 UPDATE_9
15:24:45.230 (index):682 UPDATE_0
15:24:45.231 (index):694 NODEACCESSREQUESTED_6
15:24:45.233 (index):664 NODEACCESSRELEASED_7
15:24:45.234 (index):674 THINKING_1
15:24:45.234 (index):674 THINKING_4
15:24:45.235 (index):682 UPDATE_3
15:24:45.235 (index):682 UPDATE_5
15:24:46.226 (index):682 UPDATE_8
15:24:46.228 (index):694 NODEACCESSREQUESTED_2
15:24:46.230 (index):674 THINKING_9
15:24:46.231 (index):674 THINKING_0
15:24:46.233 (index):664 NODEACCESSRELEASED_3
15:24:46.235 (index):664 NODEACCESSRELEASED_5
15:24:47.226 (index):682 UPDATE_6
15:24:47.227 (index):694 NODEACCESSREQUESTED_7
15:24:47.229 (index):664 NODEACCESSRELEASED_8
15:24:48.226 (index):682 UPDATE_2
15:24:48.227 (index):694 NODEACCESSREQUESTED_3
15:24:48.228 (index):694 NODEACCESSREQUESTED_5
15:24:48.229 (index):664 NODEACCESSRELEASED_6
15:24:48.231 (index):682 UPDATE_4
15:24:49.226 (index):682 UPDATE_7
15:24:49.227 (index):694 NODEACCESSREQUESTED_8
15:24:49.228 (index):664 NODEACCESSRELEASED_2
15:24:49.228 (index):664 NODEACCESSRELEASED_4
15:24:49.229 (index):682 UPDATE_10
15:24:50.227 (index):682 UPDATE_3
15:24:50.229 (index):682 UPDATE_5
15:24:50.230 (index):694 NODEACCESSREQUESTED_6
15:24:50.231 (index):664 NODEACCESSRELEASED_7
15:24:50.232 (index):664 NODEACCESSRELEASED_10
15:24:50.233 (index):682 UPDATE_1
15:24:50.234 (index):682 UPDATE_9
15:24:51.230 (index):682 UPDATE_0
15:24:51.231 (index):682 UPDATE_8
15:24:51.233 (index):694 NODEACCESSREQUESTED_2
15:24:51.234 (index):694 NODEACCESSREQUESTED_4
15:24:51.234 (index):664 NODEACCESSRELEASED_3
15:24:51.235 (index):664 NODEACCESSRELEASED_5
15:24:51.235 (index):664 NODEACCESSRELEASED_1
15:24:51.236 (index):664 NODEACCESSRELEASED_9
15:24:52.226 (index):682 UPDATE_6
15:24:52.228 (index):694 NODEACCESSREQUESTED_7
15:24:52.230 (index):694 NODEACCESSREQUESTED_10
15:24:52.231 (index):664 NODEACCESSRELEASED_0
15:24:52.234 (index):664 NODEACCESSRELEASED_8
15:24:53.226 (index):682 UPDATE_2
15:24:53.228 (index):682 UPDATE_4
15:24:53.229 (index):694 NODEACCESSREQUESTED_3
15:24:53.231 (index):694 NODEACCESSREQUESTED_5
15:24:53.233 (index):694 NODEACCESSREQUESTED_1
15:24:53.234 (index):694 NODEACCESSREQUESTED_9
15:24:53.236 (index):664 NODEACCESSRELEASED_6
15:24:54.226 (index):682 UPDATE_7
15:24:54.228 (index):682 UPDATE_10
15:24:54.232 (index):694 NODEACCESSREQUESTED_0
15:24:54.234 (index):694 NODEACCESSREQUESTED_8
15:24:54.234 (index):664 NODEACCESSRELEASED_2
15:24:54.235 (index):664 NODEACCESSRELEASED_4
15:24:55.226 (index):682 UPDATE_3
15:24:55.228 (index):682 UPDATE_5
15:24:55.229 (index):682 UPDATE_1
15:24:55.230 (index):682 UPDATE_9
15:24:55.232 (index):694 NODEACCESSREQUESTED_6
15:24:55.233 (index):674 THINKING_7
15:24:55.234 (index):664 NODEACCESSRELEASED_10
15:24:56.226 (index):682 UPDATE_0
15:24:56.227 (index):682 UPDATE_8
15:24:56.228 (index):694 NODEACCESSREQUESTED_2
15:24:56.229 (index):694 NODEACCESSREQUESTED_4
15:24:56.230 (index):674 THINKING_3
15:24:56.230 (index):664 NODEACCESSRELEASED_5
15:24:56.231 (index):674 THINKING_1
15:24:56.232 (index):664 NODEACCESSRELEASED_9
15:24:57.226 (index):682 UPDATE_6
15:24:57.228 (index):694 NODEACCESSREQUESTED_10
15:24:57.229 (index):664 NODEACCESSRELEASED_0
15:24:57.230 (index):664 NODEACCESSRELEASED_8
15:24:58.227 (index):682 UPDATE_2
15:24:58.228 (index):682 UPDATE_4
15:24:58.231 (index):694 NODEACCESSREQUESTED_5
15:24:58.233 (index):694 NODEACCESSREQUESTED_9
15:24:58.235 (index):664 NODEACCESSRELEASED_6
15:24:59.229 (index):682 UPDATE_10
15:24:59.231 (index):694 NODEACCESSREQUESTED_0
15:24:59.232 (index):694 NODEACCESSREQUESTED_8
15:24:59.233 (index):664 NODEACCESSRELEASED_2
15:24:59.234 (index):674 THINKING_4
15:24:59.236 (index):682 UPDATE_1
15:24:59.237 (index):682 UPDATE_3
15:24:59.238 (index):682 UPDATE_7
15:25:00.226 (index):682 UPDATE_5
15:25:00.228 (index):682 UPDATE_9
15:25:00.229 (index):694 NODEACCESSREQUESTED_6
15:25:00.231 (index):664 NODEACCESSRELEASED_10
15:25:00.232 (index):664 NODEACCESSRELEASED_1
15:25:00.234 (index):664 NODEACCESSRELEASED_3
15:25:00.235 (index):664 NODEACCESSRELEASED_7
15:25:01.226 (index):682 UPDATE_0
15:25:01.227 (index):682 UPDATE_8
15:25:01.227 (index):694 NODEACCESSREQUESTED_2
15:25:01.228 (index):664 NODEACCESSRELEASED_5
15:25:01.230 (index):664 NODEACCESSRELEASED_9
15:25:02.226 (index):682 UPDATE_6
15:25:02.227 (index):694 NODEACCESSREQUESTED_10
15:25:02.228 (index):694 NODEACCESSREQUESTED_1
15:25:02.229 (index):694 NODEACCESSREQUESTED_3
15:25:02.230 (index):694 NODEACCESSREQUESTED_7
15:25:02.231 (index):664 NODEACCESSRELEASED_0
15:25:02.233 (index):664 NODEACCESSRELEASED_8
15:25:03.226 (index):682 UPDATE_2
15:25:03.228 (index):694 NODEACCESSREQUESTED_5
15:25:03.231 (index):694 NODEACCESSREQUESTED_9
15:25:03.232 (index):723 END_6
15:25:04.226 (index):682 UPDATE_10
15:25:04.227 (index):682 UPDATE_1
15:25:04.228 (index):682 UPDATE_3
15:25:04.228 (index):682 UPDATE_7
15:25:04.229 (index):694 NODEACCESSREQUESTED_0
15:25:04.230 (index):694 NODEACCESSREQUESTED_8
15:25:04.231 (index):723 END_2
15:25:04.233 (index):682 UPDATE_4
15:25:05.230 (index):682 UPDATE_5
15:25:05.231 (index):682 UPDATE_9
15:25:05.232 (index):723 END_10
15:25:05.233 (index):723 END_1
15:25:05.235 (index):723 END_3
15:25:05.237 (index):723 END_7
15:25:05.238 (index):723 END_4
15:25:05.239 (index):682 UPDATE_0
15:25:06.226 (index):682 UPDATE_8
15:25:06.227 (index):723 END_5
15:25:06.227 (index):723 END_9
15:25:06.228 (index):723 END_0
15:25:07.227 (index):723 END_8
