15:27:23.228 (index):984 Tasks: 25; Collaborators: 14    =========================>
15:27:23.229 (index):694 NODEACCESSREQUESTED_0
15:27:23.230 (index):694 NODEACCESSREQUESTED_1
15:27:23.231 (index):694 NODEACCESSREQUESTED_2
15:27:23.232 (index):694 NODEACCESSREQUESTED_3
15:27:23.232 (index):694 NODEACCESSREQUESTED_4
15:27:23.233 (index):694 NODEACCESSREQUESTED_5
15:27:23.234 (index):694 NODEACCESSREQUESTED_6
15:27:23.234 (index):694 NODEACCESSREQUESTED_7
15:27:23.235 (index):694 NODEACCESSREQUESTED_8
15:27:23.236 (index):694 NODEACCESSREQUESTED_9
15:27:23.236 (index):694 NODEACCESSREQUESTED_10
15:27:23.237 (index):694 NODEACCESSREQUESTED_11
15:27:23.238 (index):694 NODEACCESSREQUESTED_12
15:27:23.238 (index):694 NODEACCESSREQUESTED_13
15:27:25.226 (index):674 THINKING_0
15:27:25.227 (index):674 THINKING_1
15:27:25.228 (index):664 NODEACCESSRELEASED_2
15:27:25.228 (index):664 NODEACCESSRELEASED_3
15:27:25.229 (index):664 NODEACCESSRELEASED_4
15:27:25.230 (index):664 NODEACCESSRELEASED_5
15:27:25.231 (index):674 THINKING_6
15:27:25.232 (index):664 NODEACCESSRELEASED_7
15:27:25.234 (index):674 THINKING_8
15:27:25.235 (index):664 NODEACCESSRELEASED_9
15:27:25.237 (index):664 NODEACCESSRELEASED_10
15:27:25.238 (index):674 THINKING_11
15:27:25.239 (index):664 NODEACCESSRELEASED_12
15:27:25.241 (index):712 WAITING_13
15:27:27.226 (index):694 NODEACCESSREQUESTED_2
15:27:27.227 (index):694 NODEACCESSREQUESTED_3
15:27:27.227 (index):694 NODEACCESSREQUESTED_4
15:27:27.228 (index):694 NODEACCESSREQUESTED_5
15:27:27.229 (index):694 NODEACCESSREQUESTED_7
15:27:27.230 (index):694 NODEACCESSREQUESTED_9
15:27:27.230 (index):694 NODEACCESSREQUESTED_10
15:27:27.231 (index):694 NODEACCESSREQUESTED_12
15:27:27.231 (index):712 WAITING_13
15:27:28.226 (index):682 UPDATE_8
15:27:28.227 (index):682 UPDATE_11
15:27:28.228 (index):682 UPDATE_6
15:27:28.229 (index):682 UPDATE_1
15:27:29.226 (index):682 UPDATE_2
15:27:29.227 (index):682 UPDATE_3
15:27:29.228 (index):682 UPDATE_4
15:27:29.228 (index):682 UPDATE_5
15:27:29.229 (index):682 UPDATE_7
15:27:29.230 (index):682 UPDATE_9
15:27:29.230 (index):682 UPDATE_10
15:27:29.231 (index):682 UPDATE_12
15:27:29.232 (index):712 WAITING_13
15:27:29.232 (index):674 THINKING_8
15:27:29.233 (index):674 THINKING_11
15:27:29.233 (index):664 NODEACCESSRELEASED_6
15:27:29.234 (index):664 NODEACCESSRELEASED_1
15:27:30.226 (index):664 NODEACCESSRELEASED_2
15:27:30.227 (index):664 NODEACCESSRELEASED_3
15:27:30.228 (index):664 NODEACCESSRELEASED_4
15:27:30.228 (index):674 THINKING_5
15:27:30.228 (index):664 NODEACCESSRELEASED_7
15:27:30.229 (index):674 THINKING_9
15:27:30.229 (index):674 THINKING_10
15:27:30.230 (index):664 NODEACCESSRELEASED_12
15:27:30.230 (index):682 UPDATE_0
15:27:31.226 (index):712 WAITING_13
15:27:31.228 (index):694 NODEACCESSREQUESTED_6
15:27:31.229 (index):694 NODEACCESSREQUESTED_1
15:27:31.231 (index):664 NODEACCESSRELEASED_0
15:27:32.226 (index):694 NODEACCESSREQUESTED_2
15:27:32.228 (index):694 NODEACCESSREQUESTED_3
15:27:32.229 (index):694 NODEACCESSREQUESTED_4
15:27:32.230 (index):694 NODEACCESSREQUESTED_7
15:27:32.231 (index):694 NODEACCESSREQUESTED_12
15:27:33.226 (index):712 WAITING_13
15:27:33.227 (index):682 UPDATE_6
15:27:33.228 (index):682 UPDATE_1
15:27:33.229 (index):694 NODEACCESSREQUESTED_0
15:27:33.229 (index):682 UPDATE_10
15:27:33.230 (index):682 UPDATE_11
15:27:33.231 (index):682 UPDATE_5
15:27:34.226 (index):682 UPDATE_2
15:27:34.227 (index):682 UPDATE_3
15:27:34.228 (index):682 UPDATE_4
15:27:34.228 (index):682 UPDATE_7
15:27:34.229 (index):682 UPDATE_12
15:27:34.230 (index):664 NODEACCESSRELEASED_6
15:27:34.232 (index):674 THINKING_1
15:27:34.233 (index):664 NODEACCESSRELEASED_10
15:27:34.234 (index):664 NODEACCESSRELEASED_11
15:27:34.235 (index):664 NODEACCESSRELEASED_5
15:27:34.235 (index):682 UPDATE_8
15:27:35.226 (index):712 WAITING_13
15:27:35.227 (index):682 UPDATE_0
15:27:35.228 (index):664 NODEACCESSRELEASED_2
15:27:35.229 (index):674 THINKING_3
15:27:35.230 (index):664 NODEACCESSRELEASED_4
15:27:35.231 (index):664 NODEACCESSRELEASED_7
15:27:35.232 (index):664 NODEACCESSRELEASED_12
15:27:35.233 (index):664 NODEACCESSRELEASED_8
15:27:35.234 (index):682 UPDATE_9
15:27:36.226 (index):694 NODEACCESSREQUESTED_6
15:27:36.227 (index):694 NODEACCESSREQUESTED_10
15:27:36.228 (index):694 NODEACCESSREQUESTED_11
15:27:36.229 (index):694 NODEACCESSREQUESTED_5
15:27:36.230 (index):664 NODEACCESSRELEASED_0
15:27:36.231 (index):674 THINKING_9
15:27:37.227 (index):674 THINKING_13
15:27:37.228 (index):694 NODEACCESSREQUESTED_2
15:27:37.229 (index):694 NODEACCESSREQUESTED_4
15:27:37.230 (index):694 NODEACCESSREQUESTED_7
15:27:37.231 (index):694 NODEACCESSREQUESTED_12
15:27:37.231 (index):694 NODEACCESSREQUESTED_8
15:27:38.228 (index):712 WAITING_6
15:27:38.229 (index):712 WAITING_10
15:27:38.230 (index):712 WAITING_11
15:27:38.231 (index):712 WAITING_5
15:27:38.232 (index):694 NODEACCESSREQUESTED_0
15:27:38.233 (index):682 UPDATE_1
15:27:39.226 (index):712 WAITING_2
15:27:39.227 (index):712 WAITING_4
15:27:39.229 (index):712 WAITING_7
15:27:39.230 (index):712 WAITING_12
15:27:39.231 (index):712 WAITING_8
15:27:39.232 (index):674 THINKING_1
15:27:39.234 (index):682 UPDATE_9
15:27:40.226 (index):712 WAITING_6
15:27:40.227 (index):712 WAITING_10
15:27:40.228 (index):712 WAITING_11
15:27:40.228 (index):712 WAITING_5
15:27:40.229 (index):712 WAITING_0
15:27:40.229 (index):664 NODEACCESSRELEASED_9
15:27:40.230 (index):682 UPDATE_3
15:27:41.226 (index):712 WAITING_2
15:27:41.228 (index):712 WAITING_4
15:27:41.229 (index):712 WAITING_7
15:27:41.230 (index):712 WAITING_12
15:27:41.231 (index):712 WAITING_8
15:27:41.232 (index):664 NODEACCESSRELEASED_3
15:27:42.226 (index):712 WAITING_6
15:27:42.227 (index):712 WAITING_10
15:27:42.228 (index):712 WAITING_11
15:27:42.229 (index):712 WAITING_5
15:27:42.231 (index):712 WAITING_0
15:27:42.232 (index):694 NODEACCESSREQUESTED_9
15:27:42.233 (index):682 UPDATE_13
15:27:43.227 (index):712 WAITING_2
15:27:43.229 (index):712 WAITING_4
15:27:43.230 (index):712 WAITING_7
15:27:43.231 (index):712 WAITING_12
15:27:43.233 (index):712 WAITING_8
15:27:43.234 (index):694 NODEACCESSREQUESTED_3
15:27:43.235 (index):664 NODEACCESSRELEASED_13
15:27:43.236 (index):682 UPDATE_6
15:27:44.226 (index):712 WAITING_10
15:27:44.227 (index):712 WAITING_11
15:27:44.229 (index):712 WAITING_5
15:27:44.232 (index):712 WAITING_0
15:27:44.232 (index):712 WAITING_9
15:27:44.233 (index):664 NODEACCESSRELEASED_6
15:27:44.234 (index):682 UPDATE_1
15:27:45.226 (index):712 WAITING_2
15:27:45.228 (index):712 WAITING_4
15:27:45.229 (index):712 WAITING_7
15:27:45.231 (index):712 WAITING_12
15:27:45.232 (index):712 WAITING_8
15:27:45.233 (index):712 WAITING_3
15:27:45.234 (index):694 NODEACCESSREQUESTED_13
15:27:45.234 (index):664 NODEACCESSRELEASED_1
15:27:46.226 (index):682 UPDATE_10
15:27:46.227 (index):712 WAITING_11
15:27:46.228 (index):712 WAITING_5
15:27:46.229 (index):712 WAITING_0
15:27:46.230 (index):712 WAITING_9
15:27:46.232 (index):694 NODEACCESSREQUESTED_6
15:27:47.226 (index):712 WAITING_2
15:27:47.227 (index):712 WAITING_4
15:27:47.228 (index):712 WAITING_7
15:27:47.229 (index):712 WAITING_12
15:27:47.231 (index):712 WAITING_8
15:27:47.232 (index):712 WAITING_3
15:27:47.233 (index):682 UPDATE_13
15:27:47.235 (index):694 NODEACCESSREQUESTED_1
15:27:47.236 (index):674 THINKING_10
15:27:48.226 (index):712 WAITING_11
15:27:48.227 (index):712 WAITING_5
15:27:48.228 (index):712 WAITING_0
15:27:48.230 (index):712 WAITING_9
15:27:48.231 (index):682 UPDATE_6
15:27:48.232 (index):664 NODEACCESSRELEASED_13
15:27:49.226 (index):712 WAITING_2
15:27:49.228 (index):712 WAITING_4
15:27:49.229 (index):712 WAITING_7
15:27:49.230 (index):712 WAITING_12
15:27:49.232 (index):712 WAITING_8
15:27:49.233 (index):712 WAITING_3
15:27:49.234 (index):682 UPDATE_1
15:27:49.235 (index):664 NODEACCESSRELEASED_6
15:27:50.230 (index):712 WAITING_11
15:27:50.231 (index):712 WAITING_5
15:27:50.232 (index):712 WAITING_0
15:27:50.233 (index):712 WAITING_9
15:27:50.235 (index):694 NODEACCESSREQUESTED_13
15:27:50.236 (index):674 THINKING_1
15:27:50.236 (index):682 UPDATE_10
15:27:50.237 (index):712 WAITING_2
15:27:50.238 (index):712 WAITING_4
15:27:51.226 (index):712 WAITING_7
15:27:51.228 (index):712 WAITING_12
15:27:51.229 (index):712 WAITING_8
15:27:51.231 (index):712 WAITING_3
15:27:51.232 (index):694 NODEACCESSREQUESTED_6
15:27:51.233 (index):664 NODEACCESSRELEASED_10
15:27:52.226 (index):682 UPDATE_11
15:27:52.228 (index):712 WAITING_5
15:27:52.230 (index):712 WAITING_0
15:27:52.232 (index):712 WAITING_9
15:27:52.233 (index):682 UPDATE_13
15:27:52.234 (index):712 WAITING_2
15:27:52.235 (index):712 WAITING_4
15:27:53.229 (index):712 WAITING_7
15:27:53.231 (index):712 WAITING_12
15:27:53.233 (index):712 WAITING_8
15:27:53.234 (index):712 WAITING_3
15:27:53.235 (index):682 UPDATE_6
15:27:53.236 (index):694 NODEACCESSREQUESTED_10
15:27:53.237 (index):664 NODEACCESSRELEASED_11
15:27:53.238 (index):664 NODEACCESSRELEASED_13
15:27:53.238 (index):682 UPDATE_1
15:27:54.226 (index):682 UPDATE_5
15:27:54.228 (index):712 WAITING_0
15:27:54.229 (index):712 WAITING_9
15:27:54.236 (index):712 WAITING_2
15:27:54.237 (index):712 WAITING_4
15:27:54.237 (index):664 NODEACCESSRELEASED_6
15:27:54.237 (index):664 NODEACCESSRELEASED_1
15:27:55.226 (index):712 WAITING_7
15:27:55.228 (index):712 WAITING_12
15:27:55.229 (index):712 WAITING_8
15:27:55.230 (index):712 WAITING_3
15:27:55.232 (index):682 UPDATE_10
15:27:55.233 (index):694 NODEACCESSREQUESTED_11
15:27:55.234 (index):694 NODEACCESSREQUESTED_13
15:27:55.236 (index):674 THINKING_5
15:27:56.226 (index):712 WAITING_0
15:27:56.228 (index):712 WAITING_9
15:27:56.229 (index):712 WAITING_2
15:27:56.231 (index):712 WAITING_4
15:27:56.232 (index):694 NODEACCESSREQUESTED_6
15:27:56.234 (index):694 NODEACCESSREQUESTED_1
15:27:56.235 (index):674 THINKING_10
15:27:57.226 (index):712 WAITING_7
15:27:57.227 (index):712 WAITING_12
15:27:57.227 (index):712 WAITING_8
15:27:57.228 (index):712 WAITING_3
15:27:57.229 (index):682 UPDATE_11
15:27:57.230 (index):682 UPDATE_13
15:27:58.226 (index):712 WAITING_0
15:27:58.228 (index):712 WAITING_9
15:27:58.229 (index):712 WAITING_2
15:27:58.231 (index):712 WAITING_4
15:27:58.232 (index):682 UPDATE_6
15:27:58.234 (index):682 UPDATE_1
15:27:58.235 (index):664 NODEACCESSRELEASED_11
15:27:58.236 (index):664 NODEACCESSRELEASED_13
15:27:59.226 (index):712 WAITING_7
15:27:59.227 (index):712 WAITING_12
15:27:59.228 (index):712 WAITING_8
15:27:59.229 (index):712 WAITING_3
15:27:59.230 (index):674 THINKING_6
15:27:59.231 (index):674 THINKING_1
15:27:59.233 (index):682 UPDATE_5
15:28:00.226 (index):712 WAITING_0
15:28:00.228 (index):712 WAITING_9
15:28:00.229 (index):712 WAITING_2
15:28:00.230 (index):712 WAITING_4
15:28:00.232 (index):694 NODEACCESSREQUESTED_11
15:28:00.233 (index):694 NODEACCESSREQUESTED_13
15:28:00.234 (index):664 NODEACCESSRELEASED_5
15:28:01.226 (index):712 WAITING_7
15:28:01.228 (index):712 WAITING_12
15:28:01.229 (index):712 WAITING_8
15:28:01.230 (index):712 WAITING_3
15:28:01.232 (index):682 UPDATE_10
15:28:02.226 (index):712 WAITING_0
15:28:02.228 (index):712 WAITING_9
15:28:02.229 (index):682 UPDATE_2
15:28:02.230 (index):712 WAITING_4
15:28:02.232 (index):682 UPDATE_11
15:28:02.233 (index):682 UPDATE_13
15:28:02.234 (index):694 NODEACCESSREQUESTED_5
15:28:02.235 (index):664 NODEACCESSRELEASED_10
15:28:02.236 (index):682 UPDATE_6
15:28:02.237 (index):682 UPDATE_1
15:28:03.226 (index):712 WAITING_7
15:28:03.228 (index):712 WAITING_12
15:28:03.229 (index):712 WAITING_8
15:28:03.231 (index):712 WAITING_3
15:28:03.232 (index):674 THINKING_2
15:28:03.233 (index):674 THINKING_11
15:28:03.234 (index):664 NODEACCESSRELEASED_13
15:28:03.235 (index):674 THINKING_6
15:28:03.235 (index):674 THINKING_1
15:28:04.226 (index):712 WAITING_0
15:28:04.228 (index):712 WAITING_9
15:28:04.229 (index):712 WAITING_4
15:28:04.230 (index):682 UPDATE_5
15:28:04.231 (index):694 NODEACCESSREQUESTED_10
15:28:05.226 (index):712 WAITING_7
15:28:05.228 (index):712 WAITING_12
15:28:05.230 (index):712 WAITING_8
15:28:05.231 (index):712 WAITING_3
15:28:05.233 (index):694 NODEACCESSREQUESTED_13
15:28:05.234 (index):674 THINKING_5
15:28:06.230 (index):712 WAITING_0
15:28:06.232 (index):712 WAITING_9
15:28:06.233 (index):712 WAITING_4
15:28:06.234 (index):682 UPDATE_10
15:28:06.235 (index):682 UPDATE_2
15:28:06.236 (index):682 UPDATE_6
15:28:06.237 (index):712 WAITING_7
15:28:06.238 (index):712 WAITING_12
15:28:07.229 (index):712 WAITING_8
15:28:07.230 (index):712 WAITING_3
15:28:07.231 (index):682 UPDATE_13
15:28:07.232 (index):674 THINKING_10
15:28:07.234 (index):664 NODEACCESSRELEASED_2
15:28:07.235 (index):664 NODEACCESSRELEASED_6
15:28:08.226 (index):712 WAITING_0
15:28:08.227 (index):712 WAITING_9
15:28:08.228 (index):682 UPDATE_4
15:28:08.229 (index):712 WAITING_7
15:28:08.231 (index):712 WAITING_12
15:28:08.234 (index):664 NODEACCESSRELEASED_13
15:28:08.235 (index):682 UPDATE_11
15:28:08.237 (index):682 UPDATE_1
15:28:09.226 (index):712 WAITING_8
15:28:09.227 (index):712 WAITING_3
15:28:09.228 (index):694 NODEACCESSREQUESTED_2
15:28:09.229 (index):694 NODEACCESSREQUESTED_6
15:28:09.230 (index):664 NODEACCESSRELEASED_4
15:28:09.232 (index):664 NODEACCESSRELEASED_11
15:28:09.233 (index):674 THINKING_1
15:28:10.226 (index):712 WAITING_0
15:28:10.228 (index):712 WAITING_9
15:28:10.229 (index):682 UPDATE_7
15:28:10.231 (index):712 WAITING_12
15:28:10.232 (index):694 NODEACCESSREQUESTED_13
15:28:10.233 (index):682 UPDATE_5
15:28:11.226 (index):712 WAITING_8
15:28:11.228 (index):712 WAITING_3
15:28:11.229 (index):682 UPDATE_2
15:28:11.231 (index):682 UPDATE_6
15:28:11.233 (index):694 NODEACCESSREQUESTED_4
15:28:11.234 (index):694 NODEACCESSREQUESTED_11
15:28:11.235 (index):674 THINKING_7
15:28:11.236 (index):674 THINKING_5
15:28:11.237 (index):682 UPDATE_10
15:28:12.226 (index):712 WAITING_0
15:28:12.228 (index):712 WAITING_9
15:28:12.229 (index):712 WAITING_12
15:28:12.230 (index):682 UPDATE_13
15:28:12.232 (index):664 NODEACCESSRELEASED_2
15:28:12.233 (index):664 NODEACCESSRELEASED_6
15:28:12.234 (index):664 NODEACCESSRELEASED_10
15:28:13.226 (index):712 WAITING_8
15:28:13.228 (index):712 WAITING_3
15:28:13.229 (index):682 UPDATE_4
15:28:13.231 (index):682 UPDATE_11
15:28:13.232 (index):664 NODEACCESSRELEASED_13
15:28:14.226 (index):712 WAITING_0
15:28:14.227 (index):712 WAITING_9
15:28:14.229 (index):712 WAITING_12
15:28:14.230 (index):694 NODEACCESSREQUESTED_2
15:28:14.231 (index):694 NODEACCESSREQUESTED_6
15:28:14.232 (index):694 NODEACCESSREQUESTED_10
15:28:14.233 (index):682 UPDATE_5
15:28:14.234 (index):664 NODEACCESSRELEASED_4
15:28:14.235 (index):664 NODEACCESSRELEASED_11
15:28:14.236 (index):682 UPDATE_7
15:28:14.237 (index):682 UPDATE_1
15:28:15.226 (index):712 WAITING_8
15:28:15.227 (index):712 WAITING_3
15:28:15.227 (index):694 NODEACCESSREQUESTED_13
15:28:15.228 (index):664 NODEACCESSRELEASED_5
15:28:15.228 (index):664 NODEACCESSRELEASED_7
15:28:15.229 (index):664 NODEACCESSRELEASED_1
15:28:16.226 (index):712 WAITING_0
15:28:16.227 (index):712 WAITING_9
15:28:16.228 (index):682 UPDATE_12
15:28:16.229 (index):682 UPDATE_2
15:28:16.230 (index):682 UPDATE_6
15:28:16.231 (index):682 UPDATE_10
15:28:16.232 (index):694 NODEACCESSREQUESTED_4
15:28:16.233 (index):694 NODEACCESSREQUESTED_11
15:28:17.226 (index):712 WAITING_8
15:28:17.227 (index):712 WAITING_3
15:28:17.228 (index):682 UPDATE_13
15:28:17.229 (index):694 NODEACCESSREQUESTED_5
15:28:17.229 (index):694 NODEACCESSREQUESTED_7
15:28:17.230 (index):694 NODEACCESSREQUESTED_1
15:28:17.231 (index):674 THINKING_12
15:28:17.231 (index):674 THINKING_2
15:28:17.232 (index):664 NODEACCESSRELEASED_6
15:28:17.232 (index):674 THINKING_10
15:28:18.226 (index):712 WAITING_0
15:28:18.228 (index):712 WAITING_9
15:28:18.229 (index):682 UPDATE_4
15:28:18.231 (index):682 UPDATE_11
15:28:18.232 (index):664 NODEACCESSRELEASED_13
15:28:19.226 (index):712 WAITING_8
15:28:19.227 (index):712 WAITING_3
15:28:19.228 (index):682 UPDATE_5
15:28:19.229 (index):682 UPDATE_7
15:28:19.235 (index):682 UPDATE_1
15:28:19.237 (index):694 NODEACCESSREQUESTED_6
15:28:19.238 (index):674 THINKING_4
15:28:19.240 (index):664 NODEACCESSRELEASED_11
15:28:20.226 (index):712 WAITING_0
15:28:20.227 (index):712 WAITING_9
15:28:20.228 (index):694 NODEACCESSREQUESTED_13
15:28:20.228 (index):674 THINKING_5
15:28:20.229 (index):674 THINKING_7
15:28:20.229 (index):674 THINKING_1
15:28:20.230 (index):682 UPDATE_2
15:28:21.226 (index):712 WAITING_8
15:28:21.228 (index):712 WAITING_3
15:28:21.229 (index):682 UPDATE_6
15:28:21.231 (index):694 NODEACCESSREQUESTED_11
15:28:21.232 (index):674 THINKING_2
15:28:22.226 (index):712 WAITING_0
15:28:22.227 (index):712 WAITING_9
15:28:22.228 (index):682 UPDATE_13
15:28:22.229 (index):664 NODEACCESSRELEASED_6
15:28:22.230 (index):682 UPDATE_4
15:28:22.232 (index):682 UPDATE_12
15:28:22.233 (index):682 UPDATE_10
15:28:23.226 (index):712 WAITING_8
15:28:23.228 (index):712 WAITING_3
15:28:23.229 (index):682 UPDATE_11
15:28:23.231 (index):664 NODEACCESSRELEASED_13
15:28:23.233 (index):664 NODEACCESSRELEASED_4
15:28:23.234 (index):664 NODEACCESSRELEASED_12
15:28:23.235 (index):664 NODEACCESSRELEASED_10
15:28:23.236 (index):682 UPDATE_1
15:28:24.226 (index):712 WAITING_0
15:28:24.227 (index):712 WAITING_9
15:28:24.227 (index):694 NODEACCESSREQUESTED_6
15:28:24.228 (index):674 THINKING_11
15:28:24.228 (index):664 NODEACCESSRELEASED_1
15:28:24.229 (index):682 UPDATE_2
15:28:25.226 (index):682 UPDATE_8
15:28:25.227 (index):712 WAITING_3
15:28:25.228 (index):694 NODEACCESSREQUESTED_13
15:28:25.228 (index):694 NODEACCESSREQUESTED_4
15:28:25.229 (index):694 NODEACCESSREQUESTED_12
15:28:25.230 (index):694 NODEACCESSREQUESTED_10
15:28:25.231 (index):674 THINKING_2
15:28:25.232 (index):682 UPDATE_7
15:28:25.233 (index):682 UPDATE_5
15:28:26.226 (index):712 WAITING_0
15:28:26.228 (index):712 WAITING_9
15:28:26.229 (index):682 UPDATE_6
15:28:26.231 (index):694 NODEACCESSREQUESTED_1
15:28:26.232 (index):674 THINKING_8
15:28:26.233 (index):664 NODEACCESSRELEASED_7
15:28:26.234 (index):664 NODEACCESSRELEASED_5
15:28:27.226 (index):712 WAITING_3
15:28:27.228 (index):682 UPDATE_13
15:28:27.229 (index):682 UPDATE_4
15:28:27.231 (index):682 UPDATE_12
15:28:27.232 (index):682 UPDATE_10
15:28:27.233 (index):664 NODEACCESSRELEASED_6
15:28:28.226 (index):712 WAITING_0
15:28:28.227 (index):712 WAITING_9
15:28:28.228 (index):682 UPDATE_1
15:28:28.229 (index):694 NODEACCESSREQUESTED_7
15:28:28.230 (index):694 NODEACCESSREQUESTED_5
15:28:28.231 (index):664 NODEACCESSRELEASED_13
15:28:28.232 (index):674 THINKING_4
15:28:28.233 (index):664 NODEACCESSRELEASED_12
15:28:28.235 (index):664 NODEACCESSRELEASED_10
15:28:28.236 (index):682 UPDATE_11
15:28:29.226 (index):712 WAITING_3
15:28:29.227 (index):694 NODEACCESSREQUESTED_6
15:28:29.229 (index):723 END_1
15:28:29.230 (index):664 NODEACCESSRELEASED_11
15:28:30.226 (index):712 WAITING_0
15:28:30.227 (index):712 WAITING_9
15:28:30.228 (index):682 UPDATE_7
15:28:30.229 (index):682 UPDATE_5
15:28:30.229 (index):694 NODEACCESSREQUESTED_13
15:28:30.230 (index):694 NODEACCESSREQUESTED_12
15:28:30.231 (index):694 NODEACCESSREQUESTED_10
15:28:30.232 (index):682 UPDATE_2
15:28:31.226 (index):712 WAITING_3
15:28:31.227 (index):682 UPDATE_6
15:28:31.227 (index):694 NODEACCESSREQUESTED_11
15:28:31.228 (index):664 NODEACCESSRELEASED_7
15:28:31.228 (index):664 NODEACCESSRELEASED_5
15:28:31.229 (index):664 NODEACCESSRELEASED_2
15:28:31.229 (index):682 UPDATE_8
15:28:32.226 (index):712 WAITING_0
15:28:32.228 (index):712 WAITING_9
15:28:32.229 (index):682 UPDATE_13
15:28:32.230 (index):682 UPDATE_12
15:28:32.232 (index):682 UPDATE_10
15:28:32.233 (index):723 END_6
15:28:32.233 (index):664 NODEACCESSRELEASED_8
15:28:33.229 (index):712 WAITING_3
15:28:33.230 (index):682 UPDATE_11
15:28:33.232 (index):694 NODEACCESSREQUESTED_7
15:28:33.233 (index):694 NODEACCESSREQUESTED_5
15:28:33.234 (index):694 NODEACCESSREQUESTED_2
15:28:33.235 (index):664 NODEACCESSRELEASED_13
15:28:33.236 (index):664 NODEACCESSRELEASED_12
15:28:33.236 (index):664 NODEACCESSRELEASED_10
15:28:33.237 (index):682 UPDATE_4
15:28:33.237 (index):682 UPDATE_0
15:28:34.226 (index):712 WAITING_9
15:28:34.228 (index):694 NODEACCESSREQUESTED_8
15:28:34.229 (index):664 NODEACCESSRELEASED_11
15:28:34.230 (index):674 THINKING_4
15:28:34.232 (index):674 THINKING_0
15:28:35.230 (index):712 WAITING_3
15:28:35.231 (index):682 UPDATE_7
15:28:35.232 (index):682 UPDATE_5
15:28:35.233 (index):682 UPDATE_2
15:28:35.234 (index):694 NODEACCESSREQUESTED_13
15:28:35.235 (index):694 NODEACCESSREQUESTED_12
15:28:35.236 (index):694 NODEACCESSREQUESTED_10
15:28:35.237 (index):712 WAITING_9
15:28:35.238 (index):682 UPDATE_8
15:28:36.226 (index):694 NODEACCESSREQUESTED_11
15:28:36.228 (index):664 NODEACCESSRELEASED_7
15:28:36.229 (index):664 NODEACCESSRELEASED_5
15:28:36.230 (index):664 NODEACCESSRELEASED_2
15:28:36.232 (index):664 NODEACCESSRELEASED_8
15:28:37.226 (index):712 WAITING_3
15:28:37.228 (index):682 UPDATE_13
15:28:37.229 (index):682 UPDATE_12
15:28:37.230 (index):682 UPDATE_10
15:28:37.230 (index):712 WAITING_9
15:28:37.231 (index):682 UPDATE_0
15:28:38.226 (index):682 UPDATE_11
15:28:38.228 (index):694 NODEACCESSREQUESTED_7
15:28:38.229 (index):694 NODEACCESSREQUESTED_5
15:28:38.230 (index):694 NODEACCESSREQUESTED_2
15:28:38.231 (index):694 NODEACCESSREQUESTED_8
15:28:38.232 (index):664 NODEACCESSRELEASED_13
15:28:38.233 (index):664 NODEACCESSRELEASED_12
15:28:38.234 (index):723 END_10
15:28:38.236 (index):674 THINKING_0
15:28:38.237 (index):682 UPDATE_4
15:28:39.226 (index):712 WAITING_3
15:28:39.227 (index):712 WAITING_9
15:28:39.228 (index):674 THINKING_11
15:28:39.229 (index):674 THINKING_4
15:28:40.226 (index):682 UPDATE_7
15:28:40.228 (index):682 UPDATE_5
15:28:40.229 (index):682 UPDATE_2
15:28:40.231 (index):682 UPDATE_8
15:28:40.232 (index):694 NODEACCESSREQUESTED_13
15:28:40.233 (index):694 NODEACCESSREQUESTED_12
15:28:41.226 (index):712 WAITING_3
15:28:41.227 (index):712 WAITING_9
15:28:41.227 (index):664 NODEACCESSRELEASED_7
15:28:41.228 (index):664 NODEACCESSRELEASED_5
15:28:41.228 (index):664 NODEACCESSRELEASED_2
15:28:41.229 (index):674 THINKING_8
15:28:42.226 (index):682 UPDATE_13
15:28:42.228 (index):682 UPDATE_12
15:28:42.229 (index):682 UPDATE_4
15:28:43.226 (index):712 WAITING_3
15:28:43.227 (index):712 WAITING_9
15:28:43.227 (index):694 NODEACCESSREQUESTED_7
15:28:43.228 (index):694 NODEACCESSREQUESTED_5
15:28:43.228 (index):694 NODEACCESSREQUESTED_2
15:28:43.229 (index):723 END_13
15:28:43.230 (index):664 NODEACCESSRELEASED_12
15:28:43.231 (index):664 NODEACCESSRELEASED_4
15:28:43.232 (index):682 UPDATE_11
15:28:43.233 (index):682 UPDATE_0
15:28:44.226 (index):723 END_11
15:28:44.227 (index):664 NODEACCESSRELEASED_0
15:28:45.226 (index):712 WAITING_3
15:28:45.228 (index):682 UPDATE_9
15:28:45.229 (index):682 UPDATE_7
15:28:45.231 (index):682 UPDATE_5
15:28:45.233 (index):682 UPDATE_2
15:28:45.234 (index):694 NODEACCESSREQUESTED_12
15:28:45.234 (index):694 NODEACCESSREQUESTED_4
15:28:45.235 (index):682 UPDATE_8
15:28:46.226 (index):694 NODEACCESSREQUESTED_0
15:28:46.228 (index):664 NODEACCESSRELEASED_9
15:28:46.229 (index):664 NODEACCESSRELEASED_7
15:28:46.230 (index):723 END_5
15:28:46.231 (index):664 NODEACCESSRELEASED_2
15:28:46.233 (index):664 NODEACCESSRELEASED_8
15:28:47.226 (index):682 UPDATE_3
15:28:47.228 (index):682 UPDATE_12
15:28:47.229 (index):682 UPDATE_4
15:28:48.226 (index):682 UPDATE_0
15:28:48.228 (index):694 NODEACCESSREQUESTED_9
15:28:48.229 (index):694 NODEACCESSREQUESTED_7
15:28:48.231 (index):694 NODEACCESSREQUESTED_2
15:28:48.232 (index):694 NODEACCESSREQUESTED_8
15:28:48.233 (index):664 NODEACCESSRELEASED_3
15:28:48.234 (index):664 NODEACCESSRELEASED_12
15:28:48.235 (index):664 NODEACCESSRELEASED_4
15:28:49.226 (index):674 THINKING_0
15:28:50.226 (index):682 UPDATE_9
15:28:50.228 (index):682 UPDATE_7
15:28:50.230 (index):682 UPDATE_2
15:28:50.231 (index):682 UPDATE_8
15:28:50.232 (index):694 NODEACCESSREQUESTED_3
15:28:50.233 (index):694 NODEACCESSREQUESTED_12
15:28:50.234 (index):694 NODEACCESSREQUESTED_4
15:28:51.226 (index):664 NODEACCESSRELEASED_9
15:28:51.228 (index):674 THINKING_7
15:28:51.229 (index):723 END_2
15:28:51.231 (index):664 NODEACCESSRELEASED_8
15:28:52.226 (index):682 UPDATE_3
15:28:52.228 (index):682 UPDATE_12
15:28:52.229 (index):682 UPDATE_4
15:28:52.230 (index):682 UPDATE_0
15:28:53.226 (index):694 NODEACCESSREQUESTED_9
15:28:53.228 (index):694 NODEACCESSREQUESTED_8
15:28:53.230 (index):664 NODEACCESSRELEASED_3
15:28:53.231 (index):674 THINKING_12
15:28:53.232 (index):674 THINKING_4
15:28:53.234 (index):664 NODEACCESSRELEASED_0
15:28:55.226 (index):682 UPDATE_9
15:28:55.228 (index):682 UPDATE_8
15:28:55.229 (index):694 NODEACCESSREQUESTED_3
15:28:55.231 (index):694 NODEACCESSREQUESTED_0
15:28:55.233 (index):682 UPDATE_7
15:28:56.227 (index):674 THINKING_9
15:28:56.228 (index):664 NODEACCESSRELEASED_8
15:28:56.230 (index):664 NODEACCESSRELEASED_7
15:28:57.226 (index):682 UPDATE_3
15:28:57.227 (index):682 UPDATE_0
15:28:57.229 (index):682 UPDATE_12
15:28:58.227 (index):694 NODEACCESSREQUESTED_8
15:28:58.228 (index):694 NODEACCESSREQUESTED_7
15:28:58.230 (index):664 NODEACCESSRELEASED_3
15:28:58.231 (index):664 NODEACCESSRELEASED_0
15:28:58.232 (index):664 NODEACCESSRELEASED_12
15:28:58.233 (index):682 UPDATE_4
15:28:59.226 (index):723 END_4
15:29:00.226 (index):682 UPDATE_8
15:29:00.228 (index):682 UPDATE_7
15:29:00.229 (index):694 NODEACCESSREQUESTED_3
15:29:00.231 (index):694 NODEACCESSREQUESTED_0
15:29:00.232 (index):694 NODEACCESSREQUESTED_12
15:29:00.234 (index):682 UPDATE_9
15:29:01.227 (index):664 NODEACCESSRELEASED_8
15:29:01.229 (index):723 END_7
15:29:01.230 (index):664 NODEACCESSRELEASED_9
15:29:02.226 (index):682 UPDATE_3
15:29:02.228 (index):682 UPDATE_0
15:29:02.229 (index):682 UPDATE_12
15:29:03.226 (index):694 NODEACCESSREQUESTED_8
15:29:03.227 (index):694 NODEACCESSREQUESTED_9
15:29:03.229 (index):664 NODEACCESSRELEASED_3
15:29:03.229 (index):674 THINKING_0
15:29:03.231 (index):664 NODEACCESSRELEASED_12
15:29:05.226 (index):682 UPDATE_8
15:29:05.227 (index):682 UPDATE_9
15:29:05.227 (index):694 NODEACCESSREQUESTED_3
15:29:05.228 (index):694 NODEACCESSREQUESTED_12
15:29:06.226 (index):664 NODEACCESSRELEASED_8
15:29:06.227 (index):664 NODEACCESSRELEASED_9
15:29:07.226 (index):682 UPDATE_3
15:29:07.228 (index):682 UPDATE_12
15:29:07.229 (index):682 UPDATE_0
15:29:08.226 (index):694 NODEACCESSREQUESTED_8
15:29:08.228 (index):694 NODEACCESSREQUESTED_9
15:29:08.229 (index):674 THINKING_3
15:29:08.231 (index):723 END_12
15:29:08.232 (index):664 NODEACCESSRELEASED_0
15:29:10.226 (index):682 UPDATE_8
15:29:10.228 (index):682 UPDATE_9
15:29:10.229 (index):694 NODEACCESSREQUESTED_0
15:29:11.226 (index):664 NODEACCESSRELEASED_8
15:29:11.228 (index):674 THINKING_9
15:29:11.229 (index):682 UPDATE_3
15:29:12.226 (index):682 UPDATE_0
15:29:12.228 (index):664 NODEACCESSRELEASED_3
15:29:13.226 (index):694 NODEACCESSREQUESTED_8
15:29:13.228 (index):664 NODEACCESSRELEASED_0
15:29:14.226 (index):694 NODEACCESSREQUESTED_3
15:29:15.226 (index):682 UPDATE_8
15:29:15.228 (index):694 NODEACCESSREQUESTED_0
15:29:15.229 (index):682 UPDATE_9
15:29:16.226 (index):682 UPDATE_3
15:29:16.227 (index):723 END_8
15:29:16.228 (index):664 NODEACCESSRELEASED_9
15:29:17.226 (index):682 UPDATE_0
15:29:17.228 (index):664 NODEACCESSRELEASED_3
15:29:18.226 (index):694 NODEACCESSREQUESTED_9
15:29:18.228 (index):664 NODEACCESSRELEASED_0
15:29:19.226 (index):694 NODEACCESSREQUESTED_3
15:29:20.228 (index):682 UPDATE_9
15:29:20.229 (index):694 NODEACCESSREQUESTED_0
15:29:21.226 (index):682 UPDATE_3
15:29:21.227 (index):664 NODEACCESSRELEASED_9
15:29:22.226 (index):682 UPDATE_0
15:29:22.228 (index):674 THINKING_3
15:29:23.229 (index):694 NODEACCESSREQUESTED_9
15:29:23.230 (index):723 END_0
15:29:25.226 (index):682 UPDATE_9
15:29:25.227 (index):682 UPDATE_3
15:29:26.226 (index):664 NODEACCESSRELEASED_9
15:29:26.227 (index):664 NODEACCESSRELEASED_3
15:29:28.226 (index):694 NODEACCESSREQUESTED_9
15:29:28.228 (index):694 NODEACCESSREQUESTED_3
15:29:30.230 (index):682 UPDATE_9
15:29:30.231 (index):682 UPDATE_3
15:29:31.226 (index):723 END_9
15:29:31.228 (index):723 END_3
