15:21:08.228 (index):840 Tasks: 25; Collaborators: 8    =========================>
15:21:08.230 (index):694 NODEACCESSREQUESTED_0
15:21:08.231 (index):694 NODEACCESSREQUESTED_1
15:21:08.232 (index):694 NODEACCESSREQUESTED_2
15:21:08.233 (index):694 NODEACCESSREQUESTED_3
15:21:08.234 (index):694 NODEACCESSREQUESTED_4
15:21:08.235 (index):694 NODEACCESSREQUESTED_5
15:21:08.236 (index):694 NODEACCESSREQUESTED_6
15:21:08.237 (index):694 NODEACCESSREQUESTED_7
15:21:10.226 (index):674 THINKING_0
15:21:10.227 (index):674 THINKING_1
15:21:10.228 (index):664 NODEACCESSRELEASED_2
15:21:10.229 (index):664 NODEACCESSRELEASED_3
15:21:10.239 (index):664 NODEACCESSRELEASED_4
15:21:10.241 (index):664 NODEACCESSRELEASED_5
15:21:10.242 (index):674 THINKING_6
15:21:10.243 (index):664 NODEACCESSRELEASED_7
15:21:12.226 (index):694 NODEACCESSREQUESTED_2
15:21:12.227 (index):694 NODEACCESSREQUESTED_3
15:21:12.228 (index):694 NODEACCESSREQUESTED_4
15:21:12.229 (index):694 NODEACCESSREQUESTED_5
15:21:12.230 (index):694 NODEACCESSREQUESTED_7
15:21:13.229 (index):682 UPDATE_6
15:21:13.231 (index):682 UPDATE_1
15:21:13.233 (index):682 UPDATE_2
15:21:13.235 (index):682 UPDATE_3
15:21:13.236 (index):682 UPDATE_4
15:21:14.226 (index):682 UPDATE_5
15:21:14.228 (index):682 UPDATE_7
15:21:14.229 (index):664 NODEACCESSRELEASED_6
15:21:14.232 (index):664 NODEACCESSRELEASED_1
15:21:14.233 (index):664 NODEACCESSRELEASED_2
15:21:14.236 (index):664 NODEACCESSRELEASED_3
15:21:14.237 (index):664 NODEACCESSRELEASED_4
15:21:15.226 (index):674 THINKING_5
15:21:15.227 (index):664 NODEACCESSRELEASED_7
15:21:15.228 (index):682 UPDATE_0
15:21:16.226 (index):694 NODEACCESSREQUESTED_6
15:21:16.228 (index):694 NODEACCESSREQUESTED_1
15:21:16.229 (index):694 NODEACCESSREQUESTED_2
15:21:16.233 (index):694 NODEACCESSREQUESTED_3
15:21:16.235 (index):694 NODEACCESSREQUESTED_4
15:21:16.237 (index):664 NODEACCESSRELEASED_0
15:21:17.226 (index):694 NODEACCESSREQUESTED_7
15:21:18.226 (index):682 UPDATE_6
15:21:18.228 (index):682 UPDATE_1
15:21:18.230 (index):682 UPDATE_2
15:21:18.231 (index):682 UPDATE_3
15:21:18.233 (index):682 UPDATE_4
15:21:18.234 (index):694 NODEACCESSREQUESTED_0
15:21:18.235 (index):682 UPDATE_5
15:21:19.226 (index):682 UPDATE_7
15:21:19.227 (index):664 NODEACCESSRELEASED_6
15:21:19.228 (index):674 THINKING_1
15:21:19.228 (index):664 NODEACCESSRELEASED_2
15:21:19.229 (index):674 THINKING_3
15:21:19.230 (index):664 NODEACCESSRELEASED_4
15:21:19.231 (index):664 NODEACCESSRELEASED_5
15:21:20.226 (index):682 UPDATE_0
15:21:20.227 (index):664 NODEACCESSRELEASED_7
15:21:21.226 (index):694 NODEACCESSREQUESTED_6
15:21:21.227 (index):694 NODEACCESSREQUESTED_2
15:21:21.228 (index):694 NODEACCESSREQUESTED_4
15:21:21.228 (index):694 NODEACCESSREQUESTED_5
15:21:21.229 (index):664 NODEACCESSRELEASED_0
15:21:22.226 (index):694 NODEACCESSREQUESTED_7
15:21:23.227 (index):682 UPDATE_6
15:21:23.228 (index):682 UPDATE_2
15:21:23.230 (index):682 UPDATE_4
15:21:23.233 (index):682 UPDATE_5
15:21:23.234 (index):694 NODEACCESSREQUESTED_0
15:21:23.236 (index):682 UPDATE_1
15:21:24.226 (index):682 UPDATE_7
15:21:24.228 (index):664 NODEACCESSRELEASED_6
15:21:24.230 (index):674 THINKING_2
15:21:24.232 (index):664 NODEACCESSRELEASED_4
15:21:24.233 (index):674 THINKING_5
15:21:24.234 (index):674 THINKING_1
15:21:24.235 (index):682 UPDATE_3
15:21:25.226 (index):682 UPDATE_0
15:21:25.227 (index):674 THINKING_7
15:21:25.227 (index):664 NODEACCESSRELEASED_3
15:21:26.228 (index):694 NODEACCESSREQUESTED_6
15:21:26.229 (index):694 NODEACCESSREQUESTED_4
15:21:26.230 (index):674 THINKING_0
15:21:26.231 (index):694 NODEACCESSREQUESTED_3
15:21:27.227 (index):682 UPDATE_2
15:21:28.226 (index):682 UPDATE_6
15:21:28.228 (index):682 UPDATE_4
15:21:28.229 (index):682 UPDATE_3
15:21:28.231 (index):664 NODEACCESSRELEASED_2
15:21:28.231 (index):682 UPDATE_5
15:21:28.232 (index):682 UPDATE_7
15:21:29.227 (index):664 NODEACCESSRELEASED_6
15:21:29.229 (index):664 NODEACCESSRELEASED_4
15:21:29.230 (index):664 NODEACCESSRELEASED_3
15:21:29.232 (index):664 NODEACCESSRELEASED_5
15:21:29.234 (index):664 NODEACCESSRELEASED_7
15:21:29.235 (index):682 UPDATE_1
15:21:29.237 (index):682 UPDATE_0
15:21:30.228 (index):694 NODEACCESSREQUESTED_2
15:21:30.229 (index):664 NODEACCESSRELEASED_1
15:21:30.231 (index):674 THINKING_0
15:21:31.227 (index):694 NODEACCESSREQUESTED_6
15:21:31.229 (index):694 NODEACCESSREQUESTED_4
15:21:31.231 (index):694 NODEACCESSREQUESTED_3
15:21:31.233 (index):694 NODEACCESSREQUESTED_5
15:21:31.235 (index):694 NODEACCESSREQUESTED_7
15:21:32.230 (index):682 UPDATE_2
15:21:32.232 (index):694 NODEACCESSREQUESTED_1
15:21:32.234 (index):682 UPDATE_6
15:21:33.226 (index):682 UPDATE_4
15:21:33.228 (index):682 UPDATE_3
15:21:33.229 (index):682 UPDATE_5
15:21:33.231 (index):682 UPDATE_7
15:21:33.233 (index):664 NODEACCESSRELEASED_2
15:21:33.234 (index):664 NODEACCESSRELEASED_6
15:21:34.226 (index):682 UPDATE_1
15:21:34.228 (index):674 THINKING_4
15:21:34.229 (index):664 NODEACCESSRELEASED_3
15:21:34.231 (index):674 THINKING_5
15:21:34.232 (index):674 THINKING_7
15:21:35.226 (index):694 NODEACCESSREQUESTED_2
15:21:35.228 (index):694 NODEACCESSREQUESTED_6
15:21:35.229 (index):674 THINKING_1
15:21:35.231 (index):682 UPDATE_0
15:21:36.226 (index):694 NODEACCESSREQUESTED_3
15:21:36.228 (index):664 NODEACCESSRELEASED_0
15:21:37.226 (index):682 UPDATE_2
15:21:37.228 (index):682 UPDATE_6
15:21:37.230 (index):682 UPDATE_4
15:21:38.226 (index):682 UPDATE_3
15:21:38.228 (index):694 NODEACCESSREQUESTED_0
15:21:38.229 (index):674 THINKING_2
15:21:38.230 (index):674 THINKING_6
15:21:38.232 (index):664 NODEACCESSRELEASED_4
15:21:38.233 (index):682 UPDATE_1
15:21:39.226 (index):664 NODEACCESSRELEASED_3
15:21:39.228 (index):664 NODEACCESSRELEASED_1
15:21:39.229 (index):682 UPDATE_5
15:21:39.231 (index):682 UPDATE_7
15:21:40.227 (index):682 UPDATE_0
15:21:40.228 (index):694 NODEACCESSREQUESTED_4
15:21:40.230 (index):674 THINKING_5
15:21:40.231 (index):664 NODEACCESSRELEASED_7
15:21:41.226 (index):694 NODEACCESSREQUESTED_3
15:21:41.228 (index):694 NODEACCESSREQUESTED_1
15:21:41.230 (index):674 THINKING_0
15:21:41.232 (index):682 UPDATE_6
15:21:41.233 (index):682 UPDATE_2
15:21:42.226 (index):682 UPDATE_4
15:21:42.228 (index):694 NODEACCESSREQUESTED_7
15:21:42.229 (index):674 THINKING_6
15:21:42.231 (index):674 THINKING_2
15:21:43.226 (index):682 UPDATE_3
15:21:43.227 (index):682 UPDATE_1
15:21:43.228 (index):682 UPDATE_5
15:21:43.229 (index):674 THINKING_4
15:21:44.227 (index):682 UPDATE_7
15:21:44.229 (index):664 NODEACCESSRELEASED_3
15:21:44.231 (index):674 THINKING_1
15:21:44.233 (index):664 NODEACCESSRELEASED_5
15:21:44.235 (index):682 UPDATE_0
15:21:45.228 (index):664 NODEACCESSRELEASED_7
15:21:45.229 (index):664 NODEACCESSRELEASED_0
15:21:45.231 (index):682 UPDATE_2
15:21:45.231 (index):682 UPDATE_6
15:21:46.226 (index):694 NODEACCESSREQUESTED_3
15:21:46.228 (index):694 NODEACCESSREQUESTED_5
15:21:46.229 (index):674 THINKING_2
15:21:46.230 (index):664 NODEACCESSRELEASED_6
15:21:47.226 (index):694 NODEACCESSREQUESTED_7
15:21:47.227 (index):694 NODEACCESSREQUESTED_0
15:21:47.227 (index):682 UPDATE_1
15:21:48.226 (index):682 UPDATE_3
15:21:48.228 (index):682 UPDATE_5
15:21:48.229 (index):694 NODEACCESSREQUESTED_6
15:21:48.231 (index):674 THINKING_1
15:21:48.233 (index):682 UPDATE_4
15:21:49.227 (index):682 UPDATE_7
15:21:49.229 (index):682 UPDATE_0
15:21:49.230 (index):674 THINKING_3
15:21:49.230 (index):674 THINKING_5
15:21:49.231 (index):674 THINKING_4
15:21:50.226 (index):682 UPDATE_6
15:21:50.228 (index):664 NODEACCESSRELEASED_7
15:21:50.229 (index):664 NODEACCESSRELEASED_0
15:21:51.229 (index):664 NODEACCESSRELEASED_6
15:21:51.231 (index):682 UPDATE_2
15:21:52.226 (index):694 NODEACCESSREQUESTED_7
15:21:52.228 (index):694 NODEACCESSREQUESTED_0
15:21:52.229 (index):664 NODEACCESSRELEASED_2
15:21:52.231 (index):682 UPDATE_3
15:21:53.230 (index):694 NODEACCESSREQUESTED_6
15:21:53.231 (index):664 NODEACCESSRELEASED_3
15:21:53.231 (index):682 UPDATE_1
15:21:53.232 (index):682 UPDATE_4
15:21:53.234 (index):682 UPDATE_7
15:21:53.235 (index):682 UPDATE_0
15:21:54.226 (index):694 NODEACCESSREQUESTED_2
15:21:54.227 (index):674 THINKING_1
15:21:54.228 (index):674 THINKING_4
15:21:54.229 (index):664 NODEACCESSRELEASED_7
15:21:54.230 (index):674 THINKING_0
15:21:54.232 (index):682 UPDATE_5
15:21:55.230 (index):682 UPDATE_6
15:21:55.231 (index):694 NODEACCESSREQUESTED_3
15:21:55.233 (index):664 NODEACCESSRELEASED_5
15:21:55.234 (index):682 UPDATE_2
15:21:56.226 (index):694 NODEACCESSREQUESTED_7
15:21:56.227 (index):664 NODEACCESSRELEASED_6
15:21:56.228 (index):664 NODEACCESSRELEASED_2
15:21:57.226 (index):682 UPDATE_3
15:21:57.227 (index):694 NODEACCESSREQUESTED_5
15:21:57.228 (index):682 UPDATE_4
15:21:58.226 (index):682 UPDATE_7
15:21:58.227 (index):694 NODEACCESSREQUESTED_6
15:21:58.228 (index):694 NODEACCESSREQUESTED_2
15:21:58.229 (index):664 NODEACCESSRELEASED_3
15:21:58.230 (index):664 NODEACCESSRELEASED_4
15:21:59.226 (index):682 UPDATE_0
15:21:59.227 (index):682 UPDATE_5
15:21:59.228 (index):664 NODEACCESSRELEASED_7
15:21:59.229 (index):682 UPDATE_1
15:22:00.226 (index):682 UPDATE_6
15:22:00.228 (index):682 UPDATE_2
15:22:00.229 (index):694 NODEACCESSREQUESTED_3
15:22:00.231 (index):694 NODEACCESSREQUESTED_4
15:22:00.232 (index):664 NODEACCESSRELEASED_0
15:22:00.234 (index):664 NODEACCESSRELEASED_5
15:22:00.235 (index):664 NODEACCESSRELEASED_1
15:22:01.226 (index):694 NODEACCESSREQUESTED_7
15:22:01.228 (index):664 NODEACCESSRELEASED_6
15:22:01.230 (index):664 NODEACCESSRELEASED_2
15:22:02.227 (index):682 UPDATE_3
15:22:02.228 (index):682 UPDATE_4
15:22:02.231 (index):694 NODEACCESSREQUESTED_0
15:22:02.233 (index):694 NODEACCESSREQUESTED_5
15:22:02.234 (index):694 NODEACCESSREQUESTED_1
15:22:03.227 (index):682 UPDATE_7
15:22:03.229 (index):694 NODEACCESSREQUESTED_6
15:22:03.230 (index):694 NODEACCESSREQUESTED_2
15:22:03.232 (index):674 THINKING_3
15:22:03.233 (index):664 NODEACCESSRELEASED_4
15:22:04.226 (index):682 UPDATE_0
15:22:04.228 (index):682 UPDATE_5
15:22:04.229 (index):682 UPDATE_1
15:22:04.230 (index):674 THINKING_7
15:22:05.226 (index):682 UPDATE_6
15:22:05.228 (index):682 UPDATE_2
15:22:05.229 (index):694 NODEACCESSREQUESTED_4
15:22:05.234 (index):664 NODEACCESSRELEASED_0
15:22:05.235 (index):664 NODEACCESSRELEASED_5
15:22:05.236 (index):674 THINKING_1
15:22:06.226 (index):664 NODEACCESSRELEASED_6
15:22:06.228 (index):664 NODEACCESSRELEASED_2
15:22:06.230 (index):682 UPDATE_3
15:22:07.226 (index):682 UPDATE_4
15:22:07.228 (index):694 NODEACCESSREQUESTED_0
15:22:07.229 (index):694 NODEACCESSREQUESTED_5
15:22:07.230 (index):664 NODEACCESSRELEASED_3
15:22:08.227 (index):694 NODEACCESSREQUESTED_6
15:22:08.228 (index):694 NODEACCESSREQUESTED_2
15:22:08.230 (index):674 THINKING_4
15:22:08.231 (index):682 UPDATE_1
15:22:08.233 (index):682 UPDATE_7
15:22:09.226 (index):682 UPDATE_0
15:22:09.227 (index):682 UPDATE_5
15:22:09.228 (index):694 NODEACCESSREQUESTED_3
15:22:09.229 (index):664 NODEACCESSRELEASED_1
15:22:09.230 (index):664 NODEACCESSRELEASED_7
15:22:10.226 (index):682 UPDATE_6
15:22:10.228 (index):682 UPDATE_2
15:22:10.229 (index):664 NODEACCESSRELEASED_0
15:22:10.231 (index):664 NODEACCESSRELEASED_5
15:22:11.226 (index):682 UPDATE_3
15:22:11.228 (index):694 NODEACCESSREQUESTED_1
15:22:11.229 (index):694 NODEACCESSREQUESTED_7
15:22:11.231 (index):723 END_6
15:22:11.232 (index):723 END_2
15:22:12.227 (index):694 NODEACCESSREQUESTED_0
15:22:12.228 (index):694 NODEACCESSREQUESTED_5
15:22:12.230 (index):723 END_3
15:22:13.226 (index):682 UPDATE_1
15:22:13.228 (index):682 UPDATE_7
15:22:13.229 (index):682 UPDATE_4
15:22:14.226 (index):682 UPDATE_0
15:22:14.228 (index):682 UPDATE_5
15:22:14.229 (index):723 END_1
15:22:14.231 (index):723 END_7
15:22:14.232 (index):723 END_4
15:22:15.226 (index):723 END_0
15:22:15.228 (index):723 END_5
