15:25:07.229 (index):928 Tasks: 25; Collaborators: 12    =========================>
15:25:07.231 (index):694 NODEACCESSREQUESTED_0
15:25:07.234 (index):694 NODEACCESSREQUESTED_1
15:25:07.236 (index):694 NODEACCESSREQUESTED_2
15:25:07.237 (index):694 NODEACCESSREQUESTED_3
15:25:07.239 (index):694 NODEACCESSREQUESTED_4
15:25:07.240 (index):694 NODEACCESSREQUESTED_5
15:25:07.241 (index):694 NODEACCESSREQUESTED_6
15:25:07.242 (index):694 NODEACCESSREQUESTED_7
15:25:07.243 (index):694 NODEACCESSREQUESTED_8
15:25:07.243 (index):694 NODEACCESSREQUESTED_9
15:25:07.244 (index):694 NODEACCESSREQUESTED_10
15:25:07.245 (index):694 NODEACCESSREQUESTED_11
15:25:09.226 (index):674 THINKING_0
15:25:09.227 (index):674 THINKING_1
15:25:09.228 (index):664 NODEACCESSRELEASED_2
15:25:09.229 (index):664 NODEACCESSRELEASED_3
15:25:09.230 (index):664 NODEACCESSRELEASED_4
15:25:09.230 (index):664 NODEACCESSRELEASED_5
15:25:09.231 (index):674 THINKING_6
15:25:09.232 (index):664 NODEACCESSRELEASED_7
15:25:09.232 (index):674 THINKING_8
15:25:09.233 (index):664 NODEACCESSRELEASED_9
15:25:09.233 (index):664 NODEACCESSRELEASED_10
15:25:09.234 (index):674 THINKING_11
15:25:11.226 (index):694 NODEACCESSREQUESTED_2
15:25:11.227 (index):694 NODEACCESSREQUESTED_3
15:25:11.228 (index):694 NODEACCESSREQUESTED_4
15:25:11.229 (index):694 NODEACCESSREQUESTED_5
15:25:11.231 (index):694 NODEACCESSREQUESTED_7
15:25:11.232 (index):694 NODEACCESSREQUESTED_9
15:25:11.234 (index):694 NODEACCESSREQUESTED_10
15:25:12.226 (index):682 UPDATE_8
15:25:12.227 (index):682 UPDATE_11
15:25:12.228 (index):682 UPDATE_6
15:25:12.228 (index):682 UPDATE_1
15:25:13.226 (index):682 UPDATE_2
15:25:13.228 (index):682 UPDATE_3
15:25:13.230 (index):682 UPDATE_4
15:25:13.230 (index):682 UPDATE_5
15:25:13.231 (index):682 UPDATE_7
15:25:13.232 (index):682 UPDATE_9
15:25:13.233 (index):682 UPDATE_10
15:25:13.234 (index):674 THINKING_8
15:25:13.235 (index):674 THINKING_11
15:25:13.236 (index):664 NODEACCESSRELEASED_6
15:25:13.236 (index):664 NODEACCESSRELEASED_1
15:25:14.226 (index):664 NODEACCESSRELEASED_2
15:25:14.227 (index):664 NODEACCESSRELEASED_3
15:25:14.227 (index):664 NODEACCESSRELEASED_4
15:25:14.228 (index):674 THINKING_5
15:25:14.229 (index):664 NODEACCESSRELEASED_7
15:25:14.230 (index):674 THINKING_9
15:25:14.231 (index):674 THINKING_10
15:25:14.232 (index):682 UPDATE_0
15:25:15.228 (index):694 NODEACCESSREQUESTED_6
15:25:15.231 (index):694 NODEACCESSREQUESTED_1
15:25:15.233 (index):664 NODEACCESSRELEASED_0
15:25:15.234 (index):694 NODEACCESSREQUESTED_2
15:25:15.235 (index):694 NODEACCESSREQUESTED_3
15:25:16.226 (index):694 NODEACCESSREQUESTED_4
15:25:16.227 (index):694 NODEACCESSREQUESTED_7
15:25:17.227 (index):682 UPDATE_6
15:25:17.229 (index):682 UPDATE_1
15:25:17.229 (index):694 NODEACCESSREQUESTED_0
15:25:17.230 (index):682 UPDATE_2
15:25:17.231 (index):682 UPDATE_3
15:25:17.232 (index):682 UPDATE_10
15:25:17.232 (index):682 UPDATE_11
15:25:17.233 (index):682 UPDATE_5
15:25:17.234 (index):682 UPDATE_4
15:25:18.226 (index):682 UPDATE_7
15:25:18.227 (index):664 NODEACCESSRELEASED_6
15:25:18.228 (index):674 THINKING_1
15:25:18.230 (index):664 NODEACCESSRELEASED_2
15:25:18.231 (index):674 THINKING_3
15:25:18.234 (index):664 NODEACCESSRELEASED_10
15:25:18.234 (index):664 NODEACCESSRELEASED_11
15:25:18.235 (index):664 NODEACCESSRELEASED_5
15:25:18.236 (index):664 NODEACCESSRELEASED_4
15:25:18.237 (index):682 UPDATE_8
15:25:19.228 (index):682 UPDATE_0
15:25:19.230 (index):664 NODEACCESSRELEASED_7
15:25:19.234 (index):664 NODEACCESSRELEASED_8
15:25:19.236 (index):682 UPDATE_9
15:25:20.230 (index):694 NODEACCESSREQUESTED_6
15:25:20.231 (index):694 NODEACCESSREQUESTED_2
15:25:20.233 (index):694 NODEACCESSREQUESTED_10
15:25:20.235 (index):694 NODEACCESSREQUESTED_11
15:25:20.239 (index):694 NODEACCESSREQUESTED_5
15:25:20.240 (index):694 NODEACCESSREQUESTED_4
15:25:20.240 (index):664 NODEACCESSRELEASED_0
15:25:20.241 (index):674 THINKING_9
15:25:21.226 (index):694 NODEACCESSREQUESTED_7
15:25:21.228 (index):694 NODEACCESSREQUESTED_8
15:25:22.226 (index):682 UPDATE_6
15:25:22.227 (index):682 UPDATE_2
15:25:22.229 (index):682 UPDATE_10
15:25:22.230 (index):682 UPDATE_11
15:25:22.231 (index):682 UPDATE_5
15:25:22.232 (index):682 UPDATE_4
15:25:22.233 (index):694 NODEACCESSREQUESTED_0
15:25:22.234 (index):682 UPDATE_1
15:25:23.226 (index):682 UPDATE_7
15:25:23.227 (index):682 UPDATE_8
15:25:23.228 (index):664 NODEACCESSRELEASED_6
15:25:23.228 (index):674 THINKING_2
15:25:23.229 (index):674 THINKING_10
15:25:23.229 (index):664 NODEACCESSRELEASED_11
15:25:23.230 (index):674 THINKING_5
15:25:23.230 (index):664 NODEACCESSRELEASED_4
15:25:23.231 (index):674 THINKING_1
15:25:23.232 (index):682 UPDATE_3
15:25:23.232 (index):682 UPDATE_9
15:25:24.226 (index):682 UPDATE_0
15:25:24.227 (index):674 THINKING_7
15:25:24.228 (index):674 THINKING_8
15:25:24.229 (index):664 NODEACCESSRELEASED_3
15:25:24.230 (index):664 NODEACCESSRELEASED_9
15:25:25.226 (index):694 NODEACCESSREQUESTED_6
15:25:25.227 (index):694 NODEACCESSREQUESTED_11
15:25:25.229 (index):694 NODEACCESSREQUESTED_4
15:25:25.230 (index):674 THINKING_0
15:25:26.226 (index):694 NODEACCESSREQUESTED_3
15:25:26.228 (index):694 NODEACCESSREQUESTED_9
15:25:26.231 (index):682 UPDATE_2
15:25:26.232 (index):682 UPDATE_10
15:25:27.228 (index):682 UPDATE_6
15:25:27.230 (index):682 UPDATE_11
15:25:27.231 (index):682 UPDATE_4
15:25:27.232 (index):664 NODEACCESSRELEASED_2
15:25:27.233 (index):664 NODEACCESSRELEASED_10
15:25:27.233 (index):682 UPDATE_5
15:25:27.234 (index):682 UPDATE_7
15:25:27.234 (index):682 UPDATE_3
15:25:28.226 (index):682 UPDATE_9
15:25:28.227 (index):664 NODEACCESSRELEASED_6
15:25:28.228 (index):664 NODEACCESSRELEASED_11
15:25:28.228 (index):664 NODEACCESSRELEASED_4
15:25:28.229 (index):664 NODEACCESSRELEASED_5
15:25:28.230 (index):664 NODEACCESSRELEASED_7
15:25:28.232 (index):664 NODEACCESSRELEASED_3
15:25:28.233 (index):682 UPDATE_1
15:25:28.235 (index):682 UPDATE_0
15:25:29.226 (index):694 NODEACCESSREQUESTED_2
15:25:29.227 (index):694 NODEACCESSREQUESTED_10
15:25:29.228 (index):664 NODEACCESSRELEASED_9
15:25:29.228 (index):664 NODEACCESSRELEASED_1
15:25:29.229 (index):674 THINKING_0
15:25:29.230 (index):682 UPDATE_8
15:25:30.226 (index):694 NODEACCESSREQUESTED_6
15:25:30.227 (index):694 NODEACCESSREQUESTED_11
15:25:30.227 (index):694 NODEACCESSREQUESTED_4
15:25:30.228 (index):694 NODEACCESSREQUESTED_5
15:25:30.229 (index):694 NODEACCESSREQUESTED_7
15:25:30.229 (index):694 NODEACCESSREQUESTED_3
15:25:30.230 (index):664 NODEACCESSRELEASED_8
15:25:31.227 (index):682 UPDATE_2
15:25:31.228 (index):682 UPDATE_10
15:25:31.230 (index):694 NODEACCESSREQUESTED_9
15:25:31.232 (index):694 NODEACCESSREQUESTED_1
15:25:32.226 (index):682 UPDATE_6
15:25:32.227 (index):682 UPDATE_11
15:25:32.228 (index):682 UPDATE_4
15:25:32.228 (index):682 UPDATE_5
15:25:32.229 (index):682 UPDATE_7
15:25:32.231 (index):682 UPDATE_3
15:25:32.232 (index):694 NODEACCESSREQUESTED_8
15:25:32.233 (index):664 NODEACCESSRELEASED_2
15:25:32.235 (index):674 THINKING_10
15:25:33.226 (index):682 UPDATE_9
15:25:33.227 (index):682 UPDATE_1
15:25:33.228 (index):664 NODEACCESSRELEASED_6
15:25:33.229 (index):674 THINKING_11
15:25:33.230 (index):674 THINKING_4
15:25:33.232 (index):674 THINKING_5
15:25:33.233 (index):674 THINKING_7
15:25:33.234 (index):664 NODEACCESSRELEASED_3
15:25:34.226 (index):682 UPDATE_8
15:25:34.227 (index):694 NODEACCESSREQUESTED_2
15:25:34.228 (index):664 NODEACCESSRELEASED_9
15:25:34.230 (index):674 THINKING_1
15:25:34.231 (index):682 UPDATE_0
15:25:35.226 (index):694 NODEACCESSREQUESTED_6
15:25:35.228 (index):694 NODEACCESSREQUESTED_3
15:25:35.229 (index):664 NODEACCESSRELEASED_8
15:25:35.231 (index):664 NODEACCESSRELEASED_0
15:25:36.226 (index):682 UPDATE_2
15:25:36.228 (index):694 NODEACCESSREQUESTED_9
15:25:36.229 (index):682 UPDATE_4
15:25:37.226 (index):682 UPDATE_6
15:25:37.228 (index):682 UPDATE_3
15:25:37.229 (index):694 NODEACCESSREQUESTED_8
15:25:37.231 (index):694 NODEACCESSREQUESTED_0
15:25:37.232 (index):674 THINKING_2
15:25:37.234 (index):664 NODEACCESSRELEASED_4
15:25:37.235 (index):682 UPDATE_1
15:25:37.236 (index):682 UPDATE_10
15:25:38.227 (index):682 UPDATE_9
15:25:38.228 (index):674 THINKING_6
15:25:38.230 (index):664 NODEACCESSRELEASED_3
15:25:38.231 (index):664 NODEACCESSRELEASED_1
15:25:38.233 (index):664 NODEACCESSRELEASED_10
15:25:38.235 (index):682 UPDATE_11
15:25:38.236 (index):682 UPDATE_5
15:25:38.237 (index):682 UPDATE_7
15:25:39.226 (index):682 UPDATE_8
15:25:39.228 (index):682 UPDATE_0
15:25:39.229 (index):694 NODEACCESSREQUESTED_4
15:25:39.231 (index):674 THINKING_9
15:25:39.233 (index):664 NODEACCESSRELEASED_11
15:25:39.234 (index):674 THINKING_5
15:25:39.234 (index):664 NODEACCESSRELEASED_7
15:25:40.226 (index):694 NODEACCESSREQUESTED_3
15:25:40.227 (index):694 NODEACCESSREQUESTED_1
15:25:40.227 (index):694 NODEACCESSREQUESTED_10
15:25:40.228 (index):674 THINKING_8
15:25:40.228 (index):674 THINKING_0
15:25:40.229 (index):682 UPDATE_2
15:25:41.226 (index):682 UPDATE_4
15:25:41.227 (index):694 NODEACCESSREQUESTED_11
15:25:41.228 (index):694 NODEACCESSREQUESTED_7
15:25:41.228 (index):674 THINKING_2
15:25:41.229 (index):682 UPDATE_6
15:25:42.226 (index):682 UPDATE_3
15:25:42.227 (index):682 UPDATE_1
15:25:42.228 (index):682 UPDATE_10
15:25:42.228 (index):682 UPDATE_5
15:25:42.229 (index):674 THINKING_4
15:25:42.231 (index):674 THINKING_6
15:25:43.226 (index):682 UPDATE_11
15:25:43.227 (index):682 UPDATE_7
15:25:43.227 (index):664 NODEACCESSRELEASED_3
15:25:43.228 (index):674 THINKING_1
15:25:43.228 (index):674 THINKING_10
15:25:43.229 (index):664 NODEACCESSRELEASED_5
15:25:43.230 (index):682 UPDATE_9
15:25:43.230 (index):682 UPDATE_0
15:25:44.226 (index):664 NODEACCESSRELEASED_11
15:25:44.227 (index):664 NODEACCESSRELEASED_7
15:25:44.228 (index):664 NODEACCESSRELEASED_9
15:25:44.228 (index):664 NODEACCESSRELEASED_0
15:25:44.229 (index):682 UPDATE_2
15:25:44.230 (index):682 UPDATE_8
15:25:45.226 (index):694 NODEACCESSREQUESTED_3
15:25:45.227 (index):694 NODEACCESSREQUESTED_5
15:25:45.228 (index):674 THINKING_2
15:25:45.229 (index):664 NODEACCESSRELEASED_8
15:25:45.230 (index):682 UPDATE_6
15:25:46.226 (index):694 NODEACCESSREQUESTED_11
15:25:46.227 (index):694 NODEACCESSREQUESTED_7
15:25:46.227 (index):694 NODEACCESSREQUESTED_9
15:25:46.228 (index):694 NODEACCESSREQUESTED_0
15:25:46.229 (index):664 NODEACCESSRELEASED_6
15:25:46.230 (index):682 UPDATE_1
15:25:47.227 (index):682 UPDATE_3
15:25:47.228 (index):682 UPDATE_5
15:25:47.231 (index):694 NODEACCESSREQUESTED_8
15:25:47.233 (index):674 THINKING_1
15:25:47.234 (index):682 UPDATE_4
15:25:47.235 (index):682 UPDATE_10
15:25:48.226 (index):682 UPDATE_11
15:25:48.228 (index):682 UPDATE_7
15:25:48.229 (index):682 UPDATE_9
15:25:48.230 (index):682 UPDATE_0
15:25:48.231 (index):694 NODEACCESSREQUESTED_6
15:25:48.232 (index):674 THINKING_3
15:25:48.233 (index):674 THINKING_5
15:25:48.234 (index):674 THINKING_4
15:25:48.234 (index):664 NODEACCESSRELEASED_10
15:25:49.226 (index):682 UPDATE_8
15:25:49.227 (index):664 NODEACCESSRELEASED_11
15:25:49.227 (index):664 NODEACCESSRELEASED_7
15:25:49.228 (index):664 NODEACCESSRELEASED_9
15:25:49.228 (index):664 NODEACCESSRELEASED_0
15:25:50.226 (index):682 UPDATE_6
15:25:50.227 (index):694 NODEACCESSREQUESTED_10
15:25:50.227 (index):664 NODEACCESSRELEASED_8
15:25:50.228 (index):682 UPDATE_2
15:25:51.227 (index):694 NODEACCESSREQUESTED_11
15:25:51.228 (index):694 NODEACCESSREQUESTED_7
15:25:51.231 (index):694 NODEACCESSREQUESTED_9
15:25:51.232 (index):694 NODEACCESSREQUESTED_0
15:25:51.233 (index):664 NODEACCESSRELEASED_6
15:25:51.234 (index):664 NODEACCESSRELEASED_2
15:25:51.234 (index):682 UPDATE_3
15:25:52.226 (index):682 UPDATE_10
15:25:52.227 (index):694 NODEACCESSREQUESTED_8
15:25:52.228 (index):664 NODEACCESSRELEASED_3
15:25:52.228 (index):682 UPDATE_1
15:25:52.229 (index):682 UPDATE_4
15:25:53.226 (index):682 UPDATE_11
15:25:53.227 (index):682 UPDATE_7
15:25:53.228 (index):682 UPDATE_9
15:25:53.229 (index):682 UPDATE_0
15:25:53.230 (index):694 NODEACCESSREQUESTED_6
15:25:53.231 (index):694 NODEACCESSREQUESTED_2
15:25:53.232 (index):674 THINKING_10
15:25:53.233 (index):674 THINKING_1
15:25:53.234 (index):674 THINKING_4
15:25:53.235 (index):682 UPDATE_5
15:25:54.226 (index):682 UPDATE_8
15:25:54.227 (index):694 NODEACCESSREQUESTED_3
15:25:54.228 (index):674 THINKING_11
15:25:54.229 (index):664 NODEACCESSRELEASED_7
15:25:54.229 (index):674 THINKING_9
15:25:54.230 (index):674 THINKING_0
15:25:54.231 (index):664 NODEACCESSRELEASED_5
15:25:55.226 (index):682 UPDATE_6
15:25:55.227 (index):682 UPDATE_2
15:25:55.229 (index):664 NODEACCESSRELEASED_8
15:25:56.226 (index):682 UPDATE_3
15:25:56.227 (index):694 NODEACCESSREQUESTED_7
15:25:56.227 (index):694 NODEACCESSREQUESTED_5
15:25:56.228 (index):664 NODEACCESSRELEASED_6
15:25:56.229 (index):664 NODEACCESSRELEASED_2
15:25:56.231 (index):682 UPDATE_4
15:25:57.229 (index):694 NODEACCESSREQUESTED_8
15:25:57.230 (index):664 NODEACCESSRELEASED_3
15:25:57.232 (index):664 NODEACCESSRELEASED_4
15:25:57.234 (index):682 UPDATE_7
15:25:57.235 (index):682 UPDATE_5
15:25:58.226 (index):694 NODEACCESSREQUESTED_6
15:25:58.228 (index):694 NODEACCESSREQUESTED_2
15:25:58.229 (index):664 NODEACCESSRELEASED_7
15:25:58.229 (index):664 NODEACCESSRELEASED_5
15:25:58.230 (index):682 UPDATE_1
15:25:58.231 (index):682 UPDATE_11
15:25:58.232 (index):682 UPDATE_9
15:25:58.232 (index):682 UPDATE_10
15:25:58.233 (index):682 UPDATE_0
15:25:59.226 (index):682 UPDATE_8
15:25:59.227 (index):694 NODEACCESSREQUESTED_3
15:25:59.228 (index):694 NODEACCESSREQUESTED_4
15:25:59.228 (index):664 NODEACCESSRELEASED_1
15:25:59.229 (index):664 NODEACCESSRELEASED_11
15:25:59.231 (index):664 NODEACCESSRELEASED_9
15:25:59.232 (index):664 NODEACCESSRELEASED_10
15:25:59.233 (index):664 NODEACCESSRELEASED_0
15:26:00.226 (index):682 UPDATE_6
15:26:00.227 (index):682 UPDATE_2
15:26:00.228 (index):694 NODEACCESSREQUESTED_7
15:26:00.229 (index):694 NODEACCESSREQUESTED_5
15:26:00.230 (index):664 NODEACCESSRELEASED_8
15:26:01.226 (index):682 UPDATE_3
15:26:01.227 (index):682 UPDATE_4
15:26:01.227 (index):694 NODEACCESSREQUESTED_1
15:26:01.228 (index):694 NODEACCESSREQUESTED_11
15:26:01.229 (index):694 NODEACCESSREQUESTED_9
15:26:01.229 (index):694 NODEACCESSREQUESTED_10
15:26:01.231 (index):694 NODEACCESSREQUESTED_0
15:26:01.232 (index):664 NODEACCESSRELEASED_6
15:26:01.233 (index):664 NODEACCESSRELEASED_2
15:26:02.228 (index):682 UPDATE_7
15:26:02.229 (index):682 UPDATE_5
15:26:02.231 (index):694 NODEACCESSREQUESTED_8
15:26:02.237 (index):674 THINKING_3
15:26:02.238 (index):664 NODEACCESSRELEASED_4
15:26:03.226 (index):682 UPDATE_1
15:26:03.227 (index):682 UPDATE_11
15:26:03.229 (index):682 UPDATE_9
15:26:03.230 (index):682 UPDATE_10
15:26:03.231 (index):682 UPDATE_0
15:26:03.233 (index):694 NODEACCESSREQUESTED_6
15:26:03.234 (index):694 NODEACCESSREQUESTED_2
15:26:03.235 (index):674 THINKING_7
15:26:03.235 (index):664 NODEACCESSRELEASED_5
15:26:04.226 (index):682 UPDATE_8
15:26:04.227 (index):694 NODEACCESSREQUESTED_4
15:26:04.228 (index):674 THINKING_1
15:26:04.230 (index):664 NODEACCESSRELEASED_11
15:26:04.231 (index):664 NODEACCESSRELEASED_9
15:26:04.232 (index):664 NODEACCESSRELEASED_10
15:26:04.233 (index):664 NODEACCESSRELEASED_0
15:26:05.226 (index):682 UPDATE_6
15:26:05.227 (index):682 UPDATE_2
15:26:05.228 (index):694 NODEACCESSREQUESTED_5
15:26:05.228 (index):664 NODEACCESSRELEASED_8
15:26:05.229 (index):682 UPDATE_3
15:26:06.226 (index):682 UPDATE_4
15:26:06.228 (index):694 NODEACCESSREQUESTED_11
15:26:06.230 (index):694 NODEACCESSREQUESTED_9
15:26:06.231 (index):694 NODEACCESSREQUESTED_10
15:26:06.232 (index):694 NODEACCESSREQUESTED_0
15:26:06.233 (index):664 NODEACCESSRELEASED_6
15:26:06.234 (index):664 NODEACCESSRELEASED_2
15:26:06.234 (index):664 NODEACCESSRELEASED_3
15:26:07.226 (index):682 UPDATE_5
15:26:07.227 (index):694 NODEACCESSREQUESTED_8
15:26:07.228 (index):674 THINKING_4
15:26:07.228 (index):682 UPDATE_1
15:26:07.229 (index):682 UPDATE_7
15:26:08.226 (index):682 UPDATE_11
15:26:08.227 (index):682 UPDATE_9
15:26:08.228 (index):682 UPDATE_10
15:26:08.229 (index):682 UPDATE_0
15:26:08.230 (index):694 NODEACCESSREQUESTED_6
15:26:08.231 (index):694 NODEACCESSREQUESTED_2
15:26:08.233 (index):694 NODEACCESSREQUESTED_3
15:26:08.234 (index):664 NODEACCESSRELEASED_5
15:26:08.236 (index):664 NODEACCESSRELEASED_1
15:26:08.237 (index):664 NODEACCESSRELEASED_7
15:26:09.226 (index):682 UPDATE_8
15:26:09.228 (index):674 THINKING_11
15:26:09.229 (index):664 NODEACCESSRELEASED_9
15:26:09.231 (index):664 NODEACCESSRELEASED_10
15:26:09.232 (index):664 NODEACCESSRELEASED_0
15:26:10.226 (index):682 UPDATE_6
15:26:10.227 (index):682 UPDATE_2
15:26:10.228 (index):682 UPDATE_3
15:26:10.228 (index):694 NODEACCESSREQUESTED_5
15:26:10.229 (index):694 NODEACCESSREQUESTED_1
15:26:10.231 (index):694 NODEACCESSREQUESTED_7
15:26:10.233 (index):664 NODEACCESSRELEASED_8
15:26:11.226 (index):694 NODEACCESSREQUESTED_9
15:26:11.228 (index):694 NODEACCESSREQUESTED_10
15:26:11.229 (index):694 NODEACCESSREQUESTED_0
15:26:11.232 (index):723 END_6
15:26:11.235 (index):723 END_2
15:26:11.238 (index):723 END_3
15:26:12.229 (index):682 UPDATE_5
15:26:12.229 (index):682 UPDATE_1
15:26:12.232 (index):682 UPDATE_7
15:26:12.234 (index):694 NODEACCESSREQUESTED_8
15:26:12.235 (index):682 UPDATE_4
15:26:12.235 (index):682 UPDATE_9
15:26:13.226 (index):682 UPDATE_10
15:26:13.228 (index):682 UPDATE_0
15:26:13.230 (index):723 END_5
15:26:13.231 (index):723 END_1
15:26:13.233 (index):723 END_7
15:26:13.234 (index):723 END_4
15:26:13.235 (index):723 END_9
15:26:13.236 (index):682 UPDATE_11
15:26:14.226 (index):682 UPDATE_8
15:26:14.228 (index):723 END_10
15:26:14.230 (index):723 END_0
15:26:14.231 (index):723 END_11
15:26:15.226 (index):723 END_8
