15:16:09.663 (index):768 Tasks: 25; Collaborators: 2    =========================>
15:16:09.664 (index):694 NODEACCESSREQUESTED_0
15:16:09.665 (index):694 NODEACCESSREQUESTED_1
15:16:10.665 (index):674 THINKING_0
15:16:10.666 (index):674 THINKING_1
15:16:13.612 (index):682 UPDATE_1
15:16:13.714 (index):664 NODEACCESSRELEASED_1
15:16:14.715 (index):694 NODEACCESSREQUESTED_1
15:16:15.014 (index):682 UPDATE_0
15:16:15.116 (index):664 NODEACCESSRELEASED_0
15:16:15.716 (index):682 UPDATE_1
15:16:15.818 (index):674 THINKING_1
15:16:16.117 (index):694 NODEACCESSREQUESTED_0
15:16:17.119 (index):682 UPDATE_0
15:16:17.220 (index):664 NODEACCESSRELEASED_0
15:16:18.226 (index):694 NODEACCESSREQUESTED_0
15:16:20.226 (index):682 UPDATE_0
15:16:20.227 (index):682 UPDATE_1
15:16:21.226 (index):674 THINKING_0
15:16:21.228 (index):674 THINKING_1
15:16:24.226 (index):682 UPDATE_0
15:16:25.227 (index):674 THINKING_0
15:16:26.229 (index):682 UPDATE_1
15:16:27.228 (index):664 NODEACCESSRELEASED_1
15:16:29.226 (index):694 NODEACCESSREQUESTED_1
15:16:30.227 (index):682 UPDATE_0
15:16:31.227 (index):682 UPDATE_1
15:16:31.231 (index):664 NODEACCESSRELEASED_0
15:16:32.227 (index):674 THINKING_1
15:16:33.230 (index):694 NODEACCESSREQUESTED_0
15:16:35.226 (index):682 UPDATE_0
15:16:35.228 (index):682 UPDATE_1
15:16:36.226 (index):674 THINKING_0
15:16:36.228 (index):664 NODEACCESSRELEASED_1
15:16:38.226 (index):694 NODEACCESSREQUESTED_1
15:16:39.226 (index):682 UPDATE_0
15:16:40.228 (index):682 UPDATE_1
15:16:40.230 (index):664 NODEACCESSRELEASED_0
15:16:41.226 (index):674 THINKING_1
15:16:42.227 (index):694 NODEACCESSREQUESTED_0
15:16:44.227 (index):682 UPDATE_0
15:16:44.228 (index):682 UPDATE_1
15:16:45.228 (index):664 NODEACCESSRELEASED_0
15:16:45.230 (index):674 THINKING_1
15:16:47.226 (index):694 NODEACCESSREQUESTED_0
15:16:49.226 (index):682 UPDATE_0
15:16:50.226 (index):674 THINKING_0
15:16:50.228 (index):682 UPDATE_1
15:16:51.231 (index):674 THINKING_1
15:16:54.226 (index):682 UPDATE_0
15:16:55.226 (index):664 NODEACCESSRELEASED_0
15:16:56.229 (index):682 UPDATE_1
15:16:56.231 (index):694 NODEACCESSREQUESTED_0
15:16:57.228 (index):664 NODEACCESSRELEASED_1
15:16:58.227 (index):682 UPDATE_0
15:16:59.226 (index):694 NODEACCESSREQUESTED_1
15:16:59.228 (index):664 NODEACCESSRELEASED_0
15:17:01.226 (index):682 UPDATE_1
15:17:01.228 (index):694 NODEACCESSREQUESTED_0
15:17:02.227 (index):674 THINKING_1
15:17:03.230 (index):682 UPDATE_0
15:17:04.227 (index):664 NODEACCESSRELEASED_0
15:17:05.226 (index):682 UPDATE_1
15:17:06.226 (index):694 NODEACCESSREQUESTED_0
15:17:06.228 (index):664 NODEACCESSRELEASED_1
15:17:08.226 (index):682 UPDATE_0
15:17:08.228 (index):694 NODEACCESSREQUESTED_1
15:17:09.226 (index):723 END_0
15:17:09.701 (index):682 UPDATE_1
15:17:09.802 (index):723 END_1
