15:40:14.227 (index):1159 Tasks: 25; Collaborators: 19    =========================>
15:40:14.227 (index):694 NODEACCESSREQUESTED_0
15:40:14.228 (index):694 NODEACCESSREQUESTED_1
15:40:14.229 (index):694 NODEACCESSREQUESTED_2
15:40:14.230 (index):694 NODEACCESSREQUESTED_3
15:40:14.231 (index):694 NODEACCESSREQUESTED_4
15:40:14.232 (index):694 NODEACCESSREQUESTED_5
15:40:14.233 (index):694 NODEACCESSREQUESTED_6
15:40:14.234 (index):694 NODEACCESSREQUESTED_7
15:40:14.235 (index):694 NODEACCESSREQUESTED_8
15:40:14.236 (index):694 NODEACCESSREQUESTED_9
15:40:14.237 (index):694 NODEACCESSREQUESTED_10
15:40:14.238 (index):694 NODEACCESSREQUESTED_11
15:40:14.238 (index):694 NODEACCESSREQUESTED_12
15:40:14.239 (index):694 NODEACCESSREQUESTED_13
15:40:14.239 (index):694 NODEACCESSREQUESTED_14
15:40:14.240 (index):694 NODEACCESSREQUESTED_15
15:40:14.240 (index):694 NODEACCESSREQUESTED_16
15:40:14.241 (index):694 NODEACCESSREQUESTED_17
15:40:14.241 (index):694 NODEACCESSREQUESTED_18
15:40:16.226 (index):674 THINKING_0
15:40:16.228 (index):674 THINKING_1
15:40:16.229 (index):664 NODEACCESSRELEASED_2
15:40:16.230 (index):664 NODEACCESSRELEASED_3
15:40:16.231 (index):664 NODEACCESSRELEASED_4
15:40:16.232 (index):664 NODEACCESSRELEASED_5
15:40:16.233 (index):674 THINKING_6
15:40:16.235 (index):664 NODEACCESSRELEASED_7
15:40:16.236 (index):674 THINKING_8
15:40:16.237 (index):664 NODEACCESSRELEASED_9
15:40:16.237 (index):664 NODEACCESSRELEASED_10
15:40:16.238 (index):674 THINKING_11
15:40:16.239 (index):664 NODEACCESSRELEASED_12
15:40:16.240 (index):712 WAITING_13
15:40:16.240 (index):712 WAITING_14
15:40:16.241 (index):712 WAITING_15
15:40:16.241 (index):712 WAITING_16
15:40:16.242 (index):712 WAITING_17
15:40:16.242 (index):712 WAITING_18
15:40:18.226 (index):694 NODEACCESSREQUESTED_2
15:40:18.228 (index):694 NODEACCESSREQUESTED_3
15:40:18.229 (index):694 NODEACCESSREQUESTED_4
15:40:18.230 (index):694 NODEACCESSREQUESTED_5
15:40:18.231 (index):694 NODEACCESSREQUESTED_7
15:40:18.232 (index):694 NODEACCESSREQUESTED_9
15:40:18.233 (index):694 NODEACCESSREQUESTED_10
15:40:18.234 (index):694 NODEACCESSREQUESTED_12
15:40:18.235 (index):712 WAITING_13
15:40:18.235 (index):712 WAITING_14
15:40:18.236 (index):712 WAITING_15
15:40:18.236 (index):712 WAITING_16
15:40:18.236 (index):712 WAITING_17
15:40:18.237 (index):712 WAITING_18
15:40:19.226 (index):682 UPDATE_8
15:40:19.228 (index):682 UPDATE_11
15:40:19.229 (index):682 UPDATE_6
15:40:19.230 (index):682 UPDATE_1
15:40:20.226 (index):682 UPDATE_2
15:40:20.227 (index):682 UPDATE_3
15:40:20.228 (index):682 UPDATE_4
15:40:20.229 (index):682 UPDATE_5
15:40:20.230 (index):682 UPDATE_7
15:40:20.231 (index):682 UPDATE_9
15:40:20.232 (index):682 UPDATE_10
15:40:20.233 (index):682 UPDATE_12
15:40:20.234 (index):712 WAITING_13
15:40:20.235 (index):712 WAITING_14
15:40:20.236 (index):712 WAITING_15
15:40:20.237 (index):712 WAITING_16
15:40:20.238 (index):712 WAITING_17
15:40:20.238 (index):712 WAITING_18
15:40:20.239 (index):674 THINKING_8
15:40:20.240 (index):674 THINKING_11
15:40:20.240 (index):664 NODEACCESSRELEASED_6
15:40:20.241 (index):664 NODEACCESSRELEASED_1
15:40:21.226 (index):664 NODEACCESSRELEASED_2
15:40:21.228 (index):664 NODEACCESSRELEASED_3
15:40:21.230 (index):664 NODEACCESSRELEASED_4
15:40:21.231 (index):674 THINKING_5
15:40:21.233 (index):664 NODEACCESSRELEASED_7
15:40:21.234 (index):674 THINKING_9
15:40:21.235 (index):674 THINKING_10
15:40:21.236 (index):664 NODEACCESSRELEASED_12
15:40:21.237 (index):682 UPDATE_0
15:40:22.226 (index):712 WAITING_13
15:40:22.228 (index):712 WAITING_14
15:40:22.229 (index):712 WAITING_15
15:40:22.230 (index):712 WAITING_16
15:40:22.231 (index):712 WAITING_17
15:40:22.232 (index):712 WAITING_18
15:40:22.233 (index):694 NODEACCESSREQUESTED_6
15:40:22.235 (index):694 NODEACCESSREQUESTED_1
15:40:22.236 (index):664 NODEACCESSRELEASED_0
15:40:23.226 (index):694 NODEACCESSREQUESTED_2
15:40:23.227 (index):694 NODEACCESSREQUESTED_3
15:40:23.228 (index):694 NODEACCESSREQUESTED_4
15:40:23.229 (index):694 NODEACCESSREQUESTED_7
15:40:23.230 (index):694 NODEACCESSREQUESTED_12
15:40:24.226 (index):712 WAITING_13
15:40:24.228 (index):712 WAITING_14
15:40:24.230 (index):712 WAITING_15
15:40:24.234 (index):712 WAITING_16
15:40:24.235 (index):712 WAITING_17
15:40:24.235 (index):712 WAITING_18
15:40:24.236 (index):682 UPDATE_6
15:40:24.237 (index):682 UPDATE_1
15:40:24.237 (index):694 NODEACCESSREQUESTED_0
15:40:24.238 (index):682 UPDATE_10
15:40:24.239 (index):682 UPDATE_11
15:40:24.240 (index):682 UPDATE_5
15:40:25.226 (index):682 UPDATE_2
15:40:25.228 (index):682 UPDATE_3
15:40:25.229 (index):682 UPDATE_4
15:40:25.230 (index):682 UPDATE_7
15:40:25.231 (index):682 UPDATE_12
15:40:25.232 (index):664 NODEACCESSRELEASED_6
15:40:25.232 (index):674 THINKING_1
15:40:25.233 (index):664 NODEACCESSRELEASED_10
15:40:25.234 (index):664 NODEACCESSRELEASED_11
15:40:25.234 (index):664 NODEACCESSRELEASED_5
15:40:25.235 (index):682 UPDATE_8
15:40:26.226 (index):712 WAITING_13
15:40:26.227 (index):712 WAITING_14
15:40:26.228 (index):712 WAITING_15
15:40:26.228 (index):712 WAITING_16
15:40:26.229 (index):712 WAITING_17
15:40:26.230 (index):712 WAITING_18
15:40:26.230 (index):682 UPDATE_0
15:40:26.231 (index):664 NODEACCESSRELEASED_2
15:40:26.232 (index):674 THINKING_3
15:40:26.233 (index):664 NODEACCESSRELEASED_4
15:40:26.234 (index):664 NODEACCESSRELEASED_7
15:40:26.234 (index):664 NODEACCESSRELEASED_12
15:40:26.235 (index):664 NODEACCESSRELEASED_8
15:40:26.236 (index):682 UPDATE_9
15:40:27.226 (index):694 NODEACCESSREQUESTED_6
15:40:27.227 (index):694 NODEACCESSREQUESTED_10
15:40:27.228 (index):694 NODEACCESSREQUESTED_11
15:40:27.229 (index):694 NODEACCESSREQUESTED_5
15:40:27.230 (index):664 NODEACCESSRELEASED_0
15:40:27.231 (index):674 THINKING_9
15:40:28.226 (index):674 THINKING_13
15:40:28.228 (index):712 WAITING_14
15:40:28.229 (index):712 WAITING_15
15:40:28.230 (index):712 WAITING_16
15:40:28.230 (index):712 WAITING_17
15:40:28.231 (index):712 WAITING_18
15:40:28.231 (index):694 NODEACCESSREQUESTED_2
15:40:28.232 (index):694 NODEACCESSREQUESTED_4
15:40:28.233 (index):694 NODEACCESSREQUESTED_7
15:40:28.233 (index):694 NODEACCESSREQUESTED_12
15:40:28.234 (index):694 NODEACCESSREQUESTED_8
15:40:29.226 (index):712 WAITING_6
15:40:29.227 (index):712 WAITING_10
15:40:29.227 (index):712 WAITING_11
15:40:29.228 (index):712 WAITING_5
15:40:29.229 (index):694 NODEACCESSREQUESTED_0
15:40:29.229 (index):682 UPDATE_1
15:40:30.226 (index):712 WAITING_14
15:40:30.227 (index):712 WAITING_15
15:40:30.228 (index):712 WAITING_16
15:40:30.228 (index):712 WAITING_17
15:40:30.229 (index):712 WAITING_18
15:40:30.230 (index):712 WAITING_2
15:40:30.231 (index):712 WAITING_4
15:40:30.232 (index):712 WAITING_7
15:40:30.233 (index):712 WAITING_12
15:40:30.234 (index):712 WAITING_8
15:40:30.234 (index):674 THINKING_1
15:40:30.235 (index):682 UPDATE_9
15:40:31.226 (index):712 WAITING_6
15:40:31.228 (index):712 WAITING_10
15:40:31.229 (index):712 WAITING_11
15:40:31.230 (index):712 WAITING_5
15:40:31.231 (index):712 WAITING_0
15:40:31.233 (index):664 NODEACCESSRELEASED_9
15:40:31.234 (index):682 UPDATE_3
15:40:31.765 (index):712 WAITING_14
15:40:31.766 (index):712 WAITING_15
15:40:31.766 (index):712 WAITING_16
15:40:31.767 (index):712 WAITING_17
15:40:31.768 (index):712 WAITING_18
15:40:31.769 (index):712 WAITING_2
15:40:31.770 (index):712 WAITING_4
15:40:31.771 (index):712 WAITING_7
15:40:31.771 (index):712 WAITING_12
15:40:31.772 (index):712 WAITING_8
15:40:31.773 (index):664 NODEACCESSRELEASED_3
15:40:32.228 (index):712 WAITING_6
15:40:32.229 (index):712 WAITING_10
15:40:32.230 (index):712 WAITING_11
15:40:32.231 (index):712 WAITING_5
15:40:32.232 (index):712 WAITING_0
15:40:32.234 (index):694 NODEACCESSREQUESTED_9
15:40:32.502 (index):682 UPDATE_13
15:40:32.603 (index):664 NODEACCESSRELEASED_13
15:40:32.766 (index):674 THINKING_14
15:40:32.766 (index):712 WAITING_15
15:40:32.767 (index):712 WAITING_16
15:40:32.768 (index):712 WAITING_17
15:40:32.769 (index):712 WAITING_18
15:40:32.770 (index):712 WAITING_2
15:40:32.771 (index):712 WAITING_4
15:40:32.772 (index):712 WAITING_7
15:40:32.773 (index):712 WAITING_12
15:40:32.774 (index):712 WAITING_8
15:40:32.775 (index):694 NODEACCESSREQUESTED_3
15:40:33.229 (index):712 WAITING_6
15:40:33.230 (index):712 WAITING_10
15:40:33.232 (index):712 WAITING_11
15:40:33.233 (index):712 WAITING_5
15:40:33.234 (index):712 WAITING_0
15:40:33.235 (index):712 WAITING_9
15:40:33.604 (index):694 NODEACCESSREQUESTED_13
15:40:33.767 (index):712 WAITING_15
15:40:33.768 (index):712 WAITING_16
15:40:33.769 (index):712 WAITING_17
15:40:33.769 (index):712 WAITING_18
15:40:33.771 (index):712 WAITING_2
15:40:33.772 (index):712 WAITING_4
15:40:33.773 (index):712 WAITING_7
15:40:33.774 (index):712 WAITING_12
15:40:33.775 (index):712 WAITING_8
15:40:33.776 (index):712 WAITING_3
15:40:34.230 (index):712 WAITING_6
15:40:34.232 (index):712 WAITING_10
15:40:34.233 (index):712 WAITING_11
15:40:34.234 (index):712 WAITING_5
15:40:34.235 (index):712 WAITING_0
15:40:34.236 (index):712 WAITING_9
15:40:34.605 (index):712 WAITING_13
15:40:34.627 (index):682 UPDATE_1
15:40:34.729 (index):664 NODEACCESSRELEASED_1
15:40:34.768 (index):712 WAITING_15
15:40:34.770 (index):712 WAITING_16
15:40:34.771 (index):712 WAITING_17
15:40:34.771 (index):712 WAITING_18
15:40:34.772 (index):712 WAITING_2
15:40:34.773 (index):712 WAITING_4
15:40:34.774 (index):712 WAITING_7
15:40:34.775 (index):712 WAITING_12
15:40:34.776 (index):712 WAITING_8
15:40:34.777 (index):712 WAITING_3
15:40:35.232 (index):712 WAITING_6
15:40:35.233 (index):712 WAITING_10
15:40:35.234 (index):712 WAITING_11
15:40:35.235 (index):712 WAITING_5
15:40:35.236 (index):712 WAITING_0
15:40:35.237 (index):712 WAITING_9
15:40:35.607 (index):712 WAITING_13
15:40:35.730 (index):694 NODEACCESSREQUESTED_1
15:40:35.770 (index):712 WAITING_15
15:40:35.771 (index):712 WAITING_16
15:40:35.771 (index):712 WAITING_17
15:40:35.772 (index):712 WAITING_18
15:40:35.773 (index):712 WAITING_2
15:40:35.774 (index):712 WAITING_4
15:40:35.775 (index):712 WAITING_7
15:40:35.776 (index):712 WAITING_12
15:40:35.777 (index):712 WAITING_8
15:40:35.777 (index):712 WAITING_3
15:40:36.233 (index):712 WAITING_6
15:40:36.234 (index):712 WAITING_10
15:40:36.235 (index):712 WAITING_11
15:40:36.236 (index):712 WAITING_5
15:40:36.237 (index):712 WAITING_0
15:40:36.238 (index):712 WAITING_9
15:40:36.608 (index):712 WAITING_13
15:40:36.731 (index):712 WAITING_1
15:40:36.771 (index):712 WAITING_15
15:40:36.772 (index):712 WAITING_16
15:40:36.772 (index):712 WAITING_17
15:40:36.773 (index):712 WAITING_18
15:40:36.774 (index):712 WAITING_2
15:40:36.775 (index):712 WAITING_4
15:40:36.776 (index):712 WAITING_7
15:40:36.777 (index):712 WAITING_12
15:40:36.777 (index):712 WAITING_8
15:40:36.778 (index):712 WAITING_3
15:40:37.218 (index):682 UPDATE_14
15:40:37.234 (index):712 WAITING_6
15:40:37.235 (index):712 WAITING_10
15:40:37.236 (index):712 WAITING_11
15:40:37.237 (index):712 WAITING_5
15:40:37.238 (index):712 WAITING_0
15:40:37.239 (index):712 WAITING_9
15:40:37.319 (index):664 NODEACCESSRELEASED_14
15:40:37.609 (index):712 WAITING_13
15:40:37.732 (index):712 WAITING_1
15:40:37.772 (index):674 THINKING_15
15:40:37.773 (index):712 WAITING_16
15:40:37.774 (index):712 WAITING_17
15:40:37.775 (index):712 WAITING_18
15:40:37.776 (index):712 WAITING_2
15:40:37.777 (index):712 WAITING_4
15:40:37.778 (index):712 WAITING_7
15:40:37.779 (index):712 WAITING_12
15:40:37.780 (index):712 WAITING_8
15:40:37.781 (index):712 WAITING_3
15:40:38.236 (index):712 WAITING_6
15:40:38.237 (index):712 WAITING_10
15:40:38.237 (index):712 WAITING_11
15:40:38.238 (index):712 WAITING_5
15:40:38.239 (index):712 WAITING_0
15:40:38.240 (index):712 WAITING_9
15:40:38.320 (index):694 NODEACCESSREQUESTED_14
15:40:38.611 (index):712 WAITING_13
15:40:38.734 (index):712 WAITING_1
15:40:38.774 (index):712 WAITING_16
15:40:38.775 (index):712 WAITING_17
15:40:38.776 (index):712 WAITING_18
15:40:38.777 (index):712 WAITING_2
15:40:38.778 (index):712 WAITING_4
15:40:38.779 (index):712 WAITING_7
15:40:38.780 (index):712 WAITING_12
15:40:38.781 (index):712 WAITING_8
15:40:38.782 (index):712 WAITING_3
15:40:39.237 (index):712 WAITING_6
15:40:39.238 (index):712 WAITING_10
15:40:39.238 (index):712 WAITING_11
15:40:39.239 (index):712 WAITING_5
15:40:39.240 (index):712 WAITING_0
15:40:39.241 (index):712 WAITING_9
15:40:39.321 (index):712 WAITING_14
15:40:39.612 (index):712 WAITING_13
15:40:39.735 (index):712 WAITING_1
15:40:39.775 (index):712 WAITING_16
15:40:39.776 (index):712 WAITING_17
15:40:39.777 (index):712 WAITING_18
15:40:39.778 (index):712 WAITING_2
15:40:39.780 (index):712 WAITING_4
15:40:39.781 (index):712 WAITING_7
15:40:39.782 (index):712 WAITING_12
15:40:39.783 (index):712 WAITING_8
15:40:39.784 (index):712 WAITING_3
15:40:40.238 (index):712 WAITING_6
15:40:40.239 (index):712 WAITING_10
15:40:40.239 (index):712 WAITING_11
15:40:40.240 (index):712 WAITING_5
15:40:40.241 (index):712 WAITING_0
15:40:40.242 (index):712 WAITING_9
15:40:40.323 (index):712 WAITING_14
15:40:40.613 (index):712 WAITING_13
15:40:40.736 (index):712 WAITING_1
15:40:40.776 (index):712 WAITING_16
15:40:40.778 (index):712 WAITING_17
15:40:40.779 (index):712 WAITING_18
15:40:40.780 (index):712 WAITING_2
15:40:40.781 (index):712 WAITING_4
15:40:40.782 (index):712 WAITING_7
15:40:40.782 (index):712 WAITING_12
15:40:40.784 (index):712 WAITING_8
15:40:40.785 (index):712 WAITING_3
15:40:41.227 (index):682 UPDATE_15
15:40:41.239 (index):712 WAITING_6
15:40:41.240 (index):712 WAITING_10
15:40:41.240 (index):712 WAITING_11
15:40:41.241 (index):712 WAITING_5
15:40:41.242 (index):712 WAITING_0
15:40:41.242 (index):712 WAITING_9
15:40:41.324 (index):712 WAITING_14
15:40:41.329 (index):664 NODEACCESSRELEASED_15
15:40:41.615 (index):712 WAITING_13
15:40:41.738 (index):712 WAITING_1
15:40:41.778 (index):674 THINKING_16
15:40:41.779 (index):712 WAITING_17
15:40:41.780 (index):712 WAITING_18
15:40:41.782 (index):712 WAITING_2
15:40:41.782 (index):712 WAITING_4
15:40:41.783 (index):712 WAITING_7
15:40:41.784 (index):712 WAITING_12
15:40:41.785 (index):712 WAITING_8
15:40:41.786 (index):712 WAITING_3
15:40:42.240 (index):712 WAITING_6
15:40:42.241 (index):712 WAITING_10
15:40:42.242 (index):712 WAITING_11
15:40:42.243 (index):712 WAITING_5
15:40:42.244 (index):712 WAITING_0
15:40:42.245 (index):712 WAITING_9
15:40:42.325 (index):712 WAITING_14
15:40:42.331 (index):694 NODEACCESSREQUESTED_15
15:40:42.615 (index):712 WAITING_13
15:40:42.739 (index):712 WAITING_1
15:40:42.780 (index):712 WAITING_17
15:40:42.782 (index):712 WAITING_18
15:40:42.783 (index):712 WAITING_2
15:40:42.784 (index):712 WAITING_4
15:40:42.785 (index):712 WAITING_7
15:40:42.786 (index):712 WAITING_12
15:40:42.786 (index):712 WAITING_8
15:40:42.787 (index):712 WAITING_3
15:40:43.241 (index):712 WAITING_6
15:40:43.242 (index):712 WAITING_10
15:40:43.243 (index):712 WAITING_11
15:40:43.244 (index):712 WAITING_5
15:40:43.245 (index):712 WAITING_0
15:40:43.246 (index):712 WAITING_9
15:40:43.326 (index):712 WAITING_14
15:40:43.332 (index):712 WAITING_15
15:40:43.617 (index):712 WAITING_13
15:40:43.740 (index):712 WAITING_1
15:40:43.782 (index):712 WAITING_17
15:40:43.783 (index):712 WAITING_18
15:40:43.784 (index):712 WAITING_2
15:40:43.785 (index):712 WAITING_4
15:40:43.787 (index):712 WAITING_7
15:40:43.788 (index):712 WAITING_12
15:40:43.790 (index):712 WAITING_8
15:40:43.791 (index):712 WAITING_3
15:40:44.060 (index):682 UPDATE_16
15:40:44.161 (index):664 NODEACCESSRELEASED_16
15:40:44.242 (index):712 WAITING_6
15:40:44.244 (index):712 WAITING_10
15:40:44.245 (index):712 WAITING_11
15:40:44.246 (index):712 WAITING_5
15:40:44.247 (index):712 WAITING_0
15:40:44.248 (index):712 WAITING_9
15:40:44.327 (index):712 WAITING_14
15:40:44.333 (index):712 WAITING_15
15:40:44.618 (index):712 WAITING_13
15:40:44.742 (index):712 WAITING_1
15:40:44.783 (index):664 NODEACCESSRELEASED_17
15:40:44.784 (index):674 THINKING_18
15:40:44.785 (index):712 WAITING_2
15:40:44.787 (index):712 WAITING_4
15:40:44.788 (index):712 WAITING_7
15:40:44.790 (index):712 WAITING_12
15:40:44.791 (index):712 WAITING_8
15:40:44.793 (index):712 WAITING_3
15:40:45.163 (index):694 NODEACCESSREQUESTED_16
15:40:45.244 (index):712 WAITING_6
15:40:45.245 (index):712 WAITING_10
15:40:45.246 (index):712 WAITING_11
15:40:45.247 (index):712 WAITING_5
15:40:45.249 (index):712 WAITING_0
15:40:45.250 (index):712 WAITING_9
15:40:45.329 (index):712 WAITING_14
15:40:45.334 (index):712 WAITING_15
15:40:45.619 (index):712 WAITING_13
15:40:45.743 (index):712 WAITING_1
15:40:45.784 (index):694 NODEACCESSREQUESTED_17
15:40:45.786 (index):712 WAITING_2
15:40:45.787 (index):712 WAITING_4
15:40:45.789 (index):712 WAITING_7
15:40:45.791 (index):712 WAITING_12
15:40:45.792 (index):712 WAITING_8
15:40:45.794 (index):712 WAITING_3
15:40:46.164 (index):712 WAITING_16
15:40:46.245 (index):712 WAITING_6
15:40:46.246 (index):712 WAITING_10
15:40:46.247 (index):712 WAITING_11
15:40:46.249 (index):712 WAITING_5
15:40:46.250 (index):712 WAITING_0
15:40:46.252 (index):712 WAITING_9
15:40:46.331 (index):712 WAITING_14
15:40:46.335 (index):712 WAITING_15
15:40:46.620 (index):712 WAITING_13
15:40:46.744 (index):712 WAITING_1
15:40:46.785 (index):712 WAITING_17
15:40:46.787 (index):712 WAITING_2
15:40:46.788 (index):712 WAITING_4
15:40:46.790 (index):712 WAITING_7
15:40:46.792 (index):712 WAITING_12
15:40:46.793 (index):712 WAITING_8
15:40:46.795 (index):712 WAITING_3
15:40:47.165 (index):712 WAITING_16
15:40:47.246 (index):712 WAITING_6
15:40:47.247 (index):712 WAITING_10
15:40:47.249 (index):712 WAITING_11
15:40:47.250 (index):712 WAITING_5
15:40:47.252 (index):712 WAITING_0
15:40:47.253 (index):712 WAITING_9
15:40:47.331 (index):712 WAITING_14
15:40:47.336 (index):712 WAITING_15
15:40:47.622 (index):712 WAITING_13
15:40:47.745 (index):712 WAITING_1
15:40:47.787 (index):712 WAITING_17
15:40:47.788 (index):712 WAITING_2
15:40:47.789 (index):712 WAITING_4
15:40:47.791 (index):712 WAITING_7
15:40:47.793 (index):712 WAITING_12
15:40:47.794 (index):712 WAITING_8
15:40:47.796 (index):712 WAITING_3
15:40:48.166 (index):712 WAITING_16
15:40:48.247 (index):712 WAITING_6
15:40:48.249 (index):712 WAITING_10
15:40:48.250 (index):712 WAITING_11
15:40:48.251 (index):712 WAITING_5
15:40:48.252 (index):712 WAITING_0
15:40:48.254 (index):712 WAITING_9
15:40:48.333 (index):712 WAITING_14
15:40:48.337 (index):712 WAITING_15
15:40:48.622 (index):712 WAITING_13
15:40:48.746 (index):712 WAITING_1
15:40:48.787 (index):712 WAITING_17
15:40:48.788 (index):712 WAITING_2
15:40:48.790 (index):712 WAITING_4
15:40:48.792 (index):712 WAITING_7
15:40:48.793 (index):712 WAITING_12
15:40:48.795 (index):712 WAITING_8
15:40:48.797 (index):712 WAITING_3
15:40:48.833 (index):682 UPDATE_18
15:40:48.934 (index):674 THINKING_18
15:40:49.167 (index):712 WAITING_16
15:40:49.249 (index):712 WAITING_6
15:40:49.250 (index):712 WAITING_10
15:40:49.251 (index):712 WAITING_11
15:40:49.252 (index):712 WAITING_5
15:40:49.254 (index):712 WAITING_0
15:40:49.255 (index):712 WAITING_9
15:40:49.334 (index):712 WAITING_14
15:40:49.338 (index):712 WAITING_15
15:40:49.623 (index):712 WAITING_13
15:40:49.747 (index):712 WAITING_1
15:40:49.788 (index):712 WAITING_17
15:40:49.789 (index):712 WAITING_2
15:40:49.790 (index):712 WAITING_4
15:40:49.792 (index):712 WAITING_7
15:40:49.794 (index):712 WAITING_12
15:40:49.795 (index):712 WAITING_8
15:40:49.797 (index):712 WAITING_3
15:40:50.168 (index):712 WAITING_16
15:40:50.250 (index):712 WAITING_6
15:40:50.251 (index):712 WAITING_10
15:40:50.252 (index):712 WAITING_11
15:40:50.253 (index):712 WAITING_5
15:40:50.255 (index):712 WAITING_0
15:40:50.256 (index):712 WAITING_9
15:40:50.335 (index):712 WAITING_14
15:40:50.339 (index):712 WAITING_15
15:40:50.625 (index):712 WAITING_13
15:40:50.749 (index):712 WAITING_1
15:40:50.790 (index):712 WAITING_17
15:40:50.790 (index):712 WAITING_2
15:40:50.791 (index):712 WAITING_4
15:40:50.793 (index):712 WAITING_7
15:40:50.795 (index):712 WAITING_12
15:40:50.796 (index):712 WAITING_8
15:40:50.798 (index):712 WAITING_3
15:40:51.129 (index):682 UPDATE_18
15:40:51.169 (index):712 WAITING_16
15:40:51.230 (index):664 NODEACCESSRELEASED_18
15:40:51.252 (index):682 UPDATE_6
15:40:51.253 (index):712 WAITING_10
15:40:51.253 (index):712 WAITING_11
15:40:51.254 (index):712 WAITING_5
15:40:51.256 (index):712 WAITING_0
15:40:51.257 (index):712 WAITING_9
15:40:51.336 (index):712 WAITING_14
15:40:51.341 (index):712 WAITING_15
15:40:51.353 (index):664 NODEACCESSRELEASED_6
15:40:51.626 (index):712 WAITING_13
15:40:51.750 (index):712 WAITING_1
15:40:51.790 (index):712 WAITING_17
15:40:51.792 (index):712 WAITING_2
15:40:51.793 (index):712 WAITING_4
15:40:51.794 (index):712 WAITING_7
15:40:51.795 (index):712 WAITING_12
15:40:51.797 (index):712 WAITING_8
15:40:51.799 (index):712 WAITING_3
15:40:52.170 (index):712 WAITING_16
15:40:52.231 (index):694 NODEACCESSREQUESTED_18
15:40:52.254 (index):682 UPDATE_10
15:40:52.255 (index):712 WAITING_11
15:40:52.255 (index):712 WAITING_5
15:40:52.257 (index):712 WAITING_0
15:40:52.258 (index):712 WAITING_9
15:40:52.337 (index):712 WAITING_14
15:40:52.342 (index):712 WAITING_15
15:40:52.354 (index):694 NODEACCESSREQUESTED_6
15:40:52.355 (index):674 THINKING_10
15:40:52.627 (index):712 WAITING_13
15:40:52.751 (index):712 WAITING_1
15:40:52.792 (index):712 WAITING_17
15:40:52.793 (index):712 WAITING_2
15:40:52.794 (index):712 WAITING_4
15:40:52.795 (index):712 WAITING_7
15:40:52.796 (index):712 WAITING_12
15:40:52.798 (index):712 WAITING_8
15:40:52.800 (index):712 WAITING_3
15:40:53.172 (index):712 WAITING_16
15:40:53.233 (index):682 UPDATE_18
15:40:53.255 (index):712 WAITING_11
15:40:53.257 (index):712 WAITING_5
15:40:53.258 (index):712 WAITING_0
15:40:53.259 (index):712 WAITING_9
15:40:53.334 (index):664 NODEACCESSRELEASED_18
15:40:53.339 (index):712 WAITING_14
15:40:53.343 (index):712 WAITING_15
15:40:53.355 (index):682 UPDATE_6
15:40:53.456 (index):664 NODEACCESSRELEASED_6
15:40:53.629 (index):712 WAITING_13
15:40:53.753 (index):712 WAITING_1
15:40:53.793 (index):712 WAITING_17
15:40:53.794 (index):712 WAITING_2
15:40:53.796 (index):712 WAITING_4
15:40:53.796 (index):712 WAITING_7
15:40:53.797 (index):712 WAITING_12
15:40:53.799 (index):712 WAITING_8
15:40:53.801 (index):712 WAITING_3
15:40:54.173 (index):712 WAITING_16
15:40:54.257 (index):712 WAITING_11
15:40:54.258 (index):712 WAITING_5
15:40:54.259 (index):712 WAITING_0
15:40:54.260 (index):712 WAITING_9
15:40:54.335 (index):694 NODEACCESSREQUESTED_18
15:40:54.340 (index):712 WAITING_14
15:40:54.344 (index):712 WAITING_15
15:40:55.226 (index):694 NODEACCESSREQUESTED_6
15:40:55.228 (index):712 WAITING_13
15:40:55.229 (index):712 WAITING_1
15:40:55.231 (index):712 WAITING_17
15:40:55.232 (index):712 WAITING_2
15:40:55.233 (index):712 WAITING_4
15:40:55.233 (index):712 WAITING_7
15:40:55.234 (index):712 WAITING_12
15:40:55.235 (index):712 WAITING_8
15:40:55.236 (index):712 WAITING_3
15:40:55.236 (index):712 WAITING_16
15:40:56.226 (index):712 WAITING_11
15:40:56.227 (index):712 WAITING_5
15:40:56.227 (index):712 WAITING_0
15:40:56.228 (index):712 WAITING_9
15:40:56.230 (index):682 UPDATE_10
15:40:56.231 (index):682 UPDATE_18
15:40:56.232 (index):712 WAITING_14
15:40:56.233 (index):712 WAITING_15
15:40:57.226 (index):682 UPDATE_6
15:40:57.228 (index):712 WAITING_13
15:40:57.231 (index):712 WAITING_1
15:40:57.232 (index):712 WAITING_17
15:40:57.234 (index):712 WAITING_2
15:40:57.235 (index):712 WAITING_4
15:40:57.235 (index):712 WAITING_7
15:40:57.236 (index):712 WAITING_12
15:40:57.237 (index):712 WAITING_8
15:40:57.237 (index):712 WAITING_3
15:40:57.238 (index):712 WAITING_16
15:40:57.238 (index):664 NODEACCESSRELEASED_10
15:40:57.239 (index):674 THINKING_18
15:40:58.226 (index):682 UPDATE_11
15:40:58.228 (index):712 WAITING_5
15:40:58.229 (index):712 WAITING_0
15:40:58.230 (index):712 WAITING_9
15:40:58.230 (index):712 WAITING_14
15:40:58.231 (index):712 WAITING_15
15:40:58.232 (index):664 NODEACCESSRELEASED_6
15:40:59.226 (index):712 WAITING_13
15:40:59.228 (index):712 WAITING_1
15:40:59.229 (index):712 WAITING_17
15:40:59.231 (index):712 WAITING_2
15:40:59.232 (index):712 WAITING_4
15:40:59.233 (index):712 WAITING_7
15:40:59.234 (index):712 WAITING_12
15:40:59.235 (index):712 WAITING_8
15:40:59.236 (index):712 WAITING_3
15:40:59.237 (index):712 WAITING_16
15:40:59.238 (index):694 NODEACCESSREQUESTED_10
15:40:59.238 (index):664 NODEACCESSRELEASED_11
15:41:00.226 (index):682 UPDATE_5
15:41:00.227 (index):712 WAITING_0
15:41:00.227 (index):712 WAITING_9
15:41:00.228 (index):712 WAITING_14
15:41:00.228 (index):712 WAITING_15
15:41:00.229 (index):694 NODEACCESSREQUESTED_6
15:41:01.228 (index):712 WAITING_13
15:41:01.229 (index):712 WAITING_1
15:41:01.230 (index):712 WAITING_17
15:41:01.231 (index):712 WAITING_2
15:41:01.231 (index):712 WAITING_4
15:41:01.232 (index):712 WAITING_7
15:41:01.233 (index):712 WAITING_12
15:41:01.234 (index):712 WAITING_8
15:41:01.234 (index):712 WAITING_3
15:41:01.235 (index):712 WAITING_16
15:41:01.236 (index):682 UPDATE_10
15:41:01.236 (index):694 NODEACCESSREQUESTED_11
15:41:01.237 (index):674 THINKING_5
15:41:01.238 (index):712 WAITING_0
15:41:01.238 (index):712 WAITING_9
15:41:01.239 (index):712 WAITING_14
15:41:02.227 (index):712 WAITING_15
15:41:02.228 (index):682 UPDATE_6
15:41:02.229 (index):674 THINKING_10
15:41:02.230 (index):682 UPDATE_18
15:41:03.226 (index):712 WAITING_13
15:41:03.227 (index):712 WAITING_1
15:41:03.228 (index):712 WAITING_17
15:41:03.229 (index):712 WAITING_2
15:41:03.229 (index):712 WAITING_4
15:41:03.230 (index):712 WAITING_7
15:41:03.230 (index):712 WAITING_12
15:41:03.231 (index):712 WAITING_8
15:41:03.232 (index):712 WAITING_3
15:41:03.232 (index):712 WAITING_16
15:41:03.233 (index):682 UPDATE_11
15:41:03.234 (index):712 WAITING_0
15:41:03.234 (index):712 WAITING_9
15:41:03.234 (index):712 WAITING_14
15:41:03.235 (index):674 THINKING_6
15:41:03.235 (index):674 THINKING_18
15:41:04.226 (index):712 WAITING_15
15:41:04.227 (index):664 NODEACCESSRELEASED_11
15:41:05.226 (index):712 WAITING_13
15:41:05.227 (index):712 WAITING_1
15:41:05.228 (index):712 WAITING_17
15:41:05.229 (index):712 WAITING_2
15:41:05.229 (index):712 WAITING_4
15:41:05.231 (index):712 WAITING_7
15:41:05.232 (index):712 WAITING_12
15:41:05.233 (index):712 WAITING_8
15:41:05.234 (index):712 WAITING_3
15:41:05.235 (index):712 WAITING_16
15:41:05.235 (index):712 WAITING_0
15:41:05.236 (index):712 WAITING_9
15:41:05.236 (index):712 WAITING_14
15:41:05.237 (index):682 UPDATE_5
15:41:06.226 (index):712 WAITING_15
15:41:06.227 (index):694 NODEACCESSREQUESTED_11
15:41:06.228 (index):664 NODEACCESSRELEASED_5
15:41:06.230 (index):682 UPDATE_6
15:41:07.230 (index):712 WAITING_13
15:41:07.231 (index):712 WAITING_1
15:41:07.232 (index):712 WAITING_17
15:41:07.232 (index):682 UPDATE_2
15:41:07.233 (index):712 WAITING_4
15:41:07.234 (index):712 WAITING_7
15:41:07.235 (index):712 WAITING_12
15:41:07.236 (index):712 WAITING_8
15:41:07.237 (index):712 WAITING_3
15:41:07.238 (index):712 WAITING_16
15:41:07.239 (index):712 WAITING_0
15:41:07.240 (index):712 WAITING_9
15:41:07.240 (index):712 WAITING_14
15:41:07.241 (index):674 THINKING_6
15:41:07.242 (index):682 UPDATE_10
15:41:07.242 (index):712 WAITING_15
15:41:07.243 (index):682 UPDATE_11
15:41:07.244 (index):694 NODEACCESSREQUESTED_5
15:41:08.226 (index):674 THINKING_2
15:41:08.227 (index):664 NODEACCESSRELEASED_10
15:41:08.228 (index):674 THINKING_11
15:41:08.229 (index):682 UPDATE_18
15:41:09.229 (index):712 WAITING_13
15:41:09.231 (index):712 WAITING_1
15:41:09.232 (index):712 WAITING_17
15:41:09.233 (index):712 WAITING_4
15:41:09.234 (index):712 WAITING_7
15:41:09.234 (index):712 WAITING_12
15:41:09.235 (index):712 WAITING_8
15:41:09.235 (index):712 WAITING_3
15:41:09.236 (index):712 WAITING_16
15:41:09.236 (index):712 WAITING_0
15:41:09.236 (index):712 WAITING_9
15:41:09.237 (index):712 WAITING_14
15:41:09.237 (index):712 WAITING_15
15:41:09.238 (index):682 UPDATE_5
15:41:09.239 (index):664 NODEACCESSRELEASED_18
15:41:09.239 (index):694 NODEACCESSREQUESTED_10
15:41:10.226 (index):674 THINKING_5
15:41:10.227 (index):682 UPDATE_6
15:41:11.226 (index):712 WAITING_13
15:41:11.227 (index):712 WAITING_1
15:41:11.229 (index):712 WAITING_17
15:41:11.230 (index):712 WAITING_4
15:41:11.231 (index):712 WAITING_7
15:41:11.231 (index):712 WAITING_12
15:41:11.232 (index):712 WAITING_8
15:41:11.232 (index):712 WAITING_3
15:41:11.233 (index):712 WAITING_16
15:41:11.233 (index):712 WAITING_0
15:41:11.234 (index):712 WAITING_9
15:41:11.235 (index):712 WAITING_14
15:41:11.235 (index):712 WAITING_15
15:41:11.236 (index):694 NODEACCESSREQUESTED_18
15:41:11.236 (index):682 UPDATE_10
15:41:11.237 (index):664 NODEACCESSRELEASED_6
15:41:11.237 (index):682 UPDATE_2
15:41:12.226 (index):674 THINKING_10
15:41:12.227 (index):664 NODEACCESSRELEASED_2
15:41:13.226 (index):712 WAITING_13
15:41:13.228 (index):712 WAITING_1
15:41:13.229 (index):712 WAITING_17
15:41:13.230 (index):682 UPDATE_4
15:41:13.231 (index):712 WAITING_7
15:41:13.231 (index):712 WAITING_12
15:41:13.232 (index):712 WAITING_8
15:41:13.233 (index):712 WAITING_3
15:41:13.233 (index):712 WAITING_16
15:41:13.234 (index):712 WAITING_0
15:41:13.235 (index):712 WAITING_9
15:41:13.236 (index):712 WAITING_14
15:41:13.236 (index):712 WAITING_15
15:41:13.237 (index):682 UPDATE_18
15:41:13.238 (index):694 NODEACCESSREQUESTED_6
15:41:13.239 (index):682 UPDATE_11
15:41:14.226 (index):694 NODEACCESSREQUESTED_2
15:41:14.228 (index):664 NODEACCESSRELEASED_4
15:41:14.229 (index):664 NODEACCESSRELEASED_18
15:41:14.230 (index):664 NODEACCESSRELEASED_11
15:41:15.227 (index):712 WAITING_13
15:41:15.229 (index):712 WAITING_1
15:41:15.230 (index):712 WAITING_17
15:41:15.231 (index):682 UPDATE_7
15:41:15.232 (index):712 WAITING_12
15:41:15.233 (index):712 WAITING_8
15:41:15.234 (index):712 WAITING_3
15:41:15.234 (index):712 WAITING_16
15:41:15.235 (index):712 WAITING_0
15:41:15.235 (index):712 WAITING_9
15:41:15.236 (index):712 WAITING_14
15:41:15.236 (index):712 WAITING_15
15:41:15.236 (index):682 UPDATE_6
15:41:15.237 (index):682 UPDATE_5
15:41:16.227 (index):682 UPDATE_2
15:41:16.228 (index):694 NODEACCESSREQUESTED_4
15:41:16.230 (index):694 NODEACCESSREQUESTED_18
15:41:16.231 (index):694 NODEACCESSREQUESTED_11
15:41:16.232 (index):674 THINKING_7
15:41:16.232 (index):664 NODEACCESSRELEASED_6
15:41:16.233 (index):674 THINKING_5
15:41:16.233 (index):682 UPDATE_10
15:41:17.226 (index):712 WAITING_13
15:41:17.227 (index):712 WAITING_1
15:41:17.228 (index):712 WAITING_17
15:41:17.229 (index):712 WAITING_12
15:41:17.230 (index):712 WAITING_8
15:41:17.231 (index):712 WAITING_3
15:41:17.232 (index):712 WAITING_16
15:41:17.233 (index):712 WAITING_0
15:41:17.234 (index):712 WAITING_9
15:41:17.235 (index):712 WAITING_14
15:41:17.235 (index):712 WAITING_15
15:41:17.236 (index):664 NODEACCESSRELEASED_2
15:41:17.237 (index):664 NODEACCESSRELEASED_10
15:41:18.226 (index):682 UPDATE_4
15:41:18.227 (index):682 UPDATE_18
15:41:18.229 (index):682 UPDATE_11
15:41:18.230 (index):694 NODEACCESSREQUESTED_6
15:41:19.226 (index):712 WAITING_13
15:41:19.228 (index):712 WAITING_1
15:41:19.229 (index):712 WAITING_17
15:41:19.230 (index):712 WAITING_12
15:41:19.231 (index):712 WAITING_8
15:41:19.233 (index):712 WAITING_3
15:41:19.234 (index):712 WAITING_16
15:41:19.235 (index):712 WAITING_0
15:41:19.237 (index):712 WAITING_9
15:41:19.238 (index):712 WAITING_14
15:41:19.239 (index):712 WAITING_15
15:41:19.240 (index):694 NODEACCESSREQUESTED_2
15:41:19.241 (index):694 NODEACCESSREQUESTED_10
15:41:19.242 (index):682 UPDATE_5
15:41:19.243 (index):664 NODEACCESSRELEASED_4
15:41:19.244 (index):664 NODEACCESSRELEASED_18
15:41:19.245 (index):664 NODEACCESSRELEASED_11
15:41:19.245 (index):682 UPDATE_7
15:41:20.226 (index):682 UPDATE_6
15:41:20.228 (index):664 NODEACCESSRELEASED_5
15:41:20.229 (index):664 NODEACCESSRELEASED_7
15:41:21.226 (index):712 WAITING_13
15:41:21.227 (index):712 WAITING_1
15:41:21.229 (index):712 WAITING_17
15:41:21.230 (index):682 UPDATE_12
15:41:21.231 (index):712 WAITING_8
15:41:21.233 (index):712 WAITING_3
15:41:21.234 (index):712 WAITING_16
15:41:21.235 (index):712 WAITING_0
15:41:21.236 (index):712 WAITING_9
15:41:21.236 (index):712 WAITING_14
15:41:21.237 (index):712 WAITING_15
15:41:21.238 (index):682 UPDATE_2
15:41:21.238 (index):682 UPDATE_10
15:41:21.239 (index):694 NODEACCESSREQUESTED_4
15:41:21.240 (index):694 NODEACCESSREQUESTED_18
15:41:21.241 (index):694 NODEACCESSREQUESTED_11
15:41:21.241 (index):664 NODEACCESSRELEASED_6
15:41:22.226 (index):694 NODEACCESSREQUESTED_5
15:41:22.228 (index):694 NODEACCESSREQUESTED_7
15:41:22.229 (index):674 THINKING_12
15:41:22.230 (index):674 THINKING_2
15:41:22.231 (index):674 THINKING_10
15:41:23.226 (index):712 WAITING_13
15:41:23.227 (index):712 WAITING_1
15:41:23.228 (index):712 WAITING_17
15:41:23.229 (index):712 WAITING_8
15:41:23.230 (index):712 WAITING_3
15:41:23.231 (index):712 WAITING_16
15:41:23.231 (index):712 WAITING_0
15:41:23.231 (index):712 WAITING_9
15:41:23.232 (index):712 WAITING_14
15:41:23.233 (index):712 WAITING_15
15:41:23.234 (index):682 UPDATE_4
15:41:23.234 (index):682 UPDATE_18
15:41:23.235 (index):682 UPDATE_11
15:41:23.235 (index):694 NODEACCESSREQUESTED_6
15:41:24.226 (index):682 UPDATE_5
15:41:24.228 (index):682 UPDATE_7
15:41:24.229 (index):674 THINKING_4
15:41:24.231 (index):664 NODEACCESSRELEASED_18
15:41:24.232 (index):664 NODEACCESSRELEASED_11
15:41:25.226 (index):712 WAITING_13
15:41:25.228 (index):712 WAITING_1
15:41:25.230 (index):712 WAITING_17
15:41:25.231 (index):712 WAITING_8
15:41:25.232 (index):712 WAITING_3
15:41:25.233 (index):712 WAITING_16
15:41:25.233 (index):712 WAITING_0
15:41:25.234 (index):712 WAITING_9
15:41:25.235 (index):712 WAITING_14
15:41:25.235 (index):712 WAITING_15
15:41:25.236 (index):682 UPDATE_6
15:41:25.237 (index):674 THINKING_5
15:41:25.237 (index):674 THINKING_7
15:41:25.238 (index):682 UPDATE_2
15:41:26.228 (index):694 NODEACCESSREQUESTED_18
15:41:26.229 (index):694 NODEACCESSREQUESTED_11
15:41:26.229 (index):664 NODEACCESSRELEASED_6
15:41:26.230 (index):674 THINKING_2
15:41:26.231 (index):712 WAITING_13
15:41:27.227 (index):712 WAITING_1
15:41:27.227 (index):712 WAITING_17
15:41:27.228 (index):712 WAITING_8
15:41:27.228 (index):712 WAITING_3
15:41:27.229 (index):712 WAITING_16
15:41:27.229 (index):712 WAITING_0
15:41:27.230 (index):712 WAITING_9
15:41:27.231 (index):712 WAITING_14
15:41:27.232 (index):712 WAITING_15
15:41:27.233 (index):682 UPDATE_4
15:41:27.234 (index):682 UPDATE_12
15:41:27.234 (index):682 UPDATE_10
15:41:28.226 (index):682 UPDATE_18
15:41:28.227 (index):682 UPDATE_11
15:41:28.228 (index):694 NODEACCESSREQUESTED_6
15:41:28.229 (index):712 WAITING_13
15:41:28.230 (index):664 NODEACCESSRELEASED_4
15:41:28.231 (index):664 NODEACCESSRELEASED_12
15:41:28.231 (index):664 NODEACCESSRELEASED_10
15:41:29.226 (index):712 WAITING_1
15:41:29.227 (index):712 WAITING_17
15:41:29.228 (index):682 UPDATE_8
15:41:29.229 (index):712 WAITING_3
15:41:29.231 (index):712 WAITING_16
15:41:29.232 (index):712 WAITING_0
15:41:29.233 (index):712 WAITING_9
15:41:29.234 (index):712 WAITING_14
15:41:29.235 (index):712 WAITING_15
15:41:29.236 (index):674 THINKING_18
15:41:29.237 (index):674 THINKING_11
15:41:29.238 (index):682 UPDATE_2
15:41:30.226 (index):682 UPDATE_6
15:41:30.228 (index):712 WAITING_13
15:41:30.229 (index):694 NODEACCESSREQUESTED_4
15:41:30.231 (index):694 NODEACCESSREQUESTED_12
15:41:30.232 (index):694 NODEACCESSREQUESTED_10
15:41:30.233 (index):674 THINKING_8
15:41:30.234 (index):674 THINKING_2
15:41:30.234 (index):682 UPDATE_7
15:41:30.235 (index):682 UPDATE_5
15:41:31.226 (index):712 WAITING_1
15:41:31.228 (index):712 WAITING_17
15:41:31.229 (index):712 WAITING_3
15:41:31.231 (index):712 WAITING_16
15:41:31.232 (index):712 WAITING_0
15:41:31.233 (index):712 WAITING_9
15:41:31.234 (index):712 WAITING_14
15:41:31.235 (index):712 WAITING_15
15:41:31.235 (index):664 NODEACCESSRELEASED_6
15:41:31.236 (index):664 NODEACCESSRELEASED_7
15:41:31.237 (index):664 NODEACCESSRELEASED_5
15:41:32.226 (index):712 WAITING_13
15:41:32.227 (index):682 UPDATE_4
15:41:32.229 (index):682 UPDATE_12
15:41:32.230 (index):682 UPDATE_10
15:41:33.226 (index):712 WAITING_1
15:41:33.227 (index):712 WAITING_17
15:41:33.228 (index):712 WAITING_3
15:41:33.229 (index):712 WAITING_16
15:41:33.230 (index):712 WAITING_0
15:41:33.231 (index):712 WAITING_9
15:41:33.231 (index):712 WAITING_14
15:41:33.232 (index):712 WAITING_15
15:41:33.233 (index):694 NODEACCESSREQUESTED_6
15:41:33.234 (index):694 NODEACCESSREQUESTED_7
15:41:33.235 (index):694 NODEACCESSREQUESTED_5
15:41:33.235 (index):674 THINKING_4
15:41:33.235 (index):664 NODEACCESSRELEASED_12
15:41:33.236 (index):664 NODEACCESSRELEASED_10
15:41:33.236 (index):682 UPDATE_11
15:41:34.226 (index):712 WAITING_13
15:41:34.228 (index):664 NODEACCESSRELEASED_11
15:41:34.229 (index):682 UPDATE_18
15:41:35.228 (index):712 WAITING_1
15:41:35.230 (index):712 WAITING_17
15:41:35.231 (index):712 WAITING_3
15:41:35.232 (index):712 WAITING_16
15:41:35.233 (index):712 WAITING_0
15:41:35.234 (index):712 WAITING_9
15:41:35.235 (index):712 WAITING_14
15:41:35.236 (index):712 WAITING_15
15:41:35.237 (index):682 UPDATE_6
15:41:35.238 (index):682 UPDATE_7
15:41:35.238 (index):682 UPDATE_5
15:41:35.239 (index):694 NODEACCESSREQUESTED_12
15:41:35.239 (index):694 NODEACCESSREQUESTED_10
15:41:35.239 (index):674 THINKING_18
15:41:35.240 (index):682 UPDATE_8
15:41:35.240 (index):682 UPDATE_2
15:41:36.228 (index):712 WAITING_13
15:41:36.229 (index):694 NODEACCESSREQUESTED_11
15:41:36.230 (index):723 END_6
15:41:36.230 (index):664 NODEACCESSRELEASED_7
15:41:36.231 (index):664 NODEACCESSRELEASED_5
15:41:36.231 (index):664 NODEACCESSRELEASED_8
15:41:36.232 (index):664 NODEACCESSRELEASED_2
15:41:37.226 (index):712 WAITING_1
15:41:37.227 (index):712 WAITING_17
15:41:37.229 (index):712 WAITING_3
15:41:37.230 (index):712 WAITING_16
15:41:37.230 (index):682 UPDATE_0
15:41:37.231 (index):712 WAITING_9
15:41:37.232 (index):712 WAITING_14
15:41:37.233 (index):712 WAITING_15
15:41:37.233 (index):682 UPDATE_12
15:41:37.234 (index):682 UPDATE_10
15:41:38.226 (index):712 WAITING_13
15:41:38.227 (index):682 UPDATE_11
15:41:38.228 (index):694 NODEACCESSREQUESTED_7
15:41:38.229 (index):694 NODEACCESSREQUESTED_5
15:41:38.230 (index):694 NODEACCESSREQUESTED_8
15:41:38.231 (index):694 NODEACCESSREQUESTED_2
15:41:38.232 (index):674 THINKING_0
15:41:38.232 (index):664 NODEACCESSRELEASED_12
15:41:38.233 (index):664 NODEACCESSRELEASED_10
15:41:38.234 (index):682 UPDATE_4
15:41:39.226 (index):712 WAITING_1
15:41:39.227 (index):712 WAITING_17
15:41:39.227 (index):712 WAITING_3
15:41:39.227 (index):712 WAITING_16
15:41:39.228 (index):712 WAITING_9
15:41:39.228 (index):712 WAITING_14
15:41:39.229 (index):712 WAITING_15
15:41:39.229 (index):664 NODEACCESSRELEASED_11
15:41:39.230 (index):674 THINKING_4
15:41:39.230 (index):682 UPDATE_18
15:41:40.226 (index):712 WAITING_13
15:41:40.227 (index):682 UPDATE_7
15:41:40.228 (index):682 UPDATE_5
15:41:40.229 (index):682 UPDATE_8
15:41:40.230 (index):682 UPDATE_2
15:41:40.231 (index):694 NODEACCESSREQUESTED_12
15:41:40.231 (index):694 NODEACCESSREQUESTED_10
15:41:40.232 (index):664 NODEACCESSRELEASED_18
15:41:41.226 (index):712 WAITING_1
15:41:41.228 (index):712 WAITING_17
15:41:41.229 (index):712 WAITING_3
15:41:41.230 (index):712 WAITING_16
15:41:41.231 (index):712 WAITING_9
15:41:41.231 (index):712 WAITING_14
15:41:41.232 (index):712 WAITING_15
15:41:41.232 (index):694 NODEACCESSREQUESTED_11
15:41:41.233 (index):664 NODEACCESSRELEASED_7
15:41:41.234 (index):664 NODEACCESSRELEASED_5
15:41:41.234 (index):664 NODEACCESSRELEASED_8
15:41:41.235 (index):664 NODEACCESSRELEASED_2
15:41:41.235 (index):682 UPDATE_0
15:41:42.226 (index):712 WAITING_13
15:41:42.228 (index):682 UPDATE_12
15:41:42.229 (index):682 UPDATE_10
15:41:42.231 (index):694 NODEACCESSREQUESTED_18
15:41:42.232 (index):674 THINKING_0
15:41:43.228 (index):712 WAITING_1
15:41:43.230 (index):712 WAITING_17
15:41:43.230 (index):712 WAITING_3
15:41:43.231 (index):712 WAITING_16
15:41:43.231 (index):712 WAITING_9
15:41:43.232 (index):712 WAITING_14
15:41:43.232 (index):712 WAITING_15
15:41:43.233 (index):682 UPDATE_11
15:41:43.233 (index):694 NODEACCESSREQUESTED_7
15:41:43.233 (index):694 NODEACCESSREQUESTED_5
15:41:43.234 (index):694 NODEACCESSREQUESTED_8
15:41:43.234 (index):694 NODEACCESSREQUESTED_2
15:41:43.235 (index):664 NODEACCESSRELEASED_12
15:41:43.235 (index):723 END_10
15:41:43.236 (index):682 UPDATE_4
15:41:43.236 (index):712 WAITING_13
15:41:44.226 (index):682 UPDATE_18
15:41:44.227 (index):674 THINKING_11
15:41:44.228 (index):674 THINKING_4
15:41:45.226 (index):712 WAITING_1
15:41:45.227 (index):712 WAITING_17
15:41:45.227 (index):712 WAITING_3
15:41:45.228 (index):712 WAITING_16
15:41:45.230 (index):712 WAITING_9
15:41:45.231 (index):712 WAITING_14
15:41:45.232 (index):712 WAITING_15
15:41:45.232 (index):682 UPDATE_7
15:41:45.233 (index):682 UPDATE_5
15:41:45.234 (index):682 UPDATE_8
15:41:45.234 (index):682 UPDATE_2
15:41:45.235 (index):694 NODEACCESSREQUESTED_12
15:41:45.236 (index):712 WAITING_13
15:41:45.237 (index):723 END_18
15:41:46.226 (index):664 NODEACCESSRELEASED_7
15:41:46.228 (index):664 NODEACCESSRELEASED_5
15:41:46.234 (index):674 THINKING_8
15:41:46.235 (index):664 NODEACCESSRELEASED_2
15:41:47.226 (index):712 WAITING_1
15:41:47.228 (index):712 WAITING_17
15:41:47.229 (index):712 WAITING_3
15:41:47.230 (index):712 WAITING_16
15:41:47.231 (index):712 WAITING_9
15:41:47.233 (index):712 WAITING_14
15:41:47.234 (index):712 WAITING_15
15:41:47.235 (index):682 UPDATE_12
15:41:47.236 (index):712 WAITING_13
15:41:47.237 (index):682 UPDATE_4
15:41:47.237 (index):682 UPDATE_0
15:41:48.226 (index):694 NODEACCESSREQUESTED_7
15:41:48.228 (index):694 NODEACCESSREQUESTED_5
15:41:48.229 (index):694 NODEACCESSREQUESTED_2
15:41:48.232 (index):664 NODEACCESSRELEASED_12
15:41:48.233 (index):664 NODEACCESSRELEASED_4
15:41:48.234 (index):664 NODEACCESSRELEASED_0
15:41:48.235 (index):682 UPDATE_11
15:41:49.226 (index):712 WAITING_1
15:41:49.230 (index):712 WAITING_17
15:41:49.231 (index):712 WAITING_3
15:41:49.233 (index):712 WAITING_16
15:41:49.234 (index):682 UPDATE_9
15:41:49.235 (index):712 WAITING_14
15:41:49.236 (index):712 WAITING_15
15:41:49.236 (index):712 WAITING_13
15:41:49.237 (index):723 END_11
15:41:50.226 (index):682 UPDATE_7
15:41:50.227 (index):682 UPDATE_5
15:41:50.228 (index):682 UPDATE_2
15:41:50.228 (index):694 NODEACCESSREQUESTED_12
15:41:50.229 (index):694 NODEACCESSREQUESTED_4
15:41:50.230 (index):694 NODEACCESSREQUESTED_0
15:41:50.230 (index):664 NODEACCESSRELEASED_9
15:41:50.231 (index):682 UPDATE_8
15:41:51.227 (index):712 WAITING_1
15:41:51.228 (index):712 WAITING_17
15:41:51.229 (index):682 UPDATE_3
15:41:51.230 (index):712 WAITING_16
15:41:51.231 (index):712 WAITING_14
15:41:51.232 (index):712 WAITING_15
15:41:51.233 (index):712 WAITING_13
15:41:51.234 (index):664 NODEACCESSRELEASED_7
15:41:51.235 (index):723 END_5
15:41:51.235 (index):664 NODEACCESSRELEASED_2
15:41:51.236 (index):664 NODEACCESSRELEASED_8
15:41:52.226 (index):682 UPDATE_12
15:41:52.227 (index):682 UPDATE_4
15:41:52.228 (index):682 UPDATE_0
15:41:52.229 (index):694 NODEACCESSREQUESTED_9
15:41:52.230 (index):664 NODEACCESSRELEASED_3
15:41:53.226 (index):712 WAITING_1
15:41:53.227 (index):712 WAITING_17
15:41:53.228 (index):712 WAITING_16
15:41:53.228 (index):712 WAITING_14
15:41:53.229 (index):712 WAITING_15
15:41:53.231 (index):682 UPDATE_13
15:41:53.232 (index):694 NODEACCESSREQUESTED_7
15:41:53.233 (index):694 NODEACCESSREQUESTED_2
15:41:53.234 (index):694 NODEACCESSREQUESTED_8
15:41:53.235 (index):664 NODEACCESSRELEASED_12
15:41:53.236 (index):664 NODEACCESSRELEASED_4
15:41:53.237 (index):674 THINKING_0
15:41:54.228 (index):682 UPDATE_9
15:41:54.229 (index):694 NODEACCESSREQUESTED_3
15:41:54.231 (index):664 NODEACCESSRELEASED_13
15:41:54.232 (index):682 UPDATE_1
15:41:54.234 (index):712 WAITING_17
15:41:55.227 (index):712 WAITING_16
15:41:55.228 (index):712 WAITING_14
15:41:55.229 (index):712 WAITING_15
15:41:55.229 (index):682 UPDATE_7
15:41:55.230 (index):682 UPDATE_2
15:41:55.231 (index):682 UPDATE_8
15:41:55.231 (index):694 NODEACCESSREQUESTED_12
15:41:55.232 (index):694 NODEACCESSREQUESTED_4
15:41:55.233 (index):664 NODEACCESSRELEASED_9
15:41:55.234 (index):674 THINKING_1
15:41:56.226 (index):682 UPDATE_3
15:41:56.227 (index):694 NODEACCESSREQUESTED_13
15:41:56.228 (index):712 WAITING_17
15:41:56.230 (index):674 THINKING_7
15:41:56.231 (index):723 END_2
15:41:56.231 (index):664 NODEACCESSRELEASED_8
15:41:56.232 (index):682 UPDATE_0
15:41:57.226 (index):712 WAITING_16
15:41:57.228 (index):712 WAITING_14
15:41:57.229 (index):712 WAITING_15
15:41:57.230 (index):682 UPDATE_12
15:41:57.231 (index):682 UPDATE_4
15:41:57.233 (index):694 NODEACCESSREQUESTED_9
15:41:57.234 (index):664 NODEACCESSRELEASED_3
15:41:57.235 (index):664 NODEACCESSRELEASED_0
15:41:58.226 (index):682 UPDATE_13
15:41:58.227 (index):712 WAITING_17
15:41:58.228 (index):694 NODEACCESSREQUESTED_8
15:41:58.229 (index):674 THINKING_12
15:41:58.230 (index):674 THINKING_4
15:41:58.230 (index):682 UPDATE_1
15:41:59.226 (index):712 WAITING_16
15:41:59.227 (index):712 WAITING_14
15:41:59.228 (index):712 WAITING_15
15:41:59.229 (index):682 UPDATE_9
15:41:59.232 (index):694 NODEACCESSREQUESTED_3
15:41:59.233 (index):694 NODEACCESSREQUESTED_0
15:41:59.233 (index):664 NODEACCESSRELEASED_13
15:41:59.234 (index):664 NODEACCESSRELEASED_1
15:42:00.226 (index):712 WAITING_17
15:42:00.228 (index):682 UPDATE_8
15:42:00.231 (index):674 THINKING_9
15:42:00.233 (index):682 UPDATE_7
15:42:01.226 (index):712 WAITING_16
15:42:01.228 (index):682 UPDATE_14
15:42:01.231 (index):712 WAITING_15
15:42:01.234 (index):682 UPDATE_3
15:42:01.235 (index):682 UPDATE_0
15:42:01.236 (index):694 NODEACCESSREQUESTED_13
15:42:01.236 (index):694 NODEACCESSREQUESTED_1
15:42:01.237 (index):664 NODEACCESSRELEASED_8
15:42:01.237 (index):664 NODEACCESSRELEASED_7
15:42:02.226 (index):712 WAITING_17
15:42:02.227 (index):674 THINKING_14
15:42:02.227 (index):664 NODEACCESSRELEASED_3
15:42:02.228 (index):664 NODEACCESSRELEASED_0
15:42:02.229 (index):682 UPDATE_12
15:42:03.226 (index):712 WAITING_16
15:42:03.228 (index):712 WAITING_15
15:42:03.230 (index):682 UPDATE_13
15:42:03.231 (index):682 UPDATE_1
15:42:03.233 (index):694 NODEACCESSREQUESTED_8
15:42:03.234 (index):694 NODEACCESSREQUESTED_7
15:42:03.234 (index):664 NODEACCESSRELEASED_12
15:42:03.235 (index):682 UPDATE_4
15:42:04.227 (index):712 WAITING_17
15:42:04.228 (index):694 NODEACCESSREQUESTED_3
15:42:04.230 (index):694 NODEACCESSREQUESTED_0
15:42:04.231 (index):664 NODEACCESSRELEASED_13
15:42:04.233 (index):674 THINKING_1
15:42:04.234 (index):723 END_4
15:42:04.235 (index):682 UPDATE_9
15:42:05.226 (index):712 WAITING_16
15:42:05.227 (index):712 WAITING_15
15:42:05.228 (index):682 UPDATE_8
15:42:05.229 (index):682 UPDATE_7
15:42:05.230 (index):694 NODEACCESSREQUESTED_12
15:42:05.231 (index):664 NODEACCESSRELEASED_9
15:42:06.226 (index):682 UPDATE_14
15:42:06.228 (index):712 WAITING_17
15:42:06.229 (index):682 UPDATE_3
15:42:06.230 (index):682 UPDATE_0
15:42:06.231 (index):694 NODEACCESSREQUESTED_13
15:42:06.233 (index):664 NODEACCESSRELEASED_8
15:42:06.234 (index):723 END_7
15:42:07.226 (index):712 WAITING_16
15:42:07.227 (index):712 WAITING_15
15:42:07.229 (index):682 UPDATE_12
15:42:07.230 (index):694 NODEACCESSREQUESTED_9
15:42:07.230 (index):664 NODEACCESSRELEASED_14
15:42:07.231 (index):664 NODEACCESSRELEASED_3
15:42:07.231 (index):674 THINKING_0
15:42:07.232 (index):682 UPDATE_1
15:42:08.226 (index):712 WAITING_17
15:42:08.227 (index):682 UPDATE_13
15:42:08.227 (index):694 NODEACCESSREQUESTED_8
15:42:08.229 (index):664 NODEACCESSRELEASED_12
15:42:08.230 (index):674 THINKING_1
15:42:09.229 (index):712 WAITING_16
15:42:09.231 (index):682 UPDATE_15
15:42:09.232 (index):682 UPDATE_9
15:42:09.233 (index):694 NODEACCESSREQUESTED_14
15:42:09.234 (index):694 NODEACCESSREQUESTED_3
15:42:09.234 (index):664 NODEACCESSRELEASED_13
15:42:09.235 (index):712 WAITING_17
15:42:09.235 (index):682 UPDATE_8
15:42:10.226 (index):694 NODEACCESSREQUESTED_12
15:42:10.228 (index):664 NODEACCESSRELEASED_15
15:42:10.229 (index):664 NODEACCESSRELEASED_9
15:42:10.231 (index):664 NODEACCESSRELEASED_8
15:42:11.226 (index):682 UPDATE_16
15:42:11.227 (index):682 UPDATE_14
15:42:11.229 (index):682 UPDATE_3
15:42:11.230 (index):694 NODEACCESSREQUESTED_13
15:42:11.231 (index):712 WAITING_17
15:42:11.232 (index):682 UPDATE_0
15:42:12.227 (index):682 UPDATE_12
15:42:12.229 (index):694 NODEACCESSREQUESTED_15
15:42:12.230 (index):694 NODEACCESSREQUESTED_9
15:42:12.231 (index):694 NODEACCESSREQUESTED_8
15:42:12.232 (index):664 NODEACCESSRELEASED_16
15:42:12.233 (index):664 NODEACCESSRELEASED_14
15:42:12.234 (index):674 THINKING_3
15:42:12.234 (index):664 NODEACCESSRELEASED_0
15:42:13.226 (index):682 UPDATE_13
15:42:13.228 (index):682 UPDATE_17
15:42:13.229 (index):723 END_12
15:42:13.230 (index):682 UPDATE_1
15:42:14.227 (index):682 UPDATE_15
15:42:14.228 (index):682 UPDATE_9
15:42:14.229 (index):682 UPDATE_8
15:42:14.230 (index):694 NODEACCESSREQUESTED_16
15:42:14.231 (index):694 NODEACCESSREQUESTED_14
15:42:14.232 (index):694 NODEACCESSREQUESTED_0
15:42:14.233 (index):664 NODEACCESSRELEASED_13
15:42:14.233 (index):664 NODEACCESSRELEASED_17
15:42:14.234 (index):674 THINKING_1
15:42:15.226 (index):674 THINKING_15
15:42:15.227 (index):674 THINKING_9
15:42:15.228 (index):664 NODEACCESSRELEASED_8
15:42:15.229 (index):682 UPDATE_3
15:42:16.227 (index):682 UPDATE_16
15:42:16.228 (index):682 UPDATE_14
15:42:16.231 (index):682 UPDATE_0
15:42:16.233 (index):694 NODEACCESSREQUESTED_13
15:42:16.234 (index):694 NODEACCESSREQUESTED_17
15:42:16.236 (index):664 NODEACCESSRELEASED_3
15:42:17.226 (index):694 NODEACCESSREQUESTED_8
15:42:17.227 (index):664 NODEACCESSRELEASED_16
15:42:17.228 (index):664 NODEACCESSRELEASED_14
15:42:17.228 (index):664 NODEACCESSRELEASED_0
15:42:18.226 (index):682 UPDATE_13
15:42:18.228 (index):682 UPDATE_17
15:42:18.229 (index):694 NODEACCESSREQUESTED_3
15:42:19.226 (index):682 UPDATE_8
15:42:19.228 (index):694 NODEACCESSREQUESTED_16
15:42:19.229 (index):694 NODEACCESSREQUESTED_14
15:42:19.230 (index):694 NODEACCESSREQUESTED_0
15:42:19.231 (index):664 NODEACCESSRELEASED_13
15:42:19.231 (index):664 NODEACCESSRELEASED_17
15:42:19.232 (index):682 UPDATE_1
15:42:19.232 (index):682 UPDATE_9
15:42:20.226 (index):682 UPDATE_3
15:42:20.227 (index):723 END_8
15:42:20.228 (index):664 NODEACCESSRELEASED_1
15:42:20.229 (index):664 NODEACCESSRELEASED_9
15:42:20.230 (index):682 UPDATE_15
15:42:21.226 (index):682 UPDATE_16
15:42:21.228 (index):682 UPDATE_14
15:42:21.229 (index):682 UPDATE_0
15:42:21.230 (index):694 NODEACCESSREQUESTED_13
15:42:21.231 (index):694 NODEACCESSREQUESTED_17
15:42:21.232 (index):664 NODEACCESSRELEASED_3
15:42:21.233 (index):674 THINKING_15
15:42:22.226 (index):694 NODEACCESSREQUESTED_1
15:42:22.228 (index):694 NODEACCESSREQUESTED_9
15:42:22.230 (index):674 THINKING_16
15:42:22.230 (index):664 NODEACCESSRELEASED_14
15:42:22.231 (index):664 NODEACCESSRELEASED_0
15:42:23.227 (index):682 UPDATE_13
15:42:23.228 (index):682 UPDATE_17
15:42:23.229 (index):694 NODEACCESSREQUESTED_3
15:42:24.228 (index):682 UPDATE_1
15:42:24.230 (index):682 UPDATE_9
15:42:24.232 (index):694 NODEACCESSREQUESTED_14
15:42:24.233 (index):694 NODEACCESSREQUESTED_0
15:42:24.234 (index):664 NODEACCESSRELEASED_13
15:42:24.235 (index):664 NODEACCESSRELEASED_17
15:42:24.235 (index):682 UPDATE_15
15:42:25.226 (index):682 UPDATE_3
15:42:25.228 (index):674 THINKING_1
15:42:25.229 (index):664 NODEACCESSRELEASED_9
15:42:25.230 (index):664 NODEACCESSRELEASED_15
15:42:26.226 (index):682 UPDATE_14
15:42:26.227 (index):682 UPDATE_0
15:42:26.228 (index):694 NODEACCESSREQUESTED_13
15:42:26.228 (index):694 NODEACCESSREQUESTED_17
15:42:26.230 (index):674 THINKING_3
15:42:27.226 (index):694 NODEACCESSREQUESTED_9
15:42:27.228 (index):694 NODEACCESSREQUESTED_15
15:42:27.230 (index):682 UPDATE_16
15:42:27.231 (index):674 THINKING_14
15:42:27.233 (index):723 END_0
15:42:28.226 (index):682 UPDATE_13
15:42:28.227 (index):682 UPDATE_17
15:42:28.228 (index):674 THINKING_16
15:42:28.229 (index):682 UPDATE_1
15:42:29.226 (index):682 UPDATE_9
15:42:29.227 (index):682 UPDATE_15
15:42:29.228 (index):664 NODEACCESSRELEASED_13
15:42:29.228 (index):664 NODEACCESSRELEASED_17
15:42:29.229 (index):664 NODEACCESSRELEASED_1
15:42:29.230 (index):682 UPDATE_3
15:42:30.226 (index):664 NODEACCESSRELEASED_9
15:42:30.228 (index):674 THINKING_15
15:42:30.229 (index):664 NODEACCESSRELEASED_3
15:42:30.231 (index):682 UPDATE_14
15:42:31.226 (index):694 NODEACCESSREQUESTED_13
15:42:31.228 (index):694 NODEACCESSREQUESTED_17
15:42:31.229 (index):694 NODEACCESSREQUESTED_1
15:42:31.230 (index):664 NODEACCESSRELEASED_14
15:42:31.231 (index):682 UPDATE_16
15:42:32.228 (index):694 NODEACCESSREQUESTED_9
15:42:32.229 (index):694 NODEACCESSREQUESTED_3
15:42:32.230 (index):674 THINKING_16
15:42:32.231 (index):682 UPDATE_13
15:42:33.226 (index):682 UPDATE_17
15:42:33.228 (index):682 UPDATE_1
15:42:33.230 (index):694 NODEACCESSREQUESTED_14
15:42:33.231 (index):664 NODEACCESSRELEASED_13
15:42:33.232 (index):682 UPDATE_15
15:42:34.226 (index):682 UPDATE_9
15:42:34.228 (index):682 UPDATE_3
15:42:34.229 (index):674 THINKING_17
15:42:34.230 (index):723 END_1
15:42:34.232 (index):674 THINKING_15
15:42:35.230 (index):682 UPDATE_14
15:42:35.231 (index):694 NODEACCESSREQUESTED_13
15:42:35.232 (index):723 END_9
15:42:35.233 (index):723 END_3
15:42:35.234 (index):682 UPDATE_16
15:42:36.228 (index):664 NODEACCESSRELEASED_14
15:42:36.230 (index):664 NODEACCESSRELEASED_16
15:42:37.226 (index):682 UPDATE_13
15:42:37.228 (index):682 UPDATE_15
15:42:38.226 (index):694 NODEACCESSREQUESTED_14
15:42:38.228 (index):694 NODEACCESSREQUESTED_16
15:42:38.229 (index):664 NODEACCESSRELEASED_13
15:42:38.230 (index):664 NODEACCESSRELEASED_15
15:42:38.230 (index):682 UPDATE_17
15:42:39.226 (index):664 NODEACCESSRELEASED_17
15:42:40.226 (index):682 UPDATE_14
15:42:40.227 (index):682 UPDATE_16
15:42:40.228 (index):694 NODEACCESSREQUESTED_13
15:42:40.229 (index):694 NODEACCESSREQUESTED_15
15:42:41.227 (index):694 NODEACCESSREQUESTED_17
15:42:41.228 (index):674 THINKING_14
15:42:41.230 (index):674 THINKING_16
15:42:42.228 (index):682 UPDATE_13
15:42:42.231 (index):682 UPDATE_15
15:42:42.232 (index):682 UPDATE_17
15:42:43.226 (index):664 NODEACCESSRELEASED_13
15:42:43.227 (index):674 THINKING_15
15:42:43.228 (index):664 NODEACCESSRELEASED_17
15:42:44.228 (index):694 NODEACCESSREQUESTED_13
15:42:45.227 (index):694 NODEACCESSREQUESTED_17
15:42:45.228 (index):682 UPDATE_14
15:42:46.227 (index):682 UPDATE_13
15:42:46.228 (index):674 THINKING_14
15:42:46.231 (index):682 UPDATE_16
15:42:47.226 (index):682 UPDATE_17
15:42:47.228 (index):723 END_13
15:42:47.229 (index):664 NODEACCESSRELEASED_16
15:42:48.226 (index):664 NODEACCESSRELEASED_17
15:42:48.227 (index):682 UPDATE_15
15:42:48.584 (index):694 NODEACCESSREQUESTED_16
15:42:48.585 (index):664 NODEACCESSRELEASED_15
15:42:49.227 (index):694 NODEACCESSREQUESTED_17
15:42:49.585 (index):682 UPDATE_16
15:42:49.586 (index):694 NODEACCESSREQUESTED_15
15:42:49.686 (index):674 THINKING_16
15:42:50.228 (index):682 UPDATE_17
15:42:50.304 (index):682 UPDATE_14
15:42:50.330 (index):674 THINKING_17
15:42:50.405 (index):664 NODEACCESSRELEASED_14
15:42:50.587 (index):682 UPDATE_15
15:42:50.688 (index):674 THINKING_15
15:42:51.406 (index):694 NODEACCESSREQUESTED_14
15:42:52.407 (index):682 UPDATE_14
15:42:52.420 (index):682 UPDATE_16
15:42:52.508 (index):723 END_14
15:42:52.521 (index):664 NODEACCESSRELEASED_16
15:42:53.522 (index):694 NODEACCESSREQUESTED_16
15:42:54.036 (index):682 UPDATE_17
15:42:54.137 (index):664 NODEACCESSRELEASED_17
15:42:54.478 (index):682 UPDATE_15
15:42:54.523 (index):682 UPDATE_16
15:42:54.579 (index):664 NODEACCESSRELEASED_15
15:42:54.625 (index):664 NODEACCESSRELEASED_16
15:42:55.138 (index):694 NODEACCESSREQUESTED_17
15:42:55.581 (index):694 NODEACCESSREQUESTED_15
15:42:55.626 (index):694 NODEACCESSREQUESTED_16
15:42:56.140 (index):682 UPDATE_17
15:42:56.241 (index):674 THINKING_17
15:42:56.582 (index):682 UPDATE_15
15:42:56.627 (index):682 UPDATE_16
15:42:56.683 (index):723 END_15
15:42:56.728 (index):723 END_16
15:42:59.346 (index):682 UPDATE_17
15:42:59.447 (index):674 THINKING_17
15:43:02.143 (index):682 UPDATE_17
15:43:02.244 (index):723 END_17
