15:15:33.248 (index):755 Tasks: 25; Collaborators: 1    =========================>
15:15:33.249 (index):694 NODEACCESSREQUESTED_0
15:15:34.250 (index):674 THINKING_0
15:15:38.599 (index):682 UPDATE_0
15:15:38.699 (index):664 NODEACCESSRELEASED_0
15:15:39.702 (index):694 NODEACCESSREQUESTED_0
15:15:40.703 (index):682 UPDATE_0
15:15:40.803 (index):664 NODEACCESSRELEASED_0
15:15:41.850 (index):694 NODEACCESSREQUESTED_0
15:15:42.851 (index):682 UPDATE_0
15:15:42.970 (index):674 THINKING_0
15:15:45.540 (index):682 UPDATE_0
15:15:45.641 (index):674 THINKING_0
15:15:50.582 (index):682 UPDATE_0
15:15:50.683 (index):664 NODEACCESSRELEASED_0
15:15:51.684 (index):694 NODEACCESSREQUESTED_0
15:15:52.685 (index):682 UPDATE_0
15:15:52.785 (index):674 THINKING_0
15:15:54.941 (index):682 UPDATE_0
15:15:55.042 (index):664 NODEACCESSRELEASED_0
15:15:56.043 (index):694 NODEACCESSREQUESTED_0
15:15:57.044 (index):682 UPDATE_0
15:15:57.145 (index):664 NODEACCESSRELEASED_0
15:15:58.146 (index):694 NODEACCESSREQUESTED_0
15:15:59.148 (index):682 UPDATE_0
15:15:59.249 (index):674 THINKING_0
15:16:03.244 (index):682 UPDATE_0
15:16:03.347 (index):664 NODEACCESSRELEASED_0
15:16:04.348 (index):694 NODEACCESSREQUESTED_0
15:16:05.349 (index):682 UPDATE_0
15:16:05.451 (index):664 NODEACCESSRELEASED_0
15:16:06.452 (index):694 NODEACCESSREQUESTED_0
15:16:07.453 (index):682 UPDATE_0
15:16:07.555 (index):664 NODEACCESSRELEASED_0
15:16:08.556 (index):694 NODEACCESSREQUESTED_0
15:16:09.557 (index):682 UPDATE_0
15:16:09.658 (index):723 END_0
