17:28:08.227 (index):1104 Tasks: 25; Collaborators: 13    =========================>
17:28:08.228 (index):843 NODEACCESSREQUESTED_0
17:28:08.229 (index):843 NODEACCESSREQUESTED_1
17:28:08.229 (index):843 NODEACCESSREQUESTED_2
17:28:08.230 (index):843 NODEACCESSREQUESTED_3
17:28:08.231 (index):843 NODEACCESSREQUESTED_4
17:28:08.232 (index):843 NODEACCESSREQUESTED_5
17:28:08.233 (index):843 NODEACCESSREQUESTED_6
17:28:08.234 (index):843 NODEACCESSREQUESTED_7
17:28:08.235 (index):843 NODEACCESSREQUESTED_8
17:28:08.235 (index):843 NODEACCESSREQUESTED_9
17:28:08.236 (index):843 NODEACCESSREQUESTED_10
17:28:08.237 (index):843 NODEACCESSREQUESTED_11
17:28:08.237 (index):843 NODEACCESSREQUESTED_12
17:28:10.226 (index):823 THINKING_0
17:28:10.227 (index):823 THINKING_1
17:28:10.228 (index):813 NODEACCESSRELEASED_2
17:28:10.229 (index):813 NODEACCESSRELEASED_3
17:28:10.229 (index):813 NODEACCESSRELEASED_4
17:28:10.230 (index):813 NODEACCESSRELEASED_5
17:28:10.231 (index):823 THINKING_6
17:28:10.232 (index):813 NODEACCESSRELEASED_7
17:28:10.233 (index):823 THINKING_8
17:28:10.234 (index):813 NODEACCESSRELEASED_9
17:28:10.235 (index):861 WAITING_10
17:28:10.236 (index):861 WAITING_11
17:28:10.237 (index):861 WAITING_12
17:28:12.226 (index):843 NODEACCESSREQUESTED_2
17:28:12.227 (index):843 NODEACCESSREQUESTED_3
17:28:12.228 (index):843 NODEACCESSREQUESTED_4
17:28:12.230 (index):843 NODEACCESSREQUESTED_5
17:28:12.231 (index):843 NODEACCESSREQUESTED_7
17:28:12.232 (index):843 NODEACCESSREQUESTED_9
17:28:12.233 (index):861 WAITING_10
17:28:12.234 (index):861 WAITING_11
17:28:12.234 (index):861 WAITING_12
17:28:13.226 (index):831 UPDATE_8
17:28:13.227 (index):831 UPDATE_6
17:28:13.228 (index):831 UPDATE_1
17:28:14.226 (index):831 UPDATE_2
17:28:14.227 (index):831 UPDATE_3
17:28:14.228 (index):831 UPDATE_4
17:28:14.228 (index):831 UPDATE_5
17:28:14.229 (index):831 UPDATE_7
17:28:14.229 (index):831 UPDATE_9
17:28:14.230 (index):861 WAITING_10
17:28:14.231 (index):861 WAITING_11
17:28:14.232 (index):861 WAITING_12
17:28:14.233 (index):823 THINKING_8
17:28:14.234 (index):813 NODEACCESSRELEASED_6
17:28:14.235 (index):813 NODEACCESSRELEASED_1
17:28:15.227 (index):813 NODEACCESSRELEASED_2
17:28:15.227 (index):813 NODEACCESSRELEASED_3
17:28:15.228 (index):813 NODEACCESSRELEASED_4
17:28:15.228 (index):823 THINKING_5
17:28:15.229 (index):813 NODEACCESSRELEASED_7
17:28:15.229 (index):823 THINKING_9
17:28:15.230 (index):831 UPDATE_0
17:28:16.226 (index):861 WAITING_10
17:28:16.227 (index):861 WAITING_11
17:28:16.228 (index):861 WAITING_12
17:28:16.229 (index):843 NODEACCESSREQUESTED_6
17:28:16.231 (index):843 NODEACCESSREQUESTED_1
17:28:16.233 (index):813 NODEACCESSRELEASED_0
17:28:17.226 (index):843 NODEACCESSREQUESTED_2
17:28:17.227 (index):843 NODEACCESSREQUESTED_3
17:28:17.228 (index):843 NODEACCESSREQUESTED_4
17:28:17.229 (index):843 NODEACCESSREQUESTED_7
17:28:18.226 (index):861 WAITING_10
17:28:18.227 (index):861 WAITING_11
17:28:18.229 (index):861 WAITING_12
17:28:18.231 (index):831 UPDATE_6
17:28:18.232 (index):831 UPDATE_1
17:28:18.233 (index):843 NODEACCESSREQUESTED_0
17:28:18.234 (index):831 UPDATE_5
17:28:19.226 (index):831 UPDATE_2
17:28:19.227 (index):831 UPDATE_3
17:28:19.228 (index):831 UPDATE_4
17:28:19.229 (index):831 UPDATE_7
17:28:19.230 (index):813 NODEACCESSRELEASED_6
17:28:19.231 (index):823 THINKING_1
17:28:19.232 (index):813 NODEACCESSRELEASED_5
17:28:19.233 (index):831 UPDATE_8
17:28:20.226 (index):861 WAITING_10
17:28:20.227 (index):861 WAITING_11
17:28:20.228 (index):861 WAITING_12
17:28:20.229 (index):831 UPDATE_0
17:28:20.230 (index):813 NODEACCESSRELEASED_2
17:28:20.231 (index):823 THINKING_3
17:28:20.232 (index):813 NODEACCESSRELEASED_4
17:28:20.233 (index):813 NODEACCESSRELEASED_7
17:28:20.234 (index):813 NODEACCESSRELEASED_8
17:28:20.235 (index):831 UPDATE_9
17:28:21.226 (index):843 NODEACCESSREQUESTED_6
17:28:21.227 (index):843 NODEACCESSREQUESTED_5
17:28:21.228 (index):813 NODEACCESSRELEASED_0
17:28:21.228 (index):823 THINKING_9
17:28:22.226 (index):861 WAITING_10
17:28:22.227 (index):861 WAITING_11
17:28:22.228 (index):861 WAITING_12
17:28:22.228 (index):843 NODEACCESSREQUESTED_2
17:28:22.229 (index):843 NODEACCESSREQUESTED_4
17:28:22.230 (index):843 NODEACCESSREQUESTED_7
17:28:22.231 (index):843 NODEACCESSREQUESTED_8
17:28:23.226 (index):831 UPDATE_6
17:28:23.227 (index):831 UPDATE_5
17:28:23.228 (index):843 NODEACCESSREQUESTED_0
17:28:23.229 (index):831 UPDATE_1
17:28:24.226 (index):861 WAITING_10
17:28:24.227 (index):861 WAITING_11
17:28:24.227 (index):861 WAITING_12
17:28:24.228 (index):831 UPDATE_2
17:28:24.229 (index):831 UPDATE_4
17:28:24.230 (index):831 UPDATE_7
17:28:24.231 (index):831 UPDATE_8
17:28:24.233 (index):813 NODEACCESSRELEASED_6
17:28:24.234 (index):823 THINKING_5
17:28:24.235 (index):823 THINKING_1
17:28:24.235 (index):831 UPDATE_9
17:28:25.226 (index):831 UPDATE_0
17:28:25.227 (index):823 THINKING_2
17:28:25.228 (index):813 NODEACCESSRELEASED_4
17:28:25.229 (index):823 THINKING_7
17:28:25.229 (index):823 THINKING_8
17:28:25.231 (index):813 NODEACCESSRELEASED_9
17:28:25.232 (index):831 UPDATE_3
17:28:26.226 (index):861 WAITING_10
17:28:26.228 (index):861 WAITING_11
17:28:26.229 (index):861 WAITING_12
17:28:26.229 (index):843 NODEACCESSREQUESTED_6
17:28:26.230 (index):823 THINKING_0
17:28:26.231 (index):813 NODEACCESSRELEASED_3
17:28:27.226 (index):843 NODEACCESSREQUESTED_4
17:28:27.227 (index):843 NODEACCESSREQUESTED_9
17:28:28.226 (index):861 WAITING_10
17:28:28.227 (index):861 WAITING_11
17:28:28.228 (index):861 WAITING_12
17:28:28.229 (index):831 UPDATE_6
17:28:28.230 (index):843 NODEACCESSREQUESTED_3
17:28:28.231 (index):831 UPDATE_5
17:28:28.232 (index):831 UPDATE_7
17:28:28.233 (index):831 UPDATE_2
17:28:29.226 (index):831 UPDATE_4
17:28:29.227 (index):831 UPDATE_9
17:28:29.228 (index):813 NODEACCESSRELEASED_6
17:28:29.228 (index):813 NODEACCESSRELEASED_5
17:28:29.229 (index):813 NODEACCESSRELEASED_7
17:28:29.229 (index):813 NODEACCESSRELEASED_2
17:28:29.230 (index):831 UPDATE_1
17:28:29.231 (index):831 UPDATE_0
17:28:30.226 (index):861 WAITING_10
17:28:30.227 (index):861 WAITING_11
17:28:30.228 (index):861 WAITING_12
17:28:30.229 (index):831 UPDATE_3
17:28:30.229 (index):813 NODEACCESSRELEASED_4
17:28:30.230 (index):813 NODEACCESSRELEASED_9
17:28:30.231 (index):813 NODEACCESSRELEASED_1
17:28:30.232 (index):823 THINKING_0
17:28:30.233 (index):831 UPDATE_8
17:28:31.226 (index):843 NODEACCESSREQUESTED_6
17:28:31.227 (index):843 NODEACCESSREQUESTED_5
17:28:31.228 (index):843 NODEACCESSREQUESTED_7
17:28:31.229 (index):843 NODEACCESSREQUESTED_2
17:28:31.229 (index):813 NODEACCESSRELEASED_3
17:28:31.231 (index):813 NODEACCESSRELEASED_8
17:28:32.226 (index):861 WAITING_10
17:28:32.227 (index):861 WAITING_11
17:28:32.227 (index):861 WAITING_12
17:28:32.228 (index):843 NODEACCESSREQUESTED_4
17:28:32.228 (index):843 NODEACCESSREQUESTED_9
17:28:32.229 (index):843 NODEACCESSREQUESTED_1
17:28:33.227 (index):831 UPDATE_6
17:28:33.229 (index):831 UPDATE_5
17:28:33.230 (index):831 UPDATE_7
17:28:33.231 (index):831 UPDATE_2
17:28:33.232 (index):843 NODEACCESSREQUESTED_3
17:28:33.233 (index):843 NODEACCESSREQUESTED_8
17:28:34.226 (index):861 WAITING_10
17:28:34.228 (index):861 WAITING_11
17:28:34.229 (index):861 WAITING_12
17:28:34.230 (index):831 UPDATE_4
17:28:34.231 (index):831 UPDATE_9
17:28:34.232 (index):831 UPDATE_1
17:28:34.233 (index):813 NODEACCESSRELEASED_6
17:28:34.234 (index):823 THINKING_5
17:28:34.235 (index):823 THINKING_7
17:28:34.236 (index):813 NODEACCESSRELEASED_2
17:28:35.226 (index):831 UPDATE_3
17:28:35.227 (index):831 UPDATE_8
17:28:35.228 (index):823 THINKING_4
17:28:35.228 (index):813 NODEACCESSRELEASED_9
17:28:35.229 (index):823 THINKING_1
17:28:35.229 (index):831 UPDATE_0
17:28:36.226 (index):861 WAITING_10
17:28:36.227 (index):861 WAITING_11
17:28:36.228 (index):861 WAITING_12
17:28:36.228 (index):843 NODEACCESSREQUESTED_6
17:28:36.229 (index):843 NODEACCESSREQUESTED_2
17:28:36.230 (index):813 NODEACCESSRELEASED_3
17:28:36.231 (index):813 NODEACCESSRELEASED_8
17:28:36.232 (index):813 NODEACCESSRELEASED_0
17:28:37.226 (index):843 NODEACCESSREQUESTED_9
17:28:38.226 (index):861 WAITING_10
17:28:38.227 (index):861 WAITING_11
17:28:38.228 (index):861 WAITING_12
17:28:38.228 (index):831 UPDATE_6
17:28:38.229 (index):831 UPDATE_2
17:28:38.230 (index):843 NODEACCESSREQUESTED_3
17:28:38.231 (index):843 NODEACCESSREQUESTED_8
17:28:38.232 (index):843 NODEACCESSREQUESTED_0
17:28:38.232 (index):831 UPDATE_1
17:28:38.233 (index):831 UPDATE_4
17:28:39.226 (index):831 UPDATE_9
17:28:39.227 (index):823 THINKING_6
17:28:39.228 (index):823 THINKING_2
17:28:39.229 (index):813 NODEACCESSRELEASED_1
17:28:39.230 (index):813 NODEACCESSRELEASED_4
17:28:39.231 (index):831 UPDATE_5
17:28:39.232 (index):831 UPDATE_7
17:28:40.226 (index):861 WAITING_10
17:28:40.227 (index):861 WAITING_11
17:28:40.228 (index):861 WAITING_12
17:28:40.229 (index):831 UPDATE_3
17:28:40.230 (index):831 UPDATE_8
17:28:40.231 (index):831 UPDATE_0
17:28:40.232 (index):823 THINKING_9
17:28:40.232 (index):823 THINKING_5
17:28:40.233 (index):813 NODEACCESSRELEASED_7
17:28:41.226 (index):843 NODEACCESSREQUESTED_1
17:28:41.228 (index):843 NODEACCESSREQUESTED_4
17:28:41.229 (index):813 NODEACCESSRELEASED_3
17:28:41.230 (index):823 THINKING_8
17:28:41.232 (index):823 THINKING_0
17:28:42.228 (index):861 WAITING_10
17:28:42.229 (index):861 WAITING_11
17:28:42.229 (index):861 WAITING_12
17:28:42.230 (index):843 NODEACCESSREQUESTED_7
17:28:42.231 (index):831 UPDATE_6
17:28:42.232 (index):831 UPDATE_2
17:28:42.232 (index):831 UPDATE_1
17:28:43.226 (index):831 UPDATE_4
17:28:43.227 (index):843 NODEACCESSREQUESTED_3
17:28:43.228 (index):831 UPDATE_5
17:28:43.228 (index):823 THINKING_6
17:28:43.229 (index):823 THINKING_2
17:28:43.230 (index):823 THINKING_1
17:28:44.226 (index):861 WAITING_10
17:28:44.227 (index):861 WAITING_11
17:28:44.228 (index):861 WAITING_12
17:28:44.229 (index):831 UPDATE_7
17:28:44.229 (index):823 THINKING_4
17:28:44.231 (index):813 NODEACCESSRELEASED_5
17:28:44.232 (index):831 UPDATE_9
17:28:44.233 (index):831 UPDATE_0
17:28:45.229 (index):831 UPDATE_3
17:28:45.231 (index):813 NODEACCESSRELEASED_7
17:28:45.233 (index):813 NODEACCESSRELEASED_9
17:28:45.234 (index):813 NODEACCESSRELEASED_0
17:28:45.235 (index):831 UPDATE_8
17:28:45.236 (index):861 WAITING_10
17:28:45.237 (index):861 WAITING_11
17:28:45.237 (index):861 WAITING_12
17:28:46.226 (index):843 NODEACCESSREQUESTED_5
17:28:46.227 (index):813 NODEACCESSRELEASED_3
17:28:46.228 (index):813 NODEACCESSRELEASED_8
17:28:46.229 (index):831 UPDATE_2
17:28:46.230 (index):831 UPDATE_1
17:28:46.231 (index):831 UPDATE_6
17:28:47.226 (index):843 NODEACCESSREQUESTED_7
17:28:47.227 (index):843 NODEACCESSREQUESTED_9
17:28:47.228 (index):843 NODEACCESSREQUESTED_0
17:28:47.228 (index):861 WAITING_10
17:28:47.229 (index):861 WAITING_11
17:28:47.229 (index):861 WAITING_12
17:28:47.230 (index):823 THINKING_2
17:28:47.231 (index):823 THINKING_1
17:28:47.232 (index):813 NODEACCESSRELEASED_6
17:28:48.227 (index):831 UPDATE_5
17:28:48.228 (index):843 NODEACCESSREQUESTED_3
17:28:48.228 (index):843 NODEACCESSREQUESTED_8
17:28:49.226 (index):831 UPDATE_7
17:28:49.227 (index):831 UPDATE_9
17:28:49.227 (index):831 UPDATE_0
17:28:49.228 (index):861 WAITING_10
17:28:49.228 (index):861 WAITING_11
17:28:49.229 (index):861 WAITING_12
17:28:49.230 (index):843 NODEACCESSREQUESTED_6
17:28:49.231 (index):823 THINKING_5
17:28:49.231 (index):831 UPDATE_4
17:28:50.226 (index):831 UPDATE_3
17:28:50.227 (index):831 UPDATE_8
17:28:50.228 (index):813 NODEACCESSRELEASED_7
17:28:50.229 (index):813 NODEACCESSRELEASED_9
17:28:50.230 (index):813 NODEACCESSRELEASED_0
17:28:50.231 (index):823 THINKING_4
17:28:51.226 (index):861 WAITING_10
17:28:51.227 (index):861 WAITING_11
17:28:51.228 (index):861 WAITING_12
17:28:51.229 (index):831 UPDATE_6
17:28:51.230 (index):823 THINKING_3
17:28:51.231 (index):813 NODEACCESSRELEASED_8
17:28:52.226 (index):843 NODEACCESSREQUESTED_7
17:28:52.227 (index):843 NODEACCESSREQUESTED_9
17:28:52.228 (index):843 NODEACCESSREQUESTED_0
17:28:52.228 (index):813 NODEACCESSRELEASED_6
17:28:52.229 (index):831 UPDATE_1
17:28:52.229 (index):831 UPDATE_2
17:28:53.226 (index):861 WAITING_10
17:28:53.227 (index):861 WAITING_11
17:28:53.228 (index):861 WAITING_12
17:28:53.229 (index):843 NODEACCESSREQUESTED_8
17:28:53.230 (index):823 THINKING_1
17:28:53.231 (index):813 NODEACCESSRELEASED_2
17:28:54.226 (index):831 UPDATE_7
17:28:54.227 (index):831 UPDATE_9
17:28:54.227 (index):831 UPDATE_0
17:28:54.228 (index):843 NODEACCESSREQUESTED_6
17:28:54.229 (index):831 UPDATE_3
17:28:54.229 (index):831 UPDATE_5
17:28:54.230 (index):831 UPDATE_4
17:28:55.226 (index):861 WAITING_10
17:28:55.227 (index):861 WAITING_11
17:28:55.227 (index):861 WAITING_12
17:28:55.228 (index):831 UPDATE_8
17:28:55.229 (index):843 NODEACCESSREQUESTED_2
17:28:55.230 (index):813 NODEACCESSRELEASED_7
17:28:55.231 (index):823 THINKING_9
17:28:55.232 (index):823 THINKING_0
17:28:55.232 (index):813 NODEACCESSRELEASED_3
17:28:55.233 (index):813 NODEACCESSRELEASED_5
17:28:55.234 (index):823 THINKING_4
17:28:56.226 (index):831 UPDATE_6
17:28:56.227 (index):813 NODEACCESSRELEASED_8
17:28:57.226 (index):861 WAITING_10
17:28:57.227 (index):861 WAITING_11
17:28:57.227 (index):861 WAITING_12
17:28:57.228 (index):831 UPDATE_2
17:28:57.228 (index):843 NODEACCESSREQUESTED_7
17:28:57.229 (index):843 NODEACCESSREQUESTED_3
17:28:57.229 (index):843 NODEACCESSREQUESTED_5
17:28:57.230 (index):813 NODEACCESSRELEASED_6
17:28:58.226 (index):843 NODEACCESSREQUESTED_8
17:28:58.227 (index):813 NODEACCESSRELEASED_2
17:28:58.228 (index):831 UPDATE_1
17:28:58.228 (index):831 UPDATE_4
17:28:59.226 (index):861 WAITING_10
17:28:59.227 (index):861 WAITING_11
17:28:59.227 (index):861 WAITING_12
17:28:59.228 (index):831 UPDATE_7
17:28:59.229 (index):831 UPDATE_3
17:28:59.229 (index):831 UPDATE_5
17:28:59.230 (index):843 NODEACCESSREQUESTED_6
17:28:59.230 (index):813 NODEACCESSRELEASED_1
17:28:59.231 (index):813 NODEACCESSRELEASED_4
17:28:59.232 (index):831 UPDATE_9
17:29:00.226 (index):831 UPDATE_0
17:29:00.227 (index):831 UPDATE_8
17:29:00.227 (index):843 NODEACCESSREQUESTED_2
17:29:00.228 (index):813 NODEACCESSRELEASED_7
17:29:00.228 (index):813 NODEACCESSRELEASED_3
17:29:00.229 (index):813 NODEACCESSRELEASED_5
17:29:00.229 (index):813 NODEACCESSRELEASED_9
17:29:01.226 (index):861 WAITING_10
17:29:01.227 (index):861 WAITING_11
17:29:01.228 (index):861 WAITING_12
17:29:01.229 (index):831 UPDATE_6
17:29:01.230 (index):843 NODEACCESSREQUESTED_1
17:29:01.230 (index):843 NODEACCESSREQUESTED_4
17:29:01.231 (index):813 NODEACCESSRELEASED_0
17:29:01.232 (index):813 NODEACCESSRELEASED_8
17:29:02.226 (index):831 UPDATE_2
17:29:02.227 (index):843 NODEACCESSREQUESTED_7
17:29:02.227 (index):843 NODEACCESSREQUESTED_3
17:29:02.228 (index):843 NODEACCESSREQUESTED_5
17:29:02.229 (index):843 NODEACCESSREQUESTED_9
17:29:02.230 (index):813 NODEACCESSRELEASED_6
17:29:03.226 (index):861 WAITING_10
17:29:03.227 (index):861 WAITING_11
17:29:03.228 (index):861 WAITING_12
17:29:03.229 (index):831 UPDATE_1
17:29:03.230 (index):831 UPDATE_4
17:29:03.231 (index):843 NODEACCESSREQUESTED_0
17:29:03.232 (index):843 NODEACCESSREQUESTED_8
17:29:03.233 (index):813 NODEACCESSRELEASED_2
17:29:04.226 (index):831 UPDATE_7
17:29:04.227 (index):831 UPDATE_3
17:29:04.228 (index):831 UPDATE_5
17:29:04.228 (index):831 UPDATE_9
17:29:04.229 (index):843 NODEACCESSREQUESTED_6
17:29:04.230 (index):823 THINKING_1
17:29:04.231 (index):813 NODEACCESSRELEASED_4
17:29:05.226 (index):861 WAITING_10
17:29:05.227 (index):861 WAITING_11
17:29:05.228 (index):861 WAITING_12
17:29:05.229 (index):831 UPDATE_0
17:29:05.231 (index):831 UPDATE_8
17:29:05.232 (index):843 NODEACCESSREQUESTED_2
17:29:05.233 (index):823 THINKING_7
17:29:05.233 (index):823 THINKING_3
17:29:05.235 (index):813 NODEACCESSRELEASED_5
17:29:05.236 (index):813 NODEACCESSRELEASED_9
17:29:06.226 (index):831 UPDATE_6
17:29:06.228 (index):843 NODEACCESSREQUESTED_4
17:29:06.230 (index):813 NODEACCESSRELEASED_0
17:29:06.231 (index):813 NODEACCESSRELEASED_8
17:29:07.226 (index):861 WAITING_10
17:29:07.227 (index):861 WAITING_11
17:29:07.228 (index):861 WAITING_12
17:29:07.228 (index):831 UPDATE_2
17:29:07.229 (index):843 NODEACCESSREQUESTED_5
17:29:07.229 (index):843 NODEACCESSREQUESTED_9
17:29:07.229 (index):813 NODEACCESSRELEASED_6
17:29:07.230 (index):831 UPDATE_1
17:29:08.226 (index):831 UPDATE_4
17:29:08.227 (index):843 NODEACCESSREQUESTED_0
17:29:08.228 (index):843 NODEACCESSREQUESTED_8
17:29:08.229 (index):813 NODEACCESSRELEASED_2
17:29:08.229 (index):813 NODEACCESSRELEASED_1
17:29:08.230 (index):831 UPDATE_3
17:29:09.226 (index):861 WAITING_10
17:29:09.227 (index):861 WAITING_11
17:29:09.228 (index):861 WAITING_12
17:29:09.229 (index):831 UPDATE_5
17:29:09.230 (index):831 UPDATE_9
17:29:09.231 (index):843 NODEACCESSREQUESTED_6
17:29:09.232 (index):823 THINKING_4
17:29:09.232 (index):813 NODEACCESSRELEASED_3
17:29:09.233 (index):831 UPDATE_7
17:29:10.226 (index):831 UPDATE_0
17:29:10.228 (index):831 UPDATE_8
17:29:10.229 (index):843 NODEACCESSREQUESTED_2
17:29:10.231 (index):843 NODEACCESSREQUESTED_1
17:29:10.232 (index):813 NODEACCESSRELEASED_5
17:29:10.233 (index):813 NODEACCESSRELEASED_9
17:29:10.234 (index):813 NODEACCESSRELEASED_7
17:29:11.227 (index):861 WAITING_10
17:29:11.228 (index):861 WAITING_11
17:29:11.229 (index):861 WAITING_12
17:29:11.231 (index):831 UPDATE_6
17:29:11.232 (index):843 NODEACCESSREQUESTED_3
17:29:11.233 (index):813 NODEACCESSRELEASED_0
17:29:11.234 (index):813 NODEACCESSRELEASED_8
17:29:12.226 (index):831 UPDATE_2
17:29:12.227 (index):831 UPDATE_1
17:29:12.228 (index):843 NODEACCESSREQUESTED_5
17:29:12.228 (index):843 NODEACCESSREQUESTED_9
17:29:12.229 (index):843 NODEACCESSREQUESTED_7
17:29:12.230 (index):872 END_6
17:29:13.226 (index):861 WAITING_10
17:29:13.227 (index):861 WAITING_11
17:29:13.228 (index):861 WAITING_12
17:29:13.229 (index):831 UPDATE_3
17:29:13.230 (index):843 NODEACCESSREQUESTED_0
17:29:13.231 (index):843 NODEACCESSREQUESTED_8
17:29:13.232 (index):872 END_2
17:29:13.233 (index):872 END_1
17:29:14.226 (index):831 UPDATE_5
17:29:14.227 (index):831 UPDATE_9
17:29:14.228 (index):831 UPDATE_7
17:29:14.229 (index):872 END_3
17:29:14.229 (index):831 UPDATE_4
17:29:15.226 (index):861 WAITING_10
17:29:15.227 (index):861 WAITING_11
17:29:15.227 (index):861 WAITING_12
17:29:15.228 (index):831 UPDATE_0
17:29:15.228 (index):831 UPDATE_8
17:29:15.229 (index):872 END_5
17:29:15.230 (index):872 END_9
17:29:15.230 (index):872 END_7
17:29:15.231 (index):872 END_4
17:29:16.226 (index):872 END_0
17:29:16.227 (index):872 END_8
17:29:17.226 (index):813 NODEACCESSRELEASED_10
17:29:17.227 (index):823 THINKING_11
17:29:17.228 (index):861 WAITING_12
17:29:19.226 (index):843 NODEACCESSREQUESTED_10
17:29:19.227 (index):861 WAITING_12
17:29:20.226 (index):831 UPDATE_11
17:29:21.226 (index):861 WAITING_10
17:29:21.227 (index):861 WAITING_12
17:29:21.227 (index):823 THINKING_11
17:29:22.229 (index):861 WAITING_10
17:29:22.230 (index):861 WAITING_12
17:29:24.226 (index):861 WAITING_10
17:29:24.228 (index):861 WAITING_12
17:29:25.227 (index):831 UPDATE_11
17:29:26.226 (index):861 WAITING_10
17:29:26.228 (index):861 WAITING_12
17:29:26.229 (index):813 NODEACCESSRELEASED_11
17:29:28.226 (index):861 WAITING_10
17:29:28.227 (index):813 NODEACCESSRELEASED_12
17:29:28.229 (index):843 NODEACCESSREQUESTED_11
17:29:30.226 (index):831 UPDATE_10
17:29:30.227 (index):843 NODEACCESSREQUESTED_12
17:29:30.229 (index):831 UPDATE_11
17:29:31.229 (index):823 THINKING_10
17:29:31.230 (index):813 NODEACCESSRELEASED_11
17:29:32.226 (index):831 UPDATE_12
17:29:33.226 (index):843 NODEACCESSREQUESTED_11
17:29:33.228 (index):813 NODEACCESSRELEASED_12
17:29:34.226 (index):831 UPDATE_10
17:29:35.226 (index):831 UPDATE_11
17:29:35.227 (index):843 NODEACCESSREQUESTED_12
17:29:35.228 (index):813 NODEACCESSRELEASED_10
17:29:36.226 (index):813 NODEACCESSRELEASED_11
17:29:37.226 (index):831 UPDATE_12
17:29:37.227 (index):843 NODEACCESSREQUESTED_10
17:29:38.229 (index):843 NODEACCESSREQUESTED_11
17:29:38.234 (index):813 NODEACCESSRELEASED_12
17:29:38.235 (index):831 UPDATE_10
17:29:39.227 (index):823 THINKING_10
17:29:40.226 (index):831 UPDATE_11
17:29:40.227 (index):843 NODEACCESSREQUESTED_12
17:29:41.226 (index):823 THINKING_11
17:29:42.226 (index):831 UPDATE_12
17:29:42.228 (index):831 UPDATE_10
17:29:43.226 (index):823 THINKING_12
17:29:43.228 (index):813 NODEACCESSRELEASED_10
17:29:45.226 (index):843 NODEACCESSREQUESTED_10
17:29:46.226 (index):831 UPDATE_11
17:29:47.226 (index):831 UPDATE_10
17:29:47.228 (index):813 NODEACCESSRELEASED_11
17:29:48.226 (index):823 THINKING_10
17:29:48.228 (index):831 UPDATE_12
17:29:49.226 (index):843 NODEACCESSREQUESTED_11
17:29:49.228 (index):813 NODEACCESSRELEASED_12
17:29:51.226 (index):831 UPDATE_11
17:29:51.227 (index):843 NODEACCESSREQUESTED_12
17:29:52.226 (index):813 NODEACCESSRELEASED_11
17:29:53.226 (index):831 UPDATE_12
17:29:53.227 (index):831 UPDATE_10
17:29:54.226 (index):843 NODEACCESSREQUESTED_11
17:29:54.227 (index):813 NODEACCESSRELEASED_12
17:29:54.228 (index):813 NODEACCESSRELEASED_10
17:29:56.226 (index):831 UPDATE_11
17:29:56.227 (index):843 NODEACCESSREQUESTED_12
17:29:56.227 (index):843 NODEACCESSREQUESTED_10
17:29:57.226 (index):813 NODEACCESSRELEASED_11
17:29:58.226 (index):831 UPDATE_12
17:29:58.227 (index):831 UPDATE_10
17:29:59.226 (index):843 NODEACCESSREQUESTED_11
17:29:59.227 (index):813 NODEACCESSRELEASED_12
17:29:59.228 (index):823 THINKING_10
17:30:01.226 (index):831 UPDATE_11
17:30:01.227 (index):843 NODEACCESSREQUESTED_12
17:30:02.227 (index):823 THINKING_11
17:30:03.228 (index):831 UPDATE_12
17:30:03.229 (index):831 UPDATE_10
17:30:04.227 (index):813 NODEACCESSRELEASED_12
17:30:04.229 (index):813 NODEACCESSRELEASED_10
17:30:06.226 (index):843 NODEACCESSREQUESTED_12
17:30:06.228 (index):843 NODEACCESSREQUESTED_10
17:30:06.230 (index):831 UPDATE_11
17:30:07.226 (index):813 NODEACCESSRELEASED_11
17:30:08.226 (index):831 UPDATE_12
17:30:08.227 (index):831 UPDATE_10
17:30:09.226 (index):843 NODEACCESSREQUESTED_11
17:30:09.227 (index):813 NODEACCESSRELEASED_12
17:30:09.228 (index):823 THINKING_10
17:30:11.226 (index):831 UPDATE_11
17:30:11.227 (index):843 NODEACCESSREQUESTED_12
17:30:12.226 (index):813 NODEACCESSRELEASED_11
17:30:13.226 (index):831 UPDATE_12
17:30:14.226 (index):843 NODEACCESSREQUESTED_11
17:30:14.228 (index):813 NODEACCESSRELEASED_12
17:30:14.229 (index):831 UPDATE_10
17:30:15.228 (index):813 NODEACCESSRELEASED_10
17:30:15.230 (index):831 UPDATE_11
17:30:16.226 (index):843 NODEACCESSREQUESTED_12
17:30:16.227 (index):823 THINKING_11
17:30:17.226 (index):843 NODEACCESSREQUESTED_10
17:30:18.226 (index):831 UPDATE_12
17:30:19.229 (index):831 UPDATE_10
17:30:19.231 (index):823 THINKING_12
17:30:20.226 (index):813 NODEACCESSRELEASED_10
17:30:20.227 (index):831 UPDATE_11
17:30:21.226 (index):872 END_11
17:30:22.226 (index):843 NODEACCESSREQUESTED_10
17:30:23.226 (index):831 UPDATE_12
17:30:24.226 (index):831 UPDATE_10
17:30:24.228 (index):813 NODEACCESSRELEASED_12
17:30:25.226 (index):813 NODEACCESSRELEASED_10
17:30:26.226 (index):843 NODEACCESSREQUESTED_12
17:30:27.226 (index):843 NODEACCESSREQUESTED_10
17:30:28.226 (index):831 UPDATE_12
17:30:29.226 (index):831 UPDATE_10
17:30:29.228 (index):813 NODEACCESSRELEASED_12
17:30:30.226 (index):872 END_10
17:30:31.226 (index):843 NODEACCESSREQUESTED_12
17:30:33.226 (index):831 UPDATE_12
17:30:34.230 (index):872 END_12
