17:16:53.229 (index):944 Tasks: 25; Collaborators: 5    =========================>
17:16:53.230 (index):843 NODEACCESSREQUESTED_0
17:16:53.232 (index):843 NODEACCESSREQUESTED_1
17:16:53.233 (index):843 NODEACCESSREQUESTED_2
17:16:53.235 (index):843 NODEACCESSREQUESTED_3
17:16:53.236 (index):843 NODEACCESSREQUESTED_4
17:16:55.226 (index):823 THINKING_0
17:16:55.227 (index):823 THINKING_1
17:16:55.227 (index):813 NODEACCESSRELEASED_2
17:16:55.228 (index):813 NODEACCESSRELEASED_3
17:16:55.228 (index):813 NODEACCESSRELEASED_4
17:16:57.226 (index):843 NODEACCESSREQUESTED_2
17:16:57.227 (index):843 NODEACCESSREQUESTED_3
17:16:57.227 (index):843 NODEACCESSREQUESTED_4
17:16:58.229 (index):831 UPDATE_1
17:16:58.230 (index):831 UPDATE_2
17:16:58.231 (index):831 UPDATE_3
17:16:58.232 (index):831 UPDATE_4
17:16:59.227 (index):813 NODEACCESSRELEASED_1
17:16:59.228 (index):813 NODEACCESSRELEASED_2
17:16:59.229 (index):813 NODEACCESSRELEASED_3
17:16:59.231 (index):813 NODEACCESSRELEASED_4
17:17:00.226 (index):831 UPDATE_0
17:17:01.226 (index):843 NODEACCESSREQUESTED_1
17:17:01.228 (index):843 NODEACCESSREQUESTED_2
17:17:01.230 (index):843 NODEACCESSREQUESTED_3
17:17:01.232 (index):843 NODEACCESSREQUESTED_4
17:17:01.233 (index):813 NODEACCESSRELEASED_0
17:17:03.226 (index):831 UPDATE_1
17:17:03.227 (index):831 UPDATE_2
17:17:03.227 (index):831 UPDATE_3
17:17:03.228 (index):831 UPDATE_4
17:17:03.229 (index):843 NODEACCESSREQUESTED_0
17:17:04.226 (index):823 THINKING_1
17:17:04.227 (index):813 NODEACCESSRELEASED_2
17:17:04.228 (index):823 THINKING_3
17:17:04.228 (index):813 NODEACCESSRELEASED_4
17:17:05.226 (index):831 UPDATE_0
17:17:06.226 (index):843 NODEACCESSREQUESTED_2
17:17:06.227 (index):843 NODEACCESSREQUESTED_4
17:17:06.228 (index):813 NODEACCESSRELEASED_0
17:17:08.226 (index):831 UPDATE_2
17:17:08.227 (index):831 UPDATE_4
17:17:08.227 (index):843 NODEACCESSREQUESTED_0
17:17:08.228 (index):831 UPDATE_1
17:17:09.226 (index):823 THINKING_2
17:17:09.228 (index):813 NODEACCESSRELEASED_4
17:17:09.231 (index):823 THINKING_1
17:17:09.233 (index):831 UPDATE_3
17:17:10.226 (index):831 UPDATE_0
17:17:10.227 (index):813 NODEACCESSRELEASED_3
17:17:11.226 (index):843 NODEACCESSREQUESTED_4
17:17:11.227 (index):823 THINKING_0
17:17:12.226 (index):843 NODEACCESSREQUESTED_3
17:17:12.228 (index):831 UPDATE_2
17:17:13.226 (index):831 UPDATE_4
17:17:13.227 (index):813 NODEACCESSRELEASED_2
17:17:14.226 (index):831 UPDATE_3
17:17:14.227 (index):813 NODEACCESSRELEASED_4
17:17:14.228 (index):831 UPDATE_1
17:17:14.228 (index):831 UPDATE_0
17:17:15.226 (index):843 NODEACCESSREQUESTED_2
17:17:15.227 (index):813 NODEACCESSRELEASED_3
17:17:15.228 (index):813 NODEACCESSRELEASED_1
17:17:15.229 (index):823 THINKING_0
17:17:16.228 (index):843 NODEACCESSREQUESTED_4
17:17:16.229 (index):831 UPDATE_2
17:17:16.231 (index):843 NODEACCESSREQUESTED_3
17:17:17.227 (index):843 NODEACCESSREQUESTED_1
17:17:17.228 (index):813 NODEACCESSRELEASED_2
17:17:18.227 (index):831 UPDATE_4
17:17:18.228 (index):831 UPDATE_3
17:17:19.226 (index):831 UPDATE_1
17:17:19.227 (index):843 NODEACCESSREQUESTED_2
17:17:19.228 (index):823 THINKING_4
17:17:19.229 (index):813 NODEACCESSRELEASED_3
17:17:20.226 (index):823 THINKING_1
17:17:20.227 (index):831 UPDATE_0
17:17:21.228 (index):831 UPDATE_2
17:17:21.229 (index):843 NODEACCESSREQUESTED_3
17:17:21.230 (index):813 NODEACCESSRELEASED_0
17:17:22.226 (index):823 THINKING_2
17:17:22.228 (index):831 UPDATE_4
17:17:23.227 (index):831 UPDATE_3
17:17:23.228 (index):843 NODEACCESSREQUESTED_0
17:17:23.230 (index):813 NODEACCESSRELEASED_4
17:17:23.232 (index):831 UPDATE_1
17:17:24.230 (index):813 NODEACCESSRELEASED_3
17:17:24.231 (index):813 NODEACCESSRELEASED_1
17:17:25.227 (index):831 UPDATE_0
17:17:25.228 (index):843 NODEACCESSREQUESTED_4
17:17:25.231 (index):831 UPDATE_2
17:17:26.226 (index):843 NODEACCESSREQUESTED_3
17:17:26.227 (index):843 NODEACCESSREQUESTED_1
17:17:26.227 (index):823 THINKING_0
17:17:26.228 (index):823 THINKING_2
17:17:27.226 (index):831 UPDATE_4
17:17:28.226 (index):831 UPDATE_3
17:17:28.227 (index):831 UPDATE_1
17:17:28.228 (index):823 THINKING_4
17:17:29.226 (index):813 NODEACCESSRELEASED_3
17:17:29.227 (index):823 THINKING_1
17:17:29.228 (index):831 UPDATE_0
17:17:29.229 (index):831 UPDATE_2
17:17:30.226 (index):813 NODEACCESSRELEASED_0
17:17:30.228 (index):823 THINKING_2
17:17:31.226 (index):843 NODEACCESSREQUESTED_3
17:17:32.226 (index):843 NODEACCESSREQUESTED_0
17:17:32.227 (index):831 UPDATE_1
17:17:33.226 (index):831 UPDATE_3
17:17:33.227 (index):823 THINKING_1
17:17:33.228 (index):831 UPDATE_4
17:17:34.230 (index):831 UPDATE_0
17:17:34.231 (index):823 THINKING_3
17:17:34.233 (index):823 THINKING_4
17:17:35.226 (index):813 NODEACCESSRELEASED_0
17:17:35.228 (index):831 UPDATE_2
17:17:36.226 (index):813 NODEACCESSRELEASED_2
17:17:37.226 (index):843 NODEACCESSREQUESTED_0
17:17:37.228 (index):831 UPDATE_3
17:17:38.226 (index):843 NODEACCESSREQUESTED_2
17:17:38.227 (index):813 NODEACCESSRELEASED_3
17:17:38.228 (index):831 UPDATE_1
17:17:38.228 (index):831 UPDATE_4
17:17:39.226 (index):831 UPDATE_0
17:17:39.227 (index):823 THINKING_1
17:17:39.228 (index):823 THINKING_4
17:17:40.227 (index):831 UPDATE_2
17:17:40.227 (index):843 NODEACCESSREQUESTED_3
17:17:40.228 (index):823 THINKING_0
17:17:41.226 (index):813 NODEACCESSRELEASED_2
17:17:42.228 (index):831 UPDATE_3
17:17:42.229 (index):831 UPDATE_4
17:17:42.231 (index):843 NODEACCESSREQUESTED_2
17:17:43.227 (index):813 NODEACCESSRELEASED_3
17:17:43.228 (index):813 NODEACCESSRELEASED_4
17:17:44.227 (index):831 UPDATE_2
17:17:44.228 (index):831 UPDATE_1
17:17:44.229 (index):831 UPDATE_0
17:17:45.226 (index):843 NODEACCESSREQUESTED_3
17:17:45.228 (index):843 NODEACCESSREQUESTED_4
17:17:45.231 (index):813 NODEACCESSRELEASED_2
17:17:45.233 (index):813 NODEACCESSRELEASED_1
17:17:45.234 (index):813 NODEACCESSRELEASED_0
17:17:47.226 (index):831 UPDATE_3
17:17:47.227 (index):831 UPDATE_4
17:17:47.228 (index):843 NODEACCESSREQUESTED_2
17:17:47.229 (index):843 NODEACCESSREQUESTED_1
17:17:47.230 (index):843 NODEACCESSREQUESTED_0
17:17:48.227 (index):823 THINKING_3
17:17:48.227 (index):813 NODEACCESSRELEASED_4
17:17:49.226 (index):831 UPDATE_2
17:17:49.227 (index):831 UPDATE_1
17:17:49.228 (index):831 UPDATE_0
17:17:50.226 (index):843 NODEACCESSREQUESTED_4
17:17:50.228 (index):813 NODEACCESSRELEASED_2
17:17:50.229 (index):823 THINKING_1
17:17:50.232 (index):813 NODEACCESSRELEASED_0
17:17:51.226 (index):831 UPDATE_3
17:17:52.226 (index):831 UPDATE_4
17:17:52.229 (index):843 NODEACCESSREQUESTED_2
17:17:52.230 (index):843 NODEACCESSREQUESTED_0
17:17:52.231 (index):813 NODEACCESSRELEASED_3
17:17:53.226 (index):823 THINKING_4
17:17:53.227 (index):831 UPDATE_1
17:17:54.226 (index):831 UPDATE_2
17:17:54.227 (index):831 UPDATE_0
17:17:54.228 (index):843 NODEACCESSREQUESTED_3
17:17:54.228 (index):813 NODEACCESSRELEASED_1
17:17:55.226 (index):872 END_2
17:17:55.227 (index):813 NODEACCESSRELEASED_0
17:17:56.226 (index):831 UPDATE_3
17:17:56.227 (index):843 NODEACCESSREQUESTED_1
17:17:57.226 (index):843 NODEACCESSREQUESTED_0
17:17:57.227 (index):872 END_3
17:17:58.226 (index):831 UPDATE_1
17:17:58.228 (index):831 UPDATE_4
17:17:59.226 (index):831 UPDATE_0
17:17:59.227 (index):872 END_1
17:17:59.228 (index):872 END_4
17:18:00.226 (index):872 END_0
