17:21:22.228 (index):1008 Tasks: 25; Collaborators: 9    =========================>
17:21:22.229 (index):843 NODEACCESSREQUESTED_0
17:21:22.230 (index):843 NODEACCESSREQUESTED_1
17:21:22.231 (index):843 NODEACCESSREQUESTED_2
17:21:22.232 (index):843 NODEACCESSREQUESTED_3
17:21:22.233 (index):843 NODEACCESSREQUESTED_4
17:21:22.233 (index):843 NODEACCESSREQUESTED_5
17:21:22.234 (index):843 NODEACCESSREQUESTED_6
17:21:22.235 (index):843 NODEACCESSREQUESTED_7
17:21:22.236 (index):843 NODEACCESSREQUESTED_8
17:21:24.226 (index):823 THINKING_0
17:21:24.227 (index):823 THINKING_1
17:21:24.227 (index):813 NODEACCESSRELEASED_2
17:21:24.228 (index):813 NODEACCESSRELEASED_3
17:21:24.229 (index):813 NODEACCESSRELEASED_4
17:21:24.230 (index):813 NODEACCESSRELEASED_5
17:21:24.230 (index):823 THINKING_6
17:21:24.231 (index):813 NODEACCESSRELEASED_7
17:21:24.232 (index):823 THINKING_8
17:21:26.226 (index):843 NODEACCESSREQUESTED_2
17:21:26.227 (index):843 NODEACCESSREQUESTED_3
17:21:26.228 (index):843 NODEACCESSREQUESTED_4
17:21:26.229 (index):843 NODEACCESSREQUESTED_5
17:21:26.229 (index):843 NODEACCESSREQUESTED_7
17:21:27.228 (index):831 UPDATE_8
17:21:27.229 (index):831 UPDATE_6
17:21:27.230 (index):831 UPDATE_1
17:21:27.231 (index):831 UPDATE_2
17:21:28.226 (index):831 UPDATE_3
17:21:28.227 (index):831 UPDATE_4
17:21:28.227 (index):831 UPDATE_5
17:21:28.228 (index):831 UPDATE_7
17:21:28.228 (index):823 THINKING_8
17:21:28.229 (index):813 NODEACCESSRELEASED_6
17:21:28.230 (index):813 NODEACCESSRELEASED_1
17:21:28.233 (index):813 NODEACCESSRELEASED_2
17:21:29.226 (index):813 NODEACCESSRELEASED_3
17:21:29.227 (index):813 NODEACCESSRELEASED_4
17:21:29.228 (index):823 THINKING_5
17:21:29.229 (index):813 NODEACCESSRELEASED_7
17:21:29.231 (index):831 UPDATE_0
17:21:30.226 (index):843 NODEACCESSREQUESTED_6
17:21:30.228 (index):843 NODEACCESSREQUESTED_1
17:21:30.230 (index):843 NODEACCESSREQUESTED_2
17:21:30.231 (index):813 NODEACCESSRELEASED_0
17:21:31.226 (index):843 NODEACCESSREQUESTED_3
17:21:31.228 (index):843 NODEACCESSREQUESTED_4
17:21:31.229 (index):843 NODEACCESSREQUESTED_7
17:21:32.226 (index):831 UPDATE_6
17:21:32.227 (index):831 UPDATE_1
17:21:32.228 (index):831 UPDATE_2
17:21:32.229 (index):843 NODEACCESSREQUESTED_0
17:21:32.230 (index):831 UPDATE_5
17:21:33.227 (index):831 UPDATE_3
17:21:33.228 (index):831 UPDATE_4
17:21:33.229 (index):831 UPDATE_7
17:21:33.230 (index):813 NODEACCESSRELEASED_6
17:21:33.231 (index):823 THINKING_1
17:21:33.233 (index):813 NODEACCESSRELEASED_2
17:21:33.234 (index):813 NODEACCESSRELEASED_5
17:21:33.234 (index):831 UPDATE_8
17:21:34.226 (index):831 UPDATE_0
17:21:34.227 (index):823 THINKING_3
17:21:34.228 (index):813 NODEACCESSRELEASED_4
17:21:34.229 (index):813 NODEACCESSRELEASED_7
17:21:34.230 (index):813 NODEACCESSRELEASED_8
17:21:35.227 (index):843 NODEACCESSREQUESTED_6
17:21:35.228 (index):843 NODEACCESSREQUESTED_2
17:21:35.228 (index):843 NODEACCESSREQUESTED_5
17:21:35.230 (index):813 NODEACCESSRELEASED_0
17:21:36.228 (index):843 NODEACCESSREQUESTED_4
17:21:36.229 (index):843 NODEACCESSREQUESTED_7
17:21:36.230 (index):843 NODEACCESSREQUESTED_8
17:21:37.226 (index):831 UPDATE_6
17:21:37.228 (index):831 UPDATE_2
17:21:37.229 (index):831 UPDATE_5
17:21:37.231 (index):843 NODEACCESSREQUESTED_0
17:21:37.231 (index):831 UPDATE_1
17:21:38.228 (index):831 UPDATE_4
17:21:38.229 (index):831 UPDATE_7
17:21:38.229 (index):831 UPDATE_8
17:21:38.230 (index):813 NODEACCESSRELEASED_6
17:21:38.231 (index):823 THINKING_2
17:21:38.232 (index):823 THINKING_5
17:21:38.233 (index):823 THINKING_1
17:21:39.227 (index):831 UPDATE_0
17:21:39.228 (index):813 NODEACCESSRELEASED_4
17:21:39.229 (index):823 THINKING_7
17:21:39.230 (index):823 THINKING_8
17:21:39.231 (index):831 UPDATE_3
17:21:40.226 (index):843 NODEACCESSREQUESTED_6
17:21:40.227 (index):823 THINKING_0
17:21:40.228 (index):813 NODEACCESSRELEASED_3
17:21:41.226 (index):843 NODEACCESSREQUESTED_4
17:21:41.228 (index):831 UPDATE_2
17:21:42.226 (index):831 UPDATE_6
17:21:42.227 (index):843 NODEACCESSREQUESTED_3
17:21:42.228 (index):813 NODEACCESSRELEASED_2
17:21:42.229 (index):831 UPDATE_5
17:21:42.230 (index):831 UPDATE_7
17:21:43.226 (index):831 UPDATE_4
17:21:43.227 (index):813 NODEACCESSRELEASED_6
17:21:43.228 (index):813 NODEACCESSRELEASED_5
17:21:43.228 (index):813 NODEACCESSRELEASED_7
17:21:43.229 (index):831 UPDATE_1
17:21:43.230 (index):831 UPDATE_0
17:21:44.226 (index):831 UPDATE_3
17:21:44.228 (index):843 NODEACCESSREQUESTED_2
17:21:44.229 (index):813 NODEACCESSRELEASED_4
17:21:44.234 (index):813 NODEACCESSRELEASED_1
17:21:44.238 (index):823 THINKING_0
17:21:44.239 (index):831 UPDATE_8
17:21:45.226 (index):843 NODEACCESSREQUESTED_6
17:21:45.227 (index):843 NODEACCESSREQUESTED_5
17:21:45.229 (index):843 NODEACCESSREQUESTED_7
17:21:45.230 (index):813 NODEACCESSRELEASED_3
17:21:45.231 (index):813 NODEACCESSRELEASED_8
17:21:46.226 (index):831 UPDATE_2
17:21:46.227 (index):843 NODEACCESSREQUESTED_4
17:21:46.228 (index):843 NODEACCESSREQUESTED_1
17:21:47.228 (index):831 UPDATE_6
17:21:47.232 (index):831 UPDATE_5
17:21:47.233 (index):831 UPDATE_7
17:21:47.234 (index):843 NODEACCESSREQUESTED_3
17:21:47.235 (index):843 NODEACCESSREQUESTED_8
17:21:47.236 (index):813 NODEACCESSRELEASED_2
17:21:47.237 (index):831 UPDATE_4
17:21:48.227 (index):831 UPDATE_1
17:21:48.228 (index):813 NODEACCESSRELEASED_6
17:21:48.228 (index):823 THINKING_5
17:21:48.229 (index):823 THINKING_7
17:21:48.230 (index):823 THINKING_4
17:21:49.226 (index):831 UPDATE_3
17:21:49.227 (index):831 UPDATE_8
17:21:49.227 (index):843 NODEACCESSREQUESTED_2
17:21:49.228 (index):823 THINKING_1
17:21:49.228 (index):831 UPDATE_0
17:21:50.226 (index):843 NODEACCESSREQUESTED_6
17:21:50.228 (index):813 NODEACCESSRELEASED_3
17:21:50.230 (index):813 NODEACCESSRELEASED_8
17:21:50.231 (index):813 NODEACCESSRELEASED_0
17:21:51.229 (index):831 UPDATE_2
17:21:51.231 (index):831 UPDATE_4
17:21:51.232 (index):831 UPDATE_6
17:21:52.226 (index):843 NODEACCESSREQUESTED_3
17:21:52.227 (index):843 NODEACCESSREQUESTED_8
17:21:52.229 (index):843 NODEACCESSREQUESTED_0
17:21:52.230 (index):823 THINKING_2
17:21:52.232 (index):813 NODEACCESSRELEASED_4
17:21:52.235 (index):823 THINKING_6
17:21:52.236 (index):831 UPDATE_1
17:21:53.226 (index):813 NODEACCESSRELEASED_1
17:21:53.228 (index):831 UPDATE_5
17:21:53.231 (index):831 UPDATE_7
17:21:54.226 (index):831 UPDATE_3
17:21:54.233 (index):831 UPDATE_8
17:21:54.234 (index):831 UPDATE_0
17:21:54.235 (index):843 NODEACCESSREQUESTED_4
17:21:54.236 (index):823 THINKING_5
17:21:54.237 (index):813 NODEACCESSRELEASED_7
17:21:55.226 (index):843 NODEACCESSREQUESTED_1
17:21:55.227 (index):813 NODEACCESSRELEASED_3
17:21:55.229 (index):823 THINKING_8
17:21:55.232 (index):823 THINKING_0
17:21:55.234 (index):831 UPDATE_6
17:21:55.235 (index):831 UPDATE_2
17:21:56.226 (index):831 UPDATE_4
17:21:56.227 (index):843 NODEACCESSREQUESTED_7
17:21:56.228 (index):823 THINKING_6
17:21:56.229 (index):823 THINKING_2
17:21:57.226 (index):831 UPDATE_1
17:21:57.227 (index):843 NODEACCESSREQUESTED_3
17:21:57.228 (index):831 UPDATE_5
17:21:57.228 (index):823 THINKING_4
17:21:58.226 (index):831 UPDATE_7
17:21:58.228 (index):823 THINKING_1
17:21:58.229 (index):813 NODEACCESSRELEASED_5
17:21:58.231 (index):831 UPDATE_0
17:21:59.227 (index):831 UPDATE_3
17:21:59.228 (index):813 NODEACCESSRELEASED_7
17:21:59.230 (index):813 NODEACCESSRELEASED_0
17:21:59.231 (index):831 UPDATE_2
17:21:59.232 (index):831 UPDATE_8
17:21:59.233 (index):831 UPDATE_6
17:22:00.226 (index):843 NODEACCESSREQUESTED_5
17:22:00.228 (index):813 NODEACCESSRELEASED_3
17:22:00.230 (index):823 THINKING_2
17:22:00.232 (index):813 NODEACCESSRELEASED_8
17:22:00.234 (index):813 NODEACCESSRELEASED_6
17:22:01.226 (index):843 NODEACCESSREQUESTED_7
17:22:01.228 (index):843 NODEACCESSREQUESTED_0
17:22:01.229 (index):831 UPDATE_1
17:22:02.226 (index):831 UPDATE_5
17:22:02.228 (index):843 NODEACCESSREQUESTED_3
17:22:02.229 (index):843 NODEACCESSREQUESTED_8
17:22:02.230 (index):843 NODEACCESSREQUESTED_6
17:22:02.231 (index):823 THINKING_1
17:22:02.232 (index):831 UPDATE_4
17:22:03.227 (index):831 UPDATE_7
17:22:03.229 (index):831 UPDATE_0
17:22:03.230 (index):823 THINKING_5
17:22:03.232 (index):823 THINKING_4
17:22:04.226 (index):831 UPDATE_3
17:22:04.227 (index):831 UPDATE_8
17:22:04.228 (index):831 UPDATE_6
17:22:04.230 (index):813 NODEACCESSRELEASED_7
17:22:04.231 (index):813 NODEACCESSRELEASED_0
17:22:05.226 (index):823 THINKING_3
17:22:05.227 (index):813 NODEACCESSRELEASED_8
17:22:05.228 (index):813 NODEACCESSRELEASED_6
17:22:05.230 (index):831 UPDATE_2
17:22:06.226 (index):843 NODEACCESSREQUESTED_7
17:22:06.227 (index):843 NODEACCESSREQUESTED_0
17:22:06.228 (index):813 NODEACCESSRELEASED_2
17:22:07.227 (index):843 NODEACCESSREQUESTED_8
17:22:07.228 (index):843 NODEACCESSREQUESTED_6
17:22:07.230 (index):831 UPDATE_1
17:22:07.231 (index):831 UPDATE_4
17:22:07.232 (index):831 UPDATE_7
17:22:08.226 (index):831 UPDATE_0
17:22:08.227 (index):843 NODEACCESSREQUESTED_2
17:22:08.229 (index):823 THINKING_1
17:22:08.230 (index):823 THINKING_4
17:22:08.232 (index):813 NODEACCESSRELEASED_7
17:22:08.233 (index):831 UPDATE_3
17:22:08.234 (index):831 UPDATE_5
17:22:09.226 (index):831 UPDATE_8
17:22:09.227 (index):831 UPDATE_6
17:22:09.228 (index):823 THINKING_0
17:22:09.229 (index):813 NODEACCESSRELEASED_3
17:22:09.230 (index):813 NODEACCESSRELEASED_5
17:22:10.226 (index):831 UPDATE_2
17:22:10.227 (index):843 NODEACCESSREQUESTED_7
17:22:10.228 (index):813 NODEACCESSRELEASED_8
17:22:10.229 (index):813 NODEACCESSRELEASED_6
17:22:11.226 (index):843 NODEACCESSREQUESTED_3
17:22:11.227 (index):843 NODEACCESSREQUESTED_5
17:22:11.227 (index):813 NODEACCESSRELEASED_2
17:22:11.228 (index):831 UPDATE_4
17:22:12.226 (index):831 UPDATE_7
17:22:12.227 (index):843 NODEACCESSREQUESTED_8
17:22:12.228 (index):843 NODEACCESSREQUESTED_6
17:22:12.229 (index):813 NODEACCESSRELEASED_4
17:22:13.226 (index):831 UPDATE_3
17:22:13.228 (index):831 UPDATE_5
17:22:13.229 (index):843 NODEACCESSREQUESTED_2
17:22:13.230 (index):813 NODEACCESSRELEASED_7
17:22:13.230 (index):831 UPDATE_1
17:22:13.231 (index):831 UPDATE_0
17:22:14.226 (index):831 UPDATE_8
17:22:14.227 (index):831 UPDATE_6
17:22:14.228 (index):843 NODEACCESSREQUESTED_4
17:22:14.229 (index):813 NODEACCESSRELEASED_3
17:22:14.230 (index):813 NODEACCESSRELEASED_5
17:22:14.231 (index):813 NODEACCESSRELEASED_1
17:22:14.232 (index):813 NODEACCESSRELEASED_0
17:22:15.226 (index):831 UPDATE_2
17:22:15.227 (index):843 NODEACCESSREQUESTED_7
17:22:15.228 (index):813 NODEACCESSRELEASED_8
17:22:15.229 (index):813 NODEACCESSRELEASED_6
17:22:16.226 (index):831 UPDATE_4
17:22:16.228 (index):843 NODEACCESSREQUESTED_3
17:22:16.229 (index):843 NODEACCESSREQUESTED_5
17:22:16.231 (index):843 NODEACCESSREQUESTED_1
17:22:16.232 (index):843 NODEACCESSREQUESTED_0
17:22:16.233 (index):813 NODEACCESSRELEASED_2
17:22:17.226 (index):831 UPDATE_7
17:22:17.227 (index):843 NODEACCESSREQUESTED_8
17:22:17.228 (index):843 NODEACCESSREQUESTED_6
17:22:17.230 (index):813 NODEACCESSRELEASED_4
17:22:18.226 (index):831 UPDATE_3
17:22:18.227 (index):831 UPDATE_5
17:22:18.228 (index):831 UPDATE_1
17:22:18.229 (index):831 UPDATE_0
17:22:18.230 (index):843 NODEACCESSREQUESTED_2
17:22:18.231 (index):823 THINKING_7
17:22:19.226 (index):831 UPDATE_8
17:22:19.227 (index):831 UPDATE_6
17:22:19.228 (index):843 NODEACCESSREQUESTED_4
17:22:19.229 (index):823 THINKING_3
17:22:19.229 (index):813 NODEACCESSRELEASED_5
17:22:19.230 (index):823 THINKING_1
17:22:19.230 (index):813 NODEACCESSRELEASED_0
17:22:20.226 (index):831 UPDATE_2
17:22:20.229 (index):813 NODEACCESSRELEASED_8
17:22:20.229 (index):813 NODEACCESSRELEASED_6
17:22:21.226 (index):831 UPDATE_4
17:22:21.227 (index):843 NODEACCESSREQUESTED_5
17:22:21.227 (index):843 NODEACCESSREQUESTED_0
17:22:21.228 (index):813 NODEACCESSRELEASED_2
17:22:22.226 (index):843 NODEACCESSREQUESTED_8
17:22:22.227 (index):843 NODEACCESSREQUESTED_6
17:22:22.227 (index):823 THINKING_4
17:22:22.228 (index):831 UPDATE_1
17:22:22.229 (index):831 UPDATE_3
17:22:22.229 (index):831 UPDATE_7
17:22:23.226 (index):831 UPDATE_5
17:22:23.227 (index):831 UPDATE_0
17:22:23.228 (index):843 NODEACCESSREQUESTED_2
17:22:23.228 (index):813 NODEACCESSRELEASED_1
17:22:23.229 (index):813 NODEACCESSRELEASED_3
17:22:23.230 (index):813 NODEACCESSRELEASED_7
17:22:24.226 (index):831 UPDATE_8
17:22:24.227 (index):831 UPDATE_6
17:22:24.228 (index):813 NODEACCESSRELEASED_5
17:22:24.229 (index):813 NODEACCESSRELEASED_0
17:22:25.226 (index):831 UPDATE_2
17:22:25.227 (index):843 NODEACCESSREQUESTED_1
17:22:25.229 (index):843 NODEACCESSREQUESTED_3
17:22:25.230 (index):843 NODEACCESSREQUESTED_7
17:22:25.231 (index):813 NODEACCESSRELEASED_8
17:22:25.231 (index):872 END_6
17:22:26.226 (index):843 NODEACCESSREQUESTED_5
17:22:26.227 (index):843 NODEACCESSREQUESTED_0
17:22:26.227 (index):872 END_2
17:22:27.226 (index):831 UPDATE_1
17:22:27.227 (index):831 UPDATE_3
17:22:27.227 (index):831 UPDATE_7
17:22:27.228 (index):843 NODEACCESSREQUESTED_8
17:22:27.229 (index):831 UPDATE_4
17:22:28.226 (index):831 UPDATE_5
17:22:28.227 (index):831 UPDATE_0
17:22:28.228 (index):872 END_1
17:22:28.228 (index):872 END_3
17:22:28.229 (index):872 END_7
17:22:28.230 (index):872 END_4
17:22:29.226 (index):831 UPDATE_8
17:22:29.227 (index):872 END_5
17:22:29.227 (index):872 END_0
17:22:30.226 (index):872 END_8
