17:38:47.228 (index):1232 Tasks: 25; Collaborators: 17    =========================>
17:38:47.229 (index):843 NODEACCESSREQUESTED_0
17:38:47.230 (index):843 NODEACCESSREQUESTED_1
17:38:47.231 (index):843 NODEACCESSREQUESTED_2
17:38:47.232 (index):843 NODEACCESSREQUESTED_3
17:38:47.233 (index):843 NODEACCESSREQUESTED_4
17:38:47.234 (index):843 NODEACCESSREQUESTED_5
17:38:47.235 (index):843 NODEACCESSREQUESTED_6
17:38:47.236 (index):843 NODEACCESSREQUESTED_7
17:38:47.237 (index):843 NODEACCESSREQUESTED_8
17:38:47.238 (index):843 NODEACCESSREQUESTED_9
17:38:47.238 (index):843 NODEACCESSREQUESTED_10
17:38:47.239 (index):843 NODEACCESSREQUESTED_11
17:38:47.239 (index):843 NODEACCESSREQUESTED_12
17:38:47.240 (index):843 NODEACCESSREQUESTED_13
17:38:47.240 (index):843 NODEACCESSREQUESTED_14
17:38:47.240 (index):843 NODEACCESSREQUESTED_15
17:38:47.241 (index):843 NODEACCESSREQUESTED_16
17:38:49.226 (index):823 THINKING_0
17:38:49.228 (index):823 THINKING_1
17:38:49.229 (index):813 NODEACCESSRELEASED_2
17:38:49.230 (index):813 NODEACCESSRELEASED_3
17:38:49.231 (index):813 NODEACCESSRELEASED_4
17:38:49.232 (index):813 NODEACCESSRELEASED_5
17:38:49.233 (index):823 THINKING_6
17:38:49.234 (index):813 NODEACCESSRELEASED_7
17:38:49.235 (index):823 THINKING_8
17:38:49.236 (index):813 NODEACCESSRELEASED_9
17:38:49.237 (index):861 WAITING_10
17:38:49.238 (index):861 WAITING_11
17:38:49.239 (index):861 WAITING_12
17:38:49.240 (index):861 WAITING_13
17:38:49.241 (index):861 WAITING_14
17:38:49.242 (index):861 WAITING_15
17:38:49.243 (index):861 WAITING_16
17:38:51.226 (index):843 NODEACCESSREQUESTED_2
17:38:51.227 (index):843 NODEACCESSREQUESTED_3
17:38:51.228 (index):843 NODEACCESSREQUESTED_4
17:38:51.229 (index):843 NODEACCESSREQUESTED_5
17:38:51.231 (index):843 NODEACCESSREQUESTED_7
17:38:51.233 (index):843 NODEACCESSREQUESTED_9
17:38:51.234 (index):861 WAITING_10
17:38:51.235 (index):861 WAITING_11
17:38:51.235 (index):861 WAITING_12
17:38:51.236 (index):861 WAITING_13
17:38:51.236 (index):861 WAITING_14
17:38:51.237 (index):861 WAITING_15
17:38:51.237 (index):861 WAITING_16
17:38:52.226 (index):831 UPDATE_8
17:38:52.228 (index):831 UPDATE_6
17:38:52.231 (index):831 UPDATE_1
17:38:53.226 (index):831 UPDATE_2
17:38:53.228 (index):831 UPDATE_3
17:38:53.229 (index):831 UPDATE_4
17:38:53.231 (index):831 UPDATE_5
17:38:53.232 (index):831 UPDATE_7
17:38:53.233 (index):831 UPDATE_9
17:38:53.234 (index):861 WAITING_10
17:38:53.235 (index):861 WAITING_11
17:38:53.236 (index):861 WAITING_12
17:38:53.237 (index):861 WAITING_13
17:38:53.238 (index):861 WAITING_14
17:38:53.238 (index):861 WAITING_15
17:38:53.239 (index):861 WAITING_16
17:38:53.239 (index):823 THINKING_8
17:38:53.240 (index):813 NODEACCESSRELEASED_6
17:38:53.240 (index):813 NODEACCESSRELEASED_1
17:38:54.227 (index):813 NODEACCESSRELEASED_2
17:38:54.228 (index):813 NODEACCESSRELEASED_3
17:38:54.228 (index):813 NODEACCESSRELEASED_4
17:38:54.229 (index):823 THINKING_5
17:38:54.229 (index):813 NODEACCESSRELEASED_7
17:38:54.229 (index):823 THINKING_9
17:38:54.230 (index):831 UPDATE_0
17:38:55.226 (index):861 WAITING_10
17:38:55.227 (index):861 WAITING_11
17:38:55.228 (index):861 WAITING_12
17:38:55.228 (index):861 WAITING_13
17:38:55.229 (index):861 WAITING_14
17:38:55.230 (index):861 WAITING_15
17:38:55.231 (index):861 WAITING_16
17:38:55.232 (index):843 NODEACCESSREQUESTED_6
17:38:55.233 (index):843 NODEACCESSREQUESTED_1
17:38:55.234 (index):813 NODEACCESSRELEASED_0
17:38:56.226 (index):843 NODEACCESSREQUESTED_2
17:38:56.228 (index):843 NODEACCESSREQUESTED_3
17:38:56.229 (index):843 NODEACCESSREQUESTED_4
17:38:56.230 (index):843 NODEACCESSREQUESTED_7
17:38:57.226 (index):861 WAITING_10
17:38:57.227 (index):861 WAITING_11
17:38:57.228 (index):861 WAITING_12
17:38:57.229 (index):861 WAITING_13
17:38:57.230 (index):861 WAITING_14
17:38:57.231 (index):861 WAITING_15
17:38:57.231 (index):861 WAITING_16
17:38:57.232 (index):831 UPDATE_6
17:38:57.233 (index):831 UPDATE_1
17:38:57.233 (index):843 NODEACCESSREQUESTED_0
17:38:57.234 (index):831 UPDATE_5
17:38:58.226 (index):831 UPDATE_2
17:38:58.227 (index):831 UPDATE_3
17:38:58.228 (index):831 UPDATE_4
17:38:58.229 (index):831 UPDATE_7
17:38:58.229 (index):813 NODEACCESSRELEASED_6
17:38:58.231 (index):823 THINKING_1
17:38:58.232 (index):813 NODEACCESSRELEASED_5
17:38:58.234 (index):831 UPDATE_8
17:38:59.230 (index):861 WAITING_10
17:38:59.232 (index):861 WAITING_11
17:38:59.233 (index):861 WAITING_12
17:38:59.234 (index):861 WAITING_13
17:38:59.235 (index):861 WAITING_14
17:38:59.236 (index):861 WAITING_15
17:38:59.237 (index):861 WAITING_16
17:38:59.238 (index):831 UPDATE_0
17:38:59.238 (index):813 NODEACCESSRELEASED_2
17:38:59.239 (index):823 THINKING_3
17:38:59.239 (index):813 NODEACCESSRELEASED_4
17:38:59.240 (index):813 NODEACCESSRELEASED_7
17:38:59.240 (index):813 NODEACCESSRELEASED_8
17:38:59.241 (index):831 UPDATE_9
17:39:00.226 (index):843 NODEACCESSREQUESTED_6
17:39:00.227 (index):843 NODEACCESSREQUESTED_5
17:39:00.228 (index):813 NODEACCESSRELEASED_0
17:39:00.229 (index):823 THINKING_9
17:39:01.226 (index):861 WAITING_10
17:39:01.227 (index):861 WAITING_11
17:39:01.228 (index):861 WAITING_12
17:39:01.230 (index):861 WAITING_13
17:39:01.231 (index):861 WAITING_14
17:39:01.232 (index):861 WAITING_15
17:39:01.233 (index):861 WAITING_16
17:39:01.234 (index):843 NODEACCESSREQUESTED_2
17:39:01.235 (index):843 NODEACCESSREQUESTED_4
17:39:01.236 (index):843 NODEACCESSREQUESTED_7
17:39:01.236 (index):843 NODEACCESSREQUESTED_8
17:39:02.226 (index):831 UPDATE_6
17:39:02.229 (index):831 UPDATE_5
17:39:02.230 (index):843 NODEACCESSREQUESTED_0
17:39:02.232 (index):831 UPDATE_1
17:39:03.226 (index):861 WAITING_10
17:39:03.228 (index):861 WAITING_11
17:39:03.229 (index):861 WAITING_12
17:39:03.229 (index):861 WAITING_13
17:39:03.230 (index):861 WAITING_14
17:39:03.230 (index):861 WAITING_15
17:39:03.231 (index):861 WAITING_16
17:39:03.231 (index):831 UPDATE_2
17:39:03.232 (index):831 UPDATE_4
17:39:03.232 (index):831 UPDATE_7
17:39:03.233 (index):831 UPDATE_8
17:39:03.234 (index):813 NODEACCESSRELEASED_6
17:39:03.234 (index):823 THINKING_5
17:39:03.235 (index):823 THINKING_1
17:39:03.235 (index):831 UPDATE_9
17:39:04.226 (index):831 UPDATE_0
17:39:04.228 (index):823 THINKING_2
17:39:04.229 (index):813 NODEACCESSRELEASED_4
17:39:04.231 (index):823 THINKING_7
17:39:04.232 (index):823 THINKING_8
17:39:04.234 (index):813 NODEACCESSRELEASED_9
17:39:04.235 (index):831 UPDATE_3
17:39:05.226 (index):861 WAITING_10
17:39:05.227 (index):861 WAITING_11
17:39:05.227 (index):861 WAITING_12
17:39:05.228 (index):861 WAITING_13
17:39:05.228 (index):861 WAITING_14
17:39:05.229 (index):861 WAITING_15
17:39:05.230 (index):861 WAITING_16
17:39:05.231 (index):843 NODEACCESSREQUESTED_6
17:39:05.232 (index):823 THINKING_0
17:39:05.234 (index):813 NODEACCESSRELEASED_3
17:39:06.226 (index):843 NODEACCESSREQUESTED_4
17:39:06.228 (index):843 NODEACCESSREQUESTED_9
17:39:07.226 (index):861 WAITING_10
17:39:07.227 (index):861 WAITING_11
17:39:07.228 (index):861 WAITING_12
17:39:07.229 (index):861 WAITING_13
17:39:07.230 (index):861 WAITING_14
17:39:07.231 (index):861 WAITING_15
17:39:07.232 (index):861 WAITING_16
17:39:07.233 (index):831 UPDATE_6
17:39:07.234 (index):843 NODEACCESSREQUESTED_3
17:39:07.236 (index):831 UPDATE_5
17:39:07.237 (index):831 UPDATE_7
17:39:07.238 (index):831 UPDATE_2
17:39:08.226 (index):831 UPDATE_4
17:39:08.227 (index):831 UPDATE_9
17:39:08.228 (index):813 NODEACCESSRELEASED_6
17:39:08.228 (index):813 NODEACCESSRELEASED_5
17:39:08.229 (index):813 NODEACCESSRELEASED_7
17:39:08.229 (index):813 NODEACCESSRELEASED_2
17:39:08.230 (index):831 UPDATE_1
17:39:08.231 (index):831 UPDATE_0
17:39:09.226 (index):861 WAITING_10
17:39:09.228 (index):861 WAITING_11
17:39:09.229 (index):861 WAITING_12
17:39:09.230 (index):861 WAITING_13
17:39:09.231 (index):861 WAITING_14
17:39:09.233 (index):861 WAITING_15
17:39:09.234 (index):861 WAITING_16
17:39:09.235 (index):831 UPDATE_3
17:39:09.235 (index):813 NODEACCESSRELEASED_4
17:39:09.236 (index):813 NODEACCESSRELEASED_9
17:39:09.237 (index):813 NODEACCESSRELEASED_1
17:39:09.238 (index):823 THINKING_0
17:39:09.238 (index):831 UPDATE_8
17:39:10.226 (index):843 NODEACCESSREQUESTED_6
17:39:10.227 (index):843 NODEACCESSREQUESTED_5
17:39:10.227 (index):843 NODEACCESSREQUESTED_7
17:39:10.227 (index):843 NODEACCESSREQUESTED_2
17:39:10.228 (index):813 NODEACCESSRELEASED_3
17:39:10.229 (index):813 NODEACCESSRELEASED_8
17:39:11.227 (index):861 WAITING_10
17:39:11.228 (index):861 WAITING_11
17:39:11.229 (index):861 WAITING_12
17:39:11.230 (index):861 WAITING_13
17:39:11.231 (index):861 WAITING_14
17:39:11.232 (index):861 WAITING_15
17:39:11.233 (index):861 WAITING_16
17:39:11.233 (index):843 NODEACCESSREQUESTED_4
17:39:11.235 (index):843 NODEACCESSREQUESTED_9
17:39:11.236 (index):843 NODEACCESSREQUESTED_1
17:39:11.238 (index):831 UPDATE_6
17:39:12.226 (index):831 UPDATE_5
17:39:12.228 (index):831 UPDATE_7
17:39:12.229 (index):831 UPDATE_2
17:39:12.230 (index):843 NODEACCESSREQUESTED_3
17:39:12.232 (index):843 NODEACCESSREQUESTED_8
17:39:12.233 (index):813 NODEACCESSRELEASED_6
17:39:13.226 (index):861 WAITING_10
17:39:13.228 (index):861 WAITING_11
17:39:13.229 (index):861 WAITING_12
17:39:13.231 (index):861 WAITING_13
17:39:13.232 (index):861 WAITING_14
17:39:13.234 (index):861 WAITING_15
17:39:13.236 (index):861 WAITING_16
17:39:13.237 (index):831 UPDATE_4
17:39:13.239 (index):831 UPDATE_9
17:39:13.240 (index):831 UPDATE_1
17:39:13.241 (index):823 THINKING_5
17:39:13.242 (index):823 THINKING_7
17:39:13.243 (index):813 NODEACCESSRELEASED_2
17:39:14.226 (index):831 UPDATE_3
17:39:14.227 (index):831 UPDATE_8
17:39:14.227 (index):843 NODEACCESSREQUESTED_6
17:39:14.228 (index):823 THINKING_4
17:39:14.229 (index):813 NODEACCESSRELEASED_9
17:39:14.229 (index):823 THINKING_1
17:39:14.230 (index):831 UPDATE_0
17:39:15.226 (index):861 WAITING_10
17:39:15.227 (index):861 WAITING_11
17:39:15.227 (index):861 WAITING_12
17:39:15.228 (index):861 WAITING_13
17:39:15.229 (index):861 WAITING_14
17:39:15.230 (index):861 WAITING_15
17:39:15.230 (index):861 WAITING_16
17:39:15.231 (index):843 NODEACCESSREQUESTED_2
17:39:15.231 (index):813 NODEACCESSRELEASED_3
17:39:15.232 (index):813 NODEACCESSRELEASED_8
17:39:15.232 (index):813 NODEACCESSRELEASED_0
17:39:16.114 (index):831 UPDATE_6
17:39:16.114 (index):843 NODEACCESSREQUESTED_9
17:39:16.214 (index):823 THINKING_6
17:39:16.227 (index):861 WAITING_10
17:39:16.228 (index):861 WAITING_11
17:39:16.229 (index):861 WAITING_12
17:39:16.229 (index):861 WAITING_13
17:39:16.230 (index):861 WAITING_14
17:39:16.230 (index):861 WAITING_15
17:39:16.231 (index):861 WAITING_16
17:39:16.231 (index):831 UPDATE_2
17:39:16.232 (index):843 NODEACCESSREQUESTED_3
17:39:16.232 (index):843 NODEACCESSREQUESTED_8
17:39:16.233 (index):843 NODEACCESSREQUESTED_0
17:39:16.332 (index):823 THINKING_2
17:39:16.540 (index):831 UPDATE_1
17:39:16.642 (index):813 NODEACCESSRELEASED_1
17:39:16.666 (index):831 UPDATE_4
17:39:16.767 (index):813 NODEACCESSRELEASED_4
17:39:17.115 (index):831 UPDATE_9
17:39:17.216 (index):823 THINKING_9
17:39:17.228 (index):861 WAITING_10
17:39:17.229 (index):861 WAITING_11
17:39:17.230 (index):861 WAITING_12
17:39:17.230 (index):861 WAITING_13
17:39:17.231 (index):861 WAITING_14
17:39:17.232 (index):861 WAITING_15
17:39:17.232 (index):861 WAITING_16
17:39:17.233 (index):831 UPDATE_3
17:39:17.234 (index):831 UPDATE_8
17:39:17.234 (index):831 UPDATE_0
17:39:17.334 (index):813 NODEACCESSRELEASED_3
17:39:17.335 (index):823 THINKING_8
17:39:17.336 (index):823 THINKING_0
17:39:17.643 (index):843 NODEACCESSREQUESTED_1
17:39:17.768 (index):843 NODEACCESSREQUESTED_4
17:39:17.823 (index):831 UPDATE_5
17:39:17.880 (index):831 UPDATE_7
17:39:17.925 (index):823 THINKING_5
17:39:17.981 (index):813 NODEACCESSRELEASED_7
17:39:18.229 (index):861 WAITING_10
17:39:18.230 (index):861 WAITING_11
17:39:18.231 (index):861 WAITING_12
17:39:18.232 (index):861 WAITING_13
17:39:18.233 (index):861 WAITING_14
17:39:18.234 (index):861 WAITING_15
17:39:18.234 (index):861 WAITING_16
17:39:18.335 (index):843 NODEACCESSREQUESTED_3
17:39:18.485 (index):831 UPDATE_6
17:39:18.587 (index):823 THINKING_6
17:39:18.644 (index):831 UPDATE_1
17:39:18.745 (index):823 THINKING_1
17:39:18.770 (index):831 UPDATE_4
17:39:18.871 (index):823 THINKING_4
17:39:18.883 (index):831 UPDATE_2
17:39:18.983 (index):843 NODEACCESSREQUESTED_7
17:39:18.984 (index):823 THINKING_2
17:39:19.230 (index):861 WAITING_10
17:39:19.232 (index):861 WAITING_11
17:39:19.233 (index):861 WAITING_12
17:39:19.233 (index):861 WAITING_13
17:39:19.234 (index):861 WAITING_14
17:39:19.235 (index):861 WAITING_15
17:39:19.236 (index):861 WAITING_16
17:39:19.336 (index):831 UPDATE_3
17:39:19.437 (index):813 NODEACCESSRELEASED_3
17:39:19.492 (index):831 UPDATE_0
17:39:19.593 (index):813 NODEACCESSRELEASED_0
17:39:19.967 (index):831 UPDATE_5
17:39:19.984 (index):831 UPDATE_7
17:39:20.068 (index):813 NODEACCESSRELEASED_5
17:39:20.085 (index):813 NODEACCESSRELEASED_7
17:39:20.232 (index):861 WAITING_10
17:39:20.233 (index):861 WAITING_11
17:39:20.234 (index):861 WAITING_12
17:39:20.235 (index):861 WAITING_13
17:39:20.236 (index):861 WAITING_14
17:39:20.237 (index):861 WAITING_15
17:39:20.237 (index):861 WAITING_16
17:39:20.328 (index):831 UPDATE_9
17:39:20.428 (index):813 NODEACCESSRELEASED_9
17:39:20.439 (index):843 NODEACCESSREQUESTED_3
17:39:20.595 (index):843 NODEACCESSREQUESTED_0
17:39:20.632 (index):831 UPDATE_8
17:39:20.733 (index):813 NODEACCESSRELEASED_8
17:39:21.069 (index):843 NODEACCESSREQUESTED_5
17:39:21.085 (index):843 NODEACCESSREQUESTED_7
17:39:21.211 (index):831 UPDATE_2
17:39:21.233 (index):861 WAITING_10
17:39:21.234 (index):861 WAITING_11
17:39:21.235 (index):861 WAITING_12
17:39:21.236 (index):861 WAITING_13
17:39:21.237 (index):861 WAITING_14
17:39:21.237 (index):861 WAITING_15
17:39:21.238 (index):861 WAITING_16
17:39:21.312 (index):823 THINKING_2
17:39:21.430 (index):843 NODEACCESSREQUESTED_9
17:39:21.440 (index):831 UPDATE_3
17:39:21.540 (index):823 THINKING_3
17:39:21.542 (index):831 UPDATE_6
17:39:21.596 (index):831 UPDATE_0
17:39:21.643 (index):813 NODEACCESSRELEASED_6
17:39:21.675 (index):831 UPDATE_1
17:39:21.697 (index):813 NODEACCESSRELEASED_0
17:39:21.735 (index):843 NODEACCESSREQUESTED_8
17:39:21.777 (index):823 THINKING_1
17:39:22.070 (index):831 UPDATE_5
17:39:22.088 (index):831 UPDATE_7
17:39:22.214 (index):823 THINKING_5
17:39:22.289 (index):813 NODEACCESSRELEASED_7
17:39:22.414 (index):861 WAITING_10
17:39:22.491 (index):861 WAITING_11
17:39:22.492 (index):861 WAITING_12
17:39:22.492 (index):861 WAITING_13
17:39:22.493 (index):861 WAITING_14
17:39:22.493 (index):861 WAITING_15
17:39:22.494 (index):861 WAITING_16
17:39:22.494 (index):831 UPDATE_9
17:39:22.632 (index):813 NODEACCESSRELEASED_9
17:39:22.695 (index):843 NODEACCESSREQUESTED_6
17:39:22.882 (index):843 NODEACCESSREQUESTED_0
17:39:22.883 (index):831 UPDATE_8
17:39:23.193 (index):813 NODEACCESSRELEASED_8
17:39:23.194 (index):831 UPDATE_4
17:39:23.422 (index):843 NODEACCESSREQUESTED_7
17:39:23.423 (index):823 THINKING_4
17:39:23.424 (index):861 WAITING_10
17:39:23.554 (index):861 WAITING_11
17:39:23.554 (index):861 WAITING_12
17:39:23.555 (index):861 WAITING_13
17:39:23.555 (index):861 WAITING_14
17:39:23.562 (index):861 WAITING_15
17:39:23.562 (index):861 WAITING_16
17:39:23.650 (index):843 NODEACCESSREQUESTED_9
17:39:23.715 (index):831 UPDATE_6
17:39:23.964 (index):813 NODEACCESSRELEASED_6
17:39:23.965 (index):831 UPDATE_0
17:39:23.966 (index):831 UPDATE_3
17:39:24.101 (index):823 THINKING_0
17:39:24.102 (index):813 NODEACCESSRELEASED_3
17:39:24.240 (index):843 NODEACCESSREQUESTED_8
17:39:24.425 (index):831 UPDATE_7
17:39:24.427 (index):861 WAITING_10
17:39:24.580 (index):813 NODEACCESSRELEASED_7
17:39:24.581 (index):861 WAITING_11
17:39:24.581 (index):861 WAITING_12
17:39:24.824 (index):861 WAITING_13
17:39:24.825 (index):861 WAITING_14
17:39:24.826 (index):861 WAITING_15
17:39:24.826 (index):861 WAITING_16
17:39:24.827 (index):831 UPDATE_9
17:39:24.948 (index):823 THINKING_9
17:39:24.965 (index):843 NODEACCESSREQUESTED_6
17:39:25.103 (index):843 NODEACCESSREQUESTED_3
17:39:25.241 (index):831 UPDATE_8
17:39:25.342 (index):813 NODEACCESSRELEASED_8
17:39:25.428 (index):861 WAITING_10
17:39:25.581 (index):843 NODEACCESSREQUESTED_7
17:39:25.582 (index):861 WAITING_11
17:39:25.583 (index):861 WAITING_12
17:39:25.825 (index):861 WAITING_13
17:39:25.827 (index):861 WAITING_14
17:39:25.828 (index):861 WAITING_15
17:39:25.829 (index):861 WAITING_16
17:39:25.966 (index):831 UPDATE_6
17:39:26.067 (index):813 NODEACCESSRELEASED_6
17:39:26.104 (index):831 UPDATE_3
17:39:26.167 (index):831 UPDATE_2
17:39:26.205 (index):813 NODEACCESSRELEASED_3
17:39:26.268 (index):813 NODEACCESSRELEASED_2
17:39:26.344 (index):843 NODEACCESSREQUESTED_8
17:39:26.387 (index):831 UPDATE_1
17:39:26.429 (index):861 WAITING_10
17:39:26.488 (index):823 THINKING_1
17:39:26.583 (index):831 UPDATE_7
17:39:26.584 (index):861 WAITING_11
17:39:26.584 (index):861 WAITING_12
17:39:26.684 (index):813 NODEACCESSRELEASED_7
17:39:26.827 (index):861 WAITING_13
17:39:26.828 (index):861 WAITING_14
17:39:26.829 (index):861 WAITING_15
17:39:26.830 (index):861 WAITING_16
17:39:27.069 (index):843 NODEACCESSREQUESTED_6
17:39:27.149 (index):831 UPDATE_5
17:39:27.206 (index):843 NODEACCESSREQUESTED_3
17:39:27.249 (index):813 NODEACCESSRELEASED_5
17:39:27.269 (index):843 NODEACCESSREQUESTED_2
17:39:27.345 (index):831 UPDATE_8
17:39:27.382 (index):831 UPDATE_4
17:39:27.430 (index):861 WAITING_10
17:39:27.446 (index):813 NODEACCESSRELEASED_8
17:39:27.483 (index):823 THINKING_4
17:39:27.584 (index):861 WAITING_11
17:39:27.586 (index):861 WAITING_12
17:39:27.685 (index):843 NODEACCESSREQUESTED_7
17:39:27.828 (index):861 WAITING_13
17:39:27.829 (index):861 WAITING_14
17:39:27.830 (index):861 WAITING_15
17:39:27.831 (index):861 WAITING_16
17:39:28.070 (index):831 UPDATE_6
17:39:28.096 (index):831 UPDATE_0
17:39:28.171 (index):813 NODEACCESSRELEASED_6
17:39:28.197 (index):813 NODEACCESSRELEASED_0
17:39:28.207 (index):831 UPDATE_3
17:39:28.251 (index):843 NODEACCESSREQUESTED_5
17:39:28.270 (index):831 UPDATE_2
17:39:28.308 (index):823 THINKING_3
17:39:28.371 (index):813 NODEACCESSRELEASED_2
17:39:28.431 (index):861 WAITING_10
17:39:28.447 (index):843 NODEACCESSREQUESTED_8
17:39:28.571 (index):831 UPDATE_9
17:39:28.586 (index):861 WAITING_11
17:39:28.587 (index):861 WAITING_12
17:39:28.673 (index):813 NODEACCESSRELEASED_9
17:39:28.686 (index):831 UPDATE_7
17:39:28.787 (index):823 THINKING_7
17:39:28.829 (index):861 WAITING_13
17:39:28.831 (index):861 WAITING_14
17:39:28.831 (index):861 WAITING_15
17:39:28.832 (index):861 WAITING_16
17:39:29.173 (index):843 NODEACCESSREQUESTED_6
17:39:29.198 (index):843 NODEACCESSREQUESTED_0
17:39:29.252 (index):831 UPDATE_5
17:39:29.353 (index):813 NODEACCESSRELEASED_5
17:39:29.373 (index):843 NODEACCESSREQUESTED_2
17:39:29.432 (index):861 WAITING_10
17:39:29.448 (index):831 UPDATE_8
17:39:29.549 (index):813 NODEACCESSRELEASED_8
17:39:29.586 (index):861 WAITING_11
17:39:29.588 (index):861 WAITING_12
17:39:29.674 (index):843 NODEACCESSREQUESTED_9
17:39:29.831 (index):861 WAITING_13
17:39:29.832 (index):861 WAITING_14
17:39:29.833 (index):861 WAITING_15
17:39:29.834 (index):861 WAITING_16
17:39:30.174 (index):831 UPDATE_6
17:39:30.200 (index):831 UPDATE_0
17:39:30.250 (index):831 UPDATE_4
17:39:30.275 (index):813 NODEACCESSRELEASED_6
17:39:30.300 (index):813 NODEACCESSRELEASED_0
17:39:30.351 (index):813 NODEACCESSRELEASED_4
17:39:30.355 (index):843 NODEACCESSREQUESTED_5
17:39:30.374 (index):831 UPDATE_2
17:39:30.433 (index):861 WAITING_10
17:39:30.475 (index):813 NODEACCESSRELEASED_2
17:39:30.550 (index):843 NODEACCESSREQUESTED_8
17:39:30.588 (index):861 WAITING_11
17:39:30.589 (index):861 WAITING_12
17:39:30.647 (index):831 UPDATE_3
17:39:30.675 (index):831 UPDATE_9
17:39:30.680 (index):831 UPDATE_1
17:39:30.748 (index):813 NODEACCESSRELEASED_3
17:39:30.776 (index):813 NODEACCESSRELEASED_9
17:39:30.781 (index):813 NODEACCESSRELEASED_1
17:39:30.832 (index):861 WAITING_13
17:39:30.833 (index):861 WAITING_14
17:39:30.834 (index):861 WAITING_15
17:39:30.835 (index):861 WAITING_16
17:39:31.276 (index):843 NODEACCESSREQUESTED_6
17:39:31.302 (index):843 NODEACCESSREQUESTED_0
17:39:31.352 (index):843 NODEACCESSREQUESTED_4
17:39:31.355 (index):831 UPDATE_5
17:39:31.435 (index):861 WAITING_10
17:39:31.457 (index):813 NODEACCESSRELEASED_5
17:39:31.476 (index):843 NODEACCESSREQUESTED_2
17:39:31.552 (index):831 UPDATE_8
17:39:31.589 (index):861 WAITING_11
17:39:31.590 (index):861 WAITING_12
17:39:31.653 (index):813 NODEACCESSRELEASED_8
17:39:31.749 (index):843 NODEACCESSREQUESTED_3
17:39:31.778 (index):843 NODEACCESSREQUESTED_9
17:39:31.782 (index):843 NODEACCESSREQUESTED_1
17:39:31.833 (index):861 WAITING_13
17:39:31.835 (index):861 WAITING_14
17:39:31.836 (index):861 WAITING_15
17:39:31.837 (index):861 WAITING_16
17:39:32.223 (index):831 UPDATE_7
17:39:32.278 (index):831 UPDATE_6
17:39:32.303 (index):831 UPDATE_0
17:39:32.324 (index):813 NODEACCESSRELEASED_7
17:39:32.353 (index):831 UPDATE_4
17:39:32.379 (index):872 END_6
17:39:32.404 (index):813 NODEACCESSRELEASED_0
17:39:32.435 (index):861 WAITING_10
17:39:32.455 (index):813 NODEACCESSRELEASED_4
17:39:32.458 (index):843 NODEACCESSREQUESTED_5
17:39:32.477 (index):831 UPDATE_2
17:39:32.579 (index):813 NODEACCESSRELEASED_2
17:39:32.590 (index):861 WAITING_11
17:39:32.591 (index):861 WAITING_12
17:39:32.654 (index):843 NODEACCESSREQUESTED_8
17:39:32.750 (index):831 UPDATE_3
17:39:32.779 (index):831 UPDATE_9
17:39:32.783 (index):831 UPDATE_1
17:39:32.835 (index):861 WAITING_13
17:39:32.836 (index):861 WAITING_14
17:39:32.837 (index):861 WAITING_15
17:39:32.838 (index):861 WAITING_16
17:39:32.851 (index):872 END_3
17:39:32.880 (index):813 NODEACCESSRELEASED_9
17:39:32.884 (index):823 THINKING_1
17:39:33.325 (index):843 NODEACCESSREQUESTED_7
17:39:33.405 (index):843 NODEACCESSREQUESTED_0
17:39:33.437 (index):861 WAITING_10
17:39:33.456 (index):843 NODEACCESSREQUESTED_4
17:39:33.459 (index):831 UPDATE_5
17:39:33.560 (index):813 NODEACCESSRELEASED_5
17:39:33.580 (index):843 NODEACCESSREQUESTED_2
17:39:33.591 (index):861 WAITING_11
17:39:33.592 (index):861 WAITING_12
17:39:33.655 (index):831 UPDATE_8
17:39:33.756 (index):872 END_8
17:39:33.836 (index):861 WAITING_13
17:39:33.837 (index):861 WAITING_14
17:39:33.838 (index):861 WAITING_15
17:39:33.839 (index):861 WAITING_16
17:39:33.881 (index):843 NODEACCESSREQUESTED_9
17:39:34.326 (index):831 UPDATE_7
17:39:34.407 (index):831 UPDATE_0
17:39:34.427 (index):872 END_7
17:39:34.438 (index):861 WAITING_10
17:39:34.457 (index):831 UPDATE_4
17:39:34.508 (index):872 END_0
17:39:34.559 (index):823 THINKING_4
17:39:34.561 (index):843 NODEACCESSREQUESTED_5
17:39:34.581 (index):831 UPDATE_2
17:39:34.592 (index):861 WAITING_11
17:39:34.593 (index):861 WAITING_12
17:39:34.682 (index):872 END_2
17:39:34.837 (index):861 WAITING_13
17:39:34.838 (index):861 WAITING_14
17:39:34.839 (index):861 WAITING_15
17:39:34.840 (index):861 WAITING_16
17:39:34.883 (index):831 UPDATE_9
17:39:34.984 (index):872 END_9
17:39:35.063 (index):831 UPDATE_1
17:39:35.164 (index):813 NODEACCESSRELEASED_1
17:39:35.439 (index):861 WAITING_10
17:39:35.562 (index):831 UPDATE_5
17:39:35.593 (index):861 WAITING_11
17:39:35.595 (index):861 WAITING_12
17:39:35.663 (index):872 END_5
17:39:35.838 (index):861 WAITING_13
17:39:35.839 (index):861 WAITING_14
17:39:35.840 (index):861 WAITING_15
17:39:35.840 (index):861 WAITING_16
17:39:36.165 (index):843 NODEACCESSREQUESTED_1
17:39:36.440 (index):861 WAITING_10
17:39:36.595 (index):861 WAITING_11
17:39:36.596 (index):861 WAITING_12
17:39:36.839 (index):861 WAITING_13
17:39:36.840 (index):861 WAITING_14
17:39:36.841 (index):861 WAITING_15
17:39:36.842 (index):861 WAITING_16
17:39:37.167 (index):831 UPDATE_1
17:39:37.268 (index):872 END_1
17:39:37.441 (index):861 WAITING_10
17:39:37.596 (index):861 WAITING_11
17:39:37.597 (index):861 WAITING_12
17:39:37.840 (index):861 WAITING_13
17:39:37.842 (index):861 WAITING_14
17:39:37.842 (index):861 WAITING_15
17:39:37.843 (index):861 WAITING_16
17:39:38.443 (index):861 WAITING_10
17:39:38.597 (index):861 WAITING_11
17:39:38.599 (index):861 WAITING_12
17:39:38.842 (index):861 WAITING_13
17:39:38.843 (index):861 WAITING_14
17:39:38.844 (index):861 WAITING_15
17:39:38.846 (index):861 WAITING_16
17:39:38.949 (index):831 UPDATE_4
17:39:39.050 (index):872 END_4
17:39:39.444 (index):813 NODEACCESSRELEASED_10
17:39:39.599 (index):823 THINKING_11
17:39:39.600 (index):861 WAITING_12
17:39:39.843 (index):861 WAITING_13
17:39:39.844 (index):861 WAITING_14
17:39:39.846 (index):861 WAITING_15
17:39:39.847 (index):861 WAITING_16
17:39:40.445 (index):843 NODEACCESSREQUESTED_10
17:39:40.601 (index):861 WAITING_12
17:39:40.844 (index):861 WAITING_13
17:39:40.846 (index):861 WAITING_14
17:39:40.847 (index):861 WAITING_15
17:39:40.848 (index):861 WAITING_16
17:39:41.447 (index):861 WAITING_10
17:39:41.603 (index):861 WAITING_12
17:39:41.846 (index):861 WAITING_13
17:39:41.847 (index):861 WAITING_14
17:39:41.848 (index):861 WAITING_15
17:39:41.849 (index):861 WAITING_16
17:39:42.061 (index):831 UPDATE_11
17:39:42.162 (index):823 THINKING_11
17:39:42.448 (index):861 WAITING_10
17:39:42.603 (index):861 WAITING_12
17:39:42.847 (index):861 WAITING_13
17:39:42.848 (index):861 WAITING_14
17:39:42.849 (index):861 WAITING_15
17:39:42.851 (index):861 WAITING_16
17:39:43.449 (index):861 WAITING_10
17:39:43.605 (index):861 WAITING_12
17:39:43.848 (index):861 WAITING_13
17:39:43.849 (index):861 WAITING_14
17:39:43.851 (index):861 WAITING_15
17:39:43.852 (index):861 WAITING_16
17:39:44.451 (index):861 WAITING_10
17:39:44.606 (index):861 WAITING_12
17:39:44.850 (index):861 WAITING_13
17:39:44.851 (index):861 WAITING_14
17:39:44.852 (index):861 WAITING_15
17:39:44.853 (index):861 WAITING_16
17:39:45.452 (index):861 WAITING_10
17:39:45.460 (index):831 UPDATE_11
17:39:45.561 (index):813 NODEACCESSRELEASED_11
17:39:45.607 (index):813 NODEACCESSRELEASED_12
17:39:45.851 (index):823 THINKING_13
17:39:45.852 (index):861 WAITING_14
17:39:45.853 (index):861 WAITING_15
17:39:45.854 (index):861 WAITING_16
17:39:46.453 (index):861 WAITING_10
17:39:46.563 (index):843 NODEACCESSREQUESTED_11
17:39:46.609 (index):843 NODEACCESSREQUESTED_12
17:39:46.853 (index):861 WAITING_14
17:39:46.854 (index):861 WAITING_15
17:39:46.855 (index):861 WAITING_16
17:39:47.454 (index):861 WAITING_10
17:39:47.564 (index):861 WAITING_11
17:39:47.610 (index):861 WAITING_12
17:39:47.855 (index):861 WAITING_14
17:39:47.856 (index):861 WAITING_15
17:39:47.857 (index):861 WAITING_16
17:39:48.455 (index):861 WAITING_10
17:39:48.566 (index):861 WAITING_11
17:39:48.611 (index):861 WAITING_12
17:39:48.856 (index):861 WAITING_14
17:39:48.857 (index):861 WAITING_15
17:39:48.858 (index):861 WAITING_16
17:39:49.456 (index):861 WAITING_10
17:39:49.567 (index):861 WAITING_11
17:39:49.612 (index):861 WAITING_12
17:39:49.857 (index):861 WAITING_14
17:39:49.858 (index):861 WAITING_15
17:39:49.859 (index):861 WAITING_16
17:39:50.126 (index):831 UPDATE_13
17:39:50.228 (index):813 NODEACCESSRELEASED_13
17:39:50.458 (index):861 WAITING_10
17:39:50.568 (index):861 WAITING_11
17:39:50.614 (index):861 WAITING_12
17:39:50.858 (index):823 THINKING_14
17:39:50.860 (index):861 WAITING_15
17:39:50.861 (index):861 WAITING_16
17:39:51.229 (index):843 NODEACCESSREQUESTED_13
17:39:51.459 (index):861 WAITING_10
17:39:51.569 (index):861 WAITING_11
17:39:51.615 (index):861 WAITING_12
17:39:51.861 (index):861 WAITING_15
17:39:51.862 (index):861 WAITING_16
17:39:52.231 (index):861 WAITING_13
17:39:52.460 (index):861 WAITING_10
17:39:52.571 (index):861 WAITING_11
17:39:52.616 (index):861 WAITING_12
17:39:52.862 (index):861 WAITING_15
17:39:52.863 (index):861 WAITING_16
17:39:53.232 (index):861 WAITING_13
17:39:53.461 (index):861 WAITING_10
17:39:53.572 (index):861 WAITING_11
17:39:53.618 (index):861 WAITING_12
17:39:53.863 (index):861 WAITING_15
17:39:53.864 (index):861 WAITING_16
17:39:54.233 (index):861 WAITING_13
17:39:54.462 (index):861 WAITING_10
17:39:54.573 (index):861 WAITING_11
17:39:54.619 (index):861 WAITING_12
17:39:54.864 (index):861 WAITING_15
17:39:54.865 (index):861 WAITING_16
17:39:55.234 (index):861 WAITING_13
17:39:55.311 (index):831 UPDATE_14
17:39:55.412 (index):813 NODEACCESSRELEASED_14
17:39:55.463 (index):861 WAITING_10
17:39:55.575 (index):861 WAITING_11
17:39:55.620 (index):861 WAITING_12
17:39:55.865 (index):823 THINKING_15
17:39:55.867 (index):861 WAITING_16
17:39:56.236 (index):861 WAITING_13
17:39:56.413 (index):843 NODEACCESSREQUESTED_14
17:39:56.464 (index):861 WAITING_10
17:39:56.576 (index):861 WAITING_11
17:39:56.621 (index):861 WAITING_12
17:39:56.868 (index):861 WAITING_16
17:39:57.236 (index):861 WAITING_13
17:39:57.414 (index):861 WAITING_14
17:39:57.465 (index):861 WAITING_10
17:39:57.577 (index):861 WAITING_11
17:39:57.622 (index):861 WAITING_12
17:39:57.869 (index):861 WAITING_16
17:39:58.238 (index):861 WAITING_13
17:39:58.415 (index):861 WAITING_14
17:39:58.467 (index):861 WAITING_10
17:39:58.579 (index):861 WAITING_11
17:39:58.624 (index):861 WAITING_12
17:39:58.870 (index):861 WAITING_16
17:39:59.239 (index):861 WAITING_13
17:39:59.321 (index):831 UPDATE_15
17:39:59.417 (index):861 WAITING_14
17:39:59.422 (index):813 NODEACCESSRELEASED_15
17:39:59.468 (index):861 WAITING_10
17:39:59.580 (index):861 WAITING_11
17:39:59.625 (index):861 WAITING_12
17:39:59.872 (index):823 THINKING_16
17:40:00.240 (index):861 WAITING_13
17:40:00.418 (index):861 WAITING_14
17:40:00.423 (index):843 NODEACCESSREQUESTED_15
17:40:00.469 (index):861 WAITING_10
17:40:00.581 (index):861 WAITING_11
17:40:00.626 (index):861 WAITING_12
17:40:01.242 (index):861 WAITING_13
17:40:01.419 (index):861 WAITING_14
17:40:01.424 (index):861 WAITING_15
17:40:01.470 (index):861 WAITING_10
17:40:01.582 (index):861 WAITING_11
17:40:01.628 (index):861 WAITING_12
17:40:02.154 (index):831 UPDATE_16
17:40:02.243 (index):861 WAITING_13
17:40:02.255 (index):813 NODEACCESSRELEASED_16
17:40:02.421 (index):861 WAITING_14
17:40:02.425 (index):861 WAITING_15
17:40:02.471 (index):831 UPDATE_10
17:40:02.572 (index):823 THINKING_10
17:40:02.583 (index):861 WAITING_11
17:40:02.629 (index):861 WAITING_12
17:40:03.244 (index):861 WAITING_13
17:40:03.256 (index):843 NODEACCESSREQUESTED_16
17:40:03.422 (index):861 WAITING_14
17:40:03.426 (index):861 WAITING_15
17:40:03.585 (index):861 WAITING_11
17:40:03.630 (index):861 WAITING_12
17:40:04.245 (index):861 WAITING_13
17:40:04.257 (index):831 UPDATE_16
17:40:04.358 (index):813 NODEACCESSRELEASED_16
17:40:04.423 (index):861 WAITING_14
17:40:04.427 (index):861 WAITING_15
17:40:04.586 (index):861 WAITING_11
17:40:04.624 (index):831 UPDATE_10
17:40:04.632 (index):861 WAITING_12
17:40:04.724 (index):813 NODEACCESSRELEASED_10
17:40:05.246 (index):861 WAITING_13
17:40:05.359 (index):843 NODEACCESSREQUESTED_16
17:40:05.424 (index):861 WAITING_14
17:40:05.428 (index):861 WAITING_15
17:40:05.587 (index):831 UPDATE_11
17:40:05.633 (index):861 WAITING_12
17:40:05.689 (index):813 NODEACCESSRELEASED_11
17:40:05.726 (index):843 NODEACCESSREQUESTED_10
17:40:06.247 (index):861 WAITING_13
17:40:06.360 (index):831 UPDATE_16
17:40:06.425 (index):861 WAITING_14
17:40:06.429 (index):861 WAITING_15
17:40:06.461 (index):813 NODEACCESSRELEASED_16
17:40:06.633 (index):831 UPDATE_12
17:40:06.690 (index):843 NODEACCESSREQUESTED_11
17:40:06.727 (index):831 UPDATE_10
17:40:06.735 (index):813 NODEACCESSRELEASED_12
17:40:06.828 (index):823 THINKING_10
17:40:07.248 (index):831 UPDATE_13
17:40:07.350 (index):813 NODEACCESSRELEASED_13
17:40:07.426 (index):831 UPDATE_14
17:40:07.430 (index):861 WAITING_15
17:40:07.462 (index):843 NODEACCESSREQUESTED_16
17:40:07.528 (index):823 THINKING_14
17:40:07.691 (index):831 UPDATE_11
17:40:07.736 (index):843 NODEACCESSREQUESTED_12
17:40:07.792 (index):813 NODEACCESSRELEASED_11
17:40:08.351 (index):843 NODEACCESSREQUESTED_13
17:40:08.431 (index):861 WAITING_15
17:40:08.464 (index):831 UPDATE_16
17:40:08.565 (index):823 THINKING_16
17:40:08.737 (index):831 UPDATE_12
17:40:08.793 (index):843 NODEACCESSREQUESTED_11
17:40:08.839 (index):813 NODEACCESSRELEASED_12
17:40:09.352 (index):831 UPDATE_13
17:40:09.433 (index):861 WAITING_15
17:40:09.454 (index):813 NODEACCESSRELEASED_13
17:40:09.794 (index):831 UPDATE_11
17:40:09.805 (index):831 UPDATE_10
17:40:09.840 (index):843 NODEACCESSREQUESTED_12
17:40:09.896 (index):823 THINKING_11
17:40:09.906 (index):813 NODEACCESSRELEASED_10
17:40:10.434 (index):861 WAITING_15
17:40:10.455 (index):843 NODEACCESSREQUESTED_13
17:40:10.529 (index):831 UPDATE_14
17:40:10.630 (index):813 NODEACCESSRELEASED_14
17:40:10.841 (index):831 UPDATE_12
17:40:10.907 (index):843 NODEACCESSREQUESTED_10
17:40:10.943 (index):823 THINKING_12
17:40:11.435 (index):831 UPDATE_15
17:40:11.457 (index):831 UPDATE_13
17:40:11.536 (index):813 NODEACCESSRELEASED_15
17:40:11.558 (index):813 NODEACCESSRELEASED_13
17:40:11.631 (index):843 NODEACCESSREQUESTED_14
17:40:11.908 (index):831 UPDATE_10
17:40:12.009 (index):823 THINKING_10
17:40:12.538 (index):843 NODEACCESSREQUESTED_15
17:40:12.559 (index):843 NODEACCESSREQUESTED_13
17:40:12.592 (index):831 UPDATE_16
17:40:12.633 (index):831 UPDATE_14
17:40:12.693 (index):823 THINKING_16
17:40:12.734 (index):813 NODEACCESSRELEASED_14
17:40:13.539 (index):831 UPDATE_15
17:40:13.561 (index):831 UPDATE_13
17:40:13.640 (index):823 THINKING_15
17:40:13.662 (index):813 NODEACCESSRELEASED_13
17:40:13.735 (index):843 NODEACCESSREQUESTED_14
17:40:14.174 (index):831 UPDATE_11
17:40:14.275 (index):813 NODEACCESSRELEASED_11
17:40:14.663 (index):843 NODEACCESSREQUESTED_13
17:40:14.736 (index):831 UPDATE_14
17:40:14.838 (index):813 NODEACCESSRELEASED_14
17:40:15.277 (index):843 NODEACCESSREQUESTED_11
17:40:15.321 (index):831 UPDATE_16
17:40:15.423 (index):823 THINKING_16
17:40:15.602 (index):831 UPDATE_12
17:40:15.664 (index):831 UPDATE_13
17:40:15.703 (index):813 NODEACCESSRELEASED_12
17:40:15.765 (index):813 NODEACCESSRELEASED_13
17:40:15.839 (index):843 NODEACCESSREQUESTED_14
17:40:16.278 (index):831 UPDATE_11
17:40:16.379 (index):813 NODEACCESSRELEASED_11
17:40:16.674 (index):831 UPDATE_10
17:40:16.704 (index):843 NODEACCESSREQUESTED_12
17:40:16.767 (index):843 NODEACCESSREQUESTED_13
17:40:16.775 (index):813 NODEACCESSRELEASED_10
17:40:16.840 (index):831 UPDATE_14
17:40:16.941 (index):813 NODEACCESSRELEASED_14
17:40:17.380 (index):843 NODEACCESSREQUESTED_11
17:40:17.705 (index):831 UPDATE_12
17:40:17.768 (index):831 UPDATE_13
17:40:17.776 (index):843 NODEACCESSREQUESTED_10
17:40:17.807 (index):813 NODEACCESSRELEASED_12
17:40:17.854 (index):831 UPDATE_16
17:40:17.869 (index):813 NODEACCESSRELEASED_13
17:40:17.942 (index):843 NODEACCESSREQUESTED_14
17:40:17.955 (index):813 NODEACCESSRELEASED_16
17:40:17.989 (index):831 UPDATE_15
17:40:18.090 (index):823 THINKING_15
17:40:18.382 (index):831 UPDATE_11
17:40:18.483 (index):813 NODEACCESSRELEASED_11
17:40:18.777 (index):831 UPDATE_10
17:40:18.808 (index):843 NODEACCESSREQUESTED_12
17:40:18.871 (index):843 NODEACCESSREQUESTED_13
17:40:18.879 (index):823 THINKING_10
17:40:18.944 (index):831 UPDATE_14
17:40:18.956 (index):843 NODEACCESSREQUESTED_16
17:40:19.045 (index):823 THINKING_14
17:40:19.484 (index):843 NODEACCESSREQUESTED_11
17:40:19.809 (index):831 UPDATE_12
17:40:19.872 (index):831 UPDATE_13
17:40:19.911 (index):813 NODEACCESSRELEASED_12
17:40:19.957 (index):831 UPDATE_16
17:40:19.973 (index):813 NODEACCESSRELEASED_13
17:40:20.058 (index):823 THINKING_16
17:40:20.223 (index):831 UPDATE_15
17:40:20.325 (index):813 NODEACCESSRELEASED_15
17:40:20.485 (index):831 UPDATE_11
17:40:20.587 (index):823 THINKING_11
17:40:20.912 (index):843 NODEACCESSREQUESTED_12
17:40:20.974 (index):843 NODEACCESSREQUESTED_13
17:40:21.275 (index):831 UPDATE_14
17:40:21.326 (index):843 NODEACCESSREQUESTED_15
17:40:21.376 (index):813 NODEACCESSRELEASED_14
17:40:21.914 (index):831 UPDATE_12
17:40:21.976 (index):831 UPDATE_13
17:40:22.015 (index):813 NODEACCESSRELEASED_12
17:40:22.077 (index):813 NODEACCESSRELEASED_13
17:40:22.327 (index):831 UPDATE_15
17:40:22.377 (index):843 NODEACCESSREQUESTED_14
17:40:22.429 (index):823 THINKING_15
17:40:22.664 (index):831 UPDATE_10
17:40:22.765 (index):813 NODEACCESSRELEASED_10
17:40:23.016 (index):843 NODEACCESSREQUESTED_12
17:40:23.078 (index):843 NODEACCESSREQUESTED_13
17:40:23.379 (index):831 UPDATE_14
17:40:23.480 (index):813 NODEACCESSRELEASED_14
17:40:23.766 (index):843 NODEACCESSREQUESTED_10
17:40:23.971 (index):831 UPDATE_11
17:40:24.018 (index):831 UPDATE_12
17:40:24.073 (index):813 NODEACCESSRELEASED_11
17:40:24.080 (index):831 UPDATE_13
17:40:24.119 (index):813 NODEACCESSRELEASED_12
17:40:24.180 (index):813 NODEACCESSRELEASED_13
17:40:24.481 (index):843 NODEACCESSREQUESTED_14
17:40:24.651 (index):831 UPDATE_16
17:40:24.752 (index):813 NODEACCESSRELEASED_16
17:40:24.768 (index):831 UPDATE_10
17:40:24.869 (index):823 THINKING_10
17:40:25.074 (index):843 NODEACCESSREQUESTED_11
17:40:25.120 (index):843 NODEACCESSREQUESTED_12
17:40:25.182 (index):843 NODEACCESSREQUESTED_13
17:40:25.193 (index):831 UPDATE_15
17:40:25.295 (index):823 THINKING_15
17:40:25.483 (index):831 UPDATE_14
17:40:25.584 (index):823 THINKING_14
17:40:25.753 (index):843 NODEACCESSREQUESTED_16
17:40:26.075 (index):831 UPDATE_11
17:40:26.122 (index):831 UPDATE_12
17:40:26.176 (index):813 NODEACCESSRELEASED_11
17:40:26.183 (index):831 UPDATE_13
17:40:26.223 (index):813 NODEACCESSRELEASED_12
17:40:26.284 (index):813 NODEACCESSRELEASED_13
17:40:26.755 (index):831 UPDATE_16
17:40:26.856 (index):823 THINKING_16
17:40:27.178 (index):843 NODEACCESSREQUESTED_11
17:40:27.224 (index):843 NODEACCESSREQUESTED_12
17:40:27.285 (index):843 NODEACCESSREQUESTED_13
17:40:27.901 (index):831 UPDATE_15
17:40:28.002 (index):813 NODEACCESSRELEASED_15
17:40:28.179 (index):831 UPDATE_11
17:40:28.225 (index):831 UPDATE_12
17:40:28.280 (index):823 THINKING_11
17:40:28.287 (index):831 UPDATE_13
17:40:28.327 (index):823 THINKING_12
17:40:28.388 (index):813 NODEACCESSRELEASED_13
17:40:28.783 (index):831 UPDATE_14
17:40:28.885 (index):823 THINKING_14
17:40:29.003 (index):843 NODEACCESSREQUESTED_15
17:40:29.389 (index):843 NODEACCESSREQUESTED_13
17:40:29.589 (index):831 UPDATE_16
17:40:29.691 (index):813 NODEACCESSRELEASED_16
17:40:29.754 (index):831 UPDATE_10
17:40:29.855 (index):813 NODEACCESSRELEASED_10
17:40:30.005 (index):831 UPDATE_15
17:40:30.106 (index):823 THINKING_15
17:40:30.390 (index):831 UPDATE_13
17:40:30.492 (index):872 END_13
17:40:30.692 (index):843 NODEACCESSREQUESTED_16
17:40:30.856 (index):843 NODEACCESSREQUESTED_10
17:40:31.445 (index):831 UPDATE_11
17:40:31.546 (index):872 END_11
17:40:31.693 (index):831 UPDATE_16
17:40:31.703 (index):831 UPDATE_12
17:40:31.794 (index):813 NODEACCESSRELEASED_16
17:40:31.804 (index):813 NODEACCESSRELEASED_12
17:40:31.858 (index):831 UPDATE_10
17:40:31.958 (index):813 NODEACCESSRELEASED_10
17:40:32.795 (index):843 NODEACCESSREQUESTED_16
17:40:32.805 (index):843 NODEACCESSREQUESTED_12
17:40:32.959 (index):831 UPDATE_14
17:40:32.960 (index):843 NODEACCESSREQUESTED_10
17:40:33.060 (index):813 NODEACCESSRELEASED_14
17:40:33.797 (index):831 UPDATE_16
17:40:33.806 (index):831 UPDATE_12
17:40:33.898 (index):872 END_16
17:40:33.907 (index):813 NODEACCESSRELEASED_12
17:40:33.960 (index):831 UPDATE_10
17:40:34.061 (index):813 NODEACCESSRELEASED_10
17:40:34.062 (index):843 NODEACCESSREQUESTED_14
17:40:34.393 (index):831 UPDATE_15
17:40:34.495 (index):813 NODEACCESSRELEASED_15
17:40:34.908 (index):843 NODEACCESSREQUESTED_12
17:40:35.063 (index):843 NODEACCESSREQUESTED_10
17:40:35.064 (index):831 UPDATE_14
17:40:35.165 (index):872 END_14
17:40:35.496 (index):843 NODEACCESSREQUESTED_15
17:40:35.909 (index):831 UPDATE_12
17:40:36.011 (index):872 END_12
17:40:36.064 (index):831 UPDATE_10
17:40:36.165 (index):872 END_10
17:40:36.497 (index):831 UPDATE_15
17:40:36.598 (index):823 THINKING_15
17:40:40.389 (index):831 UPDATE_15
17:40:40.490 (index):813 NODEACCESSRELEASED_15
17:40:41.491 (index):843 NODEACCESSREQUESTED_15
17:40:42.493 (index):831 UPDATE_15
17:40:42.594 (index):872 END_15
