17:33:12.227 (index):1164 Tasks: 25; Collaborators: 15    =========================>
17:33:12.228 (index):843 NODEACCESSREQUESTED_0
17:33:12.231 (index):843 NODEACCESSREQUESTED_1
17:33:12.234 (index):843 NODEACCESSREQUESTED_2
17:33:12.234 (index):843 NODEACCESSREQUESTED_3
17:33:12.235 (index):843 NODEACCESSREQUESTED_4
17:33:12.236 (index):843 NODEACCESSREQUESTED_5
17:33:12.236 (index):843 NODEACCESSREQUESTED_6
17:33:12.237 (index):843 NODEACCESSREQUESTED_7
17:33:12.238 (index):843 NODEACCESSREQUESTED_8
17:33:12.238 (index):843 NODEACCESSREQUESTED_9
17:33:12.239 (index):843 NODEACCESSREQUESTED_10
17:33:12.240 (index):843 NODEACCESSREQUESTED_11
17:33:12.241 (index):843 NODEACCESSREQUESTED_12
17:33:12.241 (index):843 NODEACCESSREQUESTED_13
17:33:12.242 (index):843 NODEACCESSREQUESTED_14
17:33:14.226 (index):823 THINKING_0
17:33:14.227 (index):823 THINKING_1
17:33:14.228 (index):813 NODEACCESSRELEASED_2
17:33:14.228 (index):813 NODEACCESSRELEASED_3
17:33:14.229 (index):813 NODEACCESSRELEASED_4
17:33:14.229 (index):813 NODEACCESSRELEASED_5
17:33:14.230 (index):823 THINKING_6
17:33:14.231 (index):813 NODEACCESSRELEASED_7
17:33:14.232 (index):823 THINKING_8
17:33:14.233 (index):813 NODEACCESSRELEASED_9
17:33:14.233 (index):861 WAITING_10
17:33:14.234 (index):861 WAITING_11
17:33:14.235 (index):861 WAITING_12
17:33:14.236 (index):861 WAITING_13
17:33:14.237 (index):861 WAITING_14
17:33:16.226 (index):843 NODEACCESSREQUESTED_2
17:33:16.227 (index):843 NODEACCESSREQUESTED_3
17:33:16.227 (index):843 NODEACCESSREQUESTED_4
17:33:16.228 (index):843 NODEACCESSREQUESTED_5
17:33:16.228 (index):843 NODEACCESSREQUESTED_7
17:33:16.228 (index):843 NODEACCESSREQUESTED_9
17:33:16.229 (index):861 WAITING_10
17:33:16.229 (index):861 WAITING_11
17:33:16.230 (index):861 WAITING_12
17:33:16.231 (index):861 WAITING_13
17:33:16.232 (index):861 WAITING_14
17:33:17.226 (index):831 UPDATE_8
17:33:17.227 (index):831 UPDATE_6
17:33:17.227 (index):831 UPDATE_1
17:33:18.226 (index):831 UPDATE_2
17:33:18.227 (index):831 UPDATE_3
17:33:18.229 (index):831 UPDATE_4
17:33:18.230 (index):831 UPDATE_5
17:33:18.231 (index):831 UPDATE_7
17:33:18.231 (index):831 UPDATE_9
17:33:18.232 (index):861 WAITING_10
17:33:18.233 (index):861 WAITING_11
17:33:18.234 (index):861 WAITING_12
17:33:18.234 (index):861 WAITING_13
17:33:18.235 (index):861 WAITING_14
17:33:18.235 (index):823 THINKING_8
17:33:18.236 (index):813 NODEACCESSRELEASED_6
17:33:18.236 (index):813 NODEACCESSRELEASED_1
17:33:19.226 (index):813 NODEACCESSRELEASED_2
17:33:19.227 (index):813 NODEACCESSRELEASED_3
17:33:19.227 (index):813 NODEACCESSRELEASED_4
17:33:19.228 (index):823 THINKING_5
17:33:19.229 (index):813 NODEACCESSRELEASED_7
17:33:19.229 (index):823 THINKING_9
17:33:19.230 (index):831 UPDATE_0
17:33:20.227 (index):861 WAITING_10
17:33:20.228 (index):861 WAITING_11
17:33:20.228 (index):861 WAITING_12
17:33:20.228 (index):861 WAITING_13
17:33:20.229 (index):861 WAITING_14
17:33:20.231 (index):843 NODEACCESSREQUESTED_6
17:33:20.232 (index):843 NODEACCESSREQUESTED_1
17:33:20.232 (index):813 NODEACCESSRELEASED_0
17:33:20.233 (index):843 NODEACCESSREQUESTED_2
17:33:21.226 (index):843 NODEACCESSREQUESTED_3
17:33:21.227 (index):843 NODEACCESSREQUESTED_4
17:33:21.228 (index):843 NODEACCESSREQUESTED_7
17:33:22.226 (index):861 WAITING_10
17:33:22.227 (index):861 WAITING_11
17:33:22.228 (index):861 WAITING_12
17:33:22.228 (index):861 WAITING_13
17:33:22.229 (index):861 WAITING_14
17:33:22.230 (index):831 UPDATE_6
17:33:22.231 (index):831 UPDATE_1
17:33:22.232 (index):843 NODEACCESSREQUESTED_0
17:33:22.234 (index):831 UPDATE_2
17:33:22.235 (index):831 UPDATE_5
17:33:23.226 (index):831 UPDATE_3
17:33:23.227 (index):831 UPDATE_4
17:33:23.227 (index):831 UPDATE_7
17:33:23.228 (index):813 NODEACCESSRELEASED_6
17:33:23.229 (index):823 THINKING_1
17:33:23.229 (index):813 NODEACCESSRELEASED_2
17:33:23.229 (index):813 NODEACCESSRELEASED_5
17:33:23.230 (index):831 UPDATE_8
17:33:24.226 (index):861 WAITING_10
17:33:24.227 (index):861 WAITING_11
17:33:24.228 (index):861 WAITING_12
17:33:24.229 (index):861 WAITING_13
17:33:24.230 (index):861 WAITING_14
17:33:24.231 (index):831 UPDATE_0
17:33:24.232 (index):823 THINKING_3
17:33:24.233 (index):813 NODEACCESSRELEASED_4
17:33:24.234 (index):813 NODEACCESSRELEASED_7
17:33:24.235 (index):813 NODEACCESSRELEASED_8
17:33:24.236 (index):831 UPDATE_9
17:33:25.226 (index):843 NODEACCESSREQUESTED_6
17:33:25.227 (index):843 NODEACCESSREQUESTED_2
17:33:25.228 (index):843 NODEACCESSREQUESTED_5
17:33:25.228 (index):813 NODEACCESSRELEASED_0
17:33:25.229 (index):823 THINKING_9
17:33:26.226 (index):861 WAITING_10
17:33:26.227 (index):861 WAITING_11
17:33:26.228 (index):861 WAITING_12
17:33:26.229 (index):861 WAITING_13
17:33:26.230 (index):861 WAITING_14
17:33:26.232 (index):843 NODEACCESSREQUESTED_4
17:33:26.233 (index):843 NODEACCESSREQUESTED_7
17:33:26.234 (index):843 NODEACCESSREQUESTED_8
17:33:27.226 (index):831 UPDATE_6
17:33:27.227 (index):831 UPDATE_2
17:33:27.228 (index):831 UPDATE_5
17:33:27.229 (index):843 NODEACCESSREQUESTED_0
17:33:27.231 (index):831 UPDATE_1
17:33:28.230 (index):861 WAITING_10
17:33:28.231 (index):861 WAITING_11
17:33:28.232 (index):861 WAITING_12
17:33:28.233 (index):861 WAITING_13
17:33:28.234 (index):861 WAITING_14
17:33:28.235 (index):831 UPDATE_4
17:33:28.236 (index):831 UPDATE_7
17:33:28.237 (index):831 UPDATE_8
17:33:28.238 (index):813 NODEACCESSRELEASED_6
17:33:28.239 (index):823 THINKING_2
17:33:28.240 (index):823 THINKING_5
17:33:28.241 (index):823 THINKING_1
17:33:28.241 (index):831 UPDATE_9
17:33:29.226 (index):831 UPDATE_0
17:33:29.227 (index):813 NODEACCESSRELEASED_4
17:33:29.228 (index):823 THINKING_7
17:33:29.229 (index):823 THINKING_8
17:33:29.230 (index):813 NODEACCESSRELEASED_9
17:33:29.231 (index):831 UPDATE_3
17:33:30.226 (index):861 WAITING_10
17:33:30.227 (index):861 WAITING_11
17:33:30.228 (index):861 WAITING_12
17:33:30.230 (index):861 WAITING_13
17:33:30.231 (index):861 WAITING_14
17:33:30.232 (index):843 NODEACCESSREQUESTED_6
17:33:30.233 (index):823 THINKING_0
17:33:30.234 (index):813 NODEACCESSRELEASED_3
17:33:31.226 (index):843 NODEACCESSREQUESTED_4
17:33:31.227 (index):843 NODEACCESSREQUESTED_9
17:33:31.228 (index):831 UPDATE_2
17:33:32.226 (index):861 WAITING_10
17:33:32.227 (index):861 WAITING_11
17:33:32.228 (index):861 WAITING_12
17:33:32.228 (index):861 WAITING_13
17:33:32.229 (index):861 WAITING_14
17:33:32.230 (index):831 UPDATE_6
17:33:32.231 (index):843 NODEACCESSREQUESTED_3
17:33:32.232 (index):813 NODEACCESSRELEASED_2
17:33:32.233 (index):831 UPDATE_5
17:33:32.235 (index):831 UPDATE_7
17:33:33.226 (index):831 UPDATE_4
17:33:33.227 (index):831 UPDATE_9
17:33:33.229 (index):813 NODEACCESSRELEASED_6
17:33:33.230 (index):813 NODEACCESSRELEASED_5
17:33:33.232 (index):813 NODEACCESSRELEASED_7
17:33:33.233 (index):831 UPDATE_1
17:33:33.234 (index):831 UPDATE_0
17:33:34.226 (index):861 WAITING_10
17:33:34.228 (index):861 WAITING_11
17:33:34.229 (index):861 WAITING_12
17:33:34.230 (index):861 WAITING_13
17:33:34.231 (index):861 WAITING_14
17:33:34.232 (index):831 UPDATE_3
17:33:34.233 (index):843 NODEACCESSREQUESTED_2
17:33:34.234 (index):813 NODEACCESSRELEASED_4
17:33:34.235 (index):813 NODEACCESSRELEASED_9
17:33:34.236 (index):813 NODEACCESSRELEASED_1
17:33:34.237 (index):823 THINKING_0
17:33:34.238 (index):831 UPDATE_8
17:33:35.226 (index):843 NODEACCESSREQUESTED_6
17:33:35.227 (index):843 NODEACCESSREQUESTED_5
17:33:35.228 (index):843 NODEACCESSREQUESTED_7
17:33:35.228 (index):813 NODEACCESSRELEASED_3
17:33:35.229 (index):813 NODEACCESSRELEASED_8
17:33:36.226 (index):861 WAITING_10
17:33:36.227 (index):861 WAITING_11
17:33:36.229 (index):861 WAITING_12
17:33:36.230 (index):861 WAITING_13
17:33:36.231 (index):861 WAITING_14
17:33:36.232 (index):831 UPDATE_2
17:33:36.233 (index):843 NODEACCESSREQUESTED_4
17:33:36.234 (index):843 NODEACCESSREQUESTED_9
17:33:36.235 (index):843 NODEACCESSREQUESTED_1
17:33:37.226 (index):831 UPDATE_6
17:33:37.227 (index):831 UPDATE_5
17:33:37.227 (index):831 UPDATE_7
17:33:37.228 (index):843 NODEACCESSREQUESTED_3
17:33:37.228 (index):843 NODEACCESSREQUESTED_8
17:33:37.229 (index):813 NODEACCESSRELEASED_2
17:33:38.226 (index):861 WAITING_10
17:33:38.227 (index):861 WAITING_11
17:33:38.228 (index):861 WAITING_12
17:33:38.229 (index):861 WAITING_13
17:33:38.229 (index):861 WAITING_14
17:33:38.230 (index):831 UPDATE_4
17:33:38.231 (index):831 UPDATE_9
17:33:38.232 (index):831 UPDATE_1
17:33:38.232 (index):813 NODEACCESSRELEASED_6
17:33:38.233 (index):823 THINKING_5
17:33:38.233 (index):823 THINKING_7
17:33:39.226 (index):831 UPDATE_3
17:33:39.227 (index):831 UPDATE_8
17:33:39.227 (index):843 NODEACCESSREQUESTED_2
17:33:39.228 (index):823 THINKING_4
17:33:39.229 (index):813 NODEACCESSRELEASED_9
17:33:39.230 (index):823 THINKING_1
17:33:39.231 (index):831 UPDATE_0
17:33:40.226 (index):861 WAITING_10
17:33:40.227 (index):861 WAITING_11
17:33:40.228 (index):861 WAITING_12
17:33:40.229 (index):861 WAITING_13
17:33:40.229 (index):861 WAITING_14
17:33:40.230 (index):843 NODEACCESSREQUESTED_6
17:33:40.231 (index):813 NODEACCESSRELEASED_3
17:33:40.232 (index):813 NODEACCESSRELEASED_8
17:33:40.233 (index):813 NODEACCESSRELEASED_0
17:33:41.226 (index):831 UPDATE_2
17:33:41.227 (index):843 NODEACCESSREQUESTED_9
17:33:42.226 (index):861 WAITING_10
17:33:42.228 (index):861 WAITING_11
17:33:42.229 (index):861 WAITING_12
17:33:42.230 (index):861 WAITING_13
17:33:42.231 (index):861 WAITING_14
17:33:42.233 (index):831 UPDATE_6
17:33:42.234 (index):843 NODEACCESSREQUESTED_3
17:33:42.235 (index):843 NODEACCESSREQUESTED_8
17:33:42.235 (index):843 NODEACCESSREQUESTED_0
17:33:42.235 (index):823 THINKING_2
17:33:42.236 (index):831 UPDATE_1
17:33:42.236 (index):831 UPDATE_4
17:33:43.226 (index):831 UPDATE_9
17:33:43.227 (index):823 THINKING_6
17:33:43.227 (index):813 NODEACCESSRELEASED_1
17:33:43.228 (index):813 NODEACCESSRELEASED_4
17:33:43.229 (index):831 UPDATE_5
17:33:43.230 (index):831 UPDATE_7
17:33:44.226 (index):861 WAITING_10
17:33:44.227 (index):861 WAITING_11
17:33:44.228 (index):861 WAITING_12
17:33:44.229 (index):861 WAITING_13
17:33:44.231 (index):861 WAITING_14
17:33:44.232 (index):831 UPDATE_3
17:33:44.232 (index):831 UPDATE_8
17:33:44.233 (index):831 UPDATE_0
17:33:44.235 (index):823 THINKING_9
17:33:44.236 (index):823 THINKING_5
17:33:44.237 (index):813 NODEACCESSRELEASED_7
17:33:45.227 (index):843 NODEACCESSREQUESTED_1
17:33:45.228 (index):843 NODEACCESSREQUESTED_4
17:33:45.229 (index):813 NODEACCESSRELEASED_3
17:33:45.230 (index):823 THINKING_8
17:33:45.231 (index):823 THINKING_0
17:33:45.232 (index):831 UPDATE_2
17:33:45.233 (index):861 WAITING_10
17:33:46.226 (index):861 WAITING_11
17:33:46.227 (index):861 WAITING_12
17:33:46.228 (index):861 WAITING_13
17:33:46.229 (index):861 WAITING_14
17:33:46.230 (index):843 NODEACCESSREQUESTED_7
17:33:46.231 (index):823 THINKING_2
17:33:46.232 (index):831 UPDATE_6
17:33:47.226 (index):831 UPDATE_1
17:33:47.227 (index):831 UPDATE_4
17:33:47.228 (index):843 NODEACCESSREQUESTED_3
17:33:47.229 (index):861 WAITING_10
17:33:47.230 (index):831 UPDATE_5
17:33:47.231 (index):823 THINKING_6
17:33:48.226 (index):861 WAITING_11
17:33:48.227 (index):861 WAITING_12
17:33:48.229 (index):861 WAITING_13
17:33:48.230 (index):861 WAITING_14
17:33:48.231 (index):831 UPDATE_7
17:33:48.232 (index):823 THINKING_1
17:33:48.232 (index):823 THINKING_4
17:33:48.233 (index):813 NODEACCESSRELEASED_5
17:33:48.234 (index):831 UPDATE_9
17:33:48.234 (index):831 UPDATE_0
17:33:49.226 (index):831 UPDATE_3
17:33:49.228 (index):861 WAITING_10
17:33:49.229 (index):813 NODEACCESSRELEASED_7
17:33:49.231 (index):813 NODEACCESSRELEASED_9
17:33:49.232 (index):813 NODEACCESSRELEASED_0
17:33:49.233 (index):831 UPDATE_2
17:33:49.234 (index):831 UPDATE_8
17:33:50.226 (index):861 WAITING_11
17:33:50.227 (index):861 WAITING_12
17:33:50.228 (index):861 WAITING_13
17:33:50.229 (index):861 WAITING_14
17:33:50.230 (index):843 NODEACCESSREQUESTED_5
17:33:50.230 (index):813 NODEACCESSRELEASED_3
17:33:50.231 (index):823 THINKING_2
17:33:50.232 (index):813 NODEACCESSRELEASED_8
17:33:50.233 (index):831 UPDATE_6
17:33:51.227 (index):861 WAITING_10
17:33:51.228 (index):843 NODEACCESSREQUESTED_7
17:33:51.229 (index):843 NODEACCESSREQUESTED_9
17:33:51.229 (index):843 NODEACCESSREQUESTED_0
17:33:51.230 (index):813 NODEACCESSRELEASED_6
17:33:51.231 (index):831 UPDATE_1
17:33:52.228 (index):861 WAITING_11
17:33:52.230 (index):861 WAITING_12
17:33:52.232 (index):861 WAITING_13
17:33:52.233 (index):861 WAITING_14
17:33:52.234 (index):831 UPDATE_5
17:33:52.235 (index):843 NODEACCESSREQUESTED_3
17:33:52.236 (index):843 NODEACCESSREQUESTED_8
17:33:52.237 (index):823 THINKING_1
17:33:52.238 (index):861 WAITING_10
17:33:53.226 (index):831 UPDATE_7
17:33:53.227 (index):831 UPDATE_9
17:33:53.227 (index):831 UPDATE_0
17:33:53.228 (index):843 NODEACCESSREQUESTED_6
17:33:53.228 (index):823 THINKING_5
17:33:53.229 (index):831 UPDATE_4
17:33:54.227 (index):861 WAITING_11
17:33:54.228 (index):861 WAITING_12
17:33:54.229 (index):861 WAITING_13
17:33:54.231 (index):861 WAITING_14
17:33:54.232 (index):831 UPDATE_3
17:33:54.233 (index):831 UPDATE_8
17:33:54.234 (index):861 WAITING_10
17:33:54.234 (index):813 NODEACCESSRELEASED_7
17:33:54.235 (index):813 NODEACCESSRELEASED_9
17:33:54.235 (index):813 NODEACCESSRELEASED_0
17:33:54.236 (index):823 THINKING_4
17:33:55.226 (index):831 UPDATE_6
17:33:55.228 (index):823 THINKING_3
17:33:55.229 (index):813 NODEACCESSRELEASED_8
17:33:55.231 (index):831 UPDATE_2
17:33:56.226 (index):861 WAITING_11
17:33:56.227 (index):861 WAITING_12
17:33:56.227 (index):861 WAITING_13
17:33:56.228 (index):861 WAITING_14
17:33:56.229 (index):861 WAITING_10
17:33:56.230 (index):843 NODEACCESSREQUESTED_7
17:33:56.231 (index):843 NODEACCESSREQUESTED_9
17:33:56.233 (index):843 NODEACCESSREQUESTED_0
17:33:56.234 (index):813 NODEACCESSRELEASED_6
17:33:56.236 (index):813 NODEACCESSRELEASED_2
17:33:57.226 (index):843 NODEACCESSREQUESTED_8
17:33:57.228 (index):831 UPDATE_1
17:33:58.226 (index):861 WAITING_11
17:33:58.227 (index):861 WAITING_12
17:33:58.228 (index):861 WAITING_13
17:33:58.229 (index):861 WAITING_14
17:33:58.230 (index):861 WAITING_10
17:33:58.231 (index):831 UPDATE_7
17:33:58.233 (index):831 UPDATE_9
17:33:58.234 (index):831 UPDATE_0
17:33:58.236 (index):843 NODEACCESSREQUESTED_6
17:33:58.237 (index):843 NODEACCESSREQUESTED_2
17:33:58.238 (index):823 THINKING_1
17:33:58.239 (index):831 UPDATE_3
17:33:58.240 (index):831 UPDATE_5
17:33:58.241 (index):831 UPDATE_4
17:33:59.226 (index):831 UPDATE_8
17:33:59.227 (index):813 NODEACCESSRELEASED_7
17:33:59.228 (index):823 THINKING_9
17:33:59.229 (index):823 THINKING_0
17:33:59.229 (index):813 NODEACCESSRELEASED_3
17:33:59.230 (index):813 NODEACCESSRELEASED_5
17:33:59.231 (index):823 THINKING_4
17:34:00.226 (index):861 WAITING_11
17:34:00.228 (index):861 WAITING_12
17:34:00.229 (index):861 WAITING_13
17:34:00.230 (index):861 WAITING_14
17:34:00.231 (index):861 WAITING_10
17:34:00.233 (index):831 UPDATE_6
17:34:00.234 (index):831 UPDATE_2
17:34:00.235 (index):813 NODEACCESSRELEASED_8
17:34:01.226 (index):843 NODEACCESSREQUESTED_7
17:34:01.227 (index):843 NODEACCESSREQUESTED_3
17:34:01.228 (index):843 NODEACCESSREQUESTED_5
17:34:01.229 (index):813 NODEACCESSRELEASED_6
17:34:01.230 (index):813 NODEACCESSRELEASED_2
17:34:02.226 (index):861 WAITING_11
17:34:02.227 (index):861 WAITING_12
17:34:02.228 (index):861 WAITING_13
17:34:02.228 (index):861 WAITING_14
17:34:02.229 (index):861 WAITING_10
17:34:02.230 (index):843 NODEACCESSREQUESTED_8
17:34:02.231 (index):831 UPDATE_4
17:34:03.226 (index):831 UPDATE_7
17:34:03.228 (index):831 UPDATE_3
17:34:03.229 (index):831 UPDATE_5
17:34:03.231 (index):843 NODEACCESSREQUESTED_6
17:34:03.234 (index):843 NODEACCESSREQUESTED_2
17:34:03.235 (index):813 NODEACCESSRELEASED_4
17:34:03.235 (index):831 UPDATE_1
17:34:03.236 (index):831 UPDATE_9
17:34:03.237 (index):831 UPDATE_0
17:34:04.226 (index):861 WAITING_11
17:34:04.227 (index):861 WAITING_12
17:34:04.228 (index):861 WAITING_13
17:34:04.229 (index):861 WAITING_14
17:34:04.230 (index):861 WAITING_10
17:34:04.231 (index):831 UPDATE_8
17:34:04.232 (index):813 NODEACCESSRELEASED_7
17:34:04.233 (index):813 NODEACCESSRELEASED_3
17:34:04.234 (index):813 NODEACCESSRELEASED_5
17:34:04.235 (index):813 NODEACCESSRELEASED_1
17:34:04.236 (index):813 NODEACCESSRELEASED_9
17:34:04.237 (index):813 NODEACCESSRELEASED_0
17:34:05.226 (index):831 UPDATE_6
17:34:05.227 (index):831 UPDATE_2
17:34:05.227 (index):843 NODEACCESSREQUESTED_4
17:34:05.228 (index):813 NODEACCESSRELEASED_8
17:34:06.226 (index):861 WAITING_11
17:34:06.227 (index):861 WAITING_12
17:34:06.227 (index):861 WAITING_13
17:34:06.228 (index):861 WAITING_14
17:34:06.229 (index):861 WAITING_10
17:34:06.229 (index):843 NODEACCESSREQUESTED_7
17:34:06.230 (index):843 NODEACCESSREQUESTED_3
17:34:06.231 (index):843 NODEACCESSREQUESTED_5
17:34:06.232 (index):843 NODEACCESSREQUESTED_1
17:34:06.233 (index):843 NODEACCESSREQUESTED_9
17:34:06.234 (index):843 NODEACCESSREQUESTED_0
17:34:06.234 (index):813 NODEACCESSRELEASED_6
17:34:06.235 (index):813 NODEACCESSRELEASED_2
17:34:07.226 (index):831 UPDATE_4
17:34:07.227 (index):843 NODEACCESSREQUESTED_8
17:34:08.226 (index):861 WAITING_11
17:34:08.227 (index):861 WAITING_12
17:34:08.228 (index):861 WAITING_13
17:34:08.229 (index):861 WAITING_14
17:34:08.230 (index):861 WAITING_10
17:34:08.231 (index):831 UPDATE_7
17:34:08.232 (index):831 UPDATE_3
17:34:08.233 (index):831 UPDATE_5
17:34:08.234 (index):831 UPDATE_1
17:34:08.235 (index):831 UPDATE_9
17:34:08.236 (index):831 UPDATE_0
17:34:08.237 (index):843 NODEACCESSREQUESTED_6
17:34:08.238 (index):843 NODEACCESSREQUESTED_2
17:34:08.238 (index):813 NODEACCESSRELEASED_4
17:34:09.226 (index):831 UPDATE_8
17:34:09.227 (index):823 THINKING_7
17:34:09.228 (index):823 THINKING_3
17:34:09.229 (index):813 NODEACCESSRELEASED_5
17:34:09.234 (index):823 THINKING_1
17:34:09.235 (index):813 NODEACCESSRELEASED_9
17:34:09.235 (index):813 NODEACCESSRELEASED_0
17:34:10.226 (index):861 WAITING_11
17:34:10.227 (index):861 WAITING_12
17:34:10.227 (index):861 WAITING_13
17:34:10.228 (index):861 WAITING_14
17:34:10.228 (index):861 WAITING_10
17:34:10.229 (index):831 UPDATE_6
17:34:10.229 (index):831 UPDATE_2
17:34:10.230 (index):843 NODEACCESSREQUESTED_4
17:34:10.231 (index):813 NODEACCESSRELEASED_8
17:34:11.226 (index):843 NODEACCESSREQUESTED_5
17:34:11.227 (index):843 NODEACCESSREQUESTED_9
17:34:11.228 (index):843 NODEACCESSREQUESTED_0
17:34:11.228 (index):813 NODEACCESSRELEASED_6
17:34:11.229 (index):813 NODEACCESSRELEASED_2
17:34:12.226 (index):861 WAITING_11
17:34:12.227 (index):861 WAITING_12
17:34:12.228 (index):861 WAITING_13
17:34:12.228 (index):861 WAITING_14
17:34:12.229 (index):861 WAITING_10
17:34:12.230 (index):831 UPDATE_4
17:34:12.232 (index):843 NODEACCESSREQUESTED_8
17:34:12.233 (index):831 UPDATE_1
17:34:12.234 (index):831 UPDATE_3
17:34:13.226 (index):831 UPDATE_5
17:34:13.227 (index):831 UPDATE_9
17:34:13.227 (index):831 UPDATE_0
17:34:13.228 (index):843 NODEACCESSREQUESTED_6
17:34:13.229 (index):843 NODEACCESSREQUESTED_2
17:34:13.229 (index):823 THINKING_4
17:34:13.231 (index):813 NODEACCESSRELEASED_1
17:34:13.232 (index):813 NODEACCESSRELEASED_3
17:34:13.233 (index):831 UPDATE_7
17:34:14.226 (index):861 WAITING_11
17:34:14.227 (index):861 WAITING_12
17:34:14.228 (index):861 WAITING_13
17:34:14.229 (index):861 WAITING_14
17:34:14.229 (index):861 WAITING_10
17:34:14.231 (index):831 UPDATE_8
17:34:14.232 (index):813 NODEACCESSRELEASED_5
17:34:14.233 (index):813 NODEACCESSRELEASED_9
17:34:14.234 (index):813 NODEACCESSRELEASED_0
17:34:14.235 (index):813 NODEACCESSRELEASED_7
17:34:15.226 (index):831 UPDATE_6
17:34:15.228 (index):831 UPDATE_2
17:34:15.229 (index):843 NODEACCESSREQUESTED_1
17:34:15.231 (index):843 NODEACCESSREQUESTED_3
17:34:15.232 (index):813 NODEACCESSRELEASED_8
17:34:16.226 (index):861 WAITING_11
17:34:16.227 (index):861 WAITING_12
17:34:16.227 (index):861 WAITING_13
17:34:16.228 (index):861 WAITING_14
17:34:16.229 (index):861 WAITING_10
17:34:16.229 (index):843 NODEACCESSREQUESTED_5
17:34:16.230 (index):843 NODEACCESSREQUESTED_9
17:34:16.231 (index):843 NODEACCESSREQUESTED_0
17:34:16.232 (index):843 NODEACCESSREQUESTED_7
17:34:16.232 (index):872 END_6
17:34:16.233 (index):872 END_2
17:34:17.226 (index):831 UPDATE_1
17:34:17.227 (index):831 UPDATE_3
17:34:17.229 (index):843 NODEACCESSREQUESTED_8
17:34:18.226 (index):861 WAITING_11
17:34:18.227 (index):861 WAITING_12
17:34:18.227 (index):861 WAITING_13
17:34:18.228 (index):861 WAITING_14
17:34:18.228 (index):861 WAITING_10
17:34:18.229 (index):831 UPDATE_5
17:34:18.230 (index):831 UPDATE_9
17:34:18.230 (index):831 UPDATE_0
17:34:18.231 (index):831 UPDATE_7
17:34:18.232 (index):872 END_1
17:34:18.233 (index):872 END_3
17:34:18.234 (index):831 UPDATE_4
17:34:19.226 (index):831 UPDATE_8
17:34:19.227 (index):872 END_5
17:34:19.227 (index):872 END_9
17:34:19.228 (index):872 END_0
17:34:19.228 (index):872 END_7
17:34:19.229 (index):872 END_4
17:34:20.226 (index):861 WAITING_11
17:34:20.227 (index):861 WAITING_12
17:34:20.228 (index):861 WAITING_13
17:34:20.228 (index):861 WAITING_14
17:34:20.229 (index):861 WAITING_10
17:34:20.230 (index):872 END_8
17:34:22.226 (index):861 WAITING_11
17:34:22.227 (index):861 WAITING_12
17:34:22.228 (index):861 WAITING_13
17:34:22.229 (index):861 WAITING_14
17:34:22.229 (index):813 NODEACCESSRELEASED_10
17:34:24.226 (index):823 THINKING_11
17:34:24.227 (index):861 WAITING_12
17:34:24.228 (index):861 WAITING_13
17:34:24.229 (index):861 WAITING_14
17:34:24.230 (index):843 NODEACCESSREQUESTED_10
17:34:26.226 (index):861 WAITING_12
17:34:26.227 (index):861 WAITING_13
17:34:26.227 (index):861 WAITING_14
17:34:26.228 (index):861 WAITING_10
17:34:27.226 (index):831 UPDATE_11
17:34:28.229 (index):861 WAITING_12
17:34:28.230 (index):861 WAITING_13
17:34:28.231 (index):861 WAITING_14
17:34:28.232 (index):861 WAITING_10
17:34:28.233 (index):823 THINKING_11
17:34:30.226 (index):861 WAITING_12
17:34:30.227 (index):861 WAITING_13
17:34:30.228 (index):861 WAITING_14
17:34:30.228 (index):861 WAITING_10
17:34:32.226 (index):861 WAITING_12
17:34:32.227 (index):861 WAITING_13
17:34:32.227 (index):861 WAITING_14
17:34:32.228 (index):861 WAITING_10
17:34:32.229 (index):831 UPDATE_11
17:34:33.226 (index):813 NODEACCESSRELEASED_11
17:34:34.226 (index):813 NODEACCESSRELEASED_12
17:34:34.228 (index):823 THINKING_13
17:34:34.230 (index):861 WAITING_14
17:34:34.231 (index):861 WAITING_10
17:34:35.226 (index):843 NODEACCESSREQUESTED_11
17:34:36.226 (index):843 NODEACCESSREQUESTED_12
17:34:36.227 (index):861 WAITING_14
17:34:36.229 (index):861 WAITING_10
17:34:37.226 (index):861 WAITING_11
17:34:38.226 (index):861 WAITING_12
17:34:38.227 (index):861 WAITING_14
17:34:38.228 (index):861 WAITING_10
17:34:39.226 (index):861 WAITING_11
17:34:39.228 (index):831 UPDATE_13
17:34:40.226 (index):861 WAITING_12
17:34:40.228 (index):861 WAITING_14
17:34:40.229 (index):861 WAITING_10
17:34:40.230 (index):813 NODEACCESSRELEASED_13
17:34:41.226 (index):861 WAITING_11
17:34:42.226 (index):861 WAITING_12
17:34:42.227 (index):823 THINKING_14
17:34:42.227 (index):861 WAITING_10
17:34:42.228 (index):843 NODEACCESSREQUESTED_13
17:34:43.226 (index):861 WAITING_11
17:34:44.226 (index):861 WAITING_12
17:34:44.227 (index):861 WAITING_10
17:34:44.227 (index):861 WAITING_13
17:34:45.226 (index):861 WAITING_11
17:34:46.226 (index):861 WAITING_12
17:34:46.227 (index):861 WAITING_10
17:34:46.228 (index):861 WAITING_13
17:34:47.228 (index):861 WAITING_11
17:34:47.229 (index):831 UPDATE_14
17:34:47.231 (index):861 WAITING_12
17:34:47.232 (index):861 WAITING_10
17:34:48.226 (index):861 WAITING_13
17:34:48.228 (index):813 NODEACCESSRELEASED_14
17:34:49.226 (index):861 WAITING_11
17:34:49.227 (index):861 WAITING_12
17:34:49.228 (index):831 UPDATE_10
17:34:50.226 (index):861 WAITING_13
17:34:50.227 (index):843 NODEACCESSREQUESTED_14
17:34:50.228 (index):823 THINKING_10
17:34:51.226 (index):861 WAITING_11
17:34:51.227 (index):861 WAITING_12
17:34:52.226 (index):861 WAITING_13
17:34:52.227 (index):831 UPDATE_14
17:34:53.226 (index):861 WAITING_11
17:34:53.227 (index):861 WAITING_12
17:34:53.228 (index):831 UPDATE_10
17:34:53.229 (index):823 THINKING_14
17:34:54.226 (index):861 WAITING_13
17:34:54.227 (index):813 NODEACCESSRELEASED_10
17:34:55.226 (index):831 UPDATE_11
17:34:55.227 (index):861 WAITING_12
17:34:56.229 (index):861 WAITING_13
17:34:56.231 (index):843 NODEACCESSREQUESTED_10
17:34:56.232 (index):813 NODEACCESSRELEASED_11
17:34:56.233 (index):831 UPDATE_12
17:34:57.226 (index):831 UPDATE_14
17:34:57.227 (index):813 NODEACCESSRELEASED_12
17:34:58.228 (index):831 UPDATE_13
17:34:58.228 (index):831 UPDATE_10
17:34:58.229 (index):843 NODEACCESSREQUESTED_11
17:34:58.230 (index):813 NODEACCESSRELEASED_14
17:34:59.226 (index):843 NODEACCESSREQUESTED_12
17:34:59.227 (index):813 NODEACCESSRELEASED_13
17:34:59.228 (index):823 THINKING_10
17:35:00.226 (index):831 UPDATE_11
17:35:00.227 (index):843 NODEACCESSREQUESTED_14
17:35:01.226 (index):831 UPDATE_12
17:35:01.227 (index):843 NODEACCESSREQUESTED_13
17:35:01.228 (index):813 NODEACCESSRELEASED_11
17:35:02.226 (index):831 UPDATE_14
17:35:02.227 (index):813 NODEACCESSRELEASED_12
17:35:02.228 (index):831 UPDATE_10
17:35:03.226 (index):831 UPDATE_13
17:35:03.227 (index):843 NODEACCESSREQUESTED_11
17:35:03.229 (index):813 NODEACCESSRELEASED_14
17:35:03.231 (index):813 NODEACCESSRELEASED_10
17:35:04.226 (index):843 NODEACCESSREQUESTED_12
17:35:04.227 (index):813 NODEACCESSRELEASED_13
17:35:05.226 (index):831 UPDATE_11
17:35:05.227 (index):843 NODEACCESSREQUESTED_14
17:35:05.228 (index):843 NODEACCESSREQUESTED_10
17:35:06.226 (index):831 UPDATE_12
17:35:06.228 (index):843 NODEACCESSREQUESTED_13
17:35:06.229 (index):823 THINKING_11
17:35:07.226 (index):831 UPDATE_14
17:35:07.227 (index):831 UPDATE_10
17:35:07.228 (index):823 THINKING_12
17:35:08.226 (index):831 UPDATE_13
17:35:08.227 (index):813 NODEACCESSRELEASED_14
17:35:08.228 (index):823 THINKING_10
17:35:09.228 (index):813 NODEACCESSRELEASED_13
17:35:09.229 (index):843 NODEACCESSREQUESTED_14
17:35:11.226 (index):843 NODEACCESSREQUESTED_13
17:35:11.227 (index):831 UPDATE_14
17:35:11.227 (index):831 UPDATE_11
17:35:12.226 (index):813 NODEACCESSRELEASED_14
17:35:12.228 (index):813 NODEACCESSRELEASED_11
17:35:12.229 (index):831 UPDATE_12
17:35:13.226 (index):831 UPDATE_13
17:35:13.227 (index):813 NODEACCESSRELEASED_12
17:35:13.228 (index):831 UPDATE_10
17:35:14.226 (index):843 NODEACCESSREQUESTED_14
17:35:14.227 (index):843 NODEACCESSREQUESTED_11
17:35:14.228 (index):813 NODEACCESSRELEASED_13
17:35:14.228 (index):813 NODEACCESSRELEASED_10
17:35:15.226 (index):843 NODEACCESSREQUESTED_12
17:35:16.226 (index):831 UPDATE_14
17:35:16.227 (index):831 UPDATE_11
17:35:16.228 (index):843 NODEACCESSREQUESTED_13
17:35:16.229 (index):843 NODEACCESSREQUESTED_10
17:35:17.227 (index):831 UPDATE_12
17:35:17.228 (index):823 THINKING_14
17:35:17.228 (index):813 NODEACCESSRELEASED_11
17:35:18.226 (index):831 UPDATE_13
17:35:18.227 (index):831 UPDATE_10
17:35:18.228 (index):813 NODEACCESSRELEASED_12
17:35:19.227 (index):843 NODEACCESSREQUESTED_11
17:35:19.228 (index):813 NODEACCESSRELEASED_13
17:35:19.228 (index):823 THINKING_10
17:35:20.226 (index):843 NODEACCESSREQUESTED_12
17:35:20.228 (index):831 UPDATE_14
17:35:21.228 (index):831 UPDATE_11
17:35:21.229 (index):843 NODEACCESSREQUESTED_13
17:35:21.231 (index):813 NODEACCESSRELEASED_14
17:35:21.232 (index):831 UPDATE_12
17:35:22.226 (index):813 NODEACCESSRELEASED_11
17:35:22.228 (index):813 NODEACCESSRELEASED_12
17:35:23.227 (index):831 UPDATE_13
17:35:23.228 (index):843 NODEACCESSREQUESTED_14
17:35:23.230 (index):831 UPDATE_10
17:35:24.226 (index):843 NODEACCESSREQUESTED_11
17:35:24.227 (index):843 NODEACCESSREQUESTED_12
17:35:24.227 (index):813 NODEACCESSRELEASED_13
17:35:24.228 (index):813 NODEACCESSRELEASED_10
17:35:25.226 (index):831 UPDATE_14
17:35:26.226 (index):831 UPDATE_11
17:35:26.227 (index):831 UPDATE_12
17:35:26.228 (index):843 NODEACCESSREQUESTED_13
17:35:26.228 (index):843 NODEACCESSREQUESTED_10
17:35:26.229 (index):813 NODEACCESSRELEASED_14
17:35:27.230 (index):823 THINKING_11
17:35:27.231 (index):813 NODEACCESSRELEASED_12
17:35:27.233 (index):831 UPDATE_13
17:35:27.234 (index):831 UPDATE_10
17:35:28.226 (index):843 NODEACCESSREQUESTED_14
17:35:28.227 (index):813 NODEACCESSRELEASED_13
17:35:28.228 (index):823 THINKING_10
17:35:29.226 (index):843 NODEACCESSREQUESTED_12
17:35:30.227 (index):831 UPDATE_14
17:35:30.228 (index):843 NODEACCESSREQUESTED_13
17:35:31.226 (index):831 UPDATE_12
17:35:31.227 (index):823 THINKING_14
17:35:31.228 (index):831 UPDATE_11
17:35:32.227 (index):831 UPDATE_13
17:35:32.230 (index):813 NODEACCESSRELEASED_12
17:35:32.231 (index):813 NODEACCESSRELEASED_11
17:35:33.230 (index):813 NODEACCESSRELEASED_13
17:35:33.231 (index):831 UPDATE_10
17:35:34.226 (index):843 NODEACCESSREQUESTED_12
17:35:34.227 (index):843 NODEACCESSREQUESTED_11
17:35:34.227 (index):813 NODEACCESSRELEASED_10
17:35:35.226 (index):843 NODEACCESSREQUESTED_13
17:35:35.227 (index):831 UPDATE_14
17:35:36.229 (index):831 UPDATE_12
17:35:36.231 (index):831 UPDATE_11
17:35:36.232 (index):843 NODEACCESSREQUESTED_10
17:35:36.233 (index):823 THINKING_14
17:35:36.234 (index):831 UPDATE_13
17:35:37.226 (index):813 NODEACCESSRELEASED_12
17:35:37.227 (index):813 NODEACCESSRELEASED_11
17:35:37.227 (index):813 NODEACCESSRELEASED_13
17:35:38.226 (index):831 UPDATE_10
17:35:39.226 (index):843 NODEACCESSREQUESTED_12
17:35:39.227 (index):843 NODEACCESSREQUESTED_11
17:35:39.228 (index):843 NODEACCESSREQUESTED_13
17:35:39.229 (index):813 NODEACCESSRELEASED_10
17:35:41.226 (index):831 UPDATE_12
17:35:41.227 (index):831 UPDATE_11
17:35:41.228 (index):831 UPDATE_13
17:35:41.228 (index):843 NODEACCESSREQUESTED_10
17:35:41.229 (index):831 UPDATE_14
17:35:42.226 (index):823 THINKING_12
17:35:42.227 (index):823 THINKING_11
17:35:42.227 (index):813 NODEACCESSRELEASED_13
17:35:42.228 (index):813 NODEACCESSRELEASED_14
17:35:43.226 (index):831 UPDATE_10
17:35:44.226 (index):843 NODEACCESSREQUESTED_13
17:35:44.227 (index):843 NODEACCESSREQUESTED_14
17:35:44.228 (index):813 NODEACCESSRELEASED_10
17:35:46.226 (index):831 UPDATE_13
17:35:46.227 (index):831 UPDATE_14
17:35:46.227 (index):843 NODEACCESSREQUESTED_10
17:35:46.228 (index):831 UPDATE_11
17:35:46.229 (index):831 UPDATE_12
17:35:47.226 (index):813 NODEACCESSRELEASED_13
17:35:47.227 (index):872 END_14
17:35:47.227 (index):872 END_11
17:35:47.228 (index):813 NODEACCESSRELEASED_12
17:35:48.226 (index):831 UPDATE_10
17:35:49.226 (index):843 NODEACCESSREQUESTED_13
17:35:49.227 (index):843 NODEACCESSREQUESTED_12
17:35:49.228 (index):872 END_10
17:35:51.226 (index):831 UPDATE_13
17:35:51.227 (index):831 UPDATE_12
17:35:52.226 (index):872 END_13
17:35:52.227 (index):813 NODEACCESSRELEASED_12
17:35:54.226 (index):843 NODEACCESSREQUESTED_12
17:35:56.226 (index):831 UPDATE_12
17:35:57.226 (index):872 END_12
