17:42:24.406 (index):1308 Tasks: 25; Collaborators: 19    =========================>
17:42:24.407 (index):843 NODEACCESSREQUESTED_0
17:42:24.408 (index):843 NODEACCESSREQUESTED_1
17:42:24.409 (index):843 NODEACCESSREQUESTED_2
17:42:24.410 (index):843 NODEACCESSREQUESTED_3
17:42:24.411 (index):843 NODEACCESSREQUESTED_4
17:42:24.412 (index):843 NODEACCESSREQUESTED_5
17:42:24.413 (index):843 NODEACCESSREQUESTED_6
17:42:24.414 (index):843 NODEACCESSREQUESTED_7
17:42:24.415 (index):843 NODEACCESSREQUESTED_8
17:42:24.415 (index):843 NODEACCESSREQUESTED_9
17:42:24.416 (index):843 NODEACCESSREQUESTED_10
17:42:24.416 (index):843 NODEACCESSREQUESTED_11
17:42:24.417 (index):843 NODEACCESSREQUESTED_12
17:42:24.417 (index):843 NODEACCESSREQUESTED_13
17:42:24.417 (index):843 NODEACCESSREQUESTED_14
17:42:24.418 (index):843 NODEACCESSREQUESTED_15
17:42:24.419 (index):843 NODEACCESSREQUESTED_16
17:42:24.419 (index):843 NODEACCESSREQUESTED_17
17:42:24.419 (index):843 NODEACCESSREQUESTED_18
17:42:25.408 (index):823 THINKING_0
17:42:25.409 (index):823 THINKING_1
17:42:25.410 (index):813 NODEACCESSRELEASED_2
17:42:25.411 (index):813 NODEACCESSRELEASED_3
17:42:25.412 (index):813 NODEACCESSRELEASED_4
17:42:25.413 (index):813 NODEACCESSRELEASED_5
17:42:25.414 (index):823 THINKING_6
17:42:25.415 (index):813 NODEACCESSRELEASED_7
17:42:25.416 (index):823 THINKING_8
17:42:25.417 (index):813 NODEACCESSRELEASED_9
17:42:25.418 (index):861 WAITING_10
17:42:25.419 (index):861 WAITING_11
17:42:25.420 (index):861 WAITING_12
17:42:25.421 (index):861 WAITING_13
17:42:25.422 (index):861 WAITING_14
17:42:25.422 (index):861 WAITING_15
17:42:25.423 (index):861 WAITING_16
17:42:25.423 (index):861 WAITING_17
17:42:25.424 (index):861 WAITING_18
17:42:26.411 (index):843 NODEACCESSREQUESTED_2
17:42:26.412 (index):843 NODEACCESSREQUESTED_3
17:42:26.413 (index):843 NODEACCESSREQUESTED_4
17:42:26.414 (index):843 NODEACCESSREQUESTED_5
17:42:26.416 (index):843 NODEACCESSREQUESTED_7
17:42:26.418 (index):843 NODEACCESSREQUESTED_9
17:42:26.419 (index):861 WAITING_10
17:42:26.420 (index):861 WAITING_11
17:42:26.421 (index):861 WAITING_12
17:42:26.422 (index):861 WAITING_13
17:42:26.422 (index):861 WAITING_14
17:42:26.423 (index):861 WAITING_15
17:42:26.423 (index):861 WAITING_16
17:42:26.424 (index):861 WAITING_17
17:42:26.424 (index):861 WAITING_18
17:42:27.412 (index):831 UPDATE_2
17:42:27.413 (index):831 UPDATE_3
17:42:27.414 (index):831 UPDATE_4
17:42:27.415 (index):831 UPDATE_5
17:42:27.417 (index):831 UPDATE_7
17:42:27.419 (index):831 UPDATE_9
17:42:27.420 (index):861 WAITING_10
17:42:27.421 (index):861 WAITING_11
17:42:27.422 (index):861 WAITING_12
17:42:27.423 (index):861 WAITING_13
17:42:27.424 (index):861 WAITING_14
17:42:27.424 (index):861 WAITING_15
17:42:27.425 (index):861 WAITING_16
17:42:27.426 (index):861 WAITING_17
17:42:27.426 (index):861 WAITING_18
17:42:27.442 (index):831 UPDATE_8
17:42:27.514 (index):813 NODEACCESSRELEASED_2
17:42:27.514 (index):813 NODEACCESSRELEASED_3
17:42:27.515 (index):813 NODEACCESSRELEASED_4
17:42:27.516 (index):823 THINKING_5
17:42:27.518 (index):813 NODEACCESSRELEASED_7
17:42:27.520 (index):823 THINKING_9
17:42:27.543 (index):823 THINKING_8
17:42:28.132 (index):831 UPDATE_6
17:42:28.234 (index):813 NODEACCESSRELEASED_6
17:42:28.355 (index):831 UPDATE_1
17:42:28.421 (index):861 WAITING_10
17:42:28.422 (index):861 WAITING_11
17:42:28.423 (index):861 WAITING_12
17:42:28.424 (index):861 WAITING_13
17:42:28.424 (index):861 WAITING_14
17:42:28.425 (index):861 WAITING_15
17:42:28.427 (index):861 WAITING_16
17:42:28.428 (index):861 WAITING_17
17:42:28.429 (index):861 WAITING_18
17:42:28.457 (index):813 NODEACCESSRELEASED_1
17:42:28.514 (index):843 NODEACCESSREQUESTED_2
17:42:28.515 (index):843 NODEACCESSREQUESTED_3
17:42:28.516 (index):843 NODEACCESSREQUESTED_4
17:42:28.519 (index):843 NODEACCESSREQUESTED_7
17:42:29.235 (index):843 NODEACCESSREQUESTED_6
17:42:29.422 (index):861 WAITING_10
17:42:29.423 (index):861 WAITING_11
17:42:29.424 (index):861 WAITING_12
17:42:29.425 (index):861 WAITING_13
17:42:29.426 (index):861 WAITING_14
17:42:29.427 (index):861 WAITING_15
17:42:29.428 (index):861 WAITING_16
17:42:29.429 (index):861 WAITING_17
17:42:29.431 (index):861 WAITING_18
17:42:29.458 (index):843 NODEACCESSREQUESTED_1
17:42:29.515 (index):831 UPDATE_2
17:42:29.516 (index):831 UPDATE_3
17:42:29.517 (index):831 UPDATE_4
17:42:29.520 (index):831 UPDATE_7
17:42:29.616 (index):813 NODEACCESSRELEASED_2
17:42:29.617 (index):823 THINKING_3
17:42:29.618 (index):813 NODEACCESSRELEASED_4
17:42:29.621 (index):813 NODEACCESSRELEASED_7
17:42:29.757 (index):831 UPDATE_0
17:42:29.859 (index):813 NODEACCESSRELEASED_0
17:42:29.931 (index):831 UPDATE_5
17:42:30.032 (index):813 NODEACCESSRELEASED_5
17:42:30.236 (index):831 UPDATE_6
17:42:30.338 (index):813 NODEACCESSRELEASED_6
17:42:30.423 (index):861 WAITING_10
17:42:30.424 (index):861 WAITING_11
17:42:30.425 (index):861 WAITING_12
17:42:30.426 (index):861 WAITING_13
17:42:30.427 (index):861 WAITING_14
17:42:30.428 (index):861 WAITING_15
17:42:30.429 (index):861 WAITING_16
17:42:30.430 (index):861 WAITING_17
17:42:30.431 (index):861 WAITING_18
17:42:30.459 (index):831 UPDATE_1
17:42:30.561 (index):823 THINKING_1
17:42:30.617 (index):843 NODEACCESSREQUESTED_2
17:42:30.618 (index):843 NODEACCESSREQUESTED_4
17:42:30.621 (index):843 NODEACCESSREQUESTED_7
17:42:30.860 (index):843 NODEACCESSREQUESTED_0
17:42:31.034 (index):843 NODEACCESSREQUESTED_5
17:42:31.339 (index):843 NODEACCESSREQUESTED_6
17:42:31.424 (index):861 WAITING_10
17:42:31.425 (index):861 WAITING_11
17:42:31.426 (index):861 WAITING_12
17:42:31.427 (index):861 WAITING_13
17:42:31.429 (index):861 WAITING_14
17:42:31.430 (index):861 WAITING_15
17:42:31.431 (index):861 WAITING_16
17:42:31.432 (index):861 WAITING_17
17:42:31.433 (index):861 WAITING_18
17:42:31.618 (index):831 UPDATE_2
17:42:31.619 (index):831 UPDATE_4
17:42:31.622 (index):831 UPDATE_7
17:42:31.719 (index):823 THINKING_2
17:42:31.721 (index):813 NODEACCESSRELEASED_4
17:42:31.723 (index):823 THINKING_7
17:42:31.861 (index):831 UPDATE_0
17:42:31.962 (index):813 NODEACCESSRELEASED_0
17:42:31.984 (index):831 UPDATE_8
17:42:32.031 (index):831 UPDATE_9
17:42:32.034 (index):831 UPDATE_5
17:42:32.085 (index):813 NODEACCESSRELEASED_8
17:42:32.133 (index):823 THINKING_9
17:42:32.135 (index):823 THINKING_5
17:42:32.340 (index):831 UPDATE_6
17:42:32.426 (index):861 WAITING_10
17:42:32.427 (index):861 WAITING_11
17:42:32.427 (index):861 WAITING_12
17:42:32.429 (index):861 WAITING_13
17:42:32.430 (index):861 WAITING_14
17:42:32.431 (index):861 WAITING_15
17:42:32.432 (index):861 WAITING_16
17:42:32.433 (index):861 WAITING_17
17:42:32.434 (index):861 WAITING_18
17:42:32.441 (index):813 NODEACCESSRELEASED_6
17:42:32.722 (index):843 NODEACCESSREQUESTED_4
17:42:32.964 (index):843 NODEACCESSREQUESTED_0
17:42:33.086 (index):843 NODEACCESSREQUESTED_8
17:42:33.427 (index):861 WAITING_10
17:42:33.428 (index):861 WAITING_11
17:42:33.429 (index):861 WAITING_12
17:42:33.430 (index):861 WAITING_13
17:42:33.431 (index):861 WAITING_14
17:42:33.432 (index):861 WAITING_15
17:42:33.433 (index):861 WAITING_16
17:42:33.434 (index):861 WAITING_17
17:42:33.435 (index):861 WAITING_18
17:42:33.442 (index):843 NODEACCESSREQUESTED_6
17:42:33.723 (index):831 UPDATE_4
17:42:33.734 (index):831 UPDATE_3
17:42:33.825 (index):813 NODEACCESSRELEASED_4
17:42:33.835 (index):813 NODEACCESSRELEASED_3
17:42:33.895 (index):831 UPDATE_7
17:42:33.965 (index):831 UPDATE_0
17:42:33.996 (index):813 NODEACCESSRELEASED_7
17:42:34.066 (index):823 THINKING_0
17:42:34.087 (index):831 UPDATE_8
17:42:34.110 (index):831 UPDATE_1
17:42:34.188 (index):823 THINKING_8
17:42:34.211 (index):823 THINKING_1
17:42:34.428 (index):861 WAITING_10
17:42:34.429 (index):861 WAITING_11
17:42:34.430 (index):861 WAITING_12
17:42:34.431 (index):861 WAITING_13
17:42:34.432 (index):861 WAITING_14
17:42:34.433 (index):861 WAITING_15
17:42:34.434 (index):861 WAITING_16
17:42:34.435 (index):861 WAITING_17
17:42:34.436 (index):861 WAITING_18
17:42:34.439 (index):831 UPDATE_2
17:42:34.443 (index):831 UPDATE_6
17:42:34.539 (index):831 UPDATE_9
17:42:34.540 (index):813 NODEACCESSRELEASED_2
17:42:34.543 (index):813 NODEACCESSRELEASED_6
17:42:34.640 (index):813 NODEACCESSRELEASED_9
17:42:34.826 (index):843 NODEACCESSREQUESTED_4
17:42:34.836 (index):843 NODEACCESSREQUESTED_3
17:42:34.997 (index):843 NODEACCESSREQUESTED_7
17:42:35.276 (index):831 UPDATE_5
17:42:35.377 (index):813 NODEACCESSRELEASED_5
17:42:35.429 (index):861 WAITING_10
17:42:35.431 (index):861 WAITING_11
17:42:35.432 (index):861 WAITING_12
17:42:35.433 (index):861 WAITING_13
17:42:35.434 (index):861 WAITING_14
17:42:35.435 (index):861 WAITING_15
17:42:35.436 (index):861 WAITING_16
17:42:35.437 (index):861 WAITING_17
17:42:35.438 (index):861 WAITING_18
17:42:35.540 (index):843 NODEACCESSREQUESTED_2
17:42:35.544 (index):843 NODEACCESSREQUESTED_6
17:42:35.641 (index):843 NODEACCESSREQUESTED_9
17:42:35.828 (index):831 UPDATE_4
17:42:35.838 (index):831 UPDATE_3
17:42:35.929 (index):823 THINKING_4
17:42:35.938 (index):813 NODEACCESSRELEASED_3
17:42:35.998 (index):831 UPDATE_7
17:42:36.099 (index):823 THINKING_7
17:42:36.378 (index):843 NODEACCESSREQUESTED_5
17:42:36.431 (index):861 WAITING_10
17:42:36.432 (index):861 WAITING_11
17:42:36.433 (index):861 WAITING_12
17:42:36.434 (index):861 WAITING_13
17:42:36.435 (index):861 WAITING_14
17:42:36.436 (index):861 WAITING_15
17:42:36.437 (index):861 WAITING_16
17:42:36.438 (index):861 WAITING_17
17:42:36.439 (index):861 WAITING_18
17:42:36.542 (index):831 UPDATE_2
17:42:36.545 (index):831 UPDATE_6
17:42:36.636 (index):831 UPDATE_0
17:42:36.642 (index):831 UPDATE_9
17:42:36.643 (index):813 NODEACCESSRELEASED_2
17:42:36.646 (index):813 NODEACCESSRELEASED_6
17:42:36.737 (index):823 THINKING_0
17:42:36.744 (index):813 NODEACCESSRELEASED_9
17:42:36.940 (index):843 NODEACCESSREQUESTED_3
17:42:37.380 (index):831 UPDATE_5
17:42:37.432 (index):861 WAITING_10
17:42:37.433 (index):861 WAITING_11
17:42:37.434 (index):861 WAITING_12
17:42:37.435 (index):861 WAITING_13
17:42:37.436 (index):861 WAITING_14
17:42:37.437 (index):861 WAITING_15
17:42:37.438 (index):861 WAITING_16
17:42:37.439 (index):861 WAITING_17
17:42:37.440 (index):861 WAITING_18
17:42:37.481 (index):823 THINKING_5
17:42:37.645 (index):843 NODEACCESSREQUESTED_2
17:42:37.647 (index):843 NODEACCESSREQUESTED_6
17:42:37.745 (index):843 NODEACCESSREQUESTED_9
17:42:37.941 (index):831 UPDATE_3
17:42:38.042 (index):813 NODEACCESSRELEASED_3
17:42:38.367 (index):831 UPDATE_4
17:42:38.433 (index):861 WAITING_10
17:42:38.434 (index):861 WAITING_11
17:42:38.435 (index):861 WAITING_12
17:42:38.436 (index):861 WAITING_13
17:42:38.437 (index):861 WAITING_14
17:42:38.438 (index):861 WAITING_15
17:42:38.439 (index):861 WAITING_16
17:42:38.440 (index):861 WAITING_17
17:42:38.441 (index):861 WAITING_18
17:42:38.468 (index):813 NODEACCESSRELEASED_4
17:42:38.604 (index):831 UPDATE_1
17:42:38.646 (index):831 UPDATE_2
17:42:38.648 (index):831 UPDATE_6
17:42:38.705 (index):813 NODEACCESSRELEASED_1
17:42:38.711 (index):831 UPDATE_8
17:42:38.746 (index):831 UPDATE_9
17:42:38.747 (index):823 THINKING_2
17:42:38.749 (index):823 THINKING_6
17:42:38.812 (index):813 NODEACCESSRELEASED_8
17:42:38.847 (index):813 NODEACCESSRELEASED_9
17:42:39.044 (index):843 NODEACCESSREQUESTED_3
17:42:39.434 (index):861 WAITING_10
17:42:39.435 (index):861 WAITING_11
17:42:39.436 (index):861 WAITING_12
17:42:39.436 (index):861 WAITING_13
17:42:39.438 (index):861 WAITING_14
17:42:39.439 (index):861 WAITING_15
17:42:39.440 (index):861 WAITING_16
17:42:39.440 (index):861 WAITING_17
17:42:39.442 (index):861 WAITING_18
17:42:39.469 (index):843 NODEACCESSREQUESTED_4
17:42:39.706 (index):843 NODEACCESSREQUESTED_1
17:42:39.813 (index):843 NODEACCESSREQUESTED_8
17:42:39.848 (index):843 NODEACCESSREQUESTED_9
17:42:40.045 (index):831 UPDATE_3
17:42:40.147 (index):813 NODEACCESSRELEASED_3
17:42:40.435 (index):861 WAITING_10
17:42:40.436 (index):861 WAITING_11
17:42:40.436 (index):861 WAITING_12
17:42:40.437 (index):861 WAITING_13
17:42:40.438 (index):861 WAITING_14
17:42:40.439 (index):861 WAITING_15
17:42:40.440 (index):861 WAITING_16
17:42:40.441 (index):861 WAITING_17
17:42:40.442 (index):861 WAITING_18
17:42:40.470 (index):831 UPDATE_4
17:42:40.571 (index):823 THINKING_4
17:42:40.708 (index):831 UPDATE_1
17:42:40.738 (index):831 UPDATE_7
17:42:40.809 (index):823 THINKING_1
17:42:40.815 (index):831 UPDATE_8
17:42:40.838 (index):813 NODEACCESSRELEASED_7
17:42:40.850 (index):831 UPDATE_9
17:42:40.916 (index):813 NODEACCESSRELEASED_8
17:42:40.951 (index):823 THINKING_9
17:42:41.019 (index):831 UPDATE_6
17:42:41.121 (index):823 THINKING_6
17:42:41.148 (index):843 NODEACCESSREQUESTED_3
17:42:41.298 (index):831 UPDATE_2
17:42:41.399 (index):823 THINKING_2
17:42:41.436 (index):861 WAITING_10
17:42:41.437 (index):861 WAITING_11
17:42:41.438 (index):861 WAITING_12
17:42:41.439 (index):861 WAITING_13
17:42:41.440 (index):861 WAITING_14
17:42:41.441 (index):861 WAITING_15
17:42:41.441 (index):861 WAITING_16
17:42:41.442 (index):861 WAITING_17
17:42:41.443 (index):861 WAITING_18
17:42:41.679 (index):831 UPDATE_0
17:42:41.780 (index):813 NODEACCESSRELEASED_0
17:42:41.840 (index):843 NODEACCESSREQUESTED_7
17:42:41.917 (index):843 NODEACCESSREQUESTED_8
17:42:42.063 (index):831 UPDATE_5
17:42:42.149 (index):831 UPDATE_3
17:42:42.164 (index):823 THINKING_5
17:42:42.250 (index):813 NODEACCESSRELEASED_3
17:42:42.437 (index):861 WAITING_10
17:42:42.438 (index):861 WAITING_11
17:42:42.439 (index):861 WAITING_12
17:42:42.440 (index):861 WAITING_13
17:42:42.441 (index):861 WAITING_14
17:42:42.442 (index):861 WAITING_15
17:42:42.443 (index):861 WAITING_16
17:42:42.444 (index):861 WAITING_17
17:42:42.445 (index):861 WAITING_18
17:42:42.781 (index):843 NODEACCESSREQUESTED_0
17:42:42.841 (index):831 UPDATE_7
17:42:42.918 (index):831 UPDATE_8
17:42:42.942 (index):813 NODEACCESSRELEASED_7
17:42:43.019 (index):823 THINKING_8
17:42:43.120 (index):831 UPDATE_1
17:42:43.221 (index):813 NODEACCESSRELEASED_1
17:42:43.251 (index):843 NODEACCESSREQUESTED_3
17:42:43.438 (index):861 WAITING_10
17:42:43.440 (index):861 WAITING_11
17:42:43.441 (index):861 WAITING_12
17:42:43.442 (index):861 WAITING_13
17:42:43.443 (index):861 WAITING_14
17:42:43.443 (index):861 WAITING_15
17:42:43.444 (index):861 WAITING_16
17:42:43.445 (index):861 WAITING_17
17:42:43.446 (index):861 WAITING_18
17:42:43.627 (index):831 UPDATE_2
17:42:43.728 (index):823 THINKING_2
17:42:43.783 (index):831 UPDATE_0
17:42:43.884 (index):823 THINKING_0
17:42:43.943 (index):843 NODEACCESSREQUESTED_7
17:42:44.061 (index):831 UPDATE_9
17:42:44.074 (index):831 UPDATE_6
17:42:44.163 (index):813 NODEACCESSRELEASED_9
17:42:44.175 (index):813 NODEACCESSRELEASED_6
17:42:44.207 (index):831 UPDATE_5
17:42:44.223 (index):843 NODEACCESSREQUESTED_1
17:42:44.253 (index):831 UPDATE_3
17:42:44.308 (index):813 NODEACCESSRELEASED_5
17:42:44.354 (index):823 THINKING_3
17:42:44.440 (index):861 WAITING_10
17:42:44.441 (index):861 WAITING_11
17:42:44.442 (index):861 WAITING_12
17:42:44.443 (index):861 WAITING_13
17:42:44.444 (index):861 WAITING_14
17:42:44.444 (index):861 WAITING_15
17:42:44.445 (index):861 WAITING_16
17:42:44.446 (index):861 WAITING_17
17:42:44.447 (index):861 WAITING_18
17:42:44.780 (index):831 UPDATE_4
17:42:44.881 (index):823 THINKING_4
17:42:44.944 (index):831 UPDATE_7
17:42:45.045 (index):813 NODEACCESSRELEASED_7
17:42:45.164 (index):843 NODEACCESSREQUESTED_9
17:42:45.177 (index):843 NODEACCESSREQUESTED_6
17:42:45.224 (index):831 UPDATE_1
17:42:45.309 (index):843 NODEACCESSREQUESTED_5
17:42:45.325 (index):823 THINKING_1
17:42:45.441 (index):861 WAITING_10
17:42:45.442 (index):861 WAITING_11
17:42:45.444 (index):861 WAITING_12
17:42:45.444 (index):861 WAITING_13
17:42:45.445 (index):861 WAITING_14
17:42:45.446 (index):861 WAITING_15
17:42:45.447 (index):861 WAITING_16
17:42:45.448 (index):861 WAITING_17
17:42:45.449 (index):861 WAITING_18
17:42:46.040 (index):831 UPDATE_0
17:42:46.046 (index):843 NODEACCESSREQUESTED_7
17:42:46.141 (index):813 NODEACCESSRELEASED_0
17:42:46.166 (index):831 UPDATE_9
17:42:46.178 (index):831 UPDATE_6
17:42:46.267 (index):813 NODEACCESSRELEASED_9
17:42:46.279 (index):813 NODEACCESSRELEASED_6
17:42:46.310 (index):831 UPDATE_5
17:42:46.316 (index):831 UPDATE_8
17:42:46.412 (index):823 THINKING_5
17:42:46.417 (index):813 NODEACCESSRELEASED_8
17:42:46.442 (index):861 WAITING_10
17:42:46.444 (index):861 WAITING_11
17:42:46.444 (index):861 WAITING_12
17:42:46.445 (index):861 WAITING_13
17:42:46.446 (index):861 WAITING_14
17:42:46.447 (index):861 WAITING_15
17:42:46.448 (index):861 WAITING_16
17:42:46.449 (index):861 WAITING_17
17:42:46.450 (index):861 WAITING_18
17:42:46.761 (index):831 UPDATE_3
17:42:46.863 (index):813 NODEACCESSRELEASED_3
17:42:47.047 (index):831 UPDATE_7
17:42:47.142 (index):843 NODEACCESSREQUESTED_0
17:42:47.149 (index):813 NODEACCESSRELEASED_7
17:42:47.268 (index):843 NODEACCESSREQUESTED_9
17:42:47.279 (index):843 NODEACCESSREQUESTED_6
17:42:47.419 (index):843 NODEACCESSREQUESTED_8
17:42:47.443 (index):861 WAITING_10
17:42:47.444 (index):861 WAITING_11
17:42:47.445 (index):861 WAITING_12
17:42:47.446 (index):861 WAITING_13
17:42:47.447 (index):861 WAITING_14
17:42:47.448 (index):861 WAITING_15
17:42:47.449 (index):861 WAITING_16
17:42:47.451 (index):861 WAITING_17
17:42:47.452 (index):861 WAITING_18
17:42:47.864 (index):843 NODEACCESSREQUESTED_3
17:42:48.143 (index):831 UPDATE_0
17:42:48.150 (index):843 NODEACCESSREQUESTED_7
17:42:48.244 (index):813 NODEACCESSRELEASED_0
17:42:48.255 (index):831 UPDATE_1
17:42:48.270 (index):831 UPDATE_9
17:42:48.281 (index):831 UPDATE_6
17:42:48.356 (index):823 THINKING_1
17:42:48.371 (index):823 THINKING_9
17:42:48.382 (index):813 NODEACCESSRELEASED_6
17:42:48.420 (index):831 UPDATE_8
17:42:48.444 (index):861 WAITING_10
17:42:48.445 (index):861 WAITING_11
17:42:48.446 (index):861 WAITING_12
17:42:48.447 (index):861 WAITING_13
17:42:48.448 (index):861 WAITING_14
17:42:48.449 (index):861 WAITING_15
17:42:48.451 (index):861 WAITING_16
17:42:48.452 (index):861 WAITING_17
17:42:48.453 (index):861 WAITING_18
17:42:48.521 (index):813 NODEACCESSRELEASED_8
17:42:48.583 (index):831 UPDATE_2
17:42:48.684 (index):813 NODEACCESSRELEASED_2
17:42:48.840 (index):831 UPDATE_4
17:42:48.865 (index):831 UPDATE_3
17:42:48.942 (index):823 THINKING_4
17:42:48.966 (index):813 NODEACCESSRELEASED_3
17:42:49.151 (index):831 UPDATE_7
17:42:49.246 (index):843 NODEACCESSREQUESTED_0
17:42:49.252 (index):813 NODEACCESSRELEASED_7
17:42:49.383 (index):843 NODEACCESSREQUESTED_6
17:42:49.445 (index):861 WAITING_10
17:42:49.446 (index):861 WAITING_11
17:42:49.447 (index):861 WAITING_12
17:42:49.448 (index):861 WAITING_13
17:42:49.449 (index):861 WAITING_14
17:42:49.450 (index):861 WAITING_15
17:42:49.451 (index):861 WAITING_16
17:42:49.452 (index):861 WAITING_17
17:42:49.454 (index):861 WAITING_18
17:42:49.522 (index):843 NODEACCESSREQUESTED_8
17:42:49.685 (index):843 NODEACCESSREQUESTED_2
17:42:49.968 (index):843 NODEACCESSREQUESTED_3
17:42:50.247 (index):831 UPDATE_0
17:42:50.254 (index):843 NODEACCESSREQUESTED_7
17:42:50.348 (index):823 THINKING_0
17:42:50.384 (index):831 UPDATE_6
17:42:50.446 (index):861 WAITING_10
17:42:50.448 (index):861 WAITING_11
17:42:50.449 (index):861 WAITING_12
17:42:50.450 (index):861 WAITING_13
17:42:50.451 (index):861 WAITING_14
17:42:50.452 (index):861 WAITING_15
17:42:50.454 (index):861 WAITING_16
17:42:50.454 (index):861 WAITING_17
17:42:50.455 (index):861 WAITING_18
17:42:50.485 (index):813 NODEACCESSRELEASED_6
17:42:50.523 (index):831 UPDATE_8
17:42:50.624 (index):813 NODEACCESSRELEASED_8
17:42:50.687 (index):831 UPDATE_2
17:42:50.788 (index):813 NODEACCESSRELEASED_2
17:42:50.969 (index):831 UPDATE_3
17:42:51.070 (index):823 THINKING_3
17:42:51.255 (index):831 UPDATE_7
17:42:51.346 (index):831 UPDATE_5
17:42:51.356 (index):823 THINKING_7
17:42:51.448 (index):813 NODEACCESSRELEASED_5
17:42:51.449 (index):861 WAITING_10
17:42:51.450 (index):861 WAITING_11
17:42:51.451 (index):861 WAITING_12
17:42:51.452 (index):861 WAITING_13
17:42:51.453 (index):861 WAITING_14
17:42:51.454 (index):861 WAITING_15
17:42:51.455 (index):861 WAITING_16
17:42:51.456 (index):861 WAITING_17
17:42:51.457 (index):861 WAITING_18
17:42:51.486 (index):843 NODEACCESSREQUESTED_6
17:42:51.625 (index):843 NODEACCESSREQUESTED_8
17:42:51.708 (index):831 UPDATE_4
17:42:51.789 (index):843 NODEACCESSREQUESTED_2
17:42:51.809 (index):813 NODEACCESSRELEASED_4
17:42:51.994 (index):831 UPDATE_9
17:42:52.095 (index):813 NODEACCESSRELEASED_9
17:42:52.449 (index):843 NODEACCESSREQUESTED_5
17:42:52.450 (index):861 WAITING_10
17:42:52.451 (index):861 WAITING_11
17:42:52.452 (index):861 WAITING_12
17:42:52.453 (index):861 WAITING_13
17:42:52.454 (index):861 WAITING_14
17:42:52.455 (index):861 WAITING_15
17:42:52.456 (index):861 WAITING_16
17:42:52.457 (index):861 WAITING_17
17:42:52.458 (index):861 WAITING_18
17:42:52.487 (index):831 UPDATE_6
17:42:52.587 (index):813 NODEACCESSRELEASED_6
17:42:52.626 (index):831 UPDATE_8
17:42:52.727 (index):813 NODEACCESSRELEASED_8
17:42:52.790 (index):831 UPDATE_2
17:42:52.810 (index):843 NODEACCESSREQUESTED_4
17:42:52.892 (index):813 NODEACCESSRELEASED_2
17:42:52.966 (index):831 UPDATE_1
17:42:53.067 (index):823 THINKING_1
17:42:53.096 (index):843 NODEACCESSREQUESTED_9
17:42:53.409 (index):831 UPDATE_3
17:42:53.450 (index):831 UPDATE_5
17:42:53.451 (index):861 WAITING_10
17:42:53.452 (index):861 WAITING_11
17:42:53.453 (index):861 WAITING_12
17:42:53.454 (index):861 WAITING_13
17:42:53.455 (index):861 WAITING_14
17:42:53.456 (index):861 WAITING_15
17:42:53.457 (index):861 WAITING_16
17:42:53.458 (index):861 WAITING_17
17:42:53.459 (index):861 WAITING_18
17:42:53.510 (index):813 NODEACCESSRELEASED_3
17:42:53.551 (index):813 NODEACCESSRELEASED_5
17:42:53.589 (index):843 NODEACCESSREQUESTED_6
17:42:53.729 (index):843 NODEACCESSREQUESTED_8
17:42:53.811 (index):831 UPDATE_4
17:42:53.893 (index):843 NODEACCESSREQUESTED_2
17:42:53.913 (index):813 NODEACCESSRELEASED_4
17:42:54.097 (index):831 UPDATE_9
17:42:54.198 (index):813 NODEACCESSRELEASED_9
17:42:54.343 (index):831 UPDATE_0
17:42:54.445 (index):813 NODEACCESSRELEASED_0
17:42:54.452 (index):861 WAITING_10
17:42:54.453 (index):861 WAITING_11
17:42:54.454 (index):861 WAITING_12
17:42:54.455 (index):861 WAITING_13
17:42:54.456 (index):861 WAITING_14
17:42:54.457 (index):861 WAITING_15
17:42:54.458 (index):861 WAITING_16
17:42:54.459 (index):861 WAITING_17
17:42:54.460 (index):861 WAITING_18
17:42:54.511 (index):843 NODEACCESSREQUESTED_3
17:42:54.553 (index):843 NODEACCESSREQUESTED_5
17:42:54.590 (index):831 UPDATE_6
17:42:54.692 (index):872 END_6
17:42:54.730 (index):831 UPDATE_8
17:42:54.793 (index):831 UPDATE_7
17:42:54.832 (index):813 NODEACCESSRELEASED_8
17:42:54.894 (index):813 NODEACCESSRELEASED_7
17:42:54.895 (index):831 UPDATE_2
17:42:54.914 (index):843 NODEACCESSREQUESTED_4
17:42:54.996 (index):813 NODEACCESSRELEASED_2
17:42:55.200 (index):843 NODEACCESSREQUESTED_9
17:42:55.446 (index):843 NODEACCESSREQUESTED_0
17:42:55.454 (index):861 WAITING_10
17:42:55.455 (index):861 WAITING_11
17:42:55.456 (index):861 WAITING_12
17:42:55.457 (index):861 WAITING_13
17:42:55.457 (index):861 WAITING_14
17:42:55.458 (index):861 WAITING_15
17:42:55.459 (index):861 WAITING_16
17:42:55.460 (index):861 WAITING_17
17:42:55.461 (index):861 WAITING_18
17:42:55.513 (index):831 UPDATE_3
17:42:55.554 (index):831 UPDATE_5
17:42:55.614 (index):872 END_3
17:42:55.655 (index):813 NODEACCESSRELEASED_5
17:42:55.833 (index):843 NODEACCESSREQUESTED_8
17:42:55.895 (index):843 NODEACCESSREQUESTED_7
17:42:55.915 (index):831 UPDATE_4
17:42:55.998 (index):843 NODEACCESSREQUESTED_2
17:42:56.017 (index):823 THINKING_4
17:42:56.201 (index):831 UPDATE_9
17:42:56.302 (index):813 NODEACCESSRELEASED_9
17:42:56.447 (index):831 UPDATE_0
17:42:56.455 (index):861 WAITING_10
17:42:56.456 (index):861 WAITING_11
17:42:56.457 (index):861 WAITING_12
17:42:56.458 (index):861 WAITING_13
17:42:56.458 (index):861 WAITING_14
17:42:56.459 (index):861 WAITING_15
17:42:56.460 (index):861 WAITING_16
17:42:56.461 (index):861 WAITING_17
17:42:56.462 (index):861 WAITING_18
17:42:56.548 (index):813 NODEACCESSRELEASED_0
17:42:56.656 (index):843 NODEACCESSREQUESTED_5
17:42:56.834 (index):831 UPDATE_8
17:42:56.897 (index):831 UPDATE_7
17:42:56.935 (index):813 NODEACCESSRELEASED_8
17:42:56.998 (index):872 END_7
17:42:56.999 (index):831 UPDATE_2
17:42:57.100 (index):872 END_2
17:42:57.259 (index):831 UPDATE_1
17:42:57.304 (index):843 NODEACCESSREQUESTED_9
17:42:57.360 (index):813 NODEACCESSRELEASED_1
17:42:57.455 (index):861 WAITING_10
17:42:57.456 (index):861 WAITING_11
17:42:57.457 (index):861 WAITING_12
17:42:57.458 (index):861 WAITING_13
17:42:57.459 (index):861 WAITING_14
17:42:57.460 (index):861 WAITING_15
17:42:57.462 (index):861 WAITING_16
17:42:57.462 (index):861 WAITING_17
17:42:57.463 (index):861 WAITING_18
17:42:57.549 (index):843 NODEACCESSREQUESTED_0
17:42:57.657 (index):831 UPDATE_5
17:42:57.759 (index):813 NODEACCESSRELEASED_5
17:42:57.936 (index):843 NODEACCESSREQUESTED_8
17:42:58.305 (index):831 UPDATE_9
17:42:58.362 (index):843 NODEACCESSREQUESTED_1
17:42:58.406 (index):872 END_9
17:42:58.456 (index):861 WAITING_10
17:42:58.458 (index):861 WAITING_11
17:42:58.458 (index):861 WAITING_12
17:42:58.459 (index):861 WAITING_13
17:42:58.460 (index):861 WAITING_14
17:42:58.462 (index):861 WAITING_15
17:42:58.462 (index):861 WAITING_16
17:42:58.463 (index):861 WAITING_17
17:42:58.464 (index):861 WAITING_18
17:42:58.550 (index):831 UPDATE_0
17:42:58.651 (index):813 NODEACCESSRELEASED_0
17:42:58.760 (index):843 NODEACCESSREQUESTED_5
17:42:58.938 (index):831 UPDATE_8
17:42:59.039 (index):872 END_8
17:42:59.363 (index):831 UPDATE_1
17:42:59.458 (index):861 WAITING_10
17:42:59.459 (index):861 WAITING_11
17:42:59.459 (index):861 WAITING_12
17:42:59.460 (index):861 WAITING_13
17:42:59.461 (index):861 WAITING_14
17:42:59.462 (index):861 WAITING_15
17:42:59.463 (index):861 WAITING_16
17:42:59.464 (index):861 WAITING_17
17:42:59.465 (index):861 WAITING_18
17:42:59.466 (index):823 THINKING_1
17:42:59.653 (index):843 NODEACCESSREQUESTED_0
17:42:59.762 (index):831 UPDATE_5
17:42:59.863 (index):872 END_5
17:43:00.407 (index):831 UPDATE_4
17:43:00.459 (index):861 WAITING_10
17:43:00.460 (index):861 WAITING_11
17:43:00.461 (index):861 WAITING_12
17:43:00.462 (index):861 WAITING_13
17:43:00.463 (index):861 WAITING_14
17:43:00.463 (index):861 WAITING_15
17:43:00.464 (index):861 WAITING_16
17:43:00.465 (index):861 WAITING_17
17:43:00.466 (index):861 WAITING_18
17:43:00.508 (index):872 END_4
17:43:00.654 (index):831 UPDATE_0
17:43:00.755 (index):872 END_0
17:43:01.460 (index):861 WAITING_10
17:43:01.462 (index):861 WAITING_11
17:43:01.463 (index):861 WAITING_12
17:43:01.464 (index):861 WAITING_13
17:43:01.465 (index):861 WAITING_14
17:43:01.465 (index):861 WAITING_15
17:43:01.466 (index):861 WAITING_16
17:43:01.467 (index):861 WAITING_17
17:43:01.468 (index):861 WAITING_18
17:43:01.644 (index):831 UPDATE_1
17:43:01.745 (index):813 NODEACCESSRELEASED_1
17:43:02.462 (index):813 NODEACCESSRELEASED_10
17:43:02.463 (index):823 THINKING_11
17:43:02.464 (index):861 WAITING_12
17:43:02.465 (index):861 WAITING_13
17:43:02.466 (index):861 WAITING_14
17:43:02.466 (index):861 WAITING_15
17:43:02.467 (index):861 WAITING_16
17:43:02.468 (index):861 WAITING_17
17:43:02.469 (index):861 WAITING_18
17:43:02.746 (index):843 NODEACCESSREQUESTED_1
17:43:03.463 (index):843 NODEACCESSREQUESTED_10
17:43:03.465 (index):861 WAITING_12
17:43:03.466 (index):861 WAITING_13
17:43:03.467 (index):861 WAITING_14
17:43:03.468 (index):861 WAITING_15
17:43:03.469 (index):861 WAITING_16
17:43:03.470 (index):861 WAITING_17
17:43:03.471 (index):861 WAITING_18
17:43:03.748 (index):861 WAITING_1
17:43:04.465 (index):861 WAITING_10
17:43:04.466 (index):861 WAITING_12
17:43:04.467 (index):861 WAITING_13
17:43:04.468 (index):861 WAITING_14
17:43:04.469 (index):861 WAITING_15
17:43:04.470 (index):861 WAITING_16
17:43:04.471 (index):861 WAITING_17
17:43:04.472 (index):861 WAITING_18
17:43:04.749 (index):861 WAITING_1
17:43:04.925 (index):831 UPDATE_11
17:43:05.026 (index):823 THINKING_11
17:43:05.466 (index):861 WAITING_10
17:43:05.467 (index):861 WAITING_12
17:43:05.468 (index):861 WAITING_13
17:43:05.470 (index):861 WAITING_14
17:43:05.471 (index):861 WAITING_15
17:43:05.472 (index):861 WAITING_16
17:43:05.474 (index):861 WAITING_17
17:43:05.475 (index):861 WAITING_18
17:43:05.750 (index):861 WAITING_1
17:43:06.467 (index):861 WAITING_10
17:43:06.468 (index):861 WAITING_12
17:43:06.470 (index):861 WAITING_13
17:43:06.471 (index):861 WAITING_14
17:43:06.473 (index):861 WAITING_15
17:43:06.474 (index):861 WAITING_16
17:43:06.475 (index):861 WAITING_17
17:43:06.476 (index):861 WAITING_18
17:43:06.751 (index):861 WAITING_1
17:43:07.469 (index):861 WAITING_10
17:43:07.470 (index):861 WAITING_12
17:43:07.471 (index):861 WAITING_13
17:43:07.473 (index):861 WAITING_14
17:43:07.474 (index):861 WAITING_15
17:43:07.475 (index):861 WAITING_16
17:43:07.476 (index):861 WAITING_17
17:43:07.477 (index):861 WAITING_18
17:43:07.753 (index):861 WAITING_1
17:43:08.324 (index):831 UPDATE_11
17:43:08.425 (index):813 NODEACCESSRELEASED_11
17:43:08.470 (index):861 WAITING_10
17:43:08.471 (index):813 NODEACCESSRELEASED_12
17:43:08.472 (index):823 THINKING_13
17:43:08.474 (index):861 WAITING_14
17:43:08.475 (index):861 WAITING_15
17:43:08.476 (index):861 WAITING_16
17:43:08.477 (index):861 WAITING_17
17:43:08.478 (index):861 WAITING_18
17:43:08.754 (index):861 WAITING_1
17:43:09.426 (index):843 NODEACCESSREQUESTED_11
17:43:09.471 (index):861 WAITING_10
17:43:09.472 (index):843 NODEACCESSREQUESTED_12
17:43:09.475 (index):861 WAITING_14
17:43:09.476 (index):861 WAITING_15
17:43:09.477 (index):861 WAITING_16
17:43:09.478 (index):861 WAITING_17
17:43:09.479 (index):861 WAITING_18
17:43:09.755 (index):861 WAITING_1
17:43:10.427 (index):861 WAITING_11
17:43:10.472 (index):861 WAITING_10
17:43:10.474 (index):861 WAITING_12
17:43:10.476 (index):861 WAITING_14
17:43:10.477 (index):861 WAITING_15
17:43:10.478 (index):861 WAITING_16
17:43:10.479 (index):861 WAITING_17
17:43:10.480 (index):861 WAITING_18
17:43:10.756 (index):861 WAITING_1
17:43:11.429 (index):861 WAITING_11
17:43:11.474 (index):861 WAITING_10
17:43:11.475 (index):861 WAITING_12
17:43:11.476 (index):861 WAITING_14
17:43:11.478 (index):861 WAITING_15
17:43:11.479 (index):861 WAITING_16
17:43:11.480 (index):861 WAITING_17
17:43:11.481 (index):861 WAITING_18
17:43:11.758 (index):861 WAITING_1
17:43:12.430 (index):861 WAITING_11
17:43:12.475 (index):861 WAITING_10
17:43:12.477 (index):861 WAITING_12
17:43:12.477 (index):861 WAITING_14
17:43:12.479 (index):861 WAITING_15
17:43:12.480 (index):861 WAITING_16
17:43:12.481 (index):861 WAITING_17
17:43:12.482 (index):861 WAITING_18
17:43:12.747 (index):831 UPDATE_13
17:43:12.759 (index):861 WAITING_1
17:43:12.848 (index):813 NODEACCESSRELEASED_13
17:43:13.431 (index):861 WAITING_11
17:43:13.477 (index):861 WAITING_10
17:43:13.478 (index):861 WAITING_12
17:43:13.478 (index):823 THINKING_14
17:43:13.479 (index):861 WAITING_15
17:43:13.481 (index):861 WAITING_16
17:43:13.482 (index):861 WAITING_17
17:43:13.483 (index):861 WAITING_18
17:43:13.760 (index):861 WAITING_1
17:43:13.849 (index):843 NODEACCESSREQUESTED_13
17:43:14.432 (index):861 WAITING_11
17:43:14.478 (index):861 WAITING_10
17:43:14.479 (index):861 WAITING_12
17:43:14.480 (index):861 WAITING_15
17:43:14.482 (index):861 WAITING_16
17:43:14.483 (index):861 WAITING_17
17:43:14.484 (index):861 WAITING_18
17:43:14.761 (index):861 WAITING_1
17:43:14.851 (index):861 WAITING_13
17:43:15.433 (index):861 WAITING_11
17:43:15.479 (index):861 WAITING_10
17:43:15.480 (index):861 WAITING_12
17:43:15.481 (index):861 WAITING_15
17:43:15.483 (index):861 WAITING_16
17:43:15.484 (index):861 WAITING_17
17:43:15.485 (index):861 WAITING_18
17:43:15.763 (index):861 WAITING_1
17:43:15.852 (index):861 WAITING_13
17:43:16.435 (index):861 WAITING_11
17:43:16.480 (index):861 WAITING_10
17:43:16.482 (index):861 WAITING_12
17:43:16.482 (index):861 WAITING_15
17:43:16.484 (index):861 WAITING_16
17:43:16.485 (index):861 WAITING_17
17:43:16.486 (index):861 WAITING_18
17:43:16.764 (index):861 WAITING_1
17:43:16.853 (index):861 WAITING_13
17:43:17.436 (index):861 WAITING_11
17:43:17.482 (index):861 WAITING_10
17:43:17.483 (index):861 WAITING_12
17:43:17.483 (index):861 WAITING_15
17:43:17.484 (index):861 WAITING_16
17:43:17.486 (index):861 WAITING_17
17:43:17.487 (index):861 WAITING_18
17:43:17.765 (index):861 WAITING_1
17:43:17.855 (index):861 WAITING_13
17:43:17.930 (index):831 UPDATE_14
17:43:18.031 (index):813 NODEACCESSRELEASED_14
17:43:18.437 (index):861 WAITING_11
17:43:18.483 (index):861 WAITING_10
17:43:18.484 (index):861 WAITING_12
17:43:18.485 (index):823 THINKING_15
17:43:18.485 (index):861 WAITING_16
17:43:18.487 (index):861 WAITING_17
17:43:18.488 (index):861 WAITING_18
17:43:18.766 (index):861 WAITING_1
17:43:18.856 (index):861 WAITING_13
17:43:19.033 (index):843 NODEACCESSREQUESTED_14
17:43:19.438 (index):861 WAITING_11
17:43:19.484 (index):861 WAITING_10
17:43:19.485 (index):861 WAITING_12
17:43:19.486 (index):861 WAITING_16
17:43:19.487 (index):861 WAITING_17
17:43:19.488 (index):861 WAITING_18
17:43:19.767 (index):861 WAITING_1
17:43:19.857 (index):861 WAITING_13
17:43:20.034 (index):861 WAITING_14
17:43:20.440 (index):861 WAITING_11
17:43:20.485 (index):861 WAITING_10
17:43:20.486 (index):861 WAITING_12
17:43:20.487 (index):861 WAITING_16
17:43:20.488 (index):861 WAITING_17
17:43:20.489 (index):861 WAITING_18
17:43:20.769 (index):861 WAITING_1
17:43:20.858 (index):861 WAITING_13
17:43:21.035 (index):861 WAITING_14
17:43:21.441 (index):861 WAITING_11
17:43:21.487 (index):861 WAITING_10
17:43:21.488 (index):861 WAITING_12
17:43:21.489 (index):861 WAITING_16
17:43:21.490 (index):861 WAITING_17
17:43:21.492 (index):861 WAITING_18
17:43:21.770 (index):861 WAITING_1
17:43:21.859 (index):861 WAITING_13
17:43:21.940 (index):831 UPDATE_15
17:43:22.037 (index):861 WAITING_14
17:43:22.041 (index):813 NODEACCESSRELEASED_15
17:43:22.442 (index):861 WAITING_11
17:43:22.488 (index):861 WAITING_10
17:43:22.489 (index):861 WAITING_12
17:43:22.490 (index):823 THINKING_16
17:43:22.492 (index):861 WAITING_17
17:43:22.493 (index):861 WAITING_18
17:43:22.771 (index):861 WAITING_1
17:43:22.860 (index):861 WAITING_13
17:43:23.038 (index):861 WAITING_14
17:43:23.041 (index):843 NODEACCESSREQUESTED_15
17:43:23.444 (index):861 WAITING_11
17:43:23.489 (index):861 WAITING_10
17:43:23.490 (index):861 WAITING_12
17:43:23.493 (index):861 WAITING_17
17:43:23.494 (index):861 WAITING_18
17:43:23.772 (index):861 WAITING_1
17:43:23.862 (index):861 WAITING_13
17:43:24.039 (index):861 WAITING_14
17:43:24.043 (index):861 WAITING_15
17:43:24.445 (index):861 WAITING_11
17:43:24.490 (index):861 WAITING_10
17:43:24.491 (index):861 WAITING_12
17:43:24.494 (index):861 WAITING_17
17:43:24.495 (index):861 WAITING_18
17:43:24.772 (index):831 UPDATE_16
17:43:24.774 (index):861 WAITING_1
17:43:24.863 (index):861 WAITING_13
17:43:24.873 (index):813 NODEACCESSRELEASED_16
17:43:25.040 (index):861 WAITING_14
17:43:25.043 (index):861 WAITING_15
17:43:25.446 (index):861 WAITING_11
17:43:25.491 (index):861 WAITING_10
17:43:25.492 (index):861 WAITING_12
17:43:25.495 (index):813 NODEACCESSRELEASED_17
17:43:25.496 (index):823 THINKING_18
17:43:25.775 (index):861 WAITING_1
17:43:25.864 (index):861 WAITING_13
17:43:25.874 (index):843 NODEACCESSREQUESTED_16
17:43:26.041 (index):861 WAITING_14
17:43:26.044 (index):861 WAITING_15
17:43:26.447 (index):861 WAITING_11
17:43:26.492 (index):861 WAITING_10
17:43:26.494 (index):861 WAITING_12
17:43:26.496 (index):843 NODEACCESSREQUESTED_17
17:43:26.776 (index):861 WAITING_1
17:43:26.866 (index):861 WAITING_13
17:43:26.875 (index):861 WAITING_16
17:43:27.043 (index):861 WAITING_14
17:43:27.045 (index):861 WAITING_15
17:43:27.449 (index):861 WAITING_11
17:43:27.494 (index):861 WAITING_10
17:43:27.495 (index):861 WAITING_12
17:43:27.497 (index):861 WAITING_17
17:43:27.777 (index):861 WAITING_1
17:43:27.867 (index):861 WAITING_13
17:43:27.876 (index):861 WAITING_16
17:43:28.044 (index):861 WAITING_14
17:43:28.047 (index):861 WAITING_15
17:43:28.450 (index):861 WAITING_11
17:43:28.495 (index):861 WAITING_10
17:43:28.496 (index):861 WAITING_12
17:43:28.498 (index):861 WAITING_17
17:43:28.779 (index):861 WAITING_1
17:43:28.868 (index):861 WAITING_13
17:43:28.877 (index):861 WAITING_16
17:43:29.045 (index):861 WAITING_14
17:43:29.048 (index):861 WAITING_15
17:43:29.452 (index):861 WAITING_11
17:43:29.496 (index):861 WAITING_10
17:43:29.497 (index):861 WAITING_12
17:43:29.499 (index):861 WAITING_17
17:43:29.545 (index):831 UPDATE_18
17:43:29.646 (index):823 THINKING_18
17:43:29.780 (index):861 WAITING_1
17:43:29.870 (index):861 WAITING_13
17:43:29.878 (index):861 WAITING_16
17:43:30.047 (index):861 WAITING_14
17:43:30.049 (index):861 WAITING_15
17:43:30.453 (index):861 WAITING_11
17:43:30.498 (index):861 WAITING_10
17:43:30.499 (index):861 WAITING_12
17:43:30.500 (index):861 WAITING_17
17:43:30.781 (index):861 WAITING_1
17:43:30.871 (index):861 WAITING_13
17:43:30.879 (index):861 WAITING_16
17:43:31.048 (index):861 WAITING_14
17:43:31.049 (index):861 WAITING_15
17:43:31.454 (index):861 WAITING_11
17:43:31.499 (index):861 WAITING_10
17:43:31.500 (index):861 WAITING_12
17:43:31.501 (index):861 WAITING_17
17:43:31.782 (index):861 WAITING_1
17:43:31.841 (index):831 UPDATE_18
17:43:31.872 (index):861 WAITING_13
17:43:31.881 (index):861 WAITING_16
17:43:31.943 (index):813 NODEACCESSRELEASED_18
17:43:32.049 (index):861 WAITING_14
17:43:32.050 (index):861 WAITING_15
17:43:32.455 (index):861 WAITING_11
17:43:32.500 (index):861 WAITING_10
17:43:32.502 (index):861 WAITING_12
17:43:32.503 (index):861 WAITING_17
17:43:32.784 (index):831 UPDATE_1
17:43:32.873 (index):861 WAITING_13
17:43:32.882 (index):861 WAITING_16
17:43:32.885 (index):872 END_1
17:43:32.944 (index):843 NODEACCESSREQUESTED_18
17:43:33.050 (index):861 WAITING_14
17:43:33.052 (index):861 WAITING_15
17:43:33.457 (index):861 WAITING_11
17:43:33.502 (index):831 UPDATE_10
17:43:33.503 (index):861 WAITING_12
17:43:33.504 (index):861 WAITING_17
17:43:33.603 (index):823 THINKING_10
17:43:33.875 (index):861 WAITING_13
17:43:33.884 (index):861 WAITING_16
17:43:33.945 (index):831 UPDATE_18
17:43:34.047 (index):813 NODEACCESSRELEASED_18
17:43:34.052 (index):861 WAITING_14
17:43:34.053 (index):861 WAITING_15
17:43:34.458 (index):861 WAITING_11
17:43:34.504 (index):861 WAITING_12
17:43:34.505 (index):861 WAITING_17
17:43:34.876 (index):861 WAITING_13
17:43:34.884 (index):861 WAITING_16
17:43:35.048 (index):843 NODEACCESSREQUESTED_18
17:43:35.053 (index):861 WAITING_14
17:43:35.054 (index):861 WAITING_15
17:43:35.459 (index):861 WAITING_11
17:43:35.505 (index):861 WAITING_12
17:43:35.506 (index):861 WAITING_17
17:43:35.655 (index):831 UPDATE_10
17:43:35.756 (index):813 NODEACCESSRELEASED_10
17:43:35.877 (index):861 WAITING_13
17:43:35.886 (index):861 WAITING_16
17:43:36.049 (index):831 UPDATE_18
17:43:36.054 (index):861 WAITING_14
17:43:36.055 (index):861 WAITING_15
17:43:36.150 (index):823 THINKING_18
17:43:36.461 (index):831 UPDATE_11
17:43:36.506 (index):861 WAITING_12
17:43:36.507 (index):861 WAITING_17
17:43:36.562 (index):813 NODEACCESSRELEASED_11
17:43:36.757 (index):843 NODEACCESSREQUESTED_10
17:43:36.879 (index):861 WAITING_13
17:43:36.886 (index):861 WAITING_16
17:43:37.055 (index):861 WAITING_14
17:43:37.056 (index):861 WAITING_15
17:43:37.507 (index):831 UPDATE_12
17:43:37.509 (index):861 WAITING_17
17:43:37.563 (index):843 NODEACCESSREQUESTED_11
17:43:37.609 (index):813 NODEACCESSRELEASED_12
17:43:37.758 (index):831 UPDATE_10
17:43:37.860 (index):823 THINKING_10
17:43:37.880 (index):831 UPDATE_13
17:43:37.888 (index):861 WAITING_16
17:43:37.981 (index):813 NODEACCESSRELEASED_13
17:43:38.056 (index):831 UPDATE_14
17:43:38.058 (index):861 WAITING_15
17:43:38.158 (index):823 THINKING_14
17:43:38.510 (index):861 WAITING_17
17:43:38.565 (index):831 UPDATE_11
17:43:38.610 (index):843 NODEACCESSREQUESTED_12
17:43:38.666 (index):813 NODEACCESSRELEASED_11
17:43:38.889 (index):861 WAITING_16
17:43:38.982 (index):843 NODEACCESSREQUESTED_13
17:43:39.058 (index):861 WAITING_15
17:43:39.511 (index):861 WAITING_17
17:43:39.611 (index):831 UPDATE_12
17:43:39.667 (index):843 NODEACCESSREQUESTED_11
17:43:39.712 (index):813 NODEACCESSRELEASED_12
17:43:39.890 (index):861 WAITING_16
17:43:39.984 (index):831 UPDATE_13
17:43:40.059 (index):861 WAITING_15
17:43:40.085 (index):813 NODEACCESSRELEASED_13
17:43:40.513 (index):861 WAITING_17
17:43:40.668 (index):831 UPDATE_11
17:43:40.714 (index):843 NODEACCESSREQUESTED_12
17:43:40.769 (index):823 THINKING_11
17:43:40.837 (index):831 UPDATE_10
17:43:40.838 (index):831 UPDATE_18
17:43:40.891 (index):861 WAITING_16
17:43:40.938 (index):813 NODEACCESSRELEASED_10
17:43:40.940 (index):823 THINKING_18
17:43:41.060 (index):861 WAITING_15
17:43:41.086 (index):843 NODEACCESSREQUESTED_13
17:43:41.159 (index):831 UPDATE_14
17:43:41.260 (index):813 NODEACCESSRELEASED_14
17:43:41.514 (index):861 WAITING_17
17:43:41.715 (index):831 UPDATE_12
17:43:41.816 (index):823 THINKING_12
17:43:41.893 (index):861 WAITING_16
17:43:41.940 (index):843 NODEACCESSREQUESTED_10
17:43:42.062 (index):831 UPDATE_15
17:43:42.088 (index):831 UPDATE_13
17:43:42.163 (index):813 NODEACCESSRELEASED_15
17:43:42.189 (index):813 NODEACCESSRELEASED_13
17:43:42.262 (index):843 NODEACCESSREQUESTED_14
17:43:42.515 (index):861 WAITING_17
17:43:42.894 (index):831 UPDATE_16
17:43:42.941 (index):831 UPDATE_10
17:43:42.995 (index):813 NODEACCESSRELEASED_16
17:43:43.042 (index):823 THINKING_10
17:43:43.164 (index):843 NODEACCESSREQUESTED_15
17:43:43.190 (index):843 NODEACCESSREQUESTED_13
17:43:43.263 (index):831 UPDATE_14
17:43:43.364 (index):813 NODEACCESSRELEASED_14
17:43:43.516 (index):831 UPDATE_17
17:43:43.618 (index):813 NODEACCESSRELEASED_17
17:43:43.997 (index):843 NODEACCESSREQUESTED_16
17:43:44.166 (index):831 UPDATE_15
17:43:44.191 (index):831 UPDATE_13
17:43:44.267 (index):823 THINKING_15
17:43:44.293 (index):813 NODEACCESSRELEASED_13
17:43:44.365 (index):843 NODEACCESSREQUESTED_14
17:43:44.619 (index):843 NODEACCESSREQUESTED_17
17:43:44.998 (index):831 UPDATE_16
17:43:45.047 (index):831 UPDATE_11
17:43:45.099 (index):813 NODEACCESSRELEASED_16
17:43:45.149 (index):813 NODEACCESSRELEASED_11
17:43:45.294 (index):843 NODEACCESSREQUESTED_13
17:43:45.366 (index):831 UPDATE_14
17:43:45.468 (index):813 NODEACCESSRELEASED_14
17:43:45.527 (index):831 UPDATE_18
17:43:45.620 (index):831 UPDATE_17
17:43:45.628 (index):813 NODEACCESSRELEASED_18
17:43:45.722 (index):813 NODEACCESSRELEASED_17
17:43:46.100 (index):843 NODEACCESSREQUESTED_16
17:43:46.150 (index):843 NODEACCESSREQUESTED_11
17:43:46.295 (index):831 UPDATE_13
17:43:46.397 (index):813 NODEACCESSRELEASED_13
17:43:46.469 (index):843 NODEACCESSREQUESTED_14
17:43:46.476 (index):831 UPDATE_12
17:43:46.577 (index):813 NODEACCESSRELEASED_12
17:43:46.629 (index):843 NODEACCESSREQUESTED_18
17:43:46.723 (index):843 NODEACCESSREQUESTED_17
17:43:47.102 (index):831 UPDATE_16
17:43:47.151 (index):831 UPDATE_11
17:43:47.203 (index):823 THINKING_16
17:43:47.252 (index):813 NODEACCESSRELEASED_11
17:43:47.398 (index):843 NODEACCESSREQUESTED_13
17:43:47.470 (index):831 UPDATE_14
17:43:47.572 (index):813 NODEACCESSRELEASED_14
17:43:47.578 (index):843 NODEACCESSREQUESTED_12
17:43:47.630 (index):831 UPDATE_18
17:43:47.707 (index):831 UPDATE_10
17:43:47.724 (index):831 UPDATE_17
17:43:47.731 (index):813 NODEACCESSRELEASED_18
17:43:47.808 (index):813 NODEACCESSRELEASED_10
17:43:47.825 (index):813 NODEACCESSRELEASED_17
17:43:48.254 (index):843 NODEACCESSREQUESTED_11
17:43:48.399 (index):831 UPDATE_13
17:43:48.500 (index):813 NODEACCESSRELEASED_13
17:43:48.573 (index):843 NODEACCESSREQUESTED_14
17:43:48.579 (index):831 UPDATE_12
17:43:48.616 (index):831 UPDATE_15
17:43:48.680 (index):813 NODEACCESSRELEASED_12
17:43:48.717 (index):823 THINKING_15
17:43:48.733 (index):843 NODEACCESSREQUESTED_18
17:43:48.809 (index):843 NODEACCESSREQUESTED_10
17:43:48.826 (index):843 NODEACCESSREQUESTED_17
17:43:49.255 (index):831 UPDATE_11
17:43:49.357 (index):813 NODEACCESSRELEASED_11
17:43:49.501 (index):843 NODEACCESSREQUESTED_13
17:43:49.574 (index):831 UPDATE_14
17:43:49.676 (index):823 THINKING_14
17:43:49.681 (index):843 NODEACCESSREQUESTED_12
17:43:49.733 (index):831 UPDATE_18
17:43:49.810 (index):831 UPDATE_10
17:43:49.827 (index):831 UPDATE_17
17:43:49.835 (index):813 NODEACCESSRELEASED_18
17:43:49.912 (index):823 THINKING_10
17:43:49.928 (index):813 NODEACCESSRELEASED_17
17:43:50.358 (index):843 NODEACCESSREQUESTED_11
17:43:50.502 (index):831 UPDATE_13
17:43:50.603 (index):813 NODEACCESSRELEASED_13
17:43:50.683 (index):831 UPDATE_12
17:43:50.784 (index):813 NODEACCESSRELEASED_12
17:43:50.836 (index):843 NODEACCESSREQUESTED_18
17:43:50.851 (index):831 UPDATE_15
17:43:50.929 (index):843 NODEACCESSREQUESTED_17
17:43:50.952 (index):813 NODEACCESSRELEASED_15
17:43:51.231 (index):831 UPDATE_16
17:43:51.332 (index):823 THINKING_16
17:43:51.359 (index):831 UPDATE_11
17:43:51.460 (index):823 THINKING_11
17:43:51.605 (index):843 NODEACCESSREQUESTED_13
17:43:51.784 (index):843 NODEACCESSREQUESTED_12
17:43:51.837 (index):831 UPDATE_18
17:43:51.906 (index):831 UPDATE_14
17:43:51.930 (index):831 UPDATE_17
17:43:51.938 (index):813 NODEACCESSRELEASED_18
17:43:51.953 (index):843 NODEACCESSREQUESTED_15
17:43:52.007 (index):813 NODEACCESSRELEASED_14
17:43:52.032 (index):823 THINKING_17
17:43:52.605 (index):831 UPDATE_13
17:43:52.707 (index):813 NODEACCESSRELEASED_13
17:43:52.786 (index):831 UPDATE_12
17:43:52.887 (index):813 NODEACCESSRELEASED_12
17:43:52.940 (index):843 NODEACCESSREQUESTED_18
17:43:52.954 (index):831 UPDATE_15
17:43:53.008 (index):843 NODEACCESSREQUESTED_14
17:43:53.055 (index):823 THINKING_15
17:43:53.697 (index):831 UPDATE_10
17:43:53.708 (index):843 NODEACCESSREQUESTED_13
17:43:53.798 (index):813 NODEACCESSRELEASED_10
17:43:53.888 (index):843 NODEACCESSREQUESTED_12
17:43:53.940 (index):831 UPDATE_18
17:43:53.961 (index):831 UPDATE_16
17:43:54.009 (index):831 UPDATE_14
17:43:54.042 (index):823 THINKING_18
17:43:54.062 (index):823 THINKING_16
17:43:54.110 (index):813 NODEACCESSRELEASED_14
17:43:54.709 (index):831 UPDATE_13
17:43:54.799 (index):843 NODEACCESSREQUESTED_10
17:43:54.810 (index):813 NODEACCESSRELEASED_13
17:43:54.844 (index):831 UPDATE_11
17:43:54.889 (index):831 UPDATE_12
17:43:54.946 (index):813 NODEACCESSRELEASED_11
17:43:54.990 (index):813 NODEACCESSRELEASED_12
17:43:55.111 (index):843 NODEACCESSREQUESTED_14
17:43:55.381 (index):831 UPDATE_17
17:43:55.482 (index):813 NODEACCESSRELEASED_17
17:43:55.801 (index):831 UPDATE_10
17:43:55.811 (index):843 NODEACCESSREQUESTED_13
17:43:55.819 (index):831 UPDATE_15
17:43:55.902 (index):823 THINKING_10
17:43:55.920 (index):823 THINKING_15
17:43:55.947 (index):843 NODEACCESSREQUESTED_11
17:43:55.991 (index):843 NODEACCESSREQUESTED_12
17:43:56.113 (index):831 UPDATE_14
17:43:56.214 (index):823 THINKING_14
17:43:56.484 (index):843 NODEACCESSREQUESTED_17
17:43:56.493 (index):831 UPDATE_16
17:43:56.595 (index):813 NODEACCESSRELEASED_16
17:43:56.813 (index):831 UPDATE_13
17:43:56.914 (index):813 NODEACCESSRELEASED_13
17:43:56.948 (index):831 UPDATE_11
17:43:56.993 (index):831 UPDATE_12
17:43:57.049 (index):813 NODEACCESSRELEASED_11
17:43:57.094 (index):813 NODEACCESSRELEASED_12
17:43:57.485 (index):831 UPDATE_17
17:43:57.586 (index):813 NODEACCESSRELEASED_17
17:43:57.596 (index):843 NODEACCESSREQUESTED_16
17:43:57.915 (index):843 NODEACCESSREQUESTED_13
17:43:58.051 (index):843 NODEACCESSREQUESTED_11
17:43:58.095 (index):843 NODEACCESSREQUESTED_12
17:43:58.526 (index):831 UPDATE_15
17:43:58.587 (index):843 NODEACCESSREQUESTED_17
17:43:58.597 (index):831 UPDATE_16
17:43:58.627 (index):813 NODEACCESSRELEASED_15
17:43:58.653 (index):831 UPDATE_18
17:43:58.698 (index):823 THINKING_16
17:43:58.754 (index):823 THINKING_18
17:43:58.916 (index):831 UPDATE_13
17:43:59.018 (index):813 NODEACCESSRELEASED_13
17:43:59.052 (index):831 UPDATE_11
17:43:59.097 (index):831 UPDATE_12
17:43:59.153 (index):823 THINKING_11
17:43:59.198 (index):823 THINKING_12
17:43:59.413 (index):831 UPDATE_14
17:43:59.515 (index):823 THINKING_14
17:43:59.588 (index):831 UPDATE_17
17:43:59.628 (index):843 NODEACCESSREQUESTED_15
17:43:59.690 (index):813 NODEACCESSRELEASED_17
17:44:00.019 (index):843 NODEACCESSREQUESTED_13
17:44:00.630 (index):831 UPDATE_15
17:44:00.691 (index):843 NODEACCESSREQUESTED_17
17:44:00.731 (index):823 THINKING_15
17:44:00.787 (index):831 UPDATE_10
17:44:00.889 (index):813 NODEACCESSRELEASED_10
17:44:01.020 (index):831 UPDATE_13
17:44:01.122 (index):872 END_13
17:44:01.692 (index):831 UPDATE_17
17:44:01.794 (index):823 THINKING_17
17:44:01.890 (index):843 NODEACCESSREQUESTED_10
17:44:02.318 (index):831 UPDATE_11
17:44:02.350 (index):831 UPDATE_18
17:44:02.419 (index):872 END_11
17:44:02.451 (index):813 NODEACCESSRELEASED_18
17:44:02.574 (index):831 UPDATE_12
17:44:02.675 (index):813 NODEACCESSRELEASED_12
17:44:02.891 (index):831 UPDATE_10
17:44:02.993 (index):813 NODEACCESSRELEASED_10
17:44:03.292 (index):831 UPDATE_16
17:44:03.393 (index):813 NODEACCESSRELEASED_16
17:44:03.452 (index):843 NODEACCESSREQUESTED_18
17:44:03.589 (index):831 UPDATE_14
17:44:03.677 (index):843 NODEACCESSREQUESTED_12
17:44:03.690 (index):813 NODEACCESSRELEASED_14
17:44:03.994 (index):843 NODEACCESSREQUESTED_10
17:44:04.394 (index):843 NODEACCESSREQUESTED_16
17:44:04.453 (index):831 UPDATE_18
17:44:04.555 (index):872 END_18
17:44:04.678 (index):831 UPDATE_12
17:44:04.690 (index):843 NODEACCESSREQUESTED_14
17:44:04.779 (index):813 NODEACCESSRELEASED_12
17:44:04.995 (index):831 UPDATE_10
17:44:05.018 (index):831 UPDATE_15
17:44:05.096 (index):813 NODEACCESSRELEASED_10
17:44:05.120 (index):813 NODEACCESSRELEASED_15
17:44:05.396 (index):831 UPDATE_16
17:44:05.497 (index):823 THINKING_16
17:44:05.499 (index):831 UPDATE_17
17:44:05.600 (index):813 NODEACCESSRELEASED_17
17:44:05.691 (index):831 UPDATE_14
17:44:05.780 (index):843 NODEACCESSREQUESTED_12
17:44:05.793 (index):872 END_14
17:44:06.098 (index):843 NODEACCESSREQUESTED_10
17:44:06.121 (index):843 NODEACCESSREQUESTED_15
17:44:06.601 (index):843 NODEACCESSREQUESTED_17
17:44:06.781 (index):831 UPDATE_12
17:44:06.883 (index):872 END_12
17:44:07.099 (index):831 UPDATE_10
17:44:07.122 (index):831 UPDATE_15
17:44:07.200 (index):872 END_10
17:44:07.223 (index):823 THINKING_15
17:44:07.603 (index):831 UPDATE_17
17:44:07.704 (index):823 THINKING_17
17:44:08.230 (index):831 UPDATE_16
17:44:08.332 (index):813 NODEACCESSRELEASED_16
17:44:09.333 (index):843 NODEACCESSREQUESTED_16
17:44:10.335 (index):831 UPDATE_16
17:44:10.436 (index):813 NODEACCESSRELEASED_16
17:44:10.809 (index):831 UPDATE_17
17:44:10.911 (index):823 THINKING_17
17:44:11.013 (index):831 UPDATE_15
17:44:11.115 (index):813 NODEACCESSRELEASED_15
17:44:11.437 (index):843 NODEACCESSREQUESTED_16
17:44:12.115 (index):843 NODEACCESSREQUESTED_15
17:44:12.438 (index):831 UPDATE_16
17:44:12.540 (index):872 END_16
17:44:13.117 (index):831 UPDATE_15
17:44:13.218 (index):872 END_15
17:44:13.606 (index):831 UPDATE_17
17:44:13.707 (index):872 END_17
