17:14:02.992 (index):917 Tasks: 25; Collaborators: 2    =========================>
17:14:02.993 (index):843 NODEACCESSREQUESTED_0
17:14:02.994 (index):843 NODEACCESSREQUESTED_1
17:14:03.994 (index):823 THINKING_0
17:14:03.995 (index):823 THINKING_1
17:14:06.941 (index):831 UPDATE_1
17:14:07.042 (index):813 NODEACCESSRELEASED_1
17:14:08.043 (index):843 NODEACCESSREQUESTED_1
17:14:08.344 (index):831 UPDATE_0
17:14:08.444 (index):813 NODEACCESSRELEASED_0
17:14:09.045 (index):831 UPDATE_1
17:14:09.145 (index):823 THINKING_1
17:14:09.446 (index):843 NODEACCESSREQUESTED_0
17:14:10.447 (index):831 UPDATE_0
17:14:10.548 (index):813 NODEACCESSRELEASED_0
17:14:11.550 (index):843 NODEACCESSREQUESTED_0
17:14:12.551 (index):831 UPDATE_0
17:14:12.652 (index):823 THINKING_0
17:14:12.695 (index):831 UPDATE_1
17:14:12.796 (index):823 THINKING_1
17:14:15.222 (index):831 UPDATE_0
17:14:15.324 (index):823 THINKING_0
17:14:17.189 (index):831 UPDATE_1
17:14:17.291 (index):813 NODEACCESSRELEASED_1
17:14:19.226 (index):843 NODEACCESSREQUESTED_1
17:14:21.227 (index):831 UPDATE_1
17:14:21.229 (index):831 UPDATE_0
17:14:22.227 (index):823 THINKING_1
17:14:22.229 (index):813 NODEACCESSRELEASED_0
17:14:24.226 (index):843 NODEACCESSREQUESTED_0
17:14:25.229 (index):831 UPDATE_1
17:14:25.230 (index):831 UPDATE_0
17:14:26.226 (index):813 NODEACCESSRELEASED_1
17:14:26.227 (index):823 THINKING_0
17:14:27.227 (index):843 NODEACCESSREQUESTED_1
17:14:29.227 (index):831 UPDATE_1
17:14:29.229 (index):831 UPDATE_0
17:14:30.227 (index):823 THINKING_1
17:14:30.228 (index):813 NODEACCESSRELEASED_0
17:14:32.226 (index):843 NODEACCESSREQUESTED_0
17:14:33.227 (index):831 UPDATE_1
17:14:34.226 (index):831 UPDATE_0
17:14:34.228 (index):823 THINKING_1
17:14:35.226 (index):813 NODEACCESSRELEASED_0
17:14:37.226 (index):843 NODEACCESSREQUESTED_0
17:14:39.226 (index):831 UPDATE_0
17:14:39.229 (index):831 UPDATE_1
17:14:40.226 (index):823 THINKING_0
17:14:40.228 (index):823 THINKING_1
17:14:44.226 (index):831 UPDATE_0
17:14:45.226 (index):813 NODEACCESSRELEASED_0
17:14:45.228 (index):831 UPDATE_1
17:14:46.228 (index):813 NODEACCESSRELEASED_1
17:14:47.226 (index):843 NODEACCESSREQUESTED_0
17:14:48.226 (index):843 NODEACCESSREQUESTED_1
17:14:49.226 (index):831 UPDATE_0
17:14:50.226 (index):831 UPDATE_1
17:14:50.228 (index):813 NODEACCESSRELEASED_0
17:14:51.226 (index):823 THINKING_1
17:14:52.226 (index):843 NODEACCESSREQUESTED_0
17:14:54.227 (index):831 UPDATE_0
17:14:54.228 (index):831 UPDATE_1
17:14:55.227 (index):813 NODEACCESSRELEASED_0
17:14:55.229 (index):813 NODEACCESSRELEASED_1
17:14:57.226 (index):843 NODEACCESSREQUESTED_0
17:14:57.227 (index):843 NODEACCESSREQUESTED_1
17:14:59.226 (index):831 UPDATE_0
17:14:59.227 (index):831 UPDATE_1
17:15:00.229 (index):872 END_0
17:15:00.230 (index):872 END_1
