17:20:15.227 (index):989 Tasks: 25; Collaborators: 8    =========================>
17:20:15.227 (index):843 NODEACCESSREQUESTED_0
17:20:15.228 (index):843 NODEACCESSREQUESTED_1
17:20:15.229 (index):843 NODEACCESSREQUESTED_2
17:20:15.230 (index):843 NODEACCESSREQUESTED_3
17:20:15.230 (index):843 NODEACCESSREQUESTED_4
17:20:15.231 (index):843 NODEACCESSREQUESTED_5
17:20:15.231 (index):843 NODEACCESSREQUESTED_6
17:20:15.232 (index):843 NODEACCESSREQUESTED_7
17:20:17.226 (index):823 THINKING_0
17:20:17.227 (index):823 THINKING_1
17:20:17.228 (index):813 NODEACCESSRELEASED_2
17:20:17.231 (index):813 NODEACCESSRELEASED_3
17:20:17.232 (index):813 NODEACCESSRELEASED_4
17:20:17.233 (index):813 NODEACCESSRELEASED_5
17:20:17.233 (index):823 THINKING_6
17:20:17.234 (index):813 NODEACCESSRELEASED_7
17:20:19.226 (index):843 NODEACCESSREQUESTED_2
17:20:19.227 (index):843 NODEACCESSREQUESTED_3
17:20:19.228 (index):843 NODEACCESSREQUESTED_4
17:20:19.229 (index):843 NODEACCESSREQUESTED_5
17:20:19.229 (index):843 NODEACCESSREQUESTED_7
17:20:20.226 (index):831 UPDATE_6
17:20:20.227 (index):831 UPDATE_1
17:20:21.226 (index):831 UPDATE_2
17:20:21.227 (index):831 UPDATE_3
17:20:21.229 (index):831 UPDATE_4
17:20:21.230 (index):831 UPDATE_5
17:20:21.232 (index):831 UPDATE_7
17:20:21.233 (index):813 NODEACCESSRELEASED_6
17:20:21.234 (index):813 NODEACCESSRELEASED_1
17:20:22.226 (index):813 NODEACCESSRELEASED_2
17:20:22.228 (index):813 NODEACCESSRELEASED_3
17:20:22.229 (index):813 NODEACCESSRELEASED_4
17:20:22.230 (index):823 THINKING_5
17:20:22.231 (index):813 NODEACCESSRELEASED_7
17:20:22.232 (index):831 UPDATE_0
17:20:23.226 (index):843 NODEACCESSREQUESTED_6
17:20:23.227 (index):843 NODEACCESSREQUESTED_1
17:20:23.229 (index):813 NODEACCESSRELEASED_0
17:20:24.226 (index):843 NODEACCESSREQUESTED_2
17:20:24.227 (index):843 NODEACCESSREQUESTED_3
17:20:24.228 (index):843 NODEACCESSREQUESTED_4
17:20:24.228 (index):843 NODEACCESSREQUESTED_7
17:20:25.229 (index):831 UPDATE_6
17:20:25.230 (index):831 UPDATE_1
17:20:25.231 (index):843 NODEACCESSREQUESTED_0
17:20:25.232 (index):831 UPDATE_5
17:20:25.232 (index):831 UPDATE_2
17:20:25.232 (index):831 UPDATE_3
17:20:25.233 (index):831 UPDATE_4
17:20:25.233 (index):831 UPDATE_7
17:20:26.226 (index):813 NODEACCESSRELEASED_6
17:20:26.227 (index):823 THINKING_1
17:20:26.228 (index):813 NODEACCESSRELEASED_5
17:20:26.229 (index):813 NODEACCESSRELEASED_2
17:20:26.230 (index):823 THINKING_3
17:20:26.231 (index):813 NODEACCESSRELEASED_4
17:20:26.232 (index):813 NODEACCESSRELEASED_7
17:20:27.226 (index):831 UPDATE_0
17:20:28.226 (index):843 NODEACCESSREQUESTED_6
17:20:28.228 (index):843 NODEACCESSREQUESTED_5
17:20:28.231 (index):843 NODEACCESSREQUESTED_2
17:20:28.232 (index):843 NODEACCESSREQUESTED_4
17:20:28.233 (index):843 NODEACCESSREQUESTED_7
17:20:28.234 (index):813 NODEACCESSRELEASED_0
17:20:30.226 (index):831 UPDATE_6
17:20:30.227 (index):831 UPDATE_5
17:20:30.228 (index):831 UPDATE_2
17:20:30.228 (index):831 UPDATE_4
17:20:30.229 (index):831 UPDATE_7
17:20:30.229 (index):843 NODEACCESSREQUESTED_0
17:20:30.230 (index):831 UPDATE_1
17:20:31.226 (index):813 NODEACCESSRELEASED_6
17:20:31.228 (index):823 THINKING_5
17:20:31.230 (index):823 THINKING_2
17:20:31.231 (index):813 NODEACCESSRELEASED_4
17:20:31.232 (index):823 THINKING_7
17:20:31.233 (index):823 THINKING_1
17:20:31.234 (index):831 UPDATE_3
17:20:32.226 (index):831 UPDATE_0
17:20:32.227 (index):813 NODEACCESSRELEASED_3
17:20:33.226 (index):843 NODEACCESSREQUESTED_6
17:20:33.227 (index):843 NODEACCESSREQUESTED_4
17:20:33.228 (index):823 THINKING_0
17:20:34.226 (index):843 NODEACCESSREQUESTED_3
17:20:34.227 (index):831 UPDATE_7
17:20:34.228 (index):831 UPDATE_2
17:20:35.226 (index):831 UPDATE_6
17:20:35.227 (index):831 UPDATE_4
17:20:35.228 (index):813 NODEACCESSRELEASED_7
17:20:35.229 (index):813 NODEACCESSRELEASED_2
17:20:35.230 (index):831 UPDATE_5
17:20:36.226 (index):831 UPDATE_3
17:20:36.227 (index):813 NODEACCESSRELEASED_6
17:20:36.227 (index):813 NODEACCESSRELEASED_4
17:20:36.228 (index):813 NODEACCESSRELEASED_5
17:20:36.229 (index):831 UPDATE_1
17:20:36.230 (index):831 UPDATE_0
17:20:37.226 (index):843 NODEACCESSREQUESTED_7
17:20:37.227 (index):843 NODEACCESSREQUESTED_2
17:20:37.228 (index):813 NODEACCESSRELEASED_3
17:20:37.228 (index):813 NODEACCESSRELEASED_1
17:20:37.229 (index):823 THINKING_0
17:20:38.226 (index):843 NODEACCESSREQUESTED_6
17:20:38.227 (index):843 NODEACCESSREQUESTED_4
17:20:38.229 (index):843 NODEACCESSREQUESTED_5
17:20:39.226 (index):831 UPDATE_7
17:20:39.228 (index):831 UPDATE_2
17:20:39.229 (index):843 NODEACCESSREQUESTED_3
17:20:39.231 (index):843 NODEACCESSREQUESTED_1
17:20:40.226 (index):831 UPDATE_6
17:20:40.227 (index):831 UPDATE_4
17:20:40.228 (index):831 UPDATE_5
17:20:40.229 (index):823 THINKING_7
17:20:40.230 (index):813 NODEACCESSRELEASED_2
17:20:41.226 (index):831 UPDATE_3
17:20:41.227 (index):831 UPDATE_1
17:20:41.228 (index):813 NODEACCESSRELEASED_6
17:20:41.229 (index):823 THINKING_4
17:20:41.230 (index):823 THINKING_5
17:20:42.229 (index):843 NODEACCESSREQUESTED_2
17:20:42.230 (index):813 NODEACCESSRELEASED_3
17:20:42.230 (index):823 THINKING_1
17:20:42.231 (index):831 UPDATE_0
17:20:43.226 (index):843 NODEACCESSREQUESTED_6
17:20:43.227 (index):813 NODEACCESSRELEASED_0
17:20:44.227 (index):831 UPDATE_2
17:20:44.228 (index):843 NODEACCESSREQUESTED_3
17:20:44.229 (index):831 UPDATE_4
17:20:44.230 (index):831 UPDATE_6
17:20:45.227 (index):843 NODEACCESSREQUESTED_0
17:20:45.228 (index):823 THINKING_2
17:20:45.229 (index):813 NODEACCESSRELEASED_4
17:20:45.230 (index):823 THINKING_6
17:20:45.231 (index):831 UPDATE_1
17:20:45.231 (index):831 UPDATE_7
17:20:46.226 (index):831 UPDATE_3
17:20:46.228 (index):813 NODEACCESSRELEASED_1
17:20:46.230 (index):813 NODEACCESSRELEASED_7
17:20:46.231 (index):831 UPDATE_5
17:20:47.228 (index):831 UPDATE_0
17:20:47.229 (index):843 NODEACCESSREQUESTED_4
17:20:47.231 (index):813 NODEACCESSRELEASED_3
17:20:47.233 (index):823 THINKING_5
17:20:48.226 (index):843 NODEACCESSREQUESTED_1
17:20:48.228 (index):843 NODEACCESSREQUESTED_7
17:20:48.229 (index):823 THINKING_0
17:20:48.230 (index):831 UPDATE_6
17:20:48.231 (index):831 UPDATE_2
17:20:49.226 (index):831 UPDATE_4
17:20:49.228 (index):843 NODEACCESSREQUESTED_3
17:20:49.229 (index):823 THINKING_6
17:20:49.230 (index):823 THINKING_2
17:20:50.226 (index):831 UPDATE_1
17:20:50.227 (index):831 UPDATE_7
17:20:50.228 (index):831 UPDATE_5
17:20:50.229 (index):823 THINKING_4
17:20:51.226 (index):831 UPDATE_3
17:20:51.227 (index):823 THINKING_1
17:20:51.227 (index):813 NODEACCESSRELEASED_7
17:20:51.228 (index):813 NODEACCESSRELEASED_5
17:20:51.229 (index):831 UPDATE_0
17:20:52.226 (index):813 NODEACCESSRELEASED_3
17:20:52.227 (index):813 NODEACCESSRELEASED_0
17:20:52.228 (index):831 UPDATE_2
17:20:52.229 (index):831 UPDATE_6
17:20:53.226 (index):843 NODEACCESSREQUESTED_7
17:20:53.227 (index):843 NODEACCESSREQUESTED_5
17:20:53.228 (index):823 THINKING_2
17:20:53.229 (index):813 NODEACCESSRELEASED_6
17:20:54.226 (index):843 NODEACCESSREQUESTED_3
17:20:54.227 (index):843 NODEACCESSREQUESTED_0
17:20:54.228 (index):831 UPDATE_1
17:20:55.226 (index):831 UPDATE_7
17:20:55.228 (index):831 UPDATE_5
17:20:55.229 (index):843 NODEACCESSREQUESTED_6
17:20:55.231 (index):823 THINKING_1
17:20:55.232 (index):831 UPDATE_4
17:20:56.226 (index):831 UPDATE_3
17:20:56.227 (index):831 UPDATE_0
17:20:56.228 (index):813 NODEACCESSRELEASED_7
17:20:56.228 (index):823 THINKING_5
17:20:56.229 (index):823 THINKING_4
17:20:57.226 (index):831 UPDATE_6
17:20:57.227 (index):823 THINKING_3
17:20:57.227 (index):813 NODEACCESSRELEASED_0
17:20:58.227 (index):843 NODEACCESSREQUESTED_7
17:20:58.228 (index):813 NODEACCESSRELEASED_6
17:20:58.229 (index):831 UPDATE_2
17:20:59.226 (index):843 NODEACCESSREQUESTED_0
17:20:59.227 (index):813 NODEACCESSRELEASED_2
17:21:00.226 (index):831 UPDATE_7
17:21:00.227 (index):843 NODEACCESSREQUESTED_6
17:21:00.228 (index):831 UPDATE_3
17:21:00.229 (index):831 UPDATE_1
17:21:00.229 (index):831 UPDATE_4
17:21:01.226 (index):831 UPDATE_0
17:21:01.227 (index):843 NODEACCESSREQUESTED_2
17:21:01.228 (index):813 NODEACCESSRELEASED_7
17:21:01.228 (index):813 NODEACCESSRELEASED_3
17:21:01.229 (index):823 THINKING_1
17:21:01.230 (index):823 THINKING_4
17:21:01.231 (index):831 UPDATE_5
17:21:02.227 (index):831 UPDATE_6
17:21:02.228 (index):823 THINKING_0
17:21:02.228 (index):813 NODEACCESSRELEASED_5
17:21:03.226 (index):831 UPDATE_2
17:21:03.227 (index):843 NODEACCESSREQUESTED_7
17:21:03.228 (index):843 NODEACCESSREQUESTED_3
17:21:03.229 (index):813 NODEACCESSRELEASED_6
17:21:04.226 (index):843 NODEACCESSREQUESTED_5
17:21:04.227 (index):813 NODEACCESSRELEASED_2
17:21:04.227 (index):831 UPDATE_4
17:21:05.226 (index):831 UPDATE_7
17:21:05.227 (index):831 UPDATE_3
17:21:05.227 (index):843 NODEACCESSREQUESTED_6
17:21:05.228 (index):813 NODEACCESSRELEASED_4
17:21:06.226 (index):831 UPDATE_5
17:21:06.227 (index):843 NODEACCESSREQUESTED_2
17:21:06.228 (index):813 NODEACCESSRELEASED_7
17:21:06.230 (index):813 NODEACCESSRELEASED_3
17:21:06.231 (index):831 UPDATE_1
17:21:06.232 (index):831 UPDATE_0
17:21:07.226 (index):831 UPDATE_6
17:21:07.227 (index):843 NODEACCESSREQUESTED_4
17:21:07.228 (index):813 NODEACCESSRELEASED_5
17:21:07.229 (index):813 NODEACCESSRELEASED_1
17:21:07.229 (index):813 NODEACCESSRELEASED_0
17:21:08.227 (index):831 UPDATE_2
17:21:08.228 (index):843 NODEACCESSREQUESTED_7
17:21:08.228 (index):843 NODEACCESSREQUESTED_3
17:21:08.229 (index):813 NODEACCESSRELEASED_6
17:21:09.226 (index):831 UPDATE_4
17:21:09.227 (index):843 NODEACCESSREQUESTED_5
17:21:09.228 (index):843 NODEACCESSREQUESTED_1
17:21:09.230 (index):843 NODEACCESSREQUESTED_0
17:21:09.231 (index):813 NODEACCESSRELEASED_2
17:21:10.226 (index):831 UPDATE_7
17:21:10.228 (index):831 UPDATE_3
17:21:10.229 (index):843 NODEACCESSREQUESTED_6
17:21:10.230 (index):813 NODEACCESSRELEASED_4
17:21:11.226 (index):831 UPDATE_5
17:21:11.227 (index):831 UPDATE_1
17:21:11.228 (index):831 UPDATE_0
17:21:11.229 (index):843 NODEACCESSREQUESTED_2
17:21:11.230 (index):823 THINKING_7
17:21:11.231 (index):823 THINKING_3
17:21:12.226 (index):831 UPDATE_6
17:21:12.227 (index):843 NODEACCESSREQUESTED_4
17:21:12.228 (index):813 NODEACCESSRELEASED_5
17:21:12.228 (index):823 THINKING_1
17:21:12.229 (index):813 NODEACCESSRELEASED_0
17:21:13.227 (index):831 UPDATE_2
17:21:13.228 (index):813 NODEACCESSRELEASED_6
17:21:14.227 (index):831 UPDATE_4
17:21:14.228 (index):843 NODEACCESSREQUESTED_5
17:21:14.229 (index):843 NODEACCESSREQUESTED_0
17:21:14.231 (index):813 NODEACCESSRELEASED_2
17:21:14.232 (index):831 UPDATE_3
17:21:15.226 (index):843 NODEACCESSREQUESTED_6
17:21:15.227 (index):823 THINKING_4
17:21:15.227 (index):813 NODEACCESSRELEASED_3
17:21:15.228 (index):831 UPDATE_1
17:21:15.228 (index):831 UPDATE_7
17:21:16.226 (index):831 UPDATE_5
17:21:16.227 (index):831 UPDATE_0
17:21:16.228 (index):843 NODEACCESSREQUESTED_2
17:21:16.229 (index):813 NODEACCESSRELEASED_1
17:21:16.230 (index):813 NODEACCESSRELEASED_7
17:21:17.226 (index):831 UPDATE_6
17:21:17.227 (index):843 NODEACCESSREQUESTED_3
17:21:17.228 (index):813 NODEACCESSRELEASED_5
17:21:17.228 (index):813 NODEACCESSRELEASED_0
17:21:18.226 (index):831 UPDATE_2
17:21:18.227 (index):843 NODEACCESSREQUESTED_1
17:21:18.227 (index):843 NODEACCESSREQUESTED_7
17:21:18.228 (index):872 END_6
17:21:19.226 (index):831 UPDATE_3
17:21:19.227 (index):843 NODEACCESSREQUESTED_5
17:21:19.227 (index):843 NODEACCESSREQUESTED_0
17:21:19.228 (index):872 END_2
17:21:20.226 (index):831 UPDATE_1
17:21:20.227 (index):831 UPDATE_7
17:21:20.228 (index):872 END_3
17:21:20.229 (index):831 UPDATE_4
17:21:21.226 (index):831 UPDATE_5
17:21:21.227 (index):831 UPDATE_0
17:21:21.228 (index):872 END_1
17:21:21.228 (index):872 END_7
17:21:21.229 (index):872 END_4
17:21:22.226 (index):872 END_5
17:21:22.227 (index):872 END_0
