17:15:00.232 (index):924 Tasks: 25; Collaborators: 3    =========================>
17:15:00.234 (index):843 NODEACCESSREQUESTED_0
17:15:00.234 (index):843 NODEACCESSREQUESTED_1
17:15:00.235 (index):843 NODEACCESSREQUESTED_2
17:15:02.226 (index):823 THINKING_0
17:15:02.227 (index):823 THINKING_1
17:15:02.227 (index):813 NODEACCESSRELEASED_2
17:15:04.226 (index):843 NODEACCESSREQUESTED_2
17:15:05.226 (index):831 UPDATE_1
17:15:06.226 (index):831 UPDATE_2
17:15:06.228 (index):813 NODEACCESSRELEASED_1
17:15:07.226 (index):813 NODEACCESSRELEASED_2
17:15:07.228 (index):831 UPDATE_0
17:15:08.226 (index):843 NODEACCESSREQUESTED_1
17:15:08.228 (index):813 NODEACCESSRELEASED_0
17:15:09.230 (index):843 NODEACCESSREQUESTED_2
17:15:09.231 (index):831 UPDATE_1
17:15:09.232 (index):843 NODEACCESSREQUESTED_0
17:15:10.227 (index):823 THINKING_1
17:15:11.226 (index):831 UPDATE_2
17:15:11.228 (index):831 UPDATE_0
17:15:12.226 (index):813 NODEACCESSRELEASED_2
17:15:12.228 (index):813 NODEACCESSRELEASED_0
17:15:13.229 (index):843 NODEACCESSREQUESTED_2
17:15:14.226 (index):843 NODEACCESSREQUESTED_0
17:15:14.227 (index):831 UPDATE_1
17:15:15.226 (index):831 UPDATE_2
17:15:15.227 (index):823 THINKING_1
17:15:16.226 (index):831 UPDATE_0
17:15:16.228 (index):823 THINKING_2
17:15:17.226 (index):823 THINKING_0
17:15:19.226 (index):831 UPDATE_2
17:15:20.226 (index):813 NODEACCESSRELEASED_2
17:15:20.228 (index):831 UPDATE_1
17:15:20.231 (index):831 UPDATE_0
17:15:21.226 (index):813 NODEACCESSRELEASED_1
17:15:21.228 (index):823 THINKING_0
17:15:22.227 (index):843 NODEACCESSREQUESTED_2
17:15:23.226 (index):843 NODEACCESSREQUESTED_1
17:15:24.227 (index):831 UPDATE_2
17:15:25.227 (index):831 UPDATE_1
17:15:25.229 (index):813 NODEACCESSRELEASED_2
17:15:26.228 (index):823 THINKING_1
17:15:26.229 (index):831 UPDATE_0
17:15:27.227 (index):843 NODEACCESSREQUESTED_2
17:15:27.229 (index):813 NODEACCESSRELEASED_0
17:15:29.226 (index):831 UPDATE_2
17:15:29.228 (index):843 NODEACCESSREQUESTED_0
17:15:29.229 (index):831 UPDATE_1
17:15:30.227 (index):823 THINKING_2
17:15:30.229 (index):813 NODEACCESSRELEASED_1
17:15:31.227 (index):831 UPDATE_0
17:15:32.226 (index):843 NODEACCESSREQUESTED_1
17:15:32.228 (index):823 THINKING_0
17:15:33.226 (index):831 UPDATE_2
17:15:34.226 (index):831 UPDATE_1
17:15:34.228 (index):823 THINKING_2
17:15:35.227 (index):823 THINKING_1
17:15:35.229 (index):831 UPDATE_0
17:15:36.226 (index):813 NODEACCESSRELEASED_0
17:15:37.226 (index):831 UPDATE_2
17:15:38.226 (index):843 NODEACCESSREQUESTED_0
17:15:38.227 (index):823 THINKING_2
17:15:38.228 (index):831 UPDATE_1
17:15:39.226 (index):823 THINKING_1
17:15:40.227 (index):831 UPDATE_0
17:15:41.229 (index):813 NODEACCESSRELEASED_0
17:15:43.226 (index):843 NODEACCESSREQUESTED_0
17:15:43.228 (index):831 UPDATE_2
17:15:44.226 (index):813 NODEACCESSRELEASED_2
17:15:44.228 (index):831 UPDATE_1
17:15:45.226 (index):831 UPDATE_0
17:15:45.227 (index):823 THINKING_1
17:15:46.226 (index):843 NODEACCESSREQUESTED_2
17:15:46.228 (index):823 THINKING_0
17:15:47.228 (index):831 UPDATE_2
17:15:48.226 (index):813 NODEACCESSRELEASED_2
17:15:50.226 (index):843 NODEACCESSREQUESTED_2
17:15:50.227 (index):831 UPDATE_1
17:15:50.228 (index):831 UPDATE_0
17:15:51.227 (index):813 NODEACCESSRELEASED_1
17:15:51.228 (index):813 NODEACCESSRELEASED_0
17:15:52.226 (index):831 UPDATE_2
17:15:53.226 (index):843 NODEACCESSREQUESTED_1
17:15:53.228 (index):843 NODEACCESSREQUESTED_0
17:15:53.230 (index):813 NODEACCESSRELEASED_2
17:15:55.226 (index):831 UPDATE_1
17:15:55.228 (index):831 UPDATE_0
17:15:55.229 (index):843 NODEACCESSREQUESTED_2
17:15:56.226 (index):823 THINKING_1
17:15:56.227 (index):813 NODEACCESSRELEASED_0
17:15:57.227 (index):831 UPDATE_2
17:15:58.227 (index):843 NODEACCESSREQUESTED_0
17:15:58.229 (index):813 NODEACCESSRELEASED_2
17:15:59.226 (index):831 UPDATE_1
17:16:00.226 (index):831 UPDATE_0
17:16:00.228 (index):843 NODEACCESSREQUESTED_2
17:16:00.230 (index):813 NODEACCESSRELEASED_1
17:16:01.226 (index):813 NODEACCESSRELEASED_0
17:16:02.226 (index):831 UPDATE_2
17:16:02.228 (index):843 NODEACCESSREQUESTED_1
17:16:03.226 (index):843 NODEACCESSREQUESTED_0
17:16:03.228 (index):872 END_2
17:16:04.227 (index):831 UPDATE_1
17:16:05.226 (index):831 UPDATE_0
17:16:05.227 (index):872 END_1
17:16:06.226 (index):872 END_0
