17:23:38.229 (index):1052 Tasks: 25; Collaborators: 11    =========================>
17:23:38.229 (index):843 NODEACCESSREQUESTED_0
17:23:38.230 (index):843 NODEACCESSREQUESTED_1
17:23:38.231 (index):843 NODEACCESSREQUESTED_2
17:23:38.231 (index):843 NODEACCESSREQUESTED_3
17:23:38.231 (index):843 NODEACCESSREQUESTED_4
17:23:38.232 (index):843 NODEACCESSREQUESTED_5
17:23:38.232 (index):843 NODEACCESSREQUESTED_6
17:23:38.233 (index):843 NODEACCESSREQUESTED_7
17:23:38.233 (index):843 NODEACCESSREQUESTED_8
17:23:38.234 (index):843 NODEACCESSREQUESTED_9
17:23:38.234 (index):843 NODEACCESSREQUESTED_10
17:23:40.226 (index):823 THINKING_0
17:23:40.227 (index):823 THINKING_1
17:23:40.228 (index):813 NODEACCESSRELEASED_2
17:23:40.229 (index):813 NODEACCESSRELEASED_3
17:23:40.230 (index):813 NODEACCESSRELEASED_4
17:23:40.230 (index):813 NODEACCESSRELEASED_5
17:23:40.231 (index):823 THINKING_6
17:23:40.231 (index):813 NODEACCESSRELEASED_7
17:23:40.232 (index):823 THINKING_8
17:23:40.232 (index):813 NODEACCESSRELEASED_9
17:23:40.233 (index):861 WAITING_10
17:23:42.226 (index):843 NODEACCESSREQUESTED_2
17:23:42.227 (index):843 NODEACCESSREQUESTED_3
17:23:42.228 (index):843 NODEACCESSREQUESTED_4
17:23:42.228 (index):843 NODEACCESSREQUESTED_5
17:23:42.229 (index):843 NODEACCESSREQUESTED_7
17:23:42.230 (index):843 NODEACCESSREQUESTED_9
17:23:42.230 (index):861 WAITING_10
17:23:43.226 (index):831 UPDATE_8
17:23:43.227 (index):831 UPDATE_6
17:23:43.228 (index):831 UPDATE_1
17:23:44.226 (index):831 UPDATE_2
17:23:44.227 (index):831 UPDATE_3
17:23:44.228 (index):831 UPDATE_4
17:23:44.228 (index):831 UPDATE_5
17:23:44.229 (index):831 UPDATE_7
17:23:44.229 (index):831 UPDATE_9
17:23:44.230 (index):861 WAITING_10
17:23:44.231 (index):823 THINKING_8
17:23:44.232 (index):813 NODEACCESSRELEASED_6
17:23:44.233 (index):813 NODEACCESSRELEASED_1
17:23:45.226 (index):813 NODEACCESSRELEASED_2
17:23:45.228 (index):813 NODEACCESSRELEASED_3
17:23:45.229 (index):813 NODEACCESSRELEASED_4
17:23:45.230 (index):823 THINKING_5
17:23:45.231 (index):813 NODEACCESSRELEASED_7
17:23:45.232 (index):823 THINKING_9
17:23:45.233 (index):831 UPDATE_0
17:23:46.226 (index):861 WAITING_10
17:23:46.228 (index):843 NODEACCESSREQUESTED_6
17:23:46.229 (index):843 NODEACCESSREQUESTED_1
17:23:46.230 (index):813 NODEACCESSRELEASED_0
17:23:47.226 (index):843 NODEACCESSREQUESTED_2
17:23:47.228 (index):843 NODEACCESSREQUESTED_3
17:23:47.229 (index):843 NODEACCESSREQUESTED_4
17:23:47.231 (index):843 NODEACCESSREQUESTED_7
17:23:48.226 (index):861 WAITING_10
17:23:48.227 (index):831 UPDATE_6
17:23:48.228 (index):831 UPDATE_1
17:23:48.229 (index):843 NODEACCESSREQUESTED_0
17:23:48.229 (index):831 UPDATE_5
17:23:49.227 (index):831 UPDATE_2
17:23:49.228 (index):831 UPDATE_3
17:23:49.229 (index):831 UPDATE_4
17:23:49.231 (index):831 UPDATE_7
17:23:49.232 (index):813 NODEACCESSRELEASED_6
17:23:49.233 (index):823 THINKING_1
17:23:49.234 (index):813 NODEACCESSRELEASED_5
17:23:49.235 (index):831 UPDATE_8
17:23:49.236 (index):861 WAITING_10
17:23:50.226 (index):831 UPDATE_0
17:23:50.227 (index):813 NODEACCESSRELEASED_2
17:23:50.227 (index):823 THINKING_3
17:23:50.228 (index):813 NODEACCESSRELEASED_4
17:23:50.229 (index):813 NODEACCESSRELEASED_7
17:23:50.229 (index):813 NODEACCESSRELEASED_8
17:23:50.230 (index):831 UPDATE_9
17:23:51.226 (index):843 NODEACCESSREQUESTED_6
17:23:51.227 (index):843 NODEACCESSREQUESTED_5
17:23:51.228 (index):861 WAITING_10
17:23:51.228 (index):813 NODEACCESSRELEASED_0
17:23:51.230 (index):823 THINKING_9
17:23:52.226 (index):843 NODEACCESSREQUESTED_2
17:23:52.227 (index):843 NODEACCESSREQUESTED_4
17:23:52.228 (index):843 NODEACCESSREQUESTED_7
17:23:52.230 (index):843 NODEACCESSREQUESTED_8
17:23:53.226 (index):831 UPDATE_6
17:23:53.227 (index):831 UPDATE_5
17:23:53.228 (index):861 WAITING_10
17:23:53.228 (index):843 NODEACCESSREQUESTED_0
17:23:53.229 (index):831 UPDATE_1
17:23:54.226 (index):831 UPDATE_2
17:23:54.227 (index):831 UPDATE_4
17:23:54.229 (index):831 UPDATE_7
17:23:54.230 (index):831 UPDATE_8
17:23:54.232 (index):813 NODEACCESSRELEASED_6
17:23:54.234 (index):823 THINKING_5
17:23:54.235 (index):823 THINKING_1
17:23:54.236 (index):831 UPDATE_9
17:23:55.226 (index):861 WAITING_10
17:23:55.227 (index):831 UPDATE_0
17:23:55.228 (index):823 THINKING_2
17:23:55.229 (index):813 NODEACCESSRELEASED_4
17:23:55.229 (index):823 THINKING_7
17:23:55.231 (index):823 THINKING_8
17:23:55.232 (index):813 NODEACCESSRELEASED_9
17:23:55.233 (index):831 UPDATE_3
17:23:56.226 (index):843 NODEACCESSREQUESTED_6
17:23:56.227 (index):823 THINKING_0
17:23:56.228 (index):813 NODEACCESSRELEASED_3
17:23:57.226 (index):861 WAITING_10
17:23:57.227 (index):843 NODEACCESSREQUESTED_4
17:23:57.228 (index):843 NODEACCESSREQUESTED_9
17:23:58.226 (index):831 UPDATE_6
17:23:58.227 (index):843 NODEACCESSREQUESTED_3
17:23:58.228 (index):831 UPDATE_5
17:23:58.229 (index):831 UPDATE_7
17:23:58.231 (index):831 UPDATE_2
17:23:59.226 (index):861 WAITING_10
17:23:59.227 (index):831 UPDATE_4
17:23:59.227 (index):831 UPDATE_9
17:23:59.228 (index):813 NODEACCESSRELEASED_6
17:23:59.228 (index):813 NODEACCESSRELEASED_5
17:23:59.229 (index):813 NODEACCESSRELEASED_7
17:23:59.229 (index):813 NODEACCESSRELEASED_2
17:23:59.230 (index):831 UPDATE_1
17:23:59.230 (index):831 UPDATE_0
17:24:00.226 (index):831 UPDATE_3
17:24:00.227 (index):813 NODEACCESSRELEASED_4
17:24:00.228 (index):813 NODEACCESSRELEASED_9
17:24:00.228 (index):813 NODEACCESSRELEASED_1
17:24:00.229 (index):823 THINKING_0
17:24:00.231 (index):831 UPDATE_8
17:24:01.226 (index):861 WAITING_10
17:24:01.227 (index):843 NODEACCESSREQUESTED_6
17:24:01.228 (index):843 NODEACCESSREQUESTED_5
17:24:01.230 (index):843 NODEACCESSREQUESTED_7
17:24:01.231 (index):843 NODEACCESSREQUESTED_2
17:24:01.232 (index):813 NODEACCESSRELEASED_3
17:24:01.233 (index):813 NODEACCESSRELEASED_8
17:24:02.226 (index):843 NODEACCESSREQUESTED_4
17:24:02.227 (index):843 NODEACCESSREQUESTED_9
17:24:02.227 (index):843 NODEACCESSREQUESTED_1
17:24:03.226 (index):861 WAITING_10
17:24:03.227 (index):831 UPDATE_6
17:24:03.227 (index):831 UPDATE_5
17:24:03.228 (index):831 UPDATE_7
17:24:03.230 (index):831 UPDATE_2
17:24:03.232 (index):843 NODEACCESSREQUESTED_3
17:24:03.233 (index):843 NODEACCESSREQUESTED_8
17:24:04.226 (index):831 UPDATE_4
17:24:04.227 (index):831 UPDATE_9
17:24:04.227 (index):831 UPDATE_1
17:24:04.228 (index):813 NODEACCESSRELEASED_6
17:24:04.228 (index):823 THINKING_5
17:24:04.229 (index):823 THINKING_7
17:24:04.229 (index):813 NODEACCESSRELEASED_2
17:24:05.226 (index):861 WAITING_10
17:24:05.227 (index):831 UPDATE_3
17:24:05.227 (index):831 UPDATE_8
17:24:05.228 (index):823 THINKING_4
17:24:05.228 (index):813 NODEACCESSRELEASED_9
17:24:05.229 (index):823 THINKING_1
17:24:05.229 (index):831 UPDATE_0
17:24:06.226 (index):843 NODEACCESSREQUESTED_6
17:24:06.227 (index):843 NODEACCESSREQUESTED_2
17:24:06.228 (index):813 NODEACCESSRELEASED_3
17:24:06.228 (index):813 NODEACCESSRELEASED_8
17:24:06.229 (index):813 NODEACCESSRELEASED_0
17:24:07.226 (index):861 WAITING_10
17:24:07.227 (index):843 NODEACCESSREQUESTED_9
17:24:08.228 (index):831 UPDATE_6
17:24:08.229 (index):831 UPDATE_2
17:24:08.230 (index):843 NODEACCESSREQUESTED_3
17:24:08.231 (index):843 NODEACCESSREQUESTED_8
17:24:08.232 (index):843 NODEACCESSREQUESTED_0
17:24:08.233 (index):831 UPDATE_1
17:24:08.234 (index):831 UPDATE_4
17:24:08.235 (index):861 WAITING_10
17:24:08.236 (index):831 UPDATE_9
17:24:09.227 (index):823 THINKING_6
17:24:09.228 (index):823 THINKING_2
17:24:09.229 (index):813 NODEACCESSRELEASED_1
17:24:09.231 (index):813 NODEACCESSRELEASED_4
17:24:09.232 (index):823 THINKING_9
17:24:09.233 (index):831 UPDATE_5
17:24:09.234 (index):831 UPDATE_7
17:24:10.226 (index):831 UPDATE_3
17:24:10.227 (index):831 UPDATE_8
17:24:10.229 (index):831 UPDATE_0
17:24:10.230 (index):861 WAITING_10
17:24:10.231 (index):823 THINKING_5
17:24:10.232 (index):813 NODEACCESSRELEASED_7
17:24:11.226 (index):843 NODEACCESSREQUESTED_1
17:24:11.227 (index):843 NODEACCESSREQUESTED_4
17:24:11.228 (index):813 NODEACCESSRELEASED_3
17:24:11.229 (index):823 THINKING_8
17:24:11.229 (index):823 THINKING_0
17:24:12.226 (index):861 WAITING_10
17:24:12.227 (index):843 NODEACCESSREQUESTED_7
17:24:12.228 (index):831 UPDATE_6
17:24:12.229 (index):831 UPDATE_2
17:24:13.226 (index):831 UPDATE_1
17:24:13.227 (index):831 UPDATE_4
17:24:13.227 (index):843 NODEACCESSREQUESTED_3
17:24:13.228 (index):831 UPDATE_5
17:24:13.229 (index):823 THINKING_6
17:24:13.229 (index):823 THINKING_2
17:24:13.230 (index):831 UPDATE_9
17:24:14.227 (index):861 WAITING_10
17:24:14.228 (index):831 UPDATE_7
17:24:14.228 (index):823 THINKING_1
17:24:14.229 (index):823 THINKING_4
17:24:14.230 (index):813 NODEACCESSRELEASED_5
17:24:14.230 (index):813 NODEACCESSRELEASED_9
17:24:14.231 (index):831 UPDATE_0
17:24:15.228 (index):831 UPDATE_3
17:24:15.230 (index):813 NODEACCESSRELEASED_7
17:24:15.231 (index):813 NODEACCESSRELEASED_0
17:24:15.233 (index):831 UPDATE_8
17:24:15.234 (index):861 WAITING_10
17:24:16.226 (index):843 NODEACCESSREQUESTED_5
17:24:16.227 (index):843 NODEACCESSREQUESTED_9
17:24:16.228 (index):813 NODEACCESSRELEASED_3
17:24:16.228 (index):813 NODEACCESSRELEASED_8
17:24:16.229 (index):831 UPDATE_2
17:24:16.229 (index):831 UPDATE_6
17:24:17.227 (index):843 NODEACCESSREQUESTED_7
17:24:17.228 (index):843 NODEACCESSREQUESTED_0
17:24:17.229 (index):861 WAITING_10
17:24:17.231 (index):823 THINKING_2
17:24:17.232 (index):813 NODEACCESSRELEASED_6
17:24:17.233 (index):831 UPDATE_1
17:24:18.226 (index):831 UPDATE_5
17:24:18.227 (index):831 UPDATE_9
17:24:18.228 (index):843 NODEACCESSREQUESTED_3
17:24:18.229 (index):843 NODEACCESSREQUESTED_8
17:24:18.229 (index):823 THINKING_1
17:24:19.226 (index):831 UPDATE_7
17:24:19.227 (index):831 UPDATE_0
17:24:19.228 (index):861 WAITING_10
17:24:19.229 (index):843 NODEACCESSREQUESTED_6
17:24:19.231 (index):823 THINKING_5
17:24:19.232 (index):813 NODEACCESSRELEASED_9
17:24:19.233 (index):831 UPDATE_4
17:24:20.226 (index):831 UPDATE_3
17:24:20.227 (index):831 UPDATE_8
17:24:20.227 (index):813 NODEACCESSRELEASED_7
17:24:20.228 (index):813 NODEACCESSRELEASED_0
17:24:20.228 (index):823 THINKING_4
17:24:21.226 (index):861 WAITING_10
17:24:21.227 (index):831 UPDATE_6
17:24:21.227 (index):843 NODEACCESSREQUESTED_9
17:24:21.229 (index):823 THINKING_3
17:24:21.230 (index):813 NODEACCESSRELEASED_8
17:24:22.226 (index):843 NODEACCESSREQUESTED_7
17:24:22.228 (index):843 NODEACCESSREQUESTED_0
17:24:22.229 (index):813 NODEACCESSRELEASED_6
17:24:22.230 (index):831 UPDATE_2
17:24:23.226 (index):861 WAITING_10
17:24:23.227 (index):831 UPDATE_9
17:24:23.227 (index):843 NODEACCESSREQUESTED_8
17:24:23.229 (index):813 NODEACCESSRELEASED_2
17:24:23.229 (index):831 UPDATE_1
17:24:24.226 (index):831 UPDATE_7
17:24:24.227 (index):831 UPDATE_0
17:24:24.228 (index):843 NODEACCESSREQUESTED_6
17:24:24.229 (index):823 THINKING_9
17:24:24.229 (index):823 THINKING_1
17:24:24.230 (index):831 UPDATE_3
17:24:24.231 (index):831 UPDATE_5
17:24:24.232 (index):831 UPDATE_4
17:24:25.227 (index):861 WAITING_10
17:24:25.228 (index):831 UPDATE_8
17:24:25.229 (index):843 NODEACCESSREQUESTED_2
17:24:25.230 (index):813 NODEACCESSRELEASED_7
17:24:25.231 (index):823 THINKING_0
17:24:25.232 (index):813 NODEACCESSRELEASED_3
17:24:25.234 (index):813 NODEACCESSRELEASED_5
17:24:25.235 (index):823 THINKING_4
17:24:26.226 (index):831 UPDATE_6
17:24:26.227 (index):813 NODEACCESSRELEASED_8
17:24:27.228 (index):861 WAITING_10
17:24:27.229 (index):831 UPDATE_2
17:24:27.231 (index):843 NODEACCESSREQUESTED_7
17:24:27.233 (index):843 NODEACCESSREQUESTED_3
17:24:27.234 (index):843 NODEACCESSREQUESTED_5
17:24:27.235 (index):813 NODEACCESSRELEASED_6
17:24:28.226 (index):843 NODEACCESSREQUESTED_8
17:24:28.228 (index):813 NODEACCESSRELEASED_2
17:24:28.229 (index):831 UPDATE_9
17:24:28.229 (index):831 UPDATE_4
17:24:29.227 (index):861 WAITING_10
17:24:29.228 (index):831 UPDATE_7
17:24:29.229 (index):831 UPDATE_3
17:24:29.230 (index):831 UPDATE_5
17:24:29.231 (index):843 NODEACCESSREQUESTED_6
17:24:29.232 (index):813 NODEACCESSRELEASED_9
17:24:29.233 (index):813 NODEACCESSRELEASED_4
17:24:29.234 (index):831 UPDATE_1
17:24:29.235 (index):831 UPDATE_0
17:24:30.226 (index):831 UPDATE_8
17:24:30.227 (index):843 NODEACCESSREQUESTED_2
17:24:30.228 (index):813 NODEACCESSRELEASED_7
17:24:30.229 (index):813 NODEACCESSRELEASED_3
17:24:30.230 (index):813 NODEACCESSRELEASED_5
17:24:30.231 (index):813 NODEACCESSRELEASED_1
17:24:30.232 (index):813 NODEACCESSRELEASED_0
17:24:31.226 (index):861 WAITING_10
17:24:31.227 (index):831 UPDATE_6
17:24:31.228 (index):843 NODEACCESSREQUESTED_9
17:24:31.229 (index):843 NODEACCESSREQUESTED_4
17:24:31.231 (index):813 NODEACCESSRELEASED_8
17:24:32.226 (index):831 UPDATE_2
17:24:32.227 (index):843 NODEACCESSREQUESTED_7
17:24:32.228 (index):843 NODEACCESSREQUESTED_3
17:24:32.228 (index):843 NODEACCESSREQUESTED_5
17:24:32.229 (index):843 NODEACCESSREQUESTED_1
17:24:32.234 (index):843 NODEACCESSREQUESTED_0
17:24:32.235 (index):813 NODEACCESSRELEASED_6
17:24:33.226 (index):861 WAITING_10
17:24:33.227 (index):831 UPDATE_9
17:24:33.228 (index):831 UPDATE_4
17:24:33.229 (index):843 NODEACCESSREQUESTED_8
17:24:33.230 (index):813 NODEACCESSRELEASED_2
17:24:34.227 (index):831 UPDATE_7
17:24:34.229 (index):831 UPDATE_3
17:24:34.231 (index):831 UPDATE_5
17:24:34.232 (index):831 UPDATE_1
17:24:34.233 (index):831 UPDATE_0
17:24:34.235 (index):843 NODEACCESSREQUESTED_6
17:24:34.236 (index):813 NODEACCESSRELEASED_9
17:24:34.238 (index):813 NODEACCESSRELEASED_4
17:24:34.239 (index):861 WAITING_10
17:24:35.226 (index):831 UPDATE_8
17:24:35.227 (index):843 NODEACCESSREQUESTED_2
17:24:35.228 (index):823 THINKING_7
17:24:35.229 (index):823 THINKING_3
17:24:35.231 (index):813 NODEACCESSRELEASED_5
17:24:35.232 (index):823 THINKING_1
17:24:35.233 (index):813 NODEACCESSRELEASED_0
17:24:36.226 (index):831 UPDATE_6
17:24:36.227 (index):843 NODEACCESSREQUESTED_9
17:24:36.227 (index):843 NODEACCESSREQUESTED_4
17:24:36.228 (index):861 WAITING_10
17:24:36.228 (index):813 NODEACCESSRELEASED_8
17:24:37.226 (index):831 UPDATE_2
17:24:37.227 (index):843 NODEACCESSREQUESTED_5
17:24:37.228 (index):843 NODEACCESSREQUESTED_0
17:24:37.228 (index):813 NODEACCESSRELEASED_6
17:24:38.226 (index):831 UPDATE_9
17:24:38.227 (index):831 UPDATE_4
17:24:38.228 (index):861 WAITING_10
17:24:38.228 (index):843 NODEACCESSREQUESTED_8
17:24:38.229 (index):813 NODEACCESSRELEASED_2
17:24:38.230 (index):831 UPDATE_1
17:24:38.230 (index):831 UPDATE_3
17:24:39.226 (index):831 UPDATE_5
17:24:39.227 (index):831 UPDATE_0
17:24:39.227 (index):843 NODEACCESSREQUESTED_6
17:24:39.228 (index):813 NODEACCESSRELEASED_9
17:24:39.229 (index):823 THINKING_4
17:24:39.229 (index):813 NODEACCESSRELEASED_1
17:24:39.230 (index):813 NODEACCESSRELEASED_3
17:24:39.231 (index):831 UPDATE_7
17:24:40.226 (index):861 WAITING_10
17:24:40.227 (index):831 UPDATE_8
17:24:40.228 (index):843 NODEACCESSREQUESTED_2
17:24:40.229 (index):813 NODEACCESSRELEASED_5
17:24:40.229 (index):813 NODEACCESSRELEASED_0
17:24:40.230 (index):813 NODEACCESSRELEASED_7
17:24:41.226 (index):831 UPDATE_6
17:24:41.227 (index):843 NODEACCESSREQUESTED_9
17:24:41.228 (index):843 NODEACCESSREQUESTED_1
17:24:41.228 (index):843 NODEACCESSREQUESTED_3
17:24:41.230 (index):813 NODEACCESSRELEASED_8
17:24:42.226 (index):861 WAITING_10
17:24:42.228 (index):831 UPDATE_2
17:24:42.228 (index):843 NODEACCESSREQUESTED_5
17:24:42.229 (index):843 NODEACCESSREQUESTED_0
17:24:42.231 (index):843 NODEACCESSREQUESTED_7
17:24:42.232 (index):872 END_6
17:24:43.226 (index):831 UPDATE_9
17:24:43.227 (index):831 UPDATE_1
17:24:43.227 (index):831 UPDATE_3
17:24:43.229 (index):843 NODEACCESSREQUESTED_8
17:24:43.230 (index):872 END_2
17:24:44.226 (index):861 WAITING_10
17:24:44.227 (index):831 UPDATE_5
17:24:44.228 (index):831 UPDATE_0
17:24:44.228 (index):831 UPDATE_7
17:24:44.229 (index):872 END_9
17:24:44.230 (index):872 END_1
17:24:44.230 (index):872 END_3
17:24:44.231 (index):831 UPDATE_4
17:24:45.226 (index):831 UPDATE_8
17:24:45.227 (index):872 END_5
17:24:45.227 (index):872 END_0
17:24:45.228 (index):872 END_7
17:24:45.229 (index):872 END_4
17:24:46.227 (index):861 WAITING_10
17:24:46.227 (index):872 END_8
17:24:48.226 (index):813 NODEACCESSRELEASED_10
17:24:50.226 (index):843 NODEACCESSREQUESTED_10
17:24:52.226 (index):831 UPDATE_10
17:24:53.226 (index):823 THINKING_10
17:24:56.226 (index):831 UPDATE_10
17:24:57.226 (index):813 NODEACCESSRELEASED_10
17:24:59.226 (index):843 NODEACCESSREQUESTED_10
17:25:01.227 (index):831 UPDATE_10
17:25:02.228 (index):823 THINKING_10
17:25:05.227 (index):831 UPDATE_10
17:25:06.226 (index):813 NODEACCESSRELEASED_10
17:25:08.226 (index):843 NODEACCESSREQUESTED_10
17:25:10.227 (index):831 UPDATE_10
17:25:11.226 (index):823 THINKING_10
17:25:16.226 (index):831 UPDATE_10
17:25:17.227 (index):813 NODEACCESSRELEASED_10
17:25:19.226 (index):843 NODEACCESSREQUESTED_10
17:25:21.226 (index):831 UPDATE_10
17:25:22.227 (index):823 THINKING_10
17:25:26.226 (index):831 UPDATE_10
17:25:27.226 (index):813 NODEACCESSRELEASED_10
17:25:28.227 (index):843 NODEACCESSREQUESTED_10
17:25:29.229 (index):831 UPDATE_10
17:25:29.331 (index):823 THINKING_10
17:25:34.216 (index):831 UPDATE_10
17:25:34.331 (index):813 NODEACCESSRELEASED_10
17:25:35.332 (index):843 NODEACCESSREQUESTED_10
17:25:37.228 (index):831 UPDATE_10
17:25:38.226 (index):813 NODEACCESSRELEASED_10
17:25:40.226 (index):843 NODEACCESSREQUESTED_10
17:25:42.226 (index):831 UPDATE_10
17:25:43.227 (index):813 NODEACCESSRELEASED_10
17:25:45.226 (index):843 NODEACCESSREQUESTED_10
17:25:47.228 (index):831 UPDATE_10
17:25:48.227 (index):872 END_10
