17:16:06.227 (index):933 Tasks: 25; Collaborators: 4    =========================>
17:16:06.230 (index):843 NODEACCESSREQUESTED_0
17:16:06.234 (index):843 NODEACCESSREQUESTED_1
17:16:06.234 (index):843 NODEACCESSREQUESTED_2
17:16:06.235 (index):843 NODEACCESSREQUESTED_3
17:16:08.226 (index):823 THINKING_0
17:16:08.227 (index):823 THINKING_1
17:16:08.228 (index):813 NODEACCESSRELEASED_2
17:16:08.229 (index):813 NODEACCESSRELEASED_3
17:16:10.226 (index):843 NODEACCESSREQUESTED_2
17:16:10.227 (index):843 NODEACCESSREQUESTED_3
17:16:11.226 (index):831 UPDATE_1
17:16:12.226 (index):831 UPDATE_2
17:16:12.228 (index):831 UPDATE_3
17:16:12.229 (index):813 NODEACCESSRELEASED_1
17:16:12.807 (index):813 NODEACCESSRELEASED_2
17:16:12.809 (index):813 NODEACCESSRELEASED_3
17:16:12.810 (index):831 UPDATE_0
17:16:12.910 (index):813 NODEACCESSRELEASED_0
17:16:13.231 (index):843 NODEACCESSREQUESTED_1
17:16:13.809 (index):843 NODEACCESSREQUESTED_2
17:16:13.810 (index):843 NODEACCESSREQUESTED_3
17:16:13.912 (index):843 NODEACCESSREQUESTED_0
17:16:14.238 (index):831 UPDATE_1
17:16:14.339 (index):823 THINKING_1
17:16:14.810 (index):831 UPDATE_2
17:16:14.811 (index):831 UPDATE_3
17:16:14.911 (index):813 NODEACCESSRELEASED_2
17:16:14.913 (index):823 THINKING_3
17:16:14.914 (index):831 UPDATE_0
17:16:15.015 (index):813 NODEACCESSRELEASED_0
17:16:16.226 (index):843 NODEACCESSREQUESTED_2
17:16:16.227 (index):843 NODEACCESSREQUESTED_0
17:16:18.228 (index):831 UPDATE_2
17:16:18.229 (index):831 UPDATE_0
17:16:18.230 (index):831 UPDATE_1
17:16:19.226 (index):823 THINKING_2
17:16:19.228 (index):823 THINKING_0
17:16:19.230 (index):823 THINKING_1
17:16:19.231 (index):831 UPDATE_3
17:16:20.226 (index):813 NODEACCESSRELEASED_3
17:16:21.228 (index):843 NODEACCESSREQUESTED_3
17:16:21.802 (index):831 UPDATE_0
17:16:21.903 (index):823 THINKING_0
17:16:21.952 (index):831 UPDATE_2
17:16:22.053 (index):813 NODEACCESSRELEASED_2
17:16:22.229 (index):831 UPDATE_3
17:16:22.330 (index):813 NODEACCESSRELEASED_3
17:16:23.054 (index):843 NODEACCESSREQUESTED_2
17:16:23.332 (index):843 NODEACCESSREQUESTED_3
17:16:23.623 (index):831 UPDATE_1
17:16:23.724 (index):813 NODEACCESSRELEASED_1
17:16:24.055 (index):831 UPDATE_2
17:16:24.157 (index):813 NODEACCESSRELEASED_2
17:16:24.333 (index):831 UPDATE_3
17:16:24.434 (index):813 NODEACCESSRELEASED_3
17:16:24.725 (index):843 NODEACCESSREQUESTED_1
17:16:25.158 (index):843 NODEACCESSREQUESTED_2
17:16:25.436 (index):843 NODEACCESSREQUESTED_3
17:16:25.727 (index):831 UPDATE_1
17:16:25.828 (index):823 THINKING_1
17:16:26.159 (index):831 UPDATE_2
17:16:26.261 (index):823 THINKING_2
17:16:26.437 (index):831 UPDATE_3
17:16:26.539 (index):813 NODEACCESSRELEASED_3
17:16:26.845 (index):831 UPDATE_0
17:16:26.946 (index):813 NODEACCESSRELEASED_0
17:16:27.540 (index):843 NODEACCESSREQUESTED_3
17:16:27.948 (index):843 NODEACCESSREQUESTED_0
17:16:28.139 (index):831 UPDATE_1
17:16:28.241 (index):813 NODEACCESSRELEASED_1
17:16:28.541 (index):831 UPDATE_3
17:16:28.642 (index):813 NODEACCESSRELEASED_3
17:16:28.812 (index):831 UPDATE_2
17:16:28.913 (index):823 THINKING_2
17:16:28.949 (index):831 UPDATE_0
17:16:29.051 (index):823 THINKING_0
17:16:29.242 (index):843 NODEACCESSREQUESTED_1
17:16:29.643 (index):843 NODEACCESSREQUESTED_3
17:16:30.244 (index):831 UPDATE_1
17:16:30.345 (index):823 THINKING_1
17:16:30.645 (index):831 UPDATE_3
17:16:30.745 (index):823 THINKING_3
17:16:31.141 (index):831 UPDATE_2
17:16:31.207 (index):831 UPDATE_0
17:16:31.241 (index):823 THINKING_2
17:16:31.308 (index):813 NODEACCESSRELEASED_0
17:16:32.309 (index):843 NODEACCESSREQUESTED_0
17:16:33.153 (index):831 UPDATE_3
17:16:33.254 (index):813 NODEACCESSRELEASED_3
17:16:33.275 (index):831 UPDATE_1
17:16:33.311 (index):831 UPDATE_0
17:16:33.376 (index):823 THINKING_1
17:16:33.413 (index):813 NODEACCESSRELEASED_0
17:16:34.255 (index):843 NODEACCESSREQUESTED_3
17:16:34.414 (index):843 NODEACCESSREQUESTED_0
17:16:35.256 (index):831 UPDATE_3
17:16:35.357 (index):813 NODEACCESSRELEASED_3
17:16:35.415 (index):831 UPDATE_0
17:16:35.517 (index):823 THINKING_0
17:16:36.097 (index):831 UPDATE_2
17:16:36.198 (index):813 NODEACCESSRELEASED_2
17:16:36.359 (index):843 NODEACCESSREQUESTED_3
17:16:37.199 (index):843 NODEACCESSREQUESTED_2
17:16:37.360 (index):831 UPDATE_3
17:16:37.461 (index):823 THINKING_3
17:16:37.986 (index):831 UPDATE_1
17:16:38.087 (index):823 THINKING_1
17:16:38.200 (index):831 UPDATE_2
17:16:38.301 (index):813 NODEACCESSRELEASED_2
17:16:39.303 (index):843 NODEACCESSREQUESTED_2
17:16:39.512 (index):831 UPDATE_0
17:16:39.613 (index):813 NODEACCESSRELEASED_0
17:16:39.799 (index):831 UPDATE_3
17:16:39.900 (index):813 NODEACCESSRELEASED_3
17:16:40.304 (index):831 UPDATE_2
17:16:40.405 (index):813 NODEACCESSRELEASED_2
17:16:40.614 (index):843 NODEACCESSREQUESTED_0
17:16:40.901 (index):843 NODEACCESSREQUESTED_3
17:16:41.407 (index):843 NODEACCESSREQUESTED_2
17:16:41.618 (index):831 UPDATE_0
17:16:41.719 (index):813 NODEACCESSRELEASED_0
17:16:41.902 (index):831 UPDATE_3
17:16:42.004 (index):872 END_3
17:16:42.279 (index):831 UPDATE_1
17:16:42.380 (index):813 NODEACCESSRELEASED_1
17:16:42.408 (index):831 UPDATE_2
17:16:42.509 (index):813 NODEACCESSRELEASED_2
17:16:42.720 (index):843 NODEACCESSREQUESTED_0
17:16:43.382 (index):843 NODEACCESSREQUESTED_1
17:16:43.510 (index):843 NODEACCESSREQUESTED_2
17:16:43.722 (index):831 UPDATE_0
17:16:43.823 (index):813 NODEACCESSRELEASED_0
17:16:44.383 (index):831 UPDATE_1
17:16:44.484 (index):823 THINKING_1
17:16:44.512 (index):831 UPDATE_2
17:16:44.613 (index):872 END_2
17:16:44.824 (index):843 NODEACCESSREQUESTED_0
17:16:45.826 (index):831 UPDATE_0
17:16:45.927 (index):872 END_0
17:16:47.226 (index):831 UPDATE_1
17:16:48.226 (index):813 NODEACCESSRELEASED_1
17:16:50.226 (index):843 NODEACCESSREQUESTED_1
17:16:52.226 (index):831 UPDATE_1
17:16:53.227 (index):872 END_1
