17:25:48.228 (index):1077 Tasks: 25; Collaborators: 12    =========================>
17:25:48.230 (index):843 NODEACCESSREQUESTED_0
17:25:48.231 (index):843 NODEACCESSREQUESTED_1
17:25:48.231 (index):843 NODEACCESSREQUESTED_2
17:25:48.232 (index):843 NODEACCESSREQUESTED_3
17:25:48.233 (index):843 NODEACCESSREQUESTED_4
17:25:48.234 (index):843 NODEACCESSREQUESTED_5
17:25:48.234 (index):843 NODEACCESSREQUESTED_6
17:25:48.235 (index):843 NODEACCESSREQUESTED_7
17:25:48.236 (index):843 NODEACCESSREQUESTED_8
17:25:48.236 (index):843 NODEACCESSREQUESTED_9
17:25:48.237 (index):843 NODEACCESSREQUESTED_10
17:25:48.237 (index):843 NODEACCESSREQUESTED_11
17:25:50.228 (index):823 THINKING_0
17:25:50.229 (index):823 THINKING_1
17:25:50.230 (index):813 NODEACCESSRELEASED_2
17:25:50.231 (index):813 NODEACCESSRELEASED_3
17:25:50.231 (index):813 NODEACCESSRELEASED_4
17:25:50.232 (index):813 NODEACCESSRELEASED_5
17:25:50.233 (index):823 THINKING_6
17:25:50.233 (index):813 NODEACCESSRELEASED_7
17:25:50.234 (index):823 THINKING_8
17:25:50.235 (index):813 NODEACCESSRELEASED_9
17:25:50.236 (index):861 WAITING_10
17:25:50.237 (index):861 WAITING_11
17:25:52.226 (index):843 NODEACCESSREQUESTED_2
17:25:52.227 (index):843 NODEACCESSREQUESTED_3
17:25:52.228 (index):843 NODEACCESSREQUESTED_4
17:25:52.229 (index):843 NODEACCESSREQUESTED_5
17:25:52.230 (index):843 NODEACCESSREQUESTED_7
17:25:52.231 (index):843 NODEACCESSREQUESTED_9
17:25:52.232 (index):861 WAITING_10
17:25:52.233 (index):861 WAITING_11
17:25:53.226 (index):831 UPDATE_8
17:25:53.227 (index):831 UPDATE_6
17:25:53.228 (index):831 UPDATE_1
17:25:54.226 (index):831 UPDATE_2
17:25:54.227 (index):831 UPDATE_3
17:25:54.229 (index):831 UPDATE_4
17:25:54.229 (index):831 UPDATE_5
17:25:54.230 (index):831 UPDATE_7
17:25:54.231 (index):831 UPDATE_9
17:25:54.232 (index):861 WAITING_10
17:25:54.233 (index):861 WAITING_11
17:25:54.234 (index):823 THINKING_8
17:25:54.234 (index):813 NODEACCESSRELEASED_6
17:25:54.235 (index):813 NODEACCESSRELEASED_1
17:25:55.226 (index):813 NODEACCESSRELEASED_2
17:25:55.228 (index):813 NODEACCESSRELEASED_3
17:25:55.230 (index):813 NODEACCESSRELEASED_4
17:25:55.231 (index):823 THINKING_5
17:25:55.233 (index):813 NODEACCESSRELEASED_7
17:25:55.234 (index):823 THINKING_9
17:25:55.236 (index):831 UPDATE_0
17:25:56.226 (index):861 WAITING_10
17:25:56.227 (index):861 WAITING_11
17:25:56.228 (index):843 NODEACCESSREQUESTED_6
17:25:56.229 (index):843 NODEACCESSREQUESTED_1
17:25:56.230 (index):813 NODEACCESSRELEASED_0
17:25:57.227 (index):843 NODEACCESSREQUESTED_2
17:25:57.228 (index):843 NODEACCESSREQUESTED_3
17:25:57.231 (index):843 NODEACCESSREQUESTED_4
17:25:57.232 (index):843 NODEACCESSREQUESTED_7
17:25:58.226 (index):861 WAITING_10
17:25:58.227 (index):861 WAITING_11
17:25:58.228 (index):831 UPDATE_6
17:25:58.229 (index):831 UPDATE_1
17:25:58.229 (index):843 NODEACCESSREQUESTED_0
17:25:58.230 (index):831 UPDATE_5
17:25:59.226 (index):831 UPDATE_2
17:25:59.227 (index):831 UPDATE_3
17:25:59.228 (index):831 UPDATE_4
17:25:59.229 (index):831 UPDATE_7
17:25:59.230 (index):813 NODEACCESSRELEASED_6
17:25:59.231 (index):823 THINKING_1
17:25:59.232 (index):813 NODEACCESSRELEASED_5
17:25:59.233 (index):831 UPDATE_8
17:26:00.226 (index):861 WAITING_10
17:26:00.228 (index):861 WAITING_11
17:26:00.229 (index):831 UPDATE_0
17:26:00.230 (index):813 NODEACCESSRELEASED_2
17:26:00.232 (index):823 THINKING_3
17:26:00.234 (index):813 NODEACCESSRELEASED_4
17:26:00.234 (index):813 NODEACCESSRELEASED_7
17:26:00.235 (index):813 NODEACCESSRELEASED_8
17:26:00.236 (index):831 UPDATE_9
17:26:01.226 (index):843 NODEACCESSREQUESTED_6
17:26:01.227 (index):843 NODEACCESSREQUESTED_5
17:26:01.228 (index):813 NODEACCESSRELEASED_0
17:26:01.228 (index):823 THINKING_9
17:26:02.227 (index):861 WAITING_10
17:26:02.228 (index):861 WAITING_11
17:26:02.229 (index):843 NODEACCESSREQUESTED_2
17:26:02.230 (index):843 NODEACCESSREQUESTED_4
17:26:02.232 (index):843 NODEACCESSREQUESTED_7
17:26:02.232 (index):843 NODEACCESSREQUESTED_8
17:26:02.233 (index):831 UPDATE_6
17:26:03.228 (index):831 UPDATE_5
17:26:03.229 (index):843 NODEACCESSREQUESTED_0
17:26:03.229 (index):813 NODEACCESSRELEASED_6
17:26:03.230 (index):831 UPDATE_1
17:26:04.227 (index):861 WAITING_10
17:26:04.229 (index):861 WAITING_11
17:26:04.230 (index):831 UPDATE_2
17:26:04.231 (index):831 UPDATE_4
17:26:04.232 (index):831 UPDATE_7
17:26:04.233 (index):831 UPDATE_8
17:26:04.234 (index):823 THINKING_5
17:26:04.236 (index):823 THINKING_1
17:26:04.237 (index):831 UPDATE_9
17:26:05.226 (index):831 UPDATE_0
17:26:05.227 (index):843 NODEACCESSREQUESTED_6
17:26:05.228 (index):823 THINKING_2
17:26:05.228 (index):813 NODEACCESSRELEASED_4
17:26:05.229 (index):823 THINKING_7
17:26:05.229 (index):823 THINKING_8
17:26:05.230 (index):813 NODEACCESSRELEASED_9
17:26:05.231 (index):831 UPDATE_3
17:26:06.227 (index):861 WAITING_10
17:26:06.231 (index):861 WAITING_11
17:26:06.234 (index):823 THINKING_0
17:26:06.235 (index):813 NODEACCESSRELEASED_3
17:26:07.226 (index):831 UPDATE_6
17:26:07.227 (index):843 NODEACCESSREQUESTED_4
17:26:07.228 (index):843 NODEACCESSREQUESTED_9
17:26:08.226 (index):861 WAITING_10
17:26:08.227 (index):861 WAITING_11
17:26:08.228 (index):843 NODEACCESSREQUESTED_3
17:26:08.229 (index):813 NODEACCESSRELEASED_6
17:26:08.230 (index):831 UPDATE_5
17:26:08.231 (index):831 UPDATE_7
17:26:08.232 (index):831 UPDATE_2
17:26:09.226 (index):831 UPDATE_4
17:26:09.227 (index):831 UPDATE_9
17:26:09.227 (index):813 NODEACCESSRELEASED_5
17:26:09.228 (index):813 NODEACCESSRELEASED_7
17:26:09.229 (index):813 NODEACCESSRELEASED_2
17:26:09.230 (index):831 UPDATE_1
17:26:09.232 (index):831 UPDATE_0
17:26:10.226 (index):861 WAITING_10
17:26:10.227 (index):861 WAITING_11
17:26:10.228 (index):831 UPDATE_3
17:26:10.228 (index):843 NODEACCESSREQUESTED_6
17:26:10.229 (index):813 NODEACCESSRELEASED_4
17:26:10.230 (index):813 NODEACCESSRELEASED_9
17:26:10.231 (index):813 NODEACCESSRELEASED_1
17:26:10.232 (index):823 THINKING_0
17:26:10.233 (index):831 UPDATE_8
17:26:11.227 (index):843 NODEACCESSREQUESTED_5
17:26:11.228 (index):843 NODEACCESSREQUESTED_7
17:26:11.229 (index):843 NODEACCESSREQUESTED_2
17:26:11.230 (index):813 NODEACCESSRELEASED_3
17:26:11.231 (index):813 NODEACCESSRELEASED_8
17:26:12.227 (index):861 WAITING_10
17:26:12.228 (index):861 WAITING_11
17:26:12.228 (index):831 UPDATE_6
17:26:12.229 (index):843 NODEACCESSREQUESTED_4
17:26:12.230 (index):843 NODEACCESSREQUESTED_9
17:26:12.231 (index):843 NODEACCESSREQUESTED_1
17:26:13.227 (index):831 UPDATE_5
17:26:13.228 (index):831 UPDATE_7
17:26:13.230 (index):831 UPDATE_2
17:26:13.231 (index):843 NODEACCESSREQUESTED_3
17:26:13.232 (index):843 NODEACCESSREQUESTED_8
17:26:13.233 (index):813 NODEACCESSRELEASED_6
17:26:14.227 (index):861 WAITING_10
17:26:14.227 (index):861 WAITING_11
17:26:14.228 (index):831 UPDATE_4
17:26:14.229 (index):831 UPDATE_9
17:26:14.230 (index):831 UPDATE_1
17:26:14.230 (index):823 THINKING_5
17:26:14.231 (index):823 THINKING_7
17:26:14.232 (index):813 NODEACCESSRELEASED_2
17:26:15.226 (index):831 UPDATE_3
17:26:15.227 (index):831 UPDATE_8
17:26:15.227 (index):843 NODEACCESSREQUESTED_6
17:26:15.228 (index):823 THINKING_4
17:26:15.228 (index):813 NODEACCESSRELEASED_9
17:26:15.229 (index):823 THINKING_1
17:26:15.229 (index):831 UPDATE_0
17:26:16.226 (index):861 WAITING_10
17:26:16.228 (index):861 WAITING_11
17:26:16.230 (index):843 NODEACCESSREQUESTED_2
17:26:16.231 (index):813 NODEACCESSRELEASED_3
17:26:16.233 (index):813 NODEACCESSRELEASED_8
17:26:16.234 (index):813 NODEACCESSRELEASED_0
17:26:17.228 (index):831 UPDATE_6
17:26:17.229 (index):843 NODEACCESSREQUESTED_9
17:26:18.226 (index):861 WAITING_10
17:26:18.227 (index):861 WAITING_11
17:26:18.227 (index):831 UPDATE_2
17:26:18.228 (index):843 NODEACCESSREQUESTED_3
17:26:18.229 (index):843 NODEACCESSREQUESTED_8
17:26:18.230 (index):843 NODEACCESSREQUESTED_0
17:26:18.231 (index):823 THINKING_6
17:26:18.232 (index):831 UPDATE_1
17:26:18.233 (index):831 UPDATE_4
17:26:19.226 (index):831 UPDATE_9
17:26:19.227 (index):823 THINKING_2
17:26:19.228 (index):813 NODEACCESSRELEASED_1
17:26:19.229 (index):813 NODEACCESSRELEASED_4
17:26:19.230 (index):831 UPDATE_5
17:26:19.231 (index):831 UPDATE_7
17:26:20.226 (index):861 WAITING_10
17:26:20.227 (index):861 WAITING_11
17:26:20.229 (index):831 UPDATE_3
17:26:20.231 (index):831 UPDATE_8
17:26:20.234 (index):831 UPDATE_0
17:26:20.235 (index):823 THINKING_9
17:26:20.237 (index):823 THINKING_5
17:26:20.238 (index):813 NODEACCESSRELEASED_7
17:26:21.226 (index):843 NODEACCESSREQUESTED_1
17:26:21.228 (index):843 NODEACCESSREQUESTED_4
17:26:21.229 (index):813 NODEACCESSRELEASED_3
17:26:21.231 (index):823 THINKING_8
17:26:21.232 (index):823 THINKING_0
17:26:21.234 (index):831 UPDATE_6
17:26:22.226 (index):861 WAITING_10
17:26:22.227 (index):861 WAITING_11
17:26:22.228 (index):843 NODEACCESSREQUESTED_7
17:26:22.228 (index):823 THINKING_6
17:26:22.229 (index):831 UPDATE_2
17:26:23.226 (index):831 UPDATE_1
17:26:23.227 (index):831 UPDATE_4
17:26:23.228 (index):843 NODEACCESSREQUESTED_3
17:26:23.229 (index):831 UPDATE_5
17:26:23.229 (index):823 THINKING_2
17:26:24.226 (index):861 WAITING_10
17:26:24.227 (index):861 WAITING_11
17:26:24.228 (index):831 UPDATE_7
17:26:24.229 (index):823 THINKING_1
17:26:24.229 (index):823 THINKING_4
17:26:24.231 (index):813 NODEACCESSRELEASED_5
17:26:24.232 (index):831 UPDATE_9
17:26:24.233 (index):831 UPDATE_0
17:26:25.226 (index):831 UPDATE_3
17:26:25.227 (index):813 NODEACCESSRELEASED_7
17:26:25.228 (index):813 NODEACCESSRELEASED_9
17:26:25.228 (index):813 NODEACCESSRELEASED_0
17:26:25.229 (index):831 UPDATE_8
17:26:25.229 (index):831 UPDATE_6
17:26:26.226 (index):861 WAITING_10
17:26:26.227 (index):861 WAITING_11
17:26:26.228 (index):843 NODEACCESSREQUESTED_5
17:26:26.229 (index):813 NODEACCESSRELEASED_3
17:26:26.231 (index):813 NODEACCESSRELEASED_8
17:26:26.232 (index):813 NODEACCESSRELEASED_6
17:26:26.233 (index):831 UPDATE_2
17:26:27.228 (index):843 NODEACCESSREQUESTED_7
17:26:27.229 (index):843 NODEACCESSREQUESTED_9
17:26:27.229 (index):843 NODEACCESSREQUESTED_0
17:26:27.230 (index):823 THINKING_2
17:26:27.231 (index):831 UPDATE_1
17:26:27.232 (index):861 WAITING_10
17:26:28.227 (index):861 WAITING_11
17:26:28.227 (index):831 UPDATE_5
17:26:28.228 (index):843 NODEACCESSREQUESTED_3
17:26:28.228 (index):843 NODEACCESSREQUESTED_8
17:26:28.229 (index):843 NODEACCESSREQUESTED_6
17:26:28.230 (index):823 THINKING_1
17:26:29.226 (index):831 UPDATE_7
17:26:29.227 (index):831 UPDATE_9
17:26:29.228 (index):831 UPDATE_0
17:26:29.229 (index):861 WAITING_10
17:26:29.229 (index):823 THINKING_5
17:26:29.230 (index):831 UPDATE_4
17:26:30.226 (index):861 WAITING_11
17:26:30.227 (index):831 UPDATE_3
17:26:30.227 (index):831 UPDATE_8
17:26:30.228 (index):831 UPDATE_6
17:26:30.228 (index):813 NODEACCESSRELEASED_7
17:26:30.229 (index):813 NODEACCESSRELEASED_9
17:26:30.229 (index):813 NODEACCESSRELEASED_0
17:26:30.230 (index):823 THINKING_4
17:26:31.227 (index):861 WAITING_10
17:26:31.228 (index):823 THINKING_3
17:26:31.229 (index):813 NODEACCESSRELEASED_8
17:26:31.230 (index):813 NODEACCESSRELEASED_6
17:26:32.226 (index):861 WAITING_11
17:26:32.227 (index):843 NODEACCESSREQUESTED_7
17:26:32.228 (index):843 NODEACCESSREQUESTED_9
17:26:32.229 (index):843 NODEACCESSREQUESTED_0
17:26:32.230 (index):831 UPDATE_2
17:26:33.226 (index):861 WAITING_10
17:26:33.227 (index):843 NODEACCESSREQUESTED_8
17:26:33.228 (index):843 NODEACCESSREQUESTED_6
17:26:33.228 (index):813 NODEACCESSRELEASED_2
17:26:33.229 (index):831 UPDATE_1
17:26:34.226 (index):861 WAITING_11
17:26:34.227 (index):831 UPDATE_7
17:26:34.229 (index):831 UPDATE_9
17:26:34.230 (index):831 UPDATE_0
17:26:34.231 (index):823 THINKING_1
17:26:34.232 (index):831 UPDATE_3
17:26:34.233 (index):831 UPDATE_5
17:26:34.234 (index):831 UPDATE_4
17:26:35.226 (index):861 WAITING_10
17:26:35.227 (index):831 UPDATE_8
17:26:35.228 (index):831 UPDATE_6
17:26:35.228 (index):843 NODEACCESSREQUESTED_2
17:26:35.229 (index):813 NODEACCESSRELEASED_7
17:26:35.230 (index):823 THINKING_9
17:26:35.231 (index):823 THINKING_0
17:26:35.232 (index):813 NODEACCESSRELEASED_3
17:26:35.233 (index):813 NODEACCESSRELEASED_5
17:26:35.234 (index):823 THINKING_4
17:26:36.226 (index):861 WAITING_11
17:26:36.227 (index):813 NODEACCESSRELEASED_8
17:26:36.227 (index):813 NODEACCESSRELEASED_6
17:26:37.226 (index):861 WAITING_10
17:26:37.227 (index):831 UPDATE_2
17:26:37.227 (index):843 NODEACCESSREQUESTED_7
17:26:37.228 (index):843 NODEACCESSREQUESTED_3
17:26:37.230 (index):843 NODEACCESSREQUESTED_5
17:26:38.226 (index):861 WAITING_11
17:26:38.227 (index):843 NODEACCESSREQUESTED_8
17:26:38.228 (index):843 NODEACCESSREQUESTED_6
17:26:38.228 (index):813 NODEACCESSRELEASED_2
17:26:38.229 (index):831 UPDATE_4
17:26:39.226 (index):861 WAITING_10
17:26:39.228 (index):831 UPDATE_7
17:26:39.229 (index):831 UPDATE_3
17:26:39.231 (index):831 UPDATE_5
17:26:39.232 (index):813 NODEACCESSRELEASED_4
17:26:39.234 (index):831 UPDATE_1
17:26:39.236 (index):831 UPDATE_9
17:26:40.226 (index):831 UPDATE_0
17:26:40.227 (index):861 WAITING_11
17:26:40.228 (index):831 UPDATE_8
17:26:40.229 (index):831 UPDATE_6
17:26:40.229 (index):843 NODEACCESSREQUESTED_2
17:26:40.230 (index):813 NODEACCESSRELEASED_7
17:26:40.231 (index):813 NODEACCESSRELEASED_3
17:26:40.231 (index):813 NODEACCESSRELEASED_5
17:26:40.232 (index):813 NODEACCESSRELEASED_1
17:26:40.233 (index):813 NODEACCESSRELEASED_9
17:26:41.226 (index):861 WAITING_10
17:26:41.227 (index):843 NODEACCESSREQUESTED_4
17:26:41.228 (index):813 NODEACCESSRELEASED_0
17:26:41.229 (index):813 NODEACCESSRELEASED_8
17:26:41.230 (index):813 NODEACCESSRELEASED_6
17:26:42.226 (index):861 WAITING_11
17:26:42.228 (index):831 UPDATE_2
17:26:42.229 (index):843 NODEACCESSREQUESTED_7
17:26:42.230 (index):843 NODEACCESSREQUESTED_3
17:26:42.231 (index):843 NODEACCESSREQUESTED_5
17:26:42.232 (index):843 NODEACCESSREQUESTED_1
17:26:42.233 (index):843 NODEACCESSREQUESTED_9
17:26:43.226 (index):861 WAITING_10
17:26:43.227 (index):831 UPDATE_4
17:26:43.228 (index):843 NODEACCESSREQUESTED_0
17:26:43.228 (index):843 NODEACCESSREQUESTED_8
17:26:43.229 (index):843 NODEACCESSREQUESTED_6
17:26:43.230 (index):813 NODEACCESSRELEASED_2
17:26:44.226 (index):861 WAITING_11
17:26:44.227 (index):831 UPDATE_7
17:26:44.228 (index):831 UPDATE_3
17:26:44.229 (index):831 UPDATE_5
17:26:44.229 (index):831 UPDATE_1
17:26:44.230 (index):831 UPDATE_9
17:26:44.231 (index):813 NODEACCESSRELEASED_4
17:26:45.226 (index):861 WAITING_10
17:26:45.227 (index):831 UPDATE_0
17:26:45.228 (index):831 UPDATE_8
17:26:45.229 (index):831 UPDATE_6
17:26:45.229 (index):843 NODEACCESSREQUESTED_2
17:26:45.231 (index):823 THINKING_7
17:26:45.232 (index):823 THINKING_3
17:26:45.234 (index):813 NODEACCESSRELEASED_5
17:26:45.234 (index):823 THINKING_1
17:26:45.235 (index):813 NODEACCESSRELEASED_9
17:26:46.226 (index):861 WAITING_11
17:26:46.227 (index):843 NODEACCESSREQUESTED_4
17:26:46.228 (index):813 NODEACCESSRELEASED_0
17:26:46.228 (index):813 NODEACCESSRELEASED_8
17:26:46.229 (index):813 NODEACCESSRELEASED_6
17:26:47.226 (index):861 WAITING_10
17:26:47.227 (index):831 UPDATE_2
17:26:47.228 (index):843 NODEACCESSREQUESTED_5
17:26:47.229 (index):843 NODEACCESSREQUESTED_9
17:26:48.226 (index):861 WAITING_11
17:26:48.227 (index):831 UPDATE_4
17:26:48.228 (index):843 NODEACCESSREQUESTED_0
17:26:48.230 (index):843 NODEACCESSREQUESTED_8
17:26:48.231 (index):843 NODEACCESSREQUESTED_6
17:26:48.232 (index):813 NODEACCESSRELEASED_2
17:26:48.233 (index):831 UPDATE_1
17:26:48.234 (index):831 UPDATE_3
17:26:49.226 (index):861 WAITING_10
17:26:49.228 (index):831 UPDATE_5
17:26:49.229 (index):831 UPDATE_9
17:26:49.231 (index):823 THINKING_4
17:26:49.232 (index):813 NODEACCESSRELEASED_1
17:26:49.233 (index):813 NODEACCESSRELEASED_3
17:26:49.234 (index):831 UPDATE_7
17:26:50.226 (index):861 WAITING_11
17:26:50.227 (index):831 UPDATE_0
17:26:50.228 (index):831 UPDATE_8
17:26:50.229 (index):831 UPDATE_6
17:26:50.230 (index):843 NODEACCESSREQUESTED_2
17:26:50.231 (index):813 NODEACCESSRELEASED_5
17:26:50.232 (index):813 NODEACCESSRELEASED_9
17:26:50.233 (index):813 NODEACCESSRELEASED_7
17:26:51.226 (index):861 WAITING_10
17:26:51.227 (index):843 NODEACCESSREQUESTED_1
17:26:51.228 (index):843 NODEACCESSREQUESTED_3
17:26:51.229 (index):813 NODEACCESSRELEASED_0
17:26:51.230 (index):813 NODEACCESSRELEASED_8
17:26:51.231 (index):872 END_6
17:26:52.226 (index):861 WAITING_11
17:26:52.227 (index):831 UPDATE_2
17:26:52.228 (index):843 NODEACCESSREQUESTED_5
17:26:52.229 (index):843 NODEACCESSREQUESTED_9
17:26:52.230 (index):843 NODEACCESSREQUESTED_7
17:26:53.226 (index):861 WAITING_10
17:26:53.227 (index):831 UPDATE_1
17:26:53.228 (index):831 UPDATE_3
17:26:53.229 (index):843 NODEACCESSREQUESTED_0
17:26:53.230 (index):843 NODEACCESSREQUESTED_8
17:26:53.231 (index):872 END_2
17:26:54.226 (index):861 WAITING_11
17:26:54.227 (index):831 UPDATE_5
17:26:54.228 (index):831 UPDATE_9
17:26:54.229 (index):831 UPDATE_7
17:26:54.229 (index):872 END_1
17:26:54.229 (index):872 END_3
17:26:54.230 (index):831 UPDATE_4
17:26:55.226 (index):861 WAITING_10
17:26:55.227 (index):831 UPDATE_0
17:26:55.228 (index):831 UPDATE_8
17:26:55.229 (index):872 END_5
17:26:55.229 (index):872 END_9
17:26:55.230 (index):872 END_7
17:26:55.231 (index):872 END_4
17:26:56.226 (index):861 WAITING_11
17:26:56.227 (index):872 END_0
17:26:56.228 (index):872 END_8
17:26:57.226 (index):813 NODEACCESSRELEASED_10
17:26:58.226 (index):823 THINKING_11
17:26:59.226 (index):843 NODEACCESSREQUESTED_10
17:27:01.226 (index):861 WAITING_10
17:27:01.227 (index):831 UPDATE_11
17:27:02.226 (index):823 THINKING_11
17:27:03.227 (index):861 WAITING_10
17:27:05.226 (index):861 WAITING_10
17:27:06.226 (index):831 UPDATE_11
17:27:07.226 (index):861 WAITING_10
17:27:07.227 (index):813 NODEACCESSRELEASED_11
17:27:09.226 (index):831 UPDATE_10
17:27:09.227 (index):843 NODEACCESSREQUESTED_11
17:27:10.229 (index):823 THINKING_10
17:27:10.230 (index):831 UPDATE_11
17:27:11.227 (index):813 NODEACCESSRELEASED_11
17:27:13.226 (index):843 NODEACCESSREQUESTED_11
17:27:13.227 (index):831 UPDATE_10
17:27:14.226 (index):813 NODEACCESSRELEASED_10
17:27:15.227 (index):831 UPDATE_11
17:27:16.230 (index):843 NODEACCESSREQUESTED_10
17:27:16.231 (index):813 NODEACCESSRELEASED_11
17:27:18.226 (index):831 UPDATE_10
17:27:18.227 (index):843 NODEACCESSREQUESTED_11
17:27:19.226 (index):823 THINKING_10
17:27:20.226 (index):831 UPDATE_11
17:27:21.228 (index):823 THINKING_11
17:27:22.226 (index):831 UPDATE_10
17:27:23.226 (index):813 NODEACCESSRELEASED_10
17:27:25.226 (index):843 NODEACCESSREQUESTED_10
17:27:26.229 (index):831 UPDATE_11
17:27:26.231 (index):831 UPDATE_10
17:27:27.226 (index):813 NODEACCESSRELEASED_11
17:27:27.228 (index):823 THINKING_10
17:27:29.226 (index):843 NODEACCESSREQUESTED_11
17:27:31.226 (index):831 UPDATE_11
17:27:32.226 (index):813 NODEACCESSRELEASED_11
17:27:32.227 (index):831 UPDATE_10
17:27:33.226 (index):813 NODEACCESSRELEASED_10
17:27:34.227 (index):843 NODEACCESSREQUESTED_11
17:27:34.228 (index):843 NODEACCESSREQUESTED_10
17:27:36.226 (index):831 UPDATE_11
17:27:36.227 (index):831 UPDATE_10
17:27:37.226 (index):813 NODEACCESSRELEASED_11
17:27:37.227 (index):823 THINKING_10
17:27:38.228 (index):843 NODEACCESSREQUESTED_11
17:27:40.226 (index):831 UPDATE_11
17:27:41.226 (index):823 THINKING_11
17:27:41.227 (index):831 UPDATE_10
17:27:42.226 (index):813 NODEACCESSRELEASED_10
17:27:44.226 (index):843 NODEACCESSREQUESTED_10
17:27:45.226 (index):831 UPDATE_11
17:27:46.226 (index):831 UPDATE_10
17:27:46.227 (index):813 NODEACCESSRELEASED_11
17:27:47.226 (index):823 THINKING_10
17:27:48.226 (index):843 NODEACCESSREQUESTED_11
17:27:50.226 (index):831 UPDATE_11
17:27:51.226 (index):813 NODEACCESSRELEASED_11
17:27:52.227 (index):831 UPDATE_10
17:27:53.227 (index):843 NODEACCESSREQUESTED_11
17:27:53.228 (index):813 NODEACCESSRELEASED_10
17:27:55.226 (index):831 UPDATE_11
17:27:55.228 (index):843 NODEACCESSREQUESTED_10
17:27:56.226 (index):823 THINKING_11
17:27:57.227 (index):831 UPDATE_10
17:27:58.226 (index):813 NODEACCESSRELEASED_10
17:28:00.229 (index):843 NODEACCESSREQUESTED_10
17:28:00.231 (index):831 UPDATE_11
17:28:01.227 (index):872 END_11
17:28:02.227 (index):831 UPDATE_10
17:28:03.229 (index):813 NODEACCESSRELEASED_10
17:28:05.226 (index):843 NODEACCESSREQUESTED_10
17:28:07.228 (index):831 UPDATE_10
17:28:08.226 (index):872 END_10
