16:16:03.005 (index):792 Tasks: 25; Collaborators: 3    =========================>
16:16:03.005 (index):710 NODEACCESSREQUESTED_0
16:16:03.006 (index):710 NODEACCESSREQUESTED_1
16:16:03.007 (index):710 NODEACCESSREQUESTED_2
16:16:03.010 (index):680 NODEACCESSRELEASED_0
16:16:03.011 (index):680 NODEACCESSRELEASED_1
16:16:03.011 (index):680 NODEACCESSRELEASED_2
16:16:03.015 (index):710 NODEACCESSREQUESTED_0
16:16:03.015 (index):710 NODEACCESSREQUESTED_1
16:16:03.016 (index):710 NODEACCESSREQUESTED_2
16:16:03.019 (index):698 UPDATE_0
16:16:03.020 (index):698 UPDATE_1
16:16:03.021 (index):729 WAITING_2
16:16:03.024 (index):680 NODEACCESSRELEASED_0
16:16:03.025 (index):680 NODEACCESSRELEASED_1
16:16:03.025 (index):698 UPDATE_2
16:16:03.028 (index):710 NODEACCESSREQUESTED_0
16:16:03.029 (index):710 NODEACCESSREQUESTED_1
16:16:03.030 (index):680 NODEACCESSRELEASED_2
16:16:03.033 (index):698 UPDATE_0
16:16:03.034 (index):698 UPDATE_1
16:16:03.035 (index):710 NODEACCESSREQUESTED_2
16:16:03.038 (index):680 NODEACCESSRELEASED_0
16:16:03.039 (index):680 NODEACCESSRELEASED_1
16:16:03.039 (index):698 UPDATE_2
16:16:03.042 (index):710 NODEACCESSREQUESTED_0
16:16:03.043 (index):710 NODEACCESSREQUESTED_1
16:16:03.044 (index):680 NODEACCESSRELEASED_2
16:16:03.047 (index):698 UPDATE_0
16:16:03.048 (index):698 UPDATE_1
16:16:03.049 (index):710 NODEACCESSREQUESTED_2
16:16:03.052 (index):680 NODEACCESSRELEASED_0
16:16:03.053 (index):680 NODEACCESSRELEASED_1
16:16:03.054 (index):698 UPDATE_2
16:16:03.057 (index):710 NODEACCESSREQUESTED_0
16:16:03.058 (index):710 NODEACCESSREQUESTED_1
16:16:03.059 (index):680 NODEACCESSRELEASED_2
16:16:03.062 (index):698 UPDATE_0
16:16:03.063 (index):698 UPDATE_1
16:16:03.064 (index):710 NODEACCESSREQUESTED_2
16:16:03.067 (index):680 NODEACCESSRELEASED_0
16:16:03.068 (index):680 NODEACCESSRELEASED_1
16:16:03.069 (index):698 UPDATE_2
16:16:03.072 (index):710 NODEACCESSREQUESTED_0
16:16:03.073 (index):710 NODEACCESSREQUESTED_1
16:16:03.074 (index):680 NODEACCESSRELEASED_2
16:16:03.077 (index):698 UPDATE_0
16:16:03.078 (index):698 UPDATE_1
16:16:03.078 (index):710 NODEACCESSREQUESTED_2
16:16:03.082 (index):680 NODEACCESSRELEASED_0
16:16:03.082 (index):680 NODEACCESSRELEASED_1
16:16:03.083 (index):698 UPDATE_2
16:16:03.086 (index):710 NODEACCESSREQUESTED_0
16:16:03.087 (index):710 NODEACCESSREQUESTED_1
16:16:03.088 (index):680 NODEACCESSRELEASED_2
16:16:03.091 (index):698 UPDATE_0
16:16:03.092 (index):698 UPDATE_1
16:16:03.092 (index):710 NODEACCESSREQUESTED_2
16:16:03.096 (index):680 NODEACCESSRELEASED_0
16:16:03.096 (index):680 NODEACCESSRELEASED_1
16:16:03.097 (index):698 UPDATE_2
16:16:03.100 (index):710 NODEACCESSREQUESTED_0
16:16:03.101 (index):710 NODEACCESSREQUESTED_1
16:16:03.101 (index):680 NODEACCESSRELEASED_2
16:16:03.105 (index):698 UPDATE_0
16:16:03.105 (index):698 UPDATE_1
16:16:03.106 (index):710 NODEACCESSREQUESTED_2
16:16:03.109 (index):680 NODEACCESSRELEASED_0
16:16:03.110 (index):680 NODEACCESSRELEASED_1
16:16:03.110 (index):698 UPDATE_2
16:16:03.114 (index):710 NODEACCESSREQUESTED_0
16:16:03.114 (index):710 NODEACCESSREQUESTED_1
16:16:03.115 (index):680 NODEACCESSRELEASED_2
16:16:03.118 (index):698 UPDATE_0
16:16:03.119 (index):729 WAITING_1
16:16:03.119 (index):710 NODEACCESSREQUESTED_2
16:16:03.123 (index):680 NODEACCESSRELEASED_0
16:16:03.123 (index):698 UPDATE_1
16:16:03.124 (index):698 UPDATE_2
16:16:03.127 (index):710 NODEACCESSREQUESTED_0
16:16:03.128 (index):680 NODEACCESSRELEASED_1
16:16:03.128 (index):680 NODEACCESSRELEASED_2
16:16:03.132 (index):698 UPDATE_0
16:16:03.133 (index):710 NODEACCESSREQUESTED_1
16:16:03.133 (index):710 NODEACCESSREQUESTED_2
16:16:03.137 (index):680 NODEACCESSRELEASED_0
16:16:03.138 (index):698 UPDATE_1
16:16:03.138 (index):729 WAITING_2
16:16:03.142 (index):710 NODEACCESSREQUESTED_0
16:16:03.142 (index):680 NODEACCESSRELEASED_1
16:16:03.143 (index):698 UPDATE_2
16:16:03.146 (index):698 UPDATE_0
16:16:03.147 (index):710 NODEACCESSREQUESTED_1
16:16:03.148 (index):680 NODEACCESSRELEASED_2
16:16:03.151 (index):680 NODEACCESSRELEASED_0
16:16:03.152 (index):698 UPDATE_1
16:16:03.152 (index):710 NODEACCESSREQUESTED_2
16:16:03.156 (index):710 NODEACCESSREQUESTED_0
16:16:03.156 (index):680 NODEACCESSRELEASED_1
16:16:03.157 (index):698 UPDATE_2
16:16:03.160 (index):729 WAITING_0
16:16:03.161 (index):710 NODEACCESSREQUESTED_1
16:16:03.161 (index):680 NODEACCESSRELEASED_2
16:16:03.165 (index):698 UPDATE_0
16:16:03.166 (index):729 WAITING_1
16:16:03.166 (index):710 NODEACCESSREQUESTED_2
16:16:03.170 (index):680 NODEACCESSRELEASED_0
16:16:03.170 (index):698 UPDATE_1
16:16:03.171 (index):698 UPDATE_2
16:16:03.174 (index):710 NODEACCESSREQUESTED_0
16:16:03.175 (index):680 NODEACCESSRELEASED_1
16:16:03.175 (index):680 NODEACCESSRELEASED_2
16:16:03.179 (index):698 UPDATE_0
16:16:03.179 (index):710 NODEACCESSREQUESTED_1
16:16:03.180 (index):710 NODEACCESSREQUESTED_2
16:16:03.184 (index):680 NODEACCESSRELEASED_0
16:16:03.184 (index):698 UPDATE_1
16:16:03.184 (index):698 UPDATE_2
16:16:03.188 (index):710 NODEACCESSREQUESTED_0
16:16:03.189 (index):680 NODEACCESSRELEASED_1
16:16:03.190 (index):680 NODEACCESSRELEASED_2
16:16:03.193 (index):698 UPDATE_0
16:16:03.194 (index):710 NODEACCESSREQUESTED_1
16:16:03.195 (index):710 NODEACCESSREQUESTED_2
16:16:03.198 (index):740 END_0
16:16:03.199 (index):698 UPDATE_1
16:16:03.200 (index):698 UPDATE_2
16:16:03.204 (index):740 END_1
16:16:03.204 (index):740 END_2
