16:16:03.705 (index):825 Tasks: 25; Collaborators: 6    =========================>
16:16:03.705 (index):710 NODEACCESSREQUESTED_0
16:16:03.706 (index):710 NODEACCESSREQUESTED_1
16:16:03.706 (index):710 NODEACCESSREQUESTED_2
16:16:03.707 (index):710 NODEACCESSREQUESTED_3
16:16:03.707 (index):710 NODEACCESSREQUESTED_4
16:16:03.707 (index):710 NODEACCESSREQUESTED_5
16:16:03.710 (index):680 NODEACCESSRELEASED_0
16:16:03.710 (index):680 NODEACCESSRELEASED_1
16:16:03.711 (index):680 NODEACCESSRELEASED_2
16:16:03.711 (index):680 NODEACCESSRELEASED_3
16:16:03.712 (index):680 NODEACCESSRELEASED_4
16:16:03.712 (index):680 NODEACCESSRELEASED_5
16:16:03.714 (index):710 NODEACCESSREQUESTED_0
16:16:03.715 (index):710 NODEACCESSREQUESTED_1
16:16:03.715 (index):710 NODEACCESSREQUESTED_2
16:16:03.716 (index):710 NODEACCESSREQUESTED_3
16:16:03.716 (index):710 NODEACCESSREQUESTED_4
16:16:03.716 (index):710 NODEACCESSREQUESTED_5
16:16:03.719 (index):698 UPDATE_0
16:16:03.719 (index):698 UPDATE_1
16:16:03.720 (index):729 WAITING_2
16:16:03.720 (index):698 UPDATE_3
16:16:03.721 (index):729 WAITING_4
16:16:03.721 (index):698 UPDATE_5
16:16:03.723 (index):680 NODEACCESSRELEASED_0
16:16:03.724 (index):680 NODEACCESSRELEASED_1
16:16:03.724 (index):698 UPDATE_2
16:16:03.725 (index):680 NODEACCESSRELEASED_3
16:16:03.725 (index):698 UPDATE_4
16:16:03.725 (index):680 NODEACCESSRELEASED_5
16:16:03.728 (index):710 NODEACCESSREQUESTED_0
16:16:03.728 (index):710 NODEACCESSREQUESTED_1
16:16:03.729 (index):680 NODEACCESSRELEASED_2
16:16:03.729 (index):710 NODEACCESSREQUESTED_3
16:16:03.730 (index):680 NODEACCESSRELEASED_4
16:16:03.730 (index):710 NODEACCESSREQUESTED_5
16:16:03.732 (index):698 UPDATE_0
16:16:03.733 (index):729 WAITING_1
16:16:03.733 (index):710 NODEACCESSREQUESTED_2
16:16:03.734 (index):698 UPDATE_3
16:16:03.734 (index):710 NODEACCESSREQUESTED_4
16:16:03.735 (index):698 UPDATE_5
16:16:03.737 (index):680 NODEACCESSRELEASED_0
16:16:03.737 (index):698 UPDATE_1
16:16:03.738 (index):729 WAITING_2
16:16:03.738 (index):680 NODEACCESSRELEASED_3
16:16:03.739 (index):698 UPDATE_4
16:16:03.739 (index):680 NODEACCESSRELEASED_5
16:16:03.741 (index):710 NODEACCESSREQUESTED_0
16:16:03.742 (index):680 NODEACCESSRELEASED_1
16:16:03.742 (index):698 UPDATE_2
16:16:03.743 (index):710 NODEACCESSREQUESTED_3
16:16:03.743 (index):680 NODEACCESSRELEASED_4
16:16:03.744 (index):710 NODEACCESSREQUESTED_5
16:16:03.746 (index):698 UPDATE_0
16:16:03.746 (index):710 NODEACCESSREQUESTED_1
16:16:03.747 (index):680 NODEACCESSRELEASED_2
16:16:03.747 (index):698 UPDATE_3
16:16:03.748 (index):710 NODEACCESSREQUESTED_4
16:16:03.748 (index):729 WAITING_5
16:16:03.750 (index):680 NODEACCESSRELEASED_0
16:16:03.751 (index):698 UPDATE_1
16:16:03.751 (index):710 NODEACCESSREQUESTED_2
16:16:03.752 (index):680 NODEACCESSRELEASED_3
16:16:03.752 (index):698 UPDATE_4
16:16:03.753 (index):729 WAITING_5
16:16:03.755 (index):710 NODEACCESSREQUESTED_0
16:16:03.755 (index):680 NODEACCESSRELEASED_1
16:16:03.756 (index):698 UPDATE_2
16:16:03.756 (index):710 NODEACCESSREQUESTED_3
16:16:03.757 (index):680 NODEACCESSRELEASED_4
16:16:03.757 (index):729 WAITING_5
16:16:03.759 (index):698 UPDATE_0
16:16:03.760 (index):710 NODEACCESSREQUESTED_1
16:16:03.760 (index):680 NODEACCESSRELEASED_2
16:16:03.761 (index):698 UPDATE_3
16:16:03.761 (index):710 NODEACCESSREQUESTED_4
16:16:03.762 (index):729 WAITING_5
16:16:03.764 (index):680 NODEACCESSRELEASED_0
16:16:03.764 (index):698 UPDATE_1
16:16:03.765 (index):710 NODEACCESSREQUESTED_2
16:16:03.765 (index):680 NODEACCESSRELEASED_3
16:16:03.766 (index):698 UPDATE_4
16:16:03.766 (index):729 WAITING_5
16:16:03.769 (index):710 NODEACCESSREQUESTED_0
16:16:03.769 (index):680 NODEACCESSRELEASED_1
16:16:03.769 (index):698 UPDATE_2
16:16:03.770 (index):710 NODEACCESSREQUESTED_3
16:16:03.770 (index):680 NODEACCESSRELEASED_4
16:16:03.771 (index):729 WAITING_5
16:16:03.773 (index):729 WAITING_0
16:16:03.773 (index):710 NODEACCESSREQUESTED_1
16:16:03.774 (index):680 NODEACCESSRELEASED_2
16:16:03.774 (index):698 UPDATE_3
16:16:03.775 (index):710 NODEACCESSREQUESTED_4
16:16:03.775 (index):729 WAITING_5
16:16:03.778 (index):698 UPDATE_0
16:16:03.778 (index):698 UPDATE_1
16:16:03.778 (index):710 NODEACCESSREQUESTED_2
16:16:03.779 (index):680 NODEACCESSRELEASED_3
16:16:03.779 (index):698 UPDATE_4
16:16:03.780 (index):729 WAITING_5
16:16:03.782 (index):680 NODEACCESSRELEASED_0
16:16:03.783 (index):680 NODEACCESSRELEASED_1
16:16:03.783 (index):698 UPDATE_2
16:16:03.783 (index):710 NODEACCESSREQUESTED_3
16:16:03.784 (index):680 NODEACCESSRELEASED_4
16:16:03.784 (index):729 WAITING_5
16:16:03.787 (index):710 NODEACCESSREQUESTED_0
16:16:03.787 (index):710 NODEACCESSREQUESTED_1
16:16:03.787 (index):680 NODEACCESSRELEASED_2
16:16:03.788 (index):698 UPDATE_3
16:16:03.788 (index):710 NODEACCESSREQUESTED_4
16:16:03.789 (index):729 WAITING_5
16:16:03.791 (index):729 WAITING_0
16:16:03.792 (index):698 UPDATE_1
16:16:03.792 (index):710 NODEACCESSREQUESTED_2
16:16:03.793 (index):680 NODEACCESSRELEASED_3
16:16:03.793 (index):698 UPDATE_4
16:16:03.793 (index):729 WAITING_5
16:16:03.796 (index):729 WAITING_0
16:16:03.796 (index):680 NODEACCESSRELEASED_1
16:16:03.797 (index):729 WAITING_2
16:16:03.797 (index):710 NODEACCESSREQUESTED_3
16:16:03.798 (index):680 NODEACCESSRELEASED_4
16:16:03.798 (index):729 WAITING_5
16:16:03.800 (index):698 UPDATE_0
16:16:03.801 (index):710 NODEACCESSREQUESTED_1
16:16:03.801 (index):729 WAITING_2
16:16:03.802 (index):698 UPDATE_3
16:16:03.802 (index):710 NODEACCESSREQUESTED_4
16:16:03.803 (index):729 WAITING_5
16:16:03.805 (index):680 NODEACCESSRELEASED_0
16:16:03.805 (index):698 UPDATE_1
16:16:03.806 (index):698 UPDATE_2
16:16:03.806 (index):680 NODEACCESSRELEASED_3
16:16:03.807 (index):729 WAITING_4
16:16:03.807 (index):729 WAITING_5
16:16:03.809 (index):710 NODEACCESSREQUESTED_0
16:16:03.810 (index):680 NODEACCESSRELEASED_1
16:16:03.810 (index):680 NODEACCESSRELEASED_2
16:16:03.811 (index):710 NODEACCESSREQUESTED_3
16:16:03.811 (index):729 WAITING_4
16:16:03.812 (index):698 UPDATE_5
16:16:03.814 (index):729 WAITING_0
16:16:03.814 (index):710 NODEACCESSREQUESTED_1
16:16:03.815 (index):710 NODEACCESSREQUESTED_2
16:16:03.815 (index):729 WAITING_3
16:16:03.816 (index):729 WAITING_4
16:16:03.816 (index):680 NODEACCESSRELEASED_5
16:16:03.818 (index):729 WAITING_0
16:16:03.819 (index):729 WAITING_1
16:16:03.819 (index):729 WAITING_2
16:16:03.820 (index):729 WAITING_3
16:16:03.820 (index):698 UPDATE_4
16:16:03.821 (index):710 NODEACCESSREQUESTED_5
16:16:03.823 (index):729 WAITING_0
16:16:03.823 (index):729 WAITING_1
16:16:03.824 (index):729 WAITING_2
16:16:03.824 (index):729 WAITING_3
16:16:03.825 (index):680 NODEACCESSRELEASED_4
16:16:03.825 (index):698 UPDATE_5
16:16:03.827 (index):698 UPDATE_0
16:16:03.828 (index):698 UPDATE_1
16:16:03.828 (index):729 WAITING_2
16:16:03.829 (index):729 WAITING_3
16:16:03.829 (index):710 NODEACCESSREQUESTED_4
16:16:03.830 (index):680 NODEACCESSRELEASED_5
16:16:03.832 (index):680 NODEACCESSRELEASED_0
16:16:03.833 (index):680 NODEACCESSRELEASED_1
16:16:03.834 (index):729 WAITING_2
16:16:03.834 (index):698 UPDATE_3
16:16:03.835 (index):698 UPDATE_4
16:16:03.836 (index):710 NODEACCESSREQUESTED_5
16:16:03.839 (index):710 NODEACCESSREQUESTED_0
16:16:03.839 (index):710 NODEACCESSREQUESTED_1
16:16:03.841 (index):729 WAITING_2
16:16:03.842 (index):680 NODEACCESSRELEASED_3
16:16:03.843 (index):680 NODEACCESSRELEASED_4
16:16:03.844 (index):698 UPDATE_5
16:16:03.845 (index):698 UPDATE_0
16:16:03.846 (index):698 UPDATE_1
16:16:03.847 (index):698 UPDATE_2
16:16:03.848 (index):710 NODEACCESSREQUESTED_3
16:16:03.848 (index):710 NODEACCESSREQUESTED_4
16:16:03.849 (index):680 NODEACCESSRELEASED_5
16:16:03.850 (index):680 NODEACCESSRELEASED_0
16:16:03.851 (index):680 NODEACCESSRELEASED_1
16:16:03.852 (index):680 NODEACCESSRELEASED_2
16:16:03.852 (index):698 UPDATE_3
16:16:03.853 (index):698 UPDATE_4
16:16:03.854 (index):710 NODEACCESSREQUESTED_5
16:16:03.855 (index):710 NODEACCESSREQUESTED_0
16:16:03.856 (index):710 NODEACCESSREQUESTED_1
16:16:03.856 (index):710 NODEACCESSREQUESTED_2
16:16:03.857 (index):680 NODEACCESSRELEASED_3
16:16:03.858 (index):680 NODEACCESSRELEASED_4
16:16:03.859 (index):698 UPDATE_5
16:16:03.860 (index):729 WAITING_0
16:16:03.860 (index):698 UPDATE_1
16:16:03.861 (index):729 WAITING_2
16:16:03.862 (index):710 NODEACCESSREQUESTED_3
16:16:03.862 (index):710 NODEACCESSREQUESTED_4
16:16:03.864 (index):680 NODEACCESSRELEASED_5
16:16:03.864 (index):698 UPDATE_0
16:16:03.865 (index):680 NODEACCESSRELEASED_1
16:16:03.866 (index):729 WAITING_2
16:16:03.866 (index):729 WAITING_3
16:16:03.867 (index):698 UPDATE_4
16:16:03.868 (index):710 NODEACCESSREQUESTED_5
16:16:03.869 (index):680 NODEACCESSRELEASED_0
16:16:03.870 (index):710 NODEACCESSREQUESTED_1
16:16:03.870 (index):698 UPDATE_2
16:16:03.871 (index):729 WAITING_3
16:16:03.872 (index):680 NODEACCESSRELEASED_4
16:16:03.873 (index):698 UPDATE_5
16:16:03.874 (index):710 NODEACCESSREQUESTED_0
16:16:03.875 (index):729 WAITING_1
16:16:03.875 (index):680 NODEACCESSRELEASED_2
16:16:03.876 (index):698 UPDATE_3
16:16:03.877 (index):710 NODEACCESSREQUESTED_4
16:16:03.878 (index):680 NODEACCESSRELEASED_5
16:16:03.879 (index):698 UPDATE_0
16:16:03.879 (index):729 WAITING_1
16:16:03.880 (index):710 NODEACCESSREQUESTED_2
16:16:03.881 (index):680 NODEACCESSRELEASED_3
16:16:03.881 (index):729 WAITING_4
16:16:03.882 (index):710 NODEACCESSREQUESTED_5
16:16:03.883 (index):680 NODEACCESSRELEASED_0
16:16:03.884 (index):698 UPDATE_1
16:16:03.885 (index):698 UPDATE_2
16:16:03.885 (index):710 NODEACCESSREQUESTED_3
16:16:03.886 (index):729 WAITING_4
16:16:03.887 (index):729 WAITING_5
16:16:03.888 (index):710 NODEACCESSREQUESTED_0
16:16:03.889 (index):680 NODEACCESSRELEASED_1
16:16:03.889 (index):680 NODEACCESSRELEASED_2
16:16:03.890 (index):729 WAITING_3
16:16:03.891 (index):698 UPDATE_4
16:16:03.892 (index):698 UPDATE_5
16:16:03.893 (index):698 UPDATE_0
16:16:03.893 (index):710 NODEACCESSREQUESTED_1
16:16:03.894 (index):710 NODEACCESSREQUESTED_2
16:16:03.895 (index):729 WAITING_3
16:16:03.895 (index):680 NODEACCESSRELEASED_4
16:16:03.897 (index):680 NODEACCESSRELEASED_5
16:16:03.897 (index):680 NODEACCESSRELEASED_0
16:16:03.898 (index):698 UPDATE_1
16:16:03.899 (index):729 WAITING_2
16:16:03.899 (index):698 UPDATE_3
16:16:03.900 (index):710 NODEACCESSREQUESTED_4
16:16:03.901 (index):710 NODEACCESSREQUESTED_5
16:16:03.902 (index):710 NODEACCESSREQUESTED_0
16:16:03.903 (index):680 NODEACCESSRELEASED_1
16:16:03.903 (index):729 WAITING_2
16:16:03.904 (index):680 NODEACCESSRELEASED_3
16:16:03.905 (index):698 UPDATE_4
16:16:03.906 (index):698 UPDATE_5
16:16:03.907 (index):698 UPDATE_0
16:16:03.907 (index):710 NODEACCESSREQUESTED_1
16:16:03.908 (index):729 WAITING_2
16:16:03.909 (index):710 NODEACCESSREQUESTED_3
16:16:03.910 (index):680 NODEACCESSRELEASED_4
16:16:03.911 (index):680 NODEACCESSRELEASED_5
16:16:03.912 (index):680 NODEACCESSRELEASED_0
16:16:03.912 (index):698 UPDATE_1
16:16:03.913 (index):729 WAITING_2
16:16:03.914 (index):698 UPDATE_3
16:16:03.914 (index):710 NODEACCESSREQUESTED_4
16:16:03.916 (index):710 NODEACCESSREQUESTED_5
16:16:03.916 (index):710 NODEACCESSREQUESTED_0
16:16:03.917 (index):740 END_1
16:16:03.918 (index):729 WAITING_2
16:16:03.918 (index):680 NODEACCESSRELEASED_3
16:16:03.919 (index):729 WAITING_4
16:16:03.920 (index):729 WAITING_5
16:16:03.921 (index):698 UPDATE_0
16:16:03.922 (index):729 WAITING_2
16:16:03.923 (index):710 NODEACCESSREQUESTED_3
16:16:03.924 (index):729 WAITING_4
16:16:03.925 (index):729 WAITING_5
16:16:03.926 (index):740 END_0
16:16:03.927 (index):729 WAITING_2
16:16:03.928 (index):698 UPDATE_3
16:16:03.928 (index):698 UPDATE_4
16:16:03.930 (index):729 WAITING_5
16:16:03.932 (index):729 WAITING_2
16:16:03.932 (index):740 END_3
16:16:03.933 (index):740 END_4
16:16:03.934 (index):729 WAITING_5
16:16:03.937 (index):698 UPDATE_2
16:16:03.939 (index):729 WAITING_5
16:16:03.941 (index):680 NODEACCESSRELEASED_2
16:16:03.944 (index):698 UPDATE_5
16:16:03.946 (index):710 NODEACCESSREQUESTED_2
16:16:03.949 (index):680 NODEACCESSRELEASED_5
16:16:03.951 (index):698 UPDATE_2
16:16:03.953 (index):710 NODEACCESSREQUESTED_5
16:16:03.956 (index):680 NODEACCESSRELEASED_2
16:16:03.958 (index):698 UPDATE_5
16:16:03.960 (index):710 NODEACCESSREQUESTED_2
16:16:03.963 (index):680 NODEACCESSRELEASED_5
16:16:03.965 (index):698 UPDATE_2
16:16:03.968 (index):710 NODEACCESSREQUESTED_5
16:16:03.970 (index):680 NODEACCESSRELEASED_2
16:16:03.972 (index):698 UPDATE_5
16:16:03.975 (index):710 NODEACCESSREQUESTED_2
16:16:03.977 (index):680 NODEACCESSRELEASED_5
16:16:03.979 (index):698 UPDATE_2
16:16:03.982 (index):710 NODEACCESSREQUESTED_5
16:16:03.984 (index):740 END_2
16:16:03.987 (index):698 UPDATE_5
16:16:03.992 (index):740 END_5
