16:16:03.437 (index):812 Tasks: 25; Collaborators: 5    =========================>
16:16:03.438 (index):710 NODEACCESSREQUESTED_0
16:16:03.438 (index):710 NODEACCESSREQUESTED_1
16:16:03.439 (index):710 NODEACCESSREQUESTED_2
16:16:03.439 (index):710 NODEACCESSREQUESTED_3
16:16:03.440 (index):710 NODEACCESSREQUESTED_4
16:16:03.442 (index):680 NODEACCESSRELEASED_0
16:16:03.443 (index):680 NODEACCESSRELEASED_1
16:16:03.443 (index):680 NODEACCESSRELEASED_2
16:16:03.444 (index):680 NODEACCESSRELEASED_3
16:16:03.444 (index):680 NODEACCESSRELEASED_4
16:16:03.447 (index):710 NODEACCESSREQUESTED_0
16:16:03.447 (index):710 NODEACCESSREQUESTED_1
16:16:03.448 (index):710 NODEACCESSREQUESTED_2
16:16:03.448 (index):710 NODEACCESSREQUESTED_3
16:16:03.449 (index):710 NODEACCESSREQUESTED_4
16:16:03.452 (index):698 UPDATE_0
16:16:03.452 (index):698 UPDATE_1
16:16:03.453 (index):729 WAITING_2
16:16:03.453 (index):729 WAITING_3
16:16:03.454 (index):698 UPDATE_4
16:16:03.456 (index):680 NODEACCESSRELEASED_0
16:16:03.457 (index):680 NODEACCESSRELEASED_1
16:16:03.457 (index):698 UPDATE_2
16:16:03.458 (index):698 UPDATE_3
16:16:03.458 (index):680 NODEACCESSRELEASED_4
16:16:03.461 (index):710 NODEACCESSREQUESTED_0
16:16:03.461 (index):710 NODEACCESSREQUESTED_1
16:16:03.462 (index):680 NODEACCESSRELEASED_2
16:16:03.462 (index):680 NODEACCESSRELEASED_3
16:16:03.463 (index):710 NODEACCESSREQUESTED_4
16:16:03.465 (index):698 UPDATE_0
16:16:03.466 (index):698 UPDATE_1
16:16:03.466 (index):710 NODEACCESSREQUESTED_2
16:16:03.467 (index):710 NODEACCESSREQUESTED_3
16:16:03.467 (index):698 UPDATE_4
16:16:03.470 (index):680 NODEACCESSRELEASED_0
16:16:03.470 (index):680 NODEACCESSRELEASED_1
16:16:03.471 (index):698 UPDATE_2
16:16:03.471 (index):729 WAITING_3
16:16:03.472 (index):680 NODEACCESSRELEASED_4
16:16:03.474 (index):710 NODEACCESSREQUESTED_0
16:16:03.475 (index):710 NODEACCESSREQUESTED_1
16:16:03.475 (index):680 NODEACCESSRELEASED_2
16:16:03.476 (index):698 UPDATE_3
16:16:03.476 (index):710 NODEACCESSREQUESTED_4
16:16:03.479 (index):698 UPDATE_0
16:16:03.480 (index):729 WAITING_1
16:16:03.480 (index):710 NODEACCESSREQUESTED_2
16:16:03.481 (index):680 NODEACCESSRELEASED_3
16:16:03.481 (index):729 WAITING_4
16:16:03.484 (index):680 NODEACCESSRELEASED_0
16:16:03.484 (index):698 UPDATE_1
16:16:03.485 (index):698 UPDATE_2
16:16:03.485 (index):710 NODEACCESSREQUESTED_3
16:16:03.486 (index):729 WAITING_4
16:16:03.488 (index):710 NODEACCESSREQUESTED_0
16:16:03.489 (index):680 NODEACCESSRELEASED_1
16:16:03.489 (index):680 NODEACCESSRELEASED_2
16:16:03.490 (index):698 UPDATE_3
16:16:03.490 (index):729 WAITING_4
16:16:03.493 (index):698 UPDATE_0
16:16:03.493 (index):710 NODEACCESSREQUESTED_1
16:16:03.494 (index):710 NODEACCESSREQUESTED_2
16:16:03.494 (index):680 NODEACCESSRELEASED_3
16:16:03.495 (index):729 WAITING_4
16:16:03.497 (index):680 NODEACCESSRELEASED_0
16:16:03.498 (index):698 UPDATE_1
16:16:03.498 (index):698 UPDATE_2
16:16:03.499 (index):710 NODEACCESSREQUESTED_3
16:16:03.499 (index):729 WAITING_4
16:16:03.502 (index):710 NODEACCESSREQUESTED_0
16:16:03.502 (index):680 NODEACCESSRELEASED_1
16:16:03.503 (index):680 NODEACCESSRELEASED_2
16:16:03.503 (index):698 UPDATE_3
16:16:03.504 (index):729 WAITING_4
16:16:03.506 (index):698 UPDATE_0
16:16:03.507 (index):710 NODEACCESSREQUESTED_1
16:16:03.507 (index):710 NODEACCESSREQUESTED_2
16:16:03.508 (index):680 NODEACCESSRELEASED_3
16:16:03.508 (index):729 WAITING_4
16:16:03.511 (index):680 NODEACCESSRELEASED_0
16:16:03.511 (index):698 UPDATE_1
16:16:03.512 (index):698 UPDATE_2
16:16:03.512 (index):710 NODEACCESSREQUESTED_3
16:16:03.513 (index):729 WAITING_4
16:16:03.515 (index):710 NODEACCESSREQUESTED_0
16:16:03.516 (index):680 NODEACCESSRELEASED_1
16:16:03.516 (index):680 NODEACCESSRELEASED_2
16:16:03.517 (index):698 UPDATE_3
16:16:03.517 (index):729 WAITING_4
16:16:03.520 (index):698 UPDATE_0
16:16:03.521 (index):710 NODEACCESSREQUESTED_1
16:16:03.521 (index):710 NODEACCESSREQUESTED_2
16:16:03.521 (index):680 NODEACCESSRELEASED_3
16:16:03.522 (index):729 WAITING_4
16:16:03.525 (index):680 NODEACCESSRELEASED_0
16:16:03.525 (index):698 UPDATE_1
16:16:03.526 (index):698 UPDATE_2
16:16:03.526 (index):710 NODEACCESSREQUESTED_3
16:16:03.526 (index):729 WAITING_4
16:16:03.529 (index):710 NODEACCESSREQUESTED_0
16:16:03.530 (index):680 NODEACCESSRELEASED_1
16:16:03.530 (index):680 NODEACCESSRELEASED_2
16:16:03.530 (index):698 UPDATE_3
16:16:03.531 (index):729 WAITING_4
16:16:03.534 (index):729 WAITING_0
16:16:03.534 (index):710 NODEACCESSREQUESTED_1
16:16:03.535 (index):710 NODEACCESSREQUESTED_2
16:16:03.535 (index):680 NODEACCESSRELEASED_3
16:16:03.536 (index):729 WAITING_4
16:16:03.538 (index):729 WAITING_0
16:16:03.539 (index):698 UPDATE_1
16:16:03.539 (index):698 UPDATE_2
16:16:03.540 (index):710 NODEACCESSREQUESTED_3
16:16:03.540 (index):729 WAITING_4
16:16:03.543 (index):729 WAITING_0
16:16:03.543 (index):680 NODEACCESSRELEASED_1
16:16:03.544 (index):680 NODEACCESSRELEASED_2
16:16:03.544 (index):729 WAITING_3
16:16:03.545 (index):698 UPDATE_4
16:16:03.547 (index):729 WAITING_0
16:16:03.548 (index):710 NODEACCESSREQUESTED_1
16:16:03.548 (index):710 NODEACCESSREQUESTED_2
16:16:03.549 (index):729 WAITING_3
16:16:03.549 (index):680 NODEACCESSRELEASED_4
16:16:03.552 (index):698 UPDATE_0
16:16:03.552 (index):729 WAITING_1
16:16:03.553 (index):729 WAITING_2
16:16:03.553 (index):729 WAITING_3
16:16:03.554 (index):710 NODEACCESSREQUESTED_4
16:16:03.556 (index):680 NODEACCESSRELEASED_0
16:16:03.557 (index):729 WAITING_1
16:16:03.557 (index):698 UPDATE_2
16:16:03.558 (index):698 UPDATE_3
16:16:03.558 (index):729 WAITING_4
16:16:03.561 (index):710 NODEACCESSREQUESTED_0
16:16:03.561 (index):729 WAITING_1
16:16:03.562 (index):680 NODEACCESSRELEASED_2
16:16:03.562 (index):680 NODEACCESSRELEASED_3
16:16:03.563 (index):729 WAITING_4
16:16:03.565 (index):698 UPDATE_0
16:16:03.566 (index):698 UPDATE_1
16:16:03.566 (index):710 NODEACCESSREQUESTED_2
16:16:03.567 (index):710 NODEACCESSREQUESTED_3
16:16:03.567 (index):729 WAITING_4
16:16:03.570 (index):680 NODEACCESSRELEASED_0
16:16:03.570 (index):680 NODEACCESSRELEASED_1
16:16:03.571 (index):698 UPDATE_2
16:16:03.571 (index):698 UPDATE_3
16:16:03.572 (index):698 UPDATE_4
16:16:03.574 (index):710 NODEACCESSREQUESTED_0
16:16:03.575 (index):710 NODEACCESSREQUESTED_1
16:16:03.575 (index):680 NODEACCESSRELEASED_2
16:16:03.576 (index):680 NODEACCESSRELEASED_3
16:16:03.576 (index):680 NODEACCESSRELEASED_4
16:16:03.579 (index):698 UPDATE_0
16:16:03.579 (index):698 UPDATE_1
16:16:03.580 (index):710 NODEACCESSREQUESTED_2
16:16:03.580 (index):710 NODEACCESSREQUESTED_3
16:16:03.581 (index):710 NODEACCESSREQUESTED_4
16:16:03.583 (index):680 NODEACCESSRELEASED_0
16:16:03.584 (index):680 NODEACCESSRELEASED_1
16:16:03.584 (index):698 UPDATE_2
16:16:03.585 (index):698 UPDATE_3
16:16:03.585 (index):729 WAITING_4
16:16:03.588 (index):710 NODEACCESSREQUESTED_0
16:16:03.588 (index):710 NODEACCESSREQUESTED_1
16:16:03.589 (index):680 NODEACCESSRELEASED_2
16:16:03.589 (index):680 NODEACCESSRELEASED_3
16:16:03.590 (index):698 UPDATE_4
16:16:03.593 (index):698 UPDATE_0
16:16:03.593 (index):698 UPDATE_1
16:16:03.593 (index):710 NODEACCESSREQUESTED_2
16:16:03.594 (index):710 NODEACCESSREQUESTED_3
16:16:03.595 (index):680 NODEACCESSRELEASED_4
16:16:03.597 (index):680 NODEACCESSRELEASED_0
16:16:03.597 (index):680 NODEACCESSRELEASED_1
16:16:03.598 (index):698 UPDATE_2
16:16:03.599 (index):698 UPDATE_3
16:16:03.599 (index):710 NODEACCESSREQUESTED_4
16:16:03.602 (index):710 NODEACCESSREQUESTED_0
16:16:03.602 (index):710 NODEACCESSREQUESTED_1
16:16:03.602 (index):680 NODEACCESSRELEASED_2
16:16:03.603 (index):680 NODEACCESSRELEASED_3
16:16:03.603 (index):698 UPDATE_4
16:16:03.606 (index):698 UPDATE_0
16:16:03.607 (index):698 UPDATE_1
16:16:03.607 (index):710 NODEACCESSREQUESTED_2
16:16:03.608 (index):710 NODEACCESSREQUESTED_3
16:16:03.608 (index):680 NODEACCESSRELEASED_4
16:16:03.611 (index):680 NODEACCESSRELEASED_0
16:16:03.611 (index):680 NODEACCESSRELEASED_1
16:16:03.611 (index):698 UPDATE_2
16:16:03.612 (index):698 UPDATE_3
16:16:03.612 (index):710 NODEACCESSREQUESTED_4
16:16:03.615 (index):710 NODEACCESSREQUESTED_0
16:16:03.616 (index):710 NODEACCESSREQUESTED_1
16:16:03.616 (index):680 NODEACCESSRELEASED_2
16:16:03.616 (index):680 NODEACCESSRELEASED_3
16:16:03.617 (index):698 UPDATE_4
16:16:03.620 (index):729 WAITING_0
16:16:03.620 (index):698 UPDATE_1
16:16:03.620 (index):710 NODEACCESSREQUESTED_2
16:16:03.621 (index):710 NODEACCESSREQUESTED_3
16:16:03.621 (index):680 NODEACCESSRELEASED_4
16:16:03.624 (index):698 UPDATE_0
16:16:03.625 (index):680 NODEACCESSRELEASED_1
16:16:03.626 (index):698 UPDATE_2
16:16:03.626 (index):698 UPDATE_3
16:16:03.627 (index):710 NODEACCESSREQUESTED_4
16:16:03.629 (index):680 NODEACCESSRELEASED_0
16:16:03.630 (index):710 NODEACCESSREQUESTED_1
16:16:03.630 (index):740 END_2
16:16:03.631 (index):680 NODEACCESSRELEASED_3
16:16:03.631 (index):698 UPDATE_4
16:16:03.634 (index):710 NODEACCESSREQUESTED_0
16:16:03.634 (index):698 UPDATE_1
16:16:03.635 (index):710 NODEACCESSREQUESTED_3
16:16:03.636 (index):680 NODEACCESSRELEASED_4
16:16:03.638 (index):698 UPDATE_0
16:16:03.639 (index):740 END_1
16:16:03.640 (index):698 UPDATE_3
16:16:03.640 (index):710 NODEACCESSREQUESTED_4
16:16:03.643 (index):740 END_0
16:16:03.644 (index):740 END_3
16:16:03.645 (index):698 UPDATE_4
16:16:03.649 (index):680 NODEACCESSRELEASED_4
16:16:03.654 (index):710 NODEACCESSREQUESTED_4
16:16:03.658 (index):698 UPDATE_4
16:16:03.663 (index):680 NODEACCESSRELEASED_4
16:16:03.668 (index):710 NODEACCESSREQUESTED_4
16:16:03.672 (index):698 UPDATE_4
16:16:03.677 (index):680 NODEACCESSRELEASED_4
16:16:03.681 (index):710 NODEACCESSREQUESTED_4
16:16:03.686 (index):698 UPDATE_4
16:16:03.690 (index):680 NODEACCESSRELEASED_4
16:16:03.695 (index):710 NODEACCESSREQUESTED_4
16:16:03.700 (index):698 UPDATE_4
16:16:03.704 (index):740 END_4
