16:16:05.421 (index):897 Tasks: 25; Collaborators: 10    =========================>
16:16:05.422 (index):710 NODEACCESSREQUESTED_0
16:16:05.422 (index):710 NODEACCESSREQUESTED_1
16:16:05.422 (index):710 NODEACCESSREQUESTED_2
16:16:05.423 (index):710 NODEACCESSREQUESTED_3
16:16:05.423 (index):710 NODEACCESSREQUESTED_4
16:16:05.424 (index):710 NODEACCESSREQUESTED_5
16:16:05.424 (index):710 NODEACCESSREQUESTED_6
16:16:05.425 (index):710 NODEACCESSREQUESTED_7
16:16:05.425 (index):710 NODEACCESSREQUESTED_8
16:16:05.426 (index):710 NODEACCESSREQUESTED_9
16:16:05.427 (index):680 NODEACCESSRELEASED_0
16:16:05.427 (index):680 NODEACCESSRELEASED_1
16:16:05.428 (index):680 NODEACCESSRELEASED_2
16:16:05.429 (index):729 WAITING_3
16:16:05.429 (index):680 NODEACCESSRELEASED_4
16:16:05.430 (index):680 NODEACCESSRELEASED_5
16:16:05.430 (index):680 NODEACCESSRELEASED_6
16:16:05.431 (index):680 NODEACCESSRELEASED_7
16:16:05.431 (index):680 NODEACCESSRELEASED_8
16:16:05.432 (index):680 NODEACCESSRELEASED_9
16:16:05.432 (index):710 NODEACCESSREQUESTED_0
16:16:05.432 (index):710 NODEACCESSREQUESTED_1
16:16:05.433 (index):710 NODEACCESSREQUESTED_2
16:16:05.433 (index):680 NODEACCESSRELEASED_3
16:16:05.434 (index):710 NODEACCESSREQUESTED_4
16:16:05.434 (index):710 NODEACCESSREQUESTED_5
16:16:05.435 (index):710 NODEACCESSREQUESTED_6
16:16:05.435 (index):710 NODEACCESSREQUESTED_7
16:16:05.436 (index):710 NODEACCESSREQUESTED_8
16:16:05.436 (index):710 NODEACCESSREQUESTED_9
16:16:05.437 (index):698 UPDATE_0
16:16:05.437 (index):698 UPDATE_1
16:16:05.437 (index):698 UPDATE_2
16:16:05.438 (index):710 NODEACCESSREQUESTED_3
16:16:05.438 (index):698 UPDATE_4
16:16:05.439 (index):729 WAITING_5
16:16:05.439 (index):698 UPDATE_6
16:16:05.440 (index):729 WAITING_7
16:16:05.440 (index):729 WAITING_8
16:16:05.441 (index):698 UPDATE_9
16:16:05.441 (index):680 NODEACCESSRELEASED_0
16:16:05.441 (index):680 NODEACCESSRELEASED_1
16:16:05.442 (index):680 NODEACCESSRELEASED_2
16:16:05.443 (index):698 UPDATE_3
16:16:05.443 (index):680 NODEACCESSRELEASED_4
16:16:05.444 (index):729 WAITING_5
16:16:05.444 (index):680 NODEACCESSRELEASED_6
16:16:05.444 (index):698 UPDATE_7
16:16:05.445 (index):698 UPDATE_8
16:16:05.445 (index):680 NODEACCESSRELEASED_9
16:16:05.446 (index):710 NODEACCESSREQUESTED_0
16:16:05.446 (index):710 NODEACCESSREQUESTED_1
16:16:05.447 (index):710 NODEACCESSREQUESTED_2
16:16:05.447 (index):680 NODEACCESSRELEASED_3
16:16:05.448 (index):710 NODEACCESSREQUESTED_4
16:16:05.448 (index):729 WAITING_5
16:16:05.448 (index):710 NODEACCESSREQUESTED_6
16:16:05.449 (index):680 NODEACCESSRELEASED_7
16:16:05.449 (index):680 NODEACCESSRELEASED_8
16:16:05.450 (index):710 NODEACCESSREQUESTED_9
16:16:05.450 (index):698 UPDATE_0
16:16:05.451 (index):729 WAITING_1
16:16:05.451 (index):729 WAITING_2
16:16:05.451 (index):710 NODEACCESSREQUESTED_3
16:16:05.452 (index):698 UPDATE_4
16:16:05.452 (index):729 WAITING_5
16:16:05.453 (index):698 UPDATE_6
16:16:05.453 (index):710 NODEACCESSREQUESTED_7
16:16:05.454 (index):710 NODEACCESSREQUESTED_8
16:16:05.454 (index):729 WAITING_9
16:16:05.455 (index):680 NODEACCESSRELEASED_0
16:16:05.455 (index):698 UPDATE_1
16:16:05.456 (index):729 WAITING_2
16:16:05.456 (index):698 UPDATE_3
16:16:05.457 (index):680 NODEACCESSRELEASED_4
16:16:05.457 (index):729 WAITING_5
16:16:05.457 (index):680 NODEACCESSRELEASED_6
16:16:05.458 (index):698 UPDATE_7
16:16:05.458 (index):698 UPDATE_8
16:16:05.459 (index):729 WAITING_9
16:16:05.459 (index):710 NODEACCESSREQUESTED_0
16:16:05.460 (index):680 NODEACCESSRELEASED_1
16:16:05.460 (index):729 WAITING_2
16:16:05.461 (index):680 NODEACCESSRELEASED_3
16:16:05.461 (index):710 NODEACCESSREQUESTED_4
16:16:05.461 (index):729 WAITING_5
16:16:05.462 (index):710 NODEACCESSREQUESTED_6
16:16:05.462 (index):680 NODEACCESSRELEASED_7
16:16:05.463 (index):680 NODEACCESSRELEASED_8
16:16:05.463 (index):698 UPDATE_9
16:16:05.464 (index):698 UPDATE_0
16:16:05.464 (index):710 NODEACCESSREQUESTED_1
16:16:05.465 (index):698 UPDATE_2
16:16:05.465 (index):710 NODEACCESSREQUESTED_3
16:16:05.466 (index):729 WAITING_4
16:16:05.466 (index):729 WAITING_5
16:16:05.466 (index):729 WAITING_6
16:16:05.467 (index):710 NODEACCESSREQUESTED_7
16:16:05.467 (index):710 NODEACCESSREQUESTED_8
16:16:05.468 (index):680 NODEACCESSRELEASED_9
16:16:05.468 (index):680 NODEACCESSRELEASED_0
16:16:05.469 (index):698 UPDATE_1
16:16:05.469 (index):680 NODEACCESSRELEASED_2
16:16:05.470 (index):729 WAITING_3
16:16:05.470 (index):698 UPDATE_4
16:16:05.470 (index):729 WAITING_5
16:16:05.471 (index):729 WAITING_6
16:16:05.471 (index):729 WAITING_7
16:16:05.472 (index):698 UPDATE_8
16:16:05.472 (index):710 NODEACCESSREQUESTED_9
16:16:05.473 (index):710 NODEACCESSREQUESTED_0
16:16:05.473 (index):680 NODEACCESSRELEASED_1
16:16:05.474 (index):710 NODEACCESSREQUESTED_2
16:16:05.474 (index):698 UPDATE_3
16:16:05.475 (index):680 NODEACCESSRELEASED_4
16:16:05.475 (index):729 WAITING_5
16:16:05.475 (index):729 WAITING_6
16:16:05.476 (index):698 UPDATE_7
16:16:05.476 (index):680 NODEACCESSRELEASED_8
16:16:05.477 (index):698 UPDATE_9
16:16:05.477 (index):729 WAITING_0
16:16:05.478 (index):710 NODEACCESSREQUESTED_1
16:16:05.478 (index):698 UPDATE_2
16:16:05.479 (index):680 NODEACCESSRELEASED_3
16:16:05.479 (index):710 NODEACCESSREQUESTED_4
16:16:05.480 (index):729 WAITING_5
16:16:05.480 (index):729 WAITING_6
16:16:05.480 (index):680 NODEACCESSRELEASED_7
16:16:05.481 (index):710 NODEACCESSREQUESTED_8
16:16:05.481 (index):680 NODEACCESSRELEASED_9
16:16:05.482 (index):698 UPDATE_0
16:16:05.482 (index):698 UPDATE_1
16:16:05.483 (index):680 NODEACCESSRELEASED_2
16:16:05.483 (index):710 NODEACCESSREQUESTED_3
16:16:05.484 (index):729 WAITING_4
16:16:05.484 (index):729 WAITING_5
16:16:05.485 (index):729 WAITING_6
16:16:05.485 (index):710 NODEACCESSREQUESTED_7
16:16:05.485 (index):729 WAITING_8
16:16:05.486 (index):710 NODEACCESSREQUESTED_9
16:16:05.486 (index):680 NODEACCESSRELEASED_0
16:16:05.487 (index):680 NODEACCESSRELEASED_1
16:16:05.487 (index):710 NODEACCESSREQUESTED_2
16:16:05.488 (index):698 UPDATE_3
16:16:05.488 (index):698 UPDATE_4
16:16:05.489 (index):729 WAITING_5
16:16:05.489 (index):729 WAITING_6
16:16:05.490 (index):698 UPDATE_7
16:16:05.490 (index):729 WAITING_8
16:16:05.491 (index):729 WAITING_9
16:16:05.491 (index):710 NODEACCESSREQUESTED_0
16:16:05.491 (index):710 NODEACCESSREQUESTED_1
16:16:05.492 (index):698 UPDATE_2
16:16:05.492 (index):680 NODEACCESSRELEASED_3
16:16:05.493 (index):680 NODEACCESSRELEASED_4
16:16:05.493 (index):729 WAITING_5
16:16:05.494 (index):729 WAITING_6
16:16:05.494 (index):680 NODEACCESSRELEASED_7
16:16:05.495 (index):698 UPDATE_8
16:16:05.495 (index):698 UPDATE_9
16:16:05.495 (index):729 WAITING_0
16:16:05.496 (index):698 UPDATE_1
16:16:05.496 (index):680 NODEACCESSRELEASED_2
16:16:05.497 (index):710 NODEACCESSREQUESTED_3
16:16:05.497 (index):710 NODEACCESSREQUESTED_4
16:16:05.498 (index):729 WAITING_5
16:16:05.498 (index):729 WAITING_6
16:16:05.499 (index):710 NODEACCESSREQUESTED_7
16:16:05.499 (index):680 NODEACCESSRELEASED_8
16:16:05.500 (index):680 NODEACCESSRELEASED_9
16:16:05.500 (index):729 WAITING_0
16:16:05.501 (index):680 NODEACCESSRELEASED_1
16:16:05.501 (index):710 NODEACCESSREQUESTED_2
16:16:05.501 (index):698 UPDATE_3
16:16:05.502 (index):698 UPDATE_4
16:16:05.502 (index):729 WAITING_5
16:16:05.503 (index):729 WAITING_6
16:16:05.503 (index):729 WAITING_7
16:16:05.504 (index):710 NODEACCESSREQUESTED_8
16:16:05.504 (index):710 NODEACCESSREQUESTED_9
16:16:05.505 (index):698 UPDATE_0
16:16:05.505 (index):710 NODEACCESSREQUESTED_1
16:16:05.505 (index):729 WAITING_2
16:16:05.506 (index):680 NODEACCESSRELEASED_3
16:16:05.506 (index):680 NODEACCESSRELEASED_4
16:16:05.507 (index):729 WAITING_5
16:16:05.507 (index):729 WAITING_6
16:16:05.508 (index):698 UPDATE_7
16:16:05.508 (index):729 WAITING_8
16:16:05.509 (index):729 WAITING_9
16:16:05.509 (index):680 NODEACCESSRELEASED_0
16:16:05.510 (index):698 UPDATE_1
16:16:05.510 (index):729 WAITING_2
16:16:05.510 (index):710 NODEACCESSREQUESTED_3
16:16:05.511 (index):710 NODEACCESSREQUESTED_4
16:16:05.511 (index):698 UPDATE_5
16:16:05.512 (index):729 WAITING_6
16:16:05.512 (index):680 NODEACCESSRELEASED_7
16:16:05.513 (index):729 WAITING_8
16:16:05.513 (index):729 WAITING_9
16:16:05.514 (index):710 NODEACCESSREQUESTED_0
16:16:05.514 (index):680 NODEACCESSRELEASED_1
16:16:05.515 (index):698 UPDATE_2
16:16:05.515 (index):729 WAITING_3
16:16:05.515 (index):698 UPDATE_4
16:16:05.516 (index):680 NODEACCESSRELEASED_5
16:16:05.516 (index):729 WAITING_6
16:16:05.517 (index):710 NODEACCESSREQUESTED_7
16:16:05.517 (index):698 UPDATE_8
16:16:05.518 (index):729 WAITING_9
16:16:05.518 (index):698 UPDATE_0
16:16:05.519 (index):710 NODEACCESSREQUESTED_1
16:16:05.519 (index):680 NODEACCESSRELEASED_2
16:16:05.519 (index):729 WAITING_3
16:16:05.520 (index):680 NODEACCESSRELEASED_4
16:16:05.520 (index):710 NODEACCESSREQUESTED_5
16:16:05.521 (index):729 WAITING_6
16:16:05.521 (index):698 UPDATE_7
16:16:05.522 (index):680 NODEACCESSRELEASED_8
16:16:05.522 (index):729 WAITING_9
16:16:05.523 (index):680 NODEACCESSRELEASED_0
16:16:05.523 (index):698 UPDATE_1
16:16:05.524 (index):710 NODEACCESSREQUESTED_2
16:16:05.524 (index):729 WAITING_3
16:16:05.524 (index):710 NODEACCESSREQUESTED_4
16:16:05.525 (index):729 WAITING_5
16:16:05.525 (index):729 WAITING_6
16:16:05.526 (index):680 NODEACCESSRELEASED_7
16:16:05.526 (index):710 NODEACCESSREQUESTED_8
16:16:05.527 (index):729 WAITING_9
16:16:05.527 (index):710 NODEACCESSREQUESTED_0
16:16:05.528 (index):680 NODEACCESSRELEASED_1
16:16:05.528 (index):698 UPDATE_2
16:16:05.528 (index):729 WAITING_3
16:16:05.529 (index):698 UPDATE_4
16:16:05.529 (index):729 WAITING_5
16:16:05.530 (index):729 WAITING_6
16:16:05.530 (index):710 NODEACCESSREQUESTED_7
16:16:05.531 (index):698 UPDATE_8
16:16:05.531 (index):729 WAITING_9
16:16:05.532 (index):698 UPDATE_0
16:16:05.532 (index):710 NODEACCESSREQUESTED_1
16:16:05.533 (index):680 NODEACCESSRELEASED_2
16:16:05.533 (index):729 WAITING_3
16:16:05.534 (index):680 NODEACCESSRELEASED_4
16:16:05.534 (index):729 WAITING_5
16:16:05.534 (index):729 WAITING_6
16:16:05.535 (index):729 WAITING_7
16:16:05.535 (index):680 NODEACCESSRELEASED_8
16:16:05.536 (index):729 WAITING_9
16:16:05.536 (index):680 NODEACCESSRELEASED_0
16:16:05.537 (index):698 UPDATE_1
16:16:05.537 (index):710 NODEACCESSREQUESTED_2
16:16:05.538 (index):729 WAITING_3
16:16:05.538 (index):710 NODEACCESSREQUESTED_4
16:16:05.539 (index):729 WAITING_5
16:16:05.539 (index):729 WAITING_6
16:16:05.540 (index):698 UPDATE_7
16:16:05.540 (index):710 NODEACCESSREQUESTED_8
16:16:05.540 (index):729 WAITING_9
16:16:05.541 (index):710 NODEACCESSREQUESTED_0
16:16:05.541 (index):680 NODEACCESSRELEASED_1
16:16:05.542 (index):698 UPDATE_2
16:16:05.542 (index):729 WAITING_3
16:16:05.543 (index):698 UPDATE_4
16:16:05.543 (index):729 WAITING_5
16:16:05.544 (index):729 WAITING_6
16:16:05.544 (index):680 NODEACCESSRELEASED_7
16:16:05.545 (index):698 UPDATE_8
16:16:05.545 (index):729 WAITING_9
16:16:05.545 (index):729 WAITING_0
16:16:05.546 (index):710 NODEACCESSREQUESTED_1
16:16:05.546 (index):680 NODEACCESSRELEASED_2
16:16:05.547 (index):729 WAITING_3
16:16:05.547 (index):680 NODEACCESSRELEASED_4
16:16:05.548 (index):698 UPDATE_5
16:16:05.548 (index):729 WAITING_6
16:16:05.549 (index):710 NODEACCESSREQUESTED_7
16:16:05.549 (index):680 NODEACCESSRELEASED_8
16:16:05.549 (index):729 WAITING_9
16:16:05.550 (index):698 UPDATE_0
16:16:05.550 (index):698 UPDATE_1
16:16:05.551 (index):710 NODEACCESSREQUESTED_2
16:16:05.551 (index):729 WAITING_3
16:16:05.552 (index):710 NODEACCESSREQUESTED_4
16:16:05.552 (index):680 NODEACCESSRELEASED_5
16:16:05.553 (index):729 WAITING_6
16:16:05.553 (index):698 UPDATE_7
16:16:05.553 (index):710 NODEACCESSREQUESTED_8
16:16:05.554 (index):729 WAITING_9
16:16:05.554 (index):680 NODEACCESSRELEASED_0
16:16:05.555 (index):680 NODEACCESSRELEASED_1
16:16:05.555 (index):729 WAITING_2
16:16:05.556 (index):729 WAITING_3
16:16:05.556 (index):698 UPDATE_4
16:16:05.557 (index):710 NODEACCESSREQUESTED_5
16:16:05.557 (index):729 WAITING_6
16:16:05.558 (index):680 NODEACCESSRELEASED_7
16:16:05.558 (index):698 UPDATE_8
16:16:05.558 (index):729 WAITING_9
16:16:05.559 (index):710 NODEACCESSREQUESTED_0
16:16:05.559 (index):710 NODEACCESSREQUESTED_1
16:16:05.560 (index):698 UPDATE_2
16:16:05.560 (index):729 WAITING_3
16:16:05.561 (index):680 NODEACCESSRELEASED_4
16:16:05.561 (index):729 WAITING_5
16:16:05.562 (index):729 WAITING_6
16:16:05.562 (index):710 NODEACCESSREQUESTED_7
16:16:05.563 (index):680 NODEACCESSRELEASED_8
16:16:05.563 (index):729 WAITING_9
16:16:05.563 (index):698 UPDATE_0
16:16:05.564 (index):698 UPDATE_1
16:16:05.564 (index):680 NODEACCESSRELEASED_2
16:16:05.565 (index):729 WAITING_3
16:16:05.565 (index):710 NODEACCESSREQUESTED_4
16:16:05.566 (index):698 UPDATE_5
16:16:05.566 (index):729 WAITING_6
16:16:05.567 (index):698 UPDATE_7
16:16:05.567 (index):710 NODEACCESSREQUESTED_8
16:16:05.567 (index):729 WAITING_9
16:16:05.568 (index):680 NODEACCESSRELEASED_0
16:16:05.568 (index):680 NODEACCESSRELEASED_1
16:16:05.569 (index):710 NODEACCESSREQUESTED_2
16:16:05.569 (index):729 WAITING_3
16:16:05.570 (index):698 UPDATE_4
16:16:05.570 (index):680 NODEACCESSRELEASED_5
16:16:05.571 (index):729 WAITING_6
16:16:05.571 (index):680 NODEACCESSRELEASED_7
16:16:05.572 (index):698 UPDATE_8
16:16:05.572 (index):729 WAITING_9
16:16:05.572 (index):710 NODEACCESSREQUESTED_0
16:16:05.573 (index):710 NODEACCESSREQUESTED_1
16:16:05.573 (index):698 UPDATE_2
16:16:05.574 (index):729 WAITING_3
16:16:05.574 (index):680 NODEACCESSRELEASED_4
16:16:05.575 (index):710 NODEACCESSREQUESTED_5
16:16:05.575 (index):729 WAITING_6
16:16:05.576 (index):710 NODEACCESSREQUESTED_7
16:16:05.576 (index):680 NODEACCESSRELEASED_8
16:16:05.576 (index):729 WAITING_9
16:16:05.577 (index):698 UPDATE_0
16:16:05.577 (index):698 UPDATE_1
16:16:05.578 (index):680 NODEACCESSRELEASED_2
16:16:05.578 (index):729 WAITING_3
16:16:05.579 (index):710 NODEACCESSREQUESTED_4
16:16:05.579 (index):698 UPDATE_5
16:16:05.580 (index):729 WAITING_6
16:16:05.580 (index):698 UPDATE_7
16:16:05.581 (index):710 NODEACCESSREQUESTED_8
16:16:05.581 (index):729 WAITING_9
16:16:05.582 (index):680 NODEACCESSRELEASED_0
16:16:05.582 (index):680 NODEACCESSRELEASED_1
16:16:05.583 (index):710 NODEACCESSREQUESTED_2
16:16:05.583 (index):729 WAITING_3
16:16:05.583 (index):729 WAITING_4
16:16:05.584 (index):680 NODEACCESSRELEASED_5
16:16:05.584 (index):729 WAITING_6
16:16:05.585 (index):680 NODEACCESSRELEASED_7
16:16:05.585 (index):698 UPDATE_8
16:16:05.586 (index):729 WAITING_9
16:16:05.586 (index):710 NODEACCESSREQUESTED_0
16:16:05.587 (index):710 NODEACCESSREQUESTED_1
16:16:05.587 (index):698 UPDATE_2
16:16:05.588 (index):729 WAITING_3
16:16:05.588 (index):698 UPDATE_4
16:16:05.588 (index):710 NODEACCESSREQUESTED_5
16:16:05.589 (index):729 WAITING_6
16:16:05.589 (index):710 NODEACCESSREQUESTED_7
16:16:05.590 (index):680 NODEACCESSRELEASED_8
16:16:05.590 (index):729 WAITING_9
16:16:05.591 (index):698 UPDATE_0
16:16:05.591 (index):729 WAITING_1
16:16:05.592 (index):680 NODEACCESSRELEASED_2
16:16:05.592 (index):729 WAITING_3
16:16:05.592 (index):680 NODEACCESSRELEASED_4
16:16:05.593 (index):698 UPDATE_5
16:16:05.593 (index):729 WAITING_6
16:16:05.594 (index):698 UPDATE_7
16:16:05.594 (index):710 NODEACCESSREQUESTED_8
16:16:05.595 (index):729 WAITING_9
16:16:05.595 (index):680 NODEACCESSRELEASED_0
16:16:05.596 (index):698 UPDATE_1
16:16:05.596 (index):710 NODEACCESSREQUESTED_2
16:16:05.597 (index):729 WAITING_3
16:16:05.597 (index):710 NODEACCESSREQUESTED_4
16:16:05.597 (index):680 NODEACCESSRELEASED_5
16:16:05.598 (index):729 WAITING_6
16:16:05.598 (index):680 NODEACCESSRELEASED_7
16:16:05.599 (index):729 WAITING_8
16:16:05.599 (index):729 WAITING_9
16:16:05.600 (index):710 NODEACCESSREQUESTED_0
16:16:05.600 (index):680 NODEACCESSRELEASED_1
16:16:05.601 (index):698 UPDATE_2
16:16:05.601 (index):729 WAITING_3
16:16:05.601 (index):698 UPDATE_4
16:16:05.602 (index):710 NODEACCESSREQUESTED_5
16:16:05.602 (index):729 WAITING_6
16:16:05.603 (index):710 NODEACCESSREQUESTED_7
16:16:05.603 (index):698 UPDATE_8
16:16:05.604 (index):729 WAITING_9
16:16:05.604 (index):698 UPDATE_0
16:16:05.605 (index):710 NODEACCESSREQUESTED_1
16:16:05.605 (index):680 NODEACCESSRELEASED_2
16:16:05.606 (index):729 WAITING_3
16:16:05.606 (index):680 NODEACCESSRELEASED_4
16:16:05.606 (index):729 WAITING_5
16:16:05.607 (index):729 WAITING_6
16:16:05.607 (index):729 WAITING_7
16:16:05.608 (index):680 NODEACCESSRELEASED_8
16:16:05.608 (index):729 WAITING_9
16:16:05.609 (index):680 NODEACCESSRELEASED_0
16:16:05.609 (index):698 UPDATE_1
16:16:05.610 (index):710 NODEACCESSREQUESTED_2
16:16:05.610 (index):729 WAITING_3
16:16:05.611 (index):710 NODEACCESSREQUESTED_4
16:16:05.611 (index):729 WAITING_5
16:16:05.611 (index):729 WAITING_6
16:16:05.612 (index):698 UPDATE_7
16:16:05.612 (index):710 NODEACCESSREQUESTED_8
16:16:05.613 (index):729 WAITING_9
16:16:05.613 (index):710 NODEACCESSREQUESTED_0
16:16:05.614 (index):740 END_1
16:16:05.614 (index):729 WAITING_2
16:16:05.615 (index):698 UPDATE_3
16:16:05.615 (index):698 UPDATE_4
16:16:05.615 (index):729 WAITING_5
16:16:05.616 (index):729 WAITING_6
16:16:05.616 (index):680 NODEACCESSRELEASED_7
16:16:05.617 (index):729 WAITING_8
16:16:05.617 (index):729 WAITING_9
16:16:05.618 (index):698 UPDATE_0
16:16:05.619 (index):729 WAITING_2
16:16:05.619 (index):680 NODEACCESSRELEASED_3
16:16:05.620 (index):740 END_4
16:16:05.621 (index):729 WAITING_5
16:16:05.621 (index):729 WAITING_6
16:16:05.621 (index):710 NODEACCESSREQUESTED_7
16:16:05.622 (index):698 UPDATE_8
16:16:05.622 (index):729 WAITING_9
16:16:05.623 (index):740 END_0
16:16:05.623 (index):698 UPDATE_2
16:16:05.624 (index):710 NODEACCESSREQUESTED_3
16:16:05.625 (index):729 WAITING_5
16:16:05.626 (index):729 WAITING_6
16:16:05.626 (index):698 UPDATE_7
16:16:05.627 (index):680 NODEACCESSRELEASED_8
16:16:05.627 (index):729 WAITING_9
16:16:05.628 (index):680 NODEACCESSRELEASED_2
16:16:05.629 (index):698 UPDATE_3
16:16:05.630 (index):729 WAITING_5
16:16:05.630 (index):729 WAITING_6
16:16:05.631 (index):740 END_7
16:16:05.631 (index):710 NODEACCESSREQUESTED_8
16:16:05.632 (index):729 WAITING_9
16:16:05.633 (index):710 NODEACCESSREQUESTED_2
16:16:05.633 (index):680 NODEACCESSRELEASED_3
16:16:05.634 (index):729 WAITING_5
16:16:05.635 (index):729 WAITING_6
16:16:05.636 (index):698 UPDATE_8
16:16:05.637 (index):729 WAITING_9
16:16:05.637 (index):698 UPDATE_2
16:16:05.638 (index):710 NODEACCESSREQUESTED_3
16:16:05.639 (index):729 WAITING_5
16:16:05.639 (index):729 WAITING_6
16:16:05.641 (index):740 END_8
16:16:05.641 (index):729 WAITING_9
16:16:05.642 (index):740 END_2
16:16:05.643 (index):698 UPDATE_3
16:16:05.643 (index):729 WAITING_5
16:16:05.644 (index):729 WAITING_6
16:16:05.646 (index):729 WAITING_9
16:16:05.647 (index):680 NODEACCESSRELEASED_3
16:16:05.648 (index):729 WAITING_5
16:16:05.648 (index):698 UPDATE_6
16:16:05.650 (index):729 WAITING_9
16:16:05.652 (index):710 NODEACCESSREQUESTED_3
16:16:05.652 (index):729 WAITING_5
16:16:05.653 (index):680 NODEACCESSRELEASED_6
16:16:05.655 (index):698 UPDATE_9
16:16:05.656 (index):729 WAITING_3
16:16:05.657 (index):729 WAITING_5
16:16:05.658 (index):710 NODEACCESSREQUESTED_6
16:16:05.659 (index):680 NODEACCESSRELEASED_9
16:16:05.661 (index):729 WAITING_3
16:16:05.661 (index):698 UPDATE_5
16:16:05.662 (index):729 WAITING_6
16:16:05.664 (index):710 NODEACCESSREQUESTED_9
16:16:05.665 (index):729 WAITING_3
16:16:05.666 (index):680 NODEACCESSRELEASED_5
16:16:05.667 (index):729 WAITING_6
16:16:05.668 (index):698 UPDATE_9
16:16:05.670 (index):698 UPDATE_3
16:16:05.670 (index):710 NODEACCESSREQUESTED_5
16:16:05.671 (index):729 WAITING_6
16:16:05.673 (index):680 NODEACCESSRELEASED_9
16:16:05.675 (index):680 NODEACCESSRELEASED_3
16:16:05.675 (index):698 UPDATE_5
16:16:05.675 (index):698 UPDATE_6
16:16:05.678 (index):710 NODEACCESSREQUESTED_9
16:16:05.679 (index):710 NODEACCESSREQUESTED_3
16:16:05.680 (index):680 NODEACCESSRELEASED_5
16:16:05.680 (index):680 NODEACCESSRELEASED_6
16:16:05.682 (index):698 UPDATE_9
16:16:05.684 (index):729 WAITING_3
16:16:05.684 (index):710 NODEACCESSREQUESTED_5
16:16:05.685 (index):710 NODEACCESSREQUESTED_6
16:16:05.687 (index):680 NODEACCESSRELEASED_9
16:16:05.688 (index):698 UPDATE_3
16:16:05.689 (index):729 WAITING_5
16:16:05.689 (index):729 WAITING_6
16:16:05.691 (index):710 NODEACCESSREQUESTED_9
16:16:05.693 (index):680 NODEACCESSRELEASED_3
16:16:05.693 (index):698 UPDATE_5
16:16:05.694 (index):729 WAITING_6
16:16:05.696 (index):698 UPDATE_9
16:16:05.697 (index):710 NODEACCESSREQUESTED_3
16:16:05.698 (index):680 NODEACCESSRELEASED_5
16:16:05.698 (index):698 UPDATE_6
16:16:05.700 (index):680 NODEACCESSRELEASED_9
16:16:05.702 (index):698 UPDATE_3
16:16:05.702 (index):710 NODEACCESSREQUESTED_5
16:16:05.703 (index):680 NODEACCESSRELEASED_6
16:16:05.705 (index):710 NODEACCESSREQUESTED_9
16:16:05.706 (index):680 NODEACCESSRELEASED_3
16:16:05.707 (index):698 UPDATE_5
16:16:05.707 (index):710 NODEACCESSREQUESTED_6
16:16:05.709 (index):698 UPDATE_9
16:16:05.711 (index):710 NODEACCESSREQUESTED_3
16:16:05.711 (index):680 NODEACCESSRELEASED_5
16:16:05.712 (index):698 UPDATE_6
16:16:05.714 (index):680 NODEACCESSRELEASED_9
16:16:05.715 (index):698 UPDATE_3
16:16:05.716 (index):710 NODEACCESSREQUESTED_5
16:16:05.716 (index):680 NODEACCESSRELEASED_6
16:16:05.718 (index):710 NODEACCESSREQUESTED_9
16:16:05.720 (index):680 NODEACCESSRELEASED_3
16:16:05.720 (index):698 UPDATE_5
16:16:05.721 (index):710 NODEACCESSREQUESTED_6
16:16:05.723 (index):698 UPDATE_9
16:16:05.724 (index):710 NODEACCESSREQUESTED_3
16:16:05.725 (index):680 NODEACCESSRELEASED_5
16:16:05.725 (index):698 UPDATE_6
16:16:05.727 (index):680 NODEACCESSRELEASED_9
16:16:05.729 (index):698 UPDATE_3
16:16:05.729 (index):710 NODEACCESSREQUESTED_5
16:16:05.730 (index):680 NODEACCESSRELEASED_6
16:16:05.732 (index):710 NODEACCESSREQUESTED_9
16:16:05.733 (index):740 END_3
16:16:05.734 (index):698 UPDATE_5
16:16:05.734 (index):710 NODEACCESSREQUESTED_6
16:16:05.736 (index):698 UPDATE_9
16:16:05.738 (index):680 NODEACCESSRELEASED_5
16:16:05.739 (index):698 UPDATE_6
16:16:05.741 (index):680 NODEACCESSRELEASED_9
16:16:05.743 (index):710 NODEACCESSREQUESTED_5
16:16:05.743 (index):680 NODEACCESSRELEASED_6
16:16:05.746 (index):710 NODEACCESSREQUESTED_9
16:16:05.747 (index):698 UPDATE_5
16:16:05.748 (index):710 NODEACCESSREQUESTED_6
16:16:05.750 (index):698 UPDATE_9
16:16:05.752 (index):680 NODEACCESSRELEASED_5
16:16:05.752 (index):729 WAITING_6
16:16:05.755 (index):680 NODEACCESSRELEASED_9
16:16:05.756 (index):710 NODEACCESSREQUESTED_5
16:16:05.757 (index):698 UPDATE_6
16:16:05.759 (index):710 NODEACCESSREQUESTED_9
16:16:05.761 (index):729 WAITING_5
16:16:05.761 (index):680 NODEACCESSRELEASED_6
16:16:05.764 (index):729 WAITING_9
16:16:05.765 (index):698 UPDATE_5
16:16:05.766 (index):710 NODEACCESSREQUESTED_6
16:16:05.769 (index):729 WAITING_9
16:16:05.770 (index):740 END_5
16:16:05.771 (index):698 UPDATE_6
16:16:05.774 (index):698 UPDATE_9
16:16:05.777 (index):680 NODEACCESSRELEASED_6
16:16:05.779 (index):740 END_9
16:16:05.783 (index):710 NODEACCESSREQUESTED_6
16:16:05.788 (index):698 UPDATE_6
16:16:05.793 (index):680 NODEACCESSRELEASED_6
16:16:05.797 (index):710 NODEACCESSREQUESTED_6
16:16:05.802 (index):698 UPDATE_6
16:16:05.806 (index):680 NODEACCESSRELEASED_6
16:16:05.811 (index):710 NODEACCESSREQUESTED_6
16:16:05.816 (index):698 UPDATE_6
16:16:05.820 (index):740 END_6
