16:16:07.434 (index):1001 Tasks: 25; Collaborators: 14    =========================>
16:16:07.435 (index):710 NODEACCESSREQUESTED_0
16:16:07.435 (index):710 NODEACCESSREQUESTED_1
16:16:07.436 (index):710 NODEACCESSREQUESTED_2
16:16:07.436 (index):710 NODEACCESSREQUESTED_3
16:16:07.436 (index):710 NODEACCESSREQUESTED_4
16:16:07.437 (index):710 NODEACCESSREQUESTED_5
16:16:07.437 (index):710 NODEACCESSREQUESTED_6
16:16:07.438 (index):710 NODEACCESSREQUESTED_7
16:16:07.438 (index):710 NODEACCESSREQUESTED_8
16:16:07.439 (index):710 NODEACCESSREQUESTED_9
16:16:07.439 (index):710 NODEACCESSREQUESTED_10
16:16:07.439 (index):710 NODEACCESSREQUESTED_11
16:16:07.440 (index):710 NODEACCESSREQUESTED_12
16:16:07.440 (index):710 NODEACCESSREQUESTED_13
16:16:07.441 (index):680 NODEACCESSRELEASED_0
16:16:07.441 (index):680 NODEACCESSRELEASED_1
16:16:07.442 (index):680 NODEACCESSRELEASED_2
16:16:07.442 (index):729 WAITING_3
16:16:07.443 (index):680 NODEACCESSRELEASED_4
16:16:07.443 (index):729 WAITING_5
16:16:07.443 (index):729 WAITING_6
16:16:07.444 (index):680 NODEACCESSRELEASED_7
16:16:07.444 (index):729 WAITING_8
16:16:07.445 (index):680 NODEACCESSRELEASED_9
16:16:07.445 (index):680 NODEACCESSRELEASED_10
16:16:07.446 (index):680 NODEACCESSRELEASED_11
16:16:07.446 (index):729 WAITING_12
16:16:07.447 (index):680 NODEACCESSRELEASED_13
16:16:07.447 (index):710 NODEACCESSREQUESTED_0
16:16:07.447 (index):710 NODEACCESSREQUESTED_1
16:16:07.448 (index):710 NODEACCESSREQUESTED_2
16:16:07.448 (index):680 NODEACCESSRELEASED_3
16:16:07.449 (index):710 NODEACCESSREQUESTED_4
16:16:07.449 (index):680 NODEACCESSRELEASED_5
16:16:07.450 (index):680 NODEACCESSRELEASED_6
16:16:07.450 (index):710 NODEACCESSREQUESTED_7
16:16:07.451 (index):729 WAITING_8
16:16:07.451 (index):710 NODEACCESSREQUESTED_9
16:16:07.451 (index):710 NODEACCESSREQUESTED_10
16:16:07.452 (index):710 NODEACCESSREQUESTED_11
16:16:07.453 (index):729 WAITING_12
16:16:07.453 (index):710 NODEACCESSREQUESTED_13
16:16:07.453 (index):698 UPDATE_0
16:16:07.454 (index):698 UPDATE_1
16:16:07.454 (index):729 WAITING_2
16:16:07.455 (index):710 NODEACCESSREQUESTED_3
16:16:07.455 (index):729 WAITING_4
16:16:07.456 (index):710 NODEACCESSREQUESTED_5
16:16:07.456 (index):710 NODEACCESSREQUESTED_6
16:16:07.456 (index):698 UPDATE_7
16:16:07.457 (index):729 WAITING_8
16:16:07.457 (index):698 UPDATE_9
16:16:07.458 (index):729 WAITING_10
16:16:07.458 (index):729 WAITING_11
16:16:07.459 (index):729 WAITING_12
16:16:07.459 (index):698 UPDATE_13
16:16:07.459 (index):680 NODEACCESSRELEASED_0
16:16:07.460 (index):680 NODEACCESSRELEASED_1
16:16:07.460 (index):698 UPDATE_2
16:16:07.461 (index):698 UPDATE_3
16:16:07.461 (index):698 UPDATE_4
16:16:07.462 (index):729 WAITING_5
16:16:07.462 (index):729 WAITING_6
16:16:07.463 (index):680 NODEACCESSRELEASED_7
16:16:07.463 (index):729 WAITING_8
16:16:07.463 (index):680 NODEACCESSRELEASED_9
16:16:07.464 (index):729 WAITING_10
16:16:07.464 (index):729 WAITING_11
16:16:07.465 (index):729 WAITING_12
16:16:07.465 (index):680 NODEACCESSRELEASED_13
16:16:07.466 (index):710 NODEACCESSREQUESTED_0
16:16:07.466 (index):710 NODEACCESSREQUESTED_1
16:16:07.466 (index):680 NODEACCESSRELEASED_2
16:16:07.467 (index):680 NODEACCESSRELEASED_3
16:16:07.467 (index):680 NODEACCESSRELEASED_4
16:16:07.468 (index):698 UPDATE_5
16:16:07.468 (index):729 WAITING_6
16:16:07.469 (index):710 NODEACCESSREQUESTED_7
16:16:07.469 (index):729 WAITING_8
16:16:07.469 (index):710 NODEACCESSREQUESTED_9
16:16:07.470 (index):729 WAITING_10
16:16:07.470 (index):729 WAITING_11
16:16:07.471 (index):729 WAITING_12
16:16:07.471 (index):710 NODEACCESSREQUESTED_13
16:16:07.472 (index):698 UPDATE_0
16:16:07.472 (index):729 WAITING_1
16:16:07.472 (index):710 NODEACCESSREQUESTED_2
16:16:07.473 (index):710 NODEACCESSREQUESTED_3
16:16:07.473 (index):710 NODEACCESSREQUESTED_4
16:16:07.474 (index):680 NODEACCESSRELEASED_5
16:16:07.474 (index):729 WAITING_6
16:16:07.475 (index):698 UPDATE_7
16:16:07.475 (index):729 WAITING_8
16:16:07.475 (index):729 WAITING_9
16:16:07.476 (index):729 WAITING_10
16:16:07.476 (index):729 WAITING_11
16:16:07.477 (index):729 WAITING_12
16:16:07.477 (index):729 WAITING_13
16:16:07.478 (index):680 NODEACCESSRELEASED_0
16:16:07.478 (index):729 WAITING_1
16:16:07.478 (index):729 WAITING_2
16:16:07.479 (index):698 UPDATE_3
16:16:07.479 (index):729 WAITING_4
16:16:07.480 (index):710 NODEACCESSREQUESTED_5
16:16:07.480 (index):729 WAITING_6
16:16:07.480 (index):680 NODEACCESSRELEASED_7
16:16:07.481 (index):729 WAITING_8
16:16:07.481 (index):698 UPDATE_9
16:16:07.482 (index):729 WAITING_10
16:16:07.482 (index):729 WAITING_11
16:16:07.483 (index):729 WAITING_12
16:16:07.483 (index):729 WAITING_13
16:16:07.483 (index):710 NODEACCESSREQUESTED_0
16:16:07.484 (index):729 WAITING_1
16:16:07.485 (index):698 UPDATE_2
16:16:07.485 (index):680 NODEACCESSRELEASED_3
16:16:07.486 (index):729 WAITING_4
16:16:07.486 (index):729 WAITING_5
16:16:07.486 (index):729 WAITING_6
16:16:07.487 (index):710 NODEACCESSREQUESTED_7
16:16:07.487 (index):729 WAITING_8
16:16:07.488 (index):680 NODEACCESSRELEASED_9
16:16:07.488 (index):729 WAITING_10
16:16:07.489 (index):698 UPDATE_11
16:16:07.489 (index):729 WAITING_12
16:16:07.489 (index):729 WAITING_13
16:16:07.490 (index):729 WAITING_0
16:16:07.490 (index):729 WAITING_1
16:16:07.491 (index):680 NODEACCESSRELEASED_2
16:16:07.491 (index):710 NODEACCESSREQUESTED_3
16:16:07.492 (index):729 WAITING_4
16:16:07.492 (index):729 WAITING_5
16:16:07.492 (index):729 WAITING_6
16:16:07.493 (index):729 WAITING_7
16:16:07.493 (index):729 WAITING_8
16:16:07.494 (index):710 NODEACCESSREQUESTED_9
16:16:07.494 (index):729 WAITING_10
16:16:07.495 (index):680 NODEACCESSRELEASED_11
16:16:07.495 (index):729 WAITING_12
16:16:07.495 (index):729 WAITING_13
16:16:07.496 (index):698 UPDATE_0
16:16:07.496 (index):729 WAITING_1
16:16:07.497 (index):710 NODEACCESSREQUESTED_2
16:16:07.497 (index):729 WAITING_3
16:16:07.498 (index):729 WAITING_4
16:16:07.498 (index):698 UPDATE_5
16:16:07.498 (index):729 WAITING_6
16:16:07.499 (index):729 WAITING_7
16:16:07.499 (index):729 WAITING_8
16:16:07.500 (index):698 UPDATE_9
16:16:07.500 (index):729 WAITING_10
16:16:07.500 (index):710 NODEACCESSREQUESTED_11
16:16:07.501 (index):729 WAITING_12
16:16:07.501 (index):729 WAITING_13
16:16:07.502 (index):680 NODEACCESSRELEASED_0
16:16:07.502 (index):729 WAITING_1
16:16:07.503 (index):698 UPDATE_2
16:16:07.503 (index):698 UPDATE_3
16:16:07.503 (index):729 WAITING_4
16:16:07.504 (index):680 NODEACCESSRELEASED_5
16:16:07.504 (index):729 WAITING_6
16:16:07.505 (index):729 WAITING_7
16:16:07.505 (index):729 WAITING_8
16:16:07.506 (index):680 NODEACCESSRELEASED_9
16:16:07.506 (index):729 WAITING_10
16:16:07.507 (index):698 UPDATE_11
16:16:07.507 (index):729 WAITING_12
16:16:07.508 (index):729 WAITING_13
16:16:07.508 (index):710 NODEACCESSREQUESTED_0
16:16:07.509 (index):729 WAITING_1
16:16:07.509 (index):680 NODEACCESSRELEASED_2
16:16:07.509 (index):680 NODEACCESSRELEASED_3
16:16:07.510 (index):729 WAITING_4
16:16:07.510 (index):710 NODEACCESSREQUESTED_5
16:16:07.511 (index):729 WAITING_6
16:16:07.511 (index):729 WAITING_7
16:16:07.512 (index):729 WAITING_8
16:16:07.512 (index):710 NODEACCESSREQUESTED_9
16:16:07.513 (index):729 WAITING_10
16:16:07.513 (index):680 NODEACCESSRELEASED_11
16:16:07.513 (index):729 WAITING_12
16:16:07.514 (index):729 WAITING_13
16:16:07.514 (index):698 UPDATE_0
16:16:07.515 (index):729 WAITING_1
16:16:07.515 (index):710 NODEACCESSREQUESTED_2
16:16:07.516 (index):710 NODEACCESSREQUESTED_3
16:16:07.516 (index):729 WAITING_4
16:16:07.517 (index):698 UPDATE_5
16:16:07.517 (index):729 WAITING_6
16:16:07.518 (index):729 WAITING_7
16:16:07.518 (index):729 WAITING_8
16:16:07.519 (index):698 UPDATE_9
16:16:07.519 (index):729 WAITING_10
16:16:07.519 (index):710 NODEACCESSREQUESTED_11
16:16:07.520 (index):729 WAITING_12
16:16:07.520 (index):729 WAITING_13
16:16:07.521 (index):680 NODEACCESSRELEASED_0
16:16:07.521 (index):729 WAITING_1
16:16:07.521 (index):729 WAITING_2
16:16:07.522 (index):698 UPDATE_3
16:16:07.522 (index):729 WAITING_4
16:16:07.523 (index):680 NODEACCESSRELEASED_5
16:16:07.523 (index):729 WAITING_6
16:16:07.524 (index):729 WAITING_7
16:16:07.524 (index):729 WAITING_8
16:16:07.524 (index):680 NODEACCESSRELEASED_9
16:16:07.525 (index):729 WAITING_10
16:16:07.525 (index):698 UPDATE_11
16:16:07.526 (index):729 WAITING_12
16:16:07.526 (index):729 WAITING_13
16:16:07.527 (index):710 NODEACCESSREQUESTED_0
16:16:07.527 (index):729 WAITING_1
16:16:07.528 (index):729 WAITING_2
16:16:07.528 (index):680 NODEACCESSRELEASED_3
16:16:07.529 (index):729 WAITING_4
16:16:07.529 (index):710 NODEACCESSREQUESTED_5
16:16:07.530 (index):729 WAITING_6
16:16:07.530 (index):729 WAITING_7
16:16:07.530 (index):729 WAITING_8
16:16:07.531 (index):710 NODEACCESSREQUESTED_9
16:16:07.531 (index):698 UPDATE_10
16:16:07.532 (index):680 NODEACCESSRELEASED_11
16:16:07.532 (index):729 WAITING_12
16:16:07.533 (index):729 WAITING_13
16:16:07.533 (index):729 WAITING_0
16:16:07.533 (index):729 WAITING_1
16:16:07.534 (index):698 UPDATE_2
16:16:07.534 (index):710 NODEACCESSREQUESTED_3
16:16:07.535 (index):729 WAITING_4
16:16:07.535 (index):729 WAITING_5
16:16:07.536 (index):729 WAITING_6
16:16:07.536 (index):729 WAITING_7
16:16:07.536 (index):729 WAITING_8
16:16:07.537 (index):729 WAITING_9
16:16:07.537 (index):680 NODEACCESSRELEASED_10
16:16:07.538 (index):710 NODEACCESSREQUESTED_11
16:16:07.538 (index):729 WAITING_12
16:16:07.539 (index):729 WAITING_13
16:16:07.539 (index):729 WAITING_0
16:16:07.539 (index):729 WAITING_1
16:16:07.540 (index):680 NODEACCESSRELEASED_2
16:16:07.540 (index):729 WAITING_3
16:16:07.541 (index):729 WAITING_4
16:16:07.541 (index):729 WAITING_5
16:16:07.542 (index):698 UPDATE_6
16:16:07.542 (index):729 WAITING_7
16:16:07.542 (index):729 WAITING_8
16:16:07.543 (index):729 WAITING_9
16:16:07.543 (index):710 NODEACCESSREQUESTED_10
16:16:07.544 (index):729 WAITING_11
16:16:07.544 (index):729 WAITING_12
16:16:07.545 (index):729 WAITING_13
16:16:07.545 (index):698 UPDATE_0
16:16:07.545 (index):729 WAITING_1
16:16:07.546 (index):710 NODEACCESSREQUESTED_2
16:16:07.546 (index):729 WAITING_3
16:16:07.547 (index):729 WAITING_4
16:16:07.547 (index):729 WAITING_5
16:16:07.548 (index):680 NODEACCESSRELEASED_6
16:16:07.548 (index):729 WAITING_7
16:16:07.549 (index):729 WAITING_8
16:16:07.549 (index):729 WAITING_9
16:16:07.549 (index):729 WAITING_10
16:16:07.550 (index):729 WAITING_11
16:16:07.550 (index):729 WAITING_12
16:16:07.551 (index):698 UPDATE_13
16:16:07.551 (index):680 NODEACCESSRELEASED_0
16:16:07.552 (index):729 WAITING_1
16:16:07.552 (index):729 WAITING_2
16:16:07.552 (index):729 WAITING_3
16:16:07.553 (index):729 WAITING_4
16:16:07.553 (index):729 WAITING_5
16:16:07.554 (index):710 NODEACCESSREQUESTED_6
16:16:07.554 (index):729 WAITING_7
16:16:07.555 (index):729 WAITING_8
16:16:07.555 (index):698 UPDATE_9
16:16:07.555 (index):729 WAITING_10
16:16:07.556 (index):729 WAITING_11
16:16:07.556 (index):729 WAITING_12
16:16:07.557 (index):680 NODEACCESSRELEASED_13
16:16:07.557 (index):710 NODEACCESSREQUESTED_0
16:16:07.558 (index):729 WAITING_1
16:16:07.558 (index):729 WAITING_2
16:16:07.558 (index):729 WAITING_3
16:16:07.559 (index):729 WAITING_4
16:16:07.559 (index):729 WAITING_5
16:16:07.560 (index):729 WAITING_6
16:16:07.560 (index):698 UPDATE_7
16:16:07.561 (index):729 WAITING_8
16:16:07.561 (index):680 NODEACCESSRELEASED_9
16:16:07.562 (index):729 WAITING_10
16:16:07.562 (index):729 WAITING_11
16:16:07.562 (index):729 WAITING_12
16:16:07.563 (index):710 NODEACCESSREQUESTED_13
16:16:07.563 (index):729 WAITING_0
16:16:07.564 (index):729 WAITING_1
16:16:07.564 (index):729 WAITING_2
16:16:07.565 (index):729 WAITING_3
16:16:07.565 (index):729 WAITING_4
16:16:07.565 (index):729 WAITING_5
16:16:07.566 (index):729 WAITING_6
16:16:07.566 (index):680 NODEACCESSRELEASED_7
16:16:07.567 (index):680 NODEACCESSRELEASED_8
16:16:07.567 (index):710 NODEACCESSREQUESTED_9
16:16:07.568 (index):729 WAITING_10
16:16:07.568 (index):729 WAITING_11
16:16:07.569 (index):680 NODEACCESSRELEASED_12
16:16:07.569 (index):729 WAITING_13
16:16:07.569 (index):729 WAITING_0
16:16:07.570 (index):698 UPDATE_1
16:16:07.570 (index):729 WAITING_2
16:16:07.571 (index):729 WAITING_3
16:16:07.571 (index):729 WAITING_4
16:16:07.572 (index):729 WAITING_5
16:16:07.572 (index):729 WAITING_6
16:16:07.572 (index):710 NODEACCESSREQUESTED_7
16:16:07.573 (index):710 NODEACCESSREQUESTED_8
16:16:07.573 (index):729 WAITING_9
16:16:07.574 (index):729 WAITING_10
16:16:07.574 (index):729 WAITING_11
16:16:07.575 (index):710 NODEACCESSREQUESTED_12
16:16:07.575 (index):729 WAITING_13
16:16:07.576 (index):729 WAITING_0
16:16:07.576 (index):680 NODEACCESSRELEASED_1
16:16:07.577 (index):729 WAITING_2
16:16:07.577 (index):729 WAITING_3
16:16:07.578 (index):698 UPDATE_4
16:16:07.578 (index):729 WAITING_5
16:16:07.579 (index):729 WAITING_6
16:16:07.579 (index):729 WAITING_7
16:16:07.579 (index):729 WAITING_8
16:16:07.580 (index):729 WAITING_9
16:16:07.580 (index):729 WAITING_10
16:16:07.581 (index):729 WAITING_11
16:16:07.581 (index):729 WAITING_12
16:16:07.582 (index):729 WAITING_13
16:16:07.582 (index):729 WAITING_0
16:16:07.582 (index):710 NODEACCESSREQUESTED_1
16:16:07.583 (index):729 WAITING_2
16:16:07.583 (index):729 WAITING_3
16:16:07.584 (index):680 NODEACCESSRELEASED_4
16:16:07.584 (index):698 UPDATE_5
16:16:07.585 (index):729 WAITING_6
16:16:07.585 (index):729 WAITING_7
16:16:07.585 (index):729 WAITING_8
16:16:07.586 (index):729 WAITING_9
16:16:07.586 (index):698 UPDATE_10
16:16:07.587 (index):729 WAITING_11
16:16:07.587 (index):698 UPDATE_12
16:16:07.588 (index):729 WAITING_13
16:16:07.588 (index):729 WAITING_0
16:16:07.588 (index):729 WAITING_1
16:16:07.589 (index):729 WAITING_2
16:16:07.589 (index):729 WAITING_3
16:16:07.590 (index):710 NODEACCESSREQUESTED_4
16:16:07.590 (index):680 NODEACCESSRELEASED_5
16:16:07.591 (index):698 UPDATE_6
16:16:07.591 (index):729 WAITING_7
16:16:07.591 (index):729 WAITING_8
16:16:07.592 (index):729 WAITING_9
16:16:07.592 (index):680 NODEACCESSRELEASED_10
16:16:07.593 (index):698 UPDATE_11
16:16:07.593 (index):680 NODEACCESSRELEASED_12
16:16:07.594 (index):698 UPDATE_13
16:16:07.594 (index):698 UPDATE_0
16:16:07.594 (index):698 UPDATE_1
16:16:07.595 (index):729 WAITING_2
16:16:07.595 (index):729 WAITING_3
16:16:07.596 (index):729 WAITING_4
16:16:07.596 (index):710 NODEACCESSREQUESTED_5
16:16:07.597 (index):680 NODEACCESSRELEASED_6
16:16:07.597 (index):729 WAITING_7
16:16:07.598 (index):729 WAITING_8
16:16:07.598 (index):729 WAITING_9
16:16:07.598 (index):710 NODEACCESSREQUESTED_10
16:16:07.599 (index):680 NODEACCESSRELEASED_11
16:16:07.599 (index):710 NODEACCESSREQUESTED_12
16:16:07.600 (index):680 NODEACCESSRELEASED_13
16:16:07.600 (index):680 NODEACCESSRELEASED_0
16:16:07.601 (index):680 NODEACCESSRELEASED_1
16:16:07.601 (index):729 WAITING_2
16:16:07.602 (index):729 WAITING_3
16:16:07.602 (index):729 WAITING_4
16:16:07.602 (index):729 WAITING_5
16:16:07.603 (index):710 NODEACCESSREQUESTED_6
16:16:07.603 (index):698 UPDATE_7
16:16:07.604 (index):698 UPDATE_8
16:16:07.604 (index):729 WAITING_9
16:16:07.605 (index):698 UPDATE_10
16:16:07.605 (index):710 NODEACCESSREQUESTED_11
16:16:07.605 (index):729 WAITING_12
16:16:07.606 (index):710 NODEACCESSREQUESTED_13
16:16:07.606 (index):710 NODEACCESSREQUESTED_0
16:16:07.607 (index):710 NODEACCESSREQUESTED_1
16:16:07.607 (index):729 WAITING_2
16:16:07.608 (index):729 WAITING_3
16:16:07.608 (index):729 WAITING_4
16:16:07.609 (index):729 WAITING_5
16:16:07.609 (index):729 WAITING_6
16:16:07.609 (index):680 NODEACCESSRELEASED_7
16:16:07.610 (index):680 NODEACCESSRELEASED_8
16:16:07.610 (index):729 WAITING_9
16:16:07.611 (index):680 NODEACCESSRELEASED_10
16:16:07.611 (index):698 UPDATE_11
16:16:07.612 (index):729 WAITING_12
16:16:07.613 (index):729 WAITING_13
16:16:07.613 (index):698 UPDATE_0
16:16:07.614 (index):729 WAITING_1
16:16:07.614 (index):729 WAITING_2
16:16:07.615 (index):729 WAITING_3
16:16:07.615 (index):698 UPDATE_4
16:16:07.615 (index):729 WAITING_5
16:16:07.616 (index):729 WAITING_6
16:16:07.616 (index):710 NODEACCESSREQUESTED_7
16:16:07.617 (index):710 NODEACCESSREQUESTED_8
16:16:07.617 (index):729 WAITING_9
16:16:07.618 (index):710 NODEACCESSREQUESTED_10
16:16:07.618 (index):680 NODEACCESSRELEASED_11
16:16:07.618 (index):729 WAITING_12
16:16:07.619 (index):698 UPDATE_13
16:16:07.619 (index):680 NODEACCESSRELEASED_0
16:16:07.620 (index):729 WAITING_1
16:16:07.620 (index):729 WAITING_2
16:16:07.621 (index):729 WAITING_3
16:16:07.621 (index):680 NODEACCESSRELEASED_4
16:16:07.622 (index):729 WAITING_5
16:16:07.622 (index):729 WAITING_6
16:16:07.622 (index):698 UPDATE_7
16:16:07.623 (index):729 WAITING_8
16:16:07.623 (index):698 UPDATE_9
16:16:07.624 (index):729 WAITING_10
16:16:07.624 (index):710 NODEACCESSREQUESTED_11
16:16:07.625 (index):729 WAITING_12
16:16:07.625 (index):680 NODEACCESSRELEASED_13
16:16:07.625 (index):710 NODEACCESSREQUESTED_0
16:16:07.626 (index):698 UPDATE_1
16:16:07.626 (index):729 WAITING_2
16:16:07.627 (index):729 WAITING_3
16:16:07.627 (index):710 NODEACCESSREQUESTED_4
16:16:07.628 (index):729 WAITING_5
16:16:07.628 (index):729 WAITING_6
16:16:07.628 (index):680 NODEACCESSRELEASED_7
16:16:07.629 (index):698 UPDATE_8
16:16:07.629 (index):680 NODEACCESSRELEASED_9
16:16:07.630 (index):729 WAITING_10
16:16:07.630 (index):698 UPDATE_11
16:16:07.631 (index):698 UPDATE_12
16:16:07.631 (index):710 NODEACCESSREQUESTED_13
16:16:07.631 (index):729 WAITING_0
16:16:07.632 (index):680 NODEACCESSRELEASED_1
16:16:07.632 (index):729 WAITING_2
16:16:07.633 (index):729 WAITING_3
16:16:07.633 (index):729 WAITING_4
16:16:07.634 (index):729 WAITING_5
16:16:07.634 (index):729 WAITING_6
16:16:07.634 (index):710 NODEACCESSREQUESTED_7
16:16:07.635 (index):680 NODEACCESSRELEASED_8
16:16:07.635 (index):710 NODEACCESSREQUESTED_9
16:16:07.636 (index):729 WAITING_10
16:16:07.636 (index):680 NODEACCESSRELEASED_11
16:16:07.637 (index):680 NODEACCESSRELEASED_12
16:16:07.637 (index):698 UPDATE_13
16:16:07.638 (index):698 UPDATE_0
16:16:07.638 (index):710 NODEACCESSREQUESTED_1
16:16:07.638 (index):729 WAITING_2
16:16:07.639 (index):729 WAITING_3
16:16:07.639 (index):698 UPDATE_4
16:16:07.640 (index):729 WAITING_5
16:16:07.640 (index):729 WAITING_6
16:16:07.641 (index):729 WAITING_7
16:16:07.641 (index):710 NODEACCESSREQUESTED_8
16:16:07.641 (index):698 UPDATE_9
16:16:07.642 (index):729 WAITING_10
16:16:07.642 (index):710 NODEACCESSREQUESTED_11
16:16:07.643 (index):710 NODEACCESSREQUESTED_12
16:16:07.643 (index):680 NODEACCESSRELEASED_13
16:16:07.644 (index):680 NODEACCESSRELEASED_0
16:16:07.644 (index):729 WAITING_1
16:16:07.644 (index):729 WAITING_2
16:16:07.645 (index):729 WAITING_3
16:16:07.645 (index):680 NODEACCESSRELEASED_4
16:16:07.646 (index):729 WAITING_5
16:16:07.646 (index):729 WAITING_6
16:16:07.647 (index):729 WAITING_7
16:16:07.647 (index):698 UPDATE_8
16:16:07.647 (index):680 NODEACCESSRELEASED_9
16:16:07.648 (index):729 WAITING_10
16:16:07.648 (index):698 UPDATE_11
16:16:07.649 (index):698 UPDATE_12
16:16:07.649 (index):710 NODEACCESSREQUESTED_13
16:16:07.650 (index):710 NODEACCESSREQUESTED_0
16:16:07.650 (index):698 UPDATE_1
16:16:07.650 (index):729 WAITING_2
16:16:07.651 (index):729 WAITING_3
16:16:07.651 (index):710 NODEACCESSREQUESTED_4
16:16:07.652 (index):729 WAITING_5
16:16:07.652 (index):729 WAITING_6
16:16:07.653 (index):729 WAITING_7
16:16:07.653 (index):680 NODEACCESSRELEASED_8
16:16:07.653 (index):710 NODEACCESSREQUESTED_9
16:16:07.654 (index):729 WAITING_10
16:16:07.654 (index):680 NODEACCESSRELEASED_11
16:16:07.655 (index):680 NODEACCESSRELEASED_12
16:16:07.655 (index):729 WAITING_13
16:16:07.656 (index):729 WAITING_0
16:16:07.656 (index):680 NODEACCESSRELEASED_1
16:16:07.656 (index):729 WAITING_2
16:16:07.657 (index):729 WAITING_3
16:16:07.657 (index):729 WAITING_4
16:16:07.658 (index):729 WAITING_5
16:16:07.658 (index):698 UPDATE_6
16:16:07.659 (index):698 UPDATE_7
16:16:07.659 (index):710 NODEACCESSREQUESTED_8
16:16:07.659 (index):698 UPDATE_9
16:16:07.660 (index):729 WAITING_10
16:16:07.660 (index):710 NODEACCESSREQUESTED_11
16:16:07.661 (index):710 NODEACCESSREQUESTED_12
16:16:07.661 (index):729 WAITING_13
16:16:07.661 (index):729 WAITING_0
16:16:07.662 (index):710 NODEACCESSREQUESTED_1
16:16:07.662 (index):729 WAITING_2
16:16:07.663 (index):729 WAITING_3
16:16:07.663 (index):729 WAITING_4
16:16:07.664 (index):729 WAITING_5
16:16:07.664 (index):680 NODEACCESSRELEASED_6
16:16:07.665 (index):680 NODEACCESSRELEASED_7
16:16:07.665 (index):729 WAITING_8
16:16:07.665 (index):680 NODEACCESSRELEASED_9
16:16:07.666 (index):729 WAITING_10
16:16:07.666 (index):729 WAITING_11
16:16:07.667 (index):698 UPDATE_12
16:16:07.667 (index):729 WAITING_13
16:16:07.668 (index):698 UPDATE_0
16:16:07.668 (index):698 UPDATE_1
16:16:07.668 (index):729 WAITING_2
16:16:07.669 (index):729 WAITING_3
16:16:07.669 (index):729 WAITING_4
16:16:07.670 (index):729 WAITING_5
16:16:07.670 (index):710 NODEACCESSREQUESTED_6
16:16:07.671 (index):710 NODEACCESSREQUESTED_7
16:16:07.671 (index):729 WAITING_8
16:16:07.671 (index):710 NODEACCESSREQUESTED_9
16:16:07.672 (index):729 WAITING_10
16:16:07.672 (index):729 WAITING_11
16:16:07.673 (index):680 NODEACCESSRELEASED_12
16:16:07.673 (index):729 WAITING_13
16:16:07.674 (index):680 NODEACCESSRELEASED_0
16:16:07.674 (index):680 NODEACCESSRELEASED_1
16:16:07.675 (index):729 WAITING_2
16:16:07.675 (index):729 WAITING_3
16:16:07.675 (index):729 WAITING_4
16:16:07.676 (index):729 WAITING_5
16:16:07.676 (index):698 UPDATE_6
16:16:07.677 (index):698 UPDATE_7
16:16:07.677 (index):729 WAITING_8
16:16:07.677 (index):698 UPDATE_9
16:16:07.678 (index):729 WAITING_10
16:16:07.678 (index):729 WAITING_11
16:16:07.679 (index):710 NODEACCESSREQUESTED_12
16:16:07.679 (index):729 WAITING_13
16:16:07.680 (index):710 NODEACCESSREQUESTED_0
16:16:07.680 (index):710 NODEACCESSREQUESTED_1
16:16:07.680 (index):729 WAITING_2
16:16:07.681 (index):729 WAITING_3
16:16:07.681 (index):729 WAITING_4
16:16:07.682 (index):729 WAITING_5
16:16:07.682 (index):680 NODEACCESSRELEASED_6
16:16:07.683 (index):680 NODEACCESSRELEASED_7
16:16:07.683 (index):729 WAITING_8
16:16:07.683 (index):680 NODEACCESSRELEASED_9
16:16:07.684 (index):729 WAITING_10
16:16:07.684 (index):729 WAITING_11
16:16:07.685 (index):729 WAITING_12
16:16:07.685 (index):729 WAITING_13
16:16:07.686 (index):698 UPDATE_0
16:16:07.686 (index):698 UPDATE_1
16:16:07.686 (index):729 WAITING_2
16:16:07.687 (index):729 WAITING_3
16:16:07.687 (index):698 UPDATE_4
16:16:07.688 (index):729 WAITING_5
16:16:07.688 (index):710 NODEACCESSREQUESTED_6
16:16:07.688 (index):710 NODEACCESSREQUESTED_7
16:16:07.689 (index):729 WAITING_8
16:16:07.689 (index):710 NODEACCESSREQUESTED_9
16:16:07.690 (index):729 WAITING_10
16:16:07.690 (index):729 WAITING_11
16:16:07.691 (index):729 WAITING_12
16:16:07.691 (index):729 WAITING_13
16:16:07.691 (index):680 NODEACCESSRELEASED_0
16:16:07.692 (index):680 NODEACCESSRELEASED_1
16:16:07.692 (index):729 WAITING_2
16:16:07.693 (index):698 UPDATE_3
16:16:07.693 (index):680 NODEACCESSRELEASED_4
16:16:07.694 (index):729 WAITING_5
16:16:07.694 (index):729 WAITING_6
16:16:07.694 (index):729 WAITING_7
16:16:07.695 (index):729 WAITING_8
16:16:07.695 (index):729 WAITING_9
16:16:07.696 (index):729 WAITING_10
16:16:07.696 (index):698 UPDATE_11
16:16:07.697 (index):729 WAITING_12
16:16:07.697 (index):729 WAITING_13
16:16:07.697 (index):710 NODEACCESSREQUESTED_0
16:16:07.698 (index):710 NODEACCESSREQUESTED_1
16:16:07.698 (index):729 WAITING_2
16:16:07.699 (index):680 NODEACCESSRELEASED_3
16:16:07.699 (index):710 NODEACCESSREQUESTED_4
16:16:07.700 (index):729 WAITING_5
16:16:07.700 (index):729 WAITING_6
16:16:07.700 (index):729 WAITING_7
16:16:07.701 (index):729 WAITING_8
16:16:07.701 (index):729 WAITING_9
16:16:07.702 (index):729 WAITING_10
16:16:07.702 (index):680 NODEACCESSRELEASED_11
16:16:07.703 (index):698 UPDATE_12
16:16:07.703 (index):729 WAITING_13
16:16:07.703 (index):729 WAITING_0
16:16:07.704 (index):729 WAITING_1
16:16:07.704 (index):698 UPDATE_2
16:16:07.705 (index):710 NODEACCESSREQUESTED_3
16:16:07.705 (index):729 WAITING_4
16:16:07.706 (index):729 WAITING_5
16:16:07.706 (index):729 WAITING_6
16:16:07.706 (index):698 UPDATE_7
16:16:07.707 (index):729 WAITING_8
16:16:07.707 (index):729 WAITING_9
16:16:07.708 (index):729 WAITING_10
16:16:07.709 (index):710 NODEACCESSREQUESTED_11
16:16:07.709 (index):680 NODEACCESSRELEASED_12
16:16:07.710 (index):729 WAITING_13
16:16:07.710 (index):729 WAITING_0
16:16:07.711 (index):729 WAITING_1
16:16:07.712 (index):680 NODEACCESSRELEASED_2
16:16:07.712 (index):729 WAITING_3
16:16:07.713 (index):729 WAITING_4
16:16:07.713 (index):698 UPDATE_5
16:16:07.714 (index):729 WAITING_6
16:16:07.715 (index):680 NODEACCESSRELEASED_7
16:16:07.715 (index):729 WAITING_8
16:16:07.715 (index):698 UPDATE_9
16:16:07.716 (index):729 WAITING_10
16:16:07.716 (index):729 WAITING_11
16:16:07.717 (index):710 NODEACCESSREQUESTED_12
16:16:07.717 (index):729 WAITING_13
16:16:07.718 (index):729 WAITING_0
16:16:07.718 (index):729 WAITING_1
16:16:07.718 (index):710 NODEACCESSREQUESTED_2
16:16:07.719 (index):729 WAITING_3
16:16:07.719 (index):729 WAITING_4
16:16:07.720 (index):680 NODEACCESSRELEASED_5
16:16:07.720 (index):698 UPDATE_6
16:16:07.721 (index):710 NODEACCESSREQUESTED_7
16:16:07.721 (index):698 UPDATE_8
16:16:07.721 (index):680 NODEACCESSRELEASED_9
16:16:07.722 (index):729 WAITING_10
16:16:07.722 (index):729 WAITING_11
16:16:07.723 (index):729 WAITING_12
16:16:07.723 (index):729 WAITING_13
16:16:07.723 (index):729 WAITING_0
16:16:07.724 (index):729 WAITING_1
16:16:07.724 (index):729 WAITING_2
16:16:07.725 (index):729 WAITING_3
16:16:07.725 (index):729 WAITING_4
16:16:07.726 (index):710 NODEACCESSREQUESTED_5
16:16:07.726 (index):680 NODEACCESSRELEASED_6
16:16:07.726 (index):698 UPDATE_7
16:16:07.727 (index):680 NODEACCESSRELEASED_8
16:16:07.729 (index):710 NODEACCESSREQUESTED_9
16:16:07.729 (index):729 WAITING_10
16:16:07.730 (index):729 WAITING_11
16:16:07.730 (index):729 WAITING_12
16:16:07.730 (index):729 WAITING_13
16:16:07.731 (index):729 WAITING_0
16:16:07.731 (index):698 UPDATE_1
16:16:07.732 (index):729 WAITING_2
16:16:07.732 (index):729 WAITING_3
16:16:07.733 (index):698 UPDATE_4
16:16:07.733 (index):698 UPDATE_5
16:16:07.733 (index):710 NODEACCESSREQUESTED_6
16:16:07.734 (index):680 NODEACCESSRELEASED_7
16:16:07.734 (index):710 NODEACCESSREQUESTED_8
16:16:07.735 (index):729 WAITING_9
16:16:07.735 (index):729 WAITING_10
16:16:07.736 (index):729 WAITING_11
16:16:07.736 (index):729 WAITING_12
16:16:07.736 (index):729 WAITING_13
16:16:07.737 (index):729 WAITING_0
16:16:07.737 (index):680 NODEACCESSRELEASED_1
16:16:07.738 (index):729 WAITING_2
16:16:07.738 (index):698 UPDATE_3
16:16:07.739 (index):680 NODEACCESSRELEASED_4
16:16:07.739 (index):680 NODEACCESSRELEASED_5
16:16:07.740 (index):698 UPDATE_6
16:16:07.740 (index):710 NODEACCESSREQUESTED_7
16:16:07.741 (index):729 WAITING_8
16:16:07.741 (index):729 WAITING_9
16:16:07.741 (index):729 WAITING_10
16:16:07.742 (index):698 UPDATE_11
16:16:07.743 (index):729 WAITING_12
16:16:07.743 (index):729 WAITING_13
16:16:07.744 (index):729 WAITING_0
16:16:07.744 (index):710 NODEACCESSREQUESTED_1
16:16:07.745 (index):698 UPDATE_2
16:16:07.745 (index):680 NODEACCESSRELEASED_3
16:16:07.746 (index):710 NODEACCESSREQUESTED_4
16:16:07.746 (index):710 NODEACCESSREQUESTED_5
16:16:07.746 (index):680 NODEACCESSRELEASED_6
16:16:07.747 (index):729 WAITING_7
16:16:07.747 (index):698 UPDATE_8
16:16:07.748 (index):729 WAITING_9
16:16:07.748 (index):729 WAITING_10
16:16:07.749 (index):680 NODEACCESSRELEASED_11
16:16:07.749 (index):729 WAITING_12
16:16:07.750 (index):729 WAITING_13
16:16:07.750 (index):729 WAITING_0
16:16:07.750 (index):729 WAITING_1
16:16:07.751 (index):680 NODEACCESSRELEASED_2
16:16:07.751 (index):710 NODEACCESSREQUESTED_3
16:16:07.752 (index):698 UPDATE_4
16:16:07.752 (index):729 WAITING_5
16:16:07.753 (index):710 NODEACCESSREQUESTED_6
16:16:07.753 (index):729 WAITING_7
16:16:07.754 (index):680 NODEACCESSRELEASED_8
16:16:07.754 (index):698 UPDATE_9
16:16:07.754 (index):729 WAITING_10
16:16:07.755 (index):710 NODEACCESSREQUESTED_11
16:16:07.755 (index):729 WAITING_12
16:16:07.756 (index):729 WAITING_13
16:16:07.756 (index):729 WAITING_0
16:16:07.757 (index):729 WAITING_1
16:16:07.757 (index):710 NODEACCESSREQUESTED_2
16:16:07.757 (index):729 WAITING_3
16:16:07.758 (index):680 NODEACCESSRELEASED_4
16:16:07.758 (index):729 WAITING_5
16:16:07.759 (index):698 UPDATE_6
16:16:07.759 (index):729 WAITING_7
16:16:07.760 (index):710 NODEACCESSREQUESTED_8
16:16:07.760 (index):680 NODEACCESSRELEASED_9
16:16:07.761 (index):729 WAITING_10
16:16:07.761 (index):698 UPDATE_11
16:16:07.761 (index):729 WAITING_12
16:16:07.762 (index):729 WAITING_13
16:16:07.762 (index):729 WAITING_0
16:16:07.763 (index):729 WAITING_1
16:16:07.763 (index):698 UPDATE_2
16:16:07.764 (index):698 UPDATE_3
16:16:07.764 (index):710 NODEACCESSREQUESTED_4
16:16:07.765 (index):729 WAITING_5
16:16:07.765 (index):680 NODEACCESSRELEASED_6
16:16:07.765 (index):729 WAITING_7
16:16:07.766 (index):729 WAITING_8
16:16:07.766 (index):710 NODEACCESSREQUESTED_9
16:16:07.767 (index):729 WAITING_10
16:16:07.767 (index):680 NODEACCESSRELEASED_11
16:16:07.768 (index):729 WAITING_12
16:16:07.768 (index):729 WAITING_13
16:16:07.769 (index):729 WAITING_0
16:16:07.769 (index):698 UPDATE_1
16:16:07.769 (index):680 NODEACCESSRELEASED_2
16:16:07.770 (index):680 NODEACCESSRELEASED_3
16:16:07.770 (index):698 UPDATE_4
16:16:07.771 (index):729 WAITING_5
16:16:07.771 (index):710 NODEACCESSREQUESTED_6
16:16:07.772 (index):698 UPDATE_7
16:16:07.772 (index):729 WAITING_8
16:16:07.772 (index):729 WAITING_9
16:16:07.773 (index):729 WAITING_10
16:16:07.773 (index):710 NODEACCESSREQUESTED_11
16:16:07.774 (index):729 WAITING_12
16:16:07.774 (index):729 WAITING_13
16:16:07.775 (index):729 WAITING_0
16:16:07.775 (index):680 NODEACCESSRELEASED_1
16:16:07.775 (index):710 NODEACCESSREQUESTED_2
16:16:07.776 (index):710 NODEACCESSREQUESTED_3
16:16:07.776 (index):680 NODEACCESSRELEASED_4
16:16:07.777 (index):698 UPDATE_5
16:16:07.777 (index):729 WAITING_6
16:16:07.777 (index):680 NODEACCESSRELEASED_7
16:16:07.778 (index):698 UPDATE_8
16:16:07.778 (index):729 WAITING_9
16:16:07.779 (index):729 WAITING_10
16:16:07.779 (index):698 UPDATE_11
16:16:07.780 (index):729 WAITING_12
16:16:07.780 (index):729 WAITING_13
16:16:07.780 (index):729 WAITING_0
16:16:07.781 (index):710 NODEACCESSREQUESTED_1
16:16:07.781 (index):698 UPDATE_2
16:16:07.782 (index):729 WAITING_3
16:16:07.782 (index):710 NODEACCESSREQUESTED_4
16:16:07.783 (index):680 NODEACCESSRELEASED_5
16:16:07.783 (index):729 WAITING_6
16:16:07.783 (index):710 NODEACCESSREQUESTED_7
16:16:07.784 (index):680 NODEACCESSRELEASED_8
16:16:07.784 (index):698 UPDATE_9
16:16:07.785 (index):729 WAITING_10
16:16:07.785 (index):680 NODEACCESSRELEASED_11
16:16:07.786 (index):729 WAITING_12
16:16:07.786 (index):729 WAITING_13
16:16:07.786 (index):729 WAITING_0
16:16:07.787 (index):698 UPDATE_1
16:16:07.787 (index):680 NODEACCESSRELEASED_2
16:16:07.788 (index):729 WAITING_3
16:16:07.788 (index):729 WAITING_4
16:16:07.788 (index):710 NODEACCESSREQUESTED_5
16:16:07.789 (index):698 UPDATE_6
16:16:07.789 (index):698 UPDATE_7
16:16:07.790 (index):710 NODEACCESSREQUESTED_8
16:16:07.790 (index):680 NODEACCESSRELEASED_9
16:16:07.791 (index):729 WAITING_10
16:16:07.791 (index):710 NODEACCESSREQUESTED_11
16:16:07.791 (index):729 WAITING_12
16:16:07.792 (index):729 WAITING_13
16:16:07.792 (index):729 WAITING_0
16:16:07.793 (index):680 NODEACCESSRELEASED_1
16:16:07.793 (index):710 NODEACCESSREQUESTED_2
16:16:07.793 (index):698 UPDATE_3
16:16:07.794 (index):698 UPDATE_4
16:16:07.794 (index):729 WAITING_5
16:16:07.795 (index):680 NODEACCESSRELEASED_6
16:16:07.795 (index):680 NODEACCESSRELEASED_7
16:16:07.796 (index):729 WAITING_8
16:16:07.796 (index):710 NODEACCESSREQUESTED_9
16:16:07.796 (index):729 WAITING_10
16:16:07.797 (index):729 WAITING_11
16:16:07.797 (index):729 WAITING_12
16:16:07.798 (index):729 WAITING_13
16:16:07.798 (index):729 WAITING_0
16:16:07.799 (index):710 NODEACCESSREQUESTED_1
16:16:07.799 (index):698 UPDATE_2
16:16:07.799 (index):680 NODEACCESSRELEASED_3
16:16:07.800 (index):680 NODEACCESSRELEASED_4
16:16:07.800 (index):698 UPDATE_5
16:16:07.801 (index):710 NODEACCESSREQUESTED_6
16:16:07.801 (index):710 NODEACCESSREQUESTED_7
16:16:07.802 (index):698 UPDATE_8
16:16:07.802 (index):729 WAITING_9
16:16:07.803 (index):729 WAITING_10
16:16:07.803 (index):698 UPDATE_11
16:16:07.804 (index):729 WAITING_12
16:16:07.804 (index):729 WAITING_13
16:16:07.805 (index):729 WAITING_0
16:16:07.805 (index):729 WAITING_1
16:16:07.806 (index):680 NODEACCESSRELEASED_2
16:16:07.806 (index):710 NODEACCESSREQUESTED_3
16:16:07.807 (index):710 NODEACCESSREQUESTED_4
16:16:07.807 (index):680 NODEACCESSRELEASED_5
16:16:07.808 (index):698 UPDATE_6
16:16:07.808 (index):729 WAITING_7
16:16:07.809 (index):680 NODEACCESSRELEASED_8
16:16:07.809 (index):729 WAITING_9
16:16:07.810 (index):729 WAITING_10
16:16:07.810 (index):680 NODEACCESSRELEASED_11
16:16:07.811 (index):729 WAITING_12
16:16:07.811 (index):729 WAITING_13
16:16:07.812 (index):729 WAITING_0
16:16:07.812 (index):729 WAITING_1
16:16:07.812 (index):710 NODEACCESSREQUESTED_2
16:16:07.813 (index):698 UPDATE_3
16:16:07.813 (index):729 WAITING_4
16:16:07.814 (index):710 NODEACCESSREQUESTED_5
16:16:07.814 (index):680 NODEACCESSRELEASED_6
16:16:07.815 (index):698 UPDATE_7
16:16:07.815 (index):710 NODEACCESSREQUESTED_8
16:16:07.815 (index):698 UPDATE_9
16:16:07.816 (index):729 WAITING_10
16:16:07.816 (index):710 NODEACCESSREQUESTED_11
16:16:07.817 (index):729 WAITING_12
16:16:07.817 (index):729 WAITING_13
16:16:07.817 (index):729 WAITING_0
16:16:07.818 (index):729 WAITING_1
16:16:07.818 (index):729 WAITING_2
16:16:07.819 (index):680 NODEACCESSRELEASED_3
16:16:07.819 (index):729 WAITING_4
16:16:07.820 (index):698 UPDATE_5
16:16:07.820 (index):710 NODEACCESSREQUESTED_6
16:16:07.820 (index):680 NODEACCESSRELEASED_7
16:16:07.821 (index):698 UPDATE_8
16:16:07.821 (index):740 END_9
16:16:07.822 (index):729 WAITING_10
16:16:07.822 (index):729 WAITING_11
16:16:07.822 (index):729 WAITING_12
16:16:07.823 (index):729 WAITING_13
16:16:07.823 (index):729 WAITING_0
16:16:07.824 (index):729 WAITING_1
16:16:07.824 (index):698 UPDATE_2
16:16:07.825 (index):710 NODEACCESSREQUESTED_3
16:16:07.825 (index):729 WAITING_4
16:16:07.825 (index):680 NODEACCESSRELEASED_5
16:16:07.826 (index):729 WAITING_6
16:16:07.826 (index):710 NODEACCESSREQUESTED_7
16:16:07.827 (index):680 NODEACCESSRELEASED_8
16:16:07.827 (index):729 WAITING_10
16:16:07.828 (index):729 WAITING_11
16:16:07.828 (index):729 WAITING_12
16:16:07.828 (index):729 WAITING_13
16:16:07.829 (index):729 WAITING_0
16:16:07.829 (index):698 UPDATE_1
16:16:07.830 (index):680 NODEACCESSRELEASED_2
16:16:07.830 (index):698 UPDATE_3
16:16:07.831 (index):729 WAITING_4
16:16:07.831 (index):710 NODEACCESSREQUESTED_5
16:16:07.832 (index):729 WAITING_6
16:16:07.832 (index):729 WAITING_7
16:16:07.832 (index):710 NODEACCESSREQUESTED_8
16:16:07.833 (index):729 WAITING_10
16:16:07.833 (index):729 WAITING_11
16:16:07.834 (index):729 WAITING_12
16:16:07.834 (index):729 WAITING_13
16:16:07.835 (index):729 WAITING_0
16:16:07.835 (index):680 NODEACCESSRELEASED_1
16:16:07.835 (index):710 NODEACCESSREQUESTED_2
16:16:07.836 (index):680 NODEACCESSRELEASED_3
16:16:07.836 (index):698 UPDATE_4
16:16:07.837 (index):698 UPDATE_5
16:16:07.837 (index):729 WAITING_6
16:16:07.838 (index):729 WAITING_7
16:16:07.838 (index):729 WAITING_8
16:16:07.838 (index):729 WAITING_10
16:16:07.839 (index):729 WAITING_11
16:16:07.839 (index):729 WAITING_12
16:16:07.840 (index):729 WAITING_13
16:16:07.840 (index):729 WAITING_0
16:16:07.841 (index):710 NODEACCESSREQUESTED_1
16:16:07.841 (index):729 WAITING_2
16:16:07.842 (index):710 NODEACCESSREQUESTED_3
16:16:07.842 (index):680 NODEACCESSRELEASED_4
16:16:07.843 (index):680 NODEACCESSRELEASED_5
16:16:07.843 (index):729 WAITING_6
16:16:07.843 (index):729 WAITING_7
16:16:07.844 (index):729 WAITING_8
16:16:07.844 (index):729 WAITING_10
16:16:07.845 (index):698 UPDATE_11
16:16:07.845 (index):729 WAITING_12
16:16:07.846 (index):729 WAITING_13
16:16:07.846 (index):729 WAITING_0
16:16:07.846 (index):698 UPDATE_1
16:16:07.847 (index):729 WAITING_2
16:16:07.847 (index):698 UPDATE_3
16:16:07.848 (index):710 NODEACCESSREQUESTED_4
16:16:07.848 (index):710 NODEACCESSREQUESTED_5
16:16:07.848 (index):729 WAITING_6
16:16:07.849 (index):729 WAITING_7
16:16:07.849 (index):729 WAITING_8
16:16:07.850 (index):729 WAITING_10
16:16:07.850 (index):740 END_11
16:16:07.850 (index):729 WAITING_12
16:16:07.851 (index):729 WAITING_13
16:16:07.851 (index):729 WAITING_0
16:16:07.852 (index):680 NODEACCESSRELEASED_1
16:16:07.852 (index):729 WAITING_2
16:16:07.853 (index):680 NODEACCESSRELEASED_3
16:16:07.853 (index):729 WAITING_4
16:16:07.853 (index):698 UPDATE_5
16:16:07.854 (index):698 UPDATE_6
16:16:07.854 (index):729 WAITING_7
16:16:07.855 (index):729 WAITING_8
16:16:07.855 (index):729 WAITING_10
16:16:07.856 (index):729 WAITING_12
16:16:07.856 (index):729 WAITING_13
16:16:07.856 (index):729 WAITING_0
16:16:07.857 (index):710 NODEACCESSREQUESTED_1
16:16:07.857 (index):729 WAITING_2
16:16:07.858 (index):710 NODEACCESSREQUESTED_3
16:16:07.858 (index):729 WAITING_4
16:16:07.859 (index):680 NODEACCESSRELEASED_5
16:16:07.859 (index):680 NODEACCESSRELEASED_6
16:16:07.859 (index):698 UPDATE_7
16:16:07.860 (index):729 WAITING_8
16:16:07.860 (index):729 WAITING_10
16:16:07.861 (index):729 WAITING_12
16:16:07.861 (index):729 WAITING_13
16:16:07.861 (index):729 WAITING_0
16:16:07.862 (index):729 WAITING_1
16:16:07.862 (index):729 WAITING_2
16:16:07.863 (index):698 UPDATE_3
16:16:07.863 (index):729 WAITING_4
16:16:07.864 (index):710 NODEACCESSREQUESTED_5
16:16:07.864 (index):710 NODEACCESSREQUESTED_6
16:16:07.864 (index):740 END_7
16:16:07.865 (index):729 WAITING_8
16:16:07.865 (index):729 WAITING_10
16:16:07.866 (index):729 WAITING_12
16:16:07.866 (index):729 WAITING_13
16:16:07.866 (index):729 WAITING_0
16:16:07.867 (index):729 WAITING_1
16:16:07.867 (index):698 UPDATE_2
16:16:07.868 (index):680 NODEACCESSRELEASED_3
16:16:07.868 (index):698 UPDATE_4
16:16:07.869 (index):698 UPDATE_5
16:16:07.869 (index):729 WAITING_6
16:16:07.869 (index):729 WAITING_8
16:16:07.870 (index):729 WAITING_10
16:16:07.870 (index):729 WAITING_12
16:16:07.871 (index):729 WAITING_13
16:16:07.871 (index):729 WAITING_0
16:16:07.871 (index):729 WAITING_1
16:16:07.872 (index):680 NODEACCESSRELEASED_2
16:16:07.872 (index):710 NODEACCESSREQUESTED_3
16:16:07.873 (index):680 NODEACCESSRELEASED_4
16:16:07.873 (index):680 NODEACCESSRELEASED_5
16:16:07.873 (index):729 WAITING_6
16:16:07.874 (index):729 WAITING_8
16:16:07.874 (index):729 WAITING_10
16:16:07.875 (index):729 WAITING_12
16:16:07.875 (index):729 WAITING_13
16:16:07.876 (index):729 WAITING_0
16:16:07.876 (index):698 UPDATE_1
16:16:07.876 (index):710 NODEACCESSREQUESTED_2
16:16:07.877 (index):729 WAITING_3
16:16:07.877 (index):710 NODEACCESSREQUESTED_4
16:16:07.878 (index):710 NODEACCESSREQUESTED_5
16:16:07.878 (index):729 WAITING_6
16:16:07.878 (index):729 WAITING_8
16:16:07.879 (index):729 WAITING_10
16:16:07.879 (index):729 WAITING_12
16:16:07.880 (index):729 WAITING_13
16:16:07.880 (index):729 WAITING_0
16:16:07.881 (index):740 END_1
16:16:07.881 (index):698 UPDATE_2
16:16:07.881 (index):729 WAITING_3
16:16:07.882 (index):698 UPDATE_4
16:16:07.882 (index):729 WAITING_5
16:16:07.883 (index):729 WAITING_6
16:16:07.883 (index):729 WAITING_8
16:16:07.883 (index):729 WAITING_10
16:16:07.884 (index):729 WAITING_12
16:16:07.884 (index):729 WAITING_13
16:16:07.885 (index):729 WAITING_0
16:16:07.885 (index):680 NODEACCESSRELEASED_2
16:16:07.886 (index):729 WAITING_3
16:16:07.886 (index):680 NODEACCESSRELEASED_4
16:16:07.887 (index):698 UPDATE_5
16:16:07.887 (index):698 UPDATE_6
16:16:07.888 (index):729 WAITING_8
16:16:07.888 (index):729 WAITING_10
16:16:07.888 (index):729 WAITING_12
16:16:07.889 (index):729 WAITING_13
16:16:07.889 (index):729 WAITING_0
16:16:07.890 (index):710 NODEACCESSREQUESTED_2
16:16:07.890 (index):729 WAITING_3
16:16:07.891 (index):710 NODEACCESSREQUESTED_4
16:16:07.891 (index):740 END_5
16:16:07.892 (index):680 NODEACCESSRELEASED_6
16:16:07.892 (index):729 WAITING_8
16:16:07.892 (index):729 WAITING_10
16:16:07.893 (index):729 WAITING_12
16:16:07.893 (index):729 WAITING_13
16:16:07.894 (index):729 WAITING_0
16:16:07.894 (index):698 UPDATE_2
16:16:07.895 (index):698 UPDATE_3
16:16:07.895 (index):729 WAITING_4
16:16:07.896 (index):710 NODEACCESSREQUESTED_6
16:16:07.897 (index):729 WAITING_8
16:16:07.897 (index):729 WAITING_10
16:16:07.897 (index):729 WAITING_12
16:16:07.898 (index):729 WAITING_13
16:16:07.898 (index):729 WAITING_0
16:16:07.899 (index):740 END_2
16:16:07.899 (index):740 END_3
16:16:07.900 (index):698 UPDATE_4
16:16:07.901 (index):698 UPDATE_6
16:16:07.901 (index):729 WAITING_8
16:16:07.901 (index):729 WAITING_10
16:16:07.902 (index):729 WAITING_12
16:16:07.902 (index):729 WAITING_13
16:16:07.903 (index):729 WAITING_0
16:16:07.904 (index):740 END_4
16:16:07.905 (index):680 NODEACCESSRELEASED_6
16:16:07.906 (index):729 WAITING_8
16:16:07.906 (index):698 UPDATE_10
16:16:07.906 (index):729 WAITING_12
16:16:07.907 (index):729 WAITING_13
16:16:07.907 (index):729 WAITING_0
16:16:07.910 (index):710 NODEACCESSREQUESTED_6
16:16:07.910 (index):729 WAITING_8
16:16:07.911 (index):680 NODEACCESSRELEASED_10
16:16:07.911 (index):729 WAITING_12
16:16:07.911 (index):698 UPDATE_13
16:16:07.912 (index):729 WAITING_0
16:16:07.914 (index):729 WAITING_6
16:16:07.915 (index):729 WAITING_8
16:16:07.915 (index):710 NODEACCESSREQUESTED_10
16:16:07.915 (index):729 WAITING_12
16:16:07.916 (index):680 NODEACCESSRELEASED_13
16:16:07.916 (index):698 UPDATE_0
16:16:07.919 (index):729 WAITING_6
16:16:07.919 (index):729 WAITING_8
16:16:07.920 (index):729 WAITING_10
16:16:07.920 (index):729 WAITING_12
16:16:07.920 (index):710 NODEACCESSREQUESTED_13
16:16:07.921 (index):680 NODEACCESSRELEASED_0
16:16:07.923 (index):729 WAITING_6
16:16:07.924 (index):729 WAITING_8
16:16:07.924 (index):729 WAITING_10
16:16:07.924 (index):698 UPDATE_12
16:16:07.925 (index):729 WAITING_13
16:16:07.925 (index):710 NODEACCESSREQUESTED_0
16:16:07.928 (index):729 WAITING_6
16:16:07.928 (index):729 WAITING_8
16:16:07.929 (index):729 WAITING_10
16:16:07.929 (index):680 NODEACCESSRELEASED_12
16:16:07.930 (index):729 WAITING_13
16:16:07.931 (index):729 WAITING_0
16:16:07.932 (index):729 WAITING_6
16:16:07.933 (index):698 UPDATE_8
16:16:07.933 (index):729 WAITING_10
16:16:07.934 (index):710 NODEACCESSREQUESTED_12
16:16:07.935 (index):729 WAITING_13
16:16:07.935 (index):729 WAITING_0
16:16:07.937 (index):729 WAITING_6
16:16:07.937 (index):680 NODEACCESSRELEASED_8
16:16:07.938 (index):729 WAITING_10
16:16:07.939 (index):698 UPDATE_12
16:16:07.939 (index):698 UPDATE_13
16:16:07.940 (index):729 WAITING_0
16:16:07.941 (index):698 UPDATE_6
16:16:07.942 (index):710 NODEACCESSREQUESTED_8
16:16:07.942 (index):729 WAITING_10
16:16:07.943 (index):680 NODEACCESSRELEASED_12
16:16:07.944 (index):680 NODEACCESSRELEASED_13
16:16:07.944 (index):698 UPDATE_0
16:16:07.946 (index):740 END_6
16:16:07.946 (index):698 UPDATE_8
16:16:07.947 (index):698 UPDATE_10
16:16:07.947 (index):710 NODEACCESSREQUESTED_12
16:16:07.948 (index):710 NODEACCESSREQUESTED_13
16:16:07.949 (index):680 NODEACCESSRELEASED_0
16:16:07.951 (index):680 NODEACCESSRELEASED_8
16:16:07.951 (index):680 NODEACCESSRELEASED_10
16:16:07.952 (index):698 UPDATE_12
16:16:07.953 (index):698 UPDATE_13
16:16:07.953 (index):710 NODEACCESSREQUESTED_0
16:16:07.955 (index):710 NODEACCESSREQUESTED_8
16:16:07.956 (index):710 NODEACCESSREQUESTED_10
16:16:07.957 (index):680 NODEACCESSRELEASED_12
16:16:07.957 (index):680 NODEACCESSRELEASED_13
16:16:07.958 (index):698 UPDATE_0
16:16:07.960 (index):698 UPDATE_8
16:16:07.961 (index):729 WAITING_10
16:16:07.961 (index):710 NODEACCESSREQUESTED_12
16:16:07.962 (index):710 NODEACCESSREQUESTED_13
16:16:07.963 (index):740 END_0
16:16:07.964 (index):680 NODEACCESSRELEASED_8
16:16:07.965 (index):698 UPDATE_10
16:16:07.966 (index):698 UPDATE_12
16:16:07.966 (index):698 UPDATE_13
16:16:07.969 (index):710 NODEACCESSREQUESTED_8
16:16:07.970 (index):680 NODEACCESSRELEASED_10
16:16:07.970 (index):680 NODEACCESSRELEASED_12
16:16:07.971 (index):680 NODEACCESSRELEASED_13
16:16:07.973 (index):698 UPDATE_8
16:16:07.974 (index):710 NODEACCESSREQUESTED_10
16:16:07.975 (index):710 NODEACCESSREQUESTED_12
16:16:07.975 (index):710 NODEACCESSREQUESTED_13
16:16:07.978 (index):680 NODEACCESSRELEASED_8
16:16:07.978 (index):698 UPDATE_10
16:16:07.979 (index):729 WAITING_12
16:16:07.980 (index):698 UPDATE_13
16:16:07.983 (index):710 NODEACCESSREQUESTED_8
16:16:07.983 (index):680 NODEACCESSRELEASED_10
16:16:07.984 (index):698 UPDATE_12
16:16:07.984 (index):680 NODEACCESSRELEASED_13
16:16:07.987 (index):698 UPDATE_8
16:16:07.988 (index):710 NODEACCESSREQUESTED_10
16:16:07.988 (index):680 NODEACCESSRELEASED_12
16:16:07.989 (index):710 NODEACCESSREQUESTED_13
16:16:07.992 (index):740 END_8
16:16:07.992 (index):698 UPDATE_10
16:16:07.993 (index):710 NODEACCESSREQUESTED_12
16:16:07.993 (index):729 WAITING_13
16:16:07.997 (index):680 NODEACCESSRELEASED_10
16:16:07.997 (index):698 UPDATE_12
16:16:07.998 (index):698 UPDATE_13
16:16:08.001 (index):710 NODEACCESSREQUESTED_10
16:16:08.003 (index):680 NODEACCESSRELEASED_12
16:16:08.004 (index):680 NODEACCESSRELEASED_13
16:16:08.007 (index):698 UPDATE_10
16:16:08.008 (index):710 NODEACCESSREQUESTED_12
16:16:08.009 (index):710 NODEACCESSREQUESTED_13
16:16:08.012 (index):680 NODEACCESSRELEASED_10
16:16:08.013 (index):698 UPDATE_12
16:16:08.014 (index):698 UPDATE_13
16:16:08.017 (index):710 NODEACCESSREQUESTED_10
16:16:08.018 (index):680 NODEACCESSRELEASED_12
16:16:08.018 (index):680 NODEACCESSRELEASED_13
16:16:08.021 (index):698 UPDATE_10
16:16:08.022 (index):710 NODEACCESSREQUESTED_12
16:16:08.023 (index):710 NODEACCESSREQUESTED_13
16:16:08.026 (index):680 NODEACCESSRELEASED_10
16:16:08.027 (index):698 UPDATE_12
16:16:08.028 (index):729 WAITING_13
16:16:08.030 (index):710 NODEACCESSREQUESTED_10
16:16:08.031 (index):740 END_12
16:16:08.032 (index):729 WAITING_13
16:16:08.035 (index):698 UPDATE_10
16:16:08.036 (index):729 WAITING_13
16:16:08.039 (index):680 NODEACCESSRELEASED_10
16:16:08.041 (index):698 UPDATE_13
16:16:08.044 (index):710 NODEACCESSREQUESTED_10
16:16:08.045 (index):740 END_13
16:16:08.048 (index):698 UPDATE_10
16:16:08.053 (index):680 NODEACCESSRELEASED_10
16:16:08.057 (index):710 NODEACCESSREQUESTED_10
16:16:08.062 (index):698 UPDATE_10
16:16:08.066 (index):740 END_10
