16:16:11.645 (index):1176 Tasks: 25; Collaborators: 19    =========================>
16:16:11.645 (index):710 NODEACCESSREQUESTED_0
16:16:11.646 (index):710 NODEACCESSREQUESTED_1
16:16:11.647 (index):710 NODEACCESSREQUESTED_2
16:16:11.647 (index):710 NODEACCESSREQUESTED_3
16:16:11.648 (index):710 NODEACCESSREQUESTED_4
16:16:11.649 (index):710 NODEACCESSREQUESTED_5
16:16:11.649 (index):710 NODEACCESSREQUESTED_6
16:16:11.650 (index):710 NODEACCESSREQUESTED_7
16:16:11.651 (index):710 NODEACCESSREQUESTED_8
16:16:11.653 (index):710 NODEACCESSREQUESTED_9
16:16:11.654 (index):710 NODEACCESSREQUESTED_10
16:16:11.654 (index):710 NODEACCESSREQUESTED_11
16:16:11.655 (index):710 NODEACCESSREQUESTED_12
16:16:11.656 (index):710 NODEACCESSREQUESTED_13
16:16:11.656 (index):710 NODEACCESSREQUESTED_14
16:16:11.657 (index):710 NODEACCESSREQUESTED_15
16:16:11.658 (index):710 NODEACCESSREQUESTED_16
16:16:11.658 (index):710 NODEACCESSREQUESTED_17
16:16:11.659 (index):710 NODEACCESSREQUESTED_18
16:16:11.660 (index):680 NODEACCESSRELEASED_0
16:16:11.660 (index):680 NODEACCESSRELEASED_1
16:16:11.661 (index):680 NODEACCESSRELEASED_2
16:16:11.662 (index):680 NODEACCESSRELEASED_3
16:16:11.662 (index):680 NODEACCESSRELEASED_4
16:16:11.663 (index):680 NODEACCESSRELEASED_5
16:16:11.664 (index):680 NODEACCESSRELEASED_6
16:16:11.664 (index):680 NODEACCESSRELEASED_7
16:16:11.665 (index):729 WAITING_8
16:16:11.666 (index):680 NODEACCESSRELEASED_9
16:16:11.666 (index):680 NODEACCESSRELEASED_10
16:16:11.667 (index):680 NODEACCESSRELEASED_11
16:16:11.668 (index):680 NODEACCESSRELEASED_12
16:16:11.668 (index):680 NODEACCESSRELEASED_13
16:16:11.669 (index):680 NODEACCESSRELEASED_14
16:16:11.669 (index):680 NODEACCESSRELEASED_15
16:16:11.670 (index):680 NODEACCESSRELEASED_16
16:16:11.671 (index):680 NODEACCESSRELEASED_17
16:16:11.671 (index):680 NODEACCESSRELEASED_18
16:16:11.672 (index):710 NODEACCESSREQUESTED_0
16:16:11.673 (index):710 NODEACCESSREQUESTED_1
16:16:11.673 (index):710 NODEACCESSREQUESTED_2
16:16:11.674 (index):710 NODEACCESSREQUESTED_3
16:16:11.675 (index):710 NODEACCESSREQUESTED_4
16:16:11.675 (index):710 NODEACCESSREQUESTED_5
16:16:11.676 (index):710 NODEACCESSREQUESTED_6
16:16:11.677 (index):710 NODEACCESSREQUESTED_7
16:16:11.677 (index):680 NODEACCESSRELEASED_8
16:16:11.678 (index):710 NODEACCESSREQUESTED_9
16:16:11.679 (index):710 NODEACCESSREQUESTED_10
16:16:11.679 (index):710 NODEACCESSREQUESTED_11
16:16:11.680 (index):710 NODEACCESSREQUESTED_12
16:16:11.681 (index):710 NODEACCESSREQUESTED_13
16:16:11.681 (index):710 NODEACCESSREQUESTED_14
16:16:11.682 (index):710 NODEACCESSREQUESTED_15
16:16:11.683 (index):710 NODEACCESSREQUESTED_16
16:16:11.683 (index):710 NODEACCESSREQUESTED_17
16:16:11.684 (index):710 NODEACCESSREQUESTED_18
16:16:11.685 (index):698 UPDATE_0
16:16:11.685 (index):729 WAITING_1
16:16:11.686 (index):729 WAITING_2
16:16:11.687 (index):729 WAITING_3
16:16:11.687 (index):729 WAITING_4
16:16:11.688 (index):698 UPDATE_5
16:16:11.688 (index):729 WAITING_6
16:16:11.689 (index):698 UPDATE_7
16:16:11.690 (index):710 NODEACCESSREQUESTED_8
16:16:11.690 (index):698 UPDATE_9
16:16:11.691 (index):729 WAITING_10
16:16:11.692 (index):729 WAITING_11
16:16:11.692 (index):698 UPDATE_12
16:16:11.693 (index):729 WAITING_13
16:16:11.693 (index):729 WAITING_14
16:16:11.694 (index):729 WAITING_15
16:16:11.694 (index):729 WAITING_16
16:16:11.695 (index):729 WAITING_17
16:16:11.695 (index):698 UPDATE_18
16:16:11.696 (index):680 NODEACCESSRELEASED_0
16:16:11.697 (index):729 WAITING_1
16:16:11.698 (index):729 WAITING_2
16:16:11.698 (index):729 WAITING_3
16:16:11.699 (index):698 UPDATE_4
16:16:11.699 (index):680 NODEACCESSRELEASED_5
16:16:11.700 (index):729 WAITING_6
16:16:11.700 (index):680 NODEACCESSRELEASED_7
16:16:11.701 (index):729 WAITING_8
16:16:11.702 (index):680 NODEACCESSRELEASED_9
16:16:11.702 (index):729 WAITING_10
16:16:11.703 (index):729 WAITING_11
16:16:11.703 (index):680 NODEACCESSRELEASED_12
16:16:11.704 (index):729 WAITING_13
16:16:11.705 (index):729 WAITING_14
16:16:11.705 (index):698 UPDATE_15
16:16:11.706 (index):698 UPDATE_16
16:16:11.707 (index):729 WAITING_17
16:16:11.707 (index):680 NODEACCESSRELEASED_18
16:16:11.708 (index):710 NODEACCESSREQUESTED_0
16:16:11.709 (index):698 UPDATE_1
16:16:11.709 (index):729 WAITING_2
16:16:11.710 (index):729 WAITING_3
16:16:11.711 (index):680 NODEACCESSRELEASED_4
16:16:11.711 (index):710 NODEACCESSREQUESTED_5
16:16:11.712 (index):729 WAITING_6
16:16:11.713 (index):710 NODEACCESSREQUESTED_7
16:16:11.713 (index):729 WAITING_8
16:16:11.714 (index):710 NODEACCESSREQUESTED_9
16:16:11.714 (index):729 WAITING_10
16:16:11.715 (index):698 UPDATE_11
16:16:11.716 (index):710 NODEACCESSREQUESTED_12
16:16:11.716 (index):698 UPDATE_13
16:16:11.717 (index):729 WAITING_14
16:16:11.718 (index):680 NODEACCESSRELEASED_15
16:16:11.718 (index):680 NODEACCESSRELEASED_16
16:16:11.719 (index):698 UPDATE_17
16:16:11.720 (index):710 NODEACCESSREQUESTED_18
16:16:11.720 (index):729 WAITING_0
16:16:11.721 (index):680 NODEACCESSRELEASED_1
16:16:11.722 (index):729 WAITING_2
16:16:11.722 (index):729 WAITING_3
16:16:11.723 (index):710 NODEACCESSREQUESTED_4
16:16:11.724 (index):698 UPDATE_5
16:16:11.724 (index):729 WAITING_6
16:16:11.725 (index):698 UPDATE_7
16:16:11.725 (index):729 WAITING_8
16:16:11.726 (index):729 WAITING_9
16:16:11.727 (index):729 WAITING_10
16:16:11.727 (index):680 NODEACCESSRELEASED_11
16:16:11.728 (index):729 WAITING_12
16:16:11.729 (index):680 NODEACCESSRELEASED_13
16:16:11.729 (index):698 UPDATE_14
16:16:11.730 (index):710 NODEACCESSREQUESTED_15
16:16:11.731 (index):710 NODEACCESSREQUESTED_16
16:16:11.731 (index):680 NODEACCESSRELEASED_17
16:16:11.732 (index):698 UPDATE_18
16:16:11.733 (index):698 UPDATE_0
16:16:11.733 (index):710 NODEACCESSREQUESTED_1
16:16:11.734 (index):729 WAITING_2
16:16:11.735 (index):729 WAITING_3
16:16:11.735 (index):729 WAITING_4
16:16:11.736 (index):680 NODEACCESSRELEASED_5
16:16:11.737 (index):729 WAITING_6
16:16:11.737 (index):680 NODEACCESSRELEASED_7
16:16:11.738 (index):698 UPDATE_8
16:16:11.738 (index):729 WAITING_9
16:16:11.739 (index):729 WAITING_10
16:16:11.740 (index):710 NODEACCESSREQUESTED_11
16:16:11.740 (index):729 WAITING_12
16:16:11.741 (index):710 NODEACCESSREQUESTED_13
16:16:11.742 (index):680 NODEACCESSRELEASED_14
16:16:11.742 (index):729 WAITING_15
16:16:11.743 (index):698 UPDATE_16
16:16:11.744 (index):710 NODEACCESSREQUESTED_17
16:16:11.744 (index):680 NODEACCESSRELEASED_18
16:16:11.745 (index):680 NODEACCESSRELEASED_0
16:16:11.746 (index):698 UPDATE_1
16:16:11.746 (index):729 WAITING_2
16:16:11.747 (index):729 WAITING_3
16:16:11.748 (index):698 UPDATE_4
16:16:11.748 (index):710 NODEACCESSREQUESTED_5
16:16:11.749 (index):729 WAITING_6
16:16:11.750 (index):710 NODEACCESSREQUESTED_7
16:16:11.750 (index):680 NODEACCESSRELEASED_8
16:16:11.751 (index):698 UPDATE_9
16:16:11.752 (index):729 WAITING_10
16:16:11.752 (index):729 WAITING_11
16:16:11.753 (index):698 UPDATE_12
16:16:11.754 (index):698 UPDATE_13
16:16:11.754 (index):710 NODEACCESSREQUESTED_14
16:16:11.755 (index):698 UPDATE_15
16:16:11.756 (index):680 NODEACCESSRELEASED_16
16:16:11.756 (index):698 UPDATE_17
16:16:11.757 (index):710 NODEACCESSREQUESTED_18
16:16:11.757 (index):710 NODEACCESSREQUESTED_0
16:16:11.758 (index):680 NODEACCESSRELEASED_1
16:16:11.759 (index):729 WAITING_2
16:16:11.759 (index):729 WAITING_3
16:16:11.760 (index):680 NODEACCESSRELEASED_4
16:16:11.761 (index):729 WAITING_5
16:16:11.761 (index):729 WAITING_6
16:16:11.762 (index):698 UPDATE_7
16:16:11.763 (index):710 NODEACCESSREQUESTED_8
16:16:11.763 (index):680 NODEACCESSRELEASED_9
16:16:11.764 (index):729 WAITING_10
16:16:11.765 (index):729 WAITING_11
16:16:11.765 (index):680 NODEACCESSRELEASED_12
16:16:11.766 (index):680 NODEACCESSRELEASED_13
16:16:11.767 (index):729 WAITING_14
16:16:11.767 (index):680 NODEACCESSRELEASED_15
16:16:11.768 (index):710 NODEACCESSREQUESTED_16
16:16:11.769 (index):680 NODEACCESSRELEASED_17
16:16:11.769 (index):698 UPDATE_18
16:16:11.770 (index):729 WAITING_0
16:16:11.771 (index):710 NODEACCESSREQUESTED_1
16:16:11.771 (index):729 WAITING_2
16:16:11.772 (index):698 UPDATE_3
16:16:11.772 (index):710 NODEACCESSREQUESTED_4
16:16:11.773 (index):698 UPDATE_5
16:16:11.774 (index):729 WAITING_6
16:16:11.774 (index):680 NODEACCESSRELEASED_7
16:16:11.775 (index):729 WAITING_8
16:16:11.776 (index):710 NODEACCESSREQUESTED_9
16:16:11.776 (index):729 WAITING_10
16:16:11.777 (index):698 UPDATE_11
16:16:11.778 (index):710 NODEACCESSREQUESTED_12
16:16:11.778 (index):710 NODEACCESSREQUESTED_13
16:16:11.779 (index):698 UPDATE_14
16:16:11.780 (index):710 NODEACCESSREQUESTED_15
16:16:11.781 (index):729 WAITING_16
16:16:11.781 (index):710 NODEACCESSREQUESTED_17
16:16:11.782 (index):680 NODEACCESSRELEASED_18
16:16:11.783 (index):729 WAITING_0
16:16:11.783 (index):698 UPDATE_1
16:16:11.784 (index):729 WAITING_2
16:16:11.784 (index):680 NODEACCESSRELEASED_3
16:16:11.785 (index):729 WAITING_4
16:16:11.786 (index):680 NODEACCESSRELEASED_5
16:16:11.786 (index):729 WAITING_6
16:16:11.787 (index):710 NODEACCESSREQUESTED_7
16:16:11.788 (index):729 WAITING_8
16:16:11.788 (index):698 UPDATE_9
16:16:11.789 (index):729 WAITING_10
16:16:11.790 (index):680 NODEACCESSRELEASED_11
16:16:11.790 (index):698 UPDATE_12
16:16:11.791 (index):698 UPDATE_13
16:16:11.792 (index):680 NODEACCESSRELEASED_14
16:16:11.792 (index):729 WAITING_15
16:16:11.793 (index):698 UPDATE_16
16:16:11.794 (index):698 UPDATE_17
16:16:11.794 (index):710 NODEACCESSREQUESTED_18
16:16:11.795 (index):729 WAITING_0
16:16:11.796 (index):680 NODEACCESSRELEASED_1
16:16:11.796 (index):729 WAITING_2
16:16:11.797 (index):710 NODEACCESSREQUESTED_3
16:16:11.798 (index):729 WAITING_4
16:16:11.798 (index):710 NODEACCESSREQUESTED_5
16:16:11.799 (index):729 WAITING_6
16:16:11.800 (index):729 WAITING_7
16:16:11.800 (index):698 UPDATE_8
16:16:11.801 (index):680 NODEACCESSRELEASED_9
16:16:11.801 (index):729 WAITING_10
16:16:11.802 (index):710 NODEACCESSREQUESTED_11
16:16:11.803 (index):680 NODEACCESSRELEASED_12
16:16:11.803 (index):680 NODEACCESSRELEASED_13
16:16:11.804 (index):710 NODEACCESSREQUESTED_14
16:16:11.805 (index):698 UPDATE_15
16:16:11.805 (index):680 NODEACCESSRELEASED_16
16:16:11.806 (index):680 NODEACCESSRELEASED_17
16:16:11.807 (index):698 UPDATE_18
16:16:11.807 (index):698 UPDATE_0
16:16:11.808 (index):710 NODEACCESSREQUESTED_1
16:16:11.809 (index):729 WAITING_2
16:16:11.809 (index):729 WAITING_3
16:16:11.810 (index):698 UPDATE_4
16:16:11.811 (index):729 WAITING_5
16:16:11.811 (index):729 WAITING_6
16:16:11.812 (index):729 WAITING_7
16:16:11.813 (index):680 NODEACCESSRELEASED_8
16:16:11.813 (index):710 NODEACCESSREQUESTED_9
16:16:11.814 (index):729 WAITING_10
16:16:11.815 (index):729 WAITING_11
16:16:11.815 (index):710 NODEACCESSREQUESTED_12
16:16:11.816 (index):710 NODEACCESSREQUESTED_13
16:16:11.817 (index):698 UPDATE_14
16:16:11.818 (index):680 NODEACCESSRELEASED_15
16:16:11.818 (index):710 NODEACCESSREQUESTED_16
16:16:11.819 (index):710 NODEACCESSREQUESTED_17
16:16:11.820 (index):680 NODEACCESSRELEASED_18
16:16:11.821 (index):680 NODEACCESSRELEASED_0
16:16:11.821 (index):729 WAITING_1
16:16:11.822 (index):729 WAITING_2
16:16:11.823 (index):729 WAITING_3
16:16:11.824 (index):680 NODEACCESSRELEASED_4
16:16:11.824 (index):698 UPDATE_5
16:16:11.825 (index):729 WAITING_6
16:16:11.826 (index):698 UPDATE_7
16:16:11.826 (index):710 NODEACCESSREQUESTED_8
16:16:11.827 (index):729 WAITING_9
16:16:11.828 (index):729 WAITING_10
16:16:11.828 (index):698 UPDATE_11
16:16:11.829 (index):729 WAITING_12
16:16:11.830 (index):729 WAITING_13
16:16:11.831 (index):680 NODEACCESSRELEASED_14
16:16:11.831 (index):710 NODEACCESSREQUESTED_15
16:16:11.832 (index):698 UPDATE_16
16:16:11.833 (index):729 WAITING_17
16:16:11.834 (index):710 NODEACCESSREQUESTED_18
16:16:11.835 (index):710 NODEACCESSREQUESTED_0
16:16:11.836 (index):729 WAITING_1
16:16:11.836 (index):729 WAITING_2
16:16:11.837 (index):729 WAITING_3
16:16:11.838 (index):710 NODEACCESSREQUESTED_4
16:16:11.838 (index):680 NODEACCESSRELEASED_5
16:16:11.839 (index):729 WAITING_6
16:16:11.840 (index):680 NODEACCESSRELEASED_7
16:16:11.841 (index):729 WAITING_8
16:16:11.841 (index):698 UPDATE_9
16:16:11.842 (index):729 WAITING_10
16:16:11.843 (index):680 NODEACCESSRELEASED_11
16:16:11.844 (index):729 WAITING_12
16:16:11.844 (index):729 WAITING_13
16:16:11.845 (index):710 NODEACCESSREQUESTED_14
16:16:11.846 (index):698 UPDATE_15
16:16:11.846 (index):680 NODEACCESSRELEASED_16
16:16:11.847 (index):698 UPDATE_17
16:16:11.848 (index):698 UPDATE_18
16:16:11.848 (index):698 UPDATE_0
16:16:11.849 (index):729 WAITING_1
16:16:11.850 (index):729 WAITING_2
16:16:11.851 (index):729 WAITING_3
16:16:11.851 (index):698 UPDATE_4
16:16:11.852 (index):710 NODEACCESSREQUESTED_5
16:16:11.853 (index):729 WAITING_6
16:16:11.854 (index):710 NODEACCESSREQUESTED_7
16:16:11.854 (index):729 WAITING_8
16:16:11.855 (index):680 NODEACCESSRELEASED_9
16:16:11.856 (index):729 WAITING_10
16:16:11.857 (index):710 NODEACCESSREQUESTED_11
16:16:11.857 (index):729 WAITING_12
16:16:11.858 (index):698 UPDATE_13
16:16:11.859 (index):698 UPDATE_14
16:16:11.860 (index):680 NODEACCESSRELEASED_15
16:16:11.860 (index):710 NODEACCESSREQUESTED_16
16:16:11.861 (index):680 NODEACCESSRELEASED_17
16:16:11.862 (index):680 NODEACCESSRELEASED_18
16:16:11.863 (index):680 NODEACCESSRELEASED_0
16:16:11.864 (index):698 UPDATE_1
16:16:11.864 (index):729 WAITING_2
16:16:11.865 (index):729 WAITING_3
16:16:11.866 (index):680 NODEACCESSRELEASED_4
16:16:11.867 (index):729 WAITING_5
16:16:11.867 (index):729 WAITING_6
16:16:11.868 (index):729 WAITING_7
16:16:11.869 (index):698 UPDATE_8
16:16:11.870 (index):710 NODEACCESSREQUESTED_9
16:16:11.870 (index):729 WAITING_10
16:16:11.871 (index):729 WAITING_11
16:16:11.872 (index):729 WAITING_12
16:16:11.872 (index):680 NODEACCESSRELEASED_13
16:16:11.873 (index):680 NODEACCESSRELEASED_14
16:16:11.874 (index):710 NODEACCESSREQUESTED_15
16:16:11.874 (index):729 WAITING_16
16:16:11.875 (index):710 NODEACCESSREQUESTED_17
16:16:11.876 (index):710 NODEACCESSREQUESTED_18
16:16:11.876 (index):710 NODEACCESSREQUESTED_0
16:16:11.877 (index):680 NODEACCESSRELEASED_1
16:16:11.878 (index):729 WAITING_2
16:16:11.878 (index):729 WAITING_3
16:16:11.879 (index):710 NODEACCESSREQUESTED_4
16:16:11.880 (index):698 UPDATE_5
16:16:11.880 (index):729 WAITING_6
16:16:11.881 (index):729 WAITING_7
16:16:11.882 (index):680 NODEACCESSRELEASED_8
16:16:11.883 (index):698 UPDATE_9
16:16:11.883 (index):729 WAITING_10
16:16:11.884 (index):729 WAITING_11
16:16:11.885 (index):698 UPDATE_12
16:16:11.885 (index):710 NODEACCESSREQUESTED_13
16:16:11.886 (index):710 NODEACCESSREQUESTED_14
16:16:11.887 (index):698 UPDATE_15
16:16:11.887 (index):729 WAITING_16
16:16:11.888 (index):729 WAITING_17
16:16:11.889 (index):729 WAITING_18
16:16:11.889 (index):729 WAITING_0
16:16:11.890 (index):710 NODEACCESSREQUESTED_1
16:16:11.891 (index):729 WAITING_2
16:16:11.891 (index):729 WAITING_3
16:16:11.892 (index):729 WAITING_4
16:16:11.893 (index):680 NODEACCESSRELEASED_5
16:16:11.893 (index):729 WAITING_6
16:16:11.894 (index):698 UPDATE_7
16:16:11.895 (index):710 NODEACCESSREQUESTED_8
16:16:11.895 (index):680 NODEACCESSRELEASED_9
16:16:11.896 (index):729 WAITING_10
16:16:11.897 (index):729 WAITING_11
16:16:11.897 (index):680 NODEACCESSRELEASED_12
16:16:11.898 (index):729 WAITING_13
16:16:11.899 (index):698 UPDATE_14
16:16:11.900 (index):680 NODEACCESSRELEASED_15
16:16:11.900 (index):729 WAITING_16
16:16:11.901 (index):698 UPDATE_17
16:16:11.902 (index):729 WAITING_18
16:16:11.902 (index):698 UPDATE_0
16:16:11.903 (index):729 WAITING_1
16:16:11.904 (index):729 WAITING_2
16:16:11.904 (index):729 WAITING_3
16:16:11.905 (index):698 UPDATE_4
16:16:11.906 (index):710 NODEACCESSREQUESTED_5
16:16:11.907 (index):729 WAITING_6
16:16:11.907 (index):680 NODEACCESSRELEASED_7
16:16:11.908 (index):729 WAITING_8
16:16:11.909 (index):710 NODEACCESSREQUESTED_9
16:16:11.909 (index):729 WAITING_10
16:16:11.910 (index):698 UPDATE_11
16:16:11.911 (index):710 NODEACCESSREQUESTED_12
16:16:11.911 (index):729 WAITING_13
16:16:11.912 (index):680 NODEACCESSRELEASED_14
16:16:11.913 (index):710 NODEACCESSREQUESTED_15
16:16:11.913 (index):729 WAITING_16
16:16:11.914 (index):680 NODEACCESSRELEASED_17
16:16:11.915 (index):729 WAITING_18
16:16:11.915 (index):680 NODEACCESSRELEASED_0
16:16:11.916 (index):729 WAITING_1
16:16:11.917 (index):729 WAITING_2
16:16:11.917 (index):729 WAITING_3
16:16:11.918 (index):680 NODEACCESSRELEASED_4
16:16:11.919 (index):729 WAITING_5
16:16:11.919 (index):729 WAITING_6
16:16:11.920 (index):710 NODEACCESSREQUESTED_7
16:16:11.921 (index):698 UPDATE_8
16:16:11.921 (index):729 WAITING_9
16:16:11.922 (index):729 WAITING_10
16:16:11.923 (index):680 NODEACCESSRELEASED_11
16:16:11.923 (index):698 UPDATE_12
16:16:11.924 (index):729 WAITING_13
16:16:11.925 (index):710 NODEACCESSREQUESTED_14
16:16:11.925 (index):698 UPDATE_15
16:16:11.926 (index):698 UPDATE_16
16:16:11.927 (index):710 NODEACCESSREQUESTED_17
16:16:11.928 (index):729 WAITING_18
16:16:11.928 (index):710 NODEACCESSREQUESTED_0
16:16:11.929 (index):729 WAITING_1
16:16:11.930 (index):729 WAITING_2
16:16:11.930 (index):729 WAITING_3
16:16:11.931 (index):710 NODEACCESSREQUESTED_4
16:16:11.932 (index):729 WAITING_5
16:16:11.932 (index):729 WAITING_6
16:16:11.933 (index):729 WAITING_7
16:16:11.934 (index):680 NODEACCESSRELEASED_8
16:16:11.934 (index):729 WAITING_9
16:16:11.935 (index):729 WAITING_10
16:16:11.936 (index):710 NODEACCESSREQUESTED_11
16:16:11.936 (index):680 NODEACCESSRELEASED_12
16:16:11.937 (index):729 WAITING_13
16:16:11.938 (index):729 WAITING_14
16:16:11.938 (index):680 NODEACCESSRELEASED_15
16:16:11.939 (index):680 NODEACCESSRELEASED_16
16:16:11.940 (index):729 WAITING_17
16:16:11.940 (index):729 WAITING_18
16:16:11.941 (index):698 UPDATE_0
16:16:11.942 (index):698 UPDATE_1
16:16:11.942 (index):729 WAITING_2
16:16:11.943 (index):729 WAITING_3
16:16:11.944 (index):698 UPDATE_4
16:16:11.945 (index):729 WAITING_5
16:16:11.945 (index):729 WAITING_6
16:16:11.946 (index):729 WAITING_7
16:16:11.947 (index):710 NODEACCESSREQUESTED_8
16:16:11.947 (index):729 WAITING_9
16:16:11.948 (index):729 WAITING_10
16:16:11.949 (index):729 WAITING_11
16:16:11.949 (index):710 NODEACCESSREQUESTED_12
16:16:11.950 (index):729 WAITING_13
16:16:11.951 (index):698 UPDATE_14
16:16:11.951 (index):710 NODEACCESSREQUESTED_15
16:16:11.952 (index):710 NODEACCESSREQUESTED_16
16:16:11.953 (index):729 WAITING_17
16:16:11.953 (index):729 WAITING_18
16:16:11.954 (index):680 NODEACCESSRELEASED_0
16:16:11.955 (index):680 NODEACCESSRELEASED_1
16:16:11.955 (index):729 WAITING_2
16:16:11.956 (index):729 WAITING_3
16:16:11.957 (index):680 NODEACCESSRELEASED_4
16:16:11.957 (index):729 WAITING_5
16:16:11.958 (index):729 WAITING_6
16:16:11.959 (index):729 WAITING_7
16:16:11.959 (index):729 WAITING_8
16:16:11.960 (index):729 WAITING_9
16:16:11.961 (index):729 WAITING_10
16:16:11.961 (index):698 UPDATE_11
16:16:11.962 (index):698 UPDATE_12
16:16:11.963 (index):698 UPDATE_13
16:16:11.963 (index):680 NODEACCESSRELEASED_14
16:16:11.964 (index):698 UPDATE_15
16:16:11.965 (index):698 UPDATE_16
16:16:11.965 (index):729 WAITING_17
16:16:11.966 (index):729 WAITING_18
16:16:11.967 (index):710 NODEACCESSREQUESTED_0
16:16:11.967 (index):710 NODEACCESSREQUESTED_1
16:16:11.968 (index):729 WAITING_2
16:16:11.969 (index):729 WAITING_3
16:16:11.969 (index):710 NODEACCESSREQUESTED_4
16:16:11.970 (index):729 WAITING_5
16:16:11.971 (index):729 WAITING_6
16:16:11.971 (index):729 WAITING_7
16:16:11.972 (index):729 WAITING_8
16:16:11.973 (index):729 WAITING_9
16:16:11.973 (index):729 WAITING_10
16:16:11.974 (index):680 NODEACCESSRELEASED_11
16:16:11.975 (index):680 NODEACCESSRELEASED_12
16:16:11.976 (index):680 NODEACCESSRELEASED_13
16:16:11.976 (index):710 NODEACCESSREQUESTED_14
16:16:11.977 (index):680 NODEACCESSRELEASED_15
16:16:11.978 (index):680 NODEACCESSRELEASED_16
16:16:11.978 (index):729 WAITING_17
16:16:11.986 (index):698 UPDATE_18
16:16:11.987 (index):698 UPDATE_0
16:16:11.987 (index):698 UPDATE_1
16:16:11.988 (index):729 WAITING_2
16:16:11.989 (index):729 WAITING_3
16:16:11.989 (index):729 WAITING_4
16:16:11.990 (index):698 UPDATE_5
16:16:11.991 (index):729 WAITING_6
16:16:11.998 (index):729 WAITING_7
16:16:11.999 (index):729 WAITING_8
16:16:12.000 (index):729 WAITING_9
16:16:12.000 (index):729 WAITING_10
16:16:12.001 (index):710 NODEACCESSREQUESTED_11
16:16:12.002 (index):710 NODEACCESSREQUESTED_12
16:16:12.003 (index):710 NODEACCESSREQUESTED_13
16:16:12.010 (index):729 WAITING_14
16:16:12.011 (index):710 NODEACCESSREQUESTED_15
16:16:12.011 (index):710 NODEACCESSREQUESTED_16
16:16:12.012 (index):729 WAITING_17
16:16:12.013 (index):680 NODEACCESSRELEASED_18
16:16:12.013 (index):680 NODEACCESSRELEASED_0
16:16:12.014 (index):680 NODEACCESSRELEASED_1
16:16:12.015 (index):729 WAITING_2
16:16:12.022 (index):729 WAITING_3
16:16:12.023 (index):729 WAITING_4
16:16:12.024 (index):680 NODEACCESSRELEASED_5
16:16:12.024 (index):729 WAITING_6
16:16:12.025 (index):698 UPDATE_7
16:16:12.026 (index):729 WAITING_8
16:16:12.026 (index):729 WAITING_9
16:16:12.033 (index):729 WAITING_10
16:16:12.034 (index):698 UPDATE_11
16:16:12.035 (index):729 WAITING_12
16:16:12.036 (index):729 WAITING_13
16:16:12.036 (index):698 UPDATE_14
16:16:12.037 (index):729 WAITING_15
16:16:12.038 (index):729 WAITING_16
16:16:12.038 (index):698 UPDATE_17
16:16:12.039 (index):710 NODEACCESSREQUESTED_18
16:16:12.040 (index):710 NODEACCESSREQUESTED_0
16:16:12.040 (index):710 NODEACCESSREQUESTED_1
16:16:12.041 (index):729 WAITING_2
16:16:12.042 (index):729 WAITING_3
16:16:12.043 (index):729 WAITING_4
16:16:12.043 (index):710 NODEACCESSREQUESTED_5
16:16:12.044 (index):729 WAITING_6
16:16:12.045 (index):680 NODEACCESSRELEASED_7
16:16:12.045 (index):729 WAITING_8
16:16:12.046 (index):729 WAITING_9
16:16:12.047 (index):729 WAITING_10
16:16:12.047 (index):680 NODEACCESSRELEASED_11
16:16:12.055 (index):729 WAITING_12
16:16:12.056 (index):729 WAITING_13
16:16:12.057 (index):680 NODEACCESSRELEASED_14
16:16:12.057 (index):729 WAITING_15
16:16:12.058 (index):729 WAITING_16
16:16:12.059 (index):680 NODEACCESSRELEASED_17
16:16:12.059 (index):698 UPDATE_18
16:16:12.067 (index):729 WAITING_0
16:16:12.067 (index):729 WAITING_1
16:16:12.068 (index):729 WAITING_2
16:16:12.069 (index):729 WAITING_3
16:16:12.070 (index):698 UPDATE_4
16:16:12.070 (index):729 WAITING_5
16:16:12.071 (index):729 WAITING_6
16:16:12.072 (index):710 NODEACCESSREQUESTED_7
16:16:12.072 (index):698 UPDATE_8
16:16:12.073 (index):729 WAITING_9
16:16:12.074 (index):729 WAITING_10
16:16:12.074 (index):710 NODEACCESSREQUESTED_11
16:16:12.075 (index):729 WAITING_12
16:16:12.076 (index):698 UPDATE_13
16:16:12.076 (index):710 NODEACCESSREQUESTED_14
16:16:12.084 (index):729 WAITING_15
16:16:12.084 (index):729 WAITING_16
16:16:12.085 (index):710 NODEACCESSREQUESTED_17
16:16:12.086 (index):680 NODEACCESSRELEASED_18
16:16:12.087 (index):729 WAITING_0
16:16:12.087 (index):698 UPDATE_1
16:16:12.088 (index):729 WAITING_2
16:16:12.089 (index):729 WAITING_3
16:16:12.089 (index):680 NODEACCESSRELEASED_4
16:16:12.090 (index):729 WAITING_5
16:16:12.091 (index):729 WAITING_6
16:16:12.091 (index):729 WAITING_7
16:16:12.092 (index):680 NODEACCESSRELEASED_8
16:16:12.093 (index):729 WAITING_9
16:16:12.101 (index):729 WAITING_10
16:16:12.102 (index):698 UPDATE_11
16:16:12.103 (index):698 UPDATE_12
16:16:12.104 (index):680 NODEACCESSRELEASED_13
16:16:12.105 (index):729 WAITING_14
16:16:12.105 (index):729 WAITING_15
16:16:12.106 (index):729 WAITING_16
16:16:12.107 (index):698 UPDATE_17
16:16:12.107 (index):710 NODEACCESSREQUESTED_18
16:16:12.108 (index):729 WAITING_0
16:16:12.109 (index):680 NODEACCESSRELEASED_1
16:16:12.110 (index):729 WAITING_2
16:16:12.127 (index):729 WAITING_3
16:16:12.128 (index):710 NODEACCESSREQUESTED_4
16:16:12.129 (index):698 UPDATE_5
16:16:12.129 (index):729 WAITING_6
16:16:12.130 (index):729 WAITING_7
16:16:12.131 (index):710 NODEACCESSREQUESTED_8
16:16:12.131 (index):729 WAITING_9
16:16:12.132 (index):729 WAITING_10
16:16:12.133 (index):680 NODEACCESSRELEASED_11
16:16:12.134 (index):680 NODEACCESSRELEASED_12
16:16:12.134 (index):710 NODEACCESSREQUESTED_13
16:16:12.135 (index):729 WAITING_14
16:16:12.136 (index):729 WAITING_15
16:16:12.136 (index):729 WAITING_16
16:16:12.137 (index):680 NODEACCESSRELEASED_17
16:16:12.138 (index):698 UPDATE_18
16:16:12.138 (index):729 WAITING_0
16:16:12.139 (index):710 NODEACCESSREQUESTED_1
16:16:12.140 (index):729 WAITING_2
16:16:12.141 (index):729 WAITING_3
16:16:12.141 (index):729 WAITING_4
16:16:12.142 (index):680 NODEACCESSRELEASED_5
16:16:12.143 (index):729 WAITING_6
16:16:12.167 (index):698 UPDATE_7
16:16:12.168 (index):729 WAITING_8
16:16:12.169 (index):729 WAITING_9
16:16:12.170 (index):729 WAITING_10
16:16:12.171 (index):710 NODEACCESSREQUESTED_11
16:16:12.171 (index):710 NODEACCESSREQUESTED_12
16:16:12.172 (index):698 UPDATE_13
16:16:12.173 (index):729 WAITING_14
16:16:12.173 (index):729 WAITING_15
16:16:12.174 (index):729 WAITING_16
16:16:12.175 (index):710 NODEACCESSREQUESTED_17
16:16:12.175 (index):680 NODEACCESSRELEASED_18
16:16:12.176 (index):729 WAITING_0
16:16:12.185 (index):698 UPDATE_1
16:16:12.186 (index):729 WAITING_2
16:16:12.187 (index):729 WAITING_3
16:16:12.188 (index):698 UPDATE_4
16:16:12.188 (index):710 NODEACCESSREQUESTED_5
16:16:12.189 (index):729 WAITING_6
16:16:12.190 (index):680 NODEACCESSRELEASED_7
16:16:12.190 (index):698 UPDATE_8
16:16:12.191 (index):729 WAITING_9
16:16:12.192 (index):729 WAITING_10
16:16:12.192 (index):698 UPDATE_11
16:16:12.193 (index):729 WAITING_12
16:16:12.200 (index):680 NODEACCESSRELEASED_13
16:16:12.200 (index):729 WAITING_14
16:16:12.201 (index):729 WAITING_15
16:16:12.202 (index):729 WAITING_16
16:16:12.203 (index):698 UPDATE_17
16:16:12.203 (index):710 NODEACCESSREQUESTED_18
16:16:12.204 (index):729 WAITING_0
16:16:12.204 (index):680 NODEACCESSRELEASED_1
16:16:12.205 (index):729 WAITING_2
16:16:12.206 (index):729 WAITING_3
16:16:12.207 (index):680 NODEACCESSRELEASED_4
16:16:12.207 (index):698 UPDATE_5
16:16:12.208 (index):729 WAITING_6
16:16:12.209 (index):710 NODEACCESSREQUESTED_7
16:16:12.209 (index):680 NODEACCESSRELEASED_8
16:16:12.219 (index):729 WAITING_9
16:16:12.219 (index):729 WAITING_10
16:16:12.220 (index):680 NODEACCESSRELEASED_11
16:16:12.221 (index):729 WAITING_12
16:16:12.221 (index):710 NODEACCESSREQUESTED_13
16:16:12.222 (index):698 UPDATE_14
16:16:12.223 (index):729 WAITING_15
16:16:12.223 (index):729 WAITING_16
16:16:12.224 (index):680 NODEACCESSRELEASED_17
16:16:12.225 (index):698 UPDATE_18
16:16:12.225 (index):729 WAITING_0
16:16:12.227 (index):710 NODEACCESSREQUESTED_1
16:16:12.236 (index):729 WAITING_2
16:16:12.236 (index):729 WAITING_3
16:16:12.237 (index):710 NODEACCESSREQUESTED_4
16:16:12.238 (index):680 NODEACCESSRELEASED_5
16:16:12.239 (index):729 WAITING_6
16:16:12.239 (index):729 WAITING_7
16:16:12.240 (index):710 NODEACCESSREQUESTED_8
16:16:12.241 (index):729 WAITING_9
16:16:12.241 (index):729 WAITING_10
16:16:12.242 (index):710 NODEACCESSREQUESTED_11
16:16:12.243 (index):729 WAITING_12
16:16:12.252 (index):729 WAITING_13
16:16:12.253 (index):680 NODEACCESSRELEASED_14
16:16:12.254 (index):729 WAITING_15
16:16:12.254 (index):729 WAITING_16
16:16:12.255 (index):710 NODEACCESSREQUESTED_17
16:16:12.256 (index):680 NODEACCESSRELEASED_18
16:16:12.256 (index):729 WAITING_0
16:16:12.257 (index):698 UPDATE_1
16:16:12.258 (index):729 WAITING_2
16:16:12.258 (index):729 WAITING_3
16:16:12.259 (index):729 WAITING_4
16:16:12.260 (index):710 NODEACCESSREQUESTED_5
16:16:12.269 (index):729 WAITING_6
16:16:12.270 (index):698 UPDATE_7
16:16:12.271 (index):729 WAITING_8
16:16:12.272 (index):729 WAITING_9
16:16:12.272 (index):729 WAITING_10
16:16:12.273 (index):698 UPDATE_11
16:16:12.274 (index):698 UPDATE_12
16:16:12.274 (index):729 WAITING_13
16:16:12.275 (index):710 NODEACCESSREQUESTED_14
16:16:12.276 (index):729 WAITING_15
16:16:12.277 (index):729 WAITING_16
16:16:12.277 (index):729 WAITING_17
16:16:12.278 (index):710 NODEACCESSREQUESTED_18
16:16:12.279 (index):729 WAITING_0
16:16:12.279 (index):680 NODEACCESSRELEASED_1
16:16:12.280 (index):729 WAITING_2
16:16:12.281 (index):729 WAITING_3
16:16:12.281 (index):729 WAITING_4
16:16:12.282 (index):698 UPDATE_5
16:16:12.283 (index):729 WAITING_6
16:16:12.283 (index):680 NODEACCESSRELEASED_7
16:16:12.292 (index):729 WAITING_8
16:16:12.293 (index):729 WAITING_9
16:16:12.294 (index):729 WAITING_10
16:16:12.295 (index):680 NODEACCESSRELEASED_11
16:16:12.295 (index):680 NODEACCESSRELEASED_12
16:16:12.296 (index):698 UPDATE_13
16:16:12.297 (index):729 WAITING_14
16:16:12.297 (index):729 WAITING_15
16:16:12.298 (index):729 WAITING_16
16:16:12.299 (index):729 WAITING_17
16:16:12.300 (index):698 UPDATE_18
16:16:12.300 (index):729 WAITING_0
16:16:12.301 (index):710 NODEACCESSREQUESTED_1
16:16:12.302 (index):729 WAITING_2
16:16:12.302 (index):729 WAITING_3
16:16:12.303 (index):729 WAITING_4
16:16:12.304 (index):680 NODEACCESSRELEASED_5
16:16:12.304 (index):729 WAITING_6
16:16:12.305 (index):710 NODEACCESSREQUESTED_7
16:16:12.306 (index):729 WAITING_8
16:16:12.306 (index):729 WAITING_9
16:16:12.307 (index):729 WAITING_10
16:16:12.308 (index):710 NODEACCESSREQUESTED_11
16:16:12.308 (index):710 NODEACCESSREQUESTED_12
16:16:12.309 (index):680 NODEACCESSRELEASED_13
16:16:12.310 (index):729 WAITING_14
16:16:12.310 (index):729 WAITING_15
16:16:12.311 (index):729 WAITING_16
16:16:12.312 (index):698 UPDATE_17
16:16:12.312 (index):680 NODEACCESSRELEASED_18
16:16:12.313 (index):729 WAITING_0
16:16:12.314 (index):729 WAITING_1
16:16:12.314 (index):729 WAITING_2
16:16:12.315 (index):729 WAITING_3
16:16:12.316 (index):698 UPDATE_4
16:16:12.316 (index):710 NODEACCESSREQUESTED_5
16:16:12.317 (index):729 WAITING_6
16:16:12.318 (index):729 WAITING_7
16:16:12.318 (index):729 WAITING_8
16:16:12.319 (index):729 WAITING_9
16:16:12.320 (index):729 WAITING_10
16:16:12.320 (index):729 WAITING_11
16:16:12.321 (index):698 UPDATE_12
16:16:12.322 (index):710 NODEACCESSREQUESTED_13
16:16:12.322 (index):729 WAITING_14
16:16:12.323 (index):729 WAITING_15
16:16:12.324 (index):729 WAITING_16
16:16:12.324 (index):680 NODEACCESSRELEASED_17
16:16:12.325 (index):710 NODEACCESSREQUESTED_18
16:16:12.326 (index):729 WAITING_0
16:16:12.326 (index):729 WAITING_1
16:16:12.327 (index):729 WAITING_2
16:16:12.328 (index):729 WAITING_3
16:16:12.328 (index):680 NODEACCESSRELEASED_4
16:16:12.329 (index):729 WAITING_5
16:16:12.330 (index):729 WAITING_6
16:16:12.330 (index):729 WAITING_7
16:16:12.331 (index):729 WAITING_8
16:16:12.332 (index):729 WAITING_9
16:16:12.332 (index):729 WAITING_10
16:16:12.333 (index):698 UPDATE_11
16:16:12.334 (index):680 NODEACCESSRELEASED_12
16:16:12.334 (index):729 WAITING_13
16:16:12.335 (index):698 UPDATE_14
16:16:12.336 (index):729 WAITING_15
16:16:12.336 (index):729 WAITING_16
16:16:12.337 (index):710 NODEACCESSREQUESTED_17
16:16:12.338 (index):698 UPDATE_18
16:16:12.338 (index):729 WAITING_0
16:16:12.339 (index):729 WAITING_1
16:16:12.340 (index):729 WAITING_2
16:16:12.340 (index):729 WAITING_3
16:16:12.341 (index):710 NODEACCESSREQUESTED_4
16:16:12.342 (index):729 WAITING_5
16:16:12.342 (index):729 WAITING_6
16:16:12.343 (index):729 WAITING_7
16:16:12.344 (index):698 UPDATE_8
16:16:12.344 (index):729 WAITING_9
16:16:12.345 (index):729 WAITING_10
16:16:12.346 (index):680 NODEACCESSRELEASED_11
16:16:12.346 (index):710 NODEACCESSREQUESTED_12
16:16:12.347 (index):729 WAITING_13
16:16:12.348 (index):680 NODEACCESSRELEASED_14
16:16:12.348 (index):729 WAITING_15
16:16:12.349 (index):729 WAITING_16
16:16:12.350 (index):698 UPDATE_17
16:16:12.350 (index):680 NODEACCESSRELEASED_18
16:16:12.351 (index):729 WAITING_0
16:16:12.352 (index):729 WAITING_1
16:16:12.352 (index):729 WAITING_2
16:16:12.353 (index):729 WAITING_3
16:16:12.354 (index):729 WAITING_4
16:16:12.354 (index):729 WAITING_5
16:16:12.355 (index):729 WAITING_6
16:16:12.364 (index):698 UPDATE_7
16:16:12.365 (index):680 NODEACCESSRELEASED_8
16:16:12.365 (index):729 WAITING_9
16:16:12.366 (index):729 WAITING_10
16:16:12.367 (index):710 NODEACCESSREQUESTED_11
16:16:12.367 (index):729 WAITING_12
16:16:12.368 (index):729 WAITING_13
16:16:12.377 (index):710 NODEACCESSREQUESTED_14
16:16:12.378 (index):729 WAITING_15
16:16:12.378 (index):729 WAITING_16
16:16:12.379 (index):680 NODEACCESSRELEASED_17
16:16:12.380 (index):710 NODEACCESSREQUESTED_18
16:16:12.380 (index):729 WAITING_0
16:16:12.381 (index):698 UPDATE_1
16:16:12.389 (index):729 WAITING_2
16:16:12.389 (index):729 WAITING_3
16:16:12.390 (index):729 WAITING_4
16:16:12.391 (index):729 WAITING_5
16:16:12.391 (index):729 WAITING_6
16:16:12.392 (index):680 NODEACCESSRELEASED_7
16:16:12.393 (index):710 NODEACCESSREQUESTED_8
16:16:12.394 (index):729 WAITING_9
16:16:12.394 (index):729 WAITING_10
16:16:12.395 (index):729 WAITING_11
16:16:12.402 (index):698 UPDATE_12
16:16:12.403 (index):698 UPDATE_13
16:16:12.404 (index):729 WAITING_14
16:16:12.404 (index):729 WAITING_15
16:16:12.405 (index):729 WAITING_16
16:16:12.406 (index):710 NODEACCESSREQUESTED_17
16:16:12.407 (index):698 UPDATE_18
16:16:12.407 (index):729 WAITING_0
16:16:12.408 (index):680 NODEACCESSRELEASED_1
16:16:12.409 (index):729 WAITING_2
16:16:12.409 (index):729 WAITING_3
16:16:12.410 (index):729 WAITING_4
16:16:12.411 (index):698 UPDATE_5
16:16:12.411 (index):729 WAITING_6
16:16:12.412 (index):710 NODEACCESSREQUESTED_7
16:16:12.413 (index):729 WAITING_8
16:16:12.413 (index):729 WAITING_9
16:16:12.414 (index):729 WAITING_10
16:16:12.415 (index):729 WAITING_11
16:16:12.415 (index):680 NODEACCESSRELEASED_12
16:16:12.416 (index):680 NODEACCESSRELEASED_13
16:16:12.417 (index):729 WAITING_14
16:16:12.417 (index):729 WAITING_15
16:16:12.418 (index):729 WAITING_16
16:16:12.419 (index):729 WAITING_17
16:16:12.419 (index):680 NODEACCESSRELEASED_18
16:16:12.420 (index):729 WAITING_0
16:16:12.421 (index):710 NODEACCESSREQUESTED_1
16:16:12.421 (index):729 WAITING_2
16:16:12.422 (index):729 WAITING_3
16:16:12.423 (index):729 WAITING_4
16:16:12.423 (index):680 NODEACCESSRELEASED_5
16:16:12.424 (index):729 WAITING_6
16:16:12.425 (index):698 UPDATE_7
16:16:12.425 (index):698 UPDATE_8
16:16:12.426 (index):729 WAITING_9
16:16:12.427 (index):729 WAITING_10
16:16:12.427 (index):729 WAITING_11
16:16:12.428 (index):710 NODEACCESSREQUESTED_12
16:16:12.429 (index):710 NODEACCESSREQUESTED_13
16:16:12.429 (index):698 UPDATE_14
16:16:12.430 (index):729 WAITING_15
16:16:12.431 (index):729 WAITING_16
16:16:12.431 (index):729 WAITING_17
16:16:12.432 (index):710 NODEACCESSREQUESTED_18
16:16:12.433 (index):729 WAITING_0
16:16:12.433 (index):729 WAITING_1
16:16:12.434 (index):729 WAITING_2
16:16:12.435 (index):729 WAITING_3
16:16:12.436 (index):698 UPDATE_4
16:16:12.436 (index):710 NODEACCESSREQUESTED_5
16:16:12.437 (index):729 WAITING_6
16:16:12.438 (index):680 NODEACCESSRELEASED_7
16:16:12.438 (index):680 NODEACCESSRELEASED_8
16:16:12.439 (index):729 WAITING_9
16:16:12.440 (index):729 WAITING_10
16:16:12.440 (index):729 WAITING_11
16:16:12.441 (index):729 WAITING_12
16:16:12.442 (index):729 WAITING_13
16:16:12.442 (index):680 NODEACCESSRELEASED_14
16:16:12.443 (index):729 WAITING_15
16:16:12.444 (index):729 WAITING_16
16:16:12.444 (index):698 UPDATE_17
16:16:12.445 (index):729 WAITING_18
16:16:12.446 (index):729 WAITING_0
16:16:12.446 (index):698 UPDATE_1
16:16:12.447 (index):729 WAITING_2
16:16:12.448 (index):729 WAITING_3
16:16:12.448 (index):680 NODEACCESSRELEASED_4
16:16:12.449 (index):698 UPDATE_5
16:16:12.450 (index):729 WAITING_6
16:16:12.450 (index):710 NODEACCESSREQUESTED_7
16:16:12.451 (index):710 NODEACCESSREQUESTED_8
16:16:12.452 (index):729 WAITING_9
16:16:12.452 (index):729 WAITING_10
16:16:12.453 (index):729 WAITING_11
16:16:12.454 (index):698 UPDATE_12
16:16:12.454 (index):729 WAITING_13
16:16:12.455 (index):710 NODEACCESSREQUESTED_14
16:16:12.456 (index):729 WAITING_15
16:16:12.456 (index):729 WAITING_16
16:16:12.457 (index):680 NODEACCESSRELEASED_17
16:16:12.458 (index):698 UPDATE_18
16:16:12.458 (index):729 WAITING_0
16:16:12.459 (index):680 NODEACCESSRELEASED_1
16:16:12.460 (index):729 WAITING_2
16:16:12.460 (index):729 WAITING_3
16:16:12.461 (index):710 NODEACCESSREQUESTED_4
16:16:12.462 (index):680 NODEACCESSRELEASED_5
16:16:12.462 (index):729 WAITING_6
16:16:12.463 (index):729 WAITING_7
16:16:12.464 (index):698 UPDATE_8
16:16:12.464 (index):729 WAITING_9
16:16:12.465 (index):729 WAITING_10
16:16:12.466 (index):729 WAITING_11
16:16:12.466 (index):680 NODEACCESSRELEASED_12
16:16:12.467 (index):698 UPDATE_13
16:16:12.468 (index):698 UPDATE_14
16:16:12.468 (index):729 WAITING_15
16:16:12.469 (index):729 WAITING_16
16:16:12.470 (index):710 NODEACCESSREQUESTED_17
16:16:12.470 (index):740 END_18
16:16:12.471 (index):729 WAITING_0
16:16:12.472 (index):710 NODEACCESSREQUESTED_1
16:16:12.472 (index):729 WAITING_2
16:16:12.473 (index):729 WAITING_3
16:16:12.474 (index):698 UPDATE_4
16:16:12.474 (index):710 NODEACCESSREQUESTED_5
16:16:12.475 (index):729 WAITING_6
16:16:12.476 (index):729 WAITING_7
16:16:12.476 (index):680 NODEACCESSRELEASED_8
16:16:12.477 (index):729 WAITING_9
16:16:12.478 (index):729 WAITING_10
16:16:12.478 (index):729 WAITING_11
16:16:12.479 (index):710 NODEACCESSREQUESTED_12
16:16:12.480 (index):680 NODEACCESSRELEASED_13
16:16:12.480 (index):680 NODEACCESSRELEASED_14
16:16:12.481 (index):729 WAITING_15
16:16:12.482 (index):729 WAITING_16
16:16:12.482 (index):698 UPDATE_17
16:16:12.483 (index):729 WAITING_0
16:16:12.484 (index):698 UPDATE_1
16:16:12.484 (index):729 WAITING_2
16:16:12.485 (index):729 WAITING_3
16:16:12.486 (index):680 NODEACCESSRELEASED_4
16:16:12.486 (index):698 UPDATE_5
16:16:12.487 (index):729 WAITING_6
16:16:12.488 (index):698 UPDATE_7
16:16:12.489 (index):710 NODEACCESSREQUESTED_8
16:16:12.489 (index):729 WAITING_9
16:16:12.490 (index):729 WAITING_10
16:16:12.491 (index):729 WAITING_11
16:16:12.491 (index):698 UPDATE_12
16:16:12.492 (index):710 NODEACCESSREQUESTED_13
16:16:12.493 (index):710 NODEACCESSREQUESTED_14
16:16:12.493 (index):729 WAITING_15
16:16:12.494 (index):729 WAITING_16
16:16:12.495 (index):680 NODEACCESSRELEASED_17
16:16:12.495 (index):729 WAITING_0
16:16:12.496 (index):680 NODEACCESSRELEASED_1
16:16:12.497 (index):729 WAITING_2
16:16:12.497 (index):729 WAITING_3
16:16:12.498 (index):710 NODEACCESSREQUESTED_4
16:16:12.499 (index):680 NODEACCESSRELEASED_5
16:16:12.499 (index):729 WAITING_6
16:16:12.500 (index):680 NODEACCESSRELEASED_7
16:16:12.501 (index):729 WAITING_8
16:16:12.501 (index):729 WAITING_9
16:16:12.502 (index):729 WAITING_10
16:16:12.503 (index):698 UPDATE_11
16:16:12.503 (index):680 NODEACCESSRELEASED_12
16:16:12.504 (index):698 UPDATE_13
16:16:12.505 (index):698 UPDATE_14
16:16:12.505 (index):729 WAITING_15
16:16:12.506 (index):729 WAITING_16
16:16:12.507 (index):710 NODEACCESSREQUESTED_17
16:16:12.508 (index):729 WAITING_0
16:16:12.508 (index):710 NODEACCESSREQUESTED_1
16:16:12.509 (index):729 WAITING_2
16:16:12.510 (index):729 WAITING_3
16:16:12.510 (index):729 WAITING_4
16:16:12.511 (index):710 NODEACCESSREQUESTED_5
16:16:12.512 (index):729 WAITING_6
16:16:12.512 (index):710 NODEACCESSREQUESTED_7
16:16:12.513 (index):729 WAITING_8
16:16:12.513 (index):729 WAITING_9
16:16:12.514 (index):729 WAITING_10
16:16:12.515 (index):680 NODEACCESSRELEASED_11
16:16:12.516 (index):710 NODEACCESSREQUESTED_12
16:16:12.516 (index):680 NODEACCESSRELEASED_13
16:16:12.517 (index):680 NODEACCESSRELEASED_14
16:16:12.518 (index):729 WAITING_15
16:16:12.518 (index):729 WAITING_16
16:16:12.519 (index):698 UPDATE_17
16:16:12.520 (index):729 WAITING_0
16:16:12.520 (index):698 UPDATE_1
16:16:12.521 (index):729 WAITING_2
16:16:12.522 (index):729 WAITING_3
16:16:12.522 (index):729 WAITING_4
16:16:12.523 (index):729 WAITING_5
16:16:12.524 (index):729 WAITING_6
16:16:12.524 (index):698 UPDATE_7
16:16:12.525 (index):729 WAITING_8
16:16:12.526 (index):729 WAITING_9
16:16:12.526 (index):729 WAITING_10
16:16:12.527 (index):710 NODEACCESSREQUESTED_11
16:16:12.528 (index):698 UPDATE_12
16:16:12.528 (index):710 NODEACCESSREQUESTED_13
16:16:12.529 (index):710 NODEACCESSREQUESTED_14
16:16:12.530 (index):729 WAITING_15
16:16:12.530 (index):729 WAITING_16
16:16:12.531 (index):740 END_17
16:16:12.533 (index):729 WAITING_0
16:16:12.534 (index):740 END_1
16:16:12.535 (index):729 WAITING_2
16:16:12.536 (index):729 WAITING_3
16:16:12.536 (index):698 UPDATE_4
16:16:12.537 (index):729 WAITING_5
16:16:12.538 (index):729 WAITING_6
16:16:12.538 (index):680 NODEACCESSRELEASED_7
16:16:12.539 (index):729 WAITING_8
16:16:12.540 (index):729 WAITING_9
16:16:12.540 (index):729 WAITING_10
16:16:12.541 (index):698 UPDATE_11
16:16:12.542 (index):740 END_12
16:16:12.542 (index):698 UPDATE_13
16:16:12.543 (index):698 UPDATE_14
16:16:12.544 (index):729 WAITING_15
16:16:12.544 (index):729 WAITING_16
16:16:12.545 (index):729 WAITING_0
16:16:12.546 (index):729 WAITING_2
16:16:12.546 (index):729 WAITING_3
16:16:12.547 (index):680 NODEACCESSRELEASED_4
16:16:12.548 (index):729 WAITING_5
16:16:12.548 (index):729 WAITING_6
16:16:12.549 (index):710 NODEACCESSREQUESTED_7
16:16:12.550 (index):729 WAITING_8
16:16:12.550 (index):729 WAITING_9
16:16:12.551 (index):729 WAITING_10
16:16:12.552 (index):680 NODEACCESSRELEASED_11
16:16:12.552 (index):680 NODEACCESSRELEASED_13
16:16:12.553 (index):740 END_14
16:16:12.554 (index):729 WAITING_15
16:16:12.554 (index):729 WAITING_16
16:16:12.555 (index):729 WAITING_0
16:16:12.556 (index):729 WAITING_2
16:16:12.556 (index):729 WAITING_3
16:16:12.557 (index):710 NODEACCESSREQUESTED_4
16:16:12.558 (index):729 WAITING_5
16:16:12.558 (index):729 WAITING_6
16:16:12.559 (index):698 UPDATE_7
16:16:12.560 (index):729 WAITING_8
16:16:12.560 (index):729 WAITING_9
16:16:12.561 (index):729 WAITING_10
16:16:12.562 (index):710 NODEACCESSREQUESTED_11
16:16:12.562 (index):710 NODEACCESSREQUESTED_13
16:16:12.563 (index):729 WAITING_15
16:16:12.564 (index):729 WAITING_16
16:16:12.564 (index):729 WAITING_0
16:16:12.565 (index):729 WAITING_2
16:16:12.566 (index):729 WAITING_3
16:16:12.566 (index):729 WAITING_4
16:16:12.567 (index):729 WAITING_5
16:16:12.568 (index):729 WAITING_6
16:16:12.568 (index):740 END_7
16:16:12.569 (index):729 WAITING_8
16:16:12.570 (index):729 WAITING_9
16:16:12.570 (index):729 WAITING_10
16:16:12.571 (index):698 UPDATE_11
16:16:12.571 (index):698 UPDATE_13
16:16:12.572 (index):729 WAITING_15
16:16:12.573 (index):729 WAITING_16
16:16:12.573 (index):729 WAITING_0
16:16:12.574 (index):729 WAITING_2
16:16:12.575 (index):729 WAITING_3
16:16:12.575 (index):729 WAITING_4
16:16:12.576 (index):729 WAITING_5
16:16:12.577 (index):729 WAITING_6
16:16:12.577 (index):729 WAITING_8
16:16:12.578 (index):729 WAITING_9
16:16:12.579 (index):729 WAITING_10
16:16:12.579 (index):740 END_11
16:16:12.580 (index):740 END_13
16:16:12.581 (index):729 WAITING_15
16:16:12.581 (index):729 WAITING_16
16:16:12.582 (index):729 WAITING_0
16:16:12.583 (index):698 UPDATE_2
16:16:12.583 (index):729 WAITING_3
16:16:12.584 (index):729 WAITING_4
16:16:12.585 (index):729 WAITING_5
16:16:12.585 (index):729 WAITING_6
16:16:12.586 (index):729 WAITING_8
16:16:12.586 (index):729 WAITING_9
16:16:12.587 (index):729 WAITING_10
16:16:12.588 (index):729 WAITING_15
16:16:12.588 (index):729 WAITING_16
16:16:12.589 (index):729 WAITING_0
16:16:12.590 (index):680 NODEACCESSRELEASED_2
16:16:12.590 (index):729 WAITING_3
16:16:12.591 (index):729 WAITING_4
16:16:12.592 (index):729 WAITING_5
16:16:12.592 (index):698 UPDATE_6
16:16:12.593 (index):729 WAITING_8
16:16:12.594 (index):729 WAITING_9
16:16:12.594 (index):729 WAITING_10
16:16:12.595 (index):729 WAITING_15
16:16:12.596 (index):729 WAITING_16
16:16:12.596 (index):729 WAITING_0
16:16:12.597 (index):710 NODEACCESSREQUESTED_2
16:16:12.598 (index):729 WAITING_3
16:16:12.598 (index):729 WAITING_4
16:16:12.599 (index):729 WAITING_5
16:16:12.600 (index):680 NODEACCESSRELEASED_6
16:16:12.600 (index):729 WAITING_8
16:16:12.601 (index):729 WAITING_9
16:16:12.602 (index):698 UPDATE_10
16:16:12.602 (index):729 WAITING_15
16:16:12.603 (index):729 WAITING_16
16:16:12.604 (index):729 WAITING_0
16:16:12.604 (index):698 UPDATE_2
16:16:12.605 (index):729 WAITING_3
16:16:12.605 (index):729 WAITING_4
16:16:12.606 (index):729 WAITING_5
16:16:12.607 (index):710 NODEACCESSREQUESTED_6
16:16:12.607 (index):729 WAITING_8
16:16:12.608 (index):729 WAITING_9
16:16:12.609 (index):680 NODEACCESSRELEASED_10
16:16:12.609 (index):729 WAITING_15
16:16:12.610 (index):729 WAITING_16
16:16:12.611 (index):729 WAITING_0
16:16:12.611 (index):680 NODEACCESSRELEASED_2
16:16:12.612 (index):729 WAITING_3
16:16:12.613 (index):729 WAITING_4
16:16:12.613 (index):729 WAITING_5
16:16:12.614 (index):729 WAITING_6
16:16:12.615 (index):729 WAITING_8
16:16:12.615 (index):698 UPDATE_9
16:16:12.616 (index):710 NODEACCESSREQUESTED_10
16:16:12.617 (index):729 WAITING_15
16:16:12.617 (index):729 WAITING_16
16:16:12.618 (index):729 WAITING_0
16:16:12.619 (index):710 NODEACCESSREQUESTED_2
16:16:12.619 (index):729 WAITING_3
16:16:12.620 (index):729 WAITING_4
16:16:12.621 (index):729 WAITING_5
16:16:12.621 (index):729 WAITING_6
16:16:12.622 (index):729 WAITING_8
16:16:12.623 (index):680 NODEACCESSRELEASED_9
16:16:12.623 (index):698 UPDATE_10
16:16:12.624 (index):729 WAITING_15
16:16:12.625 (index):698 UPDATE_16
16:16:12.625 (index):729 WAITING_0
16:16:12.626 (index):729 WAITING_2
16:16:12.627 (index):729 WAITING_3
16:16:12.627 (index):729 WAITING_4
16:16:12.628 (index):729 WAITING_5
16:16:12.629 (index):729 WAITING_6
16:16:12.629 (index):729 WAITING_8
16:16:12.630 (index):710 NODEACCESSREQUESTED_9
16:16:12.631 (index):680 NODEACCESSRELEASED_10
16:16:12.631 (index):729 WAITING_15
16:16:12.632 (index):680 NODEACCESSRELEASED_16
16:16:12.633 (index):729 WAITING_0
16:16:12.633 (index):729 WAITING_2
16:16:12.634 (index):729 WAITING_3
16:16:12.635 (index):729 WAITING_4
16:16:12.635 (index):698 UPDATE_5
16:16:12.636 (index):729 WAITING_6
16:16:12.636 (index):729 WAITING_8
16:16:12.637 (index):698 UPDATE_9
16:16:12.638 (index):710 NODEACCESSREQUESTED_10
16:16:12.639 (index):729 WAITING_15
16:16:12.639 (index):710 NODEACCESSREQUESTED_16
16:16:12.640 (index):729 WAITING_0
16:16:12.641 (index):729 WAITING_2
16:16:12.641 (index):729 WAITING_3
16:16:12.642 (index):729 WAITING_4
16:16:12.643 (index):740 END_5
16:16:12.643 (index):729 WAITING_6
16:16:12.644 (index):729 WAITING_8
16:16:12.645 (index):680 NODEACCESSRELEASED_9
16:16:12.645 (index):729 WAITING_10
16:16:12.646 (index):729 WAITING_15
16:16:12.647 (index):729 WAITING_16
16:16:12.647 (index):729 WAITING_0
16:16:12.648 (index):729 WAITING_2
16:16:12.649 (index):729 WAITING_3
16:16:12.649 (index):698 UPDATE_4
16:16:12.650 (index):729 WAITING_6
16:16:12.651 (index):729 WAITING_8
16:16:12.651 (index):710 NODEACCESSREQUESTED_9
16:16:12.652 (index):729 WAITING_10
16:16:12.653 (index):729 WAITING_15
16:16:12.653 (index):729 WAITING_16
16:16:12.654 (index):729 WAITING_0
16:16:12.655 (index):729 WAITING_2
16:16:12.655 (index):729 WAITING_3
16:16:12.656 (index):740 END_4
16:16:12.656 (index):698 UPDATE_6
16:16:12.657 (index):729 WAITING_8
16:16:12.658 (index):698 UPDATE_9
16:16:12.658 (index):729 WAITING_10
16:16:12.659 (index):729 WAITING_15
16:16:12.660 (index):729 WAITING_16
16:16:12.660 (index):729 WAITING_0
16:16:12.661 (index):729 WAITING_2
16:16:12.662 (index):729 WAITING_3
16:16:12.662 (index):680 NODEACCESSRELEASED_6
16:16:12.663 (index):729 WAITING_8
16:16:12.664 (index):680 NODEACCESSRELEASED_9
16:16:12.664 (index):729 WAITING_10
16:16:12.665 (index):729 WAITING_15
16:16:12.666 (index):698 UPDATE_16
16:16:12.666 (index):729 WAITING_0
16:16:12.667 (index):698 UPDATE_2
16:16:12.668 (index):729 WAITING_3
16:16:12.668 (index):710 NODEACCESSREQUESTED_6
16:16:12.669 (index):729 WAITING_8
16:16:12.670 (index):710 NODEACCESSREQUESTED_9
16:16:12.670 (index):729 WAITING_10
16:16:12.671 (index):729 WAITING_15
16:16:12.672 (index):680 NODEACCESSRELEASED_16
16:16:12.672 (index):729 WAITING_0
16:16:12.673 (index):680 NODEACCESSRELEASED_2
16:16:12.674 (index):729 WAITING_3
16:16:12.674 (index):698 UPDATE_6
16:16:12.675 (index):729 WAITING_8
16:16:12.676 (index):698 UPDATE_9
16:16:12.676 (index):698 UPDATE_10
16:16:12.677 (index):729 WAITING_15
16:16:12.678 (index):710 NODEACCESSREQUESTED_16
16:16:12.678 (index):729 WAITING_0
16:16:12.679 (index):710 NODEACCESSREQUESTED_2
16:16:12.680 (index):729 WAITING_3
16:16:12.680 (index):680 NODEACCESSRELEASED_6
16:16:12.681 (index):729 WAITING_8
16:16:12.681 (index):680 NODEACCESSRELEASED_9
16:16:12.682 (index):680 NODEACCESSRELEASED_10
16:16:12.683 (index):729 WAITING_15
16:16:12.684 (index):698 UPDATE_16
16:16:12.684 (index):729 WAITING_0
16:16:12.685 (index):698 UPDATE_2
16:16:12.686 (index):729 WAITING_3
16:16:12.686 (index):710 NODEACCESSREQUESTED_6
16:16:12.687 (index):729 WAITING_8
16:16:12.688 (index):710 NODEACCESSREQUESTED_9
16:16:12.688 (index):710 NODEACCESSREQUESTED_10
16:16:12.689 (index):729 WAITING_15
16:16:12.690 (index):680 NODEACCESSRELEASED_16
16:16:12.690 (index):729 WAITING_0
16:16:12.691 (index):680 NODEACCESSRELEASED_2
16:16:12.692 (index):729 WAITING_3
16:16:12.692 (index):698 UPDATE_6
16:16:12.693 (index):729 WAITING_8
16:16:12.694 (index):698 UPDATE_9
16:16:12.694 (index):698 UPDATE_10
16:16:12.695 (index):729 WAITING_15
16:16:12.696 (index):710 NODEACCESSREQUESTED_16
16:16:12.697 (index):729 WAITING_0
16:16:12.697 (index):710 NODEACCESSREQUESTED_2
16:16:12.697 (index):729 WAITING_3
16:16:12.698 (index):680 NODEACCESSRELEASED_6
16:16:12.699 (index):729 WAITING_8
16:16:12.699 (index):680 NODEACCESSRELEASED_9
16:16:12.700 (index):680 NODEACCESSRELEASED_10
16:16:12.701 (index):729 WAITING_15
16:16:12.701 (index):698 UPDATE_16
16:16:12.702 (index):729 WAITING_0
16:16:12.703 (index):729 WAITING_2
16:16:12.703 (index):729 WAITING_3
16:16:12.704 (index):710 NODEACCESSREQUESTED_6
16:16:12.705 (index):729 WAITING_8
16:16:12.705 (index):710 NODEACCESSREQUESTED_9
16:16:12.706 (index):710 NODEACCESSREQUESTED_10
16:16:12.707 (index):729 WAITING_15
16:16:12.707 (index):680 NODEACCESSRELEASED_16
16:16:12.708 (index):729 WAITING_0
16:16:12.709 (index):698 UPDATE_2
16:16:12.709 (index):729 WAITING_3
16:16:12.710 (index):698 UPDATE_6
16:16:12.711 (index):729 WAITING_8
16:16:12.711 (index):698 UPDATE_9
16:16:12.712 (index):698 UPDATE_10
16:16:12.713 (index):729 WAITING_15
16:16:12.713 (index):710 NODEACCESSREQUESTED_16
16:16:12.714 (index):729 WAITING_0
16:16:12.715 (index):680 NODEACCESSRELEASED_2
16:16:12.715 (index):729 WAITING_3
16:16:12.716 (index):680 NODEACCESSRELEASED_6
16:16:12.717 (index):729 WAITING_8
16:16:12.717 (index):680 NODEACCESSRELEASED_9
16:16:12.718 (index):680 NODEACCESSRELEASED_10
16:16:12.719 (index):729 WAITING_15
16:16:12.719 (index):698 UPDATE_16
16:16:12.720 (index):729 WAITING_0
16:16:12.721 (index):710 NODEACCESSREQUESTED_2
16:16:12.721 (index):729 WAITING_3
16:16:12.722 (index):710 NODEACCESSREQUESTED_6
16:16:12.723 (index):729 WAITING_8
16:16:12.723 (index):710 NODEACCESSREQUESTED_9
16:16:12.724 (index):710 NODEACCESSREQUESTED_10
16:16:12.725 (index):729 WAITING_15
16:16:12.725 (index):680 NODEACCESSRELEASED_16
16:16:12.726 (index):729 WAITING_0
16:16:12.727 (index):698 UPDATE_2
16:16:12.727 (index):729 WAITING_3
16:16:12.728 (index):698 UPDATE_6
16:16:12.729 (index):729 WAITING_8
16:16:12.729 (index):698 UPDATE_9
16:16:12.730 (index):729 WAITING_10
16:16:12.731 (index):729 WAITING_15
16:16:12.731 (index):710 NODEACCESSREQUESTED_16
16:16:12.732 (index):729 WAITING_0
16:16:12.733 (index):680 NODEACCESSRELEASED_2
16:16:12.733 (index):729 WAITING_3
16:16:12.734 (index):680 NODEACCESSRELEASED_6
16:16:12.735 (index):729 WAITING_8
16:16:12.735 (index):680 NODEACCESSRELEASED_9
16:16:12.736 (index):729 WAITING_10
16:16:12.737 (index):729 WAITING_15
16:16:12.737 (index):698 UPDATE_16
16:16:12.738 (index):729 WAITING_0
16:16:12.739 (index):710 NODEACCESSREQUESTED_2
16:16:12.740 (index):729 WAITING_3
16:16:12.740 (index):710 NODEACCESSREQUESTED_6
16:16:12.741 (index):729 WAITING_8
16:16:12.742 (index):710 NODEACCESSREQUESTED_9
16:16:12.742 (index):729 WAITING_10
16:16:12.743 (index):729 WAITING_15
16:16:12.744 (index):680 NODEACCESSRELEASED_16
16:16:12.744 (index):729 WAITING_0
16:16:12.745 (index):698 UPDATE_2
16:16:12.746 (index):729 WAITING_3
16:16:12.746 (index):698 UPDATE_6
16:16:12.747 (index):729 WAITING_8
16:16:12.748 (index):698 UPDATE_9
16:16:12.748 (index):729 WAITING_10
16:16:12.749 (index):729 WAITING_15
16:16:12.750 (index):710 NODEACCESSREQUESTED_16
16:16:12.750 (index):729 WAITING_0
16:16:12.751 (index):680 NODEACCESSRELEASED_2
16:16:12.752 (index):729 WAITING_3
16:16:12.752 (index):680 NODEACCESSRELEASED_6
16:16:12.753 (index):729 WAITING_8
16:16:12.754 (index):740 END_9
16:16:12.754 (index):729 WAITING_10
16:16:12.755 (index):729 WAITING_15
16:16:12.756 (index):698 UPDATE_16
16:16:12.756 (index):729 WAITING_0
16:16:12.757 (index):710 NODEACCESSREQUESTED_2
16:16:12.757 (index):729 WAITING_3
16:16:12.758 (index):710 NODEACCESSREQUESTED_6
16:16:12.759 (index):729 WAITING_8
16:16:12.759 (index):729 WAITING_10
16:16:12.760 (index):729 WAITING_15
16:16:12.761 (index):740 END_16
16:16:12.761 (index):729 WAITING_0
16:16:12.762 (index):698 UPDATE_2
16:16:12.763 (index):729 WAITING_3
16:16:12.763 (index):729 WAITING_6
16:16:12.764 (index):729 WAITING_8
16:16:12.765 (index):698 UPDATE_10
16:16:12.765 (index):729 WAITING_15
16:16:12.766 (index):729 WAITING_0
16:16:12.767 (index):680 NODEACCESSRELEASED_2
16:16:12.767 (index):729 WAITING_3
16:16:12.768 (index):729 WAITING_6
16:16:12.769 (index):729 WAITING_8
16:16:12.769 (index):680 NODEACCESSRELEASED_10
16:16:12.770 (index):729 WAITING_15
16:16:12.771 (index):729 WAITING_0
16:16:12.772 (index):710 NODEACCESSREQUESTED_2
16:16:12.772 (index):698 UPDATE_3
16:16:12.773 (index):729 WAITING_6
16:16:12.774 (index):729 WAITING_8
16:16:12.774 (index):710 NODEACCESSREQUESTED_10
16:16:12.775 (index):729 WAITING_15
16:16:12.775 (index):729 WAITING_0
16:16:12.776 (index):729 WAITING_2
16:16:12.777 (index):680 NODEACCESSRELEASED_3
16:16:12.778 (index):729 WAITING_6
16:16:12.778 (index):729 WAITING_8
16:16:12.779 (index):729 WAITING_10
16:16:12.780 (index):698 UPDATE_15
16:16:12.780 (index):729 WAITING_0
16:16:12.781 (index):729 WAITING_2
16:16:12.782 (index):710 NODEACCESSREQUESTED_3
16:16:12.782 (index):729 WAITING_6
16:16:12.783 (index):729 WAITING_8
16:16:12.784 (index):729 WAITING_10
16:16:12.784 (index):680 NODEACCESSRELEASED_15
16:16:12.785 (index):698 UPDATE_0
16:16:12.786 (index):729 WAITING_2
16:16:12.786 (index):729 WAITING_3
16:16:12.787 (index):729 WAITING_6
16:16:12.788 (index):729 WAITING_8
16:16:12.788 (index):729 WAITING_10
16:16:12.789 (index):710 NODEACCESSREQUESTED_15
16:16:12.790 (index):680 NODEACCESSRELEASED_0
16:16:12.790 (index):729 WAITING_2
16:16:12.791 (index):729 WAITING_3
16:16:12.792 (index):729 WAITING_6
16:16:12.792 (index):698 UPDATE_8
16:16:12.793 (index):729 WAITING_10
16:16:12.794 (index):729 WAITING_15
16:16:12.794 (index):710 NODEACCESSREQUESTED_0
16:16:12.795 (index):729 WAITING_2
16:16:12.796 (index):729 WAITING_3
16:16:12.796 (index):729 WAITING_6
16:16:12.797 (index):680 NODEACCESSRELEASED_8
16:16:12.798 (index):698 UPDATE_10
16:16:12.798 (index):729 WAITING_15
16:16:12.799 (index):729 WAITING_0
16:16:12.800 (index):729 WAITING_2
16:16:12.800 (index):729 WAITING_3
16:16:12.801 (index):698 UPDATE_6
16:16:12.802 (index):710 NODEACCESSREQUESTED_8
16:16:12.802 (index):680 NODEACCESSRELEASED_10
16:16:12.803 (index):698 UPDATE_15
16:16:12.804 (index):729 WAITING_0
16:16:12.804 (index):729 WAITING_2
16:16:12.805 (index):729 WAITING_3
16:16:12.806 (index):680 NODEACCESSRELEASED_6
16:16:12.806 (index):729 WAITING_8
16:16:12.807 (index):710 NODEACCESSREQUESTED_10
16:16:12.808 (index):680 NODEACCESSRELEASED_15
16:16:12.808 (index):698 UPDATE_0
16:16:12.809 (index):698 UPDATE_2
16:16:12.810 (index):698 UPDATE_3
16:16:12.810 (index):710 NODEACCESSREQUESTED_6
16:16:12.811 (index):729 WAITING_8
16:16:12.812 (index):698 UPDATE_10
16:16:12.812 (index):710 NODEACCESSREQUESTED_15
16:16:12.813 (index):680 NODEACCESSRELEASED_0
16:16:12.814 (index):680 NODEACCESSRELEASED_2
16:16:12.815 (index):680 NODEACCESSRELEASED_3
16:16:12.815 (index):729 WAITING_6
16:16:12.816 (index):698 UPDATE_8
16:16:12.817 (index):680 NODEACCESSRELEASED_10
16:16:12.817 (index):698 UPDATE_15
16:16:12.818 (index):710 NODEACCESSREQUESTED_0
16:16:12.819 (index):710 NODEACCESSREQUESTED_2
16:16:12.819 (index):710 NODEACCESSREQUESTED_3
16:16:12.820 (index):729 WAITING_6
16:16:12.821 (index):680 NODEACCESSRELEASED_8
16:16:12.821 (index):710 NODEACCESSREQUESTED_10
16:16:12.822 (index):680 NODEACCESSRELEASED_15
16:16:12.823 (index):698 UPDATE_0
16:16:12.823 (index):698 UPDATE_2
16:16:12.824 (index):698 UPDATE_3
16:16:12.825 (index):729 WAITING_6
16:16:12.825 (index):710 NODEACCESSREQUESTED_8
16:16:12.826 (index):729 WAITING_10
16:16:12.827 (index):710 NODEACCESSREQUESTED_15
16:16:12.827 (index):680 NODEACCESSRELEASED_0
16:16:12.828 (index):680 NODEACCESSRELEASED_2
16:16:12.829 (index):680 NODEACCESSRELEASED_3
16:16:12.829 (index):729 WAITING_6
16:16:12.830 (index):698 UPDATE_8
16:16:12.831 (index):729 WAITING_10
16:16:12.831 (index):698 UPDATE_15
16:16:12.832 (index):710 NODEACCESSREQUESTED_0
16:16:12.833 (index):710 NODEACCESSREQUESTED_2
16:16:12.833 (index):710 NODEACCESSREQUESTED_3
16:16:12.834 (index):729 WAITING_6
16:16:12.835 (index):680 NODEACCESSRELEASED_8
16:16:12.835 (index):729 WAITING_10
16:16:12.836 (index):680 NODEACCESSRELEASED_15
16:16:12.837 (index):698 UPDATE_0
16:16:12.838 (index):729 WAITING_2
16:16:12.838 (index):698 UPDATE_3
16:16:12.839 (index):729 WAITING_6
16:16:12.840 (index):710 NODEACCESSREQUESTED_8
16:16:12.840 (index):729 WAITING_10
16:16:12.841 (index):710 NODEACCESSREQUESTED_15
16:16:12.842 (index):680 NODEACCESSRELEASED_0
16:16:12.842 (index):729 WAITING_2
16:16:12.843 (index):680 NODEACCESSRELEASED_3
16:16:12.844 (index):729 WAITING_6
16:16:12.844 (index):698 UPDATE_8
16:16:12.845 (index):729 WAITING_10
16:16:12.846 (index):698 UPDATE_15
16:16:12.846 (index):710 NODEACCESSREQUESTED_0
16:16:12.847 (index):729 WAITING_2
16:16:12.848 (index):710 NODEACCESSREQUESTED_3
16:16:12.848 (index):729 WAITING_6
16:16:12.849 (index):740 END_8
16:16:12.850 (index):729 WAITING_10
16:16:12.850 (index):680 NODEACCESSRELEASED_15
16:16:12.851 (index):698 UPDATE_0
16:16:12.852 (index):729 WAITING_2
16:16:12.852 (index):698 UPDATE_3
16:16:12.853 (index):729 WAITING_6
16:16:12.854 (index):729 WAITING_10
16:16:12.855 (index):710 NODEACCESSREQUESTED_15
16:16:12.856 (index):680 NODEACCESSRELEASED_0
16:16:12.856 (index):729 WAITING_2
16:16:12.857 (index):680 NODEACCESSRELEASED_3
16:16:12.858 (index):729 WAITING_6
16:16:12.859 (index):698 UPDATE_10
16:16:12.860 (index):698 UPDATE_15
16:16:12.860 (index):710 NODEACCESSREQUESTED_0
16:16:12.861 (index):729 WAITING_2
16:16:12.862 (index):710 NODEACCESSREQUESTED_3
16:16:12.862 (index):729 WAITING_6
16:16:12.864 (index):680 NODEACCESSRELEASED_10
16:16:12.864 (index):740 END_15
16:16:12.865 (index):698 UPDATE_0
16:16:12.866 (index):729 WAITING_2
16:16:12.866 (index):698 UPDATE_3
16:16:12.867 (index):729 WAITING_6
16:16:12.868 (index):710 NODEACCESSREQUESTED_10
16:16:12.870 (index):740 END_0
16:16:12.870 (index):729 WAITING_2
16:16:12.871 (index):680 NODEACCESSRELEASED_3
16:16:12.872 (index):698 UPDATE_6
16:16:12.873 (index):729 WAITING_10
16:16:12.875 (index):729 WAITING_2
16:16:12.876 (index):710 NODEACCESSREQUESTED_3
16:16:12.876 (index):680 NODEACCESSRELEASED_6
16:16:12.878 (index):729 WAITING_10
16:16:12.880 (index):698 UPDATE_2
16:16:12.880 (index):729 WAITING_3
16:16:12.881 (index):710 NODEACCESSREQUESTED_6
16:16:12.883 (index):729 WAITING_10
16:16:12.884 (index):680 NODEACCESSRELEASED_2
16:16:12.885 (index):729 WAITING_3
16:16:12.886 (index):698 UPDATE_6
16:16:12.887 (index):698 UPDATE_10
16:16:12.889 (index):710 NODEACCESSREQUESTED_2
16:16:12.890 (index):729 WAITING_3
16:16:12.891 (index):680 NODEACCESSRELEASED_6
16:16:12.892 (index):680 NODEACCESSRELEASED_10
16:16:12.894 (index):698 UPDATE_2
16:16:12.895 (index):729 WAITING_3
16:16:12.895 (index):710 NODEACCESSREQUESTED_6
16:16:12.897 (index):710 NODEACCESSREQUESTED_10
16:16:12.899 (index):680 NODEACCESSRELEASED_2
16:16:12.899 (index):698 UPDATE_3
16:16:12.900 (index):729 WAITING_6
16:16:12.901 (index):698 UPDATE_10
16:16:12.903 (index):710 NODEACCESSREQUESTED_2
16:16:12.904 (index):680 NODEACCESSRELEASED_3
16:16:12.905 (index):698 UPDATE_6
16:16:12.906 (index):680 NODEACCESSRELEASED_10
16:16:12.908 (index):729 WAITING_2
16:16:12.909 (index):710 NODEACCESSREQUESTED_3
16:16:12.909 (index):680 NODEACCESSRELEASED_6
16:16:12.911 (index):710 NODEACCESSREQUESTED_10
16:16:12.913 (index):698 UPDATE_2
16:16:12.913 (index):729 WAITING_3
16:16:12.914 (index):710 NODEACCESSREQUESTED_6
16:16:12.915 (index):698 UPDATE_10
16:16:12.917 (index):740 END_2
16:16:12.918 (index):729 WAITING_3
16:16:12.919 (index):698 UPDATE_6
16:16:12.920 (index):680 NODEACCESSRELEASED_10
16:16:12.923 (index):729 WAITING_3
16:16:12.923 (index):680 NODEACCESSRELEASED_6
16:16:12.925 (index):710 NODEACCESSREQUESTED_10
16:16:12.928 (index):698 UPDATE_3
16:16:12.928 (index):710 NODEACCESSREQUESTED_6
16:16:12.930 (index):729 WAITING_10
16:16:12.932 (index):680 NODEACCESSRELEASED_3
16:16:12.933 (index):729 WAITING_6
16:16:12.934 (index):698 UPDATE_10
16:16:12.937 (index):710 NODEACCESSREQUESTED_3
16:16:12.938 (index):729 WAITING_6
16:16:12.939 (index):740 END_10
16:16:12.942 (index):698 UPDATE_3
16:16:12.942 (index):698 UPDATE_6
16:16:12.946 (index):680 NODEACCESSRELEASED_3
16:16:12.947 (index):740 END_6
16:16:12.951 (index):710 NODEACCESSREQUESTED_3
16:16:12.956 (index):698 UPDATE_3
16:16:12.961 (index):680 NODEACCESSRELEASED_3
16:16:12.965 (index):710 NODEACCESSREQUESTED_3
16:16:12.970 (index):698 UPDATE_3
16:16:12.975 (index):680 NODEACCESSRELEASED_3
16:16:12.980 (index):710 NODEACCESSREQUESTED_3
16:16:12.984 (index):698 UPDATE_3
16:16:12.989 (index):740 END_3
