16:16:04.565 (index):857 Tasks: 25; Collaborators: 8    =========================>
16:16:04.565 (index):710 NODEACCESSREQUESTED_0
16:16:04.566 (index):710 NODEACCESSREQUESTED_1
16:16:04.567 (index):710 NODEACCESSREQUESTED_2
16:16:04.567 (index):710 NODEACCESSREQUESTED_3
16:16:04.568 (index):710 NODEACCESSREQUESTED_4
16:16:04.569 (index):710 NODEACCESSREQUESTED_5
16:16:04.570 (index):710 NODEACCESSREQUESTED_6
16:16:04.570 (index):710 NODEACCESSREQUESTED_7
16:16:04.571 (index):680 NODEACCESSRELEASED_0
16:16:04.572 (index):680 NODEACCESSRELEASED_1
16:16:04.572 (index):680 NODEACCESSRELEASED_2
16:16:04.573 (index):680 NODEACCESSRELEASED_3
16:16:04.574 (index):680 NODEACCESSRELEASED_4
16:16:04.575 (index):680 NODEACCESSRELEASED_5
16:16:04.575 (index):680 NODEACCESSRELEASED_6
16:16:04.576 (index):680 NODEACCESSRELEASED_7
16:16:04.577 (index):710 NODEACCESSREQUESTED_0
16:16:04.577 (index):710 NODEACCESSREQUESTED_1
16:16:04.578 (index):710 NODEACCESSREQUESTED_2
16:16:04.579 (index):710 NODEACCESSREQUESTED_3
16:16:04.580 (index):710 NODEACCESSREQUESTED_4
16:16:04.580 (index):710 NODEACCESSREQUESTED_5
16:16:04.581 (index):710 NODEACCESSREQUESTED_6
16:16:04.582 (index):710 NODEACCESSREQUESTED_7
16:16:04.582 (index):698 UPDATE_0
16:16:04.583 (index):698 UPDATE_1
16:16:04.584 (index):729 WAITING_2
16:16:04.584 (index):698 UPDATE_3
16:16:04.585 (index):729 WAITING_4
16:16:04.586 (index):729 WAITING_5
16:16:04.587 (index):729 WAITING_6
16:16:04.587 (index):698 UPDATE_7
16:16:04.588 (index):680 NODEACCESSRELEASED_0
16:16:04.589 (index):680 NODEACCESSRELEASED_1
16:16:04.589 (index):698 UPDATE_2
16:16:04.590 (index):680 NODEACCESSRELEASED_3
16:16:04.591 (index):698 UPDATE_4
16:16:04.592 (index):729 WAITING_5
16:16:04.592 (index):698 UPDATE_6
16:16:04.593 (index):680 NODEACCESSRELEASED_7
16:16:04.594 (index):710 NODEACCESSREQUESTED_0
16:16:04.594 (index):710 NODEACCESSREQUESTED_1
16:16:04.595 (index):680 NODEACCESSRELEASED_2
16:16:04.596 (index):710 NODEACCESSREQUESTED_3
16:16:04.597 (index):680 NODEACCESSRELEASED_4
16:16:04.597 (index):698 UPDATE_5
16:16:04.598 (index):680 NODEACCESSRELEASED_6
16:16:04.599 (index):710 NODEACCESSREQUESTED_7
16:16:04.599 (index):698 UPDATE_0
16:16:04.600 (index):729 WAITING_1
16:16:04.601 (index):710 NODEACCESSREQUESTED_2
16:16:04.602 (index):729 WAITING_3
16:16:04.602 (index):710 NODEACCESSREQUESTED_4
16:16:04.603 (index):680 NODEACCESSRELEASED_5
16:16:04.604 (index):710 NODEACCESSREQUESTED_6
16:16:04.604 (index):698 UPDATE_7
16:16:04.605 (index):680 NODEACCESSRELEASED_0
16:16:04.606 (index):698 UPDATE_1
16:16:04.607 (index):698 UPDATE_2
16:16:04.607 (index):698 UPDATE_3
16:16:04.608 (index):729 WAITING_4
16:16:04.609 (index):710 NODEACCESSREQUESTED_5
16:16:04.609 (index):729 WAITING_6
16:16:04.610 (index):680 NODEACCESSRELEASED_7
16:16:04.611 (index):710 NODEACCESSREQUESTED_0
16:16:04.612 (index):680 NODEACCESSRELEASED_1
16:16:04.612 (index):680 NODEACCESSRELEASED_2
16:16:04.613 (index):680 NODEACCESSRELEASED_3
16:16:04.614 (index):729 WAITING_4
16:16:04.614 (index):698 UPDATE_5
16:16:04.615 (index):698 UPDATE_6
16:16:04.616 (index):710 NODEACCESSREQUESTED_7
16:16:04.616 (index):729 WAITING_0
16:16:04.617 (index):710 NODEACCESSREQUESTED_1
16:16:04.618 (index):710 NODEACCESSREQUESTED_2
16:16:04.619 (index):710 NODEACCESSREQUESTED_3
16:16:04.619 (index):729 WAITING_4
16:16:04.620 (index):680 NODEACCESSRELEASED_5
16:16:04.621 (index):680 NODEACCESSRELEASED_6
16:16:04.622 (index):698 UPDATE_7
16:16:04.622 (index):729 WAITING_0
16:16:04.623 (index):698 UPDATE_1
16:16:04.624 (index):729 WAITING_2
16:16:04.624 (index):729 WAITING_3
16:16:04.625 (index):698 UPDATE_4
16:16:04.626 (index):710 NODEACCESSREQUESTED_5
16:16:04.626 (index):710 NODEACCESSREQUESTED_6
16:16:04.627 (index):680 NODEACCESSRELEASED_7
16:16:04.628 (index):729 WAITING_0
16:16:04.629 (index):680 NODEACCESSRELEASED_1
16:16:04.629 (index):729 WAITING_2
16:16:04.630 (index):729 WAITING_3
16:16:04.631 (index):680 NODEACCESSRELEASED_4
16:16:04.631 (index):698 UPDATE_5
16:16:04.632 (index):729 WAITING_6
16:16:04.633 (index):710 NODEACCESSREQUESTED_7
16:16:04.634 (index):698 UPDATE_0
16:16:04.634 (index):710 NODEACCESSREQUESTED_1
16:16:04.635 (index):729 WAITING_2
16:16:04.636 (index):729 WAITING_3
16:16:04.637 (index):710 NODEACCESSREQUESTED_4
16:16:04.637 (index):680 NODEACCESSRELEASED_5
16:16:04.638 (index):729 WAITING_6
16:16:04.639 (index):698 UPDATE_7
16:16:04.639 (index):680 NODEACCESSRELEASED_0
16:16:04.640 (index):729 WAITING_1
16:16:04.641 (index):698 UPDATE_2
16:16:04.642 (index):729 WAITING_3
16:16:04.642 (index):729 WAITING_4
16:16:04.643 (index):710 NODEACCESSREQUESTED_5
16:16:04.644 (index):729 WAITING_6
16:16:04.644 (index):680 NODEACCESSRELEASED_7
16:16:04.645 (index):710 NODEACCESSREQUESTED_0
16:16:04.645 (index):698 UPDATE_1
16:16:04.646 (index):680 NODEACCESSRELEASED_2
16:16:04.647 (index):729 WAITING_3
16:16:04.647 (index):729 WAITING_4
16:16:04.648 (index):698 UPDATE_5
16:16:04.649 (index):698 UPDATE_6
16:16:04.649 (index):710 NODEACCESSREQUESTED_7
16:16:04.650 (index):698 UPDATE_0
16:16:04.651 (index):680 NODEACCESSRELEASED_1
16:16:04.651 (index):710 NODEACCESSREQUESTED_2
16:16:04.652 (index):729 WAITING_3
16:16:04.653 (index):698 UPDATE_4
16:16:04.654 (index):680 NODEACCESSRELEASED_5
16:16:04.654 (index):680 NODEACCESSRELEASED_6
16:16:04.655 (index):698 UPDATE_7
16:16:04.656 (index):680 NODEACCESSRELEASED_0
16:16:04.657 (index):710 NODEACCESSREQUESTED_1
16:16:04.658 (index):698 UPDATE_2
16:16:04.659 (index):729 WAITING_3
16:16:04.660 (index):680 NODEACCESSRELEASED_4
16:16:04.661 (index):710 NODEACCESSREQUESTED_5
16:16:04.661 (index):710 NODEACCESSREQUESTED_6
16:16:04.662 (index):680 NODEACCESSRELEASED_7
16:16:04.663 (index):710 NODEACCESSREQUESTED_0
16:16:04.664 (index):698 UPDATE_1
16:16:04.665 (index):680 NODEACCESSRELEASED_2
16:16:04.665 (index):729 WAITING_3
16:16:04.666 (index):710 NODEACCESSREQUESTED_4
16:16:04.667 (index):698 UPDATE_5
16:16:04.668 (index):729 WAITING_6
16:16:04.668 (index):710 NODEACCESSREQUESTED_7
16:16:04.669 (index):698 UPDATE_0
16:16:04.670 (index):680 NODEACCESSRELEASED_1
16:16:04.670 (index):710 NODEACCESSREQUESTED_2
16:16:04.671 (index):729 WAITING_3
16:16:04.672 (index):698 UPDATE_4
16:16:04.672 (index):680 NODEACCESSRELEASED_5
16:16:04.673 (index):729 WAITING_6
16:16:04.674 (index):729 WAITING_7
16:16:04.675 (index):680 NODEACCESSRELEASED_0
16:16:04.675 (index):710 NODEACCESSREQUESTED_1
16:16:04.676 (index):698 UPDATE_2
16:16:04.677 (index):729 WAITING_3
16:16:04.678 (index):680 NODEACCESSRELEASED_4
16:16:04.678 (index):710 NODEACCESSREQUESTED_5
16:16:04.679 (index):698 UPDATE_6
16:16:04.680 (index):698 UPDATE_7
16:16:04.680 (index):710 NODEACCESSREQUESTED_0
16:16:04.681 (index):729 WAITING_1
16:16:04.682 (index):680 NODEACCESSRELEASED_2
16:16:04.683 (index):729 WAITING_3
16:16:04.683 (index):710 NODEACCESSREQUESTED_4
16:16:04.684 (index):729 WAITING_5
16:16:04.685 (index):680 NODEACCESSRELEASED_6
16:16:04.685 (index):680 NODEACCESSRELEASED_7
16:16:04.686 (index):698 UPDATE_0
16:16:04.687 (index):698 UPDATE_1
16:16:04.687 (index):710 NODEACCESSREQUESTED_2
16:16:04.688 (index):729 WAITING_3
16:16:04.689 (index):729 WAITING_4
16:16:04.689 (index):729 WAITING_5
16:16:04.690 (index):710 NODEACCESSREQUESTED_6
16:16:04.691 (index):710 NODEACCESSREQUESTED_7
16:16:04.691 (index):680 NODEACCESSRELEASED_0
16:16:04.692 (index):680 NODEACCESSRELEASED_1
16:16:04.693 (index):698 UPDATE_2
16:16:04.693 (index):729 WAITING_3
16:16:04.694 (index):729 WAITING_4
16:16:04.695 (index):698 UPDATE_5
16:16:04.695 (index):729 WAITING_6
16:16:04.696 (index):698 UPDATE_7
16:16:04.697 (index):710 NODEACCESSREQUESTED_0
16:16:04.697 (index):710 NODEACCESSREQUESTED_1
16:16:04.698 (index):680 NODEACCESSRELEASED_2
16:16:04.699 (index):729 WAITING_3
16:16:04.700 (index):729 WAITING_4
16:16:04.700 (index):680 NODEACCESSRELEASED_5
16:16:04.701 (index):729 WAITING_6
16:16:04.702 (index):680 NODEACCESSRELEASED_7
16:16:04.702 (index):729 WAITING_0
16:16:04.703 (index):698 UPDATE_1
16:16:04.703 (index):710 NODEACCESSREQUESTED_2
16:16:04.704 (index):729 WAITING_3
16:16:04.705 (index):698 UPDATE_4
16:16:04.706 (index):710 NODEACCESSREQUESTED_5
16:16:04.706 (index):729 WAITING_6
16:16:04.707 (index):710 NODEACCESSREQUESTED_7
16:16:04.708 (index):729 WAITING_0
16:16:04.708 (index):680 NODEACCESSRELEASED_1
16:16:04.709 (index):698 UPDATE_2
16:16:04.710 (index):729 WAITING_3
16:16:04.710 (index):680 NODEACCESSRELEASED_4
16:16:04.711 (index):698 UPDATE_5
16:16:04.712 (index):729 WAITING_6
16:16:04.712 (index):698 UPDATE_7
16:16:04.713 (index):729 WAITING_0
16:16:04.714 (index):710 NODEACCESSREQUESTED_1
16:16:04.714 (index):680 NODEACCESSRELEASED_2
16:16:04.715 (index):729 WAITING_3
16:16:04.716 (index):710 NODEACCESSREQUESTED_4
16:16:04.716 (index):680 NODEACCESSRELEASED_5
16:16:04.717 (index):729 WAITING_6
16:16:04.718 (index):680 NODEACCESSRELEASED_7
16:16:04.718 (index):729 WAITING_0
16:16:04.719 (index):698 UPDATE_1
16:16:04.720 (index):710 NODEACCESSREQUESTED_2
16:16:04.720 (index):729 WAITING_3
16:16:04.721 (index):698 UPDATE_4
16:16:04.722 (index):710 NODEACCESSREQUESTED_5
16:16:04.723 (index):729 WAITING_6
16:16:04.723 (index):710 NODEACCESSREQUESTED_7
16:16:04.724 (index):729 WAITING_0
16:16:04.725 (index):680 NODEACCESSRELEASED_1
16:16:04.725 (index):698 UPDATE_2
16:16:04.726 (index):729 WAITING_3
16:16:04.727 (index):680 NODEACCESSRELEASED_4
16:16:04.727 (index):729 WAITING_5
16:16:04.728 (index):729 WAITING_6
16:16:04.729 (index):698 UPDATE_7
16:16:04.729 (index):729 WAITING_0
16:16:04.730 (index):710 NODEACCESSREQUESTED_1
16:16:04.731 (index):680 NODEACCESSRELEASED_2
16:16:04.732 (index):729 WAITING_3
16:16:04.732 (index):710 NODEACCESSREQUESTED_4
16:16:04.733 (index):729 WAITING_5
16:16:04.734 (index):729 WAITING_6
16:16:04.734 (index):680 NODEACCESSRELEASED_7
16:16:04.735 (index):729 WAITING_0
16:16:04.736 (index):698 UPDATE_1
16:16:04.736 (index):710 NODEACCESSREQUESTED_2
16:16:04.737 (index):729 WAITING_3
16:16:04.738 (index):698 UPDATE_4
16:16:04.738 (index):698 UPDATE_5
16:16:04.739 (index):729 WAITING_6
16:16:04.740 (index):710 NODEACCESSREQUESTED_7
16:16:04.740 (index):729 WAITING_0
16:16:04.741 (index):680 NODEACCESSRELEASED_1
16:16:04.742 (index):698 UPDATE_2
16:16:04.742 (index):729 WAITING_3
16:16:04.743 (index):680 NODEACCESSRELEASED_4
16:16:04.744 (index):680 NODEACCESSRELEASED_5
16:16:04.744 (index):729 WAITING_6
16:16:04.745 (index):698 UPDATE_7
16:16:04.746 (index):729 WAITING_0
16:16:04.746 (index):710 NODEACCESSREQUESTED_1
16:16:04.747 (index):680 NODEACCESSRELEASED_2
16:16:04.748 (index):729 WAITING_3
16:16:04.748 (index):710 NODEACCESSREQUESTED_4
16:16:04.749 (index):710 NODEACCESSREQUESTED_5
16:16:04.750 (index):729 WAITING_6
16:16:04.750 (index):680 NODEACCESSRELEASED_7
16:16:04.751 (index):729 WAITING_0
16:16:04.752 (index):698 UPDATE_1
16:16:04.753 (index):710 NODEACCESSREQUESTED_2
16:16:04.753 (index):729 WAITING_3
16:16:04.754 (index):698 UPDATE_4
16:16:04.755 (index):698 UPDATE_5
16:16:04.755 (index):729 WAITING_6
16:16:04.756 (index):710 NODEACCESSREQUESTED_7
16:16:04.757 (index):729 WAITING_0
16:16:04.757 (index):680 NODEACCESSRELEASED_1
16:16:04.758 (index):698 UPDATE_2
16:16:04.759 (index):729 WAITING_3
16:16:04.759 (index):680 NODEACCESSRELEASED_4
16:16:04.760 (index):680 NODEACCESSRELEASED_5
16:16:04.761 (index):729 WAITING_6
16:16:04.761 (index):698 UPDATE_7
16:16:04.762 (index):729 WAITING_0
16:16:04.763 (index):710 NODEACCESSREQUESTED_1
16:16:04.763 (index):680 NODEACCESSRELEASED_2
16:16:04.764 (index):729 WAITING_3
16:16:04.765 (index):710 NODEACCESSREQUESTED_4
16:16:04.765 (index):710 NODEACCESSREQUESTED_5
16:16:04.766 (index):729 WAITING_6
16:16:04.767 (index):680 NODEACCESSRELEASED_7
16:16:04.767 (index):729 WAITING_0
16:16:04.768 (index):698 UPDATE_1
16:16:04.769 (index):710 NODEACCESSREQUESTED_2
16:16:04.769 (index):729 WAITING_3
16:16:04.770 (index):698 UPDATE_4
16:16:04.771 (index):729 WAITING_5
16:16:04.771 (index):729 WAITING_6
16:16:04.772 (index):710 NODEACCESSREQUESTED_7
16:16:04.773 (index):729 WAITING_0
16:16:04.773 (index):680 NODEACCESSRELEASED_1
16:16:04.774 (index):729 WAITING_2
16:16:04.775 (index):729 WAITING_3
16:16:04.775 (index):680 NODEACCESSRELEASED_4
16:16:04.776 (index):698 UPDATE_5
16:16:04.777 (index):729 WAITING_6
16:16:04.778 (index):698 UPDATE_7
16:16:04.778 (index):729 WAITING_0
16:16:04.779 (index):710 NODEACCESSREQUESTED_1
16:16:04.780 (index):729 WAITING_2
16:16:04.780 (index):729 WAITING_3
16:16:04.781 (index):710 NODEACCESSREQUESTED_4
16:16:04.781 (index):680 NODEACCESSRELEASED_5
16:16:04.782 (index):729 WAITING_6
16:16:04.783 (index):680 NODEACCESSRELEASED_7
16:16:04.784 (index):729 WAITING_0
16:16:04.784 (index):698 UPDATE_1
16:16:04.785 (index):729 WAITING_2
16:16:04.786 (index):729 WAITING_3
16:16:04.786 (index):698 UPDATE_4
16:16:04.787 (index):710 NODEACCESSREQUESTED_5
16:16:04.788 (index):729 WAITING_6
16:16:04.788 (index):710 NODEACCESSREQUESTED_7
16:16:04.789 (index):729 WAITING_0
16:16:04.790 (index):680 NODEACCESSRELEASED_1
16:16:04.790 (index):729 WAITING_2
16:16:04.791 (index):729 WAITING_3
16:16:04.792 (index):680 NODEACCESSRELEASED_4
16:16:04.792 (index):698 UPDATE_5
16:16:04.793 (index):729 WAITING_6
16:16:04.794 (index):698 UPDATE_7
16:16:04.794 (index):729 WAITING_0
16:16:04.795 (index):710 NODEACCESSREQUESTED_1
16:16:04.796 (index):729 WAITING_2
16:16:04.796 (index):729 WAITING_3
16:16:04.797 (index):710 NODEACCESSREQUESTED_4
16:16:04.798 (index):680 NODEACCESSRELEASED_5
16:16:04.798 (index):729 WAITING_6
16:16:04.799 (index):740 END_7
16:16:04.800 (index):729 WAITING_0
16:16:04.800 (index):698 UPDATE_1
16:16:04.801 (index):698 UPDATE_2
16:16:04.802 (index):729 WAITING_3
16:16:04.802 (index):729 WAITING_4
16:16:04.803 (index):710 NODEACCESSREQUESTED_5
16:16:04.804 (index):729 WAITING_6
16:16:04.804 (index):729 WAITING_0
16:16:04.805 (index):740 END_1
16:16:04.806 (index):680 NODEACCESSRELEASED_2
16:16:04.806 (index):698 UPDATE_3
16:16:04.807 (index):729 WAITING_4
16:16:04.808 (index):729 WAITING_5
16:16:04.808 (index):729 WAITING_6
16:16:04.809 (index):729 WAITING_0
16:16:04.810 (index):710 NODEACCESSREQUESTED_2
16:16:04.811 (index):680 NODEACCESSRELEASED_3
16:16:04.812 (index):729 WAITING_4
16:16:04.812 (index):729 WAITING_5
16:16:04.813 (index):698 UPDATE_6
16:16:04.814 (index):729 WAITING_0
16:16:04.815 (index):729 WAITING_2
16:16:04.816 (index):710 NODEACCESSREQUESTED_3
16:16:04.816 (index):729 WAITING_4
16:16:04.817 (index):729 WAITING_5
16:16:04.818 (index):680 NODEACCESSRELEASED_6
16:16:04.818 (index):698 UPDATE_0
16:16:04.820 (index):729 WAITING_2
16:16:04.820 (index):729 WAITING_3
16:16:04.821 (index):729 WAITING_4
16:16:04.822 (index):729 WAITING_5
16:16:04.822 (index):710 NODEACCESSREQUESTED_6
16:16:04.823 (index):680 NODEACCESSRELEASED_0
16:16:04.825 (index):729 WAITING_2
16:16:04.825 (index):729 WAITING_3
16:16:04.826 (index):698 UPDATE_4
16:16:04.827 (index):729 WAITING_5
16:16:04.827 (index):729 WAITING_6
16:16:04.828 (index):710 NODEACCESSREQUESTED_0
16:16:04.829 (index):729 WAITING_2
16:16:04.830 (index):729 WAITING_3
16:16:04.831 (index):680 NODEACCESSRELEASED_4
16:16:04.831 (index):698 UPDATE_5
16:16:04.832 (index):698 UPDATE_6
16:16:04.833 (index):729 WAITING_0
16:16:04.834 (index):729 WAITING_2
16:16:04.835 (index):729 WAITING_3
16:16:04.835 (index):710 NODEACCESSREQUESTED_4
16:16:04.836 (index):680 NODEACCESSRELEASED_5
16:16:04.837 (index):680 NODEACCESSRELEASED_6
16:16:04.837 (index):698 UPDATE_0
16:16:04.839 (index):698 UPDATE_2
16:16:04.839 (index):729 WAITING_3
16:16:04.840 (index):698 UPDATE_4
16:16:04.841 (index):710 NODEACCESSREQUESTED_5
16:16:04.841 (index):710 NODEACCESSREQUESTED_6
16:16:04.842 (index):680 NODEACCESSRELEASED_0
16:16:04.843 (index):680 NODEACCESSRELEASED_2
16:16:04.844 (index):729 WAITING_3
16:16:04.845 (index):680 NODEACCESSRELEASED_4
16:16:04.845 (index):698 UPDATE_5
16:16:04.846 (index):698 UPDATE_6
16:16:04.847 (index):710 NODEACCESSREQUESTED_0
16:16:04.848 (index):710 NODEACCESSREQUESTED_2
16:16:04.849 (index):729 WAITING_3
16:16:04.849 (index):710 NODEACCESSREQUESTED_4
16:16:04.850 (index):740 END_5
16:16:04.851 (index):680 NODEACCESSRELEASED_6
16:16:04.852 (index):698 UPDATE_0
16:16:04.853 (index):698 UPDATE_2
16:16:04.854 (index):729 WAITING_3
16:16:04.854 (index):698 UPDATE_4
16:16:04.856 (index):710 NODEACCESSREQUESTED_6
16:16:04.856 (index):680 NODEACCESSRELEASED_0
16:16:04.858 (index):740 END_2
16:16:04.858 (index):729 WAITING_3
16:16:04.859 (index):740 END_4
16:16:04.860 (index):698 UPDATE_6
16:16:04.861 (index):710 NODEACCESSREQUESTED_0
16:16:04.863 (index):729 WAITING_3
16:16:04.865 (index):680 NODEACCESSRELEASED_6
16:16:04.866 (index):729 WAITING_0
16:16:04.868 (index):698 UPDATE_3
16:16:04.870 (index):710 NODEACCESSREQUESTED_6
16:16:04.870 (index):729 WAITING_0
16:16:04.872 (index):680 NODEACCESSRELEASED_3
16:16:04.874 (index):729 WAITING_6
16:16:04.875 (index):698 UPDATE_0
16:16:04.877 (index):710 NODEACCESSREQUESTED_3
16:16:04.879 (index):729 WAITING_6
16:16:04.880 (index):680 NODEACCESSRELEASED_0
16:16:04.882 (index):698 UPDATE_3
16:16:04.884 (index):698 UPDATE_6
16:16:04.885 (index):710 NODEACCESSREQUESTED_0
16:16:04.887 (index):680 NODEACCESSRELEASED_3
16:16:04.889 (index):680 NODEACCESSRELEASED_6
16:16:04.889 (index):698 UPDATE_0
16:16:04.891 (index):710 NODEACCESSREQUESTED_3
16:16:04.893 (index):710 NODEACCESSREQUESTED_6
16:16:04.894 (index):680 NODEACCESSRELEASED_0
16:16:04.896 (index):698 UPDATE_3
16:16:04.898 (index):729 WAITING_6
16:16:04.899 (index):710 NODEACCESSREQUESTED_0
16:16:04.901 (index):680 NODEACCESSRELEASED_3
16:16:04.903 (index):729 WAITING_6
16:16:04.904 (index):698 UPDATE_0
16:16:04.906 (index):710 NODEACCESSREQUESTED_3
16:16:04.907 (index):729 WAITING_6
16:16:04.908 (index):680 NODEACCESSRELEASED_0
16:16:04.911 (index):698 UPDATE_3
16:16:04.913 (index):698 UPDATE_6
16:16:04.914 (index):710 NODEACCESSREQUESTED_0
16:16:04.917 (index):680 NODEACCESSRELEASED_3
16:16:04.918 (index):680 NODEACCESSRELEASED_6
16:16:04.919 (index):698 UPDATE_0
16:16:04.922 (index):710 NODEACCESSREQUESTED_3
16:16:04.923 (index):710 NODEACCESSREQUESTED_6
16:16:04.924 (index):740 END_0
16:16:04.927 (index):698 UPDATE_3
16:16:04.928 (index):698 UPDATE_6
16:16:04.932 (index):680 NODEACCESSRELEASED_3
16:16:04.932 (index):680 NODEACCESSRELEASED_6
16:16:04.937 (index):710 NODEACCESSREQUESTED_3
16:16:04.937 (index):710 NODEACCESSREQUESTED_6
16:16:04.941 (index):698 UPDATE_3
16:16:04.942 (index):698 UPDATE_6
16:16:04.946 (index):680 NODEACCESSRELEASED_3
16:16:04.947 (index):680 NODEACCESSRELEASED_6
16:16:04.951 (index):710 NODEACCESSREQUESTED_3
16:16:04.952 (index):710 NODEACCESSREQUESTED_6
16:16:04.956 (index):698 UPDATE_3
16:16:04.956 (index):698 UPDATE_6
16:16:04.960 (index):680 NODEACCESSRELEASED_3
16:16:04.961 (index):740 END_6
16:16:04.965 (index):710 NODEACCESSREQUESTED_3
16:16:04.970 (index):698 UPDATE_3
16:16:04.975 (index):680 NODEACCESSRELEASED_3
16:16:04.980 (index):710 NODEACCESSREQUESTED_3
16:16:04.984 (index):698 UPDATE_3
16:16:04.989 (index):680 NODEACCESSRELEASED_3
16:16:04.994 (index):710 NODEACCESSREQUESTED_3
16:16:04.999 (index):698 UPDATE_3
16:16:05.004 (index):740 END_3
