16:16:02.805 (index):785 Tasks: 25; Collaborators: 2    =========================>
16:16:02.805 (index):710 NODEACCESSREQUESTED_0
16:16:02.805 (index):710 NODEACCESSREQUESTED_1
16:16:02.810 (index):680 NODEACCESSRELEASED_0
16:16:02.810 (index):680 NODEACCESSRELEASED_1
16:16:02.814 (index):710 NODEACCESSREQUESTED_0
16:16:02.815 (index):710 NODEACCESSREQUESTED_1
16:16:02.819 (index):698 UPDATE_0
16:16:02.819 (index):729 WAITING_1
16:16:02.823 (index):680 NODEACCESSRELEASED_0
16:16:02.825 (index):698 UPDATE_1
16:16:02.829 (index):710 NODEACCESSREQUESTED_0
16:16:02.829 (index):680 NODEACCESSRELEASED_1
16:16:02.834 (index):698 UPDATE_0
16:16:02.835 (index):710 NODEACCESSREQUESTED_1
16:16:02.839 (index):680 NODEACCESSRELEASED_0
16:16:02.840 (index):698 UPDATE_1
16:16:02.844 (index):710 NODEACCESSREQUESTED_0
16:16:02.845 (index):680 NODEACCESSRELEASED_1
16:16:02.849 (index):698 UPDATE_0
16:16:02.850 (index):710 NODEACCESSREQUESTED_1
16:16:02.854 (index):680 NODEACCESSRELEASED_0
16:16:02.855 (index):698 UPDATE_1
16:16:02.859 (index):710 NODEACCESSREQUESTED_0
16:16:02.860 (index):680 NODEACCESSRELEASED_1
16:16:02.865 (index):698 UPDATE_0
16:16:02.866 (index):710 NODEACCESSREQUESTED_1
16:16:02.870 (index):680 NODEACCESSRELEASED_0
16:16:02.871 (index):698 UPDATE_1
16:16:02.875 (index):710 NODEACCESSREQUESTED_0
16:16:02.876 (index):680 NODEACCESSRELEASED_1
16:16:02.880 (index):698 UPDATE_0
16:16:02.880 (index):710 NODEACCESSREQUESTED_1
16:16:02.885 (index):680 NODEACCESSRELEASED_0
16:16:02.885 (index):698 UPDATE_1
16:16:02.889 (index):710 NODEACCESSREQUESTED_0
16:16:02.890 (index):680 NODEACCESSRELEASED_1
16:16:02.894 (index):698 UPDATE_0
16:16:02.895 (index):710 NODEACCESSREQUESTED_1
16:16:02.899 (index):680 NODEACCESSRELEASED_0
16:16:02.899 (index):698 UPDATE_1
16:16:02.903 (index):710 NODEACCESSREQUESTED_0
16:16:02.904 (index):680 NODEACCESSRELEASED_1
16:16:02.908 (index):698 UPDATE_0
16:16:02.908 (index):710 NODEACCESSREQUESTED_1
16:16:02.912 (index):680 NODEACCESSRELEASED_0
16:16:02.913 (index):698 UPDATE_1
16:16:02.917 (index):710 NODEACCESSREQUESTED_0
16:16:02.918 (index):680 NODEACCESSRELEASED_1
16:16:02.922 (index):698 UPDATE_0
16:16:02.922 (index):710 NODEACCESSREQUESTED_1
16:16:02.926 (index):680 NODEACCESSRELEASED_0
16:16:02.927 (index):698 UPDATE_1
16:16:02.931 (index):710 NODEACCESSREQUESTED_0
16:16:02.932 (index):680 NODEACCESSRELEASED_1
16:16:02.936 (index):698 UPDATE_0
16:16:02.937 (index):710 NODEACCESSREQUESTED_1
16:16:02.941 (index):680 NODEACCESSRELEASED_0
16:16:02.942 (index):698 UPDATE_1
16:16:02.946 (index):710 NODEACCESSREQUESTED_0
16:16:02.947 (index):680 NODEACCESSRELEASED_1
16:16:02.951 (index):698 UPDATE_0
16:16:02.953 (index):710 NODEACCESSREQUESTED_1
16:16:02.957 (index):680 NODEACCESSRELEASED_0
16:16:02.958 (index):698 UPDATE_1
16:16:02.962 (index):710 NODEACCESSREQUESTED_0
16:16:02.963 (index):680 NODEACCESSRELEASED_1
16:16:02.966 (index):698 UPDATE_0
16:16:02.967 (index):710 NODEACCESSREQUESTED_1
16:16:02.971 (index):680 NODEACCESSRELEASED_0
16:16:02.972 (index):698 UPDATE_1
16:16:02.976 (index):710 NODEACCESSREQUESTED_0
16:16:02.977 (index):680 NODEACCESSRELEASED_1
16:16:02.981 (index):698 UPDATE_0
16:16:02.981 (index):710 NODEACCESSREQUESTED_1
16:16:02.985 (index):680 NODEACCESSRELEASED_0
16:16:02.986 (index):698 UPDATE_1
16:16:02.990 (index):710 NODEACCESSREQUESTED_0
16:16:02.990 (index):680 NODEACCESSRELEASED_1
16:16:02.994 (index):698 UPDATE_0
16:16:02.995 (index):710 NODEACCESSREQUESTED_1
16:16:02.999 (index):740 END_0
16:16:03.000 (index):698 UPDATE_1
16:16:03.004 (index):740 END_1
