16:16:03.992 (index):840 Tasks: 25; Collaborators: 7    =========================>
16:16:03.993 (index):710 NODEACCESSREQUESTED_0
16:16:03.994 (index):710 NODEACCESSREQUESTED_1
16:16:03.994 (index):710 NODEACCESSREQUESTED_2
16:16:03.995 (index):710 NODEACCESSREQUESTED_3
16:16:03.996 (index):710 NODEACCESSREQUESTED_4
16:16:03.996 (index):710 NODEACCESSREQUESTED_5
16:16:03.997 (index):710 NODEACCESSREQUESTED_6
16:16:03.998 (index):680 NODEACCESSRELEASED_0
16:16:03.999 (index):680 NODEACCESSRELEASED_1
16:16:03.999 (index):680 NODEACCESSRELEASED_2
16:16:04.000 (index):680 NODEACCESSRELEASED_3
16:16:04.001 (index):680 NODEACCESSRELEASED_4
16:16:04.001 (index):680 NODEACCESSRELEASED_5
16:16:04.002 (index):680 NODEACCESSRELEASED_6
16:16:04.003 (index):710 NODEACCESSREQUESTED_0
16:16:04.004 (index):710 NODEACCESSREQUESTED_1
16:16:04.004 (index):710 NODEACCESSREQUESTED_2
16:16:04.005 (index):710 NODEACCESSREQUESTED_3
16:16:04.006 (index):710 NODEACCESSREQUESTED_4
16:16:04.007 (index):710 NODEACCESSREQUESTED_5
16:16:04.007 (index):710 NODEACCESSREQUESTED_6
16:16:04.008 (index):698 UPDATE_0
16:16:04.009 (index):698 UPDATE_1
16:16:04.009 (index):698 UPDATE_2
16:16:04.010 (index):729 WAITING_3
16:16:04.011 (index):729 WAITING_4
16:16:04.011 (index):729 WAITING_5
16:16:04.012 (index):698 UPDATE_6
16:16:04.013 (index):680 NODEACCESSRELEASED_0
16:16:04.014 (index):680 NODEACCESSRELEASED_1
16:16:04.014 (index):680 NODEACCESSRELEASED_2
16:16:04.015 (index):698 UPDATE_3
16:16:04.016 (index):698 UPDATE_4
16:16:04.017 (index):729 WAITING_5
16:16:04.017 (index):680 NODEACCESSRELEASED_6
16:16:04.018 (index):710 NODEACCESSREQUESTED_0
16:16:04.019 (index):710 NODEACCESSREQUESTED_1
16:16:04.019 (index):710 NODEACCESSREQUESTED_2
16:16:04.020 (index):680 NODEACCESSRELEASED_3
16:16:04.021 (index):680 NODEACCESSRELEASED_4
16:16:04.022 (index):698 UPDATE_5
16:16:04.022 (index):710 NODEACCESSREQUESTED_6
16:16:04.023 (index):698 UPDATE_0
16:16:04.024 (index):729 WAITING_1
16:16:04.024 (index):698 UPDATE_2
16:16:04.025 (index):710 NODEACCESSREQUESTED_3
16:16:04.026 (index):710 NODEACCESSREQUESTED_4
16:16:04.027 (index):680 NODEACCESSRELEASED_5
16:16:04.027 (index):698 UPDATE_6
16:16:04.028 (index):680 NODEACCESSRELEASED_0
16:16:04.029 (index):698 UPDATE_1
16:16:04.029 (index):680 NODEACCESSRELEASED_2
16:16:04.030 (index):698 UPDATE_3
16:16:04.031 (index):698 UPDATE_4
16:16:04.032 (index):710 NODEACCESSREQUESTED_5
16:16:04.032 (index):680 NODEACCESSRELEASED_6
16:16:04.033 (index):710 NODEACCESSREQUESTED_0
16:16:04.034 (index):680 NODEACCESSRELEASED_1
16:16:04.034 (index):710 NODEACCESSREQUESTED_2
16:16:04.035 (index):680 NODEACCESSRELEASED_3
16:16:04.036 (index):680 NODEACCESSRELEASED_4
16:16:04.037 (index):698 UPDATE_5
16:16:04.037 (index):710 NODEACCESSREQUESTED_6
16:16:04.038 (index):698 UPDATE_0
16:16:04.039 (index):710 NODEACCESSREQUESTED_1
16:16:04.039 (index):698 UPDATE_2
16:16:04.040 (index):710 NODEACCESSREQUESTED_3
16:16:04.041 (index):710 NODEACCESSREQUESTED_4
16:16:04.041 (index):680 NODEACCESSRELEASED_5
16:16:04.042 (index):698 UPDATE_6
16:16:04.043 (index):680 NODEACCESSRELEASED_0
16:16:04.043 (index):698 UPDATE_1
16:16:04.044 (index):680 NODEACCESSRELEASED_2
16:16:04.045 (index):698 UPDATE_3
16:16:04.045 (index):729 WAITING_4
16:16:04.046 (index):710 NODEACCESSREQUESTED_5
16:16:04.047 (index):680 NODEACCESSRELEASED_6
16:16:04.047 (index):710 NODEACCESSREQUESTED_0
16:16:04.048 (index):680 NODEACCESSRELEASED_1
16:16:04.049 (index):710 NODEACCESSREQUESTED_2
16:16:04.049 (index):680 NODEACCESSRELEASED_3
16:16:04.050 (index):729 WAITING_4
16:16:04.051 (index):729 WAITING_5
16:16:04.051 (index):710 NODEACCESSREQUESTED_6
16:16:04.052 (index):698 UPDATE_0
16:16:04.053 (index):710 NODEACCESSREQUESTED_1
16:16:04.053 (index):698 UPDATE_2
16:16:04.054 (index):710 NODEACCESSREQUESTED_3
16:16:04.055 (index):729 WAITING_4
16:16:04.055 (index):729 WAITING_5
16:16:04.056 (index):698 UPDATE_6
16:16:04.057 (index):680 NODEACCESSRELEASED_0
16:16:04.057 (index):698 UPDATE_1
16:16:04.058 (index):680 NODEACCESSRELEASED_2
16:16:04.059 (index):698 UPDATE_3
16:16:04.059 (index):729 WAITING_4
16:16:04.060 (index):729 WAITING_5
16:16:04.061 (index):680 NODEACCESSRELEASED_6
16:16:04.061 (index):710 NODEACCESSREQUESTED_0
16:16:04.062 (index):680 NODEACCESSRELEASED_1
16:16:04.063 (index):710 NODEACCESSREQUESTED_2
16:16:04.064 (index):680 NODEACCESSRELEASED_3
16:16:04.064 (index):698 UPDATE_4
16:16:04.065 (index):729 WAITING_5
16:16:04.066 (index):710 NODEACCESSREQUESTED_6
16:16:04.066 (index):729 WAITING_0
16:16:04.067 (index):710 NODEACCESSREQUESTED_1
16:16:04.068 (index):698 UPDATE_2
16:16:04.068 (index):710 NODEACCESSREQUESTED_3
16:16:04.069 (index):680 NODEACCESSRELEASED_4
16:16:04.070 (index):729 WAITING_5
16:16:04.070 (index):698 UPDATE_6
16:16:04.071 (index):729 WAITING_0
16:16:04.072 (index):698 UPDATE_1
16:16:04.072 (index):680 NODEACCESSRELEASED_2
16:16:04.073 (index):698 UPDATE_3
16:16:04.074 (index):710 NODEACCESSREQUESTED_4
16:16:04.075 (index):729 WAITING_5
16:16:04.075 (index):680 NODEACCESSRELEASED_6
16:16:04.076 (index):729 WAITING_0
16:16:04.077 (index):680 NODEACCESSRELEASED_1
16:16:04.077 (index):710 NODEACCESSREQUESTED_2
16:16:04.078 (index):680 NODEACCESSRELEASED_3
16:16:04.079 (index):698 UPDATE_4
16:16:04.079 (index):729 WAITING_5
16:16:04.080 (index):710 NODEACCESSREQUESTED_6
16:16:04.081 (index):729 WAITING_0
16:16:04.081 (index):710 NODEACCESSREQUESTED_1
16:16:04.082 (index):698 UPDATE_2
16:16:04.083 (index):710 NODEACCESSREQUESTED_3
16:16:04.092 (index):680 NODEACCESSRELEASED_4
16:16:04.093 (index):729 WAITING_5
16:16:04.094 (index):698 UPDATE_6
16:16:04.095 (index):729 WAITING_0
16:16:04.095 (index):698 UPDATE_1
16:16:04.105 (index):680 NODEACCESSRELEASED_2
16:16:04.106 (index):698 UPDATE_3
16:16:04.107 (index):710 NODEACCESSREQUESTED_4
16:16:04.107 (index):729 WAITING_5
16:16:04.108 (index):680 NODEACCESSRELEASED_6
16:16:04.109 (index):729 WAITING_0
16:16:04.110 (index):680 NODEACCESSRELEASED_1
16:16:04.119 (index):710 NODEACCESSREQUESTED_2
16:16:04.120 (index):680 NODEACCESSRELEASED_3
16:16:04.121 (index):698 UPDATE_4
16:16:04.122 (index):729 WAITING_5
16:16:04.122 (index):710 NODEACCESSREQUESTED_6
16:16:04.123 (index):729 WAITING_0
16:16:04.124 (index):710 NODEACCESSREQUESTED_1
16:16:04.134 (index):698 UPDATE_2
16:16:04.135 (index):710 NODEACCESSREQUESTED_3
16:16:04.135 (index):680 NODEACCESSRELEASED_4
16:16:04.136 (index):729 WAITING_5
16:16:04.137 (index):729 WAITING_6
16:16:04.137 (index):729 WAITING_0
16:16:04.138 (index):698 UPDATE_1
16:16:04.139 (index):680 NODEACCESSRELEASED_2
16:16:04.139 (index):729 WAITING_3
16:16:04.140 (index):710 NODEACCESSREQUESTED_4
16:16:04.141 (index):729 WAITING_5
16:16:04.152 (index):698 UPDATE_6
16:16:04.152 (index):729 WAITING_0
16:16:04.153 (index):680 NODEACCESSRELEASED_1
16:16:04.154 (index):710 NODEACCESSREQUESTED_2
16:16:04.154 (index):729 WAITING_3
16:16:04.155 (index):729 WAITING_4
16:16:04.156 (index):729 WAITING_5
16:16:04.157 (index):680 NODEACCESSRELEASED_6
16:16:04.157 (index):729 WAITING_0
16:16:04.167 (index):710 NODEACCESSREQUESTED_1
16:16:04.168 (index):698 UPDATE_2
16:16:04.169 (index):698 UPDATE_3
16:16:04.169 (index):729 WAITING_4
16:16:04.170 (index):729 WAITING_5
16:16:04.171 (index):710 NODEACCESSREQUESTED_6
16:16:04.171 (index):729 WAITING_0
16:16:04.172 (index):698 UPDATE_1
16:16:04.173 (index):680 NODEACCESSRELEASED_2
16:16:04.174 (index):680 NODEACCESSRELEASED_3
16:16:04.174 (index):698 UPDATE_4
16:16:04.184 (index):729 WAITING_5
16:16:04.185 (index):698 UPDATE_6
16:16:04.185 (index):729 WAITING_0
16:16:04.186 (index):680 NODEACCESSRELEASED_1
16:16:04.187 (index):710 NODEACCESSREQUESTED_2
16:16:04.188 (index):710 NODEACCESSREQUESTED_3
16:16:04.188 (index):680 NODEACCESSRELEASED_4
16:16:04.189 (index):729 WAITING_5
16:16:04.190 (index):680 NODEACCESSRELEASED_6
16:16:04.190 (index):729 WAITING_0
16:16:04.191 (index):710 NODEACCESSREQUESTED_1
16:16:04.200 (index):698 UPDATE_2
16:16:04.201 (index):698 UPDATE_3
16:16:04.202 (index):710 NODEACCESSREQUESTED_4
16:16:04.203 (index):729 WAITING_5
16:16:04.203 (index):710 NODEACCESSREQUESTED_6
16:16:04.204 (index):729 WAITING_0
16:16:04.205 (index):729 WAITING_1
16:16:04.205 (index):680 NODEACCESSRELEASED_2
16:16:04.206 (index):680 NODEACCESSRELEASED_3
16:16:04.207 (index):698 UPDATE_4
16:16:04.207 (index):729 WAITING_5
16:16:04.217 (index):729 WAITING_6
16:16:04.217 (index):729 WAITING_0
16:16:04.218 (index):698 UPDATE_1
16:16:04.219 (index):710 NODEACCESSREQUESTED_2
16:16:04.220 (index):710 NODEACCESSREQUESTED_3
16:16:04.220 (index):680 NODEACCESSRELEASED_4
16:16:04.221 (index):729 WAITING_5
16:16:04.222 (index):729 WAITING_6
16:16:04.222 (index):729 WAITING_0
16:16:04.223 (index):680 NODEACCESSRELEASED_1
16:16:04.224 (index):698 UPDATE_2
16:16:04.234 (index):698 UPDATE_3
16:16:04.235 (index):710 NODEACCESSREQUESTED_4
16:16:04.236 (index):729 WAITING_5
16:16:04.237 (index):729 WAITING_6
16:16:04.237 (index):729 WAITING_0
16:16:04.238 (index):710 NODEACCESSREQUESTED_1
16:16:04.239 (index):680 NODEACCESSRELEASED_2
16:16:04.239 (index):680 NODEACCESSRELEASED_3
16:16:04.240 (index):729 WAITING_4
16:16:04.241 (index):729 WAITING_5
16:16:04.252 (index):698 UPDATE_6
16:16:04.253 (index):729 WAITING_0
16:16:04.253 (index):698 UPDATE_1
16:16:04.254 (index):710 NODEACCESSREQUESTED_2
16:16:04.255 (index):710 NODEACCESSREQUESTED_3
16:16:04.256 (index):729 WAITING_4
16:16:04.256 (index):729 WAITING_5
16:16:04.257 (index):680 NODEACCESSRELEASED_6
16:16:04.267 (index):729 WAITING_0
16:16:04.268 (index):680 NODEACCESSRELEASED_1
16:16:04.269 (index):698 UPDATE_2
16:16:04.270 (index):698 UPDATE_3
16:16:04.270 (index):729 WAITING_4
16:16:04.271 (index):729 WAITING_5
16:16:04.272 (index):710 NODEACCESSREQUESTED_6
16:16:04.273 (index):729 WAITING_0
16:16:04.273 (index):710 NODEACCESSREQUESTED_1
16:16:04.274 (index):680 NODEACCESSRELEASED_2
16:16:04.285 (index):680 NODEACCESSRELEASED_3
16:16:04.286 (index):729 WAITING_4
16:16:04.286 (index):698 UPDATE_5
16:16:04.287 (index):729 WAITING_6
16:16:04.288 (index):729 WAITING_0
16:16:04.289 (index):729 WAITING_1
16:16:04.289 (index):710 NODEACCESSREQUESTED_2
16:16:04.290 (index):710 NODEACCESSREQUESTED_3
16:16:04.291 (index):729 WAITING_4
16:16:04.302 (index):680 NODEACCESSRELEASED_5
16:16:04.303 (index):729 WAITING_6
16:16:04.303 (index):698 UPDATE_0
16:16:04.304 (index):729 WAITING_1
16:16:04.305 (index):729 WAITING_2
16:16:04.305 (index):729 WAITING_3
16:16:04.306 (index):729 WAITING_4
16:16:04.307 (index):710 NODEACCESSREQUESTED_5
16:16:04.308 (index):729 WAITING_6
16:16:04.318 (index):680 NODEACCESSRELEASED_0
16:16:04.319 (index):729 WAITING_1
16:16:04.320 (index):729 WAITING_2
16:16:04.321 (index):729 WAITING_3
16:16:04.321 (index):698 UPDATE_4
16:16:04.322 (index):729 WAITING_5
16:16:04.323 (index):729 WAITING_6
16:16:04.324 (index):710 NODEACCESSREQUESTED_0
16:16:04.324 (index):729 WAITING_1
16:16:04.336 (index):729 WAITING_2
16:16:04.337 (index):729 WAITING_3
16:16:04.338 (index):680 NODEACCESSRELEASED_4
16:16:04.338 (index):729 WAITING_5
16:16:04.339 (index):698 UPDATE_6
16:16:04.340 (index):729 WAITING_0
16:16:04.340 (index):729 WAITING_1
16:16:04.351 (index):729 WAITING_2
16:16:04.352 (index):729 WAITING_3
16:16:04.353 (index):710 NODEACCESSREQUESTED_4
16:16:04.353 (index):729 WAITING_5
16:16:04.354 (index):680 NODEACCESSRELEASED_6
16:16:04.355 (index):729 WAITING_0
16:16:04.355 (index):698 UPDATE_1
16:16:04.356 (index):729 WAITING_2
16:16:04.357 (index):729 WAITING_3
16:16:04.357 (index):729 WAITING_4
16:16:04.367 (index):729 WAITING_5
16:16:04.368 (index):710 NODEACCESSREQUESTED_6
16:16:04.369 (index):729 WAITING_0
16:16:04.370 (index):680 NODEACCESSRELEASED_1
16:16:04.370 (index):698 UPDATE_2
16:16:04.371 (index):729 WAITING_3
16:16:04.372 (index):698 UPDATE_4
16:16:04.372 (index):698 UPDATE_5
16:16:04.373 (index):729 WAITING_6
16:16:04.374 (index):729 WAITING_0
16:16:04.382 (index):710 NODEACCESSREQUESTED_1
16:16:04.383 (index):680 NODEACCESSRELEASED_2
16:16:04.384 (index):698 UPDATE_3
16:16:04.384 (index):680 NODEACCESSRELEASED_4
16:16:04.385 (index):680 NODEACCESSRELEASED_5
16:16:04.386 (index):698 UPDATE_6
16:16:04.387 (index):698 UPDATE_0
16:16:04.387 (index):729 WAITING_1
16:16:04.388 (index):710 NODEACCESSREQUESTED_2
16:16:04.388 (index):680 NODEACCESSRELEASED_3
16:16:04.389 (index):710 NODEACCESSREQUESTED_4
16:16:04.390 (index):710 NODEACCESSREQUESTED_5
16:16:04.391 (index):680 NODEACCESSRELEASED_6
16:16:04.398 (index):680 NODEACCESSRELEASED_0
16:16:04.399 (index):698 UPDATE_1
16:16:04.399 (index):698 UPDATE_2
16:16:04.400 (index):710 NODEACCESSREQUESTED_3
16:16:04.401 (index):729 WAITING_4
16:16:04.401 (index):729 WAITING_5
16:16:04.402 (index):710 NODEACCESSREQUESTED_6
16:16:04.403 (index):710 NODEACCESSREQUESTED_0
16:16:04.403 (index):680 NODEACCESSRELEASED_1
16:16:04.404 (index):740 END_2
16:16:04.405 (index):698 UPDATE_3
16:16:04.405 (index):698 UPDATE_4
16:16:04.406 (index):698 UPDATE_5
16:16:04.407 (index):729 WAITING_6
16:16:04.407 (index):729 WAITING_0
16:16:04.415 (index):710 NODEACCESSREQUESTED_1
16:16:04.416 (index):680 NODEACCESSRELEASED_3
16:16:04.417 (index):680 NODEACCESSRELEASED_4
16:16:04.417 (index):680 NODEACCESSRELEASED_5
16:16:04.418 (index):729 WAITING_6
16:16:04.419 (index):698 UPDATE_0
16:16:04.420 (index):698 UPDATE_1
16:16:04.420 (index):710 NODEACCESSREQUESTED_3
16:16:04.421 (index):710 NODEACCESSREQUESTED_4
16:16:04.422 (index):710 NODEACCESSREQUESTED_5
16:16:04.423 (index):729 WAITING_6
16:16:04.423 (index):680 NODEACCESSRELEASED_0
16:16:04.433 (index):740 END_1
16:16:04.433 (index):698 UPDATE_3
16:16:04.434 (index):729 WAITING_4
16:16:04.434 (index):729 WAITING_5
16:16:04.435 (index):698 UPDATE_6
16:16:04.436 (index):710 NODEACCESSREQUESTED_0
16:16:04.438 (index):740 END_3
16:16:04.438 (index):698 UPDATE_4
16:16:04.439 (index):729 WAITING_5
16:16:04.440 (index):680 NODEACCESSRELEASED_6
16:16:04.440 (index):729 WAITING_0
16:16:04.452 (index):680 NODEACCESSRELEASED_4
16:16:04.453 (index):698 UPDATE_5
16:16:04.454 (index):710 NODEACCESSREQUESTED_6
16:16:04.454 (index):729 WAITING_0
16:16:04.457 (index):710 NODEACCESSREQUESTED_4
16:16:04.458 (index):680 NODEACCESSRELEASED_5
16:16:04.458 (index):698 UPDATE_6
16:16:04.459 (index):698 UPDATE_0
16:16:04.462 (index):729 WAITING_4
16:16:04.463 (index):710 NODEACCESSREQUESTED_5
16:16:04.463 (index):740 END_6
16:16:04.464 (index):680 NODEACCESSRELEASED_0
16:16:04.467 (index):698 UPDATE_4
16:16:04.468 (index):729 WAITING_5
16:16:04.469 (index):710 NODEACCESSREQUESTED_0
16:16:04.472 (index):680 NODEACCESSRELEASED_4
16:16:04.473 (index):698 UPDATE_5
16:16:04.473 (index):698 UPDATE_0
16:16:04.477 (index):710 NODEACCESSREQUESTED_4
16:16:04.478 (index):680 NODEACCESSRELEASED_5
16:16:04.479 (index):680 NODEACCESSRELEASED_0
16:16:04.482 (index):698 UPDATE_4
16:16:04.483 (index):710 NODEACCESSREQUESTED_5
16:16:04.484 (index):710 NODEACCESSREQUESTED_0
16:16:04.487 (index):740 END_4
16:16:04.488 (index):698 UPDATE_5
16:16:04.489 (index):729 WAITING_0
16:16:04.493 (index):680 NODEACCESSRELEASED_5
16:16:04.493 (index):698 UPDATE_0
16:16:04.497 (index):710 NODEACCESSREQUESTED_5
16:16:04.498 (index):680 NODEACCESSRELEASED_0
16:16:04.502 (index):698 UPDATE_5
16:16:04.503 (index):710 NODEACCESSREQUESTED_0
16:16:04.507 (index):680 NODEACCESSRELEASED_5
16:16:04.508 (index):698 UPDATE_0
16:16:04.512 (index):710 NODEACCESSREQUESTED_5
16:16:04.513 (index):680 NODEACCESSRELEASED_0
16:16:04.517 (index):698 UPDATE_5
16:16:04.517 (index):710 NODEACCESSREQUESTED_0
16:16:04.521 (index):680 NODEACCESSRELEASED_5
16:16:04.522 (index):698 UPDATE_0
16:16:04.526 (index):710 NODEACCESSREQUESTED_5
16:16:04.527 (index):680 NODEACCESSRELEASED_0
16:16:04.531 (index):698 UPDATE_5
16:16:04.532 (index):710 NODEACCESSREQUESTED_0
16:16:04.536 (index):680 NODEACCESSRELEASED_5
16:16:04.536 (index):698 UPDATE_0
16:16:04.540 (index):710 NODEACCESSREQUESTED_5
16:16:04.541 (index):740 END_0
16:16:04.545 (index):698 UPDATE_5
16:16:04.550 (index):680 NODEACCESSRELEASED_5
16:16:04.555 (index):710 NODEACCESSREQUESTED_5
16:16:04.559 (index):698 UPDATE_5
16:16:04.564 (index):740 END_5
