16:16:10.553 (index):1137 Tasks: 25; Collaborators: 18    =========================>
16:16:10.554 (index):710 NODEACCESSREQUESTED_0
16:16:10.555 (index):710 NODEACCESSREQUESTED_1
16:16:10.555 (index):710 NODEACCESSREQUESTED_2
16:16:10.556 (index):710 NODEACCESSREQUESTED_3
16:16:10.557 (index):710 NODEACCESSREQUESTED_4
16:16:10.557 (index):710 NODEACCESSREQUESTED_5
16:16:10.558 (index):710 NODEACCESSREQUESTED_6
16:16:10.559 (index):710 NODEACCESSREQUESTED_7
16:16:10.559 (index):710 NODEACCESSREQUESTED_8
16:16:10.560 (index):710 NODEACCESSREQUESTED_9
16:16:10.560 (index):710 NODEACCESSREQUESTED_10
16:16:10.561 (index):710 NODEACCESSREQUESTED_11
16:16:10.562 (index):710 NODEACCESSREQUESTED_12
16:16:10.562 (index):710 NODEACCESSREQUESTED_13
16:16:10.563 (index):710 NODEACCESSREQUESTED_14
16:16:10.564 (index):710 NODEACCESSREQUESTED_15
16:16:10.564 (index):710 NODEACCESSREQUESTED_16
16:16:10.565 (index):710 NODEACCESSREQUESTED_17
16:16:10.566 (index):680 NODEACCESSRELEASED_0
16:16:10.567 (index):680 NODEACCESSRELEASED_1
16:16:10.567 (index):729 WAITING_2
16:16:10.568 (index):680 NODEACCESSRELEASED_3
16:16:10.569 (index):729 WAITING_4
16:16:10.570 (index):680 NODEACCESSRELEASED_5
16:16:10.570 (index):680 NODEACCESSRELEASED_6
16:16:10.571 (index):680 NODEACCESSRELEASED_7
16:16:10.572 (index):680 NODEACCESSRELEASED_8
16:16:10.572 (index):729 WAITING_9
16:16:10.573 (index):729 WAITING_10
16:16:10.574 (index):729 WAITING_11
16:16:10.575 (index):729 WAITING_12
16:16:10.575 (index):680 NODEACCESSRELEASED_13
16:16:10.576 (index):680 NODEACCESSRELEASED_14
16:16:10.577 (index):680 NODEACCESSRELEASED_15
16:16:10.577 (index):680 NODEACCESSRELEASED_16
16:16:10.578 (index):729 WAITING_17
16:16:10.579 (index):710 NODEACCESSREQUESTED_0
16:16:10.579 (index):710 NODEACCESSREQUESTED_1
16:16:10.580 (index):729 WAITING_2
16:16:10.581 (index):710 NODEACCESSREQUESTED_3
16:16:10.582 (index):729 WAITING_4
16:16:10.582 (index):710 NODEACCESSREQUESTED_5
16:16:10.583 (index):710 NODEACCESSREQUESTED_6
16:16:10.584 (index):710 NODEACCESSREQUESTED_7
16:16:10.584 (index):710 NODEACCESSREQUESTED_8
16:16:10.585 (index):680 NODEACCESSRELEASED_9
16:16:10.586 (index):680 NODEACCESSRELEASED_10
16:16:10.587 (index):729 WAITING_11
16:16:10.587 (index):680 NODEACCESSRELEASED_12
16:16:10.588 (index):710 NODEACCESSREQUESTED_13
16:16:10.589 (index):710 NODEACCESSREQUESTED_14
16:16:10.590 (index):710 NODEACCESSREQUESTED_15
16:16:10.590 (index):710 NODEACCESSREQUESTED_16
16:16:10.591 (index):680 NODEACCESSRELEASED_17
16:16:10.592 (index):729 WAITING_0
16:16:10.592 (index):698 UPDATE_1
16:16:10.593 (index):729 WAITING_2
16:16:10.594 (index):729 WAITING_3
16:16:10.594 (index):680 NODEACCESSRELEASED_4
16:16:10.595 (index):698 UPDATE_5
16:16:10.596 (index):729 WAITING_6
16:16:10.597 (index):729 WAITING_7
16:16:10.597 (index):729 WAITING_8
16:16:10.598 (index):710 NODEACCESSREQUESTED_9
16:16:10.599 (index):710 NODEACCESSREQUESTED_10
16:16:10.599 (index):680 NODEACCESSRELEASED_11
16:16:10.600 (index):710 NODEACCESSREQUESTED_12
16:16:10.601 (index):729 WAITING_13
16:16:10.602 (index):698 UPDATE_14
16:16:10.602 (index):729 WAITING_15
16:16:10.603 (index):729 WAITING_16
16:16:10.604 (index):710 NODEACCESSREQUESTED_17
16:16:10.605 (index):698 UPDATE_0
16:16:10.605 (index):680 NODEACCESSRELEASED_1
16:16:10.606 (index):729 WAITING_2
16:16:10.607 (index):698 UPDATE_3
16:16:10.607 (index):710 NODEACCESSREQUESTED_4
16:16:10.608 (index):680 NODEACCESSRELEASED_5
16:16:10.609 (index):698 UPDATE_6
16:16:10.610 (index):698 UPDATE_7
16:16:10.610 (index):729 WAITING_8
16:16:10.611 (index):698 UPDATE_9
16:16:10.612 (index):729 WAITING_10
16:16:10.613 (index):710 NODEACCESSREQUESTED_11
16:16:10.613 (index):729 WAITING_12
16:16:10.614 (index):729 WAITING_13
16:16:10.615 (index):680 NODEACCESSRELEASED_14
16:16:10.615 (index):729 WAITING_15
16:16:10.616 (index):729 WAITING_16
16:16:10.617 (index):729 WAITING_17
16:16:10.618 (index):680 NODEACCESSRELEASED_0
16:16:10.618 (index):710 NODEACCESSREQUESTED_1
16:16:10.619 (index):729 WAITING_2
16:16:10.620 (index):680 NODEACCESSRELEASED_3
16:16:10.620 (index):729 WAITING_4
16:16:10.621 (index):710 NODEACCESSREQUESTED_5
16:16:10.622 (index):680 NODEACCESSRELEASED_6
16:16:10.623 (index):680 NODEACCESSRELEASED_7
16:16:10.623 (index):698 UPDATE_8
16:16:10.624 (index):680 NODEACCESSRELEASED_9
16:16:10.625 (index):698 UPDATE_10
16:16:10.625 (index):698 UPDATE_11
16:16:10.626 (index):698 UPDATE_12
16:16:10.627 (index):729 WAITING_13
16:16:10.628 (index):710 NODEACCESSREQUESTED_14
16:16:10.628 (index):698 UPDATE_15
16:16:10.629 (index):729 WAITING_16
16:16:10.630 (index):698 UPDATE_17
16:16:10.631 (index):710 NODEACCESSREQUESTED_0
16:16:10.631 (index):729 WAITING_1
16:16:10.632 (index):729 WAITING_2
16:16:10.633 (index):710 NODEACCESSREQUESTED_3
16:16:10.633 (index):729 WAITING_4
16:16:10.634 (index):729 WAITING_5
16:16:10.635 (index):710 NODEACCESSREQUESTED_6
16:16:10.636 (index):710 NODEACCESSREQUESTED_7
16:16:10.636 (index):680 NODEACCESSRELEASED_8
16:16:10.637 (index):710 NODEACCESSREQUESTED_9
16:16:10.638 (index):680 NODEACCESSRELEASED_10
16:16:10.639 (index):680 NODEACCESSRELEASED_11
16:16:10.639 (index):680 NODEACCESSRELEASED_12
16:16:10.640 (index):698 UPDATE_13
16:16:10.641 (index):729 WAITING_14
16:16:10.641 (index):680 NODEACCESSRELEASED_15
16:16:10.642 (index):729 WAITING_16
16:16:10.643 (index):680 NODEACCESSRELEASED_17
16:16:10.644 (index):729 WAITING_0
16:16:10.644 (index):729 WAITING_1
16:16:10.645 (index):729 WAITING_2
16:16:10.646 (index):729 WAITING_3
16:16:10.646 (index):698 UPDATE_4
16:16:10.647 (index):698 UPDATE_5
16:16:10.648 (index):698 UPDATE_6
16:16:10.649 (index):729 WAITING_7
16:16:10.649 (index):710 NODEACCESSREQUESTED_8
16:16:10.650 (index):698 UPDATE_9
16:16:10.651 (index):710 NODEACCESSREQUESTED_10
16:16:10.651 (index):710 NODEACCESSREQUESTED_11
16:16:10.652 (index):710 NODEACCESSREQUESTED_12
16:16:10.653 (index):680 NODEACCESSRELEASED_13
16:16:10.654 (index):729 WAITING_14
16:16:10.654 (index):710 NODEACCESSREQUESTED_15
16:16:10.655 (index):729 WAITING_16
16:16:10.656 (index):710 NODEACCESSREQUESTED_17
16:16:10.656 (index):729 WAITING_0
16:16:10.657 (index):729 WAITING_1
16:16:10.658 (index):729 WAITING_2
16:16:10.659 (index):698 UPDATE_3
16:16:10.659 (index):680 NODEACCESSRELEASED_4
16:16:10.660 (index):680 NODEACCESSRELEASED_5
16:16:10.661 (index):680 NODEACCESSRELEASED_6
16:16:10.662 (index):729 WAITING_7
16:16:10.662 (index):729 WAITING_8
16:16:10.663 (index):680 NODEACCESSRELEASED_9
16:16:10.664 (index):698 UPDATE_10
16:16:10.664 (index):729 WAITING_11
16:16:10.665 (index):698 UPDATE_12
16:16:10.666 (index):710 NODEACCESSREQUESTED_13
16:16:10.667 (index):698 UPDATE_14
16:16:10.667 (index):729 WAITING_15
16:16:10.668 (index):729 WAITING_16
16:16:10.669 (index):698 UPDATE_17
16:16:10.669 (index):729 WAITING_0
16:16:10.670 (index):698 UPDATE_1
16:16:10.671 (index):729 WAITING_2
16:16:10.671 (index):680 NODEACCESSRELEASED_3
16:16:10.672 (index):710 NODEACCESSREQUESTED_4
16:16:10.673 (index):710 NODEACCESSREQUESTED_5
16:16:10.674 (index):710 NODEACCESSREQUESTED_6
16:16:10.674 (index):729 WAITING_7
16:16:10.675 (index):729 WAITING_8
16:16:10.676 (index):710 NODEACCESSREQUESTED_9
16:16:10.677 (index):680 NODEACCESSRELEASED_10
16:16:10.677 (index):698 UPDATE_11
16:16:10.678 (index):680 NODEACCESSRELEASED_12
16:16:10.679 (index):729 WAITING_13
16:16:10.679 (index):680 NODEACCESSRELEASED_14
16:16:10.680 (index):729 WAITING_15
16:16:10.681 (index):729 WAITING_16
16:16:10.681 (index):680 NODEACCESSRELEASED_17
16:16:10.682 (index):729 WAITING_0
16:16:10.683 (index):680 NODEACCESSRELEASED_1
16:16:10.683 (index):729 WAITING_2
16:16:10.684 (index):710 NODEACCESSREQUESTED_3
16:16:10.685 (index):729 WAITING_4
16:16:10.685 (index):698 UPDATE_5
16:16:10.686 (index):698 UPDATE_6
16:16:10.687 (index):698 UPDATE_7
16:16:10.687 (index):729 WAITING_8
16:16:10.688 (index):729 WAITING_9
16:16:10.689 (index):710 NODEACCESSREQUESTED_10
16:16:10.689 (index):680 NODEACCESSRELEASED_11
16:16:10.690 (index):710 NODEACCESSREQUESTED_12
16:16:10.691 (index):729 WAITING_13
16:16:10.691 (index):710 NODEACCESSREQUESTED_14
16:16:10.692 (index):698 UPDATE_15
16:16:10.693 (index):729 WAITING_16
16:16:10.693 (index):710 NODEACCESSREQUESTED_17
16:16:10.694 (index):698 UPDATE_0
16:16:10.695 (index):710 NODEACCESSREQUESTED_1
16:16:10.695 (index):729 WAITING_2
16:16:10.696 (index):729 WAITING_3
16:16:10.697 (index):729 WAITING_4
16:16:10.697 (index):680 NODEACCESSRELEASED_5
16:16:10.698 (index):680 NODEACCESSRELEASED_6
16:16:10.699 (index):680 NODEACCESSRELEASED_7
16:16:10.699 (index):698 UPDATE_8
16:16:10.700 (index):698 UPDATE_9
16:16:10.701 (index):729 WAITING_10
16:16:10.701 (index):710 NODEACCESSREQUESTED_11
16:16:10.702 (index):729 WAITING_12
16:16:10.703 (index):729 WAITING_13
16:16:10.703 (index):698 UPDATE_14
16:16:10.704 (index):680 NODEACCESSRELEASED_15
16:16:10.705 (index):729 WAITING_16
16:16:10.705 (index):698 UPDATE_17
16:16:10.706 (index):680 NODEACCESSRELEASED_0
16:16:10.707 (index):729 WAITING_1
16:16:10.707 (index):729 WAITING_2
16:16:10.708 (index):729 WAITING_3
16:16:10.709 (index):729 WAITING_4
16:16:10.709 (index):710 NODEACCESSREQUESTED_5
16:16:10.710 (index):710 NODEACCESSREQUESTED_6
16:16:10.711 (index):710 NODEACCESSREQUESTED_7
16:16:10.711 (index):680 NODEACCESSRELEASED_8
16:16:10.712 (index):680 NODEACCESSRELEASED_9
16:16:10.713 (index):729 WAITING_10
16:16:10.713 (index):698 UPDATE_11
16:16:10.714 (index):729 WAITING_12
16:16:10.715 (index):698 UPDATE_13
16:16:10.715 (index):680 NODEACCESSRELEASED_14
16:16:10.716 (index):710 NODEACCESSREQUESTED_15
16:16:10.717 (index):729 WAITING_16
16:16:10.717 (index):680 NODEACCESSRELEASED_17
16:16:10.718 (index):710 NODEACCESSREQUESTED_0
16:16:10.719 (index):698 UPDATE_1
16:16:10.720 (index):729 WAITING_2
16:16:10.720 (index):698 UPDATE_3
16:16:10.721 (index):729 WAITING_4
16:16:10.722 (index):729 WAITING_5
16:16:10.722 (index):698 UPDATE_6
16:16:10.723 (index):729 WAITING_7
16:16:10.724 (index):710 NODEACCESSREQUESTED_8
16:16:10.724 (index):710 NODEACCESSREQUESTED_9
16:16:10.725 (index):729 WAITING_10
16:16:10.726 (index):680 NODEACCESSRELEASED_11
16:16:10.727 (index):729 WAITING_12
16:16:10.727 (index):680 NODEACCESSRELEASED_13
16:16:10.728 (index):710 NODEACCESSREQUESTED_14
16:16:10.729 (index):729 WAITING_15
16:16:10.729 (index):729 WAITING_16
16:16:10.730 (index):710 NODEACCESSREQUESTED_17
16:16:10.731 (index):729 WAITING_0
16:16:10.731 (index):680 NODEACCESSRELEASED_1
16:16:10.732 (index):729 WAITING_2
16:16:10.733 (index):680 NODEACCESSRELEASED_3
16:16:10.733 (index):729 WAITING_4
16:16:10.734 (index):729 WAITING_5
16:16:10.735 (index):680 NODEACCESSRELEASED_6
16:16:10.735 (index):698 UPDATE_7
16:16:10.736 (index):698 UPDATE_8
16:16:10.737 (index):698 UPDATE_9
16:16:10.737 (index):729 WAITING_10
16:16:10.738 (index):710 NODEACCESSREQUESTED_11
16:16:10.739 (index):729 WAITING_12
16:16:10.739 (index):710 NODEACCESSREQUESTED_13
16:16:10.740 (index):729 WAITING_14
16:16:10.741 (index):729 WAITING_15
16:16:10.741 (index):729 WAITING_16
16:16:10.742 (index):698 UPDATE_17
16:16:10.743 (index):698 UPDATE_0
16:16:10.743 (index):710 NODEACCESSREQUESTED_1
16:16:10.744 (index):729 WAITING_2
16:16:10.745 (index):710 NODEACCESSREQUESTED_3
16:16:10.746 (index):729 WAITING_4
16:16:10.746 (index):729 WAITING_5
16:16:10.747 (index):710 NODEACCESSREQUESTED_6
16:16:10.748 (index):680 NODEACCESSRELEASED_7
16:16:10.748 (index):680 NODEACCESSRELEASED_8
16:16:10.749 (index):680 NODEACCESSRELEASED_9
16:16:10.750 (index):729 WAITING_10
16:16:10.750 (index):729 WAITING_11
16:16:10.751 (index):729 WAITING_12
16:16:10.752 (index):698 UPDATE_13
16:16:10.752 (index):698 UPDATE_14
16:16:10.753 (index):729 WAITING_15
16:16:10.754 (index):729 WAITING_16
16:16:10.754 (index):680 NODEACCESSRELEASED_17
16:16:10.755 (index):680 NODEACCESSRELEASED_0
16:16:10.756 (index):698 UPDATE_1
16:16:10.757 (index):729 WAITING_2
16:16:10.757 (index):729 WAITING_3
16:16:10.758 (index):729 WAITING_4
16:16:10.759 (index):698 UPDATE_5
16:16:10.759 (index):729 WAITING_6
16:16:10.760 (index):710 NODEACCESSREQUESTED_7
16:16:10.761 (index):710 NODEACCESSREQUESTED_8
16:16:10.761 (index):710 NODEACCESSREQUESTED_9
16:16:10.762 (index):729 WAITING_10
16:16:10.763 (index):698 UPDATE_11
16:16:10.763 (index):729 WAITING_12
16:16:10.764 (index):680 NODEACCESSRELEASED_13
16:16:10.765 (index):680 NODEACCESSRELEASED_14
16:16:10.765 (index):729 WAITING_15
16:16:10.766 (index):729 WAITING_16
16:16:10.767 (index):710 NODEACCESSREQUESTED_17
16:16:10.767 (index):710 NODEACCESSREQUESTED_0
16:16:10.768 (index):680 NODEACCESSRELEASED_1
16:16:10.769 (index):729 WAITING_2
16:16:10.769 (index):729 WAITING_3
16:16:10.770 (index):698 UPDATE_4
16:16:10.771 (index):680 NODEACCESSRELEASED_5
16:16:10.772 (index):729 WAITING_6
16:16:10.772 (index):729 WAITING_7
16:16:10.773 (index):698 UPDATE_8
16:16:10.774 (index):698 UPDATE_9
16:16:10.774 (index):729 WAITING_10
16:16:10.775 (index):680 NODEACCESSRELEASED_11
16:16:10.776 (index):729 WAITING_12
16:16:10.776 (index):710 NODEACCESSREQUESTED_13
16:16:10.777 (index):710 NODEACCESSREQUESTED_14
16:16:10.778 (index):698 UPDATE_15
16:16:10.778 (index):729 WAITING_16
16:16:10.779 (index):729 WAITING_17
16:16:10.780 (index):698 UPDATE_0
16:16:10.780 (index):710 NODEACCESSREQUESTED_1
16:16:10.781 (index):729 WAITING_2
16:16:10.782 (index):729 WAITING_3
16:16:10.782 (index):680 NODEACCESSRELEASED_4
16:16:10.783 (index):710 NODEACCESSREQUESTED_5
16:16:10.784 (index):729 WAITING_6
16:16:10.784 (index):698 UPDATE_7
16:16:10.785 (index):680 NODEACCESSRELEASED_8
16:16:10.786 (index):680 NODEACCESSRELEASED_9
16:16:10.787 (index):729 WAITING_10
16:16:10.787 (index):710 NODEACCESSREQUESTED_11
16:16:10.788 (index):698 UPDATE_12
16:16:10.789 (index):698 UPDATE_13
16:16:10.789 (index):729 WAITING_14
16:16:10.790 (index):680 NODEACCESSRELEASED_15
16:16:10.791 (index):729 WAITING_16
16:16:10.791 (index):698 UPDATE_17
16:16:10.792 (index):680 NODEACCESSRELEASED_0
16:16:10.793 (index):698 UPDATE_1
16:16:10.793 (index):729 WAITING_2
16:16:10.794 (index):729 WAITING_3
16:16:10.795 (index):710 NODEACCESSREQUESTED_4
16:16:10.795 (index):729 WAITING_5
16:16:10.796 (index):729 WAITING_6
16:16:10.797 (index):680 NODEACCESSRELEASED_7
16:16:10.797 (index):710 NODEACCESSREQUESTED_8
16:16:10.798 (index):710 NODEACCESSREQUESTED_9
16:16:10.799 (index):729 WAITING_10
16:16:10.799 (index):729 WAITING_11
16:16:10.800 (index):680 NODEACCESSRELEASED_12
16:16:10.801 (index):680 NODEACCESSRELEASED_13
16:16:10.801 (index):729 WAITING_14
16:16:10.802 (index):710 NODEACCESSREQUESTED_15
16:16:10.803 (index):698 UPDATE_16
16:16:10.803 (index):680 NODEACCESSRELEASED_17
16:16:10.804 (index):710 NODEACCESSREQUESTED_0
16:16:10.805 (index):680 NODEACCESSRELEASED_1
16:16:10.806 (index):729 WAITING_2
16:16:10.806 (index):729 WAITING_3
16:16:10.807 (index):729 WAITING_4
16:16:10.808 (index):729 WAITING_5
16:16:10.808 (index):729 WAITING_6
16:16:10.809 (index):710 NODEACCESSREQUESTED_7
16:16:10.810 (index):729 WAITING_8
16:16:10.810 (index):729 WAITING_9
16:16:10.811 (index):729 WAITING_10
16:16:10.812 (index):698 UPDATE_11
16:16:10.812 (index):710 NODEACCESSREQUESTED_12
16:16:10.813 (index):710 NODEACCESSREQUESTED_13
16:16:10.814 (index):729 WAITING_14
16:16:10.814 (index):698 UPDATE_15
16:16:10.815 (index):680 NODEACCESSRELEASED_16
16:16:10.816 (index):710 NODEACCESSREQUESTED_17
16:16:10.816 (index):729 WAITING_0
16:16:10.817 (index):710 NODEACCESSREQUESTED_1
16:16:10.818 (index):729 WAITING_2
16:16:10.818 (index):729 WAITING_3
16:16:10.819 (index):729 WAITING_4
16:16:10.820 (index):729 WAITING_5
16:16:10.820 (index):729 WAITING_6
16:16:10.821 (index):729 WAITING_7
16:16:10.822 (index):729 WAITING_8
16:16:10.822 (index):729 WAITING_9
16:16:10.823 (index):698 UPDATE_10
16:16:10.824 (index):680 NODEACCESSRELEASED_11
16:16:10.825 (index):729 WAITING_12
16:16:10.825 (index):729 WAITING_13
16:16:10.826 (index):729 WAITING_14
16:16:10.827 (index):680 NODEACCESSRELEASED_15
16:16:10.827 (index):710 NODEACCESSREQUESTED_16
16:16:10.828 (index):729 WAITING_17
16:16:10.829 (index):729 WAITING_0
16:16:10.829 (index):729 WAITING_1
16:16:10.830 (index):729 WAITING_2
16:16:10.830 (index):729 WAITING_3
16:16:10.831 (index):729 WAITING_4
16:16:10.832 (index):729 WAITING_5
16:16:10.833 (index):729 WAITING_6
16:16:10.833 (index):729 WAITING_7
16:16:10.834 (index):698 UPDATE_8
16:16:10.835 (index):729 WAITING_9
16:16:10.835 (index):680 NODEACCESSRELEASED_10
16:16:10.836 (index):710 NODEACCESSREQUESTED_11
16:16:10.837 (index):698 UPDATE_12
16:16:10.838 (index):729 WAITING_13
16:16:10.839 (index):729 WAITING_14
16:16:10.839 (index):710 NODEACCESSREQUESTED_15
16:16:10.840 (index):729 WAITING_16
16:16:10.841 (index):729 WAITING_17
16:16:10.841 (index):698 UPDATE_0
16:16:10.842 (index):729 WAITING_1
16:16:10.842 (index):729 WAITING_2
16:16:10.843 (index):729 WAITING_3
16:16:10.844 (index):729 WAITING_4
16:16:10.844 (index):729 WAITING_5
16:16:10.845 (index):698 UPDATE_6
16:16:10.846 (index):729 WAITING_7
16:16:10.847 (index):680 NODEACCESSRELEASED_8
16:16:10.847 (index):729 WAITING_9
16:16:10.848 (index):710 NODEACCESSREQUESTED_10
16:16:10.849 (index):729 WAITING_11
16:16:10.849 (index):680 NODEACCESSRELEASED_12
16:16:10.850 (index):729 WAITING_13
16:16:10.851 (index):729 WAITING_14
16:16:10.851 (index):698 UPDATE_15
16:16:10.852 (index):729 WAITING_16
16:16:10.853 (index):729 WAITING_17
16:16:10.853 (index):680 NODEACCESSRELEASED_0
16:16:10.854 (index):698 UPDATE_1
16:16:10.855 (index):729 WAITING_2
16:16:10.855 (index):729 WAITING_3
16:16:10.856 (index):729 WAITING_4
16:16:10.857 (index):729 WAITING_5
16:16:10.858 (index):680 NODEACCESSRELEASED_6
16:16:10.858 (index):698 UPDATE_7
16:16:10.859 (index):710 NODEACCESSREQUESTED_8
16:16:10.860 (index):729 WAITING_9
16:16:10.860 (index):729 WAITING_10
16:16:10.861 (index):698 UPDATE_11
16:16:10.862 (index):710 NODEACCESSREQUESTED_12
16:16:10.862 (index):729 WAITING_13
16:16:10.863 (index):729 WAITING_14
16:16:10.864 (index):680 NODEACCESSRELEASED_15
16:16:10.864 (index):698 UPDATE_16
16:16:10.865 (index):729 WAITING_17
16:16:10.866 (index):710 NODEACCESSREQUESTED_0
16:16:10.866 (index):680 NODEACCESSRELEASED_1
16:16:10.867 (index):729 WAITING_2
16:16:10.868 (index):729 WAITING_3
16:16:10.868 (index):729 WAITING_4
16:16:10.869 (index):698 UPDATE_5
16:16:10.870 (index):710 NODEACCESSREQUESTED_6
16:16:10.870 (index):680 NODEACCESSRELEASED_7
16:16:10.871 (index):698 UPDATE_8
16:16:10.872 (index):729 WAITING_9
16:16:10.873 (index):698 UPDATE_10
16:16:10.873 (index):680 NODEACCESSRELEASED_11
16:16:10.874 (index):698 UPDATE_12
16:16:10.875 (index):729 WAITING_13
16:16:10.875 (index):729 WAITING_14
16:16:10.876 (index):710 NODEACCESSREQUESTED_15
16:16:10.877 (index):680 NODEACCESSRELEASED_16
16:16:10.877 (index):698 UPDATE_17
16:16:10.878 (index):698 UPDATE_0
16:16:10.879 (index):710 NODEACCESSREQUESTED_1
16:16:10.879 (index):729 WAITING_2
16:16:10.880 (index):729 WAITING_3
16:16:10.881 (index):729 WAITING_4
16:16:10.881 (index):680 NODEACCESSRELEASED_5
16:16:10.882 (index):729 WAITING_6
16:16:10.883 (index):710 NODEACCESSREQUESTED_7
16:16:10.883 (index):680 NODEACCESSRELEASED_8
16:16:10.884 (index):729 WAITING_9
16:16:10.885 (index):680 NODEACCESSRELEASED_10
16:16:10.885 (index):710 NODEACCESSREQUESTED_11
16:16:10.886 (index):680 NODEACCESSRELEASED_12
16:16:10.887 (index):729 WAITING_13
16:16:10.887 (index):729 WAITING_14
16:16:10.888 (index):698 UPDATE_15
16:16:10.889 (index):710 NODEACCESSREQUESTED_16
16:16:10.889 (index):680 NODEACCESSRELEASED_17
16:16:10.890 (index):680 NODEACCESSRELEASED_0
16:16:10.891 (index):729 WAITING_1
16:16:10.892 (index):729 WAITING_2
16:16:10.892 (index):729 WAITING_3
16:16:10.893 (index):698 UPDATE_4
16:16:10.894 (index):710 NODEACCESSREQUESTED_5
16:16:10.894 (index):698 UPDATE_6
16:16:10.895 (index):729 WAITING_7
16:16:10.896 (index):710 NODEACCESSREQUESTED_8
16:16:10.896 (index):729 WAITING_9
16:16:10.897 (index):710 NODEACCESSREQUESTED_10
16:16:10.898 (index):698 UPDATE_11
16:16:10.898 (index):710 NODEACCESSREQUESTED_12
16:16:10.899 (index):729 WAITING_13
16:16:10.900 (index):729 WAITING_14
16:16:10.900 (index):680 NODEACCESSRELEASED_15
16:16:10.901 (index):729 WAITING_16
16:16:10.902 (index):710 NODEACCESSREQUESTED_17
16:16:10.902 (index):710 NODEACCESSREQUESTED_0
16:16:10.903 (index):698 UPDATE_1
16:16:10.904 (index):729 WAITING_2
16:16:10.904 (index):729 WAITING_3
16:16:10.905 (index):680 NODEACCESSRELEASED_4
16:16:10.906 (index):698 UPDATE_5
16:16:10.907 (index):680 NODEACCESSRELEASED_6
16:16:10.907 (index):729 WAITING_7
16:16:10.908 (index):729 WAITING_8
16:16:10.909 (index):729 WAITING_9
16:16:10.909 (index):729 WAITING_10
16:16:10.910 (index):680 NODEACCESSRELEASED_11
16:16:10.911 (index):698 UPDATE_12
16:16:10.911 (index):729 WAITING_13
16:16:10.912 (index):729 WAITING_14
16:16:10.913 (index):710 NODEACCESSREQUESTED_15
16:16:10.913 (index):698 UPDATE_16
16:16:10.914 (index):729 WAITING_17
16:16:10.915 (index):729 WAITING_0
16:16:10.915 (index):680 NODEACCESSRELEASED_1
16:16:10.916 (index):729 WAITING_2
16:16:10.917 (index):729 WAITING_3
16:16:10.917 (index):710 NODEACCESSREQUESTED_4
16:16:10.918 (index):680 NODEACCESSRELEASED_5
16:16:10.919 (index):710 NODEACCESSREQUESTED_6
16:16:10.919 (index):698 UPDATE_7
16:16:10.920 (index):729 WAITING_8
16:16:10.921 (index):729 WAITING_9
16:16:10.921 (index):729 WAITING_10
16:16:10.922 (index):710 NODEACCESSREQUESTED_11
16:16:10.923 (index):680 NODEACCESSRELEASED_12
16:16:10.924 (index):729 WAITING_13
16:16:10.924 (index):698 UPDATE_14
16:16:10.925 (index):729 WAITING_15
16:16:10.926 (index):680 NODEACCESSRELEASED_16
16:16:10.926 (index):729 WAITING_17
16:16:10.927 (index):729 WAITING_0
16:16:10.928 (index):710 NODEACCESSREQUESTED_1
16:16:10.928 (index):729 WAITING_2
16:16:10.929 (index):729 WAITING_3
16:16:10.930 (index):729 WAITING_4
16:16:10.930 (index):710 NODEACCESSREQUESTED_5
16:16:10.931 (index):729 WAITING_6
16:16:10.932 (index):680 NODEACCESSRELEASED_7
16:16:10.932 (index):729 WAITING_8
16:16:10.933 (index):729 WAITING_9
16:16:10.934 (index):698 UPDATE_10
16:16:10.934 (index):729 WAITING_11
16:16:10.935 (index):710 NODEACCESSREQUESTED_12
16:16:10.936 (index):729 WAITING_13
16:16:10.936 (index):680 NODEACCESSRELEASED_14
16:16:10.937 (index):729 WAITING_15
16:16:10.938 (index):710 NODEACCESSREQUESTED_16
16:16:10.938 (index):729 WAITING_17
16:16:10.939 (index):729 WAITING_0
16:16:10.940 (index):729 WAITING_1
16:16:10.941 (index):729 WAITING_2
16:16:10.941 (index):729 WAITING_3
16:16:10.942 (index):698 UPDATE_4
16:16:10.943 (index):729 WAITING_5
16:16:10.943 (index):729 WAITING_6
16:16:10.944 (index):710 NODEACCESSREQUESTED_7
16:16:10.945 (index):698 UPDATE_8
16:16:10.945 (index):729 WAITING_9
16:16:10.946 (index):680 NODEACCESSRELEASED_10
16:16:10.947 (index):698 UPDATE_11
16:16:10.947 (index):729 WAITING_12
16:16:10.948 (index):729 WAITING_13
16:16:10.949 (index):710 NODEACCESSREQUESTED_14
16:16:10.949 (index):698 UPDATE_15
16:16:10.950 (index):729 WAITING_16
16:16:10.951 (index):729 WAITING_17
16:16:10.951 (index):729 WAITING_0
16:16:10.952 (index):698 UPDATE_1
16:16:10.953 (index):729 WAITING_2
16:16:10.953 (index):729 WAITING_3
16:16:10.954 (index):680 NODEACCESSRELEASED_4
16:16:10.955 (index):729 WAITING_5
16:16:10.955 (index):698 UPDATE_6
16:16:10.956 (index):729 WAITING_7
16:16:10.957 (index):680 NODEACCESSRELEASED_8
16:16:10.957 (index):729 WAITING_9
16:16:10.958 (index):710 NODEACCESSREQUESTED_10
16:16:10.959 (index):680 NODEACCESSRELEASED_11
16:16:10.960 (index):729 WAITING_12
16:16:10.960 (index):729 WAITING_13
16:16:10.961 (index):698 UPDATE_14
16:16:10.962 (index):680 NODEACCESSRELEASED_15
16:16:10.962 (index):729 WAITING_16
16:16:10.963 (index):729 WAITING_17
16:16:10.964 (index):729 WAITING_0
16:16:10.964 (index):680 NODEACCESSRELEASED_1
16:16:10.965 (index):729 WAITING_2
16:16:10.966 (index):729 WAITING_3
16:16:10.966 (index):710 NODEACCESSREQUESTED_4
16:16:10.967 (index):729 WAITING_5
16:16:10.968 (index):680 NODEACCESSRELEASED_6
16:16:10.968 (index):729 WAITING_7
16:16:10.969 (index):710 NODEACCESSREQUESTED_8
16:16:10.970 (index):729 WAITING_9
16:16:10.970 (index):729 WAITING_10
16:16:10.971 (index):710 NODEACCESSREQUESTED_11
16:16:10.972 (index):698 UPDATE_12
16:16:10.972 (index):729 WAITING_13
16:16:10.973 (index):680 NODEACCESSRELEASED_14
16:16:10.974 (index):710 NODEACCESSREQUESTED_15
16:16:10.974 (index):729 WAITING_16
16:16:10.975 (index):698 UPDATE_17
16:16:10.976 (index):729 WAITING_0
16:16:10.976 (index):710 NODEACCESSREQUESTED_1
16:16:10.977 (index):729 WAITING_2
16:16:10.978 (index):729 WAITING_3
16:16:10.978 (index):698 UPDATE_4
16:16:10.979 (index):729 WAITING_5
16:16:10.980 (index):710 NODEACCESSREQUESTED_6
16:16:10.980 (index):729 WAITING_7
16:16:10.981 (index):729 WAITING_8
16:16:10.982 (index):729 WAITING_9
16:16:10.982 (index):729 WAITING_10
16:16:10.983 (index):729 WAITING_11
16:16:10.984 (index):680 NODEACCESSRELEASED_12
16:16:10.984 (index):729 WAITING_13
16:16:10.985 (index):710 NODEACCESSREQUESTED_14
16:16:10.986 (index):729 WAITING_15
16:16:10.986 (index):729 WAITING_16
16:16:10.987 (index):680 NODEACCESSRELEASED_17
16:16:10.988 (index):729 WAITING_0
16:16:10.988 (index):729 WAITING_1
16:16:10.989 (index):729 WAITING_2
16:16:10.990 (index):729 WAITING_3
16:16:10.990 (index):680 NODEACCESSRELEASED_4
16:16:10.991 (index):698 UPDATE_5
16:16:10.992 (index):729 WAITING_6
16:16:10.992 (index):698 UPDATE_7
16:16:10.993 (index):698 UPDATE_8
16:16:10.994 (index):729 WAITING_9
16:16:10.994 (index):698 UPDATE_10
16:16:10.995 (index):729 WAITING_11
16:16:10.996 (index):710 NODEACCESSREQUESTED_12
16:16:10.997 (index):729 WAITING_13
16:16:10.997 (index):729 WAITING_14
16:16:10.998 (index):729 WAITING_15
16:16:10.999 (index):729 WAITING_16
16:16:11.000 (index):710 NODEACCESSREQUESTED_17
16:16:11.000 (index):729 WAITING_0
16:16:11.001 (index):729 WAITING_1
16:16:11.002 (index):729 WAITING_2
16:16:11.002 (index):729 WAITING_3
16:16:11.003 (index):710 NODEACCESSREQUESTED_4
16:16:11.004 (index):680 NODEACCESSRELEASED_5
16:16:11.004 (index):729 WAITING_6
16:16:11.005 (index):680 NODEACCESSRELEASED_7
16:16:11.006 (index):680 NODEACCESSRELEASED_8
16:16:11.006 (index):729 WAITING_9
16:16:11.007 (index):680 NODEACCESSRELEASED_10
16:16:11.008 (index):698 UPDATE_11
16:16:11.009 (index):729 WAITING_12
16:16:11.009 (index):729 WAITING_13
16:16:11.010 (index):698 UPDATE_14
16:16:11.011 (index):729 WAITING_15
16:16:11.011 (index):729 WAITING_16
16:16:11.012 (index):729 WAITING_17
16:16:11.012 (index):729 WAITING_0
16:16:11.013 (index):729 WAITING_1
16:16:11.014 (index):729 WAITING_2
16:16:11.015 (index):729 WAITING_3
16:16:11.015 (index):698 UPDATE_4
16:16:11.016 (index):710 NODEACCESSREQUESTED_5
16:16:11.017 (index):729 WAITING_6
16:16:11.017 (index):710 NODEACCESSREQUESTED_7
16:16:11.018 (index):710 NODEACCESSREQUESTED_8
16:16:11.019 (index):729 WAITING_9
16:16:11.019 (index):710 NODEACCESSREQUESTED_10
16:16:11.020 (index):680 NODEACCESSRELEASED_11
16:16:11.021 (index):729 WAITING_12
16:16:11.021 (index):729 WAITING_13
16:16:11.022 (index):680 NODEACCESSRELEASED_14
16:16:11.023 (index):698 UPDATE_15
16:16:11.023 (index):729 WAITING_16
16:16:11.024 (index):729 WAITING_17
16:16:11.025 (index):729 WAITING_0
16:16:11.025 (index):698 UPDATE_1
16:16:11.026 (index):729 WAITING_2
16:16:11.027 (index):729 WAITING_3
16:16:11.027 (index):680 NODEACCESSRELEASED_4
16:16:11.028 (index):698 UPDATE_5
16:16:11.029 (index):729 WAITING_6
16:16:11.029 (index):729 WAITING_7
16:16:11.030 (index):698 UPDATE_8
16:16:11.031 (index):729 WAITING_9
16:16:11.031 (index):729 WAITING_10
16:16:11.032 (index):710 NODEACCESSREQUESTED_11
16:16:11.033 (index):729 WAITING_12
16:16:11.033 (index):729 WAITING_13
16:16:11.034 (index):710 NODEACCESSREQUESTED_14
16:16:11.035 (index):680 NODEACCESSRELEASED_15
16:16:11.035 (index):729 WAITING_16
16:16:11.036 (index):729 WAITING_17
16:16:11.037 (index):729 WAITING_0
16:16:11.037 (index):680 NODEACCESSRELEASED_1
16:16:11.038 (index):729 WAITING_2
16:16:11.039 (index):729 WAITING_3
16:16:11.039 (index):710 NODEACCESSREQUESTED_4
16:16:11.040 (index):680 NODEACCESSRELEASED_5
16:16:11.041 (index):729 WAITING_6
16:16:11.041 (index):729 WAITING_7
16:16:11.042 (index):680 NODEACCESSRELEASED_8
16:16:11.043 (index):729 WAITING_9
16:16:11.043 (index):698 UPDATE_10
16:16:11.044 (index):698 UPDATE_11
16:16:11.045 (index):698 UPDATE_12
16:16:11.045 (index):729 WAITING_13
16:16:11.046 (index):698 UPDATE_14
16:16:11.047 (index):710 NODEACCESSREQUESTED_15
16:16:11.047 (index):729 WAITING_16
16:16:11.048 (index):729 WAITING_17
16:16:11.049 (index):729 WAITING_0
16:16:11.049 (index):710 NODEACCESSREQUESTED_1
16:16:11.050 (index):729 WAITING_2
16:16:11.051 (index):729 WAITING_3
16:16:11.051 (index):729 WAITING_4
16:16:11.052 (index):710 NODEACCESSREQUESTED_5
16:16:11.053 (index):729 WAITING_6
16:16:11.053 (index):729 WAITING_7
16:16:11.054 (index):710 NODEACCESSREQUESTED_8
16:16:11.055 (index):729 WAITING_9
16:16:11.056 (index):680 NODEACCESSRELEASED_10
16:16:11.056 (index):680 NODEACCESSRELEASED_11
16:16:11.057 (index):680 NODEACCESSRELEASED_12
16:16:11.058 (index):729 WAITING_13
16:16:11.058 (index):680 NODEACCESSRELEASED_14
16:16:11.059 (index):698 UPDATE_15
16:16:11.060 (index):729 WAITING_16
16:16:11.060 (index):698 UPDATE_17
16:16:11.061 (index):729 WAITING_0
16:16:11.062 (index):729 WAITING_1
16:16:11.062 (index):729 WAITING_2
16:16:11.063 (index):729 WAITING_3
16:16:11.064 (index):698 UPDATE_4
16:16:11.064 (index):698 UPDATE_5
16:16:11.065 (index):729 WAITING_6
16:16:11.066 (index):729 WAITING_7
16:16:11.067 (index):729 WAITING_8
16:16:11.067 (index):729 WAITING_9
16:16:11.068 (index):710 NODEACCESSREQUESTED_10
16:16:11.069 (index):710 NODEACCESSREQUESTED_11
16:16:11.069 (index):710 NODEACCESSREQUESTED_12
16:16:11.070 (index):729 WAITING_13
16:16:11.071 (index):710 NODEACCESSREQUESTED_14
16:16:11.071 (index):680 NODEACCESSRELEASED_15
16:16:11.072 (index):729 WAITING_16
16:16:11.073 (index):680 NODEACCESSRELEASED_17
16:16:11.073 (index):729 WAITING_0
16:16:11.074 (index):729 WAITING_1
16:16:11.075 (index):729 WAITING_2
16:16:11.075 (index):729 WAITING_3
16:16:11.076 (index):680 NODEACCESSRELEASED_4
16:16:11.077 (index):680 NODEACCESSRELEASED_5
16:16:11.077 (index):729 WAITING_6
16:16:11.078 (index):729 WAITING_7
16:16:11.079 (index):698 UPDATE_8
16:16:11.079 (index):729 WAITING_9
16:16:11.080 (index):729 WAITING_10
16:16:11.081 (index):698 UPDATE_11
16:16:11.081 (index):729 WAITING_12
16:16:11.082 (index):729 WAITING_13
16:16:11.083 (index):698 UPDATE_14
16:16:11.083 (index):710 NODEACCESSREQUESTED_15
16:16:11.084 (index):729 WAITING_16
16:16:11.085 (index):710 NODEACCESSREQUESTED_17
16:16:11.085 (index):729 WAITING_0
16:16:11.086 (index):729 WAITING_1
16:16:11.086 (index):729 WAITING_2
16:16:11.087 (index):729 WAITING_3
16:16:11.088 (index):710 NODEACCESSREQUESTED_4
16:16:11.088 (index):710 NODEACCESSREQUESTED_5
16:16:11.089 (index):729 WAITING_6
16:16:11.090 (index):729 WAITING_7
16:16:11.090 (index):680 NODEACCESSRELEASED_8
16:16:11.091 (index):729 WAITING_9
16:16:11.092 (index):729 WAITING_10
16:16:11.092 (index):680 NODEACCESSRELEASED_11
16:16:11.093 (index):698 UPDATE_12
16:16:11.094 (index):729 WAITING_13
16:16:11.094 (index):680 NODEACCESSRELEASED_14
16:16:11.095 (index):729 WAITING_15
16:16:11.096 (index):729 WAITING_16
16:16:11.096 (index):698 UPDATE_17
16:16:11.097 (index):729 WAITING_0
16:16:11.098 (index):729 WAITING_1
16:16:11.098 (index):729 WAITING_2
16:16:11.099 (index):729 WAITING_3
16:16:11.100 (index):698 UPDATE_4
16:16:11.100 (index):698 UPDATE_5
16:16:11.101 (index):729 WAITING_6
16:16:11.102 (index):729 WAITING_7
16:16:11.102 (index):710 NODEACCESSREQUESTED_8
16:16:11.103 (index):729 WAITING_9
16:16:11.104 (index):729 WAITING_10
16:16:11.104 (index):710 NODEACCESSREQUESTED_11
16:16:11.105 (index):680 NODEACCESSRELEASED_12
16:16:11.106 (index):729 WAITING_13
16:16:11.106 (index):710 NODEACCESSREQUESTED_14
16:16:11.107 (index):729 WAITING_15
16:16:11.108 (index):729 WAITING_16
16:16:11.108 (index):680 NODEACCESSRELEASED_17
16:16:11.109 (index):729 WAITING_0
16:16:11.110 (index):698 UPDATE_1
16:16:11.111 (index):729 WAITING_2
16:16:11.111 (index):729 WAITING_3
16:16:11.112 (index):680 NODEACCESSRELEASED_4
16:16:11.113 (index):680 NODEACCESSRELEASED_5
16:16:11.113 (index):729 WAITING_6
16:16:11.114 (index):729 WAITING_7
16:16:11.115 (index):698 UPDATE_8
16:16:11.115 (index):729 WAITING_9
16:16:11.116 (index):729 WAITING_10
16:16:11.117 (index):729 WAITING_11
16:16:11.117 (index):710 NODEACCESSREQUESTED_12
16:16:11.118 (index):729 WAITING_13
16:16:11.119 (index):729 WAITING_14
16:16:11.119 (index):698 UPDATE_15
16:16:11.120 (index):729 WAITING_16
16:16:11.121 (index):710 NODEACCESSREQUESTED_17
16:16:11.121 (index):729 WAITING_0
16:16:11.122 (index):680 NODEACCESSRELEASED_1
16:16:11.123 (index):729 WAITING_2
16:16:11.123 (index):729 WAITING_3
16:16:11.124 (index):710 NODEACCESSREQUESTED_4
16:16:11.125 (index):710 NODEACCESSREQUESTED_5
16:16:11.125 (index):729 WAITING_6
16:16:11.126 (index):729 WAITING_7
16:16:11.127 (index):680 NODEACCESSRELEASED_8
16:16:11.127 (index):729 WAITING_9
16:16:11.128 (index):729 WAITING_10
16:16:11.129 (index):698 UPDATE_11
16:16:11.129 (index):698 UPDATE_12
16:16:11.130 (index):729 WAITING_13
16:16:11.131 (index):698 UPDATE_14
16:16:11.131 (index):680 NODEACCESSRELEASED_15
16:16:11.132 (index):729 WAITING_16
16:16:11.133 (index):698 UPDATE_17
16:16:11.133 (index):729 WAITING_0
16:16:11.134 (index):710 NODEACCESSREQUESTED_1
16:16:11.135 (index):729 WAITING_2
16:16:11.136 (index):729 WAITING_3
16:16:11.136 (index):698 UPDATE_4
16:16:11.137 (index):698 UPDATE_5
16:16:11.138 (index):729 WAITING_6
16:16:11.138 (index):729 WAITING_7
16:16:11.139 (index):710 NODEACCESSREQUESTED_8
16:16:11.140 (index):729 WAITING_9
16:16:11.140 (index):729 WAITING_10
16:16:11.141 (index):680 NODEACCESSRELEASED_11
16:16:11.142 (index):680 NODEACCESSRELEASED_12
16:16:11.142 (index):729 WAITING_13
16:16:11.143 (index):680 NODEACCESSRELEASED_14
16:16:11.144 (index):710 NODEACCESSREQUESTED_15
16:16:11.144 (index):729 WAITING_16
16:16:11.145 (index):680 NODEACCESSRELEASED_17
16:16:11.146 (index):729 WAITING_0
16:16:11.146 (index):698 UPDATE_1
16:16:11.147 (index):729 WAITING_2
16:16:11.148 (index):729 WAITING_3
16:16:11.148 (index):680 NODEACCESSRELEASED_4
16:16:11.149 (index):680 NODEACCESSRELEASED_5
16:16:11.150 (index):729 WAITING_6
16:16:11.150 (index):729 WAITING_7
16:16:11.151 (index):698 UPDATE_8
16:16:11.152 (index):729 WAITING_9
16:16:11.152 (index):729 WAITING_10
16:16:11.153 (index):710 NODEACCESSREQUESTED_11
16:16:11.154 (index):710 NODEACCESSREQUESTED_12
16:16:11.154 (index):729 WAITING_13
16:16:11.155 (index):710 NODEACCESSREQUESTED_14
16:16:11.156 (index):698 UPDATE_15
16:16:11.156 (index):729 WAITING_16
16:16:11.157 (index):710 NODEACCESSREQUESTED_17
16:16:11.158 (index):729 WAITING_0
16:16:11.158 (index):680 NODEACCESSRELEASED_1
16:16:11.159 (index):729 WAITING_2
16:16:11.160 (index):729 WAITING_3
16:16:11.160 (index):710 NODEACCESSREQUESTED_4
16:16:11.161 (index):710 NODEACCESSREQUESTED_5
16:16:11.162 (index):729 WAITING_6
16:16:11.162 (index):729 WAITING_7
16:16:11.163 (index):680 NODEACCESSRELEASED_8
16:16:11.164 (index):729 WAITING_9
16:16:11.164 (index):729 WAITING_10
16:16:11.165 (index):698 UPDATE_11
16:16:11.166 (index):698 UPDATE_12
16:16:11.166 (index):729 WAITING_13
16:16:11.167 (index):698 UPDATE_14
16:16:11.167 (index):680 NODEACCESSRELEASED_15
16:16:11.168 (index):729 WAITING_16
16:16:11.169 (index):729 WAITING_17
16:16:11.169 (index):729 WAITING_0
16:16:11.170 (index):710 NODEACCESSREQUESTED_1
16:16:11.171 (index):729 WAITING_2
16:16:11.171 (index):729 WAITING_3
16:16:11.172 (index):729 WAITING_4
16:16:11.173 (index):698 UPDATE_5
16:16:11.173 (index):729 WAITING_6
16:16:11.174 (index):729 WAITING_7
16:16:11.175 (index):710 NODEACCESSREQUESTED_8
16:16:11.175 (index):729 WAITING_9
16:16:11.176 (index):729 WAITING_10
16:16:11.177 (index):740 END_11
16:16:11.177 (index):680 NODEACCESSRELEASED_12
16:16:11.178 (index):729 WAITING_13
16:16:11.179 (index):680 NODEACCESSRELEASED_14
16:16:11.180 (index):710 NODEACCESSREQUESTED_15
16:16:11.180 (index):729 WAITING_16
16:16:11.181 (index):698 UPDATE_17
16:16:11.182 (index):729 WAITING_0
16:16:11.182 (index):729 WAITING_1
16:16:11.183 (index):729 WAITING_2
16:16:11.184 (index):729 WAITING_3
16:16:11.184 (index):698 UPDATE_4
16:16:11.185 (index):680 NODEACCESSRELEASED_5
16:16:11.186 (index):729 WAITING_6
16:16:11.186 (index):729 WAITING_7
16:16:11.187 (index):698 UPDATE_8
16:16:11.188 (index):729 WAITING_9
16:16:11.188 (index):729 WAITING_10
16:16:11.189 (index):710 NODEACCESSREQUESTED_12
16:16:11.189 (index):729 WAITING_13
16:16:11.190 (index):710 NODEACCESSREQUESTED_14
16:16:11.191 (index):729 WAITING_15
16:16:11.191 (index):729 WAITING_16
16:16:11.192 (index):680 NODEACCESSRELEASED_17
16:16:11.193 (index):729 WAITING_0
16:16:11.194 (index):698 UPDATE_1
16:16:11.194 (index):729 WAITING_2
16:16:11.195 (index):729 WAITING_3
16:16:11.196 (index):680 NODEACCESSRELEASED_4
16:16:11.196 (index):710 NODEACCESSREQUESTED_5
16:16:11.197 (index):729 WAITING_6
16:16:11.198 (index):729 WAITING_7
16:16:11.198 (index):740 END_8
16:16:11.199 (index):729 WAITING_9
16:16:11.200 (index):729 WAITING_10
16:16:11.200 (index):729 WAITING_12
16:16:11.201 (index):729 WAITING_13
16:16:11.201 (index):729 WAITING_14
16:16:11.202 (index):698 UPDATE_15
16:16:11.203 (index):729 WAITING_16
16:16:11.203 (index):710 NODEACCESSREQUESTED_17
16:16:11.204 (index):729 WAITING_0
16:16:11.205 (index):680 NODEACCESSRELEASED_1
16:16:11.205 (index):729 WAITING_2
16:16:11.206 (index):729 WAITING_3
16:16:11.207 (index):710 NODEACCESSREQUESTED_4
16:16:11.207 (index):698 UPDATE_5
16:16:11.208 (index):729 WAITING_6
16:16:11.209 (index):729 WAITING_7
16:16:11.209 (index):729 WAITING_9
16:16:11.210 (index):729 WAITING_10
16:16:11.211 (index):698 UPDATE_12
16:16:11.211 (index):729 WAITING_13
16:16:11.212 (index):729 WAITING_14
16:16:11.213 (index):680 NODEACCESSRELEASED_15
16:16:11.213 (index):729 WAITING_16
16:16:11.214 (index):698 UPDATE_17
16:16:11.215 (index):729 WAITING_0
16:16:11.215 (index):710 NODEACCESSREQUESTED_1
16:16:11.216 (index):729 WAITING_2
16:16:11.217 (index):729 WAITING_3
16:16:11.217 (index):729 WAITING_4
16:16:11.218 (index):740 END_5
16:16:11.219 (index):729 WAITING_6
16:16:11.219 (index):729 WAITING_7
16:16:11.220 (index):729 WAITING_9
16:16:11.221 (index):729 WAITING_10
16:16:11.221 (index):680 NODEACCESSRELEASED_12
16:16:11.222 (index):729 WAITING_13
16:16:11.223 (index):698 UPDATE_14
16:16:11.223 (index):710 NODEACCESSREQUESTED_15
16:16:11.224 (index):729 WAITING_16
16:16:11.225 (index):680 NODEACCESSRELEASED_17
16:16:11.225 (index):729 WAITING_0
16:16:11.227 (index):698 UPDATE_1
16:16:11.227 (index):729 WAITING_2
16:16:11.228 (index):729 WAITING_3
16:16:11.229 (index):729 WAITING_4
16:16:11.229 (index):729 WAITING_6
16:16:11.230 (index):729 WAITING_7
16:16:11.230 (index):729 WAITING_9
16:16:11.231 (index):729 WAITING_10
16:16:11.232 (index):710 NODEACCESSREQUESTED_12
16:16:11.233 (index):729 WAITING_13
16:16:11.233 (index):680 NODEACCESSRELEASED_14
16:16:11.234 (index):698 UPDATE_15
16:16:11.235 (index):729 WAITING_16
16:16:11.235 (index):710 NODEACCESSREQUESTED_17
16:16:11.236 (index):729 WAITING_0
16:16:11.237 (index):740 END_1
16:16:11.238 (index):729 WAITING_2
16:16:11.238 (index):729 WAITING_3
16:16:11.239 (index):698 UPDATE_4
16:16:11.240 (index):729 WAITING_6
16:16:11.240 (index):729 WAITING_7
16:16:11.241 (index):729 WAITING_9
16:16:11.242 (index):729 WAITING_10
16:16:11.242 (index):698 UPDATE_12
16:16:11.243 (index):729 WAITING_13
16:16:11.244 (index):710 NODEACCESSREQUESTED_14
16:16:11.245 (index):740 END_15
16:16:11.245 (index):729 WAITING_16
16:16:11.246 (index):698 UPDATE_17
16:16:11.247 (index):729 WAITING_0
16:16:11.247 (index):729 WAITING_2
16:16:11.248 (index):729 WAITING_3
16:16:11.249 (index):680 NODEACCESSRELEASED_4
16:16:11.250 (index):729 WAITING_6
16:16:11.250 (index):729 WAITING_7
16:16:11.251 (index):729 WAITING_9
16:16:11.252 (index):729 WAITING_10
16:16:11.252 (index):740 END_12
16:16:11.253 (index):729 WAITING_13
16:16:11.254 (index):698 UPDATE_14
16:16:11.254 (index):729 WAITING_16
16:16:11.255 (index):740 END_17
16:16:11.256 (index):729 WAITING_0
16:16:11.257 (index):729 WAITING_2
16:16:11.257 (index):729 WAITING_3
16:16:11.258 (index):710 NODEACCESSREQUESTED_4
16:16:11.259 (index):729 WAITING_6
16:16:11.259 (index):729 WAITING_7
16:16:11.260 (index):729 WAITING_9
16:16:11.261 (index):729 WAITING_10
16:16:11.261 (index):729 WAITING_13
16:16:11.262 (index):740 END_14
16:16:11.263 (index):729 WAITING_16
16:16:11.264 (index):729 WAITING_0
16:16:11.264 (index):680 NODEACCESSRELEASED_2
16:16:11.265 (index):698 UPDATE_3
16:16:11.266 (index):729 WAITING_4
16:16:11.267 (index):729 WAITING_6
16:16:11.267 (index):729 WAITING_7
16:16:11.268 (index):729 WAITING_9
16:16:11.269 (index):729 WAITING_10
16:16:11.269 (index):729 WAITING_13
16:16:11.270 (index):729 WAITING_16
16:16:11.271 (index):729 WAITING_0
16:16:11.271 (index):710 NODEACCESSREQUESTED_2
16:16:11.272 (index):680 NODEACCESSRELEASED_3
16:16:11.273 (index):729 WAITING_4
16:16:11.274 (index):729 WAITING_6
16:16:11.274 (index):729 WAITING_7
16:16:11.275 (index):698 UPDATE_9
16:16:11.276 (index):729 WAITING_10
16:16:11.276 (index):729 WAITING_13
16:16:11.277 (index):729 WAITING_16
16:16:11.278 (index):729 WAITING_0
16:16:11.278 (index):729 WAITING_2
16:16:11.279 (index):710 NODEACCESSREQUESTED_3
16:16:11.280 (index):729 WAITING_4
16:16:11.281 (index):729 WAITING_6
16:16:11.281 (index):729 WAITING_7
16:16:11.282 (index):680 NODEACCESSRELEASED_9
16:16:11.283 (index):729 WAITING_10
16:16:11.283 (index):698 UPDATE_13
16:16:11.284 (index):729 WAITING_16
16:16:11.285 (index):729 WAITING_0
16:16:11.285 (index):729 WAITING_2
16:16:11.286 (index):729 WAITING_3
16:16:11.287 (index):729 WAITING_4
16:16:11.288 (index):729 WAITING_6
16:16:11.288 (index):729 WAITING_7
16:16:11.289 (index):710 NODEACCESSREQUESTED_9
16:16:11.290 (index):729 WAITING_10
16:16:11.290 (index):680 NODEACCESSRELEASED_13
16:16:11.291 (index):729 WAITING_16
16:16:11.292 (index):698 UPDATE_0
16:16:11.292 (index):729 WAITING_2
16:16:11.293 (index):698 UPDATE_3
16:16:11.294 (index):729 WAITING_4
16:16:11.295 (index):729 WAITING_6
16:16:11.295 (index):729 WAITING_7
16:16:11.296 (index):729 WAITING_9
16:16:11.297 (index):729 WAITING_10
16:16:11.297 (index):710 NODEACCESSREQUESTED_13
16:16:11.298 (index):729 WAITING_16
16:16:11.299 (index):680 NODEACCESSRELEASED_0
16:16:11.299 (index):729 WAITING_2
16:16:11.300 (index):680 NODEACCESSRELEASED_3
16:16:11.301 (index):729 WAITING_4
16:16:11.302 (index):698 UPDATE_6
16:16:11.302 (index):729 WAITING_7
16:16:11.303 (index):698 UPDATE_9
16:16:11.304 (index):729 WAITING_10
16:16:11.304 (index):729 WAITING_13
16:16:11.305 (index):729 WAITING_16
16:16:11.305 (index):710 NODEACCESSREQUESTED_0
16:16:11.306 (index):729 WAITING_2
16:16:11.307 (index):710 NODEACCESSREQUESTED_3
16:16:11.307 (index):729 WAITING_4
16:16:11.308 (index):680 NODEACCESSRELEASED_6
16:16:11.309 (index):698 UPDATE_7
16:16:11.309 (index):680 NODEACCESSRELEASED_9
16:16:11.310 (index):729 WAITING_10
16:16:11.311 (index):729 WAITING_13
16:16:11.311 (index):729 WAITING_16
16:16:11.312 (index):698 UPDATE_0
16:16:11.313 (index):729 WAITING_2
16:16:11.313 (index):729 WAITING_3
16:16:11.314 (index):729 WAITING_4
16:16:11.315 (index):710 NODEACCESSREQUESTED_6
16:16:11.315 (index):680 NODEACCESSRELEASED_7
16:16:11.316 (index):710 NODEACCESSREQUESTED_9
16:16:11.317 (index):729 WAITING_10
16:16:11.317 (index):698 UPDATE_13
16:16:11.318 (index):729 WAITING_16
16:16:11.319 (index):680 NODEACCESSRELEASED_0
16:16:11.319 (index):729 WAITING_2
16:16:11.320 (index):698 UPDATE_3
16:16:11.321 (index):698 UPDATE_4
16:16:11.321 (index):729 WAITING_6
16:16:11.322 (index):710 NODEACCESSREQUESTED_7
16:16:11.323 (index):698 UPDATE_9
16:16:11.323 (index):729 WAITING_10
16:16:11.324 (index):680 NODEACCESSRELEASED_13
16:16:11.325 (index):729 WAITING_16
16:16:11.325 (index):710 NODEACCESSREQUESTED_0
16:16:11.326 (index):729 WAITING_2
16:16:11.326 (index):680 NODEACCESSRELEASED_3
16:16:11.327 (index):680 NODEACCESSRELEASED_4
16:16:11.328 (index):698 UPDATE_6
16:16:11.328 (index):729 WAITING_7
16:16:11.329 (index):680 NODEACCESSRELEASED_9
16:16:11.330 (index):729 WAITING_10
16:16:11.330 (index):710 NODEACCESSREQUESTED_13
16:16:11.331 (index):729 WAITING_16
16:16:11.332 (index):698 UPDATE_0
16:16:11.333 (index):698 UPDATE_2
16:16:11.333 (index):710 NODEACCESSREQUESTED_3
16:16:11.334 (index):710 NODEACCESSREQUESTED_4
16:16:11.335 (index):680 NODEACCESSRELEASED_6
16:16:11.335 (index):729 WAITING_7
16:16:11.336 (index):710 NODEACCESSREQUESTED_9
16:16:11.337 (index):729 WAITING_10
16:16:11.337 (index):698 UPDATE_13
16:16:11.338 (index):729 WAITING_16
16:16:11.339 (index):680 NODEACCESSRELEASED_0
16:16:11.339 (index):680 NODEACCESSRELEASED_2
16:16:11.340 (index):729 WAITING_3
16:16:11.341 (index):729 WAITING_4
16:16:11.341 (index):710 NODEACCESSREQUESTED_6
16:16:11.342 (index):729 WAITING_7
16:16:11.343 (index):729 WAITING_9
16:16:11.343 (index):729 WAITING_10
16:16:11.344 (index):680 NODEACCESSRELEASED_13
16:16:11.345 (index):698 UPDATE_16
16:16:11.345 (index):710 NODEACCESSREQUESTED_0
16:16:11.346 (index):710 NODEACCESSREQUESTED_2
16:16:11.347 (index):729 WAITING_3
16:16:11.347 (index):729 WAITING_4
16:16:11.348 (index):729 WAITING_6
16:16:11.349 (index):729 WAITING_7
16:16:11.349 (index):729 WAITING_9
16:16:11.350 (index):729 WAITING_10
16:16:11.351 (index):710 NODEACCESSREQUESTED_13
16:16:11.351 (index):680 NODEACCESSRELEASED_16
16:16:11.352 (index):729 WAITING_0
16:16:11.353 (index):729 WAITING_2
16:16:11.353 (index):729 WAITING_3
16:16:11.354 (index):729 WAITING_4
16:16:11.355 (index):729 WAITING_6
16:16:11.355 (index):729 WAITING_7
16:16:11.356 (index):729 WAITING_9
16:16:11.357 (index):698 UPDATE_10
16:16:11.357 (index):729 WAITING_13
16:16:11.358 (index):710 NODEACCESSREQUESTED_16
16:16:11.359 (index):729 WAITING_0
16:16:11.359 (index):729 WAITING_2
16:16:11.360 (index):729 WAITING_3
16:16:11.361 (index):729 WAITING_4
16:16:11.361 (index):729 WAITING_6
16:16:11.362 (index):729 WAITING_7
16:16:11.363 (index):729 WAITING_9
16:16:11.363 (index):680 NODEACCESSRELEASED_10
16:16:11.364 (index):729 WAITING_13
16:16:11.365 (index):729 WAITING_16
16:16:11.365 (index):729 WAITING_0
16:16:11.366 (index):729 WAITING_2
16:16:11.367 (index):729 WAITING_3
16:16:11.367 (index):729 WAITING_4
16:16:11.368 (index):729 WAITING_6
16:16:11.369 (index):698 UPDATE_7
16:16:11.369 (index):729 WAITING_9
16:16:11.370 (index):710 NODEACCESSREQUESTED_10
16:16:11.371 (index):729 WAITING_13
16:16:11.371 (index):729 WAITING_16
16:16:11.372 (index):729 WAITING_0
16:16:11.373 (index):729 WAITING_2
16:16:11.373 (index):729 WAITING_3
16:16:11.374 (index):729 WAITING_4
16:16:11.375 (index):729 WAITING_6
16:16:11.375 (index):680 NODEACCESSRELEASED_7
16:16:11.376 (index):729 WAITING_9
16:16:11.377 (index):698 UPDATE_10
16:16:11.377 (index):729 WAITING_13
16:16:11.378 (index):729 WAITING_16
16:16:11.379 (index):729 WAITING_0
16:16:11.379 (index):729 WAITING_2
16:16:11.380 (index):698 UPDATE_3
16:16:11.380 (index):729 WAITING_4
16:16:11.381 (index):729 WAITING_6
16:16:11.382 (index):710 NODEACCESSREQUESTED_7
16:16:11.382 (index):729 WAITING_9
16:16:11.383 (index):680 NODEACCESSRELEASED_10
16:16:11.384 (index):729 WAITING_13
16:16:11.384 (index):729 WAITING_16
16:16:11.385 (index):729 WAITING_0
16:16:11.386 (index):729 WAITING_2
16:16:11.386 (index):680 NODEACCESSRELEASED_3
16:16:11.387 (index):698 UPDATE_4
16:16:11.388 (index):729 WAITING_6
16:16:11.388 (index):698 UPDATE_7
16:16:11.389 (index):729 WAITING_9
16:16:11.390 (index):710 NODEACCESSREQUESTED_10
16:16:11.390 (index):729 WAITING_13
16:16:11.391 (index):729 WAITING_16
16:16:11.391 (index):698 UPDATE_0
16:16:11.392 (index):729 WAITING_2
16:16:11.393 (index):710 NODEACCESSREQUESTED_3
16:16:11.393 (index):740 END_4
16:16:11.394 (index):729 WAITING_6
16:16:11.395 (index):680 NODEACCESSRELEASED_7
16:16:11.395 (index):729 WAITING_9
16:16:11.396 (index):698 UPDATE_10
16:16:11.397 (index):729 WAITING_13
16:16:11.397 (index):729 WAITING_16
16:16:11.398 (index):680 NODEACCESSRELEASED_0
16:16:11.399 (index):729 WAITING_2
16:16:11.399 (index):729 WAITING_3
16:16:11.400 (index):729 WAITING_6
16:16:11.400 (index):710 NODEACCESSREQUESTED_7
16:16:11.401 (index):729 WAITING_9
16:16:11.402 (index):680 NODEACCESSRELEASED_10
16:16:11.402 (index):698 UPDATE_13
16:16:11.403 (index):729 WAITING_16
16:16:11.404 (index):710 NODEACCESSREQUESTED_0
16:16:11.404 (index):729 WAITING_2
16:16:11.405 (index):729 WAITING_3
16:16:11.406 (index):729 WAITING_6
16:16:11.406 (index):698 UPDATE_7
16:16:11.407 (index):729 WAITING_9
16:16:11.408 (index):710 NODEACCESSREQUESTED_10
16:16:11.408 (index):680 NODEACCESSRELEASED_13
16:16:11.409 (index):698 UPDATE_16
16:16:11.410 (index):698 UPDATE_0
16:16:11.410 (index):729 WAITING_2
16:16:11.411 (index):729 WAITING_3
16:16:11.411 (index):729 WAITING_6
16:16:11.412 (index):680 NODEACCESSRELEASED_7
16:16:11.413 (index):729 WAITING_9
16:16:11.413 (index):729 WAITING_10
16:16:11.414 (index):710 NODEACCESSREQUESTED_13
16:16:11.415 (index):680 NODEACCESSRELEASED_16
16:16:11.415 (index):680 NODEACCESSRELEASED_0
16:16:11.416 (index):698 UPDATE_2
16:16:11.417 (index):698 UPDATE_3
16:16:11.417 (index):729 WAITING_6
16:16:11.418 (index):710 NODEACCESSREQUESTED_7
16:16:11.419 (index):729 WAITING_9
16:16:11.419 (index):729 WAITING_10
16:16:11.420 (index):729 WAITING_13
16:16:11.420 (index):710 NODEACCESSREQUESTED_16
16:16:11.421 (index):710 NODEACCESSREQUESTED_0
16:16:11.422 (index):680 NODEACCESSRELEASED_2
16:16:11.422 (index):680 NODEACCESSRELEASED_3
16:16:11.423 (index):729 WAITING_6
16:16:11.424 (index):729 WAITING_7
16:16:11.424 (index):729 WAITING_9
16:16:11.425 (index):729 WAITING_10
16:16:11.426 (index):729 WAITING_13
16:16:11.426 (index):729 WAITING_16
16:16:11.427 (index):698 UPDATE_0
16:16:11.427 (index):710 NODEACCESSREQUESTED_2
16:16:11.428 (index):710 NODEACCESSREQUESTED_3
16:16:11.429 (index):729 WAITING_6
16:16:11.429 (index):729 WAITING_7
16:16:11.430 (index):729 WAITING_9
16:16:11.430 (index):729 WAITING_10
16:16:11.431 (index):729 WAITING_13
16:16:11.432 (index):729 WAITING_16
16:16:11.432 (index):680 NODEACCESSRELEASED_0
16:16:11.433 (index):729 WAITING_2
16:16:11.433 (index):698 UPDATE_3
16:16:11.434 (index):729 WAITING_6
16:16:11.435 (index):729 WAITING_7
16:16:11.435 (index):698 UPDATE_9
16:16:11.436 (index):729 WAITING_10
16:16:11.437 (index):729 WAITING_13
16:16:11.437 (index):729 WAITING_16
16:16:11.438 (index):710 NODEACCESSREQUESTED_0
16:16:11.438 (index):729 WAITING_2
16:16:11.439 (index):680 NODEACCESSRELEASED_3
16:16:11.440 (index):729 WAITING_6
16:16:11.440 (index):729 WAITING_7
16:16:11.441 (index):680 NODEACCESSRELEASED_9
16:16:11.442 (index):729 WAITING_10
16:16:11.442 (index):729 WAITING_13
16:16:11.443 (index):729 WAITING_16
16:16:11.443 (index):729 WAITING_0
16:16:11.444 (index):729 WAITING_2
16:16:11.445 (index):710 NODEACCESSREQUESTED_3
16:16:11.445 (index):698 UPDATE_6
16:16:11.446 (index):729 WAITING_7
16:16:11.447 (index):710 NODEACCESSREQUESTED_9
16:16:11.447 (index):729 WAITING_10
16:16:11.448 (index):729 WAITING_13
16:16:11.448 (index):729 WAITING_16
16:16:11.449 (index):729 WAITING_0
16:16:11.450 (index):729 WAITING_2
16:16:11.450 (index):729 WAITING_3
16:16:11.451 (index):680 NODEACCESSRELEASED_6
16:16:11.452 (index):729 WAITING_7
16:16:11.452 (index):698 UPDATE_9
16:16:11.453 (index):729 WAITING_10
16:16:11.453 (index):698 UPDATE_13
16:16:11.454 (index):729 WAITING_16
16:16:11.455 (index):729 WAITING_0
16:16:11.455 (index):729 WAITING_2
16:16:11.456 (index):729 WAITING_3
16:16:11.456 (index):710 NODEACCESSREQUESTED_6
16:16:11.457 (index):729 WAITING_7
16:16:11.458 (index):680 NODEACCESSRELEASED_9
16:16:11.458 (index):729 WAITING_10
16:16:11.459 (index):680 NODEACCESSRELEASED_13
16:16:11.460 (index):729 WAITING_16
16:16:11.460 (index):729 WAITING_0
16:16:11.461 (index):729 WAITING_2
16:16:11.462 (index):729 WAITING_3
16:16:11.462 (index):698 UPDATE_6
16:16:11.463 (index):698 UPDATE_7
16:16:11.463 (index):710 NODEACCESSREQUESTED_9
16:16:11.464 (index):729 WAITING_10
16:16:11.465 (index):710 NODEACCESSREQUESTED_13
16:16:11.465 (index):729 WAITING_16
16:16:11.466 (index):729 WAITING_0
16:16:11.467 (index):729 WAITING_2
16:16:11.467 (index):729 WAITING_3
16:16:11.468 (index):680 NODEACCESSRELEASED_6
16:16:11.468 (index):680 NODEACCESSRELEASED_7
16:16:11.469 (index):698 UPDATE_9
16:16:11.470 (index):729 WAITING_10
16:16:11.470 (index):729 WAITING_13
16:16:11.471 (index):698 UPDATE_16
16:16:11.472 (index):729 WAITING_0
16:16:11.472 (index):729 WAITING_2
16:16:11.473 (index):729 WAITING_3
16:16:11.474 (index):710 NODEACCESSREQUESTED_6
16:16:11.474 (index):710 NODEACCESSREQUESTED_7
16:16:11.475 (index):680 NODEACCESSRELEASED_9
16:16:11.476 (index):729 WAITING_10
16:16:11.476 (index):729 WAITING_13
16:16:11.477 (index):680 NODEACCESSRELEASED_16
16:16:11.477 (index):729 WAITING_0
16:16:11.478 (index):698 UPDATE_2
16:16:11.479 (index):698 UPDATE_3
16:16:11.479 (index):698 UPDATE_6
16:16:11.480 (index):729 WAITING_7
16:16:11.481 (index):710 NODEACCESSREQUESTED_9
16:16:11.481 (index):729 WAITING_10
16:16:11.482 (index):729 WAITING_13
16:16:11.483 (index):710 NODEACCESSREQUESTED_16
16:16:11.483 (index):729 WAITING_0
16:16:11.484 (index):680 NODEACCESSRELEASED_2
16:16:11.485 (index):680 NODEACCESSRELEASED_3
16:16:11.485 (index):680 NODEACCESSRELEASED_6
16:16:11.486 (index):729 WAITING_7
16:16:11.487 (index):698 UPDATE_9
16:16:11.487 (index):729 WAITING_10
16:16:11.488 (index):698 UPDATE_13
16:16:11.489 (index):698 UPDATE_16
16:16:11.489 (index):729 WAITING_0
16:16:11.490 (index):710 NODEACCESSREQUESTED_2
16:16:11.490 (index):710 NODEACCESSREQUESTED_3
16:16:11.491 (index):710 NODEACCESSREQUESTED_6
16:16:11.492 (index):729 WAITING_7
16:16:11.492 (index):680 NODEACCESSRELEASED_9
16:16:11.493 (index):729 WAITING_10
16:16:11.494 (index):680 NODEACCESSRELEASED_13
16:16:11.494 (index):680 NODEACCESSRELEASED_16
16:16:11.495 (index):729 WAITING_0
16:16:11.496 (index):698 UPDATE_2
16:16:11.496 (index):698 UPDATE_3
16:16:11.497 (index):729 WAITING_6
16:16:11.498 (index):698 UPDATE_7
16:16:11.498 (index):710 NODEACCESSREQUESTED_9
16:16:11.499 (index):729 WAITING_10
16:16:11.499 (index):710 NODEACCESSREQUESTED_13
16:16:11.500 (index):710 NODEACCESSREQUESTED_16
16:16:11.501 (index):729 WAITING_0
16:16:11.501 (index):680 NODEACCESSRELEASED_2
16:16:11.502 (index):680 NODEACCESSRELEASED_3
16:16:11.503 (index):729 WAITING_6
16:16:11.503 (index):740 END_7
16:16:11.504 (index):698 UPDATE_9
16:16:11.504 (index):729 WAITING_10
16:16:11.505 (index):729 WAITING_13
16:16:11.506 (index):698 UPDATE_16
16:16:11.506 (index):729 WAITING_0
16:16:11.507 (index):710 NODEACCESSREQUESTED_2
16:16:11.508 (index):710 NODEACCESSREQUESTED_3
16:16:11.508 (index):698 UPDATE_6
16:16:11.509 (index):740 END_9
16:16:11.510 (index):729 WAITING_10
16:16:11.510 (index):698 UPDATE_13
16:16:11.511 (index):680 NODEACCESSRELEASED_16
16:16:11.512 (index):729 WAITING_0
16:16:11.512 (index):698 UPDATE_2
16:16:11.513 (index):729 WAITING_3
16:16:11.513 (index):740 END_6
16:16:11.514 (index):729 WAITING_10
16:16:11.515 (index):680 NODEACCESSRELEASED_13
16:16:11.516 (index):710 NODEACCESSREQUESTED_16
16:16:11.516 (index):729 WAITING_0
16:16:11.517 (index):680 NODEACCESSRELEASED_2
16:16:11.518 (index):698 UPDATE_3
16:16:11.519 (index):729 WAITING_10
16:16:11.520 (index):710 NODEACCESSREQUESTED_13
16:16:11.520 (index):698 UPDATE_16
16:16:11.521 (index):729 WAITING_0
16:16:11.522 (index):710 NODEACCESSREQUESTED_2
16:16:11.522 (index):680 NODEACCESSRELEASED_3
16:16:11.524 (index):729 WAITING_10
16:16:11.524 (index):698 UPDATE_13
16:16:11.525 (index):680 NODEACCESSRELEASED_16
16:16:11.526 (index):729 WAITING_0
16:16:11.526 (index):698 UPDATE_2
16:16:11.527 (index):710 NODEACCESSREQUESTED_3
16:16:11.528 (index):729 WAITING_10
16:16:11.529 (index):680 NODEACCESSRELEASED_13
16:16:11.530 (index):710 NODEACCESSREQUESTED_16
16:16:11.530 (index):729 WAITING_0
16:16:11.531 (index):680 NODEACCESSRELEASED_2
16:16:11.532 (index):729 WAITING_3
16:16:11.533 (index):698 UPDATE_10
16:16:11.534 (index):710 NODEACCESSREQUESTED_13
16:16:11.534 (index):729 WAITING_16
16:16:11.535 (index):729 WAITING_0
16:16:11.536 (index):710 NODEACCESSREQUESTED_2
16:16:11.536 (index):729 WAITING_3
16:16:11.538 (index):680 NODEACCESSRELEASED_10
16:16:11.538 (index):729 WAITING_13
16:16:11.539 (index):729 WAITING_16
16:16:11.540 (index):698 UPDATE_0
16:16:11.540 (index):729 WAITING_2
16:16:11.541 (index):729 WAITING_3
16:16:11.542 (index):710 NODEACCESSREQUESTED_10
16:16:11.543 (index):729 WAITING_13
16:16:11.544 (index):729 WAITING_16
16:16:11.544 (index):740 END_0
16:16:11.545 (index):729 WAITING_2
16:16:11.546 (index):698 UPDATE_3
16:16:11.547 (index):698 UPDATE_10
16:16:11.548 (index):698 UPDATE_13
16:16:11.548 (index):729 WAITING_16
16:16:11.550 (index):729 WAITING_2
16:16:11.550 (index):740 END_3
16:16:11.552 (index):680 NODEACCESSRELEASED_10
16:16:11.552 (index):740 END_13
16:16:11.553 (index):698 UPDATE_16
16:16:11.554 (index):698 UPDATE_2
16:16:11.557 (index):710 NODEACCESSREQUESTED_10
16:16:11.558 (index):680 NODEACCESSRELEASED_16
16:16:11.559 (index):680 NODEACCESSRELEASED_2
16:16:11.561 (index):698 UPDATE_10
16:16:11.562 (index):710 NODEACCESSREQUESTED_16
16:16:11.564 (index):710 NODEACCESSREQUESTED_2
16:16:11.566 (index):740 END_10
16:16:11.567 (index):729 WAITING_16
16:16:11.568 (index):698 UPDATE_2
16:16:11.572 (index):729 WAITING_16
16:16:11.573 (index):680 NODEACCESSRELEASED_2
16:16:11.576 (index):698 UPDATE_16
16:16:11.578 (index):710 NODEACCESSREQUESTED_2
16:16:11.581 (index):680 NODEACCESSRELEASED_16
16:16:11.582 (index):698 UPDATE_2
16:16:11.586 (index):710 NODEACCESSREQUESTED_16
16:16:11.587 (index):680 NODEACCESSRELEASED_2
16:16:11.591 (index):698 UPDATE_16
16:16:11.592 (index):710 NODEACCESSREQUESTED_2
16:16:11.595 (index):680 NODEACCESSRELEASED_16
16:16:11.597 (index):698 UPDATE_2
16:16:11.600 (index):710 NODEACCESSREQUESTED_16
16:16:11.601 (index):680 NODEACCESSRELEASED_2
16:16:11.605 (index):698 UPDATE_16
16:16:11.606 (index):710 NODEACCESSREQUESTED_2
16:16:11.610 (index):740 END_16
16:16:11.611 (index):698 UPDATE_2
16:16:11.615 (index):680 NODEACCESSRELEASED_2
16:16:11.620 (index):710 NODEACCESSREQUESTED_2
16:16:11.625 (index):698 UPDATE_2
16:16:11.630 (index):680 NODEACCESSRELEASED_2
16:16:11.635 (index):710 NODEACCESSREQUESTED_2
16:16:11.639 (index):698 UPDATE_2
16:16:11.644 (index):740 END_2
