16:16:09.508 (index):1100 Tasks: 25; Collaborators: 17    =========================>
16:16:09.509 (index):710 NODEACCESSREQUESTED_0
16:16:09.510 (index):710 NODEACCESSREQUESTED_1
16:16:09.512 (index):710 NODEACCESSREQUESTED_2
16:16:09.513 (index):710 NODEACCESSREQUESTED_3
16:16:09.514 (index):710 NODEACCESSREQUESTED_4
16:16:09.516 (index):710 NODEACCESSREQUESTED_5
16:16:09.517 (index):710 NODEACCESSREQUESTED_6
16:16:09.518 (index):710 NODEACCESSREQUESTED_7
16:16:09.520 (index):710 NODEACCESSREQUESTED_8
16:16:09.521 (index):710 NODEACCESSREQUESTED_9
16:16:09.522 (index):710 NODEACCESSREQUESTED_10
16:16:09.523 (index):710 NODEACCESSREQUESTED_11
16:16:09.523 (index):710 NODEACCESSREQUESTED_12
16:16:09.524 (index):710 NODEACCESSREQUESTED_13
16:16:09.525 (index):710 NODEACCESSREQUESTED_14
16:16:09.525 (index):710 NODEACCESSREQUESTED_15
16:16:09.526 (index):710 NODEACCESSREQUESTED_16
16:16:09.527 (index):680 NODEACCESSRELEASED_0
16:16:09.527 (index):729 WAITING_1
16:16:09.528 (index):680 NODEACCESSRELEASED_2
16:16:09.528 (index):680 NODEACCESSRELEASED_3
16:16:09.529 (index):680 NODEACCESSRELEASED_4
16:16:09.530 (index):680 NODEACCESSRELEASED_5
16:16:09.530 (index):680 NODEACCESSRELEASED_6
16:16:09.531 (index):680 NODEACCESSRELEASED_7
16:16:09.532 (index):680 NODEACCESSRELEASED_8
16:16:09.532 (index):680 NODEACCESSRELEASED_9
16:16:09.533 (index):680 NODEACCESSRELEASED_10
16:16:09.534 (index):680 NODEACCESSRELEASED_11
16:16:09.534 (index):680 NODEACCESSRELEASED_12
16:16:09.535 (index):680 NODEACCESSRELEASED_13
16:16:09.536 (index):680 NODEACCESSRELEASED_14
16:16:09.537 (index):680 NODEACCESSRELEASED_15
16:16:09.537 (index):680 NODEACCESSRELEASED_16
16:16:09.538 (index):710 NODEACCESSREQUESTED_0
16:16:09.539 (index):680 NODEACCESSRELEASED_1
16:16:09.539 (index):710 NODEACCESSREQUESTED_2
16:16:09.540 (index):710 NODEACCESSREQUESTED_3
16:16:09.541 (index):710 NODEACCESSREQUESTED_4
16:16:09.541 (index):710 NODEACCESSREQUESTED_5
16:16:09.542 (index):710 NODEACCESSREQUESTED_6
16:16:09.543 (index):710 NODEACCESSREQUESTED_7
16:16:09.543 (index):710 NODEACCESSREQUESTED_8
16:16:09.544 (index):710 NODEACCESSREQUESTED_9
16:16:09.545 (index):710 NODEACCESSREQUESTED_10
16:16:09.545 (index):710 NODEACCESSREQUESTED_11
16:16:09.546 (index):710 NODEACCESSREQUESTED_12
16:16:09.547 (index):710 NODEACCESSREQUESTED_13
16:16:09.547 (index):710 NODEACCESSREQUESTED_14
16:16:09.548 (index):710 NODEACCESSREQUESTED_15
16:16:09.549 (index):710 NODEACCESSREQUESTED_16
16:16:09.549 (index):698 UPDATE_0
16:16:09.550 (index):710 NODEACCESSREQUESTED_1
16:16:09.551 (index):698 UPDATE_2
16:16:09.551 (index):729 WAITING_3
16:16:09.552 (index):729 WAITING_4
16:16:09.553 (index):698 UPDATE_5
16:16:09.553 (index):698 UPDATE_6
16:16:09.554 (index):729 WAITING_7
16:16:09.555 (index):698 UPDATE_8
16:16:09.556 (index):729 WAITING_9
16:16:09.556 (index):698 UPDATE_10
16:16:09.557 (index):729 WAITING_11
16:16:09.557 (index):698 UPDATE_12
16:16:09.558 (index):729 WAITING_13
16:16:09.559 (index):729 WAITING_14
16:16:09.559 (index):729 WAITING_15
16:16:09.560 (index):729 WAITING_16
16:16:09.561 (index):680 NODEACCESSRELEASED_0
16:16:09.561 (index):698 UPDATE_1
16:16:09.562 (index):680 NODEACCESSRELEASED_2
16:16:09.563 (index):698 UPDATE_3
16:16:09.563 (index):729 WAITING_4
16:16:09.564 (index):680 NODEACCESSRELEASED_5
16:16:09.564 (index):680 NODEACCESSRELEASED_6
16:16:09.565 (index):729 WAITING_7
16:16:09.566 (index):680 NODEACCESSRELEASED_8
16:16:09.566 (index):698 UPDATE_9
16:16:09.567 (index):680 NODEACCESSRELEASED_10
16:16:09.568 (index):729 WAITING_11
16:16:09.568 (index):680 NODEACCESSRELEASED_12
16:16:09.569 (index):729 WAITING_13
16:16:09.570 (index):698 UPDATE_14
16:16:09.570 (index):729 WAITING_15
16:16:09.571 (index):698 UPDATE_16
16:16:09.572 (index):710 NODEACCESSREQUESTED_0
16:16:09.572 (index):680 NODEACCESSRELEASED_1
16:16:09.573 (index):710 NODEACCESSREQUESTED_2
16:16:09.573 (index):680 NODEACCESSRELEASED_3
16:16:09.574 (index):729 WAITING_4
16:16:09.575 (index):710 NODEACCESSREQUESTED_5
16:16:09.575 (index):710 NODEACCESSREQUESTED_6
16:16:09.576 (index):698 UPDATE_7
16:16:09.576 (index):710 NODEACCESSREQUESTED_8
16:16:09.577 (index):680 NODEACCESSRELEASED_9
16:16:09.578 (index):710 NODEACCESSREQUESTED_10
16:16:09.578 (index):698 UPDATE_11
16:16:09.579 (index):710 NODEACCESSREQUESTED_12
16:16:09.580 (index):729 WAITING_13
16:16:09.580 (index):680 NODEACCESSRELEASED_14
16:16:09.581 (index):729 WAITING_15
16:16:09.582 (index):680 NODEACCESSRELEASED_16
16:16:09.582 (index):698 UPDATE_0
16:16:09.583 (index):710 NODEACCESSREQUESTED_1
16:16:09.584 (index):698 UPDATE_2
16:16:09.584 (index):710 NODEACCESSREQUESTED_3
16:16:09.585 (index):729 WAITING_4
16:16:09.586 (index):729 WAITING_5
16:16:09.586 (index):729 WAITING_6
16:16:09.587 (index):680 NODEACCESSRELEASED_7
16:16:09.588 (index):698 UPDATE_8
16:16:09.588 (index):710 NODEACCESSREQUESTED_9
16:16:09.589 (index):698 UPDATE_10
16:16:09.590 (index):680 NODEACCESSRELEASED_11
16:16:09.590 (index):729 WAITING_12
16:16:09.591 (index):698 UPDATE_13
16:16:09.592 (index):710 NODEACCESSREQUESTED_14
16:16:09.592 (index):729 WAITING_15
16:16:09.593 (index):710 NODEACCESSREQUESTED_16
16:16:09.594 (index):680 NODEACCESSRELEASED_0
16:16:09.595 (index):698 UPDATE_1
16:16:09.595 (index):680 NODEACCESSRELEASED_2
16:16:09.596 (index):729 WAITING_3
16:16:09.597 (index):729 WAITING_4
16:16:09.597 (index):729 WAITING_5
16:16:09.598 (index):698 UPDATE_6
16:16:09.599 (index):710 NODEACCESSREQUESTED_7
16:16:09.599 (index):680 NODEACCESSRELEASED_8
16:16:09.600 (index):729 WAITING_9
16:16:09.601 (index):680 NODEACCESSRELEASED_10
16:16:09.601 (index):710 NODEACCESSREQUESTED_11
16:16:09.602 (index):698 UPDATE_12
16:16:09.603 (index):680 NODEACCESSRELEASED_13
16:16:09.603 (index):729 WAITING_14
16:16:09.604 (index):729 WAITING_15
16:16:09.605 (index):729 WAITING_16
16:16:09.605 (index):710 NODEACCESSREQUESTED_0
16:16:09.606 (index):680 NODEACCESSRELEASED_1
16:16:09.607 (index):710 NODEACCESSREQUESTED_2
16:16:09.608 (index):698 UPDATE_3
16:16:09.608 (index):729 WAITING_4
16:16:09.609 (index):729 WAITING_5
16:16:09.610 (index):680 NODEACCESSRELEASED_6
16:16:09.610 (index):729 WAITING_7
16:16:09.611 (index):710 NODEACCESSREQUESTED_8
16:16:09.612 (index):729 WAITING_9
16:16:09.612 (index):710 NODEACCESSREQUESTED_10
16:16:09.613 (index):729 WAITING_11
16:16:09.614 (index):680 NODEACCESSRELEASED_12
16:16:09.614 (index):710 NODEACCESSREQUESTED_13
16:16:09.615 (index):698 UPDATE_14
16:16:09.616 (index):729 WAITING_15
16:16:09.616 (index):729 WAITING_16
16:16:09.617 (index):729 WAITING_0
16:16:09.618 (index):710 NODEACCESSREQUESTED_1
16:16:09.618 (index):698 UPDATE_2
16:16:09.619 (index):680 NODEACCESSRELEASED_3
16:16:09.619 (index):729 WAITING_4
16:16:09.620 (index):698 UPDATE_5
16:16:09.620 (index):710 NODEACCESSREQUESTED_6
16:16:09.621 (index):698 UPDATE_7
16:16:09.621 (index):729 WAITING_8
16:16:09.622 (index):729 WAITING_9
16:16:09.623 (index):729 WAITING_10
16:16:09.623 (index):729 WAITING_11
16:16:09.624 (index):710 NODEACCESSREQUESTED_12
16:16:09.625 (index):729 WAITING_13
16:16:09.625 (index):680 NODEACCESSRELEASED_14
16:16:09.626 (index):729 WAITING_15
16:16:09.627 (index):698 UPDATE_16
16:16:09.627 (index):729 WAITING_0
16:16:09.628 (index):729 WAITING_1
16:16:09.629 (index):680 NODEACCESSRELEASED_2
16:16:09.629 (index):710 NODEACCESSREQUESTED_3
16:16:09.630 (index):729 WAITING_4
16:16:09.631 (index):680 NODEACCESSRELEASED_5
16:16:09.631 (index):698 UPDATE_6
16:16:09.632 (index):680 NODEACCESSRELEASED_7
16:16:09.633 (index):729 WAITING_8
16:16:09.633 (index):729 WAITING_9
16:16:09.634 (index):729 WAITING_10
16:16:09.635 (index):729 WAITING_11
16:16:09.635 (index):698 UPDATE_12
16:16:09.636 (index):729 WAITING_13
16:16:09.636 (index):710 NODEACCESSREQUESTED_14
16:16:09.637 (index):729 WAITING_15
16:16:09.637 (index):680 NODEACCESSRELEASED_16
16:16:09.638 (index):698 UPDATE_0
16:16:09.639 (index):729 WAITING_1
16:16:09.639 (index):710 NODEACCESSREQUESTED_2
16:16:09.640 (index):729 WAITING_3
16:16:09.641 (index):729 WAITING_4
16:16:09.641 (index):710 NODEACCESSREQUESTED_5
16:16:09.642 (index):680 NODEACCESSRELEASED_6
16:16:09.643 (index):710 NODEACCESSREQUESTED_7
16:16:09.643 (index):698 UPDATE_8
16:16:09.644 (index):729 WAITING_9
16:16:09.645 (index):729 WAITING_10
16:16:09.645 (index):729 WAITING_11
16:16:09.646 (index):680 NODEACCESSRELEASED_12
16:16:09.647 (index):729 WAITING_13
16:16:09.647 (index):698 UPDATE_14
16:16:09.648 (index):729 WAITING_15
16:16:09.649 (index):710 NODEACCESSREQUESTED_16
16:16:09.649 (index):680 NODEACCESSRELEASED_0
16:16:09.650 (index):729 WAITING_1
16:16:09.651 (index):729 WAITING_2
16:16:09.651 (index):729 WAITING_3
16:16:09.652 (index):729 WAITING_4
16:16:09.653 (index):698 UPDATE_5
16:16:09.653 (index):710 NODEACCESSREQUESTED_6
16:16:09.654 (index):729 WAITING_7
16:16:09.655 (index):680 NODEACCESSRELEASED_8
16:16:09.655 (index):729 WAITING_9
16:16:09.656 (index):729 WAITING_10
16:16:09.657 (index):729 WAITING_11
16:16:09.657 (index):710 NODEACCESSREQUESTED_12
16:16:09.658 (index):729 WAITING_13
16:16:09.659 (index):680 NODEACCESSRELEASED_14
16:16:09.660 (index):729 WAITING_15
16:16:09.660 (index):729 WAITING_16
16:16:09.661 (index):710 NODEACCESSREQUESTED_0
16:16:09.662 (index):698 UPDATE_1
16:16:09.662 (index):729 WAITING_2
16:16:09.663 (index):729 WAITING_3
16:16:09.664 (index):698 UPDATE_4
16:16:09.664 (index):680 NODEACCESSRELEASED_5
16:16:09.665 (index):698 UPDATE_6
16:16:09.666 (index):698 UPDATE_7
16:16:09.666 (index):710 NODEACCESSREQUESTED_8
16:16:09.667 (index):729 WAITING_9
16:16:09.668 (index):729 WAITING_10
16:16:09.668 (index):729 WAITING_11
16:16:09.669 (index):729 WAITING_12
16:16:09.670 (index):729 WAITING_13
16:16:09.670 (index):710 NODEACCESSREQUESTED_14
16:16:09.671 (index):729 WAITING_15
16:16:09.672 (index):729 WAITING_16
16:16:09.672 (index):729 WAITING_0
16:16:09.673 (index):680 NODEACCESSRELEASED_1
16:16:09.674 (index):729 WAITING_2
16:16:09.674 (index):729 WAITING_3
16:16:09.675 (index):680 NODEACCESSRELEASED_4
16:16:09.676 (index):710 NODEACCESSREQUESTED_5
16:16:09.676 (index):680 NODEACCESSRELEASED_6
16:16:09.677 (index):680 NODEACCESSRELEASED_7
16:16:09.678 (index):698 UPDATE_8
16:16:09.678 (index):729 WAITING_9
16:16:09.679 (index):729 WAITING_10
16:16:09.680 (index):729 WAITING_11
16:16:09.680 (index):698 UPDATE_12
16:16:09.681 (index):729 WAITING_13
16:16:09.682 (index):698 UPDATE_14
16:16:09.682 (index):698 UPDATE_15
16:16:09.683 (index):729 WAITING_16
16:16:09.684 (index):729 WAITING_0
16:16:09.684 (index):710 NODEACCESSREQUESTED_1
16:16:09.685 (index):729 WAITING_2
16:16:09.686 (index):729 WAITING_3
16:16:09.686 (index):710 NODEACCESSREQUESTED_4
16:16:09.687 (index):729 WAITING_5
16:16:09.688 (index):710 NODEACCESSREQUESTED_6
16:16:09.688 (index):710 NODEACCESSREQUESTED_7
16:16:09.689 (index):680 NODEACCESSRELEASED_8
16:16:09.690 (index):729 WAITING_9
16:16:09.690 (index):729 WAITING_10
16:16:09.691 (index):729 WAITING_11
16:16:09.691 (index):680 NODEACCESSRELEASED_12
16:16:09.692 (index):729 WAITING_13
16:16:09.692 (index):680 NODEACCESSRELEASED_14
16:16:09.693 (index):680 NODEACCESSRELEASED_15
16:16:09.694 (index):729 WAITING_16
16:16:09.694 (index):698 UPDATE_0
16:16:09.695 (index):698 UPDATE_1
16:16:09.696 (index):729 WAITING_2
16:16:09.696 (index):729 WAITING_3
16:16:09.697 (index):698 UPDATE_4
16:16:09.698 (index):729 WAITING_5
16:16:09.698 (index):698 UPDATE_6
16:16:09.699 (index):698 UPDATE_7
16:16:09.700 (index):710 NODEACCESSREQUESTED_8
16:16:09.700 (index):729 WAITING_9
16:16:09.701 (index):729 WAITING_10
16:16:09.702 (index):698 UPDATE_11
16:16:09.702 (index):710 NODEACCESSREQUESTED_12
16:16:09.703 (index):729 WAITING_13
16:16:09.704 (index):710 NODEACCESSREQUESTED_14
16:16:09.704 (index):710 NODEACCESSREQUESTED_15
16:16:09.705 (index):729 WAITING_16
16:16:09.706 (index):680 NODEACCESSRELEASED_0
16:16:09.706 (index):680 NODEACCESSRELEASED_1
16:16:09.707 (index):729 WAITING_2
16:16:09.708 (index):729 WAITING_3
16:16:09.708 (index):680 NODEACCESSRELEASED_4
16:16:09.709 (index):698 UPDATE_5
16:16:09.710 (index):680 NODEACCESSRELEASED_6
16:16:09.711 (index):680 NODEACCESSRELEASED_7
16:16:09.711 (index):729 WAITING_8
16:16:09.712 (index):729 WAITING_9
16:16:09.713 (index):729 WAITING_10
16:16:09.713 (index):680 NODEACCESSRELEASED_11
16:16:09.714 (index):698 UPDATE_12
16:16:09.715 (index):729 WAITING_13
16:16:09.715 (index):729 WAITING_14
16:16:09.716 (index):729 WAITING_15
16:16:09.717 (index):729 WAITING_16
16:16:09.717 (index):710 NODEACCESSREQUESTED_0
16:16:09.718 (index):710 NODEACCESSREQUESTED_1
16:16:09.719 (index):698 UPDATE_2
16:16:09.720 (index):729 WAITING_3
16:16:09.720 (index):710 NODEACCESSREQUESTED_4
16:16:09.721 (index):680 NODEACCESSRELEASED_5
16:16:09.722 (index):710 NODEACCESSREQUESTED_6
16:16:09.722 (index):710 NODEACCESSREQUESTED_7
16:16:09.723 (index):729 WAITING_8
16:16:09.724 (index):729 WAITING_9
16:16:09.724 (index):729 WAITING_10
16:16:09.725 (index):710 NODEACCESSREQUESTED_11
16:16:09.726 (index):680 NODEACCESSRELEASED_12
16:16:09.726 (index):729 WAITING_13
16:16:09.727 (index):729 WAITING_14
16:16:09.728 (index):698 UPDATE_15
16:16:09.728 (index):729 WAITING_16
16:16:09.729 (index):698 UPDATE_0
16:16:09.730 (index):698 UPDATE_1
16:16:09.730 (index):680 NODEACCESSRELEASED_2
16:16:09.731 (index):729 WAITING_3
16:16:09.732 (index):729 WAITING_4
16:16:09.732 (index):710 NODEACCESSREQUESTED_5
16:16:09.733 (index):698 UPDATE_6
16:16:09.734 (index):729 WAITING_7
16:16:09.734 (index):729 WAITING_8
16:16:09.735 (index):729 WAITING_9
16:16:09.735 (index):729 WAITING_10
16:16:09.736 (index):729 WAITING_11
16:16:09.736 (index):710 NODEACCESSREQUESTED_12
16:16:09.737 (index):698 UPDATE_13
16:16:09.737 (index):729 WAITING_14
16:16:09.738 (index):680 NODEACCESSRELEASED_15
16:16:09.738 (index):729 WAITING_16
16:16:09.739 (index):680 NODEACCESSRELEASED_0
16:16:09.740 (index):680 NODEACCESSRELEASED_1
16:16:09.741 (index):710 NODEACCESSREQUESTED_2
16:16:09.741 (index):729 WAITING_3
16:16:09.742 (index):729 WAITING_4
16:16:09.743 (index):698 UPDATE_5
16:16:09.743 (index):680 NODEACCESSRELEASED_6
16:16:09.744 (index):729 WAITING_7
16:16:09.745 (index):729 WAITING_8
16:16:09.745 (index):729 WAITING_9
16:16:09.746 (index):729 WAITING_10
16:16:09.747 (index):698 UPDATE_11
16:16:09.747 (index):729 WAITING_12
16:16:09.748 (index):680 NODEACCESSRELEASED_13
16:16:09.749 (index):729 WAITING_14
16:16:09.749 (index):710 NODEACCESSREQUESTED_15
16:16:09.750 (index):729 WAITING_16
16:16:09.751 (index):710 NODEACCESSREQUESTED_0
16:16:09.751 (index):710 NODEACCESSREQUESTED_1
16:16:09.752 (index):729 WAITING_2
16:16:09.752 (index):698 UPDATE_3
16:16:09.753 (index):729 WAITING_4
16:16:09.754 (index):680 NODEACCESSRELEASED_5
16:16:09.754 (index):710 NODEACCESSREQUESTED_6
16:16:09.755 (index):729 WAITING_7
16:16:09.756 (index):729 WAITING_8
16:16:09.756 (index):729 WAITING_9
16:16:09.757 (index):729 WAITING_10
16:16:09.758 (index):680 NODEACCESSRELEASED_11
16:16:09.758 (index):729 WAITING_12
16:16:09.759 (index):710 NODEACCESSREQUESTED_13
16:16:09.760 (index):729 WAITING_14
16:16:09.760 (index):729 WAITING_15
16:16:09.761 (index):729 WAITING_16
16:16:09.762 (index):729 WAITING_0
16:16:09.763 (index):698 UPDATE_1
16:16:09.763 (index):698 UPDATE_2
16:16:09.764 (index):680 NODEACCESSRELEASED_3
16:16:09.765 (index):698 UPDATE_4
16:16:09.765 (index):710 NODEACCESSREQUESTED_5
16:16:09.766 (index):729 WAITING_6
16:16:09.766 (index):729 WAITING_7
16:16:09.767 (index):729 WAITING_8
16:16:09.768 (index):729 WAITING_9
16:16:09.768 (index):729 WAITING_10
16:16:09.769 (index):710 NODEACCESSREQUESTED_11
16:16:09.770 (index):729 WAITING_12
16:16:09.770 (index):729 WAITING_13
16:16:09.771 (index):729 WAITING_14
16:16:09.772 (index):729 WAITING_15
16:16:09.772 (index):698 UPDATE_16
16:16:09.773 (index):729 WAITING_0
16:16:09.774 (index):680 NODEACCESSRELEASED_1
16:16:09.774 (index):680 NODEACCESSRELEASED_2
16:16:09.775 (index):710 NODEACCESSREQUESTED_3
16:16:09.776 (index):680 NODEACCESSRELEASED_4
16:16:09.777 (index):729 WAITING_5
16:16:09.777 (index):729 WAITING_6
16:16:09.778 (index):729 WAITING_7
16:16:09.779 (index):729 WAITING_8
16:16:09.779 (index):729 WAITING_9
16:16:09.780 (index):729 WAITING_10
16:16:09.781 (index):698 UPDATE_11
16:16:09.781 (index):729 WAITING_12
16:16:09.782 (index):729 WAITING_13
16:16:09.783 (index):729 WAITING_14
16:16:09.783 (index):729 WAITING_15
16:16:09.784 (index):680 NODEACCESSRELEASED_16
16:16:09.785 (index):698 UPDATE_0
16:16:09.785 (index):710 NODEACCESSREQUESTED_1
16:16:09.786 (index):710 NODEACCESSREQUESTED_2
16:16:09.787 (index):698 UPDATE_3
16:16:09.787 (index):710 NODEACCESSREQUESTED_4
16:16:09.788 (index):729 WAITING_5
16:16:09.789 (index):729 WAITING_6
16:16:09.789 (index):729 WAITING_7
16:16:09.790 (index):698 UPDATE_8
16:16:09.791 (index):729 WAITING_9
16:16:09.792 (index):729 WAITING_10
16:16:09.792 (index):680 NODEACCESSRELEASED_11
16:16:09.793 (index):698 UPDATE_12
16:16:09.794 (index):729 WAITING_13
16:16:09.794 (index):729 WAITING_14
16:16:09.795 (index):729 WAITING_15
16:16:09.796 (index):710 NODEACCESSREQUESTED_16
16:16:09.796 (index):680 NODEACCESSRELEASED_0
16:16:09.797 (index):729 WAITING_1
16:16:09.798 (index):698 UPDATE_2
16:16:09.798 (index):680 NODEACCESSRELEASED_3
16:16:09.799 (index):729 WAITING_4
16:16:09.800 (index):729 WAITING_5
16:16:09.800 (index):698 UPDATE_6
16:16:09.801 (index):729 WAITING_7
16:16:09.802 (index):680 NODEACCESSRELEASED_8
16:16:09.802 (index):729 WAITING_9
16:16:09.803 (index):729 WAITING_10
16:16:09.804 (index):710 NODEACCESSREQUESTED_11
16:16:09.804 (index):680 NODEACCESSRELEASED_12
16:16:09.805 (index):729 WAITING_13
16:16:09.806 (index):698 UPDATE_14
16:16:09.806 (index):729 WAITING_15
16:16:09.807 (index):698 UPDATE_16
16:16:09.807 (index):710 NODEACCESSREQUESTED_0
16:16:09.808 (index):729 WAITING_1
16:16:09.809 (index):680 NODEACCESSRELEASED_2
16:16:09.809 (index):710 NODEACCESSREQUESTED_3
16:16:09.810 (index):729 WAITING_4
16:16:09.811 (index):729 WAITING_5
16:16:09.811 (index):680 NODEACCESSRELEASED_6
16:16:09.812 (index):729 WAITING_7
16:16:09.813 (index):710 NODEACCESSREQUESTED_8
16:16:09.813 (index):729 WAITING_9
16:16:09.814 (index):729 WAITING_10
16:16:09.815 (index):729 WAITING_11
16:16:09.815 (index):710 NODEACCESSREQUESTED_12
16:16:09.816 (index):729 WAITING_13
16:16:09.817 (index):680 NODEACCESSRELEASED_14
16:16:09.817 (index):698 UPDATE_15
16:16:09.818 (index):680 NODEACCESSRELEASED_16
16:16:09.819 (index):698 UPDATE_0
16:16:09.820 (index):729 WAITING_1
16:16:09.820 (index):710 NODEACCESSREQUESTED_2
16:16:09.821 (index):729 WAITING_3
16:16:09.822 (index):729 WAITING_4
16:16:09.822 (index):698 UPDATE_5
16:16:09.823 (index):710 NODEACCESSREQUESTED_6
16:16:09.824 (index):698 UPDATE_7
16:16:09.824 (index):729 WAITING_8
16:16:09.825 (index):729 WAITING_9
16:16:09.826 (index):729 WAITING_10
16:16:09.826 (index):729 WAITING_11
16:16:09.827 (index):698 UPDATE_12
16:16:09.828 (index):729 WAITING_13
16:16:09.828 (index):710 NODEACCESSREQUESTED_14
16:16:09.829 (index):680 NODEACCESSRELEASED_15
16:16:09.830 (index):710 NODEACCESSREQUESTED_16
16:16:09.830 (index):680 NODEACCESSRELEASED_0
16:16:09.831 (index):729 WAITING_1
16:16:09.832 (index):729 WAITING_2
16:16:09.832 (index):729 WAITING_3
16:16:09.833 (index):729 WAITING_4
16:16:09.834 (index):680 NODEACCESSRELEASED_5
16:16:09.835 (index):698 UPDATE_6
16:16:09.835 (index):680 NODEACCESSRELEASED_7
16:16:09.836 (index):729 WAITING_8
16:16:09.837 (index):729 WAITING_9
16:16:09.837 (index):698 UPDATE_10
16:16:09.838 (index):729 WAITING_11
16:16:09.839 (index):680 NODEACCESSRELEASED_12
16:16:09.839 (index):729 WAITING_13
16:16:09.840 (index):729 WAITING_14
16:16:09.841 (index):710 NODEACCESSREQUESTED_15
16:16:09.841 (index):698 UPDATE_16
16:16:09.842 (index):710 NODEACCESSREQUESTED_0
16:16:09.843 (index):729 WAITING_1
16:16:09.843 (index):729 WAITING_2
16:16:09.844 (index):698 UPDATE_3
16:16:09.845 (index):698 UPDATE_4
16:16:09.845 (index):710 NODEACCESSREQUESTED_5
16:16:09.846 (index):680 NODEACCESSRELEASED_6
16:16:09.847 (index):710 NODEACCESSREQUESTED_7
16:16:09.847 (index):729 WAITING_8
16:16:09.848 (index):729 WAITING_9
16:16:09.849 (index):680 NODEACCESSRELEASED_10
16:16:09.849 (index):729 WAITING_11
16:16:09.850 (index):710 NODEACCESSREQUESTED_12
16:16:09.850 (index):698 UPDATE_13
16:16:09.851 (index):729 WAITING_14
16:16:09.852 (index):729 WAITING_15
16:16:09.852 (index):680 NODEACCESSRELEASED_16
16:16:09.853 (index):698 UPDATE_0
16:16:09.853 (index):729 WAITING_1
16:16:09.854 (index):729 WAITING_2
16:16:09.855 (index):680 NODEACCESSRELEASED_3
16:16:09.855 (index):680 NODEACCESSRELEASED_4
16:16:09.856 (index):729 WAITING_5
16:16:09.857 (index):710 NODEACCESSREQUESTED_6
16:16:09.857 (index):729 WAITING_7
16:16:09.858 (index):729 WAITING_8
16:16:09.858 (index):729 WAITING_9
16:16:09.859 (index):710 NODEACCESSREQUESTED_10
16:16:09.860 (index):729 WAITING_11
16:16:09.860 (index):698 UPDATE_12
16:16:09.861 (index):680 NODEACCESSRELEASED_13
16:16:09.862 (index):729 WAITING_14
16:16:09.862 (index):698 UPDATE_15
16:16:09.863 (index):710 NODEACCESSREQUESTED_16
16:16:09.863 (index):680 NODEACCESSRELEASED_0
16:16:09.864 (index):729 WAITING_1
16:16:09.865 (index):729 WAITING_2
16:16:09.865 (index):710 NODEACCESSREQUESTED_3
16:16:09.866 (index):710 NODEACCESSREQUESTED_4
16:16:09.867 (index):729 WAITING_5
16:16:09.867 (index):729 WAITING_6
16:16:09.868 (index):729 WAITING_7
16:16:09.869 (index):729 WAITING_8
16:16:09.869 (index):729 WAITING_9
16:16:09.870 (index):729 WAITING_10
16:16:09.871 (index):698 UPDATE_11
16:16:09.871 (index):680 NODEACCESSRELEASED_12
16:16:09.872 (index):710 NODEACCESSREQUESTED_13
16:16:09.873 (index):698 UPDATE_14
16:16:09.874 (index):680 NODEACCESSRELEASED_15
16:16:09.874 (index):729 WAITING_16
16:16:09.875 (index):710 NODEACCESSREQUESTED_0
16:16:09.876 (index):729 WAITING_1
16:16:09.876 (index):729 WAITING_2
16:16:09.877 (index):729 WAITING_3
16:16:09.878 (index):698 UPDATE_4
16:16:09.878 (index):729 WAITING_5
16:16:09.879 (index):698 UPDATE_6
16:16:09.879 (index):698 UPDATE_7
16:16:09.880 (index):729 WAITING_8
16:16:09.881 (index):729 WAITING_9
16:16:09.882 (index):729 WAITING_10
16:16:09.882 (index):680 NODEACCESSRELEASED_11
16:16:09.883 (index):710 NODEACCESSREQUESTED_12
16:16:09.884 (index):698 UPDATE_13
16:16:09.884 (index):680 NODEACCESSRELEASED_14
16:16:09.885 (index):710 NODEACCESSREQUESTED_15
16:16:09.886 (index):729 WAITING_16
16:16:09.886 (index):729 WAITING_0
16:16:09.887 (index):729 WAITING_1
16:16:09.888 (index):729 WAITING_2
16:16:09.888 (index):698 UPDATE_3
16:16:09.889 (index):680 NODEACCESSRELEASED_4
16:16:09.890 (index):729 WAITING_5
16:16:09.890 (index):680 NODEACCESSRELEASED_6
16:16:09.891 (index):680 NODEACCESSRELEASED_7
16:16:09.892 (index):729 WAITING_8
16:16:09.892 (index):729 WAITING_9
16:16:09.893 (index):698 UPDATE_10
16:16:09.894 (index):710 NODEACCESSREQUESTED_11
16:16:09.894 (index):698 UPDATE_12
16:16:09.895 (index):680 NODEACCESSRELEASED_13
16:16:09.896 (index):710 NODEACCESSREQUESTED_14
16:16:09.897 (index):729 WAITING_15
16:16:09.897 (index):698 UPDATE_16
16:16:09.898 (index):698 UPDATE_0
16:16:09.899 (index):729 WAITING_1
16:16:09.899 (index):729 WAITING_2
16:16:09.900 (index):680 NODEACCESSRELEASED_3
16:16:09.901 (index):710 NODEACCESSREQUESTED_4
16:16:09.901 (index):729 WAITING_5
16:16:09.902 (index):710 NODEACCESSREQUESTED_6
16:16:09.902 (index):710 NODEACCESSREQUESTED_7
16:16:09.903 (index):729 WAITING_8
16:16:09.903 (index):729 WAITING_9
16:16:09.904 (index):680 NODEACCESSRELEASED_10
16:16:09.905 (index):698 UPDATE_11
16:16:09.906 (index):680 NODEACCESSRELEASED_12
16:16:09.906 (index):710 NODEACCESSREQUESTED_13
16:16:09.907 (index):698 UPDATE_14
16:16:09.908 (index):729 WAITING_15
16:16:09.908 (index):680 NODEACCESSRELEASED_16
16:16:09.909 (index):680 NODEACCESSRELEASED_0
16:16:09.910 (index):729 WAITING_1
16:16:09.910 (index):729 WAITING_2
16:16:09.911 (index):710 NODEACCESSREQUESTED_3
16:16:09.912 (index):729 WAITING_4
16:16:09.912 (index):729 WAITING_5
16:16:09.913 (index):729 WAITING_6
16:16:09.914 (index):729 WAITING_7
16:16:09.914 (index):729 WAITING_8
16:16:09.915 (index):729 WAITING_9
16:16:09.916 (index):710 NODEACCESSREQUESTED_10
16:16:09.916 (index):680 NODEACCESSRELEASED_11
16:16:09.917 (index):710 NODEACCESSREQUESTED_12
16:16:09.918 (index):729 WAITING_13
16:16:09.918 (index):680 NODEACCESSRELEASED_14
16:16:09.919 (index):698 UPDATE_15
16:16:09.920 (index):710 NODEACCESSREQUESTED_16
16:16:09.920 (index):710 NODEACCESSREQUESTED_0
16:16:09.921 (index):729 WAITING_1
16:16:09.922 (index):729 WAITING_2
16:16:09.922 (index):698 UPDATE_3
16:16:09.923 (index):729 WAITING_4
16:16:09.924 (index):729 WAITING_5
16:16:09.924 (index):729 WAITING_6
16:16:09.925 (index):698 UPDATE_7
16:16:09.926 (index):729 WAITING_8
16:16:09.926 (index):729 WAITING_9
16:16:09.927 (index):698 UPDATE_10
16:16:09.928 (index):710 NODEACCESSREQUESTED_11
16:16:09.928 (index):729 WAITING_12
16:16:09.929 (index):729 WAITING_13
16:16:09.930 (index):710 NODEACCESSREQUESTED_14
16:16:09.930 (index):680 NODEACCESSRELEASED_15
16:16:09.931 (index):729 WAITING_16
16:16:09.932 (index):698 UPDATE_0
16:16:09.932 (index):729 WAITING_1
16:16:09.933 (index):729 WAITING_2
16:16:09.934 (index):680 NODEACCESSRELEASED_3
16:16:09.934 (index):729 WAITING_4
16:16:09.935 (index):729 WAITING_5
16:16:09.936 (index):698 UPDATE_6
16:16:09.936 (index):680 NODEACCESSRELEASED_7
16:16:09.937 (index):729 WAITING_8
16:16:09.937 (index):729 WAITING_9
16:16:09.938 (index):680 NODEACCESSRELEASED_10
16:16:09.939 (index):729 WAITING_11
16:16:09.939 (index):729 WAITING_12
16:16:09.940 (index):698 UPDATE_13
16:16:09.941 (index):729 WAITING_14
16:16:09.941 (index):710 NODEACCESSREQUESTED_15
16:16:09.942 (index):729 WAITING_16
16:16:09.943 (index):680 NODEACCESSRELEASED_0
16:16:09.943 (index):729 WAITING_1
16:16:09.944 (index):729 WAITING_2
16:16:09.945 (index):710 NODEACCESSREQUESTED_3
16:16:09.945 (index):729 WAITING_4
16:16:09.946 (index):729 WAITING_5
16:16:09.946 (index):680 NODEACCESSRELEASED_6
16:16:09.947 (index):710 NODEACCESSREQUESTED_7
16:16:09.948 (index):729 WAITING_8
16:16:09.948 (index):729 WAITING_9
16:16:09.949 (index):710 NODEACCESSREQUESTED_10
16:16:09.950 (index):729 WAITING_11
16:16:09.950 (index):698 UPDATE_12
16:16:09.951 (index):680 NODEACCESSRELEASED_13
16:16:09.951 (index):698 UPDATE_14
16:16:09.952 (index):698 UPDATE_15
16:16:09.953 (index):729 WAITING_16
16:16:09.953 (index):710 NODEACCESSREQUESTED_0
16:16:09.954 (index):729 WAITING_1
16:16:09.955 (index):729 WAITING_2
16:16:09.955 (index):698 UPDATE_3
16:16:09.956 (index):729 WAITING_4
16:16:09.956 (index):729 WAITING_5
16:16:09.957 (index):710 NODEACCESSREQUESTED_6
16:16:09.958 (index):698 UPDATE_7
16:16:09.958 (index):729 WAITING_8
16:16:09.959 (index):729 WAITING_9
16:16:09.960 (index):698 UPDATE_10
16:16:09.960 (index):729 WAITING_11
16:16:09.961 (index):680 NODEACCESSRELEASED_12
16:16:09.961 (index):710 NODEACCESSREQUESTED_13
16:16:09.962 (index):680 NODEACCESSRELEASED_14
16:16:09.963 (index):680 NODEACCESSRELEASED_15
16:16:09.963 (index):698 UPDATE_16
16:16:09.964 (index):698 UPDATE_0
16:16:09.965 (index):729 WAITING_1
16:16:09.965 (index):729 WAITING_2
16:16:09.966 (index):680 NODEACCESSRELEASED_3
16:16:09.967 (index):729 WAITING_4
16:16:09.967 (index):729 WAITING_5
16:16:09.968 (index):729 WAITING_6
16:16:09.969 (index):680 NODEACCESSRELEASED_7
16:16:09.969 (index):729 WAITING_8
16:16:09.970 (index):729 WAITING_9
16:16:09.971 (index):680 NODEACCESSRELEASED_10
16:16:09.971 (index):729 WAITING_11
16:16:09.972 (index):710 NODEACCESSREQUESTED_12
16:16:09.973 (index):729 WAITING_13
16:16:09.973 (index):710 NODEACCESSREQUESTED_14
16:16:09.974 (index):710 NODEACCESSREQUESTED_15
16:16:09.975 (index):680 NODEACCESSRELEASED_16
16:16:09.975 (index):680 NODEACCESSRELEASED_0
16:16:09.976 (index):729 WAITING_1
16:16:09.977 (index):729 WAITING_2
16:16:09.977 (index):710 NODEACCESSREQUESTED_3
16:16:09.978 (index):729 WAITING_4
16:16:09.979 (index):729 WAITING_5
16:16:09.979 (index):698 UPDATE_6
16:16:09.980 (index):710 NODEACCESSREQUESTED_7
16:16:09.981 (index):698 UPDATE_8
16:16:09.981 (index):729 WAITING_9
16:16:09.982 (index):710 NODEACCESSREQUESTED_10
16:16:09.983 (index):729 WAITING_11
16:16:09.983 (index):729 WAITING_12
16:16:09.984 (index):729 WAITING_13
16:16:09.985 (index):729 WAITING_14
16:16:09.985 (index):698 UPDATE_15
16:16:09.986 (index):710 NODEACCESSREQUESTED_16
16:16:09.987 (index):710 NODEACCESSREQUESTED_0
16:16:09.987 (index):729 WAITING_1
16:16:09.988 (index):729 WAITING_2
16:16:09.989 (index):729 WAITING_3
16:16:09.989 (index):729 WAITING_4
16:16:09.990 (index):729 WAITING_5
16:16:09.990 (index):680 NODEACCESSRELEASED_6
16:16:09.991 (index):698 UPDATE_7
16:16:09.992 (index):680 NODEACCESSRELEASED_8
16:16:09.992 (index):729 WAITING_9
16:16:09.993 (index):729 WAITING_10
16:16:09.994 (index):729 WAITING_11
16:16:09.994 (index):729 WAITING_12
16:16:09.995 (index):729 WAITING_13
16:16:09.996 (index):729 WAITING_14
16:16:09.996 (index):680 NODEACCESSRELEASED_15
16:16:09.997 (index):729 WAITING_16
16:16:09.998 (index):698 UPDATE_0
16:16:09.998 (index):729 WAITING_1
16:16:09.999 (index):698 UPDATE_2
16:16:10.000 (index):729 WAITING_3
16:16:10.000 (index):729 WAITING_4
16:16:10.001 (index):729 WAITING_5
16:16:10.002 (index):710 NODEACCESSREQUESTED_6
16:16:10.002 (index):680 NODEACCESSRELEASED_7
16:16:10.003 (index):710 NODEACCESSREQUESTED_8
16:16:10.004 (index):729 WAITING_9
16:16:10.004 (index):729 WAITING_10
16:16:10.005 (index):698 UPDATE_11
16:16:10.006 (index):729 WAITING_12
16:16:10.006 (index):729 WAITING_13
16:16:10.007 (index):729 WAITING_14
16:16:10.007 (index):710 NODEACCESSREQUESTED_15
16:16:10.008 (index):729 WAITING_16
16:16:10.009 (index):680 NODEACCESSRELEASED_0
16:16:10.009 (index):729 WAITING_1
16:16:10.010 (index):680 NODEACCESSRELEASED_2
16:16:10.011 (index):729 WAITING_3
16:16:10.011 (index):729 WAITING_4
16:16:10.012 (index):729 WAITING_5
16:16:10.013 (index):729 WAITING_6
16:16:10.013 (index):710 NODEACCESSREQUESTED_7
16:16:10.014 (index):729 WAITING_8
16:16:10.015 (index):729 WAITING_9
16:16:10.015 (index):729 WAITING_10
16:16:10.016 (index):680 NODEACCESSRELEASED_11
16:16:10.016 (index):729 WAITING_12
16:16:10.017 (index):698 UPDATE_13
16:16:10.018 (index):698 UPDATE_14
16:16:10.018 (index):729 WAITING_15
16:16:10.019 (index):729 WAITING_16
16:16:10.020 (index):710 NODEACCESSREQUESTED_0
16:16:10.020 (index):729 WAITING_1
16:16:10.021 (index):710 NODEACCESSREQUESTED_2
16:16:10.022 (index):729 WAITING_3
16:16:10.023 (index):729 WAITING_4
16:16:10.023 (index):729 WAITING_5
16:16:10.024 (index):729 WAITING_6
16:16:10.025 (index):698 UPDATE_7
16:16:10.025 (index):729 WAITING_8
16:16:10.026 (index):729 WAITING_9
16:16:10.027 (index):729 WAITING_10
16:16:10.027 (index):710 NODEACCESSREQUESTED_11
16:16:10.028 (index):729 WAITING_12
16:16:10.029 (index):680 NODEACCESSRELEASED_13
16:16:10.030 (index):680 NODEACCESSRELEASED_14
16:16:10.030 (index):729 WAITING_15
16:16:10.031 (index):729 WAITING_16
16:16:10.032 (index):729 WAITING_0
16:16:10.032 (index):729 WAITING_1
16:16:10.033 (index):698 UPDATE_2
16:16:10.034 (index):729 WAITING_3
16:16:10.034 (index):729 WAITING_4
16:16:10.035 (index):729 WAITING_5
16:16:10.036 (index):698 UPDATE_6
16:16:10.037 (index):680 NODEACCESSRELEASED_7
16:16:10.037 (index):698 UPDATE_8
16:16:10.038 (index):729 WAITING_9
16:16:10.039 (index):729 WAITING_10
16:16:10.039 (index):729 WAITING_11
16:16:10.040 (index):698 UPDATE_12
16:16:10.041 (index):710 NODEACCESSREQUESTED_13
16:16:10.042 (index):710 NODEACCESSREQUESTED_14
16:16:10.042 (index):729 WAITING_15
16:16:10.043 (index):729 WAITING_16
16:16:10.044 (index):729 WAITING_0
16:16:10.044 (index):729 WAITING_1
16:16:10.045 (index):680 NODEACCESSRELEASED_2
16:16:10.046 (index):729 WAITING_3
16:16:10.046 (index):729 WAITING_4
16:16:10.047 (index):729 WAITING_5
16:16:10.048 (index):680 NODEACCESSRELEASED_6
16:16:10.049 (index):710 NODEACCESSREQUESTED_7
16:16:10.049 (index):680 NODEACCESSRELEASED_8
16:16:10.050 (index):729 WAITING_9
16:16:10.051 (index):729 WAITING_10
16:16:10.051 (index):698 UPDATE_11
16:16:10.052 (index):680 NODEACCESSRELEASED_12
16:16:10.053 (index):729 WAITING_13
16:16:10.053 (index):729 WAITING_14
16:16:10.054 (index):729 WAITING_15
16:16:10.055 (index):729 WAITING_16
16:16:10.056 (index):729 WAITING_0
16:16:10.056 (index):729 WAITING_1
16:16:10.057 (index):710 NODEACCESSREQUESTED_2
16:16:10.058 (index):729 WAITING_3
16:16:10.058 (index):698 UPDATE_4
16:16:10.059 (index):729 WAITING_5
16:16:10.060 (index):710 NODEACCESSREQUESTED_6
16:16:10.060 (index):729 WAITING_7
16:16:10.061 (index):710 NODEACCESSREQUESTED_8
16:16:10.062 (index):729 WAITING_9
16:16:10.063 (index):698 UPDATE_10
16:16:10.063 (index):680 NODEACCESSRELEASED_11
16:16:10.064 (index):710 NODEACCESSREQUESTED_12
16:16:10.065 (index):729 WAITING_13
16:16:10.065 (index):698 UPDATE_14
16:16:10.066 (index):729 WAITING_15
16:16:10.067 (index):729 WAITING_16
16:16:10.067 (index):729 WAITING_0
16:16:10.068 (index):729 WAITING_1
16:16:10.069 (index):729 WAITING_2
16:16:10.070 (index):729 WAITING_3
16:16:10.070 (index):680 NODEACCESSRELEASED_4
16:16:10.071 (index):729 WAITING_5
16:16:10.072 (index):729 WAITING_6
16:16:10.072 (index):729 WAITING_7
16:16:10.073 (index):729 WAITING_8
16:16:10.074 (index):729 WAITING_9
16:16:10.075 (index):680 NODEACCESSRELEASED_10
16:16:10.075 (index):710 NODEACCESSREQUESTED_11
16:16:10.076 (index):729 WAITING_12
16:16:10.077 (index):729 WAITING_13
16:16:10.077 (index):680 NODEACCESSRELEASED_14
16:16:10.078 (index):729 WAITING_15
16:16:10.079 (index):698 UPDATE_16
16:16:10.079 (index):698 UPDATE_0
16:16:10.080 (index):729 WAITING_1
16:16:10.081 (index):729 WAITING_2
16:16:10.081 (index):729 WAITING_3
16:16:10.082 (index):710 NODEACCESSREQUESTED_4
16:16:10.083 (index):729 WAITING_5
16:16:10.083 (index):729 WAITING_6
16:16:10.084 (index):729 WAITING_7
16:16:10.085 (index):729 WAITING_8
16:16:10.085 (index):729 WAITING_9
16:16:10.086 (index):710 NODEACCESSREQUESTED_10
16:16:10.087 (index):729 WAITING_11
16:16:10.087 (index):729 WAITING_12
16:16:10.088 (index):729 WAITING_13
16:16:10.089 (index):710 NODEACCESSREQUESTED_14
16:16:10.089 (index):729 WAITING_15
16:16:10.090 (index):680 NODEACCESSRELEASED_16
16:16:10.091 (index):740 END_0
16:16:10.091 (index):729 WAITING_1
16:16:10.092 (index):729 WAITING_2
16:16:10.093 (index):729 WAITING_3
16:16:10.093 (index):698 UPDATE_4
16:16:10.094 (index):729 WAITING_5
16:16:10.095 (index):729 WAITING_6
16:16:10.095 (index):698 UPDATE_7
16:16:10.096 (index):698 UPDATE_8
16:16:10.097 (index):729 WAITING_9
16:16:10.097 (index):698 UPDATE_10
16:16:10.098 (index):729 WAITING_11
16:16:10.099 (index):729 WAITING_12
16:16:10.099 (index):729 WAITING_13
16:16:10.100 (index):729 WAITING_14
16:16:10.101 (index):698 UPDATE_15
16:16:10.101 (index):710 NODEACCESSREQUESTED_16
16:16:10.102 (index):729 WAITING_1
16:16:10.103 (index):729 WAITING_2
16:16:10.103 (index):729 WAITING_3
16:16:10.104 (index):680 NODEACCESSRELEASED_4
16:16:10.105 (index):729 WAITING_5
16:16:10.105 (index):729 WAITING_6
16:16:10.106 (index):680 NODEACCESSRELEASED_7
16:16:10.107 (index):680 NODEACCESSRELEASED_8
16:16:10.107 (index):729 WAITING_9
16:16:10.108 (index):680 NODEACCESSRELEASED_10
16:16:10.109 (index):729 WAITING_11
16:16:10.109 (index):698 UPDATE_12
16:16:10.110 (index):729 WAITING_13
16:16:10.111 (index):698 UPDATE_14
16:16:10.111 (index):680 NODEACCESSRELEASED_15
16:16:10.112 (index):698 UPDATE_16
16:16:10.113 (index):729 WAITING_1
16:16:10.113 (index):698 UPDATE_2
16:16:10.114 (index):729 WAITING_3
16:16:10.115 (index):710 NODEACCESSREQUESTED_4
16:16:10.115 (index):729 WAITING_5
16:16:10.116 (index):729 WAITING_6
16:16:10.117 (index):710 NODEACCESSREQUESTED_7
16:16:10.117 (index):710 NODEACCESSREQUESTED_8
16:16:10.118 (index):729 WAITING_9
16:16:10.119 (index):710 NODEACCESSREQUESTED_10
16:16:10.119 (index):729 WAITING_11
16:16:10.120 (index):680 NODEACCESSRELEASED_12
16:16:10.121 (index):729 WAITING_13
16:16:10.121 (index):680 NODEACCESSRELEASED_14
16:16:10.122 (index):710 NODEACCESSREQUESTED_15
16:16:10.122 (index):680 NODEACCESSRELEASED_16
16:16:10.123 (index):729 WAITING_1
16:16:10.124 (index):680 NODEACCESSRELEASED_2
16:16:10.124 (index):729 WAITING_3
16:16:10.125 (index):698 UPDATE_4
16:16:10.126 (index):729 WAITING_5
16:16:10.126 (index):729 WAITING_6
16:16:10.127 (index):729 WAITING_7
16:16:10.128 (index):698 UPDATE_8
16:16:10.128 (index):729 WAITING_9
16:16:10.129 (index):729 WAITING_10
16:16:10.130 (index):698 UPDATE_11
16:16:10.130 (index):710 NODEACCESSREQUESTED_12
16:16:10.131 (index):729 WAITING_13
16:16:10.132 (index):710 NODEACCESSREQUESTED_14
16:16:10.132 (index):698 UPDATE_15
16:16:10.133 (index):710 NODEACCESSREQUESTED_16
16:16:10.134 (index):729 WAITING_1
16:16:10.135 (index):710 NODEACCESSREQUESTED_2
16:16:10.135 (index):729 WAITING_3
16:16:10.136 (index):680 NODEACCESSRELEASED_4
16:16:10.137 (index):729 WAITING_5
16:16:10.137 (index):729 WAITING_6
16:16:10.138 (index):729 WAITING_7
16:16:10.139 (index):680 NODEACCESSRELEASED_8
16:16:10.140 (index):729 WAITING_9
16:16:10.140 (index):729 WAITING_10
16:16:10.141 (index):680 NODEACCESSRELEASED_11
16:16:10.142 (index):698 UPDATE_12
16:16:10.142 (index):729 WAITING_13
16:16:10.143 (index):698 UPDATE_14
16:16:10.144 (index):680 NODEACCESSRELEASED_15
16:16:10.144 (index):698 UPDATE_16
16:16:10.145 (index):729 WAITING_1
16:16:10.146 (index):729 WAITING_2
16:16:10.147 (index):698 UPDATE_3
16:16:10.147 (index):710 NODEACCESSREQUESTED_4
16:16:10.148 (index):729 WAITING_5
16:16:10.149 (index):729 WAITING_6
16:16:10.149 (index):729 WAITING_7
16:16:10.150 (index):710 NODEACCESSREQUESTED_8
16:16:10.151 (index):729 WAITING_9
16:16:10.151 (index):729 WAITING_10
16:16:10.152 (index):710 NODEACCESSREQUESTED_11
16:16:10.153 (index):740 END_12
16:16:10.153 (index):729 WAITING_13
16:16:10.154 (index):680 NODEACCESSRELEASED_14
16:16:10.155 (index):710 NODEACCESSREQUESTED_15
16:16:10.156 (index):680 NODEACCESSRELEASED_16
16:16:10.156 (index):729 WAITING_1
16:16:10.157 (index):698 UPDATE_2
16:16:10.158 (index):680 NODEACCESSRELEASED_3
16:16:10.158 (index):698 UPDATE_4
16:16:10.159 (index):729 WAITING_5
16:16:10.160 (index):729 WAITING_6
16:16:10.161 (index):729 WAITING_7
16:16:10.161 (index):698 UPDATE_8
16:16:10.162 (index):729 WAITING_9
16:16:10.163 (index):729 WAITING_10
16:16:10.163 (index):729 WAITING_11
16:16:10.164 (index):698 UPDATE_13
16:16:10.165 (index):710 NODEACCESSREQUESTED_14
16:16:10.166 (index):729 WAITING_15
16:16:10.166 (index):710 NODEACCESSREQUESTED_16
16:16:10.167 (index):729 WAITING_1
16:16:10.168 (index):680 NODEACCESSRELEASED_2
16:16:10.168 (index):710 NODEACCESSREQUESTED_3
16:16:10.169 (index):680 NODEACCESSRELEASED_4
16:16:10.170 (index):729 WAITING_5
16:16:10.170 (index):729 WAITING_6
16:16:10.171 (index):729 WAITING_7
16:16:10.172 (index):680 NODEACCESSRELEASED_8
16:16:10.173 (index):729 WAITING_9
16:16:10.173 (index):729 WAITING_10
16:16:10.174 (index):729 WAITING_11
16:16:10.175 (index):680 NODEACCESSRELEASED_13
16:16:10.175 (index):698 UPDATE_14
16:16:10.176 (index):698 UPDATE_15
16:16:10.177 (index):729 WAITING_16
16:16:10.177 (index):729 WAITING_1
16:16:10.178 (index):710 NODEACCESSREQUESTED_2
16:16:10.179 (index):698 UPDATE_3
16:16:10.180 (index):710 NODEACCESSREQUESTED_4
16:16:10.180 (index):729 WAITING_5
16:16:10.181 (index):729 WAITING_6
16:16:10.182 (index):698 UPDATE_7
16:16:10.182 (index):710 NODEACCESSREQUESTED_8
16:16:10.183 (index):729 WAITING_9
16:16:10.184 (index):729 WAITING_10
16:16:10.184 (index):729 WAITING_11
16:16:10.185 (index):710 NODEACCESSREQUESTED_13
16:16:10.186 (index):740 END_14
16:16:10.186 (index):680 NODEACCESSRELEASED_15
16:16:10.187 (index):729 WAITING_16
16:16:10.188 (index):729 WAITING_1
16:16:10.189 (index):729 WAITING_2
16:16:10.189 (index):680 NODEACCESSRELEASED_3
16:16:10.190 (index):729 WAITING_4
16:16:10.191 (index):729 WAITING_5
16:16:10.191 (index):698 UPDATE_6
16:16:10.192 (index):680 NODEACCESSRELEASED_7
16:16:10.193 (index):729 WAITING_8
16:16:10.193 (index):729 WAITING_9
16:16:10.194 (index):698 UPDATE_10
16:16:10.195 (index):729 WAITING_11
16:16:10.195 (index):698 UPDATE_13
16:16:10.196 (index):710 NODEACCESSREQUESTED_15
16:16:10.197 (index):729 WAITING_16
16:16:10.198 (index):729 WAITING_1
16:16:10.198 (index):729 WAITING_2
16:16:10.199 (index):710 NODEACCESSREQUESTED_3
16:16:10.200 (index):729 WAITING_4
16:16:10.200 (index):729 WAITING_5
16:16:10.201 (index):740 END_6
16:16:10.202 (index):710 NODEACCESSREQUESTED_7
16:16:10.202 (index):729 WAITING_8
16:16:10.203 (index):729 WAITING_9
16:16:10.204 (index):680 NODEACCESSRELEASED_10
16:16:10.205 (index):729 WAITING_11
16:16:10.205 (index):680 NODEACCESSRELEASED_13
16:16:10.206 (index):698 UPDATE_15
16:16:10.207 (index):729 WAITING_16
16:16:10.207 (index):729 WAITING_1
16:16:10.208 (index):698 UPDATE_2
16:16:10.209 (index):729 WAITING_3
16:16:10.209 (index):729 WAITING_4
16:16:10.210 (index):729 WAITING_5
16:16:10.211 (index):698 UPDATE_7
16:16:10.212 (index):729 WAITING_8
16:16:10.212 (index):729 WAITING_9
16:16:10.213 (index):710 NODEACCESSREQUESTED_10
16:16:10.214 (index):729 WAITING_11
16:16:10.214 (index):710 NODEACCESSREQUESTED_13
16:16:10.215 (index):680 NODEACCESSRELEASED_15
16:16:10.216 (index):729 WAITING_16
16:16:10.216 (index):729 WAITING_1
16:16:10.217 (index):680 NODEACCESSRELEASED_2
16:16:10.218 (index):698 UPDATE_3
16:16:10.219 (index):698 UPDATE_4
16:16:10.220 (index):729 WAITING_5
16:16:10.220 (index):740 END_7
16:16:10.221 (index):729 WAITING_8
16:16:10.222 (index):729 WAITING_9
16:16:10.222 (index):729 WAITING_10
16:16:10.223 (index):729 WAITING_11
16:16:10.224 (index):698 UPDATE_13
16:16:10.224 (index):710 NODEACCESSREQUESTED_15
16:16:10.225 (index):729 WAITING_16
16:16:10.228 (index):729 WAITING_1
16:16:10.229 (index):710 NODEACCESSREQUESTED_2
16:16:10.230 (index):680 NODEACCESSRELEASED_3
16:16:10.230 (index):680 NODEACCESSRELEASED_4
16:16:10.231 (index):729 WAITING_5
16:16:10.232 (index):729 WAITING_8
16:16:10.232 (index):729 WAITING_9
16:16:10.233 (index):698 UPDATE_10
16:16:10.234 (index):729 WAITING_11
16:16:10.235 (index):680 NODEACCESSRELEASED_13
16:16:10.235 (index):729 WAITING_15
16:16:10.236 (index):729 WAITING_16
16:16:10.236 (index):729 WAITING_1
16:16:10.237 (index):729 WAITING_2
16:16:10.238 (index):710 NODEACCESSREQUESTED_3
16:16:10.238 (index):710 NODEACCESSREQUESTED_4
16:16:10.239 (index):729 WAITING_5
16:16:10.240 (index):729 WAITING_8
16:16:10.241 (index):729 WAITING_9
16:16:10.241 (index):680 NODEACCESSRELEASED_10
16:16:10.242 (index):729 WAITING_11
16:16:10.243 (index):710 NODEACCESSREQUESTED_13
16:16:10.243 (index):698 UPDATE_15
16:16:10.244 (index):729 WAITING_16
16:16:10.245 (index):729 WAITING_1
16:16:10.245 (index):729 WAITING_2
16:16:10.246 (index):698 UPDATE_3
16:16:10.247 (index):698 UPDATE_4
16:16:10.247 (index):729 WAITING_5
16:16:10.248 (index):729 WAITING_8
16:16:10.249 (index):729 WAITING_9
16:16:10.249 (index):710 NODEACCESSREQUESTED_10
16:16:10.250 (index):729 WAITING_11
16:16:10.250 (index):698 UPDATE_13
16:16:10.251 (index):680 NODEACCESSRELEASED_15
16:16:10.252 (index):729 WAITING_16
16:16:10.252 (index):729 WAITING_1
16:16:10.253 (index):729 WAITING_2
16:16:10.254 (index):680 NODEACCESSRELEASED_3
16:16:10.254 (index):680 NODEACCESSRELEASED_4
16:16:10.255 (index):729 WAITING_5
16:16:10.256 (index):729 WAITING_8
16:16:10.256 (index):729 WAITING_9
16:16:10.257 (index):729 WAITING_10
16:16:10.258 (index):698 UPDATE_11
16:16:10.258 (index):680 NODEACCESSRELEASED_13
16:16:10.259 (index):710 NODEACCESSREQUESTED_15
16:16:10.260 (index):729 WAITING_16
16:16:10.260 (index):729 WAITING_1
16:16:10.261 (index):729 WAITING_2
16:16:10.262 (index):710 NODEACCESSREQUESTED_3
16:16:10.262 (index):710 NODEACCESSREQUESTED_4
16:16:10.263 (index):729 WAITING_5
16:16:10.264 (index):729 WAITING_8
16:16:10.264 (index):729 WAITING_9
16:16:10.265 (index):729 WAITING_10
16:16:10.266 (index):680 NODEACCESSRELEASED_11
16:16:10.266 (index):710 NODEACCESSREQUESTED_13
16:16:10.267 (index):729 WAITING_15
16:16:10.268 (index):698 UPDATE_16
16:16:10.268 (index):729 WAITING_1
16:16:10.269 (index):729 WAITING_2
16:16:10.270 (index):729 WAITING_3
16:16:10.270 (index):698 UPDATE_4
16:16:10.271 (index):729 WAITING_5
16:16:10.272 (index):729 WAITING_8
16:16:10.272 (index):729 WAITING_9
16:16:10.273 (index):729 WAITING_10
16:16:10.273 (index):710 NODEACCESSREQUESTED_11
16:16:10.274 (index):729 WAITING_13
16:16:10.275 (index):729 WAITING_15
16:16:10.275 (index):680 NODEACCESSRELEASED_16
16:16:10.276 (index):729 WAITING_1
16:16:10.277 (index):729 WAITING_2
16:16:10.277 (index):729 WAITING_3
16:16:10.278 (index):680 NODEACCESSRELEASED_4
16:16:10.279 (index):729 WAITING_5
16:16:10.279 (index):698 UPDATE_8
16:16:10.280 (index):729 WAITING_9
16:16:10.281 (index):729 WAITING_10
16:16:10.281 (index):729 WAITING_11
16:16:10.282 (index):729 WAITING_13
16:16:10.283 (index):729 WAITING_15
16:16:10.283 (index):710 NODEACCESSREQUESTED_16
16:16:10.284 (index):729 WAITING_1
16:16:10.285 (index):729 WAITING_2
16:16:10.286 (index):729 WAITING_3
16:16:10.286 (index):710 NODEACCESSREQUESTED_4
16:16:10.287 (index):729 WAITING_5
16:16:10.288 (index):680 NODEACCESSRELEASED_8
16:16:10.288 (index):729 WAITING_9
16:16:10.289 (index):729 WAITING_10
16:16:10.290 (index):698 UPDATE_11
16:16:10.291 (index):729 WAITING_13
16:16:10.291 (index):729 WAITING_15
16:16:10.292 (index):698 UPDATE_16
16:16:10.293 (index):729 WAITING_1
16:16:10.293 (index):729 WAITING_2
16:16:10.294 (index):698 UPDATE_3
16:16:10.295 (index):698 UPDATE_4
16:16:10.295 (index):729 WAITING_5
16:16:10.296 (index):710 NODEACCESSREQUESTED_8
16:16:10.297 (index):729 WAITING_9
16:16:10.297 (index):729 WAITING_10
16:16:10.298 (index):680 NODEACCESSRELEASED_11
16:16:10.299 (index):729 WAITING_13
16:16:10.300 (index):729 WAITING_15
16:16:10.300 (index):680 NODEACCESSRELEASED_16
16:16:10.301 (index):729 WAITING_1
16:16:10.302 (index):729 WAITING_2
16:16:10.302 (index):740 END_3
16:16:10.303 (index):740 END_4
16:16:10.304 (index):729 WAITING_5
16:16:10.304 (index):698 UPDATE_8
16:16:10.305 (index):729 WAITING_9
16:16:10.306 (index):729 WAITING_10
16:16:10.306 (index):710 NODEACCESSREQUESTED_11
16:16:10.307 (index):729 WAITING_13
16:16:10.308 (index):729 WAITING_15
16:16:10.309 (index):710 NODEACCESSREQUESTED_16
16:16:10.309 (index):729 WAITING_1
16:16:10.310 (index):729 WAITING_2
16:16:10.311 (index):729 WAITING_5
16:16:10.311 (index):680 NODEACCESSRELEASED_8
16:16:10.312 (index):729 WAITING_9
16:16:10.313 (index):729 WAITING_10
16:16:10.313 (index):698 UPDATE_11
16:16:10.314 (index):729 WAITING_13
16:16:10.315 (index):729 WAITING_15
16:16:10.315 (index):698 UPDATE_16
16:16:10.316 (index):729 WAITING_1
16:16:10.317 (index):729 WAITING_2
16:16:10.318 (index):729 WAITING_5
16:16:10.318 (index):710 NODEACCESSREQUESTED_8
16:16:10.319 (index):729 WAITING_9
16:16:10.320 (index):729 WAITING_10
16:16:10.320 (index):680 NODEACCESSRELEASED_11
16:16:10.321 (index):729 WAITING_13
16:16:10.322 (index):729 WAITING_15
16:16:10.322 (index):740 END_16
16:16:10.323 (index):729 WAITING_1
16:16:10.324 (index):729 WAITING_2
16:16:10.324 (index):729 WAITING_5
16:16:10.325 (index):698 UPDATE_8
16:16:10.326 (index):729 WAITING_9
16:16:10.326 (index):729 WAITING_10
16:16:10.327 (index):710 NODEACCESSREQUESTED_11
16:16:10.328 (index):729 WAITING_13
16:16:10.329 (index):729 WAITING_15
16:16:10.329 (index):729 WAITING_1
16:16:10.330 (index):729 WAITING_2
16:16:10.331 (index):729 WAITING_5
16:16:10.331 (index):740 END_8
16:16:10.332 (index):729 WAITING_9
16:16:10.333 (index):698 UPDATE_10
16:16:10.333 (index):698 UPDATE_11
16:16:10.334 (index):729 WAITING_13
16:16:10.335 (index):729 WAITING_15
16:16:10.335 (index):729 WAITING_1
16:16:10.336 (index):729 WAITING_2
16:16:10.337 (index):729 WAITING_5
16:16:10.337 (index):729 WAITING_9
16:16:10.338 (index):680 NODEACCESSRELEASED_10
16:16:10.339 (index):740 END_11
16:16:10.339 (index):729 WAITING_13
16:16:10.340 (index):698 UPDATE_15
16:16:10.341 (index):729 WAITING_1
16:16:10.341 (index):729 WAITING_2
16:16:10.342 (index):729 WAITING_5
16:16:10.343 (index):729 WAITING_9
16:16:10.343 (index):710 NODEACCESSREQUESTED_10
16:16:10.344 (index):729 WAITING_13
16:16:10.345 (index):740 END_15
16:16:10.346 (index):729 WAITING_1
16:16:10.346 (index):729 WAITING_2
16:16:10.347 (index):729 WAITING_5
16:16:10.348 (index):729 WAITING_9
16:16:10.348 (index):698 UPDATE_10
16:16:10.349 (index):729 WAITING_13
16:16:10.350 (index):729 WAITING_1
16:16:10.351 (index):729 WAITING_2
16:16:10.352 (index):729 WAITING_5
16:16:10.352 (index):729 WAITING_9
16:16:10.353 (index):680 NODEACCESSRELEASED_10
16:16:10.354 (index):729 WAITING_13
16:16:10.355 (index):729 WAITING_1
16:16:10.356 (index):729 WAITING_2
16:16:10.356 (index):729 WAITING_5
16:16:10.357 (index):698 UPDATE_9
16:16:10.358 (index):710 NODEACCESSREQUESTED_10
16:16:10.358 (index):729 WAITING_13
16:16:10.360 (index):729 WAITING_1
16:16:10.360 (index):729 WAITING_2
16:16:10.361 (index):729 WAITING_5
16:16:10.362 (index):680 NODEACCESSRELEASED_9
16:16:10.362 (index):729 WAITING_10
16:16:10.363 (index):729 WAITING_13
16:16:10.364 (index):698 UPDATE_1
16:16:10.365 (index):729 WAITING_2
16:16:10.366 (index):729 WAITING_5
16:16:10.367 (index):710 NODEACCESSREQUESTED_9
16:16:10.367 (index):729 WAITING_10
16:16:10.368 (index):729 WAITING_13
16:16:10.369 (index):680 NODEACCESSRELEASED_1
16:16:10.370 (index):729 WAITING_2
16:16:10.371 (index):698 UPDATE_5
16:16:10.371 (index):729 WAITING_9
16:16:10.372 (index):729 WAITING_10
16:16:10.373 (index):729 WAITING_13
16:16:10.374 (index):710 NODEACCESSREQUESTED_1
16:16:10.375 (index):729 WAITING_2
16:16:10.375 (index):680 NODEACCESSRELEASED_5
16:16:10.376 (index):729 WAITING_9
16:16:10.377 (index):729 WAITING_10
16:16:10.377 (index):729 WAITING_13
16:16:10.379 (index):729 WAITING_1
16:16:10.379 (index):698 UPDATE_2
16:16:10.380 (index):710 NODEACCESSREQUESTED_5
16:16:10.381 (index):729 WAITING_9
16:16:10.381 (index):729 WAITING_10
16:16:10.382 (index):729 WAITING_13
16:16:10.383 (index):729 WAITING_1
16:16:10.384 (index):680 NODEACCESSRELEASED_2
16:16:10.385 (index):729 WAITING_5
16:16:10.385 (index):729 WAITING_9
16:16:10.386 (index):729 WAITING_10
16:16:10.387 (index):698 UPDATE_13
16:16:10.388 (index):729 WAITING_1
16:16:10.389 (index):710 NODEACCESSREQUESTED_2
16:16:10.390 (index):729 WAITING_5
16:16:10.390 (index):729 WAITING_9
16:16:10.391 (index):729 WAITING_10
16:16:10.392 (index):680 NODEACCESSRELEASED_13
16:16:10.393 (index):698 UPDATE_1
16:16:10.393 (index):729 WAITING_2
16:16:10.394 (index):729 WAITING_5
16:16:10.395 (index):729 WAITING_9
16:16:10.396 (index):698 UPDATE_10
16:16:10.396 (index):710 NODEACCESSREQUESTED_13
16:16:10.397 (index):680 NODEACCESSRELEASED_1
16:16:10.398 (index):729 WAITING_2
16:16:10.399 (index):698 UPDATE_5
16:16:10.400 (index):729 WAITING_9
16:16:10.400 (index):740 END_10
16:16:10.401 (index):729 WAITING_13
16:16:10.402 (index):710 NODEACCESSREQUESTED_1
16:16:10.403 (index):729 WAITING_2
16:16:10.404 (index):680 NODEACCESSRELEASED_5
16:16:10.404 (index):698 UPDATE_9
16:16:10.406 (index):729 WAITING_13
16:16:10.407 (index):698 UPDATE_1
16:16:10.407 (index):729 WAITING_2
16:16:10.408 (index):710 NODEACCESSREQUESTED_5
16:16:10.409 (index):680 NODEACCESSRELEASED_9
16:16:10.410 (index):729 WAITING_13
16:16:10.411 (index):680 NODEACCESSRELEASED_1
16:16:10.412 (index):698 UPDATE_2
16:16:10.413 (index):698 UPDATE_5
16:16:10.414 (index):710 NODEACCESSREQUESTED_9
16:16:10.415 (index):729 WAITING_13
16:16:10.416 (index):710 NODEACCESSREQUESTED_1
16:16:10.417 (index):740 END_2
16:16:10.418 (index):680 NODEACCESSRELEASED_5
16:16:10.418 (index):698 UPDATE_9
16:16:10.420 (index):729 WAITING_13
16:16:10.421 (index):698 UPDATE_1
16:16:10.422 (index):710 NODEACCESSREQUESTED_5
16:16:10.423 (index):680 NODEACCESSRELEASED_9
16:16:10.424 (index):698 UPDATE_13
16:16:10.426 (index):680 NODEACCESSRELEASED_1
16:16:10.427 (index):698 UPDATE_5
16:16:10.428 (index):710 NODEACCESSREQUESTED_9
16:16:10.429 (index):680 NODEACCESSRELEASED_13
16:16:10.430 (index):710 NODEACCESSREQUESTED_1
16:16:10.432 (index):680 NODEACCESSRELEASED_5
16:16:10.433 (index):698 UPDATE_9
16:16:10.434 (index):710 NODEACCESSREQUESTED_13
16:16:10.435 (index):698 UPDATE_1
16:16:10.437 (index):710 NODEACCESSREQUESTED_5
16:16:10.437 (index):680 NODEACCESSRELEASED_9
16:16:10.439 (index):698 UPDATE_13
16:16:10.440 (index):680 NODEACCESSRELEASED_1
16:16:10.441 (index):698 UPDATE_5
16:16:10.442 (index):710 NODEACCESSREQUESTED_9
16:16:10.443 (index):740 END_13
16:16:10.445 (index):710 NODEACCESSREQUESTED_1
16:16:10.446 (index):680 NODEACCESSRELEASED_5
16:16:10.447 (index):698 UPDATE_9
16:16:10.449 (index):698 UPDATE_1
16:16:10.451 (index):710 NODEACCESSREQUESTED_5
16:16:10.452 (index):680 NODEACCESSRELEASED_9
16:16:10.454 (index):680 NODEACCESSRELEASED_1
16:16:10.456 (index):698 UPDATE_5
16:16:10.457 (index):710 NODEACCESSREQUESTED_9
16:16:10.459 (index):710 NODEACCESSREQUESTED_1
16:16:10.461 (index):680 NODEACCESSRELEASED_5
16:16:10.461 (index):698 UPDATE_9
16:16:10.464 (index):698 UPDATE_1
16:16:10.465 (index):710 NODEACCESSREQUESTED_5
16:16:10.466 (index):680 NODEACCESSRELEASED_9
16:16:10.469 (index):740 END_1
16:16:10.470 (index):698 UPDATE_5
16:16:10.471 (index):710 NODEACCESSREQUESTED_9
16:16:10.475 (index):740 END_5
16:16:10.476 (index):698 UPDATE_9
16:16:10.480 (index):680 NODEACCESSRELEASED_9
16:16:10.485 (index):710 NODEACCESSREQUESTED_9
16:16:10.490 (index):698 UPDATE_9
16:16:10.495 (index):680 NODEACCESSRELEASED_9
16:16:10.500 (index):710 NODEACCESSREQUESTED_9
16:16:10.505 (index):698 UPDATE_9
16:16:10.509 (index):680 NODEACCESSRELEASED_9
16:16:10.514 (index):710 NODEACCESSREQUESTED_9
16:16:10.519 (index):698 UPDATE_9
16:16:10.524 (index):680 NODEACCESSRELEASED_9
16:16:10.529 (index):710 NODEACCESSREQUESTED_9
16:16:10.534 (index):698 UPDATE_9
16:16:10.538 (index):680 NODEACCESSRELEASED_9
16:16:10.543 (index):710 NODEACCESSREQUESTED_9
16:16:10.548 (index):698 UPDATE_9
16:16:10.553 (index):740 END_9
