16:16:03.205 (index):801 Tasks: 25; Collaborators: 4    =========================>
16:16:03.205 (index):710 NODEACCESSREQUESTED_0
16:16:03.206 (index):710 NODEACCESSREQUESTED_1
16:16:03.206 (index):710 NODEACCESSREQUESTED_2
16:16:03.207 (index):710 NODEACCESSREQUESTED_3
16:16:03.210 (index):680 NODEACCESSRELEASED_0
16:16:03.210 (index):680 NODEACCESSRELEASED_1
16:16:03.211 (index):680 NODEACCESSRELEASED_2
16:16:03.211 (index):680 NODEACCESSRELEASED_3
16:16:03.214 (index):710 NODEACCESSREQUESTED_0
16:16:03.215 (index):710 NODEACCESSREQUESTED_1
16:16:03.215 (index):710 NODEACCESSREQUESTED_2
16:16:03.216 (index):710 NODEACCESSREQUESTED_3
16:16:03.219 (index):698 UPDATE_0
16:16:03.219 (index):698 UPDATE_1
16:16:03.220 (index):698 UPDATE_2
16:16:03.220 (index):729 WAITING_3
16:16:03.223 (index):680 NODEACCESSRELEASED_0
16:16:03.224 (index):680 NODEACCESSRELEASED_1
16:16:03.224 (index):680 NODEACCESSRELEASED_2
16:16:03.225 (index):698 UPDATE_3
16:16:03.228 (index):710 NODEACCESSREQUESTED_0
16:16:03.229 (index):710 NODEACCESSREQUESTED_1
16:16:03.229 (index):710 NODEACCESSREQUESTED_2
16:16:03.230 (index):680 NODEACCESSRELEASED_3
16:16:03.233 (index):698 UPDATE_0
16:16:03.233 (index):698 UPDATE_1
16:16:03.234 (index):698 UPDATE_2
16:16:03.235 (index):710 NODEACCESSREQUESTED_3
16:16:03.237 (index):680 NODEACCESSRELEASED_0
16:16:03.238 (index):680 NODEACCESSRELEASED_1
16:16:03.239 (index):680 NODEACCESSRELEASED_2
16:16:03.239 (index):698 UPDATE_3
16:16:03.242 (index):710 NODEACCESSREQUESTED_0
16:16:03.243 (index):710 NODEACCESSREQUESTED_1
16:16:03.243 (index):710 NODEACCESSREQUESTED_2
16:16:03.244 (index):680 NODEACCESSRELEASED_3
16:16:03.247 (index):729 WAITING_0
16:16:03.247 (index):698 UPDATE_1
16:16:03.248 (index):698 UPDATE_2
16:16:03.248 (index):710 NODEACCESSREQUESTED_3
16:16:03.251 (index):729 WAITING_0
16:16:03.252 (index):680 NODEACCESSRELEASED_1
16:16:03.252 (index):680 NODEACCESSRELEASED_2
16:16:03.253 (index):729 WAITING_3
16:16:03.256 (index):698 UPDATE_0
16:16:03.256 (index):710 NODEACCESSREQUESTED_1
16:16:03.257 (index):710 NODEACCESSREQUESTED_2
16:16:03.257 (index):729 WAITING_3
16:16:03.260 (index):680 NODEACCESSRELEASED_0
16:16:03.261 (index):729 WAITING_1
16:16:03.261 (index):729 WAITING_2
16:16:03.262 (index):698 UPDATE_3
16:16:03.265 (index):710 NODEACCESSREQUESTED_0
16:16:03.265 (index):729 WAITING_1
16:16:03.266 (index):729 WAITING_2
16:16:03.266 (index):680 NODEACCESSRELEASED_3
16:16:03.269 (index):729 WAITING_0
16:16:03.270 (index):698 UPDATE_1
16:16:03.270 (index):729 WAITING_2
16:16:03.271 (index):710 NODEACCESSREQUESTED_3
16:16:03.274 (index):729 WAITING_0
16:16:03.274 (index):680 NODEACCESSRELEASED_1
16:16:03.275 (index):729 WAITING_2
16:16:03.276 (index):698 UPDATE_3
16:16:03.278 (index):698 UPDATE_0
16:16:03.279 (index):710 NODEACCESSREQUESTED_1
16:16:03.279 (index):729 WAITING_2
16:16:03.280 (index):680 NODEACCESSRELEASED_3
16:16:03.283 (index):680 NODEACCESSRELEASED_0
16:16:03.283 (index):698 UPDATE_1
16:16:03.284 (index):698 UPDATE_2
16:16:03.285 (index):710 NODEACCESSREQUESTED_3
16:16:03.287 (index):710 NODEACCESSREQUESTED_0
16:16:03.288 (index):680 NODEACCESSRELEASED_1
16:16:03.289 (index):680 NODEACCESSRELEASED_2
16:16:03.289 (index):698 UPDATE_3
16:16:03.292 (index):698 UPDATE_0
16:16:03.292 (index):710 NODEACCESSREQUESTED_1
16:16:03.293 (index):710 NODEACCESSREQUESTED_2
16:16:03.294 (index):680 NODEACCESSRELEASED_3
16:16:03.296 (index):680 NODEACCESSRELEASED_0
16:16:03.297 (index):698 UPDATE_1
16:16:03.298 (index):698 UPDATE_2
16:16:03.298 (index):710 NODEACCESSREQUESTED_3
16:16:03.301 (index):710 NODEACCESSREQUESTED_0
16:16:03.301 (index):680 NODEACCESSRELEASED_1
16:16:03.302 (index):680 NODEACCESSRELEASED_2
16:16:03.303 (index):698 UPDATE_3
16:16:03.305 (index):729 WAITING_0
16:16:03.306 (index):710 NODEACCESSREQUESTED_1
16:16:03.307 (index):710 NODEACCESSREQUESTED_2
16:16:03.307 (index):680 NODEACCESSRELEASED_3
16:16:03.310 (index):698 UPDATE_0
16:16:03.310 (index):729 WAITING_1
16:16:03.311 (index):698 UPDATE_2
16:16:03.312 (index):710 NODEACCESSREQUESTED_3
16:16:03.315 (index):680 NODEACCESSRELEASED_0
16:16:03.315 (index):698 UPDATE_1
16:16:03.316 (index):680 NODEACCESSRELEASED_2
16:16:03.317 (index):698 UPDATE_3
16:16:03.319 (index):710 NODEACCESSREQUESTED_0
16:16:03.320 (index):680 NODEACCESSRELEASED_1
16:16:03.321 (index):710 NODEACCESSREQUESTED_2
16:16:03.322 (index):680 NODEACCESSRELEASED_3
16:16:03.324 (index):698 UPDATE_0
16:16:03.325 (index):710 NODEACCESSREQUESTED_1
16:16:03.326 (index):698 UPDATE_2
16:16:03.327 (index):710 NODEACCESSREQUESTED_3
16:16:03.329 (index):680 NODEACCESSRELEASED_0
16:16:03.329 (index):729 WAITING_1
16:16:03.330 (index):680 NODEACCESSRELEASED_2
16:16:03.331 (index):698 UPDATE_3
16:16:03.333 (index):710 NODEACCESSREQUESTED_0
16:16:03.334 (index):698 UPDATE_1
16:16:03.335 (index):710 NODEACCESSREQUESTED_2
16:16:03.336 (index):680 NODEACCESSRELEASED_3
16:16:03.338 (index):698 UPDATE_0
16:16:03.338 (index):680 NODEACCESSRELEASED_1
16:16:03.339 (index):698 UPDATE_2
16:16:03.340 (index):710 NODEACCESSREQUESTED_3
16:16:03.342 (index):680 NODEACCESSRELEASED_0
16:16:03.343 (index):710 NODEACCESSREQUESTED_1
16:16:03.344 (index):680 NODEACCESSRELEASED_2
16:16:03.345 (index):698 UPDATE_3
16:16:03.347 (index):710 NODEACCESSREQUESTED_0
16:16:03.347 (index):729 WAITING_1
16:16:03.348 (index):710 NODEACCESSREQUESTED_2
16:16:03.349 (index):680 NODEACCESSRELEASED_3
16:16:03.351 (index):729 WAITING_0
16:16:03.352 (index):698 UPDATE_1
16:16:03.353 (index):729 WAITING_2
16:16:03.354 (index):710 NODEACCESSREQUESTED_3
16:16:03.356 (index):729 WAITING_0
16:16:03.356 (index):680 NODEACCESSRELEASED_1
16:16:03.357 (index):729 WAITING_2
16:16:03.358 (index):729 WAITING_3
16:16:03.360 (index):698 UPDATE_0
16:16:03.361 (index):710 NODEACCESSREQUESTED_1
16:16:03.362 (index):729 WAITING_2
16:16:03.363 (index):729 WAITING_3
16:16:03.365 (index):680 NODEACCESSRELEASED_0
16:16:03.366 (index):698 UPDATE_1
16:16:03.366 (index):698 UPDATE_2
16:16:03.367 (index):729 WAITING_3
16:16:03.369 (index):710 NODEACCESSREQUESTED_0
16:16:03.370 (index):680 NODEACCESSRELEASED_1
16:16:03.371 (index):680 NODEACCESSRELEASED_2
16:16:03.372 (index):698 UPDATE_3
16:16:03.374 (index):698 UPDATE_0
16:16:03.375 (index):710 NODEACCESSREQUESTED_1
16:16:03.375 (index):710 NODEACCESSREQUESTED_2
16:16:03.376 (index):680 NODEACCESSRELEASED_3
16:16:03.378 (index):680 NODEACCESSRELEASED_0
16:16:03.379 (index):698 UPDATE_1
16:16:03.380 (index):698 UPDATE_2
16:16:03.381 (index):710 NODEACCESSREQUESTED_3
16:16:03.383 (index):710 NODEACCESSREQUESTED_0
16:16:03.384 (index):680 NODEACCESSRELEASED_1
16:16:03.384 (index):680 NODEACCESSRELEASED_2
16:16:03.385 (index):698 UPDATE_3
16:16:03.387 (index):729 WAITING_0
16:16:03.388 (index):710 NODEACCESSREQUESTED_1
16:16:03.389 (index):710 NODEACCESSREQUESTED_2
16:16:03.390 (index):680 NODEACCESSRELEASED_3
16:16:03.392 (index):729 WAITING_0
16:16:03.393 (index):698 UPDATE_1
16:16:03.393 (index):698 UPDATE_2
16:16:03.394 (index):710 NODEACCESSREQUESTED_3
16:16:03.396 (index):729 WAITING_0
16:16:03.397 (index):680 NODEACCESSRELEASED_1
16:16:03.398 (index):680 NODEACCESSRELEASED_2
16:16:03.399 (index):698 UPDATE_3
16:16:03.401 (index):698 UPDATE_0
16:16:03.402 (index):710 NODEACCESSREQUESTED_1
16:16:03.402 (index):710 NODEACCESSREQUESTED_2
16:16:03.403 (index):680 NODEACCESSRELEASED_3
16:16:03.405 (index):680 NODEACCESSRELEASED_0
16:16:03.406 (index):698 UPDATE_1
16:16:03.407 (index):698 UPDATE_2
16:16:03.408 (index):710 NODEACCESSREQUESTED_3
16:16:03.410 (index):710 NODEACCESSREQUESTED_0
16:16:03.411 (index):740 END_1
16:16:03.411 (index):680 NODEACCESSRELEASED_2
16:16:03.412 (index):698 UPDATE_3
16:16:03.414 (index):729 WAITING_0
16:16:03.416 (index):710 NODEACCESSREQUESTED_2
16:16:03.417 (index):740 END_3
16:16:03.419 (index):698 UPDATE_0
16:16:03.420 (index):729 WAITING_2
16:16:03.423 (index):680 NODEACCESSRELEASED_0
16:16:03.425 (index):698 UPDATE_2
16:16:03.428 (index):710 NODEACCESSREQUESTED_0
16:16:03.429 (index):740 END_2
16:16:03.432 (index):698 UPDATE_0
16:16:03.437 (index):740 END_0
