18:11:38.928 (index):1104 Tasks: 25; Collaborators: 13    =========================>
18:11:38.930 (index):843 NODEACCESSREQUESTED_0
18:11:38.931 (index):843 NODEACCESSREQUESTED_1
18:11:38.933 (index):843 NODEACCESSREQUESTED_2
18:11:38.934 (index):843 NODEACCESSREQUESTED_3
18:11:38.935 (index):843 NODEACCESSREQUESTED_4
18:11:38.935 (index):843 NODEACCESSREQUESTED_5
18:11:38.936 (index):843 NODEACCESSREQUESTED_6
18:11:38.936 (index):843 NODEACCESSREQUESTED_7
18:11:38.937 (index):843 NODEACCESSREQUESTED_8
18:11:38.937 (index):843 NODEACCESSREQUESTED_9
18:11:38.938 (index):843 NODEACCESSREQUESTED_10
18:11:38.939 (index):843 NODEACCESSREQUESTED_11
18:11:38.939 (index):843 NODEACCESSREQUESTED_12
18:11:39.931 (index):823 THINKING_0
18:11:39.933 (index):823 THINKING_1
18:11:39.934 (index):813 NODEACCESSRELEASED_2
18:11:39.935 (index):813 NODEACCESSRELEASED_3
18:11:39.935 (index):813 NODEACCESSRELEASED_4
18:11:39.936 (index):813 NODEACCESSRELEASED_5
18:11:39.937 (index):823 THINKING_6
18:11:39.937 (index):813 NODEACCESSRELEASED_7
18:11:39.937 (index):823 THINKING_8
18:11:39.938 (index):813 NODEACCESSRELEASED_9
18:11:39.939 (index):813 NODEACCESSRELEASED_10
18:11:39.939 (index):823 THINKING_11
18:11:39.940 (index):861 WAITING_12
18:11:40.935 (index):843 NODEACCESSREQUESTED_2
18:11:40.935 (index):843 NODEACCESSREQUESTED_3
18:11:40.936 (index):843 NODEACCESSREQUESTED_4
18:11:40.937 (index):843 NODEACCESSREQUESTED_5
18:11:40.938 (index):843 NODEACCESSREQUESTED_7
18:11:40.939 (index):843 NODEACCESSREQUESTED_9
18:11:40.940 (index):843 NODEACCESSREQUESTED_10
18:11:40.941 (index):861 WAITING_12
18:11:41.936 (index):831 UPDATE_2
18:11:41.937 (index):831 UPDATE_3
18:11:41.938 (index):831 UPDATE_4
18:11:41.939 (index):831 UPDATE_5
18:11:41.940 (index):831 UPDATE_7
18:11:41.941 (index):831 UPDATE_9
18:11:41.942 (index):831 UPDATE_10
18:11:41.943 (index):861 WAITING_12
18:11:41.963 (index):831 UPDATE_8
18:11:42.037 (index):813 NODEACCESSRELEASED_2
18:11:42.038 (index):813 NODEACCESSRELEASED_3
18:11:42.039 (index):813 NODEACCESSRELEASED_4
18:11:42.040 (index):823 THINKING_5
18:11:42.041 (index):813 NODEACCESSRELEASED_7
18:11:42.042 (index):823 THINKING_9
18:11:42.043 (index):823 THINKING_10
18:11:42.064 (index):823 THINKING_8
18:11:42.401 (index):831 UPDATE_11
18:11:42.517 (index):823 THINKING_11
18:11:42.654 (index):831 UPDATE_6
18:11:42.755 (index):813 NODEACCESSRELEASED_6
18:11:42.878 (index):831 UPDATE_1
18:11:42.944 (index):861 WAITING_12
18:11:42.979 (index):813 NODEACCESSRELEASED_1
18:11:43.044 (index):843 NODEACCESSREQUESTED_2
18:11:43.044 (index):843 NODEACCESSREQUESTED_3
18:11:43.045 (index):843 NODEACCESSREQUESTED_4
18:11:43.045 (index):843 NODEACCESSREQUESTED_7
18:11:43.757 (index):843 NODEACCESSREQUESTED_6
18:11:43.945 (index):861 WAITING_12
18:11:43.981 (index):843 NODEACCESSREQUESTED_1
18:11:44.045 (index):831 UPDATE_2
18:11:44.046 (index):831 UPDATE_3
18:11:44.047 (index):831 UPDATE_4
18:11:44.047 (index):831 UPDATE_7
18:11:44.100 (index):831 UPDATE_10
18:11:44.146 (index):813 NODEACCESSRELEASED_2
18:11:44.147 (index):823 THINKING_3
18:11:44.147 (index):813 NODEACCESSRELEASED_4
18:11:44.148 (index):813 NODEACCESSRELEASED_7
18:11:44.201 (index):813 NODEACCESSRELEASED_10
18:11:44.280 (index):831 UPDATE_0
18:11:44.381 (index):813 NODEACCESSRELEASED_0
18:11:44.454 (index):831 UPDATE_5
18:11:44.556 (index):813 NODEACCESSRELEASED_5
18:11:44.757 (index):831 UPDATE_6
18:11:44.859 (index):813 NODEACCESSRELEASED_6
18:11:44.946 (index):861 WAITING_12
18:11:44.982 (index):831 UPDATE_1
18:11:45.084 (index):823 THINKING_1
18:11:45.159 (index):843 NODEACCESSREQUESTED_2
18:11:45.160 (index):843 NODEACCESSREQUESTED_4
18:11:45.160 (index):843 NODEACCESSREQUESTED_7
18:11:45.202 (index):843 NODEACCESSREQUESTED_10
18:11:45.382 (index):843 NODEACCESSREQUESTED_0
18:11:45.556 (index):843 NODEACCESSREQUESTED_5
18:11:45.813 (index):831 UPDATE_11
18:11:45.860 (index):843 NODEACCESSREQUESTED_6
18:11:45.915 (index):813 NODEACCESSRELEASED_11
18:11:45.948 (index):861 WAITING_12
18:11:46.160 (index):831 UPDATE_2
18:11:46.161 (index):831 UPDATE_4
18:11:46.162 (index):831 UPDATE_7
18:11:46.203 (index):831 UPDATE_10
18:11:46.261 (index):823 THINKING_2
18:11:46.262 (index):813 NODEACCESSRELEASED_4
18:11:46.263 (index):823 THINKING_7
18:11:46.304 (index):823 THINKING_10
18:11:46.383 (index):831 UPDATE_0
18:11:46.484 (index):813 NODEACCESSRELEASED_0
18:11:46.506 (index):831 UPDATE_8
18:11:46.554 (index):831 UPDATE_9
18:11:46.557 (index):831 UPDATE_5
18:11:46.607 (index):813 NODEACCESSRELEASED_8
18:11:46.655 (index):823 THINKING_9
18:11:46.659 (index):823 THINKING_5
18:11:46.861 (index):831 UPDATE_6
18:11:46.916 (index):843 NODEACCESSREQUESTED_11
18:11:46.949 (index):861 WAITING_12
18:11:46.962 (index):813 NODEACCESSRELEASED_6
18:11:47.263 (index):843 NODEACCESSREQUESTED_4
18:11:47.486 (index):843 NODEACCESSREQUESTED_0
18:11:47.609 (index):843 NODEACCESSREQUESTED_8
18:11:47.917 (index):831 UPDATE_11
18:11:47.950 (index):861 WAITING_12
18:11:47.963 (index):843 NODEACCESSREQUESTED_6
18:11:48.019 (index):813 NODEACCESSRELEASED_11
18:11:48.263 (index):831 UPDATE_3
18:11:48.264 (index):831 UPDATE_4
18:11:48.364 (index):813 NODEACCESSRELEASED_3
18:11:48.365 (index):813 NODEACCESSRELEASED_4
18:11:48.435 (index):831 UPDATE_7
18:11:48.487 (index):831 UPDATE_0
18:11:48.536 (index):813 NODEACCESSRELEASED_7
18:11:48.588 (index):823 THINKING_0
18:11:48.610 (index):831 UPDATE_8
18:11:48.633 (index):831 UPDATE_1
18:11:48.711 (index):823 THINKING_8
18:11:48.734 (index):823 THINKING_1
18:11:48.951 (index):861 WAITING_12
18:11:48.965 (index):831 UPDATE_6
18:11:48.980 (index):831 UPDATE_2
18:11:49.020 (index):843 NODEACCESSREQUESTED_11
18:11:49.061 (index):831 UPDATE_9
18:11:49.066 (index):813 NODEACCESSRELEASED_6
18:11:49.081 (index):813 NODEACCESSRELEASED_2
18:11:49.163 (index):813 NODEACCESSRELEASED_9
18:11:49.281 (index):831 UPDATE_10
18:11:49.365 (index):843 NODEACCESSREQUESTED_3
18:11:49.367 (index):843 NODEACCESSREQUESTED_4
18:11:49.383 (index):813 NODEACCESSRELEASED_10
18:11:49.537 (index):843 NODEACCESSREQUESTED_7
18:11:49.807 (index):831 UPDATE_5
18:11:49.908 (index):813 NODEACCESSRELEASED_5
18:11:49.953 (index):861 WAITING_12
18:11:50.021 (index):831 UPDATE_11
18:11:50.067 (index):843 NODEACCESSREQUESTED_6
18:11:50.082 (index):843 NODEACCESSREQUESTED_2
18:11:50.122 (index):813 NODEACCESSRELEASED_11
18:11:50.164 (index):843 NODEACCESSREQUESTED_9
18:11:50.367 (index):831 UPDATE_3
18:11:50.368 (index):831 UPDATE_4
18:11:50.384 (index):843 NODEACCESSREQUESTED_10
18:11:50.468 (index):813 NODEACCESSRELEASED_3
18:11:50.469 (index):823 THINKING_4
18:11:50.539 (index):831 UPDATE_7
18:11:50.640 (index):823 THINKING_7
18:11:50.909 (index):843 NODEACCESSREQUESTED_5
18:11:51.226 (index):861 WAITING_12
18:11:51.228 (index):831 UPDATE_6
18:11:51.229 (index):831 UPDATE_2
18:11:51.230 (index):843 NODEACCESSREQUESTED_11
18:11:51.231 (index):831 UPDATE_0
18:11:51.232 (index):831 UPDATE_9
18:11:52.226 (index):813 NODEACCESSRELEASED_6
18:11:52.228 (index):813 NODEACCESSRELEASED_2
18:11:52.229 (index):823 THINKING_0
18:11:52.231 (index):813 NODEACCESSRELEASED_9
18:11:52.232 (index):831 UPDATE_10
18:11:52.233 (index):843 NODEACCESSREQUESTED_3
18:11:52.234 (index):831 UPDATE_5
18:11:53.227 (index):861 WAITING_12
18:11:53.230 (index):831 UPDATE_11
18:11:53.231 (index):823 THINKING_10
18:11:53.233 (index):823 THINKING_5
18:11:53.234 (index):831 UPDATE_4
18:11:53.235 (index):831 UPDATE_1
18:11:54.227 (index):843 NODEACCESSREQUESTED_6
18:11:54.229 (index):843 NODEACCESSREQUESTED_2
18:11:54.230 (index):843 NODEACCESSREQUESTED_9
18:11:54.231 (index):831 UPDATE_3
18:11:54.232 (index):831 UPDATE_8
18:11:54.233 (index):823 THINKING_11
18:11:54.234 (index):813 NODEACCESSRELEASED_4
18:11:54.235 (index):813 NODEACCESSRELEASED_1
18:11:55.226 (index):861 WAITING_12
18:11:55.228 (index):813 NODEACCESSRELEASED_3
18:11:55.231 (index):813 NODEACCESSRELEASED_8
18:11:56.226 (index):831 UPDATE_6
18:11:56.228 (index):831 UPDATE_2
18:11:56.229 (index):831 UPDATE_9
18:11:56.230 (index):843 NODEACCESSREQUESTED_4
18:11:56.232 (index):843 NODEACCESSREQUESTED_1
18:11:56.233 (index):831 UPDATE_7
18:11:57.226 (index):861 WAITING_12
18:11:57.227 (index):843 NODEACCESSREQUESTED_3
18:11:57.228 (index):843 NODEACCESSREQUESTED_8
18:11:57.229 (index):823 THINKING_6
18:11:57.230 (index):823 THINKING_2
18:11:57.231 (index):813 NODEACCESSRELEASED_9
18:11:57.232 (index):813 NODEACCESSRELEASED_7
18:11:57.233 (index):831 UPDATE_0
18:11:58.226 (index):831 UPDATE_4
18:11:58.228 (index):831 UPDATE_1
18:11:58.229 (index):813 NODEACCESSRELEASED_0
18:11:58.230 (index):831 UPDATE_5
18:11:58.231 (index):831 UPDATE_10
18:11:59.226 (index):861 WAITING_12
18:11:59.227 (index):831 UPDATE_3
18:11:59.228 (index):831 UPDATE_8
18:11:59.229 (index):843 NODEACCESSREQUESTED_9
18:11:59.230 (index):843 NODEACCESSREQUESTED_7
18:11:59.231 (index):823 THINKING_4
18:11:59.232 (index):823 THINKING_1
18:11:59.232 (index):823 THINKING_5
18:11:59.233 (index):813 NODEACCESSRELEASED_10
18:11:59.234 (index):831 UPDATE_11
18:12:00.226 (index):843 NODEACCESSREQUESTED_0
18:12:00.227 (index):813 NODEACCESSRELEASED_3
18:12:00.228 (index):813 NODEACCESSRELEASED_8
18:12:00.229 (index):813 NODEACCESSRELEASED_11
18:12:00.229 (index):831 UPDATE_6
18:12:00.231 (index):831 UPDATE_2
18:12:01.226 (index):861 WAITING_12
18:12:01.228 (index):831 UPDATE_9
18:12:01.229 (index):831 UPDATE_7
18:12:01.230 (index):843 NODEACCESSREQUESTED_10
18:12:01.232 (index):823 THINKING_6
18:12:01.233 (index):823 THINKING_2
18:12:02.228 (index):831 UPDATE_0
18:12:02.230 (index):843 NODEACCESSREQUESTED_3
18:12:02.231 (index):843 NODEACCESSREQUESTED_8
18:12:02.233 (index):843 NODEACCESSREQUESTED_11
18:12:02.234 (index):831 UPDATE_5
18:12:02.235 (index):823 THINKING_9
18:12:02.236 (index):813 NODEACCESSRELEASED_7
18:12:02.237 (index):831 UPDATE_1
18:12:02.238 (index):861 WAITING_12
18:12:03.226 (index):831 UPDATE_10
18:12:03.227 (index):823 THINKING_0
18:12:03.228 (index):813 NODEACCESSRELEASED_5
18:12:03.228 (index):813 NODEACCESSRELEASED_1
18:12:04.227 (index):831 UPDATE_3
18:12:04.228 (index):831 UPDATE_8
18:12:04.230 (index):831 UPDATE_11
18:12:04.231 (index):843 NODEACCESSREQUESTED_7
18:12:04.233 (index):861 WAITING_12
18:12:04.235 (index):823 THINKING_10
18:12:04.236 (index):831 UPDATE_4
18:12:04.238 (index):831 UPDATE_2
18:12:04.239 (index):831 UPDATE_6
18:12:05.227 (index):843 NODEACCESSREQUESTED_5
18:12:05.229 (index):843 NODEACCESSREQUESTED_1
18:12:05.231 (index):813 NODEACCESSRELEASED_3
18:12:05.232 (index):823 THINKING_8
18:12:05.233 (index):813 NODEACCESSRELEASED_11
18:12:05.235 (index):823 THINKING_4
18:12:05.236 (index):823 THINKING_2
18:12:05.238 (index):813 NODEACCESSRELEASED_6
18:12:06.226 (index):831 UPDATE_7
18:12:06.228 (index):861 WAITING_12
18:12:06.229 (index):831 UPDATE_9
18:12:06.231 (index):831 UPDATE_0
18:12:07.228 (index):831 UPDATE_5
18:12:07.229 (index):831 UPDATE_1
18:12:07.231 (index):843 NODEACCESSREQUESTED_3
18:12:07.232 (index):843 NODEACCESSREQUESTED_11
18:12:07.233 (index):843 NODEACCESSREQUESTED_6
18:12:07.233 (index):813 NODEACCESSRELEASED_7
18:12:07.234 (index):813 NODEACCESSRELEASED_9
18:12:07.235 (index):813 NODEACCESSRELEASED_0
18:12:08.226 (index):861 WAITING_12
18:12:08.228 (index):823 THINKING_5
18:12:08.231 (index):823 THINKING_1
18:12:08.233 (index):831 UPDATE_10
18:12:09.226 (index):831 UPDATE_3
18:12:09.227 (index):831 UPDATE_11
18:12:09.229 (index):831 UPDATE_6
18:12:09.230 (index):843 NODEACCESSREQUESTED_7
18:12:09.231 (index):843 NODEACCESSREQUESTED_9
18:12:09.233 (index):843 NODEACCESSREQUESTED_0
18:12:09.234 (index):813 NODEACCESSRELEASED_10
18:12:09.235 (index):831 UPDATE_8
18:12:09.236 (index):831 UPDATE_4
18:12:10.227 (index):861 WAITING_12
18:12:10.228 (index):823 THINKING_3
18:12:10.230 (index):813 NODEACCESSRELEASED_11
18:12:10.230 (index):813 NODEACCESSRELEASED_6
18:12:10.231 (index):813 NODEACCESSRELEASED_8
18:12:10.233 (index):823 THINKING_4
18:12:10.234 (index):831 UPDATE_2
18:12:11.226 (index):831 UPDATE_7
18:12:11.227 (index):831 UPDATE_9
18:12:11.229 (index):831 UPDATE_0
18:12:11.230 (index):843 NODEACCESSREQUESTED_10
18:12:11.231 (index):813 NODEACCESSRELEASED_2
18:12:11.233 (index):831 UPDATE_1
18:12:12.226 (index):861 WAITING_12
18:12:12.228 (index):843 NODEACCESSREQUESTED_11
18:12:12.229 (index):843 NODEACCESSREQUESTED_6
18:12:12.231 (index):843 NODEACCESSREQUESTED_8
18:12:12.232 (index):813 NODEACCESSRELEASED_7
18:12:12.233 (index):813 NODEACCESSRELEASED_9
18:12:12.234 (index):813 NODEACCESSRELEASED_0
18:12:12.234 (index):823 THINKING_1
18:12:13.226 (index):831 UPDATE_10
18:12:13.228 (index):843 NODEACCESSREQUESTED_2
18:12:13.229 (index):831 UPDATE_3
18:12:13.231 (index):831 UPDATE_4
18:12:13.231 (index):831 UPDATE_5
18:12:14.226 (index):861 WAITING_12
18:12:14.227 (index):831 UPDATE_11
18:12:14.228 (index):831 UPDATE_6
18:12:14.230 (index):831 UPDATE_8
18:12:14.231 (index):843 NODEACCESSREQUESTED_7
18:12:14.232 (index):843 NODEACCESSREQUESTED_9
18:12:14.233 (index):843 NODEACCESSREQUESTED_0
18:12:14.234 (index):823 THINKING_10
18:12:14.235 (index):813 NODEACCESSRELEASED_3
18:12:14.236 (index):813 NODEACCESSRELEASED_4
18:12:14.237 (index):813 NODEACCESSRELEASED_5
18:12:15.226 (index):831 UPDATE_2
18:12:15.228 (index):823 THINKING_11
18:12:15.229 (index):813 NODEACCESSRELEASED_6
18:12:15.230 (index):813 NODEACCESSRELEASED_8
18:12:16.227 (index):861 WAITING_12
18:12:16.228 (index):831 UPDATE_7
18:12:16.230 (index):831 UPDATE_9
18:12:16.231 (index):831 UPDATE_0
18:12:16.231 (index):843 NODEACCESSREQUESTED_3
18:12:16.232 (index):843 NODEACCESSREQUESTED_4
18:12:16.232 (index):843 NODEACCESSREQUESTED_5
18:12:16.233 (index):813 NODEACCESSRELEASED_2
18:12:17.226 (index):843 NODEACCESSREQUESTED_6
18:12:17.228 (index):843 NODEACCESSREQUESTED_8
18:12:17.229 (index):813 NODEACCESSRELEASED_7
18:12:17.231 (index):823 THINKING_9
18:12:17.232 (index):823 THINKING_0
18:12:17.234 (index):831 UPDATE_1
18:12:18.226 (index):861 WAITING_12
18:12:18.227 (index):831 UPDATE_3
18:12:18.228 (index):831 UPDATE_4
18:12:18.229 (index):831 UPDATE_5
18:12:18.230 (index):843 NODEACCESSREQUESTED_2
18:12:18.232 (index):823 THINKING_1
18:12:19.227 (index):831 UPDATE_6
18:12:19.228 (index):831 UPDATE_8
18:12:19.230 (index):843 NODEACCESSREQUESTED_7
18:12:19.232 (index):813 NODEACCESSRELEASED_3
18:12:19.233 (index):813 NODEACCESSRELEASED_4
18:12:19.234 (index):813 NODEACCESSRELEASED_5
18:12:19.235 (index):831 UPDATE_11
18:12:19.236 (index):831 UPDATE_10
18:12:20.226 (index):861 WAITING_12
18:12:20.228 (index):831 UPDATE_2
18:12:20.229 (index):813 NODEACCESSRELEASED_6
18:12:20.231 (index):813 NODEACCESSRELEASED_8
18:12:20.232 (index):813 NODEACCESSRELEASED_11
18:12:20.233 (index):813 NODEACCESSRELEASED_10
18:12:21.226 (index):831 UPDATE_7
18:12:21.227 (index):843 NODEACCESSREQUESTED_3
18:12:21.228 (index):843 NODEACCESSREQUESTED_4
18:12:21.228 (index):843 NODEACCESSREQUESTED_5
18:12:21.229 (index):813 NODEACCESSRELEASED_2
18:12:21.230 (index):831 UPDATE_9
18:12:22.226 (index):861 WAITING_12
18:12:22.228 (index):831 UPDATE_0
18:12:22.229 (index):843 NODEACCESSREQUESTED_6
18:12:22.231 (index):843 NODEACCESSREQUESTED_8
18:12:22.232 (index):843 NODEACCESSREQUESTED_11
18:12:22.233 (index):843 NODEACCESSREQUESTED_10
18:12:22.234 (index):823 THINKING_7
18:12:22.235 (index):813 NODEACCESSRELEASED_9
18:12:23.226 (index):831 UPDATE_3
18:12:23.227 (index):831 UPDATE_4
18:12:23.229 (index):831 UPDATE_5
18:12:23.231 (index):843 NODEACCESSREQUESTED_2
18:12:23.233 (index):813 NODEACCESSRELEASED_0
18:12:23.234 (index):831 UPDATE_1
18:12:24.226 (index):861 WAITING_12
18:12:24.227 (index):831 UPDATE_6
18:12:24.228 (index):831 UPDATE_8
18:12:24.228 (index):831 UPDATE_11
18:12:24.229 (index):831 UPDATE_10
18:12:24.230 (index):843 NODEACCESSREQUESTED_9
18:12:24.231 (index):823 THINKING_3
18:12:24.232 (index):823 THINKING_4
18:12:24.234 (index):813 NODEACCESSRELEASED_5
18:12:24.235 (index):813 NODEACCESSRELEASED_1
18:12:25.226 (index):831 UPDATE_2
18:12:25.227 (index):843 NODEACCESSREQUESTED_0
18:12:25.228 (index):813 NODEACCESSRELEASED_6
18:12:25.229 (index):813 NODEACCESSRELEASED_8
18:12:25.230 (index):813 NODEACCESSRELEASED_11
18:12:25.231 (index):813 NODEACCESSRELEASED_10
18:12:26.226 (index):861 WAITING_12
18:12:26.227 (index):831 UPDATE_9
18:12:26.227 (index):843 NODEACCESSREQUESTED_5
18:12:26.228 (index):843 NODEACCESSREQUESTED_1
18:12:26.229 (index):813 NODEACCESSRELEASED_2
18:12:26.230 (index):831 UPDATE_7
18:12:27.230 (index):831 UPDATE_0
18:12:27.231 (index):843 NODEACCESSREQUESTED_6
18:12:27.233 (index):843 NODEACCESSREQUESTED_8
18:12:27.234 (index):843 NODEACCESSREQUESTED_11
18:12:27.234 (index):843 NODEACCESSREQUESTED_10
18:12:27.235 (index):813 NODEACCESSRELEASED_9
18:12:27.236 (index):813 NODEACCESSRELEASED_7
18:12:27.236 (index):831 UPDATE_3
18:12:27.237 (index):861 WAITING_12
18:12:27.238 (index):831 UPDATE_5
18:12:27.238 (index):831 UPDATE_1
18:12:27.239 (index):843 NODEACCESSREQUESTED_2
18:12:28.226 (index):813 NODEACCESSRELEASED_0
18:12:28.228 (index):813 NODEACCESSRELEASED_3
18:12:28.229 (index):813 NODEACCESSRELEASED_5
18:12:28.230 (index):823 THINKING_1
18:12:29.226 (index):831 UPDATE_6
18:12:29.227 (index):831 UPDATE_8
18:12:29.229 (index):831 UPDATE_11
18:12:29.231 (index):831 UPDATE_10
18:12:29.232 (index):843 NODEACCESSREQUESTED_9
18:12:29.233 (index):843 NODEACCESSREQUESTED_7
18:12:29.235 (index):861 WAITING_12
18:12:29.236 (index):831 UPDATE_2
18:12:29.238 (index):831 UPDATE_4
18:12:30.227 (index):843 NODEACCESSREQUESTED_0
18:12:30.229 (index):843 NODEACCESSREQUESTED_3
18:12:30.230 (index):843 NODEACCESSREQUESTED_5
18:12:30.231 (index):872 END_6
18:12:30.233 (index):813 NODEACCESSRELEASED_8
18:12:30.234 (index):823 THINKING_11
18:12:30.235 (index):813 NODEACCESSRELEASED_10
18:12:30.236 (index):872 END_2
18:12:30.237 (index):872 END_4
18:12:31.226 (index):831 UPDATE_9
18:12:31.227 (index):831 UPDATE_7
18:12:31.228 (index):861 WAITING_12
18:12:31.229 (index):831 UPDATE_1
18:12:32.226 (index):831 UPDATE_0
18:12:32.228 (index):831 UPDATE_3
18:12:32.229 (index):831 UPDATE_5
18:12:32.230 (index):843 NODEACCESSREQUESTED_8
18:12:32.231 (index):843 NODEACCESSREQUESTED_10
18:12:32.232 (index):813 NODEACCESSRELEASED_9
18:12:32.233 (index):872 END_7
18:12:32.235 (index):813 NODEACCESSRELEASED_1
18:12:33.226 (index):861 WAITING_12
18:12:33.227 (index):813 NODEACCESSRELEASED_0
18:12:33.229 (index):872 END_3
18:12:33.230 (index):872 END_5
18:12:34.226 (index):831 UPDATE_8
18:12:34.228 (index):831 UPDATE_10
18:12:34.229 (index):843 NODEACCESSREQUESTED_9
18:12:34.231 (index):843 NODEACCESSREQUESTED_1
18:12:34.233 (index):831 UPDATE_11
18:12:35.226 (index):861 WAITING_12
18:12:35.227 (index):843 NODEACCESSREQUESTED_0
18:12:35.228 (index):813 NODEACCESSRELEASED_8
18:12:35.229 (index):872 END_10
18:12:35.229 (index):872 END_11
18:12:36.226 (index):831 UPDATE_9
18:12:36.228 (index):831 UPDATE_1
18:12:37.226 (index):861 WAITING_12
18:12:37.227 (index):831 UPDATE_0
18:12:37.228 (index):843 NODEACCESSREQUESTED_8
18:12:37.229 (index):872 END_9
18:12:37.232 (index):872 END_1
18:12:38.228 (index):872 END_0
18:12:38.230 (index):861 WAITING_12
18:12:39.227 (index):831 UPDATE_8
18:12:40.226 (index):861 WAITING_12
18:12:40.228 (index):872 END_8
18:12:42.226 (index):813 NODEACCESSRELEASED_12
18:12:44.228 (index):843 NODEACCESSREQUESTED_12
18:12:46.228 (index):831 UPDATE_12
18:12:47.228 (index):813 NODEACCESSRELEASED_12
18:12:49.226 (index):843 NODEACCESSREQUESTED_12
18:12:51.230 (index):831 UPDATE_12
18:12:52.226 (index):813 NODEACCESSRELEASED_12
18:12:54.226 (index):843 NODEACCESSREQUESTED_12
18:12:56.226 (index):831 UPDATE_12
18:12:57.226 (index):823 THINKING_12
18:13:02.226 (index):831 UPDATE_12
18:13:03.226 (index):813 NODEACCESSRELEASED_12
18:13:05.226 (index):843 NODEACCESSREQUESTED_12
18:13:07.226 (index):831 UPDATE_12
18:13:08.226 (index):813 NODEACCESSRELEASED_12
18:13:10.227 (index):843 NODEACCESSREQUESTED_12
18:13:12.229 (index):831 UPDATE_12
18:13:13.226 (index):813 NODEACCESSRELEASED_12
18:13:15.226 (index):843 NODEACCESSREQUESTED_12
18:13:17.227 (index):831 UPDATE_12
18:13:18.229 (index):813 NODEACCESSRELEASED_12
18:13:20.228 (index):843 NODEACCESSREQUESTED_12
18:13:22.226 (index):831 UPDATE_12
18:13:23.226 (index):813 NODEACCESSRELEASED_12
18:13:25.226 (index):843 NODEACCESSREQUESTED_12
18:13:27.226 (index):831 UPDATE_12
18:13:28.226 (index):813 NODEACCESSRELEASED_12
18:13:30.227 (index):843 NODEACCESSREQUESTED_12
18:13:32.227 (index):831 UPDATE_12
18:13:33.227 (index):823 THINKING_12
18:13:37.227 (index):831 UPDATE_12
18:13:38.228 (index):813 NODEACCESSRELEASED_12
18:13:40.227 (index):843 NODEACCESSREQUESTED_12
18:13:42.228 (index):831 UPDATE_12
18:13:43.226 (index):813 NODEACCESSRELEASED_12
18:13:45.226 (index):843 NODEACCESSREQUESTED_12
18:13:47.227 (index):831 UPDATE_12
18:13:48.226 (index):872 END_12
