18:21:28.228 (index):1269 Tasks: 25; Collaborators: 18    =========================>
18:21:28.229 (index):843 NODEACCESSREQUESTED_0
18:21:28.231 (index):843 NODEACCESSREQUESTED_1
18:21:28.232 (index):843 NODEACCESSREQUESTED_2
18:21:28.234 (index):843 NODEACCESSREQUESTED_3
18:21:28.236 (index):843 NODEACCESSREQUESTED_4
18:21:28.237 (index):843 NODEACCESSREQUESTED_5
18:21:28.239 (index):843 NODEACCESSREQUESTED_6
18:21:28.240 (index):843 NODEACCESSREQUESTED_7
18:21:28.242 (index):843 NODEACCESSREQUESTED_8
18:21:28.242 (index):843 NODEACCESSREQUESTED_9
18:21:28.243 (index):843 NODEACCESSREQUESTED_10
18:21:28.244 (index):843 NODEACCESSREQUESTED_11
18:21:28.244 (index):843 NODEACCESSREQUESTED_12
18:21:28.245 (index):843 NODEACCESSREQUESTED_13
18:21:28.246 (index):843 NODEACCESSREQUESTED_14
18:21:28.246 (index):843 NODEACCESSREQUESTED_15
18:21:28.247 (index):843 NODEACCESSREQUESTED_16
18:21:28.247 (index):843 NODEACCESSREQUESTED_17
18:21:30.226 (index):823 THINKING_0
18:21:30.227 (index):823 THINKING_1
18:21:30.228 (index):813 NODEACCESSRELEASED_2
18:21:30.229 (index):813 NODEACCESSRELEASED_3
18:21:30.230 (index):813 NODEACCESSRELEASED_4
18:21:30.230 (index):813 NODEACCESSRELEASED_5
18:21:30.231 (index):823 THINKING_6
18:21:30.232 (index):813 NODEACCESSRELEASED_7
18:21:30.233 (index):823 THINKING_8
18:21:30.233 (index):813 NODEACCESSRELEASED_9
18:21:30.234 (index):813 NODEACCESSRELEASED_10
18:21:30.234 (index):823 THINKING_11
18:21:30.235 (index):861 WAITING_12
18:21:30.235 (index):861 WAITING_13
18:21:30.236 (index):861 WAITING_14
18:21:30.236 (index):861 WAITING_15
18:21:30.237 (index):861 WAITING_16
18:21:30.237 (index):861 WAITING_17
18:21:32.226 (index):843 NODEACCESSREQUESTED_2
18:21:32.227 (index):843 NODEACCESSREQUESTED_3
18:21:32.228 (index):843 NODEACCESSREQUESTED_4
18:21:32.228 (index):843 NODEACCESSREQUESTED_5
18:21:32.229 (index):843 NODEACCESSREQUESTED_7
18:21:32.229 (index):843 NODEACCESSREQUESTED_9
18:21:32.230 (index):843 NODEACCESSREQUESTED_10
18:21:32.230 (index):861 WAITING_12
18:21:32.231 (index):861 WAITING_13
18:21:32.231 (index):861 WAITING_14
18:21:32.232 (index):861 WAITING_15
18:21:32.232 (index):861 WAITING_16
18:21:32.233 (index):861 WAITING_17
18:21:33.226 (index):831 UPDATE_8
18:21:33.227 (index):831 UPDATE_11
18:21:33.228 (index):831 UPDATE_6
18:21:33.229 (index):831 UPDATE_1
18:21:34.226 (index):831 UPDATE_2
18:21:34.227 (index):831 UPDATE_3
18:21:34.227 (index):831 UPDATE_4
18:21:34.228 (index):831 UPDATE_5
18:21:34.229 (index):831 UPDATE_7
18:21:34.230 (index):831 UPDATE_9
18:21:34.230 (index):831 UPDATE_10
18:21:34.231 (index):861 WAITING_12
18:21:34.231 (index):861 WAITING_13
18:21:34.232 (index):861 WAITING_14
18:21:34.232 (index):861 WAITING_15
18:21:34.233 (index):861 WAITING_16
18:21:34.233 (index):861 WAITING_17
18:21:34.234 (index):823 THINKING_8
18:21:34.234 (index):823 THINKING_11
18:21:34.235 (index):813 NODEACCESSRELEASED_6
18:21:34.235 (index):813 NODEACCESSRELEASED_1
18:21:35.226 (index):813 NODEACCESSRELEASED_2
18:21:35.228 (index):813 NODEACCESSRELEASED_3
18:21:35.229 (index):813 NODEACCESSRELEASED_4
18:21:35.230 (index):823 THINKING_5
18:21:35.232 (index):813 NODEACCESSRELEASED_7
18:21:35.233 (index):823 THINKING_9
18:21:35.234 (index):823 THINKING_10
18:21:35.235 (index):831 UPDATE_0
18:21:36.226 (index):861 WAITING_12
18:21:36.227 (index):861 WAITING_13
18:21:36.228 (index):861 WAITING_14
18:21:36.228 (index):861 WAITING_15
18:21:36.229 (index):861 WAITING_16
18:21:36.229 (index):861 WAITING_17
18:21:36.230 (index):843 NODEACCESSREQUESTED_6
18:21:36.231 (index):843 NODEACCESSREQUESTED_1
18:21:36.233 (index):813 NODEACCESSRELEASED_0
18:21:37.226 (index):843 NODEACCESSREQUESTED_2
18:21:37.228 (index):843 NODEACCESSREQUESTED_3
18:21:37.229 (index):843 NODEACCESSREQUESTED_4
18:21:37.230 (index):843 NODEACCESSREQUESTED_7
18:21:38.226 (index):861 WAITING_12
18:21:38.227 (index):861 WAITING_13
18:21:38.228 (index):861 WAITING_14
18:21:38.229 (index):861 WAITING_15
18:21:38.231 (index):861 WAITING_16
18:21:38.232 (index):861 WAITING_17
18:21:38.233 (index):831 UPDATE_6
18:21:38.234 (index):831 UPDATE_1
18:21:38.235 (index):843 NODEACCESSREQUESTED_0
18:21:38.236 (index):831 UPDATE_10
18:21:38.237 (index):831 UPDATE_11
18:21:38.237 (index):831 UPDATE_5
18:21:39.226 (index):831 UPDATE_2
18:21:39.227 (index):831 UPDATE_3
18:21:39.227 (index):831 UPDATE_4
18:21:39.228 (index):831 UPDATE_7
18:21:39.229 (index):813 NODEACCESSRELEASED_6
18:21:39.229 (index):823 THINKING_1
18:21:39.230 (index):813 NODEACCESSRELEASED_10
18:21:39.231 (index):813 NODEACCESSRELEASED_11
18:21:39.232 (index):813 NODEACCESSRELEASED_5
18:21:39.232 (index):831 UPDATE_8
18:21:40.226 (index):861 WAITING_12
18:21:40.227 (index):861 WAITING_13
18:21:40.228 (index):861 WAITING_14
18:21:40.229 (index):861 WAITING_15
18:21:40.229 (index):861 WAITING_16
18:21:40.230 (index):861 WAITING_17
18:21:40.231 (index):831 UPDATE_0
18:21:40.231 (index):813 NODEACCESSRELEASED_2
18:21:40.232 (index):823 THINKING_3
18:21:40.233 (index):813 NODEACCESSRELEASED_4
18:21:40.234 (index):813 NODEACCESSRELEASED_7
18:21:40.235 (index):813 NODEACCESSRELEASED_8
18:21:40.236 (index):831 UPDATE_9
18:21:41.226 (index):843 NODEACCESSREQUESTED_6
18:21:41.227 (index):843 NODEACCESSREQUESTED_10
18:21:41.227 (index):843 NODEACCESSREQUESTED_11
18:21:41.228 (index):843 NODEACCESSREQUESTED_5
18:21:41.229 (index):813 NODEACCESSRELEASED_0
18:21:41.230 (index):823 THINKING_9
18:21:42.227 (index):861 WAITING_12
18:21:42.229 (index):861 WAITING_13
18:21:42.230 (index):861 WAITING_14
18:21:42.231 (index):861 WAITING_15
18:21:42.233 (index):861 WAITING_16
18:21:42.234 (index):861 WAITING_17
18:21:42.234 (index):843 NODEACCESSREQUESTED_2
18:21:42.235 (index):843 NODEACCESSREQUESTED_4
18:21:42.235 (index):843 NODEACCESSREQUESTED_7
18:21:42.236 (index):843 NODEACCESSREQUESTED_8
18:21:42.236 (index):831 UPDATE_6
18:21:43.226 (index):831 UPDATE_10
18:21:43.227 (index):831 UPDATE_11
18:21:43.227 (index):831 UPDATE_5
18:21:43.228 (index):843 NODEACCESSREQUESTED_0
18:21:43.229 (index):813 NODEACCESSRELEASED_6
18:21:43.229 (index):831 UPDATE_1
18:21:44.226 (index):861 WAITING_12
18:21:44.227 (index):861 WAITING_13
18:21:44.227 (index):861 WAITING_14
18:21:44.228 (index):861 WAITING_15
18:21:44.229 (index):861 WAITING_16
18:21:44.229 (index):861 WAITING_17
18:21:44.230 (index):831 UPDATE_2
18:21:44.231 (index):831 UPDATE_4
18:21:44.232 (index):831 UPDATE_7
18:21:44.233 (index):831 UPDATE_8
18:21:44.233 (index):823 THINKING_10
18:21:44.234 (index):813 NODEACCESSRELEASED_11
18:21:44.235 (index):823 THINKING_5
18:21:44.236 (index):823 THINKING_1
18:21:44.236 (index):831 UPDATE_9
18:21:45.226 (index):831 UPDATE_0
18:21:45.227 (index):843 NODEACCESSREQUESTED_6
18:21:45.228 (index):823 THINKING_2
18:21:45.229 (index):813 NODEACCESSRELEASED_4
18:21:45.229 (index):823 THINKING_7
18:21:45.230 (index):823 THINKING_8
18:21:45.231 (index):813 NODEACCESSRELEASED_9
18:21:45.232 (index):831 UPDATE_3
18:21:46.227 (index):861 WAITING_12
18:21:46.228 (index):861 WAITING_13
18:21:46.228 (index):861 WAITING_14
18:21:46.229 (index):861 WAITING_15
18:21:46.230 (index):861 WAITING_16
18:21:46.230 (index):861 WAITING_17
18:21:46.231 (index):843 NODEACCESSREQUESTED_11
18:21:46.232 (index):823 THINKING_0
18:21:46.233 (index):813 NODEACCESSRELEASED_3
18:21:47.226 (index):831 UPDATE_6
18:21:47.227 (index):843 NODEACCESSREQUESTED_4
18:21:47.227 (index):843 NODEACCESSREQUESTED_9
18:21:47.228 (index):831 UPDATE_10
18:21:48.227 (index):861 WAITING_12
18:21:48.228 (index):861 WAITING_13
18:21:48.228 (index):861 WAITING_14
18:21:48.229 (index):861 WAITING_15
18:21:48.230 (index):861 WAITING_16
18:21:48.230 (index):861 WAITING_17
18:21:48.231 (index):831 UPDATE_11
18:21:48.231 (index):843 NODEACCESSREQUESTED_3
18:21:48.232 (index):813 NODEACCESSRELEASED_6
18:21:48.233 (index):813 NODEACCESSRELEASED_10
18:21:48.233 (index):831 UPDATE_5
18:21:48.234 (index):831 UPDATE_7
18:21:48.234 (index):831 UPDATE_2
18:21:49.226 (index):831 UPDATE_4
18:21:49.227 (index):831 UPDATE_9
18:21:49.227 (index):813 NODEACCESSRELEASED_11
18:21:49.228 (index):813 NODEACCESSRELEASED_5
18:21:49.229 (index):813 NODEACCESSRELEASED_7
18:21:49.229 (index):813 NODEACCESSRELEASED_2
18:21:49.230 (index):831 UPDATE_1
18:21:49.231 (index):831 UPDATE_0
18:21:50.226 (index):861 WAITING_12
18:21:50.227 (index):861 WAITING_13
18:21:50.228 (index):861 WAITING_14
18:21:50.228 (index):861 WAITING_15
18:21:50.229 (index):861 WAITING_16
18:21:50.230 (index):861 WAITING_17
18:21:50.231 (index):831 UPDATE_3
18:21:50.232 (index):843 NODEACCESSREQUESTED_6
18:21:50.232 (index):843 NODEACCESSREQUESTED_10
18:21:50.233 (index):813 NODEACCESSRELEASED_4
18:21:50.233 (index):813 NODEACCESSRELEASED_9
18:21:50.234 (index):813 NODEACCESSRELEASED_1
18:21:50.235 (index):823 THINKING_0
18:21:50.236 (index):831 UPDATE_8
18:21:51.226 (index):843 NODEACCESSREQUESTED_11
18:21:51.227 (index):843 NODEACCESSREQUESTED_5
18:21:51.228 (index):843 NODEACCESSREQUESTED_7
18:21:51.229 (index):843 NODEACCESSREQUESTED_2
18:21:51.230 (index):813 NODEACCESSRELEASED_3
18:21:51.231 (index):813 NODEACCESSRELEASED_8
18:21:52.226 (index):861 WAITING_12
18:21:52.227 (index):861 WAITING_13
18:21:52.228 (index):861 WAITING_14
18:21:52.229 (index):861 WAITING_15
18:21:52.229 (index):861 WAITING_16
18:21:52.230 (index):861 WAITING_17
18:21:52.231 (index):831 UPDATE_6
18:21:52.232 (index):831 UPDATE_10
18:21:52.233 (index):843 NODEACCESSREQUESTED_4
18:21:52.234 (index):843 NODEACCESSREQUESTED_9
18:21:52.235 (index):843 NODEACCESSREQUESTED_1
18:21:53.226 (index):831 UPDATE_11
18:21:53.227 (index):831 UPDATE_5
18:21:53.228 (index):831 UPDATE_7
18:21:53.229 (index):831 UPDATE_2
18:21:53.230 (index):843 NODEACCESSREQUESTED_3
18:21:53.231 (index):843 NODEACCESSREQUESTED_8
18:21:53.232 (index):813 NODEACCESSRELEASED_6
18:21:53.234 (index):823 THINKING_10
18:21:54.226 (index):861 WAITING_12
18:21:54.228 (index):861 WAITING_13
18:21:54.229 (index):861 WAITING_14
18:21:54.230 (index):861 WAITING_15
18:21:54.231 (index):861 WAITING_16
18:21:54.232 (index):861 WAITING_17
18:21:54.233 (index):831 UPDATE_4
18:21:54.234 (index):831 UPDATE_9
18:21:54.234 (index):831 UPDATE_1
18:21:54.235 (index):823 THINKING_11
18:21:54.235 (index):823 THINKING_5
18:21:54.236 (index):823 THINKING_7
18:21:54.236 (index):813 NODEACCESSRELEASED_2
18:21:55.226 (index):831 UPDATE_3
18:21:55.227 (index):831 UPDATE_8
18:21:55.228 (index):843 NODEACCESSREQUESTED_6
18:21:55.228 (index):823 THINKING_4
18:21:55.229 (index):813 NODEACCESSRELEASED_9
18:21:55.229 (index):823 THINKING_1
18:21:55.230 (index):831 UPDATE_0
18:21:56.226 (index):861 WAITING_12
18:21:56.227 (index):861 WAITING_13
18:21:56.228 (index):861 WAITING_14
18:21:56.228 (index):861 WAITING_15
18:21:56.229 (index):861 WAITING_16
18:21:56.230 (index):861 WAITING_17
18:21:56.231 (index):843 NODEACCESSREQUESTED_2
18:21:56.231 (index):813 NODEACCESSRELEASED_3
18:21:56.232 (index):813 NODEACCESSRELEASED_8
18:21:56.232 (index):813 NODEACCESSRELEASED_0
18:21:57.226 (index):831 UPDATE_6
18:21:57.227 (index):843 NODEACCESSREQUESTED_9
18:21:58.226 (index):861 WAITING_12
18:21:58.228 (index):861 WAITING_13
18:21:58.228 (index):861 WAITING_14
18:21:58.229 (index):861 WAITING_15
18:21:58.230 (index):861 WAITING_16
18:21:58.232 (index):861 WAITING_17
18:21:58.233 (index):831 UPDATE_2
18:21:58.234 (index):843 NODEACCESSREQUESTED_3
18:21:58.236 (index):843 NODEACCESSREQUESTED_8
18:21:58.238 (index):843 NODEACCESSREQUESTED_0
18:21:58.239 (index):823 THINKING_6
18:21:58.240 (index):831 UPDATE_1
18:21:58.242 (index):831 UPDATE_4
18:21:58.242 (index):831 UPDATE_10
18:21:59.226 (index):831 UPDATE_9
18:21:59.227 (index):823 THINKING_2
18:21:59.227 (index):813 NODEACCESSRELEASED_1
18:21:59.228 (index):813 NODEACCESSRELEASED_4
18:21:59.228 (index):813 NODEACCESSRELEASED_10
18:21:59.229 (index):831 UPDATE_11
18:21:59.229 (index):831 UPDATE_5
18:21:59.230 (index):831 UPDATE_7
18:22:00.226 (index):861 WAITING_12
18:22:00.227 (index):861 WAITING_13
18:22:00.228 (index):861 WAITING_14
18:22:00.229 (index):861 WAITING_15
18:22:00.230 (index):861 WAITING_16
18:22:00.231 (index):861 WAITING_17
18:22:00.232 (index):831 UPDATE_3
18:22:00.233 (index):831 UPDATE_8
18:22:00.234 (index):831 UPDATE_0
18:22:00.234 (index):823 THINKING_9
18:22:00.235 (index):813 NODEACCESSRELEASED_11
18:22:00.235 (index):823 THINKING_5
18:22:00.236 (index):813 NODEACCESSRELEASED_7
18:22:01.226 (index):843 NODEACCESSREQUESTED_1
18:22:01.227 (index):843 NODEACCESSREQUESTED_4
18:22:01.228 (index):843 NODEACCESSREQUESTED_10
18:22:01.228 (index):813 NODEACCESSRELEASED_3
18:22:01.229 (index):823 THINKING_8
18:22:01.230 (index):823 THINKING_0
18:22:01.230 (index):831 UPDATE_6
18:22:02.226 (index):861 WAITING_12
18:22:02.227 (index):861 WAITING_13
18:22:02.228 (index):861 WAITING_14
18:22:02.228 (index):861 WAITING_15
18:22:02.229 (index):861 WAITING_16
18:22:02.230 (index):861 WAITING_17
18:22:02.231 (index):843 NODEACCESSREQUESTED_11
18:22:02.232 (index):843 NODEACCESSREQUESTED_7
18:22:02.233 (index):823 THINKING_6
18:22:02.234 (index):831 UPDATE_2
18:22:03.226 (index):831 UPDATE_1
18:22:03.227 (index):831 UPDATE_4
18:22:03.227 (index):831 UPDATE_10
18:22:03.228 (index):843 NODEACCESSREQUESTED_3
18:22:03.229 (index):831 UPDATE_5
18:22:03.229 (index):823 THINKING_2
18:22:04.226 (index):861 WAITING_12
18:22:04.227 (index):861 WAITING_13
18:22:04.228 (index):861 WAITING_14
18:22:04.228 (index):861 WAITING_15
18:22:04.229 (index):861 WAITING_16
18:22:04.229 (index):861 WAITING_17
18:22:04.230 (index):831 UPDATE_11
18:22:04.231 (index):831 UPDATE_7
18:22:04.231 (index):823 THINKING_1
18:22:04.233 (index):823 THINKING_4
18:22:04.234 (index):823 THINKING_10
18:22:04.236 (index):813 NODEACCESSRELEASED_5
18:22:04.237 (index):831 UPDATE_9
18:22:04.239 (index):831 UPDATE_0
18:22:05.226 (index):831 UPDATE_3
18:22:05.229 (index):813 NODEACCESSRELEASED_11
18:22:05.229 (index):813 NODEACCESSRELEASED_7
18:22:05.230 (index):813 NODEACCESSRELEASED_9
18:22:05.232 (index):813 NODEACCESSRELEASED_0
18:22:05.234 (index):831 UPDATE_8
18:22:05.235 (index):831 UPDATE_6
18:22:06.226 (index):861 WAITING_12
18:22:06.227 (index):861 WAITING_13
18:22:06.228 (index):861 WAITING_14
18:22:06.229 (index):861 WAITING_15
18:22:06.230 (index):861 WAITING_16
18:22:06.231 (index):861 WAITING_17
18:22:06.232 (index):843 NODEACCESSREQUESTED_5
18:22:06.234 (index):813 NODEACCESSRELEASED_3
18:22:06.235 (index):813 NODEACCESSRELEASED_8
18:22:06.235 (index):813 NODEACCESSRELEASED_6
18:22:06.236 (index):831 UPDATE_2
18:22:07.226 (index):843 NODEACCESSREQUESTED_11
18:22:07.227 (index):843 NODEACCESSREQUESTED_7
18:22:07.228 (index):843 NODEACCESSREQUESTED_9
18:22:07.228 (index):843 NODEACCESSREQUESTED_0
18:22:07.229 (index):823 THINKING_2
18:22:07.231 (index):831 UPDATE_1
18:22:08.226 (index):861 WAITING_12
18:22:08.228 (index):861 WAITING_13
18:22:08.229 (index):861 WAITING_14
18:22:08.230 (index):861 WAITING_15
18:22:08.232 (index):861 WAITING_16
18:22:08.233 (index):861 WAITING_17
18:22:08.234 (index):831 UPDATE_5
18:22:08.235 (index):843 NODEACCESSREQUESTED_3
18:22:08.236 (index):843 NODEACCESSREQUESTED_8
18:22:08.238 (index):843 NODEACCESSREQUESTED_6
18:22:08.238 (index):823 THINKING_1
18:22:08.239 (index):831 UPDATE_10
18:22:09.226 (index):831 UPDATE_11
18:22:09.227 (index):831 UPDATE_7
18:22:09.228 (index):831 UPDATE_9
18:22:09.229 (index):831 UPDATE_0
18:22:09.230 (index):823 THINKING_5
18:22:09.231 (index):813 NODEACCESSRELEASED_10
18:22:09.232 (index):831 UPDATE_4
18:22:10.226 (index):861 WAITING_12
18:22:10.227 (index):861 WAITING_13
18:22:10.228 (index):861 WAITING_14
18:22:10.228 (index):861 WAITING_15
18:22:10.229 (index):861 WAITING_16
18:22:10.230 (index):861 WAITING_17
18:22:10.230 (index):831 UPDATE_3
18:22:10.231 (index):831 UPDATE_8
18:22:10.232 (index):831 UPDATE_6
18:22:10.233 (index):813 NODEACCESSRELEASED_11
18:22:10.234 (index):813 NODEACCESSRELEASED_7
18:22:10.235 (index):813 NODEACCESSRELEASED_9
18:22:10.236 (index):813 NODEACCESSRELEASED_0
18:22:10.237 (index):823 THINKING_4
18:22:11.226 (index):843 NODEACCESSREQUESTED_10
18:22:11.228 (index):823 THINKING_3
18:22:11.229 (index):813 NODEACCESSRELEASED_8
18:22:11.231 (index):813 NODEACCESSRELEASED_6
18:22:12.226 (index):861 WAITING_12
18:22:12.227 (index):861 WAITING_13
18:22:12.228 (index):861 WAITING_14
18:22:12.229 (index):861 WAITING_15
18:22:12.229 (index):861 WAITING_16
18:22:12.230 (index):861 WAITING_17
18:22:12.231 (index):843 NODEACCESSREQUESTED_11
18:22:12.232 (index):843 NODEACCESSREQUESTED_7
18:22:12.233 (index):843 NODEACCESSREQUESTED_9
18:22:12.234 (index):843 NODEACCESSREQUESTED_0
18:22:12.234 (index):831 UPDATE_2
18:22:13.226 (index):831 UPDATE_10
18:22:13.227 (index):843 NODEACCESSREQUESTED_8
18:22:13.228 (index):843 NODEACCESSREQUESTED_6
18:22:13.229 (index):813 NODEACCESSRELEASED_2
18:22:13.231 (index):831 UPDATE_1
18:22:14.226 (index):861 WAITING_12
18:22:14.227 (index):861 WAITING_13
18:22:14.229 (index):861 WAITING_14
18:22:14.230 (index):861 WAITING_15
18:22:14.231 (index):861 WAITING_16
18:22:14.232 (index):861 WAITING_17
18:22:14.232 (index):831 UPDATE_11
18:22:14.233 (index):831 UPDATE_7
18:22:14.234 (index):831 UPDATE_9
18:22:14.235 (index):831 UPDATE_0
18:22:14.236 (index):823 THINKING_10
18:22:14.237 (index):823 THINKING_1
18:22:14.237 (index):831 UPDATE_3
18:22:14.238 (index):831 UPDATE_5
18:22:14.238 (index):831 UPDATE_4
18:22:15.226 (index):831 UPDATE_8
18:22:15.227 (index):831 UPDATE_6
18:22:15.227 (index):843 NODEACCESSREQUESTED_2
18:22:15.228 (index):823 THINKING_11
18:22:15.229 (index):813 NODEACCESSRELEASED_7
18:22:15.229 (index):823 THINKING_9
18:22:15.230 (index):823 THINKING_0
18:22:15.231 (index):813 NODEACCESSRELEASED_3
18:22:15.232 (index):813 NODEACCESSRELEASED_5
18:22:15.233 (index):823 THINKING_4
18:22:16.227 (index):861 WAITING_12
18:22:16.229 (index):861 WAITING_13
18:22:16.230 (index):861 WAITING_14
18:22:16.230 (index):861 WAITING_15
18:22:16.231 (index):861 WAITING_16
18:22:16.232 (index):861 WAITING_17
18:22:16.233 (index):813 NODEACCESSRELEASED_8
18:22:16.233 (index):813 NODEACCESSRELEASED_6
18:22:17.226 (index):831 UPDATE_2
18:22:17.227 (index):843 NODEACCESSREQUESTED_7
18:22:17.228 (index):843 NODEACCESSREQUESTED_3
18:22:17.229 (index):843 NODEACCESSREQUESTED_5
18:22:18.226 (index):861 WAITING_12
18:22:18.227 (index):861 WAITING_13
18:22:18.228 (index):861 WAITING_14
18:22:18.229 (index):861 WAITING_15
18:22:18.229 (index):861 WAITING_16
18:22:18.231 (index):861 WAITING_17
18:22:18.232 (index):843 NODEACCESSREQUESTED_8
18:22:18.233 (index):843 NODEACCESSREQUESTED_6
18:22:18.234 (index):813 NODEACCESSRELEASED_2
18:22:18.235 (index):831 UPDATE_4
18:22:19.226 (index):831 UPDATE_7
18:22:19.227 (index):831 UPDATE_3
18:22:19.227 (index):831 UPDATE_5
18:22:19.228 (index):813 NODEACCESSRELEASED_4
18:22:19.229 (index):831 UPDATE_1
18:22:19.230 (index):831 UPDATE_11
18:22:19.231 (index):831 UPDATE_9
18:22:19.232 (index):831 UPDATE_10
18:22:19.233 (index):831 UPDATE_0
18:22:20.226 (index):861 WAITING_12
18:22:20.227 (index):861 WAITING_13
18:22:20.228 (index):861 WAITING_14
18:22:20.228 (index):861 WAITING_15
18:22:20.229 (index):861 WAITING_16
18:22:20.230 (index):861 WAITING_17
18:22:20.231 (index):831 UPDATE_8
18:22:20.232 (index):831 UPDATE_6
18:22:20.233 (index):843 NODEACCESSREQUESTED_2
18:22:20.234 (index):813 NODEACCESSRELEASED_7
18:22:20.235 (index):813 NODEACCESSRELEASED_3
18:22:20.236 (index):813 NODEACCESSRELEASED_5
18:22:20.237 (index):813 NODEACCESSRELEASED_1
18:22:20.238 (index):813 NODEACCESSRELEASED_11
18:22:20.238 (index):813 NODEACCESSRELEASED_9
18:22:20.239 (index):813 NODEACCESSRELEASED_10
18:22:20.239 (index):813 NODEACCESSRELEASED_0
18:22:21.226 (index):843 NODEACCESSREQUESTED_4
18:22:21.227 (index):813 NODEACCESSRELEASED_8
18:22:21.227 (index):813 NODEACCESSRELEASED_6
18:22:22.226 (index):861 WAITING_12
18:22:22.227 (index):861 WAITING_13
18:22:22.228 (index):861 WAITING_14
18:22:22.228 (index):861 WAITING_15
18:22:22.229 (index):861 WAITING_16
18:22:22.230 (index):861 WAITING_17
18:22:22.231 (index):831 UPDATE_2
18:22:22.232 (index):843 NODEACCESSREQUESTED_7
18:22:22.233 (index):843 NODEACCESSREQUESTED_3
18:22:22.234 (index):843 NODEACCESSREQUESTED_5
18:22:22.235 (index):843 NODEACCESSREQUESTED_1
18:22:22.236 (index):843 NODEACCESSREQUESTED_11
18:22:22.237 (index):843 NODEACCESSREQUESTED_9
18:22:22.238 (index):843 NODEACCESSREQUESTED_10
18:22:22.239 (index):843 NODEACCESSREQUESTED_0
18:22:23.227 (index):831 UPDATE_4
18:22:23.229 (index):843 NODEACCESSREQUESTED_8
18:22:23.230 (index):843 NODEACCESSREQUESTED_6
18:22:23.231 (index):813 NODEACCESSRELEASED_2
18:22:23.232 (index):861 WAITING_12
18:22:24.226 (index):861 WAITING_13
18:22:24.227 (index):861 WAITING_14
18:22:24.228 (index):861 WAITING_15
18:22:24.228 (index):861 WAITING_16
18:22:24.229 (index):861 WAITING_17
18:22:24.229 (index):831 UPDATE_7
18:22:24.230 (index):831 UPDATE_3
18:22:24.231 (index):831 UPDATE_5
18:22:24.232 (index):831 UPDATE_1
18:22:24.233 (index):831 UPDATE_11
18:22:24.234 (index):831 UPDATE_9
18:22:24.234 (index):831 UPDATE_10
18:22:24.235 (index):831 UPDATE_0
18:22:24.235 (index):813 NODEACCESSRELEASED_4
18:22:25.226 (index):831 UPDATE_8
18:22:25.228 (index):831 UPDATE_6
18:22:25.229 (index):843 NODEACCESSREQUESTED_2
18:22:25.230 (index):861 WAITING_12
18:22:25.231 (index):823 THINKING_7
18:22:25.232 (index):823 THINKING_3
18:22:25.233 (index):813 NODEACCESSRELEASED_5
18:22:25.234 (index):823 THINKING_1
18:22:25.235 (index):813 NODEACCESSRELEASED_11
18:22:25.236 (index):813 NODEACCESSRELEASED_9
18:22:25.237 (index):813 NODEACCESSRELEASED_10
18:22:25.238 (index):813 NODEACCESSRELEASED_0
18:22:26.226 (index):861 WAITING_13
18:22:26.227 (index):861 WAITING_14
18:22:26.228 (index):861 WAITING_15
18:22:26.229 (index):861 WAITING_16
18:22:26.229 (index):861 WAITING_17
18:22:26.230 (index):843 NODEACCESSREQUESTED_4
18:22:26.232 (index):813 NODEACCESSRELEASED_8
18:22:26.233 (index):813 NODEACCESSRELEASED_6
18:22:27.227 (index):831 UPDATE_2
18:22:27.228 (index):861 WAITING_12
18:22:27.228 (index):843 NODEACCESSREQUESTED_5
18:22:27.229 (index):843 NODEACCESSREQUESTED_11
18:22:27.230 (index):843 NODEACCESSREQUESTED_9
18:22:27.231 (index):843 NODEACCESSREQUESTED_10
18:22:27.233 (index):843 NODEACCESSREQUESTED_0
18:22:28.227 (index):861 WAITING_13
18:22:28.228 (index):861 WAITING_14
18:22:28.229 (index):861 WAITING_15
18:22:28.229 (index):861 WAITING_16
18:22:28.230 (index):861 WAITING_17
18:22:28.230 (index):831 UPDATE_4
18:22:28.231 (index):843 NODEACCESSREQUESTED_8
18:22:28.231 (index):843 NODEACCESSREQUESTED_6
18:22:28.232 (index):813 NODEACCESSRELEASED_2
18:22:28.234 (index):831 UPDATE_1
18:22:28.234 (index):831 UPDATE_3
18:22:29.226 (index):861 WAITING_12
18:22:29.229 (index):831 UPDATE_5
18:22:29.230 (index):831 UPDATE_11
18:22:29.231 (index):831 UPDATE_9
18:22:29.232 (index):831 UPDATE_10
18:22:29.233 (index):831 UPDATE_0
18:22:29.234 (index):823 THINKING_4
18:22:29.235 (index):813 NODEACCESSRELEASED_1
18:22:29.235 (index):813 NODEACCESSRELEASED_3
18:22:29.236 (index):831 UPDATE_7
18:22:30.227 (index):861 WAITING_13
18:22:30.227 (index):861 WAITING_14
18:22:30.228 (index):861 WAITING_15
18:22:30.229 (index):861 WAITING_16
18:22:30.230 (index):861 WAITING_17
18:22:30.232 (index):831 UPDATE_8
18:22:30.233 (index):831 UPDATE_6
18:22:30.234 (index):843 NODEACCESSREQUESTED_2
18:22:30.234 (index):813 NODEACCESSRELEASED_5
18:22:30.235 (index):823 THINKING_11
18:22:30.236 (index):813 NODEACCESSRELEASED_9
18:22:30.236 (index):813 NODEACCESSRELEASED_10
18:22:30.237 (index):813 NODEACCESSRELEASED_0
18:22:30.238 (index):813 NODEACCESSRELEASED_7
18:22:31.226 (index):861 WAITING_12
18:22:31.229 (index):843 NODEACCESSREQUESTED_1
18:22:31.230 (index):843 NODEACCESSREQUESTED_3
18:22:31.231 (index):813 NODEACCESSRELEASED_8
18:22:31.232 (index):872 END_6
18:22:32.226 (index):861 WAITING_13
18:22:32.227 (index):861 WAITING_14
18:22:32.228 (index):861 WAITING_15
18:22:32.229 (index):861 WAITING_16
18:22:32.231 (index):861 WAITING_17
18:22:32.232 (index):831 UPDATE_2
18:22:32.232 (index):843 NODEACCESSREQUESTED_5
18:22:32.233 (index):843 NODEACCESSREQUESTED_9
18:22:32.234 (index):843 NODEACCESSREQUESTED_10
18:22:32.236 (index):843 NODEACCESSREQUESTED_0
18:22:32.237 (index):843 NODEACCESSREQUESTED_7
18:22:33.226 (index):861 WAITING_12
18:22:33.227 (index):831 UPDATE_1
18:22:33.228 (index):831 UPDATE_3
18:22:33.228 (index):843 NODEACCESSREQUESTED_8
18:22:33.229 (index):872 END_2
18:22:34.229 (index):861 WAITING_13
18:22:34.230 (index):861 WAITING_14
18:22:34.231 (index):861 WAITING_15
18:22:34.232 (index):861 WAITING_16
18:22:34.232 (index):861 WAITING_17
18:22:34.233 (index):831 UPDATE_5
18:22:34.234 (index):831 UPDATE_9
18:22:34.235 (index):831 UPDATE_10
18:22:34.236 (index):831 UPDATE_0
18:22:34.236 (index):831 UPDATE_7
18:22:34.237 (index):872 END_1
18:22:34.238 (index):872 END_3
18:22:34.239 (index):831 UPDATE_11
18:22:34.239 (index):831 UPDATE_4
18:22:34.240 (index):861 WAITING_12
18:22:34.241 (index):831 UPDATE_8
18:22:35.226 (index):872 END_5
18:22:35.227 (index):872 END_9
18:22:35.227 (index):872 END_10
18:22:35.228 (index):872 END_0
18:22:35.229 (index):872 END_7
18:22:35.230 (index):872 END_11
18:22:35.232 (index):872 END_4
18:22:35.233 (index):872 END_8
18:22:36.226 (index):861 WAITING_13
18:22:36.227 (index):861 WAITING_14
18:22:36.227 (index):861 WAITING_15
18:22:36.228 (index):861 WAITING_16
18:22:36.228 (index):861 WAITING_17
18:22:36.229 (index):813 NODEACCESSRELEASED_12
18:22:38.226 (index):823 THINKING_13
18:22:38.227 (index):861 WAITING_14
18:22:38.227 (index):861 WAITING_15
18:22:38.228 (index):861 WAITING_16
18:22:38.230 (index):861 WAITING_17
18:22:38.231 (index):843 NODEACCESSREQUESTED_12
18:22:40.226 (index):861 WAITING_14
18:22:40.227 (index):861 WAITING_15
18:22:40.228 (index):861 WAITING_16
18:22:40.228 (index):861 WAITING_17
18:22:40.229 (index):861 WAITING_12
18:22:42.226 (index):861 WAITING_14
18:22:42.227 (index):861 WAITING_15
18:22:42.228 (index):861 WAITING_16
18:22:42.229 (index):861 WAITING_17
18:22:42.229 (index):861 WAITING_12
18:22:43.226 (index):831 UPDATE_13
18:22:44.226 (index):861 WAITING_14
18:22:44.227 (index):861 WAITING_15
18:22:44.229 (index):861 WAITING_16
18:22:44.230 (index):861 WAITING_17
18:22:44.231 (index):861 WAITING_12
18:22:44.232 (index):813 NODEACCESSRELEASED_13
18:22:46.226 (index):823 THINKING_14
18:22:46.227 (index):861 WAITING_15
18:22:46.228 (index):861 WAITING_16
18:22:46.229 (index):861 WAITING_17
18:22:46.229 (index):861 WAITING_12
18:22:46.234 (index):843 NODEACCESSREQUESTED_13
18:22:48.226 (index):861 WAITING_15
18:22:48.227 (index):861 WAITING_16
18:22:48.228 (index):861 WAITING_17
18:22:48.229 (index):861 WAITING_12
18:22:48.231 (index):861 WAITING_13
18:22:49.227 (index):861 WAITING_15
18:22:50.226 (index):861 WAITING_16
18:22:50.227 (index):861 WAITING_17
18:22:50.227 (index):861 WAITING_12
18:22:50.228 (index):861 WAITING_13
18:22:51.226 (index):861 WAITING_15
18:22:51.227 (index):831 UPDATE_14
18:22:52.226 (index):861 WAITING_16
18:22:52.227 (index):861 WAITING_17
18:22:52.228 (index):861 WAITING_12
18:22:52.228 (index):861 WAITING_13
18:22:52.229 (index):813 NODEACCESSRELEASED_14
18:22:53.226 (index):823 THINKING_15
18:22:54.226 (index):861 WAITING_16
18:22:54.227 (index):861 WAITING_17
18:22:54.228 (index):861 WAITING_12
18:22:54.228 (index):861 WAITING_13
18:22:54.229 (index):843 NODEACCESSREQUESTED_14
18:22:56.226 (index):861 WAITING_16
18:22:56.227 (index):861 WAITING_17
18:22:56.228 (index):861 WAITING_12
18:22:56.229 (index):861 WAITING_13
18:22:56.230 (index):861 WAITING_14
18:22:57.226 (index):831 UPDATE_15
18:22:58.227 (index):861 WAITING_16
18:22:58.228 (index):861 WAITING_17
18:22:58.228 (index):861 WAITING_12
18:22:58.229 (index):861 WAITING_13
18:22:58.230 (index):861 WAITING_14
18:22:58.231 (index):813 NODEACCESSRELEASED_15
18:23:00.226 (index):823 THINKING_16
18:23:00.227 (index):861 WAITING_17
18:23:00.228 (index):861 WAITING_12
18:23:00.229 (index):861 WAITING_13
18:23:00.229 (index):861 WAITING_14
18:23:00.230 (index):843 NODEACCESSREQUESTED_15
18:23:02.226 (index):861 WAITING_17
18:23:02.227 (index):861 WAITING_12
18:23:02.228 (index):861 WAITING_13
18:23:02.229 (index):861 WAITING_14
18:23:02.232 (index):861 WAITING_15
18:23:03.226 (index):831 UPDATE_16
18:23:04.228 (index):861 WAITING_17
18:23:04.229 (index):861 WAITING_12
18:23:04.229 (index):861 WAITING_13
18:23:04.230 (index):861 WAITING_14
18:23:04.231 (index):861 WAITING_15
18:23:04.231 (index):813 NODEACCESSRELEASED_16
18:23:06.226 (index):813 NODEACCESSRELEASED_17
18:23:06.227 (index):831 UPDATE_12
18:23:06.228 (index):861 WAITING_13
18:23:06.228 (index):861 WAITING_14
18:23:06.229 (index):861 WAITING_15
18:23:06.230 (index):843 NODEACCESSREQUESTED_16
18:23:07.226 (index):813 NODEACCESSRELEASED_12
18:23:08.226 (index):843 NODEACCESSREQUESTED_17
18:23:08.227 (index):831 UPDATE_13
18:23:08.228 (index):861 WAITING_14
18:23:08.228 (index):861 WAITING_15
18:23:08.229 (index):831 UPDATE_16
18:23:09.226 (index):843 NODEACCESSREQUESTED_12
18:23:09.227 (index):813 NODEACCESSRELEASED_13
18:23:09.228 (index):813 NODEACCESSRELEASED_16
18:23:10.226 (index):831 UPDATE_17
18:23:10.227 (index):831 UPDATE_14
18:23:10.228 (index):861 WAITING_15
18:23:11.226 (index):831 UPDATE_12
18:23:11.227 (index):843 NODEACCESSREQUESTED_13
18:23:11.228 (index):843 NODEACCESSREQUESTED_16
18:23:11.228 (index):813 NODEACCESSRELEASED_17
18:23:11.229 (index):823 THINKING_14
18:23:12.226 (index):861 WAITING_15
18:23:12.227 (index):813 NODEACCESSRELEASED_12
18:23:13.226 (index):831 UPDATE_13
18:23:13.227 (index):831 UPDATE_16
18:23:13.227 (index):843 NODEACCESSREQUESTED_17
18:23:14.226 (index):861 WAITING_15
18:23:14.227 (index):843 NODEACCESSREQUESTED_12
18:23:14.228 (index):813 NODEACCESSRELEASED_13
18:23:14.228 (index):813 NODEACCESSRELEASED_16
18:23:15.226 (index):831 UPDATE_17
18:23:15.227 (index):831 UPDATE_14
18:23:16.226 (index):861 WAITING_15
18:23:16.227 (index):831 UPDATE_12
18:23:16.228 (index):843 NODEACCESSREQUESTED_13
18:23:16.228 (index):843 NODEACCESSREQUESTED_16
18:23:16.229 (index):813 NODEACCESSRELEASED_17
18:23:16.229 (index):813 NODEACCESSRELEASED_14
18:23:17.226 (index):823 THINKING_12
18:23:18.226 (index):831 UPDATE_15
18:23:18.227 (index):831 UPDATE_13
18:23:18.228 (index):831 UPDATE_16
18:23:18.229 (index):843 NODEACCESSREQUESTED_17
18:23:18.230 (index):843 NODEACCESSREQUESTED_14
18:23:19.226 (index):813 NODEACCESSRELEASED_15
18:23:19.228 (index):813 NODEACCESSRELEASED_13
18:23:19.229 (index):823 THINKING_16
18:23:20.226 (index):831 UPDATE_17
18:23:20.227 (index):831 UPDATE_14
18:23:21.226 (index):843 NODEACCESSREQUESTED_15
18:23:21.228 (index):843 NODEACCESSREQUESTED_13
18:23:21.229 (index):813 NODEACCESSRELEASED_17
18:23:21.230 (index):813 NODEACCESSRELEASED_14
18:23:22.226 (index):831 UPDATE_12
18:23:23.226 (index):831 UPDATE_15
18:23:23.227 (index):831 UPDATE_13
18:23:23.228 (index):843 NODEACCESSREQUESTED_17
18:23:23.228 (index):843 NODEACCESSREQUESTED_14
18:23:23.229 (index):813 NODEACCESSRELEASED_12
18:23:24.226 (index):831 UPDATE_16
18:23:24.227 (index):823 THINKING_15
18:23:24.228 (index):813 NODEACCESSRELEASED_13
18:23:25.226 (index):831 UPDATE_17
18:23:25.227 (index):831 UPDATE_14
18:23:25.228 (index):843 NODEACCESSREQUESTED_12
18:23:25.228 (index):823 THINKING_16
18:23:26.226 (index):843 NODEACCESSREQUESTED_13
18:23:26.227 (index):813 NODEACCESSRELEASED_17
18:23:26.228 (index):813 NODEACCESSRELEASED_14
18:23:27.226 (index):831 UPDATE_12
18:23:28.227 (index):831 UPDATE_13
18:23:28.228 (index):843 NODEACCESSREQUESTED_17
18:23:28.230 (index):843 NODEACCESSREQUESTED_14
18:23:28.231 (index):813 NODEACCESSRELEASED_12
18:23:28.234 (index):831 UPDATE_16
18:23:29.226 (index):813 NODEACCESSRELEASED_13
18:23:29.227 (index):823 THINKING_16
18:23:29.227 (index):831 UPDATE_15
18:23:30.226 (index):831 UPDATE_17
18:23:30.227 (index):831 UPDATE_14
18:23:30.228 (index):843 NODEACCESSREQUESTED_12
18:23:30.228 (index):823 THINKING_15
18:23:31.226 (index):843 NODEACCESSREQUESTED_13
18:23:31.227 (index):823 THINKING_17
18:23:31.227 (index):813 NODEACCESSRELEASED_14
18:23:32.227 (index):831 UPDATE_12
18:23:32.228 (index):831 UPDATE_16
18:23:33.228 (index):831 UPDATE_13
18:23:33.229 (index):843 NODEACCESSREQUESTED_14
18:23:33.230 (index):813 NODEACCESSRELEASED_12
18:23:33.231 (index):813 NODEACCESSRELEASED_16
18:23:33.233 (index):831 UPDATE_15
18:23:34.226 (index):813 NODEACCESSRELEASED_13
18:23:34.227 (index):813 NODEACCESSRELEASED_15
18:23:35.226 (index):831 UPDATE_14
18:23:35.227 (index):843 NODEACCESSREQUESTED_12
18:23:35.229 (index):843 NODEACCESSREQUESTED_16
18:23:35.230 (index):831 UPDATE_17
18:23:36.226 (index):843 NODEACCESSREQUESTED_13
18:23:36.227 (index):843 NODEACCESSREQUESTED_15
18:23:36.228 (index):823 THINKING_14
18:23:36.229 (index):813 NODEACCESSRELEASED_17
18:23:37.226 (index):831 UPDATE_12
18:23:37.227 (index):831 UPDATE_16
18:23:38.226 (index):831 UPDATE_13
18:23:38.227 (index):831 UPDATE_15
18:23:38.228 (index):843 NODEACCESSREQUESTED_17
18:23:38.229 (index):813 NODEACCESSRELEASED_12
18:23:38.230 (index):823 THINKING_16
18:23:39.226 (index):813 NODEACCESSRELEASED_13
18:23:39.227 (index):823 THINKING_15
18:23:39.228 (index):831 UPDATE_14
18:23:40.226 (index):831 UPDATE_17
18:23:40.227 (index):843 NODEACCESSREQUESTED_12
18:23:40.228 (index):813 NODEACCESSRELEASED_14
18:23:41.226 (index):843 NODEACCESSREQUESTED_13
18:23:41.227 (index):813 NODEACCESSRELEASED_17
18:23:42.226 (index):831 UPDATE_12
18:23:42.228 (index):843 NODEACCESSREQUESTED_14
18:23:42.229 (index):831 UPDATE_15
18:23:43.226 (index):831 UPDATE_13
18:23:43.227 (index):843 NODEACCESSREQUESTED_17
18:23:43.228 (index):813 NODEACCESSRELEASED_12
18:23:43.228 (index):823 THINKING_15
18:23:43.229 (index):831 UPDATE_16
18:23:44.226 (index):831 UPDATE_14
18:23:44.227 (index):813 NODEACCESSRELEASED_13
18:23:44.229 (index):813 NODEACCESSRELEASED_16
18:23:45.226 (index):831 UPDATE_17
18:23:45.227 (index):843 NODEACCESSREQUESTED_12
18:23:45.229 (index):813 NODEACCESSRELEASED_14
18:23:46.226 (index):843 NODEACCESSREQUESTED_13
18:23:46.227 (index):843 NODEACCESSREQUESTED_16
18:23:46.228 (index):813 NODEACCESSRELEASED_17
18:23:46.229 (index):831 UPDATE_15
18:23:47.226 (index):831 UPDATE_12
18:23:47.227 (index):843 NODEACCESSREQUESTED_14
18:23:47.228 (index):813 NODEACCESSRELEASED_15
18:23:48.226 (index):831 UPDATE_13
18:23:48.227 (index):831 UPDATE_16
18:23:48.227 (index):843 NODEACCESSREQUESTED_17
18:23:48.228 (index):813 NODEACCESSRELEASED_12
18:23:49.226 (index):831 UPDATE_14
18:23:49.227 (index):843 NODEACCESSREQUESTED_15
18:23:49.227 (index):813 NODEACCESSRELEASED_13
18:23:49.228 (index):823 THINKING_16
18:23:50.226 (index):831 UPDATE_17
18:23:50.227 (index):843 NODEACCESSREQUESTED_12
18:23:50.227 (index):823 THINKING_14
18:23:51.226 (index):831 UPDATE_15
18:23:51.227 (index):843 NODEACCESSREQUESTED_13
18:23:51.227 (index):823 THINKING_17
18:23:52.226 (index):831 UPDATE_12
18:23:52.227 (index):823 THINKING_15
18:23:52.227 (index):831 UPDATE_16
18:23:53.226 (index):831 UPDATE_13
18:23:53.227 (index):823 THINKING_12
18:23:53.227 (index):813 NODEACCESSRELEASED_16
18:23:54.226 (index):813 NODEACCESSRELEASED_13
18:23:54.227 (index):831 UPDATE_14
18:23:55.228 (index):843 NODEACCESSREQUESTED_16
18:23:55.229 (index):823 THINKING_14
18:23:55.229 (index):831 UPDATE_17
18:23:55.230 (index):843 NODEACCESSREQUESTED_13
18:23:56.226 (index):813 NODEACCESSRELEASED_17
18:23:57.226 (index):831 UPDATE_16
18:23:57.227 (index):831 UPDATE_13
18:23:57.228 (index):831 UPDATE_15
18:23:57.229 (index):831 UPDATE_12
18:23:58.226 (index):843 NODEACCESSREQUESTED_17
18:23:58.227 (index):813 NODEACCESSRELEASED_16
18:23:58.227 (index):813 NODEACCESSRELEASED_13
18:23:58.228 (index):813 NODEACCESSRELEASED_15
18:23:58.228 (index):813 NODEACCESSRELEASED_12
18:24:00.226 (index):831 UPDATE_17
18:24:00.228 (index):843 NODEACCESSREQUESTED_16
18:24:00.229 (index):843 NODEACCESSREQUESTED_13
18:24:00.230 (index):843 NODEACCESSREQUESTED_15
18:24:00.232 (index):843 NODEACCESSREQUESTED_12
18:24:00.233 (index):831 UPDATE_14
18:24:01.226 (index):823 THINKING_17
18:24:01.227 (index):813 NODEACCESSRELEASED_14
18:24:02.227 (index):831 UPDATE_16
18:24:02.228 (index):831 UPDATE_13
18:24:02.230 (index):831 UPDATE_15
18:24:02.231 (index):831 UPDATE_12
18:24:03.227 (index):843 NODEACCESSREQUESTED_14
18:24:03.228 (index):872 END_16
18:24:03.230 (index):872 END_13
18:24:03.231 (index):823 THINKING_15
18:24:03.232 (index):813 NODEACCESSRELEASED_12
18:24:05.226 (index):831 UPDATE_14
18:24:05.227 (index):843 NODEACCESSREQUESTED_12
18:24:05.229 (index):831 UPDATE_17
18:24:06.226 (index):872 END_14
18:24:06.227 (index):823 THINKING_17
18:24:07.226 (index):831 UPDATE_12
18:24:07.227 (index):831 UPDATE_15
18:24:08.228 (index):872 END_12
18:24:08.229 (index):813 NODEACCESSRELEASED_15
18:24:09.226 (index):831 UPDATE_17
18:24:10.226 (index):843 NODEACCESSREQUESTED_15
18:24:10.227 (index):872 END_17
18:24:12.226 (index):831 UPDATE_15
18:24:13.227 (index):872 END_15
