18:24:13.228 (index):1308 Tasks: 25; Collaborators: 19    =========================>
18:24:13.229 (index):843 NODEACCESSREQUESTED_0
18:24:13.230 (index):843 NODEACCESSREQUESTED_1
18:24:13.231 (index):843 NODEACCESSREQUESTED_2
18:24:13.231 (index):843 NODEACCESSREQUESTED_3
18:24:13.232 (index):843 NODEACCESSREQUESTED_4
18:24:13.233 (index):843 NODEACCESSREQUESTED_5
18:24:13.234 (index):843 NODEACCESSREQUESTED_6
18:24:13.234 (index):843 NODEACCESSREQUESTED_7
18:24:13.235 (index):843 NODEACCESSREQUESTED_8
18:24:13.236 (index):843 NODEACCESSREQUESTED_9
18:24:13.237 (index):843 NODEACCESSREQUESTED_10
18:24:13.238 (index):843 NODEACCESSREQUESTED_11
18:24:13.238 (index):843 NODEACCESSREQUESTED_12
18:24:13.239 (index):843 NODEACCESSREQUESTED_13
18:24:13.240 (index):843 NODEACCESSREQUESTED_14
18:24:13.241 (index):843 NODEACCESSREQUESTED_15
18:24:13.241 (index):843 NODEACCESSREQUESTED_16
18:24:13.242 (index):843 NODEACCESSREQUESTED_17
18:24:13.243 (index):843 NODEACCESSREQUESTED_18
18:24:15.226 (index):823 THINKING_0
18:24:15.227 (index):823 THINKING_1
18:24:15.228 (index):813 NODEACCESSRELEASED_2
18:24:15.229 (index):813 NODEACCESSRELEASED_3
18:24:15.230 (index):813 NODEACCESSRELEASED_4
18:24:15.231 (index):813 NODEACCESSRELEASED_5
18:24:15.232 (index):823 THINKING_6
18:24:15.233 (index):813 NODEACCESSRELEASED_7
18:24:15.234 (index):823 THINKING_8
18:24:15.234 (index):813 NODEACCESSRELEASED_9
18:24:15.235 (index):813 NODEACCESSRELEASED_10
18:24:15.235 (index):823 THINKING_11
18:24:15.236 (index):861 WAITING_12
18:24:15.236 (index):861 WAITING_13
18:24:15.237 (index):861 WAITING_14
18:24:15.237 (index):861 WAITING_15
18:24:15.238 (index):861 WAITING_16
18:24:15.238 (index):861 WAITING_17
18:24:15.238 (index):861 WAITING_18
18:24:17.226 (index):843 NODEACCESSREQUESTED_2
18:24:17.227 (index):843 NODEACCESSREQUESTED_3
18:24:17.227 (index):843 NODEACCESSREQUESTED_4
18:24:17.227 (index):843 NODEACCESSREQUESTED_5
18:24:17.228 (index):843 NODEACCESSREQUESTED_7
18:24:17.228 (index):843 NODEACCESSREQUESTED_9
18:24:17.229 (index):843 NODEACCESSREQUESTED_10
18:24:17.229 (index):861 WAITING_12
18:24:17.230 (index):861 WAITING_13
18:24:17.230 (index):861 WAITING_14
18:24:17.231 (index):861 WAITING_15
18:24:17.231 (index):861 WAITING_16
18:24:17.232 (index):861 WAITING_17
18:24:17.233 (index):861 WAITING_18
18:24:18.226 (index):831 UPDATE_8
18:24:18.227 (index):831 UPDATE_11
18:24:18.228 (index):831 UPDATE_6
18:24:18.229 (index):831 UPDATE_1
18:24:19.226 (index):831 UPDATE_2
18:24:19.227 (index):831 UPDATE_3
18:24:19.228 (index):831 UPDATE_4
18:24:19.228 (index):831 UPDATE_5
18:24:19.229 (index):831 UPDATE_7
18:24:19.230 (index):831 UPDATE_9
18:24:19.231 (index):831 UPDATE_10
18:24:19.232 (index):861 WAITING_12
18:24:19.233 (index):861 WAITING_13
18:24:19.234 (index):861 WAITING_14
18:24:19.235 (index):861 WAITING_15
18:24:19.236 (index):861 WAITING_16
18:24:19.237 (index):861 WAITING_17
18:24:19.238 (index):861 WAITING_18
18:24:19.239 (index):823 THINKING_8
18:24:19.239 (index):823 THINKING_11
18:24:19.240 (index):813 NODEACCESSRELEASED_6
18:24:19.242 (index):813 NODEACCESSRELEASED_1
18:24:20.226 (index):813 NODEACCESSRELEASED_2
18:24:20.227 (index):813 NODEACCESSRELEASED_3
18:24:20.228 (index):813 NODEACCESSRELEASED_4
18:24:20.228 (index):823 THINKING_5
18:24:20.229 (index):813 NODEACCESSRELEASED_7
18:24:20.230 (index):823 THINKING_9
18:24:20.230 (index):823 THINKING_10
18:24:20.231 (index):831 UPDATE_0
18:24:21.226 (index):861 WAITING_12
18:24:21.227 (index):861 WAITING_13
18:24:21.227 (index):861 WAITING_14
18:24:21.228 (index):861 WAITING_15
18:24:21.229 (index):861 WAITING_16
18:24:21.230 (index):861 WAITING_17
18:24:21.231 (index):861 WAITING_18
18:24:21.232 (index):843 NODEACCESSREQUESTED_6
18:24:21.233 (index):843 NODEACCESSREQUESTED_1
18:24:21.235 (index):813 NODEACCESSRELEASED_0
18:24:22.226 (index):843 NODEACCESSREQUESTED_2
18:24:22.227 (index):843 NODEACCESSREQUESTED_3
18:24:22.228 (index):843 NODEACCESSREQUESTED_4
18:24:22.230 (index):843 NODEACCESSREQUESTED_7
18:24:23.226 (index):861 WAITING_12
18:24:23.227 (index):861 WAITING_13
18:24:23.227 (index):861 WAITING_14
18:24:23.229 (index):861 WAITING_15
18:24:23.230 (index):861 WAITING_16
18:24:23.231 (index):861 WAITING_17
18:24:23.232 (index):861 WAITING_18
18:24:23.233 (index):831 UPDATE_6
18:24:23.234 (index):831 UPDATE_1
18:24:23.235 (index):843 NODEACCESSREQUESTED_0
18:24:23.236 (index):831 UPDATE_10
18:24:23.236 (index):831 UPDATE_11
18:24:23.237 (index):831 UPDATE_5
18:24:24.226 (index):831 UPDATE_2
18:24:24.227 (index):831 UPDATE_3
18:24:24.227 (index):831 UPDATE_4
18:24:24.228 (index):831 UPDATE_7
18:24:24.229 (index):813 NODEACCESSRELEASED_6
18:24:24.229 (index):823 THINKING_1
18:24:24.230 (index):813 NODEACCESSRELEASED_10
18:24:24.231 (index):813 NODEACCESSRELEASED_11
18:24:24.232 (index):813 NODEACCESSRELEASED_5
18:24:24.233 (index):831 UPDATE_8
18:24:25.226 (index):861 WAITING_12
18:24:25.227 (index):861 WAITING_13
18:24:25.228 (index):861 WAITING_14
18:24:25.228 (index):861 WAITING_15
18:24:25.229 (index):861 WAITING_16
18:24:25.230 (index):861 WAITING_17
18:24:25.230 (index):861 WAITING_18
18:24:25.231 (index):831 UPDATE_0
18:24:25.231 (index):813 NODEACCESSRELEASED_2
18:24:25.232 (index):823 THINKING_3
18:24:25.232 (index):813 NODEACCESSRELEASED_4
18:24:25.233 (index):813 NODEACCESSRELEASED_7
18:24:25.233 (index):813 NODEACCESSRELEASED_8
18:24:25.234 (index):831 UPDATE_9
18:24:26.226 (index):843 NODEACCESSREQUESTED_6
18:24:26.227 (index):843 NODEACCESSREQUESTED_10
18:24:26.227 (index):843 NODEACCESSREQUESTED_11
18:24:26.228 (index):843 NODEACCESSREQUESTED_5
18:24:26.229 (index):813 NODEACCESSRELEASED_0
18:24:26.229 (index):823 THINKING_9
18:24:27.226 (index):861 WAITING_12
18:24:27.227 (index):861 WAITING_13
18:24:27.228 (index):861 WAITING_14
18:24:27.229 (index):861 WAITING_15
18:24:27.230 (index):861 WAITING_16
18:24:27.230 (index):861 WAITING_17
18:24:27.231 (index):861 WAITING_18
18:24:27.232 (index):843 NODEACCESSREQUESTED_2
18:24:27.233 (index):843 NODEACCESSREQUESTED_4
18:24:27.234 (index):843 NODEACCESSREQUESTED_7
18:24:27.234 (index):843 NODEACCESSREQUESTED_8
18:24:28.226 (index):831 UPDATE_6
18:24:28.227 (index):831 UPDATE_10
18:24:28.227 (index):831 UPDATE_11
18:24:28.228 (index):831 UPDATE_5
18:24:28.229 (index):843 NODEACCESSREQUESTED_0
18:24:28.229 (index):831 UPDATE_1
18:24:29.227 (index):861 WAITING_12
18:24:29.228 (index):861 WAITING_13
18:24:29.229 (index):861 WAITING_14
18:24:29.230 (index):861 WAITING_15
18:24:29.231 (index):861 WAITING_16
18:24:29.232 (index):861 WAITING_17
18:24:29.233 (index):861 WAITING_18
18:24:29.234 (index):831 UPDATE_2
18:24:29.235 (index):831 UPDATE_4
18:24:29.236 (index):831 UPDATE_7
18:24:29.236 (index):831 UPDATE_8
18:24:29.237 (index):813 NODEACCESSRELEASED_6
18:24:29.238 (index):823 THINKING_10
18:24:29.239 (index):813 NODEACCESSRELEASED_11
18:24:29.239 (index):823 THINKING_5
18:24:29.240 (index):823 THINKING_1
18:24:29.240 (index):831 UPDATE_9
18:24:30.226 (index):831 UPDATE_0
18:24:30.227 (index):823 THINKING_2
18:24:30.228 (index):813 NODEACCESSRELEASED_4
18:24:30.230 (index):823 THINKING_7
18:24:30.233 (index):823 THINKING_8
18:24:30.234 (index):813 NODEACCESSRELEASED_9
18:24:30.235 (index):831 UPDATE_3
18:24:31.226 (index):861 WAITING_12
18:24:31.227 (index):861 WAITING_13
18:24:31.229 (index):861 WAITING_14
18:24:31.230 (index):861 WAITING_15
18:24:31.231 (index):861 WAITING_16
18:24:31.232 (index):861 WAITING_17
18:24:31.233 (index):861 WAITING_18
18:24:31.234 (index):843 NODEACCESSREQUESTED_6
18:24:31.235 (index):843 NODEACCESSREQUESTED_11
18:24:31.236 (index):823 THINKING_0
18:24:31.237 (index):813 NODEACCESSRELEASED_3
18:24:32.226 (index):843 NODEACCESSREQUESTED_4
18:24:32.227 (index):843 NODEACCESSREQUESTED_9
18:24:32.227 (index):831 UPDATE_10
18:24:33.226 (index):861 WAITING_12
18:24:33.228 (index):861 WAITING_13
18:24:33.229 (index):861 WAITING_14
18:24:33.230 (index):861 WAITING_15
18:24:33.232 (index):861 WAITING_16
18:24:33.233 (index):861 WAITING_17
18:24:33.234 (index):861 WAITING_18
18:24:33.235 (index):831 UPDATE_6
18:24:33.236 (index):831 UPDATE_11
18:24:33.236 (index):843 NODEACCESSREQUESTED_3
18:24:33.237 (index):813 NODEACCESSRELEASED_10
18:24:33.238 (index):831 UPDATE_5
18:24:33.238 (index):831 UPDATE_7
18:24:33.239 (index):831 UPDATE_2
18:24:34.087 (index):831 UPDATE_4
18:24:34.087 (index):831 UPDATE_9
18:24:34.088 (index):813 NODEACCESSRELEASED_6
18:24:34.088 (index):813 NODEACCESSRELEASED_11
18:24:34.089 (index):813 NODEACCESSRELEASED_5
18:24:34.089 (index):813 NODEACCESSRELEASED_7
18:24:34.090 (index):813 NODEACCESSRELEASED_2
18:24:34.090 (index):831 UPDATE_1
18:24:34.091 (index):831 UPDATE_0
18:24:34.223 (index):813 NODEACCESSRELEASED_4
18:24:34.223 (index):813 NODEACCESSRELEASED_9
18:24:34.224 (index):813 NODEACCESSRELEASED_1
18:24:34.225 (index):823 THINKING_0
18:24:34.228 (index):861 WAITING_12
18:24:34.229 (index):861 WAITING_13
18:24:34.230 (index):861 WAITING_14
18:24:34.232 (index):861 WAITING_15
18:24:34.233 (index):861 WAITING_16
18:24:34.234 (index):861 WAITING_17
18:24:34.235 (index):861 WAITING_18
18:24:34.237 (index):831 UPDATE_3
18:24:34.238 (index):843 NODEACCESSREQUESTED_10
18:24:34.338 (index):813 NODEACCESSRELEASED_3
18:24:34.756 (index):831 UPDATE_8
18:24:34.857 (index):813 NODEACCESSRELEASED_8
18:24:35.088 (index):843 NODEACCESSREQUESTED_6
18:24:35.090 (index):843 NODEACCESSREQUESTED_11
18:24:35.091 (index):843 NODEACCESSREQUESTED_5
18:24:35.092 (index):843 NODEACCESSREQUESTED_7
18:24:35.093 (index):843 NODEACCESSREQUESTED_2
18:24:35.224 (index):843 NODEACCESSREQUESTED_4
18:24:35.224 (index):843 NODEACCESSREQUESTED_9
18:24:35.225 (index):843 NODEACCESSREQUESTED_1
18:24:35.228 (index):861 WAITING_12
18:24:35.230 (index):861 WAITING_13
18:24:35.231 (index):861 WAITING_14
18:24:35.232 (index):861 WAITING_15
18:24:35.234 (index):861 WAITING_16
18:24:35.235 (index):861 WAITING_17
18:24:35.236 (index):861 WAITING_18
18:24:35.238 (index):831 UPDATE_10
18:24:35.339 (index):843 NODEACCESSREQUESTED_3
18:24:35.340 (index):823 THINKING_10
18:24:35.859 (index):843 NODEACCESSREQUESTED_8
18:24:36.090 (index):831 UPDATE_6
18:24:36.091 (index):831 UPDATE_11
18:24:36.092 (index):831 UPDATE_5
18:24:36.093 (index):831 UPDATE_7
18:24:36.094 (index):831 UPDATE_2
18:24:36.191 (index):813 NODEACCESSRELEASED_6
18:24:36.192 (index):823 THINKING_11
18:24:36.193 (index):823 THINKING_5
18:24:36.194 (index):823 THINKING_7
18:24:36.195 (index):813 NODEACCESSRELEASED_2
18:24:36.224 (index):831 UPDATE_4
18:24:36.226 (index):831 UPDATE_9
18:24:36.227 (index):831 UPDATE_1
18:24:36.229 (index):861 WAITING_12
18:24:36.231 (index):861 WAITING_13
18:24:36.233 (index):861 WAITING_14
18:24:36.234 (index):861 WAITING_15
18:24:36.235 (index):861 WAITING_16
18:24:36.236 (index):861 WAITING_17
18:24:36.237 (index):861 WAITING_18
18:24:36.326 (index):823 THINKING_4
18:24:36.327 (index):813 NODEACCESSRELEASED_9
18:24:36.329 (index):823 THINKING_1
18:24:36.340 (index):831 UPDATE_3
18:24:36.441 (index):813 NODEACCESSRELEASED_3
18:24:36.860 (index):831 UPDATE_8
18:24:36.961 (index):813 NODEACCESSRELEASED_8
18:24:37.192 (index):843 NODEACCESSREQUESTED_6
18:24:37.196 (index):843 NODEACCESSREQUESTED_2
18:24:37.231 (index):861 WAITING_12
18:24:37.233 (index):861 WAITING_13
18:24:37.234 (index):861 WAITING_14
18:24:37.235 (index):861 WAITING_15
18:24:37.236 (index):861 WAITING_16
18:24:37.237 (index):861 WAITING_17
18:24:37.238 (index):861 WAITING_18
18:24:37.328 (index):843 NODEACCESSREQUESTED_9
18:24:37.443 (index):843 NODEACCESSREQUESTED_3
18:24:37.963 (index):843 NODEACCESSREQUESTED_8
18:24:38.194 (index):831 UPDATE_6
18:24:38.197 (index):831 UPDATE_2
18:24:38.232 (index):861 WAITING_12
18:24:38.233 (index):861 WAITING_13
18:24:38.235 (index):861 WAITING_14
18:24:38.236 (index):861 WAITING_15
18:24:38.237 (index):861 WAITING_16
18:24:38.238 (index):861 WAITING_17
18:24:38.239 (index):861 WAITING_18
18:24:38.295 (index):823 THINKING_6
18:24:38.299 (index):823 THINKING_2
18:24:38.329 (index):831 UPDATE_9
18:24:38.431 (index):823 THINKING_9
18:24:38.444 (index):831 UPDATE_3
18:24:38.546 (index):813 NODEACCESSRELEASED_3
18:24:38.640 (index):831 UPDATE_1
18:24:38.741 (index):813 NODEACCESSRELEASED_1
18:24:38.764 (index):831 UPDATE_4
18:24:38.865 (index):813 NODEACCESSRELEASED_4
18:24:38.964 (index):831 UPDATE_8
18:24:39.065 (index):823 THINKING_8
18:24:39.167 (index):831 UPDATE_0
18:24:39.233 (index):861 WAITING_12
18:24:39.234 (index):861 WAITING_13
18:24:39.236 (index):861 WAITING_14
18:24:39.237 (index):861 WAITING_15
18:24:39.238 (index):861 WAITING_16
18:24:39.239 (index):861 WAITING_17
18:24:39.240 (index):861 WAITING_18
18:24:39.268 (index):813 NODEACCESSRELEASED_0
18:24:39.547 (index):843 NODEACCESSREQUESTED_3
18:24:39.743 (index):843 NODEACCESSREQUESTED_1
18:24:39.866 (index):843 NODEACCESSREQUESTED_4
18:24:40.004 (index):831 UPDATE_10
18:24:40.105 (index):813 NODEACCESSRELEASED_10
18:24:40.234 (index):861 WAITING_12
18:24:40.235 (index):861 WAITING_13
18:24:40.237 (index):861 WAITING_14
18:24:40.238 (index):861 WAITING_15
18:24:40.239 (index):861 WAITING_16
18:24:40.240 (index):861 WAITING_17
18:24:40.240 (index):861 WAITING_18
18:24:40.269 (index):843 NODEACCESSREQUESTED_0
18:24:40.470 (index):831 UPDATE_11
18:24:40.548 (index):831 UPDATE_3
18:24:40.566 (index):831 UPDATE_6
18:24:40.571 (index):813 NODEACCESSRELEASED_11
18:24:40.649 (index):813 NODEACCESSRELEASED_3
18:24:40.667 (index):823 THINKING_6
18:24:40.743 (index):831 UPDATE_1
18:24:40.775 (index):831 UPDATE_5
18:24:40.832 (index):831 UPDATE_7
18:24:40.844 (index):823 THINKING_1
18:24:40.850 (index):831 UPDATE_2
18:24:40.868 (index):831 UPDATE_4
18:24:40.876 (index):823 THINKING_5
18:24:40.933 (index):813 NODEACCESSRELEASED_7
18:24:40.951 (index):823 THINKING_2
18:24:40.969 (index):823 THINKING_4
18:24:41.106 (index):843 NODEACCESSREQUESTED_10
18:24:41.235 (index):861 WAITING_12
18:24:41.237 (index):861 WAITING_13
18:24:41.238 (index):861 WAITING_14
18:24:41.239 (index):861 WAITING_15
18:24:41.240 (index):861 WAITING_16
18:24:41.241 (index):861 WAITING_17
18:24:41.242 (index):861 WAITING_18
18:24:41.270 (index):831 UPDATE_0
18:24:41.372 (index):823 THINKING_0
18:24:41.542 (index):831 UPDATE_9
18:24:41.593 (index):843 NODEACCESSREQUESTED_11
18:24:41.644 (index):813 NODEACCESSRELEASED_9
18:24:41.651 (index):843 NODEACCESSREQUESTED_3
18:24:41.935 (index):843 NODEACCESSREQUESTED_7
18:24:42.118 (index):831 UPDATE_10
18:24:42.219 (index):823 THINKING_10
18:24:42.237 (index):861 WAITING_12
18:24:42.238 (index):861 WAITING_13
18:24:42.239 (index):861 WAITING_14
18:24:42.240 (index):861 WAITING_15
18:24:42.241 (index):861 WAITING_16
18:24:42.242 (index):861 WAITING_17
18:24:42.243 (index):861 WAITING_18
18:24:42.362 (index):831 UPDATE_8
18:24:42.463 (index):813 NODEACCESSRELEASED_8
18:24:42.593 (index):831 UPDATE_11
18:24:42.646 (index):843 NODEACCESSREQUESTED_9
18:24:42.652 (index):831 UPDATE_3
18:24:42.695 (index):813 NODEACCESSRELEASED_11
18:24:42.752 (index):823 THINKING_3
18:24:42.918 (index):831 UPDATE_5
18:24:42.937 (index):831 UPDATE_7
18:24:43.019 (index):813 NODEACCESSRELEASED_5
18:24:43.038 (index):813 NODEACCESSRELEASED_7
18:24:43.178 (index):831 UPDATE_2
18:24:43.238 (index):861 WAITING_12
18:24:43.239 (index):861 WAITING_13
18:24:43.240 (index):861 WAITING_14
18:24:43.241 (index):861 WAITING_15
18:24:43.242 (index):861 WAITING_16
18:24:43.243 (index):861 WAITING_17
18:24:43.244 (index):861 WAITING_18
18:24:43.279 (index):823 THINKING_2
18:24:43.464 (index):843 NODEACCESSREQUESTED_8
18:24:43.527 (index):831 UPDATE_0
18:24:43.621 (index):831 UPDATE_6
18:24:43.628 (index):813 NODEACCESSRELEASED_0
18:24:43.647 (index):831 UPDATE_9
18:24:43.706 (index):843 NODEACCESSREQUESTED_11
18:24:43.722 (index):813 NODEACCESSRELEASED_6
18:24:43.748 (index):813 NODEACCESSRELEASED_9
18:24:43.774 (index):831 UPDATE_1
18:24:43.875 (index):823 THINKING_1
18:24:44.020 (index):843 NODEACCESSREQUESTED_5
18:24:44.039 (index):843 NODEACCESSREQUESTED_7
18:24:44.239 (index):861 WAITING_12
18:24:44.239 (index):861 WAITING_13
18:24:44.241 (index):861 WAITING_14
18:24:44.242 (index):861 WAITING_15
18:24:44.243 (index):861 WAITING_16
18:24:44.244 (index):861 WAITING_17
18:24:44.245 (index):861 WAITING_18
18:24:44.465 (index):831 UPDATE_8
18:24:44.567 (index):813 NODEACCESSRELEASED_8
18:24:44.630 (index):843 NODEACCESSREQUESTED_0
18:24:44.707 (index):831 UPDATE_11
18:24:44.723 (index):843 NODEACCESSREQUESTED_6
18:24:44.766 (index):843 NODEACCESSREQUESTED_9
18:24:44.808 (index):813 NODEACCESSRELEASED_11
18:24:45.022 (index):831 UPDATE_5
18:24:45.041 (index):831 UPDATE_7
18:24:45.123 (index):823 THINKING_5
18:24:45.141 (index):813 NODEACCESSRELEASED_7
18:24:45.160 (index):831 UPDATE_3
18:24:45.177 (index):831 UPDATE_4
18:24:45.239 (index):861 WAITING_12
18:24:45.240 (index):861 WAITING_13
18:24:45.242 (index):861 WAITING_14
18:24:45.242 (index):861 WAITING_15
18:24:45.243 (index):861 WAITING_16
18:24:45.244 (index):861 WAITING_17
18:24:45.245 (index):861 WAITING_18
18:24:45.260 (index):813 NODEACCESSRELEASED_3
18:24:45.295 (index):823 THINKING_4
18:24:45.568 (index):843 NODEACCESSREQUESTED_8
18:24:45.631 (index):831 UPDATE_0
18:24:45.725 (index):831 UPDATE_6
18:24:45.732 (index):813 NODEACCESSRELEASED_0
18:24:45.767 (index):831 UPDATE_9
18:24:45.828 (index):843 NODEACCESSREQUESTED_11
18:24:45.828 (index):813 NODEACCESSRELEASED_6
18:24:45.868 (index):823 THINKING_9
18:24:46.004 (index):831 UPDATE_10
18:24:46.105 (index):813 NODEACCESSRELEASED_10
18:24:46.142 (index):843 NODEACCESSREQUESTED_7
18:24:46.240 (index):861 WAITING_12
18:24:46.241 (index):861 WAITING_13
18:24:46.242 (index):861 WAITING_14
18:24:46.243 (index):861 WAITING_15
18:24:46.244 (index):861 WAITING_16
18:24:46.245 (index):861 WAITING_17
18:24:46.246 (index):861 WAITING_18
18:24:46.261 (index):843 NODEACCESSREQUESTED_3
18:24:46.569 (index):831 UPDATE_8
18:24:46.671 (index):813 NODEACCESSRELEASED_8
18:24:46.733 (index):843 NODEACCESSREQUESTED_0
18:24:46.828 (index):831 UPDATE_11
18:24:46.829 (index):843 NODEACCESSREQUESTED_6
18:24:46.929 (index):823 THINKING_11
18:24:47.106 (index):843 NODEACCESSREQUESTED_10
18:24:47.144 (index):831 UPDATE_7
18:24:47.242 (index):861 WAITING_12
18:24:47.243 (index):861 WAITING_13
18:24:47.244 (index):861 WAITING_14
18:24:47.245 (index):861 WAITING_15
18:24:47.246 (index):813 NODEACCESSRELEASED_7
18:24:47.247 (index):861 WAITING_16
18:24:47.248 (index):861 WAITING_17
18:24:47.249 (index):861 WAITING_18
18:24:47.263 (index):831 UPDATE_3
18:24:47.363 (index):813 NODEACCESSRELEASED_3
18:24:47.672 (index):843 NODEACCESSREQUESTED_8
18:24:47.735 (index):831 UPDATE_0
18:24:47.830 (index):831 UPDATE_6
18:24:47.836 (index):823 THINKING_0
18:24:47.945 (index):813 NODEACCESSRELEASED_6
18:24:48.107 (index):831 UPDATE_10
18:24:48.134 (index):831 UPDATE_2
18:24:48.208 (index):823 THINKING_10
18:24:48.234 (index):813 NODEACCESSRELEASED_2
18:24:48.243 (index):861 WAITING_12
18:24:48.244 (index):861 WAITING_13
18:24:48.245 (index):861 WAITING_14
18:24:48.246 (index):861 WAITING_15
18:24:48.247 (index):843 NODEACCESSREQUESTED_7
18:24:48.248 (index):861 WAITING_16
18:24:48.249 (index):861 WAITING_17
18:24:48.250 (index):861 WAITING_18
18:24:48.364 (index):843 NODEACCESSREQUESTED_3
18:24:48.485 (index):831 UPDATE_1
18:24:48.586 (index):823 THINKING_1
18:24:48.673 (index):831 UPDATE_8
18:24:48.775 (index):813 NODEACCESSRELEASED_8
18:24:48.946 (index):843 NODEACCESSREQUESTED_6
18:24:49.235 (index):843 NODEACCESSREQUESTED_2
18:24:49.244 (index):861 WAITING_12
18:24:49.245 (index):861 WAITING_13
18:24:49.246 (index):861 WAITING_14
18:24:49.247 (index):861 WAITING_15
18:24:49.248 (index):831 UPDATE_7
18:24:49.249 (index):861 WAITING_16
18:24:49.250 (index):861 WAITING_17
18:24:49.251 (index):861 WAITING_18
18:24:49.254 (index):831 UPDATE_4
18:24:49.348 (index):813 NODEACCESSRELEASED_7
18:24:49.354 (index):823 THINKING_4
18:24:49.366 (index):831 UPDATE_3
18:24:49.466 (index):823 THINKING_3
18:24:49.491 (index):831 UPDATE_9
18:24:49.592 (index):813 NODEACCESSRELEASED_9
18:24:49.776 (index):843 NODEACCESSREQUESTED_8
18:24:49.947 (index):831 UPDATE_6
18:24:50.065 (index):813 NODEACCESSRELEASED_6
18:24:50.066 (index):831 UPDATE_5
18:24:50.166 (index):813 NODEACCESSRELEASED_5
18:24:50.237 (index):831 UPDATE_2
18:24:50.245 (index):861 WAITING_12
18:24:50.245 (index):861 WAITING_13
18:24:50.247 (index):861 WAITING_14
18:24:50.248 (index):861 WAITING_15
18:24:50.249 (index):861 WAITING_16
18:24:50.250 (index):861 WAITING_17
18:24:50.251 (index):861 WAITING_18
18:24:50.314 (index):831 UPDATE_11
18:24:50.337 (index):813 NODEACCESSRELEASED_2
18:24:50.350 (index):843 NODEACCESSREQUESTED_7
18:24:50.421 (index):813 NODEACCESSRELEASED_11
18:24:50.596 (index):843 NODEACCESSREQUESTED_9
18:24:50.777 (index):831 UPDATE_8
18:24:50.878 (index):813 NODEACCESSRELEASED_8
18:24:51.066 (index):843 NODEACCESSREQUESTED_6
18:24:51.167 (index):843 NODEACCESSREQUESTED_5
18:24:51.245 (index):861 WAITING_12
18:24:51.246 (index):861 WAITING_13
18:24:51.248 (index):861 WAITING_14
18:24:51.249 (index):861 WAITING_15
18:24:51.250 (index):861 WAITING_16
18:24:51.251 (index):861 WAITING_17
18:24:51.252 (index):861 WAITING_18
18:24:51.338 (index):843 NODEACCESSREQUESTED_2
18:24:51.351 (index):831 UPDATE_7
18:24:51.422 (index):843 NODEACCESSREQUESTED_11
18:24:51.452 (index):823 THINKING_7
18:24:51.597 (index):831 UPDATE_9
18:24:51.698 (index):813 NODEACCESSRELEASED_9
18:24:51.805 (index):831 UPDATE_3
18:24:51.831 (index):831 UPDATE_0
18:24:51.880 (index):843 NODEACCESSREQUESTED_8
18:24:51.906 (index):813 NODEACCESSRELEASED_3
18:24:51.932 (index):813 NODEACCESSRELEASED_0
18:24:52.067 (index):831 UPDATE_6
18:24:52.120 (index):831 UPDATE_4
18:24:52.168 (index):813 NODEACCESSRELEASED_6
18:24:52.169 (index):831 UPDATE_5
18:24:52.221 (index):813 NODEACCESSRELEASED_4
18:24:52.247 (index):861 WAITING_12
18:24:52.248 (index):861 WAITING_13
18:24:52.249 (index):861 WAITING_14
18:24:52.250 (index):861 WAITING_15
18:24:52.251 (index):861 WAITING_16
18:24:52.252 (index):861 WAITING_17
18:24:52.253 (index):861 WAITING_18
18:24:52.270 (index):813 NODEACCESSRELEASED_5
18:24:52.339 (index):831 UPDATE_2
18:24:52.422 (index):831 UPDATE_11
18:24:52.441 (index):813 NODEACCESSRELEASED_2
18:24:52.523 (index):813 NODEACCESSRELEASED_11
18:24:52.716 (index):843 NODEACCESSREQUESTED_9
18:24:52.779 (index):831 UPDATE_1
18:24:52.880 (index):813 NODEACCESSRELEASED_1
18:24:52.881 (index):831 UPDATE_8
18:24:52.907 (index):843 NODEACCESSREQUESTED_3
18:24:52.933 (index):843 NODEACCESSREQUESTED_0
18:24:52.982 (index):813 NODEACCESSRELEASED_8
18:24:53.093 (index):831 UPDATE_10
18:24:53.169 (index):843 NODEACCESSREQUESTED_6
18:24:53.195 (index):813 NODEACCESSRELEASED_10
18:24:53.222 (index):843 NODEACCESSREQUESTED_4
18:24:53.247 (index):861 WAITING_12
18:24:53.248 (index):861 WAITING_13
18:24:53.249 (index):861 WAITING_14
18:24:53.250 (index):861 WAITING_15
18:24:53.252 (index):861 WAITING_16
18:24:53.253 (index):861 WAITING_17
18:24:53.254 (index):861 WAITING_18
18:24:53.271 (index):843 NODEACCESSREQUESTED_5
18:24:53.442 (index):843 NODEACCESSREQUESTED_2
18:24:53.525 (index):843 NODEACCESSREQUESTED_11
18:24:53.717 (index):831 UPDATE_9
18:24:53.818 (index):813 NODEACCESSRELEASED_9
18:24:53.881 (index):843 NODEACCESSREQUESTED_1
18:24:53.908 (index):831 UPDATE_3
18:24:53.934 (index):831 UPDATE_0
18:24:53.983 (index):843 NODEACCESSREQUESTED_8
18:24:54.021 (index):872 END_3
18:24:54.036 (index):813 NODEACCESSRELEASED_0
18:24:54.170 (index):831 UPDATE_6
18:24:54.195 (index):843 NODEACCESSREQUESTED_10
18:24:54.224 (index):831 UPDATE_4
18:24:54.248 (index):861 WAITING_12
18:24:54.249 (index):861 WAITING_13
18:24:54.250 (index):861 WAITING_14
18:24:54.251 (index):861 WAITING_15
18:24:54.252 (index):861 WAITING_16
18:24:54.253 (index):861 WAITING_17
18:24:54.254 (index):861 WAITING_18
18:24:54.272 (index):872 END_6
18:24:54.273 (index):831 UPDATE_5
18:24:54.325 (index):813 NODEACCESSRELEASED_4
18:24:54.374 (index):813 NODEACCESSRELEASED_5
18:24:54.443 (index):831 UPDATE_2
18:24:54.526 (index):831 UPDATE_11
18:24:54.544 (index):813 NODEACCESSRELEASED_2
18:24:54.627 (index):823 THINKING_11
18:24:54.838 (index):843 NODEACCESSREQUESTED_9
18:24:54.882 (index):831 UPDATE_1
18:24:54.888 (index):831 UPDATE_7
18:24:54.983 (index):823 THINKING_1
18:24:54.985 (index):831 UPDATE_8
18:24:54.989 (index):813 NODEACCESSRELEASED_7
18:24:55.037 (index):843 NODEACCESSREQUESTED_0
18:24:55.086 (index):872 END_8
18:24:55.197 (index):831 UPDATE_10
18:24:55.249 (index):861 WAITING_12
18:24:55.251 (index):861 WAITING_13
18:24:55.252 (index):861 WAITING_14
18:24:55.253 (index):861 WAITING_15
18:24:55.255 (index):861 WAITING_16
18:24:55.256 (index):861 WAITING_17
18:24:55.257 (index):861 WAITING_18
18:24:55.298 (index):813 NODEACCESSRELEASED_10
18:24:55.326 (index):843 NODEACCESSREQUESTED_4
18:24:55.375 (index):843 NODEACCESSREQUESTED_5
18:24:55.545 (index):843 NODEACCESSREQUESTED_2
18:24:55.839 (index):831 UPDATE_9
18:24:55.939 (index):872 END_9
18:24:55.991 (index):843 NODEACCESSREQUESTED_7
18:24:56.038 (index):831 UPDATE_0
18:24:56.139 (index):813 NODEACCESSRELEASED_0
18:24:56.251 (index):861 WAITING_12
18:24:56.252 (index):861 WAITING_13
18:24:56.253 (index):861 WAITING_14
18:24:56.255 (index):861 WAITING_15
18:24:56.256 (index):861 WAITING_16
18:24:56.257 (index):861 WAITING_17
18:24:56.258 (index):861 WAITING_18
18:24:56.300 (index):843 NODEACCESSREQUESTED_10
18:24:56.327 (index):831 UPDATE_4
18:24:56.376 (index):831 UPDATE_5
18:24:56.428 (index):823 THINKING_4
18:24:56.477 (index):813 NODEACCESSRELEASED_5
18:24:56.546 (index):831 UPDATE_2
18:24:56.647 (index):872 END_2
18:24:56.992 (index):831 UPDATE_7
18:24:57.093 (index):872 END_7
18:24:57.140 (index):843 NODEACCESSREQUESTED_0
18:24:57.162 (index):831 UPDATE_1
18:24:57.252 (index):861 WAITING_12
18:24:57.253 (index):861 WAITING_13
18:24:57.254 (index):861 WAITING_14
18:24:57.256 (index):861 WAITING_15
18:24:57.257 (index):861 WAITING_16
18:24:57.258 (index):861 WAITING_17
18:24:57.259 (index):861 WAITING_18
18:24:57.263 (index):813 NODEACCESSRELEASED_1
18:24:57.301 (index):831 UPDATE_10
18:24:57.402 (index):813 NODEACCESSRELEASED_10
18:24:57.483 (index):843 NODEACCESSREQUESTED_5
18:24:57.790 (index):831 UPDATE_11
18:24:57.891 (index):872 END_11
18:24:58.141 (index):831 UPDATE_0
18:24:58.242 (index):872 END_0
18:24:58.253 (index):861 WAITING_12
18:24:58.254 (index):861 WAITING_13
18:24:58.256 (index):861 WAITING_14
18:24:58.257 (index):861 WAITING_15
18:24:58.258 (index):861 WAITING_16
18:24:58.260 (index):861 WAITING_17
18:24:58.261 (index):861 WAITING_18
18:24:58.264 (index):843 NODEACCESSREQUESTED_1
18:24:58.403 (index):843 NODEACCESSREQUESTED_10
18:24:58.484 (index):831 UPDATE_5
18:24:58.585 (index):872 END_5
18:24:59.255 (index):861 WAITING_12
18:24:59.256 (index):861 WAITING_13
18:24:59.257 (index):861 WAITING_14
18:24:59.258 (index):861 WAITING_15
18:24:59.260 (index):861 WAITING_16
18:24:59.261 (index):861 WAITING_17
18:24:59.262 (index):861 WAITING_18
18:24:59.265 (index):831 UPDATE_1
18:24:59.366 (index):872 END_1
18:24:59.404 (index):831 UPDATE_10
18:24:59.506 (index):872 END_10
18:25:00.256 (index):861 WAITING_12
18:25:00.257 (index):861 WAITING_13
18:25:00.258 (index):861 WAITING_14
18:25:00.259 (index):861 WAITING_15
18:25:00.261 (index):861 WAITING_16
18:25:00.262 (index):861 WAITING_17
18:25:00.263 (index):861 WAITING_18
18:25:00.819 (index):831 UPDATE_4
18:25:00.920 (index):872 END_4
18:25:01.257 (index):813 NODEACCESSRELEASED_12
18:25:01.258 (index):823 THINKING_13
18:25:01.259 (index):861 WAITING_14
18:25:01.260 (index):861 WAITING_15
18:25:01.262 (index):861 WAITING_16
18:25:01.263 (index):861 WAITING_17
18:25:01.264 (index):861 WAITING_18
18:25:02.258 (index):843 NODEACCESSREQUESTED_12
18:25:02.261 (index):861 WAITING_14
18:25:02.262 (index):861 WAITING_15
18:25:02.263 (index):861 WAITING_16
18:25:02.264 (index):861 WAITING_17
18:25:02.265 (index):861 WAITING_18
18:25:03.259 (index):861 WAITING_12
18:25:03.261 (index):861 WAITING_14
18:25:03.262 (index):861 WAITING_15
18:25:03.264 (index):861 WAITING_16
18:25:03.265 (index):861 WAITING_17
18:25:03.267 (index):861 WAITING_18
18:25:04.260 (index):861 WAITING_12
18:25:04.262 (index):861 WAITING_14
18:25:04.263 (index):861 WAITING_15
18:25:04.273 (index):861 WAITING_16
18:25:04.274 (index):861 WAITING_17
18:25:04.275 (index):861 WAITING_18
18:25:05.261 (index):861 WAITING_12
18:25:05.263 (index):861 WAITING_14
18:25:05.265 (index):861 WAITING_15
18:25:05.274 (index):861 WAITING_16
18:25:05.275 (index):861 WAITING_17
18:25:05.276 (index):861 WAITING_18
18:25:05.533 (index):831 UPDATE_13
18:25:05.635 (index):813 NODEACCESSRELEASED_13
18:25:07.226 (index):861 WAITING_12
18:25:07.227 (index):823 THINKING_14
18:25:07.228 (index):861 WAITING_15
18:25:07.228 (index):861 WAITING_16
18:25:07.229 (index):861 WAITING_17
18:25:07.230 (index):861 WAITING_18
18:25:07.230 (index):843 NODEACCESSREQUESTED_13
18:25:08.228 (index):861 WAITING_12
18:25:09.226 (index):861 WAITING_15
18:25:09.228 (index):861 WAITING_16
18:25:09.230 (index):861 WAITING_17
18:25:09.231 (index):861 WAITING_18
18:25:09.233 (index):861 WAITING_13
18:25:10.226 (index):861 WAITING_12
18:25:11.226 (index):861 WAITING_15
18:25:11.227 (index):861 WAITING_16
18:25:11.228 (index):861 WAITING_17
18:25:11.228 (index):861 WAITING_18
18:25:11.229 (index):861 WAITING_13
18:25:12.227 (index):861 WAITING_12
18:25:12.228 (index):831 UPDATE_14
18:25:13.226 (index):861 WAITING_15
18:25:13.227 (index):861 WAITING_16
18:25:13.228 (index):861 WAITING_17
18:25:13.229 (index):861 WAITING_18
18:25:13.230 (index):861 WAITING_13
18:25:13.232 (index):813 NODEACCESSRELEASED_14
18:25:14.226 (index):861 WAITING_12
18:25:15.230 (index):823 THINKING_15
18:25:15.232 (index):861 WAITING_16
18:25:15.234 (index):861 WAITING_17
18:25:15.234 (index):861 WAITING_18
18:25:15.235 (index):861 WAITING_13
18:25:15.236 (index):843 NODEACCESSREQUESTED_14
18:25:15.237 (index):861 WAITING_12
18:25:17.226 (index):861 WAITING_16
18:25:17.227 (index):861 WAITING_17
18:25:17.228 (index):861 WAITING_18
18:25:17.229 (index):861 WAITING_13
18:25:17.232 (index):861 WAITING_14
18:25:17.233 (index):861 WAITING_12
18:25:19.226 (index):861 WAITING_16
18:25:19.227 (index):861 WAITING_17
18:25:19.228 (index):861 WAITING_18
18:25:19.229 (index):861 WAITING_13
18:25:19.230 (index):861 WAITING_14
18:25:19.232 (index):861 WAITING_12
18:25:19.233 (index):831 UPDATE_15
18:25:20.226 (index):813 NODEACCESSRELEASED_15
18:25:21.226 (index):823 THINKING_16
18:25:21.228 (index):861 WAITING_17
18:25:21.229 (index):861 WAITING_18
18:25:21.231 (index):861 WAITING_13
18:25:21.232 (index):861 WAITING_14
18:25:21.234 (index):861 WAITING_12
18:25:22.226 (index):843 NODEACCESSREQUESTED_15
18:25:23.226 (index):861 WAITING_17
18:25:23.227 (index):861 WAITING_18
18:25:23.228 (index):861 WAITING_13
18:25:23.228 (index):861 WAITING_14
18:25:23.229 (index):861 WAITING_12
18:25:24.226 (index):861 WAITING_15
18:25:24.227 (index):831 UPDATE_16
18:25:25.226 (index):861 WAITING_17
18:25:25.228 (index):861 WAITING_18
18:25:25.229 (index):861 WAITING_13
18:25:25.231 (index):861 WAITING_14
18:25:25.233 (index):861 WAITING_12
18:25:25.234 (index):813 NODEACCESSRELEASED_16
18:25:26.226 (index):861 WAITING_15
18:25:27.226 (index):813 NODEACCESSRELEASED_17
18:25:27.228 (index):823 THINKING_18
18:25:27.230 (index):861 WAITING_13
18:25:27.231 (index):861 WAITING_14
18:25:27.233 (index):861 WAITING_12
18:25:27.234 (index):843 NODEACCESSREQUESTED_16
18:25:28.226 (index):861 WAITING_15
18:25:29.226 (index):843 NODEACCESSREQUESTED_17
18:25:29.228 (index):861 WAITING_13
18:25:29.229 (index):861 WAITING_14
18:25:29.231 (index):861 WAITING_12
18:25:29.233 (index):861 WAITING_16
18:25:30.226 (index):861 WAITING_15
18:25:31.226 (index):861 WAITING_17
18:25:31.227 (index):861 WAITING_13
18:25:31.228 (index):861 WAITING_14
18:25:31.228 (index):861 WAITING_12
18:25:31.229 (index):861 WAITING_16
18:25:32.226 (index):861 WAITING_15
18:25:32.228 (index):831 UPDATE_18
18:25:33.226 (index):861 WAITING_17
18:25:33.228 (index):861 WAITING_13
18:25:33.229 (index):861 WAITING_14
18:25:33.231 (index):861 WAITING_12
18:25:33.232 (index):861 WAITING_16
18:25:33.234 (index):823 THINKING_18
18:25:34.226 (index):861 WAITING_15
18:25:35.227 (index):861 WAITING_17
18:25:35.228 (index):861 WAITING_13
18:25:35.230 (index):861 WAITING_14
18:25:35.231 (index):861 WAITING_12
18:25:35.233 (index):861 WAITING_16
18:25:36.226 (index):861 WAITING_15
18:25:36.227 (index):831 UPDATE_18
18:25:37.228 (index):861 WAITING_17
18:25:37.230 (index):861 WAITING_13
18:25:37.231 (index):861 WAITING_14
18:25:37.233 (index):861 WAITING_12
18:25:37.235 (index):861 WAITING_16
18:25:37.236 (index):813 NODEACCESSRELEASED_18
18:25:37.239 (index):861 WAITING_15
18:25:38.230 (index):861 WAITING_17
18:25:39.226 (index):861 WAITING_13
18:25:39.228 (index):861 WAITING_14
18:25:39.229 (index):831 UPDATE_12
18:25:39.230 (index):861 WAITING_16
18:25:39.232 (index):843 NODEACCESSREQUESTED_18
18:25:39.233 (index):861 WAITING_15
18:25:40.226 (index):861 WAITING_17
18:25:40.228 (index):813 NODEACCESSRELEASED_12
18:25:41.226 (index):831 UPDATE_13
18:25:41.227 (index):861 WAITING_14
18:25:41.228 (index):861 WAITING_16
18:25:41.229 (index):831 UPDATE_18
18:25:41.231 (index):861 WAITING_15
18:25:42.226 (index):861 WAITING_17
18:25:42.228 (index):843 NODEACCESSREQUESTED_12
18:25:42.229 (index):813 NODEACCESSRELEASED_13
18:25:42.230 (index):813 NODEACCESSRELEASED_18
18:25:43.227 (index):831 UPDATE_14
18:25:43.229 (index):861 WAITING_16
18:25:43.230 (index):861 WAITING_15
18:25:44.226 (index):861 WAITING_17
18:25:44.227 (index):831 UPDATE_12
18:25:44.228 (index):843 NODEACCESSREQUESTED_13
18:25:44.229 (index):843 NODEACCESSREQUESTED_18
18:25:44.231 (index):823 THINKING_14
18:25:45.226 (index):861 WAITING_16
18:25:45.228 (index):861 WAITING_15
18:25:45.229 (index):813 NODEACCESSRELEASED_12
18:25:46.226 (index):861 WAITING_17
18:25:46.227 (index):831 UPDATE_13
18:25:46.228 (index):831 UPDATE_18
18:25:47.226 (index):861 WAITING_16
18:25:47.227 (index):861 WAITING_15
18:25:47.227 (index):843 NODEACCESSREQUESTED_12
18:25:47.228 (index):813 NODEACCESSRELEASED_13
18:25:47.229 (index):823 THINKING_18
18:25:48.226 (index):861 WAITING_17
18:25:48.227 (index):831 UPDATE_14
18:25:49.226 (index):861 WAITING_16
18:25:49.227 (index):861 WAITING_15
18:25:49.228 (index):831 UPDATE_12
18:25:49.229 (index):843 NODEACCESSREQUESTED_13
18:25:49.230 (index):813 NODEACCESSRELEASED_14
18:25:50.226 (index):861 WAITING_17
18:25:50.228 (index):823 THINKING_12
18:25:51.229 (index):861 WAITING_16
18:25:51.231 (index):831 UPDATE_15
18:25:51.232 (index):831 UPDATE_13
18:25:51.234 (index):843 NODEACCESSREQUESTED_14
18:25:51.234 (index):861 WAITING_17
18:25:52.226 (index):813 NODEACCESSRELEASED_15
18:25:52.228 (index):813 NODEACCESSRELEASED_13
18:25:52.229 (index):831 UPDATE_18
18:25:53.227 (index):831 UPDATE_16
18:25:53.228 (index):831 UPDATE_14
18:25:53.230 (index):861 WAITING_17
18:25:53.231 (index):823 THINKING_18
18:25:54.226 (index):843 NODEACCESSREQUESTED_15
18:25:54.227 (index):843 NODEACCESSREQUESTED_13
18:25:54.229 (index):813 NODEACCESSRELEASED_16
18:25:54.230 (index):813 NODEACCESSRELEASED_14
18:25:55.226 (index):831 UPDATE_17
18:25:55.227 (index):831 UPDATE_12
18:25:56.226 (index):831 UPDATE_15
18:25:56.228 (index):831 UPDATE_13
18:25:56.229 (index):843 NODEACCESSREQUESTED_16
18:25:56.231 (index):843 NODEACCESSREQUESTED_14
18:25:56.232 (index):813 NODEACCESSRELEASED_17
18:25:56.233 (index):813 NODEACCESSRELEASED_12
18:25:57.226 (index):823 THINKING_15
18:25:57.227 (index):813 NODEACCESSRELEASED_13
18:25:58.226 (index):831 UPDATE_16
18:25:58.227 (index):831 UPDATE_14
18:25:58.228 (index):843 NODEACCESSREQUESTED_17
18:25:58.229 (index):843 NODEACCESSREQUESTED_12
18:25:58.230 (index):831 UPDATE_18
18:25:59.226 (index):843 NODEACCESSREQUESTED_13
18:25:59.228 (index):813 NODEACCESSRELEASED_16
18:25:59.229 (index):813 NODEACCESSRELEASED_14
18:25:59.230 (index):813 NODEACCESSRELEASED_18
18:26:00.226 (index):831 UPDATE_17
18:26:00.228 (index):831 UPDATE_12
18:26:01.227 (index):831 UPDATE_13
18:26:01.229 (index):843 NODEACCESSREQUESTED_16
18:26:01.230 (index):843 NODEACCESSREQUESTED_14
18:26:01.231 (index):843 NODEACCESSREQUESTED_18
18:26:01.233 (index):813 NODEACCESSRELEASED_17
18:26:01.234 (index):813 NODEACCESSRELEASED_12
18:26:02.226 (index):813 NODEACCESSRELEASED_13
18:26:02.228 (index):831 UPDATE_15
18:26:03.226 (index):831 UPDATE_16
18:26:03.228 (index):831 UPDATE_14
18:26:03.229 (index):831 UPDATE_18
18:26:03.231 (index):843 NODEACCESSREQUESTED_17
18:26:03.232 (index):843 NODEACCESSREQUESTED_12
18:26:03.234 (index):823 THINKING_15
18:26:04.229 (index):843 NODEACCESSREQUESTED_13
18:26:04.231 (index):823 THINKING_16
18:26:04.232 (index):813 NODEACCESSRELEASED_14
18:26:04.234 (index):813 NODEACCESSRELEASED_18
18:26:05.226 (index):831 UPDATE_17
18:26:05.228 (index):831 UPDATE_12
18:26:06.226 (index):831 UPDATE_13
18:26:06.227 (index):843 NODEACCESSREQUESTED_14
18:26:06.228 (index):843 NODEACCESSREQUESTED_18
18:26:06.228 (index):813 NODEACCESSRELEASED_17
18:26:06.229 (index):813 NODEACCESSRELEASED_12
18:26:06.230 (index):831 UPDATE_15
18:26:07.226 (index):813 NODEACCESSRELEASED_13
18:26:07.227 (index):813 NODEACCESSRELEASED_15
18:26:08.226 (index):831 UPDATE_14
18:26:08.228 (index):831 UPDATE_18
18:26:08.229 (index):843 NODEACCESSREQUESTED_17
18:26:08.230 (index):843 NODEACCESSREQUESTED_12
18:26:09.226 (index):843 NODEACCESSREQUESTED_13
18:26:09.228 (index):843 NODEACCESSREQUESTED_15
18:26:09.230 (index):831 UPDATE_16
18:26:09.231 (index):823 THINKING_14
18:26:09.232 (index):813 NODEACCESSRELEASED_18
18:26:10.226 (index):831 UPDATE_17
18:26:10.228 (index):831 UPDATE_12
18:26:10.229 (index):823 THINKING_16
18:26:11.226 (index):831 UPDATE_13
18:26:11.228 (index):831 UPDATE_15
18:26:11.229 (index):843 NODEACCESSREQUESTED_18
18:26:11.230 (index):813 NODEACCESSRELEASED_17
18:26:11.232 (index):813 NODEACCESSRELEASED_12
18:26:12.226 (index):813 NODEACCESSRELEASED_13
18:26:12.227 (index):823 THINKING_15
18:26:12.228 (index):831 UPDATE_14
18:26:13.226 (index):831 UPDATE_18
18:26:13.228 (index):843 NODEACCESSREQUESTED_17
18:26:13.229 (index):843 NODEACCESSREQUESTED_12
18:26:13.234 (index):813 NODEACCESSRELEASED_14
18:26:13.235 (index):831 UPDATE_16
18:26:14.227 (index):843 NODEACCESSREQUESTED_13
18:26:14.228 (index):813 NODEACCESSRELEASED_18
18:26:14.229 (index):823 THINKING_16
18:26:15.227 (index):831 UPDATE_17
18:26:15.228 (index):831 UPDATE_12
18:26:15.230 (index):843 NODEACCESSREQUESTED_14
18:26:15.231 (index):831 UPDATE_15
18:26:16.226 (index):831 UPDATE_13
18:26:16.228 (index):843 NODEACCESSREQUESTED_18
18:26:16.229 (index):823 THINKING_17
18:26:16.231 (index):813 NODEACCESSRELEASED_12
18:26:16.232 (index):823 THINKING_15
18:26:17.226 (index):831 UPDATE_14
18:26:17.228 (index):813 NODEACCESSRELEASED_13
18:26:17.229 (index):831 UPDATE_16
18:26:18.226 (index):831 UPDATE_18
18:26:18.227 (index):843 NODEACCESSREQUESTED_12
18:26:18.227 (index):813 NODEACCESSRELEASED_14
18:26:18.228 (index):813 NODEACCESSRELEASED_16
18:26:19.226 (index):843 NODEACCESSREQUESTED_13
18:26:19.228 (index):823 THINKING_18
18:26:19.229 (index):831 UPDATE_15
18:26:20.226 (index):831 UPDATE_12
18:26:20.228 (index):843 NODEACCESSREQUESTED_14
18:26:20.229 (index):843 NODEACCESSREQUESTED_16
18:26:20.231 (index):813 NODEACCESSRELEASED_15
18:26:20.233 (index):831 UPDATE_17
18:26:21.226 (index):831 UPDATE_13
18:26:21.227 (index):813 NODEACCESSRELEASED_12
18:26:21.228 (index):813 NODEACCESSRELEASED_17
18:26:22.226 (index):831 UPDATE_14
18:26:22.227 (index):831 UPDATE_16
18:26:22.228 (index):843 NODEACCESSREQUESTED_15
18:26:22.228 (index):813 NODEACCESSRELEASED_13
18:26:23.227 (index):843 NODEACCESSREQUESTED_12
18:26:23.228 (index):843 NODEACCESSREQUESTED_17
18:26:23.230 (index):823 THINKING_14
18:26:23.231 (index):823 THINKING_16
18:26:24.226 (index):831 UPDATE_15
18:26:24.228 (index):843 NODEACCESSREQUESTED_13
18:26:24.229 (index):831 UPDATE_18
18:26:25.226 (index):831 UPDATE_12
18:26:25.228 (index):831 UPDATE_17
18:26:25.229 (index):823 THINKING_15
18:26:25.230 (index):823 THINKING_18
18:26:26.226 (index):831 UPDATE_13
18:26:26.227 (index):823 THINKING_12
18:26:26.228 (index):813 NODEACCESSRELEASED_17
18:26:27.226 (index):813 NODEACCESSRELEASED_13
18:26:27.227 (index):831 UPDATE_14
18:26:28.226 (index):843 NODEACCESSREQUESTED_17
18:26:28.228 (index):823 THINKING_14
18:26:28.229 (index):831 UPDATE_16
18:26:29.226 (index):843 NODEACCESSREQUESTED_13
18:26:29.228 (index):813 NODEACCESSRELEASED_16
18:26:29.229 (index):831 UPDATE_18
18:26:30.226 (index):831 UPDATE_17
18:26:30.227 (index):813 NODEACCESSRELEASED_18
18:26:30.228 (index):831 UPDATE_15
18:26:30.229 (index):831 UPDATE_12
18:26:31.226 (index):831 UPDATE_13
18:26:31.228 (index):843 NODEACCESSREQUESTED_16
18:26:31.229 (index):813 NODEACCESSRELEASED_17
18:26:31.230 (index):813 NODEACCESSRELEASED_15
18:26:31.232 (index):813 NODEACCESSRELEASED_12
18:26:32.226 (index):843 NODEACCESSREQUESTED_18
18:26:32.228 (index):813 NODEACCESSRELEASED_13
18:26:33.227 (index):831 UPDATE_16
18:26:33.229 (index):843 NODEACCESSREQUESTED_17
18:26:33.230 (index):843 NODEACCESSREQUESTED_15
18:26:33.232 (index):843 NODEACCESSREQUESTED_12
18:26:33.233 (index):831 UPDATE_14
18:26:34.226 (index):831 UPDATE_18
18:26:34.228 (index):843 NODEACCESSREQUESTED_13
18:26:34.229 (index):823 THINKING_16
18:26:34.230 (index):813 NODEACCESSRELEASED_14
18:26:35.226 (index):831 UPDATE_17
18:26:35.228 (index):831 UPDATE_15
18:26:35.229 (index):831 UPDATE_12
18:26:35.231 (index):872 END_18
18:26:36.226 (index):831 UPDATE_13
18:26:36.227 (index):843 NODEACCESSREQUESTED_14
18:26:36.228 (index):823 THINKING_17
18:26:36.228 (index):823 THINKING_15
18:26:36.229 (index):813 NODEACCESSRELEASED_12
18:26:37.226 (index):872 END_13
18:26:37.227 (index):831 UPDATE_16
18:26:38.226 (index):831 UPDATE_14
18:26:38.228 (index):843 NODEACCESSREQUESTED_12
18:26:38.230 (index):813 NODEACCESSRELEASED_16
18:26:39.226 (index):872 END_14
18:26:40.226 (index):831 UPDATE_12
18:26:40.228 (index):843 NODEACCESSREQUESTED_16
18:26:40.229 (index):831 UPDATE_17
18:26:40.230 (index):831 UPDATE_15
18:26:41.226 (index):872 END_12
18:26:41.228 (index):813 NODEACCESSRELEASED_17
18:26:41.229 (index):813 NODEACCESSRELEASED_15
18:26:42.226 (index):831 UPDATE_16
18:26:43.226 (index):843 NODEACCESSREQUESTED_17
18:26:43.227 (index):843 NODEACCESSREQUESTED_15
18:26:43.228 (index):813 NODEACCESSRELEASED_16
18:26:44.230 (index):831 UPDATE_17
18:26:44.231 (index):831 UPDATE_15
18:26:44.232 (index):843 NODEACCESSREQUESTED_16
18:26:45.226 (index):823 THINKING_17
18:26:45.227 (index):872 END_15
18:26:46.227 (index):831 UPDATE_16
18:26:47.227 (index):872 END_16
18:26:49.229 (index):831 UPDATE_17
18:26:50.227 (index):823 THINKING_17
18:26:53.226 (index):831 UPDATE_17
18:26:54.231 (index):872 END_17
