18:10:39.229 (index):1077 Tasks: 25; Collaborators: 12    =========================>
18:10:39.230 (index):843 NODEACCESSREQUESTED_0
18:10:39.231 (index):843 NODEACCESSREQUESTED_1
18:10:39.232 (index):843 NODEACCESSREQUESTED_2
18:10:39.234 (index):843 NODEACCESSREQUESTED_3
18:10:39.235 (index):843 NODEACCESSREQUESTED_4
18:10:39.235 (index):843 NODEACCESSREQUESTED_5
18:10:39.236 (index):843 NODEACCESSREQUESTED_6
18:10:39.237 (index):843 NODEACCESSREQUESTED_7
18:10:39.237 (index):843 NODEACCESSREQUESTED_8
18:10:39.238 (index):843 NODEACCESSREQUESTED_9
18:10:39.239 (index):843 NODEACCESSREQUESTED_10
18:10:39.239 (index):843 NODEACCESSREQUESTED_11
18:10:41.226 (index):823 THINKING_0
18:10:41.227 (index):823 THINKING_1
18:10:41.227 (index):813 NODEACCESSRELEASED_2
18:10:41.229 (index):813 NODEACCESSRELEASED_3
18:10:41.230 (index):813 NODEACCESSRELEASED_4
18:10:41.231 (index):813 NODEACCESSRELEASED_5
18:10:41.231 (index):823 THINKING_6
18:10:41.232 (index):813 NODEACCESSRELEASED_7
18:10:41.232 (index):823 THINKING_8
18:10:41.233 (index):813 NODEACCESSRELEASED_9
18:10:41.234 (index):813 NODEACCESSRELEASED_10
18:10:41.234 (index):823 THINKING_11
18:10:43.226 (index):843 NODEACCESSREQUESTED_2
18:10:43.227 (index):843 NODEACCESSREQUESTED_3
18:10:43.228 (index):843 NODEACCESSREQUESTED_4
18:10:43.229 (index):843 NODEACCESSREQUESTED_5
18:10:43.230 (index):843 NODEACCESSREQUESTED_7
18:10:43.231 (index):843 NODEACCESSREQUESTED_9
18:10:43.232 (index):843 NODEACCESSREQUESTED_10
18:10:44.226 (index):831 UPDATE_8
18:10:44.227 (index):831 UPDATE_11
18:10:44.227 (index):831 UPDATE_6
18:10:44.228 (index):831 UPDATE_1
18:10:45.226 (index):831 UPDATE_2
18:10:45.227 (index):831 UPDATE_3
18:10:45.228 (index):831 UPDATE_4
18:10:45.229 (index):831 UPDATE_5
18:10:45.229 (index):831 UPDATE_7
18:10:45.230 (index):831 UPDATE_9
18:10:45.230 (index):831 UPDATE_10
18:10:45.231 (index):823 THINKING_8
18:10:45.231 (index):823 THINKING_11
18:10:45.232 (index):813 NODEACCESSRELEASED_6
18:10:45.232 (index):813 NODEACCESSRELEASED_1
18:10:46.226 (index):813 NODEACCESSRELEASED_2
18:10:46.227 (index):813 NODEACCESSRELEASED_3
18:10:46.228 (index):813 NODEACCESSRELEASED_4
18:10:46.229 (index):823 THINKING_5
18:10:46.229 (index):813 NODEACCESSRELEASED_7
18:10:46.230 (index):823 THINKING_9
18:10:46.231 (index):823 THINKING_10
18:10:46.231 (index):831 UPDATE_0
18:10:47.228 (index):843 NODEACCESSREQUESTED_6
18:10:47.229 (index):843 NODEACCESSREQUESTED_1
18:10:47.230 (index):813 NODEACCESSRELEASED_0
18:10:47.231 (index):843 NODEACCESSREQUESTED_2
18:10:48.226 (index):843 NODEACCESSREQUESTED_3
18:10:48.227 (index):843 NODEACCESSREQUESTED_4
18:10:48.228 (index):843 NODEACCESSREQUESTED_7
18:10:49.226 (index):831 UPDATE_6
18:10:49.227 (index):831 UPDATE_1
18:10:49.228 (index):843 NODEACCESSREQUESTED_0
18:10:49.229 (index):831 UPDATE_2
18:10:49.230 (index):831 UPDATE_10
18:10:49.230 (index):831 UPDATE_11
18:10:49.230 (index):831 UPDATE_5
18:10:50.226 (index):831 UPDATE_3
18:10:50.228 (index):831 UPDATE_4
18:10:50.229 (index):831 UPDATE_7
18:10:50.230 (index):813 NODEACCESSRELEASED_6
18:10:50.232 (index):823 THINKING_1
18:10:50.233 (index):813 NODEACCESSRELEASED_2
18:10:50.234 (index):813 NODEACCESSRELEASED_10
18:10:50.235 (index):813 NODEACCESSRELEASED_11
18:10:50.236 (index):813 NODEACCESSRELEASED_5
18:10:50.237 (index):831 UPDATE_8
18:10:51.226 (index):831 UPDATE_0
18:10:51.227 (index):823 THINKING_3
18:10:51.228 (index):813 NODEACCESSRELEASED_4
18:10:51.229 (index):813 NODEACCESSRELEASED_7
18:10:51.230 (index):813 NODEACCESSRELEASED_8
18:10:51.231 (index):831 UPDATE_9
18:10:52.226 (index):843 NODEACCESSREQUESTED_6
18:10:52.227 (index):843 NODEACCESSREQUESTED_2
18:10:52.228 (index):843 NODEACCESSREQUESTED_10
18:10:52.229 (index):843 NODEACCESSREQUESTED_11
18:10:52.230 (index):843 NODEACCESSREQUESTED_5
18:10:52.231 (index):813 NODEACCESSRELEASED_0
18:10:52.232 (index):823 THINKING_9
18:10:53.229 (index):843 NODEACCESSREQUESTED_4
18:10:53.231 (index):843 NODEACCESSREQUESTED_7
18:10:53.232 (index):843 NODEACCESSREQUESTED_8
18:10:53.233 (index):831 UPDATE_6
18:10:53.234 (index):831 UPDATE_2
18:10:54.226 (index):831 UPDATE_10
18:10:54.227 (index):831 UPDATE_11
18:10:54.229 (index):831 UPDATE_5
18:10:54.230 (index):843 NODEACCESSREQUESTED_0
18:10:54.231 (index):813 NODEACCESSRELEASED_6
18:10:54.232 (index):823 THINKING_2
18:10:54.233 (index):831 UPDATE_1
18:10:55.226 (index):831 UPDATE_4
18:10:55.227 (index):831 UPDATE_7
18:10:55.228 (index):831 UPDATE_8
18:10:55.229 (index):823 THINKING_10
18:10:55.230 (index):813 NODEACCESSRELEASED_11
18:10:55.232 (index):823 THINKING_5
18:10:55.233 (index):823 THINKING_1
18:10:55.235 (index):831 UPDATE_9
18:10:56.226 (index):831 UPDATE_0
18:10:56.228 (index):843 NODEACCESSREQUESTED_6
18:10:56.229 (index):813 NODEACCESSRELEASED_4
18:10:56.230 (index):823 THINKING_7
18:10:56.231 (index):823 THINKING_8
18:10:56.232 (index):813 NODEACCESSRELEASED_9
18:10:56.233 (index):831 UPDATE_3
18:10:57.226 (index):843 NODEACCESSREQUESTED_11
18:10:57.227 (index):823 THINKING_0
18:10:57.228 (index):813 NODEACCESSRELEASED_3
18:10:57.229 (index):831 UPDATE_2
18:10:58.226 (index):831 UPDATE_6
18:10:58.227 (index):843 NODEACCESSREQUESTED_4
18:10:58.230 (index):843 NODEACCESSREQUESTED_9
18:10:58.231 (index):813 NODEACCESSRELEASED_2
18:10:58.232 (index):831 UPDATE_10
18:10:59.226 (index):831 UPDATE_11
18:10:59.228 (index):843 NODEACCESSREQUESTED_3
18:10:59.229 (index):813 NODEACCESSRELEASED_6
18:10:59.230 (index):813 NODEACCESSRELEASED_10
18:10:59.231 (index):831 UPDATE_5
18:10:59.232 (index):831 UPDATE_7
18:11:00.226 (index):831 UPDATE_4
18:11:00.227 (index):831 UPDATE_9
18:11:00.228 (index):843 NODEACCESSREQUESTED_2
18:11:00.228 (index):813 NODEACCESSRELEASED_11
18:11:00.229 (index):813 NODEACCESSRELEASED_5
18:11:00.231 (index):813 NODEACCESSRELEASED_7
18:11:00.232 (index):831 UPDATE_1
18:11:00.233 (index):831 UPDATE_0
18:11:01.228 (index):831 UPDATE_3
18:11:01.230 (index):843 NODEACCESSREQUESTED_6
18:11:01.231 (index):843 NODEACCESSREQUESTED_10
18:11:01.232 (index):813 NODEACCESSRELEASED_4
18:11:01.233 (index):813 NODEACCESSRELEASED_9
18:11:01.234 (index):813 NODEACCESSRELEASED_1
18:11:01.235 (index):823 THINKING_0
18:11:01.236 (index):831 UPDATE_8
18:11:02.226 (index):831 UPDATE_2
18:11:02.227 (index):843 NODEACCESSREQUESTED_11
18:11:02.228 (index):843 NODEACCESSREQUESTED_5
18:11:02.228 (index):843 NODEACCESSREQUESTED_7
18:11:02.229 (index):813 NODEACCESSRELEASED_3
18:11:02.229 (index):813 NODEACCESSRELEASED_8
18:11:03.226 (index):831 UPDATE_6
18:11:03.228 (index):831 UPDATE_10
18:11:03.230 (index):843 NODEACCESSREQUESTED_4
18:11:03.231 (index):843 NODEACCESSREQUESTED_9
18:11:03.232 (index):843 NODEACCESSREQUESTED_1
18:11:03.233 (index):813 NODEACCESSRELEASED_2
18:11:04.226 (index):831 UPDATE_11
18:11:04.227 (index):831 UPDATE_5
18:11:04.228 (index):831 UPDATE_7
18:11:04.228 (index):843 NODEACCESSREQUESTED_3
18:11:04.229 (index):843 NODEACCESSREQUESTED_8
18:11:04.229 (index):813 NODEACCESSRELEASED_6
18:11:04.230 (index):823 THINKING_10
18:11:05.226 (index):831 UPDATE_4
18:11:05.228 (index):831 UPDATE_9
18:11:05.229 (index):831 UPDATE_1
18:11:05.230 (index):843 NODEACCESSREQUESTED_2
18:11:05.231 (index):823 THINKING_11
18:11:05.232 (index):823 THINKING_5
18:11:05.233 (index):823 THINKING_7
18:11:06.226 (index):831 UPDATE_3
18:11:06.228 (index):831 UPDATE_8
18:11:06.229 (index):843 NODEACCESSREQUESTED_6
18:11:06.230 (index):823 THINKING_4
18:11:06.232 (index):813 NODEACCESSRELEASED_9
18:11:06.233 (index):823 THINKING_1
18:11:06.234 (index):831 UPDATE_0
18:11:07.226 (index):831 UPDATE_2
18:11:07.227 (index):813 NODEACCESSRELEASED_3
18:11:07.228 (index):813 NODEACCESSRELEASED_8
18:11:07.230 (index):813 NODEACCESSRELEASED_0
18:11:08.226 (index):831 UPDATE_6
18:11:08.227 (index):843 NODEACCESSREQUESTED_9
18:11:08.227 (index):823 THINKING_2
18:11:09.226 (index):843 NODEACCESSREQUESTED_3
18:11:09.227 (index):843 NODEACCESSREQUESTED_8
18:11:09.228 (index):843 NODEACCESSREQUESTED_0
18:11:09.230 (index):823 THINKING_6
18:11:09.232 (index):831 UPDATE_1
18:11:09.233 (index):831 UPDATE_4
18:11:09.234 (index):831 UPDATE_10
18:11:10.226 (index):831 UPDATE_9
18:11:10.227 (index):813 NODEACCESSRELEASED_1
18:11:10.228 (index):813 NODEACCESSRELEASED_4
18:11:10.229 (index):813 NODEACCESSRELEASED_10
18:11:10.230 (index):831 UPDATE_11
18:11:10.231 (index):831 UPDATE_5
18:11:10.232 (index):831 UPDATE_7
18:11:11.226 (index):831 UPDATE_3
18:11:11.228 (index):831 UPDATE_8
18:11:11.229 (index):831 UPDATE_0
18:11:11.230 (index):823 THINKING_9
18:11:11.231 (index):813 NODEACCESSRELEASED_11
18:11:11.232 (index):823 THINKING_5
18:11:11.233 (index):813 NODEACCESSRELEASED_7
18:11:11.234 (index):831 UPDATE_2
18:11:12.226 (index):843 NODEACCESSREQUESTED_1
18:11:12.228 (index):843 NODEACCESSREQUESTED_4
18:11:12.229 (index):843 NODEACCESSREQUESTED_10
18:11:12.230 (index):813 NODEACCESSRELEASED_3
18:11:12.231 (index):823 THINKING_8
18:11:12.232 (index):823 THINKING_0
18:11:12.234 (index):823 THINKING_2
18:11:12.234 (index):831 UPDATE_6
18:11:13.227 (index):843 NODEACCESSREQUESTED_11
18:11:13.228 (index):843 NODEACCESSREQUESTED_7
18:11:13.229 (index):823 THINKING_6
18:11:14.226 (index):831 UPDATE_1
18:11:14.227 (index):831 UPDATE_4
18:11:14.227 (index):831 UPDATE_10
18:11:14.228 (index):843 NODEACCESSREQUESTED_3
18:11:14.229 (index):831 UPDATE_5
18:11:15.229 (index):831 UPDATE_11
18:11:15.230 (index):831 UPDATE_7
18:11:15.232 (index):823 THINKING_1
18:11:15.233 (index):823 THINKING_4
18:11:15.234 (index):823 THINKING_10
18:11:15.235 (index):813 NODEACCESSRELEASED_5
18:11:15.235 (index):831 UPDATE_9
18:11:15.236 (index):831 UPDATE_0
18:11:15.237 (index):831 UPDATE_2
18:11:16.226 (index):831 UPDATE_3
18:11:16.227 (index):813 NODEACCESSRELEASED_11
18:11:16.228 (index):813 NODEACCESSRELEASED_7
18:11:16.229 (index):813 NODEACCESSRELEASED_9
18:11:16.231 (index):813 NODEACCESSRELEASED_0
18:11:16.232 (index):823 THINKING_2
18:11:16.233 (index):831 UPDATE_8
18:11:16.233 (index):831 UPDATE_6
18:11:17.230 (index):843 NODEACCESSREQUESTED_5
18:11:17.232 (index):813 NODEACCESSRELEASED_3
18:11:17.233 (index):813 NODEACCESSRELEASED_8
18:11:17.234 (index):813 NODEACCESSRELEASED_6
18:11:17.235 (index):843 NODEACCESSREQUESTED_11
18:11:17.236 (index):843 NODEACCESSREQUESTED_7
18:11:18.230 (index):843 NODEACCESSREQUESTED_9
18:11:18.231 (index):843 NODEACCESSREQUESTED_0
18:11:18.233 (index):831 UPDATE_1
18:11:19.226 (index):831 UPDATE_5
18:11:19.228 (index):843 NODEACCESSREQUESTED_3
18:11:19.229 (index):843 NODEACCESSREQUESTED_8
18:11:19.231 (index):843 NODEACCESSREQUESTED_6
18:11:19.232 (index):831 UPDATE_11
18:11:19.234 (index):831 UPDATE_7
18:11:19.235 (index):823 THINKING_1
18:11:19.236 (index):831 UPDATE_10
18:11:20.226 (index):831 UPDATE_9
18:11:20.227 (index):831 UPDATE_0
18:11:20.227 (index):823 THINKING_5
18:11:20.228 (index):813 NODEACCESSRELEASED_11
18:11:20.229 (index):813 NODEACCESSRELEASED_7
18:11:20.230 (index):813 NODEACCESSRELEASED_10
18:11:20.231 (index):831 UPDATE_4
18:11:21.226 (index):831 UPDATE_3
18:11:21.230 (index):831 UPDATE_8
18:11:21.231 (index):831 UPDATE_6
18:11:21.233 (index):813 NODEACCESSRELEASED_9
18:11:21.234 (index):813 NODEACCESSRELEASED_0
18:11:21.235 (index):823 THINKING_4
18:11:21.235 (index):831 UPDATE_2
18:11:22.226 (index):843 NODEACCESSREQUESTED_11
18:11:22.227 (index):843 NODEACCESSREQUESTED_7
18:11:22.228 (index):843 NODEACCESSREQUESTED_10
18:11:22.228 (index):823 THINKING_3
18:11:22.229 (index):813 NODEACCESSRELEASED_8
18:11:22.229 (index):813 NODEACCESSRELEASED_6
18:11:22.230 (index):813 NODEACCESSRELEASED_2
18:11:23.226 (index):843 NODEACCESSREQUESTED_9
18:11:23.228 (index):843 NODEACCESSREQUESTED_0
18:11:24.226 (index):831 UPDATE_11
18:11:24.228 (index):831 UPDATE_7
18:11:24.229 (index):831 UPDATE_10
18:11:24.230 (index):843 NODEACCESSREQUESTED_8
18:11:24.231 (index):843 NODEACCESSREQUESTED_6
18:11:24.232 (index):843 NODEACCESSREQUESTED_2
18:11:24.233 (index):831 UPDATE_1
18:11:25.226 (index):831 UPDATE_9
18:11:25.227 (index):831 UPDATE_0
18:11:25.228 (index):823 THINKING_11
18:11:25.228 (index):813 NODEACCESSRELEASED_7
18:11:25.229 (index):823 THINKING_10
18:11:25.229 (index):823 THINKING_1
18:11:25.230 (index):831 UPDATE_3
18:11:25.231 (index):831 UPDATE_5
18:11:25.232 (index):831 UPDATE_4
18:11:26.226 (index):831 UPDATE_8
18:11:26.229 (index):831 UPDATE_6
18:11:26.229 (index):831 UPDATE_2
18:11:26.230 (index):823 THINKING_9
18:11:26.231 (index):823 THINKING_0
18:11:26.232 (index):813 NODEACCESSRELEASED_3
18:11:26.233 (index):813 NODEACCESSRELEASED_5
18:11:26.234 (index):823 THINKING_4
18:11:27.226 (index):843 NODEACCESSREQUESTED_7
18:11:27.228 (index):813 NODEACCESSRELEASED_8
18:11:27.229 (index):813 NODEACCESSRELEASED_6
18:11:27.230 (index):813 NODEACCESSRELEASED_2
18:11:28.226 (index):843 NODEACCESSREQUESTED_3
18:11:28.228 (index):843 NODEACCESSREQUESTED_5
18:11:29.226 (index):831 UPDATE_7
18:11:29.227 (index):843 NODEACCESSREQUESTED_8
18:11:29.228 (index):843 NODEACCESSREQUESTED_6
18:11:29.229 (index):843 NODEACCESSREQUESTED_2
18:11:29.231 (index):831 UPDATE_11
18:11:29.232 (index):831 UPDATE_4
18:11:30.226 (index):831 UPDATE_3
18:11:30.227 (index):831 UPDATE_5
18:11:30.228 (index):813 NODEACCESSRELEASED_7
18:11:30.229 (index):813 NODEACCESSRELEASED_11
18:11:30.230 (index):813 NODEACCESSRELEASED_4
18:11:30.230 (index):831 UPDATE_1
18:11:30.231 (index):831 UPDATE_9
18:11:30.231 (index):831 UPDATE_10
18:11:30.232 (index):831 UPDATE_0
18:11:30.762 (index):831 UPDATE_8
18:11:30.763 (index):831 UPDATE_6
18:11:30.764 (index):831 UPDATE_2
18:11:30.765 (index):813 NODEACCESSRELEASED_3
18:11:30.766 (index):813 NODEACCESSRELEASED_5
18:11:30.768 (index):813 NODEACCESSRELEASED_1
18:11:30.769 (index):813 NODEACCESSRELEASED_9
18:11:30.769 (index):813 NODEACCESSRELEASED_10
18:11:30.770 (index):813 NODEACCESSRELEASED_0
18:11:30.903 (index):813 NODEACCESSRELEASED_8
18:11:30.904 (index):813 NODEACCESSRELEASED_6
18:11:30.905 (index):813 NODEACCESSRELEASED_2
18:11:31.229 (index):843 NODEACCESSREQUESTED_7
18:11:31.230 (index):843 NODEACCESSREQUESTED_11
18:11:31.231 (index):843 NODEACCESSREQUESTED_4
18:11:31.766 (index):843 NODEACCESSREQUESTED_3
18:11:31.768 (index):843 NODEACCESSREQUESTED_5
18:11:31.769 (index):843 NODEACCESSREQUESTED_1
18:11:31.769 (index):843 NODEACCESSREQUESTED_9
18:11:31.770 (index):843 NODEACCESSREQUESTED_10
18:11:31.771 (index):843 NODEACCESSREQUESTED_0
18:11:31.904 (index):843 NODEACCESSREQUESTED_8
18:11:31.905 (index):843 NODEACCESSREQUESTED_6
18:11:31.907 (index):843 NODEACCESSREQUESTED_2
18:11:32.230 (index):831 UPDATE_7
18:11:32.231 (index):831 UPDATE_11
18:11:32.232 (index):831 UPDATE_4
18:11:32.331 (index):823 THINKING_7
18:11:32.332 (index):813 NODEACCESSRELEASED_11
18:11:32.333 (index):813 NODEACCESSRELEASED_4
18:11:32.767 (index):831 UPDATE_3
18:11:32.768 (index):831 UPDATE_5
18:11:32.769 (index):831 UPDATE_1
18:11:32.770 (index):831 UPDATE_9
18:11:32.771 (index):831 UPDATE_10
18:11:32.772 (index):831 UPDATE_0
18:11:32.868 (index):823 THINKING_3
18:11:32.869 (index):813 NODEACCESSRELEASED_5
18:11:32.870 (index):823 THINKING_1
18:11:32.871 (index):813 NODEACCESSRELEASED_9
18:11:32.872 (index):813 NODEACCESSRELEASED_10
18:11:32.873 (index):813 NODEACCESSRELEASED_0
18:11:32.905 (index):831 UPDATE_8
18:11:32.907 (index):831 UPDATE_6
18:11:32.908 (index):831 UPDATE_2
18:11:33.006 (index):813 NODEACCESSRELEASED_8
18:11:33.007 (index):813 NODEACCESSRELEASED_6
18:11:33.009 (index):813 NODEACCESSRELEASED_2
18:11:33.333 (index):843 NODEACCESSREQUESTED_11
18:11:33.334 (index):843 NODEACCESSREQUESTED_4
18:11:33.870 (index):843 NODEACCESSREQUESTED_5
18:11:33.872 (index):843 NODEACCESSREQUESTED_9
18:11:33.873 (index):843 NODEACCESSREQUESTED_10
18:11:33.874 (index):843 NODEACCESSREQUESTED_0
18:11:34.007 (index):843 NODEACCESSREQUESTED_8
18:11:34.008 (index):843 NODEACCESSREQUESTED_6
18:11:34.009 (index):843 NODEACCESSREQUESTED_2
18:11:34.335 (index):831 UPDATE_11
18:11:34.335 (index):831 UPDATE_4
18:11:34.436 (index):823 THINKING_11
18:11:34.437 (index):823 THINKING_4
18:11:34.872 (index):831 UPDATE_5
18:11:34.873 (index):831 UPDATE_9
18:11:34.874 (index):831 UPDATE_10
18:11:34.875 (index):831 UPDATE_0
18:11:34.973 (index):813 NODEACCESSRELEASED_5
18:11:34.974 (index):813 NODEACCESSRELEASED_9
18:11:34.975 (index):813 NODEACCESSRELEASED_10
18:11:34.976 (index):813 NODEACCESSRELEASED_0
18:11:35.008 (index):831 UPDATE_8
18:11:35.009 (index):831 UPDATE_6
18:11:35.010 (index):831 UPDATE_2
18:11:35.048 (index):831 UPDATE_1
18:11:35.109 (index):813 NODEACCESSRELEASED_8
18:11:35.109 (index):872 END_6
18:11:35.110 (index):872 END_2
18:11:35.149 (index):813 NODEACCESSRELEASED_1
18:11:35.206 (index):831 UPDATE_3
18:11:35.308 (index):813 NODEACCESSRELEASED_3
18:11:35.767 (index):831 UPDATE_7
18:11:35.869 (index):813 NODEACCESSRELEASED_7
18:11:35.974 (index):843 NODEACCESSREQUESTED_5
18:11:35.975 (index):843 NODEACCESSREQUESTED_9
18:11:35.976 (index):843 NODEACCESSREQUESTED_10
18:11:35.977 (index):843 NODEACCESSREQUESTED_0
18:11:36.109 (index):843 NODEACCESSREQUESTED_8
18:11:36.156 (index):843 NODEACCESSREQUESTED_1
18:11:36.309 (index):843 NODEACCESSREQUESTED_3
18:11:36.870 (index):843 NODEACCESSREQUESTED_7
18:11:36.975 (index):831 UPDATE_5
18:11:36.976 (index):831 UPDATE_9
18:11:36.977 (index):831 UPDATE_10
18:11:36.977 (index):831 UPDATE_0
18:11:37.076 (index):872 END_5
18:11:37.077 (index):872 END_9
18:11:37.078 (index):872 END_10
18:11:37.078 (index):872 END_0
18:11:37.111 (index):831 UPDATE_8
18:11:37.157 (index):831 UPDATE_1
18:11:37.213 (index):872 END_8
18:11:37.258 (index):872 END_1
18:11:37.310 (index):831 UPDATE_3
18:11:37.411 (index):872 END_3
18:11:37.600 (index):831 UPDATE_11
18:11:37.701 (index):872 END_11
18:11:37.871 (index):831 UPDATE_7
18:11:37.972 (index):872 END_7
18:11:38.826 (index):831 UPDATE_4
18:11:38.927 (index):872 END_4
