18:15:46.909 (index):1164 Tasks: 25; Collaborators: 15    =========================>
18:15:46.910 (index):843 NODEACCESSREQUESTED_0
18:15:46.911 (index):843 NODEACCESSREQUESTED_1
18:15:46.911 (index):843 NODEACCESSREQUESTED_2
18:15:46.912 (index):843 NODEACCESSREQUESTED_3
18:15:46.913 (index):843 NODEACCESSREQUESTED_4
18:15:46.914 (index):843 NODEACCESSREQUESTED_5
18:15:46.914 (index):843 NODEACCESSREQUESTED_6
18:15:46.915 (index):843 NODEACCESSREQUESTED_7
18:15:46.915 (index):843 NODEACCESSREQUESTED_8
18:15:46.916 (index):843 NODEACCESSREQUESTED_9
18:15:46.916 (index):843 NODEACCESSREQUESTED_10
18:15:46.917 (index):843 NODEACCESSREQUESTED_11
18:15:46.917 (index):843 NODEACCESSREQUESTED_12
18:15:46.918 (index):843 NODEACCESSREQUESTED_13
18:15:46.918 (index):843 NODEACCESSREQUESTED_14
18:15:47.911 (index):823 THINKING_0
18:15:47.912 (index):823 THINKING_1
18:15:47.913 (index):813 NODEACCESSRELEASED_2
18:15:47.914 (index):813 NODEACCESSRELEASED_3
18:15:47.915 (index):813 NODEACCESSRELEASED_4
18:15:47.916 (index):813 NODEACCESSRELEASED_5
18:15:47.917 (index):823 THINKING_6
18:15:47.918 (index):813 NODEACCESSRELEASED_7
18:15:47.919 (index):823 THINKING_8
18:15:47.920 (index):813 NODEACCESSRELEASED_9
18:15:47.921 (index):813 NODEACCESSRELEASED_10
18:15:47.922 (index):823 THINKING_11
18:15:47.922 (index):861 WAITING_12
18:15:47.923 (index):861 WAITING_13
18:15:47.923 (index):861 WAITING_14
18:15:48.914 (index):843 NODEACCESSREQUESTED_2
18:15:48.915 (index):843 NODEACCESSREQUESTED_3
18:15:48.916 (index):843 NODEACCESSREQUESTED_4
18:15:48.917 (index):843 NODEACCESSREQUESTED_5
18:15:48.919 (index):843 NODEACCESSREQUESTED_7
18:15:48.921 (index):843 NODEACCESSREQUESTED_9
18:15:48.922 (index):843 NODEACCESSREQUESTED_10
18:15:48.923 (index):861 WAITING_12
18:15:48.924 (index):861 WAITING_13
18:15:48.925 (index):861 WAITING_14
18:15:49.915 (index):831 UPDATE_2
18:15:49.916 (index):831 UPDATE_3
18:15:49.917 (index):831 UPDATE_4
18:15:49.918 (index):831 UPDATE_5
18:15:49.920 (index):831 UPDATE_7
18:15:49.922 (index):831 UPDATE_9
18:15:49.923 (index):831 UPDATE_10
18:15:49.925 (index):861 WAITING_12
18:15:49.926 (index):861 WAITING_13
18:15:49.927 (index):861 WAITING_14
18:15:49.945 (index):831 UPDATE_8
18:15:50.016 (index):813 NODEACCESSRELEASED_2
18:15:50.018 (index):813 NODEACCESSRELEASED_3
18:15:50.019 (index):813 NODEACCESSRELEASED_4
18:15:50.020 (index):823 THINKING_5
18:15:50.021 (index):813 NODEACCESSRELEASED_7
18:15:50.023 (index):823 THINKING_9
18:15:50.025 (index):823 THINKING_10
18:15:50.046 (index):823 THINKING_8
18:15:50.383 (index):831 UPDATE_11
18:15:50.485 (index):823 THINKING_11
18:15:50.635 (index):831 UPDATE_6
18:15:50.736 (index):813 NODEACCESSRELEASED_6
18:15:50.858 (index):831 UPDATE_1
18:15:50.926 (index):861 WAITING_12
18:15:50.927 (index):861 WAITING_13
18:15:50.928 (index):861 WAITING_14
18:15:50.959 (index):813 NODEACCESSRELEASED_1
18:15:51.018 (index):843 NODEACCESSREQUESTED_2
18:15:51.019 (index):843 NODEACCESSREQUESTED_3
18:15:51.020 (index):843 NODEACCESSREQUESTED_4
18:15:51.023 (index):843 NODEACCESSREQUESTED_7
18:15:51.737 (index):843 NODEACCESSREQUESTED_6
18:15:51.927 (index):861 WAITING_12
18:15:51.928 (index):861 WAITING_13
18:15:51.929 (index):861 WAITING_14
18:15:51.961 (index):843 NODEACCESSREQUESTED_1
18:15:52.019 (index):831 UPDATE_2
18:15:52.021 (index):831 UPDATE_3
18:15:52.022 (index):831 UPDATE_4
18:15:52.024 (index):831 UPDATE_7
18:15:52.077 (index):831 UPDATE_10
18:15:52.121 (index):813 NODEACCESSRELEASED_2
18:15:52.122 (index):823 THINKING_3
18:15:52.123 (index):813 NODEACCESSRELEASED_4
18:15:52.125 (index):813 NODEACCESSRELEASED_7
18:15:52.177 (index):813 NODEACCESSRELEASED_10
18:15:52.260 (index):831 UPDATE_0
18:15:52.361 (index):813 NODEACCESSRELEASED_0
18:15:52.435 (index):831 UPDATE_5
18:15:52.536 (index):813 NODEACCESSRELEASED_5
18:15:52.739 (index):831 UPDATE_6
18:15:52.840 (index):813 NODEACCESSRELEASED_6
18:15:52.928 (index):861 WAITING_12
18:15:52.930 (index):861 WAITING_13
18:15:52.931 (index):861 WAITING_14
18:15:52.962 (index):831 UPDATE_1
18:15:53.063 (index):823 THINKING_1
18:15:53.122 (index):843 NODEACCESSREQUESTED_2
18:15:53.123 (index):843 NODEACCESSREQUESTED_4
18:15:53.126 (index):843 NODEACCESSREQUESTED_7
18:15:53.179 (index):843 NODEACCESSREQUESTED_10
18:15:53.362 (index):843 NODEACCESSREQUESTED_0
18:15:53.538 (index):843 NODEACCESSREQUESTED_5
18:15:53.783 (index):831 UPDATE_11
18:15:53.841 (index):843 NODEACCESSREQUESTED_6
18:15:53.884 (index):813 NODEACCESSRELEASED_11
18:15:53.930 (index):861 WAITING_12
18:15:53.931 (index):861 WAITING_13
18:15:53.932 (index):861 WAITING_14
18:15:54.123 (index):831 UPDATE_2
18:15:54.124 (index):831 UPDATE_4
18:15:54.127 (index):831 UPDATE_7
18:15:54.180 (index):831 UPDATE_10
18:15:54.224 (index):823 THINKING_2
18:15:54.225 (index):813 NODEACCESSRELEASED_4
18:15:54.228 (index):823 THINKING_7
18:15:54.281 (index):823 THINKING_10
18:15:54.364 (index):831 UPDATE_0
18:15:54.465 (index):813 NODEACCESSRELEASED_0
18:15:54.487 (index):831 UPDATE_8
18:15:54.535 (index):831 UPDATE_9
18:15:54.539 (index):831 UPDATE_5
18:15:54.588 (index):813 NODEACCESSRELEASED_8
18:15:54.636 (index):823 THINKING_9
18:15:54.640 (index):823 THINKING_5
18:15:54.843 (index):831 UPDATE_6
18:15:54.885 (index):843 NODEACCESSREQUESTED_11
18:15:54.931 (index):861 WAITING_12
18:15:54.932 (index):861 WAITING_13
18:15:54.933 (index):861 WAITING_14
18:15:54.944 (index):813 NODEACCESSRELEASED_6
18:15:55.227 (index):843 NODEACCESSREQUESTED_4
18:15:55.466 (index):843 NODEACCESSREQUESTED_0
18:15:55.590 (index):843 NODEACCESSREQUESTED_8
18:15:55.887 (index):831 UPDATE_11
18:15:55.932 (index):861 WAITING_12
18:15:55.933 (index):861 WAITING_13
18:15:55.934 (index):861 WAITING_14
18:15:55.945 (index):843 NODEACCESSREQUESTED_6
18:15:55.988 (index):813 NODEACCESSRELEASED_11
18:15:56.229 (index):831 UPDATE_4
18:15:56.239 (index):831 UPDATE_3
18:15:56.330 (index):813 NODEACCESSRELEASED_4
18:15:56.340 (index):813 NODEACCESSRELEASED_3
18:15:56.402 (index):831 UPDATE_7
18:15:56.467 (index):831 UPDATE_0
18:15:56.503 (index):813 NODEACCESSRELEASED_7
18:15:56.568 (index):823 THINKING_0
18:15:56.591 (index):831 UPDATE_8
18:15:56.613 (index):831 UPDATE_1
18:15:56.692 (index):823 THINKING_8
18:15:56.713 (index):823 THINKING_1
18:15:56.933 (index):861 WAITING_12
18:15:56.934 (index):861 WAITING_13
18:15:56.935 (index):861 WAITING_14
18:15:56.944 (index):831 UPDATE_2
18:15:56.946 (index):831 UPDATE_6
18:15:56.989 (index):843 NODEACCESSREQUESTED_11
18:15:57.042 (index):831 UPDATE_9
18:15:57.045 (index):813 NODEACCESSRELEASED_2
18:15:57.047 (index):813 NODEACCESSRELEASED_6
18:15:57.143 (index):813 NODEACCESSRELEASED_9
18:15:57.259 (index):831 UPDATE_10
18:15:57.331 (index):843 NODEACCESSREQUESTED_4
18:15:57.341 (index):843 NODEACCESSREQUESTED_3
18:15:57.360 (index):813 NODEACCESSRELEASED_10
18:15:57.504 (index):843 NODEACCESSREQUESTED_7
18:15:57.781 (index):831 UPDATE_5
18:15:57.882 (index):813 NODEACCESSRELEASED_5
18:15:57.935 (index):861 WAITING_12
18:15:57.935 (index):861 WAITING_13
18:15:57.936 (index):861 WAITING_14
18:15:57.990 (index):831 UPDATE_11
18:15:58.046 (index):843 NODEACCESSREQUESTED_2
18:15:58.048 (index):843 NODEACCESSREQUESTED_6
18:15:58.091 (index):813 NODEACCESSRELEASED_11
18:15:58.145 (index):843 NODEACCESSREQUESTED_9
18:15:58.332 (index):831 UPDATE_4
18:15:58.342 (index):831 UPDATE_3
18:15:58.362 (index):843 NODEACCESSREQUESTED_10
18:15:58.433 (index):823 THINKING_4
18:15:58.443 (index):813 NODEACCESSRELEASED_3
18:15:58.506 (index):831 UPDATE_7
18:15:58.607 (index):823 THINKING_7
18:15:58.883 (index):843 NODEACCESSREQUESTED_5
18:15:58.935 (index):861 WAITING_12
18:15:58.937 (index):861 WAITING_13
18:15:58.937 (index):861 WAITING_14
18:15:59.047 (index):831 UPDATE_2
18:15:59.049 (index):831 UPDATE_6
18:15:59.092 (index):843 NODEACCESSREQUESTED_11
18:15:59.138 (index):831 UPDATE_0
18:15:59.145 (index):831 UPDATE_9
18:15:59.148 (index):813 NODEACCESSRELEASED_2
18:15:59.149 (index):813 NODEACCESSRELEASED_6
18:15:59.239 (index):823 THINKING_0
18:15:59.247 (index):813 NODEACCESSRELEASED_9
18:15:59.363 (index):831 UPDATE_10
18:15:59.444 (index):843 NODEACCESSREQUESTED_3
18:15:59.464 (index):823 THINKING_10
18:15:59.884 (index):831 UPDATE_5
18:15:59.937 (index):861 WAITING_12
18:15:59.938 (index):861 WAITING_13
18:15:59.939 (index):861 WAITING_14
18:15:59.985 (index):823 THINKING_5
18:16:00.093 (index):831 UPDATE_11
18:16:00.149 (index):843 NODEACCESSREQUESTED_2
18:16:00.150 (index):843 NODEACCESSREQUESTED_6
18:16:00.194 (index):823 THINKING_11
18:16:00.248 (index):843 NODEACCESSREQUESTED_9
18:16:00.446 (index):831 UPDATE_3
18:16:00.547 (index):813 NODEACCESSRELEASED_3
18:16:00.871 (index):831 UPDATE_4
18:16:00.938 (index):861 WAITING_12
18:16:00.939 (index):861 WAITING_13
18:16:00.940 (index):861 WAITING_14
18:16:00.973 (index):813 NODEACCESSRELEASED_4
18:16:01.106 (index):831 UPDATE_1
18:16:01.150 (index):831 UPDATE_2
18:16:01.151 (index):831 UPDATE_6
18:16:01.207 (index):813 NODEACCESSRELEASED_1
18:16:01.215 (index):831 UPDATE_8
18:16:01.249 (index):831 UPDATE_9
18:16:01.251 (index):823 THINKING_2
18:16:01.252 (index):823 THINKING_6
18:16:01.316 (index):813 NODEACCESSRELEASED_8
18:16:01.350 (index):813 NODEACCESSRELEASED_9
18:16:01.548 (index):843 NODEACCESSREQUESTED_3
18:16:01.939 (index):861 WAITING_12
18:16:01.940 (index):861 WAITING_13
18:16:01.941 (index):861 WAITING_14
18:16:01.974 (index):843 NODEACCESSREQUESTED_4
18:16:02.208 (index):843 NODEACCESSREQUESTED_1
18:16:02.318 (index):843 NODEACCESSREQUESTED_8
18:16:02.351 (index):843 NODEACCESSREQUESTED_9
18:16:02.550 (index):831 UPDATE_3
18:16:02.651 (index):813 NODEACCESSRELEASED_3
18:16:02.940 (index):861 WAITING_12
18:16:02.942 (index):861 WAITING_13
18:16:02.942 (index):861 WAITING_14
18:16:02.975 (index):831 UPDATE_4
18:16:03.077 (index):823 THINKING_4
18:16:03.210 (index):831 UPDATE_1
18:16:03.245 (index):831 UPDATE_7
18:16:03.311 (index):823 THINKING_1
18:16:03.319 (index):831 UPDATE_8
18:16:03.346 (index):813 NODEACCESSRELEASED_7
18:16:03.352 (index):831 UPDATE_9
18:16:03.420 (index):813 NODEACCESSRELEASED_8
18:16:03.453 (index):823 THINKING_9
18:16:03.523 (index):831 UPDATE_6
18:16:03.624 (index):823 THINKING_6
18:16:03.652 (index):843 NODEACCESSREQUESTED_3
18:16:03.802 (index):831 UPDATE_2
18:16:03.904 (index):823 THINKING_2
18:16:03.942 (index):861 WAITING_12
18:16:03.943 (index):861 WAITING_13
18:16:03.943 (index):861 WAITING_14
18:16:04.129 (index):831 UPDATE_10
18:16:04.182 (index):831 UPDATE_0
18:16:04.230 (index):813 NODEACCESSRELEASED_10
18:16:04.283 (index):813 NODEACCESSRELEASED_0
18:16:04.347 (index):843 NODEACCESSREQUESTED_7
18:16:04.421 (index):843 NODEACCESSREQUESTED_8
18:16:04.472 (index):831 UPDATE_11
18:16:04.568 (index):831 UPDATE_5
18:16:04.573 (index):813 NODEACCESSRELEASED_11
18:16:04.653 (index):831 UPDATE_3
18:16:04.669 (index):823 THINKING_5
18:16:04.754 (index):813 NODEACCESSRELEASED_3
18:16:04.943 (index):861 WAITING_12
18:16:04.943 (index):861 WAITING_13
18:16:04.944 (index):861 WAITING_14
18:16:05.231 (index):843 NODEACCESSREQUESTED_10
18:16:05.284 (index):843 NODEACCESSREQUESTED_0
18:16:05.349 (index):831 UPDATE_7
18:16:05.422 (index):831 UPDATE_8
18:16:05.449 (index):813 NODEACCESSRELEASED_7
18:16:05.523 (index):823 THINKING_8
18:16:05.574 (index):843 NODEACCESSREQUESTED_11
18:16:05.622 (index):831 UPDATE_1
18:16:05.723 (index):813 NODEACCESSRELEASED_1
18:16:05.755 (index):843 NODEACCESSREQUESTED_3
18:16:05.944 (index):861 WAITING_12
18:16:05.945 (index):861 WAITING_13
18:16:05.946 (index):861 WAITING_14
18:16:06.131 (index):831 UPDATE_2
18:16:06.232 (index):823 THINKING_2
18:16:06.234 (index):831 UPDATE_10
18:16:06.285 (index):831 UPDATE_0
18:16:06.334 (index):823 THINKING_10
18:16:06.387 (index):823 THINKING_0
18:16:06.451 (index):843 NODEACCESSREQUESTED_7
18:16:06.565 (index):831 UPDATE_9
18:16:06.575 (index):831 UPDATE_11
18:16:06.578 (index):831 UPDATE_6
18:16:06.666 (index):813 NODEACCESSRELEASED_9
18:16:06.676 (index):813 NODEACCESSRELEASED_11
18:16:06.679 (index):813 NODEACCESSRELEASED_6
18:16:06.711 (index):831 UPDATE_5
18:16:06.724 (index):843 NODEACCESSREQUESTED_1
18:16:06.756 (index):831 UPDATE_3
18:16:06.812 (index):813 NODEACCESSRELEASED_5
18:16:06.858 (index):823 THINKING_3
18:16:06.945 (index):861 WAITING_12
18:16:06.946 (index):861 WAITING_13
18:16:06.947 (index):861 WAITING_14
18:16:07.285 (index):831 UPDATE_4
18:16:07.387 (index):823 THINKING_4
18:16:07.452 (index):831 UPDATE_7
18:16:07.553 (index):813 NODEACCESSRELEASED_7
18:16:07.667 (index):843 NODEACCESSREQUESTED_9
18:16:07.677 (index):843 NODEACCESSREQUESTED_11
18:16:07.680 (index):843 NODEACCESSREQUESTED_6
18:16:07.726 (index):831 UPDATE_1
18:16:07.814 (index):843 NODEACCESSREQUESTED_5
18:16:07.827 (index):823 THINKING_1
18:16:07.946 (index):861 WAITING_12
18:16:07.947 (index):861 WAITING_13
18:16:07.948 (index):861 WAITING_14
18:16:08.543 (index):831 UPDATE_0
18:16:08.554 (index):843 NODEACCESSREQUESTED_7
18:16:08.644 (index):813 NODEACCESSRELEASED_0
18:16:08.669 (index):831 UPDATE_9
18:16:08.679 (index):831 UPDATE_11
18:16:08.681 (index):831 UPDATE_6
18:16:08.770 (index):813 NODEACCESSRELEASED_9
18:16:08.780 (index):813 NODEACCESSRELEASED_11
18:16:08.782 (index):813 NODEACCESSRELEASED_6
18:16:08.815 (index):831 UPDATE_5
18:16:08.821 (index):831 UPDATE_8
18:16:08.917 (index):823 THINKING_5
18:16:08.922 (index):813 NODEACCESSRELEASED_8
18:16:08.947 (index):861 WAITING_12
18:16:08.948 (index):861 WAITING_13
18:16:08.949 (index):861 WAITING_14
18:16:09.265 (index):831 UPDATE_3
18:16:09.366 (index):813 NODEACCESSRELEASED_3
18:16:09.555 (index):831 UPDATE_7
18:16:09.645 (index):843 NODEACCESSREQUESTED_0
18:16:09.656 (index):813 NODEACCESSRELEASED_7
18:16:09.771 (index):843 NODEACCESSREQUESTED_9
18:16:09.852 (index):843 NODEACCESSREQUESTED_11
18:16:09.930 (index):843 NODEACCESSREQUESTED_6
18:16:10.086 (index):843 NODEACCESSREQUESTED_8
18:16:10.153 (index):861 WAITING_12
18:16:10.216 (index):861 WAITING_13
18:16:10.216 (index):861 WAITING_14
18:16:10.217 (index):831 UPDATE_10
18:16:10.356 (index):813 NODEACCESSRELEASED_10
18:16:10.367 (index):843 NODEACCESSREQUESTED_3
18:16:10.647 (index):831 UPDATE_0
18:16:10.657 (index):843 NODEACCESSREQUESTED_7
18:16:10.748 (index):813 NODEACCESSRELEASED_0
18:16:10.757 (index):831 UPDATE_1
18:16:10.773 (index):831 UPDATE_9
18:16:10.853 (index):831 UPDATE_11
18:16:10.858 (index):823 THINKING_1
18:16:10.874 (index):823 THINKING_9
18:16:10.931 (index):831 UPDATE_6
18:16:10.954 (index):823 THINKING_11
18:16:11.032 (index):813 NODEACCESSRELEASED_6
18:16:11.087 (index):831 UPDATE_8
18:16:11.088 (index):831 UPDATE_2
18:16:11.154 (index):861 WAITING_12
18:16:11.188 (index):813 NODEACCESSRELEASED_8
18:16:11.189 (index):813 NODEACCESSRELEASED_2
18:16:11.216 (index):861 WAITING_13
18:16:11.218 (index):861 WAITING_14
18:16:11.346 (index):831 UPDATE_4
18:16:11.357 (index):843 NODEACCESSREQUESTED_10
18:16:11.369 (index):831 UPDATE_3
18:16:11.447 (index):823 THINKING_4
18:16:11.470 (index):813 NODEACCESSRELEASED_3
18:16:11.659 (index):831 UPDATE_7
18:16:11.749 (index):843 NODEACCESSREQUESTED_0
18:16:11.760 (index):813 NODEACCESSRELEASED_7
18:16:12.033 (index):843 NODEACCESSREQUESTED_6
18:16:12.155 (index):861 WAITING_12
18:16:12.189 (index):843 NODEACCESSREQUESTED_8
18:16:12.190 (index):843 NODEACCESSREQUESTED_2
18:16:12.218 (index):861 WAITING_13
18:16:12.219 (index):861 WAITING_14
18:16:12.358 (index):831 UPDATE_10
18:16:12.459 (index):823 THINKING_10
18:16:12.471 (index):843 NODEACCESSREQUESTED_3
18:16:12.751 (index):831 UPDATE_0
18:16:12.761 (index):843 NODEACCESSREQUESTED_7
18:16:12.851 (index):823 THINKING_0
18:16:13.034 (index):831 UPDATE_6
18:16:13.135 (index):813 NODEACCESSRELEASED_6
18:16:13.156 (index):861 WAITING_12
18:16:13.190 (index):831 UPDATE_8
18:16:13.191 (index):831 UPDATE_2
18:16:13.218 (index):861 WAITING_13
18:16:13.219 (index):861 WAITING_14
18:16:13.291 (index):813 NODEACCESSRELEASED_8
18:16:13.292 (index):813 NODEACCESSRELEASED_2
18:16:13.473 (index):831 UPDATE_3
18:16:13.574 (index):823 THINKING_3
18:16:13.762 (index):831 UPDATE_7
18:16:13.852 (index):831 UPDATE_5
18:16:13.863 (index):823 THINKING_7
18:16:13.953 (index):813 NODEACCESSRELEASED_5
18:16:14.136 (index):843 NODEACCESSREQUESTED_6
18:16:14.157 (index):861 WAITING_12
18:16:14.214 (index):831 UPDATE_4
18:16:14.219 (index):861 WAITING_13
18:16:14.220 (index):861 WAITING_14
18:16:14.292 (index):843 NODEACCESSREQUESTED_8
18:16:14.293 (index):843 NODEACCESSREQUESTED_2
18:16:14.314 (index):813 NODEACCESSRELEASED_4
18:16:14.338 (index):831 UPDATE_11
18:16:14.439 (index):813 NODEACCESSRELEASED_11
18:16:14.497 (index):831 UPDATE_9
18:16:14.598 (index):813 NODEACCESSRELEASED_9
18:16:14.954 (index):843 NODEACCESSREQUESTED_5
18:16:15.138 (index):831 UPDATE_6
18:16:15.157 (index):861 WAITING_12
18:16:15.220 (index):861 WAITING_13
18:16:15.221 (index):861 WAITING_14
18:16:15.239 (index):813 NODEACCESSRELEASED_6
18:16:15.293 (index):831 UPDATE_8
18:16:15.294 (index):831 UPDATE_2
18:16:15.316 (index):843 NODEACCESSREQUESTED_4
18:16:15.394 (index):813 NODEACCESSRELEASED_8
18:16:15.395 (index):813 NODEACCESSRELEASED_2
18:16:15.440 (index):843 NODEACCESSREQUESTED_11
18:16:15.468 (index):831 UPDATE_1
18:16:15.570 (index):823 THINKING_1
18:16:15.599 (index):843 NODEACCESSREQUESTED_9
18:16:15.912 (index):831 UPDATE_3
18:16:15.956 (index):831 UPDATE_5
18:16:16.013 (index):813 NODEACCESSRELEASED_3
18:16:16.057 (index):813 NODEACCESSRELEASED_5
18:16:16.159 (index):861 WAITING_12
18:16:16.221 (index):861 WAITING_13
18:16:16.223 (index):861 WAITING_14
18:16:16.240 (index):843 NODEACCESSREQUESTED_6
18:16:16.317 (index):831 UPDATE_4
18:16:16.395 (index):843 NODEACCESSREQUESTED_8
18:16:16.396 (index):843 NODEACCESSREQUESTED_2
18:16:16.418 (index):813 NODEACCESSRELEASED_4
18:16:16.442 (index):831 UPDATE_11
18:16:16.543 (index):813 NODEACCESSRELEASED_11
18:16:16.600 (index):831 UPDATE_9
18:16:16.702 (index):813 NODEACCESSRELEASED_9
18:16:16.847 (index):831 UPDATE_0
18:16:16.948 (index):813 NODEACCESSRELEASED_0
18:16:17.014 (index):843 NODEACCESSREQUESTED_3
18:16:17.059 (index):843 NODEACCESSREQUESTED_5
18:16:17.160 (index):861 WAITING_12
18:16:17.223 (index):861 WAITING_13
18:16:17.224 (index):861 WAITING_14
18:16:17.241 (index):831 UPDATE_6
18:16:17.300 (index):831 UPDATE_7
18:16:17.343 (index):872 END_6
18:16:17.344 (index):831 UPDATE_10
18:16:17.396 (index):831 UPDATE_8
18:16:17.398 (index):831 UPDATE_2
18:16:17.400 (index):813 NODEACCESSRELEASED_7
18:16:17.420 (index):843 NODEACCESSREQUESTED_4
18:16:17.445 (index):813 NODEACCESSRELEASED_10
18:16:17.498 (index):813 NODEACCESSRELEASED_8
18:16:17.499 (index):813 NODEACCESSRELEASED_2
18:16:17.545 (index):843 NODEACCESSREQUESTED_11
18:16:17.703 (index):843 NODEACCESSREQUESTED_9
18:16:17.950 (index):843 NODEACCESSREQUESTED_0
18:16:18.016 (index):831 UPDATE_3
18:16:18.060 (index):831 UPDATE_5
18:16:18.117 (index):872 END_3
18:16:18.161 (index):813 NODEACCESSRELEASED_5
18:16:18.162 (index):861 WAITING_12
18:16:18.224 (index):861 WAITING_13
18:16:18.226 (index):861 WAITING_14
18:16:18.402 (index):843 NODEACCESSREQUESTED_7
18:16:18.421 (index):831 UPDATE_4
18:16:18.447 (index):843 NODEACCESSREQUESTED_10
18:16:18.499 (index):843 NODEACCESSREQUESTED_8
18:16:18.501 (index):843 NODEACCESSREQUESTED_2
18:16:18.522 (index):823 THINKING_4
18:16:18.546 (index):831 UPDATE_11
18:16:18.647 (index):823 THINKING_11
18:16:18.705 (index):831 UPDATE_9
18:16:18.806 (index):813 NODEACCESSRELEASED_9
18:16:18.951 (index):831 UPDATE_0
18:16:19.052 (index):813 NODEACCESSRELEASED_0
18:16:19.163 (index):843 NODEACCESSREQUESTED_5
18:16:19.164 (index):861 WAITING_12
18:16:19.226 (index):861 WAITING_13
18:16:19.227 (index):861 WAITING_14
18:16:19.403 (index):831 UPDATE_7
18:16:19.448 (index):831 UPDATE_10
18:16:19.501 (index):831 UPDATE_8
18:16:19.502 (index):831 UPDATE_2
18:16:19.504 (index):872 END_7
18:16:19.549 (index):813 NODEACCESSRELEASED_10
18:16:19.602 (index):813 NODEACCESSRELEASED_8
18:16:19.603 (index):872 END_2
18:16:19.762 (index):831 UPDATE_1
18:16:19.807 (index):843 NODEACCESSREQUESTED_9
18:16:19.863 (index):813 NODEACCESSRELEASED_1
18:16:20.054 (index):843 NODEACCESSREQUESTED_0
18:16:20.164 (index):831 UPDATE_5
18:16:20.165 (index):861 WAITING_12
18:16:20.229 (index):861 WAITING_13
18:16:20.231 (index):861 WAITING_14
18:16:20.265 (index):813 NODEACCESSRELEASED_5
18:16:20.550 (index):843 NODEACCESSREQUESTED_10
18:16:20.603 (index):843 NODEACCESSREQUESTED_8
18:16:20.809 (index):831 UPDATE_9
18:16:20.865 (index):843 NODEACCESSREQUESTED_1
18:16:20.910 (index):872 END_9
18:16:21.055 (index):831 UPDATE_0
18:16:21.156 (index):813 NODEACCESSRELEASED_0
18:16:21.166 (index):861 WAITING_12
18:16:21.231 (index):861 WAITING_13
18:16:21.232 (index):861 WAITING_14
18:16:21.267 (index):843 NODEACCESSREQUESTED_5
18:16:21.551 (index):831 UPDATE_10
18:16:21.604 (index):831 UPDATE_8
18:16:21.653 (index):813 NODEACCESSRELEASED_10
18:16:21.706 (index):872 END_8
18:16:21.811 (index):831 UPDATE_11
18:16:21.867 (index):831 UPDATE_1
18:16:21.913 (index):872 END_11
18:16:21.968 (index):823 THINKING_1
18:16:22.157 (index):843 NODEACCESSREQUESTED_0
18:16:22.167 (index):861 WAITING_12
18:16:22.232 (index):861 WAITING_13
18:16:22.233 (index):861 WAITING_14
18:16:22.268 (index):831 UPDATE_5
18:16:22.369 (index):872 END_5
18:16:22.654 (index):843 NODEACCESSREQUESTED_10
18:16:22.913 (index):831 UPDATE_4
18:16:23.014 (index):872 END_4
18:16:23.158 (index):831 UPDATE_0
18:16:23.168 (index):861 WAITING_12
18:16:23.233 (index):861 WAITING_13
18:16:23.234 (index):861 WAITING_14
18:16:23.259 (index):872 END_0
18:16:23.655 (index):831 UPDATE_10
18:16:23.756 (index):872 END_10
18:16:24.146 (index):831 UPDATE_1
18:16:24.169 (index):861 WAITING_12
18:16:24.234 (index):861 WAITING_13
18:16:24.235 (index):861 WAITING_14
18:16:24.247 (index):813 NODEACCESSRELEASED_1
18:16:25.170 (index):813 NODEACCESSRELEASED_12
18:16:25.235 (index):823 THINKING_13
18:16:25.236 (index):861 WAITING_14
18:16:25.249 (index):843 NODEACCESSREQUESTED_1
18:16:26.172 (index):843 NODEACCESSREQUESTED_12
18:16:26.237 (index):861 WAITING_14
18:16:26.249 (index):861 WAITING_1
18:16:27.173 (index):861 WAITING_12
18:16:27.238 (index):861 WAITING_14
18:16:27.251 (index):861 WAITING_1
18:16:28.174 (index):861 WAITING_12
18:16:28.239 (index):861 WAITING_14
18:16:28.251 (index):861 WAITING_1
18:16:29.175 (index):861 WAITING_12
18:16:29.240 (index):861 WAITING_14
18:16:29.253 (index):861 WAITING_1
18:16:29.510 (index):831 UPDATE_13
18:16:29.611 (index):813 NODEACCESSRELEASED_13
18:16:30.176 (index):861 WAITING_12
18:16:30.241 (index):823 THINKING_14
18:16:30.254 (index):861 WAITING_1
18:16:30.613 (index):843 NODEACCESSREQUESTED_13
18:16:31.177 (index):861 WAITING_12
18:16:31.255 (index):861 WAITING_1
18:16:31.614 (index):861 WAITING_13
18:16:32.179 (index):861 WAITING_12
18:16:32.257 (index):861 WAITING_1
18:16:32.615 (index):861 WAITING_13
18:16:33.180 (index):861 WAITING_12
18:16:33.258 (index):861 WAITING_1
18:16:33.616 (index):861 WAITING_13
18:16:34.181 (index):861 WAITING_12
18:16:34.259 (index):861 WAITING_1
18:16:34.617 (index):861 WAITING_13
18:16:34.694 (index):831 UPDATE_14
18:16:34.795 (index):813 NODEACCESSRELEASED_14
18:16:35.182 (index):861 WAITING_12
18:16:35.261 (index):831 UPDATE_1
18:16:35.362 (index):872 END_1
18:16:35.619 (index):861 WAITING_13
18:16:35.796 (index):843 NODEACCESSREQUESTED_14
18:16:36.183 (index):831 UPDATE_12
18:16:36.284 (index):813 NODEACCESSRELEASED_12
18:16:36.619 (index):831 UPDATE_13
18:16:36.721 (index):813 NODEACCESSRELEASED_13
18:16:36.798 (index):831 UPDATE_14
18:16:36.899 (index):823 THINKING_14
18:16:37.285 (index):843 NODEACCESSREQUESTED_12
18:16:37.722 (index):843 NODEACCESSREQUESTED_13
18:16:38.286 (index):831 UPDATE_12
18:16:38.388 (index):813 NODEACCESSRELEASED_12
18:16:38.723 (index):831 UPDATE_13
18:16:38.825 (index):813 NODEACCESSRELEASED_13
18:16:39.389 (index):843 NODEACCESSREQUESTED_12
18:16:39.826 (index):843 NODEACCESSREQUESTED_13
18:16:39.900 (index):831 UPDATE_14
18:16:40.002 (index):813 NODEACCESSRELEASED_14
18:16:40.390 (index):831 UPDATE_12
18:16:40.491 (index):823 THINKING_12
18:16:40.827 (index):831 UPDATE_13
18:16:40.929 (index):813 NODEACCESSRELEASED_13
18:16:41.003 (index):843 NODEACCESSREQUESTED_14
18:16:41.930 (index):843 NODEACCESSREQUESTED_13
18:16:42.004 (index):831 UPDATE_14
18:16:42.105 (index):813 NODEACCESSRELEASED_14
18:16:42.931 (index):831 UPDATE_13
18:16:43.032 (index):813 NODEACCESSRELEASED_13
18:16:43.106 (index):843 NODEACCESSREQUESTED_14
18:16:44.033 (index):843 NODEACCESSREQUESTED_13
18:16:44.108 (index):831 UPDATE_14
18:16:44.208 (index):813 NODEACCESSRELEASED_14
18:16:45.035 (index):831 UPDATE_13
18:16:45.136 (index):813 NODEACCESSRELEASED_13
18:16:45.151 (index):831 UPDATE_12
18:16:45.209 (index):843 NODEACCESSREQUESTED_14
18:16:45.252 (index):813 NODEACCESSRELEASED_12
18:16:46.137 (index):843 NODEACCESSREQUESTED_13
18:16:46.210 (index):831 UPDATE_14
18:16:46.253 (index):843 NODEACCESSREQUESTED_12
18:16:46.312 (index):813 NODEACCESSRELEASED_14
18:16:47.138 (index):831 UPDATE_13
18:16:47.239 (index):813 NODEACCESSRELEASED_13
18:16:47.254 (index):831 UPDATE_12
18:16:47.313 (index):843 NODEACCESSREQUESTED_14
18:16:47.355 (index):813 NODEACCESSRELEASED_12
18:16:48.240 (index):843 NODEACCESSREQUESTED_13
18:16:48.315 (index):831 UPDATE_14
18:16:48.356 (index):843 NODEACCESSREQUESTED_12
18:16:48.416 (index):823 THINKING_14
18:16:49.241 (index):831 UPDATE_13
18:16:49.342 (index):813 NODEACCESSRELEASED_13
18:16:49.357 (index):831 UPDATE_12
18:16:49.458 (index):813 NODEACCESSRELEASED_12
18:16:50.344 (index):843 NODEACCESSREQUESTED_13
18:16:50.459 (index):843 NODEACCESSREQUESTED_12
18:16:50.646 (index):831 UPDATE_14
18:16:50.748 (index):813 NODEACCESSRELEASED_14
18:16:51.345 (index):831 UPDATE_13
18:16:51.446 (index):813 NODEACCESSRELEASED_13
18:16:51.461 (index):831 UPDATE_12
18:16:51.562 (index):813 NODEACCESSRELEASED_12
18:16:51.749 (index):843 NODEACCESSREQUESTED_14
18:16:52.448 (index):843 NODEACCESSREQUESTED_13
18:16:52.563 (index):843 NODEACCESSREQUESTED_12
18:16:52.750 (index):831 UPDATE_14
18:16:52.851 (index):813 NODEACCESSRELEASED_14
18:16:53.449 (index):831 UPDATE_13
18:16:53.550 (index):813 NODEACCESSRELEASED_13
18:16:53.564 (index):831 UPDATE_12
18:16:53.665 (index):813 NODEACCESSRELEASED_12
18:16:53.852 (index):843 NODEACCESSREQUESTED_14
18:16:54.551 (index):843 NODEACCESSREQUESTED_13
18:16:54.667 (index):843 NODEACCESSREQUESTED_12
18:16:54.853 (index):831 UPDATE_14
18:16:54.954 (index):823 THINKING_14
18:16:55.552 (index):831 UPDATE_13
18:16:55.653 (index):813 NODEACCESSRELEASED_13
18:16:55.668 (index):831 UPDATE_12
18:16:55.769 (index):813 NODEACCESSRELEASED_12
18:16:56.655 (index):843 NODEACCESSREQUESTED_13
18:16:56.770 (index):843 NODEACCESSREQUESTED_12
18:16:57.656 (index):831 UPDATE_13
18:16:57.757 (index):813 NODEACCESSRELEASED_13
18:16:57.771 (index):831 UPDATE_12
18:16:57.872 (index):823 THINKING_12
18:16:58.153 (index):831 UPDATE_14
18:16:58.254 (index):823 THINKING_14
18:16:58.758 (index):843 NODEACCESSREQUESTED_13
18:16:59.759 (index):831 UPDATE_13
18:16:59.860 (index):872 END_13
18:17:01.248 (index):831 UPDATE_12
18:17:01.349 (index):813 NODEACCESSRELEASED_12
18:17:02.328 (index):831 UPDATE_14
18:17:02.350 (index):843 NODEACCESSREQUESTED_12
18:17:02.430 (index):813 NODEACCESSRELEASED_14
18:17:03.351 (index):831 UPDATE_12
18:17:03.430 (index):843 NODEACCESSREQUESTED_14
18:17:03.452 (index):813 NODEACCESSRELEASED_12
18:17:04.431 (index):831 UPDATE_14
18:17:04.453 (index):843 NODEACCESSREQUESTED_12
18:17:04.532 (index):872 END_14
18:17:05.454 (index):831 UPDATE_12
18:17:05.556 (index):872 END_12
