18:06:09.230 (index):989 Tasks: 25; Collaborators: 8    =========================>
18:06:09.231 (index):843 NODEACCESSREQUESTED_0
18:06:09.232 (index):843 NODEACCESSREQUESTED_1
18:06:09.233 (index):843 NODEACCESSREQUESTED_2
18:06:09.234 (index):843 NODEACCESSREQUESTED_3
18:06:09.235 (index):843 NODEACCESSREQUESTED_4
18:06:09.235 (index):843 NODEACCESSREQUESTED_5
18:06:09.236 (index):843 NODEACCESSREQUESTED_6
18:06:09.236 (index):843 NODEACCESSREQUESTED_7
18:06:11.226 (index):823 THINKING_0
18:06:11.227 (index):823 THINKING_1
18:06:11.228 (index):813 NODEACCESSRELEASED_2
18:06:11.229 (index):813 NODEACCESSRELEASED_3
18:06:11.230 (index):813 NODEACCESSRELEASED_4
18:06:11.231 (index):813 NODEACCESSRELEASED_5
18:06:11.232 (index):823 THINKING_6
18:06:11.233 (index):813 NODEACCESSRELEASED_7
18:06:13.226 (index):843 NODEACCESSREQUESTED_2
18:06:13.227 (index):843 NODEACCESSREQUESTED_3
18:06:13.228 (index):843 NODEACCESSREQUESTED_4
18:06:13.228 (index):843 NODEACCESSREQUESTED_5
18:06:13.229 (index):843 NODEACCESSREQUESTED_7
18:06:14.227 (index):831 UPDATE_6
18:06:14.228 (index):831 UPDATE_1
18:06:15.228 (index):831 UPDATE_2
18:06:15.229 (index):831 UPDATE_3
18:06:15.229 (index):831 UPDATE_4
18:06:15.230 (index):831 UPDATE_5
18:06:15.230 (index):831 UPDATE_7
18:06:15.231 (index):813 NODEACCESSRELEASED_6
18:06:15.232 (index):813 NODEACCESSRELEASED_1
18:06:16.227 (index):813 NODEACCESSRELEASED_2
18:06:16.229 (index):813 NODEACCESSRELEASED_3
18:06:16.230 (index):813 NODEACCESSRELEASED_4
18:06:16.231 (index):823 THINKING_5
18:06:16.232 (index):813 NODEACCESSRELEASED_7
18:06:16.233 (index):831 UPDATE_0
18:06:17.226 (index):843 NODEACCESSREQUESTED_6
18:06:17.228 (index):843 NODEACCESSREQUESTED_1
18:06:17.230 (index):813 NODEACCESSRELEASED_0
18:06:18.226 (index):843 NODEACCESSREQUESTED_2
18:06:18.228 (index):843 NODEACCESSREQUESTED_3
18:06:18.229 (index):843 NODEACCESSREQUESTED_4
18:06:18.231 (index):843 NODEACCESSREQUESTED_7
18:06:19.226 (index):831 UPDATE_6
18:06:19.228 (index):831 UPDATE_1
18:06:19.230 (index):843 NODEACCESSREQUESTED_0
18:06:19.231 (index):831 UPDATE_5
18:06:20.227 (index):831 UPDATE_2
18:06:20.229 (index):831 UPDATE_3
18:06:20.232 (index):831 UPDATE_4
18:06:20.234 (index):831 UPDATE_7
18:06:20.235 (index):813 NODEACCESSRELEASED_6
18:06:20.236 (index):823 THINKING_1
18:06:20.238 (index):813 NODEACCESSRELEASED_5
18:06:21.226 (index):831 UPDATE_0
18:06:21.227 (index):813 NODEACCESSRELEASED_2
18:06:21.229 (index):823 THINKING_3
18:06:21.230 (index):813 NODEACCESSRELEASED_4
18:06:21.231 (index):813 NODEACCESSRELEASED_7
18:06:22.226 (index):843 NODEACCESSREQUESTED_6
18:06:22.228 (index):843 NODEACCESSREQUESTED_5
18:06:22.229 (index):813 NODEACCESSRELEASED_0
18:06:23.226 (index):843 NODEACCESSREQUESTED_2
18:06:23.227 (index):843 NODEACCESSREQUESTED_4
18:06:23.228 (index):843 NODEACCESSREQUESTED_7
18:06:24.226 (index):831 UPDATE_6
18:06:24.227 (index):831 UPDATE_5
18:06:24.227 (index):843 NODEACCESSREQUESTED_0
18:06:24.228 (index):831 UPDATE_1
18:06:25.226 (index):831 UPDATE_2
18:06:25.228 (index):831 UPDATE_4
18:06:25.229 (index):831 UPDATE_7
18:06:25.231 (index):813 NODEACCESSRELEASED_6
18:06:25.231 (index):823 THINKING_5
18:06:25.232 (index):823 THINKING_1
18:06:26.226 (index):831 UPDATE_0
18:06:26.228 (index):823 THINKING_2
18:06:26.229 (index):813 NODEACCESSRELEASED_4
18:06:26.234 (index):823 THINKING_7
18:06:26.235 (index):831 UPDATE_3
18:06:27.226 (index):843 NODEACCESSREQUESTED_6
18:06:27.228 (index):823 THINKING_0
18:06:27.229 (index):813 NODEACCESSRELEASED_3
18:06:28.226 (index):843 NODEACCESSREQUESTED_4
18:06:29.226 (index):831 UPDATE_6
18:06:29.228 (index):843 NODEACCESSREQUESTED_3
18:06:29.230 (index):831 UPDATE_5
18:06:29.231 (index):831 UPDATE_7
18:06:29.233 (index):831 UPDATE_2
18:06:30.226 (index):831 UPDATE_4
18:06:30.227 (index):813 NODEACCESSRELEASED_6
18:06:30.228 (index):813 NODEACCESSRELEASED_5
18:06:30.229 (index):813 NODEACCESSRELEASED_7
18:06:30.229 (index):813 NODEACCESSRELEASED_2
18:06:30.231 (index):831 UPDATE_1
18:06:30.232 (index):831 UPDATE_0
18:06:31.227 (index):831 UPDATE_3
18:06:31.228 (index):813 NODEACCESSRELEASED_4
18:06:31.231 (index):813 NODEACCESSRELEASED_1
18:06:31.232 (index):823 THINKING_0
18:06:32.226 (index):843 NODEACCESSREQUESTED_6
18:06:32.227 (index):843 NODEACCESSREQUESTED_5
18:06:32.228 (index):843 NODEACCESSREQUESTED_7
18:06:32.229 (index):843 NODEACCESSREQUESTED_2
18:06:32.230 (index):813 NODEACCESSRELEASED_3
18:06:33.226 (index):843 NODEACCESSREQUESTED_4
18:06:33.227 (index):843 NODEACCESSREQUESTED_1
18:06:34.226 (index):831 UPDATE_6
18:06:34.227 (index):831 UPDATE_5
18:06:34.228 (index):831 UPDATE_7
18:06:34.230 (index):831 UPDATE_2
18:06:34.230 (index):843 NODEACCESSREQUESTED_3
18:06:35.226 (index):831 UPDATE_4
18:06:35.227 (index):831 UPDATE_1
18:06:35.227 (index):813 NODEACCESSRELEASED_6
18:06:35.228 (index):823 THINKING_5
18:06:35.229 (index):823 THINKING_7
18:06:35.229 (index):813 NODEACCESSRELEASED_2
18:06:36.226 (index):831 UPDATE_3
18:06:36.228 (index):823 THINKING_4
18:06:36.229 (index):823 THINKING_1
18:06:36.231 (index):831 UPDATE_0
18:06:37.226 (index):843 NODEACCESSREQUESTED_6
18:06:37.228 (index):843 NODEACCESSREQUESTED_2
18:06:37.230 (index):813 NODEACCESSRELEASED_3
18:06:37.231 (index):813 NODEACCESSRELEASED_0
18:06:39.226 (index):831 UPDATE_6
18:06:39.227 (index):831 UPDATE_2
18:06:39.228 (index):843 NODEACCESSREQUESTED_3
18:06:39.230 (index):843 NODEACCESSREQUESTED_0
18:06:39.231 (index):831 UPDATE_1
18:06:39.232 (index):831 UPDATE_4
18:06:40.228 (index):823 THINKING_6
18:06:40.229 (index):823 THINKING_2
18:06:40.230 (index):813 NODEACCESSRELEASED_1
18:06:40.231 (index):813 NODEACCESSRELEASED_4
18:06:40.232 (index):831 UPDATE_5
18:06:40.232 (index):831 UPDATE_7
18:06:41.226 (index):831 UPDATE_3
18:06:41.228 (index):831 UPDATE_0
18:06:41.229 (index):823 THINKING_5
18:06:41.231 (index):813 NODEACCESSRELEASED_7
18:06:42.226 (index):843 NODEACCESSREQUESTED_1
18:06:42.228 (index):843 NODEACCESSREQUESTED_4
18:06:42.229 (index):813 NODEACCESSRELEASED_3
18:06:42.231 (index):823 THINKING_0
18:06:43.226 (index):843 NODEACCESSREQUESTED_7
18:06:43.228 (index):831 UPDATE_6
18:06:43.229 (index):831 UPDATE_2
18:06:44.226 (index):831 UPDATE_1
18:06:44.227 (index):831 UPDATE_4
18:06:44.227 (index):843 NODEACCESSREQUESTED_3
18:06:44.228 (index):831 UPDATE_5
18:06:44.229 (index):823 THINKING_6
18:06:44.229 (index):823 THINKING_2
18:06:45.230 (index):831 UPDATE_7
18:06:45.231 (index):823 THINKING_1
18:06:45.232 (index):823 THINKING_4
18:06:45.233 (index):813 NODEACCESSRELEASED_5
18:06:45.234 (index):831 UPDATE_0
18:06:45.235 (index):831 UPDATE_3
18:06:46.226 (index):813 NODEACCESSRELEASED_7
18:06:46.227 (index):813 NODEACCESSRELEASED_0
18:06:46.228 (index):813 NODEACCESSRELEASED_3
18:06:47.227 (index):843 NODEACCESSREQUESTED_5
18:06:47.229 (index):831 UPDATE_2
18:06:47.230 (index):831 UPDATE_6
18:06:47.231 (index):843 NODEACCESSREQUESTED_7
18:06:48.226 (index):843 NODEACCESSREQUESTED_0
18:06:48.227 (index):843 NODEACCESSREQUESTED_3
18:06:48.228 (index):823 THINKING_2
18:06:48.229 (index):813 NODEACCESSRELEASED_6
18:06:48.229 (index):831 UPDATE_1
18:06:49.226 (index):831 UPDATE_5
18:06:49.228 (index):831 UPDATE_7
18:06:49.229 (index):823 THINKING_1
18:06:50.226 (index):831 UPDATE_0
18:06:50.227 (index):831 UPDATE_3
18:06:50.228 (index):843 NODEACCESSREQUESTED_6
18:06:50.230 (index):823 THINKING_5
18:06:50.231 (index):813 NODEACCESSRELEASED_7
18:06:50.233 (index):831 UPDATE_4
18:06:51.226 (index):813 NODEACCESSRELEASED_0
18:06:51.228 (index):823 THINKING_3
18:06:51.229 (index):823 THINKING_4
18:06:52.226 (index):831 UPDATE_6
18:06:52.228 (index):843 NODEACCESSREQUESTED_7
18:06:53.226 (index):843 NODEACCESSREQUESTED_0
18:06:53.228 (index):813 NODEACCESSRELEASED_6
18:06:53.231 (index):831 UPDATE_2
18:06:54.226 (index):831 UPDATE_7
18:06:54.227 (index):813 NODEACCESSRELEASED_2
18:06:54.229 (index):831 UPDATE_3
18:06:54.230 (index):831 UPDATE_1
18:06:55.227 (index):831 UPDATE_0
18:06:55.229 (index):843 NODEACCESSREQUESTED_6
18:06:55.230 (index):813 NODEACCESSRELEASED_7
18:06:55.231 (index):813 NODEACCESSRELEASED_3
18:06:55.231 (index):823 THINKING_1
18:06:55.232 (index):831 UPDATE_5
18:06:55.232 (index):831 UPDATE_4
18:06:56.226 (index):843 NODEACCESSREQUESTED_2
18:06:56.227 (index):823 THINKING_0
18:06:56.228 (index):813 NODEACCESSRELEASED_5
18:06:56.229 (index):823 THINKING_4
18:06:57.226 (index):831 UPDATE_6
18:06:57.228 (index):843 NODEACCESSREQUESTED_7
18:06:57.229 (index):843 NODEACCESSREQUESTED_3
18:06:58.226 (index):831 UPDATE_2
18:06:58.228 (index):843 NODEACCESSREQUESTED_5
18:06:58.230 (index):813 NODEACCESSRELEASED_6
18:06:59.227 (index):831 UPDATE_7
18:06:59.229 (index):831 UPDATE_3
18:06:59.230 (index):813 NODEACCESSRELEASED_2
18:06:59.231 (index):831 UPDATE_4
18:07:00.226 (index):831 UPDATE_5
18:07:00.228 (index):843 NODEACCESSREQUESTED_6
18:07:00.229 (index):813 NODEACCESSRELEASED_7
18:07:00.231 (index):813 NODEACCESSRELEASED_3
18:07:00.232 (index):813 NODEACCESSRELEASED_4
18:07:00.233 (index):831 UPDATE_1
18:07:00.234 (index):831 UPDATE_0
18:07:01.226 (index):843 NODEACCESSREQUESTED_2
18:07:01.227 (index):813 NODEACCESSRELEASED_5
18:07:01.228 (index):813 NODEACCESSRELEASED_1
18:07:01.228 (index):813 NODEACCESSRELEASED_0
18:07:02.226 (index):831 UPDATE_6
18:07:02.228 (index):843 NODEACCESSREQUESTED_7
18:07:02.229 (index):843 NODEACCESSREQUESTED_3
18:07:02.232 (index):843 NODEACCESSREQUESTED_4
18:07:03.226 (index):831 UPDATE_2
18:07:03.227 (index):843 NODEACCESSREQUESTED_5
18:07:03.228 (index):843 NODEACCESSREQUESTED_1
18:07:03.228 (index):843 NODEACCESSREQUESTED_0
18:07:03.229 (index):813 NODEACCESSRELEASED_6
18:07:04.226 (index):831 UPDATE_7
18:07:04.228 (index):831 UPDATE_3
18:07:04.229 (index):831 UPDATE_4
18:07:04.230 (index):813 NODEACCESSRELEASED_2
18:07:05.229 (index):831 UPDATE_5
18:07:05.231 (index):831 UPDATE_1
18:07:05.232 (index):831 UPDATE_0
18:07:05.234 (index):843 NODEACCESSREQUESTED_6
18:07:05.236 (index):823 THINKING_7
18:07:05.237 (index):823 THINKING_3
18:07:05.238 (index):813 NODEACCESSRELEASED_4
18:07:06.226 (index):843 NODEACCESSREQUESTED_2
18:07:06.228 (index):813 NODEACCESSRELEASED_5
18:07:06.229 (index):823 THINKING_1
18:07:06.231 (index):813 NODEACCESSRELEASED_0
18:07:07.226 (index):831 UPDATE_6
18:07:07.228 (index):843 NODEACCESSREQUESTED_4
18:07:08.226 (index):831 UPDATE_2
18:07:08.228 (index):843 NODEACCESSREQUESTED_5
18:07:08.229 (index):843 NODEACCESSREQUESTED_0
18:07:08.231 (index):813 NODEACCESSRELEASED_6
18:07:08.232 (index):831 UPDATE_3
18:07:09.226 (index):831 UPDATE_4
18:07:09.228 (index):813 NODEACCESSRELEASED_2
18:07:09.229 (index):813 NODEACCESSRELEASED_3
18:07:09.230 (index):831 UPDATE_1
18:07:09.231 (index):831 UPDATE_7
18:07:10.226 (index):831 UPDATE_5
18:07:10.228 (index):831 UPDATE_0
18:07:10.229 (index):843 NODEACCESSREQUESTED_6
18:07:10.230 (index):823 THINKING_4
18:07:10.231 (index):813 NODEACCESSRELEASED_1
18:07:10.232 (index):813 NODEACCESSRELEASED_7
18:07:11.226 (index):843 NODEACCESSREQUESTED_2
18:07:11.227 (index):843 NODEACCESSREQUESTED_3
18:07:11.227 (index):813 NODEACCESSRELEASED_5
18:07:11.228 (index):813 NODEACCESSRELEASED_0
18:07:12.227 (index):831 UPDATE_6
18:07:12.229 (index):843 NODEACCESSREQUESTED_1
18:07:12.230 (index):843 NODEACCESSREQUESTED_7
18:07:12.231 (index):831 UPDATE_2
18:07:13.226 (index):831 UPDATE_3
18:07:13.228 (index):843 NODEACCESSREQUESTED_5
18:07:13.229 (index):843 NODEACCESSREQUESTED_0
18:07:13.230 (index):872 END_6
18:07:13.231 (index):872 END_2
18:07:14.226 (index):831 UPDATE_1
18:07:14.228 (index):831 UPDATE_7
18:07:14.229 (index):872 END_3
18:07:15.228 (index):831 UPDATE_5
18:07:15.229 (index):831 UPDATE_0
18:07:15.229 (index):872 END_1
18:07:15.230 (index):872 END_7
18:07:15.231 (index):831 UPDATE_4
18:07:16.226 (index):872 END_5
18:07:16.227 (index):872 END_0
18:07:16.227 (index):872 END_4
