10:59:32.984 (index):1043 Tasks: 25; Collaborators: 2    =========================>
10:59:32.986 (index):928 ATTRIBUTEACCESSREQUESTED_0
10:59:32.987 (index):934 NODEACCESSREQUESTED_1
10:59:33.987 (index):889 THINKING_0
10:59:33.988 (index):889 THINKING_1
10:59:36.934 (index):898 UPDATE_1
10:59:37.035 (index):873 NODEACCESSRELEASED_1
10:59:38.037 (index):934 NODEACCESSREQUESTED_1
10:59:38.336 (index):901 UPDATE_0
10:59:38.437 (index):877 ATTRIBUTEACCESSRELEASED_0
10:59:39.038 (index):898 UPDATE_1
10:59:39.139 (index):889 THINKING_1
10:59:39.438 (index):928 ATTRIBUTEACCESSREQUESTED_0
10:59:40.440 (index):901 UPDATE_0
10:59:40.541 (index):877 ATTRIBUTEACCESSRELEASED_0
10:59:41.542 (index):934 NODEACCESSREQUESTED_0
10:59:42.544 (index):898 UPDATE_0
10:59:42.645 (index):889 THINKING_0
10:59:42.688 (index):898 UPDATE_1
10:59:42.789 (index):889 THINKING_1
10:59:45.215 (index):898 UPDATE_0
10:59:45.316 (index):889 THINKING_0
10:59:47.365 (index):898 UPDATE_1
10:59:47.517 (index):873 NODEACCESSRELEASED_1
10:59:48.518 (index):934 NODEACCESSREQUESTED_1
10:59:49.519 (index):898 UPDATE_1
10:59:49.620 (index):889 THINKING_1
10:59:50.259 (index):898 UPDATE_0
10:59:50.360 (index):873 NODEACCESSRELEASED_0
10:59:51.361 (index):934 NODEACCESSREQUESTED_0
10:59:51.932 (index):898 UPDATE_1
10:59:52.033 (index):873 NODEACCESSRELEASED_1
10:59:52.362 (index):898 UPDATE_0
10:59:52.463 (index):889 THINKING_0
10:59:53.035 (index):934 NODEACCESSREQUESTED_1
10:59:54.036 (index):898 UPDATE_1
10:59:54.137 (index):889 THINKING_1
10:59:54.620 (index):898 UPDATE_0
10:59:54.721 (index):873 NODEACCESSRELEASED_0
10:59:55.722 (index):934 NODEACCESSREQUESTED_0
10:59:56.724 (index):898 UPDATE_0
10:59:56.825 (index):873 NODEACCESSRELEASED_0
10:59:57.068 (index):898 UPDATE_1
10:59:57.169 (index):889 THINKING_1
10:59:57.826 (index):934 NODEACCESSREQUESTED_0
10:59:58.827 (index):898 UPDATE_0
10:59:58.929 (index):889 THINKING_0
11:00:01.779 (index):898 UPDATE_1
11:00:01.881 (index):889 THINKING_1
11:00:02.924 (index):898 UPDATE_0
11:00:03.025 (index):873 NODEACCESSRELEASED_0
11:00:04.027 (index):928 ATTRIBUTEACCESSREQUESTED_0
11:00:05.028 (index):901 UPDATE_0
11:00:05.129 (index):877 ATTRIBUTEACCESSRELEASED_0
11:00:06.073 (index):898 UPDATE_1
11:00:06.131 (index):934 NODEACCESSREQUESTED_0
11:00:06.174 (index):873 NODEACCESSRELEASED_1
11:00:07.132 (index):898 UPDATE_0
11:00:07.176 (index):934 NODEACCESSREQUESTED_1
11:00:07.233 (index):873 NODEACCESSRELEASED_0
11:00:08.177 (index):898 UPDATE_1
11:00:08.235 (index):934 NODEACCESSREQUESTED_0
11:00:08.278 (index):889 THINKING_1
11:00:09.236 (index):898 UPDATE_0
11:00:09.337 (index):968 END_0
11:00:10.457 (index):898 UPDATE_1
11:00:10.558 (index):873 NODEACCESSRELEASED_1
11:00:11.559 (index):934 NODEACCESSREQUESTED_1
11:00:12.561 (index):898 UPDATE_1
11:00:12.662 (index):968 END_1
