11:09:40.958 (index):1290 Tasks: 25; Collaborators: 15    =========================>
11:09:40.958 (index):928 ATTRIBUTEACCESSREQUESTED_0
11:09:40.958 (index):934 NODEACCESSREQUESTED_1
11:09:40.959 (index):934 NODEACCESSREQUESTED_2
11:09:40.960 (index):928 ATTRIBUTEACCESSREQUESTED_3
11:09:40.960 (index):928 ATTRIBUTEACCESSREQUESTED_4
11:09:40.961 (index):934 NODEACCESSREQUESTED_5
11:09:40.962 (index):934 NODEACCESSREQUESTED_6
11:09:40.962 (index):928 ATTRIBUTEACCESSREQUESTED_7
11:09:40.963 (index):934 NODEACCESSREQUESTED_8
11:09:40.963 (index):934 NODEACCESSREQUESTED_9
11:09:40.963 (index):934 NODEACCESSREQUESTED_10
11:09:40.964 (index):934 NODEACCESSREQUESTED_11
11:09:40.964 (index):934 NODEACCESSREQUESTED_12
11:09:40.965 (index):934 NODEACCESSREQUESTED_13
11:09:40.965 (index):934 NODEACCESSREQUESTED_14
11:09:41.959 (index):889 THINKING_0
11:09:41.960 (index):889 THINKING_1
11:09:41.961 (index):873 NODEACCESSRELEASED_2
11:09:41.962 (index):877 ATTRIBUTEACCESSRELEASED_3
11:09:41.963 (index):957 WAITING_4
11:09:41.964 (index):873 NODEACCESSRELEASED_5
11:09:41.965 (index):889 THINKING_6
11:09:41.966 (index):877 ATTRIBUTEACCESSRELEASED_7
11:09:41.967 (index):889 THINKING_8
11:09:41.968 (index):873 NODEACCESSRELEASED_9
11:09:41.969 (index):873 NODEACCESSRELEASED_10
11:09:41.970 (index):889 THINKING_11
11:09:41.970 (index):873 NODEACCESSRELEASED_12
11:09:41.971 (index):889 THINKING_13
11:09:41.971 (index):889 THINKING_14
11:09:42.962 (index):934 NODEACCESSREQUESTED_2
11:09:42.964 (index):928 ATTRIBUTEACCESSREQUESTED_3
11:09:42.965 (index):957 WAITING_4
11:09:42.966 (index):934 NODEACCESSREQUESTED_5
11:09:42.967 (index):928 ATTRIBUTEACCESSREQUESTED_7
11:09:42.969 (index):934 NODEACCESSREQUESTED_9
11:09:42.970 (index):934 NODEACCESSREQUESTED_10
11:09:42.971 (index):934 NODEACCESSREQUESTED_12
11:09:43.964 (index):898 UPDATE_2
11:09:43.965 (index):957 WAITING_3
11:09:43.966 (index):957 WAITING_4
11:09:43.967 (index):898 UPDATE_5
11:09:43.968 (index):901 UPDATE_7
11:09:43.970 (index):898 UPDATE_9
11:09:43.971 (index):898 UPDATE_10
11:09:43.972 (index):898 UPDATE_12
11:09:43.993 (index):898 UPDATE_8
11:09:44.065 (index):873 NODEACCESSRELEASED_2
11:09:44.068 (index):889 THINKING_5
11:09:44.069 (index):877 ATTRIBUTEACCESSRELEASED_7
11:09:44.071 (index):889 THINKING_9
11:09:44.072 (index):889 THINKING_10
11:09:44.073 (index):873 NODEACCESSRELEASED_12
11:09:44.094 (index):889 THINKING_8
11:09:44.431 (index):898 UPDATE_11
11:09:44.533 (index):889 THINKING_11
11:09:44.683 (index):898 UPDATE_6
11:09:44.784 (index):873 NODEACCESSRELEASED_6
11:09:44.906 (index):898 UPDATE_1
11:09:44.966 (index):957 WAITING_3
11:09:44.967 (index):957 WAITING_4
11:09:45.007 (index):873 NODEACCESSRELEASED_1
11:09:45.066 (index):934 NODEACCESSREQUESTED_2
11:09:45.070 (index):934 NODEACCESSREQUESTED_7
11:09:45.074 (index):934 NODEACCESSREQUESTED_12
11:09:45.785 (index):928 ATTRIBUTEACCESSREQUESTED_6
11:09:45.967 (index):957 WAITING_3
11:09:45.968 (index):957 WAITING_4
11:09:46.008 (index):934 NODEACCESSREQUESTED_1
11:09:46.068 (index):898 UPDATE_2
11:09:46.071 (index):898 UPDATE_7
11:09:46.075 (index):898 UPDATE_12
11:09:46.124 (index):898 UPDATE_10
11:09:46.169 (index):873 NODEACCESSRELEASED_2
11:09:46.172 (index):873 NODEACCESSRELEASED_7
11:09:46.176 (index):873 NODEACCESSRELEASED_12
11:09:46.225 (index):873 NODEACCESSRELEASED_10
11:09:46.245 (index):898 UPDATE_13
11:09:46.308 (index):901 UPDATE_0
11:09:46.347 (index):873 NODEACCESSRELEASED_13
11:09:46.409 (index):877 ATTRIBUTEACCESSRELEASED_0
11:09:46.423 (index):898 UPDATE_14
11:09:46.483 (index):898 UPDATE_5
11:09:46.524 (index):873 NODEACCESSRELEASED_14
11:09:46.584 (index):873 NODEACCESSRELEASED_5
11:09:46.786 (index):901 UPDATE_6
11:09:46.888 (index):877 ATTRIBUTEACCESSRELEASED_6
11:09:46.968 (index):957 WAITING_3
11:09:46.970 (index):877 ATTRIBUTEACCESSRELEASED_4
11:09:47.009 (index):898 UPDATE_1
11:09:47.110 (index):889 THINKING_1
11:09:47.170 (index):928 ATTRIBUTEACCESSREQUESTED_2
11:09:47.173 (index):934 NODEACCESSREQUESTED_7
11:09:47.177 (index):928 ATTRIBUTEACCESSREQUESTED_12
11:09:47.226 (index):934 NODEACCESSREQUESTED_10
11:09:47.348 (index):928 ATTRIBUTEACCESSREQUESTED_13
11:09:47.410 (index):928 ATTRIBUTEACCESSREQUESTED_0
11:09:47.525 (index):934 NODEACCESSREQUESTED_14
11:09:47.586 (index):934 NODEACCESSREQUESTED_5
11:09:47.830 (index):898 UPDATE_11
11:09:47.889 (index):934 NODEACCESSREQUESTED_6
11:09:47.931 (index):873 NODEACCESSRELEASED_11
11:09:47.970 (index):901 UPDATE_3
11:09:47.971 (index):928 ATTRIBUTEACCESSREQUESTED_4
11:09:48.071 (index):877 ATTRIBUTEACCESSRELEASED_3
11:09:48.176 (index):901 UPDATE_2
11:09:48.176 (index):898 UPDATE_7
11:09:48.178 (index):901 UPDATE_12
11:09:48.230 (index):898 UPDATE_10
11:09:48.277 (index):889 THINKING_2
11:09:48.277 (index):889 THINKING_7
11:09:48.279 (index):889 THINKING_12
11:09:48.331 (index):889 THINKING_10
11:09:48.349 (index):957 WAITING_13
11:09:48.412 (index):901 UPDATE_0
11:09:48.513 (index):877 ATTRIBUTEACCESSRELEASED_0
11:09:48.527 (index):898 UPDATE_14
11:09:48.535 (index):898 UPDATE_8
11:09:48.583 (index):898 UPDATE_9
11:09:48.587 (index):898 UPDATE_5
11:09:48.628 (index):889 THINKING_14
11:09:48.636 (index):873 NODEACCESSRELEASED_8
11:09:48.684 (index):889 THINKING_9
11:09:48.688 (index):889 THINKING_5
11:09:48.890 (index):898 UPDATE_6
11:09:48.933 (index):934 NODEACCESSREQUESTED_11
11:09:48.972 (index):901 UPDATE_4
11:09:48.992 (index):873 NODEACCESSRELEASED_6
11:09:49.072 (index):934 NODEACCESSREQUESTED_3
11:09:49.073 (index):877 ATTRIBUTEACCESSRELEASED_4
11:09:49.350 (index):957 WAITING_13
11:09:49.514 (index):934 NODEACCESSREQUESTED_0
11:09:49.637 (index):928 ATTRIBUTEACCESSREQUESTED_8
11:09:49.934 (index):898 UPDATE_11
11:09:49.993 (index):934 NODEACCESSREQUESTED_6
11:09:50.036 (index):873 NODEACCESSRELEASED_11
11:09:50.074 (index):898 UPDATE_3
11:09:50.075 (index):934 NODEACCESSREQUESTED_4
11:09:50.175 (index):889 THINKING_3
11:09:50.352 (index):957 WAITING_13
11:09:50.449 (index):898 UPDATE_7
11:09:50.515 (index):898 UPDATE_0
11:09:50.551 (index):873 NODEACCESSRELEASED_7
11:09:50.616 (index):889 THINKING_0
11:09:50.638 (index):957 WAITING_8
11:09:50.660 (index):898 UPDATE_1
11:09:50.761 (index):889 THINKING_1
11:09:50.994 (index):898 UPDATE_6
11:09:50.996 (index):901 UPDATE_2
11:09:51.037 (index):934 NODEACCESSREQUESTED_11
11:09:51.076 (index):898 UPDATE_4
11:09:51.090 (index):898 UPDATE_9
11:09:51.096 (index):873 NODEACCESSRELEASED_6
11:09:51.097 (index):877 ATTRIBUTEACCESSRELEASED_2
11:09:51.177 (index):873 NODEACCESSRELEASED_4
11:09:51.191 (index):873 NODEACCESSRELEASED_9
11:09:51.308 (index):898 UPDATE_10
11:09:51.353 (index):901 UPDATE_13
11:09:51.410 (index):873 NODEACCESSRELEASED_10
11:09:51.454 (index):877 ATTRIBUTEACCESSRELEASED_13
11:09:51.558 (index):928 ATTRIBUTEACCESSREQUESTED_7
11:09:51.630 (index):898 UPDATE_14
11:09:51.640 (index):901 UPDATE_8
11:09:51.734 (index):873 NODEACCESSRELEASED_14
11:09:51.740 (index):889 THINKING_8
11:09:51.828 (index):898 UPDATE_5
11:09:51.929 (index):873 NODEACCESSRELEASED_5
11:09:52.038 (index):898 UPDATE_11
11:09:52.100 (index):934 NODEACCESSREQUESTED_6
11:09:52.101 (index):928 ATTRIBUTEACCESSREQUESTED_2
11:09:52.139 (index):873 NODEACCESSRELEASED_11
11:09:52.179 (index):928 ATTRIBUTEACCESSREQUESTED_4
11:09:52.191 (index):928 ATTRIBUTEACCESSREQUESTED_9
11:09:52.412 (index):934 NODEACCESSREQUESTED_10
11:09:52.455 (index):928 ATTRIBUTEACCESSREQUESTED_13
11:09:52.559 (index):957 WAITING_7
11:09:52.735 (index):934 NODEACCESSREQUESTED_14
11:09:52.930 (index):928 ATTRIBUTEACCESSREQUESTED_5
11:09:52.938 (index):901 UPDATE_12
11:09:53.039 (index):877 ATTRIBUTEACCESSRELEASED_12
11:09:53.101 (index):898 UPDATE_6
11:09:53.102 (index):901 UPDATE_2
11:09:53.140 (index):934 NODEACCESSREQUESTED_11
11:09:53.180 (index):957 WAITING_4
11:09:53.186 (index):898 UPDATE_0
11:09:53.193 (index):957 WAITING_9
11:09:53.202 (index):873 NODEACCESSRELEASED_6
11:09:53.204 (index):877 ATTRIBUTEACCESSRELEASED_2
11:09:53.287 (index):889 THINKING_0
11:09:53.413 (index):898 UPDATE_10
11:09:53.457 (index):957 WAITING_13
11:09:53.514 (index):889 THINKING_10
11:09:53.560 (index):901 UPDATE_7
11:09:53.661 (index):889 THINKING_7
11:09:53.737 (index):898 UPDATE_14
11:09:53.838 (index):873 NODEACCESSRELEASED_14
11:09:53.932 (index):901 UPDATE_5
11:09:54.033 (index):889 THINKING_5
11:09:54.040 (index):928 ATTRIBUTEACCESSREQUESTED_12
11:09:54.141 (index):898 UPDATE_11
11:09:54.181 (index):901 UPDATE_4
11:09:54.194 (index):957 WAITING_9
11:09:54.203 (index):928 ATTRIBUTEACCESSREQUESTED_6
11:09:54.205 (index):934 NODEACCESSREQUESTED_2
11:09:54.243 (index):889 THINKING_11
11:09:54.283 (index):877 ATTRIBUTEACCESSRELEASED_4
11:09:54.293 (index):898 UPDATE_3
11:09:54.394 (index):873 NODEACCESSRELEASED_3
11:09:54.458 (index):901 UPDATE_13
11:09:54.559 (index):877 ATTRIBUTEACCESSRELEASED_13
11:09:54.839 (index):934 NODEACCESSREQUESTED_14
11:09:55.041 (index):957 WAITING_12
11:09:55.154 (index):898 UPDATE_1
11:09:55.195 (index):957 WAITING_9
11:09:55.205 (index):901 UPDATE_6
11:09:55.206 (index):898 UPDATE_2
11:09:55.255 (index):873 NODEACCESSRELEASED_1
11:09:55.284 (index):934 NODEACCESSREQUESTED_4
11:09:55.306 (index):889 THINKING_6
11:09:55.307 (index):889 THINKING_2
11:09:55.395 (index):928 ATTRIBUTEACCESSREQUESTED_3
11:09:55.560 (index):928 ATTRIBUTEACCESSREQUESTED_13
11:09:55.840 (index):898 UPDATE_14
11:09:55.941 (index):873 NODEACCESSRELEASED_14
11:09:56.043 (index):957 WAITING_12
11:09:56.196 (index):957 WAITING_9
11:09:56.257 (index):934 NODEACCESSREQUESTED_1
11:09:56.263 (index):901 UPDATE_8
11:09:56.285 (index):898 UPDATE_4
11:09:56.364 (index):877 ATTRIBUTEACCESSRELEASED_8
11:09:56.387 (index):873 NODEACCESSRELEASED_4
11:09:56.396 (index):957 WAITING_3
11:09:56.561 (index):957 WAITING_13
11:09:56.943 (index):934 NODEACCESSREQUESTED_14
11:09:57.044 (index):957 WAITING_12
11:09:57.197 (index):901 UPDATE_9
11:09:57.258 (index):898 UPDATE_1
11:09:57.299 (index):877 ATTRIBUTEACCESSRELEASED_9
11:09:57.359 (index):889 THINKING_1
11:09:57.366 (index):928 ATTRIBUTEACCESSREQUESTED_8
11:09:57.388 (index):928 ATTRIBUTEACCESSREQUESTED_4
11:09:57.397 (index):957 WAITING_3
11:09:57.562 (index):957 WAITING_13
11:09:57.577 (index):901 UPDATE_6
11:09:57.678 (index):889 THINKING_6
11:09:57.858 (index):898 UPDATE_2
11:09:57.944 (index):898 UPDATE_14
11:09:57.959 (index):889 THINKING_2
11:09:58.045 (index):901 UPDATE_12
11:09:58.046 (index):873 NODEACCESSRELEASED_14
11:09:58.147 (index):877 ATTRIBUTEACCESSRELEASED_12
11:09:58.179 (index):898 UPDATE_10
11:09:58.229 (index):898 UPDATE_0
11:09:58.280 (index):873 NODEACCESSRELEASED_10
11:09:58.299 (index):901 UPDATE_7
11:09:58.300 (index):928 ATTRIBUTEACCESSREQUESTED_9
11:09:58.330 (index):873 NODEACCESSRELEASED_0
11:09:58.366 (index):957 WAITING_8
11:09:58.389 (index):957 WAITING_4
11:09:58.398 (index):901 UPDATE_3
11:09:58.400 (index):877 ATTRIBUTEACCESSRELEASED_7
11:09:58.500 (index):877 ATTRIBUTEACCESSRELEASED_3
11:09:58.521 (index):898 UPDATE_11
11:09:58.564 (index):901 UPDATE_13
11:09:58.615 (index):901 UPDATE_5
11:09:58.622 (index):873 NODEACCESSRELEASED_11
11:09:58.665 (index):877 ATTRIBUTEACCESSRELEASED_13
11:09:58.717 (index):889 THINKING_5
11:09:59.048 (index):934 NODEACCESSREQUESTED_14
11:09:59.148 (index):928 ATTRIBUTEACCESSREQUESTED_12
11:09:59.281 (index):934 NODEACCESSREQUESTED_10
11:09:59.301 (index):901 UPDATE_9
11:09:59.331 (index):934 NODEACCESSREQUESTED_0
11:09:59.367 (index):901 UPDATE_8
11:09:59.391 (index):957 WAITING_4
11:09:59.401 (index):934 NODEACCESSREQUESTED_7
11:09:59.402 (index):877 ATTRIBUTEACCESSRELEASED_9
11:09:59.468 (index):877 ATTRIBUTEACCESSRELEASED_8
11:09:59.501 (index):934 NODEACCESSREQUESTED_3
11:09:59.623 (index):928 ATTRIBUTEACCESSREQUESTED_11
11:09:59.666 (index):934 NODEACCESSREQUESTED_13
11:09:59.670 (index):898 UPDATE_1
11:09:59.771 (index):873 NODEACCESSRELEASED_1
11:10:00.049 (index):898 UPDATE_14
11:10:00.149 (index):957 WAITING_12
11:10:00.151 (index):889 THINKING_14
11:10:00.186 (index):898 UPDATE_2
11:10:00.282 (index):898 UPDATE_10
11:10:00.287 (index):889 THINKING_2
11:10:00.332 (index):898 UPDATE_0
11:10:00.384 (index):889 THINKING_10
11:10:00.391 (index):957 WAITING_4
11:10:00.402 (index):898 UPDATE_7
11:10:00.403 (index):934 NODEACCESSREQUESTED_9
11:10:00.434 (index):889 THINKING_0
11:10:00.469 (index):934 NODEACCESSREQUESTED_8
11:10:00.502 (index):898 UPDATE_3
11:10:00.504 (index):873 NODEACCESSRELEASED_7
11:10:00.603 (index):873 NODEACCESSRELEASED_3
11:10:00.624 (index):957 WAITING_11
11:10:00.633 (index):901 UPDATE_6
11:10:00.667 (index):898 UPDATE_13
11:10:00.734 (index):877 ATTRIBUTEACCESSRELEASED_6
11:10:00.759 (index):901 UPDATE_5
11:10:00.768 (index):873 NODEACCESSRELEASED_13
11:10:00.772 (index):934 NODEACCESSREQUESTED_1
11:10:00.860 (index):877 ATTRIBUTEACCESSRELEASED_5
11:10:01.151 (index):957 WAITING_12
11:10:01.393 (index):901 UPDATE_4
11:10:01.405 (index):898 UPDATE_9
11:10:01.470 (index):898 UPDATE_8
11:10:01.494 (index):889 THINKING_4
11:10:01.505 (index):934 NODEACCESSREQUESTED_7
11:10:01.507 (index):889 THINKING_9
11:10:01.571 (index):889 THINKING_8
11:10:01.604 (index):934 NODEACCESSREQUESTED_3
11:10:01.625 (index):957 WAITING_11
11:10:01.735 (index):934 NODEACCESSREQUESTED_6
11:10:01.769 (index):928 ATTRIBUTEACCESSREQUESTED_13
11:10:01.773 (index):898 UPDATE_1
11:10:01.861 (index):934 NODEACCESSREQUESTED_5
11:10:01.874 (index):889 THINKING_1
11:10:02.152 (index):957 WAITING_12
11:10:02.381 (index):898 UPDATE_14
11:10:02.482 (index):873 NODEACCESSRELEASED_14
11:10:02.506 (index):898 UPDATE_7
11:10:02.590 (index):898 UPDATE_0
11:10:02.606 (index):898 UPDATE_3
11:10:02.607 (index):873 NODEACCESSRELEASED_7
11:10:02.625 (index):957 WAITING_11
11:10:02.691 (index):873 NODEACCESSRELEASED_0
11:10:02.707 (index):873 NODEACCESSRELEASED_3
11:10:02.736 (index):898 UPDATE_6
11:10:02.770 (index):901 UPDATE_13
11:10:02.837 (index):873 NODEACCESSRELEASED_6
11:10:02.862 (index):898 UPDATE_5
11:10:02.872 (index):877 ATTRIBUTEACCESSRELEASED_13
11:10:02.963 (index):889 THINKING_5
11:10:03.153 (index):957 WAITING_12
11:10:03.483 (index):934 NODEACCESSREQUESTED_14
11:10:03.608 (index):928 ATTRIBUTEACCESSREQUESTED_7
11:10:03.626 (index):957 WAITING_11
11:10:03.692 (index):934 NODEACCESSREQUESTED_0
11:10:03.708 (index):934 NODEACCESSREQUESTED_3
11:10:03.838 (index):934 NODEACCESSREQUESTED_6
11:10:03.873 (index):928 ATTRIBUTEACCESSREQUESTED_13
11:10:03.932 (index):901 UPDATE_4
11:10:04.033 (index):877 ATTRIBUTEACCESSRELEASED_4
11:10:04.155 (index):901 UPDATE_12
11:10:04.168 (index):898 UPDATE_10
11:10:04.256 (index):877 ATTRIBUTEACCESSRELEASED_12
11:10:04.270 (index):873 NODEACCESSRELEASED_10
11:10:04.484 (index):898 UPDATE_14
11:10:04.586 (index):873 NODEACCESSRELEASED_14
11:10:04.610 (index):957 WAITING_7
11:10:04.617 (index):898 UPDATE_9
11:10:04.628 (index):901 UPDATE_11
11:10:04.693 (index):898 UPDATE_0
11:10:04.710 (index):898 UPDATE_3
11:10:04.719 (index):873 NODEACCESSRELEASED_9
11:10:04.729 (index):877 ATTRIBUTEACCESSRELEASED_11
11:10:04.795 (index):873 NODEACCESSRELEASED_0
11:10:04.804 (index):898 UPDATE_1
11:10:04.811 (index):873 NODEACCESSRELEASED_3
11:10:04.839 (index):898 UPDATE_6
11:10:04.868 (index):898 UPDATE_8
11:10:04.874 (index):901 UPDATE_13
11:10:04.906 (index):889 THINKING_1
11:10:04.940 (index):873 NODEACCESSRELEASED_6
11:10:04.969 (index):873 NODEACCESSRELEASED_8
11:10:04.974 (index):877 ATTRIBUTEACCESSRELEASED_13
11:10:05.034 (index):928 ATTRIBUTEACCESSREQUESTED_4
11:10:05.143 (index):898 UPDATE_2
11:10:05.243 (index):873 NODEACCESSRELEASED_2
11:10:05.257 (index):928 ATTRIBUTEACCESSREQUESTED_12
11:10:05.271 (index):934 NODEACCESSREQUESTED_10
11:10:05.587 (index):928 ATTRIBUTEACCESSREQUESTED_14
11:10:05.611 (index):901 UPDATE_7
11:10:05.712 (index):877 ATTRIBUTEACCESSRELEASED_7
11:10:05.720 (index):934 NODEACCESSREQUESTED_9
11:10:05.730 (index):928 ATTRIBUTEACCESSREQUESTED_11
11:10:05.796 (index):934 NODEACCESSREQUESTED_0
11:10:05.812 (index):934 NODEACCESSREQUESTED_3
11:10:05.941 (index):928 ATTRIBUTEACCESSREQUESTED_6
11:10:05.970 (index):934 NODEACCESSREQUESTED_8
11:10:05.976 (index):934 NODEACCESSREQUESTED_13
11:10:06.036 (index):901 UPDATE_4
11:10:06.137 (index):889 THINKING_4
11:10:06.245 (index):934 NODEACCESSREQUESTED_2
11:10:06.258 (index):901 UPDATE_12
11:10:06.273 (index):898 UPDATE_10
11:10:06.359 (index):877 ATTRIBUTEACCESSRELEASED_12
11:10:06.374 (index):889 THINKING_10
11:10:06.588 (index):901 UPDATE_14
11:10:06.689 (index):889 THINKING_14
11:10:06.712 (index):934 NODEACCESSREQUESTED_7
11:10:06.720 (index):898 UPDATE_9
11:10:06.731 (index):957 WAITING_11
11:10:06.797 (index):898 UPDATE_0
11:10:06.813 (index):898 UPDATE_3
11:10:06.822 (index):873 NODEACCESSRELEASED_9
11:10:06.898 (index):889 THINKING_0
11:10:06.914 (index):889 THINKING_3
11:10:06.942 (index):901 UPDATE_6
11:10:06.972 (index):898 UPDATE_8
11:10:06.977 (index):898 UPDATE_13
11:10:07.044 (index):877 ATTRIBUTEACCESSRELEASED_6
11:10:07.073 (index):873 NODEACCESSRELEASED_8
11:10:07.078 (index):873 NODEACCESSRELEASED_13
11:10:07.246 (index):898 UPDATE_2
11:10:07.347 (index):873 NODEACCESSRELEASED_2
11:10:07.360 (index):928 ATTRIBUTEACCESSREQUESTED_12
11:10:07.713 (index):898 UPDATE_7
11:10:07.731 (index):957 WAITING_11
11:10:07.814 (index):873 NODEACCESSRELEASED_7
11:10:07.823 (index):928 ATTRIBUTEACCESSREQUESTED_9
11:10:07.899 (index):898 UPDATE_5
11:10:07.999 (index):873 NODEACCESSRELEASED_5
11:10:08.045 (index):934 NODEACCESSREQUESTED_6
11:10:08.074 (index):934 NODEACCESSREQUESTED_8
11:10:08.079 (index):934 NODEACCESSREQUESTED_13
11:10:08.348 (index):934 NODEACCESSREQUESTED_2
11:10:08.360 (index):957 WAITING_12
11:10:08.732 (index):957 WAITING_11
11:10:08.815 (index):928 ATTRIBUTEACCESSREQUESTED_7
11:10:08.824 (index):957 WAITING_9
11:10:09.000 (index):934 NODEACCESSREQUESTED_5
11:10:09.046 (index):898 UPDATE_6
11:10:09.075 (index):898 UPDATE_8
11:10:09.080 (index):898 UPDATE_13
11:10:09.148 (index):873 NODEACCESSRELEASED_6
11:10:09.177 (index):873 NODEACCESSRELEASED_8
11:10:09.181 (index):873 NODEACCESSRELEASED_13
11:10:09.321 (index):898 UPDATE_3
11:10:09.349 (index):898 UPDATE_2
11:10:09.361 (index):957 WAITING_12
11:10:09.422 (index):873 NODEACCESSRELEASED_3
11:10:09.450 (index):873 NODEACCESSRELEASED_2
11:10:09.516 (index):898 UPDATE_1
11:10:09.616 (index):889 THINKING_1
11:10:09.733 (index):957 WAITING_11
11:10:09.815 (index):901 UPDATE_7
11:10:09.824 (index):957 WAITING_9
11:10:09.888 (index):901 UPDATE_14
11:10:09.916 (index):889 THINKING_7
11:10:09.990 (index):889 THINKING_14
11:10:10.002 (index):898 UPDATE_5
11:10:10.103 (index):873 NODEACCESSRELEASED_5
11:10:10.149 (index):934 NODEACCESSREQUESTED_6
11:10:10.178 (index):934 NODEACCESSREQUESTED_8
11:10:10.182 (index):934 NODEACCESSREQUESTED_13
11:10:10.346 (index):901 UPDATE_4
11:10:10.362 (index):957 WAITING_12
11:10:10.424 (index):928 ATTRIBUTEACCESSREQUESTED_3
11:10:10.447 (index):889 THINKING_4
11:10:10.451 (index):934 NODEACCESSREQUESTED_2
11:10:10.734 (index):957 WAITING_11
11:10:10.826 (index):957 WAITING_9
11:10:10.893 (index):898 UPDATE_0
11:10:10.995 (index):873 NODEACCESSRELEASED_0
11:10:11.104 (index):934 NODEACCESSREQUESTED_5
11:10:11.150 (index):898 UPDATE_6
11:10:11.179 (index):898 UPDATE_8
11:10:11.183 (index):898 UPDATE_13
11:10:11.251 (index):968 END_6
11:10:11.259 (index):898 UPDATE_10
11:10:11.280 (index):873 NODEACCESSRELEASED_8
11:10:11.284 (index):873 NODEACCESSRELEASED_13
11:10:11.360 (index):873 NODEACCESSRELEASED_10
11:10:11.363 (index):957 WAITING_12
11:10:11.424 (index):957 WAITING_3
11:10:11.452 (index):898 UPDATE_2
11:10:11.554 (index):873 NODEACCESSRELEASED_2
11:10:11.735 (index):957 WAITING_11
11:10:11.827 (index):957 WAITING_9
11:10:11.996 (index):928 ATTRIBUTEACCESSREQUESTED_0
11:10:12.105 (index):898 UPDATE_5
11:10:12.207 (index):873 NODEACCESSRELEASED_5
11:10:12.281 (index):934 NODEACCESSREQUESTED_8
11:10:12.285 (index):934 NODEACCESSREQUESTED_13
11:10:12.361 (index):928 ATTRIBUTEACCESSREQUESTED_10
11:10:12.364 (index):957 WAITING_12
11:10:12.425 (index):957 WAITING_3
11:10:12.555 (index):934 NODEACCESSREQUESTED_2
11:10:12.736 (index):957 WAITING_11
11:10:12.828 (index):957 WAITING_9
11:10:12.997 (index):901 UPDATE_0
11:10:13.098 (index):877 ATTRIBUTEACCESSRELEASED_0
11:10:13.208 (index):934 NODEACCESSREQUESTED_5
11:10:13.282 (index):898 UPDATE_8
11:10:13.286 (index):898 UPDATE_13
11:10:13.353 (index):901 UPDATE_7
11:10:13.362 (index):901 UPDATE_10
11:10:13.365 (index):957 WAITING_12
11:10:13.384 (index):873 NODEACCESSRELEASED_8
11:10:13.387 (index):873 NODEACCESSRELEASED_13
11:10:13.427 (index):957 WAITING_3
11:10:13.454 (index):877 ATTRIBUTEACCESSRELEASED_7
11:10:13.463 (index):877 ATTRIBUTEACCESSRELEASED_10
11:10:13.556 (index):898 UPDATE_2
11:10:13.657 (index):968 END_2
11:10:13.738 (index):957 WAITING_11
11:10:13.808 (index):898 UPDATE_1
11:10:13.830 (index):957 WAITING_9
11:10:13.910 (index):873 NODEACCESSRELEASED_1
11:10:14.064 (index):901 UPDATE_14
11:10:14.099 (index):934 NODEACCESSREQUESTED_0
11:10:14.165 (index):877 ATTRIBUTEACCESSRELEASED_14
11:10:14.209 (index):898 UPDATE_5
11:10:14.311 (index):873 NODEACCESSRELEASED_5
11:10:14.366 (index):957 WAITING_12
11:10:14.385 (index):928 ATTRIBUTEACCESSREQUESTED_8
11:10:14.389 (index):934 NODEACCESSREQUESTED_13
11:10:14.406 (index):901 UPDATE_4
11:10:14.427 (index):957 WAITING_3
11:10:14.455 (index):934 NODEACCESSREQUESTED_7
11:10:14.464 (index):928 ATTRIBUTEACCESSREQUESTED_10
11:10:14.507 (index):889 THINKING_4
11:10:14.743 (index):901 UPDATE_11
11:10:14.830 (index):957 WAITING_9
11:10:14.844 (index):877 ATTRIBUTEACCESSRELEASED_11
11:10:14.911 (index):934 NODEACCESSREQUESTED_1
11:10:15.100 (index):898 UPDATE_0
11:10:15.166 (index):928 ATTRIBUTEACCESSREQUESTED_14
11:10:15.202 (index):873 NODEACCESSRELEASED_0
11:10:15.313 (index):934 NODEACCESSREQUESTED_5
11:10:15.367 (index):957 WAITING_12
11:10:15.386 (index):901 UPDATE_8
11:10:15.390 (index):898 UPDATE_13
11:10:15.429 (index):957 WAITING_3
11:10:15.456 (index):898 UPDATE_7
11:10:15.465 (index):957 WAITING_10
11:10:15.487 (index):877 ATTRIBUTEACCESSRELEASED_8
11:10:15.491 (index):873 NODEACCESSRELEASED_13
11:10:15.557 (index):968 END_7
11:10:15.832 (index):901 UPDATE_9
11:10:15.846 (index):934 NODEACCESSREQUESTED_11
11:10:15.912 (index):898 UPDATE_1
11:10:15.933 (index):889 THINKING_9
11:10:16.013 (index):889 THINKING_1
11:10:16.168 (index):901 UPDATE_14
11:10:16.203 (index):934 NODEACCESSREQUESTED_0
11:10:16.269 (index):968 END_14
11:10:16.314 (index):898 UPDATE_5
11:10:16.368 (index):957 WAITING_12
11:10:16.416 (index):968 END_5
11:10:16.430 (index):957 WAITING_3
11:10:16.467 (index):901 UPDATE_10
11:10:16.488 (index):934 NODEACCESSREQUESTED_8
11:10:16.492 (index):934 NODEACCESSREQUESTED_13
11:10:16.568 (index):877 ATTRIBUTEACCESSRELEASED_10
11:10:16.846 (index):898 UPDATE_11
11:10:16.948 (index):889 THINKING_11
11:10:17.204 (index):898 UPDATE_0
11:10:17.273 (index):901 UPDATE_4
11:10:17.305 (index):968 END_0
11:10:17.370 (index):957 WAITING_12
11:10:17.374 (index):877 ATTRIBUTEACCESSRELEASED_4
11:10:17.431 (index):957 WAITING_3
11:10:17.490 (index):898 UPDATE_8
11:10:17.493 (index):898 UPDATE_13
11:10:17.569 (index):934 NODEACCESSREQUESTED_10
11:10:17.591 (index):968 END_8
11:10:17.594 (index):968 END_13
11:10:18.191 (index):898 UPDATE_1
11:10:18.293 (index):873 NODEACCESSRELEASED_1
11:10:18.370 (index):901 UPDATE_12
11:10:18.375 (index):934 NODEACCESSREQUESTED_4
11:10:18.432 (index):957 WAITING_3
11:10:18.472 (index):877 ATTRIBUTEACCESSRELEASED_12
11:10:18.570 (index):898 UPDATE_10
11:10:18.671 (index):968 END_10
11:10:19.294 (index):934 NODEACCESSREQUESTED_1
11:10:19.376 (index):898 UPDATE_4
11:10:19.433 (index):957 WAITING_3
11:10:19.473 (index):934 NODEACCESSREQUESTED_12
11:10:19.478 (index):873 NODEACCESSRELEASED_4
11:10:19.556 (index):901 UPDATE_9
11:10:19.657 (index):877 ATTRIBUTEACCESSRELEASED_9
11:10:20.295 (index):898 UPDATE_1
11:10:20.332 (index):898 UPDATE_11
11:10:20.396 (index):968 END_1
11:10:20.433 (index):873 NODEACCESSRELEASED_11
11:10:20.434 (index):901 UPDATE_3
11:10:20.474 (index):898 UPDATE_12
11:10:20.479 (index):934 NODEACCESSREQUESTED_4
11:10:20.535 (index):877 ATTRIBUTEACCESSRELEASED_3
11:10:20.575 (index):873 NODEACCESSRELEASED_12
11:10:20.658 (index):928 ATTRIBUTEACCESSREQUESTED_9
11:10:21.435 (index):934 NODEACCESSREQUESTED_11
11:10:21.480 (index):898 UPDATE_4
11:10:21.537 (index):928 ATTRIBUTEACCESSREQUESTED_3
11:10:21.577 (index):934 NODEACCESSREQUESTED_12
11:10:21.581 (index):889 THINKING_4
11:10:21.659 (index):901 UPDATE_9
11:10:21.761 (index):877 ATTRIBUTEACCESSRELEASED_9
11:10:22.436 (index):898 UPDATE_11
11:10:22.537 (index):873 NODEACCESSRELEASED_11
11:10:22.538 (index):901 UPDATE_3
11:10:22.578 (index):898 UPDATE_12
11:10:22.639 (index):889 THINKING_3
11:10:22.679 (index):889 THINKING_12
11:10:22.762 (index):934 NODEACCESSREQUESTED_9
11:10:23.538 (index):928 ATTRIBUTEACCESSREQUESTED_11
11:10:23.763 (index):898 UPDATE_9
11:10:23.865 (index):873 NODEACCESSRELEASED_9
11:10:24.540 (index):901 UPDATE_11
11:10:24.641 (index):889 THINKING_11
11:10:24.866 (index):934 NODEACCESSREQUESTED_9
11:10:24.977 (index):901 UPDATE_3
11:10:25.078 (index):877 ATTRIBUTEACCESSRELEASED_3
11:10:25.867 (index):898 UPDATE_9
11:10:25.969 (index):968 END_9
11:10:25.971 (index):898 UPDATE_4
11:10:26.055 (index):898 UPDATE_12
11:10:26.072 (index):968 END_4
11:10:26.080 (index):934 NODEACCESSREQUESTED_3
11:10:26.156 (index):873 NODEACCESSRELEASED_12
11:10:27.081 (index):898 UPDATE_3
11:10:27.158 (index):928 ATTRIBUTEACCESSREQUESTED_12
11:10:27.182 (index):968 END_3
11:10:27.805 (index):901 UPDATE_11
11:10:27.907 (index):968 END_11
11:10:28.159 (index):901 UPDATE_12
11:10:28.260 (index):877 ATTRIBUTEACCESSRELEASED_12
11:10:29.262 (index):928 ATTRIBUTEACCESSREQUESTED_12
11:10:30.263 (index):901 UPDATE_12
11:10:30.364 (index):968 END_12
