11:10:30.365 (index):1323 Tasks: 25; Collaborators: 16    =========================>
11:10:30.365 (index):928 ATTRIBUTEACCESSREQUESTED_0
11:10:30.366 (index):934 NODEACCESSREQUESTED_1
11:10:30.367 (index):934 NODEACCESSREQUESTED_2
11:10:30.368 (index):928 ATTRIBUTEACCESSREQUESTED_3
11:10:30.369 (index):928 ATTRIBUTEACCESSREQUESTED_4
11:10:30.370 (index):934 NODEACCESSREQUESTED_5
11:10:30.371 (index):934 NODEACCESSREQUESTED_6
11:10:30.371 (index):928 ATTRIBUTEACCESSREQUESTED_7
11:10:30.373 (index):934 NODEACCESSREQUESTED_8
11:10:30.374 (index):934 NODEACCESSREQUESTED_9
11:10:30.374 (index):934 NODEACCESSREQUESTED_10
11:10:30.375 (index):934 NODEACCESSREQUESTED_11
11:10:30.376 (index):934 NODEACCESSREQUESTED_12
11:10:30.377 (index):934 NODEACCESSREQUESTED_13
11:10:30.378 (index):934 NODEACCESSREQUESTED_14
11:10:30.378 (index):934 NODEACCESSREQUESTED_15
11:10:31.366 (index):889 THINKING_0
11:10:31.367 (index):889 THINKING_1
11:10:31.368 (index):873 NODEACCESSRELEASED_2
11:10:31.369 (index):877 ATTRIBUTEACCESSRELEASED_3
11:10:31.370 (index):877 ATTRIBUTEACCESSRELEASED_4
11:10:31.371 (index):873 NODEACCESSRELEASED_5
11:10:31.372 (index):889 THINKING_6
11:10:31.373 (index):877 ATTRIBUTEACCESSRELEASED_7
11:10:31.374 (index):889 THINKING_8
11:10:31.375 (index):873 NODEACCESSRELEASED_9
11:10:31.375 (index):873 NODEACCESSRELEASED_10
11:10:31.376 (index):889 THINKING_11
11:10:31.377 (index):873 NODEACCESSRELEASED_12
11:10:31.378 (index):889 THINKING_13
11:10:31.378 (index):889 THINKING_14
11:10:31.379 (index):889 THINKING_15
11:10:32.369 (index):934 NODEACCESSREQUESTED_2
11:10:32.371 (index):928 ATTRIBUTEACCESSREQUESTED_3
11:10:32.372 (index):928 ATTRIBUTEACCESSREQUESTED_4
11:10:32.373 (index):934 NODEACCESSREQUESTED_5
11:10:32.374 (index):928 ATTRIBUTEACCESSREQUESTED_7
11:10:32.375 (index):934 NODEACCESSREQUESTED_9
11:10:32.376 (index):934 NODEACCESSREQUESTED_10
11:10:32.378 (index):934 NODEACCESSREQUESTED_12
11:10:33.371 (index):898 UPDATE_2
11:10:33.372 (index):901 UPDATE_3
11:10:33.373 (index):901 UPDATE_4
11:10:33.374 (index):898 UPDATE_5
11:10:33.375 (index):957 WAITING_7
11:10:33.376 (index):898 UPDATE_9
11:10:33.377 (index):898 UPDATE_10
11:10:33.379 (index):898 UPDATE_12
11:10:33.399 (index):898 UPDATE_8
11:10:33.472 (index):873 NODEACCESSRELEASED_2
11:10:33.473 (index):877 ATTRIBUTEACCESSRELEASED_3
11:10:33.474 (index):877 ATTRIBUTEACCESSRELEASED_4
11:10:33.475 (index):889 THINKING_5
11:10:33.477 (index):889 THINKING_9
11:10:33.478 (index):889 THINKING_10
11:10:33.479 (index):873 NODEACCESSRELEASED_12
11:10:33.501 (index):889 THINKING_8
11:10:33.838 (index):898 UPDATE_11
11:10:33.939 (index):889 THINKING_11
11:10:34.090 (index):898 UPDATE_6
11:10:34.192 (index):873 NODEACCESSRELEASED_6
11:10:34.313 (index):898 UPDATE_1
11:10:34.376 (index):901 UPDATE_7
11:10:34.415 (index):873 NODEACCESSRELEASED_1
11:10:34.473 (index):934 NODEACCESSREQUESTED_2
11:10:34.475 (index):934 NODEACCESSREQUESTED_3
11:10:34.476 (index):934 NODEACCESSREQUESTED_4
11:10:34.477 (index):877 ATTRIBUTEACCESSRELEASED_7
11:10:34.480 (index):934 NODEACCESSREQUESTED_12
11:10:34.833 (index):898 UPDATE_15
11:10:34.935 (index):873 NODEACCESSRELEASED_15
11:10:35.193 (index):928 ATTRIBUTEACCESSREQUESTED_6
11:10:35.416 (index):934 NODEACCESSREQUESTED_1
11:10:35.475 (index):898 UPDATE_2
11:10:35.476 (index):898 UPDATE_3
11:10:35.477 (index):898 UPDATE_4
11:10:35.478 (index):934 NODEACCESSREQUESTED_7
11:10:35.482 (index):898 UPDATE_12
11:10:35.530 (index):898 UPDATE_10
11:10:35.576 (index):873 NODEACCESSRELEASED_2
11:10:35.577 (index):889 THINKING_3
11:10:35.578 (index):873 NODEACCESSRELEASED_4
11:10:35.583 (index):873 NODEACCESSRELEASED_12
11:10:35.631 (index):873 NODEACCESSRELEASED_10
11:10:35.653 (index):898 UPDATE_13
11:10:35.715 (index):901 UPDATE_0
11:10:35.754 (index):873 NODEACCESSRELEASED_13
11:10:35.816 (index):877 ATTRIBUTEACCESSRELEASED_0
11:10:35.830 (index):898 UPDATE_14
11:10:35.889 (index):898 UPDATE_5
11:10:35.931 (index):873 NODEACCESSRELEASED_14
11:10:35.936 (index):934 NODEACCESSREQUESTED_15
11:10:35.990 (index):873 NODEACCESSRELEASED_5
11:10:36.195 (index):901 UPDATE_6
11:10:36.296 (index):877 ATTRIBUTEACCESSRELEASED_6
11:10:36.417 (index):898 UPDATE_1
11:10:36.480 (index):898 UPDATE_7
11:10:36.518 (index):889 THINKING_1
11:10:36.577 (index):928 ATTRIBUTEACCESSREQUESTED_2
11:10:36.579 (index):928 ATTRIBUTEACCESSREQUESTED_4
11:10:36.581 (index):873 NODEACCESSRELEASED_7
11:10:36.584 (index):928 ATTRIBUTEACCESSREQUESTED_12
11:10:36.632 (index):934 NODEACCESSREQUESTED_10
11:10:36.755 (index):928 ATTRIBUTEACCESSREQUESTED_13
11:10:36.817 (index):928 ATTRIBUTEACCESSREQUESTED_0
11:10:36.932 (index):934 NODEACCESSREQUESTED_14
11:10:36.937 (index):898 UPDATE_15
11:10:36.991 (index):934 NODEACCESSREQUESTED_5
11:10:37.038 (index):873 NODEACCESSRELEASED_15
11:10:37.237 (index):898 UPDATE_11
11:10:37.297 (index):934 NODEACCESSREQUESTED_6
11:10:37.338 (index):873 NODEACCESSRELEASED_11
11:10:37.578 (index):901 UPDATE_2
11:10:37.580 (index):901 UPDATE_4
11:10:37.582 (index):934 NODEACCESSREQUESTED_7
11:10:37.585 (index):957 WAITING_12
11:10:37.633 (index):898 UPDATE_10
11:10:37.680 (index):889 THINKING_2
11:10:37.681 (index):877 ATTRIBUTEACCESSRELEASED_4
11:10:37.735 (index):889 THINKING_10
11:10:37.756 (index):901 UPDATE_13
11:10:37.819 (index):901 UPDATE_0
11:10:37.857 (index):877 ATTRIBUTEACCESSRELEASED_13
11:10:37.920 (index):877 ATTRIBUTEACCESSRELEASED_0
11:10:37.934 (index):898 UPDATE_14
11:10:37.942 (index):898 UPDATE_8
11:10:37.989 (index):898 UPDATE_9
11:10:37.992 (index):898 UPDATE_5
11:10:38.035 (index):889 THINKING_14
11:10:38.039 (index):928 ATTRIBUTEACCESSREQUESTED_15
11:10:38.043 (index):873 NODEACCESSRELEASED_8
11:10:38.090 (index):889 THINKING_9
11:10:38.093 (index):889 THINKING_5
11:10:38.298 (index):898 UPDATE_6
11:10:38.339 (index):934 NODEACCESSREQUESTED_11
11:10:38.400 (index):873 NODEACCESSRELEASED_6
11:10:38.583 (index):898 UPDATE_7
11:10:38.586 (index):957 WAITING_12
11:10:38.682 (index):934 NODEACCESSREQUESTED_4
11:10:38.684 (index):889 THINKING_7
11:10:38.859 (index):928 ATTRIBUTEACCESSREQUESTED_13
11:10:38.921 (index):934 NODEACCESSREQUESTED_0
11:10:39.040 (index):957 WAITING_15
11:10:39.044 (index):928 ATTRIBUTEACCESSREQUESTED_8
11:10:39.341 (index):898 UPDATE_11
11:10:39.401 (index):934 NODEACCESSREQUESTED_6
11:10:39.442 (index):873 NODEACCESSRELEASED_11
11:10:39.587 (index):957 WAITING_12
11:10:39.683 (index):898 UPDATE_4
11:10:39.694 (index):898 UPDATE_3
11:10:39.785 (index):873 NODEACCESSRELEASED_4
11:10:39.794 (index):873 NODEACCESSRELEASED_3
11:10:39.861 (index):957 WAITING_13
11:10:39.928 (index):898 UPDATE_0
11:10:40.029 (index):889 THINKING_0
11:10:40.044 (index):957 WAITING_15
11:10:40.045 (index):901 UPDATE_8
11:10:40.068 (index):898 UPDATE_1
11:10:40.147 (index):889 THINKING_8
11:10:40.169 (index):889 THINKING_1
11:10:40.399 (index):901 UPDATE_2
11:10:40.402 (index):898 UPDATE_6
11:10:40.443 (index):934 NODEACCESSREQUESTED_11
11:10:40.496 (index):898 UPDATE_9
11:10:40.500 (index):877 ATTRIBUTEACCESSRELEASED_2
11:10:40.503 (index):873 NODEACCESSRELEASED_6
11:10:40.588 (index):901 UPDATE_12
11:10:40.597 (index):873 NODEACCESSRELEASED_9
11:10:40.689 (index):889 THINKING_12
11:10:40.712 (index):898 UPDATE_10
11:10:40.786 (index):928 ATTRIBUTEACCESSREQUESTED_4
11:10:40.796 (index):928 ATTRIBUTEACCESSREQUESTED_3
11:10:40.814 (index):873 NODEACCESSRELEASED_10
11:10:40.856 (index):898 UPDATE_7
11:10:40.862 (index):957 WAITING_13
11:10:41.226 (index):873 NODEACCESSRELEASED_7
11:10:41.227 (index):898 UPDATE_14
11:10:41.227 (index):957 WAITING_15
11:10:42.226 (index):898 UPDATE_5
11:10:42.227 (index):873 NODEACCESSRELEASED_14
11:10:42.228 (index):898 UPDATE_11
11:10:42.229 (index):928 ATTRIBUTEACCESSREQUESTED_2
11:10:42.230 (index):934 NODEACCESSREQUESTED_6
11:10:42.231 (index):928 ATTRIBUTEACCESSREQUESTED_9
11:10:42.232 (index):957 WAITING_4
11:10:42.233 (index):901 UPDATE_3
11:10:42.234 (index):934 NODEACCESSREQUESTED_10
11:10:42.235 (index):957 WAITING_13
11:10:43.226 (index):928 ATTRIBUTEACCESSREQUESTED_7
11:10:43.230 (index):957 WAITING_15
11:10:43.232 (index):873 NODEACCESSRELEASED_5
11:10:43.233 (index):873 NODEACCESSRELEASED_11
11:10:43.234 (index):877 ATTRIBUTEACCESSRELEASED_3
11:10:43.235 (index):898 UPDATE_0
11:10:44.226 (index):934 NODEACCESSREQUESTED_14
11:10:44.228 (index):901 UPDATE_2
11:10:44.229 (index):898 UPDATE_6
11:10:44.231 (index):901 UPDATE_9
11:10:44.232 (index):957 WAITING_4
11:10:44.234 (index):898 UPDATE_10
11:10:44.235 (index):957 WAITING_13
11:10:44.236 (index):889 THINKING_0
11:10:45.226 (index):957 WAITING_7
11:10:45.228 (index):957 WAITING_15
11:10:45.229 (index):928 ATTRIBUTEACCESSREQUESTED_5
11:10:45.231 (index):934 NODEACCESSREQUESTED_11
11:10:45.232 (index):934 NODEACCESSREQUESTED_3
11:10:45.234 (index):877 ATTRIBUTEACCESSRELEASED_2
11:10:45.234 (index):873 NODEACCESSRELEASED_6
11:10:45.235 (index):877 ATTRIBUTEACCESSRELEASED_9
11:10:45.235 (index):889 THINKING_10
11:10:45.236 (index):898 UPDATE_1
11:10:45.236 (index):901 UPDATE_8
11:10:46.226 (index):898 UPDATE_14
11:10:46.227 (index):957 WAITING_4
11:10:46.228 (index):957 WAITING_13
11:10:46.229 (index):873 NODEACCESSRELEASED_1
11:10:46.230 (index):877 ATTRIBUTEACCESSRELEASED_8
11:10:46.231 (index):901 UPDATE_12
11:10:47.226 (index):901 UPDATE_7
11:10:47.228 (index):957 WAITING_15
11:10:47.229 (index):901 UPDATE_5
11:10:47.231 (index):898 UPDATE_11
11:10:47.232 (index):898 UPDATE_3
11:10:47.233 (index):934 NODEACCESSREQUESTED_2
11:10:47.234 (index):928 ATTRIBUTEACCESSREQUESTED_6
11:10:47.235 (index):928 ATTRIBUTEACCESSREQUESTED_9
11:10:47.236 (index):873 NODEACCESSRELEASED_14
11:10:47.237 (index):877 ATTRIBUTEACCESSRELEASED_12
11:10:48.226 (index):901 UPDATE_4
11:10:48.228 (index):957 WAITING_13
11:10:48.229 (index):934 NODEACCESSREQUESTED_1
11:10:48.231 (index):928 ATTRIBUTEACCESSREQUESTED_8
11:10:48.232 (index):889 THINKING_7
11:10:48.233 (index):889 THINKING_5
11:10:48.234 (index):889 THINKING_11
11:10:48.234 (index):873 NODEACCESSRELEASED_3
11:10:49.226 (index):901 UPDATE_15
11:10:49.227 (index):898 UPDATE_2
11:10:49.228 (index):957 WAITING_6
11:10:49.229 (index):957 WAITING_9
11:10:49.230 (index):934 NODEACCESSREQUESTED_14
11:10:49.231 (index):928 ATTRIBUTEACCESSREQUESTED_12
11:10:49.232 (index):889 THINKING_4
11:10:49.233 (index):898 UPDATE_0
11:10:50.226 (index):957 WAITING_13
11:10:50.228 (index):898 UPDATE_1
11:10:50.229 (index):957 WAITING_8
11:10:50.231 (index):934 NODEACCESSREQUESTED_3
11:10:50.233 (index):889 THINKING_15
11:10:50.235 (index):889 THINKING_2
11:10:50.236 (index):873 NODEACCESSRELEASED_0
11:10:50.238 (index):898 UPDATE_10
11:10:51.226 (index):957 WAITING_6
11:10:51.227 (index):957 WAITING_9
11:10:51.228 (index):898 UPDATE_14
11:10:51.229 (index):957 WAITING_12
11:10:51.230 (index):889 THINKING_1
11:10:51.231 (index):873 NODEACCESSRELEASED_10
11:10:52.226 (index):957 WAITING_13
11:10:52.228 (index):957 WAITING_8
11:10:52.229 (index):898 UPDATE_3
11:10:52.231 (index):934 NODEACCESSREQUESTED_0
11:10:52.232 (index):873 NODEACCESSRELEASED_14
11:10:52.234 (index):901 UPDATE_4
11:10:53.107 (index):957 WAITING_6
11:10:53.108 (index):957 WAITING_9
11:10:53.109 (index):957 WAITING_12
11:10:53.109 (index):934 NODEACCESSREQUESTED_10
11:10:53.110 (index):873 NODEACCESSRELEASED_3
11:10:53.111 (index):877 ATTRIBUTEACCESSRELEASED_4
11:10:53.112 (index):898 UPDATE_11
11:10:53.113 (index):898 UPDATE_2
11:10:53.113 (index):901 UPDATE_5
11:10:53.114 (index):901 UPDATE_7
11:10:53.213 (index):873 NODEACCESSRELEASED_11
11:10:53.214 (index):889 THINKING_2
11:10:53.214 (index):889 THINKING_5
11:10:53.215 (index):877 ATTRIBUTEACCESSRELEASED_7
11:10:53.228 (index):957 WAITING_13
11:10:53.229 (index):901 UPDATE_8
11:10:53.232 (index):898 UPDATE_0
11:10:53.234 (index):934 NODEACCESSREQUESTED_14
11:10:53.330 (index):877 ATTRIBUTEACCESSRELEASED_8
11:10:53.333 (index):889 THINKING_0
11:10:53.544 (index):898 UPDATE_1
11:10:53.645 (index):873 NODEACCESSRELEASED_1
11:10:54.110 (index):957 WAITING_6
11:10:54.112 (index):901 UPDATE_9
11:10:54.113 (index):957 WAITING_12
11:10:54.113 (index):898 UPDATE_10
11:10:54.114 (index):934 NODEACCESSREQUESTED_3
11:10:54.115 (index):928 ATTRIBUTEACCESSREQUESTED_4
11:10:54.213 (index):877 ATTRIBUTEACCESSRELEASED_9
11:10:54.214 (index):928 ATTRIBUTEACCESSREQUESTED_11
11:10:54.215 (index):889 THINKING_10
11:10:54.215 (index):934 NODEACCESSREQUESTED_7
11:10:54.229 (index):957 WAITING_13
11:10:54.235 (index):898 UPDATE_14
11:10:54.331 (index):934 NODEACCESSREQUESTED_8
11:10:54.336 (index):873 NODEACCESSRELEASED_14
11:10:54.583 (index):901 UPDATE_15
11:10:54.646 (index):934 NODEACCESSREQUESTED_1
11:10:54.684 (index):889 THINKING_15
11:10:55.112 (index):957 WAITING_6
11:10:55.114 (index):957 WAITING_12
11:10:55.115 (index):898 UPDATE_3
11:10:55.116 (index):901 UPDATE_4
11:10:55.214 (index):934 NODEACCESSREQUESTED_9
11:10:55.215 (index):957 WAITING_11
11:10:55.216 (index):873 NODEACCESSRELEASED_3
11:10:55.216 (index):898 UPDATE_7
11:10:55.217 (index):889 THINKING_4
11:10:55.230 (index):957 WAITING_13
11:10:55.256 (index):901 UPDATE_5
11:10:55.317 (index):873 NODEACCESSRELEASED_7
11:10:55.332 (index):898 UPDATE_8
11:10:55.337 (index):934 NODEACCESSREQUESTED_14
11:10:55.357 (index):877 ATTRIBUTEACCESSRELEASED_5
11:10:55.434 (index):889 THINKING_8
11:10:55.441 (index):898 UPDATE_2
11:10:55.489 (index):898 UPDATE_0
11:10:55.542 (index):889 THINKING_2
11:10:55.590 (index):873 NODEACCESSRELEASED_0
11:10:55.648 (index):898 UPDATE_1
11:10:55.749 (index):889 THINKING_1
11:10:56.113 (index):957 WAITING_6
11:10:56.115 (index):957 WAITING_12
11:10:56.215 (index):898 UPDATE_9
11:10:56.216 (index):957 WAITING_11
11:10:56.217 (index):934 NODEACCESSREQUESTED_3
11:10:56.602 (index):957 WAITING_13
11:10:56.619 (index):889 THINKING_9
11:10:56.620 (index):934 NODEACCESSREQUESTED_7
11:10:56.620 (index):898 UPDATE_14
11:10:56.621 (index):934 NODEACCESSREQUESTED_5
11:10:56.621 (index):934 NODEACCESSREQUESTED_0
11:10:56.950 (index):889 THINKING_14
11:10:56.951 (index):901 UPDATE_15
11:10:57.051 (index):877 ATTRIBUTEACCESSRELEASED_15
11:10:57.114 (index):957 WAITING_6
11:10:57.116 (index):957 WAITING_12
11:10:57.217 (index):957 WAITING_11
11:10:57.218 (index):898 UPDATE_3
11:10:57.319 (index):889 THINKING_3
11:10:57.603 (index):901 UPDATE_13
11:10:57.620 (index):898 UPDATE_7
11:10:57.621 (index):898 UPDATE_5
11:10:57.622 (index):898 UPDATE_0
11:10:57.705 (index):877 ATTRIBUTEACCESSRELEASED_13
11:10:57.721 (index):873 NODEACCESSRELEASED_7
11:10:57.722 (index):889 THINKING_5
11:10:57.723 (index):873 NODEACCESSRELEASED_0
11:10:58.000 (index):898 UPDATE_10
11:10:58.052 (index):934 NODEACCESSREQUESTED_15
11:10:58.101 (index):873 NODEACCESSRELEASED_10
11:10:58.116 (index):901 UPDATE_6
11:10:58.117 (index):957 WAITING_12
11:10:58.217 (index):889 THINKING_6
11:10:58.218 (index):957 WAITING_11
11:10:58.680 (index):898 UPDATE_1
11:10:58.706 (index):928 ATTRIBUTEACCESSREQUESTED_13
11:10:58.722 (index):928 ATTRIBUTEACCESSREQUESTED_7
11:10:58.724 (index):934 NODEACCESSREQUESTED_0
11:10:58.731 (index):898 UPDATE_8
11:10:58.781 (index):889 THINKING_1
11:10:58.832 (index):873 NODEACCESSRELEASED_8
11:10:59.054 (index):898 UPDATE_15
11:10:59.102 (index):934 NODEACCESSREQUESTED_10
11:10:59.118 (index):957 WAITING_12
11:10:59.155 (index):889 THINKING_15
11:10:59.180 (index):898 UPDATE_14
11:10:59.219 (index):957 WAITING_11
11:10:59.281 (index):873 NODEACCESSRELEASED_14
11:10:59.426 (index):901 UPDATE_4
11:10:59.527 (index):889 THINKING_4
11:10:59.707 (index):901 UPDATE_13
11:10:59.724 (index):901 UPDATE_7
11:10:59.725 (index):898 UPDATE_0
11:10:59.727 (index):898 UPDATE_3
11:10:59.730 (index):898 UPDATE_9
11:10:59.808 (index):877 ATTRIBUTEACCESSRELEASED_13
11:10:59.825 (index):877 ATTRIBUTEACCESSRELEASED_7
11:10:59.826 (index):889 THINKING_0
11:10:59.827 (index):873 NODEACCESSRELEASED_3
11:10:59.830 (index):873 NODEACCESSRELEASED_9
11:10:59.833 (index):934 NODEACCESSREQUESTED_8
11:11:00.103 (index):898 UPDATE_10
11:11:00.119 (index):957 WAITING_12
11:11:00.204 (index):889 THINKING_10
11:11:00.220 (index):957 WAITING_11
11:11:00.282 (index):934 NODEACCESSREQUESTED_14
11:11:00.397 (index):898 UPDATE_2
11:11:00.488 (index):901 UPDATE_6
11:11:00.499 (index):873 NODEACCESSRELEASED_2
11:11:00.589 (index):889 THINKING_6
11:11:00.809 (index):934 NODEACCESSREQUESTED_13
11:11:00.825 (index):934 NODEACCESSREQUESTED_7
11:11:00.828 (index):928 ATTRIBUTEACCESSREQUESTED_3
11:11:00.831 (index):934 NODEACCESSREQUESTED_9
11:11:00.834 (index):898 UPDATE_8
11:11:00.935 (index):873 NODEACCESSRELEASED_8
11:11:01.120 (index):957 WAITING_12
11:11:01.222 (index):957 WAITING_11
11:11:01.283 (index):898 UPDATE_14
11:11:01.385 (index):873 NODEACCESSRELEASED_14
11:11:01.500 (index):934 NODEACCESSREQUESTED_2
11:11:01.810 (index):898 UPDATE_13
11:11:01.827 (index):898 UPDATE_7
11:11:01.829 (index):957 WAITING_3
11:11:01.832 (index):898 UPDATE_9
11:11:01.911 (index):873 NODEACCESSRELEASED_13
11:11:01.919 (index):898 UPDATE_15
11:11:01.928 (index):873 NODEACCESSRELEASED_7
11:11:01.933 (index):873 NODEACCESSRELEASED_9
11:11:01.936 (index):934 NODEACCESSREQUESTED_8
11:11:02.020 (index):889 THINKING_15
11:11:02.121 (index):957 WAITING_12
11:11:02.222 (index):957 WAITING_11
11:11:02.386 (index):928 ATTRIBUTEACCESSREQUESTED_14
11:11:02.501 (index):898 UPDATE_2
11:11:02.602 (index):873 NODEACCESSRELEASED_2
11:11:02.657 (index):898 UPDATE_5
11:11:02.759 (index):873 NODEACCESSRELEASED_5
11:11:02.830 (index):957 WAITING_3
11:11:02.912 (index):928 ATTRIBUTEACCESSREQUESTED_13
11:11:02.929 (index):928 ATTRIBUTEACCESSREQUESTED_7
11:11:02.935 (index):928 ATTRIBUTEACCESSREQUESTED_9
11:11:02.937 (index):898 UPDATE_8
11:11:03.038 (index):873 NODEACCESSRELEASED_8
11:11:03.123 (index):957 WAITING_12
11:11:03.224 (index):957 WAITING_11
11:11:03.388 (index):901 UPDATE_14
11:11:03.391 (index):898 UPDATE_1
11:11:03.486 (index):901 UPDATE_4
11:11:03.490 (index):889 THINKING_14
11:11:03.492 (index):889 THINKING_1
11:11:03.543 (index):901 UPDATE_6
11:11:03.587 (index):889 THINKING_4
11:11:03.603 (index):934 NODEACCESSREQUESTED_2
11:11:03.644 (index):877 ATTRIBUTEACCESSRELEASED_6
11:11:03.760 (index):934 NODEACCESSREQUESTED_5
11:11:03.821 (index):898 UPDATE_0
11:11:03.831 (index):957 WAITING_3
11:11:03.913 (index):957 WAITING_13
11:11:03.922 (index):873 NODEACCESSRELEASED_0
11:11:03.930 (index):957 WAITING_7
11:11:03.935 (index):957 WAITING_9
11:11:04.039 (index):934 NODEACCESSREQUESTED_8
11:11:04.124 (index):901 UPDATE_12
11:11:04.224 (index):877 ATTRIBUTEACCESSRELEASED_12
11:11:04.226 (index):901 UPDATE_11
11:11:04.327 (index):877 ATTRIBUTEACCESSRELEASED_11
11:11:04.604 (index):898 UPDATE_2
11:11:04.626 (index):898 UPDATE_15
11:11:04.645 (index):934 NODEACCESSREQUESTED_6
11:11:04.706 (index):873 NODEACCESSRELEASED_2
11:11:04.727 (index):873 NODEACCESSRELEASED_15
11:11:04.761 (index):898 UPDATE_5
11:11:04.832 (index):901 UPDATE_3
11:11:04.863 (index):873 NODEACCESSRELEASED_5
11:11:04.915 (index):957 WAITING_13
11:11:04.923 (index):928 ATTRIBUTEACCESSREQUESTED_0
11:11:04.931 (index):957 WAITING_7
11:11:04.934 (index):877 ATTRIBUTEACCESSRELEASED_3
11:11:04.937 (index):901 UPDATE_9
11:11:05.038 (index):889 THINKING_9
11:11:05.041 (index):898 UPDATE_8
11:11:05.090 (index):898 UPDATE_10
11:11:05.142 (index):873 NODEACCESSRELEASED_8
11:11:05.190 (index):873 NODEACCESSRELEASED_10
11:11:05.226 (index):928 ATTRIBUTEACCESSREQUESTED_12
11:11:05.328 (index):928 ATTRIBUTEACCESSREQUESTED_11
11:11:05.647 (index):898 UPDATE_6
11:11:05.707 (index):934 NODEACCESSREQUESTED_2
11:11:05.729 (index):928 ATTRIBUTEACCESSREQUESTED_15
11:11:05.748 (index):873 NODEACCESSRELEASED_6
11:11:05.864 (index):934 NODEACCESSREQUESTED_5
11:11:05.915 (index):957 WAITING_13
11:11:05.924 (index):901 UPDATE_0
11:11:05.932 (index):957 WAITING_7
11:11:05.935 (index):928 ATTRIBUTEACCESSREQUESTED_3
11:11:06.025 (index):877 ATTRIBUTEACCESSRELEASED_0
11:11:06.143 (index):934 NODEACCESSREQUESTED_8
11:11:06.192 (index):928 ATTRIBUTEACCESSREQUESTED_10
11:11:06.227 (index):957 WAITING_12
11:11:06.329 (index):957 WAITING_11
11:11:06.353 (index):901 UPDATE_4
11:11:06.455 (index):877 ATTRIBUTEACCESSRELEASED_4
11:11:06.689 (index):901 UPDATE_14
11:11:06.709 (index):898 UPDATE_2
11:11:06.730 (index):901 UPDATE_15
11:11:06.749 (index):934 NODEACCESSREQUESTED_6
11:11:06.790 (index):889 THINKING_14
11:11:06.810 (index):873 NODEACCESSRELEASED_2
11:11:06.831 (index):889 THINKING_15
11:11:06.866 (index):898 UPDATE_5
11:11:06.916 (index):901 UPDATE_13
11:11:06.933 (index):957 WAITING_7
11:11:06.936 (index):957 WAITING_3
11:11:06.967 (index):873 NODEACCESSRELEASED_5
11:11:07.017 (index):877 ATTRIBUTEACCESSRELEASED_13
11:11:07.026 (index):934 NODEACCESSREQUESTED_0
11:11:07.145 (index):898 UPDATE_8
11:11:07.193 (index):957 WAITING_10
11:11:07.229 (index):957 WAITING_12
11:11:07.246 (index):873 NODEACCESSRELEASED_8
11:11:07.330 (index):957 WAITING_11
11:11:07.459 (index):934 NODEACCESSREQUESTED_4
11:11:07.684 (index):898 UPDATE_1
11:11:07.750 (index):898 UPDATE_6
11:11:07.786 (index):873 NODEACCESSRELEASED_1
11:11:07.812 (index):934 NODEACCESSREQUESTED_2
11:11:07.851 (index):873 NODEACCESSRELEASED_6
11:11:07.941 (index):901 UPDATE_7
11:11:07.943 (index):957 WAITING_3
11:11:07.968 (index):934 NODEACCESSREQUESTED_5
11:11:08.018 (index):928 ATTRIBUTEACCESSREQUESTED_13
11:11:08.027 (index):898 UPDATE_0
11:11:08.043 (index):889 THINKING_7
11:11:08.128 (index):873 NODEACCESSRELEASED_0
11:11:08.194 (index):957 WAITING_10
11:11:08.230 (index):957 WAITING_12
11:11:08.248 (index):928 ATTRIBUTEACCESSREQUESTED_8
11:11:08.467 (index):957 WAITING_11
11:11:08.468 (index):898 UPDATE_4
11:11:08.568 (index):873 NODEACCESSRELEASED_4
11:11:08.661 (index):901 UPDATE_9
11:11:08.762 (index):877 ATTRIBUTEACCESSRELEASED_9
11:11:08.796 (index):934 NODEACCESSREQUESTED_1
11:11:08.813 (index):898 UPDATE_2
11:11:08.852 (index):928 ATTRIBUTEACCESSREQUESTED_6
11:11:08.914 (index):968 END_2
11:11:08.944 (index):901 UPDATE_3
11:11:08.970 (index):898 UPDATE_5
11:11:09.020 (index):901 UPDATE_13
11:11:09.045 (index):889 THINKING_3
11:11:09.071 (index):873 NODEACCESSRELEASED_5
11:11:09.121 (index):877 ATTRIBUTEACCESSRELEASED_13
11:11:09.130 (index):934 NODEACCESSREQUESTED_0
11:11:09.238 (index):957 WAITING_10
11:11:09.239 (index):957 WAITING_12
11:11:09.248 (index):901 UPDATE_8
11:11:09.349 (index):877 ATTRIBUTEACCESSRELEASED_8
11:11:09.467 (index):957 WAITING_11
11:11:09.569 (index):934 NODEACCESSREQUESTED_4
11:11:09.764 (index):928 ATTRIBUTEACCESSREQUESTED_9
11:11:09.797 (index):898 UPDATE_1
11:11:09.853 (index):957 WAITING_6
11:11:09.899 (index):889 THINKING_1
11:11:10.072 (index):934 NODEACCESSREQUESTED_5
11:11:10.122 (index):934 NODEACCESSREQUESTED_13
11:11:10.130 (index):898 UPDATE_0
11:11:10.232 (index):968 END_0
11:11:10.239 (index):957 WAITING_10
11:11:10.240 (index):957 WAITING_12
11:11:10.350 (index):934 NODEACCESSREQUESTED_8
11:11:10.475 (index):957 WAITING_11
11:11:10.570 (index):898 UPDATE_4
11:11:10.903 (index):889 THINKING_4
11:11:10.904 (index):957 WAITING_9
11:11:10.905 (index):957 WAITING_6
11:11:10.906 (index):901 UPDATE_14
11:11:11.276 (index):877 ATTRIBUTEACCESSRELEASED_14
11:11:11.276 (index):898 UPDATE_5
11:11:11.277 (index):901 UPDATE_15
11:11:11.341 (index):898 UPDATE_13
11:11:11.342 (index):957 WAITING_10
11:11:11.342 (index):901 UPDATE_12
11:11:11.588 (index):898 UPDATE_8
11:11:11.589 (index):968 END_5
11:11:11.589 (index):877 ATTRIBUTEACCESSRELEASED_15
11:11:11.590 (index):901 UPDATE_3
11:11:11.591 (index):873 NODEACCESSRELEASED_13
11:11:11.591 (index):877 ATTRIBUTEACCESSRELEASED_12
11:11:11.592 (index):957 WAITING_11
11:11:11.592 (index):901 UPDATE_7
11:11:11.741 (index):968 END_8
11:11:11.742 (index):877 ATTRIBUTEACCESSRELEASED_3
11:11:11.743 (index):877 ATTRIBUTEACCESSRELEASED_7
11:11:11.905 (index):957 WAITING_9
11:11:11.906 (index):957 WAITING_6
11:11:12.077 (index):898 UPDATE_1
11:11:12.179 (index):873 NODEACCESSRELEASED_1
11:11:12.276 (index):928 ATTRIBUTEACCESSREQUESTED_14
11:11:12.342 (index):901 UPDATE_10
11:11:12.444 (index):877 ATTRIBUTEACCESSRELEASED_10
11:11:12.590 (index):934 NODEACCESSREQUESTED_15
11:11:12.591 (index):934 NODEACCESSREQUESTED_13
11:11:12.592 (index):928 ATTRIBUTEACCESSREQUESTED_12
11:11:12.593 (index):901 UPDATE_11
11:11:12.694 (index):877 ATTRIBUTEACCESSRELEASED_11
11:11:12.743 (index):934 NODEACCESSREQUESTED_3
11:11:12.744 (index):934 NODEACCESSREQUESTED_7
11:11:12.906 (index):901 UPDATE_9
11:11:12.908 (index):901 UPDATE_6
11:11:13.008 (index):877 ATTRIBUTEACCESSRELEASED_9
11:11:13.009 (index):877 ATTRIBUTEACCESSRELEASED_6
11:11:13.180 (index):934 NODEACCESSREQUESTED_1
11:11:13.278 (index):901 UPDATE_14
11:11:13.379 (index):968 END_14
11:11:13.445 (index):928 ATTRIBUTEACCESSREQUESTED_10
11:11:13.591 (index):898 UPDATE_15
11:11:13.592 (index):898 UPDATE_13
11:11:13.593 (index):901 UPDATE_12
11:11:13.692 (index):889 THINKING_15
11:11:13.694 (index):873 NODEACCESSRELEASED_13
11:11:13.695 (index):877 ATTRIBUTEACCESSRELEASED_12
11:11:13.697 (index):934 NODEACCESSREQUESTED_11
11:11:13.744 (index):898 UPDATE_3
11:11:13.745 (index):898 UPDATE_7
11:11:13.845 (index):968 END_3
11:11:13.846 (index):968 END_7
11:11:14.009 (index):934 NODEACCESSREQUESTED_9
11:11:14.010 (index):934 NODEACCESSREQUESTED_6
11:11:14.181 (index):898 UPDATE_1
11:11:14.282 (index):968 END_1
11:11:14.446 (index):901 UPDATE_10
11:11:14.547 (index):877 ATTRIBUTEACCESSRELEASED_10
11:11:14.695 (index):934 NODEACCESSREQUESTED_13
11:11:14.697 (index):928 ATTRIBUTEACCESSREQUESTED_12
11:11:14.698 (index):898 UPDATE_11
11:11:14.799 (index):889 THINKING_11
11:11:15.010 (index):898 UPDATE_9
11:11:15.011 (index):898 UPDATE_6
11:11:15.111 (index):873 NODEACCESSRELEASED_9
11:11:15.112 (index):873 NODEACCESSRELEASED_6
11:11:15.294 (index):898 UPDATE_4
11:11:15.395 (index):968 END_4
11:11:15.548 (index):934 NODEACCESSREQUESTED_10
11:11:15.696 (index):898 UPDATE_13
11:11:15.698 (index):901 UPDATE_12
11:11:15.798 (index):873 NODEACCESSRELEASED_13
11:11:15.799 (index):877 ATTRIBUTEACCESSRELEASED_12
11:11:16.113 (index):934 NODEACCESSREQUESTED_9
11:11:16.114 (index):934 NODEACCESSREQUESTED_6
11:11:16.549 (index):898 UPDATE_10
11:11:16.651 (index):968 END_10
11:11:16.799 (index):934 NODEACCESSREQUESTED_13
11:11:16.800 (index):934 NODEACCESSREQUESTED_12
11:11:17.114 (index):898 UPDATE_9
11:11:17.115 (index):898 UPDATE_6
11:11:17.215 (index):968 END_9
11:11:17.216 (index):968 END_6
11:11:17.483 (index):898 UPDATE_15
11:11:17.584 (index):873 NODEACCESSRELEASED_15
11:11:17.800 (index):898 UPDATE_13
11:11:17.801 (index):898 UPDATE_12
11:11:17.902 (index):873 NODEACCESSRELEASED_13
11:11:17.903 (index):873 NODEACCESSRELEASED_12
11:11:18.183 (index):898 UPDATE_11
11:11:18.285 (index):873 NODEACCESSRELEASED_11
11:11:18.585 (index):934 NODEACCESSREQUESTED_15
11:11:18.903 (index):934 NODEACCESSREQUESTED_13
11:11:18.904 (index):934 NODEACCESSREQUESTED_12
11:11:19.285 (index):934 NODEACCESSREQUESTED_11
11:11:19.587 (index):898 UPDATE_15
11:11:19.689 (index):968 END_15
11:11:19.904 (index):898 UPDATE_13
11:11:19.905 (index):898 UPDATE_12
11:11:20.005 (index):873 NODEACCESSRELEASED_13
11:11:20.006 (index):889 THINKING_12
11:11:20.286 (index):898 UPDATE_11
11:11:20.393 (index):873 NODEACCESSRELEASED_11
11:11:21.006 (index):934 NODEACCESSREQUESTED_13
11:11:21.394 (index):928 ATTRIBUTEACCESSREQUESTED_11
11:11:22.008 (index):898 UPDATE_13
11:11:22.227 (index):968 END_13
11:11:23.226 (index):901 UPDATE_11
11:11:24.227 (index):889 THINKING_11
11:11:24.228 (index):898 UPDATE_12
11:11:25.226 (index):873 NODEACCESSRELEASED_12
11:11:27.226 (index):928 ATTRIBUTEACCESSREQUESTED_12
11:11:28.226 (index):901 UPDATE_11
11:11:29.228 (index):901 UPDATE_12
11:11:29.229 (index):968 END_11
11:11:30.227 (index):877 ATTRIBUTEACCESSRELEASED_12
11:11:32.227 (index):928 ATTRIBUTEACCESSREQUESTED_12
11:11:34.226 (index):901 UPDATE_12
11:11:35.227 (index):968 END_12
