17:18:00.227 (index):957 Tasks: 25; Collaborators: 6    =========================>
17:18:00.228 (index):843 NODEACCESSREQUESTED_0
17:18:00.229 (index):843 NODEACCESSREQUESTED_1
17:18:00.231 (index):843 NODEACCESSREQUESTED_2
17:18:00.232 (index):843 NODEACCESSREQUESTED_3
17:18:00.232 (index):843 NODEACCESSREQUESTED_4
17:18:00.233 (index):843 NODEACCESSREQUESTED_5
17:18:02.226 (index):823 THINKING_0
17:18:02.227 (index):823 THINKING_1
17:18:02.227 (index):813 NODEACCESSRELEASED_2
17:18:02.228 (index):813 NODEACCESSRELEASED_3
17:18:02.229 (index):813 NODEACCESSRELEASED_4
17:18:02.230 (index):813 NODEACCESSRELEASED_5
17:18:04.226 (index):843 NODEACCESSREQUESTED_2
17:18:04.227 (index):843 NODEACCESSREQUESTED_3
17:18:04.228 (index):843 NODEACCESSREQUESTED_4
17:18:04.229 (index):843 NODEACCESSREQUESTED_5
17:18:05.226 (index):831 UPDATE_1
17:18:06.226 (index):831 UPDATE_2
17:18:06.227 (index):831 UPDATE_3
17:18:06.228 (index):831 UPDATE_4
17:18:06.229 (index):831 UPDATE_5
17:18:06.230 (index):813 NODEACCESSRELEASED_1
17:18:07.226 (index):813 NODEACCESSRELEASED_2
17:18:07.227 (index):813 NODEACCESSRELEASED_3
17:18:07.227 (index):813 NODEACCESSRELEASED_4
17:18:07.228 (index):823 THINKING_5
17:18:07.228 (index):831 UPDATE_0
17:18:08.226 (index):843 NODEACCESSREQUESTED_1
17:18:08.227 (index):813 NODEACCESSRELEASED_0
17:18:09.226 (index):843 NODEACCESSREQUESTED_2
17:18:09.227 (index):843 NODEACCESSREQUESTED_3
17:18:09.228 (index):843 NODEACCESSREQUESTED_4
17:18:10.226 (index):831 UPDATE_1
17:18:10.227 (index):843 NODEACCESSREQUESTED_0
17:18:10.227 (index):831 UPDATE_5
17:18:11.226 (index):831 UPDATE_2
17:18:11.227 (index):831 UPDATE_3
17:18:11.227 (index):831 UPDATE_4
17:18:11.228 (index):823 THINKING_1
17:18:11.228 (index):813 NODEACCESSRELEASED_5
17:18:12.226 (index):831 UPDATE_0
17:18:12.227 (index):813 NODEACCESSRELEASED_2
17:18:12.228 (index):823 THINKING_3
17:18:12.228 (index):813 NODEACCESSRELEASED_4
17:18:13.226 (index):843 NODEACCESSREQUESTED_5
17:18:13.227 (index):813 NODEACCESSRELEASED_0
17:18:14.226 (index):843 NODEACCESSREQUESTED_2
17:18:14.227 (index):843 NODEACCESSREQUESTED_4
17:18:15.226 (index):831 UPDATE_5
17:18:15.227 (index):843 NODEACCESSREQUESTED_0
17:18:15.228 (index):831 UPDATE_1
17:18:16.226 (index):831 UPDATE_2
17:18:16.227 (index):831 UPDATE_4
17:18:16.228 (index):823 THINKING_5
17:18:16.228 (index):823 THINKING_1
17:18:17.226 (index):831 UPDATE_0
17:18:17.227 (index):823 THINKING_2
17:18:17.228 (index):813 NODEACCESSRELEASED_4
17:18:17.229 (index):831 UPDATE_3
17:18:18.226 (index):823 THINKING_0
17:18:18.227 (index):813 NODEACCESSRELEASED_3
17:18:19.226 (index):843 NODEACCESSREQUESTED_4
17:18:20.228 (index):843 NODEACCESSREQUESTED_3
17:18:20.229 (index):831 UPDATE_5
17:18:20.229 (index):831 UPDATE_2
17:18:20.230 (index):831 UPDATE_4
17:18:21.226 (index):813 NODEACCESSRELEASED_5
17:18:21.227 (index):813 NODEACCESSRELEASED_2
17:18:21.228 (index):813 NODEACCESSRELEASED_4
17:18:21.229 (index):831 UPDATE_1
17:18:21.229 (index):831 UPDATE_0
17:18:22.226 (index):831 UPDATE_3
17:18:22.227 (index):813 NODEACCESSRELEASED_1
17:18:22.228 (index):823 THINKING_0
17:18:23.226 (index):843 NODEACCESSREQUESTED_5
17:18:23.227 (index):843 NODEACCESSREQUESTED_2
17:18:23.228 (index):843 NODEACCESSREQUESTED_4
17:18:23.229 (index):813 NODEACCESSRELEASED_3
17:18:24.227 (index):843 NODEACCESSREQUESTED_1
17:18:25.226 (index):831 UPDATE_5
17:18:25.228 (index):831 UPDATE_2
17:18:25.229 (index):831 UPDATE_4
17:18:25.230 (index):843 NODEACCESSREQUESTED_3
17:18:26.226 (index):831 UPDATE_1
17:18:26.228 (index):823 THINKING_5
17:18:26.230 (index):813 NODEACCESSRELEASED_2
17:18:26.231 (index):823 THINKING_4
17:18:27.226 (index):831 UPDATE_3
17:18:27.227 (index):823 THINKING_1
17:18:27.227 (index):831 UPDATE_0
17:18:28.227 (index):843 NODEACCESSREQUESTED_2
17:18:28.228 (index):813 NODEACCESSRELEASED_3
17:18:28.228 (index):813 NODEACCESSRELEASED_0
17:18:29.226 (index):831 UPDATE_4
17:18:30.226 (index):831 UPDATE_2
17:18:30.227 (index):843 NODEACCESSREQUESTED_3
17:18:30.228 (index):843 NODEACCESSREQUESTED_0
17:18:30.229 (index):813 NODEACCESSRELEASED_4
17:18:30.230 (index):831 UPDATE_1
17:18:31.229 (index):823 THINKING_2
17:18:31.231 (index):813 NODEACCESSRELEASED_1
17:18:31.232 (index):831 UPDATE_5
17:18:31.234 (index):831 UPDATE_3
17:18:32.228 (index):831 UPDATE_0
17:18:32.230 (index):843 NODEACCESSREQUESTED_4
17:18:32.231 (index):823 THINKING_5
17:18:32.232 (index):813 NODEACCESSRELEASED_3
17:18:33.226 (index):843 NODEACCESSREQUESTED_1
17:18:33.227 (index):823 THINKING_0
17:18:34.227 (index):831 UPDATE_4
17:18:34.229 (index):843 NODEACCESSREQUESTED_3
17:18:34.230 (index):831 UPDATE_2
17:18:34.232 (index):831 UPDATE_1
17:18:35.227 (index):831 UPDATE_5
17:18:35.227 (index):823 THINKING_4
17:18:35.228 (index):823 THINKING_2
17:18:35.228 (index):823 THINKING_1
17:18:36.226 (index):831 UPDATE_3
17:18:36.228 (index):813 NODEACCESSRELEASED_5
17:18:36.229 (index):831 UPDATE_0
17:18:37.226 (index):813 NODEACCESSRELEASED_3
17:18:37.227 (index):813 NODEACCESSRELEASED_0
17:18:38.226 (index):843 NODEACCESSREQUESTED_5
17:18:38.227 (index):831 UPDATE_2
17:18:38.228 (index):831 UPDATE_1
17:18:39.226 (index):843 NODEACCESSREQUESTED_3
17:18:39.228 (index):843 NODEACCESSREQUESTED_0
17:18:39.229 (index):823 THINKING_2
17:18:39.231 (index):823 THINKING_1
17:18:40.227 (index):831 UPDATE_5
17:18:40.229 (index):831 UPDATE_4
17:18:41.226 (index):831 UPDATE_3
17:18:41.227 (index):831 UPDATE_0
17:18:41.228 (index):823 THINKING_5
17:18:41.228 (index):823 THINKING_4
17:18:42.226 (index):823 THINKING_3
17:18:42.228 (index):813 NODEACCESSRELEASED_0
17:18:44.226 (index):843 NODEACCESSREQUESTED_0
17:18:44.227 (index):831 UPDATE_1
17:18:44.228 (index):831 UPDATE_2
17:18:45.226 (index):823 THINKING_1
17:18:45.227 (index):813 NODEACCESSRELEASED_2
17:18:45.228 (index):831 UPDATE_3
17:18:45.229 (index):831 UPDATE_4
17:18:46.226 (index):831 UPDATE_0
17:18:46.227 (index):813 NODEACCESSRELEASED_3
17:18:46.229 (index):823 THINKING_4
17:18:46.233 (index):831 UPDATE_5
17:18:47.226 (index):843 NODEACCESSREQUESTED_2
17:18:47.228 (index):823 THINKING_0
17:18:47.229 (index):813 NODEACCESSRELEASED_5
17:18:48.226 (index):843 NODEACCESSREQUESTED_3
17:18:49.228 (index):831 UPDATE_2
17:18:49.229 (index):843 NODEACCESSREQUESTED_5
17:18:49.230 (index):831 UPDATE_4
17:18:49.231 (index):831 UPDATE_3
17:18:50.226 (index):813 NODEACCESSRELEASED_2
17:18:50.228 (index):813 NODEACCESSRELEASED_4
17:18:50.229 (index):813 NODEACCESSRELEASED_3
17:18:50.231 (index):831 UPDATE_1
17:18:51.226 (index):831 UPDATE_5
17:18:51.227 (index):813 NODEACCESSRELEASED_1
17:18:51.228 (index):831 UPDATE_0
17:18:52.226 (index):843 NODEACCESSREQUESTED_2
17:18:52.227 (index):843 NODEACCESSREQUESTED_4
17:18:52.227 (index):843 NODEACCESSREQUESTED_3
17:18:52.228 (index):813 NODEACCESSRELEASED_5
17:18:52.228 (index):813 NODEACCESSRELEASED_0
17:18:53.226 (index):843 NODEACCESSREQUESTED_1
17:18:54.227 (index):831 UPDATE_2
17:18:54.227 (index):831 UPDATE_4
17:18:54.229 (index):831 UPDATE_3
17:18:54.229 (index):843 NODEACCESSREQUESTED_5
17:18:54.230 (index):843 NODEACCESSREQUESTED_0
17:18:55.226 (index):831 UPDATE_1
17:18:55.228 (index):813 NODEACCESSRELEASED_2
17:18:55.229 (index):813 NODEACCESSRELEASED_4
17:18:55.231 (index):823 THINKING_3
17:18:56.227 (index):831 UPDATE_5
17:18:56.228 (index):831 UPDATE_0
17:18:56.229 (index):823 THINKING_1
17:18:57.226 (index):843 NODEACCESSREQUESTED_2
17:18:57.227 (index):843 NODEACCESSREQUESTED_4
17:18:57.228 (index):813 NODEACCESSRELEASED_5
17:18:57.229 (index):813 NODEACCESSRELEASED_0
17:18:58.226 (index):831 UPDATE_3
17:18:59.227 (index):831 UPDATE_2
17:18:59.228 (index):831 UPDATE_4
17:18:59.229 (index):843 NODEACCESSREQUESTED_5
17:18:59.229 (index):843 NODEACCESSREQUESTED_0
17:18:59.231 (index):813 NODEACCESSRELEASED_3
17:18:59.232 (index):831 UPDATE_1
17:19:00.226 (index):813 NODEACCESSRELEASED_2
17:19:00.227 (index):823 THINKING_4
17:19:00.228 (index):813 NODEACCESSRELEASED_1
17:19:01.226 (index):831 UPDATE_5
17:19:01.227 (index):831 UPDATE_0
17:19:01.229 (index):843 NODEACCESSREQUESTED_3
17:19:02.226 (index):843 NODEACCESSREQUESTED_2
17:19:02.228 (index):843 NODEACCESSREQUESTED_1
17:19:02.229 (index):813 NODEACCESSRELEASED_5
17:19:02.231 (index):813 NODEACCESSRELEASED_0
17:19:03.227 (index):831 UPDATE_3
17:19:04.226 (index):831 UPDATE_2
17:19:04.227 (index):831 UPDATE_1
17:19:04.228 (index):843 NODEACCESSREQUESTED_5
17:19:04.229 (index):843 NODEACCESSREQUESTED_0
17:19:04.231 (index):872 END_3
17:19:05.226 (index):872 END_2
17:19:05.227 (index):872 END_1
17:19:05.228 (index):831 UPDATE_4
17:19:06.226 (index):831 UPDATE_5
17:19:06.227 (index):831 UPDATE_0
17:19:06.229 (index):872 END_4
17:19:07.226 (index):872 END_5
17:19:07.227 (index):872 END_0
