17:40:42.595 (index):1269 Tasks: 25; Collaborators: 18    =========================>
17:40:42.596 (index):843 NODEACCESSREQUESTED_0
17:40:42.598 (index):843 NODEACCESSREQUESTED_1
17:40:42.599 (index):843 NODEACCESSREQUESTED_2
17:40:42.600 (index):843 NODEACCESSREQUESTED_3
17:40:42.602 (index):843 NODEACCESSREQUESTED_4
17:40:42.603 (index):843 NODEACCESSREQUESTED_5
17:40:42.604 (index):843 NODEACCESSREQUESTED_6
17:40:42.605 (index):843 NODEACCESSREQUESTED_7
17:40:42.606 (index):843 NODEACCESSREQUESTED_8
17:40:42.607 (index):843 NODEACCESSREQUESTED_9
17:40:42.607 (index):843 NODEACCESSREQUESTED_10
17:40:42.608 (index):843 NODEACCESSREQUESTED_11
17:40:42.609 (index):843 NODEACCESSREQUESTED_12
17:40:42.609 (index):843 NODEACCESSREQUESTED_13
17:40:42.610 (index):843 NODEACCESSREQUESTED_14
17:40:42.610 (index):843 NODEACCESSREQUESTED_15
17:40:42.611 (index):843 NODEACCESSREQUESTED_16
17:40:42.612 (index):843 NODEACCESSREQUESTED_17
17:40:43.598 (index):823 THINKING_0
17:40:43.599 (index):823 THINKING_1
17:40:43.600 (index):813 NODEACCESSRELEASED_2
17:40:43.602 (index):813 NODEACCESSRELEASED_3
17:40:43.603 (index):813 NODEACCESSRELEASED_4
17:40:43.604 (index):813 NODEACCESSRELEASED_5
17:40:43.605 (index):823 THINKING_6
17:40:43.606 (index):813 NODEACCESSRELEASED_7
17:40:43.607 (index):823 THINKING_8
17:40:43.607 (index):813 NODEACCESSRELEASED_9
17:40:43.608 (index):861 WAITING_10
17:40:43.609 (index):861 WAITING_11
17:40:43.609 (index):861 WAITING_12
17:40:43.610 (index):861 WAITING_13
17:40:43.611 (index):861 WAITING_14
17:40:43.611 (index):861 WAITING_15
17:40:43.612 (index):861 WAITING_16
17:40:43.613 (index):861 WAITING_17
17:40:44.601 (index):843 NODEACCESSREQUESTED_2
17:40:44.603 (index):843 NODEACCESSREQUESTED_3
17:40:44.604 (index):843 NODEACCESSREQUESTED_4
17:40:44.605 (index):843 NODEACCESSREQUESTED_5
17:40:44.607 (index):843 NODEACCESSREQUESTED_7
17:40:44.608 (index):843 NODEACCESSREQUESTED_9
17:40:44.609 (index):861 WAITING_10
17:40:44.610 (index):861 WAITING_11
17:40:44.610 (index):861 WAITING_12
17:40:44.611 (index):861 WAITING_13
17:40:44.611 (index):861 WAITING_14
17:40:44.612 (index):861 WAITING_15
17:40:44.613 (index):861 WAITING_16
17:40:44.613 (index):861 WAITING_17
17:40:45.603 (index):831 UPDATE_2
17:40:45.604 (index):831 UPDATE_3
17:40:45.605 (index):831 UPDATE_4
17:40:45.606 (index):831 UPDATE_5
17:40:45.608 (index):831 UPDATE_7
17:40:45.609 (index):831 UPDATE_9
17:40:45.610 (index):861 WAITING_10
17:40:45.611 (index):861 WAITING_11
17:40:45.612 (index):861 WAITING_12
17:40:45.613 (index):861 WAITING_13
17:40:45.614 (index):861 WAITING_14
17:40:45.615 (index):861 WAITING_15
17:40:45.616 (index):861 WAITING_16
17:40:45.617 (index):861 WAITING_17
17:40:45.632 (index):831 UPDATE_8
17:40:45.704 (index):813 NODEACCESSRELEASED_2
17:40:45.705 (index):813 NODEACCESSRELEASED_3
17:40:45.706 (index):813 NODEACCESSRELEASED_4
17:40:45.707 (index):823 THINKING_5
17:40:45.709 (index):813 NODEACCESSRELEASED_7
17:40:45.710 (index):823 THINKING_9
17:40:45.733 (index):823 THINKING_8
17:40:46.323 (index):831 UPDATE_6
17:40:46.424 (index):813 NODEACCESSRELEASED_6
17:40:46.545 (index):831 UPDATE_1
17:40:46.611 (index):861 WAITING_10
17:40:46.612 (index):861 WAITING_11
17:40:46.613 (index):861 WAITING_12
17:40:46.614 (index):861 WAITING_13
17:40:46.615 (index):861 WAITING_14
17:40:46.616 (index):861 WAITING_15
17:40:46.617 (index):861 WAITING_16
17:40:46.618 (index):861 WAITING_17
17:40:46.646 (index):813 NODEACCESSRELEASED_1
17:40:46.705 (index):843 NODEACCESSREQUESTED_2
17:40:46.706 (index):843 NODEACCESSREQUESTED_3
17:40:46.707 (index):843 NODEACCESSREQUESTED_4
17:40:46.710 (index):843 NODEACCESSREQUESTED_7
17:40:47.425 (index):843 NODEACCESSREQUESTED_6
17:40:47.612 (index):861 WAITING_10
17:40:47.613 (index):861 WAITING_11
17:40:47.614 (index):861 WAITING_12
17:40:47.615 (index):861 WAITING_13
17:40:47.616 (index):861 WAITING_14
17:40:47.617 (index):861 WAITING_15
17:40:47.618 (index):861 WAITING_16
17:40:47.619 (index):861 WAITING_17
17:40:47.647 (index):843 NODEACCESSREQUESTED_1
17:40:47.706 (index):831 UPDATE_2
17:40:47.707 (index):831 UPDATE_3
17:40:47.707 (index):831 UPDATE_4
17:40:47.711 (index):831 UPDATE_7
17:40:47.807 (index):813 NODEACCESSRELEASED_2
17:40:47.808 (index):823 THINKING_3
17:40:47.809 (index):813 NODEACCESSRELEASED_4
17:40:47.811 (index):813 NODEACCESSRELEASED_7
17:40:47.947 (index):831 UPDATE_0
17:40:48.048 (index):813 NODEACCESSRELEASED_0
17:40:48.122 (index):831 UPDATE_5
17:40:48.223 (index):813 NODEACCESSRELEASED_5
17:40:48.427 (index):831 UPDATE_6
17:40:48.528 (index):813 NODEACCESSRELEASED_6
17:40:48.614 (index):861 WAITING_10
17:40:48.615 (index):861 WAITING_11
17:40:48.616 (index):861 WAITING_12
17:40:48.617 (index):861 WAITING_13
17:40:48.618 (index):861 WAITING_14
17:40:48.618 (index):861 WAITING_15
17:40:48.619 (index):861 WAITING_16
17:40:48.620 (index):861 WAITING_17
17:40:48.647 (index):831 UPDATE_1
17:40:48.749 (index):823 THINKING_1
17:40:48.808 (index):843 NODEACCESSREQUESTED_2
17:40:48.809 (index):843 NODEACCESSREQUESTED_4
17:40:48.812 (index):843 NODEACCESSREQUESTED_7
17:40:49.050 (index):843 NODEACCESSREQUESTED_0
17:40:49.224 (index):843 NODEACCESSREQUESTED_5
17:40:49.529 (index):843 NODEACCESSREQUESTED_6
17:40:49.615 (index):861 WAITING_10
17:40:49.616 (index):861 WAITING_11
17:40:49.617 (index):861 WAITING_12
17:40:49.618 (index):861 WAITING_13
17:40:49.619 (index):861 WAITING_14
17:40:49.620 (index):861 WAITING_15
17:40:49.621 (index):861 WAITING_16
17:40:49.622 (index):861 WAITING_17
17:40:49.810 (index):831 UPDATE_2
17:40:49.811 (index):831 UPDATE_4
17:40:49.813 (index):831 UPDATE_7
17:40:49.911 (index):823 THINKING_2
17:40:49.912 (index):813 NODEACCESSRELEASED_4
17:40:49.914 (index):823 THINKING_7
17:40:50.051 (index):831 UPDATE_0
17:40:50.152 (index):813 NODEACCESSRELEASED_0
17:40:50.175 (index):831 UPDATE_8
17:40:50.222 (index):831 UPDATE_9
17:40:50.226 (index):831 UPDATE_5
17:40:50.276 (index):813 NODEACCESSRELEASED_8
17:40:50.323 (index):823 THINKING_9
17:40:50.330 (index):823 THINKING_5
17:40:50.531 (index):831 UPDATE_6
17:40:50.616 (index):861 WAITING_10
17:40:50.618 (index):861 WAITING_11
17:40:50.619 (index):861 WAITING_12
17:40:50.620 (index):861 WAITING_13
17:40:50.621 (index):861 WAITING_14
17:40:50.622 (index):861 WAITING_15
17:40:50.623 (index):861 WAITING_16
17:40:50.623 (index):861 WAITING_17
17:40:50.632 (index):813 NODEACCESSRELEASED_6
17:40:50.914 (index):843 NODEACCESSREQUESTED_4
17:40:51.154 (index):843 NODEACCESSREQUESTED_0
17:40:51.277 (index):843 NODEACCESSREQUESTED_8
17:40:51.618 (index):861 WAITING_10
17:40:51.619 (index):861 WAITING_11
17:40:51.620 (index):861 WAITING_12
17:40:51.622 (index):861 WAITING_13
17:40:51.622 (index):861 WAITING_14
17:40:51.623 (index):861 WAITING_15
17:40:51.624 (index):861 WAITING_16
17:40:51.625 (index):861 WAITING_17
17:40:51.633 (index):843 NODEACCESSREQUESTED_6
17:40:51.915 (index):831 UPDATE_4
17:40:51.925 (index):831 UPDATE_3
17:40:52.016 (index):813 NODEACCESSRELEASED_4
17:40:52.026 (index):813 NODEACCESSRELEASED_3
17:40:52.086 (index):831 UPDATE_7
17:40:52.155 (index):831 UPDATE_0
17:40:52.187 (index):813 NODEACCESSRELEASED_7
17:40:52.256 (index):823 THINKING_0
17:40:52.279 (index):831 UPDATE_8
17:40:52.298 (index):831 UPDATE_1
17:40:52.380 (index):823 THINKING_8
17:40:52.399 (index):823 THINKING_1
17:40:52.619 (index):861 WAITING_10
17:40:52.620 (index):861 WAITING_11
17:40:52.621 (index):861 WAITING_12
17:40:52.623 (index):861 WAITING_13
17:40:52.623 (index):861 WAITING_14
17:40:52.624 (index):861 WAITING_15
17:40:52.625 (index):861 WAITING_16
17:40:52.626 (index):861 WAITING_17
17:40:52.630 (index):831 UPDATE_2
17:40:52.634 (index):831 UPDATE_6
17:40:52.730 (index):831 UPDATE_9
17:40:52.731 (index):813 NODEACCESSRELEASED_2
17:40:52.734 (index):813 NODEACCESSRELEASED_6
17:40:52.831 (index):813 NODEACCESSRELEASED_9
17:40:53.018 (index):843 NODEACCESSREQUESTED_4
17:40:53.028 (index):843 NODEACCESSREQUESTED_3
17:40:53.188 (index):843 NODEACCESSREQUESTED_7
17:40:53.470 (index):831 UPDATE_5
17:40:53.571 (index):813 NODEACCESSRELEASED_5
17:40:53.620 (index):861 WAITING_10
17:40:53.621 (index):861 WAITING_11
17:40:53.622 (index):861 WAITING_12
17:40:53.623 (index):861 WAITING_13
17:40:53.624 (index):861 WAITING_14
17:40:53.625 (index):861 WAITING_15
17:40:53.626 (index):861 WAITING_16
17:40:53.627 (index):861 WAITING_17
17:40:53.732 (index):843 NODEACCESSREQUESTED_2
17:40:53.736 (index):843 NODEACCESSREQUESTED_6
17:40:53.832 (index):843 NODEACCESSREQUESTED_9
17:40:54.019 (index):831 UPDATE_4
17:40:54.029 (index):831 UPDATE_3
17:40:54.120 (index):823 THINKING_4
17:40:54.130 (index):813 NODEACCESSRELEASED_3
17:40:54.190 (index):831 UPDATE_7
17:40:54.291 (index):823 THINKING_7
17:40:54.572 (index):843 NODEACCESSREQUESTED_5
17:40:54.621 (index):861 WAITING_10
17:40:54.623 (index):861 WAITING_11
17:40:54.624 (index):861 WAITING_12
17:40:54.624 (index):861 WAITING_13
17:40:54.625 (index):861 WAITING_14
17:40:54.626 (index):861 WAITING_15
17:40:54.627 (index):861 WAITING_16
17:40:54.628 (index):861 WAITING_17
17:40:54.733 (index):831 UPDATE_2
17:40:54.737 (index):831 UPDATE_6
17:40:54.826 (index):831 UPDATE_0
17:40:54.833 (index):831 UPDATE_9
17:40:54.834 (index):813 NODEACCESSRELEASED_2
17:40:54.838 (index):813 NODEACCESSRELEASED_6
17:40:54.927 (index):823 THINKING_0
17:40:54.934 (index):813 NODEACCESSRELEASED_9
17:40:55.131 (index):843 NODEACCESSREQUESTED_3
17:40:55.574 (index):831 UPDATE_5
17:40:55.623 (index):861 WAITING_10
17:40:55.624 (index):861 WAITING_11
17:40:55.624 (index):861 WAITING_12
17:40:55.625 (index):861 WAITING_13
17:40:55.626 (index):861 WAITING_14
17:40:55.627 (index):861 WAITING_15
17:40:55.628 (index):861 WAITING_16
17:40:55.629 (index):861 WAITING_17
17:40:55.675 (index):823 THINKING_5
17:40:55.835 (index):843 NODEACCESSREQUESTED_2
17:40:55.839 (index):843 NODEACCESSREQUESTED_6
17:40:55.935 (index):843 NODEACCESSREQUESTED_9
17:40:56.133 (index):831 UPDATE_3
17:40:56.234 (index):813 NODEACCESSRELEASED_3
17:40:56.558 (index):831 UPDATE_4
17:40:56.624 (index):861 WAITING_10
17:40:56.625 (index):861 WAITING_11
17:40:56.626 (index):861 WAITING_12
17:40:56.627 (index):861 WAITING_13
17:40:56.627 (index):861 WAITING_14
17:40:56.628 (index):861 WAITING_15
17:40:56.629 (index):861 WAITING_16
17:40:56.630 (index):861 WAITING_17
17:40:56.659 (index):813 NODEACCESSRELEASED_4
17:40:56.793 (index):831 UPDATE_1
17:40:56.836 (index):831 UPDATE_2
17:40:56.840 (index):831 UPDATE_6
17:40:56.894 (index):813 NODEACCESSRELEASED_1
17:40:56.903 (index):831 UPDATE_8
17:40:56.936 (index):831 UPDATE_9
17:40:56.938 (index):823 THINKING_2
17:40:56.941 (index):823 THINKING_6
17:40:57.004 (index):813 NODEACCESSRELEASED_8
17:40:57.038 (index):813 NODEACCESSRELEASED_9
17:40:57.235 (index):843 NODEACCESSREQUESTED_3
17:40:57.625 (index):861 WAITING_10
17:40:57.626 (index):861 WAITING_11
17:40:57.627 (index):861 WAITING_12
17:40:57.628 (index):861 WAITING_13
17:40:57.629 (index):861 WAITING_14
17:40:57.630 (index):861 WAITING_15
17:40:57.630 (index):861 WAITING_16
17:40:57.631 (index):861 WAITING_17
17:40:57.661 (index):843 NODEACCESSREQUESTED_4
17:40:57.896 (index):843 NODEACCESSREQUESTED_1
17:40:58.005 (index):843 NODEACCESSREQUESTED_8
17:40:58.039 (index):843 NODEACCESSREQUESTED_9
17:40:58.237 (index):831 UPDATE_3
17:40:58.338 (index):813 NODEACCESSRELEASED_3
17:40:58.626 (index):861 WAITING_10
17:40:58.627 (index):861 WAITING_11
17:40:58.628 (index):861 WAITING_12
17:40:58.630 (index):861 WAITING_13
17:40:58.631 (index):861 WAITING_14
17:40:58.632 (index):861 WAITING_15
17:40:58.633 (index):861 WAITING_16
17:40:58.634 (index):861 WAITING_17
17:40:58.662 (index):831 UPDATE_4
17:40:58.763 (index):823 THINKING_4
17:40:58.897 (index):831 UPDATE_1
17:40:58.929 (index):831 UPDATE_7
17:40:58.998 (index):823 THINKING_1
17:40:59.007 (index):831 UPDATE_8
17:40:59.031 (index):813 NODEACCESSRELEASED_7
17:40:59.040 (index):831 UPDATE_9
17:40:59.108 (index):813 NODEACCESSRELEASED_8
17:40:59.141 (index):823 THINKING_9
17:40:59.212 (index):831 UPDATE_6
17:40:59.313 (index):823 THINKING_6
17:40:59.339 (index):843 NODEACCESSREQUESTED_3
17:40:59.489 (index):831 UPDATE_2
17:40:59.590 (index):823 THINKING_2
17:40:59.627 (index):861 WAITING_10
17:40:59.628 (index):861 WAITING_11
17:40:59.630 (index):861 WAITING_12
17:40:59.631 (index):861 WAITING_13
17:40:59.632 (index):861 WAITING_14
17:40:59.633 (index):861 WAITING_15
17:40:59.634 (index):861 WAITING_16
17:40:59.635 (index):861 WAITING_17
17:40:59.869 (index):831 UPDATE_0
17:40:59.971 (index):813 NODEACCESSRELEASED_0
17:41:00.032 (index):843 NODEACCESSREQUESTED_7
17:41:00.109 (index):843 NODEACCESSREQUESTED_8
17:41:00.257 (index):831 UPDATE_5
17:41:00.340 (index):831 UPDATE_3
17:41:00.359 (index):823 THINKING_5
17:41:00.442 (index):813 NODEACCESSRELEASED_3
17:41:00.628 (index):861 WAITING_10
17:41:00.630 (index):861 WAITING_11
17:41:00.631 (index):861 WAITING_12
17:41:00.632 (index):861 WAITING_13
17:41:00.633 (index):861 WAITING_14
17:41:00.634 (index):861 WAITING_15
17:41:00.635 (index):861 WAITING_16
17:41:00.636 (index):861 WAITING_17
17:41:00.972 (index):843 NODEACCESSREQUESTED_0
17:41:01.033 (index):831 UPDATE_7
17:41:01.110 (index):831 UPDATE_8
17:41:01.134 (index):813 NODEACCESSRELEASED_7
17:41:01.211 (index):823 THINKING_8
17:41:01.309 (index):831 UPDATE_1
17:41:01.410 (index):813 NODEACCESSRELEASED_1
17:41:01.443 (index):843 NODEACCESSREQUESTED_3
17:41:01.630 (index):861 WAITING_10
17:41:01.631 (index):861 WAITING_11
17:41:01.632 (index):861 WAITING_12
17:41:01.633 (index):861 WAITING_13
17:41:01.634 (index):861 WAITING_14
17:41:01.635 (index):861 WAITING_15
17:41:01.636 (index):861 WAITING_16
17:41:01.637 (index):861 WAITING_17
17:41:01.818 (index):831 UPDATE_2
17:41:01.919 (index):823 THINKING_2
17:41:01.973 (index):831 UPDATE_0
17:41:02.075 (index):823 THINKING_0
17:41:02.136 (index):843 NODEACCESSREQUESTED_7
17:41:02.252 (index):831 UPDATE_9
17:41:02.268 (index):831 UPDATE_6
17:41:02.354 (index):813 NODEACCESSRELEASED_9
17:41:02.369 (index):813 NODEACCESSRELEASED_6
17:41:02.400 (index):831 UPDATE_5
17:41:02.412 (index):843 NODEACCESSREQUESTED_1
17:41:02.444 (index):831 UPDATE_3
17:41:02.502 (index):813 NODEACCESSRELEASED_5
17:41:02.545 (index):823 THINKING_3
17:41:02.631 (index):861 WAITING_10
17:41:02.632 (index):861 WAITING_11
17:41:02.633 (index):861 WAITING_12
17:41:02.634 (index):861 WAITING_13
17:41:02.635 (index):861 WAITING_14
17:41:02.636 (index):861 WAITING_15
17:41:02.637 (index):861 WAITING_16
17:41:02.638 (index):861 WAITING_17
17:41:02.972 (index):831 UPDATE_4
17:41:03.074 (index):823 THINKING_4
17:41:03.137 (index):831 UPDATE_7
17:41:03.238 (index):813 NODEACCESSRELEASED_7
17:41:03.355 (index):843 NODEACCESSREQUESTED_9
17:41:03.370 (index):843 NODEACCESSREQUESTED_6
17:41:03.413 (index):831 UPDATE_1
17:41:03.504 (index):843 NODEACCESSREQUESTED_5
17:41:03.514 (index):823 THINKING_1
17:41:03.632 (index):861 WAITING_10
17:41:03.633 (index):861 WAITING_11
17:41:03.635 (index):861 WAITING_12
17:41:03.636 (index):861 WAITING_13
17:41:03.637 (index):861 WAITING_14
17:41:03.639 (index):861 WAITING_15
17:41:03.640 (index):861 WAITING_16
17:41:03.641 (index):861 WAITING_17
17:41:04.231 (index):831 UPDATE_0
17:41:04.239 (index):843 NODEACCESSREQUESTED_7
17:41:04.332 (index):813 NODEACCESSRELEASED_0
17:41:04.356 (index):831 UPDATE_9
17:41:04.371 (index):831 UPDATE_6
17:41:04.457 (index):813 NODEACCESSRELEASED_9
17:41:04.472 (index):813 NODEACCESSRELEASED_6
17:41:04.505 (index):831 UPDATE_5
17:41:04.508 (index):831 UPDATE_8
17:41:04.606 (index):823 THINKING_5
17:41:04.610 (index):813 NODEACCESSRELEASED_8
17:41:04.634 (index):861 WAITING_10
17:41:04.635 (index):861 WAITING_11
17:41:04.636 (index):861 WAITING_12
17:41:04.638 (index):861 WAITING_13
17:41:04.639 (index):861 WAITING_14
17:41:04.640 (index):861 WAITING_15
17:41:04.641 (index):861 WAITING_16
17:41:04.642 (index):861 WAITING_17
17:41:04.953 (index):831 UPDATE_3
17:41:05.054 (index):813 NODEACCESSRELEASED_3
17:41:05.240 (index):831 UPDATE_7
17:41:05.333 (index):843 NODEACCESSREQUESTED_0
17:41:05.341 (index):813 NODEACCESSRELEASED_7
17:41:05.459 (index):843 NODEACCESSREQUESTED_9
17:41:05.473 (index):843 NODEACCESSREQUESTED_6
17:41:05.611 (index):843 NODEACCESSREQUESTED_8
17:41:05.635 (index):861 WAITING_10
17:41:05.636 (index):861 WAITING_11
17:41:05.637 (index):861 WAITING_12
17:41:05.638 (index):861 WAITING_13
17:41:05.639 (index):861 WAITING_14
17:41:05.641 (index):861 WAITING_15
17:41:05.642 (index):861 WAITING_16
17:41:05.643 (index):861 WAITING_17
17:41:06.056 (index):843 NODEACCESSREQUESTED_3
17:41:06.335 (index):831 UPDATE_0
17:41:06.342 (index):843 NODEACCESSREQUESTED_7
17:41:06.436 (index):813 NODEACCESSRELEASED_0
17:41:06.445 (index):831 UPDATE_1
17:41:06.460 (index):831 UPDATE_9
17:41:06.474 (index):831 UPDATE_6
17:41:06.546 (index):823 THINKING_1
17:41:06.561 (index):823 THINKING_9
17:41:06.575 (index):813 NODEACCESSRELEASED_6
17:41:06.612 (index):831 UPDATE_8
17:41:06.636 (index):861 WAITING_10
17:41:06.637 (index):861 WAITING_11
17:41:06.638 (index):861 WAITING_12
17:41:06.639 (index):861 WAITING_13
17:41:06.640 (index):861 WAITING_14
17:41:06.642 (index):861 WAITING_15
17:41:06.643 (index):861 WAITING_16
17:41:06.644 (index):861 WAITING_17
17:41:06.713 (index):813 NODEACCESSRELEASED_8
17:41:06.774 (index):831 UPDATE_2
17:41:06.875 (index):813 NODEACCESSRELEASED_2
17:41:07.033 (index):831 UPDATE_4
17:41:07.057 (index):831 UPDATE_3
17:41:07.134 (index):823 THINKING_4
17:41:07.159 (index):813 NODEACCESSRELEASED_3
17:41:07.343 (index):831 UPDATE_7
17:41:07.438 (index):843 NODEACCESSREQUESTED_0
17:41:07.444 (index):813 NODEACCESSRELEASED_7
17:41:07.576 (index):843 NODEACCESSREQUESTED_6
17:41:07.637 (index):861 WAITING_10
17:41:07.638 (index):861 WAITING_11
17:41:07.639 (index):861 WAITING_12
17:41:07.640 (index):861 WAITING_13
17:41:07.641 (index):861 WAITING_14
17:41:07.642 (index):861 WAITING_15
17:41:07.644 (index):861 WAITING_16
17:41:07.645 (index):861 WAITING_17
17:41:07.714 (index):843 NODEACCESSREQUESTED_8
17:41:07.876 (index):843 NODEACCESSREQUESTED_2
17:41:08.159 (index):843 NODEACCESSREQUESTED_3
17:41:08.439 (index):831 UPDATE_0
17:41:08.446 (index):843 NODEACCESSREQUESTED_7
17:41:08.540 (index):823 THINKING_0
17:41:08.577 (index):831 UPDATE_6
17:41:08.638 (index):861 WAITING_10
17:41:08.640 (index):861 WAITING_11
17:41:08.640 (index):861 WAITING_12
17:41:08.641 (index):861 WAITING_13
17:41:08.642 (index):861 WAITING_14
17:41:08.643 (index):861 WAITING_15
17:41:08.645 (index):861 WAITING_16
17:41:08.646 (index):861 WAITING_17
17:41:08.678 (index):813 NODEACCESSRELEASED_6
17:41:08.715 (index):831 UPDATE_8
17:41:08.816 (index):813 NODEACCESSRELEASED_8
17:41:08.877 (index):831 UPDATE_2
17:41:08.978 (index):813 NODEACCESSRELEASED_2
17:41:09.161 (index):831 UPDATE_3
17:41:09.262 (index):823 THINKING_3
17:41:09.447 (index):831 UPDATE_7
17:41:09.542 (index):831 UPDATE_5
17:41:09.548 (index):823 THINKING_7
17:41:09.640 (index):861 WAITING_10
17:41:09.641 (index):861 WAITING_11
17:41:09.642 (index):861 WAITING_12
17:41:09.642 (index):861 WAITING_13
17:41:09.643 (index):813 NODEACCESSRELEASED_5
17:41:09.643 (index):861 WAITING_14
17:41:09.645 (index):861 WAITING_15
17:41:09.646 (index):861 WAITING_16
17:41:09.647 (index):861 WAITING_17
17:41:09.679 (index):843 NODEACCESSREQUESTED_6
17:41:09.817 (index):843 NODEACCESSREQUESTED_8
17:41:09.900 (index):831 UPDATE_4
17:41:09.979 (index):843 NODEACCESSREQUESTED_2
17:41:10.002 (index):813 NODEACCESSRELEASED_4
17:41:10.184 (index):831 UPDATE_9
17:41:10.286 (index):813 NODEACCESSRELEASED_9
17:41:10.641 (index):861 WAITING_10
17:41:10.642 (index):861 WAITING_11
17:41:10.643 (index):861 WAITING_12
17:41:10.644 (index):861 WAITING_13
17:41:10.645 (index):843 NODEACCESSREQUESTED_5
17:41:10.646 (index):861 WAITING_14
17:41:10.647 (index):861 WAITING_15
17:41:10.648 (index):861 WAITING_16
17:41:10.649 (index):861 WAITING_17
17:41:10.680 (index):831 UPDATE_6
17:41:10.781 (index):813 NODEACCESSRELEASED_6
17:41:10.819 (index):831 UPDATE_8
17:41:10.920 (index):813 NODEACCESSRELEASED_8
17:41:10.980 (index):831 UPDATE_2
17:41:11.003 (index):843 NODEACCESSREQUESTED_4
17:41:11.082 (index):813 NODEACCESSRELEASED_2
17:41:11.156 (index):831 UPDATE_1
17:41:11.257 (index):823 THINKING_1
17:41:11.287 (index):843 NODEACCESSREQUESTED_9
17:41:11.601 (index):831 UPDATE_3
17:41:11.642 (index):861 WAITING_10
17:41:11.643 (index):861 WAITING_11
17:41:11.644 (index):861 WAITING_12
17:41:11.645 (index):861 WAITING_13
17:41:11.646 (index):831 UPDATE_5
17:41:11.647 (index):861 WAITING_14
17:41:11.648 (index):861 WAITING_15
17:41:11.649 (index):861 WAITING_16
17:41:11.650 (index):861 WAITING_17
17:41:11.701 (index):813 NODEACCESSRELEASED_3
17:41:11.747 (index):813 NODEACCESSRELEASED_5
17:41:11.782 (index):843 NODEACCESSREQUESTED_6
17:41:11.921 (index):843 NODEACCESSREQUESTED_8
17:41:12.004 (index):831 UPDATE_4
17:41:12.083 (index):843 NODEACCESSREQUESTED_2
17:41:12.105 (index):813 NODEACCESSRELEASED_4
17:41:12.288 (index):831 UPDATE_9
17:41:12.389 (index):813 NODEACCESSRELEASED_9
17:41:12.535 (index):831 UPDATE_0
17:41:12.636 (index):813 NODEACCESSRELEASED_0
17:41:12.643 (index):861 WAITING_10
17:41:12.644 (index):861 WAITING_11
17:41:12.645 (index):861 WAITING_12
17:41:12.646 (index):861 WAITING_13
17:41:12.648 (index):861 WAITING_14
17:41:12.649 (index):861 WAITING_15
17:41:12.649 (index):861 WAITING_16
17:41:12.650 (index):861 WAITING_17
17:41:12.702 (index):843 NODEACCESSREQUESTED_3
17:41:12.748 (index):843 NODEACCESSREQUESTED_5
17:41:12.783 (index):831 UPDATE_6
17:41:12.884 (index):872 END_6
17:41:12.922 (index):831 UPDATE_8
17:41:12.984 (index):831 UPDATE_7
17:41:13.023 (index):813 NODEACCESSRELEASED_8
17:41:13.084 (index):831 UPDATE_2
17:41:13.086 (index):813 NODEACCESSRELEASED_7
17:41:13.106 (index):843 NODEACCESSREQUESTED_4
17:41:13.186 (index):813 NODEACCESSRELEASED_2
17:41:13.391 (index):843 NODEACCESSREQUESTED_9
17:41:13.637 (index):843 NODEACCESSREQUESTED_0
17:41:13.644 (index):861 WAITING_10
17:41:13.645 (index):861 WAITING_11
17:41:13.645 (index):861 WAITING_12
17:41:13.646 (index):861 WAITING_13
17:41:13.648 (index):861 WAITING_14
17:41:13.649 (index):861 WAITING_15
17:41:13.650 (index):861 WAITING_16
17:41:13.651 (index):861 WAITING_17
17:41:13.703 (index):831 UPDATE_3
17:41:13.748 (index):831 UPDATE_5
17:41:13.804 (index):872 END_3
17:41:13.849 (index):813 NODEACCESSRELEASED_5
17:41:14.025 (index):843 NODEACCESSREQUESTED_8
17:41:14.086 (index):843 NODEACCESSREQUESTED_7
17:41:14.107 (index):831 UPDATE_4
17:41:14.187 (index):843 NODEACCESSREQUESTED_2
17:41:14.209 (index):823 THINKING_4
17:41:14.392 (index):831 UPDATE_9
17:41:14.494 (index):813 NODEACCESSRELEASED_9
17:41:14.638 (index):831 UPDATE_0
17:41:14.645 (index):861 WAITING_10
17:41:14.646 (index):861 WAITING_11
17:41:14.646 (index):861 WAITING_12
17:41:14.647 (index):861 WAITING_13
17:41:14.649 (index):861 WAITING_14
17:41:14.650 (index):861 WAITING_15
17:41:14.651 (index):861 WAITING_16
17:41:14.651 (index):861 WAITING_17
17:41:14.739 (index):813 NODEACCESSRELEASED_0
17:41:14.850 (index):843 NODEACCESSREQUESTED_5
17:41:15.026 (index):831 UPDATE_8
17:41:15.087 (index):831 UPDATE_7
17:41:15.127 (index):813 NODEACCESSRELEASED_8
17:41:15.188 (index):831 UPDATE_2
17:41:15.190 (index):872 END_7
17:41:15.290 (index):872 END_2
17:41:15.449 (index):831 UPDATE_1
17:41:15.495 (index):843 NODEACCESSREQUESTED_9
17:41:15.551 (index):813 NODEACCESSRELEASED_1
17:41:15.646 (index):861 WAITING_10
17:41:15.647 (index):861 WAITING_11
17:41:15.647 (index):861 WAITING_12
17:41:15.648 (index):861 WAITING_13
17:41:15.649 (index):861 WAITING_14
17:41:15.650 (index):861 WAITING_15
17:41:15.651 (index):861 WAITING_16
17:41:15.652 (index):861 WAITING_17
17:41:15.740 (index):843 NODEACCESSREQUESTED_0
17:41:15.852 (index):831 UPDATE_5
17:41:15.953 (index):813 NODEACCESSRELEASED_5
17:41:16.128 (index):843 NODEACCESSREQUESTED_8
17:41:16.496 (index):831 UPDATE_9
17:41:16.552 (index):843 NODEACCESSREQUESTED_1
17:41:16.598 (index):872 END_9
17:41:16.647 (index):861 WAITING_10
17:41:16.648 (index):861 WAITING_11
17:41:16.649 (index):861 WAITING_12
17:41:16.651 (index):861 WAITING_13
17:41:16.652 (index):861 WAITING_14
17:41:16.652 (index):861 WAITING_15
17:41:16.653 (index):861 WAITING_16
17:41:16.654 (index):861 WAITING_17
17:41:16.741 (index):831 UPDATE_0
17:41:16.842 (index):813 NODEACCESSRELEASED_0
17:41:16.954 (index):843 NODEACCESSREQUESTED_5
17:41:17.129 (index):831 UPDATE_8
17:41:17.231 (index):872 END_8
17:41:17.553 (index):831 UPDATE_1
17:41:17.648 (index):861 WAITING_10
17:41:17.649 (index):861 WAITING_11
17:41:17.651 (index):861 WAITING_12
17:41:17.651 (index):861 WAITING_13
17:41:17.652 (index):861 WAITING_14
17:41:17.653 (index):861 WAITING_15
17:41:17.654 (index):861 WAITING_16
17:41:17.655 (index):823 THINKING_1
17:41:17.656 (index):861 WAITING_17
17:41:17.844 (index):843 NODEACCESSREQUESTED_0
17:41:17.956 (index):831 UPDATE_5
17:41:18.057 (index):872 END_5
17:41:18.599 (index):831 UPDATE_4
17:41:18.649 (index):861 WAITING_10
17:41:18.651 (index):861 WAITING_11
17:41:18.652 (index):861 WAITING_12
17:41:18.653 (index):861 WAITING_13
17:41:18.654 (index):861 WAITING_14
17:41:18.654 (index):861 WAITING_15
17:41:18.655 (index):861 WAITING_16
17:41:18.657 (index):861 WAITING_17
17:41:18.700 (index):872 END_4
17:41:18.845 (index):831 UPDATE_0
17:41:18.947 (index):872 END_0
17:41:19.651 (index):861 WAITING_10
17:41:19.652 (index):861 WAITING_11
17:41:19.653 (index):861 WAITING_12
17:41:19.654 (index):861 WAITING_13
17:41:19.655 (index):861 WAITING_14
17:41:19.656 (index):861 WAITING_15
17:41:19.657 (index):861 WAITING_16
17:41:19.658 (index):861 WAITING_17
17:41:19.833 (index):831 UPDATE_1
17:41:19.935 (index):813 NODEACCESSRELEASED_1
17:41:20.652 (index):813 NODEACCESSRELEASED_10
17:41:20.653 (index):823 THINKING_11
17:41:20.655 (index):861 WAITING_12
17:41:20.656 (index):861 WAITING_13
17:41:20.658 (index):861 WAITING_14
17:41:20.658 (index):861 WAITING_15
17:41:20.659 (index):861 WAITING_16
17:41:20.660 (index):861 WAITING_17
17:41:20.936 (index):843 NODEACCESSREQUESTED_1
17:41:21.654 (index):843 NODEACCESSREQUESTED_10
17:41:21.656 (index):861 WAITING_12
17:41:21.658 (index):861 WAITING_13
17:41:21.659 (index):861 WAITING_14
17:41:21.660 (index):861 WAITING_15
17:41:21.662 (index):861 WAITING_16
17:41:21.663 (index):861 WAITING_17
17:41:21.937 (index):861 WAITING_1
17:41:22.655 (index):861 WAITING_10
17:41:22.658 (index):861 WAITING_12
17:41:22.659 (index):861 WAITING_13
17:41:22.661 (index):861 WAITING_14
17:41:22.662 (index):861 WAITING_15
17:41:22.663 (index):861 WAITING_16
17:41:22.665 (index):861 WAITING_17
17:41:22.939 (index):861 WAITING_1
17:41:23.116 (index):831 UPDATE_11
17:41:23.217 (index):823 THINKING_11
17:41:23.656 (index):861 WAITING_10
17:41:23.659 (index):861 WAITING_12
17:41:23.661 (index):861 WAITING_13
17:41:23.662 (index):861 WAITING_14
17:41:23.663 (index):861 WAITING_15
17:41:23.664 (index):861 WAITING_16
17:41:23.666 (index):861 WAITING_17
17:41:23.940 (index):861 WAITING_1
17:41:24.657 (index):861 WAITING_10
17:41:24.660 (index):861 WAITING_12
17:41:24.662 (index):861 WAITING_13
17:41:24.663 (index):861 WAITING_14
17:41:24.664 (index):861 WAITING_15
17:41:24.665 (index):861 WAITING_16
17:41:24.667 (index):861 WAITING_17
17:41:24.941 (index):861 WAITING_1
17:41:25.659 (index):861 WAITING_10
17:41:25.661 (index):861 WAITING_12
17:41:25.663 (index):861 WAITING_13
17:41:25.664 (index):861 WAITING_14
17:41:25.665 (index):861 WAITING_15
17:41:25.666 (index):861 WAITING_16
17:41:25.668 (index):861 WAITING_17
17:41:25.943 (index):861 WAITING_1
17:41:26.515 (index):831 UPDATE_11
17:41:26.616 (index):813 NODEACCESSRELEASED_11
17:41:26.660 (index):861 WAITING_10
17:41:26.662 (index):813 NODEACCESSRELEASED_12
17:41:26.664 (index):823 THINKING_13
17:41:26.665 (index):861 WAITING_14
17:41:26.666 (index):861 WAITING_15
17:41:26.667 (index):861 WAITING_16
17:41:26.669 (index):861 WAITING_17
17:41:26.944 (index):861 WAITING_1
17:41:27.617 (index):843 NODEACCESSREQUESTED_11
17:41:27.661 (index):861 WAITING_10
17:41:27.663 (index):843 NODEACCESSREQUESTED_12
17:41:27.666 (index):861 WAITING_14
17:41:27.667 (index):861 WAITING_15
17:41:27.668 (index):861 WAITING_16
17:41:27.670 (index):861 WAITING_17
17:41:27.945 (index):861 WAITING_1
17:41:28.618 (index):861 WAITING_11
17:41:28.662 (index):861 WAITING_10
17:41:28.664 (index):861 WAITING_12
17:41:28.666 (index):861 WAITING_14
17:41:28.668 (index):861 WAITING_15
17:41:28.669 (index):861 WAITING_16
17:41:28.671 (index):861 WAITING_17
17:41:28.947 (index):861 WAITING_1
17:41:29.620 (index):861 WAITING_11
17:41:29.664 (index):861 WAITING_10
17:41:29.665 (index):861 WAITING_12
17:41:29.668 (index):861 WAITING_14
17:41:29.669 (index):861 WAITING_15
17:41:29.670 (index):861 WAITING_16
17:41:29.672 (index):861 WAITING_17
17:41:29.948 (index):861 WAITING_1
17:41:30.621 (index):861 WAITING_11
17:41:30.665 (index):861 WAITING_10
17:41:30.666 (index):861 WAITING_12
17:41:30.669 (index):861 WAITING_14
17:41:30.670 (index):861 WAITING_15
17:41:30.671 (index):861 WAITING_16
17:41:30.673 (index):861 WAITING_17
17:41:30.938 (index):831 UPDATE_13
17:41:30.949 (index):861 WAITING_1
17:41:31.040 (index):813 NODEACCESSRELEASED_13
17:41:31.622 (index):861 WAITING_11
17:41:31.666 (index):861 WAITING_10
17:41:31.668 (index):861 WAITING_12
17:41:31.669 (index):823 THINKING_14
17:41:31.671 (index):861 WAITING_15
17:41:31.672 (index):861 WAITING_16
17:41:31.674 (index):861 WAITING_17
17:41:31.951 (index):861 WAITING_1
17:41:32.041 (index):843 NODEACCESSREQUESTED_13
17:41:32.624 (index):861 WAITING_11
17:41:32.668 (index):861 WAITING_10
17:41:32.669 (index):861 WAITING_12
17:41:32.672 (index):861 WAITING_15
17:41:32.673 (index):861 WAITING_16
17:41:32.675 (index):861 WAITING_17
17:41:32.952 (index):861 WAITING_1
17:41:33.043 (index):861 WAITING_13
17:41:33.625 (index):861 WAITING_11
17:41:33.669 (index):861 WAITING_10
17:41:33.670 (index):861 WAITING_12
17:41:33.673 (index):861 WAITING_15
17:41:33.674 (index):861 WAITING_16
17:41:33.676 (index):861 WAITING_17
17:41:33.953 (index):861 WAITING_1
17:41:34.044 (index):861 WAITING_13
17:41:34.626 (index):861 WAITING_11
17:41:34.670 (index):861 WAITING_10
17:41:34.672 (index):861 WAITING_12
17:41:34.674 (index):861 WAITING_15
17:41:34.675 (index):861 WAITING_16
17:41:34.677 (index):861 WAITING_17
17:41:34.955 (index):861 WAITING_1
17:41:35.045 (index):861 WAITING_13
17:41:35.628 (index):861 WAITING_11
17:41:35.672 (index):861 WAITING_10
17:41:35.673 (index):861 WAITING_12
17:41:35.675 (index):861 WAITING_15
17:41:35.676 (index):861 WAITING_16
17:41:35.678 (index):861 WAITING_17
17:41:35.956 (index):861 WAITING_1
17:41:36.046 (index):861 WAITING_13
17:41:36.121 (index):831 UPDATE_14
17:41:36.222 (index):813 NODEACCESSRELEASED_14
17:41:36.629 (index):861 WAITING_11
17:41:36.673 (index):861 WAITING_10
17:41:36.675 (index):861 WAITING_12
17:41:36.676 (index):823 THINKING_15
17:41:36.678 (index):861 WAITING_16
17:41:36.679 (index):861 WAITING_17
17:41:36.957 (index):861 WAITING_1
17:41:37.048 (index):861 WAITING_13
17:41:37.224 (index):843 NODEACCESSREQUESTED_14
17:41:37.630 (index):861 WAITING_11
17:41:37.675 (index):861 WAITING_10
17:41:37.676 (index):861 WAITING_12
17:41:37.678 (index):861 WAITING_16
17:41:37.680 (index):861 WAITING_17
17:41:37.959 (index):861 WAITING_1
17:41:38.049 (index):861 WAITING_13
17:41:38.225 (index):861 WAITING_14
17:41:38.631 (index):861 WAITING_11
17:41:38.676 (index):861 WAITING_10
17:41:38.677 (index):861 WAITING_12
17:41:38.679 (index):861 WAITING_16
17:41:38.680 (index):861 WAITING_17
17:41:38.960 (index):861 WAITING_1
17:41:39.050 (index):861 WAITING_13
17:41:39.227 (index):861 WAITING_14
17:41:39.633 (index):861 WAITING_11
17:41:39.677 (index):861 WAITING_10
17:41:39.678 (index):861 WAITING_12
17:41:39.680 (index):861 WAITING_16
17:41:39.681 (index):861 WAITING_17
17:41:39.961 (index):861 WAITING_1
17:41:40.052 (index):861 WAITING_13
17:41:40.131 (index):831 UPDATE_15
17:41:40.228 (index):861 WAITING_14
17:41:40.232 (index):813 NODEACCESSRELEASED_15
17:41:40.634 (index):861 WAITING_11
17:41:40.678 (index):861 WAITING_10
17:41:40.679 (index):861 WAITING_12
17:41:40.681 (index):823 THINKING_16
17:41:40.683 (index):861 WAITING_17
17:41:40.963 (index):861 WAITING_1
17:41:41.053 (index):861 WAITING_13
17:41:41.229 (index):861 WAITING_14
17:41:41.233 (index):843 NODEACCESSREQUESTED_15
17:41:41.635 (index):861 WAITING_11
17:41:41.679 (index):861 WAITING_10
17:41:41.680 (index):861 WAITING_12
17:41:41.684 (index):861 WAITING_17
17:41:41.964 (index):861 WAITING_1
17:41:42.054 (index):861 WAITING_13
17:41:42.230 (index):861 WAITING_14
17:41:42.235 (index):861 WAITING_15
17:41:42.636 (index):861 WAITING_11
17:41:42.680 (index):861 WAITING_10
17:41:42.682 (index):861 WAITING_12
17:41:42.685 (index):861 WAITING_17
17:41:42.964 (index):831 UPDATE_16
17:41:42.965 (index):861 WAITING_1
17:41:43.055 (index):861 WAITING_13
17:41:43.065 (index):813 NODEACCESSRELEASED_16
17:41:43.231 (index):861 WAITING_14
17:41:43.236 (index):861 WAITING_15
17:41:43.638 (index):861 WAITING_11
17:41:43.682 (index):861 WAITING_10
17:41:43.683 (index):861 WAITING_12
17:41:43.686 (index):813 NODEACCESSRELEASED_17
17:41:43.966 (index):831 UPDATE_1
17:41:44.057 (index):861 WAITING_13
17:41:44.066 (index):843 NODEACCESSREQUESTED_16
17:41:44.068 (index):872 END_1
17:41:44.233 (index):861 WAITING_14
17:41:44.238 (index):861 WAITING_15
17:41:44.639 (index):861 WAITING_11
17:41:44.683 (index):831 UPDATE_10
17:41:44.684 (index):861 WAITING_12
17:41:44.688 (index):843 NODEACCESSREQUESTED_17
17:41:44.784 (index):823 THINKING_10
17:41:45.058 (index):861 WAITING_13
17:41:45.068 (index):831 UPDATE_16
17:41:45.169 (index):813 NODEACCESSRELEASED_16
17:41:45.234 (index):861 WAITING_14
17:41:45.239 (index):861 WAITING_15
17:41:45.640 (index):861 WAITING_11
17:41:45.685 (index):861 WAITING_12
17:41:45.688 (index):831 UPDATE_17
17:41:45.789 (index):813 NODEACCESSRELEASED_17
17:41:46.059 (index):861 WAITING_13
17:41:46.170 (index):843 NODEACCESSREQUESTED_16
17:41:46.235 (index):861 WAITING_14
17:41:46.239 (index):861 WAITING_15
17:41:46.641 (index):861 WAITING_11
17:41:46.686 (index):861 WAITING_12
17:41:46.791 (index):843 NODEACCESSREQUESTED_17
17:41:46.836 (index):831 UPDATE_10
17:41:46.937 (index):813 NODEACCESSRELEASED_10
17:41:47.060 (index):861 WAITING_13
17:41:47.171 (index):831 UPDATE_16
17:41:47.236 (index):861 WAITING_14
17:41:47.240 (index):861 WAITING_15
17:41:47.272 (index):813 NODEACCESSRELEASED_16
17:41:47.642 (index):831 UPDATE_11
17:41:47.687 (index):861 WAITING_12
17:41:47.744 (index):813 NODEACCESSRELEASED_11
17:41:47.792 (index):831 UPDATE_17
17:41:47.893 (index):813 NODEACCESSRELEASED_17
17:41:47.938 (index):843 NODEACCESSREQUESTED_10
17:41:48.061 (index):861 WAITING_13
17:41:48.238 (index):861 WAITING_14
17:41:48.241 (index):861 WAITING_15
17:41:48.273 (index):843 NODEACCESSREQUESTED_16
17:41:48.688 (index):831 UPDATE_12
17:41:48.745 (index):843 NODEACCESSREQUESTED_11
17:41:48.789 (index):813 NODEACCESSRELEASED_12
17:41:48.895 (index):843 NODEACCESSREQUESTED_17
17:41:48.940 (index):831 UPDATE_10
17:41:49.041 (index):823 THINKING_10
17:41:49.063 (index):831 UPDATE_13
17:41:49.164 (index):813 NODEACCESSRELEASED_13
17:41:49.239 (index):831 UPDATE_14
17:41:49.242 (index):861 WAITING_15
17:41:49.274 (index):831 UPDATE_16
17:41:49.340 (index):823 THINKING_14
17:41:49.375 (index):823 THINKING_16
17:41:49.746 (index):831 UPDATE_11
17:41:49.790 (index):843 NODEACCESSREQUESTED_12
17:41:49.848 (index):813 NODEACCESSRELEASED_11
17:41:49.896 (index):831 UPDATE_17
17:41:49.997 (index):813 NODEACCESSRELEASED_17
17:41:50.165 (index):843 NODEACCESSREQUESTED_13
17:41:50.243 (index):861 WAITING_15
17:41:50.792 (index):831 UPDATE_12
17:41:50.849 (index):843 NODEACCESSREQUESTED_11
17:41:50.892 (index):813 NODEACCESSRELEASED_12
17:41:50.999 (index):843 NODEACCESSREQUESTED_17
17:41:51.167 (index):831 UPDATE_13
17:41:51.244 (index):861 WAITING_15
17:41:51.268 (index):813 NODEACCESSRELEASED_13
17:41:51.850 (index):831 UPDATE_11
17:41:51.893 (index):843 NODEACCESSREQUESTED_12
17:41:51.951 (index):823 THINKING_11
17:41:52.000 (index):831 UPDATE_17
17:41:52.018 (index):831 UPDATE_10
17:41:52.101 (index):813 NODEACCESSRELEASED_17
17:41:52.120 (index):813 NODEACCESSRELEASED_10
17:41:52.245 (index):861 WAITING_15
17:41:52.269 (index):843 NODEACCESSREQUESTED_13
17:41:52.341 (index):831 UPDATE_14
17:41:52.442 (index):813 NODEACCESSRELEASED_14
17:41:52.894 (index):831 UPDATE_12
17:41:52.995 (index):823 THINKING_12
17:41:53.102 (index):843 NODEACCESSREQUESTED_17
17:41:53.120 (index):843 NODEACCESSREQUESTED_10
17:41:53.246 (index):831 UPDATE_15
17:41:53.271 (index):831 UPDATE_13
17:41:53.347 (index):813 NODEACCESSRELEASED_15
17:41:53.372 (index):813 NODEACCESSRELEASED_13
17:41:53.402 (index):831 UPDATE_16
17:41:53.443 (index):843 NODEACCESSREQUESTED_14
17:41:53.503 (index):823 THINKING_16
17:41:54.103 (index):831 UPDATE_17
17:41:54.121 (index):831 UPDATE_10
17:41:54.204 (index):823 THINKING_17
17:41:54.222 (index):823 THINKING_10
17:41:54.349 (index):843 NODEACCESSREQUESTED_15
17:41:54.373 (index):843 NODEACCESSREQUESTED_13
17:41:54.444 (index):831 UPDATE_14
17:41:54.545 (index):813 NODEACCESSRELEASED_14
17:41:55.350 (index):831 UPDATE_15
17:41:55.374 (index):831 UPDATE_13
17:41:55.452 (index):823 THINKING_15
17:41:55.475 (index):813 NODEACCESSRELEASED_13
17:41:55.547 (index):843 NODEACCESSREQUESTED_14
17:41:56.131 (index):831 UPDATE_16
17:41:56.229 (index):831 UPDATE_11
17:41:56.232 (index):823 THINKING_16
17:41:56.330 (index):813 NODEACCESSRELEASED_11
17:41:56.477 (index):843 NODEACCESSREQUESTED_13
17:41:56.548 (index):831 UPDATE_14
17:41:56.649 (index):813 NODEACCESSRELEASED_14
17:41:57.331 (index):843 NODEACCESSREQUESTED_11
17:41:57.478 (index):831 UPDATE_13
17:41:57.553 (index):831 UPDATE_17
17:41:57.579 (index):813 NODEACCESSRELEASED_13
17:41:57.651 (index):843 NODEACCESSREQUESTED_14
17:41:57.654 (index):831 UPDATE_12
17:41:57.655 (index):813 NODEACCESSRELEASED_17
17:41:57.755 (index):813 NODEACCESSRELEASED_12
17:41:58.333 (index):831 UPDATE_11
17:41:58.434 (index):813 NODEACCESSRELEASED_11
17:41:58.581 (index):843 NODEACCESSREQUESTED_13
17:41:58.652 (index):831 UPDATE_14
17:41:58.655 (index):843 NODEACCESSREQUESTED_17
17:41:58.663 (index):831 UPDATE_16
17:41:58.753 (index):813 NODEACCESSRELEASED_14
17:41:58.756 (index):843 NODEACCESSREQUESTED_12
17:41:58.764 (index):813 NODEACCESSRELEASED_16
17:41:58.886 (index):831 UPDATE_10
17:41:58.987 (index):813 NODEACCESSRELEASED_10
17:41:59.435 (index):843 NODEACCESSREQUESTED_11
17:41:59.582 (index):831 UPDATE_13
17:41:59.657 (index):831 UPDATE_17
17:41:59.683 (index):813 NODEACCESSRELEASED_13
17:41:59.755 (index):843 NODEACCESSREQUESTED_14
17:41:59.757 (index):831 UPDATE_12
17:41:59.758 (index):813 NODEACCESSRELEASED_17
17:41:59.766 (index):843 NODEACCESSREQUESTED_16
17:41:59.801 (index):831 UPDATE_15
17:41:59.858 (index):813 NODEACCESSRELEASED_12
17:41:59.902 (index):823 THINKING_15
17:41:59.988 (index):843 NODEACCESSREQUESTED_10
17:42:00.437 (index):831 UPDATE_11
17:42:00.538 (index):813 NODEACCESSRELEASED_11
17:42:00.684 (index):843 NODEACCESSREQUESTED_13
17:42:00.756 (index):831 UPDATE_14
17:42:00.759 (index):843 NODEACCESSREQUESTED_17
17:42:00.767 (index):831 UPDATE_16
17:42:00.857 (index):823 THINKING_14
17:42:00.859 (index):843 NODEACCESSREQUESTED_12
17:42:00.868 (index):823 THINKING_16
17:42:00.989 (index):831 UPDATE_10
17:42:01.090 (index):823 THINKING_10
17:42:01.539 (index):843 NODEACCESSREQUESTED_11
17:42:01.686 (index):831 UPDATE_13
17:42:01.760 (index):831 UPDATE_17
17:42:01.787 (index):813 NODEACCESSRELEASED_13
17:42:01.860 (index):831 UPDATE_12
17:42:01.861 (index):813 NODEACCESSRELEASED_17
17:42:01.961 (index):813 NODEACCESSRELEASED_12
17:42:02.035 (index):831 UPDATE_15
17:42:02.137 (index):813 NODEACCESSRELEASED_15
17:42:02.540 (index):831 UPDATE_11
17:42:02.641 (index):823 THINKING_11
17:42:02.789 (index):843 NODEACCESSREQUESTED_13
17:42:02.863 (index):843 NODEACCESSREQUESTED_17
17:42:02.962 (index):843 NODEACCESSREQUESTED_12
17:42:03.087 (index):831 UPDATE_14
17:42:03.138 (index):843 NODEACCESSREQUESTED_15
17:42:03.188 (index):813 NODEACCESSRELEASED_14
17:42:03.790 (index):831 UPDATE_13
17:42:03.864 (index):831 UPDATE_17
17:42:03.891 (index):813 NODEACCESSRELEASED_13
17:42:03.963 (index):831 UPDATE_12
17:42:03.965 (index):823 THINKING_17
17:42:04.065 (index):813 NODEACCESSRELEASED_12
17:42:04.139 (index):831 UPDATE_15
17:42:04.189 (index):843 NODEACCESSREQUESTED_14
17:42:04.241 (index):823 THINKING_15
17:42:04.876 (index):831 UPDATE_10
17:42:04.892 (index):843 NODEACCESSREQUESTED_13
17:42:04.977 (index):813 NODEACCESSRELEASED_10
17:42:05.066 (index):843 NODEACCESSREQUESTED_12
17:42:05.190 (index):831 UPDATE_14
17:42:05.292 (index):813 NODEACCESSRELEASED_14
17:42:05.460 (index):831 UPDATE_16
17:42:05.562 (index):813 NODEACCESSRELEASED_16
17:42:05.893 (index):831 UPDATE_13
17:42:05.979 (index):843 NODEACCESSREQUESTED_10
17:42:05.994 (index):813 NODEACCESSRELEASED_13
17:42:06.026 (index):831 UPDATE_11
17:42:06.067 (index):831 UPDATE_12
17:42:06.127 (index):813 NODEACCESSRELEASED_11
17:42:06.168 (index):813 NODEACCESSRELEASED_12
17:42:06.293 (index):843 NODEACCESSREQUESTED_14
17:42:06.563 (index):843 NODEACCESSREQUESTED_16
17:42:06.980 (index):831 UPDATE_10
17:42:06.995 (index):843 NODEACCESSREQUESTED_13
17:42:07.005 (index):831 UPDATE_15
17:42:07.081 (index):823 THINKING_10
17:42:07.106 (index):823 THINKING_15
17:42:07.128 (index):843 NODEACCESSREQUESTED_11
17:42:07.170 (index):843 NODEACCESSREQUESTED_12
17:42:07.294 (index):831 UPDATE_14
17:42:07.395 (index):823 THINKING_14
17:42:07.564 (index):831 UPDATE_16
17:42:07.666 (index):823 THINKING_16
17:42:07.670 (index):831 UPDATE_17
17:42:07.771 (index):813 NODEACCESSRELEASED_17
17:42:07.997 (index):831 UPDATE_13
17:42:08.098 (index):813 NODEACCESSRELEASED_13
17:42:08.129 (index):831 UPDATE_11
17:42:08.171 (index):831 UPDATE_12
17:42:08.230 (index):813 NODEACCESSRELEASED_11
17:42:08.272 (index):813 NODEACCESSRELEASED_12
17:42:08.772 (index):843 NODEACCESSREQUESTED_17
17:42:09.099 (index):843 NODEACCESSREQUESTED_13
17:42:09.231 (index):843 NODEACCESSREQUESTED_11
17:42:09.273 (index):843 NODEACCESSREQUESTED_12
17:42:09.712 (index):831 UPDATE_15
17:42:09.774 (index):831 UPDATE_17
17:42:09.813 (index):813 NODEACCESSRELEASED_15
17:42:09.875 (index):823 THINKING_17
17:42:10.101 (index):831 UPDATE_13
17:42:10.202 (index):813 NODEACCESSRELEASED_13
17:42:10.233 (index):831 UPDATE_11
17:42:10.275 (index):831 UPDATE_12
17:42:10.333 (index):823 THINKING_11
17:42:10.376 (index):823 THINKING_12
17:42:10.399 (index):831 UPDATE_16
17:42:10.500 (index):813 NODEACCESSRELEASED_16
17:42:10.595 (index):831 UPDATE_14
17:42:10.696 (index):823 THINKING_14
17:42:10.814 (index):843 NODEACCESSREQUESTED_15
17:42:11.203 (index):843 NODEACCESSREQUESTED_13
17:42:11.501 (index):843 NODEACCESSREQUESTED_16
17:42:11.816 (index):831 UPDATE_15
17:42:11.917 (index):823 THINKING_15
17:42:11.966 (index):831 UPDATE_10
17:42:12.068 (index):813 NODEACCESSRELEASED_10
17:42:12.205 (index):831 UPDATE_13
17:42:12.306 (index):872 END_13
17:42:12.502 (index):831 UPDATE_16
17:42:12.604 (index):813 NODEACCESSRELEASED_16
17:42:12.980 (index):831 UPDATE_17
17:42:13.068 (index):843 NODEACCESSREQUESTED_10
17:42:13.082 (index):823 THINKING_17
17:42:13.498 (index):831 UPDATE_11
17:42:13.599 (index):872 END_11
17:42:13.605 (index):843 NODEACCESSREQUESTED_16
17:42:13.752 (index):831 UPDATE_12
17:42:13.853 (index):813 NODEACCESSRELEASED_12
17:42:14.070 (index):831 UPDATE_10
17:42:14.171 (index):813 NODEACCESSRELEASED_10
17:42:14.607 (index):831 UPDATE_16
17:42:14.708 (index):872 END_16
17:42:14.770 (index):831 UPDATE_14
17:42:14.855 (index):843 NODEACCESSREQUESTED_12
17:42:14.872 (index):813 NODEACCESSRELEASED_14
17:42:15.172 (index):843 NODEACCESSREQUESTED_10
17:42:15.777 (index):831 UPDATE_17
17:42:15.856 (index):831 UPDATE_12
17:42:15.873 (index):843 NODEACCESSREQUESTED_14
17:42:15.879 (index):872 END_17
17:42:15.958 (index):813 NODEACCESSRELEASED_12
17:42:16.174 (index):831 UPDATE_10
17:42:16.204 (index):831 UPDATE_15
17:42:16.275 (index):813 NODEACCESSRELEASED_10
17:42:16.306 (index):813 NODEACCESSRELEASED_15
17:42:16.873 (index):831 UPDATE_14
17:42:16.959 (index):843 NODEACCESSREQUESTED_12
17:42:16.975 (index):872 END_14
17:42:17.276 (index):843 NODEACCESSREQUESTED_10
17:42:17.307 (index):843 NODEACCESSREQUESTED_15
17:42:17.960 (index):831 UPDATE_12
17:42:18.062 (index):872 END_12
17:42:18.277 (index):831 UPDATE_10
17:42:18.308 (index):831 UPDATE_15
17:42:18.378 (index):872 END_10
17:42:18.409 (index):823 THINKING_15
17:42:22.199 (index):831 UPDATE_15
17:42:22.301 (index):813 NODEACCESSRELEASED_15
17:42:23.302 (index):843 NODEACCESSREQUESTED_15
17:42:24.303 (index):831 UPDATE_15
17:42:24.405 (index):872 END_15
