16:56:51.796 (index):1125 Tasks: 25; Collaborators: 8    =========================>
16:56:51.796 (index):941 NODEACCESSREQUESTED_0
16:56:51.797 (index):941 NODEACCESSREQUESTED_1
16:56:51.798 (index):935 ATTRIBUTEACCESSREQUESTED_2
16:56:51.798 (index):935 ATTRIBUTEACCESSREQUESTED_3
16:56:51.799 (index):935 ATTRIBUTEACCESSREQUESTED_4
16:56:51.800 (index):935 ATTRIBUTEACCESSREQUESTED_5
16:56:51.801 (index):941 NODEACCESSREQUESTED_6
16:56:51.801 (index):941 NODEACCESSREQUESTED_7
16:56:51.802 (index):880 NODEACCESSRELEASED_0
16:56:51.803 (index):880 NODEACCESSRELEASED_1
16:56:51.803 (index):884 ATTRIBUTEACCESSRELEASED_2
16:56:51.804 (index):884 ATTRIBUTEACCESSRELEASED_3
16:56:51.805 (index):884 ATTRIBUTEACCESSRELEASED_4
16:56:51.805 (index):884 ATTRIBUTEACCESSRELEASED_5
16:56:51.806 (index):880 NODEACCESSRELEASED_6
16:56:51.807 (index):880 NODEACCESSRELEASED_7
16:56:51.808 (index):941 NODEACCESSREQUESTED_0
16:56:51.808 (index):941 NODEACCESSREQUESTED_1
16:56:51.809 (index):935 ATTRIBUTEACCESSREQUESTED_2
16:56:51.810 (index):935 ATTRIBUTEACCESSREQUESTED_3
16:56:51.810 (index):935 ATTRIBUTEACCESSREQUESTED_4
16:56:51.811 (index):935 ATTRIBUTEACCESSREQUESTED_5
16:56:51.812 (index):941 NODEACCESSREQUESTED_6
16:56:51.812 (index):941 NODEACCESSREQUESTED_7
16:56:51.813 (index):905 UPDATE_0
16:56:51.814 (index):905 UPDATE_1
16:56:51.814 (index):908 UPDATE_2
16:56:51.815 (index):908 UPDATE_3
16:56:51.816 (index):908 UPDATE_4
16:56:51.816 (index):967 WAITING_5
16:56:51.817 (index):905 UPDATE_6
16:56:51.818 (index):905 UPDATE_7
16:56:51.818 (index):880 NODEACCESSRELEASED_0
16:56:51.819 (index):880 NODEACCESSRELEASED_1
16:56:51.820 (index):884 ATTRIBUTEACCESSRELEASED_2
16:56:51.821 (index):884 ATTRIBUTEACCESSRELEASED_3
16:56:51.821 (index):884 ATTRIBUTEACCESSRELEASED_4
16:56:51.822 (index):908 UPDATE_5
16:56:51.823 (index):880 NODEACCESSRELEASED_6
16:56:51.823 (index):880 NODEACCESSRELEASED_7
16:56:51.824 (index):941 NODEACCESSREQUESTED_0
16:56:51.825 (index):941 NODEACCESSREQUESTED_1
16:56:51.825 (index):941 NODEACCESSREQUESTED_2
16:56:51.826 (index):941 NODEACCESSREQUESTED_3
16:56:51.827 (index):935 ATTRIBUTEACCESSREQUESTED_4
16:56:51.828 (index):884 ATTRIBUTEACCESSRELEASED_5
16:56:51.828 (index):941 NODEACCESSREQUESTED_6
16:56:51.829 (index):935 ATTRIBUTEACCESSREQUESTED_7
16:56:51.830 (index):905 UPDATE_0
16:56:51.830 (index):905 UPDATE_1
16:56:51.831 (index):905 UPDATE_2
16:56:51.832 (index):905 UPDATE_3
16:56:51.832 (index):908 UPDATE_4
16:56:51.833 (index):941 NODEACCESSREQUESTED_5
16:56:51.834 (index):905 UPDATE_6
16:56:51.834 (index):967 WAITING_7
16:56:51.835 (index):880 NODEACCESSRELEASED_0
16:56:51.836 (index):880 NODEACCESSRELEASED_1
16:56:51.837 (index):880 NODEACCESSRELEASED_2
16:56:51.837 (index):880 NODEACCESSRELEASED_3
16:56:51.838 (index):884 ATTRIBUTEACCESSRELEASED_4
16:56:51.839 (index):967 WAITING_5
16:56:51.840 (index):880 NODEACCESSRELEASED_6
16:56:51.840 (index):908 UPDATE_7
16:56:51.841 (index):935 ATTRIBUTEACCESSREQUESTED_0
16:56:51.842 (index):941 NODEACCESSREQUESTED_1
16:56:51.842 (index):941 NODEACCESSREQUESTED_2
16:56:51.843 (index):941 NODEACCESSREQUESTED_3
16:56:51.844 (index):941 NODEACCESSREQUESTED_4
16:56:51.844 (index):905 UPDATE_5
16:56:51.845 (index):941 NODEACCESSREQUESTED_6
16:56:51.846 (index):884 ATTRIBUTEACCESSRELEASED_7
16:56:51.846 (index):908 UPDATE_0
16:56:51.847 (index):905 UPDATE_1
16:56:51.848 (index):967 WAITING_2
16:56:51.848 (index):967 WAITING_3
16:56:51.849 (index):905 UPDATE_4
16:56:51.850 (index):880 NODEACCESSRELEASED_5
16:56:51.850 (index):905 UPDATE_6
16:56:51.851 (index):941 NODEACCESSREQUESTED_7
16:56:51.852 (index):884 ATTRIBUTEACCESSRELEASED_0
16:56:51.852 (index):880 NODEACCESSRELEASED_1
16:56:51.853 (index):905 UPDATE_2
16:56:51.854 (index):967 WAITING_3
16:56:51.854 (index):880 NODEACCESSRELEASED_4
16:56:51.855 (index):941 NODEACCESSREQUESTED_5
16:56:51.856 (index):880 NODEACCESSRELEASED_6
16:56:51.857 (index):905 UPDATE_7
16:56:51.857 (index):941 NODEACCESSREQUESTED_0
16:56:51.858 (index):941 NODEACCESSREQUESTED_1
16:56:51.859 (index):880 NODEACCESSRELEASED_2
16:56:51.859 (index):967 WAITING_3
16:56:51.860 (index):935 ATTRIBUTEACCESSREQUESTED_4
16:56:51.861 (index):905 UPDATE_5
16:56:51.861 (index):941 NODEACCESSREQUESTED_6
16:56:51.862 (index):880 NODEACCESSRELEASED_7
16:56:51.863 (index):967 WAITING_0
16:56:51.863 (index):905 UPDATE_1
16:56:51.864 (index):941 NODEACCESSREQUESTED_2
16:56:51.865 (index):967 WAITING_3
16:56:51.865 (index):908 UPDATE_4
16:56:51.866 (index):880 NODEACCESSRELEASED_5
16:56:51.867 (index):905 UPDATE_6
16:56:51.867 (index):941 NODEACCESSREQUESTED_7
16:56:51.868 (index):967 WAITING_0
16:56:51.869 (index):880 NODEACCESSRELEASED_1
16:56:51.870 (index):967 WAITING_2
16:56:51.870 (index):967 WAITING_3
16:56:51.871 (index):884 ATTRIBUTEACCESSRELEASED_4
16:56:51.872 (index):935 ATTRIBUTEACCESSREQUESTED_5
16:56:51.873 (index):880 NODEACCESSRELEASED_6
16:56:51.873 (index):967 WAITING_7
16:56:51.874 (index):967 WAITING_0
16:56:51.875 (index):935 ATTRIBUTEACCESSREQUESTED_1
16:56:51.875 (index):967 WAITING_2
16:56:51.876 (index):905 UPDATE_3
16:56:51.877 (index):941 NODEACCESSREQUESTED_4
16:56:51.877 (index):908 UPDATE_5
16:56:51.878 (index):941 NODEACCESSREQUESTED_6
16:56:51.879 (index):967 WAITING_7
16:56:51.879 (index):967 WAITING_0
16:56:51.880 (index):967 WAITING_1
16:56:51.881 (index):967 WAITING_2
16:56:51.881 (index):880 NODEACCESSRELEASED_3
16:56:51.882 (index):905 UPDATE_4
16:56:51.883 (index):884 ATTRIBUTEACCESSRELEASED_5
16:56:51.883 (index):967 WAITING_6
16:56:51.884 (index):967 WAITING_7
16:56:51.885 (index):905 UPDATE_0
16:56:51.885 (index):908 UPDATE_1
16:56:51.886 (index):967 WAITING_2
16:56:51.887 (index):935 ATTRIBUTEACCESSREQUESTED_3
16:56:51.888 (index):880 NODEACCESSRELEASED_4
16:56:51.888 (index):941 NODEACCESSREQUESTED_5
16:56:51.889 (index):905 UPDATE_6
16:56:51.890 (index):967 WAITING_7
16:56:51.890 (index):880 NODEACCESSRELEASED_0
16:56:51.891 (index):884 ATTRIBUTEACCESSRELEASED_1
16:56:51.892 (index):905 UPDATE_2
16:56:51.892 (index):908 UPDATE_3
16:56:51.893 (index):941 NODEACCESSREQUESTED_4
16:56:51.894 (index):905 UPDATE_5
16:56:51.894 (index):880 NODEACCESSRELEASED_6
16:56:51.895 (index):967 WAITING_7
16:56:51.896 (index):941 NODEACCESSREQUESTED_0
16:56:51.897 (index):935 ATTRIBUTEACCESSREQUESTED_1
16:56:51.897 (index):880 NODEACCESSRELEASED_2
16:56:51.898 (index):884 ATTRIBUTEACCESSRELEASED_3
16:56:51.899 (index):905 UPDATE_4
16:56:51.900 (index):880 NODEACCESSRELEASED_5
16:56:51.900 (index):941 NODEACCESSREQUESTED_6
16:56:51.901 (index):905 UPDATE_7
16:56:51.902 (index):967 WAITING_0
16:56:51.902 (index):908 UPDATE_1
16:56:51.903 (index):935 ATTRIBUTEACCESSREQUESTED_2
16:56:51.904 (index):935 ATTRIBUTEACCESSREQUESTED_3
16:56:51.905 (index):880 NODEACCESSRELEASED_4
16:56:51.905 (index):941 NODEACCESSREQUESTED_5
16:56:51.906 (index):967 WAITING_6
16:56:51.907 (index):880 NODEACCESSRELEASED_7
16:56:51.907 (index):905 UPDATE_0
16:56:51.908 (index):884 ATTRIBUTEACCESSRELEASED_1
16:56:51.909 (index):908 UPDATE_2
16:56:51.909 (index):967 WAITING_3
16:56:51.910 (index):941 NODEACCESSREQUESTED_4
16:56:51.911 (index):967 WAITING_5
16:56:51.911 (index):905 UPDATE_6
16:56:51.912 (index):935 ATTRIBUTEACCESSREQUESTED_7
16:56:51.913 (index):880 NODEACCESSRELEASED_0
16:56:51.913 (index):941 NODEACCESSREQUESTED_1
16:56:51.914 (index):884 ATTRIBUTEACCESSRELEASED_2
16:56:51.915 (index):908 UPDATE_3
16:56:51.916 (index):905 UPDATE_4
16:56:51.916 (index):905 UPDATE_5
16:56:51.917 (index):880 NODEACCESSRELEASED_6
16:56:51.918 (index):908 UPDATE_7
16:56:51.918 (index):935 ATTRIBUTEACCESSREQUESTED_0
16:56:51.919 (index):967 WAITING_1
16:56:51.920 (index):935 ATTRIBUTEACCESSREQUESTED_2
16:56:51.920 (index):884 ATTRIBUTEACCESSRELEASED_3
16:56:51.921 (index):880 NODEACCESSRELEASED_4
16:56:51.922 (index):880 NODEACCESSRELEASED_5
16:56:51.922 (index):941 NODEACCESSREQUESTED_6
16:56:51.923 (index):884 ATTRIBUTEACCESSRELEASED_7
16:56:51.924 (index):908 UPDATE_0
16:56:51.925 (index):905 UPDATE_1
16:56:51.925 (index):908 UPDATE_2
16:56:51.926 (index):941 NODEACCESSREQUESTED_3
16:56:51.927 (index):935 ATTRIBUTEACCESSREQUESTED_4
16:56:51.927 (index):941 NODEACCESSREQUESTED_5
16:56:51.928 (index):967 WAITING_6
16:56:51.929 (index):941 NODEACCESSREQUESTED_7
16:56:51.929 (index):884 ATTRIBUTEACCESSRELEASED_0
16:56:51.930 (index):880 NODEACCESSRELEASED_1
16:56:51.931 (index):884 ATTRIBUTEACCESSRELEASED_2
16:56:51.931 (index):905 UPDATE_3
16:56:51.932 (index):908 UPDATE_4
16:56:51.933 (index):905 UPDATE_5
16:56:51.933 (index):905 UPDATE_6
16:56:51.934 (index):905 UPDATE_7
16:56:51.935 (index):941 NODEACCESSREQUESTED_0
16:56:51.936 (index):941 NODEACCESSREQUESTED_1
16:56:51.936 (index):941 NODEACCESSREQUESTED_2
16:56:51.937 (index):880 NODEACCESSRELEASED_3
16:56:51.938 (index):884 ATTRIBUTEACCESSRELEASED_4
16:56:51.938 (index):880 NODEACCESSRELEASED_5
16:56:51.939 (index):880 NODEACCESSRELEASED_6
16:56:51.940 (index):880 NODEACCESSRELEASED_7
16:56:51.940 (index):905 UPDATE_0
16:56:51.941 (index):905 UPDATE_1
16:56:51.942 (index):905 UPDATE_2
16:56:51.942 (index):935 ATTRIBUTEACCESSREQUESTED_3
16:56:51.943 (index):941 NODEACCESSREQUESTED_4
16:56:51.944 (index):935 ATTRIBUTEACCESSREQUESTED_5
16:56:51.944 (index):941 NODEACCESSREQUESTED_6
16:56:51.945 (index):941 NODEACCESSREQUESTED_7
16:56:51.946 (index):880 NODEACCESSRELEASED_0
16:56:51.947 (index):880 NODEACCESSRELEASED_1
16:56:51.947 (index):880 NODEACCESSRELEASED_2
16:56:51.948 (index):908 UPDATE_3
16:56:51.949 (index):905 UPDATE_4
16:56:51.949 (index):908 UPDATE_5
16:56:51.950 (index):905 UPDATE_6
16:56:51.951 (index):905 UPDATE_7
16:56:51.951 (index):941 NODEACCESSREQUESTED_0
16:56:51.952 (index):941 NODEACCESSREQUESTED_1
16:56:51.953 (index):935 ATTRIBUTEACCESSREQUESTED_2
16:56:51.953 (index):884 ATTRIBUTEACCESSRELEASED_3
16:56:51.954 (index):880 NODEACCESSRELEASED_4
16:56:51.955 (index):884 ATTRIBUTEACCESSRELEASED_5
16:56:51.955 (index):880 NODEACCESSRELEASED_6
16:56:51.956 (index):880 NODEACCESSRELEASED_7
16:56:51.957 (index):905 UPDATE_0
16:56:51.957 (index):905 UPDATE_1
16:56:51.958 (index):908 UPDATE_2
16:56:51.959 (index):941 NODEACCESSREQUESTED_3
16:56:51.959 (index):935 ATTRIBUTEACCESSREQUESTED_4
16:56:51.960 (index):941 NODEACCESSREQUESTED_5
16:56:51.961 (index):941 NODEACCESSREQUESTED_6
16:56:51.961 (index):941 NODEACCESSREQUESTED_7
16:56:51.962 (index):880 NODEACCESSRELEASED_0
16:56:51.963 (index):880 NODEACCESSRELEASED_1
16:56:51.964 (index):884 ATTRIBUTEACCESSRELEASED_2
16:56:51.964 (index):905 UPDATE_3
16:56:51.965 (index):908 UPDATE_4
16:56:51.966 (index):967 WAITING_5
16:56:51.966 (index):905 UPDATE_6
16:56:51.967 (index):967 WAITING_7
16:56:51.967 (index):941 NODEACCESSREQUESTED_0
16:56:51.968 (index):941 NODEACCESSREQUESTED_1
16:56:51.969 (index):935 ATTRIBUTEACCESSREQUESTED_2
16:56:51.970 (index):880 NODEACCESSRELEASED_3
16:56:51.970 (index):884 ATTRIBUTEACCESSRELEASED_4
16:56:51.971 (index):967 WAITING_5
16:56:51.972 (index):880 NODEACCESSRELEASED_6
16:56:51.972 (index):905 UPDATE_7
16:56:51.973 (index):905 UPDATE_0
16:56:51.974 (index):967 WAITING_1
16:56:51.974 (index):908 UPDATE_2
16:56:51.975 (index):941 NODEACCESSREQUESTED_3
16:56:51.976 (index):935 ATTRIBUTEACCESSREQUESTED_4
16:56:51.976 (index):967 WAITING_5
16:56:51.977 (index):935 ATTRIBUTEACCESSREQUESTED_6
16:56:51.978 (index):880 NODEACCESSRELEASED_7
16:56:51.978 (index):880 NODEACCESSRELEASED_0
16:56:51.979 (index):905 UPDATE_1
16:56:51.980 (index):884 ATTRIBUTEACCESSRELEASED_2
16:56:51.981 (index):905 UPDATE_3
16:56:51.981 (index):908 UPDATE_4
16:56:51.982 (index):967 WAITING_5
16:56:51.983 (index):908 UPDATE_6
16:56:51.983 (index):935 ATTRIBUTEACCESSREQUESTED_7
16:56:51.984 (index):935 ATTRIBUTEACCESSREQUESTED_0
16:56:51.985 (index):880 NODEACCESSRELEASED_1
16:56:51.985 (index):935 ATTRIBUTEACCESSREQUESTED_2
16:56:51.986 (index):880 NODEACCESSRELEASED_3
16:56:51.987 (index):884 ATTRIBUTEACCESSRELEASED_4
16:56:51.987 (index):967 WAITING_5
16:56:51.988 (index):884 ATTRIBUTEACCESSRELEASED_6
16:56:51.989 (index):908 UPDATE_7
16:56:51.989 (index):908 UPDATE_0
16:56:51.990 (index):941 NODEACCESSREQUESTED_1
16:56:51.990 (index):908 UPDATE_2
16:56:51.991 (index):941 NODEACCESSREQUESTED_3
16:56:51.992 (index):941 NODEACCESSREQUESTED_4
16:56:51.992 (index):967 WAITING_5
16:56:51.993 (index):941 NODEACCESSREQUESTED_6
16:56:51.994 (index):884 ATTRIBUTEACCESSRELEASED_7
16:56:51.994 (index):884 ATTRIBUTEACCESSRELEASED_0
16:56:51.995 (index):905 UPDATE_1
16:56:51.996 (index):884 ATTRIBUTEACCESSRELEASED_2
16:56:51.997 (index):905 UPDATE_3
16:56:51.997 (index):905 UPDATE_4
16:56:51.998 (index):967 WAITING_5
16:56:51.999 (index):905 UPDATE_6
16:56:51.999 (index):941 NODEACCESSREQUESTED_7
16:56:52.000 (index):941 NODEACCESSREQUESTED_0
16:56:52.001 (index):880 NODEACCESSRELEASED_1
16:56:52.002 (index):941 NODEACCESSREQUESTED_2
16:56:52.002 (index):880 NODEACCESSRELEASED_3
16:56:52.003 (index):880 NODEACCESSRELEASED_4
16:56:52.004 (index):967 WAITING_5
16:56:52.004 (index):880 NODEACCESSRELEASED_6
16:56:52.005 (index):905 UPDATE_7
16:56:52.006 (index):905 UPDATE_0
16:56:52.007 (index):935 ATTRIBUTEACCESSREQUESTED_1
16:56:52.007 (index):905 UPDATE_2
16:56:52.008 (index):941 NODEACCESSREQUESTED_3
16:56:52.009 (index):941 NODEACCESSREQUESTED_4
16:56:52.009 (index):967 WAITING_5
16:56:52.010 (index):941 NODEACCESSREQUESTED_6
16:56:52.011 (index):880 NODEACCESSRELEASED_7
16:56:52.012 (index):880 NODEACCESSRELEASED_0
16:56:52.012 (index):908 UPDATE_1
16:56:52.013 (index):880 NODEACCESSRELEASED_2
16:56:52.014 (index):967 WAITING_3
16:56:52.014 (index):905 UPDATE_4
16:56:52.015 (index):967 WAITING_5
16:56:52.016 (index):905 UPDATE_6
16:56:52.016 (index):941 NODEACCESSREQUESTED_7
16:56:52.017 (index):941 NODEACCESSREQUESTED_0
16:56:52.018 (index):884 ATTRIBUTEACCESSRELEASED_1
16:56:52.019 (index):941 NODEACCESSREQUESTED_2
16:56:52.019 (index):967 WAITING_3
16:56:52.020 (index):978 END_4
16:56:52.021 (index):967 WAITING_5
16:56:52.021 (index):880 NODEACCESSRELEASED_6
16:56:52.022 (index):967 WAITING_7
16:56:52.023 (index):967 WAITING_0
16:56:52.024 (index):941 NODEACCESSREQUESTED_1
16:56:52.024 (index):905 UPDATE_2
16:56:52.025 (index):967 WAITING_3
16:56:52.026 (index):967 WAITING_5
16:56:52.026 (index):935 ATTRIBUTEACCESSREQUESTED_6
16:56:52.027 (index):967 WAITING_7
16:56:52.028 (index):967 WAITING_0
16:56:52.028 (index):967 WAITING_1
16:56:52.029 (index):880 NODEACCESSRELEASED_2
16:56:52.030 (index):967 WAITING_3
16:56:52.030 (index):967 WAITING_5
16:56:52.031 (index):908 UPDATE_6
16:56:52.032 (index):967 WAITING_7
16:56:52.033 (index):905 UPDATE_0
16:56:52.033 (index):967 WAITING_1
16:56:52.034 (index):941 NODEACCESSREQUESTED_2
16:56:52.035 (index):967 WAITING_3
16:56:52.035 (index):967 WAITING_5
16:56:52.036 (index):978 END_6
16:56:52.037 (index):967 WAITING_7
16:56:52.037 (index):880 NODEACCESSRELEASED_0
16:56:52.038 (index):967 WAITING_1
16:56:52.039 (index):905 UPDATE_2
16:56:52.040 (index):967 WAITING_3
16:56:52.040 (index):967 WAITING_5
16:56:52.042 (index):967 WAITING_7
16:56:52.042 (index):935 ATTRIBUTEACCESSREQUESTED_0
16:56:52.043 (index):967 WAITING_1
16:56:52.044 (index):978 END_2
16:56:52.044 (index):967 WAITING_3
16:56:52.045 (index):967 WAITING_5
16:56:52.046 (index):967 WAITING_7
16:56:52.047 (index):908 UPDATE_0
16:56:52.048 (index):967 WAITING_1
16:56:52.049 (index):967 WAITING_3
16:56:52.050 (index):967 WAITING_5
16:56:52.051 (index):967 WAITING_7
16:56:52.052 (index):978 END_0
16:56:52.052 (index):967 WAITING_1
16:56:52.054 (index):967 WAITING_3
16:56:52.055 (index):905 UPDATE_5
16:56:52.056 (index):967 WAITING_7
16:56:52.057 (index):967 WAITING_1
16:56:52.059 (index):967 WAITING_3
16:56:52.059 (index):880 NODEACCESSRELEASED_5
16:56:52.060 (index):967 WAITING_7
16:56:52.062 (index):967 WAITING_1
16:56:52.063 (index):905 UPDATE_3
16:56:52.064 (index):935 ATTRIBUTEACCESSREQUESTED_5
16:56:52.065 (index):967 WAITING_7
16:56:52.067 (index):967 WAITING_1
16:56:52.068 (index):880 NODEACCESSRELEASED_3
16:56:52.069 (index):967 WAITING_5
16:56:52.070 (index):905 UPDATE_7
16:56:52.071 (index):967 WAITING_1
16:56:52.073 (index):935 ATTRIBUTEACCESSREQUESTED_3
16:56:52.074 (index):967 WAITING_5
16:56:52.075 (index):880 NODEACCESSRELEASED_7
16:56:52.076 (index):905 UPDATE_1
16:56:52.078 (index):967 WAITING_3
16:56:52.078 (index):967 WAITING_5
16:56:52.080 (index):935 ATTRIBUTEACCESSREQUESTED_7
16:56:52.081 (index):978 END_1
16:56:52.082 (index):967 WAITING_3
16:56:52.083 (index):908 UPDATE_5
16:56:52.084 (index):908 UPDATE_7
16:56:52.087 (index):967 WAITING_3
16:56:52.088 (index):884 ATTRIBUTEACCESSRELEASED_5
16:56:52.089 (index):884 ATTRIBUTEACCESSRELEASED_7
16:56:52.092 (index):908 UPDATE_3
16:56:52.093 (index):941 NODEACCESSREQUESTED_5
16:56:52.094 (index):941 NODEACCESSREQUESTED_7
16:56:52.097 (index):884 ATTRIBUTEACCESSRELEASED_3
16:56:52.097 (index):905 UPDATE_5
16:56:52.099 (index):905 UPDATE_7
16:56:52.101 (index):935 ATTRIBUTEACCESSREQUESTED_3
16:56:52.102 (index):880 NODEACCESSRELEASED_5
16:56:52.103 (index):978 END_7
16:56:52.106 (index):908 UPDATE_3
16:56:52.107 (index):941 NODEACCESSREQUESTED_5
16:56:52.111 (index):978 END_3
16:56:52.112 (index):905 UPDATE_5
16:56:52.116 (index):880 NODEACCESSRELEASED_5
16:56:52.121 (index):941 NODEACCESSREQUESTED_5
16:56:52.126 (index):905 UPDATE_5
16:56:52.131 (index):978 END_5
