16:56:50.889 (index):1080 Tasks: 25; Collaborators: 5    =========================>
16:56:50.890 (index):941 NODEACCESSREQUESTED_0
16:56:50.890 (index):941 NODEACCESSREQUESTED_1
16:56:50.891 (index):935 ATTRIBUTEACCESSREQUESTED_2
16:56:50.892 (index):935 ATTRIBUTEACCESSREQUESTED_3
16:56:50.893 (index):935 ATTRIBUTEACCESSREQUESTED_4
16:56:50.895 (index):880 NODEACCESSRELEASED_0
16:56:50.895 (index):880 NODEACCESSRELEASED_1
16:56:50.896 (index):884 ATTRIBUTEACCESSRELEASED_2
16:56:50.897 (index):884 ATTRIBUTEACCESSRELEASED_3
16:56:50.897 (index):884 ATTRIBUTEACCESSRELEASED_4
16:56:50.899 (index):941 NODEACCESSREQUESTED_0
16:56:50.900 (index):941 NODEACCESSREQUESTED_1
16:56:50.901 (index):935 ATTRIBUTEACCESSREQUESTED_2
16:56:50.901 (index):935 ATTRIBUTEACCESSREQUESTED_3
16:56:50.902 (index):935 ATTRIBUTEACCESSREQUESTED_4
16:56:50.904 (index):905 UPDATE_0
16:56:50.905 (index):967 WAITING_1
16:56:50.906 (index):908 UPDATE_2
16:56:50.906 (index):967 WAITING_3
16:56:50.907 (index):908 UPDATE_4
16:56:50.909 (index):880 NODEACCESSRELEASED_0
16:56:50.910 (index):905 UPDATE_1
16:56:50.910 (index):884 ATTRIBUTEACCESSRELEASED_2
16:56:50.911 (index):908 UPDATE_3
16:56:50.912 (index):884 ATTRIBUTEACCESSRELEASED_4
16:56:50.914 (index):941 NODEACCESSREQUESTED_0
16:56:50.914 (index):880 NODEACCESSRELEASED_1
16:56:50.915 (index):941 NODEACCESSREQUESTED_2
16:56:50.916 (index):884 ATTRIBUTEACCESSRELEASED_3
16:56:50.916 (index):935 ATTRIBUTEACCESSREQUESTED_4
16:56:50.918 (index):905 UPDATE_0
16:56:50.919 (index):941 NODEACCESSREQUESTED_1
16:56:50.920 (index):905 UPDATE_2
16:56:50.921 (index):941 NODEACCESSREQUESTED_3
16:56:50.921 (index):908 UPDATE_4
16:56:50.923 (index):880 NODEACCESSRELEASED_0
16:56:50.924 (index):905 UPDATE_1
16:56:50.925 (index):880 NODEACCESSRELEASED_2
16:56:50.925 (index):905 UPDATE_3
16:56:50.926 (index):884 ATTRIBUTEACCESSRELEASED_4
16:56:50.928 (index):935 ATTRIBUTEACCESSREQUESTED_0
16:56:50.928 (index):880 NODEACCESSRELEASED_1
16:56:50.929 (index):941 NODEACCESSREQUESTED_2
16:56:50.930 (index):880 NODEACCESSRELEASED_3
16:56:50.931 (index):941 NODEACCESSREQUESTED_4
16:56:50.933 (index):908 UPDATE_0
16:56:50.933 (index):941 NODEACCESSREQUESTED_1
16:56:50.934 (index):905 UPDATE_2
16:56:50.935 (index):941 NODEACCESSREQUESTED_3
16:56:50.935 (index):905 UPDATE_4
16:56:50.937 (index):884 ATTRIBUTEACCESSRELEASED_0
16:56:50.938 (index):967 WAITING_1
16:56:50.939 (index):880 NODEACCESSRELEASED_2
16:56:50.939 (index):905 UPDATE_3
16:56:50.940 (index):880 NODEACCESSRELEASED_4
16:56:50.942 (index):941 NODEACCESSREQUESTED_0
16:56:50.943 (index):905 UPDATE_1
16:56:50.943 (index):941 NODEACCESSREQUESTED_2
16:56:50.944 (index):880 NODEACCESSRELEASED_3
16:56:50.945 (index):935 ATTRIBUTEACCESSREQUESTED_4
16:56:50.947 (index):905 UPDATE_0
16:56:50.947 (index):880 NODEACCESSRELEASED_1
16:56:50.948 (index):905 UPDATE_2
16:56:50.949 (index):935 ATTRIBUTEACCESSREQUESTED_3
16:56:50.950 (index):908 UPDATE_4
16:56:50.951 (index):880 NODEACCESSRELEASED_0
16:56:50.952 (index):941 NODEACCESSREQUESTED_1
16:56:50.953 (index):880 NODEACCESSRELEASED_2
16:56:50.954 (index):908 UPDATE_3
16:56:50.955 (index):884 ATTRIBUTEACCESSRELEASED_4
16:56:50.956 (index):941 NODEACCESSREQUESTED_0
16:56:50.957 (index):905 UPDATE_1
16:56:50.958 (index):935 ATTRIBUTEACCESSREQUESTED_2
16:56:50.959 (index):884 ATTRIBUTEACCESSRELEASED_3
16:56:50.959 (index):941 NODEACCESSREQUESTED_4
16:56:50.961 (index):967 WAITING_0
16:56:50.962 (index):880 NODEACCESSRELEASED_1
16:56:50.963 (index):908 UPDATE_2
16:56:50.963 (index):935 ATTRIBUTEACCESSREQUESTED_3
16:56:50.964 (index):905 UPDATE_4
16:56:50.966 (index):905 UPDATE_0
16:56:50.967 (index):935 ATTRIBUTEACCESSREQUESTED_1
16:56:50.967 (index):884 ATTRIBUTEACCESSRELEASED_2
16:56:50.968 (index):908 UPDATE_3
16:56:50.969 (index):880 NODEACCESSRELEASED_4
16:56:50.971 (index):880 NODEACCESSRELEASED_0
16:56:50.971 (index):908 UPDATE_1
16:56:50.972 (index):935 ATTRIBUTEACCESSREQUESTED_2
16:56:50.973 (index):884 ATTRIBUTEACCESSRELEASED_3
16:56:50.973 (index):941 NODEACCESSREQUESTED_4
16:56:50.975 (index):935 ATTRIBUTEACCESSREQUESTED_0
16:56:50.976 (index):884 ATTRIBUTEACCESSRELEASED_1
16:56:50.977 (index):908 UPDATE_2
16:56:50.977 (index):941 NODEACCESSREQUESTED_3
16:56:50.978 (index):905 UPDATE_4
16:56:50.980 (index):908 UPDATE_0
16:56:50.981 (index):935 ATTRIBUTEACCESSREQUESTED_1
16:56:50.982 (index):884 ATTRIBUTEACCESSRELEASED_2
16:56:50.982 (index):905 UPDATE_3
16:56:50.983 (index):880 NODEACCESSRELEASED_4
16:56:50.985 (index):884 ATTRIBUTEACCESSRELEASED_0
16:56:50.986 (index):908 UPDATE_1
16:56:50.986 (index):941 NODEACCESSREQUESTED_2
16:56:50.987 (index):880 NODEACCESSRELEASED_3
16:56:50.988 (index):941 NODEACCESSREQUESTED_4
16:56:50.990 (index):941 NODEACCESSREQUESTED_0
16:56:50.990 (index):884 ATTRIBUTEACCESSRELEASED_1
16:56:50.991 (index):905 UPDATE_2
16:56:50.992 (index):935 ATTRIBUTEACCESSREQUESTED_3
16:56:50.992 (index):967 WAITING_4
16:56:50.994 (index):905 UPDATE_0
16:56:50.995 (index):941 NODEACCESSREQUESTED_1
16:56:50.996 (index):880 NODEACCESSRELEASED_2
16:56:50.996 (index):908 UPDATE_3
16:56:50.997 (index):967 WAITING_4
16:56:50.999 (index):880 NODEACCESSRELEASED_0
16:56:51.000 (index):905 UPDATE_1
16:56:51.000 (index):935 ATTRIBUTEACCESSREQUESTED_2
16:56:51.001 (index):884 ATTRIBUTEACCESSRELEASED_3
16:56:51.002 (index):967 WAITING_4
16:56:51.004 (index):941 NODEACCESSREQUESTED_0
16:56:51.005 (index):880 NODEACCESSRELEASED_1
16:56:51.005 (index):908 UPDATE_2
16:56:51.006 (index):941 NODEACCESSREQUESTED_3
16:56:51.007 (index):967 WAITING_4
16:56:51.009 (index):967 WAITING_0
16:56:51.009 (index):941 NODEACCESSREQUESTED_1
16:56:51.010 (index):884 ATTRIBUTEACCESSRELEASED_2
16:56:51.011 (index):905 UPDATE_3
16:56:51.011 (index):967 WAITING_4
16:56:51.013 (index):967 WAITING_0
16:56:51.014 (index):967 WAITING_1
16:56:51.015 (index):935 ATTRIBUTEACCESSREQUESTED_2
16:56:51.015 (index):880 NODEACCESSRELEASED_3
16:56:51.016 (index):967 WAITING_4
16:56:51.018 (index):967 WAITING_0
16:56:51.019 (index):905 UPDATE_1
16:56:51.019 (index):908 UPDATE_2
16:56:51.020 (index):941 NODEACCESSREQUESTED_3
16:56:51.021 (index):967 WAITING_4
16:56:51.023 (index):967 WAITING_0
16:56:51.023 (index):880 NODEACCESSRELEASED_1
16:56:51.024 (index):884 ATTRIBUTEACCESSRELEASED_2
16:56:51.025 (index):905 UPDATE_3
16:56:51.026 (index):967 WAITING_4
16:56:51.027 (index):967 WAITING_0
16:56:51.028 (index):941 NODEACCESSREQUESTED_1
16:56:51.029 (index):935 ATTRIBUTEACCESSREQUESTED_2
16:56:51.030 (index):880 NODEACCESSRELEASED_3
16:56:51.030 (index):967 WAITING_4
16:56:51.032 (index):967 WAITING_0
16:56:51.033 (index):967 WAITING_1
16:56:51.034 (index):908 UPDATE_2
16:56:51.035 (index):941 NODEACCESSREQUESTED_3
16:56:51.035 (index):967 WAITING_4
16:56:51.037 (index):967 WAITING_0
16:56:51.038 (index):967 WAITING_1
16:56:51.039 (index):884 ATTRIBUTEACCESSRELEASED_2
16:56:51.039 (index):905 UPDATE_3
16:56:51.040 (index):967 WAITING_4
16:56:51.042 (index):967 WAITING_0
16:56:51.043 (index):967 WAITING_1
16:56:51.043 (index):941 NODEACCESSREQUESTED_2
16:56:51.044 (index):880 NODEACCESSRELEASED_3
16:56:51.045 (index):905 UPDATE_4
16:56:51.046 (index):967 WAITING_0
16:56:51.047 (index):967 WAITING_1
16:56:51.048 (index):967 WAITING_2
16:56:51.049 (index):941 NODEACCESSREQUESTED_3
16:56:51.050 (index):880 NODEACCESSRELEASED_4
16:56:51.051 (index):905 UPDATE_0
16:56:51.052 (index):967 WAITING_1
16:56:51.053 (index):967 WAITING_2
16:56:51.054 (index):967 WAITING_3
16:56:51.055 (index):935 ATTRIBUTEACCESSREQUESTED_4
16:56:51.056 (index):880 NODEACCESSRELEASED_0
16:56:51.057 (index):905 UPDATE_1
16:56:51.058 (index):967 WAITING_2
16:56:51.058 (index):967 WAITING_3
16:56:51.059 (index):967 WAITING_4
16:56:51.061 (index):941 NODEACCESSREQUESTED_0
16:56:51.062 (index):880 NODEACCESSRELEASED_1
16:56:51.063 (index):905 UPDATE_2
16:56:51.063 (index):967 WAITING_3
16:56:51.064 (index):967 WAITING_4
16:56:51.066 (index):905 UPDATE_0
16:56:51.067 (index):941 NODEACCESSREQUESTED_1
16:56:51.067 (index):880 NODEACCESSRELEASED_2
16:56:51.068 (index):905 UPDATE_3
16:56:51.069 (index):908 UPDATE_4
16:56:51.070 (index):880 NODEACCESSRELEASED_0
16:56:51.071 (index):967 WAITING_1
16:56:51.072 (index):941 NODEACCESSREQUESTED_2
16:56:51.073 (index):880 NODEACCESSRELEASED_3
16:56:51.074 (index):884 ATTRIBUTEACCESSRELEASED_4
16:56:51.075 (index):935 ATTRIBUTEACCESSREQUESTED_0
16:56:51.076 (index):967 WAITING_1
16:56:51.077 (index):905 UPDATE_2
16:56:51.078 (index):935 ATTRIBUTEACCESSREQUESTED_3
16:56:51.079 (index):941 NODEACCESSREQUESTED_4
16:56:51.080 (index):908 UPDATE_0
16:56:51.081 (index):967 WAITING_1
16:56:51.082 (index):880 NODEACCESSRELEASED_2
16:56:51.083 (index):908 UPDATE_3
16:56:51.083 (index):905 UPDATE_4
16:56:51.085 (index):884 ATTRIBUTEACCESSRELEASED_0
16:56:51.086 (index):967 WAITING_1
16:56:51.086 (index):941 NODEACCESSREQUESTED_2
16:56:51.087 (index):884 ATTRIBUTEACCESSRELEASED_3
16:56:51.088 (index):880 NODEACCESSRELEASED_4
16:56:51.089 (index):941 NODEACCESSREQUESTED_0
16:56:51.090 (index):967 WAITING_1
16:56:51.091 (index):905 UPDATE_2
16:56:51.092 (index):935 ATTRIBUTEACCESSREQUESTED_3
16:56:51.093 (index):935 ATTRIBUTEACCESSREQUESTED_4
16:56:51.094 (index):905 UPDATE_0
16:56:51.095 (index):967 WAITING_1
16:56:51.096 (index):978 END_2
16:56:51.097 (index):908 UPDATE_3
16:56:51.098 (index):908 UPDATE_4
16:56:51.099 (index):880 NODEACCESSRELEASED_0
16:56:51.100 (index):967 WAITING_1
16:56:51.102 (index):978 END_3
16:56:51.103 (index):884 ATTRIBUTEACCESSRELEASED_4
16:56:51.104 (index):941 NODEACCESSREQUESTED_0
16:56:51.105 (index):905 UPDATE_1
16:56:51.108 (index):935 ATTRIBUTEACCESSREQUESTED_4
16:56:51.109 (index):967 WAITING_0
16:56:51.109 (index):880 NODEACCESSRELEASED_1
16:56:51.112 (index):908 UPDATE_4
16:56:51.113 (index):905 UPDATE_0
16:56:51.114 (index):941 NODEACCESSREQUESTED_1
16:56:51.117 (index):884 ATTRIBUTEACCESSRELEASED_4
16:56:51.118 (index):880 NODEACCESSRELEASED_0
16:56:51.119 (index):905 UPDATE_1
16:56:51.122 (index):941 NODEACCESSREQUESTED_4
16:56:51.123 (index):935 ATTRIBUTEACCESSREQUESTED_0
16:56:51.124 (index):880 NODEACCESSRELEASED_1
16:56:51.127 (index):905 UPDATE_4
16:56:51.128 (index):908 UPDATE_0
16:56:51.128 (index):935 ATTRIBUTEACCESSREQUESTED_1
16:56:51.131 (index):880 NODEACCESSRELEASED_4
16:56:51.132 (index):978 END_0
16:56:51.133 (index):908 UPDATE_1
16:56:51.136 (index):941 NODEACCESSREQUESTED_4
16:56:51.138 (index):884 ATTRIBUTEACCESSRELEASED_1
16:56:51.141 (index):905 UPDATE_4
16:56:51.143 (index):941 NODEACCESSREQUESTED_1
16:56:51.146 (index):978 END_4
16:56:51.147 (index):905 UPDATE_1
16:56:51.152 (index):978 END_1
