16:56:52.538 (index):1165 Tasks: 25; Collaborators: 10    =========================>
16:56:52.539 (index):941 NODEACCESSREQUESTED_0
16:56:52.539 (index):941 NODEACCESSREQUESTED_1
16:56:52.540 (index):935 ATTRIBUTEACCESSREQUESTED_2
16:56:52.541 (index):935 ATTRIBUTEACCESSREQUESTED_3
16:56:52.541 (index):935 ATTRIBUTEACCESSREQUESTED_4
16:56:52.542 (index):935 ATTRIBUTEACCESSREQUESTED_5
16:56:52.542 (index):941 NODEACCESSREQUESTED_6
16:56:52.543 (index):941 NODEACCESSREQUESTED_7
16:56:52.543 (index):935 ATTRIBUTEACCESSREQUESTED_8
16:56:52.544 (index):935 ATTRIBUTEACCESSREQUESTED_9
16:56:52.545 (index):880 NODEACCESSRELEASED_0
16:56:52.545 (index):880 NODEACCESSRELEASED_1
16:56:52.546 (index):884 ATTRIBUTEACCESSRELEASED_2
16:56:52.547 (index):884 ATTRIBUTEACCESSRELEASED_3
16:56:52.547 (index):884 ATTRIBUTEACCESSRELEASED_4
16:56:52.548 (index):884 ATTRIBUTEACCESSRELEASED_5
16:56:52.548 (index):967 WAITING_6
16:56:52.549 (index):880 NODEACCESSRELEASED_7
16:56:52.550 (index):884 ATTRIBUTEACCESSRELEASED_8
16:56:52.550 (index):884 ATTRIBUTEACCESSRELEASED_9
16:56:52.551 (index):941 NODEACCESSREQUESTED_0
16:56:52.551 (index):941 NODEACCESSREQUESTED_1
16:56:52.552 (index):935 ATTRIBUTEACCESSREQUESTED_2
16:56:52.553 (index):935 ATTRIBUTEACCESSREQUESTED_3
16:56:52.553 (index):935 ATTRIBUTEACCESSREQUESTED_4
16:56:52.554 (index):935 ATTRIBUTEACCESSREQUESTED_5
16:56:52.555 (index):880 NODEACCESSRELEASED_6
16:56:52.555 (index):941 NODEACCESSREQUESTED_7
16:56:52.556 (index):935 ATTRIBUTEACCESSREQUESTED_8
16:56:52.557 (index):935 ATTRIBUTEACCESSREQUESTED_9
16:56:52.557 (index):905 UPDATE_0
16:56:52.558 (index):967 WAITING_1
16:56:52.559 (index):908 UPDATE_2
16:56:52.559 (index):967 WAITING_3
16:56:52.560 (index):908 UPDATE_4
16:56:52.560 (index):967 WAITING_5
16:56:52.561 (index):941 NODEACCESSREQUESTED_6
16:56:52.562 (index):905 UPDATE_7
16:56:52.562 (index):908 UPDATE_8
16:56:52.563 (index):967 WAITING_9
16:56:52.564 (index):880 NODEACCESSRELEASED_0
16:56:52.564 (index):967 WAITING_1
16:56:52.565 (index):884 ATTRIBUTEACCESSRELEASED_2
16:56:52.566 (index):908 UPDATE_3
16:56:52.566 (index):884 ATTRIBUTEACCESSRELEASED_4
16:56:52.567 (index):967 WAITING_5
16:56:52.568 (index):967 WAITING_6
16:56:52.568 (index):880 NODEACCESSRELEASED_7
16:56:52.569 (index):884 ATTRIBUTEACCESSRELEASED_8
16:56:52.570 (index):908 UPDATE_9
16:56:52.571 (index):941 NODEACCESSREQUESTED_0
16:56:52.571 (index):905 UPDATE_1
16:56:52.572 (index):941 NODEACCESSREQUESTED_2
16:56:52.573 (index):884 ATTRIBUTEACCESSRELEASED_3
16:56:52.573 (index):935 ATTRIBUTEACCESSREQUESTED_4
16:56:52.574 (index):908 UPDATE_5
16:56:52.575 (index):905 UPDATE_6
16:56:52.575 (index):935 ATTRIBUTEACCESSREQUESTED_7
16:56:52.576 (index):941 NODEACCESSREQUESTED_8
16:56:52.577 (index):884 ATTRIBUTEACCESSRELEASED_9
16:56:52.577 (index):905 UPDATE_0
16:56:52.578 (index):880 NODEACCESSRELEASED_1
16:56:52.578 (index):905 UPDATE_2
16:56:52.579 (index):941 NODEACCESSREQUESTED_3
16:56:52.580 (index):908 UPDATE_4
16:56:52.580 (index):884 ATTRIBUTEACCESSRELEASED_5
16:56:52.581 (index):880 NODEACCESSRELEASED_6
16:56:52.581 (index):908 UPDATE_7
16:56:52.582 (index):905 UPDATE_8
16:56:52.583 (index):941 NODEACCESSREQUESTED_9
16:56:52.583 (index):880 NODEACCESSRELEASED_0
16:56:52.584 (index):941 NODEACCESSREQUESTED_1
16:56:52.584 (index):880 NODEACCESSRELEASED_2
16:56:52.585 (index):905 UPDATE_3
16:56:52.586 (index):884 ATTRIBUTEACCESSRELEASED_4
16:56:52.586 (index):941 NODEACCESSREQUESTED_5
16:56:52.587 (index):941 NODEACCESSREQUESTED_6
16:56:52.587 (index):884 ATTRIBUTEACCESSRELEASED_7
16:56:52.588 (index):880 NODEACCESSRELEASED_8
16:56:52.588 (index):905 UPDATE_9
16:56:52.588 (index):935 ATTRIBUTEACCESSREQUESTED_0
16:56:52.589 (index):905 UPDATE_1
16:56:52.589 (index):941 NODEACCESSREQUESTED_2
16:56:52.590 (index):880 NODEACCESSRELEASED_3
16:56:52.590 (index):941 NODEACCESSREQUESTED_4
16:56:52.591 (index):905 UPDATE_5
16:56:52.591 (index):905 UPDATE_6
16:56:52.592 (index):941 NODEACCESSREQUESTED_7
16:56:52.592 (index):941 NODEACCESSREQUESTED_8
16:56:52.593 (index):880 NODEACCESSRELEASED_9
16:56:52.594 (index):908 UPDATE_0
16:56:52.594 (index):880 NODEACCESSRELEASED_1
16:56:52.595 (index):905 UPDATE_2
16:56:52.596 (index):941 NODEACCESSREQUESTED_3
16:56:52.596 (index):967 WAITING_4
16:56:52.597 (index):880 NODEACCESSRELEASED_5
16:56:52.597 (index):880 NODEACCESSRELEASED_6
16:56:52.598 (index):967 WAITING_7
16:56:52.598 (index):905 UPDATE_8
16:56:52.598 (index):941 NODEACCESSREQUESTED_9
16:56:52.599 (index):884 ATTRIBUTEACCESSRELEASED_0
16:56:52.599 (index):941 NODEACCESSREQUESTED_1
16:56:52.600 (index):880 NODEACCESSRELEASED_2
16:56:52.600 (index):967 WAITING_3
16:56:52.601 (index):967 WAITING_4
16:56:52.601 (index):941 NODEACCESSREQUESTED_5
16:56:52.602 (index):941 NODEACCESSREQUESTED_6
16:56:52.602 (index):967 WAITING_7
16:56:52.603 (index):880 NODEACCESSRELEASED_8
16:56:52.603 (index):905 UPDATE_9
16:56:52.603 (index):941 NODEACCESSREQUESTED_0
16:56:52.604 (index):905 UPDATE_1
16:56:52.604 (index):941 NODEACCESSREQUESTED_2
16:56:52.605 (index):905 UPDATE_3
16:56:52.605 (index):967 WAITING_4
16:56:52.606 (index):967 WAITING_5
16:56:52.606 (index):905 UPDATE_6
16:56:52.607 (index):967 WAITING_7
16:56:52.607 (index):935 ATTRIBUTEACCESSREQUESTED_8
16:56:52.607 (index):880 NODEACCESSRELEASED_9
16:56:52.608 (index):967 WAITING_0
16:56:52.608 (index):880 NODEACCESSRELEASED_1
16:56:52.609 (index):967 WAITING_2
16:56:52.609 (index):880 NODEACCESSRELEASED_3
16:56:52.610 (index):967 WAITING_4
16:56:52.610 (index):905 UPDATE_5
16:56:52.611 (index):880 NODEACCESSRELEASED_6
16:56:52.611 (index):905 UPDATE_7
16:56:52.611 (index):908 UPDATE_8
16:56:52.612 (index):941 NODEACCESSREQUESTED_9
16:56:52.612 (index):967 WAITING_0
16:56:52.613 (index):941 NODEACCESSREQUESTED_1
16:56:52.613 (index):967 WAITING_2
16:56:52.614 (index):935 ATTRIBUTEACCESSREQUESTED_3
16:56:52.614 (index):967 WAITING_4
16:56:52.615 (index):880 NODEACCESSRELEASED_5
16:56:52.615 (index):941 NODEACCESSREQUESTED_6
16:56:52.616 (index):880 NODEACCESSRELEASED_7
16:56:52.616 (index):884 ATTRIBUTEACCESSRELEASED_8
16:56:52.616 (index):905 UPDATE_9
16:56:52.617 (index):905 UPDATE_0
16:56:52.617 (index):967 WAITING_1
16:56:52.618 (index):967 WAITING_2
16:56:52.618 (index):908 UPDATE_3
16:56:52.619 (index):967 WAITING_4
16:56:52.619 (index):935 ATTRIBUTEACCESSREQUESTED_5
16:56:52.620 (index):967 WAITING_6
16:56:52.620 (index):941 NODEACCESSREQUESTED_7
16:56:52.621 (index):941 NODEACCESSREQUESTED_8
16:56:52.621 (index):880 NODEACCESSRELEASED_9
16:56:52.621 (index):880 NODEACCESSRELEASED_0
16:56:52.622 (index):967 WAITING_1
16:56:52.622 (index):905 UPDATE_2
16:56:52.623 (index):884 ATTRIBUTEACCESSRELEASED_3
16:56:52.623 (index):967 WAITING_4
16:56:52.624 (index):908 UPDATE_5
16:56:52.624 (index):967 WAITING_6
16:56:52.625 (index):905 UPDATE_7
16:56:52.625 (index):905 UPDATE_8
16:56:52.625 (index):935 ATTRIBUTEACCESSREQUESTED_9
16:56:52.626 (index):941 NODEACCESSREQUESTED_0
16:56:52.627 (index):905 UPDATE_1
16:56:52.628 (index):880 NODEACCESSRELEASED_2
16:56:52.628 (index):935 ATTRIBUTEACCESSREQUESTED_3
16:56:52.629 (index):967 WAITING_4
16:56:52.630 (index):884 ATTRIBUTEACCESSRELEASED_5
16:56:52.630 (index):967 WAITING_6
16:56:52.631 (index):880 NODEACCESSRELEASED_7
16:56:52.631 (index):880 NODEACCESSRELEASED_8
16:56:52.632 (index):908 UPDATE_9
16:56:52.632 (index):905 UPDATE_0
16:56:52.633 (index):880 NODEACCESSRELEASED_1
16:56:52.633 (index):935 ATTRIBUTEACCESSREQUESTED_2
16:56:52.633 (index):967 WAITING_3
16:56:52.634 (index):967 WAITING_4
16:56:52.634 (index):941 NODEACCESSREQUESTED_5
16:56:52.635 (index):967 WAITING_6
16:56:52.635 (index):935 ATTRIBUTEACCESSREQUESTED_7
16:56:52.636 (index):941 NODEACCESSREQUESTED_8
16:56:52.636 (index):884 ATTRIBUTEACCESSRELEASED_9
16:56:52.637 (index):880 NODEACCESSRELEASED_0
16:56:52.637 (index):935 ATTRIBUTEACCESSREQUESTED_1
16:56:52.637 (index):967 WAITING_2
16:56:52.638 (index):908 UPDATE_3
16:56:52.638 (index):967 WAITING_4
16:56:52.639 (index):905 UPDATE_5
16:56:52.639 (index):967 WAITING_6
16:56:52.640 (index):908 UPDATE_7
16:56:52.640 (index):905 UPDATE_8
16:56:52.641 (index):941 NODEACCESSREQUESTED_9
16:56:52.641 (index):935 ATTRIBUTEACCESSREQUESTED_0
16:56:52.641 (index):908 UPDATE_1
16:56:52.642 (index):967 WAITING_2
16:56:52.642 (index):884 ATTRIBUTEACCESSRELEASED_3
16:56:52.643 (index):967 WAITING_4
16:56:52.643 (index):880 NODEACCESSRELEASED_5
16:56:52.644 (index):967 WAITING_6
16:56:52.644 (index):884 ATTRIBUTEACCESSRELEASED_7
16:56:52.645 (index):880 NODEACCESSRELEASED_8
16:56:52.645 (index):967 WAITING_9
16:56:52.646 (index):967 WAITING_0
16:56:52.646 (index):884 ATTRIBUTEACCESSRELEASED_1
16:56:52.646 (index):908 UPDATE_2
16:56:52.647 (index):941 NODEACCESSREQUESTED_3
16:56:52.647 (index):967 WAITING_4
16:56:52.648 (index):941 NODEACCESSREQUESTED_5
16:56:52.648 (index):967 WAITING_6
16:56:52.649 (index):941 NODEACCESSREQUESTED_7
16:56:52.649 (index):941 NODEACCESSREQUESTED_8
16:56:52.650 (index):967 WAITING_9
16:56:52.650 (index):908 UPDATE_0
16:56:52.650 (index):935 ATTRIBUTEACCESSREQUESTED_1
16:56:52.651 (index):884 ATTRIBUTEACCESSRELEASED_2
16:56:52.651 (index):905 UPDATE_3
16:56:52.652 (index):967 WAITING_4
16:56:52.652 (index):905 UPDATE_5
16:56:52.653 (index):967 WAITING_6
16:56:52.653 (index):905 UPDATE_7
16:56:52.654 (index):905 UPDATE_8
16:56:52.654 (index):967 WAITING_9
16:56:52.655 (index):884 ATTRIBUTEACCESSRELEASED_0
16:56:52.655 (index):908 UPDATE_1
16:56:52.655 (index):935 ATTRIBUTEACCESSREQUESTED_2
16:56:52.656 (index):880 NODEACCESSRELEASED_3
16:56:52.656 (index):967 WAITING_4
16:56:52.657 (index):880 NODEACCESSRELEASED_5
16:56:52.657 (index):967 WAITING_6
16:56:52.658 (index):880 NODEACCESSRELEASED_7
16:56:52.658 (index):880 NODEACCESSRELEASED_8
16:56:52.659 (index):967 WAITING_9
16:56:52.659 (index):941 NODEACCESSREQUESTED_0
16:56:52.659 (index):884 ATTRIBUTEACCESSRELEASED_1
16:56:52.660 (index):908 UPDATE_2
16:56:52.660 (index):935 ATTRIBUTEACCESSREQUESTED_3
16:56:52.661 (index):967 WAITING_4
16:56:52.661 (index):941 NODEACCESSREQUESTED_5
16:56:52.662 (index):967 WAITING_6
16:56:52.662 (index):941 NODEACCESSREQUESTED_7
16:56:52.663 (index):941 NODEACCESSREQUESTED_8
16:56:52.663 (index):967 WAITING_9
16:56:52.663 (index):905 UPDATE_0
16:56:52.664 (index):941 NODEACCESSREQUESTED_1
16:56:52.664 (index):884 ATTRIBUTEACCESSRELEASED_2
16:56:52.665 (index):908 UPDATE_3
16:56:52.665 (index):967 WAITING_4
16:56:52.666 (index):905 UPDATE_5
16:56:52.666 (index):967 WAITING_6
16:56:52.666 (index):905 UPDATE_7
16:56:52.667 (index):905 UPDATE_8
16:56:52.668 (index):967 WAITING_9
16:56:52.668 (index):880 NODEACCESSRELEASED_0
16:56:52.668 (index):967 WAITING_1
16:56:52.669 (index):941 NODEACCESSREQUESTED_2
16:56:52.669 (index):884 ATTRIBUTEACCESSRELEASED_3
16:56:52.670 (index):967 WAITING_4
16:56:52.670 (index):880 NODEACCESSRELEASED_5
16:56:52.671 (index):967 WAITING_6
16:56:52.671 (index):880 NODEACCESSRELEASED_7
16:56:52.672 (index):880 NODEACCESSRELEASED_8
16:56:52.672 (index):967 WAITING_9
16:56:52.672 (index):941 NODEACCESSREQUESTED_0
16:56:52.673 (index):967 WAITING_1
16:56:52.673 (index):905 UPDATE_2
16:56:52.674 (index):941 NODEACCESSREQUESTED_3
16:56:52.674 (index):967 WAITING_4
16:56:52.675 (index):935 ATTRIBUTEACCESSREQUESTED_5
16:56:52.675 (index):967 WAITING_6
16:56:52.675 (index):941 NODEACCESSREQUESTED_7
16:56:52.676 (index):941 NODEACCESSREQUESTED_8
16:56:52.676 (index):967 WAITING_9
16:56:52.677 (index):905 UPDATE_0
16:56:52.677 (index):967 WAITING_1
16:56:52.678 (index):880 NODEACCESSRELEASED_2
16:56:52.678 (index):905 UPDATE_3
16:56:52.679 (index):967 WAITING_4
16:56:52.679 (index):908 UPDATE_5
16:56:52.679 (index):967 WAITING_6
16:56:52.680 (index):905 UPDATE_7
16:56:52.681 (index):905 UPDATE_8
16:56:52.681 (index):967 WAITING_9
16:56:52.681 (index):880 NODEACCESSRELEASED_0
16:56:52.682 (index):967 WAITING_1
16:56:52.682 (index):935 ATTRIBUTEACCESSREQUESTED_2
16:56:52.683 (index):880 NODEACCESSRELEASED_3
16:56:52.683 (index):967 WAITING_4
16:56:52.684 (index):884 ATTRIBUTEACCESSRELEASED_5
16:56:52.684 (index):967 WAITING_6
16:56:52.684 (index):880 NODEACCESSRELEASED_7
16:56:52.685 (index):880 NODEACCESSRELEASED_8
16:56:52.685 (index):967 WAITING_9
16:56:52.686 (index):941 NODEACCESSREQUESTED_0
16:56:52.686 (index):905 UPDATE_1
16:56:52.687 (index):908 UPDATE_2
16:56:52.687 (index):941 NODEACCESSREQUESTED_3
16:56:52.688 (index):967 WAITING_4
16:56:52.688 (index):941 NODEACCESSREQUESTED_5
16:56:52.689 (index):967 WAITING_6
16:56:52.690 (index):935 ATTRIBUTEACCESSREQUESTED_7
16:56:52.690 (index):941 NODEACCESSREQUESTED_8
16:56:52.691 (index):967 WAITING_9
16:56:52.691 (index):905 UPDATE_0
16:56:52.692 (index):880 NODEACCESSRELEASED_1
16:56:52.692 (index):884 ATTRIBUTEACCESSRELEASED_2
16:56:52.692 (index):905 UPDATE_3
16:56:52.693 (index):967 WAITING_4
16:56:52.693 (index):905 UPDATE_5
16:56:52.694 (index):967 WAITING_6
16:56:52.694 (index):908 UPDATE_7
16:56:52.695 (index):967 WAITING_8
16:56:52.695 (index):967 WAITING_9
16:56:52.696 (index):880 NODEACCESSRELEASED_0
16:56:52.696 (index):941 NODEACCESSREQUESTED_1
16:56:52.696 (index):935 ATTRIBUTEACCESSREQUESTED_2
16:56:52.697 (index):880 NODEACCESSRELEASED_3
16:56:52.697 (index):967 WAITING_4
16:56:52.698 (index):880 NODEACCESSRELEASED_5
16:56:52.698 (index):967 WAITING_6
16:56:52.699 (index):884 ATTRIBUTEACCESSRELEASED_7
16:56:52.699 (index):905 UPDATE_8
16:56:52.700 (index):967 WAITING_9
16:56:52.700 (index):935 ATTRIBUTEACCESSREQUESTED_0
16:56:52.700 (index):905 UPDATE_1
16:56:52.701 (index):908 UPDATE_2
16:56:52.701 (index):941 NODEACCESSREQUESTED_3
16:56:52.702 (index):967 WAITING_4
16:56:52.702 (index):935 ATTRIBUTEACCESSREQUESTED_5
16:56:52.703 (index):967 WAITING_6
16:56:52.703 (index):941 NODEACCESSREQUESTED_7
16:56:52.704 (index):880 NODEACCESSRELEASED_8
16:56:52.704 (index):967 WAITING_9
16:56:52.704 (index):908 UPDATE_0
16:56:52.705 (index):880 NODEACCESSRELEASED_1
16:56:52.705 (index):884 ATTRIBUTEACCESSRELEASED_2
16:56:52.706 (index):905 UPDATE_3
16:56:52.706 (index):967 WAITING_4
16:56:52.707 (index):908 UPDATE_5
16:56:52.707 (index):967 WAITING_6
16:56:52.708 (index):905 UPDATE_7
16:56:52.708 (index):935 ATTRIBUTEACCESSREQUESTED_8
16:56:52.709 (index):967 WAITING_9
16:56:52.709 (index):884 ATTRIBUTEACCESSRELEASED_0
16:56:52.710 (index):941 NODEACCESSREQUESTED_1
16:56:52.710 (index):935 ATTRIBUTEACCESSREQUESTED_2
16:56:52.711 (index):880 NODEACCESSRELEASED_3
16:56:52.711 (index):967 WAITING_4
16:56:52.711 (index):884 ATTRIBUTEACCESSRELEASED_5
16:56:52.712 (index):967 WAITING_6
16:56:52.712 (index):880 NODEACCESSRELEASED_7
16:56:52.713 (index):908 UPDATE_8
16:56:52.713 (index):967 WAITING_9
16:56:52.714 (index):941 NODEACCESSREQUESTED_0
16:56:52.714 (index):905 UPDATE_1
16:56:52.715 (index):908 UPDATE_2
16:56:52.715 (index):941 NODEACCESSREQUESTED_3
16:56:52.716 (index):967 WAITING_4
16:56:52.716 (index):941 NODEACCESSREQUESTED_5
16:56:52.716 (index):967 WAITING_6
16:56:52.717 (index):941 NODEACCESSREQUESTED_7
16:56:52.717 (index):884 ATTRIBUTEACCESSRELEASED_8
16:56:52.718 (index):967 WAITING_9
16:56:52.718 (index):905 UPDATE_0
16:56:52.719 (index):880 NODEACCESSRELEASED_1
16:56:52.719 (index):884 ATTRIBUTEACCESSRELEASED_2
16:56:52.720 (index):967 WAITING_3
16:56:52.720 (index):967 WAITING_4
16:56:52.720 (index):967 WAITING_5
16:56:52.721 (index):967 WAITING_6
16:56:52.721 (index):967 WAITING_7
16:56:52.722 (index):941 NODEACCESSREQUESTED_8
16:56:52.722 (index):967 WAITING_9
16:56:52.723 (index):880 NODEACCESSRELEASED_0
16:56:52.723 (index):941 NODEACCESSREQUESTED_1
16:56:52.724 (index):941 NODEACCESSREQUESTED_2
16:56:52.724 (index):905 UPDATE_3
16:56:52.725 (index):967 WAITING_4
16:56:52.725 (index):967 WAITING_5
16:56:52.725 (index):967 WAITING_6
16:56:52.726 (index):967 WAITING_7
16:56:52.726 (index):905 UPDATE_8
16:56:52.727 (index):967 WAITING_9
16:56:52.727 (index):941 NODEACCESSREQUESTED_0
16:56:52.728 (index):967 WAITING_1
16:56:52.728 (index):905 UPDATE_2
16:56:52.729 (index):880 NODEACCESSRELEASED_3
16:56:52.729 (index):967 WAITING_4
16:56:52.730 (index):905 UPDATE_5
16:56:52.730 (index):967 WAITING_6
16:56:52.730 (index):967 WAITING_7
16:56:52.731 (index):880 NODEACCESSRELEASED_8
16:56:52.731 (index):967 WAITING_9
16:56:52.732 (index):905 UPDATE_0
16:56:52.732 (index):967 WAITING_1
16:56:52.733 (index):880 NODEACCESSRELEASED_2
16:56:52.733 (index):935 ATTRIBUTEACCESSREQUESTED_3
16:56:52.734 (index):967 WAITING_4
16:56:52.734 (index):880 NODEACCESSRELEASED_5
16:56:52.735 (index):967 WAITING_6
16:56:52.735 (index):905 UPDATE_7
16:56:52.735 (index):935 ATTRIBUTEACCESSREQUESTED_8
16:56:52.736 (index):967 WAITING_9
16:56:52.736 (index):880 NODEACCESSRELEASED_0
16:56:52.737 (index):967 WAITING_1
16:56:52.737 (index):941 NODEACCESSREQUESTED_2
16:56:52.738 (index):908 UPDATE_3
16:56:52.738 (index):967 WAITING_4
16:56:52.738 (index):941 NODEACCESSREQUESTED_5
16:56:52.739 (index):967 WAITING_6
16:56:52.739 (index):880 NODEACCESSRELEASED_7
16:56:52.740 (index):908 UPDATE_8
16:56:52.740 (index):967 WAITING_9
16:56:52.741 (index):935 ATTRIBUTEACCESSREQUESTED_0
16:56:52.741 (index):905 UPDATE_1
16:56:52.742 (index):905 UPDATE_2
16:56:52.742 (index):884 ATTRIBUTEACCESSRELEASED_3
16:56:52.742 (index):967 WAITING_4
16:56:52.743 (index):905 UPDATE_5
16:56:52.743 (index):967 WAITING_6
16:56:52.744 (index):935 ATTRIBUTEACCESSREQUESTED_7
16:56:52.744 (index):978 END_8
16:56:52.745 (index):967 WAITING_9
16:56:52.745 (index):908 UPDATE_0
16:56:52.746 (index):880 NODEACCESSRELEASED_1
16:56:52.746 (index):880 NODEACCESSRELEASED_2
16:56:52.747 (index):935 ATTRIBUTEACCESSREQUESTED_3
16:56:52.747 (index):967 WAITING_4
16:56:52.747 (index):880 NODEACCESSRELEASED_5
16:56:52.748 (index):967 WAITING_6
16:56:52.748 (index):967 WAITING_7
16:56:52.749 (index):967 WAITING_9
16:56:52.750 (index):978 END_0
16:56:52.750 (index):941 NODEACCESSREQUESTED_1
16:56:52.751 (index):941 NODEACCESSREQUESTED_2
16:56:52.751 (index):967 WAITING_3
16:56:52.751 (index):905 UPDATE_4
16:56:52.752 (index):941 NODEACCESSREQUESTED_5
16:56:52.752 (index):967 WAITING_6
16:56:52.753 (index):967 WAITING_7
16:56:52.754 (index):967 WAITING_9
16:56:52.755 (index):967 WAITING_1
16:56:52.755 (index):967 WAITING_2
16:56:52.755 (index):967 WAITING_3
16:56:52.756 (index):880 NODEACCESSRELEASED_4
16:56:52.756 (index):967 WAITING_5
16:56:52.757 (index):905 UPDATE_6
16:56:52.757 (index):967 WAITING_7
16:56:52.758 (index):967 WAITING_9
16:56:52.759 (index):967 WAITING_1
16:56:52.760 (index):967 WAITING_2
16:56:52.760 (index):967 WAITING_3
16:56:52.760 (index):935 ATTRIBUTEACCESSREQUESTED_4
16:56:52.761 (index):967 WAITING_5
16:56:52.761 (index):880 NODEACCESSRELEASED_6
16:56:52.762 (index):967 WAITING_7
16:56:52.763 (index):905 UPDATE_9
16:56:52.764 (index):967 WAITING_1
16:56:52.764 (index):967 WAITING_2
16:56:52.764 (index):967 WAITING_3
16:56:52.765 (index):967 WAITING_4
16:56:52.765 (index):967 WAITING_5
16:56:52.766 (index):941 NODEACCESSREQUESTED_6
16:56:52.766 (index):967 WAITING_7
16:56:52.767 (index):880 NODEACCESSRELEASED_9
16:56:52.768 (index):905 UPDATE_1
16:56:52.768 (index):967 WAITING_2
16:56:52.769 (index):967 WAITING_3
16:56:52.769 (index):908 UPDATE_4
16:56:52.770 (index):905 UPDATE_5
16:56:52.770 (index):967 WAITING_6
16:56:52.771 (index):908 UPDATE_7
16:56:52.772 (index):935 ATTRIBUTEACCESSREQUESTED_9
16:56:52.772 (index):880 NODEACCESSRELEASED_1
16:56:52.773 (index):905 UPDATE_2
16:56:52.773 (index):967 WAITING_3
16:56:52.774 (index):884 ATTRIBUTEACCESSRELEASED_4
16:56:52.774 (index):978 END_5
16:56:52.775 (index):905 UPDATE_6
16:56:52.775 (index):884 ATTRIBUTEACCESSRELEASED_7
16:56:52.776 (index):967 WAITING_9
16:56:52.777 (index):935 ATTRIBUTEACCESSREQUESTED_1
16:56:52.777 (index):978 END_2
16:56:52.778 (index):908 UPDATE_3
16:56:52.778 (index):941 NODEACCESSREQUESTED_4
16:56:52.779 (index):880 NODEACCESSRELEASED_6
16:56:52.780 (index):941 NODEACCESSREQUESTED_7
16:56:52.781 (index):967 WAITING_9
16:56:52.781 (index):908 UPDATE_1
16:56:52.782 (index):978 END_3
16:56:52.783 (index):905 UPDATE_4
16:56:52.784 (index):941 NODEACCESSREQUESTED_6
16:56:52.784 (index):967 WAITING_7
16:56:52.785 (index):908 UPDATE_9
16:56:52.786 (index):884 ATTRIBUTEACCESSRELEASED_1
16:56:52.787 (index):880 NODEACCESSRELEASED_4
16:56:52.788 (index):905 UPDATE_6
16:56:52.789 (index):905 UPDATE_7
16:56:52.790 (index):884 ATTRIBUTEACCESSRELEASED_9
16:56:52.790 (index):941 NODEACCESSREQUESTED_1
16:56:52.792 (index):941 NODEACCESSREQUESTED_4
16:56:52.793 (index):880 NODEACCESSRELEASED_6
16:56:52.793 (index):978 END_7
16:56:52.794 (index):941 NODEACCESSREQUESTED_9
16:56:52.795 (index):905 UPDATE_1
16:56:52.796 (index):905 UPDATE_4
16:56:52.797 (index):941 NODEACCESSREQUESTED_6
16:56:52.799 (index):905 UPDATE_9
16:56:52.799 (index):978 END_1
16:56:52.801 (index):880 NODEACCESSRELEASED_4
16:56:52.802 (index):905 UPDATE_6
16:56:52.803 (index):880 NODEACCESSRELEASED_9
16:56:52.805 (index):941 NODEACCESSREQUESTED_4
16:56:52.806 (index):880 NODEACCESSRELEASED_6
16:56:52.808 (index):941 NODEACCESSREQUESTED_9
16:56:52.810 (index):905 UPDATE_4
16:56:52.811 (index):941 NODEACCESSREQUESTED_6
16:56:52.812 (index):905 UPDATE_9
16:56:52.815 (index):880 NODEACCESSRELEASED_4
16:56:52.815 (index):905 UPDATE_6
16:56:52.817 (index):880 NODEACCESSRELEASED_9
16:56:52.819 (index):935 ATTRIBUTEACCESSREQUESTED_4
16:56:52.820 (index):880 NODEACCESSRELEASED_6
16:56:52.821 (index):941 NODEACCESSREQUESTED_9
16:56:52.824 (index):908 UPDATE_4
16:56:52.824 (index):941 NODEACCESSREQUESTED_6
16:56:52.826 (index):967 WAITING_9
16:56:52.828 (index):884 ATTRIBUTEACCESSRELEASED_4
16:56:52.829 (index):905 UPDATE_6
16:56:52.830 (index):967 WAITING_9
16:56:52.833 (index):941 NODEACCESSREQUESTED_4
16:56:52.834 (index):880 NODEACCESSRELEASED_6
16:56:52.835 (index):967 WAITING_9
16:56:52.837 (index):905 UPDATE_4
16:56:52.838 (index):935 ATTRIBUTEACCESSREQUESTED_6
16:56:52.839 (index):967 WAITING_9
16:56:52.842 (index):880 NODEACCESSRELEASED_4
16:56:52.843 (index):908 UPDATE_6
16:56:52.844 (index):967 WAITING_9
16:56:52.847 (index):935 ATTRIBUTEACCESSREQUESTED_4
16:56:52.848 (index):884 ATTRIBUTEACCESSRELEASED_6
16:56:52.849 (index):967 WAITING_9
16:56:52.852 (index):908 UPDATE_4
16:56:52.853 (index):941 NODEACCESSREQUESTED_6
16:56:52.854 (index):967 WAITING_9
16:56:52.857 (index):884 ATTRIBUTEACCESSRELEASED_4
16:56:52.858 (index):967 WAITING_6
16:56:52.858 (index):905 UPDATE_9
16:56:52.862 (index):935 ATTRIBUTEACCESSREQUESTED_4
16:56:52.862 (index):967 WAITING_6
16:56:52.863 (index):880 NODEACCESSRELEASED_9
16:56:52.866 (index):967 WAITING_4
16:56:52.867 (index):905 UPDATE_6
16:56:52.867 (index):941 NODEACCESSREQUESTED_9
16:56:52.871 (index):967 WAITING_4
16:56:52.871 (index):880 NODEACCESSRELEASED_6
16:56:52.872 (index):905 UPDATE_9
16:56:52.876 (index):908 UPDATE_4
16:56:52.876 (index):941 NODEACCESSREQUESTED_6
16:56:52.877 (index):880 NODEACCESSRELEASED_9
16:56:52.881 (index):884 ATTRIBUTEACCESSRELEASED_4
16:56:52.881 (index):905 UPDATE_6
16:56:52.882 (index):941 NODEACCESSREQUESTED_9
16:56:52.885 (index):941 NODEACCESSREQUESTED_4
16:56:52.886 (index):880 NODEACCESSRELEASED_6
16:56:52.886 (index):905 UPDATE_9
16:56:52.890 (index):905 UPDATE_4
16:56:52.890 (index):935 ATTRIBUTEACCESSREQUESTED_6
16:56:52.891 (index):880 NODEACCESSRELEASED_9
16:56:52.894 (index):880 NODEACCESSRELEASED_4
16:56:52.895 (index):908 UPDATE_6
16:56:52.896 (index):935 ATTRIBUTEACCESSREQUESTED_9
16:56:52.899 (index):941 NODEACCESSREQUESTED_4
16:56:52.899 (index):978 END_6
16:56:52.900 (index):908 UPDATE_9
16:56:52.903 (index):905 UPDATE_4
16:56:52.905 (index):978 END_9
16:56:52.908 (index):978 END_4
