16:56:54.747 (index):1300 Tasks: 25; Collaborators: 15    =========================>
16:56:54.747 (index):941 NODEACCESSREQUESTED_0
16:56:54.748 (index):941 NODEACCESSREQUESTED_1
16:56:54.748 (index):935 ATTRIBUTEACCESSREQUESTED_2
16:56:54.749 (index):935 ATTRIBUTEACCESSREQUESTED_3
16:56:54.749 (index):935 ATTRIBUTEACCESSREQUESTED_4
16:56:54.750 (index):935 ATTRIBUTEACCESSREQUESTED_5
16:56:54.750 (index):941 NODEACCESSREQUESTED_6
16:56:54.750 (index):941 NODEACCESSREQUESTED_7
16:56:54.751 (index):935 ATTRIBUTEACCESSREQUESTED_8
16:56:54.751 (index):935 ATTRIBUTEACCESSREQUESTED_9
16:56:54.752 (index):941 NODEACCESSREQUESTED_10
16:56:54.752 (index):941 NODEACCESSREQUESTED_11
16:56:54.753 (index):941 NODEACCESSREQUESTED_12
16:56:54.753 (index):941 NODEACCESSREQUESTED_13
16:56:54.753 (index):941 NODEACCESSREQUESTED_14
16:56:54.754 (index):880 NODEACCESSRELEASED_0
16:56:54.754 (index):880 NODEACCESSRELEASED_1
16:56:54.755 (index):884 ATTRIBUTEACCESSRELEASED_2
16:56:54.755 (index):884 ATTRIBUTEACCESSRELEASED_3
16:56:54.756 (index):884 ATTRIBUTEACCESSRELEASED_4
16:56:54.756 (index):884 ATTRIBUTEACCESSRELEASED_5
16:56:54.757 (index):880 NODEACCESSRELEASED_6
16:56:54.757 (index):880 NODEACCESSRELEASED_7
16:56:54.758 (index):884 ATTRIBUTEACCESSRELEASED_8
16:56:54.758 (index):884 ATTRIBUTEACCESSRELEASED_9
16:56:54.758 (index):880 NODEACCESSRELEASED_10
16:56:54.759 (index):880 NODEACCESSRELEASED_11
16:56:54.759 (index):880 NODEACCESSRELEASED_12
16:56:54.760 (index):880 NODEACCESSRELEASED_13
16:56:54.760 (index):880 NODEACCESSRELEASED_14
16:56:54.761 (index):941 NODEACCESSREQUESTED_0
16:56:54.761 (index):941 NODEACCESSREQUESTED_1
16:56:54.761 (index):935 ATTRIBUTEACCESSREQUESTED_2
16:56:54.762 (index):935 ATTRIBUTEACCESSREQUESTED_3
16:56:54.762 (index):935 ATTRIBUTEACCESSREQUESTED_4
16:56:54.763 (index):935 ATTRIBUTEACCESSREQUESTED_5
16:56:54.763 (index):941 NODEACCESSREQUESTED_6
16:56:54.764 (index):941 NODEACCESSREQUESTED_7
16:56:54.764 (index):935 ATTRIBUTEACCESSREQUESTED_8
16:56:54.765 (index):935 ATTRIBUTEACCESSREQUESTED_9
16:56:54.765 (index):941 NODEACCESSREQUESTED_10
16:56:54.765 (index):941 NODEACCESSREQUESTED_11
16:56:54.766 (index):941 NODEACCESSREQUESTED_12
16:56:54.766 (index):941 NODEACCESSREQUESTED_13
16:56:54.767 (index):941 NODEACCESSREQUESTED_14
16:56:54.767 (index):905 UPDATE_0
16:56:54.768 (index):967 WAITING_1
16:56:54.768 (index):908 UPDATE_2
16:56:54.768 (index):967 WAITING_3
16:56:54.769 (index):908 UPDATE_4
16:56:54.769 (index):908 UPDATE_5
16:56:54.770 (index):905 UPDATE_6
16:56:54.770 (index):967 WAITING_7
16:56:54.771 (index):967 WAITING_8
16:56:54.771 (index):908 UPDATE_9
16:56:54.771 (index):905 UPDATE_10
16:56:54.772 (index):967 WAITING_11
16:56:54.772 (index):905 UPDATE_12
16:56:54.773 (index):967 WAITING_13
16:56:54.773 (index):967 WAITING_14
16:56:54.774 (index):880 NODEACCESSRELEASED_0
16:56:54.774 (index):905 UPDATE_1
16:56:54.774 (index):884 ATTRIBUTEACCESSRELEASED_2
16:56:54.775 (index):908 UPDATE_3
16:56:54.775 (index):884 ATTRIBUTEACCESSRELEASED_4
16:56:54.776 (index):884 ATTRIBUTEACCESSRELEASED_5
16:56:54.776 (index):880 NODEACCESSRELEASED_6
16:56:54.777 (index):967 WAITING_7
16:56:54.777 (index):908 UPDATE_8
16:56:54.778 (index):884 ATTRIBUTEACCESSRELEASED_9
16:56:54.778 (index):880 NODEACCESSRELEASED_10
16:56:54.778 (index):905 UPDATE_11
16:56:54.779 (index):880 NODEACCESSRELEASED_12
16:56:54.779 (index):967 WAITING_13
16:56:54.780 (index):905 UPDATE_14
16:56:54.780 (index):941 NODEACCESSREQUESTED_0
16:56:54.781 (index):880 NODEACCESSRELEASED_1
16:56:54.781 (index):941 NODEACCESSREQUESTED_2
16:56:54.782 (index):884 ATTRIBUTEACCESSRELEASED_3
16:56:54.782 (index):935 ATTRIBUTEACCESSREQUESTED_4
16:56:54.782 (index):941 NODEACCESSREQUESTED_5
16:56:54.783 (index):941 NODEACCESSREQUESTED_6
16:56:54.783 (index):967 WAITING_7
16:56:54.784 (index):884 ATTRIBUTEACCESSRELEASED_8
16:56:54.784 (index):941 NODEACCESSREQUESTED_9
16:56:54.785 (index):935 ATTRIBUTEACCESSREQUESTED_10
16:56:54.785 (index):880 NODEACCESSRELEASED_11
16:56:54.785 (index):941 NODEACCESSREQUESTED_12
16:56:54.786 (index):967 WAITING_13
16:56:54.786 (index):880 NODEACCESSRELEASED_14
16:56:54.787 (index):905 UPDATE_0
16:56:54.787 (index):941 NODEACCESSREQUESTED_1
16:56:54.788 (index):905 UPDATE_2
16:56:54.788 (index):941 NODEACCESSREQUESTED_3
16:56:54.788 (index):908 UPDATE_4
16:56:54.789 (index):905 UPDATE_5
16:56:54.789 (index):967 WAITING_6
16:56:54.790 (index):967 WAITING_7
16:56:54.790 (index):941 NODEACCESSREQUESTED_8
16:56:54.791 (index):967 WAITING_9
16:56:54.791 (index):908 UPDATE_10
16:56:54.791 (index):935 ATTRIBUTEACCESSREQUESTED_11
16:56:54.792 (index):967 WAITING_12
16:56:54.792 (index):967 WAITING_13
16:56:54.793 (index):941 NODEACCESSREQUESTED_14
16:56:54.793 (index):880 NODEACCESSRELEASED_0
16:56:54.794 (index):967 WAITING_1
16:56:54.794 (index):880 NODEACCESSRELEASED_2
16:56:54.795 (index):905 UPDATE_3
16:56:54.795 (index):884 ATTRIBUTEACCESSRELEASED_4
16:56:54.795 (index):880 NODEACCESSRELEASED_5
16:56:54.796 (index):905 UPDATE_6
16:56:54.796 (index):967 WAITING_7
16:56:54.797 (index):905 UPDATE_8
16:56:54.797 (index):967 WAITING_9
16:56:54.798 (index):884 ATTRIBUTEACCESSRELEASED_10
16:56:54.798 (index):908 UPDATE_11
16:56:54.799 (index):905 UPDATE_12
16:56:54.799 (index):967 WAITING_13
16:56:54.799 (index):967 WAITING_14
16:56:54.800 (index):935 ATTRIBUTEACCESSREQUESTED_0
16:56:54.800 (index):967 WAITING_1
16:56:54.801 (index):941 NODEACCESSREQUESTED_2
16:56:54.801 (index):880 NODEACCESSRELEASED_3
16:56:54.802 (index):941 NODEACCESSREQUESTED_4
16:56:54.802 (index):941 NODEACCESSREQUESTED_5
16:56:54.803 (index):880 NODEACCESSRELEASED_6
16:56:54.803 (index):967 WAITING_7
16:56:54.803 (index):880 NODEACCESSRELEASED_8
16:56:54.804 (index):967 WAITING_9
16:56:54.804 (index):935 ATTRIBUTEACCESSREQUESTED_10
16:56:54.805 (index):884 ATTRIBUTEACCESSRELEASED_11
16:56:54.805 (index):880 NODEACCESSRELEASED_12
16:56:54.806 (index):967 WAITING_13
16:56:54.806 (index):905 UPDATE_14
16:56:54.807 (index):908 UPDATE_0
16:56:54.807 (index):967 WAITING_1
16:56:54.808 (index):967 WAITING_2
16:56:54.808 (index):941 NODEACCESSREQUESTED_3
16:56:54.808 (index):905 UPDATE_4
16:56:54.809 (index):905 UPDATE_5
16:56:54.810 (index):941 NODEACCESSREQUESTED_6
16:56:54.810 (index):967 WAITING_7
16:56:54.811 (index):941 NODEACCESSREQUESTED_8
16:56:54.812 (index):967 WAITING_9
16:56:54.812 (index):908 UPDATE_10
16:56:54.813 (index):935 ATTRIBUTEACCESSREQUESTED_11
16:56:54.813 (index):941 NODEACCESSREQUESTED_12
16:56:54.813 (index):967 WAITING_13
16:56:54.814 (index):880 NODEACCESSRELEASED_14
16:56:54.814 (index):884 ATTRIBUTEACCESSRELEASED_0
16:56:54.815 (index):967 WAITING_1
16:56:54.815 (index):905 UPDATE_2
16:56:54.816 (index):967 WAITING_3
16:56:54.816 (index):880 NODEACCESSRELEASED_4
16:56:54.817 (index):880 NODEACCESSRELEASED_5
16:56:54.817 (index):967 WAITING_6
16:56:54.817 (index):967 WAITING_7
16:56:54.818 (index):967 WAITING_8
16:56:54.818 (index):967 WAITING_9
16:56:54.819 (index):884 ATTRIBUTEACCESSRELEASED_10
16:56:54.819 (index):908 UPDATE_11
16:56:54.820 (index):905 UPDATE_12
16:56:54.820 (index):967 WAITING_13
16:56:54.821 (index):941 NODEACCESSREQUESTED_14
16:56:54.821 (index):941 NODEACCESSREQUESTED_0
16:56:54.821 (index):967 WAITING_1
16:56:54.822 (index):880 NODEACCESSRELEASED_2
16:56:54.823 (index):967 WAITING_3
16:56:54.823 (index):935 ATTRIBUTEACCESSREQUESTED_4
16:56:54.823 (index):935 ATTRIBUTEACCESSREQUESTED_5
16:56:54.824 (index):967 WAITING_6
16:56:54.824 (index):967 WAITING_7
16:56:54.825 (index):967 WAITING_8
16:56:54.825 (index):967 WAITING_9
16:56:54.826 (index):941 NODEACCESSREQUESTED_10
16:56:54.826 (index):884 ATTRIBUTEACCESSRELEASED_11
16:56:54.827 (index):880 NODEACCESSRELEASED_12
16:56:54.827 (index):967 WAITING_13
16:56:54.827 (index):905 UPDATE_14
16:56:54.828 (index):967 WAITING_0
16:56:54.828 (index):967 WAITING_1
16:56:54.829 (index):941 NODEACCESSREQUESTED_2
16:56:54.829 (index):967 WAITING_3
16:56:54.830 (index):908 UPDATE_4
16:56:54.830 (index):908 UPDATE_5
16:56:54.830 (index):967 WAITING_6
16:56:54.831 (index):967 WAITING_7
16:56:54.831 (index):967 WAITING_8
16:56:54.832 (index):967 WAITING_9
16:56:54.832 (index):905 UPDATE_10
16:56:54.832 (index):941 NODEACCESSREQUESTED_11
16:56:54.833 (index):935 ATTRIBUTEACCESSREQUESTED_12
16:56:54.833 (index):967 WAITING_13
16:56:54.835 (index):880 NODEACCESSRELEASED_14
16:56:54.836 (index):905 UPDATE_0
16:56:54.836 (index):967 WAITING_1
16:56:54.837 (index):967 WAITING_2
16:56:54.837 (index):967 WAITING_3
16:56:54.838 (index):884 ATTRIBUTEACCESSRELEASED_4
16:56:54.838 (index):884 ATTRIBUTEACCESSRELEASED_5
16:56:54.839 (index):967 WAITING_6
16:56:54.839 (index):967 WAITING_7
16:56:54.839 (index):967 WAITING_8
16:56:54.840 (index):967 WAITING_9
16:56:54.840 (index):880 NODEACCESSRELEASED_10
16:56:54.841 (index):905 UPDATE_11
16:56:54.841 (index):908 UPDATE_12
16:56:54.842 (index):967 WAITING_13
16:56:54.842 (index):941 NODEACCESSREQUESTED_14
16:56:54.843 (index):880 NODEACCESSRELEASED_0
16:56:54.843 (index):967 WAITING_1
16:56:54.843 (index):905 UPDATE_2
16:56:54.844 (index):967 WAITING_3
16:56:54.844 (index):941 NODEACCESSREQUESTED_4
16:56:54.845 (index):941 NODEACCESSREQUESTED_5
16:56:54.845 (index):967 WAITING_6
16:56:54.846 (index):967 WAITING_7
16:56:54.846 (index):967 WAITING_8
16:56:54.847 (index):967 WAITING_9
16:56:54.847 (index):941 NODEACCESSREQUESTED_10
16:56:54.848 (index):880 NODEACCESSRELEASED_11
16:56:54.848 (index):884 ATTRIBUTEACCESSRELEASED_12
16:56:54.849 (index):967 WAITING_13
16:56:54.849 (index):967 WAITING_14
16:56:54.849 (index):941 NODEACCESSREQUESTED_0
16:56:54.850 (index):967 WAITING_1
16:56:54.850 (index):880 NODEACCESSRELEASED_2
16:56:54.851 (index):967 WAITING_3
16:56:54.851 (index):905 UPDATE_4
16:56:54.852 (index):905 UPDATE_5
16:56:54.852 (index):967 WAITING_6
16:56:54.853 (index):905 UPDATE_7
16:56:54.853 (index):967 WAITING_8
16:56:54.854 (index):967 WAITING_9
16:56:54.854 (index):967 WAITING_10
16:56:54.854 (index):935 ATTRIBUTEACCESSREQUESTED_11
16:56:54.855 (index):935 ATTRIBUTEACCESSREQUESTED_12
16:56:54.855 (index):967 WAITING_13
16:56:54.856 (index):967 WAITING_14
16:56:54.856 (index):967 WAITING_0
16:56:54.857 (index):967 WAITING_1
16:56:54.857 (index):935 ATTRIBUTEACCESSREQUESTED_2
16:56:54.857 (index):967 WAITING_3
16:56:54.858 (index):880 NODEACCESSRELEASED_4
16:56:54.858 (index):880 NODEACCESSRELEASED_5
16:56:54.859 (index):967 WAITING_6
16:56:54.859 (index):880 NODEACCESSRELEASED_7
16:56:54.860 (index):967 WAITING_8
16:56:54.860 (index):967 WAITING_9
16:56:54.860 (index):905 UPDATE_10
16:56:54.861 (index):908 UPDATE_11
16:56:54.861 (index):908 UPDATE_12
16:56:54.862 (index):905 UPDATE_13
16:56:54.862 (index):967 WAITING_14
16:56:54.863 (index):967 WAITING_0
16:56:54.863 (index):967 WAITING_1
16:56:54.864 (index):967 WAITING_2
16:56:54.864 (index):967 WAITING_3
16:56:54.864 (index):941 NODEACCESSREQUESTED_4
16:56:54.865 (index):941 NODEACCESSREQUESTED_5
16:56:54.865 (index):967 WAITING_6
16:56:54.866 (index):935 ATTRIBUTEACCESSREQUESTED_7
16:56:54.866 (index):967 WAITING_8
16:56:54.867 (index):967 WAITING_9
16:56:54.867 (index):880 NODEACCESSRELEASED_10
16:56:54.867 (index):884 ATTRIBUTEACCESSRELEASED_11
16:56:54.868 (index):884 ATTRIBUTEACCESSRELEASED_12
16:56:54.868 (index):880 NODEACCESSRELEASED_13
16:56:54.869 (index):967 WAITING_14
16:56:54.869 (index):967 WAITING_0
16:56:54.870 (index):967 WAITING_1
16:56:54.870 (index):908 UPDATE_2
16:56:54.870 (index):905 UPDATE_3
16:56:54.871 (index):967 WAITING_4
16:56:54.871 (index):905 UPDATE_5
16:56:54.872 (index):967 WAITING_6
16:56:54.872 (index):908 UPDATE_7
16:56:54.873 (index):967 WAITING_8
16:56:54.873 (index):967 WAITING_9
16:56:54.873 (index):935 ATTRIBUTEACCESSREQUESTED_10
16:56:54.874 (index):941 NODEACCESSREQUESTED_11
16:56:54.874 (index):941 NODEACCESSREQUESTED_12
16:56:54.875 (index):935 ATTRIBUTEACCESSREQUESTED_13
16:56:54.875 (index):967 WAITING_14
16:56:54.876 (index):967 WAITING_0
16:56:54.876 (index):967 WAITING_1
16:56:54.877 (index):884 ATTRIBUTEACCESSRELEASED_2
16:56:54.877 (index):880 NODEACCESSRELEASED_3
16:56:54.877 (index):967 WAITING_4
16:56:54.878 (index):880 NODEACCESSRELEASED_5
16:56:54.878 (index):967 WAITING_6
16:56:54.879 (index):884 ATTRIBUTEACCESSRELEASED_7
16:56:54.879 (index):905 UPDATE_8
16:56:54.880 (index):967 WAITING_9
16:56:54.880 (index):908 UPDATE_10
16:56:54.881 (index):967 WAITING_11
16:56:54.881 (index):967 WAITING_12
16:56:54.881 (index):908 UPDATE_13
16:56:54.882 (index):967 WAITING_14
16:56:54.882 (index):905 UPDATE_0
16:56:54.883 (index):967 WAITING_1
16:56:54.883 (index):935 ATTRIBUTEACCESSREQUESTED_2
16:56:54.884 (index):935 ATTRIBUTEACCESSREQUESTED_3
16:56:54.884 (index):967 WAITING_4
16:56:54.884 (index):941 NODEACCESSREQUESTED_5
16:56:54.885 (index):967 WAITING_6
16:56:54.885 (index):941 NODEACCESSREQUESTED_7
16:56:54.886 (index):880 NODEACCESSRELEASED_8
16:56:54.886 (index):967 WAITING_9
16:56:54.887 (index):884 ATTRIBUTEACCESSRELEASED_10
16:56:54.887 (index):905 UPDATE_11
16:56:54.888 (index):967 WAITING_12
16:56:54.888 (index):884 ATTRIBUTEACCESSRELEASED_13
16:56:54.888 (index):905 UPDATE_14
16:56:54.889 (index):880 NODEACCESSRELEASED_0
16:56:54.889 (index):967 WAITING_1
16:56:54.890 (index):908 UPDATE_2
16:56:54.890 (index):908 UPDATE_3
16:56:54.891 (index):967 WAITING_4
16:56:54.891 (index):967 WAITING_5
16:56:54.891 (index):967 WAITING_6
16:56:54.892 (index):905 UPDATE_7
16:56:54.892 (index):935 ATTRIBUTEACCESSREQUESTED_8
16:56:54.893 (index):967 WAITING_9
16:56:54.893 (index):941 NODEACCESSREQUESTED_10
16:56:54.894 (index):880 NODEACCESSRELEASED_11
16:56:54.894 (index):905 UPDATE_12
16:56:54.895 (index):941 NODEACCESSREQUESTED_13
16:56:54.895 (index):880 NODEACCESSRELEASED_14
16:56:54.895 (index):935 ATTRIBUTEACCESSREQUESTED_0
16:56:54.896 (index):967 WAITING_1
16:56:54.896 (index):884 ATTRIBUTEACCESSRELEASED_2
16:56:54.897 (index):884 ATTRIBUTEACCESSRELEASED_3
16:56:54.897 (index):967 WAITING_4
16:56:54.898 (index):967 WAITING_5
16:56:54.898 (index):967 WAITING_6
16:56:54.898 (index):880 NODEACCESSRELEASED_7
16:56:54.899 (index):908 UPDATE_8
16:56:54.899 (index):967 WAITING_9
16:56:54.900 (index):905 UPDATE_10
16:56:54.900 (index):941 NODEACCESSREQUESTED_11
16:56:54.901 (index):880 NODEACCESSRELEASED_12
16:56:54.901 (index):905 UPDATE_13
16:56:54.902 (index):941 NODEACCESSREQUESTED_14
16:56:54.902 (index):967 WAITING_0
16:56:54.902 (index):967 WAITING_1
16:56:54.903 (index):941 NODEACCESSREQUESTED_2
16:56:54.903 (index):935 ATTRIBUTEACCESSREQUESTED_3
16:56:54.904 (index):905 UPDATE_4
16:56:54.904 (index):967 WAITING_5
16:56:54.905 (index):967 WAITING_6
16:56:54.905 (index):941 NODEACCESSREQUESTED_7
16:56:54.906 (index):884 ATTRIBUTEACCESSRELEASED_8
16:56:54.906 (index):967 WAITING_9
16:56:54.906 (index):880 NODEACCESSRELEASED_10
16:56:54.907 (index):905 UPDATE_11
16:56:54.907 (index):935 ATTRIBUTEACCESSREQUESTED_12
16:56:54.908 (index):880 NODEACCESSRELEASED_13
16:56:54.908 (index):905 UPDATE_14
16:56:54.909 (index):908 UPDATE_0
16:56:54.909 (index):967 WAITING_1
16:56:54.909 (index):967 WAITING_2
16:56:54.910 (index):967 WAITING_3
16:56:54.910 (index):880 NODEACCESSRELEASED_4
16:56:54.911 (index):967 WAITING_5
16:56:54.911 (index):967 WAITING_6
16:56:54.912 (index):967 WAITING_7
16:56:54.912 (index):941 NODEACCESSREQUESTED_8
16:56:54.912 (index):967 WAITING_9
16:56:54.913 (index):941 NODEACCESSREQUESTED_10
16:56:54.913 (index):880 NODEACCESSRELEASED_11
16:56:54.914 (index):908 UPDATE_12
16:56:54.914 (index):941 NODEACCESSREQUESTED_13
16:56:54.915 (index):880 NODEACCESSRELEASED_14
16:56:54.915 (index):884 ATTRIBUTEACCESSRELEASED_0
16:56:54.916 (index):967 WAITING_1
16:56:54.916 (index):905 UPDATE_2
16:56:54.916 (index):908 UPDATE_3
16:56:54.917 (index):941 NODEACCESSREQUESTED_4
16:56:54.917 (index):967 WAITING_5
16:56:54.918 (index):967 WAITING_6
16:56:54.918 (index):967 WAITING_7
16:56:54.919 (index):905 UPDATE_8
16:56:54.919 (index):967 WAITING_9
16:56:54.919 (index):967 WAITING_10
16:56:54.920 (index):935 ATTRIBUTEACCESSREQUESTED_11
16:56:54.920 (index):884 ATTRIBUTEACCESSRELEASED_12
16:56:54.921 (index):905 UPDATE_13
16:56:54.921 (index):935 ATTRIBUTEACCESSREQUESTED_14
16:56:54.922 (index):941 NODEACCESSREQUESTED_0
16:56:54.922 (index):967 WAITING_1
16:56:54.922 (index):880 NODEACCESSRELEASED_2
16:56:54.923 (index):884 ATTRIBUTEACCESSRELEASED_3
16:56:54.923 (index):967 WAITING_4
16:56:54.924 (index):967 WAITING_5
16:56:54.924 (index):967 WAITING_6
16:56:54.925 (index):967 WAITING_7
16:56:54.925 (index):880 NODEACCESSRELEASED_8
16:56:54.926 (index):967 WAITING_9
16:56:54.926 (index):967 WAITING_10
16:56:54.926 (index):908 UPDATE_11
16:56:54.927 (index):935 ATTRIBUTEACCESSREQUESTED_12
16:56:54.927 (index):880 NODEACCESSRELEASED_13
16:56:54.928 (index):908 UPDATE_14
16:56:54.928 (index):905 UPDATE_0
16:56:54.929 (index):967 WAITING_1
16:56:54.929 (index):935 ATTRIBUTEACCESSREQUESTED_2
16:56:54.929 (index):941 NODEACCESSREQUESTED_3
16:56:54.930 (index):905 UPDATE_4
16:56:54.930 (index):967 WAITING_5
16:56:54.931 (index):967 WAITING_6
16:56:54.931 (index):967 WAITING_7
16:56:54.932 (index):941 NODEACCESSREQUESTED_8
16:56:54.932 (index):967 WAITING_9
16:56:54.932 (index):967 WAITING_10
16:56:54.933 (index):884 ATTRIBUTEACCESSRELEASED_11
16:56:54.933 (index):908 UPDATE_12
16:56:54.934 (index):935 ATTRIBUTEACCESSREQUESTED_13
16:56:54.934 (index):884 ATTRIBUTEACCESSRELEASED_14
16:56:54.935 (index):880 NODEACCESSRELEASED_0
16:56:54.935 (index):967 WAITING_1
16:56:54.936 (index):908 UPDATE_2
16:56:54.936 (index):905 UPDATE_3
16:56:54.936 (index):880 NODEACCESSRELEASED_4
16:56:54.937 (index):905 UPDATE_5
16:56:54.937 (index):967 WAITING_6
16:56:54.938 (index):967 WAITING_7
16:56:54.938 (index):905 UPDATE_8
16:56:54.939 (index):967 WAITING_9
16:56:54.939 (index):967 WAITING_10
16:56:54.939 (index):941 NODEACCESSREQUESTED_11
16:56:54.940 (index):884 ATTRIBUTEACCESSRELEASED_12
16:56:54.940 (index):967 WAITING_13
16:56:54.941 (index):941 NODEACCESSREQUESTED_14
16:56:54.941 (index):941 NODEACCESSREQUESTED_0
16:56:54.942 (index):967 WAITING_1
16:56:54.942 (index):884 ATTRIBUTEACCESSRELEASED_2
16:56:54.942 (index):880 NODEACCESSRELEASED_3
16:56:54.943 (index):935 ATTRIBUTEACCESSREQUESTED_4
16:56:54.943 (index):880 NODEACCESSRELEASED_5
16:56:54.944 (index):967 WAITING_6
16:56:54.944 (index):905 UPDATE_7
16:56:54.945 (index):880 NODEACCESSRELEASED_8
16:56:54.945 (index):967 WAITING_9
16:56:54.945 (index):967 WAITING_10
16:56:54.946 (index):967 WAITING_11
16:56:54.946 (index):935 ATTRIBUTEACCESSREQUESTED_12
16:56:54.947 (index):908 UPDATE_13
16:56:54.947 (index):905 UPDATE_14
16:56:54.948 (index):967 WAITING_0
16:56:54.948 (index):967 WAITING_1
16:56:54.949 (index):935 ATTRIBUTEACCESSREQUESTED_2
16:56:54.949 (index):935 ATTRIBUTEACCESSREQUESTED_3
16:56:54.949 (index):908 UPDATE_4
16:56:54.950 (index):935 ATTRIBUTEACCESSREQUESTED_5
16:56:54.950 (index):967 WAITING_6
16:56:54.951 (index):880 NODEACCESSRELEASED_7
16:56:54.951 (index):941 NODEACCESSREQUESTED_8
16:56:54.952 (index):967 WAITING_9
16:56:54.952 (index):967 WAITING_10
16:56:54.952 (index):967 WAITING_11
16:56:54.953 (index):908 UPDATE_12
16:56:54.953 (index):884 ATTRIBUTEACCESSRELEASED_13
16:56:54.954 (index):880 NODEACCESSRELEASED_14
16:56:54.954 (index):905 UPDATE_0
16:56:54.955 (index):967 WAITING_1
16:56:54.955 (index):967 WAITING_2
16:56:54.955 (index):967 WAITING_3
16:56:54.956 (index):884 ATTRIBUTEACCESSRELEASED_4
16:56:54.956 (index):908 UPDATE_5
16:56:54.957 (index):967 WAITING_6
16:56:54.957 (index):935 ATTRIBUTEACCESSREQUESTED_7
16:56:54.958 (index):905 UPDATE_8
16:56:54.958 (index):967 WAITING_9
16:56:54.959 (index):967 WAITING_10
16:56:54.959 (index):967 WAITING_11
16:56:54.959 (index):884 ATTRIBUTEACCESSRELEASED_12
16:56:54.960 (index):941 NODEACCESSREQUESTED_13
16:56:54.960 (index):941 NODEACCESSREQUESTED_14
16:56:54.961 (index):880 NODEACCESSRELEASED_0
16:56:54.961 (index):967 WAITING_1
16:56:54.962 (index):908 UPDATE_2
16:56:54.962 (index):908 UPDATE_3
16:56:54.962 (index):941 NODEACCESSREQUESTED_4
16:56:54.963 (index):884 ATTRIBUTEACCESSRELEASED_5
16:56:54.963 (index):967 WAITING_6
16:56:54.964 (index):967 WAITING_7
16:56:54.964 (index):880 NODEACCESSRELEASED_8
16:56:54.965 (index):967 WAITING_9
16:56:54.965 (index):967 WAITING_10
16:56:54.966 (index):967 WAITING_11
16:56:54.966 (index):935 ATTRIBUTEACCESSREQUESTED_12
16:56:54.966 (index):905 UPDATE_13
16:56:54.967 (index):905 UPDATE_14
16:56:54.967 (index):941 NODEACCESSREQUESTED_0
16:56:54.968 (index):967 WAITING_1
16:56:54.968 (index):884 ATTRIBUTEACCESSRELEASED_2
16:56:54.969 (index):884 ATTRIBUTEACCESSRELEASED_3
16:56:54.969 (index):967 WAITING_4
16:56:54.969 (index):941 NODEACCESSREQUESTED_5
16:56:54.970 (index):967 WAITING_6
16:56:54.970 (index):908 UPDATE_7
16:56:54.971 (index):941 NODEACCESSREQUESTED_8
16:56:54.971 (index):967 WAITING_9
16:56:54.972 (index):967 WAITING_10
16:56:54.972 (index):967 WAITING_11
16:56:54.973 (index):908 UPDATE_12
16:56:54.973 (index):880 NODEACCESSRELEASED_13
16:56:54.973 (index):880 NODEACCESSRELEASED_14
16:56:54.974 (index):905 UPDATE_0
16:56:54.974 (index):967 WAITING_1
16:56:54.975 (index):935 ATTRIBUTEACCESSREQUESTED_2
16:56:54.975 (index):941 NODEACCESSREQUESTED_3
16:56:54.976 (index):905 UPDATE_4
16:56:54.976 (index):905 UPDATE_5
16:56:54.976 (index):967 WAITING_6
16:56:54.977 (index):884 ATTRIBUTEACCESSRELEASED_7
16:56:54.977 (index):905 UPDATE_8
16:56:54.978 (index):967 WAITING_9
16:56:54.978 (index):967 WAITING_10
16:56:54.978 (index):967 WAITING_11
16:56:54.979 (index):884 ATTRIBUTEACCESSRELEASED_12
16:56:54.979 (index):941 NODEACCESSREQUESTED_13
16:56:54.980 (index):935 ATTRIBUTEACCESSREQUESTED_14
16:56:54.980 (index):880 NODEACCESSRELEASED_0
16:56:54.981 (index):967 WAITING_1
16:56:54.981 (index):908 UPDATE_2
16:56:54.982 (index):967 WAITING_3
16:56:54.982 (index):880 NODEACCESSRELEASED_4
16:56:54.983 (index):880 NODEACCESSRELEASED_5
16:56:54.983 (index):967 WAITING_6
16:56:54.983 (index):941 NODEACCESSREQUESTED_7
16:56:54.984 (index):880 NODEACCESSRELEASED_8
16:56:54.984 (index):967 WAITING_9
16:56:54.985 (index):967 WAITING_10
16:56:54.985 (index):967 WAITING_11
16:56:54.985 (index):941 NODEACCESSREQUESTED_12
16:56:54.986 (index):905 UPDATE_13
16:56:54.986 (index):908 UPDATE_14
16:56:54.987 (index):935 ATTRIBUTEACCESSREQUESTED_0
16:56:54.987 (index):967 WAITING_1
16:56:54.988 (index):884 ATTRIBUTEACCESSRELEASED_2
16:56:54.988 (index):905 UPDATE_3
16:56:54.988 (index):935 ATTRIBUTEACCESSREQUESTED_4
16:56:54.989 (index):935 ATTRIBUTEACCESSREQUESTED_5
16:56:54.989 (index):967 WAITING_6
16:56:54.990 (index):967 WAITING_7
16:56:54.990 (index):941 NODEACCESSREQUESTED_8
16:56:54.991 (index):967 WAITING_9
16:56:54.991 (index):967 WAITING_10
16:56:54.991 (index):967 WAITING_11
16:56:54.992 (index):905 UPDATE_12
16:56:54.992 (index):880 NODEACCESSRELEASED_13
16:56:54.993 (index):884 ATTRIBUTEACCESSRELEASED_14
16:56:54.993 (index):908 UPDATE_0
16:56:54.994 (index):967 WAITING_1
16:56:54.994 (index):941 NODEACCESSREQUESTED_2
16:56:54.995 (index):880 NODEACCESSRELEASED_3
16:56:54.995 (index):908 UPDATE_4
16:56:54.995 (index):908 UPDATE_5
16:56:54.996 (index):967 WAITING_6
16:56:54.996 (index):905 UPDATE_7
16:56:54.997 (index):967 WAITING_8
16:56:54.997 (index):967 WAITING_9
16:56:54.998 (index):967 WAITING_10
16:56:54.998 (index):967 WAITING_11
16:56:54.998 (index):880 NODEACCESSRELEASED_12
16:56:54.999 (index):941 NODEACCESSREQUESTED_13
16:56:54.999 (index):935 ATTRIBUTEACCESSREQUESTED_14
16:56:55.000 (index):884 ATTRIBUTEACCESSRELEASED_0
16:56:55.000 (index):967 WAITING_1
16:56:55.001 (index):905 UPDATE_2
16:56:55.001 (index):941 NODEACCESSREQUESTED_3
16:56:55.001 (index):884 ATTRIBUTEACCESSRELEASED_4
16:56:55.002 (index):884 ATTRIBUTEACCESSRELEASED_5
16:56:55.002 (index):967 WAITING_6
16:56:55.003 (index):880 NODEACCESSRELEASED_7
16:56:55.003 (index):905 UPDATE_8
16:56:55.004 (index):967 WAITING_9
16:56:55.004 (index):967 WAITING_10
16:56:55.004 (index):967 WAITING_11
16:56:55.005 (index):941 NODEACCESSREQUESTED_12
16:56:55.005 (index):905 UPDATE_13
16:56:55.006 (index):908 UPDATE_14
16:56:55.006 (index):941 NODEACCESSREQUESTED_0
16:56:55.007 (index):967 WAITING_1
16:56:55.007 (index):880 NODEACCESSRELEASED_2
16:56:55.007 (index):967 WAITING_3
16:56:55.008 (index):935 ATTRIBUTEACCESSREQUESTED_4
16:56:55.008 (index):941 NODEACCESSREQUESTED_5
16:56:55.009 (index):967 WAITING_6
16:56:55.009 (index):941 NODEACCESSREQUESTED_7
16:56:55.010 (index):880 NODEACCESSRELEASED_8
16:56:55.010 (index):967 WAITING_9
16:56:55.010 (index):967 WAITING_10
16:56:55.011 (index):967 WAITING_11
16:56:55.011 (index):905 UPDATE_12
16:56:55.012 (index):880 NODEACCESSRELEASED_13
16:56:55.012 (index):884 ATTRIBUTEACCESSRELEASED_14
16:56:55.013 (index):905 UPDATE_0
16:56:55.013 (index):967 WAITING_1
16:56:55.013 (index):941 NODEACCESSREQUESTED_2
16:56:55.014 (index):905 UPDATE_3
16:56:55.014 (index):908 UPDATE_4
16:56:55.015 (index):905 UPDATE_5
16:56:55.015 (index):967 WAITING_6
16:56:55.016 (index):967 WAITING_7
16:56:55.016 (index):941 NODEACCESSREQUESTED_8
16:56:55.016 (index):967 WAITING_9
16:56:55.017 (index):967 WAITING_10
16:56:55.017 (index):967 WAITING_11
16:56:55.018 (index):880 NODEACCESSRELEASED_12
16:56:55.018 (index):935 ATTRIBUTEACCESSREQUESTED_13
16:56:55.019 (index):941 NODEACCESSREQUESTED_14
16:56:55.019 (index):880 NODEACCESSRELEASED_0
16:56:55.019 (index):967 WAITING_1
16:56:55.020 (index):967 WAITING_2
16:56:55.020 (index):880 NODEACCESSRELEASED_3
16:56:55.021 (index):884 ATTRIBUTEACCESSRELEASED_4
16:56:55.021 (index):880 NODEACCESSRELEASED_5
16:56:55.021 (index):967 WAITING_6
16:56:55.022 (index):905 UPDATE_7
16:56:55.022 (index):967 WAITING_8
16:56:55.023 (index):967 WAITING_9
16:56:55.023 (index):967 WAITING_10
16:56:55.024 (index):967 WAITING_11
16:56:55.024 (index):941 NODEACCESSREQUESTED_12
16:56:55.024 (index):908 UPDATE_13
16:56:55.025 (index):905 UPDATE_14
16:56:55.025 (index):941 NODEACCESSREQUESTED_0
16:56:55.026 (index):967 WAITING_1
16:56:55.026 (index):905 UPDATE_2
16:56:55.027 (index):941 NODEACCESSREQUESTED_3
16:56:55.027 (index):941 NODEACCESSREQUESTED_4
16:56:55.027 (index):941 NODEACCESSREQUESTED_5
16:56:55.028 (index):967 WAITING_6
16:56:55.028 (index):880 NODEACCESSRELEASED_7
16:56:55.029 (index):905 UPDATE_8
16:56:55.029 (index):967 WAITING_9
16:56:55.030 (index):967 WAITING_10
16:56:55.030 (index):967 WAITING_11
16:56:55.030 (index):967 WAITING_12
16:56:55.031 (index):884 ATTRIBUTEACCESSRELEASED_13
16:56:55.031 (index):880 NODEACCESSRELEASED_14
16:56:55.032 (index):905 UPDATE_0
16:56:55.032 (index):967 WAITING_1
16:56:55.033 (index):880 NODEACCESSRELEASED_2
16:56:55.033 (index):905 UPDATE_3
16:56:55.033 (index):905 UPDATE_4
16:56:55.034 (index):905 UPDATE_5
16:56:55.034 (index):967 WAITING_6
16:56:55.035 (index):941 NODEACCESSREQUESTED_7
16:56:55.035 (index):880 NODEACCESSRELEASED_8
16:56:55.036 (index):967 WAITING_9
16:56:55.036 (index):967 WAITING_10
16:56:55.036 (index):967 WAITING_11
16:56:55.037 (index):905 UPDATE_12
16:56:55.037 (index):941 NODEACCESSREQUESTED_13
16:56:55.038 (index):941 NODEACCESSREQUESTED_14
16:56:55.038 (index):880 NODEACCESSRELEASED_0
16:56:55.038 (index):967 WAITING_1
16:56:55.039 (index):941 NODEACCESSREQUESTED_2
16:56:55.039 (index):880 NODEACCESSRELEASED_3
16:56:55.040 (index):880 NODEACCESSRELEASED_4
16:56:55.040 (index):880 NODEACCESSRELEASED_5
16:56:55.041 (index):967 WAITING_6
16:56:55.041 (index):967 WAITING_7
16:56:55.041 (index):935 ATTRIBUTEACCESSREQUESTED_8
16:56:55.042 (index):967 WAITING_9
16:56:55.042 (index):967 WAITING_10
16:56:55.043 (index):967 WAITING_11
16:56:55.043 (index):978 END_12
16:56:55.044 (index):905 UPDATE_13
16:56:55.044 (index):905 UPDATE_14
16:56:55.044 (index):935 ATTRIBUTEACCESSREQUESTED_0
16:56:55.045 (index):967 WAITING_1
16:56:55.045 (index):967 WAITING_2
16:56:55.046 (index):941 NODEACCESSREQUESTED_3
16:56:55.046 (index):941 NODEACCESSREQUESTED_4
16:56:55.047 (index):941 NODEACCESSREQUESTED_5
16:56:55.047 (index):967 WAITING_6
16:56:55.047 (index):905 UPDATE_7
16:56:55.048 (index):908 UPDATE_8
16:56:55.048 (index):967 WAITING_9
16:56:55.049 (index):967 WAITING_10
16:56:55.049 (index):967 WAITING_11
16:56:55.050 (index):880 NODEACCESSRELEASED_13
16:56:55.050 (index):880 NODEACCESSRELEASED_14
16:56:55.050 (index):967 WAITING_0
16:56:55.051 (index):967 WAITING_1
16:56:55.051 (index):905 UPDATE_2
16:56:55.052 (index):905 UPDATE_3
16:56:55.052 (index):967 WAITING_4
16:56:55.053 (index):967 WAITING_5
16:56:55.053 (index):967 WAITING_6
16:56:55.054 (index):880 NODEACCESSRELEASED_7
16:56:55.054 (index):884 ATTRIBUTEACCESSRELEASED_8
16:56:55.055 (index):967 WAITING_9
16:56:55.056 (index):967 WAITING_10
16:56:55.056 (index):967 WAITING_11
16:56:55.056 (index):941 NODEACCESSREQUESTED_13
16:56:55.057 (index):935 ATTRIBUTEACCESSREQUESTED_14
16:56:55.057 (index):908 UPDATE_0
16:56:55.058 (index):967 WAITING_1
16:56:55.058 (index):978 END_2
16:56:55.059 (index):880 NODEACCESSRELEASED_3
16:56:55.059 (index):967 WAITING_4
16:56:55.059 (index):905 UPDATE_5
16:56:55.060 (index):967 WAITING_6
16:56:55.060 (index):935 ATTRIBUTEACCESSREQUESTED_7
16:56:55.061 (index):941 NODEACCESSREQUESTED_8
16:56:55.061 (index):967 WAITING_9
16:56:55.062 (index):967 WAITING_10
16:56:55.062 (index):967 WAITING_11
16:56:55.062 (index):967 WAITING_13
16:56:55.063 (index):908 UPDATE_14
16:56:55.063 (index):978 END_0
16:56:55.064 (index):967 WAITING_1
16:56:55.064 (index):935 ATTRIBUTEACCESSREQUESTED_3
16:56:55.065 (index):967 WAITING_4
16:56:55.065 (index):978 END_5
16:56:55.065 (index):967 WAITING_6
16:56:55.066 (index):908 UPDATE_7
16:56:55.066 (index):967 WAITING_8
16:56:55.067 (index):967 WAITING_9
16:56:55.067 (index):905 UPDATE_10
16:56:55.068 (index):967 WAITING_11
16:56:55.068 (index):967 WAITING_13
16:56:55.068 (index):978 END_14
16:56:55.069 (index):967 WAITING_1
16:56:55.069 (index):908 UPDATE_3
16:56:55.070 (index):967 WAITING_4
16:56:55.070 (index):967 WAITING_6
16:56:55.071 (index):884 ATTRIBUTEACCESSRELEASED_7
16:56:55.071 (index):967 WAITING_8
16:56:55.072 (index):967 WAITING_9
16:56:55.072 (index):880 NODEACCESSRELEASED_10
16:56:55.073 (index):967 WAITING_11
16:56:55.074 (index):905 UPDATE_13
16:56:55.075 (index):967 WAITING_1
16:56:55.075 (index):884 ATTRIBUTEACCESSRELEASED_3
16:56:55.076 (index):967 WAITING_4
16:56:55.076 (index):967 WAITING_6
16:56:55.077 (index):941 NODEACCESSREQUESTED_7
16:56:55.077 (index):967 WAITING_8
16:56:55.078 (index):967 WAITING_9
16:56:55.078 (index):941 NODEACCESSREQUESTED_10
16:56:55.079 (index):967 WAITING_11
16:56:55.079 (index):880 NODEACCESSRELEASED_13
16:56:55.080 (index):967 WAITING_1
16:56:55.080 (index):935 ATTRIBUTEACCESSREQUESTED_3
16:56:55.081 (index):967 WAITING_4
16:56:55.081 (index):967 WAITING_6
16:56:55.081 (index):905 UPDATE_7
16:56:55.082 (index):967 WAITING_8
16:56:55.082 (index):967 WAITING_9
16:56:55.083 (index):905 UPDATE_10
16:56:55.083 (index):967 WAITING_11
16:56:55.084 (index):935 ATTRIBUTEACCESSREQUESTED_13
16:56:55.084 (index):967 WAITING_1
16:56:55.085 (index):908 UPDATE_3
16:56:55.085 (index):967 WAITING_4
16:56:55.085 (index):967 WAITING_6
16:56:55.086 (index):880 NODEACCESSRELEASED_7
16:56:55.086 (index):967 WAITING_8
16:56:55.087 (index):967 WAITING_9
16:56:55.087 (index):880 NODEACCESSRELEASED_10
16:56:55.088 (index):967 WAITING_11
16:56:55.088 (index):908 UPDATE_13
16:56:55.089 (index):967 WAITING_1
16:56:55.089 (index):978 END_3
16:56:55.090 (index):967 WAITING_4
16:56:55.090 (index):967 WAITING_6
16:56:55.090 (index):941 NODEACCESSREQUESTED_7
16:56:55.091 (index):905 UPDATE_8
16:56:55.091 (index):967 WAITING_9
16:56:55.092 (index):935 ATTRIBUTEACCESSREQUESTED_10
16:56:55.092 (index):967 WAITING_11
16:56:55.093 (index):884 ATTRIBUTEACCESSRELEASED_13
16:56:55.093 (index):967 WAITING_1
16:56:55.094 (index):967 WAITING_4
16:56:55.094 (index):967 WAITING_6
16:56:55.095 (index):967 WAITING_7
16:56:55.095 (index):880 NODEACCESSRELEASED_8
16:56:55.096 (index):967 WAITING_9
16:56:55.096 (index):908 UPDATE_10
16:56:55.097 (index):967 WAITING_11
16:56:55.097 (index):941 NODEACCESSREQUESTED_13
16:56:55.098 (index):967 WAITING_1
16:56:55.099 (index):967 WAITING_4
16:56:55.099 (index):967 WAITING_6
16:56:55.099 (index):905 UPDATE_7
16:56:55.100 (index):935 ATTRIBUTEACCESSREQUESTED_8
16:56:55.100 (index):967 WAITING_9
16:56:55.101 (index):884 ATTRIBUTEACCESSRELEASED_10
16:56:55.101 (index):967 WAITING_11
16:56:55.102 (index):905 UPDATE_13
16:56:55.102 (index):967 WAITING_1
16:56:55.103 (index):967 WAITING_4
16:56:55.103 (index):967 WAITING_6
16:56:55.104 (index):880 NODEACCESSRELEASED_7
16:56:55.104 (index):908 UPDATE_8
16:56:55.105 (index):967 WAITING_9
16:56:55.105 (index):941 NODEACCESSREQUESTED_10
16:56:55.106 (index):967 WAITING_11
16:56:55.106 (index):978 END_13
16:56:55.107 (index):967 WAITING_1
16:56:55.107 (index):967 WAITING_4
16:56:55.108 (index):967 WAITING_6
16:56:55.108 (index):935 ATTRIBUTEACCESSREQUESTED_7
16:56:55.109 (index):978 END_8
16:56:55.109 (index):967 WAITING_9
16:56:55.110 (index):905 UPDATE_10
16:56:55.110 (index):967 WAITING_11
16:56:55.111 (index):967 WAITING_1
16:56:55.112 (index):967 WAITING_4
16:56:55.112 (index):967 WAITING_6
16:56:55.113 (index):908 UPDATE_7
16:56:55.114 (index):967 WAITING_9
16:56:55.114 (index):880 NODEACCESSRELEASED_10
16:56:55.115 (index):967 WAITING_11
16:56:55.116 (index):967 WAITING_1
16:56:55.116 (index):967 WAITING_4
16:56:55.117 (index):967 WAITING_6
16:56:55.117 (index):884 ATTRIBUTEACCESSRELEASED_7
16:56:55.118 (index):905 UPDATE_9
16:56:55.119 (index):941 NODEACCESSREQUESTED_10
16:56:55.119 (index):967 WAITING_11
16:56:55.120 (index):967 WAITING_1
16:56:55.121 (index):967 WAITING_4
16:56:55.121 (index):967 WAITING_6
16:56:55.122 (index):941 NODEACCESSREQUESTED_7
16:56:55.123 (index):880 NODEACCESSRELEASED_9
16:56:55.123 (index):967 WAITING_10
16:56:55.124 (index):967 WAITING_11
16:56:55.124 (index):905 UPDATE_1
16:56:55.125 (index):967 WAITING_4
16:56:55.126 (index):967 WAITING_6
16:56:55.126 (index):967 WAITING_7
16:56:55.127 (index):941 NODEACCESSREQUESTED_9
16:56:55.128 (index):967 WAITING_10
16:56:55.128 (index):967 WAITING_11
16:56:55.129 (index):880 NODEACCESSRELEASED_1
16:56:55.130 (index):967 WAITING_4
16:56:55.130 (index):905 UPDATE_6
16:56:55.131 (index):967 WAITING_7
16:56:55.132 (index):967 WAITING_9
16:56:55.132 (index):967 WAITING_10
16:56:55.133 (index):967 WAITING_11
16:56:55.133 (index):941 NODEACCESSREQUESTED_1
16:56:55.134 (index):967 WAITING_4
16:56:55.135 (index):880 NODEACCESSRELEASED_6
16:56:55.135 (index):967 WAITING_7
16:56:55.136 (index):967 WAITING_9
16:56:55.137 (index):967 WAITING_10
16:56:55.137 (index):905 UPDATE_11
16:56:55.138 (index):967 WAITING_1
16:56:55.139 (index):967 WAITING_4
16:56:55.139 (index):941 NODEACCESSREQUESTED_6
16:56:55.140 (index):967 WAITING_7
16:56:55.141 (index):967 WAITING_9
16:56:55.141 (index):967 WAITING_10
16:56:55.142 (index):880 NODEACCESSRELEASED_11
16:56:55.142 (index):967 WAITING_1
16:56:55.143 (index):905 UPDATE_4
16:56:55.144 (index):967 WAITING_6
16:56:55.144 (index):967 WAITING_7
16:56:55.145 (index):967 WAITING_9
16:56:55.146 (index):967 WAITING_10
16:56:55.146 (index):941 NODEACCESSREQUESTED_11
16:56:55.147 (index):967 WAITING_1
16:56:55.148 (index):978 END_4
16:56:55.148 (index):905 UPDATE_6
16:56:55.149 (index):967 WAITING_7
16:56:55.150 (index):905 UPDATE_9
16:56:55.150 (index):905 UPDATE_10
16:56:55.151 (index):967 WAITING_11
16:56:55.151 (index):967 WAITING_1
16:56:55.153 (index):880 NODEACCESSRELEASED_6
16:56:55.153 (index):967 WAITING_7
16:56:55.154 (index):880 NODEACCESSRELEASED_9
16:56:55.155 (index):880 NODEACCESSRELEASED_10
16:56:55.155 (index):905 UPDATE_11
16:56:55.156 (index):905 UPDATE_1
16:56:55.157 (index):941 NODEACCESSREQUESTED_6
16:56:55.158 (index):905 UPDATE_7
16:56:55.159 (index):941 NODEACCESSREQUESTED_9
16:56:55.159 (index):935 ATTRIBUTEACCESSREQUESTED_10
16:56:55.160 (index):880 NODEACCESSRELEASED_11
16:56:55.160 (index):880 NODEACCESSRELEASED_1
16:56:55.162 (index):905 UPDATE_6
16:56:55.162 (index):978 END_7
16:56:55.163 (index):967 WAITING_9
16:56:55.164 (index):908 UPDATE_10
16:56:55.164 (index):941 NODEACCESSREQUESTED_11
16:56:55.165 (index):941 NODEACCESSREQUESTED_1
16:56:55.166 (index):880 NODEACCESSRELEASED_6
16:56:55.168 (index):905 UPDATE_9
16:56:55.168 (index):978 END_10
16:56:55.169 (index):905 UPDATE_11
16:56:55.169 (index):905 UPDATE_1
16:56:55.171 (index):941 NODEACCESSREQUESTED_6
16:56:55.172 (index):880 NODEACCESSRELEASED_9
16:56:55.173 (index):880 NODEACCESSRELEASED_11
16:56:55.174 (index):880 NODEACCESSRELEASED_1
16:56:55.175 (index):905 UPDATE_6
16:56:55.177 (index):935 ATTRIBUTEACCESSREQUESTED_9
16:56:55.178 (index):935 ATTRIBUTEACCESSREQUESTED_11
16:56:55.178 (index):935 ATTRIBUTEACCESSREQUESTED_1
16:56:55.180 (index):880 NODEACCESSRELEASED_6
16:56:55.181 (index):908 UPDATE_9
16:56:55.182 (index):908 UPDATE_11
16:56:55.183 (index):967 WAITING_1
16:56:55.184 (index):941 NODEACCESSREQUESTED_6
16:56:55.186 (index):884 ATTRIBUTEACCESSRELEASED_9
16:56:55.187 (index):884 ATTRIBUTEACCESSRELEASED_11
16:56:55.187 (index):908 UPDATE_1
16:56:55.189 (index):905 UPDATE_6
16:56:55.190 (index):941 NODEACCESSREQUESTED_9
16:56:55.191 (index):941 NODEACCESSREQUESTED_11
16:56:55.192 (index):884 ATTRIBUTEACCESSRELEASED_1
16:56:55.193 (index):880 NODEACCESSRELEASED_6
16:56:55.195 (index):905 UPDATE_9
16:56:55.196 (index):967 WAITING_11
16:56:55.196 (index):935 ATTRIBUTEACCESSREQUESTED_1
16:56:55.198 (index):941 NODEACCESSREQUESTED_6
16:56:55.199 (index):880 NODEACCESSRELEASED_9
16:56:55.200 (index):967 WAITING_11
16:56:55.201 (index):908 UPDATE_1
16:56:55.202 (index):905 UPDATE_6
16:56:55.204 (index):935 ATTRIBUTEACCESSREQUESTED_9
16:56:55.205 (index):967 WAITING_11
16:56:55.205 (index):884 ATTRIBUTEACCESSRELEASED_1
16:56:55.207 (index):880 NODEACCESSRELEASED_6
16:56:55.208 (index):908 UPDATE_9
16:56:55.209 (index):905 UPDATE_11
16:56:55.210 (index):941 NODEACCESSREQUESTED_1
16:56:55.211 (index):941 NODEACCESSREQUESTED_6
16:56:55.213 (index):884 ATTRIBUTEACCESSRELEASED_9
16:56:55.214 (index):978 END_11
16:56:55.214 (index):905 UPDATE_1
16:56:55.216 (index):905 UPDATE_6
16:56:55.217 (index):941 NODEACCESSREQUESTED_9
16:56:55.219 (index):880 NODEACCESSRELEASED_1
16:56:55.221 (index):880 NODEACCESSRELEASED_6
16:56:55.222 (index):905 UPDATE_9
16:56:55.224 (index):941 NODEACCESSREQUESTED_1
16:56:55.226 (index):935 ATTRIBUTEACCESSREQUESTED_6
16:56:55.228 (index):880 NODEACCESSRELEASED_9
16:56:55.230 (index):905 UPDATE_1
16:56:55.232 (index):908 UPDATE_6
16:56:55.234 (index):941 NODEACCESSREQUESTED_9
16:56:55.235 (index):880 NODEACCESSRELEASED_1
16:56:55.237 (index):884 ATTRIBUTEACCESSRELEASED_6
16:56:55.238 (index):905 UPDATE_9
16:56:55.239 (index):941 NODEACCESSREQUESTED_1
16:56:55.241 (index):941 NODEACCESSREQUESTED_6
16:56:55.243 (index):880 NODEACCESSRELEASED_9
16:56:55.244 (index):905 UPDATE_1
16:56:55.246 (index):905 UPDATE_6
16:56:55.247 (index):941 NODEACCESSREQUESTED_9
16:56:55.248 (index):880 NODEACCESSRELEASED_1
16:56:55.251 (index):880 NODEACCESSRELEASED_6
16:56:55.252 (index):905 UPDATE_9
16:56:55.253 (index):941 NODEACCESSREQUESTED_1
16:56:55.255 (index):941 NODEACCESSREQUESTED_6
16:56:55.256 (index):880 NODEACCESSRELEASED_9
16:56:55.257 (index):905 UPDATE_1
16:56:55.260 (index):967 WAITING_6
16:56:55.261 (index):941 NODEACCESSREQUESTED_9
16:56:55.262 (index):880 NODEACCESSRELEASED_1
16:56:55.264 (index):905 UPDATE_6
16:56:55.266 (index):905 UPDATE_9
16:56:55.266 (index):941 NODEACCESSREQUESTED_1
16:56:55.269 (index):880 NODEACCESSRELEASED_6
16:56:55.270 (index):880 NODEACCESSRELEASED_9
16:56:55.271 (index):905 UPDATE_1
16:56:55.273 (index):935 ATTRIBUTEACCESSREQUESTED_6
16:56:55.275 (index):941 NODEACCESSREQUESTED_9
16:56:55.275 (index):880 NODEACCESSRELEASED_1
16:56:55.278 (index):908 UPDATE_6
16:56:55.279 (index):905 UPDATE_9
16:56:55.280 (index):935 ATTRIBUTEACCESSREQUESTED_1
16:56:55.282 (index):978 END_6
16:56:55.284 (index):880 NODEACCESSRELEASED_9
16:56:55.284 (index):908 UPDATE_1
16:56:55.288 (index):935 ATTRIBUTEACCESSREQUESTED_9
16:56:55.289 (index):884 ATTRIBUTEACCESSRELEASED_1
16:56:55.293 (index):908 UPDATE_9
16:56:55.293 (index):941 NODEACCESSREQUESTED_1
16:56:55.297 (index):978 END_9
16:56:55.298 (index):905 UPDATE_1
16:56:55.302 (index):978 END_1
