16:56:50.245 (index):1060 Tasks: 25; Collaborators: 3    =========================>
16:56:50.246 (index):941 NODEACCESSREQUESTED_0
16:56:50.246 (index):941 NODEACCESSREQUESTED_1
16:56:50.247 (index):935 ATTRIBUTEACCESSREQUESTED_2
16:56:50.251 (index):880 NODEACCESSRELEASED_0
16:56:50.251 (index):880 NODEACCESSRELEASED_1
16:56:50.252 (index):884 ATTRIBUTEACCESSRELEASED_2
16:56:50.255 (index):941 NODEACCESSREQUESTED_0
16:56:50.256 (index):941 NODEACCESSREQUESTED_1
16:56:50.257 (index):935 ATTRIBUTEACCESSREQUESTED_2
16:56:50.260 (index):905 UPDATE_0
16:56:50.261 (index):967 WAITING_1
16:56:50.262 (index):908 UPDATE_2
16:56:50.265 (index):880 NODEACCESSRELEASED_0
16:56:50.266 (index):905 UPDATE_1
16:56:50.266 (index):884 ATTRIBUTEACCESSRELEASED_2
16:56:50.270 (index):941 NODEACCESSREQUESTED_0
16:56:50.270 (index):880 NODEACCESSRELEASED_1
16:56:50.271 (index):941 NODEACCESSREQUESTED_2
16:56:50.274 (index):905 UPDATE_0
16:56:50.275 (index):941 NODEACCESSREQUESTED_1
16:56:50.276 (index):905 UPDATE_2
16:56:50.279 (index):880 NODEACCESSRELEASED_0
16:56:50.280 (index):905 UPDATE_1
16:56:50.281 (index):880 NODEACCESSRELEASED_2
16:56:50.284 (index):935 ATTRIBUTEACCESSREQUESTED_0
16:56:50.285 (index):880 NODEACCESSRELEASED_1
16:56:50.285 (index):941 NODEACCESSREQUESTED_2
16:56:50.289 (index):908 UPDATE_0
16:56:50.289 (index):941 NODEACCESSREQUESTED_1
16:56:50.290 (index):905 UPDATE_2
16:56:50.293 (index):884 ATTRIBUTEACCESSRELEASED_0
16:56:50.294 (index):905 UPDATE_1
16:56:50.295 (index):880 NODEACCESSRELEASED_2
16:56:50.298 (index):941 NODEACCESSREQUESTED_0
16:56:50.299 (index):880 NODEACCESSRELEASED_1
16:56:50.300 (index):941 NODEACCESSREQUESTED_2
16:56:50.303 (index):905 UPDATE_0
16:56:50.304 (index):941 NODEACCESSREQUESTED_1
16:56:50.305 (index):905 UPDATE_2
16:56:50.308 (index):880 NODEACCESSRELEASED_0
16:56:50.308 (index):905 UPDATE_1
16:56:50.309 (index):880 NODEACCESSRELEASED_2
16:56:50.312 (index):941 NODEACCESSREQUESTED_0
16:56:50.313 (index):880 NODEACCESSRELEASED_1
16:56:50.314 (index):935 ATTRIBUTEACCESSREQUESTED_2
16:56:50.317 (index):905 UPDATE_0
16:56:50.318 (index):935 ATTRIBUTEACCESSREQUESTED_1
16:56:50.319 (index):908 UPDATE_2
16:56:50.322 (index):880 NODEACCESSRELEASED_0
16:56:50.323 (index):967 WAITING_1
16:56:50.324 (index):884 ATTRIBUTEACCESSRELEASED_2
16:56:50.327 (index):935 ATTRIBUTEACCESSREQUESTED_0
16:56:50.328 (index):908 UPDATE_1
16:56:50.329 (index):935 ATTRIBUTEACCESSREQUESTED_2
16:56:50.332 (index):908 UPDATE_0
16:56:50.332 (index):884 ATTRIBUTEACCESSRELEASED_1
16:56:50.333 (index):908 UPDATE_2
16:56:50.336 (index):884 ATTRIBUTEACCESSRELEASED_0
16:56:50.337 (index):935 ATTRIBUTEACCESSREQUESTED_1
16:56:50.338 (index):884 ATTRIBUTEACCESSRELEASED_2
16:56:50.341 (index):941 NODEACCESSREQUESTED_0
16:56:50.342 (index):908 UPDATE_1
16:56:50.343 (index):941 NODEACCESSREQUESTED_2
16:56:50.346 (index):905 UPDATE_0
16:56:50.347 (index):884 ATTRIBUTEACCESSRELEASED_1
16:56:50.348 (index):905 UPDATE_2
16:56:50.351 (index):880 NODEACCESSRELEASED_0
16:56:50.352 (index):941 NODEACCESSREQUESTED_1
16:56:50.353 (index):880 NODEACCESSRELEASED_2
16:56:50.356 (index):941 NODEACCESSREQUESTED_0
16:56:50.357 (index):905 UPDATE_1
16:56:50.359 (index):935 ATTRIBUTEACCESSREQUESTED_2
16:56:50.361 (index):967 WAITING_0
16:56:50.362 (index):880 NODEACCESSRELEASED_1
16:56:50.363 (index):908 UPDATE_2
16:56:50.366 (index):967 WAITING_0
16:56:50.367 (index):941 NODEACCESSREQUESTED_1
16:56:50.368 (index):884 ATTRIBUTEACCESSRELEASED_2
16:56:50.370 (index):967 WAITING_0
16:56:50.371 (index):905 UPDATE_1
16:56:50.372 (index):935 ATTRIBUTEACCESSREQUESTED_2
16:56:50.375 (index):967 WAITING_0
16:56:50.376 (index):880 NODEACCESSRELEASED_1
16:56:50.377 (index):908 UPDATE_2
16:56:50.379 (index):967 WAITING_0
16:56:50.380 (index):941 NODEACCESSREQUESTED_1
16:56:50.381 (index):884 ATTRIBUTEACCESSRELEASED_2
16:56:50.384 (index):967 WAITING_0
16:56:50.385 (index):905 UPDATE_1
16:56:50.386 (index):935 ATTRIBUTEACCESSREQUESTED_2
16:56:50.388 (index):967 WAITING_0
16:56:50.389 (index):880 NODEACCESSRELEASED_1
16:56:50.390 (index):908 UPDATE_2
16:56:50.393 (index):967 WAITING_0
16:56:50.394 (index):941 NODEACCESSREQUESTED_1
16:56:50.395 (index):884 ATTRIBUTEACCESSRELEASED_2
16:56:50.397 (index):967 WAITING_0
16:56:50.398 (index):905 UPDATE_1
16:56:50.399 (index):941 NODEACCESSREQUESTED_2
16:56:50.402 (index):967 WAITING_0
16:56:50.403 (index):880 NODEACCESSRELEASED_1
16:56:50.404 (index):905 UPDATE_2
16:56:50.406 (index):967 WAITING_0
16:56:50.407 (index):941 NODEACCESSREQUESTED_1
16:56:50.408 (index):880 NODEACCESSRELEASED_2
16:56:50.411 (index):967 WAITING_0
16:56:50.412 (index):905 UPDATE_1
16:56:50.413 (index):941 NODEACCESSREQUESTED_2
16:56:50.415 (index):967 WAITING_0
16:56:50.416 (index):880 NODEACCESSRELEASED_1
16:56:50.417 (index):905 UPDATE_2
16:56:50.420 (index):967 WAITING_0
16:56:50.421 (index):935 ATTRIBUTEACCESSREQUESTED_1
16:56:50.422 (index):880 NODEACCESSRELEASED_2
16:56:50.424 (index):967 WAITING_0
16:56:50.425 (index):908 UPDATE_1
16:56:50.427 (index):941 NODEACCESSREQUESTED_2
16:56:50.429 (index):967 WAITING_0
16:56:50.430 (index):884 ATTRIBUTEACCESSRELEASED_1
16:56:50.431 (index):905 UPDATE_2
16:56:50.433 (index):967 WAITING_0
16:56:50.434 (index):941 NODEACCESSREQUESTED_1
16:56:50.436 (index):978 END_2
16:56:50.438 (index):967 WAITING_0
16:56:50.439 (index):905 UPDATE_1
16:56:50.442 (index):967 WAITING_0
16:56:50.443 (index):978 END_1
16:56:50.447 (index):905 UPDATE_0
16:56:50.452 (index):880 NODEACCESSRELEASED_0
16:56:50.457 (index):941 NODEACCESSREQUESTED_0
16:56:50.461 (index):905 UPDATE_0
16:56:50.466 (index):880 NODEACCESSRELEASED_0
16:56:50.470 (index):935 ATTRIBUTEACCESSREQUESTED_0
16:56:50.476 (index):908 UPDATE_0
16:56:50.481 (index):884 ATTRIBUTEACCESSRELEASED_0
16:56:50.487 (index):941 NODEACCESSREQUESTED_0
16:56:50.492 (index):905 UPDATE_0
16:56:50.497 (index):880 NODEACCESSRELEASED_0
16:56:50.503 (index):941 NODEACCESSREQUESTED_0
16:56:50.508 (index):905 UPDATE_0
16:56:50.512 (index):880 NODEACCESSRELEASED_0
16:56:50.517 (index):935 ATTRIBUTEACCESSREQUESTED_0
16:56:50.522 (index):908 UPDATE_0
16:56:50.527 (index):978 END_0
