16:56:57.315 (index):1444 Tasks: 25; Collaborators: 19    =========================>
16:56:57.315 (index):941 NODEACCESSREQUESTED_0
16:56:57.316 (index):941 NODEACCESSREQUESTED_1
16:56:57.316 (index):935 ATTRIBUTEACCESSREQUESTED_2
16:56:57.317 (index):935 ATTRIBUTEACCESSREQUESTED_3
16:56:57.317 (index):935 ATTRIBUTEACCESSREQUESTED_4
16:56:57.318 (index):935 ATTRIBUTEACCESSREQUESTED_5
16:56:57.318 (index):941 NODEACCESSREQUESTED_6
16:56:57.319 (index):941 NODEACCESSREQUESTED_7
16:56:57.319 (index):935 ATTRIBUTEACCESSREQUESTED_8
16:56:57.320 (index):935 ATTRIBUTEACCESSREQUESTED_9
16:56:57.320 (index):941 NODEACCESSREQUESTED_10
16:56:57.320 (index):941 NODEACCESSREQUESTED_11
16:56:57.321 (index):941 NODEACCESSREQUESTED_12
16:56:57.321 (index):941 NODEACCESSREQUESTED_13
16:56:57.322 (index):941 NODEACCESSREQUESTED_14
16:56:57.322 (index):941 NODEACCESSREQUESTED_15
16:56:57.323 (index):941 NODEACCESSREQUESTED_16
16:56:57.323 (index):935 ATTRIBUTEACCESSREQUESTED_17
16:56:57.323 (index):941 NODEACCESSREQUESTED_18
16:56:57.324 (index):880 NODEACCESSRELEASED_0
16:56:57.324 (index):880 NODEACCESSRELEASED_1
16:56:57.325 (index):884 ATTRIBUTEACCESSRELEASED_2
16:56:57.325 (index):884 ATTRIBUTEACCESSRELEASED_3
16:56:57.326 (index):884 ATTRIBUTEACCESSRELEASED_4
16:56:57.326 (index):884 ATTRIBUTEACCESSRELEASED_5
16:56:57.327 (index):880 NODEACCESSRELEASED_6
16:56:57.327 (index):880 NODEACCESSRELEASED_7
16:56:57.327 (index):884 ATTRIBUTEACCESSRELEASED_8
16:56:57.328 (index):884 ATTRIBUTEACCESSRELEASED_9
16:56:57.328 (index):880 NODEACCESSRELEASED_10
16:56:57.329 (index):880 NODEACCESSRELEASED_11
16:56:57.329 (index):880 NODEACCESSRELEASED_12
16:56:57.330 (index):880 NODEACCESSRELEASED_13
16:56:57.330 (index):880 NODEACCESSRELEASED_14
16:56:57.331 (index):880 NODEACCESSRELEASED_15
16:56:57.331 (index):880 NODEACCESSRELEASED_16
16:56:57.331 (index):884 ATTRIBUTEACCESSRELEASED_17
16:56:57.332 (index):880 NODEACCESSRELEASED_18
16:56:57.332 (index):941 NODEACCESSREQUESTED_0
16:56:57.333 (index):941 NODEACCESSREQUESTED_1
16:56:57.333 (index):935 ATTRIBUTEACCESSREQUESTED_2
16:56:57.334 (index):935 ATTRIBUTEACCESSREQUESTED_3
16:56:57.334 (index):935 ATTRIBUTEACCESSREQUESTED_4
16:56:57.335 (index):935 ATTRIBUTEACCESSREQUESTED_5
16:56:57.335 (index):941 NODEACCESSREQUESTED_6
16:56:57.335 (index):941 NODEACCESSREQUESTED_7
16:56:57.336 (index):935 ATTRIBUTEACCESSREQUESTED_8
16:56:57.336 (index):935 ATTRIBUTEACCESSREQUESTED_9
16:56:57.337 (index):941 NODEACCESSREQUESTED_10
16:56:57.337 (index):941 NODEACCESSREQUESTED_11
16:56:57.338 (index):941 NODEACCESSREQUESTED_12
16:56:57.338 (index):941 NODEACCESSREQUESTED_13
16:56:57.338 (index):941 NODEACCESSREQUESTED_14
16:56:57.339 (index):941 NODEACCESSREQUESTED_15
16:56:57.339 (index):941 NODEACCESSREQUESTED_16
16:56:57.340 (index):935 ATTRIBUTEACCESSREQUESTED_17
16:56:57.340 (index):941 NODEACCESSREQUESTED_18
16:56:57.341 (index):905 UPDATE_0
16:56:57.341 (index):905 UPDATE_1
16:56:57.342 (index):908 UPDATE_2
16:56:57.342 (index):908 UPDATE_3
16:56:57.342 (index):908 UPDATE_4
16:56:57.343 (index):967 WAITING_5
16:56:57.343 (index):905 UPDATE_6
16:56:57.344 (index):905 UPDATE_7
16:56:57.344 (index):908 UPDATE_8
16:56:57.345 (index):967 WAITING_9
16:56:57.345 (index):905 UPDATE_10
16:56:57.345 (index):967 WAITING_11
16:56:57.346 (index):967 WAITING_12
16:56:57.346 (index):967 WAITING_13
16:56:57.347 (index):967 WAITING_14
16:56:57.347 (index):967 WAITING_15
16:56:57.347 (index):905 UPDATE_16
16:56:57.348 (index):967 WAITING_17
16:56:57.348 (index):967 WAITING_18
16:56:57.349 (index):880 NODEACCESSRELEASED_0
16:56:57.349 (index):880 NODEACCESSRELEASED_1
16:56:57.350 (index):884 ATTRIBUTEACCESSRELEASED_2
16:56:57.350 (index):884 ATTRIBUTEACCESSRELEASED_3
16:56:57.351 (index):884 ATTRIBUTEACCESSRELEASED_4
16:56:57.351 (index):908 UPDATE_5
16:56:57.351 (index):880 NODEACCESSRELEASED_6
16:56:57.352 (index):880 NODEACCESSRELEASED_7
16:56:57.352 (index):884 ATTRIBUTEACCESSRELEASED_8
16:56:57.353 (index):908 UPDATE_9
16:56:57.353 (index):880 NODEACCESSRELEASED_10
16:56:57.354 (index):905 UPDATE_11
16:56:57.354 (index):905 UPDATE_12
16:56:57.355 (index):905 UPDATE_13
16:56:57.355 (index):905 UPDATE_14
16:56:57.355 (index):967 WAITING_15
16:56:57.356 (index):880 NODEACCESSRELEASED_16
16:56:57.356 (index):967 WAITING_17
16:56:57.357 (index):967 WAITING_18
16:56:57.357 (index):941 NODEACCESSREQUESTED_0
16:56:57.357 (index):941 NODEACCESSREQUESTED_1
16:56:57.358 (index):941 NODEACCESSREQUESTED_2
16:56:57.358 (index):941 NODEACCESSREQUESTED_3
16:56:57.359 (index):935 ATTRIBUTEACCESSREQUESTED_4
16:56:57.359 (index):884 ATTRIBUTEACCESSRELEASED_5
16:56:57.360 (index):941 NODEACCESSREQUESTED_6
16:56:57.360 (index):935 ATTRIBUTEACCESSREQUESTED_7
16:56:57.361 (index):941 NODEACCESSREQUESTED_8
16:56:57.361 (index):884 ATTRIBUTEACCESSRELEASED_9
16:56:57.361 (index):935 ATTRIBUTEACCESSREQUESTED_10
16:56:57.362 (index):880 NODEACCESSRELEASED_11
16:56:57.362 (index):880 NODEACCESSRELEASED_12
16:56:57.363 (index):880 NODEACCESSRELEASED_13
16:56:57.363 (index):880 NODEACCESSRELEASED_14
16:56:57.364 (index):905 UPDATE_15
16:56:57.364 (index):941 NODEACCESSREQUESTED_16
16:56:57.364 (index):908 UPDATE_17
16:56:57.365 (index):905 UPDATE_18
16:56:57.365 (index):967 WAITING_0
16:56:57.366 (index):967 WAITING_1
16:56:57.366 (index):967 WAITING_2
16:56:57.367 (index):905 UPDATE_3
16:56:57.367 (index):908 UPDATE_4
16:56:57.367 (index):941 NODEACCESSREQUESTED_5
16:56:57.368 (index):967 WAITING_6
16:56:57.368 (index):967 WAITING_7
16:56:57.369 (index):967 WAITING_8
16:56:57.369 (index):941 NODEACCESSREQUESTED_9
16:56:57.370 (index):908 UPDATE_10
16:56:57.370 (index):935 ATTRIBUTEACCESSREQUESTED_11
16:56:57.370 (index):941 NODEACCESSREQUESTED_12
16:56:57.371 (index):935 ATTRIBUTEACCESSREQUESTED_13
16:56:57.371 (index):941 NODEACCESSREQUESTED_14
16:56:57.372 (index):880 NODEACCESSRELEASED_15
16:56:57.372 (index):905 UPDATE_16
16:56:57.373 (index):884 ATTRIBUTEACCESSRELEASED_17
16:56:57.373 (index):880 NODEACCESSRELEASED_18
16:56:57.374 (index):967 WAITING_0
16:56:57.374 (index):967 WAITING_1
16:56:57.374 (index):905 UPDATE_2
16:56:57.375 (index):880 NODEACCESSRELEASED_3
16:56:57.375 (index):884 ATTRIBUTEACCESSRELEASED_4
16:56:57.376 (index):967 WAITING_5
16:56:57.376 (index):905 UPDATE_6
16:56:57.377 (index):908 UPDATE_7
16:56:57.377 (index):967 WAITING_8
16:56:57.377 (index):905 UPDATE_9
16:56:57.378 (index):884 ATTRIBUTEACCESSRELEASED_10
16:56:57.378 (index):967 WAITING_11
16:56:57.379 (index):905 UPDATE_12
16:56:57.379 (index):908 UPDATE_13
16:56:57.380 (index):967 WAITING_14
16:56:57.380 (index):941 NODEACCESSREQUESTED_15
16:56:57.380 (index):880 NODEACCESSRELEASED_16
16:56:57.381 (index):941 NODEACCESSREQUESTED_17
16:56:57.381 (index):941 NODEACCESSREQUESTED_18
16:56:57.382 (index):967 WAITING_0
16:56:57.382 (index):967 WAITING_1
16:56:57.383 (index):880 NODEACCESSRELEASED_2
16:56:57.383 (index):941 NODEACCESSREQUESTED_3
16:56:57.384 (index):941 NODEACCESSREQUESTED_4
16:56:57.384 (index):967 WAITING_5
16:56:57.384 (index):880 NODEACCESSRELEASED_6
16:56:57.385 (index):884 ATTRIBUTEACCESSRELEASED_7
16:56:57.385 (index):905 UPDATE_8
16:56:57.386 (index):880 NODEACCESSRELEASED_9
16:56:57.386 (index):935 ATTRIBUTEACCESSREQUESTED_10
16:56:57.387 (index):908 UPDATE_11
16:56:57.387 (index):880 NODEACCESSRELEASED_12
16:56:57.388 (index):884 ATTRIBUTEACCESSRELEASED_13
16:56:57.388 (index):905 UPDATE_14
16:56:57.388 (index):967 WAITING_15
16:56:57.389 (index):941 NODEACCESSREQUESTED_16
16:56:57.389 (index):905 UPDATE_17
16:56:57.390 (index):905 UPDATE_18
16:56:57.390 (index):967 WAITING_0
16:56:57.391 (index):967 WAITING_1
16:56:57.391 (index):941 NODEACCESSREQUESTED_2
16:56:57.391 (index):905 UPDATE_3
16:56:57.392 (index):905 UPDATE_4
16:56:57.392 (index):967 WAITING_5
16:56:57.393 (index):941 NODEACCESSREQUESTED_6
16:56:57.393 (index):941 NODEACCESSREQUESTED_7
16:56:57.394 (index):880 NODEACCESSRELEASED_8
16:56:57.394 (index):941 NODEACCESSREQUESTED_9
16:56:57.394 (index):908 UPDATE_10
16:56:57.395 (index):884 ATTRIBUTEACCESSRELEASED_11
16:56:57.395 (index):941 NODEACCESSREQUESTED_12
16:56:57.396 (index):941 NODEACCESSREQUESTED_13
16:56:57.396 (index):880 NODEACCESSRELEASED_14
16:56:57.397 (index):967 WAITING_15
16:56:57.397 (index):905 UPDATE_16
16:56:57.398 (index):880 NODEACCESSRELEASED_17
16:56:57.398 (index):880 NODEACCESSRELEASED_18
16:56:57.399 (index):967 WAITING_0
16:56:57.399 (index):967 WAITING_1
16:56:57.399 (index):967 WAITING_2
16:56:57.400 (index):880 NODEACCESSRELEASED_3
16:56:57.400 (index):880 NODEACCESSRELEASED_4
16:56:57.401 (index):967 WAITING_5
16:56:57.401 (index):905 UPDATE_6
16:56:57.402 (index):905 UPDATE_7
16:56:57.402 (index):941 NODEACCESSREQUESTED_8
16:56:57.403 (index):905 UPDATE_9
16:56:57.403 (index):884 ATTRIBUTEACCESSRELEASED_10
16:56:57.403 (index):935 ATTRIBUTEACCESSREQUESTED_11
16:56:57.404 (index):905 UPDATE_12
16:56:57.404 (index):967 WAITING_13
16:56:57.405 (index):941 NODEACCESSREQUESTED_14
16:56:57.405 (index):967 WAITING_15
16:56:57.406 (index):880 NODEACCESSRELEASED_16
16:56:57.406 (index):941 NODEACCESSREQUESTED_17
16:56:57.406 (index):941 NODEACCESSREQUESTED_18
16:56:57.407 (index):967 WAITING_0
16:56:57.407 (index):967 WAITING_1
16:56:57.408 (index):967 WAITING_2
16:56:57.408 (index):935 ATTRIBUTEACCESSREQUESTED_3
16:56:57.409 (index):935 ATTRIBUTEACCESSREQUESTED_4
16:56:57.409 (index):967 WAITING_5
16:56:57.409 (index):880 NODEACCESSRELEASED_6
16:56:57.410 (index):880 NODEACCESSRELEASED_7
16:56:57.411 (index):905 UPDATE_8
16:56:57.411 (index):880 NODEACCESSRELEASED_9
16:56:57.411 (index):941 NODEACCESSREQUESTED_10
16:56:57.412 (index):908 UPDATE_11
16:56:57.412 (index):880 NODEACCESSRELEASED_12
16:56:57.413 (index):905 UPDATE_13
16:56:57.413 (index):905 UPDATE_14
16:56:57.414 (index):967 WAITING_15
16:56:57.414 (index):941 NODEACCESSREQUESTED_16
16:56:57.414 (index):967 WAITING_17
16:56:57.415 (index):905 UPDATE_18
16:56:57.415 (index):967 WAITING_0
16:56:57.416 (index):967 WAITING_1
16:56:57.416 (index):967 WAITING_2
16:56:57.417 (index):908 UPDATE_3
16:56:57.417 (index):967 WAITING_4
16:56:57.417 (index):967 WAITING_5
16:56:57.418 (index):941 NODEACCESSREQUESTED_6
16:56:57.418 (index):941 NODEACCESSREQUESTED_7
16:56:57.419 (index):880 NODEACCESSRELEASED_8
16:56:57.419 (index):941 NODEACCESSREQUESTED_9
16:56:57.420 (index):905 UPDATE_10
16:56:57.420 (index):884 ATTRIBUTEACCESSRELEASED_11
16:56:57.421 (index):935 ATTRIBUTEACCESSREQUESTED_12
16:56:57.421 (index):880 NODEACCESSRELEASED_13
16:56:57.421 (index):880 NODEACCESSRELEASED_14
16:56:57.422 (index):967 WAITING_15
16:56:57.422 (index):905 UPDATE_16
16:56:57.423 (index):905 UPDATE_17
16:56:57.423 (index):880 NODEACCESSRELEASED_18
16:56:57.424 (index):967 WAITING_0
16:56:57.424 (index):967 WAITING_1
16:56:57.424 (index):967 WAITING_2
16:56:57.425 (index):884 ATTRIBUTEACCESSRELEASED_3
16:56:57.425 (index):908 UPDATE_4
16:56:57.426 (index):967 WAITING_5
16:56:57.426 (index):905 UPDATE_6
16:56:57.427 (index):905 UPDATE_7
16:56:57.427 (index):935 ATTRIBUTEACCESSREQUESTED_8
16:56:57.428 (index):967 WAITING_9
16:56:57.428 (index):880 NODEACCESSRELEASED_10
16:56:57.428 (index):941 NODEACCESSREQUESTED_11
16:56:57.429 (index):967 WAITING_12
16:56:57.429 (index):941 NODEACCESSREQUESTED_13
16:56:57.430 (index):941 NODEACCESSREQUESTED_14
16:56:57.430 (index):967 WAITING_15
16:56:57.431 (index):880 NODEACCESSRELEASED_16
16:56:57.431 (index):880 NODEACCESSRELEASED_17
16:56:57.432 (index):935 ATTRIBUTEACCESSREQUESTED_18
16:56:57.432 (index):967 WAITING_0
16:56:57.432 (index):967 WAITING_1
16:56:57.433 (index):905 UPDATE_2
16:56:57.433 (index):935 ATTRIBUTEACCESSREQUESTED_3
16:56:57.434 (index):884 ATTRIBUTEACCESSRELEASED_4
16:56:57.434 (index):967 WAITING_5
16:56:57.435 (index):880 NODEACCESSRELEASED_6
16:56:57.435 (index):880 NODEACCESSRELEASED_7
16:56:57.435 (index):908 UPDATE_8
16:56:57.436 (index):967 WAITING_9
16:56:57.436 (index):941 NODEACCESSREQUESTED_10
16:56:57.437 (index):905 UPDATE_11
16:56:57.437 (index):908 UPDATE_12
16:56:57.438 (index):967 WAITING_13
16:56:57.438 (index):905 UPDATE_14
16:56:57.438 (index):967 WAITING_15
16:56:57.439 (index):935 ATTRIBUTEACCESSREQUESTED_16
16:56:57.439 (index):935 ATTRIBUTEACCESSREQUESTED_17
16:56:57.440 (index):908 UPDATE_18
16:56:57.440 (index):967 WAITING_0
16:56:57.441 (index):967 WAITING_1
16:56:57.441 (index):880 NODEACCESSRELEASED_2
16:56:57.442 (index):908 UPDATE_3
16:56:57.442 (index):941 NODEACCESSREQUESTED_4
16:56:57.442 (index):967 WAITING_5
16:56:57.443 (index):941 NODEACCESSREQUESTED_6
16:56:57.443 (index):935 ATTRIBUTEACCESSREQUESTED_7
16:56:57.444 (index):884 ATTRIBUTEACCESSRELEASED_8
16:56:57.444 (index):967 WAITING_9
16:56:57.445 (index):905 UPDATE_10
16:56:57.445 (index):880 NODEACCESSRELEASED_11
16:56:57.445 (index):884 ATTRIBUTEACCESSRELEASED_12
16:56:57.446 (index):905 UPDATE_13
16:56:57.446 (index):880 NODEACCESSRELEASED_14
16:56:57.447 (index):967 WAITING_15
16:56:57.447 (index):967 WAITING_16
16:56:57.448 (index):908 UPDATE_17
16:56:57.448 (index):884 ATTRIBUTEACCESSRELEASED_18
16:56:57.448 (index):967 WAITING_0
16:56:57.449 (index):967 WAITING_1
16:56:57.449 (index):941 NODEACCESSREQUESTED_2
16:56:57.450 (index):884 ATTRIBUTEACCESSRELEASED_3
16:56:57.450 (index):905 UPDATE_4
16:56:57.451 (index):967 WAITING_5
16:56:57.451 (index):905 UPDATE_6
16:56:57.451 (index):967 WAITING_7
16:56:57.452 (index):941 NODEACCESSREQUESTED_8
16:56:57.452 (index):905 UPDATE_9
16:56:57.453 (index):880 NODEACCESSRELEASED_10
16:56:57.453 (index):935 ATTRIBUTEACCESSREQUESTED_11
16:56:57.454 (index):935 ATTRIBUTEACCESSREQUESTED_12
16:56:57.454 (index):880 NODEACCESSRELEASED_13
16:56:57.455 (index):941 NODEACCESSREQUESTED_14
16:56:57.455 (index):967 WAITING_15
16:56:57.455 (index):908 UPDATE_16
16:56:57.456 (index):884 ATTRIBUTEACCESSRELEASED_17
16:56:57.456 (index):941 NODEACCESSREQUESTED_18
16:56:57.457 (index):967 WAITING_0
16:56:57.457 (index):967 WAITING_1
16:56:57.458 (index):905 UPDATE_2
16:56:57.458 (index):941 NODEACCESSREQUESTED_3
16:56:57.458 (index):880 NODEACCESSRELEASED_4
16:56:57.459 (index):967 WAITING_5
16:56:57.459 (index):880 NODEACCESSRELEASED_6
16:56:57.460 (index):908 UPDATE_7
16:56:57.460 (index):967 WAITING_8
16:56:57.461 (index):880 NODEACCESSRELEASED_9
16:56:57.461 (index):935 ATTRIBUTEACCESSREQUESTED_10
16:56:57.462 (index):908 UPDATE_11
16:56:57.462 (index):908 UPDATE_12
16:56:57.462 (index):935 ATTRIBUTEACCESSREQUESTED_13
16:56:57.463 (index):905 UPDATE_14
16:56:57.463 (index):967 WAITING_15
16:56:57.464 (index):884 ATTRIBUTEACCESSRELEASED_16
16:56:57.464 (index):941 NODEACCESSREQUESTED_17
16:56:57.465 (index):905 UPDATE_18
16:56:57.465 (index):967 WAITING_0
16:56:57.465 (index):967 WAITING_1
16:56:57.466 (index):880 NODEACCESSRELEASED_2
16:56:57.466 (index):967 WAITING_3
16:56:57.467 (index):941 NODEACCESSREQUESTED_4
16:56:57.467 (index):967 WAITING_5
16:56:57.468 (index):941 NODEACCESSREQUESTED_6
16:56:57.468 (index):884 ATTRIBUTEACCESSRELEASED_7
16:56:57.468 (index):905 UPDATE_8
16:56:57.469 (index):935 ATTRIBUTEACCESSREQUESTED_9
16:56:57.469 (index):967 WAITING_10
16:56:57.470 (index):884 ATTRIBUTEACCESSRELEASED_11
16:56:57.470 (index):884 ATTRIBUTEACCESSRELEASED_12
16:56:57.471 (index):967 WAITING_13
16:56:57.471 (index):880 NODEACCESSRELEASED_14
16:56:57.472 (index):967 WAITING_15
16:56:57.472 (index):941 NODEACCESSREQUESTED_16
16:56:57.473 (index):905 UPDATE_17
16:56:57.473 (index):880 NODEACCESSRELEASED_18
16:56:57.473 (index):967 WAITING_0
16:56:57.474 (index):967 WAITING_1
16:56:57.474 (index):935 ATTRIBUTEACCESSREQUESTED_2
16:56:57.475 (index):967 WAITING_3
16:56:57.475 (index):905 UPDATE_4
16:56:57.476 (index):967 WAITING_5
16:56:57.476 (index):967 WAITING_6
16:56:57.476 (index):941 NODEACCESSREQUESTED_7
16:56:57.477 (index):880 NODEACCESSRELEASED_8
16:56:57.477 (index):908 UPDATE_9
16:56:57.478 (index):908 UPDATE_10
16:56:57.478 (index):941 NODEACCESSREQUESTED_11
16:56:57.479 (index):941 NODEACCESSREQUESTED_12
16:56:57.479 (index):967 WAITING_13
16:56:57.479 (index):935 ATTRIBUTEACCESSREQUESTED_14
16:56:57.480 (index):967 WAITING_15
16:56:57.480 (index):905 UPDATE_16
16:56:57.481 (index):880 NODEACCESSRELEASED_17
16:56:57.481 (index):941 NODEACCESSREQUESTED_18
16:56:57.482 (index):967 WAITING_0
16:56:57.482 (index):967 WAITING_1
16:56:57.482 (index):908 UPDATE_2
16:56:57.483 (index):967 WAITING_3
16:56:57.483 (index):880 NODEACCESSRELEASED_4
16:56:57.484 (index):967 WAITING_5
16:56:57.484 (index):905 UPDATE_6
16:56:57.485 (index):967 WAITING_7
16:56:57.485 (index):941 NODEACCESSREQUESTED_8
16:56:57.485 (index):884 ATTRIBUTEACCESSRELEASED_9
16:56:57.486 (index):884 ATTRIBUTEACCESSRELEASED_10
16:56:57.486 (index):967 WAITING_11
16:56:57.487 (index):905 UPDATE_12
16:56:57.487 (index):908 UPDATE_13
16:56:57.488 (index):908 UPDATE_14
16:56:57.488 (index):967 WAITING_15
16:56:57.489 (index):880 NODEACCESSRELEASED_16
16:56:57.489 (index):941 NODEACCESSREQUESTED_17
16:56:57.489 (index):905 UPDATE_18
16:56:57.490 (index):967 WAITING_0
16:56:57.490 (index):967 WAITING_1
16:56:57.491 (index):884 ATTRIBUTEACCESSRELEASED_2
16:56:57.491 (index):967 WAITING_3
16:56:57.492 (index):941 NODEACCESSREQUESTED_4
16:56:57.492 (index):967 WAITING_5
16:56:57.492 (index):880 NODEACCESSRELEASED_6
16:56:57.493 (index):905 UPDATE_7
16:56:57.493 (index):967 WAITING_8
16:56:57.494 (index):941 NODEACCESSREQUESTED_9
16:56:57.494 (index):941 NODEACCESSREQUESTED_10
16:56:57.495 (index):905 UPDATE_11
16:56:57.495 (index):880 NODEACCESSRELEASED_12
16:56:57.495 (index):884 ATTRIBUTEACCESSRELEASED_13
16:56:57.496 (index):884 ATTRIBUTEACCESSRELEASED_14
16:56:57.496 (index):967 WAITING_15
16:56:57.497 (index):941 NODEACCESSREQUESTED_16
16:56:57.497 (index):967 WAITING_17
16:56:57.498 (index):880 NODEACCESSRELEASED_18
16:56:57.498 (index):967 WAITING_0
16:56:57.499 (index):967 WAITING_1
16:56:57.499 (index):935 ATTRIBUTEACCESSREQUESTED_2
16:56:57.499 (index):967 WAITING_3
16:56:57.500 (index):905 UPDATE_4
16:56:57.500 (index):967 WAITING_5
16:56:57.501 (index):941 NODEACCESSREQUESTED_6
16:56:57.501 (index):880 NODEACCESSRELEASED_7
16:56:57.502 (index):905 UPDATE_8
16:56:57.502 (index):967 WAITING_9
16:56:57.503 (index):967 WAITING_10
16:56:57.503 (index):880 NODEACCESSRELEASED_11
16:56:57.503 (index):935 ATTRIBUTEACCESSREQUESTED_12
16:56:57.504 (index):941 NODEACCESSREQUESTED_13
16:56:57.504 (index):941 NODEACCESSREQUESTED_14
16:56:57.505 (index):967 WAITING_15
16:56:57.505 (index):967 WAITING_16
16:56:57.506 (index):967 WAITING_17
16:56:57.506 (index):941 NODEACCESSREQUESTED_18
16:56:57.506 (index):967 WAITING_0
16:56:57.507 (index):967 WAITING_1
16:56:57.507 (index):908 UPDATE_2
16:56:57.508 (index):967 WAITING_3
16:56:57.508 (index):880 NODEACCESSRELEASED_4
16:56:57.509 (index):967 WAITING_5
16:56:57.509 (index):905 UPDATE_6
16:56:57.509 (index):941 NODEACCESSREQUESTED_7
16:56:57.510 (index):880 NODEACCESSRELEASED_8
16:56:57.510 (index):905 UPDATE_9
16:56:57.511 (index):967 WAITING_10
16:56:57.511 (index):941 NODEACCESSREQUESTED_11
16:56:57.512 (index):908 UPDATE_12
16:56:57.512 (index):967 WAITING_13
16:56:57.512 (index):967 WAITING_14
16:56:57.513 (index):967 WAITING_15
16:56:57.513 (index):967 WAITING_16
16:56:57.514 (index):905 UPDATE_17
16:56:57.514 (index):967 WAITING_18
16:56:57.515 (index):967 WAITING_0
16:56:57.515 (index):967 WAITING_1
16:56:57.515 (index):884 ATTRIBUTEACCESSRELEASED_2
16:56:57.516 (index):967 WAITING_3
16:56:57.516 (index):935 ATTRIBUTEACCESSREQUESTED_4
16:56:57.517 (index):967 WAITING_5
16:56:57.517 (index):880 NODEACCESSRELEASED_6
16:56:57.518 (index):905 UPDATE_7
16:56:57.518 (index):941 NODEACCESSREQUESTED_8
16:56:57.518 (index):880 NODEACCESSRELEASED_9
16:56:57.519 (index):905 UPDATE_10
16:56:57.519 (index):967 WAITING_11
16:56:57.520 (index):884 ATTRIBUTEACCESSRELEASED_12
16:56:57.520 (index):967 WAITING_13
16:56:57.521 (index):967 WAITING_14
16:56:57.521 (index):967 WAITING_15
16:56:57.521 (index):967 WAITING_16
16:56:57.522 (index):880 NODEACCESSRELEASED_17
16:56:57.522 (index):967 WAITING_18
16:56:57.523 (index):967 WAITING_0
16:56:57.523 (index):967 WAITING_1
16:56:57.524 (index):941 NODEACCESSREQUESTED_2
16:56:57.524 (index):967 WAITING_3
16:56:57.524 (index):908 UPDATE_4
16:56:57.525 (index):967 WAITING_5
16:56:57.525 (index):941 NODEACCESSREQUESTED_6
16:56:57.526 (index):880 NODEACCESSRELEASED_7
16:56:57.526 (index):905 UPDATE_8
16:56:57.527 (index):935 ATTRIBUTEACCESSREQUESTED_9
16:56:57.527 (index):880 NODEACCESSRELEASED_10
16:56:57.528 (index):905 UPDATE_11
16:56:57.528 (index):935 ATTRIBUTEACCESSREQUESTED_12
16:56:57.528 (index):967 WAITING_13
16:56:57.529 (index):967 WAITING_14
16:56:57.529 (index):967 WAITING_15
16:56:57.530 (index):905 UPDATE_16
16:56:57.530 (index):941 NODEACCESSREQUESTED_17
16:56:57.531 (index):967 WAITING_18
16:56:57.531 (index):967 WAITING_0
16:56:57.531 (index):967 WAITING_1
16:56:57.532 (index):905 UPDATE_2
16:56:57.532 (index):967 WAITING_3
16:56:57.533 (index):884 ATTRIBUTEACCESSRELEASED_4
16:56:57.533 (index):967 WAITING_5
16:56:57.534 (index):967 WAITING_6
16:56:57.534 (index):941 NODEACCESSREQUESTED_7
16:56:57.535 (index):880 NODEACCESSRELEASED_8
16:56:57.535 (index):908 UPDATE_9
16:56:57.535 (index):941 NODEACCESSREQUESTED_10
16:56:57.536 (index):880 NODEACCESSRELEASED_11
16:56:57.536 (index):908 UPDATE_12
16:56:57.537 (index):967 WAITING_13
16:56:57.537 (index):967 WAITING_14
16:56:57.538 (index):967 WAITING_15
16:56:57.538 (index):880 NODEACCESSRELEASED_16
16:56:57.539 (index):905 UPDATE_17
16:56:57.539 (index):905 UPDATE_18
16:56:57.540 (index):967 WAITING_0
16:56:57.541 (index):967 WAITING_1
16:56:57.542 (index):880 NODEACCESSRELEASED_2
16:56:57.543 (index):967 WAITING_3
16:56:57.543 (index):941 NODEACCESSREQUESTED_4
16:56:57.544 (index):967 WAITING_5
16:56:57.544 (index):905 UPDATE_6
16:56:57.545 (index):967 WAITING_7
16:56:57.545 (index):941 NODEACCESSREQUESTED_8
16:56:57.545 (index):884 ATTRIBUTEACCESSRELEASED_9
16:56:57.546 (index):967 WAITING_10
16:56:57.546 (index):935 ATTRIBUTEACCESSREQUESTED_11
16:56:57.547 (index):884 ATTRIBUTEACCESSRELEASED_12
16:56:57.547 (index):967 WAITING_13
16:56:57.548 (index):967 WAITING_14
16:56:57.548 (index):967 WAITING_15
16:56:57.549 (index):941 NODEACCESSREQUESTED_16
16:56:57.549 (index):880 NODEACCESSRELEASED_17
16:56:57.550 (index):880 NODEACCESSRELEASED_18
16:56:57.550 (index):967 WAITING_0
16:56:57.550 (index):967 WAITING_1
16:56:57.551 (index):935 ATTRIBUTEACCESSREQUESTED_2
16:56:57.551 (index):967 WAITING_3
16:56:57.552 (index):905 UPDATE_4
16:56:57.552 (index):967 WAITING_5
16:56:57.553 (index):880 NODEACCESSRELEASED_6
16:56:57.553 (index):967 WAITING_7
16:56:57.553 (index):905 UPDATE_8
16:56:57.554 (index):941 NODEACCESSREQUESTED_9
16:56:57.554 (index):967 WAITING_10
16:56:57.555 (index):908 UPDATE_11
16:56:57.555 (index):935 ATTRIBUTEACCESSREQUESTED_12
16:56:57.556 (index):967 WAITING_13
16:56:57.556 (index):967 WAITING_14
16:56:57.556 (index):967 WAITING_15
16:56:57.557 (index):967 WAITING_16
16:56:57.557 (index):941 NODEACCESSREQUESTED_17
16:56:57.558 (index):941 NODEACCESSREQUESTED_18
16:56:57.558 (index):905 UPDATE_0
16:56:57.559 (index):967 WAITING_1
16:56:57.559 (index):908 UPDATE_2
16:56:57.559 (index):967 WAITING_3
16:56:57.560 (index):880 NODEACCESSRELEASED_4
16:56:57.560 (index):967 WAITING_5
16:56:57.561 (index):941 NODEACCESSREQUESTED_6
16:56:57.561 (index):967 WAITING_7
16:56:57.562 (index):880 NODEACCESSRELEASED_8
16:56:57.562 (index):905 UPDATE_9
16:56:57.563 (index):967 WAITING_10
16:56:57.563 (index):884 ATTRIBUTEACCESSRELEASED_11
16:56:57.563 (index):967 WAITING_12
16:56:57.564 (index):967 WAITING_13
16:56:57.564 (index):967 WAITING_14
16:56:57.565 (index):967 WAITING_15
16:56:57.565 (index):967 WAITING_16
16:56:57.566 (index):967 WAITING_17
16:56:57.566 (index):967 WAITING_18
16:56:57.566 (index):880 NODEACCESSRELEASED_0
16:56:57.567 (index):905 UPDATE_1
16:56:57.567 (index):884 ATTRIBUTEACCESSRELEASED_2
16:56:57.568 (index):967 WAITING_3
16:56:57.568 (index):935 ATTRIBUTEACCESSREQUESTED_4
16:56:57.569 (index):967 WAITING_5
16:56:57.569 (index):905 UPDATE_6
16:56:57.570 (index):967 WAITING_7
16:56:57.570 (index):941 NODEACCESSREQUESTED_8
16:56:57.571 (index):880 NODEACCESSRELEASED_9
16:56:57.571 (index):967 WAITING_10
16:56:57.572 (index):941 NODEACCESSREQUESTED_11
16:56:57.572 (index):908 UPDATE_12
16:56:57.573 (index):967 WAITING_13
16:56:57.573 (index):967 WAITING_14
16:56:57.574 (index):967 WAITING_15
16:56:57.574 (index):967 WAITING_16
16:56:57.575 (index):967 WAITING_17
16:56:57.575 (index):967 WAITING_18
16:56:57.575 (index):935 ATTRIBUTEACCESSREQUESTED_0
16:56:57.576 (index):880 NODEACCESSRELEASED_1
16:56:57.576 (index):935 ATTRIBUTEACCESSREQUESTED_2
16:56:57.577 (index):967 WAITING_3
16:56:57.577 (index):967 WAITING_4
16:56:57.578 (index):967 WAITING_5
16:56:57.578 (index):880 NODEACCESSRELEASED_6
16:56:57.579 (index):967 WAITING_7
16:56:57.579 (index):905 UPDATE_8
16:56:57.579 (index):941 NODEACCESSREQUESTED_9
16:56:57.580 (index):967 WAITING_10
16:56:57.580 (index):967 WAITING_11
16:56:57.581 (index):884 ATTRIBUTEACCESSRELEASED_12
16:56:57.581 (index):967 WAITING_13
16:56:57.582 (index):905 UPDATE_14
16:56:57.582 (index):967 WAITING_15
16:56:57.582 (index):967 WAITING_16
16:56:57.583 (index):967 WAITING_17
16:56:57.583 (index):967 WAITING_18
16:56:57.584 (index):908 UPDATE_0
16:56:57.584 (index):941 NODEACCESSREQUESTED_1
16:56:57.585 (index):908 UPDATE_2
16:56:57.585 (index):967 WAITING_3
16:56:57.585 (index):908 UPDATE_4
16:56:57.586 (index):967 WAITING_5
16:56:57.586 (index):935 ATTRIBUTEACCESSREQUESTED_6
16:56:57.587 (index):967 WAITING_7
16:56:57.587 (index):880 NODEACCESSRELEASED_8
16:56:57.588 (index):967 WAITING_9
16:56:57.588 (index):967 WAITING_10
16:56:57.589 (index):967 WAITING_11
16:56:57.589 (index):935 ATTRIBUTEACCESSREQUESTED_12
16:56:57.589 (index):967 WAITING_13
16:56:57.590 (index):880 NODEACCESSRELEASED_14
16:56:57.590 (index):967 WAITING_15
16:56:57.591 (index):967 WAITING_16
16:56:57.591 (index):905 UPDATE_17
16:56:57.592 (index):967 WAITING_18
16:56:57.592 (index):884 ATTRIBUTEACCESSRELEASED_0
16:56:57.592 (index):905 UPDATE_1
16:56:57.593 (index):884 ATTRIBUTEACCESSRELEASED_2
16:56:57.593 (index):967 WAITING_3
16:56:57.594 (index):884 ATTRIBUTEACCESSRELEASED_4
16:56:57.594 (index):967 WAITING_5
16:56:57.595 (index):908 UPDATE_6
16:56:57.595 (index):905 UPDATE_7
16:56:57.595 (index):941 NODEACCESSREQUESTED_8
16:56:57.596 (index):967 WAITING_9
16:56:57.596 (index):967 WAITING_10
16:56:57.597 (index):967 WAITING_11
16:56:57.597 (index):908 UPDATE_12
16:56:57.598 (index):967 WAITING_13
16:56:57.598 (index):941 NODEACCESSREQUESTED_14
16:56:57.598 (index):967 WAITING_15
16:56:57.599 (index):967 WAITING_16
16:56:57.599 (index):880 NODEACCESSRELEASED_17
16:56:57.600 (index):967 WAITING_18
16:56:57.600 (index):941 NODEACCESSREQUESTED_0
16:56:57.601 (index):880 NODEACCESSRELEASED_1
16:56:57.601 (index):935 ATTRIBUTEACCESSREQUESTED_2
16:56:57.601 (index):967 WAITING_3
16:56:57.602 (index):935 ATTRIBUTEACCESSREQUESTED_4
16:56:57.602 (index):967 WAITING_5
16:56:57.603 (index):884 ATTRIBUTEACCESSRELEASED_6
16:56:57.603 (index):880 NODEACCESSRELEASED_7
16:56:57.604 (index):905 UPDATE_8
16:56:57.604 (index):967 WAITING_9
16:56:57.604 (index):905 UPDATE_10
16:56:57.605 (index):967 WAITING_11
16:56:57.605 (index):884 ATTRIBUTEACCESSRELEASED_12
16:56:57.606 (index):967 WAITING_13
16:56:57.606 (index):905 UPDATE_14
16:56:57.607 (index):967 WAITING_15
16:56:57.607 (index):967 WAITING_16
16:56:57.608 (index):941 NODEACCESSREQUESTED_17
16:56:57.608 (index):905 UPDATE_18
16:56:57.608 (index):905 UPDATE_0
16:56:57.609 (index):941 NODEACCESSREQUESTED_1
16:56:57.609 (index):908 UPDATE_2
16:56:57.610 (index):967 WAITING_3
16:56:57.610 (index):908 UPDATE_4
16:56:57.611 (index):967 WAITING_5
16:56:57.611 (index):941 NODEACCESSREQUESTED_6
16:56:57.611 (index):935 ATTRIBUTEACCESSREQUESTED_7
16:56:57.612 (index):880 NODEACCESSRELEASED_8
16:56:57.612 (index):967 WAITING_9
16:56:57.613 (index):880 NODEACCESSRELEASED_10
16:56:57.613 (index):905 UPDATE_11
16:56:57.613 (index):941 NODEACCESSREQUESTED_12
16:56:57.614 (index):967 WAITING_13
16:56:57.614 (index):880 NODEACCESSRELEASED_14
16:56:57.615 (index):967 WAITING_15
16:56:57.615 (index):967 WAITING_16
16:56:57.616 (index):905 UPDATE_17
16:56:57.616 (index):880 NODEACCESSRELEASED_18
16:56:57.616 (index):880 NODEACCESSRELEASED_0
16:56:57.617 (index):905 UPDATE_1
16:56:57.617 (index):884 ATTRIBUTEACCESSRELEASED_2
16:56:57.618 (index):967 WAITING_3
16:56:57.618 (index):884 ATTRIBUTEACCESSRELEASED_4
16:56:57.619 (index):967 WAITING_5
16:56:57.619 (index):967 WAITING_6
16:56:57.619 (index):908 UPDATE_7
16:56:57.620 (index):935 ATTRIBUTEACCESSREQUESTED_8
16:56:57.620 (index):967 WAITING_9
16:56:57.621 (index):941 NODEACCESSREQUESTED_10
16:56:57.621 (index):880 NODEACCESSRELEASED_11
16:56:57.622 (index):905 UPDATE_12
16:56:57.622 (index):967 WAITING_13
16:56:57.622 (index):935 ATTRIBUTEACCESSREQUESTED_14
16:56:57.623 (index):967 WAITING_15
16:56:57.623 (index):967 WAITING_16
16:56:57.624 (index):880 NODEACCESSRELEASED_17
16:56:57.624 (index):941 NODEACCESSREQUESTED_18
16:56:57.624 (index):941 NODEACCESSREQUESTED_0
16:56:57.625 (index):880 NODEACCESSRELEASED_1
16:56:57.625 (index):941 NODEACCESSREQUESTED_2
16:56:57.626 (index):967 WAITING_3
16:56:57.626 (index):941 NODEACCESSREQUESTED_4
16:56:57.627 (index):967 WAITING_5
16:56:57.627 (index):905 UPDATE_6
16:56:57.627 (index):884 ATTRIBUTEACCESSRELEASED_7
16:56:57.628 (index):908 UPDATE_8
16:56:57.628 (index):967 WAITING_9
16:56:57.629 (index):905 UPDATE_10
16:56:57.629 (index):941 NODEACCESSREQUESTED_11
16:56:57.630 (index):880 NODEACCESSRELEASED_12
16:56:57.630 (index):967 WAITING_13
16:56:57.630 (index):908 UPDATE_14
16:56:57.631 (index):967 WAITING_15
16:56:57.631 (index):967 WAITING_16
16:56:57.632 (index):935 ATTRIBUTEACCESSREQUESTED_17
16:56:57.632 (index):905 UPDATE_18
16:56:57.633 (index):905 UPDATE_0
16:56:57.633 (index):935 ATTRIBUTEACCESSREQUESTED_1
16:56:57.633 (index):967 WAITING_2
16:56:57.634 (index):967 WAITING_3
16:56:57.634 (index):967 WAITING_4
16:56:57.635 (index):967 WAITING_5
16:56:57.635 (index):880 NODEACCESSRELEASED_6
16:56:57.636 (index):941 NODEACCESSREQUESTED_7
16:56:57.636 (index):884 ATTRIBUTEACCESSRELEASED_8
16:56:57.636 (index):905 UPDATE_9
16:56:57.637 (index):880 NODEACCESSRELEASED_10
16:56:57.637 (index):967 WAITING_11
16:56:57.638 (index):941 NODEACCESSREQUESTED_12
16:56:57.638 (index):967 WAITING_13
16:56:57.639 (index):884 ATTRIBUTEACCESSRELEASED_14
16:56:57.639 (index):967 WAITING_15
16:56:57.639 (index):967 WAITING_16
16:56:57.640 (index):908 UPDATE_17
16:56:57.640 (index):880 NODEACCESSRELEASED_18
16:56:57.641 (index):880 NODEACCESSRELEASED_0
16:56:57.641 (index):908 UPDATE_1
16:56:57.641 (index):905 UPDATE_2
16:56:57.642 (index):967 WAITING_3
16:56:57.642 (index):967 WAITING_4
16:56:57.643 (index):967 WAITING_5
16:56:57.643 (index):941 NODEACCESSREQUESTED_6
16:56:57.644 (index):967 WAITING_7
16:56:57.644 (index):941 NODEACCESSREQUESTED_8
16:56:57.644 (index):880 NODEACCESSRELEASED_9
16:56:57.645 (index):935 ATTRIBUTEACCESSREQUESTED_10
16:56:57.645 (index):905 UPDATE_11
16:56:57.646 (index):967 WAITING_12
16:56:57.646 (index):967 WAITING_13
16:56:57.647 (index):935 ATTRIBUTEACCESSREQUESTED_14
16:56:57.647 (index):967 WAITING_15
16:56:57.647 (index):967 WAITING_16
16:56:57.648 (index):884 ATTRIBUTEACCESSRELEASED_17
16:56:57.648 (index):935 ATTRIBUTEACCESSREQUESTED_18
16:56:57.649 (index):935 ATTRIBUTEACCESSREQUESTED_0
16:56:57.649 (index):884 ATTRIBUTEACCESSRELEASED_1
16:56:57.650 (index):880 NODEACCESSRELEASED_2
16:56:57.650 (index):967 WAITING_3
16:56:57.650 (index):967 WAITING_4
16:56:57.651 (index):967 WAITING_5
16:56:57.651 (index):967 WAITING_6
16:56:57.652 (index):905 UPDATE_7
16:56:57.652 (index):967 WAITING_8
16:56:57.653 (index):941 NODEACCESSREQUESTED_9
16:56:57.653 (index):908 UPDATE_10
16:56:57.653 (index):880 NODEACCESSRELEASED_11
16:56:57.654 (index):905 UPDATE_12
16:56:57.654 (index):967 WAITING_13
16:56:57.655 (index):908 UPDATE_14
16:56:57.655 (index):967 WAITING_15
16:56:57.656 (index):967 WAITING_16
16:56:57.657 (index):941 NODEACCESSREQUESTED_17
16:56:57.657 (index):967 WAITING_18
16:56:57.658 (index):908 UPDATE_0
16:56:57.658 (index):935 ATTRIBUTEACCESSREQUESTED_1
16:56:57.659 (index):941 NODEACCESSREQUESTED_2
16:56:57.659 (index):967 WAITING_3
16:56:57.660 (index):905 UPDATE_4
16:56:57.660 (index):967 WAITING_5
16:56:57.661 (index):967 WAITING_6
16:56:57.661 (index):880 NODEACCESSRELEASED_7
16:56:57.662 (index):967 WAITING_8
16:56:57.662 (index):905 UPDATE_9
16:56:57.663 (index):884 ATTRIBUTEACCESSRELEASED_10
16:56:57.663 (index):941 NODEACCESSREQUESTED_11
16:56:57.664 (index):880 NODEACCESSRELEASED_12
16:56:57.664 (index):967 WAITING_13
16:56:57.665 (index):884 ATTRIBUTEACCESSRELEASED_14
16:56:57.665 (index):967 WAITING_15
16:56:57.665 (index):967 WAITING_16
16:56:57.666 (index):967 WAITING_17
16:56:57.666 (index):908 UPDATE_18
16:56:57.667 (index):884 ATTRIBUTEACCESSRELEASED_0
16:56:57.667 (index):908 UPDATE_1
16:56:57.668 (index):905 UPDATE_2
16:56:57.668 (index):967 WAITING_3
16:56:57.669 (index):880 NODEACCESSRELEASED_4
16:56:57.669 (index):967 WAITING_5
16:56:57.669 (index):967 WAITING_6
16:56:57.670 (index):941 NODEACCESSREQUESTED_7
16:56:57.670 (index):905 UPDATE_8
16:56:57.671 (index):880 NODEACCESSRELEASED_9
16:56:57.671 (index):941 NODEACCESSREQUESTED_10
16:56:57.672 (index):905 UPDATE_11
16:56:57.672 (index):941 NODEACCESSREQUESTED_12
16:56:57.673 (index):967 WAITING_13
16:56:57.673 (index):941 NODEACCESSREQUESTED_14
16:56:57.674 (index):967 WAITING_15
16:56:57.674 (index):967 WAITING_16
16:56:57.675 (index):905 UPDATE_17
16:56:57.675 (index):884 ATTRIBUTEACCESSRELEASED_18
16:56:57.675 (index):941 NODEACCESSREQUESTED_0
16:56:57.676 (index):884 ATTRIBUTEACCESSRELEASED_1
16:56:57.676 (index):880 NODEACCESSRELEASED_2
16:56:57.677 (index):967 WAITING_3
16:56:57.677 (index):941 NODEACCESSREQUESTED_4
16:56:57.678 (index):967 WAITING_5
16:56:57.678 (index):967 WAITING_6
16:56:57.679 (index):905 UPDATE_7
16:56:57.679 (index):880 NODEACCESSRELEASED_8
16:56:57.680 (index):941 NODEACCESSREQUESTED_9
16:56:57.680 (index):967 WAITING_10
16:56:57.680 (index):880 NODEACCESSRELEASED_11
16:56:57.681 (index):905 UPDATE_12
16:56:57.681 (index):967 WAITING_13
16:56:57.682 (index):905 UPDATE_14
16:56:57.682 (index):967 WAITING_15
16:56:57.683 (index):967 WAITING_16
16:56:57.683 (index):880 NODEACCESSRELEASED_17
16:56:57.684 (index):941 NODEACCESSREQUESTED_18
16:56:57.684 (index):967 WAITING_0
16:56:57.685 (index):941 NODEACCESSREQUESTED_1
16:56:57.685 (index):941 NODEACCESSREQUESTED_2
16:56:57.685 (index):967 WAITING_3
16:56:57.686 (index):905 UPDATE_4
16:56:57.686 (index):967 WAITING_5
16:56:57.687 (index):967 WAITING_6
16:56:57.687 (index):880 NODEACCESSRELEASED_7
16:56:57.688 (index):935 ATTRIBUTEACCESSREQUESTED_8
16:56:57.688 (index):967 WAITING_9
16:56:57.689 (index):905 UPDATE_10
16:56:57.689 (index):935 ATTRIBUTEACCESSREQUESTED_11
16:56:57.689 (index):978 END_12
16:56:57.690 (index):967 WAITING_13
16:56:57.690 (index):880 NODEACCESSRELEASED_14
16:56:57.691 (index):967 WAITING_15
16:56:57.691 (index):967 WAITING_16
16:56:57.692 (index):941 NODEACCESSREQUESTED_17
16:56:57.692 (index):967 WAITING_18
16:56:57.693 (index):905 UPDATE_0
16:56:57.693 (index):967 WAITING_1
16:56:57.694 (index):967 WAITING_2
16:56:57.694 (index):967 WAITING_3
16:56:57.694 (index):978 END_4
16:56:57.695 (index):967 WAITING_5
16:56:57.695 (index):967 WAITING_6
16:56:57.696 (index):935 ATTRIBUTEACCESSREQUESTED_7
16:56:57.696 (index):908 UPDATE_8
16:56:57.697 (index):967 WAITING_9
16:56:57.697 (index):880 NODEACCESSRELEASED_10
16:56:57.698 (index):908 UPDATE_11
16:56:57.698 (index):967 WAITING_13
16:56:57.698 (index):941 NODEACCESSREQUESTED_14
16:56:57.699 (index):967 WAITING_15
16:56:57.699 (index):967 WAITING_16
16:56:57.700 (index):967 WAITING_17
16:56:57.700 (index):967 WAITING_18
16:56:57.701 (index):880 NODEACCESSRELEASED_0
16:56:57.701 (index):967 WAITING_1
16:56:57.702 (index):905 UPDATE_2
16:56:57.702 (index):967 WAITING_3
16:56:57.702 (index):967 WAITING_5
16:56:57.703 (index):967 WAITING_6
16:56:57.703 (index):967 WAITING_7
16:56:57.704 (index):978 END_8
16:56:57.704 (index):905 UPDATE_9
16:56:57.705 (index):941 NODEACCESSREQUESTED_10
16:56:57.705 (index):884 ATTRIBUTEACCESSRELEASED_11
16:56:57.706 (index):967 WAITING_13
16:56:57.706 (index):905 UPDATE_14
16:56:57.706 (index):967 WAITING_15
16:56:57.707 (index):967 WAITING_16
16:56:57.707 (index):967 WAITING_17
16:56:57.708 (index):967 WAITING_18
16:56:57.708 (index):941 NODEACCESSREQUESTED_0
16:56:57.709 (index):967 WAITING_1
16:56:57.709 (index):978 END_2
16:56:57.710 (index):967 WAITING_3
16:56:57.710 (index):967 WAITING_5
16:56:57.711 (index):967 WAITING_6
16:56:57.711 (index):908 UPDATE_7
16:56:57.711 (index):880 NODEACCESSRELEASED_9
16:56:57.712 (index):905 UPDATE_10
16:56:57.712 (index):941 NODEACCESSREQUESTED_11
16:56:57.713 (index):967 WAITING_13
16:56:57.713 (index):880 NODEACCESSRELEASED_14
16:56:57.714 (index):967 WAITING_15
16:56:57.714 (index):967 WAITING_16
16:56:57.715 (index):967 WAITING_17
16:56:57.715 (index):905 UPDATE_18
16:56:57.716 (index):967 WAITING_0
16:56:57.716 (index):967 WAITING_1
16:56:57.716 (index):967 WAITING_3
16:56:57.717 (index):967 WAITING_5
16:56:57.717 (index):967 WAITING_6
16:56:57.718 (index):884 ATTRIBUTEACCESSRELEASED_7
16:56:57.718 (index):941 NODEACCESSREQUESTED_9
16:56:57.719 (index):880 NODEACCESSRELEASED_10
16:56:57.719 (index):967 WAITING_11
16:56:57.720 (index):967 WAITING_13
16:56:57.720 (index):935 ATTRIBUTEACCESSREQUESTED_14
16:56:57.720 (index):967 WAITING_15
16:56:57.721 (index):967 WAITING_16
16:56:57.721 (index):967 WAITING_17
16:56:57.722 (index):880 NODEACCESSRELEASED_18
16:56:57.722 (index):967 WAITING_0
16:56:57.723 (index):967 WAITING_1
16:56:57.723 (index):967 WAITING_3
16:56:57.724 (index):967 WAITING_5
16:56:57.724 (index):967 WAITING_6
16:56:57.725 (index):941 NODEACCESSREQUESTED_7
16:56:57.725 (index):905 UPDATE_9
16:56:57.725 (index):935 ATTRIBUTEACCESSREQUESTED_10
16:56:57.726 (index):967 WAITING_11
16:56:57.726 (index):967 WAITING_13
16:56:57.727 (index):908 UPDATE_14
16:56:57.727 (index):967 WAITING_15
16:56:57.728 (index):905 UPDATE_16
16:56:57.728 (index):967 WAITING_17
16:56:57.729 (index):935 ATTRIBUTEACCESSREQUESTED_18
16:56:57.729 (index):967 WAITING_0
16:56:57.729 (index):967 WAITING_1
16:56:57.730 (index):967 WAITING_3
16:56:57.730 (index):967 WAITING_5
16:56:57.731 (index):967 WAITING_6
16:56:57.731 (index):967 WAITING_7
16:56:57.732 (index):880 NODEACCESSRELEASED_9
16:56:57.732 (index):967 WAITING_10
16:56:57.733 (index):967 WAITING_11
16:56:57.733 (index):967 WAITING_13
16:56:57.733 (index):978 END_14
16:56:57.734 (index):967 WAITING_15
16:56:57.734 (index):880 NODEACCESSRELEASED_16
16:56:57.735 (index):967 WAITING_17
16:56:57.735 (index):908 UPDATE_18
16:56:57.736 (index):905 UPDATE_0
16:56:57.736 (index):905 UPDATE_1
16:56:57.737 (index):967 WAITING_3
16:56:57.737 (index):967 WAITING_5
16:56:57.738 (index):967 WAITING_6
16:56:57.738 (index):905 UPDATE_7
16:56:57.738 (index):935 ATTRIBUTEACCESSREQUESTED_9
16:56:57.739 (index):908 UPDATE_10
16:56:57.739 (index):967 WAITING_11
16:56:57.740 (index):967 WAITING_13
16:56:57.740 (index):967 WAITING_15
16:56:57.741 (index):941 NODEACCESSREQUESTED_16
16:56:57.741 (index):967 WAITING_17
16:56:57.742 (index):884 ATTRIBUTEACCESSRELEASED_18
16:56:57.742 (index):880 NODEACCESSRELEASED_0
16:56:57.742 (index):880 NODEACCESSRELEASED_1
16:56:57.743 (index):967 WAITING_3
16:56:57.743 (index):967 WAITING_5
16:56:57.744 (index):967 WAITING_6
16:56:57.744 (index):978 END_7
16:56:57.745 (index):908 UPDATE_9
16:56:57.745 (index):978 END_10
16:56:57.746 (index):967 WAITING_11
16:56:57.746 (index):967 WAITING_13
16:56:57.746 (index):967 WAITING_15
16:56:57.747 (index):905 UPDATE_16
16:56:57.747 (index):905 UPDATE_17
16:56:57.748 (index):935 ATTRIBUTEACCESSREQUESTED_18
16:56:57.748 (index):941 NODEACCESSREQUESTED_0
16:56:57.749 (index):941 NODEACCESSREQUESTED_1
16:56:57.749 (index):967 WAITING_3
16:56:57.750 (index):967 WAITING_5
16:56:57.750 (index):967 WAITING_6
16:56:57.750 (index):978 END_9
16:56:57.751 (index):967 WAITING_11
16:56:57.751 (index):967 WAITING_13
16:56:57.752 (index):967 WAITING_15
16:56:57.752 (index):880 NODEACCESSRELEASED_16
16:56:57.753 (index):880 NODEACCESSRELEASED_17
16:56:57.753 (index):908 UPDATE_18
16:56:57.754 (index):905 UPDATE_0
16:56:57.754 (index):967 WAITING_1
16:56:57.755 (index):967 WAITING_3
16:56:57.755 (index):967 WAITING_5
16:56:57.755 (index):967 WAITING_6
16:56:57.756 (index):967 WAITING_11
16:56:57.756 (index):967 WAITING_13
16:56:57.757 (index):967 WAITING_15
16:56:57.757 (index):941 NODEACCESSREQUESTED_16
16:56:57.758 (index):941 NODEACCESSREQUESTED_17
16:56:57.758 (index):978 END_18
16:56:57.759 (index):880 NODEACCESSRELEASED_0
16:56:57.759 (index):967 WAITING_1
16:56:57.760 (index):967 WAITING_3
16:56:57.760 (index):967 WAITING_5
16:56:57.760 (index):967 WAITING_6
16:56:57.761 (index):967 WAITING_11
16:56:57.761 (index):967 WAITING_13
16:56:57.762 (index):967 WAITING_15
16:56:57.762 (index):905 UPDATE_16
16:56:57.763 (index):905 UPDATE_17
16:56:57.763 (index):935 ATTRIBUTEACCESSREQUESTED_0
16:56:57.764 (index):967 WAITING_1
16:56:57.764 (index):967 WAITING_3
16:56:57.765 (index):967 WAITING_5
16:56:57.765 (index):967 WAITING_6
16:56:57.765 (index):967 WAITING_11
16:56:57.766 (index):967 WAITING_13
16:56:57.766 (index):967 WAITING_15
16:56:57.767 (index):880 NODEACCESSRELEASED_16
16:56:57.767 (index):978 END_17
16:56:57.768 (index):908 UPDATE_0
16:56:57.768 (index):967 WAITING_1
16:56:57.769 (index):967 WAITING_3
16:56:57.769 (index):967 WAITING_5
16:56:57.770 (index):967 WAITING_6
16:56:57.770 (index):967 WAITING_11
16:56:57.770 (index):967 WAITING_13
16:56:57.771 (index):967 WAITING_15
16:56:57.771 (index):941 NODEACCESSREQUESTED_16
16:56:57.772 (index):884 ATTRIBUTEACCESSRELEASED_0
16:56:57.773 (index):967 WAITING_1
16:56:57.773 (index):967 WAITING_3
16:56:57.774 (index):967 WAITING_5
16:56:57.774 (index):967 WAITING_6
16:56:57.774 (index):967 WAITING_11
16:56:57.775 (index):967 WAITING_13
16:56:57.775 (index):967 WAITING_15
16:56:57.776 (index):905 UPDATE_16
16:56:57.777 (index):941 NODEACCESSREQUESTED_0
16:56:57.777 (index):967 WAITING_1
16:56:57.778 (index):967 WAITING_3
16:56:57.778 (index):967 WAITING_5
16:56:57.779 (index):967 WAITING_6
16:56:57.779 (index):967 WAITING_11
16:56:57.780 (index):967 WAITING_13
16:56:57.780 (index):967 WAITING_15
16:56:57.781 (index):880 NODEACCESSRELEASED_16
16:56:57.781 (index):905 UPDATE_0
16:56:57.782 (index):967 WAITING_1
16:56:57.782 (index):967 WAITING_3
16:56:57.783 (index):967 WAITING_5
16:56:57.783 (index):967 WAITING_6
16:56:57.784 (index):967 WAITING_11
16:56:57.784 (index):967 WAITING_13
16:56:57.785 (index):967 WAITING_15
16:56:57.785 (index):941 NODEACCESSREQUESTED_16
16:56:57.786 (index):880 NODEACCESSRELEASED_0
16:56:57.786 (index):967 WAITING_1
16:56:57.787 (index):967 WAITING_3
16:56:57.787 (index):905 UPDATE_5
16:56:57.788 (index):967 WAITING_6
16:56:57.788 (index):967 WAITING_11
16:56:57.789 (index):967 WAITING_13
16:56:57.789 (index):967 WAITING_15
16:56:57.789 (index):967 WAITING_16
16:56:57.790 (index):941 NODEACCESSREQUESTED_0
16:56:57.791 (index):967 WAITING_1
16:56:57.791 (index):967 WAITING_3
16:56:57.792 (index):880 NODEACCESSRELEASED_5
16:56:57.792 (index):967 WAITING_6
16:56:57.793 (index):967 WAITING_11
16:56:57.793 (index):967 WAITING_13
16:56:57.793 (index):905 UPDATE_15
16:56:57.794 (index):967 WAITING_16
16:56:57.795 (index):967 WAITING_0
16:56:57.795 (index):967 WAITING_1
16:56:57.796 (index):967 WAITING_3
16:56:57.796 (index):941 NODEACCESSREQUESTED_5
16:56:57.797 (index):967 WAITING_6
16:56:57.797 (index):967 WAITING_11
16:56:57.797 (index):967 WAITING_13
16:56:57.798 (index):880 NODEACCESSRELEASED_15
16:56:57.798 (index):967 WAITING_16
16:56:57.799 (index):967 WAITING_0
16:56:57.800 (index):967 WAITING_1
16:56:57.800 (index):905 UPDATE_3
16:56:57.801 (index):967 WAITING_5
16:56:57.801 (index):967 WAITING_6
16:56:57.802 (index):967 WAITING_11
16:56:57.802 (index):967 WAITING_13
16:56:57.802 (index):941 NODEACCESSREQUESTED_15
16:56:57.803 (index):967 WAITING_16
16:56:57.804 (index):967 WAITING_0
16:56:57.804 (index):967 WAITING_1
16:56:57.805 (index):880 NODEACCESSRELEASED_3
16:56:57.805 (index):967 WAITING_5
16:56:57.806 (index):967 WAITING_6
16:56:57.807 (index):967 WAITING_11
16:56:57.807 (index):905 UPDATE_13
16:56:57.808 (index):967 WAITING_15
16:56:57.808 (index):967 WAITING_16
16:56:57.809 (index):967 WAITING_0
16:56:57.810 (index):967 WAITING_1
16:56:57.810 (index):935 ATTRIBUTEACCESSREQUESTED_3
16:56:57.811 (index):967 WAITING_5
16:56:57.811 (index):967 WAITING_6
16:56:57.812 (index):967 WAITING_11
16:56:57.813 (index):880 NODEACCESSRELEASED_13
16:56:57.813 (index):967 WAITING_15
16:56:57.814 (index):967 WAITING_16
16:56:57.814 (index):967 WAITING_0
16:56:57.815 (index):967 WAITING_1
16:56:57.815 (index):967 WAITING_3
16:56:57.816 (index):967 WAITING_5
16:56:57.817 (index):905 UPDATE_6
16:56:57.817 (index):967 WAITING_11
16:56:57.818 (index):941 NODEACCESSREQUESTED_13
16:56:57.818 (index):967 WAITING_15
16:56:57.819 (index):967 WAITING_16
16:56:57.820 (index):967 WAITING_0
16:56:57.820 (index):967 WAITING_1
16:56:57.821 (index):967 WAITING_3
16:56:57.821 (index):967 WAITING_5
16:56:57.822 (index):880 NODEACCESSRELEASED_6
16:56:57.822 (index):905 UPDATE_11
16:56:57.823 (index):967 WAITING_13
16:56:57.824 (index):967 WAITING_15
16:56:57.824 (index):967 WAITING_16
16:56:57.825 (index):967 WAITING_0
16:56:57.825 (index):967 WAITING_1
16:56:57.826 (index):967 WAITING_3
16:56:57.827 (index):967 WAITING_5
16:56:57.827 (index):935 ATTRIBUTEACCESSREQUESTED_6
16:56:57.828 (index):978 END_11
16:56:57.828 (index):967 WAITING_13
16:56:57.829 (index):967 WAITING_15
16:56:57.830 (index):967 WAITING_16
16:56:57.830 (index):967 WAITING_0
16:56:57.831 (index):905 UPDATE_1
16:56:57.831 (index):967 WAITING_3
16:56:57.832 (index):967 WAITING_5
16:56:57.832 (index):967 WAITING_6
16:56:57.833 (index):967 WAITING_13
16:56:57.834 (index):967 WAITING_15
16:56:57.834 (index):967 WAITING_16
16:56:57.835 (index):967 WAITING_0
16:56:57.835 (index):880 NODEACCESSRELEASED_1
16:56:57.836 (index):908 UPDATE_3
16:56:57.837 (index):905 UPDATE_5
16:56:57.837 (index):967 WAITING_6
16:56:57.838 (index):967 WAITING_13
16:56:57.838 (index):967 WAITING_15
16:56:57.839 (index):905 UPDATE_16
16:56:57.839 (index):967 WAITING_0
16:56:57.840 (index):941 NODEACCESSREQUESTED_1
16:56:57.841 (index):884 ATTRIBUTEACCESSRELEASED_3
16:56:57.841 (index):880 NODEACCESSRELEASED_5
16:56:57.842 (index):908 UPDATE_6
16:56:57.842 (index):967 WAITING_13
16:56:57.843 (index):967 WAITING_15
16:56:57.844 (index):880 NODEACCESSRELEASED_16
16:56:57.844 (index):967 WAITING_0
16:56:57.845 (index):905 UPDATE_1
16:56:57.845 (index):941 NODEACCESSREQUESTED_3
16:56:57.846 (index):935 ATTRIBUTEACCESSREQUESTED_5
16:56:57.846 (index):978 END_6
16:56:57.847 (index):967 WAITING_13
16:56:57.848 (index):967 WAITING_15
16:56:57.848 (index):935 ATTRIBUTEACCESSREQUESTED_16
16:56:57.849 (index):967 WAITING_0
16:56:57.849 (index):880 NODEACCESSRELEASED_1
16:56:57.850 (index):905 UPDATE_3
16:56:57.851 (index):908 UPDATE_5
16:56:57.852 (index):967 WAITING_13
16:56:57.852 (index):967 WAITING_15
16:56:57.853 (index):908 UPDATE_16
16:56:57.853 (index):905 UPDATE_0
16:56:57.854 (index):941 NODEACCESSREQUESTED_1
16:56:57.855 (index):880 NODEACCESSRELEASED_3
16:56:57.855 (index):884 ATTRIBUTEACCESSRELEASED_5
16:56:57.856 (index):967 WAITING_13
16:56:57.857 (index):967 WAITING_15
16:56:57.857 (index):978 END_16
16:56:57.858 (index):880 NODEACCESSRELEASED_0
16:56:57.859 (index):905 UPDATE_1
16:56:57.859 (index):941 NODEACCESSREQUESTED_3
16:56:57.860 (index):941 NODEACCESSREQUESTED_5
16:56:57.861 (index):967 WAITING_13
16:56:57.861 (index):905 UPDATE_15
16:56:57.863 (index):935 ATTRIBUTEACCESSREQUESTED_0
16:56:57.863 (index):880 NODEACCESSRELEASED_1
16:56:57.864 (index):967 WAITING_3
16:56:57.864 (index):905 UPDATE_5
16:56:57.865 (index):967 WAITING_13
16:56:57.866 (index):880 NODEACCESSRELEASED_15
16:56:57.867 (index):908 UPDATE_0
16:56:57.868 (index):941 NODEACCESSREQUESTED_1
16:56:57.868 (index):967 WAITING_3
16:56:57.869 (index):880 NODEACCESSRELEASED_5
16:56:57.870 (index):905 UPDATE_13
16:56:57.870 (index):941 NODEACCESSREQUESTED_15
16:56:57.872 (index):978 END_0
16:56:57.872 (index):967 WAITING_1
16:56:57.873 (index):967 WAITING_3
16:56:57.874 (index):941 NODEACCESSREQUESTED_5
16:56:57.874 (index):880 NODEACCESSRELEASED_13
16:56:57.875 (index):967 WAITING_15
16:56:57.877 (index):967 WAITING_1
16:56:57.878 (index):905 UPDATE_3
16:56:57.878 (index):905 UPDATE_5
16:56:57.879 (index):941 NODEACCESSREQUESTED_13
16:56:57.879 (index):967 WAITING_15
16:56:57.881 (index):967 WAITING_1
16:56:57.882 (index):880 NODEACCESSRELEASED_3
16:56:57.883 (index):880 NODEACCESSRELEASED_5
16:56:57.883 (index):905 UPDATE_13
16:56:57.884 (index):967 WAITING_15
16:56:57.886 (index):905 UPDATE_1
16:56:57.887 (index):941 NODEACCESSREQUESTED_3
16:56:57.887 (index):941 NODEACCESSREQUESTED_5
16:56:57.888 (index):880 NODEACCESSRELEASED_13
16:56:57.889 (index):967 WAITING_15
16:56:57.891 (index):880 NODEACCESSRELEASED_1
16:56:57.891 (index):967 WAITING_3
16:56:57.892 (index):967 WAITING_5
16:56:57.893 (index):935 ATTRIBUTEACCESSREQUESTED_13
16:56:57.893 (index):905 UPDATE_15
16:56:57.895 (index):935 ATTRIBUTEACCESSREQUESTED_1
16:56:57.896 (index):967 WAITING_3
16:56:57.896 (index):967 WAITING_5
16:56:57.897 (index):908 UPDATE_13
16:56:57.898 (index):880 NODEACCESSRELEASED_15
16:56:57.900 (index):908 UPDATE_1
16:56:57.900 (index):905 UPDATE_3
16:56:57.901 (index):967 WAITING_5
16:56:57.902 (index):884 ATTRIBUTEACCESSRELEASED_13
16:56:57.902 (index):935 ATTRIBUTEACCESSREQUESTED_15
16:56:57.904 (index):884 ATTRIBUTEACCESSRELEASED_1
16:56:57.905 (index):880 NODEACCESSRELEASED_3
16:56:57.906 (index):967 WAITING_5
16:56:57.906 (index):941 NODEACCESSREQUESTED_13
16:56:57.907 (index):908 UPDATE_15
16:56:57.909 (index):941 NODEACCESSREQUESTED_1
16:56:57.909 (index):941 NODEACCESSREQUESTED_3
16:56:57.910 (index):967 WAITING_5
16:56:57.911 (index):905 UPDATE_13
16:56:57.911 (index):884 ATTRIBUTEACCESSRELEASED_15
16:56:57.913 (index):905 UPDATE_1
16:56:57.914 (index):905 UPDATE_3
16:56:57.915 (index):967 WAITING_5
16:56:57.915 (index):880 NODEACCESSRELEASED_13
16:56:57.916 (index):941 NODEACCESSREQUESTED_15
16:56:57.918 (index):978 END_1
16:56:57.918 (index):880 NODEACCESSRELEASED_3
16:56:57.919 (index):967 WAITING_5
16:56:57.920 (index):941 NODEACCESSREQUESTED_13
16:56:57.921 (index):905 UPDATE_15
16:56:57.923 (index):935 ATTRIBUTEACCESSREQUESTED_3
16:56:57.924 (index):967 WAITING_5
16:56:57.924 (index):905 UPDATE_13
16:56:57.925 (index):880 NODEACCESSRELEASED_15
16:56:57.927 (index):908 UPDATE_3
16:56:57.928 (index):967 WAITING_5
16:56:57.929 (index):880 NODEACCESSRELEASED_13
16:56:57.930 (index):941 NODEACCESSREQUESTED_15
16:56:57.932 (index):884 ATTRIBUTEACCESSRELEASED_3
16:56:57.933 (index):967 WAITING_5
16:56:57.934 (index):935 ATTRIBUTEACCESSREQUESTED_13
16:56:57.934 (index):905 UPDATE_15
16:56:57.937 (index):935 ATTRIBUTEACCESSREQUESTED_3
16:56:57.937 (index):967 WAITING_5
16:56:57.938 (index):908 UPDATE_13
16:56:57.939 (index):880 NODEACCESSRELEASED_15
16:56:57.941 (index):908 UPDATE_3
16:56:57.942 (index):967 WAITING_5
16:56:57.943 (index):884 ATTRIBUTEACCESSRELEASED_13
16:56:57.943 (index):941 NODEACCESSREQUESTED_15
16:56:57.946 (index):978 END_3
16:56:57.946 (index):967 WAITING_5
16:56:57.947 (index):941 NODEACCESSREQUESTED_13
16:56:57.948 (index):905 UPDATE_15
16:56:57.951 (index):967 WAITING_5
16:56:57.952 (index):905 UPDATE_13
16:56:57.952 (index):880 NODEACCESSRELEASED_15
16:56:57.955 (index):967 WAITING_5
16:56:57.956 (index):978 END_13
16:56:57.957 (index):935 ATTRIBUTEACCESSREQUESTED_15
16:56:57.960 (index):905 UPDATE_5
16:56:57.962 (index):967 WAITING_15
16:56:57.964 (index):880 NODEACCESSRELEASED_5
16:56:57.966 (index):908 UPDATE_15
16:56:57.969 (index):935 ATTRIBUTEACCESSREQUESTED_5
16:56:57.971 (index):884 ATTRIBUTEACCESSRELEASED_15
16:56:57.974 (index):908 UPDATE_5
16:56:57.975 (index):941 NODEACCESSREQUESTED_15
16:56:57.978 (index):884 ATTRIBUTEACCESSRELEASED_5
16:56:57.980 (index):905 UPDATE_15
16:56:57.983 (index):941 NODEACCESSREQUESTED_5
16:56:57.984 (index):880 NODEACCESSRELEASED_15
16:56:57.987 (index):905 UPDATE_5
16:56:57.989 (index):941 NODEACCESSREQUESTED_15
16:56:57.992 (index):880 NODEACCESSRELEASED_5
16:56:57.995 (index):905 UPDATE_15
16:56:57.996 (index):935 ATTRIBUTEACCESSREQUESTED_5
16:56:58.000 (index):880 NODEACCESSRELEASED_15
16:56:58.001 (index):908 UPDATE_5
16:56:58.005 (index):941 NODEACCESSREQUESTED_15
16:56:58.006 (index):884 ATTRIBUTEACCESSRELEASED_5
16:56:58.009 (index):905 UPDATE_15
16:56:58.010 (index):941 NODEACCESSREQUESTED_5
16:56:58.014 (index):880 NODEACCESSRELEASED_15
16:56:58.015 (index):905 UPDATE_5
16:56:58.018 (index):941 NODEACCESSREQUESTED_15
16:56:58.019 (index):880 NODEACCESSRELEASED_5
16:56:58.023 (index):905 UPDATE_15
16:56:58.024 (index):941 NODEACCESSREQUESTED_5
16:56:58.028 (index):978 END_15
16:56:58.028 (index):905 UPDATE_5
16:56:58.033 (index):880 NODEACCESSRELEASED_5
16:56:58.037 (index):941 NODEACCESSREQUESTED_5
16:56:58.042 (index):905 UPDATE_5
16:56:58.046 (index):978 END_5