16:56:52.131 (index):1144 Tasks: 25; Collaborators: 9    =========================>
16:56:52.132 (index):941 NODEACCESSREQUESTED_0
16:56:52.132 (index):941 NODEACCESSREQUESTED_1
16:56:52.133 (index):935 ATTRIBUTEACCESSREQUESTED_2
16:56:52.134 (index):935 ATTRIBUTEACCESSREQUESTED_3
16:56:52.134 (index):935 ATTRIBUTEACCESSREQUESTED_4
16:56:52.135 (index):935 ATTRIBUTEACCESSREQUESTED_5
16:56:52.136 (index):941 NODEACCESSREQUESTED_6
16:56:52.136 (index):941 NODEACCESSREQUESTED_7
16:56:52.137 (index):935 ATTRIBUTEACCESSREQUESTED_8
16:56:52.138 (index):880 NODEACCESSRELEASED_0
16:56:52.138 (index):880 NODEACCESSRELEASED_1
16:56:52.139 (index):884 ATTRIBUTEACCESSRELEASED_2
16:56:52.140 (index):884 ATTRIBUTEACCESSRELEASED_3
16:56:52.140 (index):884 ATTRIBUTEACCESSRELEASED_4
16:56:52.141 (index):884 ATTRIBUTEACCESSRELEASED_5
16:56:52.142 (index):880 NODEACCESSRELEASED_6
16:56:52.142 (index):880 NODEACCESSRELEASED_7
16:56:52.143 (index):884 ATTRIBUTEACCESSRELEASED_8
16:56:52.144 (index):941 NODEACCESSREQUESTED_0
16:56:52.144 (index):941 NODEACCESSREQUESTED_1
16:56:52.145 (index):935 ATTRIBUTEACCESSREQUESTED_2
16:56:52.146 (index):935 ATTRIBUTEACCESSREQUESTED_3
16:56:52.146 (index):935 ATTRIBUTEACCESSREQUESTED_4
16:56:52.147 (index):935 ATTRIBUTEACCESSREQUESTED_5
16:56:52.148 (index):941 NODEACCESSREQUESTED_6
16:56:52.148 (index):941 NODEACCESSREQUESTED_7
16:56:52.149 (index):935 ATTRIBUTEACCESSREQUESTED_8
16:56:52.150 (index):905 UPDATE_0
16:56:52.150 (index):905 UPDATE_1
16:56:52.151 (index):908 UPDATE_2
16:56:52.152 (index):967 WAITING_3
16:56:52.152 (index):908 UPDATE_4
16:56:52.153 (index):967 WAITING_5
16:56:52.154 (index):905 UPDATE_6
16:56:52.154 (index):967 WAITING_7
16:56:52.155 (index):908 UPDATE_8
16:56:52.156 (index):880 NODEACCESSRELEASED_0
16:56:52.156 (index):880 NODEACCESSRELEASED_1
16:56:52.157 (index):884 ATTRIBUTEACCESSRELEASED_2
16:56:52.158 (index):908 UPDATE_3
16:56:52.158 (index):884 ATTRIBUTEACCESSRELEASED_4
16:56:52.159 (index):908 UPDATE_5
16:56:52.160 (index):880 NODEACCESSRELEASED_6
16:56:52.160 (index):905 UPDATE_7
16:56:52.161 (index):884 ATTRIBUTEACCESSRELEASED_8
16:56:52.162 (index):941 NODEACCESSREQUESTED_0
16:56:52.162 (index):941 NODEACCESSREQUESTED_1
16:56:52.163 (index):941 NODEACCESSREQUESTED_2
16:56:52.164 (index):884 ATTRIBUTEACCESSRELEASED_3
16:56:52.164 (index):935 ATTRIBUTEACCESSREQUESTED_4
16:56:52.165 (index):884 ATTRIBUTEACCESSRELEASED_5
16:56:52.166 (index):941 NODEACCESSREQUESTED_6
16:56:52.166 (index):880 NODEACCESSRELEASED_7
16:56:52.167 (index):941 NODEACCESSREQUESTED_8
16:56:52.168 (index):905 UPDATE_0
16:56:52.168 (index):905 UPDATE_1
16:56:52.169 (index):905 UPDATE_2
16:56:52.170 (index):941 NODEACCESSREQUESTED_3
16:56:52.171 (index):908 UPDATE_4
16:56:52.171 (index):941 NODEACCESSREQUESTED_5
16:56:52.172 (index):905 UPDATE_6
16:56:52.172 (index):935 ATTRIBUTEACCESSREQUESTED_7
16:56:52.173 (index):905 UPDATE_8
16:56:52.174 (index):880 NODEACCESSRELEASED_0
16:56:52.175 (index):880 NODEACCESSRELEASED_1
16:56:52.175 (index):880 NODEACCESSRELEASED_2
16:56:52.176 (index):905 UPDATE_3
16:56:52.177 (index):884 ATTRIBUTEACCESSRELEASED_4
16:56:52.177 (index):967 WAITING_5
16:56:52.178 (index):880 NODEACCESSRELEASED_6
16:56:52.179 (index):908 UPDATE_7
16:56:52.179 (index):880 NODEACCESSRELEASED_8
16:56:52.180 (index):935 ATTRIBUTEACCESSREQUESTED_0
16:56:52.181 (index):941 NODEACCESSREQUESTED_1
16:56:52.181 (index):941 NODEACCESSREQUESTED_2
16:56:52.182 (index):880 NODEACCESSRELEASED_3
16:56:52.183 (index):941 NODEACCESSREQUESTED_4
16:56:52.183 (index):905 UPDATE_5
16:56:52.184 (index):941 NODEACCESSREQUESTED_6
16:56:52.185 (index):884 ATTRIBUTEACCESSRELEASED_7
16:56:52.186 (index):941 NODEACCESSREQUESTED_8
16:56:52.186 (index):908 UPDATE_0
16:56:52.187 (index):905 UPDATE_1
16:56:52.188 (index):905 UPDATE_2
16:56:52.188 (index):941 NODEACCESSREQUESTED_3
16:56:52.189 (index):967 WAITING_4
16:56:52.190 (index):880 NODEACCESSRELEASED_5
16:56:52.190 (index):967 WAITING_6
16:56:52.191 (index):941 NODEACCESSREQUESTED_7
16:56:52.192 (index):967 WAITING_8
16:56:52.192 (index):884 ATTRIBUTEACCESSRELEASED_0
16:56:52.193 (index):880 NODEACCESSRELEASED_1
16:56:52.194 (index):880 NODEACCESSRELEASED_2
16:56:52.194 (index):967 WAITING_3
16:56:52.195 (index):905 UPDATE_4
16:56:52.196 (index):941 NODEACCESSREQUESTED_5
16:56:52.196 (index):967 WAITING_6
16:56:52.197 (index):967 WAITING_7
16:56:52.198 (index):905 UPDATE_8
16:56:52.198 (index):941 NODEACCESSREQUESTED_0
16:56:52.199 (index):941 NODEACCESSREQUESTED_1
16:56:52.200 (index):941 NODEACCESSREQUESTED_2
16:56:52.200 (index):967 WAITING_3
16:56:52.201 (index):880 NODEACCESSRELEASED_4
16:56:52.202 (index):905 UPDATE_5
16:56:52.202 (index):967 WAITING_6
16:56:52.203 (index):967 WAITING_7
16:56:52.204 (index):880 NODEACCESSRELEASED_8
16:56:52.204 (index):967 WAITING_0
16:56:52.205 (index):905 UPDATE_1
16:56:52.206 (index):905 UPDATE_2
16:56:52.206 (index):967 WAITING_3
16:56:52.207 (index):935 ATTRIBUTEACCESSREQUESTED_4
16:56:52.208 (index):880 NODEACCESSRELEASED_5
16:56:52.209 (index):967 WAITING_6
16:56:52.209 (index):967 WAITING_7
16:56:52.210 (index):935 ATTRIBUTEACCESSREQUESTED_8
16:56:52.211 (index):967 WAITING_0
16:56:52.211 (index):880 NODEACCESSRELEASED_1
16:56:52.212 (index):880 NODEACCESSRELEASED_2
16:56:52.213 (index):905 UPDATE_3
16:56:52.213 (index):908 UPDATE_4
16:56:52.214 (index):935 ATTRIBUTEACCESSREQUESTED_5
16:56:52.215 (index):967 WAITING_6
16:56:52.215 (index):967 WAITING_7
16:56:52.216 (index):908 UPDATE_8
16:56:52.217 (index):967 WAITING_0
16:56:52.218 (index):935 ATTRIBUTEACCESSREQUESTED_1
16:56:52.218 (index):935 ATTRIBUTEACCESSREQUESTED_2
16:56:52.219 (index):880 NODEACCESSRELEASED_3
16:56:52.220 (index):884 ATTRIBUTEACCESSRELEASED_4
16:56:52.220 (index):908 UPDATE_5
16:56:52.221 (index):967 WAITING_6
16:56:52.222 (index):905 UPDATE_7
16:56:52.223 (index):884 ATTRIBUTEACCESSRELEASED_8
16:56:52.223 (index):967 WAITING_0
16:56:52.224 (index):908 UPDATE_1
16:56:52.225 (index):908 UPDATE_2
16:56:52.225 (index):935 ATTRIBUTEACCESSREQUESTED_3
16:56:52.227 (index):941 NODEACCESSREQUESTED_4
16:56:52.228 (index):884 ATTRIBUTEACCESSRELEASED_5
16:56:52.229 (index):967 WAITING_6
16:56:52.230 (index):880 NODEACCESSRELEASED_7
16:56:52.230 (index):941 NODEACCESSREQUESTED_8
16:56:52.231 (index):905 UPDATE_0
16:56:52.231 (index):884 ATTRIBUTEACCESSRELEASED_1
16:56:52.232 (index):884 ATTRIBUTEACCESSRELEASED_2
16:56:52.232 (index):908 UPDATE_3
16:56:52.232 (index):967 WAITING_4
16:56:52.233 (index):941 NODEACCESSREQUESTED_5
16:56:52.234 (index):967 WAITING_6
16:56:52.234 (index):941 NODEACCESSREQUESTED_7
16:56:52.235 (index):967 WAITING_8
16:56:52.236 (index):880 NODEACCESSRELEASED_0
16:56:52.237 (index):935 ATTRIBUTEACCESSREQUESTED_1
16:56:52.239 (index):935 ATTRIBUTEACCESSREQUESTED_2
16:56:52.240 (index):884 ATTRIBUTEACCESSRELEASED_3
16:56:52.242 (index):905 UPDATE_4
16:56:52.243 (index):967 WAITING_5
16:56:52.243 (index):967 WAITING_6
16:56:52.244 (index):905 UPDATE_7
16:56:52.245 (index):905 UPDATE_8
16:56:52.246 (index):941 NODEACCESSREQUESTED_0
16:56:52.247 (index):908 UPDATE_1
16:56:52.247 (index):908 UPDATE_2
16:56:52.248 (index):935 ATTRIBUTEACCESSREQUESTED_3
16:56:52.249 (index):880 NODEACCESSRELEASED_4
16:56:52.249 (index):967 WAITING_5
16:56:52.250 (index):967 WAITING_6
16:56:52.250 (index):880 NODEACCESSRELEASED_7
16:56:52.251 (index):880 NODEACCESSRELEASED_8
16:56:52.251 (index):905 UPDATE_0
16:56:52.252 (index):884 ATTRIBUTEACCESSRELEASED_1
16:56:52.252 (index):884 ATTRIBUTEACCESSRELEASED_2
16:56:52.253 (index):908 UPDATE_3
16:56:52.253 (index):941 NODEACCESSREQUESTED_4
16:56:52.254 (index):967 WAITING_5
16:56:52.254 (index):967 WAITING_6
16:56:52.255 (index):935 ATTRIBUTEACCESSREQUESTED_7
16:56:52.255 (index):941 NODEACCESSREQUESTED_8
16:56:52.256 (index):880 NODEACCESSRELEASED_0
16:56:52.256 (index):941 NODEACCESSREQUESTED_1
16:56:52.257 (index):941 NODEACCESSREQUESTED_2
16:56:52.258 (index):884 ATTRIBUTEACCESSRELEASED_3
16:56:52.258 (index):905 UPDATE_4
16:56:52.258 (index):905 UPDATE_5
16:56:52.259 (index):967 WAITING_6
16:56:52.259 (index):908 UPDATE_7
16:56:52.260 (index):905 UPDATE_8
16:56:52.260 (index):935 ATTRIBUTEACCESSREQUESTED_0
16:56:52.261 (index):967 WAITING_1
16:56:52.261 (index):967 WAITING_2
16:56:52.262 (index):941 NODEACCESSREQUESTED_3
16:56:52.262 (index):880 NODEACCESSRELEASED_4
16:56:52.263 (index):880 NODEACCESSRELEASED_5
16:56:52.263 (index):967 WAITING_6
16:56:52.264 (index):884 ATTRIBUTEACCESSRELEASED_7
16:56:52.264 (index):880 NODEACCESSRELEASED_8
16:56:52.265 (index):908 UPDATE_0
16:56:52.265 (index):905 UPDATE_1
16:56:52.266 (index):905 UPDATE_2
16:56:52.267 (index):905 UPDATE_3
16:56:52.267 (index):941 NODEACCESSREQUESTED_4
16:56:52.267 (index):941 NODEACCESSREQUESTED_5
16:56:52.268 (index):967 WAITING_6
16:56:52.268 (index):941 NODEACCESSREQUESTED_7
16:56:52.269 (index):941 NODEACCESSREQUESTED_8
16:56:52.269 (index):884 ATTRIBUTEACCESSRELEASED_0
16:56:52.270 (index):880 NODEACCESSRELEASED_1
16:56:52.270 (index):880 NODEACCESSRELEASED_2
16:56:52.271 (index):880 NODEACCESSRELEASED_3
16:56:52.271 (index):905 UPDATE_4
16:56:52.272 (index):905 UPDATE_5
16:56:52.272 (index):967 WAITING_6
16:56:52.273 (index):905 UPDATE_7
16:56:52.273 (index):905 UPDATE_8
16:56:52.274 (index):941 NODEACCESSREQUESTED_0
16:56:52.274 (index):941 NODEACCESSREQUESTED_1
16:56:52.275 (index):935 ATTRIBUTEACCESSREQUESTED_2
16:56:52.275 (index):935 ATTRIBUTEACCESSREQUESTED_3
16:56:52.276 (index):880 NODEACCESSRELEASED_4
16:56:52.276 (index):880 NODEACCESSRELEASED_5
16:56:52.277 (index):967 WAITING_6
16:56:52.277 (index):880 NODEACCESSRELEASED_7
16:56:52.278 (index):880 NODEACCESSRELEASED_8
16:56:52.278 (index):905 UPDATE_0
16:56:52.279 (index):905 UPDATE_1
16:56:52.279 (index):908 UPDATE_2
16:56:52.280 (index):908 UPDATE_3
16:56:52.280 (index):935 ATTRIBUTEACCESSREQUESTED_4
16:56:52.281 (index):941 NODEACCESSREQUESTED_5
16:56:52.281 (index):967 WAITING_6
16:56:52.282 (index):941 NODEACCESSREQUESTED_7
16:56:52.282 (index):941 NODEACCESSREQUESTED_8
16:56:52.283 (index):880 NODEACCESSRELEASED_0
16:56:52.283 (index):880 NODEACCESSRELEASED_1
16:56:52.284 (index):884 ATTRIBUTEACCESSRELEASED_2
16:56:52.284 (index):884 ATTRIBUTEACCESSRELEASED_3
16:56:52.285 (index):908 UPDATE_4
16:56:52.285 (index):905 UPDATE_5
16:56:52.286 (index):967 WAITING_6
16:56:52.286 (index):905 UPDATE_7
16:56:52.287 (index):967 WAITING_8
16:56:52.287 (index):941 NODEACCESSREQUESTED_0
16:56:52.288 (index):941 NODEACCESSREQUESTED_1
16:56:52.288 (index):935 ATTRIBUTEACCESSREQUESTED_2
16:56:52.289 (index):941 NODEACCESSREQUESTED_3
16:56:52.289 (index):884 ATTRIBUTEACCESSRELEASED_4
16:56:52.290 (index):880 NODEACCESSRELEASED_5
16:56:52.290 (index):967 WAITING_6
16:56:52.291 (index):880 NODEACCESSRELEASED_7
16:56:52.291 (index):905 UPDATE_8
16:56:52.292 (index):905 UPDATE_0
16:56:52.292 (index):967 WAITING_1
16:56:52.292 (index):908 UPDATE_2
16:56:52.293 (index):967 WAITING_3
16:56:52.294 (index):941 NODEACCESSREQUESTED_4
16:56:52.294 (index):935 ATTRIBUTEACCESSREQUESTED_5
16:56:52.295 (index):967 WAITING_6
16:56:52.295 (index):941 NODEACCESSREQUESTED_7
16:56:52.296 (index):880 NODEACCESSRELEASED_8
16:56:52.296 (index):880 NODEACCESSRELEASED_0
16:56:52.297 (index):905 UPDATE_1
16:56:52.297 (index):884 ATTRIBUTEACCESSRELEASED_2
16:56:52.298 (index):967 WAITING_3
16:56:52.298 (index):905 UPDATE_4
16:56:52.299 (index):908 UPDATE_5
16:56:52.299 (index):967 WAITING_6
16:56:52.300 (index):905 UPDATE_7
16:56:52.300 (index):941 NODEACCESSREQUESTED_8
16:56:52.301 (index):941 NODEACCESSREQUESTED_0
16:56:52.301 (index):880 NODEACCESSRELEASED_1
16:56:52.301 (index):935 ATTRIBUTEACCESSREQUESTED_2
16:56:52.302 (index):905 UPDATE_3
16:56:52.303 (index):880 NODEACCESSRELEASED_4
16:56:52.303 (index):884 ATTRIBUTEACCESSRELEASED_5
16:56:52.304 (index):967 WAITING_6
16:56:52.304 (index):880 NODEACCESSRELEASED_7
16:56:52.305 (index):905 UPDATE_8
16:56:52.305 (index):905 UPDATE_0
16:56:52.306 (index):941 NODEACCESSREQUESTED_1
16:56:52.306 (index):908 UPDATE_2
16:56:52.307 (index):880 NODEACCESSRELEASED_3
16:56:52.307 (index):935 ATTRIBUTEACCESSREQUESTED_4
16:56:52.308 (index):941 NODEACCESSREQUESTED_5
16:56:52.308 (index):967 WAITING_6
16:56:52.309 (index):935 ATTRIBUTEACCESSREQUESTED_7
16:56:52.309 (index):880 NODEACCESSRELEASED_8
16:56:52.310 (index):880 NODEACCESSRELEASED_0
16:56:52.310 (index):905 UPDATE_1
16:56:52.311 (index):884 ATTRIBUTEACCESSRELEASED_2
16:56:52.312 (index):941 NODEACCESSREQUESTED_3
16:56:52.312 (index):908 UPDATE_4
16:56:52.312 (index):967 WAITING_5
16:56:52.313 (index):967 WAITING_6
16:56:52.313 (index):908 UPDATE_7
16:56:52.314 (index):941 NODEACCESSREQUESTED_8
16:56:52.314 (index):935 ATTRIBUTEACCESSREQUESTED_0
16:56:52.315 (index):880 NODEACCESSRELEASED_1
16:56:52.315 (index):941 NODEACCESSREQUESTED_2
16:56:52.316 (index):905 UPDATE_3
16:56:52.316 (index):884 ATTRIBUTEACCESSRELEASED_4
16:56:52.317 (index):905 UPDATE_5
16:56:52.317 (index):967 WAITING_6
16:56:52.318 (index):884 ATTRIBUTEACCESSRELEASED_7
16:56:52.318 (index):905 UPDATE_8
16:56:52.319 (index):908 UPDATE_0
16:56:52.319 (index):941 NODEACCESSREQUESTED_1
16:56:52.320 (index):905 UPDATE_2
16:56:52.320 (index):880 NODEACCESSRELEASED_3
16:56:52.321 (index):935 ATTRIBUTEACCESSREQUESTED_4
16:56:52.321 (index):880 NODEACCESSRELEASED_5
16:56:52.322 (index):967 WAITING_6
16:56:52.322 (index):941 NODEACCESSREQUESTED_7
16:56:52.323 (index):880 NODEACCESSRELEASED_8
16:56:52.323 (index):884 ATTRIBUTEACCESSRELEASED_0
16:56:52.324 (index):905 UPDATE_1
16:56:52.324 (index):880 NODEACCESSRELEASED_2
16:56:52.325 (index):941 NODEACCESSREQUESTED_3
16:56:52.325 (index):908 UPDATE_4
16:56:52.326 (index):935 ATTRIBUTEACCESSREQUESTED_5
16:56:52.326 (index):967 WAITING_6
16:56:52.327 (index):905 UPDATE_7
16:56:52.327 (index):935 ATTRIBUTEACCESSREQUESTED_8
16:56:52.328 (index):941 NODEACCESSREQUESTED_0
16:56:52.328 (index):880 NODEACCESSRELEASED_1
16:56:52.329 (index):941 NODEACCESSREQUESTED_2
16:56:52.329 (index):905 UPDATE_3
16:56:52.330 (index):884 ATTRIBUTEACCESSRELEASED_4
16:56:52.330 (index):908 UPDATE_5
16:56:52.331 (index):967 WAITING_6
16:56:52.331 (index):880 NODEACCESSRELEASED_7
16:56:52.332 (index):908 UPDATE_8
16:56:52.332 (index):905 UPDATE_0
16:56:52.333 (index):935 ATTRIBUTEACCESSREQUESTED_1
16:56:52.333 (index):967 WAITING_2
16:56:52.334 (index):880 NODEACCESSRELEASED_3
16:56:52.334 (index):941 NODEACCESSREQUESTED_4
16:56:52.335 (index):884 ATTRIBUTEACCESSRELEASED_5
16:56:52.335 (index):967 WAITING_6
16:56:52.336 (index):941 NODEACCESSREQUESTED_7
16:56:52.336 (index):884 ATTRIBUTEACCESSRELEASED_8
16:56:52.337 (index):880 NODEACCESSRELEASED_0
16:56:52.337 (index):908 UPDATE_1
16:56:52.338 (index):967 WAITING_2
16:56:52.338 (index):941 NODEACCESSREQUESTED_3
16:56:52.339 (index):905 UPDATE_4
16:56:52.339 (index):941 NODEACCESSREQUESTED_5
16:56:52.340 (index):967 WAITING_6
16:56:52.340 (index):905 UPDATE_7
16:56:52.341 (index):941 NODEACCESSREQUESTED_8
16:56:52.341 (index):941 NODEACCESSREQUESTED_0
16:56:52.342 (index):884 ATTRIBUTEACCESSRELEASED_1
16:56:52.342 (index):967 WAITING_2
16:56:52.343 (index):967 WAITING_3
16:56:52.343 (index):880 NODEACCESSRELEASED_4
16:56:52.344 (index):905 UPDATE_5
16:56:52.344 (index):967 WAITING_6
16:56:52.345 (index):880 NODEACCESSRELEASED_7
16:56:52.345 (index):967 WAITING_8
16:56:52.346 (index):905 UPDATE_0
16:56:52.346 (index):941 NODEACCESSREQUESTED_1
16:56:52.347 (index):967 WAITING_2
16:56:52.347 (index):905 UPDATE_3
16:56:52.348 (index):941 NODEACCESSREQUESTED_4
16:56:52.348 (index):880 NODEACCESSRELEASED_5
16:56:52.349 (index):967 WAITING_6
16:56:52.349 (index):935 ATTRIBUTEACCESSREQUESTED_7
16:56:52.350 (index):967 WAITING_8
16:56:52.350 (index):880 NODEACCESSRELEASED_0
16:56:52.351 (index):905 UPDATE_1
16:56:52.351 (index):967 WAITING_2
16:56:52.352 (index):880 NODEACCESSRELEASED_3
16:56:52.352 (index):967 WAITING_4
16:56:52.353 (index):941 NODEACCESSREQUESTED_5
16:56:52.353 (index):967 WAITING_6
16:56:52.354 (index):908 UPDATE_7
16:56:52.354 (index):967 WAITING_8
16:56:52.355 (index):935 ATTRIBUTEACCESSREQUESTED_0
16:56:52.355 (index):978 END_1
16:56:52.356 (index):967 WAITING_2
16:56:52.356 (index):935 ATTRIBUTEACCESSREQUESTED_3
16:56:52.357 (index):905 UPDATE_4
16:56:52.357 (index):905 UPDATE_5
16:56:52.358 (index):967 WAITING_6
16:56:52.358 (index):884 ATTRIBUTEACCESSRELEASED_7
16:56:52.359 (index):967 WAITING_8
16:56:52.359 (index):908 UPDATE_0
16:56:52.360 (index):967 WAITING_2
16:56:52.361 (index):908 UPDATE_3
16:56:52.361 (index):978 END_4
16:56:52.362 (index):880 NODEACCESSRELEASED_5
16:56:52.362 (index):967 WAITING_6
16:56:52.363 (index):941 NODEACCESSREQUESTED_7
16:56:52.363 (index):967 WAITING_8
16:56:52.364 (index):978 END_0
16:56:52.365 (index):967 WAITING_2
16:56:52.365 (index):884 ATTRIBUTEACCESSRELEASED_3
16:56:52.366 (index):941 NODEACCESSREQUESTED_5
16:56:52.367 (index):967 WAITING_6
16:56:52.367 (index):905 UPDATE_7
16:56:52.368 (index):967 WAITING_8
16:56:52.369 (index):967 WAITING_2
16:56:52.370 (index):935 ATTRIBUTEACCESSREQUESTED_3
16:56:52.371 (index):967 WAITING_5
16:56:52.371 (index):967 WAITING_6
16:56:52.372 (index):978 END_7
16:56:52.372 (index):967 WAITING_8
16:56:52.374 (index):967 WAITING_2
16:56:52.374 (index):908 UPDATE_3
16:56:52.375 (index):905 UPDATE_5
16:56:52.376 (index):967 WAITING_6
16:56:52.377 (index):967 WAITING_8
16:56:52.378 (index):967 WAITING_2
16:56:52.379 (index):978 END_3
16:56:52.380 (index):978 END_5
16:56:52.380 (index):905 UPDATE_6
16:56:52.381 (index):967 WAITING_8
16:56:52.383 (index):967 WAITING_2
16:56:52.385 (index):880 NODEACCESSRELEASED_6
16:56:52.386 (index):967 WAITING_8
16:56:52.387 (index):905 UPDATE_2
16:56:52.389 (index):941 NODEACCESSREQUESTED_6
16:56:52.390 (index):967 WAITING_8
16:56:52.392 (index):880 NODEACCESSRELEASED_2
16:56:52.394 (index):967 WAITING_6
16:56:52.395 (index):905 UPDATE_8
16:56:52.396 (index):941 NODEACCESSREQUESTED_2
16:56:52.398 (index):967 WAITING_6
16:56:52.399 (index):880 NODEACCESSRELEASED_8
16:56:52.401 (index):967 WAITING_2
16:56:52.403 (index):905 UPDATE_6
16:56:52.404 (index):935 ATTRIBUTEACCESSREQUESTED_8
16:56:52.405 (index):967 WAITING_2
16:56:52.407 (index):880 NODEACCESSRELEASED_6
16:56:52.410 (index):908 UPDATE_8
16:56:52.411 (index):905 UPDATE_2
16:56:52.412 (index):941 NODEACCESSREQUESTED_6
16:56:52.415 (index):978 END_8
16:56:52.416 (index):978 END_2
16:56:52.417 (index):905 UPDATE_6
16:56:52.422 (index):880 NODEACCESSRELEASED_6
16:56:52.426 (index):941 NODEACCESSREQUESTED_6
16:56:52.431 (index):905 UPDATE_6
16:56:52.435 (index):880 NODEACCESSRELEASED_6
16:56:52.440 (index):941 NODEACCESSREQUESTED_6
16:56:52.444 (index):905 UPDATE_6
16:56:52.449 (index):880 NODEACCESSRELEASED_6
16:56:52.453 (index):941 NODEACCESSREQUESTED_6
16:56:52.458 (index):905 UPDATE_6
16:56:52.463 (index):880 NODEACCESSRELEASED_6
16:56:52.467 (index):941 NODEACCESSREQUESTED_6
16:56:52.472 (index):905 UPDATE_6
16:56:52.476 (index):880 NODEACCESSRELEASED_6
16:56:52.481 (index):935 ATTRIBUTEACCESSREQUESTED_6
16:56:52.485 (index):908 UPDATE_6
16:56:52.490 (index):884 ATTRIBUTEACCESSRELEASED_6
16:56:52.495 (index):941 NODEACCESSREQUESTED_6
16:56:52.499 (index):905 UPDATE_6
16:56:52.504 (index):880 NODEACCESSRELEASED_6
16:56:52.508 (index):941 NODEACCESSREQUESTED_6
16:56:52.513 (index):905 UPDATE_6
16:56:52.524 (index):880 NODEACCESSRELEASED_6
16:56:52.528 (index):935 ATTRIBUTEACCESSREQUESTED_6
16:56:52.533 (index):908 UPDATE_6
16:56:52.538 (index):978 END_6
