16:56:49.310 fiddle.jshell.net/:1040 Tasks: 25; Collaborators: 1    =========================>
16:56:49.310 fiddle.jshell.net/:941 NODEACCESSREQUESTED_0
16:56:49.640 fiddle.jshell.net/:880 NODEACCESSRELEASED_0
16:56:49.758 (index):941 NODEACCESSREQUESTED_0
16:56:49.767 (index):905 UPDATE_0
16:56:49.774 (index):880 NODEACCESSRELEASED_0
16:56:49.778 (index):941 NODEACCESSREQUESTED_0
16:56:49.782 (index):905 UPDATE_0
16:56:49.787 (index):880 NODEACCESSRELEASED_0
16:56:49.791 (index):935 ATTRIBUTEACCESSREQUESTED_0
16:56:49.873 (index):908 UPDATE_0
16:56:49.888 (index):884 ATTRIBUTEACCESSRELEASED_0
16:56:49.893 (index):941 NODEACCESSREQUESTED_0
16:56:49.897 (index):905 UPDATE_0
16:56:49.902 (index):880 NODEACCESSRELEASED_0
16:56:49.907 (index):941 NODEACCESSREQUESTED_0
16:56:49.920 (index):905 UPDATE_0
16:56:49.925 (index):880 NODEACCESSRELEASED_0
16:56:49.930 (index):935 ATTRIBUTEACCESSREQUESTED_0
16:56:49.934 (index):908 UPDATE_0
16:56:49.939 (index):884 ATTRIBUTEACCESSRELEASED_0
16:56:49.944 (index):941 NODEACCESSREQUESTED_0
16:56:49.948 (index):905 UPDATE_0
16:56:49.953 (index):880 NODEACCESSRELEASED_0
16:56:49.958 (index):941 NODEACCESSREQUESTED_0
16:56:49.962 (index):905 UPDATE_0
16:56:49.967 (index):880 NODEACCESSRELEASED_0
16:56:49.972 (index):941 NODEACCESSREQUESTED_0
16:56:49.976 (index):905 UPDATE_0
16:56:49.981 (index):880 NODEACCESSRELEASED_0
16:56:49.986 (index):935 ATTRIBUTEACCESSREQUESTED_0
16:56:49.991 (index):908 UPDATE_0
16:56:49.996 (index):884 ATTRIBUTEACCESSRELEASED_0
16:56:50.001 (index):941 NODEACCESSREQUESTED_0
16:56:50.006 (index):905 UPDATE_0
16:56:50.011 (index):880 NODEACCESSRELEASED_0
16:56:50.016 (index):941 NODEACCESSREQUESTED_0
16:56:50.020 (index):905 UPDATE_0
16:56:50.025 (index):880 NODEACCESSRELEASED_0
16:56:50.029 (index):935 ATTRIBUTEACCESSREQUESTED_0
16:56:50.034 (index):908 UPDATE_0
16:56:50.039 (index):978 END_0
