16:56:56.618 (index):1405 Tasks: 25; Collaborators: 18    =========================>
16:56:56.618 (index):941 NODEACCESSREQUESTED_0
16:56:56.619 (index):941 NODEACCESSREQUESTED_1
16:56:56.620 (index):935 ATTRIBUTEACCESSREQUESTED_2
16:56:56.620 (index):935 ATTRIBUTEACCESSREQUESTED_3
16:56:56.621 (index):935 ATTRIBUTEACCESSREQUESTED_4
16:56:56.621 (index):935 ATTRIBUTEACCESSREQUESTED_5
16:56:56.622 (index):941 NODEACCESSREQUESTED_6
16:56:56.623 (index):941 NODEACCESSREQUESTED_7
16:56:56.623 (index):935 ATTRIBUTEACCESSREQUESTED_8
16:56:56.624 (index):935 ATTRIBUTEACCESSREQUESTED_9
16:56:56.624 (index):941 NODEACCESSREQUESTED_10
16:56:56.625 (index):941 NODEACCESSREQUESTED_11
16:56:56.626 (index):941 NODEACCESSREQUESTED_12
16:56:56.626 (index):941 NODEACCESSREQUESTED_13
16:56:56.627 (index):941 NODEACCESSREQUESTED_14
16:56:56.627 (index):941 NODEACCESSREQUESTED_15
16:56:56.628 (index):941 NODEACCESSREQUESTED_16
16:56:56.629 (index):935 ATTRIBUTEACCESSREQUESTED_17
16:56:56.629 (index):880 NODEACCESSRELEASED_0
16:56:56.630 (index):880 NODEACCESSRELEASED_1
16:56:56.631 (index):884 ATTRIBUTEACCESSRELEASED_2
16:56:56.631 (index):884 ATTRIBUTEACCESSRELEASED_3
16:56:56.632 (index):884 ATTRIBUTEACCESSRELEASED_4
16:56:56.632 (index):884 ATTRIBUTEACCESSRELEASED_5
16:56:56.633 (index):880 NODEACCESSRELEASED_6
16:56:56.634 (index):880 NODEACCESSRELEASED_7
16:56:56.634 (index):884 ATTRIBUTEACCESSRELEASED_8
16:56:56.635 (index):884 ATTRIBUTEACCESSRELEASED_9
16:56:56.635 (index):880 NODEACCESSRELEASED_10
16:56:56.636 (index):880 NODEACCESSRELEASED_11
16:56:56.637 (index):880 NODEACCESSRELEASED_12
16:56:56.637 (index):880 NODEACCESSRELEASED_13
16:56:56.638 (index):880 NODEACCESSRELEASED_14
16:56:56.638 (index):880 NODEACCESSRELEASED_15
16:56:56.639 (index):880 NODEACCESSRELEASED_16
16:56:56.640 (index):884 ATTRIBUTEACCESSRELEASED_17
16:56:56.640 (index):941 NODEACCESSREQUESTED_0
16:56:56.641 (index):941 NODEACCESSREQUESTED_1
16:56:56.641 (index):935 ATTRIBUTEACCESSREQUESTED_2
16:56:56.642 (index):935 ATTRIBUTEACCESSREQUESTED_3
16:56:56.643 (index):935 ATTRIBUTEACCESSREQUESTED_4
16:56:56.643 (index):935 ATTRIBUTEACCESSREQUESTED_5
16:56:56.644 (index):941 NODEACCESSREQUESTED_6
16:56:56.644 (index):941 NODEACCESSREQUESTED_7
16:56:56.645 (index):935 ATTRIBUTEACCESSREQUESTED_8
16:56:56.646 (index):935 ATTRIBUTEACCESSREQUESTED_9
16:56:56.646 (index):941 NODEACCESSREQUESTED_10
16:56:56.647 (index):941 NODEACCESSREQUESTED_11
16:56:56.648 (index):941 NODEACCESSREQUESTED_12
16:56:56.648 (index):941 NODEACCESSREQUESTED_13
16:56:56.649 (index):941 NODEACCESSREQUESTED_14
16:56:56.649 (index):941 NODEACCESSREQUESTED_15
16:56:56.650 (index):941 NODEACCESSREQUESTED_16
16:56:56.651 (index):935 ATTRIBUTEACCESSREQUESTED_17
16:56:56.651 (index):905 UPDATE_0
16:56:56.652 (index):967 WAITING_1
16:56:56.652 (index):908 UPDATE_2
16:56:56.653 (index):908 UPDATE_3
16:56:56.654 (index):967 WAITING_4
16:56:56.654 (index):908 UPDATE_5
16:56:56.655 (index):905 UPDATE_6
16:56:56.655 (index):905 UPDATE_7
16:56:56.656 (index):967 WAITING_8
16:56:56.657 (index):967 WAITING_9
16:56:56.657 (index):967 WAITING_10
16:56:56.658 (index):967 WAITING_11
16:56:56.658 (index):905 UPDATE_12
16:56:56.659 (index):967 WAITING_13
16:56:56.660 (index):967 WAITING_14
16:56:56.660 (index):967 WAITING_15
16:56:56.661 (index):967 WAITING_16
16:56:56.661 (index):908 UPDATE_17
16:56:56.662 (index):880 NODEACCESSRELEASED_0
16:56:56.663 (index):905 UPDATE_1
16:56:56.663 (index):884 ATTRIBUTEACCESSRELEASED_2
16:56:56.664 (index):884 ATTRIBUTEACCESSRELEASED_3
16:56:56.664 (index):908 UPDATE_4
16:56:56.665 (index):884 ATTRIBUTEACCESSRELEASED_5
16:56:56.666 (index):880 NODEACCESSRELEASED_6
16:56:56.666 (index):880 NODEACCESSRELEASED_7
16:56:56.667 (index):967 WAITING_8
16:56:56.667 (index):967 WAITING_9
16:56:56.668 (index):967 WAITING_10
16:56:56.669 (index):967 WAITING_11
16:56:56.669 (index):880 NODEACCESSRELEASED_12
16:56:56.670 (index):905 UPDATE_13
16:56:56.670 (index):905 UPDATE_14
16:56:56.671 (index):967 WAITING_15
16:56:56.672 (index):967 WAITING_16
16:56:56.672 (index):884 ATTRIBUTEACCESSRELEASED_17
16:56:56.673 (index):941 NODEACCESSREQUESTED_0
16:56:56.673 (index):880 NODEACCESSRELEASED_1
16:56:56.674 (index):941 NODEACCESSREQUESTED_2
16:56:56.675 (index):941 NODEACCESSREQUESTED_3
16:56:56.675 (index):884 ATTRIBUTEACCESSRELEASED_4
16:56:56.676 (index):941 NODEACCESSREQUESTED_5
16:56:56.676 (index):941 NODEACCESSREQUESTED_6
16:56:56.677 (index):935 ATTRIBUTEACCESSREQUESTED_7
16:56:56.678 (index):908 UPDATE_8
16:56:56.678 (index):967 WAITING_9
16:56:56.679 (index):905 UPDATE_10
16:56:56.679 (index):967 WAITING_11
16:56:56.680 (index):941 NODEACCESSREQUESTED_12
16:56:56.681 (index):880 NODEACCESSRELEASED_13
16:56:56.681 (index):880 NODEACCESSRELEASED_14
16:56:56.682 (index):967 WAITING_15
16:56:56.682 (index):967 WAITING_16
16:56:56.683 (index):941 NODEACCESSREQUESTED_17
16:56:56.684 (index):967 WAITING_0
16:56:56.684 (index):941 NODEACCESSREQUESTED_1
16:56:56.685 (index):905 UPDATE_2
16:56:56.685 (index):905 UPDATE_3
16:56:56.686 (index):935 ATTRIBUTEACCESSREQUESTED_4
16:56:56.687 (index):967 WAITING_5
16:56:56.687 (index):967 WAITING_6
16:56:56.688 (index):967 WAITING_7
16:56:56.688 (index):884 ATTRIBUTEACCESSRELEASED_8
16:56:56.689 (index):908 UPDATE_9
16:56:56.690 (index):880 NODEACCESSRELEASED_10
16:56:56.690 (index):905 UPDATE_11
16:56:56.691 (index):967 WAITING_12
16:56:56.691 (index):935 ATTRIBUTEACCESSREQUESTED_13
16:56:56.692 (index):941 NODEACCESSREQUESTED_14
16:56:56.693 (index):967 WAITING_15
16:56:56.693 (index):967 WAITING_16
16:56:56.694 (index):905 UPDATE_17
16:56:56.695 (index):967 WAITING_0
16:56:56.695 (index):905 UPDATE_1
16:56:56.696 (index):880 NODEACCESSRELEASED_2
16:56:56.696 (index):880 NODEACCESSRELEASED_3
16:56:56.697 (index):908 UPDATE_4
16:56:56.698 (index):967 WAITING_5
16:56:56.698 (index):967 WAITING_6
16:56:56.699 (index):967 WAITING_7
16:56:56.699 (index):941 NODEACCESSREQUESTED_8
16:56:56.700 (index):884 ATTRIBUTEACCESSRELEASED_9
16:56:56.701 (index):935 ATTRIBUTEACCESSREQUESTED_10
16:56:56.701 (index):880 NODEACCESSRELEASED_11
16:56:56.702 (index):967 WAITING_12
16:56:56.703 (index):908 UPDATE_13
16:56:56.703 (index):905 UPDATE_14
16:56:56.704 (index):967 WAITING_15
16:56:56.704 (index):905 UPDATE_16
16:56:56.705 (index):880 NODEACCESSRELEASED_17
16:56:56.706 (index):967 WAITING_0
16:56:56.706 (index):880 NODEACCESSRELEASED_1
16:56:56.707 (index):941 NODEACCESSREQUESTED_2
16:56:56.708 (index):941 NODEACCESSREQUESTED_3
16:56:56.708 (index):884 ATTRIBUTEACCESSRELEASED_4
16:56:56.709 (index):905 UPDATE_5
16:56:56.709 (index):967 WAITING_6
16:56:56.710 (index):908 UPDATE_7
16:56:56.711 (index):905 UPDATE_8
16:56:56.711 (index):941 NODEACCESSREQUESTED_9
16:56:56.712 (index):967 WAITING_10
16:56:56.712 (index):935 ATTRIBUTEACCESSREQUESTED_11
16:56:56.713 (index):905 UPDATE_12
16:56:56.714 (index):884 ATTRIBUTEACCESSRELEASED_13
16:56:56.714 (index):880 NODEACCESSRELEASED_14
16:56:56.715 (index):967 WAITING_15
16:56:56.716 (index):880 NODEACCESSRELEASED_16
16:56:56.716 (index):941 NODEACCESSREQUESTED_17
16:56:56.717 (index):905 UPDATE_0
16:56:56.717 (index):941 NODEACCESSREQUESTED_1
16:56:56.718 (index):967 WAITING_2
16:56:56.719 (index):905 UPDATE_3
16:56:56.719 (index):941 NODEACCESSREQUESTED_4
16:56:56.720 (index):880 NODEACCESSRELEASED_5
16:56:56.720 (index):967 WAITING_6
16:56:56.721 (index):884 ATTRIBUTEACCESSRELEASED_7
16:56:56.722 (index):880 NODEACCESSRELEASED_8
16:56:56.722 (index):967 WAITING_9
16:56:56.723 (index):908 UPDATE_10
16:56:56.723 (index):908 UPDATE_11
16:56:56.724 (index):880 NODEACCESSRELEASED_12
16:56:56.725 (index):941 NODEACCESSREQUESTED_13
16:56:56.725 (index):941 NODEACCESSREQUESTED_14
16:56:56.726 (index):967 WAITING_15
16:56:56.727 (index):941 NODEACCESSREQUESTED_16
16:56:56.727 (index):967 WAITING_17
16:56:56.728 (index):880 NODEACCESSRELEASED_0
16:56:56.728 (index):905 UPDATE_1
16:56:56.729 (index):967 WAITING_2
16:56:56.730 (index):880 NODEACCESSRELEASED_3
16:56:56.730 (index):905 UPDATE_4
16:56:56.731 (index):941 NODEACCESSREQUESTED_5
16:56:56.731 (index):905 UPDATE_6
16:56:56.732 (index):941 NODEACCESSREQUESTED_7
16:56:56.733 (index):941 NODEACCESSREQUESTED_8
16:56:56.733 (index):967 WAITING_9
16:56:56.734 (index):884 ATTRIBUTEACCESSRELEASED_10
16:56:56.735 (index):884 ATTRIBUTEACCESSRELEASED_11
16:56:56.735 (index):941 NODEACCESSREQUESTED_12
16:56:56.736 (index):967 WAITING_13
16:56:56.736 (index):967 WAITING_14
16:56:56.737 (index):967 WAITING_15
16:56:56.738 (index):967 WAITING_16
16:56:56.738 (index):905 UPDATE_17
16:56:56.739 (index):935 ATTRIBUTEACCESSREQUESTED_0
16:56:56.739 (index):880 NODEACCESSRELEASED_1
16:56:56.740 (index):967 WAITING_2
16:56:56.741 (index):935 ATTRIBUTEACCESSREQUESTED_3
16:56:56.741 (index):880 NODEACCESSRELEASED_4
16:56:56.742 (index):967 WAITING_5
16:56:56.742 (index):880 NODEACCESSRELEASED_6
16:56:56.743 (index):905 UPDATE_7
16:56:56.744 (index):967 WAITING_8
16:56:56.744 (index):967 WAITING_9
16:56:56.745 (index):935 ATTRIBUTEACCESSREQUESTED_10
16:56:56.746 (index):935 ATTRIBUTEACCESSREQUESTED_11
16:56:56.746 (index):967 WAITING_12
16:56:56.747 (index):905 UPDATE_13
16:56:56.747 (index):967 WAITING_14
16:56:56.748 (index):967 WAITING_15
16:56:56.748 (index):967 WAITING_16
16:56:56.749 (index):880 NODEACCESSRELEASED_17
16:56:56.750 (index):908 UPDATE_0
16:56:56.750 (index):941 NODEACCESSREQUESTED_1
16:56:56.751 (index):905 UPDATE_2
16:56:56.752 (index):908 UPDATE_3
16:56:56.752 (index):935 ATTRIBUTEACCESSREQUESTED_4
16:56:56.753 (index):905 UPDATE_5
16:56:56.753 (index):941 NODEACCESSREQUESTED_6
16:56:56.754 (index):880 NODEACCESSRELEASED_7
16:56:56.755 (index):967 WAITING_8
16:56:56.755 (index):905 UPDATE_9
16:56:56.756 (index):908 UPDATE_10
16:56:56.756 (index):908 UPDATE_11
16:56:56.757 (index):967 WAITING_12
16:56:56.758 (index):880 NODEACCESSRELEASED_13
16:56:56.758 (index):905 UPDATE_14
16:56:56.759 (index):967 WAITING_15
16:56:56.759 (index):967 WAITING_16
16:56:56.760 (index):935 ATTRIBUTEACCESSREQUESTED_17
16:56:56.761 (index):884 ATTRIBUTEACCESSRELEASED_0
16:56:56.761 (index):905 UPDATE_1
16:56:56.762 (index):880 NODEACCESSRELEASED_2
16:56:56.762 (index):884 ATTRIBUTEACCESSRELEASED_3
16:56:56.763 (index):908 UPDATE_4
16:56:56.764 (index):880 NODEACCESSRELEASED_5
16:56:56.764 (index):905 UPDATE_6
16:56:56.765 (index):941 NODEACCESSREQUESTED_7
16:56:56.765 (index):967 WAITING_8
16:56:56.766 (index):880 NODEACCESSRELEASED_9
16:56:56.767 (index):884 ATTRIBUTEACCESSRELEASED_10
16:56:56.767 (index):884 ATTRIBUTEACCESSRELEASED_11
16:56:56.768 (index):967 WAITING_12
16:56:56.768 (index):941 NODEACCESSREQUESTED_13
16:56:56.771 (index):880 NODEACCESSRELEASED_14
16:56:56.771 (index):967 WAITING_15
16:56:56.772 (index):967 WAITING_16
16:56:56.772 (index):908 UPDATE_17
16:56:56.773 (index):941 NODEACCESSREQUESTED_0
16:56:56.774 (index):880 NODEACCESSRELEASED_1
16:56:56.774 (index):941 NODEACCESSREQUESTED_2
16:56:56.775 (index):935 ATTRIBUTEACCESSREQUESTED_3
16:56:56.776 (index):884 ATTRIBUTEACCESSRELEASED_4
16:56:56.776 (index):935 ATTRIBUTEACCESSREQUESTED_5
16:56:56.777 (index):880 NODEACCESSRELEASED_6
16:56:56.777 (index):905 UPDATE_7
16:56:56.778 (index):905 UPDATE_8
16:56:56.779 (index):941 NODEACCESSREQUESTED_9
16:56:56.779 (index):941 NODEACCESSREQUESTED_10
16:56:56.780 (index):941 NODEACCESSREQUESTED_11
16:56:56.780 (index):967 WAITING_12
16:56:56.781 (index):905 UPDATE_13
16:56:56.781 (index):941 NODEACCESSREQUESTED_14
16:56:56.782 (index):967 WAITING_15
16:56:56.783 (index):967 WAITING_16
16:56:56.783 (index):884 ATTRIBUTEACCESSRELEASED_17
16:56:56.784 (index):967 WAITING_0
16:56:56.785 (index):935 ATTRIBUTEACCESSREQUESTED_1
16:56:56.785 (index):967 WAITING_2
16:56:56.786 (index):908 UPDATE_3
16:56:56.787 (index):941 NODEACCESSREQUESTED_4
16:56:56.787 (index):908 UPDATE_5
16:56:56.788 (index):941 NODEACCESSREQUESTED_6
16:56:56.788 (index):880 NODEACCESSRELEASED_7
16:56:56.789 (index):880 NODEACCESSRELEASED_8
16:56:56.790 (index):905 UPDATE_9
16:56:56.790 (index):905 UPDATE_10
16:56:56.791 (index):967 WAITING_11
16:56:56.791 (index):905 UPDATE_12
16:56:56.792 (index):880 NODEACCESSRELEASED_13
16:56:56.793 (index):905 UPDATE_14
16:56:56.793 (index):967 WAITING_15
16:56:56.794 (index):967 WAITING_16
16:56:56.795 (index):941 NODEACCESSREQUESTED_17
16:56:56.795 (index):905 UPDATE_0
16:56:56.796 (index):967 WAITING_1
16:56:56.796 (index):967 WAITING_2
16:56:56.797 (index):884 ATTRIBUTEACCESSRELEASED_3
16:56:56.797 (index):905 UPDATE_4
16:56:56.798 (index):884 ATTRIBUTEACCESSRELEASED_5
16:56:56.799 (index):905 UPDATE_6
16:56:56.799 (index):935 ATTRIBUTEACCESSREQUESTED_7
16:56:56.800 (index):935 ATTRIBUTEACCESSREQUESTED_8
16:56:56.800 (index):880 NODEACCESSRELEASED_9
16:56:56.801 (index):880 NODEACCESSRELEASED_10
16:56:56.802 (index):967 WAITING_11
16:56:56.802 (index):880 NODEACCESSRELEASED_12
16:56:56.803 (index):935 ATTRIBUTEACCESSREQUESTED_13
16:56:56.804 (index):880 NODEACCESSRELEASED_14
16:56:56.804 (index):967 WAITING_15
16:56:56.805 (index):967 WAITING_16
16:56:56.805 (index):905 UPDATE_17
16:56:56.806 (index):880 NODEACCESSRELEASED_0
16:56:56.806 (index):908 UPDATE_1
16:56:56.807 (index):905 UPDATE_2
16:56:56.807 (index):941 NODEACCESSREQUESTED_3
16:56:56.808 (index):880 NODEACCESSRELEASED_4
16:56:56.809 (index):941 NODEACCESSREQUESTED_5
16:56:56.810 (index):880 NODEACCESSRELEASED_6
16:56:56.810 (index):908 UPDATE_7
16:56:56.811 (index):908 UPDATE_8
16:56:56.812 (index):941 NODEACCESSREQUESTED_9
16:56:56.812 (index):941 NODEACCESSREQUESTED_10
16:56:56.813 (index):967 WAITING_11
16:56:56.814 (index):935 ATTRIBUTEACCESSREQUESTED_12
16:56:56.814 (index):967 WAITING_13
16:56:56.815 (index):941 NODEACCESSREQUESTED_14
16:56:56.816 (index):967 WAITING_15
16:56:56.816 (index):967 WAITING_16
16:56:56.817 (index):880 NODEACCESSRELEASED_17
16:56:56.817 (index):941 NODEACCESSREQUESTED_0
16:56:56.818 (index):884 ATTRIBUTEACCESSRELEASED_1
16:56:56.819 (index):880 NODEACCESSRELEASED_2
16:56:56.819 (index):905 UPDATE_3
16:56:56.820 (index):941 NODEACCESSREQUESTED_4
16:56:56.821 (index):905 UPDATE_5
16:56:56.821 (index):941 NODEACCESSREQUESTED_6
16:56:56.822 (index):884 ATTRIBUTEACCESSRELEASED_7
16:56:56.822 (index):884 ATTRIBUTEACCESSRELEASED_8
16:56:56.823 (index):905 UPDATE_9
16:56:56.824 (index):905 UPDATE_10
16:56:56.824 (index):905 UPDATE_11
16:56:56.825 (index):967 WAITING_12
16:56:56.825 (index):908 UPDATE_13
16:56:56.826 (index):967 WAITING_14
16:56:56.827 (index):967 WAITING_15
16:56:56.827 (index):967 WAITING_16
16:56:56.828 (index):941 NODEACCESSREQUESTED_17
16:56:56.828 (index):905 UPDATE_0
16:56:56.829 (index):935 ATTRIBUTEACCESSREQUESTED_1
16:56:56.830 (index):935 ATTRIBUTEACCESSREQUESTED_2
16:56:56.830 (index):880 NODEACCESSRELEASED_3
16:56:56.831 (index):967 WAITING_4
16:56:56.831 (index):880 NODEACCESSRELEASED_5
16:56:56.832 (index):967 WAITING_6
16:56:56.833 (index):941 NODEACCESSREQUESTED_7
16:56:56.833 (index):941 NODEACCESSREQUESTED_8
16:56:56.834 (index):880 NODEACCESSRELEASED_9
16:56:56.834 (index):880 NODEACCESSRELEASED_10
16:56:56.835 (index):880 NODEACCESSRELEASED_11
16:56:56.836 (index):967 WAITING_12
16:56:56.836 (index):884 ATTRIBUTEACCESSRELEASED_13
16:56:56.837 (index):905 UPDATE_14
16:56:56.837 (index):967 WAITING_15
16:56:56.838 (index):967 WAITING_16
16:56:56.839 (index):905 UPDATE_17
16:56:56.839 (index):880 NODEACCESSRELEASED_0
16:56:56.840 (index):908 UPDATE_1
16:56:56.840 (index):967 WAITING_2
16:56:56.841 (index):935 ATTRIBUTEACCESSREQUESTED_3
16:56:56.842 (index):905 UPDATE_4
16:56:56.842 (index):941 NODEACCESSREQUESTED_5
16:56:56.843 (index):967 WAITING_6
16:56:56.843 (index):905 UPDATE_7
16:56:56.844 (index):905 UPDATE_8
16:56:56.845 (index):935 ATTRIBUTEACCESSREQUESTED_9
16:56:56.845 (index):935 ATTRIBUTEACCESSREQUESTED_10
16:56:56.846 (index):935 ATTRIBUTEACCESSREQUESTED_11
16:56:56.846 (index):908 UPDATE_12
16:56:56.847 (index):941 NODEACCESSREQUESTED_13
16:56:56.848 (index):880 NODEACCESSRELEASED_14
16:56:56.848 (index):967 WAITING_15
16:56:56.849 (index):967 WAITING_16
16:56:56.849 (index):880 NODEACCESSRELEASED_17
16:56:56.850 (index):935 ATTRIBUTEACCESSREQUESTED_0
16:56:56.851 (index):884 ATTRIBUTEACCESSRELEASED_1
16:56:56.851 (index):967 WAITING_2
16:56:56.852 (index):908 UPDATE_3
16:56:56.852 (index):880 NODEACCESSRELEASED_4
16:56:56.853 (index):905 UPDATE_5
16:56:56.853 (index):967 WAITING_6
16:56:56.854 (index):880 NODEACCESSRELEASED_7
16:56:56.855 (index):880 NODEACCESSRELEASED_8
16:56:56.855 (index):967 WAITING_9
16:56:56.856 (index):967 WAITING_10
16:56:56.857 (index):908 UPDATE_11
16:56:56.857 (index):884 ATTRIBUTEACCESSRELEASED_12
16:56:56.858 (index):967 WAITING_13
16:56:56.858 (index):935 ATTRIBUTEACCESSREQUESTED_14
16:56:56.859 (index):967 WAITING_15
16:56:56.860 (index):905 UPDATE_16
16:56:56.860 (index):941 NODEACCESSREQUESTED_17
16:56:56.861 (index):967 WAITING_0
16:56:56.861 (index):941 NODEACCESSREQUESTED_1
16:56:56.862 (index):908 UPDATE_2
16:56:56.863 (index):884 ATTRIBUTEACCESSRELEASED_3
16:56:56.863 (index):941 NODEACCESSREQUESTED_4
16:56:56.864 (index):880 NODEACCESSRELEASED_5
16:56:56.864 (index):967 WAITING_6
16:56:56.865 (index):941 NODEACCESSREQUESTED_7
16:56:56.866 (index):941 NODEACCESSREQUESTED_8
16:56:56.866 (index):967 WAITING_9
16:56:56.867 (index):908 UPDATE_10
16:56:56.867 (index):884 ATTRIBUTEACCESSRELEASED_11
16:56:56.868 (index):935 ATTRIBUTEACCESSREQUESTED_12
16:56:56.869 (index):967 WAITING_13
16:56:56.869 (index):967 WAITING_14
16:56:56.870 (index):967 WAITING_15
16:56:56.870 (index):880 NODEACCESSRELEASED_16
16:56:56.871 (index):905 UPDATE_17
16:56:56.872 (index):908 UPDATE_0
16:56:56.872 (index):905 UPDATE_1
16:56:56.873 (index):884 ATTRIBUTEACCESSRELEASED_2
16:56:56.873 (index):941 NODEACCESSREQUESTED_3
16:56:56.874 (index):905 UPDATE_4
16:56:56.875 (index):941 NODEACCESSREQUESTED_5
16:56:56.875 (index):905 UPDATE_6
16:56:56.876 (index):905 UPDATE_7
16:56:56.876 (index):967 WAITING_8
16:56:56.877 (index):908 UPDATE_9
16:56:56.878 (index):884 ATTRIBUTEACCESSRELEASED_10
16:56:56.878 (index):941 NODEACCESSREQUESTED_11
16:56:56.879 (index):967 WAITING_12
16:56:56.879 (index):967 WAITING_13
16:56:56.880 (index):967 WAITING_14
16:56:56.881 (index):967 WAITING_15
16:56:56.881 (index):941 NODEACCESSREQUESTED_16
16:56:56.882 (index):880 NODEACCESSRELEASED_17
16:56:56.882 (index):884 ATTRIBUTEACCESSRELEASED_0
16:56:56.883 (index):880 NODEACCESSRELEASED_1
16:56:56.884 (index):935 ATTRIBUTEACCESSREQUESTED_2
16:56:56.884 (index):905 UPDATE_3
16:56:56.885 (index):880 NODEACCESSRELEASED_4
16:56:56.885 (index):967 WAITING_5
16:56:56.886 (index):880 NODEACCESSRELEASED_6
16:56:56.887 (index):880 NODEACCESSRELEASED_7
16:56:56.887 (index):967 WAITING_8
16:56:56.888 (index):884 ATTRIBUTEACCESSRELEASED_9
16:56:56.889 (index):941 NODEACCESSREQUESTED_10
16:56:56.889 (index):967 WAITING_11
16:56:56.890 (index):967 WAITING_12
16:56:56.890 (index):967 WAITING_13
16:56:56.891 (index):908 UPDATE_14
16:56:56.892 (index):905 UPDATE_15
16:56:56.892 (index):967 WAITING_16
16:56:56.893 (index):941 NODEACCESSREQUESTED_17
16:56:56.893 (index):941 NODEACCESSREQUESTED_0
16:56:56.894 (index):941 NODEACCESSREQUESTED_1
16:56:56.895 (index):908 UPDATE_2
16:56:56.895 (index):880 NODEACCESSRELEASED_3
16:56:56.896 (index):935 ATTRIBUTEACCESSREQUESTED_4
16:56:56.896 (index):905 UPDATE_5
16:56:56.897 (index):941 NODEACCESSREQUESTED_6
16:56:56.898 (index):941 NODEACCESSREQUESTED_7
16:56:56.898 (index):967 WAITING_8
16:56:56.899 (index):941 NODEACCESSREQUESTED_9
16:56:56.899 (index):905 UPDATE_10
16:56:56.900 (index):967 WAITING_11
16:56:56.900 (index):967 WAITING_12
16:56:56.901 (index):967 WAITING_13
16:56:56.902 (index):884 ATTRIBUTEACCESSRELEASED_14
16:56:56.902 (index):880 NODEACCESSRELEASED_15
16:56:56.903 (index):967 WAITING_16
16:56:56.903 (index):905 UPDATE_17
16:56:56.904 (index):967 WAITING_0
16:56:56.905 (index):967 WAITING_1
16:56:56.905 (index):884 ATTRIBUTEACCESSRELEASED_2
16:56:56.906 (index):941 NODEACCESSREQUESTED_3
16:56:56.906 (index):908 UPDATE_4
16:56:56.907 (index):880 NODEACCESSRELEASED_5
16:56:56.908 (index):967 WAITING_6
16:56:56.908 (index):905 UPDATE_7
16:56:56.909 (index):905 UPDATE_8
16:56:56.909 (index):967 WAITING_9
16:56:56.910 (index):880 NODEACCESSRELEASED_10
16:56:56.910 (index):967 WAITING_11
16:56:56.911 (index):908 UPDATE_12
16:56:56.912 (index):967 WAITING_13
16:56:56.912 (index):941 NODEACCESSREQUESTED_14
16:56:56.913 (index):941 NODEACCESSREQUESTED_15
16:56:56.913 (index):967 WAITING_16
16:56:56.914 (index):880 NODEACCESSRELEASED_17
16:56:56.914 (index):905 UPDATE_0
16:56:56.915 (index):905 UPDATE_1
16:56:56.916 (index):941 NODEACCESSREQUESTED_2
16:56:56.916 (index):967 WAITING_3
16:56:56.917 (index):884 ATTRIBUTEACCESSRELEASED_4
16:56:56.917 (index):935 ATTRIBUTEACCESSREQUESTED_5
16:56:56.918 (index):967 WAITING_6
16:56:56.919 (index):880 NODEACCESSRELEASED_7
16:56:56.919 (index):880 NODEACCESSRELEASED_8
16:56:56.920 (index):905 UPDATE_9
16:56:56.920 (index):941 NODEACCESSREQUESTED_10
16:56:56.921 (index):905 UPDATE_11
16:56:56.922 (index):884 ATTRIBUTEACCESSRELEASED_12
16:56:56.922 (index):967 WAITING_13
16:56:56.923 (index):967 WAITING_14
16:56:56.923 (index):905 UPDATE_15
16:56:56.924 (index):967 WAITING_16
16:56:56.925 (index):941 NODEACCESSREQUESTED_17
16:56:56.925 (index):880 NODEACCESSRELEASED_0
16:56:56.926 (index):880 NODEACCESSRELEASED_1
16:56:56.926 (index):967 WAITING_2
16:56:56.927 (index):905 UPDATE_3
16:56:56.927 (index):941 NODEACCESSREQUESTED_4
16:56:56.928 (index):908 UPDATE_5
16:56:56.928 (index):967 WAITING_6
16:56:56.929 (index):935 ATTRIBUTEACCESSREQUESTED_7
16:56:56.930 (index):941 NODEACCESSREQUESTED_8
16:56:56.930 (index):880 NODEACCESSRELEASED_9
16:56:56.931 (index):905 UPDATE_10
16:56:56.932 (index):880 NODEACCESSRELEASED_11
16:56:56.933 (index):941 NODEACCESSREQUESTED_12
16:56:56.933 (index):967 WAITING_13
16:56:56.934 (index):967 WAITING_14
16:56:56.934 (index):880 NODEACCESSRELEASED_15
16:56:56.935 (index):967 WAITING_16
16:56:56.936 (index):905 UPDATE_17
16:56:56.936 (index):941 NODEACCESSREQUESTED_0
16:56:56.937 (index):941 NODEACCESSREQUESTED_1
16:56:56.938 (index):967 WAITING_2
16:56:56.938 (index):880 NODEACCESSRELEASED_3
16:56:56.939 (index):905 UPDATE_4
16:56:56.939 (index):884 ATTRIBUTEACCESSRELEASED_5
16:56:56.940 (index):905 UPDATE_6
16:56:56.941 (index):908 UPDATE_7
16:56:56.941 (index):967 WAITING_8
16:56:56.942 (index):935 ATTRIBUTEACCESSREQUESTED_9
16:56:56.942 (index):880 NODEACCESSRELEASED_10
16:56:56.943 (index):941 NODEACCESSREQUESTED_11
16:56:56.944 (index):967 WAITING_12
16:56:56.944 (index):967 WAITING_13
16:56:56.945 (index):967 WAITING_14
16:56:56.945 (index):941 NODEACCESSREQUESTED_15
16:56:56.946 (index):967 WAITING_16
16:56:56.947 (index):880 NODEACCESSRELEASED_17
16:56:56.947 (index):905 UPDATE_0
16:56:56.948 (index):905 UPDATE_1
16:56:56.948 (index):967 WAITING_2
16:56:56.949 (index):941 NODEACCESSREQUESTED_3
16:56:56.950 (index):880 NODEACCESSRELEASED_4
16:56:56.950 (index):941 NODEACCESSREQUESTED_5
16:56:56.951 (index):880 NODEACCESSRELEASED_6
16:56:56.951 (index):884 ATTRIBUTEACCESSRELEASED_7
16:56:56.952 (index):905 UPDATE_8
16:56:56.953 (index):908 UPDATE_9
16:56:56.953 (index):941 NODEACCESSREQUESTED_10
16:56:56.954 (index):967 WAITING_11
16:56:56.954 (index):967 WAITING_12
16:56:56.955 (index):967 WAITING_13
16:56:56.956 (index):905 UPDATE_14
16:56:56.956 (index):967 WAITING_15
16:56:56.957 (index):967 WAITING_16
16:56:56.958 (index):935 ATTRIBUTEACCESSREQUESTED_17
16:56:56.958 (index):880 NODEACCESSRELEASED_0
16:56:56.959 (index):880 NODEACCESSRELEASED_1
16:56:56.959 (index):967 WAITING_2
16:56:56.960 (index):967 WAITING_3
16:56:56.961 (index):935 ATTRIBUTEACCESSREQUESTED_4
16:56:56.961 (index):905 UPDATE_5
16:56:56.962 (index):941 NODEACCESSREQUESTED_6
16:56:56.962 (index):941 NODEACCESSREQUESTED_7
16:56:56.963 (index):880 NODEACCESSRELEASED_8
16:56:56.964 (index):884 ATTRIBUTEACCESSRELEASED_9
16:56:56.964 (index):967 WAITING_10
16:56:56.965 (index):905 UPDATE_11
16:56:56.965 (index):905 UPDATE_12
16:56:56.966 (index):967 WAITING_13
16:56:56.967 (index):880 NODEACCESSRELEASED_14
16:56:56.967 (index):967 WAITING_15
16:56:56.968 (index):967 WAITING_16
16:56:56.968 (index):908 UPDATE_17
16:56:56.969 (index):941 NODEACCESSREQUESTED_0
16:56:56.970 (index):941 NODEACCESSREQUESTED_1
16:56:56.970 (index):967 WAITING_2
16:56:56.971 (index):905 UPDATE_3
16:56:56.972 (index):908 UPDATE_4
16:56:56.972 (index):880 NODEACCESSRELEASED_5
16:56:56.973 (index):967 WAITING_6
16:56:56.973 (index):967 WAITING_7
16:56:56.974 (index):941 NODEACCESSREQUESTED_8
16:56:56.975 (index):941 NODEACCESSREQUESTED_9
16:56:56.975 (index):905 UPDATE_10
16:56:56.976 (index):880 NODEACCESSRELEASED_11
16:56:56.976 (index):880 NODEACCESSRELEASED_12
16:56:56.977 (index):967 WAITING_13
16:56:56.978 (index):941 NODEACCESSREQUESTED_14
16:56:56.978 (index):905 UPDATE_15
16:56:56.979 (index):967 WAITING_16
16:56:56.979 (index):884 ATTRIBUTEACCESSRELEASED_17
16:56:56.980 (index):905 UPDATE_0
16:56:56.981 (index):905 UPDATE_1
16:56:56.981 (index):967 WAITING_2
16:56:56.982 (index):880 NODEACCESSRELEASED_3
16:56:56.982 (index):884 ATTRIBUTEACCESSRELEASED_4
16:56:56.983 (index):935 ATTRIBUTEACCESSREQUESTED_5
16:56:56.984 (index):967 WAITING_6
16:56:56.984 (index):967 WAITING_7
16:56:56.985 (index):967 WAITING_8
16:56:56.985 (index):905 UPDATE_9
16:56:56.986 (index):880 NODEACCESSRELEASED_10
16:56:56.987 (index):935 ATTRIBUTEACCESSREQUESTED_11
16:56:56.987 (index):935 ATTRIBUTEACCESSREQUESTED_12
16:56:56.988 (index):967 WAITING_13
16:56:56.988 (index):967 WAITING_14
16:56:56.989 (index):880 NODEACCESSRELEASED_15
16:56:56.990 (index):967 WAITING_16
16:56:56.990 (index):941 NODEACCESSREQUESTED_17
16:56:56.991 (index):880 NODEACCESSRELEASED_0
16:56:56.991 (index):880 NODEACCESSRELEASED_1
16:56:56.992 (index):967 WAITING_2
16:56:56.992 (index):941 NODEACCESSREQUESTED_3
16:56:56.993 (index):935 ATTRIBUTEACCESSREQUESTED_4
16:56:56.994 (index):908 UPDATE_5
16:56:56.994 (index):967 WAITING_6
16:56:56.995 (index):967 WAITING_7
16:56:56.995 (index):967 WAITING_8
16:56:56.996 (index):880 NODEACCESSRELEASED_9
16:56:56.997 (index):935 ATTRIBUTEACCESSREQUESTED_10
16:56:56.997 (index):908 UPDATE_11
16:56:56.998 (index):967 WAITING_12
16:56:56.998 (index):967 WAITING_13
16:56:56.999 (index):905 UPDATE_14
16:56:56.999 (index):941 NODEACCESSREQUESTED_15
16:56:57.000 (index):905 UPDATE_16
16:56:57.001 (index):967 WAITING_17
16:56:57.001 (index):935 ATTRIBUTEACCESSREQUESTED_0
16:56:57.002 (index):941 NODEACCESSREQUESTED_1
16:56:57.002 (index):967 WAITING_2
16:56:57.003 (index):967 WAITING_3
16:56:57.004 (index):967 WAITING_4
16:56:57.004 (index):884 ATTRIBUTEACCESSRELEASED_5
16:56:57.005 (index):967 WAITING_6
16:56:57.005 (index):967 WAITING_7
16:56:57.006 (index):967 WAITING_8
16:56:57.006 (index):941 NODEACCESSREQUESTED_9
16:56:57.007 (index):908 UPDATE_10
16:56:57.008 (index):884 ATTRIBUTEACCESSRELEASED_11
16:56:57.008 (index):908 UPDATE_12
16:56:57.009 (index):967 WAITING_13
16:56:57.009 (index):880 NODEACCESSRELEASED_14
16:56:57.010 (index):967 WAITING_15
16:56:57.011 (index):880 NODEACCESSRELEASED_16
16:56:57.011 (index):967 WAITING_17
16:56:57.012 (index):908 UPDATE_0
16:56:57.012 (index):905 UPDATE_1
16:56:57.013 (index):905 UPDATE_2
16:56:57.013 (index):967 WAITING_3
16:56:57.014 (index):908 UPDATE_4
16:56:57.015 (index):941 NODEACCESSREQUESTED_5
16:56:57.015 (index):905 UPDATE_6
16:56:57.016 (index):967 WAITING_7
16:56:57.016 (index):967 WAITING_8
16:56:57.017 (index):967 WAITING_9
16:56:57.018 (index):884 ATTRIBUTEACCESSRELEASED_10
16:56:57.018 (index):941 NODEACCESSREQUESTED_11
16:56:57.019 (index):884 ATTRIBUTEACCESSRELEASED_12
16:56:57.019 (index):967 WAITING_13
16:56:57.020 (index):935 ATTRIBUTEACCESSREQUESTED_14
16:56:57.021 (index):967 WAITING_15
16:56:57.021 (index):941 NODEACCESSREQUESTED_16
16:56:57.022 (index):967 WAITING_17
16:56:57.022 (index):884 ATTRIBUTEACCESSRELEASED_0
16:56:57.023 (index):880 NODEACCESSRELEASED_1
16:56:57.024 (index):880 NODEACCESSRELEASED_2
16:56:57.024 (index):967 WAITING_3
16:56:57.025 (index):884 ATTRIBUTEACCESSRELEASED_4
16:56:57.025 (index):967 WAITING_5
16:56:57.026 (index):880 NODEACCESSRELEASED_6
16:56:57.026 (index):905 UPDATE_7
16:56:57.027 (index):967 WAITING_8
16:56:57.028 (index):905 UPDATE_9
16:56:57.028 (index):941 NODEACCESSREQUESTED_10
16:56:57.029 (index):905 UPDATE_11
16:56:57.029 (index):935 ATTRIBUTEACCESSREQUESTED_12
16:56:57.030 (index):967 WAITING_13
16:56:57.031 (index):908 UPDATE_14
16:56:57.031 (index):967 WAITING_15
16:56:57.032 (index):905 UPDATE_16
16:56:57.032 (index):905 UPDATE_17
16:56:57.033 (index):941 NODEACCESSREQUESTED_0
16:56:57.033 (index):935 ATTRIBUTEACCESSREQUESTED_1
16:56:57.034 (index):935 ATTRIBUTEACCESSREQUESTED_2
16:56:57.035 (index):905 UPDATE_3
16:56:57.035 (index):941 NODEACCESSREQUESTED_4
16:56:57.036 (index):967 WAITING_5
16:56:57.036 (index):941 NODEACCESSREQUESTED_6
16:56:57.037 (index):880 NODEACCESSRELEASED_7
16:56:57.038 (index):905 UPDATE_8
16:56:57.038 (index):880 NODEACCESSRELEASED_9
16:56:57.039 (index):967 WAITING_10
16:56:57.039 (index):880 NODEACCESSRELEASED_11
16:56:57.040 (index):908 UPDATE_12
16:56:57.040 (index):967 WAITING_13
16:56:57.041 (index):884 ATTRIBUTEACCESSRELEASED_14
16:56:57.042 (index):967 WAITING_15
16:56:57.042 (index):880 NODEACCESSRELEASED_16
16:56:57.043 (index):880 NODEACCESSRELEASED_17
16:56:57.043 (index):967 WAITING_0
16:56:57.044 (index):967 WAITING_1
16:56:57.045 (index):967 WAITING_2
16:56:57.045 (index):880 NODEACCESSRELEASED_3
16:56:57.046 (index):905 UPDATE_4
16:56:57.046 (index):967 WAITING_5
16:56:57.047 (index):905 UPDATE_6
16:56:57.047 (index):941 NODEACCESSREQUESTED_7
16:56:57.048 (index):880 NODEACCESSRELEASED_8
16:56:57.049 (index):941 NODEACCESSREQUESTED_9
16:56:57.049 (index):905 UPDATE_10
16:56:57.050 (index):941 NODEACCESSREQUESTED_11
16:56:57.050 (index):884 ATTRIBUTEACCESSRELEASED_12
16:56:57.051 (index):967 WAITING_13
16:56:57.051 (index):935 ATTRIBUTEACCESSREQUESTED_14
16:56:57.052 (index):967 WAITING_15
16:56:57.053 (index):935 ATTRIBUTEACCESSREQUESTED_16
16:56:57.053 (index):941 NODEACCESSREQUESTED_17
16:56:57.054 (index):967 WAITING_0
16:56:57.054 (index):908 UPDATE_1
16:56:57.055 (index):967 WAITING_2
16:56:57.056 (index):935 ATTRIBUTEACCESSREQUESTED_3
16:56:57.056 (index):880 NODEACCESSRELEASED_4
16:56:57.057 (index):967 WAITING_5
16:56:57.057 (index):880 NODEACCESSRELEASED_6
16:56:57.058 (index):905 UPDATE_7
16:56:57.058 (index):941 NODEACCESSREQUESTED_8
16:56:57.059 (index):905 UPDATE_9
16:56:57.060 (index):880 NODEACCESSRELEASED_10
16:56:57.060 (index):905 UPDATE_11
16:56:57.061 (index):935 ATTRIBUTEACCESSREQUESTED_12
16:56:57.062 (index):967 WAITING_13
16:56:57.062 (index):908 UPDATE_14
16:56:57.063 (index):967 WAITING_15
16:56:57.063 (index):908 UPDATE_16
16:56:57.064 (index):905 UPDATE_17
16:56:57.064 (index):967 WAITING_0
16:56:57.065 (index):884 ATTRIBUTEACCESSRELEASED_1
16:56:57.066 (index):908 UPDATE_2
16:56:57.066 (index):908 UPDATE_3
16:56:57.067 (index):941 NODEACCESSREQUESTED_4
16:56:57.067 (index):967 WAITING_5
16:56:57.068 (index):941 NODEACCESSREQUESTED_6
16:56:57.069 (index):880 NODEACCESSRELEASED_7
16:56:57.069 (index):905 UPDATE_8
16:56:57.070 (index):880 NODEACCESSRELEASED_9
16:56:57.070 (index):941 NODEACCESSREQUESTED_10
16:56:57.071 (index):880 NODEACCESSRELEASED_11
16:56:57.072 (index):967 WAITING_12
16:56:57.072 (index):967 WAITING_13
16:56:57.073 (index):884 ATTRIBUTEACCESSRELEASED_14
16:56:57.073 (index):967 WAITING_15
16:56:57.074 (index):884 ATTRIBUTEACCESSRELEASED_16
16:56:57.074 (index):880 NODEACCESSRELEASED_17
16:56:57.075 (index):967 WAITING_0
16:56:57.076 (index):941 NODEACCESSREQUESTED_1
16:56:57.076 (index):884 ATTRIBUTEACCESSRELEASED_2
16:56:57.077 (index):884 ATTRIBUTEACCESSRELEASED_3
16:56:57.077 (index):905 UPDATE_4
16:56:57.078 (index):905 UPDATE_5
16:56:57.079 (index):967 WAITING_6
16:56:57.079 (index):935 ATTRIBUTEACCESSREQUESTED_7
16:56:57.080 (index):880 NODEACCESSRELEASED_8
16:56:57.080 (index):941 NODEACCESSREQUESTED_9
16:56:57.081 (index):967 WAITING_10
16:56:57.081 (index):941 NODEACCESSREQUESTED_11
16:56:57.082 (index):908 UPDATE_12
16:56:57.083 (index):967 WAITING_13
16:56:57.083 (index):941 NODEACCESSREQUESTED_14
16:56:57.084 (index):967 WAITING_15
16:56:57.084 (index):941 NODEACCESSREQUESTED_16
16:56:57.085 (index):941 NODEACCESSREQUESTED_17
16:56:57.085 (index):967 WAITING_0
16:56:57.086 (index):967 WAITING_1
16:56:57.086 (index):935 ATTRIBUTEACCESSREQUESTED_2
16:56:57.087 (index):935 ATTRIBUTEACCESSREQUESTED_3
16:56:57.087 (index):978 END_4
16:56:57.088 (index):880 NODEACCESSRELEASED_5
16:56:57.088 (index):967 WAITING_6
16:56:57.089 (index):908 UPDATE_7
16:56:57.089 (index):941 NODEACCESSREQUESTED_8
16:56:57.089 (index):967 WAITING_9
16:56:57.090 (index):967 WAITING_10
16:56:57.090 (index):967 WAITING_11
16:56:57.091 (index):884 ATTRIBUTEACCESSRELEASED_12
16:56:57.091 (index):967 WAITING_13
16:56:57.092 (index):905 UPDATE_14
16:56:57.092 (index):967 WAITING_15
16:56:57.093 (index):905 UPDATE_16
16:56:57.093 (index):967 WAITING_17
16:56:57.094 (index):905 UPDATE_0
16:56:57.094 (index):905 UPDATE_1
16:56:57.094 (index):908 UPDATE_2
16:56:57.095 (index):967 WAITING_3
16:56:57.095 (index):941 NODEACCESSREQUESTED_5
16:56:57.096 (index):967 WAITING_6
16:56:57.096 (index):884 ATTRIBUTEACCESSRELEASED_7
16:56:57.097 (index):905 UPDATE_8
16:56:57.097 (index):967 WAITING_9
16:56:57.098 (index):967 WAITING_10
16:56:57.098 (index):967 WAITING_11
16:56:57.098 (index):935 ATTRIBUTEACCESSREQUESTED_12
16:56:57.099 (index):967 WAITING_13
16:56:57.099 (index):880 NODEACCESSRELEASED_14
16:56:57.100 (index):967 WAITING_15
16:56:57.100 (index):880 NODEACCESSRELEASED_16
16:56:57.101 (index):967 WAITING_17
16:56:57.101 (index):880 NODEACCESSRELEASED_0
16:56:57.102 (index):978 END_1
16:56:57.102 (index):884 ATTRIBUTEACCESSRELEASED_2
16:56:57.103 (index):908 UPDATE_3
16:56:57.103 (index):905 UPDATE_5
16:56:57.103 (index):905 UPDATE_6
16:56:57.104 (index):941 NODEACCESSREQUESTED_7
16:56:57.104 (index):880 NODEACCESSRELEASED_8
16:56:57.105 (index):905 UPDATE_9
16:56:57.105 (index):967 WAITING_10
16:56:57.106 (index):967 WAITING_11
16:56:57.106 (index):908 UPDATE_12
16:56:57.107 (index):967 WAITING_13
16:56:57.107 (index):941 NODEACCESSREQUESTED_14
16:56:57.107 (index):967 WAITING_15
16:56:57.108 (index):941 NODEACCESSREQUESTED_16
16:56:57.108 (index):967 WAITING_17
16:56:57.109 (index):941 NODEACCESSREQUESTED_0
16:56:57.109 (index):935 ATTRIBUTEACCESSREQUESTED_2
16:56:57.110 (index):978 END_3
16:56:57.110 (index):880 NODEACCESSRELEASED_5
16:56:57.111 (index):880 NODEACCESSRELEASED_6
16:56:57.111 (index):905 UPDATE_7
16:56:57.112 (index):935 ATTRIBUTEACCESSREQUESTED_8
16:56:57.112 (index):880 NODEACCESSRELEASED_9
16:56:57.112 (index):967 WAITING_10
16:56:57.113 (index):967 WAITING_11
16:56:57.113 (index):884 ATTRIBUTEACCESSRELEASED_12
16:56:57.114 (index):967 WAITING_13
16:56:57.114 (index):905 UPDATE_14
16:56:57.115 (index):967 WAITING_15
16:56:57.115 (index):967 WAITING_16
16:56:57.116 (index):967 WAITING_17
16:56:57.116 (index):905 UPDATE_0
16:56:57.116 (index):908 UPDATE_2
16:56:57.117 (index):941 NODEACCESSREQUESTED_5
16:56:57.117 (index):935 ATTRIBUTEACCESSREQUESTED_6
16:56:57.118 (index):978 END_7
16:56:57.118 (index):908 UPDATE_8
16:56:57.119 (index):941 NODEACCESSREQUESTED_9
16:56:57.119 (index):967 WAITING_10
16:56:57.120 (index):967 WAITING_11
16:56:57.120 (index):941 NODEACCESSREQUESTED_12
16:56:57.121 (index):967 WAITING_13
16:56:57.121 (index):880 NODEACCESSRELEASED_14
16:56:57.122 (index):967 WAITING_15
16:56:57.122 (index):905 UPDATE_16
16:56:57.122 (index):967 WAITING_17
16:56:57.123 (index):880 NODEACCESSRELEASED_0
16:56:57.123 (index):884 ATTRIBUTEACCESSRELEASED_2
16:56:57.124 (index):905 UPDATE_5
16:56:57.124 (index):908 UPDATE_6
16:56:57.125 (index):884 ATTRIBUTEACCESSRELEASED_8
16:56:57.125 (index):967 WAITING_9
16:56:57.125 (index):967 WAITING_10
16:56:57.126 (index):967 WAITING_11
16:56:57.126 (index):905 UPDATE_12
16:56:57.127 (index):967 WAITING_13
16:56:57.127 (index):935 ATTRIBUTEACCESSREQUESTED_14
16:56:57.127 (index):967 WAITING_15
16:56:57.128 (index):880 NODEACCESSRELEASED_16
16:56:57.128 (index):967 WAITING_17
16:56:57.129 (index):935 ATTRIBUTEACCESSREQUESTED_0
16:56:57.129 (index):941 NODEACCESSREQUESTED_2
16:56:57.130 (index):978 END_5
16:56:57.130 (index):884 ATTRIBUTEACCESSRELEASED_6
16:56:57.130 (index):941 NODEACCESSREQUESTED_8
16:56:57.131 (index):967 WAITING_9
16:56:57.131 (index):905 UPDATE_10
16:56:57.132 (index):967 WAITING_11
16:56:57.132 (index):880 NODEACCESSRELEASED_12
16:56:57.133 (index):967 WAITING_13
16:56:57.133 (index):908 UPDATE_14
16:56:57.133 (index):967 WAITING_15
16:56:57.134 (index):941 NODEACCESSREQUESTED_16
16:56:57.134 (index):967 WAITING_17
16:56:57.135 (index):908 UPDATE_0
16:56:57.135 (index):967 WAITING_2
16:56:57.136 (index):941 NODEACCESSREQUESTED_6
16:56:57.136 (index):967 WAITING_8
16:56:57.136 (index):967 WAITING_9
16:56:57.137 (index):880 NODEACCESSRELEASED_10
16:56:57.137 (index):905 UPDATE_11
16:56:57.138 (index):941 NODEACCESSREQUESTED_12
16:56:57.138 (index):967 WAITING_13
16:56:57.139 (index):978 END_14
16:56:57.139 (index):967 WAITING_15
16:56:57.139 (index):905 UPDATE_16
16:56:57.140 (index):967 WAITING_17
16:56:57.140 (index):978 END_0
16:56:57.141 (index):967 WAITING_2
16:56:57.141 (index):967 WAITING_6
16:56:57.142 (index):967 WAITING_8
16:56:57.142 (index):967 WAITING_9
16:56:57.142 (index):935 ATTRIBUTEACCESSREQUESTED_10
16:56:57.143 (index):880 NODEACCESSRELEASED_11
16:56:57.143 (index):967 WAITING_12
16:56:57.144 (index):967 WAITING_13
16:56:57.144 (index):967 WAITING_15
16:56:57.145 (index):880 NODEACCESSRELEASED_16
16:56:57.145 (index):967 WAITING_17
16:56:57.146 (index):967 WAITING_2
16:56:57.146 (index):905 UPDATE_6
16:56:57.146 (index):905 UPDATE_8
16:56:57.147 (index):905 UPDATE_9
16:56:57.147 (index):908 UPDATE_10
16:56:57.148 (index):935 ATTRIBUTEACCESSREQUESTED_11
16:56:57.148 (index):967 WAITING_12
16:56:57.149 (index):967 WAITING_13
16:56:57.149 (index):967 WAITING_15
16:56:57.149 (index):941 NODEACCESSREQUESTED_16
16:56:57.150 (index):967 WAITING_17
16:56:57.150 (index):967 WAITING_2
16:56:57.151 (index):880 NODEACCESSRELEASED_6
16:56:57.151 (index):880 NODEACCESSRELEASED_8
16:56:57.152 (index):880 NODEACCESSRELEASED_9
16:56:57.152 (index):978 END_10
16:56:57.152 (index):908 UPDATE_11
16:56:57.153 (index):905 UPDATE_12
16:56:57.153 (index):967 WAITING_13
16:56:57.154 (index):967 WAITING_15
16:56:57.154 (index):905 UPDATE_16
16:56:57.154 (index):967 WAITING_17
16:56:57.155 (index):905 UPDATE_2
16:56:57.155 (index):941 NODEACCESSREQUESTED_6
16:56:57.156 (index):935 ATTRIBUTEACCESSREQUESTED_8
16:56:57.156 (index):935 ATTRIBUTEACCESSREQUESTED_9
16:56:57.157 (index):884 ATTRIBUTEACCESSRELEASED_11
16:56:57.157 (index):880 NODEACCESSRELEASED_12
16:56:57.158 (index):967 WAITING_13
16:56:57.158 (index):967 WAITING_15
16:56:57.159 (index):880 NODEACCESSRELEASED_16
16:56:57.159 (index):967 WAITING_17
16:56:57.159 (index):880 NODEACCESSRELEASED_2
16:56:57.160 (index):905 UPDATE_6
16:56:57.160 (index):908 UPDATE_8
16:56:57.161 (index):908 UPDATE_9
16:56:57.161 (index):941 NODEACCESSREQUESTED_11
16:56:57.162 (index):941 NODEACCESSREQUESTED_12
16:56:57.162 (index):967 WAITING_13
16:56:57.163 (index):967 WAITING_15
16:56:57.163 (index):941 NODEACCESSREQUESTED_16
16:56:57.163 (index):967 WAITING_17
16:56:57.164 (index):941 NODEACCESSREQUESTED_2
16:56:57.164 (index):880 NODEACCESSRELEASED_6
16:56:57.165 (index):978 END_8
16:56:57.165 (index):978 END_9
16:56:57.166 (index):905 UPDATE_11
16:56:57.166 (index):905 UPDATE_12
16:56:57.167 (index):967 WAITING_13
16:56:57.167 (index):967 WAITING_15
16:56:57.167 (index):967 WAITING_16
16:56:57.168 (index):967 WAITING_17
16:56:57.168 (index):967 WAITING_2
16:56:57.169 (index):935 ATTRIBUTEACCESSREQUESTED_6
16:56:57.170 (index):978 END_11
16:56:57.171 (index):978 END_12
16:56:57.171 (index):967 WAITING_13
16:56:57.172 (index):967 WAITING_15
16:56:57.172 (index):905 UPDATE_16
16:56:57.172 (index):967 WAITING_17
16:56:57.173 (index):905 UPDATE_2
16:56:57.173 (index):908 UPDATE_6
16:56:57.176 (index):967 WAITING_13
16:56:57.176 (index):967 WAITING_15
16:56:57.177 (index):880 NODEACCESSRELEASED_16
16:56:57.177 (index):967 WAITING_17
16:56:57.177 (index):880 NODEACCESSRELEASED_2
16:56:57.178 (index):978 END_6
16:56:57.180 (index):905 UPDATE_13
16:56:57.181 (index):967 WAITING_15
16:56:57.181 (index):941 NODEACCESSREQUESTED_16
16:56:57.181 (index):967 WAITING_17
16:56:57.182 (index):941 NODEACCESSREQUESTED_2
16:56:57.185 (index):880 NODEACCESSRELEASED_13
16:56:57.185 (index):905 UPDATE_15
16:56:57.186 (index):967 WAITING_16
16:56:57.186 (index):967 WAITING_17
16:56:57.186 (index):967 WAITING_2
16:56:57.189 (index):941 NODEACCESSREQUESTED_13
16:56:57.190 (index):880 NODEACCESSRELEASED_15
16:56:57.190 (index):967 WAITING_16
16:56:57.190 (index):905 UPDATE_17
16:56:57.191 (index):967 WAITING_2
16:56:57.194 (index):967 WAITING_13
16:56:57.194 (index):935 ATTRIBUTEACCESSREQUESTED_15
16:56:57.195 (index):967 WAITING_16
16:56:57.195 (index):978 END_17
16:56:57.195 (index):967 WAITING_2
16:56:57.198 (index):967 WAITING_13
16:56:57.199 (index):908 UPDATE_15
16:56:57.199 (index):905 UPDATE_16
16:56:57.200 (index):967 WAITING_2
16:56:57.203 (index):967 WAITING_13
16:56:57.203 (index):884 ATTRIBUTEACCESSRELEASED_15
16:56:57.204 (index):880 NODEACCESSRELEASED_16
16:56:57.204 (index):905 UPDATE_2
16:56:57.207 (index):905 UPDATE_13
16:56:57.208 (index):941 NODEACCESSREQUESTED_15
16:56:57.208 (index):941 NODEACCESSREQUESTED_16
16:56:57.209 (index):978 END_2
16:56:57.212 (index):880 NODEACCESSRELEASED_13
16:56:57.212 (index):905 UPDATE_15
16:56:57.213 (index):905 UPDATE_16
16:56:57.216 (index):941 NODEACCESSREQUESTED_13
16:56:57.217 (index):880 NODEACCESSRELEASED_15
16:56:57.217 (index):880 NODEACCESSRELEASED_16
16:56:57.221 (index):905 UPDATE_13
16:56:57.222 (index):941 NODEACCESSREQUESTED_15
16:56:57.222 (index):935 ATTRIBUTEACCESSREQUESTED_16
16:56:57.226 (index):880 NODEACCESSRELEASED_13
16:56:57.226 (index):905 UPDATE_15
16:56:57.227 (index):908 UPDATE_16
16:56:57.230 (index):935 ATTRIBUTEACCESSREQUESTED_13
16:56:57.231 (index):880 NODEACCESSRELEASED_15
16:56:57.232 (index):978 END_16
16:56:57.235 (index):908 UPDATE_13
16:56:57.236 (index):941 NODEACCESSREQUESTED_15
16:56:57.240 (index):884 ATTRIBUTEACCESSRELEASED_13
16:56:57.240 (index):905 UPDATE_15
16:56:57.244 (index):941 NODEACCESSREQUESTED_13
16:56:57.245 (index):880 NODEACCESSRELEASED_15
16:56:57.249 (index):905 UPDATE_13
16:56:57.249 (index):935 ATTRIBUTEACCESSREQUESTED_15
16:56:57.253 (index):880 NODEACCESSRELEASED_13
16:56:57.254 (index):908 UPDATE_15
16:56:57.258 (index):941 NODEACCESSREQUESTED_13
16:56:57.258 (index):884 ATTRIBUTEACCESSRELEASED_15
16:56:57.262 (index):905 UPDATE_13
16:56:57.263 (index):941 NODEACCESSREQUESTED_15
16:56:57.267 (index):880 NODEACCESSRELEASED_13
16:56:57.267 (index):905 UPDATE_15
16:56:57.272 (index):935 ATTRIBUTEACCESSREQUESTED_13
16:56:57.272 (index):880 NODEACCESSRELEASED_15
16:56:57.276 (index):908 UPDATE_13
16:56:57.277 (index):941 NODEACCESSREQUESTED_15
16:56:57.281 (index):884 ATTRIBUTEACCESSRELEASED_13
16:56:57.282 (index):905 UPDATE_15
16:56:57.286 (index):941 NODEACCESSREQUESTED_13
16:56:57.287 (index):880 NODEACCESSRELEASED_15
16:56:57.291 (index):905 UPDATE_13
16:56:57.292 (index):941 NODEACCESSREQUESTED_15
16:56:57.296 (index):978 END_13
16:56:57.296 (index):905 UPDATE_15
16:56:57.301 (index):880 NODEACCESSRELEASED_15
16:56:57.305 (index):941 NODEACCESSREQUESTED_15
16:56:57.310 (index):905 UPDATE_15
16:56:57.315 (index):978 END_15
