16:56:54.283 (index):1269 Tasks: 25; Collaborators: 14    =========================>
16:56:54.283 (index):941 NODEACCESSREQUESTED_0
16:56:54.284 (index):941 NODEACCESSREQUESTED_1
16:56:54.284 (index):935 ATTRIBUTEACCESSREQUESTED_2
16:56:54.285 (index):935 ATTRIBUTEACCESSREQUESTED_3
16:56:54.285 (index):935 ATTRIBUTEACCESSREQUESTED_4
16:56:54.286 (index):935 ATTRIBUTEACCESSREQUESTED_5
16:56:54.286 (index):941 NODEACCESSREQUESTED_6
16:56:54.286 (index):941 NODEACCESSREQUESTED_7
16:56:54.287 (index):935 ATTRIBUTEACCESSREQUESTED_8
16:56:54.287 (index):935 ATTRIBUTEACCESSREQUESTED_9
16:56:54.288 (index):941 NODEACCESSREQUESTED_10
16:56:54.288 (index):941 NODEACCESSREQUESTED_11
16:56:54.289 (index):941 NODEACCESSREQUESTED_12
16:56:54.289 (index):941 NODEACCESSREQUESTED_13
16:56:54.290 (index):880 NODEACCESSRELEASED_0
16:56:54.290 (index):880 NODEACCESSRELEASED_1
16:56:54.290 (index):884 ATTRIBUTEACCESSRELEASED_2
16:56:54.291 (index):884 ATTRIBUTEACCESSRELEASED_3
16:56:54.291 (index):884 ATTRIBUTEACCESSRELEASED_4
16:56:54.292 (index):884 ATTRIBUTEACCESSRELEASED_5
16:56:54.292 (index):880 NODEACCESSRELEASED_6
16:56:54.293 (index):880 NODEACCESSRELEASED_7
16:56:54.293 (index):884 ATTRIBUTEACCESSRELEASED_8
16:56:54.293 (index):884 ATTRIBUTEACCESSRELEASED_9
16:56:54.294 (index):967 WAITING_10
16:56:54.294 (index):880 NODEACCESSRELEASED_11
16:56:54.295 (index):880 NODEACCESSRELEASED_12
16:56:54.295 (index):880 NODEACCESSRELEASED_13
16:56:54.296 (index):941 NODEACCESSREQUESTED_0
16:56:54.296 (index):941 NODEACCESSREQUESTED_1
16:56:54.297 (index):935 ATTRIBUTEACCESSREQUESTED_2
16:56:54.297 (index):935 ATTRIBUTEACCESSREQUESTED_3
16:56:54.297 (index):935 ATTRIBUTEACCESSREQUESTED_4
16:56:54.298 (index):935 ATTRIBUTEACCESSREQUESTED_5
16:56:54.298 (index):941 NODEACCESSREQUESTED_6
16:56:54.299 (index):941 NODEACCESSREQUESTED_7
16:56:54.299 (index):935 ATTRIBUTEACCESSREQUESTED_8
16:56:54.300 (index):935 ATTRIBUTEACCESSREQUESTED_9
16:56:54.300 (index):880 NODEACCESSRELEASED_10
16:56:54.300 (index):941 NODEACCESSREQUESTED_11
16:56:54.301 (index):941 NODEACCESSREQUESTED_12
16:56:54.301 (index):941 NODEACCESSREQUESTED_13
16:56:54.302 (index):905 UPDATE_0
16:56:54.302 (index):905 UPDATE_1
16:56:54.303 (index):908 UPDATE_2
16:56:54.303 (index):908 UPDATE_3
16:56:54.304 (index):967 WAITING_4
16:56:54.304 (index):908 UPDATE_5
16:56:54.304 (index):967 WAITING_6
16:56:54.305 (index):905 UPDATE_7
16:56:54.305 (index):908 UPDATE_8
16:56:54.306 (index):967 WAITING_9
16:56:54.306 (index):941 NODEACCESSREQUESTED_10
16:56:54.306 (index):905 UPDATE_11
16:56:54.307 (index):905 UPDATE_12
16:56:54.307 (index):967 WAITING_13
16:56:54.308 (index):880 NODEACCESSRELEASED_0
16:56:54.308 (index):880 NODEACCESSRELEASED_1
16:56:54.309 (index):884 ATTRIBUTEACCESSRELEASED_2
16:56:54.309 (index):884 ATTRIBUTEACCESSRELEASED_3
16:56:54.310 (index):908 UPDATE_4
16:56:54.310 (index):884 ATTRIBUTEACCESSRELEASED_5
16:56:54.310 (index):967 WAITING_6
16:56:54.311 (index):880 NODEACCESSRELEASED_7
16:56:54.311 (index):884 ATTRIBUTEACCESSRELEASED_8
16:56:54.312 (index):967 WAITING_9
16:56:54.312 (index):905 UPDATE_10
16:56:54.313 (index):880 NODEACCESSRELEASED_11
16:56:54.313 (index):880 NODEACCESSRELEASED_12
16:56:54.314 (index):905 UPDATE_13
16:56:54.314 (index):941 NODEACCESSREQUESTED_0
16:56:54.314 (index):941 NODEACCESSREQUESTED_1
16:56:54.315 (index):941 NODEACCESSREQUESTED_2
16:56:54.315 (index):941 NODEACCESSREQUESTED_3
16:56:54.316 (index):884 ATTRIBUTEACCESSRELEASED_4
16:56:54.316 (index):941 NODEACCESSREQUESTED_5
16:56:54.317 (index):905 UPDATE_6
16:56:54.317 (index):935 ATTRIBUTEACCESSREQUESTED_7
16:56:54.317 (index):941 NODEACCESSREQUESTED_8
16:56:54.318 (index):908 UPDATE_9
16:56:54.318 (index):880 NODEACCESSRELEASED_10
16:56:54.319 (index):935 ATTRIBUTEACCESSREQUESTED_11
16:56:54.319 (index):941 NODEACCESSREQUESTED_12
16:56:54.320 (index):880 NODEACCESSRELEASED_13
16:56:54.320 (index):905 UPDATE_0
16:56:54.321 (index):905 UPDATE_1
16:56:54.321 (index):967 WAITING_2
16:56:54.321 (index):967 WAITING_3
16:56:54.322 (index):935 ATTRIBUTEACCESSREQUESTED_4
16:56:54.322 (index):967 WAITING_5
16:56:54.323 (index):880 NODEACCESSRELEASED_6
16:56:54.323 (index):908 UPDATE_7
16:56:54.324 (index):905 UPDATE_8
16:56:54.324 (index):884 ATTRIBUTEACCESSRELEASED_9
16:56:54.324 (index):935 ATTRIBUTEACCESSREQUESTED_10
16:56:54.325 (index):908 UPDATE_11
16:56:54.325 (index):967 WAITING_12
16:56:54.326 (index):935 ATTRIBUTEACCESSREQUESTED_13
16:56:54.326 (index):880 NODEACCESSRELEASED_0
16:56:54.327 (index):880 NODEACCESSRELEASED_1
16:56:54.327 (index):967 WAITING_2
16:56:54.328 (index):905 UPDATE_3
16:56:54.328 (index):908 UPDATE_4
16:56:54.328 (index):967 WAITING_5
16:56:54.329 (index):941 NODEACCESSREQUESTED_6
16:56:54.329 (index):884 ATTRIBUTEACCESSRELEASED_7
16:56:54.330 (index):880 NODEACCESSRELEASED_8
16:56:54.330 (index):941 NODEACCESSREQUESTED_9
16:56:54.331 (index):967 WAITING_10
16:56:54.331 (index):884 ATTRIBUTEACCESSRELEASED_11
16:56:54.331 (index):967 WAITING_12
16:56:54.332 (index):967 WAITING_13
16:56:54.332 (index):935 ATTRIBUTEACCESSREQUESTED_0
16:56:54.333 (index):941 NODEACCESSREQUESTED_1
16:56:54.333 (index):905 UPDATE_2
16:56:54.334 (index):880 NODEACCESSRELEASED_3
16:56:54.334 (index):884 ATTRIBUTEACCESSRELEASED_4
16:56:54.335 (index):905 UPDATE_5
16:56:54.335 (index):905 UPDATE_6
16:56:54.335 (index):941 NODEACCESSREQUESTED_7
16:56:54.336 (index):941 NODEACCESSREQUESTED_8
16:56:54.336 (index):905 UPDATE_9
16:56:54.337 (index):908 UPDATE_10
16:56:54.337 (index):935 ATTRIBUTEACCESSREQUESTED_11
16:56:54.338 (index):967 WAITING_12
16:56:54.338 (index):908 UPDATE_13
16:56:54.338 (index):908 UPDATE_0
16:56:54.339 (index):967 WAITING_1
16:56:54.339 (index):880 NODEACCESSRELEASED_2
16:56:54.340 (index):941 NODEACCESSREQUESTED_3
16:56:54.340 (index):941 NODEACCESSREQUESTED_4
16:56:54.341 (index):880 NODEACCESSRELEASED_5
16:56:54.341 (index):880 NODEACCESSRELEASED_6
16:56:54.341 (index):905 UPDATE_7
16:56:54.342 (index):967 WAITING_8
16:56:54.342 (index):880 NODEACCESSRELEASED_9
16:56:54.343 (index):884 ATTRIBUTEACCESSRELEASED_10
16:56:54.343 (index):967 WAITING_11
16:56:54.344 (index):905 UPDATE_12
16:56:54.344 (index):884 ATTRIBUTEACCESSRELEASED_13
16:56:54.345 (index):884 ATTRIBUTEACCESSRELEASED_0
16:56:54.345 (index):905 UPDATE_1
16:56:54.345 (index):941 NODEACCESSREQUESTED_2
16:56:54.346 (index):967 WAITING_3
16:56:54.346 (index):967 WAITING_4
16:56:54.347 (index):941 NODEACCESSREQUESTED_5
16:56:54.347 (index):941 NODEACCESSREQUESTED_6
16:56:54.348 (index):880 NODEACCESSRELEASED_7
16:56:54.348 (index):967 WAITING_8
16:56:54.348 (index):941 NODEACCESSREQUESTED_9
16:56:54.349 (index):935 ATTRIBUTEACCESSREQUESTED_10
16:56:54.349 (index):908 UPDATE_11
16:56:54.350 (index):880 NODEACCESSRELEASED_12
16:56:54.351 (index):941 NODEACCESSREQUESTED_13
16:56:54.351 (index):941 NODEACCESSREQUESTED_0
16:56:54.352 (index):880 NODEACCESSRELEASED_1
16:56:54.353 (index):905 UPDATE_2
16:56:54.354 (index):905 UPDATE_3
16:56:54.354 (index):905 UPDATE_4
16:56:54.355 (index):967 WAITING_5
16:56:54.355 (index):905 UPDATE_6
16:56:54.356 (index):941 NODEACCESSREQUESTED_7
16:56:54.356 (index):967 WAITING_8
16:56:54.357 (index):967 WAITING_9
16:56:54.357 (index):908 UPDATE_10
16:56:54.357 (index):884 ATTRIBUTEACCESSRELEASED_11
16:56:54.358 (index):941 NODEACCESSREQUESTED_12
16:56:54.358 (index):905 UPDATE_13
16:56:54.359 (index):967 WAITING_0
16:56:54.359 (index):941 NODEACCESSREQUESTED_1
16:56:54.360 (index):880 NODEACCESSRELEASED_2
16:56:54.360 (index):880 NODEACCESSRELEASED_3
16:56:54.361 (index):880 NODEACCESSRELEASED_4
16:56:54.361 (index):967 WAITING_5
16:56:54.361 (index):880 NODEACCESSRELEASED_6
16:56:54.362 (index):905 UPDATE_7
16:56:54.362 (index):967 WAITING_8
16:56:54.363 (index):905 UPDATE_9
16:56:54.363 (index):884 ATTRIBUTEACCESSRELEASED_10
16:56:54.364 (index):941 NODEACCESSREQUESTED_11
16:56:54.364 (index):967 WAITING_12
16:56:54.364 (index):880 NODEACCESSRELEASED_13
16:56:54.365 (index):905 UPDATE_0
16:56:54.365 (index):905 UPDATE_1
16:56:54.366 (index):941 NODEACCESSREQUESTED_2
16:56:54.366 (index):935 ATTRIBUTEACCESSREQUESTED_3
16:56:54.367 (index):935 ATTRIBUTEACCESSREQUESTED_4
16:56:54.367 (index):967 WAITING_5
16:56:54.367 (index):941 NODEACCESSREQUESTED_6
16:56:54.368 (index):880 NODEACCESSRELEASED_7
16:56:54.368 (index):967 WAITING_8
16:56:54.369 (index):880 NODEACCESSRELEASED_9
16:56:54.369 (index):941 NODEACCESSREQUESTED_10
16:56:54.370 (index):967 WAITING_11
16:56:54.370 (index):967 WAITING_12
16:56:54.370 (index):941 NODEACCESSREQUESTED_13
16:56:54.371 (index):880 NODEACCESSRELEASED_0
16:56:54.371 (index):880 NODEACCESSRELEASED_1
16:56:54.372 (index):905 UPDATE_2
16:56:54.372 (index):908 UPDATE_3
16:56:54.373 (index):908 UPDATE_4
16:56:54.373 (index):905 UPDATE_5
16:56:54.374 (index):905 UPDATE_6
16:56:54.374 (index):935 ATTRIBUTEACCESSREQUESTED_7
16:56:54.374 (index):967 WAITING_8
16:56:54.375 (index):941 NODEACCESSREQUESTED_9
16:56:54.375 (index):905 UPDATE_10
16:56:54.376 (index):905 UPDATE_11
16:56:54.376 (index):967 WAITING_12
16:56:54.377 (index):967 WAITING_13
16:56:54.377 (index):941 NODEACCESSREQUESTED_0
16:56:54.377 (index):935 ATTRIBUTEACCESSREQUESTED_1
16:56:54.378 (index):880 NODEACCESSRELEASED_2
16:56:54.378 (index):884 ATTRIBUTEACCESSRELEASED_3
16:56:54.379 (index):884 ATTRIBUTEACCESSRELEASED_4
16:56:54.379 (index):880 NODEACCESSRELEASED_5
16:56:54.380 (index):880 NODEACCESSRELEASED_6
16:56:54.380 (index):908 UPDATE_7
16:56:54.381 (index):967 WAITING_8
16:56:54.381 (index):905 UPDATE_9
16:56:54.381 (index):880 NODEACCESSRELEASED_10
16:56:54.382 (index):880 NODEACCESSRELEASED_11
16:56:54.382 (index):905 UPDATE_12
16:56:54.383 (index):967 WAITING_13
16:56:54.383 (index):905 UPDATE_0
16:56:54.384 (index):908 UPDATE_1
16:56:54.384 (index):935 ATTRIBUTEACCESSREQUESTED_2
16:56:54.384 (index):935 ATTRIBUTEACCESSREQUESTED_3
16:56:54.385 (index):941 NODEACCESSREQUESTED_4
16:56:54.385 (index):935 ATTRIBUTEACCESSREQUESTED_5
16:56:54.386 (index):941 NODEACCESSREQUESTED_6
16:56:54.386 (index):884 ATTRIBUTEACCESSRELEASED_7
16:56:54.387 (index):967 WAITING_8
16:56:54.387 (index):880 NODEACCESSRELEASED_9
16:56:54.388 (index):941 NODEACCESSREQUESTED_10
16:56:54.388 (index):935 ATTRIBUTEACCESSREQUESTED_11
16:56:54.388 (index):880 NODEACCESSRELEASED_12
16:56:54.389 (index):967 WAITING_13
16:56:54.389 (index):880 NODEACCESSRELEASED_0
16:56:54.390 (index):884 ATTRIBUTEACCESSRELEASED_1
16:56:54.390 (index):908 UPDATE_2
16:56:54.391 (index):908 UPDATE_3
16:56:54.391 (index):905 UPDATE_4
16:56:54.392 (index):908 UPDATE_5
16:56:54.392 (index):967 WAITING_6
16:56:54.392 (index):941 NODEACCESSREQUESTED_7
16:56:54.393 (index):967 WAITING_8
16:56:54.393 (index):935 ATTRIBUTEACCESSREQUESTED_9
16:56:54.394 (index):905 UPDATE_10
16:56:54.394 (index):967 WAITING_11
16:56:54.395 (index):935 ATTRIBUTEACCESSREQUESTED_12
16:56:54.395 (index):967 WAITING_13
16:56:54.395 (index):935 ATTRIBUTEACCESSREQUESTED_0
16:56:54.396 (index):935 ATTRIBUTEACCESSREQUESTED_1
16:56:54.396 (index):884 ATTRIBUTEACCESSRELEASED_2
16:56:54.397 (index):884 ATTRIBUTEACCESSRELEASED_3
16:56:54.397 (index):880 NODEACCESSRELEASED_4
16:56:54.398 (index):884 ATTRIBUTEACCESSRELEASED_5
16:56:54.398 (index):967 WAITING_6
16:56:54.398 (index):905 UPDATE_7
16:56:54.399 (index):967 WAITING_8
16:56:54.399 (index):908 UPDATE_9
16:56:54.400 (index):880 NODEACCESSRELEASED_10
16:56:54.400 (index):908 UPDATE_11
16:56:54.401 (index):967 WAITING_12
16:56:54.401 (index):967 WAITING_13
16:56:54.401 (index):908 UPDATE_0
16:56:54.402 (index):967 WAITING_1
16:56:54.402 (index):935 ATTRIBUTEACCESSREQUESTED_2
16:56:54.403 (index):941 NODEACCESSREQUESTED_3
16:56:54.403 (index):941 NODEACCESSREQUESTED_4
16:56:54.404 (index):941 NODEACCESSREQUESTED_5
16:56:54.404 (index):967 WAITING_6
16:56:54.405 (index):880 NODEACCESSRELEASED_7
16:56:54.405 (index):905 UPDATE_8
16:56:54.405 (index):884 ATTRIBUTEACCESSRELEASED_9
16:56:54.406 (index):935 ATTRIBUTEACCESSREQUESTED_10
16:56:54.406 (index):884 ATTRIBUTEACCESSRELEASED_11
16:56:54.407 (index):908 UPDATE_12
16:56:54.407 (index):967 WAITING_13
16:56:54.408 (index):884 ATTRIBUTEACCESSRELEASED_0
16:56:54.408 (index):908 UPDATE_1
16:56:54.409 (index):967 WAITING_2
16:56:54.409 (index):905 UPDATE_3
16:56:54.409 (index):967 WAITING_4
16:56:54.410 (index):967 WAITING_5
16:56:54.410 (index):967 WAITING_6
16:56:54.411 (index):941 NODEACCESSREQUESTED_7
16:56:54.411 (index):880 NODEACCESSRELEASED_8
16:56:54.412 (index):941 NODEACCESSREQUESTED_9
16:56:54.412 (index):967 WAITING_10
16:56:54.412 (index):941 NODEACCESSREQUESTED_11
16:56:54.413 (index):884 ATTRIBUTEACCESSRELEASED_12
16:56:54.413 (index):967 WAITING_13
16:56:54.414 (index):941 NODEACCESSREQUESTED_0
16:56:54.414 (index):884 ATTRIBUTEACCESSRELEASED_1
16:56:54.415 (index):908 UPDATE_2
16:56:54.415 (index):880 NODEACCESSRELEASED_3
16:56:54.415 (index):967 WAITING_4
16:56:54.416 (index):967 WAITING_5
16:56:54.416 (index):905 UPDATE_6
16:56:54.417 (index):967 WAITING_7
16:56:54.417 (index):935 ATTRIBUTEACCESSREQUESTED_8
16:56:54.418 (index):967 WAITING_9
16:56:54.418 (index):908 UPDATE_10
16:56:54.418 (index):967 WAITING_11
16:56:54.419 (index):935 ATTRIBUTEACCESSREQUESTED_12
16:56:54.419 (index):967 WAITING_13
16:56:54.420 (index):905 UPDATE_0
16:56:54.420 (index):941 NODEACCESSREQUESTED_1
16:56:54.421 (index):884 ATTRIBUTEACCESSRELEASED_2
16:56:54.421 (index):935 ATTRIBUTEACCESSREQUESTED_3
16:56:54.421 (index):967 WAITING_4
16:56:54.422 (index):967 WAITING_5
16:56:54.422 (index):880 NODEACCESSRELEASED_6
16:56:54.423 (index):905 UPDATE_7
16:56:54.423 (index):908 UPDATE_8
16:56:54.424 (index):967 WAITING_9
16:56:54.424 (index):884 ATTRIBUTEACCESSRELEASED_10
16:56:54.425 (index):905 UPDATE_11
16:56:54.425 (index):908 UPDATE_12
16:56:54.425 (index):967 WAITING_13
16:56:54.426 (index):880 NODEACCESSRELEASED_0
16:56:54.426 (index):967 WAITING_1
16:56:54.427 (index):941 NODEACCESSREQUESTED_2
16:56:54.427 (index):967 WAITING_3
16:56:54.428 (index):905 UPDATE_4
16:56:54.428 (index):967 WAITING_5
16:56:54.428 (index):941 NODEACCESSREQUESTED_6
16:56:54.429 (index):880 NODEACCESSRELEASED_7
16:56:54.429 (index):884 ATTRIBUTEACCESSRELEASED_8
16:56:54.430 (index):905 UPDATE_9
16:56:54.430 (index):941 NODEACCESSREQUESTED_10
16:56:54.431 (index):880 NODEACCESSRELEASED_11
16:56:54.431 (index):884 ATTRIBUTEACCESSRELEASED_12
16:56:54.432 (index):967 WAITING_13
16:56:54.432 (index):941 NODEACCESSREQUESTED_0
16:56:54.432 (index):967 WAITING_1
16:56:54.433 (index):905 UPDATE_2
16:56:54.433 (index):908 UPDATE_3
16:56:54.434 (index):880 NODEACCESSRELEASED_4
16:56:54.434 (index):905 UPDATE_5
16:56:54.435 (index):905 UPDATE_6
16:56:54.435 (index):941 NODEACCESSREQUESTED_7
16:56:54.435 (index):941 NODEACCESSREQUESTED_8
16:56:54.436 (index):880 NODEACCESSRELEASED_9
16:56:54.436 (index):905 UPDATE_10
16:56:54.437 (index):941 NODEACCESSREQUESTED_11
16:56:54.437 (index):941 NODEACCESSREQUESTED_12
16:56:54.438 (index):967 WAITING_13
16:56:54.438 (index):905 UPDATE_0
16:56:54.438 (index):967 WAITING_1
16:56:54.439 (index):880 NODEACCESSRELEASED_2
16:56:54.439 (index):884 ATTRIBUTEACCESSRELEASED_3
16:56:54.440 (index):941 NODEACCESSREQUESTED_4
16:56:54.440 (index):880 NODEACCESSRELEASED_5
16:56:54.441 (index):880 NODEACCESSRELEASED_6
16:56:54.441 (index):967 WAITING_7
16:56:54.442 (index):905 UPDATE_8
16:56:54.442 (index):935 ATTRIBUTEACCESSREQUESTED_9
16:56:54.443 (index):880 NODEACCESSRELEASED_10
16:56:54.444 (index):967 WAITING_11
16:56:54.445 (index):905 UPDATE_12
16:56:54.445 (index):967 WAITING_13
16:56:54.446 (index):880 NODEACCESSRELEASED_0
16:56:54.447 (index):967 WAITING_1
16:56:54.447 (index):935 ATTRIBUTEACCESSREQUESTED_2
16:56:54.448 (index):941 NODEACCESSREQUESTED_3
16:56:54.448 (index):967 WAITING_4
16:56:54.449 (index):941 NODEACCESSREQUESTED_5
16:56:54.449 (index):941 NODEACCESSREQUESTED_6
16:56:54.450 (index):905 UPDATE_7
16:56:54.450 (index):880 NODEACCESSRELEASED_8
16:56:54.450 (index):908 UPDATE_9
16:56:54.451 (index):941 NODEACCESSREQUESTED_10
16:56:54.451 (index):967 WAITING_11
16:56:54.452 (index):880 NODEACCESSRELEASED_12
16:56:54.452 (index):967 WAITING_13
16:56:54.453 (index):941 NODEACCESSREQUESTED_0
16:56:54.453 (index):905 UPDATE_1
16:56:54.454 (index):967 WAITING_2
16:56:54.454 (index):905 UPDATE_3
16:56:54.454 (index):905 UPDATE_4
16:56:54.455 (index):967 WAITING_5
16:56:54.455 (index):967 WAITING_6
16:56:54.456 (index):880 NODEACCESSRELEASED_7
16:56:54.456 (index):941 NODEACCESSREQUESTED_8
16:56:54.457 (index):884 ATTRIBUTEACCESSRELEASED_9
16:56:54.457 (index):905 UPDATE_10
16:56:54.457 (index):905 UPDATE_11
16:56:54.458 (index):935 ATTRIBUTEACCESSREQUESTED_12
16:56:54.458 (index):967 WAITING_13
16:56:54.459 (index):967 WAITING_0
16:56:54.459 (index):880 NODEACCESSRELEASED_1
16:56:54.460 (index):908 UPDATE_2
16:56:54.460 (index):880 NODEACCESSRELEASED_3
16:56:54.461 (index):880 NODEACCESSRELEASED_4
16:56:54.461 (index):905 UPDATE_5
16:56:54.462 (index):905 UPDATE_6
16:56:54.462 (index):935 ATTRIBUTEACCESSREQUESTED_7
16:56:54.462 (index):967 WAITING_8
16:56:54.463 (index):941 NODEACCESSREQUESTED_9
16:56:54.463 (index):880 NODEACCESSRELEASED_10
16:56:54.464 (index):880 NODEACCESSRELEASED_11
16:56:54.464 (index):908 UPDATE_12
16:56:54.465 (index):967 WAITING_13
16:56:54.465 (index):905 UPDATE_0
16:56:54.465 (index):941 NODEACCESSREQUESTED_1
16:56:54.466 (index):884 ATTRIBUTEACCESSRELEASED_2
16:56:54.466 (index):941 NODEACCESSREQUESTED_3
16:56:54.467 (index):935 ATTRIBUTEACCESSREQUESTED_4
16:56:54.467 (index):880 NODEACCESSRELEASED_5
16:56:54.468 (index):880 NODEACCESSRELEASED_6
16:56:54.468 (index):908 UPDATE_7
16:56:54.469 (index):967 WAITING_8
16:56:54.469 (index):905 UPDATE_9
16:56:54.469 (index):941 NODEACCESSREQUESTED_10
16:56:54.470 (index):935 ATTRIBUTEACCESSREQUESTED_11
16:56:54.470 (index):884 ATTRIBUTEACCESSRELEASED_12
16:56:54.471 (index):967 WAITING_13
16:56:54.471 (index):880 NODEACCESSRELEASED_0
16:56:54.472 (index):967 WAITING_1
16:56:54.472 (index):935 ATTRIBUTEACCESSREQUESTED_2
16:56:54.473 (index):967 WAITING_3
16:56:54.473 (index):908 UPDATE_4
16:56:54.473 (index):941 NODEACCESSREQUESTED_5
16:56:54.474 (index):941 NODEACCESSREQUESTED_6
16:56:54.474 (index):884 ATTRIBUTEACCESSRELEASED_7
16:56:54.475 (index):967 WAITING_8
16:56:54.475 (index):880 NODEACCESSRELEASED_9
16:56:54.476 (index):905 UPDATE_10
16:56:54.476 (index):908 UPDATE_11
16:56:54.476 (index):935 ATTRIBUTEACCESSREQUESTED_12
16:56:54.477 (index):967 WAITING_13
16:56:54.477 (index):935 ATTRIBUTEACCESSREQUESTED_0
16:56:54.478 (index):967 WAITING_1
16:56:54.478 (index):967 WAITING_2
16:56:54.479 (index):905 UPDATE_3
16:56:54.479 (index):884 ATTRIBUTEACCESSRELEASED_4
16:56:54.480 (index):905 UPDATE_5
16:56:54.480 (index):967 WAITING_6
16:56:54.481 (index):941 NODEACCESSREQUESTED_7
16:56:54.481 (index):967 WAITING_8
16:56:54.481 (index):941 NODEACCESSREQUESTED_9
16:56:54.482 (index):880 NODEACCESSRELEASED_10
16:56:54.482 (index):884 ATTRIBUTEACCESSRELEASED_11
16:56:54.483 (index):908 UPDATE_12
16:56:54.484 (index):967 WAITING_13
16:56:54.484 (index):908 UPDATE_0
16:56:54.485 (index):967 WAITING_1
16:56:54.485 (index):908 UPDATE_2
16:56:54.486 (index):880 NODEACCESSRELEASED_3
16:56:54.486 (index):941 NODEACCESSREQUESTED_4
16:56:54.487 (index):880 NODEACCESSRELEASED_5
16:56:54.487 (index):905 UPDATE_6
16:56:54.488 (index):905 UPDATE_7
16:56:54.488 (index):967 WAITING_8
16:56:54.488 (index):905 UPDATE_9
16:56:54.489 (index):935 ATTRIBUTEACCESSREQUESTED_10
16:56:54.489 (index):941 NODEACCESSREQUESTED_11
16:56:54.490 (index):884 ATTRIBUTEACCESSRELEASED_12
16:56:54.490 (index):967 WAITING_13
16:56:54.491 (index):884 ATTRIBUTEACCESSRELEASED_0
16:56:54.491 (index):967 WAITING_1
16:56:54.492 (index):884 ATTRIBUTEACCESSRELEASED_2
16:56:54.492 (index):941 NODEACCESSREQUESTED_3
16:56:54.492 (index):967 WAITING_4
16:56:54.493 (index):935 ATTRIBUTEACCESSREQUESTED_5
16:56:54.493 (index):880 NODEACCESSRELEASED_6
16:56:54.494 (index):880 NODEACCESSRELEASED_7
16:56:54.494 (index):967 WAITING_8
16:56:54.495 (index):880 NODEACCESSRELEASED_9
16:56:54.495 (index):908 UPDATE_10
16:56:54.495 (index):905 UPDATE_11
16:56:54.496 (index):935 ATTRIBUTEACCESSREQUESTED_12
16:56:54.496 (index):967 WAITING_13
16:56:54.497 (index):941 NODEACCESSREQUESTED_0
16:56:54.497 (index):967 WAITING_1
16:56:54.497 (index):935 ATTRIBUTEACCESSREQUESTED_2
16:56:54.498 (index):905 UPDATE_3
16:56:54.498 (index):905 UPDATE_4
16:56:54.499 (index):908 UPDATE_5
16:56:54.499 (index):941 NODEACCESSREQUESTED_6
16:56:54.500 (index):941 NODEACCESSREQUESTED_7
16:56:54.500 (index):967 WAITING_8
16:56:54.500 (index):941 NODEACCESSREQUESTED_9
16:56:54.501 (index):884 ATTRIBUTEACCESSRELEASED_10
16:56:54.501 (index):880 NODEACCESSRELEASED_11
16:56:54.502 (index):908 UPDATE_12
16:56:54.502 (index):967 WAITING_13
16:56:54.503 (index):905 UPDATE_0
16:56:54.503 (index):967 WAITING_1
16:56:54.503 (index):967 WAITING_2
16:56:54.504 (index):880 NODEACCESSRELEASED_3
16:56:54.504 (index):880 NODEACCESSRELEASED_4
16:56:54.505 (index):884 ATTRIBUTEACCESSRELEASED_5
16:56:54.505 (index):905 UPDATE_6
16:56:54.506 (index):905 UPDATE_7
16:56:54.506 (index):967 WAITING_8
16:56:54.507 (index):905 UPDATE_9
16:56:54.507 (index):941 NODEACCESSREQUESTED_10
16:56:54.507 (index):941 NODEACCESSREQUESTED_11
16:56:54.508 (index):884 ATTRIBUTEACCESSRELEASED_12
16:56:54.508 (index):967 WAITING_13
16:56:54.509 (index):880 NODEACCESSRELEASED_0
16:56:54.509 (index):967 WAITING_1
16:56:54.509 (index):908 UPDATE_2
16:56:54.510 (index):941 NODEACCESSREQUESTED_3
16:56:54.510 (index):935 ATTRIBUTEACCESSREQUESTED_4
16:56:54.511 (index):941 NODEACCESSREQUESTED_5
16:56:54.511 (index):880 NODEACCESSRELEASED_6
16:56:54.512 (index):880 NODEACCESSRELEASED_7
16:56:54.512 (index):967 WAITING_8
16:56:54.513 (index):880 NODEACCESSRELEASED_9
16:56:54.513 (index):905 UPDATE_10
16:56:54.513 (index):905 UPDATE_11
16:56:54.514 (index):935 ATTRIBUTEACCESSREQUESTED_12
16:56:54.514 (index):967 WAITING_13
16:56:54.515 (index):941 NODEACCESSREQUESTED_0
16:56:54.515 (index):967 WAITING_1
16:56:54.515 (index):884 ATTRIBUTEACCESSRELEASED_2
16:56:54.516 (index):967 WAITING_3
16:56:54.516 (index):908 UPDATE_4
16:56:54.517 (index):905 UPDATE_5
16:56:54.517 (index):935 ATTRIBUTEACCESSREQUESTED_6
16:56:54.518 (index):935 ATTRIBUTEACCESSREQUESTED_7
16:56:54.518 (index):967 WAITING_8
16:56:54.518 (index):941 NODEACCESSREQUESTED_9
16:56:54.519 (index):880 NODEACCESSRELEASED_10
16:56:54.519 (index):880 NODEACCESSRELEASED_11
16:56:54.520 (index):967 WAITING_12
16:56:54.520 (index):967 WAITING_13
16:56:54.521 (index):967 WAITING_0
16:56:54.521 (index):967 WAITING_1
16:56:54.521 (index):941 NODEACCESSREQUESTED_2
16:56:54.522 (index):905 UPDATE_3
16:56:54.522 (index):884 ATTRIBUTEACCESSRELEASED_4
16:56:54.523 (index):880 NODEACCESSRELEASED_5
16:56:54.523 (index):967 WAITING_6
16:56:54.524 (index):908 UPDATE_7
16:56:54.524 (index):967 WAITING_8
16:56:54.524 (index):905 UPDATE_9
16:56:54.525 (index):941 NODEACCESSREQUESTED_10
16:56:54.525 (index):941 NODEACCESSREQUESTED_11
16:56:54.526 (index):908 UPDATE_12
16:56:54.526 (index):967 WAITING_13
16:56:54.526 (index):905 UPDATE_0
16:56:54.527 (index):967 WAITING_1
16:56:54.527 (index):967 WAITING_2
16:56:54.528 (index):880 NODEACCESSRELEASED_3
16:56:54.528 (index):935 ATTRIBUTEACCESSREQUESTED_4
16:56:54.529 (index):935 ATTRIBUTEACCESSREQUESTED_5
16:56:54.529 (index):967 WAITING_6
16:56:54.529 (index):884 ATTRIBUTEACCESSRELEASED_7
16:56:54.530 (index):967 WAITING_8
16:56:54.530 (index):880 NODEACCESSRELEASED_9
16:56:54.531 (index):905 UPDATE_10
16:56:54.531 (index):967 WAITING_11
16:56:54.532 (index):884 ATTRIBUTEACCESSRELEASED_12
16:56:54.532 (index):967 WAITING_13
16:56:54.532 (index):880 NODEACCESSRELEASED_0
16:56:54.533 (index):967 WAITING_1
16:56:54.533 (index):905 UPDATE_2
16:56:54.534 (index):935 ATTRIBUTEACCESSREQUESTED_3
16:56:54.534 (index):908 UPDATE_4
16:56:54.535 (index):967 WAITING_5
16:56:54.535 (index):908 UPDATE_6
16:56:54.535 (index):941 NODEACCESSREQUESTED_7
16:56:54.536 (index):967 WAITING_8
16:56:54.536 (index):941 NODEACCESSREQUESTED_9
16:56:54.537 (index):880 NODEACCESSRELEASED_10
16:56:54.537 (index):967 WAITING_11
16:56:54.537 (index):941 NODEACCESSREQUESTED_12
16:56:54.538 (index):967 WAITING_13
16:56:54.538 (index):935 ATTRIBUTEACCESSREQUESTED_0
16:56:54.539 (index):967 WAITING_1
16:56:54.539 (index):880 NODEACCESSRELEASED_2
16:56:54.540 (index):908 UPDATE_3
16:56:54.540 (index):884 ATTRIBUTEACCESSRELEASED_4
16:56:54.541 (index):967 WAITING_5
16:56:54.541 (index):884 ATTRIBUTEACCESSRELEASED_6
16:56:54.542 (index):905 UPDATE_7
16:56:54.542 (index):967 WAITING_8
16:56:54.542 (index):967 WAITING_9
16:56:54.543 (index):935 ATTRIBUTEACCESSREQUESTED_10
16:56:54.543 (index):967 WAITING_11
16:56:54.544 (index):967 WAITING_12
16:56:54.544 (index):967 WAITING_13
16:56:54.544 (index):967 WAITING_0
16:56:54.545 (index):967 WAITING_1
16:56:54.545 (index):941 NODEACCESSREQUESTED_2
16:56:54.546 (index):884 ATTRIBUTEACCESSRELEASED_3
16:56:54.546 (index):941 NODEACCESSREQUESTED_4
16:56:54.547 (index):908 UPDATE_5
16:56:54.547 (index):941 NODEACCESSREQUESTED_6
16:56:54.547 (index):978 END_7
16:56:54.548 (index):967 WAITING_8
16:56:54.548 (index):905 UPDATE_9
16:56:54.549 (index):908 UPDATE_10
16:56:54.549 (index):967 WAITING_11
16:56:54.549 (index):967 WAITING_12
16:56:54.550 (index):967 WAITING_13
16:56:54.550 (index):967 WAITING_0
16:56:54.551 (index):967 WAITING_1
16:56:54.551 (index):905 UPDATE_2
16:56:54.552 (index):935 ATTRIBUTEACCESSREQUESTED_3
16:56:54.552 (index):967 WAITING_4
16:56:54.552 (index):884 ATTRIBUTEACCESSRELEASED_5
16:56:54.553 (index):905 UPDATE_6
16:56:54.553 (index):967 WAITING_8
16:56:54.554 (index):880 NODEACCESSRELEASED_9
16:56:54.554 (index):978 END_10
16:56:54.555 (index):967 WAITING_11
16:56:54.555 (index):967 WAITING_12
16:56:54.555 (index):967 WAITING_13
16:56:54.556 (index):908 UPDATE_0
16:56:54.556 (index):967 WAITING_1
16:56:54.557 (index):880 NODEACCESSRELEASED_2
16:56:54.557 (index):908 UPDATE_3
16:56:54.557 (index):905 UPDATE_4
16:56:54.558 (index):941 NODEACCESSREQUESTED_5
16:56:54.558 (index):880 NODEACCESSRELEASED_6
16:56:54.559 (index):967 WAITING_8
16:56:54.559 (index):935 ATTRIBUTEACCESSREQUESTED_9
16:56:54.560 (index):967 WAITING_11
16:56:54.560 (index):967 WAITING_12
16:56:54.560 (index):967 WAITING_13
16:56:54.561 (index):978 END_0
16:56:54.561 (index):967 WAITING_1
16:56:54.562 (index):941 NODEACCESSREQUESTED_2
16:56:54.562 (index):978 END_3
16:56:54.563 (index):880 NODEACCESSRELEASED_4
16:56:54.563 (index):905 UPDATE_5
16:56:54.563 (index):941 NODEACCESSREQUESTED_6
16:56:54.564 (index):967 WAITING_8
16:56:54.564 (index):908 UPDATE_9
16:56:54.565 (index):967 WAITING_11
16:56:54.565 (index):967 WAITING_12
16:56:54.566 (index):967 WAITING_13
16:56:54.566 (index):967 WAITING_1
16:56:54.566 (index):905 UPDATE_2
16:56:54.567 (index):941 NODEACCESSREQUESTED_4
16:56:54.568 (index):880 NODEACCESSRELEASED_5
16:56:54.568 (index):905 UPDATE_6
16:56:54.568 (index):967 WAITING_8
16:56:54.569 (index):978 END_9
16:56:54.569 (index):967 WAITING_11
16:56:54.570 (index):967 WAITING_12
16:56:54.570 (index):967 WAITING_13
16:56:54.571 (index):967 WAITING_1
16:56:54.571 (index):978 END_2
16:56:54.572 (index):967 WAITING_4
16:56:54.572 (index):941 NODEACCESSREQUESTED_5
16:56:54.572 (index):880 NODEACCESSRELEASED_6
16:56:54.573 (index):967 WAITING_8
16:56:54.574 (index):967 WAITING_11
16:56:54.574 (index):967 WAITING_12
16:56:54.575 (index):967 WAITING_13
16:56:54.575 (index):967 WAITING_1
16:56:54.576 (index):905 UPDATE_4
16:56:54.576 (index):905 UPDATE_5
16:56:54.577 (index):935 ATTRIBUTEACCESSREQUESTED_6
16:56:54.577 (index):967 WAITING_8
16:56:54.578 (index):967 WAITING_11
16:56:54.579 (index):967 WAITING_12
16:56:54.579 (index):967 WAITING_13
16:56:54.579 (index):967 WAITING_1
16:56:54.580 (index):978 END_4
16:56:54.581 (index):880 NODEACCESSRELEASED_5
16:56:54.581 (index):908 UPDATE_6
16:56:54.582 (index):967 WAITING_8
16:56:54.583 (index):967 WAITING_11
16:56:54.583 (index):967 WAITING_12
16:56:54.583 (index):967 WAITING_13
16:56:54.584 (index):967 WAITING_1
16:56:54.585 (index):941 NODEACCESSREQUESTED_5
16:56:54.586 (index):978 END_6
16:56:54.586 (index):967 WAITING_8
16:56:54.587 (index):967 WAITING_11
16:56:54.587 (index):967 WAITING_12
16:56:54.588 (index):967 WAITING_13
16:56:54.588 (index):967 WAITING_1
16:56:54.590 (index):905 UPDATE_5
16:56:54.591 (index):967 WAITING_8
16:56:54.592 (index):967 WAITING_11
16:56:54.592 (index):967 WAITING_12
16:56:54.592 (index):967 WAITING_13
16:56:54.593 (index):967 WAITING_1
16:56:54.594 (index):978 END_5
16:56:54.595 (index):967 WAITING_8
16:56:54.596 (index):967 WAITING_11
16:56:54.596 (index):967 WAITING_12
16:56:54.597 (index):905 UPDATE_13
16:56:54.597 (index):967 WAITING_1
16:56:54.600 (index):967 WAITING_8
16:56:54.600 (index):967 WAITING_11
16:56:54.601 (index):967 WAITING_12
16:56:54.601 (index):880 NODEACCESSRELEASED_13
16:56:54.602 (index):967 WAITING_1
16:56:54.604 (index):905 UPDATE_8
16:56:54.605 (index):967 WAITING_11
16:56:54.606 (index):967 WAITING_12
16:56:54.606 (index):935 ATTRIBUTEACCESSREQUESTED_13
16:56:54.606 (index):967 WAITING_1
16:56:54.609 (index):880 NODEACCESSRELEASED_8
16:56:54.610 (index):967 WAITING_11
16:56:54.610 (index):967 WAITING_12
16:56:54.611 (index):967 WAITING_13
16:56:54.611 (index):905 UPDATE_1
16:56:54.614 (index):941 NODEACCESSREQUESTED_8
16:56:54.614 (index):967 WAITING_11
16:56:54.615 (index):967 WAITING_12
16:56:54.615 (index):967 WAITING_13
16:56:54.616 (index):880 NODEACCESSRELEASED_1
16:56:54.618 (index):967 WAITING_8
16:56:54.619 (index):905 UPDATE_11
16:56:54.619 (index):967 WAITING_12
16:56:54.620 (index):967 WAITING_13
16:56:54.620 (index):941 NODEACCESSREQUESTED_1
16:56:54.623 (index):967 WAITING_8
16:56:54.623 (index):880 NODEACCESSRELEASED_11
16:56:54.624 (index):905 UPDATE_12
16:56:54.624 (index):967 WAITING_13
16:56:54.625 (index):967 WAITING_1
16:56:54.627 (index):967 WAITING_8
16:56:54.628 (index):935 ATTRIBUTEACCESSREQUESTED_11
16:56:54.628 (index):880 NODEACCESSRELEASED_12
16:56:54.630 (index):908 UPDATE_13
16:56:54.631 (index):967 WAITING_1
16:56:54.631 (index):905 UPDATE_8
16:56:54.632 (index):967 WAITING_11
16:56:54.633 (index):941 NODEACCESSREQUESTED_12
16:56:54.635 (index):884 ATTRIBUTEACCESSRELEASED_13
16:56:54.635 (index):967 WAITING_1
16:56:54.636 (index):880 NODEACCESSRELEASED_8
16:56:54.637 (index):908 UPDATE_11
16:56:54.637 (index):905 UPDATE_12
16:56:54.639 (index):941 NODEACCESSREQUESTED_13
16:56:54.640 (index):967 WAITING_1
16:56:54.641 (index):941 NODEACCESSREQUESTED_8
16:56:54.641 (index):884 ATTRIBUTEACCESSRELEASED_11
16:56:54.642 (index):880 NODEACCESSRELEASED_12
16:56:54.644 (index):905 UPDATE_13
16:56:54.644 (index):905 UPDATE_1
16:56:54.645 (index):905 UPDATE_8
16:56:54.646 (index):941 NODEACCESSREQUESTED_11
16:56:54.646 (index):941 NODEACCESSREQUESTED_12
16:56:54.648 (index):880 NODEACCESSRELEASED_13
16:56:54.649 (index):880 NODEACCESSRELEASED_1
16:56:54.650 (index):880 NODEACCESSRELEASED_8
16:56:54.650 (index):905 UPDATE_11
16:56:54.651 (index):967 WAITING_12
16:56:54.653 (index):941 NODEACCESSREQUESTED_13
16:56:54.653 (index):941 NODEACCESSREQUESTED_1
16:56:54.654 (index):941 NODEACCESSREQUESTED_8
16:56:54.655 (index):978 END_11
16:56:54.655 (index):905 UPDATE_12
16:56:54.657 (index):905 UPDATE_13
16:56:54.658 (index):905 UPDATE_1
16:56:54.659 (index):967 WAITING_8
16:56:54.660 (index):978 END_12
16:56:54.662 (index):880 NODEACCESSRELEASED_13
16:56:54.662 (index):880 NODEACCESSRELEASED_1
16:56:54.663 (index):905 UPDATE_8
16:56:54.666 (index):941 NODEACCESSREQUESTED_13
16:56:54.667 (index):941 NODEACCESSREQUESTED_1
16:56:54.668 (index):880 NODEACCESSRELEASED_8
16:56:54.671 (index):905 UPDATE_13
16:56:54.671 (index):905 UPDATE_1
16:56:54.672 (index):941 NODEACCESSREQUESTED_8
16:56:54.676 (index):880 NODEACCESSRELEASED_13
16:56:54.677 (index):880 NODEACCESSRELEASED_1
16:56:54.677 (index):905 UPDATE_8
16:56:54.681 (index):935 ATTRIBUTEACCESSREQUESTED_13
16:56:54.681 (index):935 ATTRIBUTEACCESSREQUESTED_1
16:56:54.682 (index):880 NODEACCESSRELEASED_8
16:56:54.686 (index):908 UPDATE_13
16:56:54.686 (index):967 WAITING_1
16:56:54.687 (index):935 ATTRIBUTEACCESSREQUESTED_8
16:56:54.690 (index):884 ATTRIBUTEACCESSRELEASED_13
16:56:54.691 (index):908 UPDATE_1
16:56:54.691 (index):908 UPDATE_8
16:56:54.695 (index):941 NODEACCESSREQUESTED_13
16:56:54.695 (index):884 ATTRIBUTEACCESSRELEASED_1
16:56:54.696 (index):884 ATTRIBUTEACCESSRELEASED_8
16:56:54.699 (index):905 UPDATE_13
16:56:54.700 (index):941 NODEACCESSREQUESTED_1
16:56:54.700 (index):941 NODEACCESSREQUESTED_8
16:56:54.704 (index):880 NODEACCESSRELEASED_13
16:56:54.704 (index):905 UPDATE_1
16:56:54.705 (index):905 UPDATE_8
16:56:54.709 (index):941 NODEACCESSREQUESTED_13
16:56:54.709 (index):978 END_1
16:56:54.710 (index):880 NODEACCESSRELEASED_8
16:56:54.713 (index):905 UPDATE_13
16:56:54.715 (index):935 ATTRIBUTEACCESSREQUESTED_8
16:56:54.719 (index):880 NODEACCESSRELEASED_13
16:56:54.720 (index):908 UPDATE_8
16:56:54.724 (index):935 ATTRIBUTEACCESSREQUESTED_13
16:56:54.724 (index):978 END_8
16:56:54.728 (index):908 UPDATE_13
16:56:54.733 (index):884 ATTRIBUTEACCESSRELEASED_13
16:56:54.737 (index):941 NODEACCESSREQUESTED_13
16:56:54.742 (index):905 UPDATE_13
16:56:54.746 (index):978 END_13
