11:34:24.330 (index):1283 Tasks: 25; Collaborators: 9    =========================>
11:34:24.331 (index):1077 ATTRIBUTEACCESSREQUESTED_0
11:34:24.332 (index):1083 NODEACCESSREQUESTED_1
11:34:24.334 (index):1083 NODEACCESSREQUESTED_2
11:34:24.335 (index):1077 ATTRIBUTEACCESSREQUESTED_3
11:34:24.336 (index):1077 ATTRIBUTEACCESSREQUESTED_4
11:34:24.338 (index):1083 NODEACCESSREQUESTED_5
11:34:24.340 (index):1083 NODEACCESSREQUESTED_6
11:34:24.341 (index):1077 ATTRIBUTEACCESSREQUESTED_7
11:34:24.342 (index):1083 NODEACCESSREQUESTED_8
11:34:25.333 (index):1038 THINKING_0
11:34:25.334 (index):1038 THINKING_1
11:34:25.335 (index):1022 NODEACCESSRELEASED_2
11:34:25.337 (index):1026 ATTRIBUTEACCESSRELEASED_3
11:34:25.338 (index):1026 ATTRIBUTEACCESSRELEASED_4
11:34:25.340 (index):1022 NODEACCESSRELEASED_5
11:34:25.341 (index):1038 THINKING_6
11:34:25.342 (index):1026 ATTRIBUTEACCESSRELEASED_7
11:34:25.343 (index):1038 THINKING_8
11:34:26.336 (index):1083 NODEACCESSREQUESTED_2
11:34:26.338 (index):1077 ATTRIBUTEACCESSREQUESTED_3
11:34:26.339 (index):1077 ATTRIBUTEACCESSREQUESTED_4
11:34:26.341 (index):1083 NODEACCESSREQUESTED_5
11:34:26.343 (index):1077 ATTRIBUTEACCESSREQUESTED_7
11:34:27.337 (index):1047 UPDATE_2
11:34:27.339 (index):1050 UPDATE_3
11:34:27.340 (index):1050 UPDATE_4
11:34:27.342 (index):1047 UPDATE_5
11:34:27.344 (index):1050 UPDATE_7
11:34:27.369 (index):1047 UPDATE_8
11:34:27.439 (index):1022 NODEACCESSRELEASED_2
11:34:27.440 (index):1026 ATTRIBUTEACCESSRELEASED_3
11:34:27.441 (index):1026 ATTRIBUTEACCESSRELEASED_4
11:34:27.443 (index):1038 THINKING_5
11:34:27.445 (index):1026 ATTRIBUTEACCESSRELEASED_7
11:34:27.470 (index):1038 THINKING_8
11:34:28.059 (index):1047 UPDATE_6
11:34:28.161 (index):1022 NODEACCESSRELEASED_6
11:34:28.280 (index):1047 UPDATE_1
11:34:28.381 (index):1022 NODEACCESSRELEASED_1
11:34:28.440 (index):1083 NODEACCESSREQUESTED_2
11:34:28.441 (index):1083 NODEACCESSREQUESTED_3
11:34:28.442 (index):1083 NODEACCESSREQUESTED_4
11:34:28.446 (index):1083 NODEACCESSREQUESTED_7
11:34:29.162 (index):1077 ATTRIBUTEACCESSREQUESTED_6
11:34:29.383 (index):1083 NODEACCESSREQUESTED_1
11:34:29.441 (index):1047 UPDATE_2
11:34:29.442 (index):1047 UPDATE_3
11:34:29.443 (index):1047 UPDATE_4
11:34:29.447 (index):1047 UPDATE_7
11:34:29.542 (index):1022 NODEACCESSRELEASED_2
11:34:29.544 (index):1038 THINKING_3
11:34:29.545 (index):1022 NODEACCESSRELEASED_4
11:34:29.548 (index):1022 NODEACCESSRELEASED_7
11:34:29.682 (index):1050 UPDATE_0
11:34:29.783 (index):1026 ATTRIBUTEACCESSRELEASED_0
11:34:29.858 (index):1047 UPDATE_5
11:34:29.959 (index):1022 NODEACCESSRELEASED_5
11:34:30.163 (index):1050 UPDATE_6
11:34:30.265 (index):1026 ATTRIBUTEACCESSRELEASED_6
11:34:30.384 (index):1047 UPDATE_1
11:34:30.485 (index):1038 THINKING_1
11:34:30.544 (index):1077 ATTRIBUTEACCESSREQUESTED_2
11:34:30.546 (index):1077 ATTRIBUTEACCESSREQUESTED_4
11:34:30.549 (index):1083 NODEACCESSREQUESTED_7
11:34:30.785 (index):1077 ATTRIBUTEACCESSREQUESTED_0
11:34:30.961 (index):1083 NODEACCESSREQUESTED_5
11:34:31.266 (index):1083 NODEACCESSREQUESTED_6
11:34:31.545 (index):1050 UPDATE_2
11:34:31.547 (index):1106 WAITING_4
11:34:31.550 (index):1047 UPDATE_7
11:34:31.646 (index):1038 THINKING_2
11:34:31.652 (index):1038 THINKING_7
11:34:31.786 (index):1050 UPDATE_0
11:34:31.888 (index):1026 ATTRIBUTEACCESSRELEASED_0
11:34:31.911 (index):1047 UPDATE_8
11:34:31.962 (index):1047 UPDATE_5
11:34:32.013 (index):1022 NODEACCESSRELEASED_8
11:34:32.064 (index):1038 THINKING_5
11:34:32.267 (index):1047 UPDATE_6
11:34:32.369 (index):1022 NODEACCESSRELEASED_6
11:34:32.548 (index):1106 WAITING_4
11:34:32.889 (index):1083 NODEACCESSREQUESTED_0
11:34:33.013 (index):1077 ATTRIBUTEACCESSREQUESTED_8
11:34:33.370 (index):1083 NODEACCESSREQUESTED_6
11:34:33.549 (index):1106 WAITING_4
11:34:33.661 (index):1047 UPDATE_3
11:34:33.762 (index):1022 NODEACCESSRELEASED_3
11:34:33.824 (index):1047 UPDATE_7
11:34:33.890 (index):1047 UPDATE_0
11:34:33.926 (index):1022 NODEACCESSRELEASED_7
11:34:33.992 (index):1038 THINKING_0
11:34:34.015 (index):1106 WAITING_8
11:34:34.035 (index):1047 UPDATE_1
11:34:34.136 (index):1038 THINKING_1
11:34:34.366 (index):1050 UPDATE_2
11:34:34.372 (index):1047 UPDATE_6
11:34:34.467 (index):1026 ATTRIBUTEACCESSRELEASED_2
11:34:34.473 (index):1022 NODEACCESSRELEASED_6
11:34:34.551 (index):1050 UPDATE_4
11:34:34.652 (index):1026 ATTRIBUTEACCESSRELEASED_4
11:34:34.764 (index):1077 ATTRIBUTEACCESSREQUESTED_3
11:34:34.927 (index):1077 ATTRIBUTEACCESSREQUESTED_7
11:34:35.016 (index):1050 UPDATE_8
11:34:35.117 (index):1038 THINKING_8
11:34:35.204 (index):1047 UPDATE_5
11:34:35.306 (index):1022 NODEACCESSRELEASED_5
11:34:35.468 (index):1077 ATTRIBUTEACCESSREQUESTED_2
11:34:35.474 (index):1083 NODEACCESSREQUESTED_6
11:34:35.653 (index):1083 NODEACCESSREQUESTED_4
11:34:35.765 (index):1050 UPDATE_3
11:34:35.866 (index):1026 ATTRIBUTEACCESSRELEASED_3
11:34:35.928 (index):1050 UPDATE_7
11:34:36.029 (index):1038 THINKING_7
11:34:36.307 (index):1077 ATTRIBUTEACCESSREQUESTED_5
11:34:36.470 (index):1106 WAITING_2
11:34:36.475 (index):1047 UPDATE_6
11:34:36.562 (index):1047 UPDATE_0
11:34:36.576 (index):1022 NODEACCESSRELEASED_6
11:34:36.655 (index):1047 UPDATE_4
11:34:36.663 (index):1038 THINKING_0
11:34:36.756 (index):1022 NODEACCESSRELEASED_4
11:34:36.868 (index):1083 NODEACCESSREQUESTED_3
11:34:37.308 (index):1106 WAITING_5
11:34:37.471 (index):1106 WAITING_2
11:34:37.577 (index):1077 ATTRIBUTEACCESSREQUESTED_6
11:34:37.757 (index):1077 ATTRIBUTEACCESSREQUESTED_4
11:34:37.869 (index):1047 UPDATE_3
11:34:37.970 (index):1022 NODEACCESSRELEASED_3
11:34:38.309 (index):1106 WAITING_5
11:34:38.472 (index):1106 WAITING_2
11:34:38.529 (index):1047 UPDATE_1
11:34:38.579 (index):1106 WAITING_6
11:34:38.631 (index):1022 NODEACCESSRELEASED_1
11:34:38.759 (index):1050 UPDATE_4
11:34:38.859 (index):1038 THINKING_4
11:34:38.972 (index):1083 NODEACCESSREQUESTED_3
11:34:39.311 (index):1106 WAITING_5
11:34:39.473 (index):1106 WAITING_2
11:34:39.580 (index):1106 WAITING_6
11:34:39.632 (index):1083 NODEACCESSREQUESTED_1
11:34:39.640 (index):1050 UPDATE_8
11:34:39.742 (index):1026 ATTRIBUTEACCESSRELEASED_8
11:34:39.973 (index):1047 UPDATE_3
11:34:40.074 (index):1022 NODEACCESSRELEASED_3
11:34:40.312 (index):1106 WAITING_5
11:34:40.474 (index):1106 WAITING_2
11:34:40.582 (index):1050 UPDATE_6
11:34:40.633 (index):1047 UPDATE_1
11:34:40.668 (index):1050 UPDATE_7
11:34:40.683 (index):1038 THINKING_6
11:34:40.734 (index):1038 THINKING_1
11:34:40.743 (index):1077 ATTRIBUTEACCESSREQUESTED_8
11:34:40.769 (index):1026 ATTRIBUTEACCESSRELEASED_7
11:34:41.075 (index):1083 NODEACCESSREQUESTED_3
11:34:41.297 (index):1050 UPDATE_4
11:34:41.313 (index):1106 WAITING_5
11:34:41.399 (index):1026 ATTRIBUTEACCESSRELEASED_4
11:34:41.476 (index):1050 UPDATE_2
11:34:41.577 (index):1026 ATTRIBUTEACCESSRELEASED_2
11:34:41.605 (index):1047 UPDATE_0
11:34:41.707 (index):1022 NODEACCESSRELEASED_0
11:34:41.744 (index):1106 WAITING_8
11:34:41.770 (index):1083 NODEACCESSREQUESTED_7
11:34:42.076 (index):1047 UPDATE_3
11:34:42.178 (index):1022 NODEACCESSRELEASED_3
11:34:42.314 (index):1050 UPDATE_5
11:34:42.400 (index):1077 ATTRIBUTEACCESSREQUESTED_4
11:34:42.416 (index):1038 THINKING_5
11:34:42.578 (index):1083 NODEACCESSREQUESTED_2
11:34:42.708 (index):1083 NODEACCESSREQUESTED_0
11:34:42.745 (index):1106 WAITING_8
11:34:42.771 (index):1047 UPDATE_7
11:34:42.872 (index):1022 NODEACCESSRELEASED_7
11:34:42.954 (index):1050 UPDATE_6
11:34:43.046 (index):1047 UPDATE_1
11:34:43.056 (index):1038 THINKING_6
11:34:43.147 (index):1022 NODEACCESSRELEASED_1
11:34:43.179 (index):1083 NODEACCESSREQUESTED_3
11:34:43.401 (index):1050 UPDATE_4
11:34:43.503 (index):1038 THINKING_4
11:34:43.580 (index):1047 UPDATE_2
11:34:43.681 (index):1038 THINKING_2
11:34:43.709 (index):1047 UPDATE_0
11:34:43.746 (index):1106 WAITING_8
11:34:43.810 (index):1038 THINKING_0
11:34:43.874 (index):1083 NODEACCESSREQUESTED_7
11:34:44.148 (index):1083 NODEACCESSREQUESTED_1
11:34:44.180 (index):1047 UPDATE_3
11:34:44.281 (index):1038 THINKING_3
11:34:44.748 (index):1106 WAITING_8
11:34:44.875 (index):1047 UPDATE_7
11:34:44.977 (index):1022 NODEACCESSRELEASED_7
11:34:45.149 (index):1047 UPDATE_1
11:34:45.251 (index):1038 THINKING_1
11:34:45.749 (index):1106 WAITING_8
11:34:45.967 (index):1047 UPDATE_0
11:34:45.978 (index):1077 ATTRIBUTEACCESSREQUESTED_7
11:34:46.010 (index):1050 UPDATE_6
11:34:46.068 (index):1022 NODEACCESSRELEASED_0
11:34:46.111 (index):1026 ATTRIBUTEACCESSRELEASED_6
11:34:46.232 (index):1047 UPDATE_2
11:34:46.333 (index):1038 THINKING_2
11:34:46.688 (index):1047 UPDATE_3
11:34:46.750 (index):1106 WAITING_8
11:34:46.789 (index):1022 NODEACCESSRELEASED_3
11:34:46.979 (index):1106 WAITING_7
11:34:46.997 (index):1050 UPDATE_5
11:34:47.069 (index):1083 NODEACCESSREQUESTED_0
11:34:47.098 (index):1038 THINKING_5
11:34:47.113 (index):1083 NODEACCESSREQUESTED_6
11:34:47.712 (index):1050 UPDATE_4
11:34:47.751 (index):1106 WAITING_8
11:34:47.791 (index):1077 ATTRIBUTEACCESSREQUESTED_3
11:34:47.813 (index):1038 THINKING_4
11:34:47.980 (index):1106 WAITING_7
11:34:48.071 (index):1047 UPDATE_0
11:34:48.114 (index):1047 UPDATE_6
11:34:48.173 (index):1022 NODEACCESSRELEASED_0
11:34:48.181 (index):1047 UPDATE_1
11:34:48.215 (index):1022 NODEACCESSRELEASED_6
11:34:48.282 (index):1038 THINKING_1
11:34:48.561 (index):1047 UPDATE_2
11:34:48.662 (index):1038 THINKING_2
11:34:48.752 (index):1106 WAITING_8
11:34:48.792 (index):1050 UPDATE_3
11:34:48.893 (index):1026 ATTRIBUTEACCESSRELEASED_3
11:34:48.981 (index):1106 WAITING_7
11:34:49.141 (index):1050 UPDATE_5
11:34:49.174 (index):1083 NODEACCESSREQUESTED_0
11:34:49.216 (index):1083 NODEACCESSREQUESTED_6
11:34:49.242 (index):1026 ATTRIBUTEACCESSRELEASED_5
11:34:49.753 (index):1050 UPDATE_8
11:34:49.855 (index):1026 ATTRIBUTEACCESSRELEASED_8
11:34:49.894 (index):1077 ATTRIBUTEACCESSREQUESTED_3
11:34:49.983 (index):1050 UPDATE_7
11:34:50.084 (index):1026 ATTRIBUTEACCESSRELEASED_7
11:34:50.175 (index):1047 UPDATE_0
11:34:50.218 (index):1047 UPDATE_6
11:34:50.243 (index):1083 NODEACCESSREQUESTED_5
11:34:50.277 (index):1038 THINKING_0
11:34:50.319 (index):1022 NODEACCESSRELEASED_6
11:34:50.856 (index):1083 NODEACCESSREQUESTED_8
11:34:50.896 (index):1050 UPDATE_3
11:34:50.997 (index):1038 THINKING_3
11:34:51.085 (index):1083 NODEACCESSREQUESTED_7
11:34:51.244 (index):1047 UPDATE_5
11:34:51.320 (index):1077 ATTRIBUTEACCESSREQUESTED_6
11:34:51.345 (index):1038 THINKING_5
11:34:51.772 (index):1050 UPDATE_4
11:34:51.857 (index):1047 UPDATE_8
11:34:51.874 (index):1038 THINKING_4
11:34:51.959 (index):1038 THINKING_8
11:34:52.087 (index):1047 UPDATE_7
11:34:52.188 (index):1022 NODEACCESSRELEASED_7
11:34:52.321 (index):1050 UPDATE_6
11:34:52.422 (index):1026 ATTRIBUTEACCESSRELEASED_6
11:34:52.893 (index):1047 UPDATE_1
11:34:52.994 (index):1038 THINKING_1
11:34:53.190 (index):1077 ATTRIBUTEACCESSREQUESTED_7
11:34:53.336 (index):1050 UPDATE_3
11:34:53.424 (index):1083 NODEACCESSREQUESTED_6
11:34:53.437 (index):1026 ATTRIBUTEACCESSRELEASED_3
11:34:53.517 (index):1047 UPDATE_2
11:34:53.619 (index):1022 NODEACCESSRELEASED_2
11:34:54.191 (index):1106 WAITING_7
11:34:54.272 (index):1047 UPDATE_0
11:34:54.373 (index):1022 NODEACCESSRELEASED_0
11:34:54.425 (index):1047 UPDATE_6
11:34:54.438 (index):1083 NODEACCESSREQUESTED_3
11:34:54.527 (index):1022 NODEACCESSRELEASED_6
11:34:54.620 (index):1083 NODEACCESSREQUESTED_2
11:34:54.640 (index):1050 UPDATE_4
11:34:54.741 (index):1026 ATTRIBUTEACCESSRELEASED_4
11:34:55.192 (index):1050 UPDATE_7
11:34:55.256 (index):1047 UPDATE_8
11:34:55.293 (index):1038 THINKING_7
11:34:55.357 (index):1022 NODEACCESSRELEASED_8
11:34:55.375 (index):1077 ATTRIBUTEACCESSREQUESTED_0
11:34:55.439 (index):1047 UPDATE_3
11:34:55.528 (index):1083 NODEACCESSREQUESTED_6
11:34:55.541 (index):1117 END_3
11:34:55.621 (index):1047 UPDATE_2
11:34:55.722 (index):1022 NODEACCESSRELEASED_2
11:34:55.742 (index):1083 NODEACCESSREQUESTED_4
11:34:56.280 (index):1047 UPDATE_5
11:34:56.358 (index):1083 NODEACCESSREQUESTED_8
11:34:56.376 (index):1106 WAITING_0
11:34:56.381 (index):1022 NODEACCESSRELEASED_5
11:34:56.529 (index):1047 UPDATE_6
11:34:56.630 (index):1117 END_6
11:34:56.724 (index):1083 NODEACCESSREQUESTED_2
11:34:56.743 (index):1047 UPDATE_4
11:34:56.844 (index):1022 NODEACCESSRELEASED_4
11:34:57.186 (index):1047 UPDATE_1
11:34:57.288 (index):1022 NODEACCESSRELEASED_1
11:34:57.360 (index):1047 UPDATE_8
11:34:57.377 (index):1106 WAITING_0
11:34:57.382 (index):1083 NODEACCESSREQUESTED_5
11:34:57.461 (index):1022 NODEACCESSRELEASED_8
11:34:57.725 (index):1047 UPDATE_2
11:34:57.826 (index):1022 NODEACCESSRELEASED_2
11:34:57.846 (index):1083 NODEACCESSREQUESTED_4
11:34:58.289 (index):1083 NODEACCESSREQUESTED_1
11:34:58.378 (index):1106 WAITING_0
11:34:58.384 (index):1047 UPDATE_5
11:34:58.462 (index):1083 NODEACCESSREQUESTED_8
11:34:58.484 (index):1022 NODEACCESSRELEASED_5
11:34:58.730 (index):1050 UPDATE_7
11:34:58.827 (index):1083 NODEACCESSREQUESTED_2
11:34:58.831 (index):1026 ATTRIBUTEACCESSRELEASED_7
11:34:58.847 (index):1047 UPDATE_4
11:34:58.948 (index):1038 THINKING_4
11:34:59.290 (index):1047 UPDATE_1
11:34:59.380 (index):1050 UPDATE_0
11:34:59.391 (index):1038 THINKING_1
11:34:59.463 (index):1047 UPDATE_8
11:34:59.481 (index):1026 ATTRIBUTEACCESSRELEASED_0
11:34:59.486 (index):1083 NODEACCESSREQUESTED_5
11:34:59.565 (index):1022 NODEACCESSRELEASED_8
11:34:59.828 (index):1047 UPDATE_2
11:34:59.832 (index):1083 NODEACCESSREQUESTED_7
11:34:59.929 (index):1022 NODEACCESSRELEASED_2
11:35:00.482 (index):1083 NODEACCESSREQUESTED_0
11:35:00.487 (index):1047 UPDATE_5
11:35:00.566 (index):1083 NODEACCESSREQUESTED_8
11:35:00.588 (index):1022 NODEACCESSRELEASED_5
11:35:00.833 (index):1047 UPDATE_7
11:35:00.931 (index):1083 NODEACCESSREQUESTED_2
11:35:00.934 (index):1117 END_7
11:35:01.484 (index):1047 UPDATE_0
11:35:01.567 (index):1047 UPDATE_8
11:35:01.570 (index):1047 UPDATE_1
11:35:01.585 (index):1022 NODEACCESSRELEASED_0
11:35:01.589 (index):1083 NODEACCESSREQUESTED_5
11:35:01.669 (index):1022 NODEACCESSRELEASED_8
11:35:01.671 (index):1022 NODEACCESSRELEASED_1
11:35:01.932 (index):1047 UPDATE_2
11:35:02.033 (index):1117 END_2
11:35:02.586 (index):1083 NODEACCESSREQUESTED_0
11:35:02.590 (index):1047 UPDATE_5
11:35:02.670 (index):1083 NODEACCESSREQUESTED_8
11:35:02.671 (index):1083 NODEACCESSREQUESTED_1
11:35:02.691 (index):1022 NODEACCESSRELEASED_5
11:35:03.338 (index):1047 UPDATE_4
11:35:03.440 (index):1117 END_4
11:35:03.588 (index):1047 UPDATE_0
11:35:03.671 (index):1047 UPDATE_8
11:35:03.672 (index):1047 UPDATE_1
11:35:03.689 (index):1117 END_0
11:35:03.693 (index):1083 NODEACCESSREQUESTED_5
11:35:03.773 (index):1022 NODEACCESSRELEASED_8
11:35:03.774 (index):1117 END_1
11:35:04.694 (index):1047 UPDATE_5
11:35:04.774 (index):1077 ATTRIBUTEACCESSREQUESTED_8
11:35:04.795 (index):1117 END_5
11:35:05.775 (index):1050 UPDATE_8
11:35:05.877 (index):1026 ATTRIBUTEACCESSRELEASED_8
11:35:06.878 (index):1083 NODEACCESSREQUESTED_8
11:35:07.879 (index):1047 UPDATE_8
11:35:07.981 (index):1117 END_8
