11:35:50.096 (index):1327 Tasks: 25; Collaborators: 11    =========================>
11:35:50.097 (index):1077 ATTRIBUTEACCESSREQUESTED_0
11:35:50.097 (index):1083 NODEACCESSREQUESTED_1
11:35:50.098 (index):1083 NODEACCESSREQUESTED_2
11:35:50.099 (index):1077 ATTRIBUTEACCESSREQUESTED_3
11:35:50.100 (index):1077 ATTRIBUTEACCESSREQUESTED_4
11:35:50.101 (index):1083 NODEACCESSREQUESTED_5
11:35:50.102 (index):1083 NODEACCESSREQUESTED_6
11:35:50.103 (index):1077 ATTRIBUTEACCESSREQUESTED_7
11:35:50.104 (index):1083 NODEACCESSREQUESTED_8
11:35:50.105 (index):1083 NODEACCESSREQUESTED_9
11:35:50.106 (index):1083 NODEACCESSREQUESTED_10
11:35:51.097 (index):1038 THINKING_0
11:35:51.099 (index):1038 THINKING_1
11:35:51.099 (index):1022 NODEACCESSRELEASED_2
11:35:51.100 (index):1026 ATTRIBUTEACCESSRELEASED_3
11:35:51.101 (index):1026 ATTRIBUTEACCESSRELEASED_4
11:35:51.102 (index):1022 NODEACCESSRELEASED_5
11:35:51.103 (index):1038 THINKING_6
11:35:51.104 (index):1106 WAITING_7
11:35:51.105 (index):1038 THINKING_8
11:35:51.106 (index):1022 NODEACCESSRELEASED_9
11:35:51.107 (index):1022 NODEACCESSRELEASED_10
11:35:52.100 (index):1083 NODEACCESSREQUESTED_2
11:35:52.102 (index):1077 ATTRIBUTEACCESSREQUESTED_3
11:35:52.103 (index):1077 ATTRIBUTEACCESSREQUESTED_4
11:35:52.104 (index):1083 NODEACCESSREQUESTED_5
11:35:52.105 (index):1106 WAITING_7
11:35:52.107 (index):1083 NODEACCESSREQUESTED_9
11:35:52.108 (index):1083 NODEACCESSREQUESTED_10
11:35:53.102 (index):1047 UPDATE_2
11:35:53.103 (index):1050 UPDATE_3
11:35:53.104 (index):1106 WAITING_4
11:35:53.105 (index):1047 UPDATE_5
11:35:53.106 (index):1106 WAITING_7
11:35:53.108 (index):1047 UPDATE_9
11:35:53.109 (index):1047 UPDATE_10
11:35:53.131 (index):1047 UPDATE_8
11:35:53.203 (index):1022 NODEACCESSRELEASED_2
11:35:53.204 (index):1026 ATTRIBUTEACCESSRELEASED_3
11:35:53.206 (index):1038 THINKING_5
11:35:53.209 (index):1038 THINKING_9
11:35:53.210 (index):1038 THINKING_10
11:35:53.232 (index):1038 THINKING_8
11:35:53.821 (index):1047 UPDATE_6
11:35:53.923 (index):1022 NODEACCESSRELEASED_6
11:35:54.044 (index):1047 UPDATE_1
11:35:54.105 (index):1106 WAITING_4
11:35:54.107 (index):1106 WAITING_7
11:35:54.146 (index):1022 NODEACCESSRELEASED_1
11:35:54.204 (index):1083 NODEACCESSREQUESTED_2
11:35:54.205 (index):1083 NODEACCESSREQUESTED_3
11:35:54.924 (index):1077 ATTRIBUTEACCESSREQUESTED_6
11:35:55.106 (index):1106 WAITING_4
11:35:55.108 (index):1106 WAITING_7
11:35:55.147 (index):1083 NODEACCESSREQUESTED_1
11:35:55.205 (index):1047 UPDATE_2
11:35:55.206 (index):1047 UPDATE_3
11:35:55.262 (index):1047 UPDATE_10
11:35:55.306 (index):1022 NODEACCESSRELEASED_2
11:35:55.307 (index):1038 THINKING_3
11:35:55.363 (index):1022 NODEACCESSRELEASED_10
11:35:55.447 (index):1050 UPDATE_0
11:35:55.548 (index):1026 ATTRIBUTEACCESSRELEASED_0
11:35:55.621 (index):1047 UPDATE_5
11:35:55.722 (index):1022 NODEACCESSRELEASED_5
11:35:55.925 (index):1050 UPDATE_6
11:35:56.027 (index):1026 ATTRIBUTEACCESSRELEASED_6
11:35:56.107 (index):1106 WAITING_4
11:35:56.109 (index):1026 ATTRIBUTEACCESSRELEASED_7
11:35:56.148 (index):1047 UPDATE_1
11:35:56.250 (index):1038 THINKING_1
11:35:56.308 (index):1077 ATTRIBUTEACCESSREQUESTED_2
11:35:56.364 (index):1083 NODEACCESSREQUESTED_10
11:35:56.549 (index):1077 ATTRIBUTEACCESSREQUESTED_0
11:35:56.723 (index):1083 NODEACCESSREQUESTED_5
11:35:57.028 (index):1083 NODEACCESSREQUESTED_6
11:35:57.108 (index):1050 UPDATE_4
11:35:57.110 (index):1077 ATTRIBUTEACCESSREQUESTED_7
11:35:57.209 (index):1026 ATTRIBUTEACCESSRELEASED_4
11:35:57.309 (index):1050 UPDATE_2
11:35:57.366 (index):1047 UPDATE_10
11:35:57.410 (index):1038 THINKING_2
11:35:57.467 (index):1038 THINKING_10
11:35:57.551 (index):1050 UPDATE_0
11:35:57.652 (index):1026 ATTRIBUTEACCESSRELEASED_0
11:35:57.673 (index):1047 UPDATE_8
11:35:57.721 (index):1047 UPDATE_9
11:35:57.724 (index):1047 UPDATE_5
11:35:57.774 (index):1022 NODEACCESSRELEASED_8
11:35:57.822 (index):1038 THINKING_9
11:35:57.825 (index):1038 THINKING_5
11:35:58.028 (index):1047 UPDATE_6
11:35:58.110 (index):1050 UPDATE_7
11:35:58.130 (index):1022 NODEACCESSRELEASED_6
11:35:58.210 (index):1083 NODEACCESSREQUESTED_4
11:35:58.212 (index):1026 ATTRIBUTEACCESSRELEASED_7
11:35:58.653 (index):1083 NODEACCESSREQUESTED_0
11:35:58.775 (index):1077 ATTRIBUTEACCESSREQUESTED_8
11:35:59.131 (index):1083 NODEACCESSREQUESTED_6
11:35:59.212 (index):1047 UPDATE_4
11:35:59.213 (index):1083 NODEACCESSREQUESTED_7
11:35:59.313 (index):1022 NODEACCESSRELEASED_4
11:35:59.425 (index):1047 UPDATE_3
11:35:59.526 (index):1022 NODEACCESSRELEASED_3
11:35:59.655 (index):1047 UPDATE_0
11:35:59.756 (index):1038 THINKING_0
11:35:59.776 (index):1050 UPDATE_8
11:35:59.799 (index):1047 UPDATE_1
11:35:59.877 (index):1038 THINKING_8
11:35:59.900 (index):1038 THINKING_1
11:36:00.129 (index):1050 UPDATE_2
11:36:00.132 (index):1047 UPDATE_6
11:36:00.214 (index):1047 UPDATE_7
11:36:00.228 (index):1047 UPDATE_9
11:36:00.230 (index):1026 ATTRIBUTEACCESSRELEASED_2
11:36:00.233 (index):1022 NODEACCESSRELEASED_6
11:36:00.314 (index):1077 ATTRIBUTEACCESSREQUESTED_4
11:36:00.316 (index):1022 NODEACCESSRELEASED_7
11:36:00.329 (index):1022 NODEACCESSRELEASED_9
11:36:00.444 (index):1047 UPDATE_10
11:36:00.527 (index):1077 ATTRIBUTEACCESSREQUESTED_3
11:36:00.545 (index):1022 NODEACCESSRELEASED_10
11:36:00.966 (index):1047 UPDATE_5
11:36:01.067 (index):1022 NODEACCESSRELEASED_5
11:36:01.231 (index):1077 ATTRIBUTEACCESSREQUESTED_2
11:36:01.234 (index):1083 NODEACCESSREQUESTED_6
11:36:01.315 (index):1050 UPDATE_4
11:36:01.317 (index):1083 NODEACCESSREQUESTED_7
11:36:01.330 (index):1077 ATTRIBUTEACCESSREQUESTED_9
11:36:01.417 (index):1026 ATTRIBUTEACCESSRELEASED_4
11:36:01.529 (index):1050 UPDATE_3
11:36:01.546 (index):1083 NODEACCESSREQUESTED_10
11:36:01.630 (index):1026 ATTRIBUTEACCESSRELEASED_3
11:36:02.069 (index):1077 ATTRIBUTEACCESSREQUESTED_5
11:36:02.232 (index):1050 UPDATE_2
11:36:02.235 (index):1047 UPDATE_6
11:36:02.317 (index):1047 UPDATE_7
11:36:02.326 (index):1047 UPDATE_0
11:36:02.331 (index):1050 UPDATE_9
11:36:02.333 (index):1026 ATTRIBUTEACCESSRELEASED_2
11:36:02.336 (index):1022 NODEACCESSRELEASED_6
11:36:02.418 (index):1083 NODEACCESSREQUESTED_4
11:36:02.419 (index):1038 THINKING_7
11:36:02.427 (index):1038 THINKING_0
11:36:02.433 (index):1026 ATTRIBUTEACCESSRELEASED_9
11:36:02.547 (index):1047 UPDATE_10
11:36:02.631 (index):1083 NODEACCESSREQUESTED_3
11:36:02.649 (index):1038 THINKING_10
11:36:03.070 (index):1050 UPDATE_5
11:36:03.171 (index):1038 THINKING_5
11:36:03.334 (index):1083 NODEACCESSREQUESTED_2
11:36:03.337 (index):1077 ATTRIBUTEACCESSREQUESTED_6
11:36:03.419 (index):1047 UPDATE_4
11:36:03.434 (index):1077 ATTRIBUTEACCESSREQUESTED_9
11:36:03.520 (index):1022 NODEACCESSRELEASED_4
11:36:03.633 (index):1047 UPDATE_3
11:36:03.734 (index):1022 NODEACCESSRELEASED_3
11:36:04.293 (index):1047 UPDATE_1
11:36:04.336 (index):1047 UPDATE_2
11:36:04.338 (index):1106 WAITING_6
11:36:04.395 (index):1022 NODEACCESSRELEASED_1
11:36:04.401 (index):1050 UPDATE_8
11:36:04.435 (index):1050 UPDATE_9
11:36:04.437 (index):1038 THINKING_2
11:36:04.501 (index):1026 ATTRIBUTEACCESSRELEASED_8
11:36:04.521 (index):1077 ATTRIBUTEACCESSREQUESTED_4
11:36:04.535 (index):1026 ATTRIBUTEACCESSRELEASED_9
11:36:04.592 (index):1047 UPDATE_7
11:36:04.693 (index):1022 NODEACCESSRELEASED_7
11:36:04.734 (index):1083 NODEACCESSREQUESTED_3
11:36:05.339 (index):1050 UPDATE_6
11:36:05.396 (index):1083 NODEACCESSREQUESTED_1
11:36:05.439 (index):1038 THINKING_6
11:36:05.503 (index):1077 ATTRIBUTEACCESSREQUESTED_8
11:36:05.523 (index):1050 UPDATE_4
11:36:05.537 (index):1083 NODEACCESSREQUESTED_9
11:36:05.624 (index):1038 THINKING_4
11:36:05.694 (index):1077 ATTRIBUTEACCESSREQUESTED_7
11:36:05.736 (index):1047 UPDATE_3
11:36:05.837 (index):1022 NODEACCESSRELEASED_3
11:36:06.397 (index):1047 UPDATE_1
11:36:06.498 (index):1038 THINKING_1
11:36:06.504 (index):1050 UPDATE_8
11:36:06.538 (index):1047 UPDATE_9
11:36:06.605 (index):1026 ATTRIBUTEACCESSRELEASED_8
11:36:06.639 (index):1038 THINKING_9
11:36:06.696 (index):1106 WAITING_7
11:36:06.838 (index):1083 NODEACCESSREQUESTED_3
11:36:06.987 (index):1047 UPDATE_2
11:36:07.089 (index):1038 THINKING_2
11:36:07.313 (index):1047 UPDATE_10
11:36:07.369 (index):1047 UPDATE_0
11:36:07.414 (index):1022 NODEACCESSRELEASED_10
11:36:07.471 (index):1022 NODEACCESSRELEASED_0
11:36:07.606 (index):1083 NODEACCESSREQUESTED_8
11:36:07.697 (index):1106 WAITING_7
11:36:07.711 (index):1050 UPDATE_6
11:36:07.754 (index):1050 UPDATE_5
11:36:07.811 (index):1038 THINKING_6
11:36:07.840 (index):1047 UPDATE_3
11:36:07.855 (index):1038 THINKING_5
11:36:07.941 (index):1022 NODEACCESSRELEASED_3
11:36:08.063 (index):1050 UPDATE_4
11:36:08.164 (index):1026 ATTRIBUTEACCESSRELEASED_4
11:36:08.415 (index):1083 NODEACCESSREQUESTED_10
11:36:08.475 (index):1083 NODEACCESSREQUESTED_0
11:36:08.608 (index):1047 UPDATE_8
11:36:08.698 (index):1106 WAITING_7
11:36:08.709 (index):1038 THINKING_8
11:36:08.810 (index):1047 UPDATE_1
11:36:08.911 (index):1022 NODEACCESSRELEASED_1
11:36:08.942 (index):1083 NODEACCESSREQUESTED_3
11:36:09.165 (index):1077 ATTRIBUTEACCESSREQUESTED_4
11:36:09.316 (index):1047 UPDATE_2
11:36:09.417 (index):1047 UPDATE_10
11:36:09.418 (index):1038 THINKING_2
11:36:09.476 (index):1047 UPDATE_0
11:36:09.518 (index):1038 THINKING_10
11:36:09.578 (index):1038 THINKING_0
11:36:09.700 (index):1106 WAITING_7
11:36:09.750 (index):1047 UPDATE_9
11:36:09.851 (index):1022 NODEACCESSRELEASED_9
11:36:09.897 (index):1050 UPDATE_5
11:36:09.912 (index):1083 NODEACCESSREQUESTED_1
11:36:09.943 (index):1047 UPDATE_3
11:36:09.998 (index):1026 ATTRIBUTEACCESSRELEASED_5
11:36:10.045 (index):1038 THINKING_3
11:36:10.167 (index):1050 UPDATE_4
11:36:10.268 (index):1038 THINKING_4
11:36:10.701 (index):1050 UPDATE_7
11:36:10.766 (index):1050 UPDATE_6
11:36:10.802 (index):1038 THINKING_7
11:36:10.853 (index):1083 NODEACCESSREQUESTED_9
11:36:10.867 (index):1026 ATTRIBUTEACCESSRELEASED_6
11:36:10.914 (index):1047 UPDATE_1
11:36:11.000 (index):1083 NODEACCESSREQUESTED_5
11:36:11.015 (index):1038 THINKING_1
11:36:11.734 (index):1047 UPDATE_0
11:36:11.835 (index):1022 NODEACCESSRELEASED_0
11:36:11.854 (index):1047 UPDATE_9
11:36:11.868 (index):1083 NODEACCESSREQUESTED_6
11:36:11.955 (index):1022 NODEACCESSRELEASED_9
11:36:12.001 (index):1047 UPDATE_5
11:36:12.006 (index):1047 UPDATE_8
11:36:12.102 (index):1038 THINKING_5
11:36:12.107 (index):1022 NODEACCESSRELEASED_8
11:36:12.452 (index):1047 UPDATE_3
11:36:12.553 (index):1022 NODEACCESSRELEASED_3
11:36:12.837 (index):1083 NODEACCESSREQUESTED_0
11:36:12.869 (index):1047 UPDATE_6
11:36:12.956 (index):1077 ATTRIBUTEACCESSREQUESTED_9
11:36:12.971 (index):1022 NODEACCESSRELEASED_6
11:36:13.109 (index):1083 NODEACCESSREQUESTED_8
11:36:13.303 (index):1047 UPDATE_10
11:36:13.404 (index):1022 NODEACCESSRELEASED_10
11:36:13.555 (index):1077 ATTRIBUTEACCESSREQUESTED_3
11:36:13.838 (index):1047 UPDATE_0
11:36:13.939 (index):1022 NODEACCESSRELEASED_0
11:36:13.945 (index):1047 UPDATE_1
11:36:13.958 (index):1050 UPDATE_9
11:36:13.972 (index):1083 NODEACCESSREQUESTED_6
11:36:14.046 (index):1038 THINKING_1
11:36:14.059 (index):1038 THINKING_9
11:36:14.110 (index):1047 UPDATE_8
11:36:14.211 (index):1022 NODEACCESSRELEASED_8
11:36:14.273 (index):1047 UPDATE_2
11:36:14.374 (index):1022 NODEACCESSRELEASED_2
11:36:14.405 (index):1083 NODEACCESSREQUESTED_10
11:36:14.477 (index):1050 UPDATE_4
11:36:14.555 (index):1050 UPDATE_3
11:36:14.579 (index):1038 THINKING_4
11:36:14.657 (index):1026 ATTRIBUTEACCESSRELEASED_3
11:36:14.941 (index):1083 NODEACCESSREQUESTED_0
11:36:14.973 (index):1047 UPDATE_6
11:36:15.074 (index):1022 NODEACCESSRELEASED_6
11:36:15.212 (index):1083 NODEACCESSREQUESTED_8
11:36:15.375 (index):1083 NODEACCESSREQUESTED_2
11:36:15.406 (index):1047 UPDATE_10
11:36:15.440 (index):1050 UPDATE_7
11:36:15.507 (index):1038 THINKING_10
11:36:15.541 (index):1026 ATTRIBUTEACCESSRELEASED_7
11:36:15.658 (index):1077 ATTRIBUTEACCESSREQUESTED_3
11:36:15.942 (index):1047 UPDATE_0
11:36:16.043 (index):1038 THINKING_0
11:36:16.075 (index):1077 ATTRIBUTEACCESSREQUESTED_6
11:36:16.213 (index):1047 UPDATE_8
11:36:16.315 (index):1022 NODEACCESSRELEASED_8
11:36:16.377 (index):1047 UPDATE_2
11:36:16.478 (index):1022 NODEACCESSRELEASED_2
11:36:16.542 (index):1083 NODEACCESSREQUESTED_7
11:36:16.659 (index):1050 UPDATE_3
11:36:16.761 (index):1038 THINKING_3
11:36:17.037 (index):1047 UPDATE_5
11:36:17.076 (index):1050 UPDATE_6
11:36:17.139 (index):1022 NODEACCESSRELEASED_5
11:36:17.177 (index):1026 ATTRIBUTEACCESSRELEASED_6
11:36:17.316 (index):1083 NODEACCESSREQUESTED_8
11:36:17.479 (index):1083 NODEACCESSREQUESTED_2
11:36:17.544 (index):1047 UPDATE_7
11:36:17.645 (index):1022 NODEACCESSRELEASED_7
11:36:17.682 (index):1050 UPDATE_9
11:36:17.784 (index):1026 ATTRIBUTEACCESSRELEASED_9
11:36:18.140 (index):1083 NODEACCESSREQUESTED_5
11:36:18.179 (index):1083 NODEACCESSREQUESTED_6
11:36:18.317 (index):1047 UPDATE_8
11:36:18.419 (index):1022 NODEACCESSRELEASED_8
11:36:18.481 (index):1047 UPDATE_2
11:36:18.538 (index):1050 UPDATE_4
11:36:18.582 (index):1022 NODEACCESSRELEASED_2
11:36:18.639 (index):1038 THINKING_4
11:36:18.646 (index):1083 NODEACCESSREQUESTED_7
11:36:18.656 (index):1047 UPDATE_1
11:36:18.757 (index):1038 THINKING_1
11:36:18.785 (index):1077 ATTRIBUTEACCESSREQUESTED_9
11:36:19.099 (index):1050 UPDATE_3
11:36:19.142 (index):1047 UPDATE_5
11:36:19.180 (index):1047 UPDATE_6
11:36:19.200 (index):1026 ATTRIBUTEACCESSRELEASED_3
11:36:19.243 (index):1022 NODEACCESSRELEASED_5
11:36:19.281 (index):1022 NODEACCESSRELEASED_6
11:36:19.420 (index):1083 NODEACCESSREQUESTED_8
11:36:19.583 (index):1083 NODEACCESSREQUESTED_2
11:36:19.647 (index):1047 UPDATE_7
11:36:19.749 (index):1022 NODEACCESSRELEASED_7
11:36:19.786 (index):1050 UPDATE_9
11:36:19.887 (index):1026 ATTRIBUTEACCESSRELEASED_9
11:36:20.038 (index):1047 UPDATE_0
11:36:20.140 (index):1022 NODEACCESSRELEASED_0
11:36:20.202 (index):1083 NODEACCESSREQUESTED_3
11:36:20.244 (index):1083 NODEACCESSREQUESTED_5
11:36:20.283 (index):1083 NODEACCESSREQUESTED_6
11:36:20.393 (index):1047 UPDATE_10
11:36:20.422 (index):1047 UPDATE_8
11:36:20.494 (index):1022 NODEACCESSRELEASED_10
11:36:20.524 (index):1022 NODEACCESSRELEASED_8
11:36:20.585 (index):1047 UPDATE_2
11:36:20.686 (index):1022 NODEACCESSRELEASED_2
11:36:20.750 (index):1077 ATTRIBUTEACCESSREQUESTED_7
11:36:20.889 (index):1083 NODEACCESSREQUESTED_9
11:36:21.141 (index):1077 ATTRIBUTEACCESSREQUESTED_0
11:36:21.203 (index):1047 UPDATE_3
11:36:21.246 (index):1047 UPDATE_5
11:36:21.284 (index):1047 UPDATE_6
11:36:21.304 (index):1117 END_3
11:36:21.347 (index):1022 NODEACCESSRELEASED_5
11:36:21.385 (index):1117 END_6
11:36:21.405 (index):1050 UPDATE_4
11:36:21.495 (index):1077 ATTRIBUTEACCESSREQUESTED_10
11:36:21.507 (index):1026 ATTRIBUTEACCESSRELEASED_4
11:36:21.525 (index):1077 ATTRIBUTEACCESSREQUESTED_8
11:36:21.687 (index):1083 NODEACCESSREQUESTED_2
11:36:21.751 (index):1050 UPDATE_7
11:36:21.852 (index):1026 ATTRIBUTEACCESSRELEASED_7
11:36:21.890 (index):1047 UPDATE_9
11:36:21.991 (index):1022 NODEACCESSRELEASED_9
11:36:22.142 (index):1050 UPDATE_0
11:36:22.243 (index):1026 ATTRIBUTEACCESSRELEASED_0
11:36:22.348 (index):1083 NODEACCESSREQUESTED_5
11:36:22.496 (index):1050 UPDATE_10
11:36:22.508 (index):1083 NODEACCESSREQUESTED_4
11:36:22.527 (index):1106 WAITING_8
11:36:22.598 (index):1026 ATTRIBUTEACCESSRELEASED_10
11:36:22.688 (index):1047 UPDATE_2
11:36:22.790 (index):1117 END_2
11:36:22.853 (index):1083 NODEACCESSREQUESTED_7
11:36:22.950 (index):1047 UPDATE_1
11:36:22.993 (index):1083 NODEACCESSREQUESTED_9
11:36:23.051 (index):1022 NODEACCESSRELEASED_1
11:36:23.244 (index):1083 NODEACCESSREQUESTED_0
11:36:23.350 (index):1047 UPDATE_5
11:36:23.451 (index):1022 NODEACCESSRELEASED_5
11:36:23.509 (index):1047 UPDATE_4
11:36:23.528 (index):1050 UPDATE_8
11:36:23.599 (index):1077 ATTRIBUTEACCESSREQUESTED_10
11:36:23.611 (index):1022 NODEACCESSRELEASED_4
11:36:23.629 (index):1026 ATTRIBUTEACCESSRELEASED_8
11:36:23.854 (index):1047 UPDATE_7
11:36:23.956 (index):1022 NODEACCESSRELEASED_7
11:36:23.994 (index):1047 UPDATE_9
11:36:24.052 (index):1083 NODEACCESSREQUESTED_1
11:36:24.095 (index):1117 END_9
11:36:24.246 (index):1047 UPDATE_0
11:36:24.347 (index):1022 NODEACCESSRELEASED_0
11:36:24.452 (index):1083 NODEACCESSREQUESTED_5
11:36:24.600 (index):1050 UPDATE_10
11:36:24.612 (index):1083 NODEACCESSREQUESTED_4
11:36:24.630 (index):1083 NODEACCESSREQUESTED_8
11:36:24.701 (index):1026 ATTRIBUTEACCESSRELEASED_10
11:36:24.957 (index):1077 ATTRIBUTEACCESSREQUESTED_7
11:36:25.054 (index):1047 UPDATE_1
11:36:25.155 (index):1038 THINKING_1
11:36:25.348 (index):1083 NODEACCESSREQUESTED_0
11:36:25.454 (index):1047 UPDATE_5
11:36:25.555 (index):1117 END_5
11:36:25.613 (index):1047 UPDATE_4
11:36:25.632 (index):1047 UPDATE_8
11:36:25.703 (index):1083 NODEACCESSREQUESTED_10
11:36:25.714 (index):1038 THINKING_4
11:36:25.732 (index):1117 END_8
11:36:25.958 (index):1050 UPDATE_7
11:36:26.060 (index):1038 THINKING_7
11:36:26.350 (index):1047 UPDATE_0
11:36:26.451 (index):1117 END_0
11:36:26.704 (index):1047 UPDATE_10
11:36:26.805 (index):1117 END_10
11:36:27.333 (index):1047 UPDATE_1
11:36:27.435 (index):1022 NODEACCESSRELEASED_1
11:36:28.437 (index):1083 NODEACCESSREQUESTED_1
11:36:29.438 (index):1047 UPDATE_1
11:36:29.496 (index):1050 UPDATE_7
11:36:29.539 (index):1117 END_1
11:36:29.597 (index):1026 ATTRIBUTEACCESSRELEASED_7
11:36:30.104 (index):1047 UPDATE_4
11:36:30.205 (index):1117 END_4
11:36:30.599 (index):1083 NODEACCESSREQUESTED_7
11:36:31.600 (index):1047 UPDATE_7
11:36:31.701 (index):1117 END_7
