11:28:59.713 fiddle.jshell.net/:1179 Tasks: 25; Collaborators: 1    =========================>
11:28:59.714 fiddle.jshell.net/:1077 ATTRIBUTEACCESSREQUESTED_0
11:29:00.880 (index):1038 THINKING_0
11:29:05.229 (index):1050 UPDATE_0
11:29:05.330 (index):1026 ATTRIBUTEACCESSRELEASED_0
11:29:06.331 (index):1077 ATTRIBUTEACCESSREQUESTED_0
11:29:07.331 (index):1050 UPDATE_0
11:29:07.432 (index):1026 ATTRIBUTEACCESSRELEASED_0
11:29:08.432 (index):1083 NODEACCESSREQUESTED_0
11:29:09.434 (index):1047 UPDATE_0
11:29:09.535 (index):1038 THINKING_0
11:29:12.105 (index):1047 UPDATE_0
11:29:12.205 (index):1038 THINKING_0
11:29:17.147 (index):1047 UPDATE_0
11:29:17.249 (index):1022 NODEACCESSRELEASED_0
11:29:18.249 (index):1083 NODEACCESSREQUESTED_0
11:29:19.250 (index):1047 UPDATE_0
11:29:19.351 (index):1038 THINKING_0
11:29:21.507 (index):1047 UPDATE_0
11:29:21.608 (index):1022 NODEACCESSRELEASED_0
11:29:22.609 (index):1083 NODEACCESSREQUESTED_0
11:29:23.610 (index):1047 UPDATE_0
11:29:23.711 (index):1022 NODEACCESSRELEASED_0
11:29:24.712 (index):1083 NODEACCESSREQUESTED_0
11:29:25.713 (index):1047 UPDATE_0
11:29:25.814 (index):1038 THINKING_0
11:29:29.809 (index):1047 UPDATE_0
11:29:29.911 (index):1022 NODEACCESSRELEASED_0
11:29:30.912 (index):1077 ATTRIBUTEACCESSREQUESTED_0
11:29:31.914 (index):1050 UPDATE_0
11:29:32.015 (index):1026 ATTRIBUTEACCESSRELEASED_0
11:29:33.017 (index):1083 NODEACCESSREQUESTED_0
11:29:34.018 (index):1047 UPDATE_0
11:29:34.119 (index):1022 NODEACCESSRELEASED_0
11:29:35.120 (index):1083 NODEACCESSREQUESTED_0
11:29:36.122 (index):1047 UPDATE_0
11:29:36.223 (index):1117 END_0
