11:37:21.822 (index):1379 Tasks: 25; Collaborators: 13    =========================>
11:37:21.823 (index):1077 ATTRIBUTEACCESSREQUESTED_0
11:37:21.824 (index):1083 NODEACCESSREQUESTED_1
11:37:21.825 (index):1083 NODEACCESSREQUESTED_2
11:37:21.826 (index):1077 ATTRIBUTEACCESSREQUESTED_3
11:37:21.828 (index):1077 ATTRIBUTEACCESSREQUESTED_4
11:37:21.829 (index):1083 NODEACCESSREQUESTED_5
11:37:21.831 (index):1083 NODEACCESSREQUESTED_6
11:37:21.832 (index):1077 ATTRIBUTEACCESSREQUESTED_7
11:37:21.834 (index):1083 NODEACCESSREQUESTED_8
11:37:21.835 (index):1083 NODEACCESSREQUESTED_9
11:37:21.835 (index):1083 NODEACCESSREQUESTED_10
11:37:21.836 (index):1083 NODEACCESSREQUESTED_11
11:37:21.837 (index):1083 NODEACCESSREQUESTED_12
11:37:22.824 (index):1038 THINKING_0
11:37:22.825 (index):1038 THINKING_1
11:37:22.826 (index):1022 NODEACCESSRELEASED_2
11:37:22.828 (index):1026 ATTRIBUTEACCESSRELEASED_3
11:37:22.829 (index):1106 WAITING_4
11:37:22.831 (index):1022 NODEACCESSRELEASED_5
11:37:22.832 (index):1038 THINKING_6
11:37:22.834 (index):1106 WAITING_7
11:37:22.835 (index):1038 THINKING_8
11:37:22.835 (index):1022 NODEACCESSRELEASED_9
11:37:22.836 (index):1022 NODEACCESSRELEASED_10
11:37:22.837 (index):1038 THINKING_11
11:37:22.838 (index):1022 NODEACCESSRELEASED_12
11:37:23.827 (index):1083 NODEACCESSREQUESTED_2
11:37:23.829 (index):1077 ATTRIBUTEACCESSREQUESTED_3
11:37:23.830 (index):1106 WAITING_4
11:37:23.832 (index):1083 NODEACCESSREQUESTED_5
11:37:23.835 (index):1106 WAITING_7
11:37:23.836 (index):1083 NODEACCESSREQUESTED_9
11:37:23.837 (index):1083 NODEACCESSREQUESTED_10
11:37:23.838 (index):1083 NODEACCESSREQUESTED_12
11:37:24.829 (index):1047 UPDATE_2
11:37:24.830 (index):1106 WAITING_3
11:37:24.832 (index):1106 WAITING_4
11:37:24.833 (index):1047 UPDATE_5
11:37:24.836 (index):1106 WAITING_7
11:37:24.837 (index):1047 UPDATE_9
11:37:24.838 (index):1047 UPDATE_10
11:37:24.839 (index):1047 UPDATE_12
11:37:24.860 (index):1047 UPDATE_8
11:37:24.930 (index):1022 NODEACCESSRELEASED_2
11:37:24.934 (index):1038 THINKING_5
11:37:24.938 (index):1038 THINKING_9
11:37:24.939 (index):1038 THINKING_10
11:37:24.940 (index):1022 NODEACCESSRELEASED_12
11:37:24.962 (index):1038 THINKING_8
11:37:25.299 (index):1047 UPDATE_11
11:37:25.400 (index):1038 THINKING_11
11:37:25.550 (index):1047 UPDATE_6
11:37:25.651 (index):1022 NODEACCESSRELEASED_6
11:37:25.771 (index):1047 UPDATE_1
11:37:25.832 (index):1106 WAITING_3
11:37:25.833 (index):1106 WAITING_4
11:37:25.836 (index):1106 WAITING_7
11:37:25.873 (index):1022 NODEACCESSRELEASED_1
11:37:25.932 (index):1083 NODEACCESSREQUESTED_2
11:37:25.941 (index):1083 NODEACCESSREQUESTED_12
11:37:26.653 (index):1077 ATTRIBUTEACCESSREQUESTED_6
11:37:26.833 (index):1106 WAITING_3
11:37:26.834 (index):1106 WAITING_4
11:37:26.837 (index):1106 WAITING_7
11:37:26.874 (index):1083 NODEACCESSREQUESTED_1
11:37:26.933 (index):1047 UPDATE_2
11:37:26.942 (index):1047 UPDATE_12
11:37:26.991 (index):1047 UPDATE_10
11:37:27.034 (index):1022 NODEACCESSRELEASED_2
11:37:27.043 (index):1022 NODEACCESSRELEASED_12
11:37:27.092 (index):1022 NODEACCESSRELEASED_10
11:37:27.173 (index):1050 UPDATE_0
11:37:27.275 (index):1026 ATTRIBUTEACCESSRELEASED_0
11:37:27.349 (index):1047 UPDATE_5
11:37:27.450 (index):1022 NODEACCESSRELEASED_5
11:37:27.654 (index):1106 WAITING_6
11:37:27.834 (index):1106 WAITING_3
11:37:27.836 (index):1026 ATTRIBUTEACCESSRELEASED_4
11:37:27.839 (index):1026 ATTRIBUTEACCESSRELEASED_7
11:37:27.875 (index):1047 UPDATE_1
11:37:27.976 (index):1038 THINKING_1
11:37:28.036 (index):1077 ATTRIBUTEACCESSREQUESTED_2
11:37:28.044 (index):1077 ATTRIBUTEACCESSREQUESTED_12
11:37:28.094 (index):1083 NODEACCESSREQUESTED_10
11:37:28.275 (index):1077 ATTRIBUTEACCESSREQUESTED_0
11:37:28.451 (index):1083 NODEACCESSREQUESTED_5
11:37:28.655 (index):1106 WAITING_6
11:37:28.697 (index):1047 UPDATE_11
11:37:28.798 (index):1022 NODEACCESSRELEASED_11
11:37:28.836 (index):1050 UPDATE_3
11:37:28.837 (index):1077 ATTRIBUTEACCESSREQUESTED_4
11:37:28.840 (index):1077 ATTRIBUTEACCESSREQUESTED_7
11:37:28.937 (index):1026 ATTRIBUTEACCESSRELEASED_3
11:37:29.037 (index):1050 UPDATE_2
11:37:29.045 (index):1050 UPDATE_12
11:37:29.095 (index):1047 UPDATE_10
11:37:29.138 (index):1038 THINKING_2
11:37:29.147 (index):1038 THINKING_12
11:37:29.196 (index):1038 THINKING_10
11:37:29.277 (index):1050 UPDATE_0
11:37:29.378 (index):1026 ATTRIBUTEACCESSRELEASED_0
11:37:29.403 (index):1047 UPDATE_8
11:37:29.450 (index):1047 UPDATE_9
11:37:29.452 (index):1047 UPDATE_5
11:37:29.504 (index):1022 NODEACCESSRELEASED_8
11:37:29.552 (index):1038 THINKING_9
11:37:29.553 (index):1038 THINKING_5
11:37:29.656 (index):1050 UPDATE_6
11:37:29.757 (index):1026 ATTRIBUTEACCESSRELEASED_6
11:37:29.800 (index):1083 NODEACCESSREQUESTED_11
11:37:29.838 (index):1106 WAITING_4
11:37:29.841 (index):1106 WAITING_7
11:37:29.938 (index):1083 NODEACCESSREQUESTED_3
11:37:30.380 (index):1083 NODEACCESSREQUESTED_0
11:37:30.505 (index):1077 ATTRIBUTEACCESSREQUESTED_8
11:37:30.759 (index):1083 NODEACCESSREQUESTED_6
11:37:30.801 (index):1047 UPDATE_11
11:37:30.839 (index):1106 WAITING_4
11:37:30.842 (index):1106 WAITING_7
11:37:30.902 (index):1022 NODEACCESSRELEASED_11
11:37:30.939 (index):1047 UPDATE_3
11:37:31.040 (index):1038 THINKING_3
11:37:31.381 (index):1047 UPDATE_0
11:37:31.482 (index):1038 THINKING_0
11:37:31.506 (index):1106 WAITING_8
11:37:31.525 (index):1047 UPDATE_1
11:37:31.626 (index):1038 THINKING_1
11:37:31.760 (index):1047 UPDATE_6
11:37:31.840 (index):1106 WAITING_4
11:37:31.843 (index):1106 WAITING_7
11:37:31.858 (index):1050 UPDATE_2
11:37:31.861 (index):1022 NODEACCESSRELEASED_6
11:37:31.904 (index):1083 NODEACCESSREQUESTED_11
11:37:31.958 (index):1047 UPDATE_9
11:37:31.959 (index):1026 ATTRIBUTEACCESSRELEASED_2
11:37:32.059 (index):1022 NODEACCESSRELEASED_9
11:37:32.173 (index):1047 UPDATE_10
11:37:32.274 (index):1022 NODEACCESSRELEASED_10
11:37:32.508 (index):1050 UPDATE_8
11:37:32.609 (index):1038 THINKING_8
11:37:32.693 (index):1047 UPDATE_5
11:37:32.794 (index):1022 NODEACCESSRELEASED_5
11:37:32.842 (index):1106 WAITING_4
11:37:32.844 (index):1106 WAITING_7
11:37:32.862 (index):1083 NODEACCESSREQUESTED_6
11:37:32.905 (index):1047 UPDATE_11
11:37:32.960 (index):1077 ATTRIBUTEACCESSREQUESTED_2
11:37:33.006 (index):1022 NODEACCESSRELEASED_11
11:37:33.061 (index):1077 ATTRIBUTEACCESSREQUESTED_9
11:37:33.276 (index):1083 NODEACCESSREQUESTED_10
11:37:33.796 (index):1077 ATTRIBUTEACCESSREQUESTED_5
11:37:33.806 (index):1050 UPDATE_12
11:37:33.843 (index):1106 WAITING_4
11:37:33.845 (index):1106 WAITING_7
11:37:33.863 (index):1047 UPDATE_6
11:37:33.907 (index):1026 ATTRIBUTEACCESSRELEASED_12
11:37:33.961 (index):1050 UPDATE_2
11:37:33.964 (index):1022 NODEACCESSRELEASED_6
11:37:34.008 (index):1083 NODEACCESSREQUESTED_11
11:37:34.052 (index):1047 UPDATE_0
11:37:34.062 (index):1106 WAITING_9
11:37:34.062 (index):1026 ATTRIBUTEACCESSRELEASED_2
11:37:34.153 (index):1038 THINKING_0
11:37:34.277 (index):1047 UPDATE_10
11:37:34.378 (index):1038 THINKING_10
11:37:34.797 (index):1106 WAITING_5
11:37:34.844 (index):1050 UPDATE_4
11:37:34.847 (index):1106 WAITING_7
11:37:34.908 (index):1077 ATTRIBUTEACCESSREQUESTED_12
11:37:34.945 (index):1026 ATTRIBUTEACCESSRELEASED_4
11:37:34.965 (index):1083 NODEACCESSREQUESTED_6
11:37:35.008 (index):1047 UPDATE_11
11:37:35.063 (index):1050 UPDATE_9
11:37:35.064 (index):1083 NODEACCESSREQUESTED_2
11:37:35.110 (index):1038 THINKING_11
11:37:35.158 (index):1047 UPDATE_3
11:37:35.164 (index):1026 ATTRIBUTEACCESSRELEASED_9
11:37:35.259 (index):1022 NODEACCESSRELEASED_3
11:37:35.798 (index):1106 WAITING_5
11:37:35.848 (index):1050 UPDATE_7
11:37:35.909 (index):1050 UPDATE_12
11:37:35.947 (index):1083 NODEACCESSREQUESTED_4
11:37:35.948 (index):1026 ATTRIBUTEACCESSRELEASED_7
11:37:35.966 (index):1047 UPDATE_6
11:37:36.010 (index):1026 ATTRIBUTEACCESSRELEASED_12
11:37:36.020 (index):1047 UPDATE_1
11:37:36.065 (index):1047 UPDATE_2
11:37:36.067 (index):1022 NODEACCESSRELEASED_6
11:37:36.121 (index):1022 NODEACCESSRELEASED_1
11:37:36.165 (index):1077 ATTRIBUTEACCESSREQUESTED_9
11:37:36.166 (index):1038 THINKING_2
11:37:36.260 (index):1077 ATTRIBUTEACCESSREQUESTED_3
11:37:36.800 (index):1050 UPDATE_5
11:37:36.901 (index):1038 THINKING_5
11:37:36.948 (index):1047 UPDATE_4
11:37:36.949 (index):1083 NODEACCESSREQUESTED_7
11:37:37.011 (index):1077 ATTRIBUTEACCESSREQUESTED_12
11:37:37.049 (index):1022 NODEACCESSRELEASED_4
11:37:37.068 (index):1077 ATTRIBUTEACCESSREQUESTED_6
11:37:37.122 (index):1083 NODEACCESSREQUESTED_1
11:37:37.132 (index):1050 UPDATE_8
11:37:37.166 (index):1106 WAITING_9
11:37:37.234 (index):1026 ATTRIBUTEACCESSRELEASED_8
11:37:37.262 (index):1050 UPDATE_3
11:37:37.362 (index):1026 ATTRIBUTEACCESSRELEASED_3
11:37:37.950 (index):1047 UPDATE_7
11:37:38.012 (index):1050 UPDATE_12
11:37:38.050 (index):1077 ATTRIBUTEACCESSREQUESTED_4
11:37:38.051 (index):1022 NODEACCESSRELEASED_7
11:37:38.070 (index):1050 UPDATE_6
11:37:38.113 (index):1026 ATTRIBUTEACCESSRELEASED_12
11:37:38.123 (index):1047 UPDATE_1
11:37:38.168 (index):1106 WAITING_9
11:37:38.170 (index):1038 THINKING_6
11:37:38.224 (index):1038 THINKING_1
11:37:38.235 (index):1077 ATTRIBUTEACCESSREQUESTED_8
11:37:38.364 (index):1083 NODEACCESSREQUESTED_3
11:37:38.717 (index):1047 UPDATE_2
11:37:38.819 (index):1038 THINKING_2
11:37:39.042 (index):1047 UPDATE_10
11:37:39.051 (index):1106 WAITING_4
11:37:39.052 (index):1083 NODEACCESSREQUESTED_7
11:37:39.096 (index):1047 UPDATE_0
11:37:39.114 (index):1077 ATTRIBUTEACCESSREQUESTED_12
11:37:39.143 (index):1022 NODEACCESSRELEASED_10
11:37:39.169 (index):1106 WAITING_9
11:37:39.197 (index):1022 NODEACCESSRELEASED_0
11:37:39.236 (index):1050 UPDATE_8
11:37:39.337 (index):1026 ATTRIBUTEACCESSRELEASED_8
11:37:39.365 (index):1047 UPDATE_3
11:37:39.388 (index):1047 UPDATE_11
11:37:39.467 (index):1022 NODEACCESSRELEASED_3
11:37:39.489 (index):1022 NODEACCESSRELEASED_11
11:37:40.052 (index):1106 WAITING_4
11:37:40.053 (index):1047 UPDATE_7
11:37:40.115 (index):1050 UPDATE_12
11:37:40.144 (index):1083 NODEACCESSREQUESTED_10
11:37:40.154 (index):1038 THINKING_7
11:37:40.169 (index):1106 WAITING_9
11:37:40.197 (index):1083 NODEACCESSREQUESTED_0
11:37:40.216 (index):1026 ATTRIBUTEACCESSRELEASED_12
11:37:40.338 (index):1083 NODEACCESSREQUESTED_8
11:37:40.442 (index):1050 UPDATE_6
11:37:40.468 (index):1083 NODEACCESSREQUESTED_3
11:37:40.490 (index):1077 ATTRIBUTEACCESSREQUESTED_11
11:37:40.536 (index):1047 UPDATE_1
11:37:40.543 (index):1038 THINKING_6
11:37:40.637 (index):1022 NODEACCESSRELEASED_1
11:37:41.046 (index):1047 UPDATE_2
11:37:41.053 (index):1106 WAITING_4
11:37:41.145 (index):1047 UPDATE_10
11:37:41.147 (index):1038 THINKING_2
11:37:41.171 (index):1106 WAITING_9
11:37:41.199 (index):1047 UPDATE_0
11:37:41.217 (index):1077 ATTRIBUTEACCESSREQUESTED_12
11:37:41.247 (index):1038 THINKING_10
11:37:41.300 (index):1038 THINKING_0
11:37:41.339 (index):1047 UPDATE_8
11:37:41.440 (index):1038 THINKING_8
11:37:41.469 (index):1047 UPDATE_3
11:37:41.483 (index):1050 UPDATE_5
11:37:41.492 (index):1106 WAITING_11
11:37:41.570 (index):1022 NODEACCESSRELEASED_3
11:37:41.584 (index):1038 THINKING_5
11:37:41.638 (index):1083 NODEACCESSREQUESTED_1
11:37:42.054 (index):1106 WAITING_4
11:37:42.172 (index):1106 WAITING_9
11:37:42.218 (index):1050 UPDATE_12
11:37:42.319 (index):1026 ATTRIBUTEACCESSRELEASED_12
11:37:42.326 (index):1047 UPDATE_7
11:37:42.427 (index):1022 NODEACCESSRELEASED_7
11:37:42.493 (index):1106 WAITING_11
11:37:42.571 (index):1083 NODEACCESSREQUESTED_3
11:37:42.639 (index):1047 UPDATE_1
11:37:42.740 (index):1038 THINKING_1
11:37:43.055 (index):1106 WAITING_4
11:37:43.173 (index):1106 WAITING_9
11:37:43.320 (index):1083 NODEACCESSREQUESTED_12
11:37:43.428 (index):1077 ATTRIBUTEACCESSREQUESTED_7
11:37:43.456 (index):1047 UPDATE_0
11:37:43.494 (index):1106 WAITING_11
11:37:43.497 (index):1050 UPDATE_6
11:37:43.557 (index):1022 NODEACCESSRELEASED_0
11:37:43.573 (index):1047 UPDATE_3
11:37:43.599 (index):1026 ATTRIBUTEACCESSRELEASED_6
11:37:43.626 (index):1050 UPDATE_5
11:37:43.674 (index):1022 NODEACCESSRELEASED_3
11:37:43.727 (index):1026 ATTRIBUTEACCESSRELEASED_5
11:37:44.056 (index):1106 WAITING_4
11:37:44.174 (index):1050 UPDATE_9
11:37:44.276 (index):1026 ATTRIBUTEACCESSRELEASED_9
11:37:44.321 (index):1047 UPDATE_12
11:37:44.422 (index):1022 NODEACCESSRELEASED_12
11:37:44.429 (index):1050 UPDATE_7
11:37:44.495 (index):1106 WAITING_11
11:37:44.530 (index):1038 THINKING_7
11:37:44.559 (index):1083 NODEACCESSREQUESTED_0
11:37:44.600 (index):1083 NODEACCESSREQUESTED_6
11:37:44.675 (index):1083 NODEACCESSREQUESTED_3
11:37:44.728 (index):1083 NODEACCESSREQUESTED_5
11:37:44.737 (index):1047 UPDATE_8
11:37:44.838 (index):1022 NODEACCESSRELEASED_8
11:37:45.032 (index):1047 UPDATE_10
11:37:45.057 (index):1050 UPDATE_4
11:37:45.134 (index):1022 NODEACCESSRELEASED_10
11:37:45.159 (index):1026 ATTRIBUTEACCESSRELEASED_4
11:37:45.277 (index):1083 NODEACCESSREQUESTED_9
11:37:45.423 (index):1083 NODEACCESSREQUESTED_12
11:37:45.496 (index):1050 UPDATE_11
11:37:45.560 (index):1047 UPDATE_0
11:37:45.598 (index):1026 ATTRIBUTEACCESSRELEASED_11
11:37:45.601 (index):1047 UPDATE_6
11:37:45.661 (index):1022 NODEACCESSRELEASED_0
11:37:45.670 (index):1047 UPDATE_1
11:37:45.677 (index):1047 UPDATE_3
11:37:45.702 (index):1022 NODEACCESSRELEASED_6
11:37:45.729 (index):1047 UPDATE_5
11:37:45.771 (index):1038 THINKING_1
11:37:45.778 (index):1038 THINKING_3
11:37:45.830 (index):1038 THINKING_5
11:37:45.840 (index):1083 NODEACCESSREQUESTED_8
11:37:46.002 (index):1047 UPDATE_2
11:37:46.103 (index):1022 NODEACCESSRELEASED_2
11:37:46.135 (index):1083 NODEACCESSREQUESTED_10
11:37:46.160 (index):1083 NODEACCESSREQUESTED_4
11:37:46.279 (index):1047 UPDATE_9
11:37:46.380 (index):1038 THINKING_9
11:37:46.424 (index):1047 UPDATE_12
11:37:46.524 (index):1038 THINKING_12
11:37:46.599 (index):1077 ATTRIBUTEACCESSREQUESTED_11
11:37:46.662 (index):1083 NODEACCESSREQUESTED_0
11:37:46.703 (index):1083 NODEACCESSREQUESTED_6
11:37:46.841 (index):1047 UPDATE_8
11:37:46.942 (index):1022 NODEACCESSRELEASED_8
11:37:47.105 (index):1083 NODEACCESSREQUESTED_2
11:37:47.136 (index):1047 UPDATE_10
11:37:47.161 (index):1047 UPDATE_4
11:37:47.238 (index):1038 THINKING_10
11:37:47.263 (index):1022 NODEACCESSRELEASED_4
11:37:47.601 (index):1050 UPDATE_11
11:37:47.663 (index):1047 UPDATE_0
11:37:47.702 (index):1026 ATTRIBUTEACCESSRELEASED_11
11:37:47.705 (index):1047 UPDATE_6
11:37:47.765 (index):1038 THINKING_0
11:37:47.806 (index):1022 NODEACCESSRELEASED_6
11:37:47.944 (index):1083 NODEACCESSREQUESTED_8
11:37:48.106 (index):1047 UPDATE_2
11:37:48.185 (index):1047 UPDATE_3
11:37:48.207 (index):1022 NODEACCESSRELEASED_2
11:37:48.263 (index):1077 ATTRIBUTEACCESSREQUESTED_4
11:37:48.286 (index):1022 NODEACCESSRELEASED_3
11:37:48.703 (index):1083 NODEACCESSREQUESTED_11
11:37:48.807 (index):1077 ATTRIBUTEACCESSREQUESTED_6
11:37:48.945 (index):1047 UPDATE_8
11:37:49.045 (index):1022 NODEACCESSRELEASED_8
11:37:49.168 (index):1050 UPDATE_7
11:37:49.208 (index):1083 NODEACCESSREQUESTED_2
11:37:49.265 (index):1050 UPDATE_4
11:37:49.269 (index):1026 ATTRIBUTEACCESSRELEASED_7
11:37:49.287 (index):1077 ATTRIBUTEACCESSREQUESTED_3
11:37:49.366 (index):1038 THINKING_4
11:37:49.491 (index):1047 UPDATE_9
11:37:49.593 (index):1022 NODEACCESSRELEASED_9
11:37:49.705 (index):1047 UPDATE_11
11:37:49.806 (index):1038 THINKING_11
11:37:49.808 (index):1050 UPDATE_6
11:37:49.900 (index):1047 UPDATE_12
11:37:49.909 (index):1026 ATTRIBUTEACCESSRELEASED_6
11:37:50.002 (index):1022 NODEACCESSRELEASED_12
11:37:50.047 (index):1083 NODEACCESSREQUESTED_8
11:37:50.210 (index):1047 UPDATE_2
11:37:50.270 (index):1083 NODEACCESSREQUESTED_7
11:37:50.289 (index):1106 WAITING_3
11:37:50.311 (index):1022 NODEACCESSRELEASED_2
11:37:50.382 (index):1047 UPDATE_1
11:37:50.483 (index):1038 THINKING_1
11:37:50.594 (index):1083 NODEACCESSREQUESTED_9
11:37:50.766 (index):1047 UPDATE_5
11:37:50.867 (index):1022 NODEACCESSRELEASED_5
11:37:50.910 (index):1083 NODEACCESSREQUESTED_6
11:37:51.003 (index):1077 ATTRIBUTEACCESSREQUESTED_12
11:37:51.048 (index):1047 UPDATE_8
11:37:51.149 (index):1022 NODEACCESSRELEASED_8
11:37:51.271 (index):1047 UPDATE_7
11:37:51.290 (index):1106 WAITING_3
11:37:51.312 (index):1083 NODEACCESSREQUESTED_2
11:37:51.373 (index):1022 NODEACCESSRELEASED_7
11:37:51.595 (index):1047 UPDATE_9
11:37:51.697 (index):1022 NODEACCESSRELEASED_9
11:37:51.760 (index):1047 UPDATE_0
11:37:51.805 (index):1050 UPDATE_4
11:37:51.861 (index):1022 NODEACCESSRELEASED_0
11:37:51.868 (index):1083 NODEACCESSREQUESTED_5
11:37:51.905 (index):1026 ATTRIBUTEACCESSRELEASED_4
11:37:51.912 (index):1047 UPDATE_6
11:37:52.004 (index):1050 UPDATE_12
11:37:52.013 (index):1022 NODEACCESSRELEASED_6
11:37:52.105 (index):1026 ATTRIBUTEACCESSRELEASED_12
11:37:52.123 (index):1047 UPDATE_10
11:37:52.150 (index):1083 NODEACCESSREQUESTED_8
11:37:52.224 (index):1022 NODEACCESSRELEASED_10
11:37:52.291 (index):1050 UPDATE_3
11:37:52.313 (index):1047 UPDATE_2
11:37:52.374 (index):1083 NODEACCESSREQUESTED_7
11:37:52.393 (index):1026 ATTRIBUTEACCESSRELEASED_3
11:37:52.414 (index):1022 NODEACCESSRELEASED_2
11:37:52.698 (index):1077 ATTRIBUTEACCESSREQUESTED_9
11:37:52.862 (index):1077 ATTRIBUTEACCESSREQUESTED_0
11:37:52.869 (index):1047 UPDATE_5
11:37:52.907 (index):1077 ATTRIBUTEACCESSREQUESTED_4
11:37:52.970 (index):1022 NODEACCESSRELEASED_5
11:37:53.014 (index):1083 NODEACCESSREQUESTED_6
11:37:53.107 (index):1077 ATTRIBUTEACCESSREQUESTED_12
11:37:53.151 (index):1047 UPDATE_8
11:37:53.190 (index):1047 UPDATE_11
11:37:53.225 (index):1077 ATTRIBUTEACCESSREQUESTED_10
11:37:53.253 (index):1022 NODEACCESSRELEASED_8
11:37:53.291 (index):1022 NODEACCESSRELEASED_11
11:37:53.375 (index):1047 UPDATE_7
11:37:53.394 (index):1077 ATTRIBUTEACCESSREQUESTED_3
11:37:53.416 (index):1083 NODEACCESSREQUESTED_2
11:37:53.476 (index):1022 NODEACCESSRELEASED_7
11:37:53.700 (index):1050 UPDATE_9
11:37:53.801 (index):1038 THINKING_9
11:37:53.863 (index):1050 UPDATE_0
11:37:53.908 (index):1106 WAITING_4
11:37:53.964 (index):1026 ATTRIBUTEACCESSRELEASED_0
11:37:53.972 (index):1083 NODEACCESSREQUESTED_5
11:37:54.015 (index):1047 UPDATE_6
11:37:54.108 (index):1050 UPDATE_12
11:37:54.116 (index):1117 END_6
11:37:54.209 (index):1117 END_12
11:37:54.226 (index):1050 UPDATE_10
11:37:54.254 (index):1077 ATTRIBUTEACCESSREQUESTED_8
11:37:54.292 (index):1083 NODEACCESSREQUESTED_11
11:37:54.327 (index):1026 ATTRIBUTEACCESSRELEASED_10
11:37:54.395 (index):1106 WAITING_3
11:37:54.416 (index):1047 UPDATE_2
11:37:54.476 (index):1077 ATTRIBUTEACCESSREQUESTED_7
11:37:54.518 (index):1117 END_2
11:37:54.675 (index):1047 UPDATE_1
11:37:54.776 (index):1022 NODEACCESSRELEASED_1
11:37:54.909 (index):1106 WAITING_4
11:37:54.966 (index):1083 NODEACCESSREQUESTED_0
11:37:54.972 (index):1047 UPDATE_5
11:37:55.074 (index):1022 NODEACCESSRELEASED_5
11:37:55.255 (index):1050 UPDATE_8
11:37:55.293 (index):1047 UPDATE_11
11:37:55.328 (index):1077 ATTRIBUTEACCESSREQUESTED_10
11:37:55.357 (index):1026 ATTRIBUTEACCESSRELEASED_8
11:37:55.395 (index):1022 NODEACCESSRELEASED_11
11:37:55.396 (index):1106 WAITING_3
11:37:55.478 (index):1050 UPDATE_7
11:37:55.579 (index):1026 ATTRIBUTEACCESSRELEASED_7
11:37:55.778 (index):1083 NODEACCESSREQUESTED_1
11:37:55.911 (index):1106 WAITING_4
11:37:55.967 (index):1047 UPDATE_0
11:37:56.068 (index):1022 NODEACCESSRELEASED_0
11:37:56.075 (index):1083 NODEACCESSREQUESTED_5
11:37:56.330 (index):1050 UPDATE_10
11:37:56.358 (index):1083 NODEACCESSREQUESTED_8
11:37:56.396 (index):1077 ATTRIBUTEACCESSREQUESTED_11
11:37:56.397 (index):1106 WAITING_3
11:37:56.431 (index):1026 ATTRIBUTEACCESSRELEASED_10
11:37:56.580 (index):1083 NODEACCESSREQUESTED_7
11:37:56.779 (index):1047 UPDATE_1
11:37:56.880 (index):1038 THINKING_1
11:37:56.912 (index):1106 WAITING_4
11:37:57.069 (index):1083 NODEACCESSREQUESTED_0
11:37:57.076 (index):1047 UPDATE_5
11:37:57.177 (index):1022 NODEACCESSRELEASED_5
11:37:57.359 (index):1047 UPDATE_8
11:37:57.397 (index):1050 UPDATE_11
11:37:57.398 (index):1106 WAITING_3
11:37:57.424 (index):1050 UPDATE_9
11:37:57.432 (index):1083 NODEACCESSREQUESTED_10
11:37:57.461 (index):1117 END_8
11:37:57.498 (index):1038 THINKING_11
11:37:57.525 (index):1026 ATTRIBUTEACCESSRELEASED_9
11:37:57.582 (index):1047 UPDATE_7
11:37:57.683 (index):1022 NODEACCESSRELEASED_7
11:37:57.913 (index):1050 UPDATE_4
11:37:58.015 (index):1038 THINKING_4
11:37:58.070 (index):1047 UPDATE_0
11:37:58.172 (index):1117 END_0
11:37:58.178 (index):1083 NODEACCESSREQUESTED_5
11:37:58.399 (index):1106 WAITING_3
11:37:58.433 (index):1047 UPDATE_10
11:37:58.526 (index):1077 ATTRIBUTEACCESSREQUESTED_9
11:37:58.535 (index):1117 END_10
11:37:58.684 (index):1077 ATTRIBUTEACCESSREQUESTED_7
11:37:59.059 (index):1047 UPDATE_1
11:37:59.160 (index):1022 NODEACCESSRELEASED_1
11:37:59.179 (index):1047 UPDATE_5
11:37:59.280 (index):1117 END_5
11:37:59.400 (index):1106 WAITING_3
11:37:59.527 (index):1050 UPDATE_9
11:37:59.629 (index):1026 ATTRIBUTEACCESSRELEASED_9
11:37:59.685 (index):1106 WAITING_7
11:38:00.161 (index):1083 NODEACCESSREQUESTED_1
11:38:00.401 (index):1106 WAITING_3
11:38:00.630 (index):1083 NODEACCESSREQUESTED_9
11:38:00.662 (index):1050 UPDATE_11
11:38:00.686 (index):1106 WAITING_7
11:38:00.763 (index):1117 END_11
11:38:01.162 (index):1047 UPDATE_1
11:38:01.263 (index):1117 END_1
11:38:01.402 (index):1106 WAITING_3
11:38:01.631 (index):1047 UPDATE_9
11:38:01.688 (index):1050 UPDATE_7
11:38:01.733 (index):1022 NODEACCESSRELEASED_9
11:38:01.789 (index):1038 THINKING_7
11:38:02.223 (index):1050 UPDATE_4
11:38:02.325 (index):1038 THINKING_4
11:38:02.404 (index):1106 WAITING_3
11:38:02.734 (index):1083 NODEACCESSREQUESTED_9
11:38:03.405 (index):1106 WAITING_3
11:38:03.735 (index):1047 UPDATE_9
11:38:03.837 (index):1117 END_9
11:38:04.406 (index):1106 WAITING_3
11:38:05.225 (index):1050 UPDATE_7
11:38:05.326 (index):1026 ATTRIBUTEACCESSRELEASED_7
11:38:05.408 (index):1106 WAITING_3
11:38:06.284 (index):1050 UPDATE_4
11:38:06.328 (index):1083 NODEACCESSREQUESTED_7
11:38:06.385 (index):1038 THINKING_4
11:38:06.409 (index):1106 WAITING_3
11:38:07.329 (index):1047 UPDATE_7
11:38:07.410 (index):1106 WAITING_3
11:38:07.430 (index):1117 END_7
11:38:08.411 (index):1106 WAITING_3
11:38:09.152 (index):1050 UPDATE_4
11:38:09.253 (index):1026 ATTRIBUTEACCESSRELEASED_4
11:38:09.412 (index):1050 UPDATE_3
11:38:09.513 (index):1038 THINKING_3
11:38:10.254 (index):1083 NODEACCESSREQUESTED_4
11:38:11.255 (index):1047 UPDATE_4
11:38:11.356 (index):1022 NODEACCESSRELEASED_4
11:38:11.851 (index):1050 UPDATE_3
11:38:11.953 (index):1026 ATTRIBUTEACCESSRELEASED_3
11:38:12.357 (index):1083 NODEACCESSREQUESTED_4
11:38:12.953 (index):1083 NODEACCESSREQUESTED_3
11:38:13.359 (index):1047 UPDATE_4
11:38:13.460 (index):1038 THINKING_4
11:38:13.955 (index):1047 UPDATE_3
11:38:14.056 (index):1117 END_3
11:38:17.850 (index):1047 UPDATE_4
11:38:17.951 (index):1117 END_4
