11:31:34.566 (index):1219 Tasks: 25; Collaborators: 5    =========================>
11:31:34.567 (index):1077 ATTRIBUTEACCESSREQUESTED_0
11:31:34.567 (index):1083 NODEACCESSREQUESTED_1
11:31:34.568 (index):1083 NODEACCESSREQUESTED_2
11:31:34.569 (index):1077 ATTRIBUTEACCESSREQUESTED_3
11:31:34.570 (index):1077 ATTRIBUTEACCESSREQUESTED_4
11:31:35.568 (index):1038 THINKING_0
11:31:35.569 (index):1038 THINKING_1
11:31:35.570 (index):1022 NODEACCESSRELEASED_2
11:31:35.571 (index):1106 WAITING_3
11:31:35.572 (index):1026 ATTRIBUTEACCESSRELEASED_4
11:31:36.571 (index):1083 NODEACCESSREQUESTED_2
11:31:36.572 (index):1106 WAITING_3
11:31:36.573 (index):1077 ATTRIBUTEACCESSREQUESTED_4
11:31:37.572 (index):1047 UPDATE_2
11:31:37.573 (index):1106 WAITING_3
11:31:37.574 (index):1050 UPDATE_4
11:31:37.674 (index):1022 NODEACCESSRELEASED_2
11:31:37.675 (index):1026 ATTRIBUTEACCESSRELEASED_4
11:31:38.515 (index):1047 UPDATE_1
11:31:38.574 (index):1106 WAITING_3
11:31:38.616 (index):1022 NODEACCESSRELEASED_1
11:31:38.675 (index):1083 NODEACCESSREQUESTED_2
11:31:38.676 (index):1083 NODEACCESSREQUESTED_4
11:31:39.575 (index):1106 WAITING_3
11:31:39.617 (index):1083 NODEACCESSREQUESTED_1
11:31:39.676 (index):1047 UPDATE_2
11:31:39.678 (index):1047 UPDATE_4
11:31:39.778 (index):1022 NODEACCESSRELEASED_2
11:31:39.779 (index):1022 NODEACCESSRELEASED_4
11:31:39.917 (index):1050 UPDATE_0
11:31:40.018 (index):1026 ATTRIBUTEACCESSRELEASED_0
11:31:40.577 (index):1026 ATTRIBUTEACCESSRELEASED_3
11:31:40.618 (index):1047 UPDATE_1
11:31:40.720 (index):1038 THINKING_1
11:31:40.779 (index):1077 ATTRIBUTEACCESSREQUESTED_2
11:31:40.780 (index):1077 ATTRIBUTEACCESSREQUESTED_4
11:31:41.019 (index):1077 ATTRIBUTEACCESSREQUESTED_0
11:31:41.578 (index):1077 ATTRIBUTEACCESSREQUESTED_3
11:31:41.780 (index):1050 UPDATE_2
11:31:41.782 (index):1050 UPDATE_4
11:31:41.882 (index):1038 THINKING_2
11:31:41.883 (index):1026 ATTRIBUTEACCESSRELEASED_4
11:31:42.020 (index):1050 UPDATE_0
11:31:42.122 (index):1026 ATTRIBUTEACCESSRELEASED_0
11:31:42.579 (index):1050 UPDATE_3
11:31:42.681 (index):1026 ATTRIBUTEACCESSRELEASED_3
11:31:42.884 (index):1083 NODEACCESSREQUESTED_4
11:31:43.123 (index):1083 NODEACCESSREQUESTED_0
11:31:43.682 (index):1083 NODEACCESSREQUESTED_3
11:31:43.885 (index):1047 UPDATE_4
11:31:43.986 (index):1022 NODEACCESSRELEASED_4
11:31:44.124 (index):1047 UPDATE_0
11:31:44.226 (index):1038 THINKING_0
11:31:44.269 (index):1047 UPDATE_1
11:31:44.370 (index):1038 THINKING_1
11:31:44.601 (index):1050 UPDATE_2
11:31:44.683 (index):1047 UPDATE_3
11:31:44.702 (index):1026 ATTRIBUTEACCESSRELEASED_2
11:31:44.784 (index):1038 THINKING_3
11:31:44.987 (index):1077 ATTRIBUTEACCESSREQUESTED_4
11:31:45.703 (index):1077 ATTRIBUTEACCESSREQUESTED_2
11:31:45.989 (index):1050 UPDATE_4
11:31:46.090 (index):1038 THINKING_4
11:31:46.705 (index):1050 UPDATE_2
11:31:46.797 (index):1047 UPDATE_0
11:31:46.806 (index):1026 ATTRIBUTEACCESSRELEASED_2
11:31:46.898 (index):1038 THINKING_0
11:31:47.807 (index):1083 NODEACCESSREQUESTED_2
11:31:48.528 (index):1050 UPDATE_4
11:31:48.630 (index):1026 ATTRIBUTEACCESSRELEASED_4
11:31:48.764 (index):1047 UPDATE_1
11:31:48.808 (index):1047 UPDATE_2
11:31:48.865 (index):1022 NODEACCESSRELEASED_1
11:31:48.901 (index):1047 UPDATE_3
11:31:48.910 (index):1038 THINKING_2
11:31:49.002 (index):1022 NODEACCESSRELEASED_3
11:31:49.631 (index):1077 ATTRIBUTEACCESSREQUESTED_4
11:31:49.866 (index):1083 NODEACCESSREQUESTED_1
11:31:50.004 (index):1077 ATTRIBUTEACCESSREQUESTED_3
11:31:50.632 (index):1050 UPDATE_4
11:31:50.734 (index):1038 THINKING_4
11:31:50.868 (index):1047 UPDATE_1
11:31:50.969 (index):1038 THINKING_1
11:31:51.005 (index):1050 UPDATE_3
11:31:51.106 (index):1026 ATTRIBUTEACCESSRELEASED_3
11:31:51.461 (index):1047 UPDATE_2
11:31:51.563 (index):1038 THINKING_2
11:31:51.840 (index):1047 UPDATE_0
11:31:51.941 (index):1022 NODEACCESSRELEASED_0
11:31:52.108 (index):1083 NODEACCESSREQUESTED_3
11:31:52.943 (index):1083 NODEACCESSREQUESTED_0
11:31:53.109 (index):1047 UPDATE_3
11:31:53.211 (index):1022 NODEACCESSRELEASED_3
11:31:53.280 (index):1047 UPDATE_1
11:31:53.382 (index):1022 NODEACCESSRELEASED_1
11:31:53.790 (index):1047 UPDATE_2
11:31:53.891 (index):1038 THINKING_2
11:31:53.944 (index):1047 UPDATE_0
11:31:54.045 (index):1038 THINKING_0
11:31:54.212 (index):1083 NODEACCESSREQUESTED_3
11:31:54.383 (index):1083 NODEACCESSREQUESTED_1
11:31:54.943 (index):1050 UPDATE_4
11:31:55.044 (index):1038 THINKING_4
11:31:55.213 (index):1047 UPDATE_3
11:31:55.314 (index):1022 NODEACCESSRELEASED_3
11:31:55.384 (index):1047 UPDATE_1
11:31:55.485 (index):1038 THINKING_1
11:31:56.201 (index):1047 UPDATE_0
11:31:56.303 (index):1022 NODEACCESSRELEASED_0
11:31:56.315 (index):1083 NODEACCESSREQUESTED_3
11:31:57.304 (index):1083 NODEACCESSREQUESTED_0
11:31:57.316 (index):1047 UPDATE_3
11:31:57.416 (index):1022 NODEACCESSRELEASED_3
11:31:58.305 (index):1047 UPDATE_0
11:31:58.406 (index):1022 NODEACCESSRELEASED_0
11:31:58.415 (index):1047 UPDATE_1
11:31:58.418 (index):1083 NODEACCESSREQUESTED_3
11:31:58.517 (index):1038 THINKING_1
11:31:58.746 (index):1047 UPDATE_2
11:31:58.847 (index):1022 NODEACCESSRELEASED_2
11:31:59.004 (index):1050 UPDATE_4
11:31:59.105 (index):1038 THINKING_4
11:31:59.408 (index):1083 NODEACCESSREQUESTED_0
11:31:59.419 (index):1047 UPDATE_3
11:31:59.520 (index):1038 THINKING_3
11:31:59.848 (index):1083 NODEACCESSREQUESTED_2
11:32:00.409 (index):1047 UPDATE_0
11:32:00.510 (index):1038 THINKING_0
11:32:00.849 (index):1047 UPDATE_2
11:32:00.951 (index):1022 NODEACCESSRELEASED_2
11:32:01.871 (index):1050 UPDATE_4
11:32:01.927 (index):1047 UPDATE_3
11:32:01.953 (index):1083 NODEACCESSREQUESTED_2
11:32:01.973 (index):1026 ATTRIBUTEACCESSRELEASED_4
11:32:02.028 (index):1022 NODEACCESSRELEASED_3
11:32:02.954 (index):1047 UPDATE_2
11:32:02.974 (index):1083 NODEACCESSREQUESTED_4
11:32:03.030 (index):1077 ATTRIBUTEACCESSREQUESTED_3
11:32:03.055 (index):1022 NODEACCESSRELEASED_2
11:32:03.127 (index):1047 UPDATE_1
11:32:03.228 (index):1038 THINKING_1
11:32:03.975 (index):1047 UPDATE_4
11:32:04.031 (index):1050 UPDATE_3
11:32:04.057 (index):1083 NODEACCESSREQUESTED_2
11:32:04.076 (index):1022 NODEACCESSRELEASED_4
11:32:04.132 (index):1026 ATTRIBUTEACCESSRELEASED_3
11:32:04.506 (index):1047 UPDATE_0
11:32:04.607 (index):1022 NODEACCESSRELEASED_0
11:32:05.058 (index):1047 UPDATE_2
11:32:05.078 (index):1083 NODEACCESSREQUESTED_4
11:32:05.134 (index):1077 ATTRIBUTEACCESSREQUESTED_3
11:32:05.159 (index):1022 NODEACCESSRELEASED_2
11:32:05.608 (index):1077 ATTRIBUTEACCESSREQUESTED_0
11:32:06.079 (index):1047 UPDATE_4
11:32:06.135 (index):1050 UPDATE_3
11:32:06.160 (index):1083 NODEACCESSREQUESTED_2
11:32:06.180 (index):1038 THINKING_4
11:32:06.236 (index):1038 THINKING_3
11:32:06.610 (index):1050 UPDATE_0
11:32:06.711 (index):1026 ATTRIBUTEACCESSRELEASED_0
11:32:07.162 (index):1047 UPDATE_2
11:32:07.263 (index):1117 END_2
11:32:07.420 (index):1047 UPDATE_1
11:32:07.522 (index):1022 NODEACCESSRELEASED_1
11:32:07.712 (index):1083 NODEACCESSREQUESTED_0
11:32:08.523 (index):1083 NODEACCESSREQUESTED_1
11:32:08.574 (index):1050 UPDATE_3
11:32:08.675 (index):1026 ATTRIBUTEACCESSRELEASED_3
11:32:08.714 (index):1047 UPDATE_0
11:32:08.815 (index):1022 NODEACCESSRELEASED_0
11:32:09.524 (index):1047 UPDATE_1
11:32:09.626 (index):1038 THINKING_1
11:32:09.677 (index):1083 NODEACCESSREQUESTED_3
11:32:09.816 (index):1083 NODEACCESSREQUESTED_0
11:32:10.570 (index):1047 UPDATE_4
11:32:10.671 (index):1117 END_4
11:32:10.678 (index):1047 UPDATE_3
11:32:10.779 (index):1117 END_3
11:32:10.817 (index):1047 UPDATE_0
11:32:10.919 (index):1117 END_0
11:32:11.804 (index):1047 UPDATE_1
11:32:11.906 (index):1022 NODEACCESSRELEASED_1
11:32:12.907 (index):1083 NODEACCESSREQUESTED_1
11:32:13.909 (index):1047 UPDATE_1
11:32:14.010 (index):1117 END_1
