11:32:14.011 (index):1232 Tasks: 25; Collaborators: 6    =========================>
11:32:14.012 (index):1077 ATTRIBUTEACCESSREQUESTED_0
11:32:14.013 (index):1083 NODEACCESSREQUESTED_1
11:32:14.014 (index):1083 NODEACCESSREQUESTED_2
11:32:14.015 (index):1077 ATTRIBUTEACCESSREQUESTED_3
11:32:14.016 (index):1077 ATTRIBUTEACCESSREQUESTED_4
11:32:14.017 (index):1083 NODEACCESSREQUESTED_5
11:32:15.013 (index):1038 THINKING_0
11:32:15.015 (index):1038 THINKING_1
11:32:15.016 (index):1022 NODEACCESSRELEASED_2
11:32:15.017 (index):1026 ATTRIBUTEACCESSRELEASED_3
11:32:15.018 (index):1026 ATTRIBUTEACCESSRELEASED_4
11:32:15.018 (index):1022 NODEACCESSRELEASED_5
11:32:16.017 (index):1083 NODEACCESSREQUESTED_2
11:32:16.018 (index):1077 ATTRIBUTEACCESSREQUESTED_3
11:32:16.019 (index):1077 ATTRIBUTEACCESSREQUESTED_4
11:32:16.020 (index):1083 NODEACCESSREQUESTED_5
11:32:17.018 (index):1047 UPDATE_2
11:32:17.020 (index):1106 WAITING_3
11:32:17.021 (index):1050 UPDATE_4
11:32:17.022 (index):1047 UPDATE_5
11:32:17.120 (index):1022 NODEACCESSRELEASED_2
11:32:17.122 (index):1026 ATTRIBUTEACCESSRELEASED_4
11:32:17.123 (index):1038 THINKING_5
11:32:17.961 (index):1047 UPDATE_1
11:32:18.021 (index):1106 WAITING_3
11:32:18.062 (index):1022 NODEACCESSRELEASED_1
11:32:18.121 (index):1083 NODEACCESSREQUESTED_2
11:32:18.123 (index):1083 NODEACCESSREQUESTED_4
11:32:19.022 (index):1106 WAITING_3
11:32:19.063 (index):1083 NODEACCESSREQUESTED_1
11:32:19.123 (index):1047 UPDATE_2
11:32:19.124 (index):1047 UPDATE_4
11:32:19.224 (index):1022 NODEACCESSRELEASED_2
11:32:19.225 (index):1022 NODEACCESSRELEASED_4
11:32:19.363 (index):1050 UPDATE_0
11:32:19.464 (index):1026 ATTRIBUTEACCESSRELEASED_0
11:32:19.538 (index):1047 UPDATE_5
11:32:19.639 (index):1022 NODEACCESSRELEASED_5
11:32:20.024 (index):1050 UPDATE_3
11:32:20.065 (index):1047 UPDATE_1
11:32:20.125 (index):1026 ATTRIBUTEACCESSRELEASED_3
11:32:20.166 (index):1038 THINKING_1
11:32:20.225 (index):1077 ATTRIBUTEACCESSREQUESTED_2
11:32:20.228 (index):1077 ATTRIBUTEACCESSREQUESTED_4
11:32:20.465 (index):1077 ATTRIBUTEACCESSREQUESTED_0
11:32:20.641 (index):1083 NODEACCESSREQUESTED_5
11:32:21.226 (index):1083 NODEACCESSREQUESTED_3
11:32:22.228 (index):1050 UPDATE_2
11:32:22.229 (index):1106 WAITING_4
11:32:22.231 (index):1050 UPDATE_0
11:32:22.232 (index):1047 UPDATE_5
11:32:23.226 (index):1047 UPDATE_3
11:32:23.227 (index):1038 THINKING_2
11:32:23.228 (index):1026 ATTRIBUTEACCESSRELEASED_0
11:32:23.228 (index):1038 THINKING_5
11:32:24.227 (index):1106 WAITING_4
11:32:24.229 (index):1038 THINKING_3
11:32:24.231 (index):1047 UPDATE_1
11:32:25.226 (index):1083 NODEACCESSREQUESTED_0
11:32:25.227 (index):1038 THINKING_1
11:32:26.229 (index):1106 WAITING_4
11:32:26.230 (index):1050 UPDATE_2
11:32:26.231 (index):1047 UPDATE_0
11:32:27.226 (index):1026 ATTRIBUTEACCESSRELEASED_2
11:32:27.227 (index):1038 THINKING_0
11:32:27.228 (index):1047 UPDATE_5
11:32:28.226 (index):1050 UPDATE_4
11:32:28.228 (index):1022 NODEACCESSRELEASED_5
11:32:29.226 (index):1077 ATTRIBUTEACCESSREQUESTED_2
11:32:29.227 (index):1026 ATTRIBUTEACCESSRELEASED_4
11:32:29.228 (index):1047 UPDATE_3
11:32:30.226 (index):1077 ATTRIBUTEACCESSREQUESTED_5
11:32:30.228 (index):1022 NODEACCESSRELEASED_3
11:32:30.229 (index):1047 UPDATE_1
11:32:30.231 (index):1047 UPDATE_0
11:32:31.226 (index):1050 UPDATE_2
11:32:31.228 (index):1083 NODEACCESSREQUESTED_4
11:32:31.230 (index):1022 NODEACCESSRELEASED_1
11:32:31.231 (index):1038 THINKING_0
11:32:32.226 (index):1050 UPDATE_5
11:32:32.228 (index):1077 ATTRIBUTEACCESSREQUESTED_3
11:32:32.231 (index):1026 ATTRIBUTEACCESSRELEASED_2
11:32:33.226 (index):1047 UPDATE_4
11:32:33.228 (index):1083 NODEACCESSREQUESTED_1
11:32:33.230 (index):1038 THINKING_5
11:32:34.226 (index):1050 UPDATE_3
11:32:34.227 (index):1083 NODEACCESSREQUESTED_2
11:32:34.228 (index):1022 NODEACCESSRELEASED_4
11:32:35.226 (index):1047 UPDATE_1
11:32:35.228 (index):1026 ATTRIBUTEACCESSRELEASED_3
11:32:36.226 (index):1047 UPDATE_2
11:32:36.227 (index):1077 ATTRIBUTEACCESSREQUESTED_4
11:32:36.227 (index):1038 THINKING_1
11:32:36.228 (index):1047 UPDATE_0
11:32:37.226 (index):1083 NODEACCESSREQUESTED_3
11:32:37.227 (index):1038 THINKING_2
11:32:37.228 (index):1022 NODEACCESSRELEASED_0
11:32:38.226 (index):1050 UPDATE_4
11:32:38.227 (index):1050 UPDATE_5
11:32:39.230 (index):1047 UPDATE_3
11:32:39.231 (index):1083 NODEACCESSREQUESTED_0
11:32:39.233 (index):1038 THINKING_4
11:32:39.234 (index):1038 THINKING_5
11:32:39.234 (index):1047 UPDATE_1
11:32:40.226 (index):1022 NODEACCESSRELEASED_3
11:32:40.228 (index):1022 NODEACCESSRELEASED_1
11:32:40.229 (index):1047 UPDATE_2
11:32:41.226 (index):1047 UPDATE_0
11:32:41.228 (index):1038 THINKING_2
11:32:41.789 (index):1083 NODEACCESSREQUESTED_3
11:32:41.790 (index):1083 NODEACCESSREQUESTED_1
11:32:41.791 (index):1050 UPDATE_5
11:32:41.792 (index):1038 THINKING_0
11:32:41.792 (index):1050 UPDATE_4
11:32:41.892 (index):1026 ATTRIBUTEACCESSRELEASED_5
11:32:41.893 (index):1026 ATTRIBUTEACCESSRELEASED_4
11:32:42.790 (index):1047 UPDATE_3
11:32:42.791 (index):1047 UPDATE_1
11:32:42.892 (index):1022 NODEACCESSRELEASED_3
11:32:42.893 (index):1038 THINKING_1
11:32:42.893 (index):1083 NODEACCESSREQUESTED_5
11:32:42.894 (index):1077 ATTRIBUTEACCESSREQUESTED_4
11:32:43.455 (index):1047 UPDATE_2
11:32:43.557 (index):1038 THINKING_2
11:32:43.893 (index):1083 NODEACCESSREQUESTED_3
11:32:43.894 (index):1047 UPDATE_5
11:32:43.896 (index):1050 UPDATE_4
11:32:43.947 (index):1047 UPDATE_0
11:32:43.995 (index):1038 THINKING_5
11:32:43.997 (index):1038 THINKING_4
11:32:44.049 (index):1022 NODEACCESSRELEASED_0
11:32:44.894 (index):1047 UPDATE_3
11:32:44.995 (index):1022 NODEACCESSRELEASED_3
11:32:45.050 (index):1083 NODEACCESSREQUESTED_0
11:32:45.822 (index):1047 UPDATE_1
11:32:45.923 (index):1038 THINKING_1
11:32:45.997 (index):1083 NODEACCESSREQUESTED_3
11:32:46.051 (index):1047 UPDATE_0
11:32:46.153 (index):1022 NODEACCESSRELEASED_0
11:32:46.997 (index):1047 UPDATE_3
11:32:47.099 (index):1038 THINKING_3
11:32:47.154 (index):1083 NODEACCESSREQUESTED_0
11:32:48.155 (index):1047 UPDATE_0
11:32:48.206 (index):1050 UPDATE_4
11:32:48.256 (index):1038 THINKING_0
11:32:48.307 (index):1038 THINKING_4
11:32:48.412 (index):1047 UPDATE_2
11:32:48.513 (index):1022 NODEACCESSRELEASED_2
11:32:48.931 (index):1047 UPDATE_5
11:32:49.032 (index):1022 NODEACCESSRELEASED_5
11:32:49.516 (index):1047 UPDATE_3
11:32:49.517 (index):1083 NODEACCESSREQUESTED_2
11:32:49.617 (index):1022 NODEACCESSRELEASED_3
11:32:50.041 (index):1083 NODEACCESSREQUESTED_5
11:32:50.517 (index):1047 UPDATE_2
11:32:50.533 (index):1047 UPDATE_1
11:32:50.618 (index):1077 ATTRIBUTEACCESSREQUESTED_3
11:32:50.619 (index):1022 NODEACCESSRELEASED_2
11:32:50.635 (index):1038 THINKING_1
11:32:51.048 (index):1047 UPDATE_5
11:32:51.149 (index):1022 NODEACCESSRELEASED_5
11:32:51.806 (index):1050 UPDATE_3
11:32:51.807 (index):1083 NODEACCESSREQUESTED_2
11:32:52.158 (index):1026 ATTRIBUTEACCESSRELEASED_3
11:32:52.158 (index):1083 NODEACCESSREQUESTED_5
11:32:52.430 (index):1047 UPDATE_0
11:32:52.431 (index):1050 UPDATE_4
11:32:52.711 (index):1022 NODEACCESSRELEASED_0
11:32:52.712 (index):1038 THINKING_4
11:32:52.808 (index):1047 UPDATE_2
11:32:52.908 (index):1022 NODEACCESSRELEASED_2
11:32:53.159 (index):1077 ATTRIBUTEACCESSREQUESTED_3
11:32:53.159 (index):1047 UPDATE_5
11:32:53.260 (index):1022 NODEACCESSRELEASED_5
11:32:53.712 (index):1077 ATTRIBUTEACCESSREQUESTED_0
11:32:53.909 (index):1083 NODEACCESSREQUESTED_2
11:32:54.169 (index):1106 WAITING_3
11:32:54.265 (index):1083 NODEACCESSREQUESTED_5
11:32:54.713 (index):1050 UPDATE_0
11:32:54.814 (index):1026 ATTRIBUTEACCESSRELEASED_0
11:32:54.827 (index):1047 UPDATE_1
11:32:54.911 (index):1047 UPDATE_2
11:32:54.928 (index):1022 NODEACCESSRELEASED_1
11:32:55.012 (index):1022 NODEACCESSRELEASED_2
11:32:55.170 (index):1106 WAITING_3
11:32:55.266 (index):1047 UPDATE_5
11:32:55.367 (index):1022 NODEACCESSRELEASED_5
11:32:55.477 (index):1050 UPDATE_4
11:32:55.579 (index):1026 ATTRIBUTEACCESSRELEASED_4
11:32:55.816 (index):1083 NODEACCESSREQUESTED_0
11:32:55.929 (index):1083 NODEACCESSREQUESTED_1
11:32:56.013 (index):1083 NODEACCESSREQUESTED_2
11:32:56.172 (index):1050 UPDATE_3
11:32:56.273 (index):1038 THINKING_3
11:32:56.369 (index):1083 NODEACCESSREQUESTED_5
11:32:56.580 (index):1083 NODEACCESSREQUESTED_4
11:32:56.817 (index):1047 UPDATE_0
11:32:56.918 (index):1022 NODEACCESSRELEASED_0
11:32:56.931 (index):1047 UPDATE_1
11:32:57.015 (index):1047 UPDATE_2
11:32:57.032 (index):1038 THINKING_1
11:32:57.116 (index):1117 END_2
11:32:57.370 (index):1047 UPDATE_5
11:32:57.471 (index):1117 END_5
11:32:57.581 (index):1047 UPDATE_4
11:32:57.683 (index):1022 NODEACCESSRELEASED_4
11:32:57.920 (index):1083 NODEACCESSREQUESTED_0
11:32:58.611 (index):1050 UPDATE_3
11:32:58.684 (index):1083 NODEACCESSREQUESTED_4
11:32:58.713 (index):1026 ATTRIBUTEACCESSRELEASED_3
11:32:58.921 (index):1047 UPDATE_0
11:32:59.022 (index):1117 END_0
11:32:59.210 (index):1047 UPDATE_1
11:32:59.311 (index):1022 NODEACCESSRELEASED_1
11:32:59.685 (index):1047 UPDATE_4
11:32:59.714 (index):1083 NODEACCESSREQUESTED_3
11:32:59.786 (index):1038 THINKING_4
11:33:00.312 (index):1083 NODEACCESSREQUESTED_1
11:33:00.715 (index):1047 UPDATE_3
11:33:00.816 (index):1117 END_3
11:33:01.313 (index):1047 UPDATE_1
11:33:01.414 (index):1117 END_1
11:33:04.176 (index):1047 UPDATE_4
11:33:04.277 (index):1117 END_4
