11:46:06.198 (index):1583 Tasks: 25; Collaborators: 19    =========================>
11:46:06.199 (index):1077 ATTRIBUTEACCESSREQUESTED_0
11:46:06.200 (index):1083 NODEACCESSREQUESTED_1
11:46:06.201 (index):1083 NODEACCESSREQUESTED_2
11:46:06.203 (index):1077 ATTRIBUTEACCESSREQUESTED_3
11:46:06.204 (index):1077 ATTRIBUTEACCESSREQUESTED_4
11:46:06.206 (index):1083 NODEACCESSREQUESTED_5
11:46:06.207 (index):1083 NODEACCESSREQUESTED_6
11:46:06.208 (index):1077 ATTRIBUTEACCESSREQUESTED_7
11:46:06.210 (index):1083 NODEACCESSREQUESTED_8
11:46:06.211 (index):1083 NODEACCESSREQUESTED_9
11:46:06.211 (index):1083 NODEACCESSREQUESTED_10
11:46:06.212 (index):1083 NODEACCESSREQUESTED_11
11:46:06.213 (index):1083 NODEACCESSREQUESTED_12
11:46:06.213 (index):1083 NODEACCESSREQUESTED_13
11:46:06.214 (index):1083 NODEACCESSREQUESTED_14
11:46:06.215 (index):1083 NODEACCESSREQUESTED_15
11:46:06.216 (index):1083 NODEACCESSREQUESTED_16
11:46:06.216 (index):1083 NODEACCESSREQUESTED_17
11:46:06.217 (index):1077 ATTRIBUTEACCESSREQUESTED_18
11:46:07.200 (index):1038 THINKING_0
11:46:07.202 (index):1038 THINKING_1
11:46:07.203 (index):1022 NODEACCESSRELEASED_2
11:46:07.205 (index):1026 ATTRIBUTEACCESSRELEASED_3
11:46:07.206 (index):1026 ATTRIBUTEACCESSRELEASED_4
11:46:07.207 (index):1022 NODEACCESSRELEASED_5
11:46:07.208 (index):1038 THINKING_6
11:46:07.210 (index):1026 ATTRIBUTEACCESSRELEASED_7
11:46:07.211 (index):1038 THINKING_8
11:46:07.212 (index):1022 NODEACCESSRELEASED_9
11:46:07.212 (index):1022 NODEACCESSRELEASED_10
11:46:07.213 (index):1038 THINKING_11
11:46:07.214 (index):1022 NODEACCESSRELEASED_12
11:46:07.215 (index):1038 THINKING_13
11:46:07.216 (index):1106 WAITING_14
11:46:07.216 (index):1106 WAITING_15
11:46:07.217 (index):1106 WAITING_16
11:46:07.218 (index):1106 WAITING_17
11:46:07.218 (index):1038 THINKING_18
11:46:08.205 (index):1083 NODEACCESSREQUESTED_2
11:46:08.206 (index):1077 ATTRIBUTEACCESSREQUESTED_3
11:46:08.207 (index):1077 ATTRIBUTEACCESSREQUESTED_4
11:46:08.208 (index):1083 NODEACCESSREQUESTED_5
11:46:08.211 (index):1077 ATTRIBUTEACCESSREQUESTED_7
11:46:08.213 (index):1083 NODEACCESSREQUESTED_9
11:46:08.214 (index):1083 NODEACCESSREQUESTED_10
11:46:08.215 (index):1083 NODEACCESSREQUESTED_12
11:46:08.216 (index):1106 WAITING_14
11:46:08.217 (index):1106 WAITING_15
11:46:08.218 (index):1106 WAITING_16
11:46:08.218 (index):1106 WAITING_17
11:46:09.206 (index):1047 UPDATE_2
11:46:09.207 (index):1106 WAITING_3
11:46:09.208 (index):1106 WAITING_4
11:46:09.209 (index):1047 UPDATE_5
11:46:09.212 (index):1050 UPDATE_7
11:46:09.214 (index):1047 UPDATE_9
11:46:09.214 (index):1047 UPDATE_10
11:46:09.215 (index):1047 UPDATE_12
11:46:09.217 (index):1106 WAITING_14
11:46:09.218 (index):1106 WAITING_15
11:46:09.219 (index):1106 WAITING_16
11:46:09.220 (index):1106 WAITING_17
11:46:09.237 (index):1047 UPDATE_8
11:46:09.307 (index):1022 NODEACCESSRELEASED_2
11:46:09.310 (index):1038 THINKING_5
11:46:09.313 (index):1026 ATTRIBUTEACCESSRELEASED_7
11:46:09.314 (index):1038 THINKING_9
11:46:09.315 (index):1038 THINKING_10
11:46:09.316 (index):1022 NODEACCESSRELEASED_12
11:46:09.337 (index):1038 THINKING_8
11:46:09.675 (index):1047 UPDATE_11
11:46:09.776 (index):1038 THINKING_11
11:46:09.926 (index):1047 UPDATE_6
11:46:10.028 (index):1022 NODEACCESSRELEASED_6
11:46:10.148 (index):1047 UPDATE_1
11:46:10.208 (index):1106 WAITING_3
11:46:10.210 (index):1106 WAITING_4
11:46:10.218 (index):1106 WAITING_14
11:46:10.219 (index):1106 WAITING_15
11:46:10.220 (index):1106 WAITING_16
11:46:10.221 (index):1106 WAITING_17
11:46:10.249 (index):1022 NODEACCESSRELEASED_1
11:46:10.308 (index):1083 NODEACCESSREQUESTED_2
11:46:10.314 (index):1083 NODEACCESSREQUESTED_7
11:46:10.317 (index):1083 NODEACCESSREQUESTED_12
11:46:11.029 (index):1077 ATTRIBUTEACCESSREQUESTED_6
11:46:11.210 (index):1106 WAITING_3
11:46:11.211 (index):1106 WAITING_4
11:46:11.219 (index):1106 WAITING_14
11:46:11.220 (index):1106 WAITING_15
11:46:11.221 (index):1106 WAITING_16
11:46:11.222 (index):1106 WAITING_17
11:46:11.251 (index):1083 NODEACCESSREQUESTED_1
11:46:11.267 (index):1050 UPDATE_18
11:46:11.309 (index):1047 UPDATE_2
11:46:11.315 (index):1047 UPDATE_7
11:46:11.318 (index):1047 UPDATE_12
11:46:11.367 (index):1047 UPDATE_10
11:46:11.368 (index):1038 THINKING_18
11:46:11.410 (index):1022 NODEACCESSRELEASED_2
11:46:11.416 (index):1022 NODEACCESSRELEASED_7
11:46:11.419 (index):1022 NODEACCESSRELEASED_12
11:46:11.469 (index):1022 NODEACCESSRELEASED_10
11:46:11.490 (index):1047 UPDATE_13
11:46:11.549 (index):1050 UPDATE_0
11:46:11.591 (index):1022 NODEACCESSRELEASED_13
11:46:11.651 (index):1026 ATTRIBUTEACCESSRELEASED_0
11:46:11.725 (index):1047 UPDATE_5
11:46:11.825 (index):1022 NODEACCESSRELEASED_5
11:46:12.031 (index):1050 UPDATE_6
11:46:12.132 (index):1026 ATTRIBUTEACCESSRELEASED_6
11:46:12.211 (index):1050 UPDATE_3
11:46:12.212 (index):1106 WAITING_4
11:46:12.220 (index):1106 WAITING_14
11:46:12.221 (index):1106 WAITING_15
11:46:12.222 (index):1106 WAITING_16
11:46:12.224 (index):1106 WAITING_17
11:46:12.252 (index):1047 UPDATE_1
11:46:12.312 (index):1026 ATTRIBUTEACCESSRELEASED_3
11:46:12.353 (index):1038 THINKING_1
11:46:12.412 (index):1077 ATTRIBUTEACCESSREQUESTED_2
11:46:12.417 (index):1083 NODEACCESSREQUESTED_7
11:46:12.420 (index):1077 ATTRIBUTEACCESSREQUESTED_12
11:46:12.470 (index):1083 NODEACCESSREQUESTED_10
11:46:12.592 (index):1077 ATTRIBUTEACCESSREQUESTED_13
11:46:12.652 (index):1077 ATTRIBUTEACCESSREQUESTED_0
11:46:12.827 (index):1083 NODEACCESSREQUESTED_5
11:46:13.073 (index):1047 UPDATE_11
11:46:13.133 (index):1083 NODEACCESSREQUESTED_6
11:46:13.174 (index):1022 NODEACCESSRELEASED_11
11:46:13.213 (index):1050 UPDATE_4
11:46:13.221 (index):1106 WAITING_14
11:46:13.222 (index):1106 WAITING_15
11:46:13.223 (index):1106 WAITING_16
11:46:13.224 (index):1106 WAITING_17
11:46:13.312 (index):1083 NODEACCESSREQUESTED_3
11:46:13.314 (index):1026 ATTRIBUTEACCESSRELEASED_4
11:46:13.413 (index):1050 UPDATE_2
11:46:13.419 (index):1047 UPDATE_7
11:46:13.421 (index):1050 UPDATE_12
11:46:13.471 (index):1047 UPDATE_10
11:46:13.514 (index):1038 THINKING_2
11:46:13.520 (index):1038 THINKING_7
11:46:13.522 (index):1038 THINKING_12
11:46:13.563 (index):1050 UPDATE_18
11:46:13.573 (index):1038 THINKING_10
11:46:13.593 (index):1106 WAITING_13
11:46:13.652 (index):1106 WAITING_0
11:46:13.664 (index):1026 ATTRIBUTEACCESSRELEASED_18
11:46:13.778 (index):1047 UPDATE_8
11:46:13.826 (index):1047 UPDATE_9
11:46:13.828 (index):1047 UPDATE_5
11:46:13.880 (index):1022 NODEACCESSRELEASED_8
11:46:13.927 (index):1038 THINKING_9
11:46:13.929 (index):1038 THINKING_5
11:46:14.135 (index):1047 UPDATE_6
11:46:14.175 (index):1083 NODEACCESSREQUESTED_11
11:46:14.222 (index):1106 WAITING_14
11:46:14.223 (index):1106 WAITING_15
11:46:14.224 (index):1106 WAITING_16
11:46:14.225 (index):1106 WAITING_17
11:46:14.236 (index):1022 NODEACCESSRELEASED_6
11:46:14.314 (index):1047 UPDATE_3
11:46:14.315 (index):1083 NODEACCESSREQUESTED_4
11:46:14.415 (index):1038 THINKING_3
11:46:14.595 (index):1106 WAITING_13
11:46:14.654 (index):1106 WAITING_0
11:46:14.665 (index):1083 NODEACCESSREQUESTED_18
11:46:14.881 (index):1077 ATTRIBUTEACCESSREQUESTED_8
11:46:15.177 (index):1047 UPDATE_11
11:46:15.223 (index):1106 WAITING_14
11:46:15.225 (index):1106 WAITING_15
11:46:15.226 (index):1106 WAITING_16
11:46:15.227 (index):1106 WAITING_17
11:46:15.238 (index):1083 NODEACCESSREQUESTED_6
11:46:15.278 (index):1022 NODEACCESSRELEASED_11
11:46:15.316 (index):1047 UPDATE_4
11:46:15.417 (index):1022 NODEACCESSRELEASED_4
11:46:15.596 (index):1106 WAITING_13
11:46:15.655 (index):1106 WAITING_0
11:46:15.666 (index):1047 UPDATE_18
11:46:15.692 (index):1047 UPDATE_7
11:46:15.767 (index):1022 NODEACCESSRELEASED_18
11:46:15.793 (index):1022 NODEACCESSRELEASED_7
11:46:15.882 (index):1106 WAITING_8
11:46:15.903 (index):1047 UPDATE_1
11:46:16.004 (index):1038 THINKING_1
11:46:16.225 (index):1106 WAITING_14
11:46:16.226 (index):1106 WAITING_15
11:46:16.227 (index):1106 WAITING_16
11:46:16.228 (index):1106 WAITING_17
11:46:16.234 (index):1050 UPDATE_2
11:46:16.239 (index):1047 UPDATE_6
11:46:16.280 (index):1083 NODEACCESSREQUESTED_11
11:46:16.333 (index):1047 UPDATE_9
11:46:16.335 (index):1026 ATTRIBUTEACCESSRELEASED_2
11:46:16.340 (index):1022 NODEACCESSRELEASED_6
11:46:16.418 (index):1077 ATTRIBUTEACCESSREQUESTED_4
11:46:16.434 (index):1022 NODEACCESSRELEASED_9
11:46:16.550 (index):1047 UPDATE_10
11:46:16.597 (index):1106 WAITING_13
11:46:16.651 (index):1022 NODEACCESSRELEASED_10
11:46:16.656 (index):1106 WAITING_0
11:46:16.769 (index):1077 ATTRIBUTEACCESSREQUESTED_18
11:46:16.794 (index):1077 ATTRIBUTEACCESSREQUESTED_7
11:46:16.884 (index):1050 UPDATE_8
11:46:16.985 (index):1038 THINKING_8
11:46:17.068 (index):1047 UPDATE_5
11:46:17.170 (index):1022 NODEACCESSRELEASED_5
11:46:17.226 (index):1106 WAITING_14
11:46:17.227 (index):1106 WAITING_15
11:46:17.228 (index):1106 WAITING_16
11:46:17.229 (index):1106 WAITING_17
11:46:17.281 (index):1047 UPDATE_11
11:46:17.336 (index):1077 ATTRIBUTEACCESSREQUESTED_2
11:46:17.341 (index):1083 NODEACCESSREQUESTED_6
11:46:17.382 (index):1022 NODEACCESSRELEASED_11
11:46:17.419 (index):1050 UPDATE_4
11:46:17.436 (index):1077 ATTRIBUTEACCESSREQUESTED_9
11:46:17.521 (index):1026 ATTRIBUTEACCESSRELEASED_4
11:46:17.599 (index):1106 WAITING_13
11:46:17.652 (index):1083 NODEACCESSREQUESTED_10
11:46:17.657 (index):1106 WAITING_0
11:46:17.769 (index):1050 UPDATE_18
11:46:17.795 (index):1106 WAITING_7
11:46:17.871 (index):1038 THINKING_18
11:46:18.171 (index):1077 ATTRIBUTEACCESSREQUESTED_5
11:46:18.181 (index):1050 UPDATE_12
11:46:18.227 (index):1106 WAITING_14
11:46:18.228 (index):1106 WAITING_15
11:46:18.228 (index):1106 WAITING_16
11:46:18.230 (index):1106 WAITING_17
11:46:18.283 (index):1026 ATTRIBUTEACCESSRELEASED_12
11:46:18.337 (index):1106 WAITING_2
11:46:18.342 (index):1047 UPDATE_6
11:46:18.384 (index):1083 NODEACCESSREQUESTED_11
11:46:18.437 (index):1050 UPDATE_9
11:46:18.443 (index):1022 NODEACCESSRELEASED_6
11:46:18.522 (index):1083 NODEACCESSREQUESTED_4
11:46:18.532 (index):1047 UPDATE_3
11:46:18.539 (index):1026 ATTRIBUTEACCESSRELEASED_9
11:46:18.600 (index):1050 UPDATE_13
11:46:18.633 (index):1022 NODEACCESSRELEASED_3
11:46:18.654 (index):1047 UPDATE_10
11:46:18.658 (index):1106 WAITING_0
11:46:18.701 (index):1026 ATTRIBUTEACCESSRELEASED_13
11:46:18.755 (index):1038 THINKING_10
11:46:18.796 (index):1106 WAITING_7
11:46:19.173 (index):1050 UPDATE_5
11:46:19.228 (index):1106 WAITING_14
11:46:19.229 (index):1106 WAITING_15
11:46:19.230 (index):1106 WAITING_16
11:46:19.231 (index):1106 WAITING_17
11:46:19.274 (index):1038 THINKING_5
11:46:19.284 (index):1077 ATTRIBUTEACCESSREQUESTED_12
11:46:19.339 (index):1106 WAITING_2
11:46:19.385 (index):1047 UPDATE_11
11:46:19.444 (index):1077 ATTRIBUTEACCESSREQUESTED_6
11:46:19.486 (index):1038 THINKING_11
11:46:19.523 (index):1047 UPDATE_4
11:46:19.540 (index):1077 ATTRIBUTEACCESSREQUESTED_9
11:46:19.624 (index):1022 NODEACCESSRELEASED_4
11:46:19.634 (index):1077 ATTRIBUTEACCESSREQUESTED_3
11:46:19.659 (index):1050 UPDATE_0
11:46:19.702 (index):1077 ATTRIBUTEACCESSREQUESTED_13
11:46:19.761 (index):1026 ATTRIBUTEACCESSRELEASED_0
11:46:19.797 (index):1106 WAITING_7
11:46:20.229 (index):1106 WAITING_14
11:46:20.230 (index):1106 WAITING_15
11:46:20.231 (index):1106 WAITING_16
11:46:20.232 (index):1106 WAITING_17
11:46:20.285 (index):1106 WAITING_12
11:46:20.340 (index):1106 WAITING_2
11:46:20.397 (index):1047 UPDATE_1
11:46:20.445 (index):1050 UPDATE_6
11:46:20.498 (index):1022 NODEACCESSRELEASED_1
11:46:20.541 (index):1106 WAITING_9
11:46:20.547 (index):1038 THINKING_6
11:46:20.625 (index):1077 ATTRIBUTEACCESSREQUESTED_4
11:46:20.635 (index):1106 WAITING_3
11:46:20.704 (index):1050 UPDATE_13
11:46:20.762 (index):1083 NODEACCESSREQUESTED_0
11:46:20.799 (index):1106 WAITING_7
11:46:20.805 (index):1026 ATTRIBUTEACCESSRELEASED_13
11:46:21.231 (index):1106 WAITING_14
11:46:21.231 (index):1106 WAITING_15
11:46:21.232 (index):1106 WAITING_16
11:46:21.233 (index):1106 WAITING_17
11:46:21.286 (index):1106 WAITING_12
11:46:21.340 (index):1106 WAITING_2
11:46:21.499 (index):1083 NODEACCESSREQUESTED_1
11:46:21.508 (index):1050 UPDATE_8
11:46:21.542 (index):1106 WAITING_9
11:46:21.609 (index):1026 ATTRIBUTEACCESSRELEASED_8
11:46:21.626 (index):1106 WAITING_4
11:46:21.635 (index):1106 WAITING_3
11:46:21.763 (index):1047 UPDATE_0
11:46:21.799 (index):1050 UPDATE_7
11:46:21.805 (index):1077 ATTRIBUTEACCESSREQUESTED_13
11:46:21.864 (index):1038 THINKING_0
11:46:21.901 (index):1038 THINKING_7
11:46:22.231 (index):1106 WAITING_14
11:46:22.233 (index):1106 WAITING_15
11:46:22.234 (index):1106 WAITING_16
11:46:22.234 (index):1106 WAITING_17
11:46:22.287 (index):1106 WAITING_12
11:46:22.341 (index):1106 WAITING_2
11:46:22.500 (index):1047 UPDATE_1
11:46:22.543 (index):1106 WAITING_9
11:46:22.558 (index):1050 UPDATE_18
11:46:22.602 (index):1038 THINKING_1
11:46:22.610 (index):1077 ATTRIBUTEACCESSREQUESTED_8
11:46:22.627 (index):1106 WAITING_4
11:46:22.636 (index):1106 WAITING_3
11:46:22.659 (index):1038 THINKING_18
11:46:22.807 (index):1050 UPDATE_13
11:46:22.818 (index):1050 UPDATE_6
11:46:22.908 (index):1026 ATTRIBUTEACCESSRELEASED_13
11:46:22.919 (index):1038 THINKING_6
11:46:23.233 (index):1106 WAITING_14
11:46:23.234 (index):1106 WAITING_15
11:46:23.235 (index):1106 WAITING_16
11:46:23.236 (index):1106 WAITING_17
11:46:23.288 (index):1106 WAITING_12
11:46:23.343 (index):1106 WAITING_2
11:46:23.419 (index):1047 UPDATE_10
11:46:23.521 (index):1022 NODEACCESSRELEASED_10
11:46:23.544 (index):1106 WAITING_9
11:46:23.611 (index):1106 WAITING_8
11:46:23.628 (index):1106 WAITING_4
11:46:23.638 (index):1106 WAITING_3
11:46:23.765 (index):1047 UPDATE_11
11:46:23.856 (index):1050 UPDATE_5
11:46:23.866 (index):1022 NODEACCESSRELEASED_11
11:46:23.909 (index):1083 NODEACCESSREQUESTED_13
11:46:23.957 (index):1038 THINKING_5
11:46:24.235 (index):1106 WAITING_14
11:46:24.236 (index):1106 WAITING_15
11:46:24.237 (index):1106 WAITING_16
11:46:24.237 (index):1106 WAITING_17
11:46:24.290 (index):1106 WAITING_12
11:46:24.344 (index):1106 WAITING_2
11:46:24.434 (index):1047 UPDATE_0
11:46:24.522 (index):1083 NODEACCESSREQUESTED_10
11:46:24.536 (index):1038 THINKING_0
11:46:24.546 (index):1106 WAITING_9
11:46:24.612 (index):1106 WAITING_8
11:46:24.630 (index):1106 WAITING_4
11:46:24.639 (index):1106 WAITING_3
11:46:24.867 (index):1077 ATTRIBUTEACCESSREQUESTED_11
11:46:24.911 (index):1047 UPDATE_13
11:46:24.912 (index):1047 UPDATE_1
11:46:25.012 (index):1022 NODEACCESSRELEASED_13
11:46:25.014 (index):1022 NODEACCESSRELEASED_1
11:46:25.236 (index):1106 WAITING_14
11:46:25.237 (index):1106 WAITING_15
11:46:25.238 (index):1106 WAITING_16
11:46:25.238 (index):1106 WAITING_17
11:46:25.291 (index):1106 WAITING_12
11:46:25.345 (index):1106 WAITING_2
11:46:25.523 (index):1047 UPDATE_10
11:46:25.547 (index):1106 WAITING_9
11:46:25.613 (index):1106 WAITING_8
11:46:25.625 (index):1038 THINKING_10
11:46:25.631 (index):1106 WAITING_4
11:46:25.640 (index):1106 WAITING_3
11:46:25.868 (index):1106 WAITING_11
11:46:25.873 (index):1050 UPDATE_6
11:46:25.973 (index):1026 ATTRIBUTEACCESSRELEASED_6
11:46:26.000 (index):1050 UPDATE_5
11:46:26.013 (index):1077 ATTRIBUTEACCESSREQUESTED_13
11:46:26.015 (index):1083 NODEACCESSREQUESTED_1
11:46:26.101 (index):1026 ATTRIBUTEACCESSRELEASED_5
11:46:26.237 (index):1106 WAITING_14
11:46:26.238 (index):1106 WAITING_15
11:46:26.239 (index):1106 WAITING_16
11:46:26.240 (index):1106 WAITING_17
11:46:26.293 (index):1106 WAITING_12
11:46:26.347 (index):1106 WAITING_2
11:46:26.539 (index):1050 UPDATE_7
11:46:26.548 (index):1050 UPDATE_9
11:46:26.614 (index):1106 WAITING_8
11:46:26.632 (index):1106 WAITING_4
11:46:26.640 (index):1026 ATTRIBUTEACCESSRELEASED_7
11:46:26.641 (index):1106 WAITING_3
11:46:26.649 (index):1026 ATTRIBUTEACCESSRELEASED_9
11:46:26.870 (index):1106 WAITING_11
11:46:26.975 (index):1083 NODEACCESSREQUESTED_6
11:46:27.015 (index):1106 WAITING_13
11:46:27.016 (index):1047 UPDATE_1
11:46:27.103 (index):1083 NODEACCESSREQUESTED_5
11:46:27.117 (index):1038 THINKING_1
11:46:27.238 (index):1106 WAITING_14
11:46:27.240 (index):1106 WAITING_15
11:46:27.241 (index):1106 WAITING_16
11:46:27.241 (index):1106 WAITING_17
11:46:27.246 (index):1050 UPDATE_18
11:46:27.294 (index):1106 WAITING_12
11:46:27.347 (index):1026 ATTRIBUTEACCESSRELEASED_18
11:46:27.348 (index):1050 UPDATE_2
11:46:27.450 (index):1026 ATTRIBUTEACCESSRELEASED_2
11:46:27.615 (index):1106 WAITING_8
11:46:27.634 (index):1106 WAITING_4
11:46:27.641 (index):1083 NODEACCESSREQUESTED_7
11:46:27.642 (index):1050 UPDATE_3
11:46:27.651 (index):1083 NODEACCESSREQUESTED_9
11:46:27.743 (index):1026 ATTRIBUTEACCESSRELEASED_3
11:46:27.871 (index):1106 WAITING_11
11:46:27.976 (index):1047 UPDATE_6
11:46:28.016 (index):1050 UPDATE_13
11:46:28.077 (index):1022 NODEACCESSRELEASED_6
11:46:28.104 (index):1047 UPDATE_5
11:46:28.117 (index):1026 ATTRIBUTEACCESSRELEASED_13
11:46:28.205 (index):1038 THINKING_5
11:46:28.240 (index):1106 WAITING_14
11:46:28.241 (index):1106 WAITING_15
11:46:28.242 (index):1106 WAITING_16
11:46:28.242 (index):1106 WAITING_17
11:46:28.295 (index):1050 UPDATE_12
11:46:28.348 (index):1077 ATTRIBUTEACCESSREQUESTED_18
11:46:28.396 (index):1026 ATTRIBUTEACCESSRELEASED_12
11:46:28.451 (index):1083 NODEACCESSREQUESTED_2
11:46:28.617 (index):1106 WAITING_8
11:46:28.634 (index):1050 UPDATE_4
11:46:28.642 (index):1047 UPDATE_7
11:46:28.652 (index):1047 UPDATE_9
11:46:28.735 (index):1038 THINKING_4
11:46:28.744 (index):1022 NODEACCESSRELEASED_7
11:46:28.745 (index):1083 NODEACCESSREQUESTED_3
11:46:28.753 (index):1038 THINKING_9
11:46:28.872 (index):1106 WAITING_11
11:46:29.079 (index):1083 NODEACCESSREQUESTED_6
11:46:29.118 (index):1077 ATTRIBUTEACCESSREQUESTED_13
11:46:29.241 (index):1106 WAITING_14
11:46:29.242 (index):1106 WAITING_15
11:46:29.243 (index):1106 WAITING_16
11:46:29.245 (index):1106 WAITING_17
11:46:29.350 (index):1050 UPDATE_18
11:46:29.398 (index):1077 ATTRIBUTEACCESSREQUESTED_12
11:46:29.410 (index):1047 UPDATE_10
11:46:29.451 (index):1026 ATTRIBUTEACCESSRELEASED_18
11:46:29.452 (index):1047 UPDATE_2
11:46:29.477 (index):1047 UPDATE_0
11:46:29.512 (index):1022 NODEACCESSRELEASED_10
11:46:29.553 (index):1038 THINKING_2
11:46:29.579 (index):1022 NODEACCESSRELEASED_0
11:46:29.618 (index):1106 WAITING_8
11:46:29.745 (index):1083 NODEACCESSREQUESTED_7
11:46:29.746 (index):1047 UPDATE_3
11:46:29.848 (index):1022 NODEACCESSRELEASED_3
11:46:29.874 (index):1106 WAITING_11
11:46:30.047 (index):1047 UPDATE_1
11:46:30.080 (index):1047 UPDATE_6
11:46:30.119 (index):1050 UPDATE_13
11:46:30.148 (index):1038 THINKING_1
11:46:30.182 (index):1022 NODEACCESSRELEASED_6
11:46:30.220 (index):1026 ATTRIBUTEACCESSRELEASED_13
11:46:30.242 (index):1106 WAITING_14
11:46:30.243 (index):1106 WAITING_15
11:46:30.245 (index):1106 WAITING_16
11:46:30.246 (index):1106 WAITING_17
11:46:30.399 (index):1050 UPDATE_12
11:46:30.452 (index):1083 NODEACCESSREQUESTED_18
11:46:30.500 (index):1026 ATTRIBUTEACCESSRELEASED_12
11:46:30.513 (index):1083 NODEACCESSREQUESTED_10
11:46:30.580 (index):1083 NODEACCESSREQUESTED_0
11:46:30.619 (index):1106 WAITING_8
11:46:30.747 (index):1047 UPDATE_7
11:46:30.848 (index):1022 NODEACCESSRELEASED_7
11:46:30.849 (index):1083 NODEACCESSREQUESTED_3
11:46:30.875 (index):1106 WAITING_11
11:46:31.173 (index):1050 UPDATE_4
11:46:31.183 (index):1077 ATTRIBUTEACCESSREQUESTED_6
11:46:31.221 (index):1083 NODEACCESSREQUESTED_13
11:46:31.243 (index):1106 WAITING_14
11:46:31.244 (index):1106 WAITING_15
11:46:31.246 (index):1106 WAITING_16
11:46:31.247 (index):1106 WAITING_17
11:46:31.275 (index):1026 ATTRIBUTEACCESSRELEASED_4
11:46:31.454 (index):1047 UPDATE_18
11:46:31.502 (index):1077 ATTRIBUTEACCESSREQUESTED_12
11:46:31.514 (index):1047 UPDATE_10
11:46:31.555 (index):1022 NODEACCESSRELEASED_18
11:46:31.582 (index):1047 UPDATE_0
11:46:31.615 (index):1038 THINKING_10
11:46:31.621 (index):1050 UPDATE_8
11:46:31.683 (index):1038 THINKING_0
11:46:31.722 (index):1026 ATTRIBUTEACCESSRELEASED_8
11:46:31.849 (index):1077 ATTRIBUTEACCESSREQUESTED_7
11:46:31.850 (index):1047 UPDATE_3
11:46:31.864 (index):1047 UPDATE_9
11:46:31.876 (index):1050 UPDATE_11
11:46:31.951 (index):1022 NODEACCESSRELEASED_3
11:46:31.965 (index):1022 NODEACCESSRELEASED_9
11:46:31.977 (index):1026 ATTRIBUTEACCESSRELEASED_11
11:46:32.105 (index):1047 UPDATE_2
11:46:32.184 (index):1050 UPDATE_6
11:46:32.206 (index):1038 THINKING_2
11:46:32.223 (index):1047 UPDATE_13
11:46:32.244 (index):1106 WAITING_14
11:46:32.246 (index):1106 WAITING_15
11:46:32.247 (index):1106 WAITING_16
11:46:32.248 (index):1106 WAITING_17
11:46:32.276 (index):1077 ATTRIBUTEACCESSREQUESTED_4
11:46:32.285 (index):1026 ATTRIBUTEACCESSRELEASED_6
11:46:32.324 (index):1022 NODEACCESSRELEASED_13
11:46:32.503 (index):1050 UPDATE_12
11:46:32.557 (index):1083 NODEACCESSREQUESTED_18
11:46:32.604 (index):1026 ATTRIBUTEACCESSRELEASED_12
11:46:32.723 (index):1083 NODEACCESSREQUESTED_8
11:46:32.850 (index):1050 UPDATE_7
11:46:32.952 (index):1026 ATTRIBUTEACCESSRELEASED_7
11:46:32.953 (index):1083 NODEACCESSREQUESTED_3
11:46:32.967 (index):1083 NODEACCESSREQUESTED_9
11:46:32.978 (index):1077 ATTRIBUTEACCESSREQUESTED_11
11:46:33.140 (index):1047 UPDATE_5
11:46:33.242 (index):1022 NODEACCESSRELEASED_5
11:46:33.246 (index):1106 WAITING_14
11:46:33.247 (index):1106 WAITING_15
11:46:33.248 (index):1106 WAITING_16
11:46:33.249 (index):1106 WAITING_17
11:46:33.277 (index):1050 UPDATE_4
11:46:33.286 (index):1083 NODEACCESSREQUESTED_6
11:46:33.326 (index):1083 NODEACCESSREQUESTED_13
11:46:33.378 (index):1038 THINKING_4
11:46:33.559 (index):1047 UPDATE_18
11:46:33.605 (index):1077 ATTRIBUTEACCESSREQUESTED_12
11:46:33.660 (index):1022 NODEACCESSRELEASED_18
11:46:33.725 (index):1047 UPDATE_8
11:46:33.826 (index):1038 THINKING_8
11:46:33.839 (index):1047 UPDATE_0
11:46:33.940 (index):1022 NODEACCESSRELEASED_0
11:46:33.953 (index):1083 NODEACCESSREQUESTED_7
11:46:33.954 (index):1047 UPDATE_3
11:46:33.968 (index):1047 UPDATE_9
11:46:33.980 (index):1050 UPDATE_11
11:46:34.056 (index):1022 NODEACCESSRELEASED_3
11:46:34.070 (index):1022 NODEACCESSRELEASED_9
11:46:34.081 (index):1026 ATTRIBUTEACCESSRELEASED_11
11:46:34.243 (index):1083 NODEACCESSREQUESTED_5
11:46:34.247 (index):1106 WAITING_14
11:46:34.248 (index):1106 WAITING_15
11:46:34.249 (index):1106 WAITING_16
11:46:34.250 (index):1106 WAITING_17
11:46:34.288 (index):1047 UPDATE_6
11:46:34.327 (index):1047 UPDATE_13
11:46:34.389 (index):1022 NODEACCESSRELEASED_6
11:46:34.428 (index):1022 NODEACCESSRELEASED_13
11:46:34.433 (index):1047 UPDATE_2
11:46:34.534 (index):1038 THINKING_2
11:46:34.607 (index):1050 UPDATE_12
11:46:34.661 (index):1083 NODEACCESSREQUESTED_18
11:46:34.708 (index):1026 ATTRIBUTEACCESSRELEASED_12
11:46:34.758 (index):1047 UPDATE_1
11:46:34.859 (index):1038 THINKING_1
11:46:34.942 (index):1083 NODEACCESSREQUESTED_0
11:46:34.954 (index):1047 UPDATE_7
11:46:35.056 (index):1022 NODEACCESSRELEASED_7
11:46:35.057 (index):1083 NODEACCESSREQUESTED_3
11:46:35.071 (index):1077 ATTRIBUTEACCESSREQUESTED_9
11:46:35.082 (index):1083 NODEACCESSREQUESTED_11
11:46:35.245 (index):1047 UPDATE_5
11:46:35.248 (index):1106 WAITING_14
11:46:35.249 (index):1106 WAITING_15
11:46:35.250 (index):1106 WAITING_16
11:46:35.251 (index):1106 WAITING_17
11:46:35.346 (index):1022 NODEACCESSRELEASED_5
11:46:35.391 (index):1083 NODEACCESSREQUESTED_6
11:46:35.429 (index):1083 NODEACCESSREQUESTED_13
11:46:35.663 (index):1047 UPDATE_18
11:46:35.710 (index):1083 NODEACCESSREQUESTED_12
11:46:35.764 (index):1038 THINKING_18
11:46:35.943 (index):1047 UPDATE_0
11:46:36.044 (index):1022 NODEACCESSRELEASED_0
11:46:36.057 (index):1077 ATTRIBUTEACCESSREQUESTED_7
11:46:36.058 (index):1047 UPDATE_3
11:46:36.072 (index):1106 WAITING_9
11:46:36.084 (index):1047 UPDATE_11
11:46:36.159 (index):1038 THINKING_3
11:46:36.185 (index):1038 THINKING_11
11:46:36.249 (index):1106 WAITING_14
11:46:36.250 (index):1106 WAITING_15
11:46:36.251 (index):1106 WAITING_16
11:46:36.252 (index):1106 WAITING_17
11:46:36.348 (index):1083 NODEACCESSREQUESTED_5
11:46:36.392 (index):1047 UPDATE_6
11:46:36.430 (index):1047 UPDATE_13
11:46:36.493 (index):1117 END_6
11:46:36.501 (index):1047 UPDATE_10
11:46:36.532 (index):1022 NODEACCESSRELEASED_13
11:46:36.601 (index):1022 NODEACCESSRELEASED_10
11:46:36.711 (index):1106 WAITING_12
11:46:37.046 (index):1083 NODEACCESSREQUESTED_0
11:46:37.058 (index):1106 WAITING_7
11:46:37.073 (index):1106 WAITING_9
11:46:37.123 (index):1047 UPDATE_8
11:46:37.224 (index):1022 NODEACCESSRELEASED_8
11:46:37.250 (index):1106 WAITING_14
11:46:37.252 (index):1106 WAITING_15
11:46:37.253 (index):1106 WAITING_16
11:46:37.254 (index):1106 WAITING_17
11:46:37.349 (index):1047 UPDATE_5
11:46:37.450 (index):1022 NODEACCESSRELEASED_5
11:46:37.533 (index):1083 NODEACCESSREQUESTED_13
11:46:37.588 (index):1050 UPDATE_4
11:46:37.603 (index):1077 ATTRIBUTEACCESSREQUESTED_10
11:46:37.689 (index):1038 THINKING_4
11:46:37.712 (index):1106 WAITING_12
11:46:38.047 (index):1047 UPDATE_0
11:46:38.060 (index):1106 WAITING_7
11:46:38.075 (index):1106 WAITING_9
11:46:38.148 (index):1038 THINKING_0
11:46:38.225 (index):1083 NODEACCESSREQUESTED_8
11:46:38.252 (index):1106 WAITING_14
11:46:38.253 (index):1106 WAITING_15
11:46:38.254 (index):1106 WAITING_16
11:46:38.255 (index):1106 WAITING_17
11:46:38.452 (index):1083 NODEACCESSREQUESTED_5
11:46:38.534 (index):1047 UPDATE_13
11:46:38.566 (index):1047 UPDATE_3
11:46:38.603 (index):1050 UPDATE_10
11:46:38.635 (index):1022 NODEACCESSRELEASED_13
11:46:38.667 (index):1022 NODEACCESSRELEASED_3
11:46:38.704 (index):1026 ATTRIBUTEACCESSRELEASED_10
11:46:38.713 (index):1106 WAITING_12
11:46:39.051 (index):1047 UPDATE_1
11:46:39.060 (index):1106 WAITING_7
11:46:39.076 (index):1106 WAITING_9
11:46:39.153 (index):1022 NODEACCESSRELEASED_1
11:46:39.227 (index):1047 UPDATE_8
11:46:39.253 (index):1106 WAITING_14
11:46:39.254 (index):1106 WAITING_15
11:46:39.255 (index):1106 WAITING_16
11:46:39.256 (index):1106 WAITING_17
11:46:39.328 (index):1022 NODEACCESSRELEASED_8
11:46:39.389 (index):1047 UPDATE_2
11:46:39.453 (index):1047 UPDATE_5
11:46:39.490 (index):1022 NODEACCESSRELEASED_2
11:46:39.554 (index):1022 NODEACCESSRELEASED_5
11:46:39.569 (index):1047 UPDATE_11
11:46:39.636 (index):1083 NODEACCESSREQUESTED_13
11:46:39.668 (index):1077 ATTRIBUTEACCESSREQUESTED_3
11:46:39.671 (index):1022 NODEACCESSRELEASED_11
11:46:39.706 (index):1077 ATTRIBUTEACCESSREQUESTED_10
11:46:39.714 (index):1106 WAITING_12
11:46:40.062 (index):1106 WAITING_7
11:46:40.077 (index):1106 WAITING_9
11:46:40.154 (index):1083 NODEACCESSREQUESTED_1
11:46:40.254 (index):1106 WAITING_14
11:46:40.255 (index):1106 WAITING_15
11:46:40.256 (index):1106 WAITING_16
11:46:40.256 (index):1106 WAITING_17
11:46:40.329 (index):1083 NODEACCESSREQUESTED_8
11:46:40.375 (index):1047 UPDATE_18
11:46:40.477 (index):1038 THINKING_18
11:46:40.491 (index):1083 NODEACCESSREQUESTED_2
11:46:40.555 (index):1083 NODEACCESSREQUESTED_5
11:46:40.637 (index):1047 UPDATE_13
11:46:40.670 (index):1050 UPDATE_3
11:46:40.671 (index):1083 NODEACCESSREQUESTED_11
11:46:40.706 (index):1106 WAITING_10
11:46:40.715 (index):1106 WAITING_12
11:46:40.739 (index):1022 NODEACCESSRELEASED_13
11:46:40.771 (index):1026 ATTRIBUTEACCESSRELEASED_3
11:46:41.063 (index):1106 WAITING_7
11:46:41.078 (index):1106 WAITING_9
11:46:41.156 (index):1047 UPDATE_1
11:46:41.255 (index):1106 WAITING_14
11:46:41.256 (index):1106 WAITING_15
11:46:41.257 (index):1038 THINKING_1
11:46:41.258 (index):1106 WAITING_16
11:46:41.259 (index):1106 WAITING_17
11:46:41.330 (index):1047 UPDATE_8
11:46:41.431 (index):1022 NODEACCESSRELEASED_8
11:46:41.493 (index):1047 UPDATE_2
11:46:41.556 (index):1047 UPDATE_5
11:46:41.594 (index):1022 NODEACCESSRELEASED_2
11:46:41.648 (index):1050 UPDATE_4
11:46:41.657 (index):1117 END_5
11:46:41.672 (index):1047 UPDATE_11
11:46:41.707 (index):1106 WAITING_10
11:46:41.717 (index):1106 WAITING_12
11:46:41.740 (index):1083 NODEACCESSREQUESTED_13
11:46:41.749 (index):1038 THINKING_4
11:46:41.772 (index):1077 ATTRIBUTEACCESSREQUESTED_3
11:46:41.773 (index):1022 NODEACCESSRELEASED_11
11:46:42.064 (index):1106 WAITING_7
11:46:42.079 (index):1106 WAITING_9
11:46:42.144 (index):1047 UPDATE_0
11:46:42.245 (index):1022 NODEACCESSRELEASED_0
11:46:42.256 (index):1106 WAITING_14
11:46:42.258 (index):1106 WAITING_15
11:46:42.259 (index):1106 WAITING_16
11:46:42.259 (index):1106 WAITING_17
11:46:42.432 (index):1083 NODEACCESSREQUESTED_8
11:46:42.595 (index):1083 NODEACCESSREQUESTED_2
11:46:42.708 (index):1106 WAITING_10
11:46:42.718 (index):1106 WAITING_12
11:46:42.741 (index):1047 UPDATE_13
11:46:42.773 (index):1050 UPDATE_3
11:46:42.774 (index):1077 ATTRIBUTEACCESSREQUESTED_11
11:46:42.842 (index):1117 END_13
11:46:42.874 (index):1038 THINKING_3
11:46:43.066 (index):1106 WAITING_7
11:46:43.080 (index):1106 WAITING_9
11:46:43.246 (index):1077 ATTRIBUTEACCESSREQUESTED_0
11:46:43.258 (index):1106 WAITING_14
11:46:43.259 (index):1106 WAITING_15
11:46:43.259 (index):1106 WAITING_16
11:46:43.260 (index):1106 WAITING_17
11:46:43.433 (index):1047 UPDATE_8
11:46:43.435 (index):1047 UPDATE_1
11:46:43.535 (index):1022 NODEACCESSRELEASED_8
11:46:43.536 (index):1022 NODEACCESSRELEASED_1
11:46:43.597 (index):1047 UPDATE_2
11:46:43.698 (index):1022 NODEACCESSRELEASED_2
11:46:43.709 (index):1106 WAITING_10
11:46:43.719 (index):1106 WAITING_12
11:46:43.776 (index):1050 UPDATE_11
11:46:43.877 (index):1038 THINKING_11
11:46:44.067 (index):1106 WAITING_7
11:46:44.073 (index):1047 UPDATE_18
11:46:44.081 (index):1106 WAITING_9
11:46:44.174 (index):1022 NODEACCESSRELEASED_18
11:46:44.248 (index):1106 WAITING_0
11:46:44.258 (index):1038 THINKING_14
11:46:44.259 (index):1106 WAITING_15
11:46:44.260 (index):1106 WAITING_16
11:46:44.261 (index):1106 WAITING_17
11:46:44.515 (index):1050 UPDATE_4
11:46:44.536 (index):1083 NODEACCESSREQUESTED_8
11:46:44.537 (index):1083 NODEACCESSREQUESTED_1
11:46:44.617 (index):1026 ATTRIBUTEACCESSRELEASED_4
11:46:44.699 (index):1083 NODEACCESSREQUESTED_2
11:46:44.710 (index):1106 WAITING_10
11:46:44.720 (index):1106 WAITING_12
11:46:45.068 (index):1106 WAITING_7
11:46:45.082 (index):1050 UPDATE_9
11:46:45.176 (index):1083 NODEACCESSREQUESTED_18
11:46:45.183 (index):1038 THINKING_9
11:46:45.212 (index):1050 UPDATE_3
11:46:45.249 (index):1106 WAITING_0
11:46:45.260 (index):1106 WAITING_15
11:46:45.262 (index):1106 WAITING_16
11:46:45.263 (index):1106 WAITING_17
11:46:45.314 (index):1026 ATTRIBUTEACCESSRELEASED_3
11:46:45.537 (index):1106 WAITING_8
11:46:45.538 (index):1106 WAITING_1
11:46:45.618 (index):1083 NODEACCESSREQUESTED_4
11:46:45.701 (index):1106 WAITING_2
11:46:45.712 (index):1106 WAITING_10
11:46:45.721 (index):1106 WAITING_12
11:46:46.070 (index):1106 WAITING_7
11:46:46.177 (index):1106 WAITING_18
11:46:46.250 (index):1106 WAITING_0
11:46:46.262 (index):1106 WAITING_15
11:46:46.263 (index):1106 WAITING_16
11:46:46.264 (index):1106 WAITING_17
11:46:46.315 (index):1083 NODEACCESSREQUESTED_3
11:46:46.538 (index):1106 WAITING_8
11:46:46.540 (index):1106 WAITING_1
11:46:46.619 (index):1106 WAITING_4
11:46:46.702 (index):1106 WAITING_2
11:46:46.713 (index):1106 WAITING_10
11:46:46.722 (index):1106 WAITING_12
11:46:47.041 (index):1050 UPDATE_11
11:46:47.071 (index):1106 WAITING_7
11:46:47.143 (index):1117 END_11
11:46:47.179 (index):1106 WAITING_18
11:46:47.251 (index):1050 UPDATE_0
11:46:47.263 (index):1106 WAITING_15
11:46:47.264 (index):1106 WAITING_16
11:46:47.265 (index):1106 WAITING_17
11:46:47.316 (index):1106 WAITING_3
11:46:47.353 (index):1026 ATTRIBUTEACCESSRELEASED_0
11:46:47.540 (index):1106 WAITING_8
11:46:47.541 (index):1106 WAITING_1
11:46:47.620 (index):1106 WAITING_4
11:46:47.703 (index):1106 WAITING_2
11:46:47.714 (index):1106 WAITING_10
11:46:47.723 (index):1106 WAITING_12
11:46:48.072 (index):1106 WAITING_7
11:46:48.180 (index):1106 WAITING_18
11:46:48.264 (index):1106 WAITING_15
11:46:48.265 (index):1106 WAITING_16
11:46:48.266 (index):1106 WAITING_17
11:46:48.317 (index):1106 WAITING_3
11:46:48.353 (index):1083 NODEACCESSREQUESTED_0
11:46:48.540 (index):1106 WAITING_8
11:46:48.542 (index):1106 WAITING_1
11:46:48.621 (index):1106 WAITING_4
11:46:48.705 (index):1106 WAITING_2
11:46:48.711 (index):1047 UPDATE_14
11:46:48.716 (index):1106 WAITING_10
11:46:48.724 (index):1106 WAITING_12
11:46:48.806 (index):1050 UPDATE_9
11:46:48.812 (index):1022 NODEACCESSRELEASED_14
11:46:48.907 (index):1026 ATTRIBUTEACCESSRELEASED_9
11:46:49.074 (index):1050 UPDATE_7
11:46:49.175 (index):1038 THINKING_7
11:46:49.181 (index):1106 WAITING_18
11:46:49.265 (index):1038 THINKING_15
11:46:49.266 (index):1106 WAITING_16
11:46:49.267 (index):1106 WAITING_17
11:46:49.317 (index):1106 WAITING_3
11:46:49.354 (index):1106 WAITING_0
11:46:49.542 (index):1106 WAITING_8
11:46:49.543 (index):1106 WAITING_1
11:46:49.623 (index):1106 WAITING_4
11:46:49.706 (index):1106 WAITING_2
11:46:49.717 (index):1106 WAITING_10
11:46:49.724 (index):1106 WAITING_12
11:46:49.813 (index):1083 NODEACCESSREQUESTED_14
11:46:49.909 (index):1077 ATTRIBUTEACCESSREQUESTED_9
11:46:50.182 (index):1106 WAITING_18
11:46:50.267 (index):1106 WAITING_16
11:46:50.268 (index):1106 WAITING_17
11:46:50.318 (index):1106 WAITING_3
11:46:50.356 (index):1106 WAITING_0
11:46:50.543 (index):1106 WAITING_8
11:46:50.544 (index):1106 WAITING_1
11:46:50.624 (index):1106 WAITING_4
11:46:50.707 (index):1106 WAITING_2
11:46:50.718 (index):1106 WAITING_10
11:46:50.725 (index):1106 WAITING_12
11:46:50.814 (index):1106 WAITING_14
11:46:50.910 (index):1050 UPDATE_9
11:46:51.012 (index):1026 ATTRIBUTEACCESSRELEASED_9
11:46:51.184 (index):1106 WAITING_18
11:46:51.268 (index):1106 WAITING_16
11:46:51.270 (index):1106 WAITING_17
11:46:51.320 (index):1106 WAITING_3
11:46:51.357 (index):1106 WAITING_0
11:46:51.544 (index):1106 WAITING_8
11:46:51.546 (index):1106 WAITING_1
11:46:51.625 (index):1106 WAITING_4
11:46:51.708 (index):1106 WAITING_2
11:46:51.719 (index):1106 WAITING_10
11:46:51.726 (index):1106 WAITING_12
11:46:51.815 (index):1106 WAITING_14
11:46:52.013 (index):1083 NODEACCESSREQUESTED_9
11:46:52.185 (index):1106 WAITING_18
11:46:52.270 (index):1106 WAITING_16
11:46:52.271 (index):1106 WAITING_17
11:46:52.321 (index):1106 WAITING_3
11:46:52.358 (index):1106 WAITING_0
11:46:52.546 (index):1106 WAITING_8
11:46:52.547 (index):1106 WAITING_1
11:46:52.611 (index):1050 UPDATE_7
11:46:52.626 (index):1106 WAITING_4
11:46:52.710 (index):1106 WAITING_2
11:46:52.712 (index):1026 ATTRIBUTEACCESSRELEASED_7
11:46:52.720 (index):1047 UPDATE_15
11:46:52.721 (index):1050 UPDATE_10
11:46:52.727 (index):1106 WAITING_12
11:46:52.817 (index):1106 WAITING_14
11:46:52.822 (index):1022 NODEACCESSRELEASED_15
11:46:52.823 (index):1026 ATTRIBUTEACCESSRELEASED_10
11:46:53.014 (index):1106 WAITING_9
11:46:53.186 (index):1106 WAITING_18
11:46:53.271 (index):1038 THINKING_16
11:46:53.272 (index):1106 WAITING_17
11:46:53.322 (index):1106 WAITING_3
11:46:53.359 (index):1106 WAITING_0
11:46:53.547 (index):1106 WAITING_8
11:46:53.548 (index):1106 WAITING_1
11:46:53.628 (index):1106 WAITING_4
11:46:53.711 (index):1106 WAITING_2
11:46:53.713 (index):1083 NODEACCESSREQUESTED_7
11:46:53.728 (index):1106 WAITING_12
11:46:53.818 (index):1106 WAITING_14
11:46:53.823 (index):1083 NODEACCESSREQUESTED_15
11:46:53.824 (index):1083 NODEACCESSREQUESTED_10
11:46:54.015 (index):1106 WAITING_9
11:46:54.188 (index):1106 WAITING_18
11:46:54.273 (index):1106 WAITING_17
11:46:54.323 (index):1106 WAITING_3
11:46:54.360 (index):1106 WAITING_0
11:46:54.548 (index):1106 WAITING_8
11:46:54.549 (index):1106 WAITING_1
11:46:54.629 (index):1106 WAITING_4
11:46:54.712 (index):1106 WAITING_2
11:46:54.714 (index):1106 WAITING_7
11:46:54.729 (index):1106 WAITING_12
11:46:54.819 (index):1106 WAITING_14
11:46:54.824 (index):1106 WAITING_15
11:46:54.825 (index):1106 WAITING_10
11:46:55.016 (index):1106 WAITING_9
11:46:55.189 (index):1106 WAITING_18
11:46:55.274 (index):1106 WAITING_17
11:46:55.325 (index):1106 WAITING_3
11:46:55.361 (index):1106 WAITING_0
11:46:55.550 (index):1106 WAITING_8
11:46:55.551 (index):1106 WAITING_1
11:46:55.553 (index):1047 UPDATE_16
11:46:55.630 (index):1106 WAITING_4
11:46:55.654 (index):1022 NODEACCESSRELEASED_16
11:46:55.713 (index):1106 WAITING_2
11:46:55.715 (index):1106 WAITING_7
11:46:55.730 (index):1106 WAITING_12
11:46:55.820 (index):1106 WAITING_14
11:46:55.825 (index):1106 WAITING_15
11:46:55.826 (index):1106 WAITING_10
11:46:56.018 (index):1106 WAITING_9
11:46:56.190 (index):1106 WAITING_18
11:46:56.276 (index):1022 NODEACCESSRELEASED_17
11:46:56.326 (index):1106 WAITING_3
11:46:56.363 (index):1106 WAITING_0
11:46:56.551 (index):1106 WAITING_8
11:46:56.552 (index):1106 WAITING_1
11:46:56.631 (index):1106 WAITING_4
11:46:56.655 (index):1083 NODEACCESSREQUESTED_16
11:46:56.715 (index):1106 WAITING_2
11:46:56.717 (index):1106 WAITING_7
11:46:56.731 (index):1047 UPDATE_12
11:46:56.822 (index):1106 WAITING_14
11:46:56.826 (index):1106 WAITING_15
11:46:56.827 (index):1106 WAITING_10
11:46:56.832 (index):1022 NODEACCESSRELEASED_12
11:46:57.019 (index):1106 WAITING_9
11:46:57.191 (index):1106 WAITING_18
11:46:57.277 (index):1083 NODEACCESSREQUESTED_17
11:46:57.327 (index):1106 WAITING_3
11:46:57.364 (index):1106 WAITING_0
11:46:57.552 (index):1047 UPDATE_8
11:46:57.553 (index):1106 WAITING_1
11:46:57.632 (index):1106 WAITING_4
11:46:57.654 (index):1022 NODEACCESSRELEASED_8
11:46:57.657 (index):1106 WAITING_16
11:46:57.716 (index):1106 WAITING_2
11:46:57.718 (index):1106 WAITING_7
11:46:57.823 (index):1106 WAITING_14
11:46:57.827 (index):1106 WAITING_15
11:46:57.828 (index):1106 WAITING_10
11:46:57.833 (index):1083 NODEACCESSREQUESTED_12
11:46:58.021 (index):1106 WAITING_9
11:46:58.193 (index):1106 WAITING_18
11:46:58.278 (index):1047 UPDATE_17
11:46:58.328 (index):1106 WAITING_3
11:46:58.365 (index):1106 WAITING_0
11:46:58.379 (index):1022 NODEACCESSRELEASED_17
11:46:58.554 (index):1047 UPDATE_1
11:46:58.634 (index):1106 WAITING_4
11:46:58.655 (index):1117 END_1
11:46:58.656 (index):1077 ATTRIBUTEACCESSREQUESTED_8
11:46:58.658 (index):1106 WAITING_16
11:46:58.717 (index):1047 UPDATE_2
11:46:58.718 (index):1106 WAITING_7
11:46:58.818 (index):1022 NODEACCESSRELEASED_2
11:46:58.824 (index):1106 WAITING_14
11:46:58.828 (index):1106 WAITING_15
11:46:58.830 (index):1106 WAITING_10
11:46:58.834 (index):1047 UPDATE_12
11:46:58.935 (index):1038 THINKING_12
11:46:59.022 (index):1106 WAITING_9
11:46:59.194 (index):1047 UPDATE_18
11:46:59.295 (index):1117 END_18
11:46:59.329 (index):1106 WAITING_3
11:46:59.366 (index):1106 WAITING_0
11:46:59.381 (index):1083 NODEACCESSREQUESTED_17
11:46:59.635 (index):1047 UPDATE_4
11:46:59.657 (index):1050 UPDATE_8
11:46:59.659 (index):1106 WAITING_16
11:46:59.719 (index):1106 WAITING_7
11:46:59.739 (index):1022 NODEACCESSRELEASED_4
11:46:59.759 (index):1026 ATTRIBUTEACCESSRELEASED_8
11:46:59.819 (index):1083 NODEACCESSREQUESTED_2
11:46:59.825 (index):1106 WAITING_14
11:46:59.830 (index):1106 WAITING_15
11:46:59.831 (index):1106 WAITING_10
11:47:00.023 (index):1106 WAITING_9
11:47:00.331 (index):1047 UPDATE_3
11:47:00.367 (index):1106 WAITING_0
11:47:00.382 (index):1047 UPDATE_17
11:47:00.432 (index):1117 END_3
11:47:00.483 (index):1022 NODEACCESSRELEASED_17
11:47:00.660 (index):1106 WAITING_16
11:47:00.720 (index):1106 WAITING_7
11:47:00.740 (index):1083 NODEACCESSREQUESTED_4
11:47:00.760 (index):1083 NODEACCESSREQUESTED_8
11:47:00.820 (index):1047 UPDATE_2
11:47:00.827 (index):1106 WAITING_14
11:47:00.831 (index):1106 WAITING_15
11:47:00.832 (index):1106 WAITING_10
11:47:00.921 (index):1117 END_2
11:47:01.024 (index):1106 WAITING_9
11:47:01.369 (index):1047 UPDATE_0
11:47:01.470 (index):1022 NODEACCESSRELEASED_0
11:47:01.484 (index):1083 NODEACCESSREQUESTED_17
11:47:01.661 (index):1106 WAITING_16
11:47:01.721 (index):1106 WAITING_7
11:47:01.741 (index):1047 UPDATE_4
11:47:01.761 (index):1047 UPDATE_8
11:47:01.828 (index):1047 UPDATE_14
11:47:01.832 (index):1106 WAITING_15
11:47:01.833 (index):1106 WAITING_10
11:47:01.842 (index):1038 THINKING_4
11:47:01.862 (index):1117 END_8
11:47:01.929 (index):1038 THINKING_14
11:47:02.026 (index):1106 WAITING_9
11:47:02.312 (index):1047 UPDATE_12
11:47:02.413 (index):1022 NODEACCESSRELEASED_12
11:47:02.471 (index):1083 NODEACCESSREQUESTED_0
11:47:02.485 (index):1047 UPDATE_17
11:47:02.586 (index):1022 NODEACCESSRELEASED_17
11:47:02.662 (index):1106 WAITING_16
11:47:02.723 (index):1106 WAITING_7
11:47:02.833 (index):1106 WAITING_15
11:47:02.834 (index):1106 WAITING_10
11:47:03.027 (index):1106 WAITING_9
11:47:03.413 (index):1077 ATTRIBUTEACCESSREQUESTED_12
11:47:03.472 (index):1047 UPDATE_0
11:47:03.573 (index):1117 END_0
11:47:03.587 (index):1077 ATTRIBUTEACCESSREQUESTED_17
11:47:03.663 (index):1106 WAITING_16
11:47:03.724 (index):1106 WAITING_7
11:47:03.834 (index):1106 WAITING_15
11:47:03.835 (index):1106 WAITING_10
11:47:04.028 (index):1106 WAITING_9
11:47:04.414 (index):1050 UPDATE_12
11:47:04.516 (index):1026 ATTRIBUTEACCESSRELEASED_12
11:47:04.587 (index):1050 UPDATE_17
11:47:04.664 (index):1106 WAITING_16
11:47:04.688 (index):1026 ATTRIBUTEACCESSRELEASED_17
11:47:04.724 (index):1106 WAITING_7
11:47:04.835 (index):1106 WAITING_15
11:47:04.836 (index):1106 WAITING_10
11:47:04.930 (index):1047 UPDATE_14
11:47:05.030 (index):1106 WAITING_9
11:47:05.031 (index):1022 NODEACCESSRELEASED_14
11:47:05.517 (index):1077 ATTRIBUTEACCESSREQUESTED_12
11:47:05.665 (index):1106 WAITING_16
11:47:05.689 (index):1083 NODEACCESSREQUESTED_17
11:47:05.725 (index):1106 WAITING_7
11:47:05.836 (index):1106 WAITING_15
11:47:05.837 (index):1106 WAITING_10
11:47:06.030 (index):1047 UPDATE_9
11:47:06.032 (index):1083 NODEACCESSREQUESTED_14
11:47:06.132 (index):1022 NODEACCESSRELEASED_9
11:47:06.232 (index):1047 UPDATE_4
11:47:06.333 (index):1117 END_4
11:47:06.518 (index):1050 UPDATE_12
11:47:06.620 (index):1117 END_12
11:47:06.666 (index):1106 WAITING_16
11:47:06.690 (index):1047 UPDATE_17
11:47:06.727 (index):1047 UPDATE_7
11:47:06.791 (index):1038 THINKING_17
11:47:06.828 (index):1117 END_7
11:47:06.837 (index):1047 UPDATE_15
11:47:06.838 (index):1106 WAITING_10
11:47:06.938 (index):1022 NODEACCESSRELEASED_15
11:47:07.033 (index):1047 UPDATE_14
11:47:07.133 (index):1083 NODEACCESSREQUESTED_9
11:47:07.135 (index):1022 NODEACCESSRELEASED_14
11:47:07.668 (index):1106 WAITING_16
11:47:07.839 (index):1047 UPDATE_10
11:47:07.940 (index):1077 ATTRIBUTEACCESSREQUESTED_15
11:47:07.941 (index):1117 END_10
11:47:08.135 (index):1047 UPDATE_9
11:47:08.136 (index):1083 NODEACCESSREQUESTED_14
11:47:08.236 (index):1117 END_9
11:47:08.669 (index):1047 UPDATE_16
11:47:08.770 (index):1022 NODEACCESSRELEASED_16
11:47:08.941 (index):1050 UPDATE_15
11:47:09.042 (index):1038 THINKING_15
11:47:09.137 (index):1047 UPDATE_14
11:47:09.238 (index):1022 NODEACCESSRELEASED_14
11:47:09.772 (index):1077 ATTRIBUTEACCESSREQUESTED_16
11:47:10.140 (index):1047 UPDATE_17
11:47:10.240 (index):1083 NODEACCESSREQUESTED_14
11:47:10.242 (index):1022 NODEACCESSRELEASED_17
11:47:10.773 (index):1106 WAITING_16
11:47:11.241 (index):1047 UPDATE_14
11:47:11.243 (index):1077 ATTRIBUTEACCESSREQUESTED_17
11:47:11.342 (index):1022 NODEACCESSRELEASED_14
11:47:11.775 (index):1106 WAITING_16
11:47:12.244 (index):1050 UPDATE_17
11:47:12.344 (index):1083 NODEACCESSREQUESTED_14
11:47:12.345 (index):1026 ATTRIBUTEACCESSRELEASED_17
11:47:12.776 (index):1106 WAITING_16
11:47:13.345 (index):1047 UPDATE_14
11:47:13.346 (index):1083 NODEACCESSREQUESTED_17
11:47:13.392 (index):1050 UPDATE_15
11:47:13.446 (index):1038 THINKING_14
11:47:13.493 (index):1038 THINKING_15
11:47:13.777 (index):1106 WAITING_16
11:47:14.347 (index):1047 UPDATE_17
11:47:14.449 (index):1022 NODEACCESSRELEASED_17
11:47:14.779 (index):1106 WAITING_16
11:47:15.450 (index):1083 NODEACCESSREQUESTED_17
11:47:15.626 (index):1050 UPDATE_15
11:47:15.676 (index):1047 UPDATE_14
11:47:15.728 (index):1026 ATTRIBUTEACCESSRELEASED_15
11:47:15.778 (index):1022 NODEACCESSRELEASED_14
11:47:15.780 (index):1050 UPDATE_16
11:47:15.881 (index):1026 ATTRIBUTEACCESSRELEASED_16
11:47:16.451 (index):1047 UPDATE_17
11:47:16.553 (index):1038 THINKING_17
11:47:16.729 (index):1083 NODEACCESSREQUESTED_15
11:47:16.779 (index):1083 NODEACCESSREQUESTED_14
11:47:16.883 (index):1077 ATTRIBUTEACCESSREQUESTED_16
11:47:17.730 (index):1047 UPDATE_15
11:47:17.780 (index):1047 UPDATE_14
11:47:17.831 (index):1038 THINKING_15
11:47:17.881 (index):1022 NODEACCESSRELEASED_14
11:47:17.884 (index):1050 UPDATE_16
11:47:17.984 (index):1038 THINKING_16
11:47:18.882 (index):1077 ATTRIBUTEACCESSREQUESTED_14
11:47:19.883 (index):1050 UPDATE_14
11:47:19.984 (index):1038 THINKING_14
11:47:20.258 (index):1047 UPDATE_17
11:47:20.359 (index):1022 NODEACCESSRELEASED_17
11:47:20.595 (index):1047 UPDATE_15
11:47:20.696 (index):1038 THINKING_15
11:47:21.361 (index):1083 NODEACCESSREQUESTED_17
11:47:22.012 (index):1050 UPDATE_16
11:47:22.113 (index):1038 THINKING_16
11:47:22.362 (index):1047 UPDATE_17
11:47:22.463 (index):1038 THINKING_17
11:47:23.184 (index):1050 UPDATE_14
11:47:23.285 (index):1038 THINKING_14
11:47:23.303 (index):1047 UPDATE_15
11:47:23.403 (index):1022 NODEACCESSRELEASED_15
11:47:24.405 (index):1077 ATTRIBUTEACCESSREQUESTED_15
11:47:24.741 (index):1050 UPDATE_16
11:47:24.843 (index):1038 THINKING_16
11:47:25.406 (index):1106 WAITING_15
11:47:25.568 (index):1047 UPDATE_17
11:47:25.670 (index):1038 THINKING_17
11:47:26.408 (index):1106 WAITING_15
11:47:27.274 (index):1050 UPDATE_16
11:47:27.359 (index):1050 UPDATE_14
11:47:27.375 (index):1026 ATTRIBUTEACCESSRELEASED_16
11:47:27.409 (index):1050 UPDATE_15
11:47:27.461 (index):1026 ATTRIBUTEACCESSRELEASED_14
11:47:27.510 (index):1038 THINKING_15
11:47:28.365 (index):1047 UPDATE_17
11:47:28.377 (index):1083 NODEACCESSREQUESTED_16
11:47:28.462 (index):1077 ATTRIBUTEACCESSREQUESTED_14
11:47:28.466 (index):1117 END_17
11:47:29.378 (index):1047 UPDATE_16
11:47:29.463 (index):1050 UPDATE_14
11:47:29.479 (index):1038 THINKING_16
11:47:29.565 (index):1117 END_14
11:47:31.798 (index):1050 UPDATE_15
11:47:31.899 (index):1026 ATTRIBUTEACCESSRELEASED_15
11:47:32.900 (index):1083 NODEACCESSREQUESTED_15
11:47:33.902 (index):1047 UPDATE_15
11:47:34.003 (index):1038 THINKING_15
11:47:34.072 (index):1047 UPDATE_16
11:47:34.173 (index):1022 NODEACCESSRELEASED_16
11:47:35.175 (index):1083 NODEACCESSREQUESTED_16
11:47:36.176 (index):1047 UPDATE_16
11:47:36.277 (index):1038 THINKING_16
11:47:37.793 (index):1047 UPDATE_15
11:47:37.895 (index):1022 NODEACCESSRELEASED_15
11:47:38.896 (index):1083 NODEACCESSREQUESTED_15
11:47:39.011 (index):1047 UPDATE_16
11:47:39.112 (index):1022 NODEACCESSRELEASED_16
11:47:39.897 (index):1047 UPDATE_15
11:47:39.998 (index):1117 END_15
11:47:40.113 (index):1083 NODEACCESSREQUESTED_16
11:47:41.115 (index):1047 UPDATE_16
11:47:41.216 (index):1022 NODEACCESSRELEASED_16
11:47:42.217 (index):1077 ATTRIBUTEACCESSREQUESTED_16
11:47:43.219 (index):1050 UPDATE_16
11:47:43.320 (index):1117 END_16
