14:59:39.860 updates_StrictModuleLocking_LinearW.js:763 Tasks: 25; Collaborators: 6    =========================>
14:59:39.864 updates_StrictModuleLocking_LinearW.js:649 NODEACCESSREQUESTED_0
14:59:39.867 updates_StrictModuleLocking_LinearW.js:649 NODEACCESSREQUESTED_1
14:59:39.870 updates_StrictModuleLocking_LinearW.js:649 NODEACCESSREQUESTED_2
14:59:39.872 updates_StrictModuleLocking_LinearW.js:649 NODEACCESSREQUESTED_3
14:59:39.873 updates_StrictModuleLocking_LinearW.js:649 NODEACCESSREQUESTED_4
14:59:39.875 updates_StrictModuleLocking_LinearW.js:649 NODEACCESSREQUESTED_5
14:59:41.861 updates_StrictModuleLocking_LinearW.js:629 THINKING_0
14:59:41.865 updates_StrictModuleLocking_LinearW.js:667 WAITING_1
14:59:41.870 updates_StrictModuleLocking_LinearW.js:667 WAITING_2
14:59:41.873 updates_StrictModuleLocking_LinearW.js:667 WAITING_3
14:59:41.877 updates_StrictModuleLocking_LinearW.js:667 WAITING_4
14:59:41.880 updates_StrictModuleLocking_LinearW.js:667 WAITING_5
14:59:43.866 updates_StrictModuleLocking_LinearW.js:667 WAITING_1
14:59:43.871 updates_StrictModuleLocking_LinearW.js:667 WAITING_2
14:59:43.878 updates_StrictModuleLocking_LinearW.js:667 WAITING_3
14:59:43.883 updates_StrictModuleLocking_LinearW.js:667 WAITING_4
14:59:43.885 updates_StrictModuleLocking_LinearW.js:667 WAITING_5
14:59:45.865 updates_StrictModuleLocking_LinearW.js:667 WAITING_1
14:59:45.867 updates_StrictModuleLocking_LinearW.js:667 WAITING_2
14:59:45.870 updates_StrictModuleLocking_LinearW.js:667 WAITING_3
14:59:45.872 updates_StrictModuleLocking_LinearW.js:667 WAITING_4
14:59:45.875 updates_StrictModuleLocking_LinearW.js:667 WAITING_5
14:59:46.868 updates_StrictModuleLocking_LinearW.js:637 UPDATE_0
14:59:46.870 updates_StrictModuleLocking_LinearW.js:667 WAITING_1
14:59:47.858 updates_StrictModuleLocking_LinearW.js:667 WAITING_2
14:59:47.860 updates_StrictModuleLocking_LinearW.js:667 WAITING_3
14:59:47.863 updates_StrictModuleLocking_LinearW.js:667 WAITING_4
14:59:47.866 updates_StrictModuleLocking_LinearW.js:667 WAITING_5
14:59:47.867 updates_StrictModuleLocking_LinearW.js:619 NODEACCESSRELEASED_0
14:59:48.867 updates_StrictModuleLocking_LinearW.js:629 THINKING_1
14:59:48.872 updates_StrictModuleLocking_LinearW.js:667 WAITING_2
14:59:48.893 updates_StrictModuleLocking_LinearW.js:667 WAITING_3
14:59:48.896 updates_StrictModuleLocking_LinearW.js:667 WAITING_4
14:59:49.863 updates_StrictModuleLocking_LinearW.js:667 WAITING_5
14:59:49.864 updates_StrictModuleLocking_LinearW.js:649 NODEACCESSREQUESTED_0
14:59:50.863 updates_StrictModuleLocking_LinearW.js:667 WAITING_2
14:59:50.866 updates_StrictModuleLocking_LinearW.js:667 WAITING_3
14:59:50.869 updates_StrictModuleLocking_LinearW.js:667 WAITING_4
14:59:51.869 updates_StrictModuleLocking_LinearW.js:667 WAITING_5
14:59:51.871 updates_StrictModuleLocking_LinearW.js:667 WAITING_0
14:59:51.873 updates_StrictModuleLocking_LinearW.js:637 UPDATE_1
14:59:51.875 updates_StrictModuleLocking_LinearW.js:667 WAITING_2
14:59:52.858 updates_StrictModuleLocking_LinearW.js:667 WAITING_3
14:59:52.860 updates_StrictModuleLocking_LinearW.js:667 WAITING_4
14:59:52.863 updates_StrictModuleLocking_LinearW.js:619 NODEACCESSRELEASED_1
14:59:53.859 updates_StrictModuleLocking_LinearW.js:667 WAITING_5
14:59:53.862 updates_StrictModuleLocking_LinearW.js:667 WAITING_0
14:59:53.867 updates_StrictModuleLocking_LinearW.js:619 NODEACCESSRELEASED_2
14:59:54.865 updates_StrictModuleLocking_LinearW.js:619 NODEACCESSRELEASED_3
14:59:54.868 updates_StrictModuleLocking_LinearW.js:619 NODEACCESSRELEASED_4
14:59:54.870 updates_StrictModuleLocking_LinearW.js:649 NODEACCESSREQUESTED_1
14:59:54.873 updates_StrictModuleLocking_LinearW.js:619 NODEACCESSRELEASED_5
14:59:55.858 updates_StrictModuleLocking_LinearW.js:637 UPDATE_0
14:59:55.860 updates_StrictModuleLocking_LinearW.js:649 NODEACCESSREQUESTED_2
14:59:56.858 updates_StrictModuleLocking_LinearW.js:649 NODEACCESSREQUESTED_3
14:59:56.861 updates_StrictModuleLocking_LinearW.js:649 NODEACCESSREQUESTED_4
14:59:56.864 updates_StrictModuleLocking_LinearW.js:667 WAITING_1
14:59:56.866 updates_StrictModuleLocking_LinearW.js:649 NODEACCESSREQUESTED_5
14:59:56.870 updates_StrictModuleLocking_LinearW.js:619 NODEACCESSRELEASED_0
14:59:57.856 updates_StrictModuleLocking_LinearW.js:667 WAITING_2
14:59:58.858 updates_StrictModuleLocking_LinearW.js:667 WAITING_3
14:59:58.859 updates_StrictModuleLocking_LinearW.js:667 WAITING_4
14:59:58.863 updates_StrictModuleLocking_LinearW.js:637 UPDATE_1
14:59:58.865 updates_StrictModuleLocking_LinearW.js:667 WAITING_5
14:59:58.868 updates_StrictModuleLocking_LinearW.js:649 NODEACCESSREQUESTED_0
14:59:59.866 updates_StrictModuleLocking_LinearW.js:667 WAITING_2
14:59:59.872 updates_StrictModuleLocking_LinearW.js:629 THINKING_1
14:59:59.878 updates_StrictModuleLocking_LinearW.js:667 WAITING_3
14:59:59.886 updates_StrictModuleLocking_LinearW.js:667 WAITING_4
15:00:00.864 updates_StrictModuleLocking_LinearW.js:667 WAITING_5
15:00:00.870 updates_StrictModuleLocking_LinearW.js:667 WAITING_0
15:00:01.871 updates_StrictModuleLocking_LinearW.js:667 WAITING_2
15:00:01.872 updates_StrictModuleLocking_LinearW.js:667 WAITING_3
15:00:01.874 updates_StrictModuleLocking_LinearW.js:667 WAITING_4
15:00:01.875 updates_StrictModuleLocking_LinearW.js:667 WAITING_5
15:00:02.866 updates_StrictModuleLocking_LinearW.js:667 WAITING_0
15:00:03.862 updates_StrictModuleLocking_LinearW.js:667 WAITING_2
15:00:03.865 updates_StrictModuleLocking_LinearW.js:667 WAITING_3
15:00:03.867 updates_StrictModuleLocking_LinearW.js:667 WAITING_4
15:00:03.869 updates_StrictModuleLocking_LinearW.js:667 WAITING_5
15:00:03.870 updates_StrictModuleLocking_LinearW.js:637 UPDATE_1
15:00:04.860 updates_StrictModuleLocking_LinearW.js:667 WAITING_0
15:00:04.863 updates_StrictModuleLocking_LinearW.js:629 THINKING_1
15:00:05.858 updates_StrictModuleLocking_LinearW.js:667 WAITING_2
15:00:05.862 updates_StrictModuleLocking_LinearW.js:667 WAITING_3
15:00:05.864 updates_StrictModuleLocking_LinearW.js:667 WAITING_4
15:00:05.867 updates_StrictModuleLocking_LinearW.js:667 WAITING_5
15:00:06.861 updates_StrictModuleLocking_LinearW.js:667 WAITING_0
15:00:07.860 updates_StrictModuleLocking_LinearW.js:667 WAITING_2
15:00:07.863 updates_StrictModuleLocking_LinearW.js:667 WAITING_3
15:00:07.865 updates_StrictModuleLocking_LinearW.js:667 WAITING_4
15:00:07.867 updates_StrictModuleLocking_LinearW.js:667 WAITING_5
15:00:08.859 updates_StrictModuleLocking_LinearW.js:667 WAITING_0
15:00:09.860 updates_StrictModuleLocking_LinearW.js:667 WAITING_2
15:00:09.864 updates_StrictModuleLocking_LinearW.js:667 WAITING_3
15:00:09.868 updates_StrictModuleLocking_LinearW.js:667 WAITING_4
15:00:09.872 updates_StrictModuleLocking_LinearW.js:667 WAITING_5
15:00:09.875 updates_StrictModuleLocking_LinearW.js:637 UPDATE_1
15:00:10.863 updates_StrictModuleLocking_LinearW.js:667 WAITING_0
15:00:10.865 updates_StrictModuleLocking_LinearW.js:619 NODEACCESSRELEASED_1
15:00:10.868 updates_StrictModuleLocking_LinearW.js:637 UPDATE_2
15:00:11.865 updates_StrictModuleLocking_LinearW.js:667 WAITING_3
15:00:11.867 updates_StrictModuleLocking_LinearW.js:667 WAITING_4
15:00:11.870 updates_StrictModuleLocking_LinearW.js:667 WAITING_5
15:00:11.872 updates_StrictModuleLocking_LinearW.js:619 NODEACCESSRELEASED_2
15:00:12.867 updates_StrictModuleLocking_LinearW.js:667 WAITING_0
15:00:12.870 updates_StrictModuleLocking_LinearW.js:649 NODEACCESSREQUESTED_1
15:00:12.872 updates_StrictModuleLocking_LinearW.js:637 UPDATE_3
15:00:13.864 updates_StrictModuleLocking_LinearW.js:667 WAITING_4
15:00:13.866 updates_StrictModuleLocking_LinearW.js:667 WAITING_5
15:00:13.869 updates_StrictModuleLocking_LinearW.js:649 NODEACCESSREQUESTED_2
15:00:13.872 updates_StrictModuleLocking_LinearW.js:619 NODEACCESSRELEASED_3
15:00:14.869 updates_StrictModuleLocking_LinearW.js:667 WAITING_0
15:00:14.880 updates_StrictModuleLocking_LinearW.js:667 WAITING_1
15:00:14.888 updates_StrictModuleLocking_LinearW.js:637 UPDATE_4
15:00:15.863 updates_StrictModuleLocking_LinearW.js:667 WAITING_5
15:00:15.865 updates_StrictModuleLocking_LinearW.js:667 WAITING_2
15:00:15.867 updates_StrictModuleLocking_LinearW.js:649 NODEACCESSREQUESTED_3
15:00:15.871 updates_StrictModuleLocking_LinearW.js:619 NODEACCESSRELEASED_4
15:00:16.869 updates_StrictModuleLocking_LinearW.js:667 WAITING_0
15:00:16.871 updates_StrictModuleLocking_LinearW.js:667 WAITING_1
15:00:16.873 updates_StrictModuleLocking_LinearW.js:637 UPDATE_5
15:00:16.875 updates_StrictModuleLocking_LinearW.js:667 WAITING_2
15:00:17.857 updates_StrictModuleLocking_LinearW.js:667 WAITING_3
15:00:17.860 updates_StrictModuleLocking_LinearW.js:649 NODEACCESSREQUESTED_4
15:00:17.862 updates_StrictModuleLocking_LinearW.js:629 THINKING_5
15:00:18.858 updates_StrictModuleLocking_LinearW.js:667 WAITING_0
15:00:18.861 updates_StrictModuleLocking_LinearW.js:667 WAITING_1
15:00:18.864 updates_StrictModuleLocking_LinearW.js:667 WAITING_2
15:00:19.861 updates_StrictModuleLocking_LinearW.js:667 WAITING_3
15:00:19.863 updates_StrictModuleLocking_LinearW.js:667 WAITING_4
15:00:19.865 updates_StrictModuleLocking_LinearW.js:667 WAITING_0
15:00:20.860 updates_StrictModuleLocking_LinearW.js:667 WAITING_1
15:00:20.863 updates_StrictModuleLocking_LinearW.js:667 WAITING_2
15:00:20.865 updates_StrictModuleLocking_LinearW.js:637 UPDATE_5
15:00:21.860 updates_StrictModuleLocking_LinearW.js:667 WAITING_3
15:00:21.868 updates_StrictModuleLocking_LinearW.js:667 WAITING_4
15:00:21.875 updates_StrictModuleLocking_LinearW.js:667 WAITING_0
15:00:21.882 updates_StrictModuleLocking_LinearW.js:619 NODEACCESSRELEASED_5
15:00:22.865 updates_StrictModuleLocking_LinearW.js:667 WAITING_1
15:00:22.867 updates_StrictModuleLocking_LinearW.js:667 WAITING_2
15:00:23.865 updates_StrictModuleLocking_LinearW.js:667 WAITING_3
15:00:23.868 updates_StrictModuleLocking_LinearW.js:667 WAITING_4
15:00:23.871 updates_StrictModuleLocking_LinearW.js:637 UPDATE_0
15:00:23.874 updates_StrictModuleLocking_LinearW.js:649 NODEACCESSREQUESTED_5
15:00:24.858 updates_StrictModuleLocking_LinearW.js:667 WAITING_1
15:00:24.865 updates_StrictModuleLocking_LinearW.js:667 WAITING_2
15:00:24.870 updates_StrictModuleLocking_LinearW.js:629 THINKING_0
15:00:25.861 updates_StrictModuleLocking_LinearW.js:667 WAITING_3
15:00:25.863 updates_StrictModuleLocking_LinearW.js:667 WAITING_4
15:00:25.865 updates_StrictModuleLocking_LinearW.js:667 WAITING_5
15:00:26.863 updates_StrictModuleLocking_LinearW.js:667 WAITING_1
15:00:26.865 updates_StrictModuleLocking_LinearW.js:667 WAITING_2
15:00:27.863 updates_StrictModuleLocking_LinearW.js:667 WAITING_3
15:00:27.864 updates_StrictModuleLocking_LinearW.js:667 WAITING_4
15:00:27.866 updates_StrictModuleLocking_LinearW.js:667 WAITING_5
15:00:27.870 updates_StrictModuleLocking_LinearW.js:637 UPDATE_0
15:00:28.864 updates_StrictModuleLocking_LinearW.js:667 WAITING_1
15:00:28.867 updates_StrictModuleLocking_LinearW.js:667 WAITING_2
15:00:28.869 updates_StrictModuleLocking_LinearW.js:629 THINKING_0
15:00:28.871 updates_StrictModuleLocking_LinearW.js:667 WAITING_3
15:00:29.866 updates_StrictModuleLocking_LinearW.js:667 WAITING_4
15:00:29.868 updates_StrictModuleLocking_LinearW.js:667 WAITING_5
15:00:30.865 updates_StrictModuleLocking_LinearW.js:667 WAITING_1
15:00:30.867 updates_StrictModuleLocking_LinearW.js:667 WAITING_2
15:00:30.869 updates_StrictModuleLocking_LinearW.js:667 WAITING_3
15:00:31.863 updates_StrictModuleLocking_LinearW.js:667 WAITING_4
15:00:31.865 updates_StrictModuleLocking_LinearW.js:667 WAITING_5
15:00:32.859 updates_StrictModuleLocking_LinearW.js:667 WAITING_1
15:00:32.862 updates_StrictModuleLocking_LinearW.js:667 WAITING_2
15:00:32.863 updates_StrictModuleLocking_LinearW.js:667 WAITING_3
15:00:33.864 updates_StrictModuleLocking_LinearW.js:667 WAITING_4
15:00:33.866 updates_StrictModuleLocking_LinearW.js:667 WAITING_5
15:00:33.869 updates_StrictModuleLocking_LinearW.js:637 UPDATE_0
15:00:33.872 updates_StrictModuleLocking_LinearW.js:667 WAITING_1
15:00:33.874 updates_StrictModuleLocking_LinearW.js:667 WAITING_2
15:00:34.854 updates_StrictModuleLocking_LinearW.js:667 WAITING_3
15:00:34.857 updates_StrictModuleLocking_LinearW.js:619 NODEACCESSRELEASED_0
15:00:35.865 updates_StrictModuleLocking_LinearW.js:667 WAITING_4
15:00:35.868 updates_StrictModuleLocking_LinearW.js:667 WAITING_5
15:00:35.871 updates_StrictModuleLocking_LinearW.js:637 UPDATE_1
15:00:35.872 updates_StrictModuleLocking_LinearW.js:667 WAITING_2
15:00:35.875 updates_StrictModuleLocking_LinearW.js:667 WAITING_3
15:00:35.876 updates_StrictModuleLocking_LinearW.js:649 NODEACCESSREQUESTED_0
15:00:36.865 updates_StrictModuleLocking_LinearW.js:629 THINKING_1
15:00:37.856 updates_StrictModuleLocking_LinearW.js:667 WAITING_4
15:00:37.861 updates_StrictModuleLocking_LinearW.js:667 WAITING_5
15:00:37.868 updates_StrictModuleLocking_LinearW.js:667 WAITING_2
15:00:37.880 updates_StrictModuleLocking_LinearW.js:667 WAITING_3
15:00:37.884 updates_StrictModuleLocking_LinearW.js:667 WAITING_0
15:00:39.859 updates_StrictModuleLocking_LinearW.js:667 WAITING_4
15:00:39.861 updates_StrictModuleLocking_LinearW.js:667 WAITING_5
15:00:39.864 updates_StrictModuleLocking_LinearW.js:667 WAITING_2
15:00:39.866 updates_StrictModuleLocking_LinearW.js:667 WAITING_3
15:00:39.868 updates_StrictModuleLocking_LinearW.js:667 WAITING_0
15:00:39.870 updates_StrictModuleLocking_LinearW.js:637 UPDATE_1
15:00:40.856 updates_StrictModuleLocking_LinearW.js:619 NODEACCESSRELEASED_1
15:00:41.858 updates_StrictModuleLocking_LinearW.js:667 WAITING_4
15:00:41.861 updates_StrictModuleLocking_LinearW.js:667 WAITING_5
15:00:41.865 updates_StrictModuleLocking_LinearW.js:637 UPDATE_2
15:00:41.869 updates_StrictModuleLocking_LinearW.js:667 WAITING_3
15:00:41.872 updates_StrictModuleLocking_LinearW.js:667 WAITING_0
15:00:42.866 updates_StrictModuleLocking_LinearW.js:649 NODEACCESSREQUESTED_1
15:00:42.868 updates_StrictModuleLocking_LinearW.js:619 NODEACCESSRELEASED_2
15:00:42.870 updates_StrictModuleLocking_LinearW.js:667 WAITING_4
15:00:42.872 updates_StrictModuleLocking_LinearW.js:667 WAITING_5
15:00:43.868 updates_StrictModuleLocking_LinearW.js:637 UPDATE_3
15:00:43.870 updates_StrictModuleLocking_LinearW.js:667 WAITING_0
15:00:43.872 updates_StrictModuleLocking_LinearW.js:667 WAITING_1
15:00:44.868 updates_StrictModuleLocking_LinearW.js:649 NODEACCESSREQUESTED_2
15:00:44.870 updates_StrictModuleLocking_LinearW.js:667 WAITING_4
15:00:44.873 updates_StrictModuleLocking_LinearW.js:667 WAITING_5
15:00:44.875 updates_StrictModuleLocking_LinearW.js:629 THINKING_3
15:00:45.869 updates_StrictModuleLocking_LinearW.js:667 WAITING_0
15:00:45.871 updates_StrictModuleLocking_LinearW.js:667 WAITING_1
15:00:46.856 updates_StrictModuleLocking_LinearW.js:667 WAITING_2
15:00:46.864 updates_StrictModuleLocking_LinearW.js:667 WAITING_4
15:00:46.868 updates_StrictModuleLocking_LinearW.js:667 WAITING_5
15:00:47.862 updates_StrictModuleLocking_LinearW.js:667 WAITING_0
15:00:47.864 updates_StrictModuleLocking_LinearW.js:667 WAITING_1
15:00:48.865 updates_StrictModuleLocking_LinearW.js:667 WAITING_2
15:00:48.866 updates_StrictModuleLocking_LinearW.js:667 WAITING_4
15:00:48.868 updates_StrictModuleLocking_LinearW.js:667 WAITING_5
15:00:48.869 updates_StrictModuleLocking_LinearW.js:667 WAITING_0
15:00:49.859 updates_StrictModuleLocking_LinearW.js:667 WAITING_1
15:00:49.862 updates_StrictModuleLocking_LinearW.js:637 UPDATE_3
15:00:50.866 updates_StrictModuleLocking_LinearW.js:667 WAITING_2
15:00:50.868 updates_StrictModuleLocking_LinearW.js:667 WAITING_4
15:00:50.870 updates_StrictModuleLocking_LinearW.js:667 WAITING_5
15:00:50.873 updates_StrictModuleLocking_LinearW.js:667 WAITING_0
15:00:50.875 updates_StrictModuleLocking_LinearW.js:619 NODEACCESSRELEASED_3
15:00:50.876 updates_StrictModuleLocking_LinearW.js:667 WAITING_1
15:00:52.862 updates_StrictModuleLocking_LinearW.js:667 WAITING_2
15:00:52.864 updates_StrictModuleLocking_LinearW.js:637 UPDATE_4
15:00:52.868 updates_StrictModuleLocking_LinearW.js:667 WAITING_5
15:00:52.870 updates_StrictModuleLocking_LinearW.js:667 WAITING_0
15:00:52.873 updates_StrictModuleLocking_LinearW.js:649 NODEACCESSREQUESTED_3
15:00:52.875 updates_StrictModuleLocking_LinearW.js:667 WAITING_1
15:00:53.868 updates_StrictModuleLocking_LinearW.js:619 NODEACCESSRELEASED_4
15:00:53.870 updates_StrictModuleLocking_LinearW.js:667 WAITING_2
15:00:54.868 updates_StrictModuleLocking_LinearW.js:637 UPDATE_5
15:00:54.870 updates_StrictModuleLocking_LinearW.js:667 WAITING_0
15:00:54.872 updates_StrictModuleLocking_LinearW.js:667 WAITING_3
15:00:54.873 updates_StrictModuleLocking_LinearW.js:667 WAITING_1
15:00:55.868 updates_StrictModuleLocking_LinearW.js:649 NODEACCESSREQUESTED_4
15:00:55.870 updates_StrictModuleLocking_LinearW.js:667 WAITING_2
15:00:55.872 updates_StrictModuleLocking_LinearW.js:629 THINKING_5
15:00:56.857 updates_StrictModuleLocking_LinearW.js:667 WAITING_0
15:00:56.859 updates_StrictModuleLocking_LinearW.js:667 WAITING_3
15:00:56.861 updates_StrictModuleLocking_LinearW.js:667 WAITING_1
15:00:57.857 updates_StrictModuleLocking_LinearW.js:667 WAITING_4
15:00:57.859 updates_StrictModuleLocking_LinearW.js:667 WAITING_2
15:00:58.858 updates_StrictModuleLocking_LinearW.js:667 WAITING_0
15:00:58.859 updates_StrictModuleLocking_LinearW.js:667 WAITING_3
15:00:58.860 updates_StrictModuleLocking_LinearW.js:667 WAITING_1
15:00:59.857 updates_StrictModuleLocking_LinearW.js:667 WAITING_4
15:00:59.859 updates_StrictModuleLocking_LinearW.js:667 WAITING_2
15:00:59.860 updates_StrictModuleLocking_LinearW.js:637 UPDATE_5
15:01:00.868 updates_StrictModuleLocking_LinearW.js:667 WAITING_0
15:01:00.870 updates_StrictModuleLocking_LinearW.js:667 WAITING_3
15:01:00.872 updates_StrictModuleLocking_LinearW.js:667 WAITING_1
15:01:00.874 updates_StrictModuleLocking_LinearW.js:619 NODEACCESSRELEASED_5
15:01:00.876 updates_StrictModuleLocking_LinearW.js:667 WAITING_4
15:01:00.881 updates_StrictModuleLocking_LinearW.js:667 WAITING_2
15:01:02.855 updates_StrictModuleLocking_LinearW.js:637 UPDATE_0
15:01:02.860 updates_StrictModuleLocking_LinearW.js:667 WAITING_3
15:01:02.862 updates_StrictModuleLocking_LinearW.js:667 WAITING_1
15:01:02.868 updates_StrictModuleLocking_LinearW.js:649 NODEACCESSREQUESTED_5
15:01:02.870 updates_StrictModuleLocking_LinearW.js:667 WAITING_4
15:01:02.873 updates_StrictModuleLocking_LinearW.js:667 WAITING_2
15:01:03.854 updates_StrictModuleLocking_LinearW.js:629 THINKING_0
15:01:04.859 updates_StrictModuleLocking_LinearW.js:667 WAITING_3
15:01:04.861 updates_StrictModuleLocking_LinearW.js:667 WAITING_1
15:01:04.862 updates_StrictModuleLocking_LinearW.js:667 WAITING_5
15:01:04.864 updates_StrictModuleLocking_LinearW.js:667 WAITING_4
15:01:04.865 updates_StrictModuleLocking_LinearW.js:667 WAITING_2
15:01:06.858 updates_StrictModuleLocking_LinearW.js:667 WAITING_3
15:01:06.859 updates_StrictModuleLocking_LinearW.js:667 WAITING_1
15:01:06.862 updates_StrictModuleLocking_LinearW.js:667 WAITING_5
15:01:06.864 updates_StrictModuleLocking_LinearW.js:667 WAITING_4
15:01:06.866 updates_StrictModuleLocking_LinearW.js:667 WAITING_2
15:01:06.868 updates_StrictModuleLocking_LinearW.js:637 UPDATE_0
15:01:07.856 updates_StrictModuleLocking_LinearW.js:619 NODEACCESSRELEASED_0
15:01:08.868 updates_StrictModuleLocking_LinearW.js:667 WAITING_3
15:01:08.871 updates_StrictModuleLocking_LinearW.js:637 UPDATE_1
15:01:08.874 updates_StrictModuleLocking_LinearW.js:667 WAITING_5
15:01:08.875 updates_StrictModuleLocking_LinearW.js:667 WAITING_4
15:01:08.877 updates_StrictModuleLocking_LinearW.js:667 WAITING_2
15:01:08.878 updates_StrictModuleLocking_LinearW.js:649 NODEACCESSREQUESTED_0
15:01:09.855 updates_StrictModuleLocking_LinearW.js:629 THINKING_1
15:01:10.856 updates_StrictModuleLocking_LinearW.js:667 WAITING_3
15:01:10.859 updates_StrictModuleLocking_LinearW.js:667 WAITING_5
15:01:10.861 updates_StrictModuleLocking_LinearW.js:667 WAITING_4
15:01:10.864 updates_StrictModuleLocking_LinearW.js:667 WAITING_2
15:01:10.866 updates_StrictModuleLocking_LinearW.js:667 WAITING_0
15:01:11.860 updates_StrictModuleLocking_LinearW.js:667 WAITING_3
15:01:12.880 updates_StrictModuleLocking_LinearW.js:667 WAITING_5
15:01:12.885 updates_StrictModuleLocking_LinearW.js:667 WAITING_4
15:01:12.889 updates_StrictModuleLocking_LinearW.js:667 WAITING_2
15:01:12.893 updates_StrictModuleLocking_LinearW.js:667 WAITING_0
15:01:12.896 updates_StrictModuleLocking_LinearW.js:637 UPDATE_1
15:01:12.899 updates_StrictModuleLocking_LinearW.js:667 WAITING_3
15:01:13.857 updates_StrictModuleLocking_LinearW.js:629 THINKING_1
15:01:14.865 updates_StrictModuleLocking_LinearW.js:667 WAITING_5
15:01:14.871 updates_StrictModuleLocking_LinearW.js:667 WAITING_4
15:01:14.877 updates_StrictModuleLocking_LinearW.js:667 WAITING_2
15:01:14.883 updates_StrictModuleLocking_LinearW.js:667 WAITING_0
15:01:14.889 updates_StrictModuleLocking_LinearW.js:667 WAITING_3
15:01:16.869 updates_StrictModuleLocking_LinearW.js:667 WAITING_5
15:01:16.870 updates_StrictModuleLocking_LinearW.js:667 WAITING_4
15:01:16.871 updates_StrictModuleLocking_LinearW.js:667 WAITING_2
15:01:16.873 updates_StrictModuleLocking_LinearW.js:667 WAITING_0
15:01:16.874 updates_StrictModuleLocking_LinearW.js:667 WAITING_3
15:01:18.867 updates_StrictModuleLocking_LinearW.js:667 WAITING_5
15:01:18.869 updates_StrictModuleLocking_LinearW.js:667 WAITING_4
15:01:18.871 updates_StrictModuleLocking_LinearW.js:667 WAITING_2
15:01:18.874 updates_StrictModuleLocking_LinearW.js:667 WAITING_0
15:01:18.876 updates_StrictModuleLocking_LinearW.js:667 WAITING_3
15:01:18.878 updates_StrictModuleLocking_LinearW.js:637 UPDATE_1
15:01:19.865 updates_StrictModuleLocking_LinearW.js:629 THINKING_1
15:01:20.874 updates_StrictModuleLocking_LinearW.js:667 WAITING_5
15:01:20.875 updates_StrictModuleLocking_LinearW.js:667 WAITING_4
15:01:20.877 updates_StrictModuleLocking_LinearW.js:667 WAITING_2
15:01:20.884 updates_StrictModuleLocking_LinearW.js:667 WAITING_0
15:01:20.886 updates_StrictModuleLocking_LinearW.js:667 WAITING_3
15:01:22.874 updates_StrictModuleLocking_LinearW.js:667 WAITING_5
15:01:22.876 updates_StrictModuleLocking_LinearW.js:667 WAITING_4
15:01:22.878 updates_StrictModuleLocking_LinearW.js:667 WAITING_2
15:01:22.880 updates_StrictModuleLocking_LinearW.js:667 WAITING_0
15:01:22.882 updates_StrictModuleLocking_LinearW.js:667 WAITING_3
15:01:24.861 updates_StrictModuleLocking_LinearW.js:667 WAITING_5
15:01:24.863 updates_StrictModuleLocking_LinearW.js:667 WAITING_4
15:01:24.865 updates_StrictModuleLocking_LinearW.js:667 WAITING_2
15:01:24.867 updates_StrictModuleLocking_LinearW.js:667 WAITING_0
15:01:24.869 updates_StrictModuleLocking_LinearW.js:667 WAITING_3
15:01:24.871 updates_StrictModuleLocking_LinearW.js:637 UPDATE_1
15:01:25.866 updates_StrictModuleLocking_LinearW.js:619 NODEACCESSRELEASED_1
15:01:25.867 updates_StrictModuleLocking_LinearW.js:667 WAITING_5
15:01:25.869 updates_StrictModuleLocking_LinearW.js:667 WAITING_4
15:01:26.872 updates_StrictModuleLocking_LinearW.js:637 UPDATE_2
15:01:26.874 updates_StrictModuleLocking_LinearW.js:667 WAITING_0
15:01:26.876 updates_StrictModuleLocking_LinearW.js:667 WAITING_3
15:01:26.882 updates_StrictModuleLocking_LinearW.js:649 NODEACCESSREQUESTED_1
15:01:26.884 updates_StrictModuleLocking_LinearW.js:667 WAITING_5
15:01:26.886 updates_StrictModuleLocking_LinearW.js:667 WAITING_4
15:01:27.862 updates_StrictModuleLocking_LinearW.js:629 THINKING_2
15:01:28.864 updates_StrictModuleLocking_LinearW.js:667 WAITING_0
15:01:28.867 updates_StrictModuleLocking_LinearW.js:667 WAITING_3
15:01:28.869 updates_StrictModuleLocking_LinearW.js:667 WAITING_1
15:01:28.871 updates_StrictModuleLocking_LinearW.js:667 WAITING_5
15:01:28.873 updates_StrictModuleLocking_LinearW.js:667 WAITING_4
15:01:30.862 updates_StrictModuleLocking_LinearW.js:667 WAITING_0
15:01:30.868 updates_StrictModuleLocking_LinearW.js:667 WAITING_3
15:01:30.872 updates_StrictModuleLocking_LinearW.js:667 WAITING_1
15:01:30.875 updates_StrictModuleLocking_LinearW.js:667 WAITING_5
15:01:30.877 updates_StrictModuleLocking_LinearW.js:667 WAITING_4
15:01:30.878 updates_StrictModuleLocking_LinearW.js:637 UPDATE_2
15:01:31.865 updates_StrictModuleLocking_LinearW.js:619 NODEACCESSRELEASED_2
15:01:32.867 updates_StrictModuleLocking_LinearW.js:667 WAITING_0
15:01:32.869 updates_StrictModuleLocking_LinearW.js:637 UPDATE_3
15:01:32.871 updates_StrictModuleLocking_LinearW.js:667 WAITING_1
15:01:32.873 updates_StrictModuleLocking_LinearW.js:667 WAITING_5
15:01:32.874 updates_StrictModuleLocking_LinearW.js:667 WAITING_4
15:01:33.867 updates_StrictModuleLocking_LinearW.js:649 NODEACCESSREQUESTED_2
15:01:33.869 updates_StrictModuleLocking_LinearW.js:619 NODEACCESSRELEASED_3
15:01:34.862 updates_StrictModuleLocking_LinearW.js:667 WAITING_0
15:01:34.864 updates_StrictModuleLocking_LinearW.js:667 WAITING_1
15:01:34.866 updates_StrictModuleLocking_LinearW.js:667 WAITING_5
15:01:34.868 updates_StrictModuleLocking_LinearW.js:637 UPDATE_4
15:01:35.870 updates_StrictModuleLocking_LinearW.js:667 WAITING_2
15:01:35.872 updates_StrictModuleLocking_LinearW.js:649 NODEACCESSREQUESTED_3
15:01:35.874 updates_StrictModuleLocking_LinearW.js:619 NODEACCESSRELEASED_4
15:01:35.876 updates_StrictModuleLocking_LinearW.js:667 WAITING_0
15:01:35.878 updates_StrictModuleLocking_LinearW.js:667 WAITING_1
15:01:35.879 updates_StrictModuleLocking_LinearW.js:637 UPDATE_5
15:01:36.871 updates_StrictModuleLocking_LinearW.js:629 THINKING_5
15:01:37.864 updates_StrictModuleLocking_LinearW.js:667 WAITING_2
15:01:37.866 updates_StrictModuleLocking_LinearW.js:667 WAITING_3
15:01:37.867 updates_StrictModuleLocking_LinearW.js:649 NODEACCESSREQUESTED_4
15:01:37.868 updates_StrictModuleLocking_LinearW.js:667 WAITING_0
15:01:37.869 updates_StrictModuleLocking_LinearW.js:667 WAITING_1
15:01:38.868 updates_StrictModuleLocking_LinearW.js:667 WAITING_2
15:01:38.870 updates_StrictModuleLocking_LinearW.js:667 WAITING_3
15:01:39.870 updates_StrictModuleLocking_LinearW.js:667 WAITING_4
15:01:39.872 updates_StrictModuleLocking_LinearW.js:667 WAITING_0
15:01:39.874 updates_StrictModuleLocking_LinearW.js:667 WAITING_1
15:01:39.876 updates_StrictModuleLocking_LinearW.js:667 WAITING_2
15:01:40.869 updates_StrictModuleLocking_LinearW.js:667 WAITING_3
15:01:41.869 updates_StrictModuleLocking_LinearW.js:667 WAITING_4
15:01:41.871 updates_StrictModuleLocking_LinearW.js:667 WAITING_0
15:01:41.872 updates_StrictModuleLocking_LinearW.js:667 WAITING_1
15:01:41.873 updates_StrictModuleLocking_LinearW.js:667 WAITING_2
15:01:41.874 updates_StrictModuleLocking_LinearW.js:637 UPDATE_5
15:01:42.864 updates_StrictModuleLocking_LinearW.js:667 WAITING_3
15:01:42.866 updates_StrictModuleLocking_LinearW.js:629 THINKING_5
15:01:43.870 updates_StrictModuleLocking_LinearW.js:667 WAITING_4
15:01:43.875 updates_StrictModuleLocking_LinearW.js:667 WAITING_0
15:01:43.876 updates_StrictModuleLocking_LinearW.js:667 WAITING_1
15:01:43.877 updates_StrictModuleLocking_LinearW.js:667 WAITING_2
15:01:43.878 updates_StrictModuleLocking_LinearW.js:667 WAITING_3
15:01:45.866 updates_StrictModuleLocking_LinearW.js:667 WAITING_4
15:01:45.872 updates_StrictModuleLocking_LinearW.js:667 WAITING_0
15:01:45.879 updates_StrictModuleLocking_LinearW.js:667 WAITING_1
15:01:45.884 updates_StrictModuleLocking_LinearW.js:667 WAITING_2
15:01:45.888 updates_StrictModuleLocking_LinearW.js:667 WAITING_3
15:01:45.893 updates_StrictModuleLocking_LinearW.js:637 UPDATE_5
15:01:46.865 updates_StrictModuleLocking_LinearW.js:619 NODEACCESSRELEASED_5
15:01:47.865 updates_StrictModuleLocking_LinearW.js:667 WAITING_4
15:01:47.866 updates_StrictModuleLocking_LinearW.js:637 UPDATE_0
15:01:47.868 updates_StrictModuleLocking_LinearW.js:667 WAITING_1
15:01:47.869 updates_StrictModuleLocking_LinearW.js:667 WAITING_2
15:01:47.870 updates_StrictModuleLocking_LinearW.js:667 WAITING_3
15:01:48.862 updates_StrictModuleLocking_LinearW.js:649 NODEACCESSREQUESTED_5
15:01:48.864 updates_StrictModuleLocking_LinearW.js:619 NODEACCESSRELEASED_0
15:01:49.867 updates_StrictModuleLocking_LinearW.js:667 WAITING_4
15:01:49.869 updates_StrictModuleLocking_LinearW.js:637 UPDATE_1
15:01:49.872 updates_StrictModuleLocking_LinearW.js:667 WAITING_2
15:01:49.874 updates_StrictModuleLocking_LinearW.js:667 WAITING_3
15:01:49.876 updates_StrictModuleLocking_LinearW.js:667 WAITING_5
15:01:49.878 updates_StrictModuleLocking_LinearW.js:649 NODEACCESSREQUESTED_0
15:01:50.871 updates_StrictModuleLocking_LinearW.js:629 THINKING_1
15:01:50.873 updates_StrictModuleLocking_LinearW.js:667 WAITING_4
15:01:51.861 updates_StrictModuleLocking_LinearW.js:667 WAITING_2
15:01:51.864 updates_StrictModuleLocking_LinearW.js:667 WAITING_3
15:01:51.866 updates_StrictModuleLocking_LinearW.js:667 WAITING_5
15:01:51.868 updates_StrictModuleLocking_LinearW.js:667 WAITING_0
15:01:52.860 updates_StrictModuleLocking_LinearW.js:667 WAITING_4
15:01:53.861 updates_StrictModuleLocking_LinearW.js:667 WAITING_2
15:01:53.863 updates_StrictModuleLocking_LinearW.js:667 WAITING_3
15:01:53.864 updates_StrictModuleLocking_LinearW.js:667 WAITING_5
15:01:53.865 updates_StrictModuleLocking_LinearW.js:667 WAITING_0
15:01:53.867 updates_StrictModuleLocking_LinearW.js:637 UPDATE_1
15:01:54.872 updates_StrictModuleLocking_LinearW.js:667 WAITING_4
15:01:54.874 updates_StrictModuleLocking_LinearW.js:619 NODEACCESSRELEASED_1
15:01:54.878 updates_StrictModuleLocking_LinearW.js:637 UPDATE_2
15:01:54.879 updates_StrictModuleLocking_LinearW.js:667 WAITING_3
15:01:54.881 updates_StrictModuleLocking_LinearW.js:667 WAITING_5
15:01:54.883 updates_StrictModuleLocking_LinearW.js:667 WAITING_0
15:01:55.872 updates_StrictModuleLocking_LinearW.js:619 NODEACCESSRELEASED_2
15:01:56.863 updates_StrictModuleLocking_LinearW.js:667 WAITING_4
15:01:56.866 updates_StrictModuleLocking_LinearW.js:649 NODEACCESSREQUESTED_1
15:01:56.868 updates_StrictModuleLocking_LinearW.js:637 UPDATE_3
15:01:56.870 updates_StrictModuleLocking_LinearW.js:667 WAITING_5
15:01:56.871 updates_StrictModuleLocking_LinearW.js:667 WAITING_0
15:01:57.861 updates_StrictModuleLocking_LinearW.js:649 NODEACCESSREQUESTED_2
15:01:57.862 updates_StrictModuleLocking_LinearW.js:619 NODEACCESSRELEASED_3
15:01:58.861 updates_StrictModuleLocking_LinearW.js:637 UPDATE_4
15:01:58.863 updates_StrictModuleLocking_LinearW.js:667 WAITING_1
15:01:58.865 updates_StrictModuleLocking_LinearW.js:667 WAITING_5
15:01:58.868 updates_StrictModuleLocking_LinearW.js:667 WAITING_0
15:01:59.864 updates_StrictModuleLocking_LinearW.js:667 WAITING_2
15:01:59.869 updates_StrictModuleLocking_LinearW.js:649 NODEACCESSREQUESTED_3
15:01:59.873 updates_StrictModuleLocking_LinearW.js:619 NODEACCESSRELEASED_4
15:02:00.871 updates_StrictModuleLocking_LinearW.js:667 WAITING_1
15:02:00.874 updates_StrictModuleLocking_LinearW.js:637 UPDATE_5
15:02:00.875 updates_StrictModuleLocking_LinearW.js:667 WAITING_0
15:02:00.877 updates_StrictModuleLocking_LinearW.js:667 WAITING_2
15:02:01.872 updates_StrictModuleLocking_LinearW.js:667 WAITING_3
15:02:01.874 updates_StrictModuleLocking_LinearW.js:649 NODEACCESSREQUESTED_4
15:02:01.876 updates_StrictModuleLocking_LinearW.js:629 THINKING_5
15:02:02.874 updates_StrictModuleLocking_LinearW.js:667 WAITING_1
15:02:02.876 updates_StrictModuleLocking_LinearW.js:667 WAITING_0
15:02:02.878 updates_StrictModuleLocking_LinearW.js:667 WAITING_2
15:02:02.881 updates_StrictModuleLocking_LinearW.js:667 WAITING_3
15:02:03.861 updates_StrictModuleLocking_LinearW.js:667 WAITING_4
15:02:04.863 updates_StrictModuleLocking_LinearW.js:667 WAITING_1
15:02:04.864 updates_StrictModuleLocking_LinearW.js:667 WAITING_0
15:02:04.866 updates_StrictModuleLocking_LinearW.js:667 WAITING_2
15:02:04.868 updates_StrictModuleLocking_LinearW.js:667 WAITING_3
15:02:05.869 updates_StrictModuleLocking_LinearW.js:667 WAITING_4
15:02:05.871 updates_StrictModuleLocking_LinearW.js:667 WAITING_1
15:02:05.873 updates_StrictModuleLocking_LinearW.js:667 WAITING_0
15:02:05.875 updates_StrictModuleLocking_LinearW.js:667 WAITING_2
15:02:06.869 updates_StrictModuleLocking_LinearW.js:667 WAITING_3
15:02:06.871 updates_StrictModuleLocking_LinearW.js:637 UPDATE_5
15:02:07.870 updates_StrictModuleLocking_LinearW.js:667 WAITING_4
15:02:07.872 updates_StrictModuleLocking_LinearW.js:667 WAITING_1
15:02:07.873 updates_StrictModuleLocking_LinearW.js:667 WAITING_0
15:02:07.876 updates_StrictModuleLocking_LinearW.js:667 WAITING_2
15:02:07.879 updates_StrictModuleLocking_LinearW.js:619 NODEACCESSRELEASED_5
15:02:08.871 updates_StrictModuleLocking_LinearW.js:667 WAITING_3
15:02:09.862 updates_StrictModuleLocking_LinearW.js:667 WAITING_4
15:02:09.864 updates_StrictModuleLocking_LinearW.js:667 WAITING_1
15:02:09.866 updates_StrictModuleLocking_LinearW.js:637 UPDATE_0
15:02:09.868 updates_StrictModuleLocking_LinearW.js:667 WAITING_2
15:02:09.870 updates_StrictModuleLocking_LinearW.js:649 NODEACCESSREQUESTED_5
15:02:10.863 updates_StrictModuleLocking_LinearW.js:667 WAITING_3
15:02:10.865 updates_StrictModuleLocking_LinearW.js:629 THINKING_0
15:02:11.864 updates_StrictModuleLocking_LinearW.js:667 WAITING_4
15:02:11.866 updates_StrictModuleLocking_LinearW.js:667 WAITING_1
15:02:11.868 updates_StrictModuleLocking_LinearW.js:667 WAITING_2
15:02:11.870 updates_StrictModuleLocking_LinearW.js:667 WAITING_5
15:02:12.861 updates_StrictModuleLocking_LinearW.js:667 WAITING_3
15:02:13.861 updates_StrictModuleLocking_LinearW.js:667 WAITING_4
15:02:13.863 updates_StrictModuleLocking_LinearW.js:667 WAITING_1
15:02:13.864 updates_StrictModuleLocking_LinearW.js:667 WAITING_2
15:02:13.865 updates_StrictModuleLocking_LinearW.js:667 WAITING_5
15:02:14.872 updates_StrictModuleLocking_LinearW.js:667 WAITING_3
15:02:14.876 updates_StrictModuleLocking_LinearW.js:637 UPDATE_0
15:02:14.878 updates_StrictModuleLocking_LinearW.js:667 WAITING_4
15:02:14.881 updates_StrictModuleLocking_LinearW.js:667 WAITING_1
15:02:14.882 updates_StrictModuleLocking_LinearW.js:667 WAITING_2
15:02:14.885 updates_StrictModuleLocking_LinearW.js:667 WAITING_5
15:02:15.875 updates_StrictModuleLocking_LinearW.js:619 NODEACCESSRELEASED_0
15:02:16.875 updates_StrictModuleLocking_LinearW.js:667 WAITING_3
15:02:16.876 updates_StrictModuleLocking_LinearW.js:667 WAITING_4
15:02:16.878 updates_StrictModuleLocking_LinearW.js:637 UPDATE_1
15:02:16.880 updates_StrictModuleLocking_LinearW.js:667 WAITING_2
15:02:16.881 updates_StrictModuleLocking_LinearW.js:667 WAITING_5
15:02:17.872 updates_StrictModuleLocking_LinearW.js:649 NODEACCESSREQUESTED_0
15:02:17.873 updates_StrictModuleLocking_LinearW.js:678 END_1
15:02:18.860 updates_StrictModuleLocking_LinearW.js:667 WAITING_3
15:02:18.862 updates_StrictModuleLocking_LinearW.js:667 WAITING_4
15:02:18.864 updates_StrictModuleLocking_LinearW.js:637 UPDATE_2
15:02:18.866 updates_StrictModuleLocking_LinearW.js:667 WAITING_5
15:02:19.874 updates_StrictModuleLocking_LinearW.js:667 WAITING_0
15:02:19.878 updates_StrictModuleLocking_LinearW.js:629 THINKING_2
15:02:19.883 updates_StrictModuleLocking_LinearW.js:667 WAITING_3
15:02:19.887 updates_StrictModuleLocking_LinearW.js:667 WAITING_4
15:02:19.891 updates_StrictModuleLocking_LinearW.js:667 WAITING_5
15:02:21.870 updates_StrictModuleLocking_LinearW.js:667 WAITING_0
15:02:21.871 updates_StrictModuleLocking_LinearW.js:667 WAITING_3
15:02:21.875 updates_StrictModuleLocking_LinearW.js:667 WAITING_4
15:02:21.877 updates_StrictModuleLocking_LinearW.js:667 WAITING_5
15:02:22.866 updates_StrictModuleLocking_LinearW.js:637 UPDATE_2
15:02:23.865 updates_StrictModuleLocking_LinearW.js:667 WAITING_0
15:02:23.868 updates_StrictModuleLocking_LinearW.js:667 WAITING_3
15:02:23.870 updates_StrictModuleLocking_LinearW.js:667 WAITING_4
15:02:23.871 updates_StrictModuleLocking_LinearW.js:667 WAITING_5
15:02:23.873 updates_StrictModuleLocking_LinearW.js:629 THINKING_2
15:02:25.863 updates_StrictModuleLocking_LinearW.js:667 WAITING_0
15:02:25.864 updates_StrictModuleLocking_LinearW.js:667 WAITING_3
15:02:25.866 updates_StrictModuleLocking_LinearW.js:667 WAITING_4
15:02:25.868 updates_StrictModuleLocking_LinearW.js:667 WAITING_5
15:02:26.861 updates_StrictModuleLocking_LinearW.js:637 UPDATE_2
15:02:27.861 updates_StrictModuleLocking_LinearW.js:667 WAITING_0
15:02:27.862 updates_StrictModuleLocking_LinearW.js:667 WAITING_3
15:02:27.864 updates_StrictModuleLocking_LinearW.js:667 WAITING_4
15:02:27.865 updates_StrictModuleLocking_LinearW.js:667 WAITING_5
15:02:27.867 updates_StrictModuleLocking_LinearW.js:629 THINKING_2
15:02:28.874 updates_StrictModuleLocking_LinearW.js:667 WAITING_0
15:02:28.877 updates_StrictModuleLocking_LinearW.js:667 WAITING_3
15:02:28.879 updates_StrictModuleLocking_LinearW.js:667 WAITING_4
15:02:28.880 updates_StrictModuleLocking_LinearW.js:667 WAITING_5
15:02:30.876 updates_StrictModuleLocking_LinearW.js:667 WAITING_0
15:02:30.878 updates_StrictModuleLocking_LinearW.js:667 WAITING_3
15:02:30.880 updates_StrictModuleLocking_LinearW.js:667 WAITING_4
15:02:30.882 updates_StrictModuleLocking_LinearW.js:667 WAITING_5
15:02:32.870 updates_StrictModuleLocking_LinearW.js:667 WAITING_0
15:02:32.871 updates_StrictModuleLocking_LinearW.js:667 WAITING_3
15:02:32.873 updates_StrictModuleLocking_LinearW.js:667 WAITING_4
15:02:32.874 updates_StrictModuleLocking_LinearW.js:667 WAITING_5
15:02:32.876 updates_StrictModuleLocking_LinearW.js:637 UPDATE_2
15:02:33.866 updates_StrictModuleLocking_LinearW.js:619 NODEACCESSRELEASED_2
15:02:34.866 updates_StrictModuleLocking_LinearW.js:667 WAITING_0
15:02:34.868 updates_StrictModuleLocking_LinearW.js:637 UPDATE_3
15:02:34.871 updates_StrictModuleLocking_LinearW.js:667 WAITING_4
15:02:34.873 updates_StrictModuleLocking_LinearW.js:667 WAITING_5
15:02:35.868 updates_StrictModuleLocking_LinearW.js:649 NODEACCESSREQUESTED_2
15:02:35.871 updates_StrictModuleLocking_LinearW.js:619 NODEACCESSRELEASED_3
15:02:35.872 updates_StrictModuleLocking_LinearW.js:667 WAITING_0
15:02:36.863 updates_StrictModuleLocking_LinearW.js:637 UPDATE_4
15:02:36.865 updates_StrictModuleLocking_LinearW.js:667 WAITING_5
15:02:37.863 updates_StrictModuleLocking_LinearW.js:667 WAITING_2
15:02:37.865 updates_StrictModuleLocking_LinearW.js:649 NODEACCESSREQUESTED_3
15:02:37.867 updates_StrictModuleLocking_LinearW.js:667 WAITING_0
15:02:37.868 updates_StrictModuleLocking_LinearW.js:629 THINKING_4
15:02:38.871 updates_StrictModuleLocking_LinearW.js:667 WAITING_5
15:02:38.873 updates_StrictModuleLocking_LinearW.js:667 WAITING_2
15:02:38.874 updates_StrictModuleLocking_LinearW.js:667 WAITING_3
15:02:38.875 updates_StrictModuleLocking_LinearW.js:667 WAITING_0
15:02:40.870 updates_StrictModuleLocking_LinearW.js:667 WAITING_5
15:02:40.871 updates_StrictModuleLocking_LinearW.js:667 WAITING_2
15:02:40.873 updates_StrictModuleLocking_LinearW.js:667 WAITING_3
15:02:40.877 updates_StrictModuleLocking_LinearW.js:667 WAITING_0
15:02:40.879 updates_StrictModuleLocking_LinearW.js:637 UPDATE_4
15:02:41.866 updates_StrictModuleLocking_LinearW.js:619 NODEACCESSRELEASED_4
15:02:42.865 updates_StrictModuleLocking_LinearW.js:637 UPDATE_5
15:02:42.866 updates_StrictModuleLocking_LinearW.js:667 WAITING_2
15:02:42.868 updates_StrictModuleLocking_LinearW.js:667 WAITING_3
15:02:42.870 updates_StrictModuleLocking_LinearW.js:667 WAITING_0
15:02:43.863 updates_StrictModuleLocking_LinearW.js:649 NODEACCESSREQUESTED_4
15:02:43.867 updates_StrictModuleLocking_LinearW.js:619 NODEACCESSRELEASED_5
15:02:44.863 updates_StrictModuleLocking_LinearW.js:667 WAITING_2
15:02:44.865 updates_StrictModuleLocking_LinearW.js:667 WAITING_3
15:02:44.867 updates_StrictModuleLocking_LinearW.js:637 UPDATE_0
15:02:45.865 updates_StrictModuleLocking_LinearW.js:667 WAITING_4
15:02:45.867 updates_StrictModuleLocking_LinearW.js:649 NODEACCESSREQUESTED_5
15:02:45.868 updates_StrictModuleLocking_LinearW.js:619 NODEACCESSRELEASED_0
15:02:46.863 updates_StrictModuleLocking_LinearW.js:637 UPDATE_2
15:02:46.866 updates_StrictModuleLocking_LinearW.js:667 WAITING_3
15:02:47.864 updates_StrictModuleLocking_LinearW.js:667 WAITING_4
15:02:47.867 updates_StrictModuleLocking_LinearW.js:667 WAITING_5
15:02:47.869 updates_StrictModuleLocking_LinearW.js:649 NODEACCESSREQUESTED_0
15:02:47.870 updates_StrictModuleLocking_LinearW.js:619 NODEACCESSRELEASED_2
15:02:48.871 updates_StrictModuleLocking_LinearW.js:637 UPDATE_3
15:02:48.873 updates_StrictModuleLocking_LinearW.js:667 WAITING_4
15:02:48.874 updates_StrictModuleLocking_LinearW.js:667 WAITING_5
15:02:48.877 updates_StrictModuleLocking_LinearW.js:667 WAITING_0
15:02:49.874 updates_StrictModuleLocking_LinearW.js:649 NODEACCESSREQUESTED_2
15:02:49.876 updates_StrictModuleLocking_LinearW.js:619 NODEACCESSRELEASED_3
15:02:50.874 updates_StrictModuleLocking_LinearW.js:637 UPDATE_4
15:02:50.876 updates_StrictModuleLocking_LinearW.js:667 WAITING_5
15:02:50.879 updates_StrictModuleLocking_LinearW.js:667 WAITING_0
15:02:51.862 updates_StrictModuleLocking_LinearW.js:667 WAITING_2
15:02:51.864 updates_StrictModuleLocking_LinearW.js:649 NODEACCESSREQUESTED_3
15:02:51.865 updates_StrictModuleLocking_LinearW.js:629 THINKING_4
15:02:52.861 updates_StrictModuleLocking_LinearW.js:667 WAITING_5
15:02:52.863 updates_StrictModuleLocking_LinearW.js:667 WAITING_0
15:02:53.875 updates_StrictModuleLocking_LinearW.js:667 WAITING_2
15:02:53.878 updates_StrictModuleLocking_LinearW.js:667 WAITING_3
15:02:53.880 updates_StrictModuleLocking_LinearW.js:667 WAITING_5
15:02:53.882 updates_StrictModuleLocking_LinearW.js:667 WAITING_0
15:02:55.861 updates_StrictModuleLocking_LinearW.js:667 WAITING_2
15:02:55.865 updates_StrictModuleLocking_LinearW.js:667 WAITING_3
15:02:55.867 updates_StrictModuleLocking_LinearW.js:667 WAITING_5
15:02:55.869 updates_StrictModuleLocking_LinearW.js:667 WAITING_0
15:02:56.865 updates_StrictModuleLocking_LinearW.js:637 UPDATE_4
15:02:57.873 updates_StrictModuleLocking_LinearW.js:667 WAITING_2
15:02:57.875 updates_StrictModuleLocking_LinearW.js:667 WAITING_3
15:02:57.876 updates_StrictModuleLocking_LinearW.js:667 WAITING_5
15:02:57.877 updates_StrictModuleLocking_LinearW.js:667 WAITING_0
15:02:57.880 updates_StrictModuleLocking_LinearW.js:629 THINKING_4
15:02:59.870 updates_StrictModuleLocking_LinearW.js:667 WAITING_2
15:02:59.874 updates_StrictModuleLocking_LinearW.js:667 WAITING_3
15:02:59.878 updates_StrictModuleLocking_LinearW.js:667 WAITING_5
15:02:59.881 updates_StrictModuleLocking_LinearW.js:667 WAITING_0
15:03:01.860 updates_StrictModuleLocking_LinearW.js:667 WAITING_2
15:03:01.862 updates_StrictModuleLocking_LinearW.js:667 WAITING_3
15:03:01.864 updates_StrictModuleLocking_LinearW.js:667 WAITING_5
15:03:01.867 updates_StrictModuleLocking_LinearW.js:667 WAITING_0
15:03:01.870 updates_StrictModuleLocking_LinearW.js:637 UPDATE_4
15:03:02.867 updates_StrictModuleLocking_LinearW.js:629 THINKING_4
15:03:02.869 updates_StrictModuleLocking_LinearW.js:667 WAITING_2
15:03:02.871 updates_StrictModuleLocking_LinearW.js:667 WAITING_3
15:03:02.874 updates_StrictModuleLocking_LinearW.js:667 WAITING_5
15:03:03.870 updates_StrictModuleLocking_LinearW.js:667 WAITING_0
15:03:04.868 updates_StrictModuleLocking_LinearW.js:667 WAITING_2
15:03:04.869 updates_StrictModuleLocking_LinearW.js:667 WAITING_3
15:03:04.872 updates_StrictModuleLocking_LinearW.js:667 WAITING_5
15:03:05.867 updates_StrictModuleLocking_LinearW.js:667 WAITING_0
15:03:05.868 updates_StrictModuleLocking_LinearW.js:637 UPDATE_4
15:03:06.869 updates_StrictModuleLocking_LinearW.js:667 WAITING_2
15:03:06.872 updates_StrictModuleLocking_LinearW.js:667 WAITING_3
15:03:06.875 updates_StrictModuleLocking_LinearW.js:667 WAITING_5
15:03:06.877 updates_StrictModuleLocking_LinearW.js:619 NODEACCESSRELEASED_4
15:03:06.879 updates_StrictModuleLocking_LinearW.js:667 WAITING_0
15:03:07.875 updates_StrictModuleLocking_LinearW.js:667 WAITING_2
15:03:08.860 updates_StrictModuleLocking_LinearW.js:667 WAITING_3
15:03:08.862 updates_StrictModuleLocking_LinearW.js:637 UPDATE_5
15:03:08.863 updates_StrictModuleLocking_LinearW.js:649 NODEACCESSREQUESTED_4
15:03:08.865 updates_StrictModuleLocking_LinearW.js:667 WAITING_0
15:03:09.860 updates_StrictModuleLocking_LinearW.js:667 WAITING_2
15:03:09.861 updates_StrictModuleLocking_LinearW.js:619 NODEACCESSRELEASED_5
15:03:10.870 updates_StrictModuleLocking_LinearW.js:667 WAITING_3
15:03:10.871 updates_StrictModuleLocking_LinearW.js:667 WAITING_4
15:03:10.873 updates_StrictModuleLocking_LinearW.js:637 UPDATE_0
15:03:10.875 updates_StrictModuleLocking_LinearW.js:667 WAITING_2
15:03:10.877 updates_StrictModuleLocking_LinearW.js:649 NODEACCESSREQUESTED_5
15:03:11.862 updates_StrictModuleLocking_LinearW.js:619 NODEACCESSRELEASED_0
15:03:12.860 updates_StrictModuleLocking_LinearW.js:667 WAITING_3
15:03:12.862 updates_StrictModuleLocking_LinearW.js:667 WAITING_4
15:03:12.864 updates_StrictModuleLocking_LinearW.js:637 UPDATE_2
15:03:12.865 updates_StrictModuleLocking_LinearW.js:667 WAITING_5
15:03:13.874 updates_StrictModuleLocking_LinearW.js:649 NODEACCESSREQUESTED_0
15:03:13.875 updates_StrictModuleLocking_LinearW.js:619 NODEACCESSRELEASED_2
15:03:13.877 updates_StrictModuleLocking_LinearW.js:637 UPDATE_3
15:03:13.878 updates_StrictModuleLocking_LinearW.js:667 WAITING_4
15:03:13.879 updates_StrictModuleLocking_LinearW.js:667 WAITING_5
15:03:14.873 updates_StrictModuleLocking_LinearW.js:629 THINKING_3
15:03:15.863 updates_StrictModuleLocking_LinearW.js:667 WAITING_0
15:03:15.864 updates_StrictModuleLocking_LinearW.js:649 NODEACCESSREQUESTED_2
15:03:15.866 updates_StrictModuleLocking_LinearW.js:667 WAITING_4
15:03:15.868 updates_StrictModuleLocking_LinearW.js:667 WAITING_5
15:03:16.866 updates_StrictModuleLocking_LinearW.js:667 WAITING_0
15:03:16.867 updates_StrictModuleLocking_LinearW.js:667 WAITING_2
15:03:17.865 updates_StrictModuleLocking_LinearW.js:667 WAITING_4
15:03:17.866 updates_StrictModuleLocking_LinearW.js:667 WAITING_5
15:03:17.868 updates_StrictModuleLocking_LinearW.js:637 UPDATE_3
15:03:18.860 updates_StrictModuleLocking_LinearW.js:667 WAITING_0
15:03:18.865 updates_StrictModuleLocking_LinearW.js:667 WAITING_2
15:03:18.867 updates_StrictModuleLocking_LinearW.js:619 NODEACCESSRELEASED_3
15:03:19.860 updates_StrictModuleLocking_LinearW.js:637 UPDATE_4
15:03:19.861 updates_StrictModuleLocking_LinearW.js:667 WAITING_5
15:03:20.862 updates_StrictModuleLocking_LinearW.js:667 WAITING_0
15:03:20.864 updates_StrictModuleLocking_LinearW.js:667 WAITING_2
15:03:20.866 updates_StrictModuleLocking_LinearW.js:649 NODEACCESSREQUESTED_3
15:03:20.867 updates_StrictModuleLocking_LinearW.js:619 NODEACCESSRELEASED_4
15:03:21.860 updates_StrictModuleLocking_LinearW.js:637 UPDATE_5
15:03:22.860 updates_StrictModuleLocking_LinearW.js:667 WAITING_0
15:03:22.861 updates_StrictModuleLocking_LinearW.js:667 WAITING_2
15:03:22.864 updates_StrictModuleLocking_LinearW.js:667 WAITING_3
15:03:22.866 updates_StrictModuleLocking_LinearW.js:649 NODEACCESSREQUESTED_4
15:03:22.868 updates_StrictModuleLocking_LinearW.js:619 NODEACCESSRELEASED_5
15:03:24.860 updates_StrictModuleLocking_LinearW.js:637 UPDATE_0
15:03:24.861 updates_StrictModuleLocking_LinearW.js:667 WAITING_2
15:03:24.862 updates_StrictModuleLocking_LinearW.js:667 WAITING_3
15:03:24.865 updates_StrictModuleLocking_LinearW.js:667 WAITING_4
15:03:24.866 updates_StrictModuleLocking_LinearW.js:649 NODEACCESSREQUESTED_5
15:03:25.861 updates_StrictModuleLocking_LinearW.js:678 END_0
15:03:26.863 updates_StrictModuleLocking_LinearW.js:637 UPDATE_2
15:03:26.865 updates_StrictModuleLocking_LinearW.js:667 WAITING_3
15:03:26.866 updates_StrictModuleLocking_LinearW.js:667 WAITING_4
15:03:26.868 updates_StrictModuleLocking_LinearW.js:667 WAITING_5
15:03:27.860 updates_StrictModuleLocking_LinearW.js:619 NODEACCESSRELEASED_2
15:03:28.860 updates_StrictModuleLocking_LinearW.js:637 UPDATE_3
15:03:28.861 updates_StrictModuleLocking_LinearW.js:667 WAITING_4
15:03:28.863 updates_StrictModuleLocking_LinearW.js:667 WAITING_5
15:03:29.860 updates_StrictModuleLocking_LinearW.js:649 NODEACCESSREQUESTED_2
15:03:29.865 updates_StrictModuleLocking_LinearW.js:619 NODEACCESSRELEASED_3
15:03:30.860 updates_StrictModuleLocking_LinearW.js:637 UPDATE_4
15:03:30.861 updates_StrictModuleLocking_LinearW.js:667 WAITING_5
15:03:31.874 updates_StrictModuleLocking_LinearW.js:667 WAITING_2
15:03:31.877 updates_StrictModuleLocking_LinearW.js:649 NODEACCESSREQUESTED_3
15:03:31.887 updates_StrictModuleLocking_LinearW.js:629 THINKING_4
15:03:31.890 updates_StrictModuleLocking_LinearW.js:667 WAITING_5
15:03:33.859 updates_StrictModuleLocking_LinearW.js:667 WAITING_2
15:03:33.865 updates_StrictModuleLocking_LinearW.js:667 WAITING_3
15:03:33.868 updates_StrictModuleLocking_LinearW.js:667 WAITING_5
15:03:35.859 updates_StrictModuleLocking_LinearW.js:667 WAITING_2
15:03:35.864 updates_StrictModuleLocking_LinearW.js:667 WAITING_3
15:03:35.869 updates_StrictModuleLocking_LinearW.js:667 WAITING_5
15:03:36.860 updates_StrictModuleLocking_LinearW.js:637 UPDATE_4
15:03:37.871 updates_StrictModuleLocking_LinearW.js:667 WAITING_2
15:03:37.875 updates_StrictModuleLocking_LinearW.js:667 WAITING_3
15:03:37.877 updates_StrictModuleLocking_LinearW.js:667 WAITING_5
15:03:37.881 updates_StrictModuleLocking_LinearW.js:678 END_4
15:03:39.860 updates_StrictModuleLocking_LinearW.js:667 WAITING_2
15:03:39.864 updates_StrictModuleLocking_LinearW.js:667 WAITING_3
15:03:39.875 updates_StrictModuleLocking_LinearW.js:637 UPDATE_5
15:03:40.860 updates_StrictModuleLocking_LinearW.js:678 END_5
15:03:41.860 updates_StrictModuleLocking_LinearW.js:637 UPDATE_2
15:03:41.862 updates_StrictModuleLocking_LinearW.js:667 WAITING_3
15:03:43.134 updates_StrictModuleLocking_LinearW.js:678 END_2
15:03:43.137 updates_StrictModuleLocking_LinearW.js:637 UPDATE_3
15:03:43.871 updates_StrictModuleLocking_LinearW.js:629 THINKING_3
15:03:46.860 updates_StrictModuleLocking_LinearW.js:637 UPDATE_3
15:03:47.860 updates_StrictModuleLocking_LinearW.js:619 NODEACCESSRELEASED_3
15:03:49.876 updates_StrictModuleLocking_LinearW.js:649 NODEACCESSREQUESTED_3
15:03:51.868 updates_StrictModuleLocking_LinearW.js:637 UPDATE_3
15:03:52.860 updates_StrictModuleLocking_LinearW.js:678 END_3
