14:48:13.187 updates_StrictModuleLocking_LinearW.js:710 Tasks: 25; Collaborators: 1    =========================>
14:48:13.187 updates_StrictModuleLocking_LinearW.js:649 NODEACCESSREQUESTED_0
14:48:14.861 updates_StrictModuleLocking_LinearW.js:629 THINKING_0
14:48:19.859 updates_StrictModuleLocking_LinearW.js:637 UPDATE_0
14:48:20.861 updates_StrictModuleLocking_LinearW.js:619 NODEACCESSRELEASED_0
14:48:22.862 updates_StrictModuleLocking_LinearW.js:649 NODEACCESSREQUESTED_0
14:48:24.860 updates_StrictModuleLocking_LinearW.js:637 UPDATE_0
14:48:25.863 updates_StrictModuleLocking_LinearW.js:619 NODEACCESSRELEASED_0
14:48:27.873 updates_StrictModuleLocking_LinearW.js:649 NODEACCESSREQUESTED_0
14:48:29.870 updates_StrictModuleLocking_LinearW.js:637 UPDATE_0
14:48:30.860 updates_StrictModuleLocking_LinearW.js:629 THINKING_0
14:48:33.860 updates_StrictModuleLocking_LinearW.js:637 UPDATE_0
14:48:34.863 updates_StrictModuleLocking_LinearW.js:629 THINKING_0
14:48:39.868 updates_StrictModuleLocking_LinearW.js:637 UPDATE_0
14:48:40.873 updates_StrictModuleLocking_LinearW.js:619 NODEACCESSRELEASED_0
14:48:42.863 updates_StrictModuleLocking_LinearW.js:649 NODEACCESSREQUESTED_0
14:48:44.860 updates_StrictModuleLocking_LinearW.js:637 UPDATE_0
14:48:45.862 updates_StrictModuleLocking_LinearW.js:629 THINKING_0
14:48:48.867 updates_StrictModuleLocking_LinearW.js:637 UPDATE_0
14:48:49.728 updates_StrictModuleLocking_LinearW.js:619 NODEACCESSRELEASED_0
14:48:50.738 updates_StrictModuleLocking_LinearW.js:649 NODEACCESSREQUESTED_0
14:48:51.745 updates_StrictModuleLocking_LinearW.js:637 UPDATE_0
14:48:51.846 updates_StrictModuleLocking_LinearW.js:619 NODEACCESSRELEASED_0
14:48:52.847 updates_StrictModuleLocking_LinearW.js:649 NODEACCESSREQUESTED_0
14:48:53.858 updates_StrictModuleLocking_LinearW.js:637 UPDATE_0
14:48:53.968 updates_StrictModuleLocking_LinearW.js:629 THINKING_0
14:48:58.860 updates_StrictModuleLocking_LinearW.js:637 UPDATE_0
14:48:59.871 updates_StrictModuleLocking_LinearW.js:619 NODEACCESSRELEASED_0
14:49:01.867 updates_StrictModuleLocking_LinearW.js:649 NODEACCESSREQUESTED_0
14:49:03.868 updates_StrictModuleLocking_LinearW.js:637 UPDATE_0
14:49:04.862 updates_StrictModuleLocking_LinearW.js:619 NODEACCESSRELEASED_0
14:49:06.871 updates_StrictModuleLocking_LinearW.js:649 NODEACCESSREQUESTED_0
14:49:08.873 updates_StrictModuleLocking_LinearW.js:637 UPDATE_0
14:49:09.871 updates_StrictModuleLocking_LinearW.js:619 NODEACCESSRELEASED_0
14:49:11.862 updates_StrictModuleLocking_LinearW.js:649 NODEACCESSREQUESTED_0
14:49:13.867 updates_StrictModuleLocking_LinearW.js:637 UPDATE_0
14:49:14.866 updates_StrictModuleLocking_LinearW.js:678 END_0
