18:09:32.227 (index):1052 Tasks: 25; Collaborators: 11    =========================>
18:09:32.228 (index):843 NODEACCESSREQUESTED_0
18:09:32.230 (index):843 NODEACCESSREQUESTED_1
18:09:32.231 (index):843 NODEACCESSREQUESTED_2
18:09:32.232 (index):843 NODEACCESSREQUESTED_3
18:09:32.232 (index):843 NODEACCESSREQUESTED_4
18:09:32.233 (index):843 NODEACCESSREQUESTED_5
18:09:32.234 (index):843 NODEACCESSREQUESTED_6
18:09:32.235 (index):843 NODEACCESSREQUESTED_7
18:09:32.236 (index):843 NODEACCESSREQUESTED_8
18:09:32.237 (index):843 NODEACCESSREQUESTED_9
18:09:32.238 (index):843 NODEACCESSREQUESTED_10
18:09:34.226 (index):823 THINKING_0
18:09:34.227 (index):823 THINKING_1
18:09:34.228 (index):813 NODEACCESSRELEASED_2
18:09:34.228 (index):813 NODEACCESSRELEASED_3
18:09:34.230 (index):813 NODEACCESSRELEASED_4
18:09:34.231 (index):813 NODEACCESSRELEASED_5
18:09:34.233 (index):823 THINKING_6
18:09:34.234 (index):813 NODEACCESSRELEASED_7
18:09:34.236 (index):823 THINKING_8
18:09:34.238 (index):813 NODEACCESSRELEASED_9
18:09:34.239 (index):813 NODEACCESSRELEASED_10
18:09:36.226 (index):843 NODEACCESSREQUESTED_2
18:09:36.228 (index):843 NODEACCESSREQUESTED_3
18:09:36.229 (index):843 NODEACCESSREQUESTED_4
18:09:36.232 (index):843 NODEACCESSREQUESTED_5
18:09:36.233 (index):843 NODEACCESSREQUESTED_7
18:09:36.234 (index):843 NODEACCESSREQUESTED_9
18:09:36.235 (index):843 NODEACCESSREQUESTED_10
18:09:37.226 (index):831 UPDATE_8
18:09:37.227 (index):831 UPDATE_6
18:09:37.228 (index):831 UPDATE_1
18:09:38.226 (index):831 UPDATE_2
18:09:38.228 (index):831 UPDATE_3
18:09:38.229 (index):831 UPDATE_4
18:09:38.231 (index):831 UPDATE_5
18:09:38.232 (index):831 UPDATE_7
18:09:38.233 (index):831 UPDATE_9
18:09:38.234 (index):831 UPDATE_10
18:09:38.235 (index):823 THINKING_8
18:09:38.236 (index):813 NODEACCESSRELEASED_6
18:09:38.237 (index):813 NODEACCESSRELEASED_1
18:09:39.226 (index):813 NODEACCESSRELEASED_2
18:09:39.228 (index):813 NODEACCESSRELEASED_3
18:09:39.229 (index):813 NODEACCESSRELEASED_4
18:09:39.230 (index):823 THINKING_5
18:09:39.231 (index):813 NODEACCESSRELEASED_7
18:09:39.234 (index):823 THINKING_9
18:09:39.235 (index):823 THINKING_10
18:09:39.235 (index):831 UPDATE_0
18:09:40.226 (index):843 NODEACCESSREQUESTED_6
18:09:40.228 (index):843 NODEACCESSREQUESTED_1
18:09:40.229 (index):813 NODEACCESSRELEASED_0
18:09:41.226 (index):843 NODEACCESSREQUESTED_2
18:09:41.228 (index):843 NODEACCESSREQUESTED_3
18:09:41.229 (index):843 NODEACCESSREQUESTED_4
18:09:41.230 (index):843 NODEACCESSREQUESTED_7
18:09:42.227 (index):831 UPDATE_6
18:09:42.228 (index):831 UPDATE_1
18:09:42.228 (index):843 NODEACCESSREQUESTED_0
18:09:42.229 (index):831 UPDATE_10
18:09:42.231 (index):831 UPDATE_5
18:09:43.226 (index):831 UPDATE_2
18:09:43.228 (index):831 UPDATE_3
18:09:43.229 (index):831 UPDATE_4
18:09:43.230 (index):831 UPDATE_7
18:09:43.231 (index):813 NODEACCESSRELEASED_6
18:09:43.231 (index):823 THINKING_1
18:09:43.232 (index):813 NODEACCESSRELEASED_10
18:09:43.233 (index):813 NODEACCESSRELEASED_5
18:09:43.233 (index):831 UPDATE_8
18:09:44.227 (index):831 UPDATE_0
18:09:44.228 (index):813 NODEACCESSRELEASED_2
18:09:44.230 (index):823 THINKING_3
18:09:44.231 (index):813 NODEACCESSRELEASED_4
18:09:44.233 (index):813 NODEACCESSRELEASED_7
18:09:44.234 (index):813 NODEACCESSRELEASED_8
18:09:44.236 (index):831 UPDATE_9
18:09:45.226 (index):843 NODEACCESSREQUESTED_6
18:09:45.228 (index):843 NODEACCESSREQUESTED_10
18:09:45.229 (index):843 NODEACCESSREQUESTED_5
18:09:45.230 (index):813 NODEACCESSRELEASED_0
18:09:45.231 (index):823 THINKING_9
18:09:46.227 (index):843 NODEACCESSREQUESTED_2
18:09:46.229 (index):843 NODEACCESSREQUESTED_4
18:09:46.230 (index):843 NODEACCESSREQUESTED_7
18:09:46.231 (index):843 NODEACCESSREQUESTED_8
18:09:47.226 (index):831 UPDATE_6
18:09:47.228 (index):831 UPDATE_10
18:09:47.229 (index):831 UPDATE_5
18:09:47.230 (index):843 NODEACCESSREQUESTED_0
18:09:47.232 (index):831 UPDATE_1
18:09:48.226 (index):831 UPDATE_2
18:09:48.228 (index):831 UPDATE_4
18:09:48.229 (index):831 UPDATE_7
18:09:48.231 (index):831 UPDATE_8
18:09:48.232 (index):813 NODEACCESSRELEASED_6
18:09:48.234 (index):823 THINKING_10
18:09:48.235 (index):823 THINKING_5
18:09:48.236 (index):823 THINKING_1
18:09:48.236 (index):831 UPDATE_9
18:09:49.226 (index):831 UPDATE_0
18:09:49.228 (index):823 THINKING_2
18:09:49.229 (index):813 NODEACCESSRELEASED_4
18:09:49.233 (index):823 THINKING_7
18:09:49.233 (index):823 THINKING_8
18:09:49.234 (index):813 NODEACCESSRELEASED_9
18:09:49.235 (index):831 UPDATE_3
18:09:50.226 (index):843 NODEACCESSREQUESTED_6
18:09:50.228 (index):823 THINKING_0
18:09:50.229 (index):813 NODEACCESSRELEASED_3
18:09:51.226 (index):843 NODEACCESSREQUESTED_4
18:09:51.228 (index):843 NODEACCESSREQUESTED_9
18:09:51.229 (index):831 UPDATE_10
18:09:52.226 (index):831 UPDATE_6
18:09:52.227 (index):843 NODEACCESSREQUESTED_3
18:09:52.228 (index):813 NODEACCESSRELEASED_10
18:09:52.230 (index):831 UPDATE_5
18:09:52.230 (index):831 UPDATE_7
18:09:52.231 (index):831 UPDATE_2
18:09:53.226 (index):831 UPDATE_4
18:09:53.227 (index):831 UPDATE_9
18:09:53.227 (index):813 NODEACCESSRELEASED_6
18:09:53.228 (index):813 NODEACCESSRELEASED_5
18:09:53.228 (index):813 NODEACCESSRELEASED_7
18:09:53.229 (index):813 NODEACCESSRELEASED_2
18:09:53.230 (index):831 UPDATE_1
18:09:53.231 (index):831 UPDATE_0
18:09:54.226 (index):831 UPDATE_3
18:09:54.227 (index):843 NODEACCESSREQUESTED_10
18:09:54.228 (index):813 NODEACCESSRELEASED_4
18:09:54.229 (index):813 NODEACCESSRELEASED_9
18:09:54.230 (index):813 NODEACCESSRELEASED_1
18:09:54.231 (index):823 THINKING_0
18:09:54.233 (index):831 UPDATE_8
18:09:55.226 (index):843 NODEACCESSREQUESTED_6
18:09:55.227 (index):843 NODEACCESSREQUESTED_5
18:09:55.228 (index):843 NODEACCESSREQUESTED_7
18:09:55.229 (index):843 NODEACCESSREQUESTED_2
18:09:55.230 (index):813 NODEACCESSRELEASED_3
18:09:55.230 (index):813 NODEACCESSRELEASED_8
18:09:56.226 (index):831 UPDATE_10
18:09:56.228 (index):843 NODEACCESSREQUESTED_4
18:09:56.229 (index):843 NODEACCESSREQUESTED_9
18:09:56.231 (index):843 NODEACCESSREQUESTED_1
18:09:57.226 (index):831 UPDATE_6
18:09:57.228 (index):831 UPDATE_5
18:09:57.229 (index):831 UPDATE_7
18:09:57.230 (index):831 UPDATE_2
18:09:57.232 (index):843 NODEACCESSREQUESTED_3
18:09:57.233 (index):843 NODEACCESSREQUESTED_8
18:09:57.234 (index):823 THINKING_10
18:09:58.022 (index):831 UPDATE_4
18:09:58.023 (index):831 UPDATE_9
18:09:58.024 (index):831 UPDATE_1
18:09:58.025 (index):813 NODEACCESSRELEASED_6
18:09:58.025 (index):823 THINKING_5
18:09:58.027 (index):823 THINKING_7
18:09:58.028 (index):813 NODEACCESSRELEASED_2
18:09:58.310 (index):823 THINKING_4
18:09:58.311 (index):813 NODEACCESSRELEASED_9
18:09:58.312 (index):823 THINKING_1
18:09:58.313 (index):831 UPDATE_3
18:09:58.314 (index):831 UPDATE_8
18:09:58.492 (index):813 NODEACCESSRELEASED_3
18:09:58.493 (index):813 NODEACCESSRELEASED_8
18:09:59.032 (index):843 NODEACCESSREQUESTED_6
18:09:59.033 (index):843 NODEACCESSREQUESTED_2
18:09:59.174 (index):831 UPDATE_0
18:09:59.275 (index):813 NODEACCESSRELEASED_0
18:09:59.312 (index):843 NODEACCESSREQUESTED_9
18:09:59.493 (index):843 NODEACCESSREQUESTED_3
18:09:59.494 (index):843 NODEACCESSREQUESTED_8
18:10:00.033 (index):831 UPDATE_6
18:10:00.034 (index):831 UPDATE_2
18:10:00.134 (index):823 THINKING_6
18:10:00.136 (index):823 THINKING_2
18:10:01.228 (index):843 NODEACCESSREQUESTED_0
18:10:01.230 (index):831 UPDATE_9
18:10:01.232 (index):831 UPDATE_3
18:10:01.233 (index):831 UPDATE_8
18:10:01.234 (index):831 UPDATE_1
18:10:01.235 (index):831 UPDATE_4
18:10:02.226 (index):823 THINKING_9
18:10:02.228 (index):813 NODEACCESSRELEASED_3
18:10:02.229 (index):823 THINKING_8
18:10:02.231 (index):813 NODEACCESSRELEASED_1
18:10:02.232 (index):813 NODEACCESSRELEASED_4
18:10:02.234 (index):831 UPDATE_10
18:10:03.226 (index):831 UPDATE_0
18:10:03.227 (index):813 NODEACCESSRELEASED_10
18:10:03.228 (index):831 UPDATE_6
18:10:03.228 (index):831 UPDATE_5
18:10:03.229 (index):831 UPDATE_7
18:10:03.230 (index):831 UPDATE_2
18:10:04.226 (index):843 NODEACCESSREQUESTED_3
18:10:04.228 (index):843 NODEACCESSREQUESTED_1
18:10:04.229 (index):843 NODEACCESSREQUESTED_4
18:10:04.230 (index):823 THINKING_0
18:10:04.232 (index):823 THINKING_6
18:10:04.233 (index):823 THINKING_5
18:10:04.234 (index):813 NODEACCESSRELEASED_7
18:10:04.235 (index):823 THINKING_2
18:10:05.226 (index):843 NODEACCESSREQUESTED_10
18:10:06.228 (index):831 UPDATE_3
18:10:06.229 (index):831 UPDATE_1
18:10:06.231 (index):831 UPDATE_4
18:10:06.232 (index):843 NODEACCESSREQUESTED_7
18:10:06.233 (index):831 UPDATE_9
18:10:06.234 (index):831 UPDATE_8
18:10:06.234 (index):831 UPDATE_10
18:10:07.226 (index):831 UPDATE_5
18:10:07.228 (index):813 NODEACCESSRELEASED_3
18:10:07.229 (index):823 THINKING_1
18:10:07.230 (index):823 THINKING_4
18:10:07.231 (index):813 NODEACCESSRELEASED_9
18:10:07.232 (index):813 NODEACCESSRELEASED_8
18:10:07.232 (index):823 THINKING_10
18:10:07.233 (index):831 UPDATE_0
18:10:07.234 (index):831 UPDATE_2
18:10:07.235 (index):831 UPDATE_6
18:10:08.226 (index):831 UPDATE_7
18:10:08.228 (index):813 NODEACCESSRELEASED_5
18:10:08.229 (index):813 NODEACCESSRELEASED_0
18:10:08.231 (index):823 THINKING_2
18:10:08.232 (index):813 NODEACCESSRELEASED_6
18:10:09.226 (index):843 NODEACCESSREQUESTED_3
18:10:09.230 (index):843 NODEACCESSREQUESTED_9
18:10:09.234 (index):843 NODEACCESSREQUESTED_8
18:10:09.235 (index):813 NODEACCESSRELEASED_7
18:10:10.226 (index):843 NODEACCESSREQUESTED_5
18:10:10.227 (index):843 NODEACCESSREQUESTED_0
18:10:10.228 (index):843 NODEACCESSREQUESTED_6
18:10:10.229 (index):831 UPDATE_1
18:10:11.226 (index):831 UPDATE_3
18:10:11.227 (index):831 UPDATE_9
18:10:11.228 (index):831 UPDATE_8
18:10:11.230 (index):843 NODEACCESSREQUESTED_7
18:10:11.231 (index):823 THINKING_1
18:10:11.232 (index):831 UPDATE_10
18:10:12.226 (index):831 UPDATE_5
18:10:12.227 (index):831 UPDATE_0
18:10:12.228 (index):831 UPDATE_6
18:10:12.229 (index):823 THINKING_3
18:10:12.231 (index):813 NODEACCESSRELEASED_9
18:10:12.232 (index):813 NODEACCESSRELEASED_8
18:10:12.233 (index):813 NODEACCESSRELEASED_10
18:10:12.234 (index):831 UPDATE_4
18:10:13.226 (index):831 UPDATE_7
18:10:13.228 (index):823 THINKING_5
18:10:13.229 (index):813 NODEACCESSRELEASED_0
18:10:13.229 (index):813 NODEACCESSRELEASED_6
18:10:13.230 (index):823 THINKING_4
18:10:13.231 (index):831 UPDATE_2
18:10:14.226 (index):843 NODEACCESSREQUESTED_9
18:10:14.231 (index):843 NODEACCESSREQUESTED_8
18:10:14.233 (index):843 NODEACCESSREQUESTED_10
18:10:14.235 (index):813 NODEACCESSRELEASED_7
18:10:14.237 (index):813 NODEACCESSRELEASED_2
18:10:15.226 (index):843 NODEACCESSREQUESTED_0
18:10:15.228 (index):843 NODEACCESSREQUESTED_6
18:10:15.229 (index):831 UPDATE_3
18:10:16.227 (index):831 UPDATE_9
18:10:16.229 (index):831 UPDATE_8
18:10:16.230 (index):831 UPDATE_10
18:10:16.232 (index):843 NODEACCESSREQUESTED_7
18:10:16.233 (index):843 NODEACCESSREQUESTED_2
18:10:16.234 (index):813 NODEACCESSRELEASED_3
18:10:16.235 (index):831 UPDATE_1
18:10:17.227 (index):831 UPDATE_0
18:10:17.228 (index):831 UPDATE_6
18:10:17.229 (index):823 THINKING_9
18:10:17.229 (index):813 NODEACCESSRELEASED_8
18:10:17.230 (index):823 THINKING_10
18:10:17.232 (index):823 THINKING_1
18:10:17.233 (index):831 UPDATE_4
18:10:18.226 (index):831 UPDATE_7
18:10:18.228 (index):831 UPDATE_2
18:10:18.229 (index):843 NODEACCESSREQUESTED_3
18:10:18.230 (index):823 THINKING_0
18:10:18.231 (index):813 NODEACCESSRELEASED_6
18:10:18.233 (index):823 THINKING_4
18:10:18.234 (index):831 UPDATE_5
18:10:19.226 (index):843 NODEACCESSREQUESTED_8
18:10:19.228 (index):813 NODEACCESSRELEASED_7
18:10:19.229 (index):813 NODEACCESSRELEASED_2
18:10:19.231 (index):813 NODEACCESSRELEASED_5
18:10:20.226 (index):831 UPDATE_3
18:10:20.228 (index):843 NODEACCESSREQUESTED_6
18:10:21.227 (index):831 UPDATE_8
18:10:21.228 (index):843 NODEACCESSREQUESTED_7
18:10:21.230 (index):843 NODEACCESSREQUESTED_2
18:10:21.234 (index):843 NODEACCESSREQUESTED_5
18:10:21.235 (index):813 NODEACCESSRELEASED_3
18:10:21.236 (index):831 UPDATE_9
18:10:21.236 (index):831 UPDATE_4
18:10:22.226 (index):831 UPDATE_6
18:10:22.227 (index):813 NODEACCESSRELEASED_8
18:10:22.228 (index):813 NODEACCESSRELEASED_9
18:10:22.229 (index):813 NODEACCESSRELEASED_4
18:10:22.231 (index):831 UPDATE_1
18:10:22.233 (index):831 UPDATE_10
18:10:22.234 (index):831 UPDATE_0
18:10:23.226 (index):831 UPDATE_7
18:10:23.228 (index):831 UPDATE_2
18:10:23.229 (index):831 UPDATE_5
18:10:23.230 (index):843 NODEACCESSREQUESTED_3
18:10:23.231 (index):813 NODEACCESSRELEASED_6
18:10:23.232 (index):813 NODEACCESSRELEASED_1
18:10:23.233 (index):813 NODEACCESSRELEASED_10
18:10:23.234 (index):813 NODEACCESSRELEASED_0
18:10:24.226 (index):843 NODEACCESSREQUESTED_8
18:10:24.227 (index):843 NODEACCESSREQUESTED_9
18:10:24.229 (index):843 NODEACCESSREQUESTED_4
18:10:24.230 (index):813 NODEACCESSRELEASED_7
18:10:24.231 (index):813 NODEACCESSRELEASED_2
18:10:24.232 (index):813 NODEACCESSRELEASED_5
18:10:25.227 (index):831 UPDATE_3
18:10:25.229 (index):843 NODEACCESSREQUESTED_6
18:10:25.231 (index):843 NODEACCESSREQUESTED_1
18:10:25.232 (index):843 NODEACCESSREQUESTED_10
18:10:25.234 (index):843 NODEACCESSREQUESTED_0
18:10:26.227 (index):831 UPDATE_8
18:10:26.231 (index):831 UPDATE_9
18:10:26.232 (index):831 UPDATE_4
18:10:26.233 (index):843 NODEACCESSREQUESTED_7
18:10:26.234 (index):843 NODEACCESSREQUESTED_2
18:10:26.235 (index):843 NODEACCESSREQUESTED_5
18:10:26.236 (index):823 THINKING_3
18:10:27.226 (index):831 UPDATE_6
18:10:27.228 (index):831 UPDATE_1
18:10:27.230 (index):831 UPDATE_10
18:10:27.231 (index):831 UPDATE_0
18:10:27.232 (index):813 NODEACCESSRELEASED_8
18:10:27.233 (index):813 NODEACCESSRELEASED_9
18:10:27.234 (index):813 NODEACCESSRELEASED_4
18:10:28.226 (index):831 UPDATE_7
18:10:28.227 (index):831 UPDATE_2
18:10:28.228 (index):831 UPDATE_5
18:10:28.228 (index):813 NODEACCESSRELEASED_6
18:10:28.229 (index):823 THINKING_1
18:10:28.230 (index):813 NODEACCESSRELEASED_10
18:10:28.231 (index):813 NODEACCESSRELEASED_0
18:10:29.226 (index):843 NODEACCESSREQUESTED_8
18:10:29.228 (index):843 NODEACCESSREQUESTED_9
18:10:29.231 (index):843 NODEACCESSREQUESTED_4
18:10:29.232 (index):823 THINKING_7
18:10:29.233 (index):813 NODEACCESSRELEASED_2
18:10:29.234 (index):813 NODEACCESSRELEASED_5
18:10:29.235 (index):831 UPDATE_3
18:10:30.226 (index):843 NODEACCESSREQUESTED_6
18:10:30.227 (index):843 NODEACCESSREQUESTED_10
18:10:30.229 (index):843 NODEACCESSREQUESTED_0
18:10:30.231 (index):813 NODEACCESSRELEASED_3
18:10:31.227 (index):831 UPDATE_8
18:10:31.228 (index):831 UPDATE_9
18:10:31.230 (index):831 UPDATE_4
18:10:31.231 (index):843 NODEACCESSREQUESTED_2
18:10:31.232 (index):843 NODEACCESSREQUESTED_5
18:10:31.233 (index):831 UPDATE_1
18:10:32.227 (index):831 UPDATE_6
18:10:32.228 (index):831 UPDATE_10
18:10:32.230 (index):831 UPDATE_0
18:10:32.231 (index):843 NODEACCESSREQUESTED_3
18:10:32.232 (index):813 NODEACCESSRELEASED_8
18:10:32.233 (index):813 NODEACCESSRELEASED_9
18:10:32.234 (index):823 THINKING_4
18:10:32.235 (index):813 NODEACCESSRELEASED_1
18:10:33.226 (index):831 UPDATE_2
18:10:33.227 (index):831 UPDATE_5
18:10:33.227 (index):872 END_6
18:10:33.228 (index):813 NODEACCESSRELEASED_10
18:10:33.230 (index):813 NODEACCESSRELEASED_0
18:10:33.231 (index):831 UPDATE_7
18:10:34.226 (index):831 UPDATE_3
18:10:34.228 (index):843 NODEACCESSREQUESTED_8
18:10:34.229 (index):843 NODEACCESSREQUESTED_9
18:10:34.229 (index):843 NODEACCESSREQUESTED_1
18:10:34.230 (index):872 END_2
18:10:34.231 (index):813 NODEACCESSRELEASED_5
18:10:34.232 (index):813 NODEACCESSRELEASED_7
18:10:35.226 (index):843 NODEACCESSREQUESTED_10
18:10:35.227 (index):843 NODEACCESSREQUESTED_0
18:10:35.228 (index):872 END_3
18:10:36.226 (index):831 UPDATE_8
18:10:36.227 (index):831 UPDATE_9
18:10:36.228 (index):831 UPDATE_1
18:10:36.229 (index):843 NODEACCESSREQUESTED_5
18:10:36.230 (index):843 NODEACCESSREQUESTED_7
18:10:37.226 (index):831 UPDATE_10
18:10:37.227 (index):831 UPDATE_0
18:10:37.227 (index):872 END_8
18:10:37.228 (index):872 END_9
18:10:37.229 (index):872 END_1
18:10:37.229 (index):831 UPDATE_4
18:10:38.227 (index):831 UPDATE_5
18:10:38.228 (index):831 UPDATE_7
18:10:38.228 (index):872 END_10
18:10:38.229 (index):872 END_0
18:10:38.230 (index):872 END_4
18:10:39.226 (index):872 END_5
18:10:39.228 (index):872 END_7
