18:03:55.229 (index):957 Tasks: 25; Collaborators: 6    =========================>
18:03:55.230 (index):843 NODEACCESSREQUESTED_0
18:03:55.232 (index):843 NODEACCESSREQUESTED_1
18:03:55.233 (index):843 NODEACCESSREQUESTED_2
18:03:55.234 (index):843 NODEACCESSREQUESTED_3
18:03:55.235 (index):843 NODEACCESSREQUESTED_4
18:03:55.236 (index):843 NODEACCESSREQUESTED_5
18:03:57.226 (index):823 THINKING_0
18:03:57.228 (index):823 THINKING_1
18:03:57.229 (index):813 NODEACCESSRELEASED_2
18:03:57.230 (index):813 NODEACCESSRELEASED_3
18:03:57.232 (index):813 NODEACCESSRELEASED_4
18:03:57.233 (index):813 NODEACCESSRELEASED_5
18:03:59.226 (index):843 NODEACCESSREQUESTED_2
18:03:59.227 (index):843 NODEACCESSREQUESTED_3
18:03:59.228 (index):843 NODEACCESSREQUESTED_4
18:03:59.229 (index):843 NODEACCESSREQUESTED_5
18:04:00.227 (index):831 UPDATE_1
18:04:01.227 (index):831 UPDATE_2
18:04:01.229 (index):831 UPDATE_3
18:04:01.230 (index):831 UPDATE_4
18:04:01.232 (index):831 UPDATE_5
18:04:01.233 (index):813 NODEACCESSRELEASED_1
18:04:02.227 (index):813 NODEACCESSRELEASED_2
18:04:02.228 (index):813 NODEACCESSRELEASED_3
18:04:02.229 (index):813 NODEACCESSRELEASED_4
18:04:02.231 (index):823 THINKING_5
18:04:02.232 (index):831 UPDATE_0
18:04:03.226 (index):843 NODEACCESSREQUESTED_1
18:04:03.227 (index):813 NODEACCESSRELEASED_0
18:04:04.226 (index):843 NODEACCESSREQUESTED_2
18:04:04.228 (index):843 NODEACCESSREQUESTED_3
18:04:04.229 (index):843 NODEACCESSREQUESTED_4
18:04:05.226 (index):831 UPDATE_1
18:04:05.228 (index):843 NODEACCESSREQUESTED_0
18:04:05.229 (index):831 UPDATE_5
18:04:06.226 (index):831 UPDATE_2
18:04:06.228 (index):831 UPDATE_3
18:04:06.229 (index):831 UPDATE_4
18:04:06.231 (index):823 THINKING_1
18:04:06.232 (index):813 NODEACCESSRELEASED_5
18:04:07.226 (index):831 UPDATE_0
18:04:07.228 (index):813 NODEACCESSRELEASED_2
18:04:07.230 (index):823 THINKING_3
18:04:07.231 (index):813 NODEACCESSRELEASED_4
18:04:08.226 (index):843 NODEACCESSREQUESTED_5
18:04:08.228 (index):813 NODEACCESSRELEASED_0
18:04:09.227 (index):843 NODEACCESSREQUESTED_2
18:04:09.228 (index):843 NODEACCESSREQUESTED_4
18:04:10.227 (index):831 UPDATE_5
18:04:10.228 (index):843 NODEACCESSREQUESTED_0
18:04:10.229 (index):831 UPDATE_1
18:04:11.226 (index):831 UPDATE_2
18:04:11.228 (index):831 UPDATE_4
18:04:11.229 (index):823 THINKING_5
18:04:11.230 (index):823 THINKING_1
18:04:12.226 (index):831 UPDATE_0
18:04:12.227 (index):823 THINKING_2
18:04:12.228 (index):813 NODEACCESSRELEASED_4
18:04:12.229 (index):831 UPDATE_3
18:04:13.226 (index):823 THINKING_0
18:04:13.228 (index):813 NODEACCESSRELEASED_3
18:04:14.227 (index):843 NODEACCESSREQUESTED_4
18:04:15.226 (index):843 NODEACCESSREQUESTED_3
18:04:15.228 (index):831 UPDATE_5
18:04:15.229 (index):831 UPDATE_2
18:04:16.226 (index):831 UPDATE_4
18:04:16.228 (index):813 NODEACCESSRELEASED_5
18:04:16.229 (index):813 NODEACCESSRELEASED_2
18:04:16.231 (index):831 UPDATE_1
18:04:16.232 (index):831 UPDATE_0
18:04:17.226 (index):831 UPDATE_3
18:04:17.227 (index):813 NODEACCESSRELEASED_4
18:04:17.228 (index):813 NODEACCESSRELEASED_1
18:04:17.230 (index):823 THINKING_0
18:04:18.226 (index):843 NODEACCESSREQUESTED_5
18:04:18.227 (index):843 NODEACCESSREQUESTED_2
18:04:18.228 (index):813 NODEACCESSRELEASED_3
18:04:19.226 (index):843 NODEACCESSREQUESTED_4
18:04:19.228 (index):843 NODEACCESSREQUESTED_1
18:04:20.230 (index):831 UPDATE_5
18:04:20.231 (index):831 UPDATE_2
18:04:20.232 (index):843 NODEACCESSREQUESTED_3
18:04:20.233 (index):831 UPDATE_4
18:04:20.234 (index):831 UPDATE_1
18:04:21.227 (index):823 THINKING_5
18:04:21.228 (index):813 NODEACCESSRELEASED_2
18:04:21.230 (index):823 THINKING_4
18:04:21.231 (index):823 THINKING_1
18:04:22.226 (index):831 UPDATE_3
18:04:22.227 (index):831 UPDATE_0
18:04:23.226 (index):843 NODEACCESSREQUESTED_2
18:04:23.227 (index):813 NODEACCESSRELEASED_3
18:04:23.228 (index):813 NODEACCESSRELEASED_0
18:04:24.227 (index):831 UPDATE_1
18:04:24.228 (index):831 UPDATE_4
18:04:24.228 (index):831 UPDATE_2
18:04:25.227 (index):843 NODEACCESSREQUESTED_3
18:04:25.229 (index):843 NODEACCESSREQUESTED_0
18:04:25.230 (index):813 NODEACCESSRELEASED_1
18:04:25.232 (index):813 NODEACCESSRELEASED_4
18:04:25.234 (index):823 THINKING_2
18:04:26.227 (index):831 UPDATE_5
18:04:27.226 (index):831 UPDATE_3
18:04:27.227 (index):831 UPDATE_0
18:04:27.228 (index):843 NODEACCESSREQUESTED_1
18:04:27.228 (index):843 NODEACCESSREQUESTED_4
18:04:27.229 (index):823 THINKING_5
18:04:28.226 (index):813 NODEACCESSRELEASED_3
18:04:28.227 (index):823 THINKING_0
18:04:28.228 (index):831 UPDATE_2
18:04:29.226 (index):831 UPDATE_1
18:04:29.228 (index):831 UPDATE_4
18:04:29.229 (index):823 THINKING_2
18:04:30.228 (index):843 NODEACCESSREQUESTED_3
18:04:30.229 (index):831 UPDATE_5
18:04:30.230 (index):823 THINKING_1
18:04:30.231 (index):823 THINKING_4
18:04:31.227 (index):813 NODEACCESSRELEASED_5
18:04:31.228 (index):831 UPDATE_0
18:04:32.226 (index):831 UPDATE_3
18:04:32.228 (index):813 NODEACCESSRELEASED_0
18:04:32.229 (index):831 UPDATE_2
18:04:33.226 (index):843 NODEACCESSREQUESTED_5
18:04:33.228 (index):813 NODEACCESSRELEASED_3
18:04:33.229 (index):823 THINKING_2
18:04:33.230 (index):831 UPDATE_1
18:04:34.226 (index):843 NODEACCESSREQUESTED_0
18:04:34.228 (index):823 THINKING_1
18:04:35.226 (index):831 UPDATE_5
18:04:35.227 (index):843 NODEACCESSREQUESTED_3
18:04:35.228 (index):831 UPDATE_4
18:04:36.227 (index):831 UPDATE_0
18:04:36.228 (index):823 THINKING_5
18:04:36.230 (index):823 THINKING_4
18:04:37.226 (index):831 UPDATE_3
18:04:37.228 (index):813 NODEACCESSRELEASED_0
18:04:38.227 (index):823 THINKING_3
18:04:38.228 (index):831 UPDATE_2
18:04:39.226 (index):843 NODEACCESSREQUESTED_0
18:04:39.228 (index):813 NODEACCESSRELEASED_2
18:04:39.229 (index):831 UPDATE_1
18:04:40.226 (index):823 THINKING_1
18:04:40.227 (index):831 UPDATE_4
18:04:41.227 (index):831 UPDATE_0
18:04:41.228 (index):843 NODEACCESSREQUESTED_2
18:04:41.230 (index):823 THINKING_4
18:04:41.231 (index):831 UPDATE_3
18:04:41.232 (index):831 UPDATE_5
18:04:42.226 (index):823 THINKING_0
18:04:42.228 (index):813 NODEACCESSRELEASED_3
18:04:42.229 (index):813 NODEACCESSRELEASED_5
18:04:43.226 (index):831 UPDATE_2
18:04:44.228 (index):843 NODEACCESSREQUESTED_3
18:04:44.230 (index):843 NODEACCESSREQUESTED_5
18:04:44.231 (index):813 NODEACCESSRELEASED_2
18:04:44.233 (index):831 UPDATE_4
18:04:45.226 (index):813 NODEACCESSRELEASED_4
18:04:45.228 (index):831 UPDATE_1
18:04:46.230 (index):831 UPDATE_3
18:04:46.231 (index):831 UPDATE_5
18:04:46.232 (index):843 NODEACCESSREQUESTED_2
18:04:46.233 (index):813 NODEACCESSRELEASED_1
18:04:46.234 (index):831 UPDATE_0
18:04:46.234 (index):843 NODEACCESSREQUESTED_4
18:04:47.226 (index):813 NODEACCESSRELEASED_3
18:04:47.227 (index):813 NODEACCESSRELEASED_5
18:04:47.228 (index):813 NODEACCESSRELEASED_0
18:04:48.227 (index):831 UPDATE_2
18:04:48.229 (index):843 NODEACCESSREQUESTED_1
18:04:48.231 (index):831 UPDATE_4
18:04:49.229 (index):843 NODEACCESSREQUESTED_3
18:04:49.231 (index):843 NODEACCESSREQUESTED_5
18:04:49.232 (index):843 NODEACCESSREQUESTED_0
18:04:49.233 (index):813 NODEACCESSRELEASED_2
18:04:49.234 (index):813 NODEACCESSRELEASED_4
18:04:50.226 (index):831 UPDATE_1
18:04:51.226 (index):831 UPDATE_3
18:04:51.227 (index):831 UPDATE_5
18:04:51.228 (index):831 UPDATE_0
18:04:51.228 (index):843 NODEACCESSREQUESTED_2
18:04:51.229 (index):843 NODEACCESSREQUESTED_4
18:04:51.232 (index):823 THINKING_1
18:04:52.229 (index):823 THINKING_3
18:04:52.231 (index):813 NODEACCESSRELEASED_5
18:04:52.232 (index):813 NODEACCESSRELEASED_0
18:04:53.226 (index):831 UPDATE_2
18:04:53.228 (index):831 UPDATE_4
18:04:54.228 (index):843 NODEACCESSREQUESTED_5
18:04:54.230 (index):843 NODEACCESSREQUESTED_0
18:04:54.231 (index):813 NODEACCESSRELEASED_2
18:04:54.233 (index):823 THINKING_4
18:04:54.234 (index):831 UPDATE_1
18:04:55.226 (index):813 NODEACCESSRELEASED_1
18:04:55.228 (index):831 UPDATE_3
18:04:56.226 (index):831 UPDATE_5
18:04:56.228 (index):831 UPDATE_0
18:04:56.229 (index):843 NODEACCESSREQUESTED_2
18:04:56.231 (index):813 NODEACCESSRELEASED_3
18:04:57.226 (index):843 NODEACCESSREQUESTED_1
18:04:57.228 (index):813 NODEACCESSRELEASED_5
18:04:57.229 (index):813 NODEACCESSRELEASED_0
18:04:58.226 (index):831 UPDATE_2
18:04:58.227 (index):843 NODEACCESSREQUESTED_3
18:04:59.226 (index):831 UPDATE_1
18:04:59.228 (index):843 NODEACCESSREQUESTED_5
18:04:59.229 (index):843 NODEACCESSREQUESTED_0
18:04:59.231 (index):872 END_2
18:04:59.232 (index):831 UPDATE_4
18:05:00.228 (index):831 UPDATE_3
18:05:00.229 (index):872 END_1
18:05:00.231 (index):872 END_4
18:05:01.228 (index):831 UPDATE_5
18:05:01.230 (index):831 UPDATE_0
18:05:01.231 (index):872 END_3
18:05:02.230 (index):872 END_5
18:05:02.231 (index):872 END_0
