18:01:42.228 (index):933 Tasks: 25; Collaborators: 4    =========================>
18:01:42.229 (index):843 NODEACCESSREQUESTED_0
18:01:42.230 (index):843 NODEACCESSREQUESTED_1
18:01:42.231 (index):843 NODEACCESSREQUESTED_2
18:01:42.232 (index):843 NODEACCESSREQUESTED_3
18:01:44.228 (index):823 THINKING_0
18:01:44.229 (index):823 THINKING_1
18:01:44.231 (index):813 NODEACCESSRELEASED_2
18:01:44.232 (index):813 NODEACCESSRELEASED_3
18:01:46.226 (index):843 NODEACCESSREQUESTED_2
18:01:46.227 (index):843 NODEACCESSREQUESTED_3
18:01:47.229 (index):831 UPDATE_1
18:01:47.230 (index):831 UPDATE_2
18:01:47.231 (index):831 UPDATE_3
18:01:48.227 (index):813 NODEACCESSRELEASED_1
18:01:48.228 (index):813 NODEACCESSRELEASED_2
18:01:48.229 (index):813 NODEACCESSRELEASED_3
18:01:49.227 (index):831 UPDATE_0
18:01:50.226 (index):843 NODEACCESSREQUESTED_1
18:01:50.228 (index):843 NODEACCESSREQUESTED_2
18:01:50.229 (index):843 NODEACCESSREQUESTED_3
18:01:50.230 (index):813 NODEACCESSRELEASED_0
18:01:52.226 (index):831 UPDATE_1
18:01:52.227 (index):831 UPDATE_2
18:01:52.227 (index):831 UPDATE_3
18:01:52.228 (index):843 NODEACCESSREQUESTED_0
18:01:53.227 (index):823 THINKING_1
18:01:53.228 (index):813 NODEACCESSRELEASED_2
18:01:53.228 (index):823 THINKING_3
18:01:54.226 (index):831 UPDATE_0
18:01:55.226 (index):843 NODEACCESSREQUESTED_2
18:01:55.228 (index):813 NODEACCESSRELEASED_0
18:01:57.226 (index):831 UPDATE_2
18:01:57.227 (index):843 NODEACCESSREQUESTED_0
18:01:57.228 (index):831 UPDATE_1
18:01:58.227 (index):823 THINKING_2
18:01:58.229 (index):823 THINKING_1
18:01:58.230 (index):831 UPDATE_3
18:01:59.226 (index):831 UPDATE_0
18:01:59.227 (index):813 NODEACCESSRELEASED_3
18:02:00.226 (index):823 THINKING_0
18:02:01.230 (index):843 NODEACCESSREQUESTED_3
18:02:01.232 (index):831 UPDATE_2
18:02:02.226 (index):813 NODEACCESSRELEASED_2
18:02:03.226 (index):831 UPDATE_3
18:02:03.228 (index):831 UPDATE_1
18:02:03.229 (index):831 UPDATE_0
18:02:04.229 (index):843 NODEACCESSREQUESTED_2
18:02:04.230 (index):813 NODEACCESSRELEASED_3
18:02:04.231 (index):813 NODEACCESSRELEASED_1
18:02:04.231 (index):823 THINKING_0
18:02:06.226 (index):831 UPDATE_2
18:02:06.227 (index):843 NODEACCESSREQUESTED_3
18:02:06.229 (index):843 NODEACCESSREQUESTED_1
18:02:07.227 (index):813 NODEACCESSRELEASED_2
18:02:08.229 (index):831 UPDATE_3
18:02:08.231 (index):831 UPDATE_1
18:02:08.231 (index):843 NODEACCESSREQUESTED_2
18:02:09.226 (index):813 NODEACCESSRELEASED_3
18:02:09.228 (index):823 THINKING_1
18:02:09.229 (index):831 UPDATE_0
18:02:10.227 (index):831 UPDATE_2
18:02:10.229 (index):813 NODEACCESSRELEASED_0
18:02:11.226 (index):843 NODEACCESSREQUESTED_3
18:02:11.228 (index):823 THINKING_2
18:02:12.226 (index):843 NODEACCESSREQUESTED_0
18:02:12.228 (index):831 UPDATE_1
18:02:13.226 (index):831 UPDATE_3
18:02:13.228 (index):813 NODEACCESSRELEASED_1
18:02:14.226 (index):831 UPDATE_0
18:02:14.227 (index):813 NODEACCESSRELEASED_3
18:02:14.229 (index):831 UPDATE_2
18:02:15.226 (index):843 NODEACCESSREQUESTED_1
18:02:15.227 (index):823 THINKING_0
18:02:15.227 (index):823 THINKING_2
18:02:16.227 (index):843 NODEACCESSREQUESTED_3
18:02:16.229 (index):831 UPDATE_1
18:02:17.228 (index):823 THINKING_1
18:02:18.226 (index):831 UPDATE_3
18:02:18.228 (index):831 UPDATE_0
18:02:18.229 (index):831 UPDATE_2
18:02:19.226 (index):813 NODEACCESSRELEASED_3
18:02:19.228 (index):813 NODEACCESSRELEASED_0
18:02:19.229 (index):823 THINKING_2
18:02:20.230 (index):831 UPDATE_1
18:02:20.231 (index):843 NODEACCESSREQUESTED_3
18:02:20.232 (index):843 NODEACCESSREQUESTED_0
18:02:21.226 (index):823 THINKING_1
18:02:22.227 (index):831 UPDATE_3
18:02:22.229 (index):831 UPDATE_0
18:02:23.229 (index):823 THINKING_3
18:02:23.230 (index):813 NODEACCESSRELEASED_0
18:02:24.226 (index):831 UPDATE_2
18:02:25.226 (index):843 NODEACCESSREQUESTED_0
18:02:25.228 (index):813 NODEACCESSRELEASED_2
18:02:26.227 (index):831 UPDATE_3
18:02:26.229 (index):831 UPDATE_1
18:02:27.227 (index):831 UPDATE_0
18:02:27.228 (index):843 NODEACCESSREQUESTED_2
18:02:27.230 (index):813 NODEACCESSRELEASED_3
18:02:27.232 (index):823 THINKING_1
18:02:28.226 (index):823 THINKING_0
18:02:29.226 (index):831 UPDATE_2
18:02:29.227 (index):843 NODEACCESSREQUESTED_3
18:02:30.227 (index):813 NODEACCESSRELEASED_2
18:02:31.227 (index):831 UPDATE_3
18:02:32.228 (index):843 NODEACCESSREQUESTED_2
18:02:32.230 (index):813 NODEACCESSRELEASED_3
18:02:32.231 (index):831 UPDATE_1
18:02:32.232 (index):831 UPDATE_0
18:02:33.226 (index):813 NODEACCESSRELEASED_1
18:02:33.228 (index):813 NODEACCESSRELEASED_0
18:02:34.226 (index):831 UPDATE_2
18:02:34.228 (index):843 NODEACCESSREQUESTED_3
18:02:35.226 (index):843 NODEACCESSREQUESTED_1
18:02:35.228 (index):843 NODEACCESSREQUESTED_0
18:02:35.229 (index):813 NODEACCESSRELEASED_2
18:02:36.226 (index):831 UPDATE_3
18:02:37.226 (index):831 UPDATE_1
18:02:37.227 (index):831 UPDATE_0
18:02:37.228 (index):843 NODEACCESSREQUESTED_2
18:02:37.230 (index):823 THINKING_3
18:02:38.226 (index):823 THINKING_1
18:02:38.227 (index):813 NODEACCESSRELEASED_0
18:02:39.226 (index):831 UPDATE_2
18:02:40.227 (index):843 NODEACCESSREQUESTED_0
18:02:40.229 (index):813 NODEACCESSRELEASED_2
18:02:40.230 (index):831 UPDATE_3
18:02:41.226 (index):813 NODEACCESSRELEASED_3
18:02:41.228 (index):831 UPDATE_1
18:02:42.230 (index):831 UPDATE_0
18:02:42.231 (index):843 NODEACCESSREQUESTED_2
18:02:42.232 (index):813 NODEACCESSRELEASED_1
18:02:42.233 (index):843 NODEACCESSREQUESTED_3
18:02:43.226 (index):813 NODEACCESSRELEASED_0
18:02:44.226 (index):831 UPDATE_2
18:02:44.228 (index):843 NODEACCESSREQUESTED_1
18:02:44.229 (index):831 UPDATE_3
18:02:45.226 (index):843 NODEACCESSREQUESTED_0
18:02:45.228 (index):872 END_2
18:02:45.229 (index):872 END_3
18:02:46.226 (index):831 UPDATE_1
18:02:47.227 (index):831 UPDATE_0
18:02:47.228 (index):872 END_1
18:02:48.229 (index):872 END_0
