18:18:46.227 (index):1232 Tasks: 25; Collaborators: 17    =========================>
18:18:46.227 (index):843 NODEACCESSREQUESTED_0
18:18:46.228 (index):843 NODEACCESSREQUESTED_1
18:18:46.229 (index):843 NODEACCESSREQUESTED_2
18:18:46.229 (index):843 NODEACCESSREQUESTED_3
18:18:46.231 (index):843 NODEACCESSREQUESTED_4
18:18:46.232 (index):843 NODEACCESSREQUESTED_5
18:18:46.234 (index):843 NODEACCESSREQUESTED_6
18:18:46.235 (index):843 NODEACCESSREQUESTED_7
18:18:46.236 (index):843 NODEACCESSREQUESTED_8
18:18:46.237 (index):843 NODEACCESSREQUESTED_9
18:18:46.238 (index):843 NODEACCESSREQUESTED_10
18:18:46.240 (index):843 NODEACCESSREQUESTED_11
18:18:46.240 (index):843 NODEACCESSREQUESTED_12
18:18:46.241 (index):843 NODEACCESSREQUESTED_13
18:18:46.242 (index):843 NODEACCESSREQUESTED_14
18:18:46.242 (index):843 NODEACCESSREQUESTED_15
18:18:46.243 (index):843 NODEACCESSREQUESTED_16
18:18:48.226 (index):823 THINKING_0
18:18:48.227 (index):823 THINKING_1
18:18:48.228 (index):813 NODEACCESSRELEASED_2
18:18:48.229 (index):813 NODEACCESSRELEASED_3
18:18:48.229 (index):813 NODEACCESSRELEASED_4
18:18:48.231 (index):813 NODEACCESSRELEASED_5
18:18:48.231 (index):823 THINKING_6
18:18:48.232 (index):813 NODEACCESSRELEASED_7
18:18:48.232 (index):823 THINKING_8
18:18:48.233 (index):813 NODEACCESSRELEASED_9
18:18:48.233 (index):813 NODEACCESSRELEASED_10
18:18:48.234 (index):823 THINKING_11
18:18:48.234 (index):861 WAITING_12
18:18:48.235 (index):861 WAITING_13
18:18:48.235 (index):861 WAITING_14
18:18:48.235 (index):861 WAITING_15
18:18:48.236 (index):861 WAITING_16
18:18:50.226 (index):843 NODEACCESSREQUESTED_2
18:18:50.227 (index):843 NODEACCESSREQUESTED_3
18:18:50.228 (index):843 NODEACCESSREQUESTED_4
18:18:50.229 (index):843 NODEACCESSREQUESTED_5
18:18:50.229 (index):843 NODEACCESSREQUESTED_7
18:18:50.230 (index):843 NODEACCESSREQUESTED_9
18:18:50.231 (index):843 NODEACCESSREQUESTED_10
18:18:50.232 (index):861 WAITING_12
18:18:50.233 (index):861 WAITING_13
18:18:50.234 (index):861 WAITING_14
18:18:50.235 (index):861 WAITING_15
18:18:50.236 (index):861 WAITING_16
18:18:51.226 (index):831 UPDATE_8
18:18:51.227 (index):831 UPDATE_11
18:18:51.227 (index):831 UPDATE_6
18:18:51.228 (index):831 UPDATE_1
18:18:52.226 (index):831 UPDATE_2
18:18:52.228 (index):831 UPDATE_3
18:18:52.229 (index):831 UPDATE_4
18:18:52.230 (index):831 UPDATE_5
18:18:52.232 (index):831 UPDATE_7
18:18:52.234 (index):831 UPDATE_9
18:18:52.235 (index):831 UPDATE_10
18:18:52.237 (index):861 WAITING_12
18:18:52.238 (index):861 WAITING_13
18:18:52.240 (index):861 WAITING_14
18:18:52.241 (index):861 WAITING_15
18:18:52.242 (index):861 WAITING_16
18:18:52.243 (index):823 THINKING_8
18:18:52.244 (index):823 THINKING_11
18:18:52.244 (index):813 NODEACCESSRELEASED_6
18:18:52.245 (index):813 NODEACCESSRELEASED_1
18:18:53.226 (index):813 NODEACCESSRELEASED_2
18:18:53.228 (index):813 NODEACCESSRELEASED_3
18:18:53.229 (index):813 NODEACCESSRELEASED_4
18:18:53.230 (index):823 THINKING_5
18:18:53.231 (index):813 NODEACCESSRELEASED_7
18:18:53.232 (index):823 THINKING_9
18:18:53.233 (index):823 THINKING_10
18:18:53.233 (index):831 UPDATE_0
18:18:54.226 (index):861 WAITING_12
18:18:54.227 (index):861 WAITING_13
18:18:54.227 (index):861 WAITING_14
18:18:54.228 (index):861 WAITING_15
18:18:54.229 (index):861 WAITING_16
18:18:54.229 (index):843 NODEACCESSREQUESTED_6
18:18:54.230 (index):843 NODEACCESSREQUESTED_1
18:18:54.231 (index):813 NODEACCESSRELEASED_0
18:18:55.226 (index):843 NODEACCESSREQUESTED_2
18:18:55.227 (index):843 NODEACCESSREQUESTED_3
18:18:55.227 (index):843 NODEACCESSREQUESTED_4
18:18:55.228 (index):843 NODEACCESSREQUESTED_7
18:18:56.226 (index):861 WAITING_12
18:18:56.227 (index):861 WAITING_13
18:18:56.228 (index):861 WAITING_14
18:18:56.228 (index):861 WAITING_15
18:18:56.230 (index):861 WAITING_16
18:18:56.231 (index):831 UPDATE_6
18:18:56.232 (index):831 UPDATE_1
18:18:56.234 (index):843 NODEACCESSREQUESTED_0
18:18:56.235 (index):831 UPDATE_10
18:18:56.237 (index):831 UPDATE_11
18:18:56.238 (index):831 UPDATE_5
18:18:57.226 (index):831 UPDATE_2
18:18:57.227 (index):831 UPDATE_3
18:18:57.228 (index):831 UPDATE_4
18:18:57.229 (index):831 UPDATE_7
18:18:57.229 (index):813 NODEACCESSRELEASED_6
18:18:57.230 (index):823 THINKING_1
18:18:57.232 (index):813 NODEACCESSRELEASED_10
18:18:57.233 (index):813 NODEACCESSRELEASED_11
18:18:57.234 (index):813 NODEACCESSRELEASED_5
18:18:57.235 (index):831 UPDATE_8
18:18:58.226 (index):861 WAITING_12
18:18:58.227 (index):861 WAITING_13
18:18:58.228 (index):861 WAITING_14
18:18:58.228 (index):861 WAITING_15
18:18:58.229 (index):861 WAITING_16
18:18:58.230 (index):831 UPDATE_0
18:18:58.230 (index):813 NODEACCESSRELEASED_2
18:18:58.231 (index):823 THINKING_3
18:18:58.232 (index):813 NODEACCESSRELEASED_4
18:18:58.232 (index):813 NODEACCESSRELEASED_7
18:18:58.233 (index):813 NODEACCESSRELEASED_8
18:18:58.234 (index):831 UPDATE_9
18:18:59.226 (index):843 NODEACCESSREQUESTED_6
18:18:59.227 (index):843 NODEACCESSREQUESTED_10
18:18:59.228 (index):843 NODEACCESSREQUESTED_11
18:18:59.228 (index):843 NODEACCESSREQUESTED_5
18:18:59.229 (index):813 NODEACCESSRELEASED_0
18:18:59.230 (index):823 THINKING_9
18:19:00.226 (index):861 WAITING_12
18:19:00.228 (index):861 WAITING_13
18:19:00.229 (index):861 WAITING_14
18:19:00.231 (index):861 WAITING_15
18:19:00.232 (index):861 WAITING_16
18:19:00.234 (index):843 NODEACCESSREQUESTED_2
18:19:00.234 (index):843 NODEACCESSREQUESTED_4
18:19:00.235 (index):843 NODEACCESSREQUESTED_7
18:19:00.236 (index):843 NODEACCESSREQUESTED_8
18:19:01.226 (index):831 UPDATE_6
18:19:01.227 (index):831 UPDATE_10
18:19:01.228 (index):831 UPDATE_11
18:19:01.229 (index):831 UPDATE_5
18:19:01.230 (index):843 NODEACCESSREQUESTED_0
18:19:01.231 (index):831 UPDATE_1
18:19:02.226 (index):861 WAITING_12
18:19:02.227 (index):861 WAITING_13
18:19:02.228 (index):861 WAITING_14
18:19:02.229 (index):861 WAITING_15
18:19:02.230 (index):861 WAITING_16
18:19:02.231 (index):831 UPDATE_2
18:19:02.232 (index):831 UPDATE_4
18:19:02.233 (index):831 UPDATE_7
18:19:02.234 (index):831 UPDATE_8
18:19:02.235 (index):813 NODEACCESSRELEASED_6
18:19:02.236 (index):823 THINKING_10
18:19:02.237 (index):813 NODEACCESSRELEASED_11
18:19:02.238 (index):823 THINKING_5
18:19:02.239 (index):823 THINKING_1
18:19:02.239 (index):831 UPDATE_9
18:19:03.226 (index):831 UPDATE_0
18:19:03.227 (index):823 THINKING_2
18:19:03.228 (index):813 NODEACCESSRELEASED_4
18:19:03.229 (index):823 THINKING_7
18:19:03.229 (index):823 THINKING_8
18:19:03.231 (index):813 NODEACCESSRELEASED_9
18:19:03.232 (index):831 UPDATE_3
18:19:04.226 (index):861 WAITING_12
18:19:04.228 (index):861 WAITING_13
18:19:04.229 (index):861 WAITING_14
18:19:04.232 (index):861 WAITING_15
18:19:04.234 (index):861 WAITING_16
18:19:04.235 (index):843 NODEACCESSREQUESTED_6
18:19:04.236 (index):843 NODEACCESSREQUESTED_11
18:19:04.237 (index):823 THINKING_0
18:19:04.239 (index):813 NODEACCESSRELEASED_3
18:19:05.226 (index):843 NODEACCESSREQUESTED_4
18:19:05.227 (index):843 NODEACCESSREQUESTED_9
18:19:05.228 (index):831 UPDATE_10
18:19:06.226 (index):861 WAITING_12
18:19:06.227 (index):861 WAITING_13
18:19:06.228 (index):861 WAITING_14
18:19:06.229 (index):861 WAITING_15
18:19:06.230 (index):861 WAITING_16
18:19:06.232 (index):831 UPDATE_6
18:19:06.234 (index):831 UPDATE_11
18:19:06.234 (index):843 NODEACCESSREQUESTED_3
18:19:06.235 (index):813 NODEACCESSRELEASED_10
18:19:06.236 (index):831 UPDATE_5
18:19:06.236 (index):831 UPDATE_7
18:19:06.236 (index):831 UPDATE_2
18:19:07.226 (index):831 UPDATE_4
18:19:07.227 (index):831 UPDATE_9
18:19:07.228 (index):813 NODEACCESSRELEASED_6
18:19:07.229 (index):813 NODEACCESSRELEASED_11
18:19:07.230 (index):813 NODEACCESSRELEASED_5
18:19:07.231 (index):813 NODEACCESSRELEASED_7
18:19:07.232 (index):813 NODEACCESSRELEASED_2
18:19:07.234 (index):831 UPDATE_1
18:19:07.234 (index):831 UPDATE_0
18:19:08.227 (index):861 WAITING_12
18:19:08.228 (index):861 WAITING_13
18:19:08.229 (index):861 WAITING_14
18:19:08.230 (index):861 WAITING_15
18:19:08.231 (index):861 WAITING_16
18:19:08.232 (index):831 UPDATE_3
18:19:08.233 (index):843 NODEACCESSREQUESTED_10
18:19:08.233 (index):813 NODEACCESSRELEASED_4
18:19:08.234 (index):813 NODEACCESSRELEASED_9
18:19:08.235 (index):813 NODEACCESSRELEASED_1
18:19:08.237 (index):823 THINKING_0
18:19:08.238 (index):831 UPDATE_8
18:19:09.226 (index):843 NODEACCESSREQUESTED_6
18:19:09.228 (index):843 NODEACCESSREQUESTED_11
18:19:09.229 (index):843 NODEACCESSREQUESTED_5
18:19:09.231 (index):843 NODEACCESSREQUESTED_7
18:19:09.232 (index):843 NODEACCESSREQUESTED_2
18:19:09.234 (index):813 NODEACCESSRELEASED_3
18:19:09.234 (index):813 NODEACCESSRELEASED_8
18:19:10.226 (index):861 WAITING_12
18:19:10.227 (index):861 WAITING_13
18:19:10.228 (index):861 WAITING_14
18:19:10.229 (index):861 WAITING_15
18:19:10.230 (index):861 WAITING_16
18:19:10.231 (index):831 UPDATE_10
18:19:10.232 (index):843 NODEACCESSREQUESTED_4
18:19:10.233 (index):843 NODEACCESSREQUESTED_9
18:19:10.234 (index):843 NODEACCESSREQUESTED_1
18:19:11.226 (index):831 UPDATE_6
18:19:11.228 (index):831 UPDATE_11
18:19:11.229 (index):831 UPDATE_5
18:19:11.231 (index):831 UPDATE_7
18:19:11.232 (index):831 UPDATE_2
18:19:11.233 (index):843 NODEACCESSREQUESTED_3
18:19:11.235 (index):843 NODEACCESSREQUESTED_8
18:19:11.236 (index):823 THINKING_10
18:19:12.227 (index):861 WAITING_12
18:19:12.229 (index):861 WAITING_13
18:19:12.231 (index):861 WAITING_14
18:19:12.233 (index):861 WAITING_15
18:19:12.234 (index):861 WAITING_16
18:19:12.235 (index):831 UPDATE_4
18:19:12.235 (index):831 UPDATE_9
18:19:12.236 (index):831 UPDATE_1
18:19:12.236 (index):813 NODEACCESSRELEASED_6
18:19:12.237 (index):823 THINKING_11
18:19:12.238 (index):823 THINKING_5
18:19:12.238 (index):823 THINKING_7
18:19:12.238 (index):813 NODEACCESSRELEASED_2
18:19:13.226 (index):831 UPDATE_3
18:19:13.228 (index):831 UPDATE_8
18:19:13.229 (index):823 THINKING_4
18:19:13.233 (index):813 NODEACCESSRELEASED_9
18:19:13.234 (index):823 THINKING_1
18:19:13.235 (index):831 UPDATE_0
18:19:14.226 (index):861 WAITING_12
18:19:14.228 (index):861 WAITING_13
18:19:14.229 (index):861 WAITING_14
18:19:14.230 (index):861 WAITING_15
18:19:14.231 (index):861 WAITING_16
18:19:14.232 (index):843 NODEACCESSREQUESTED_6
18:19:14.234 (index):843 NODEACCESSREQUESTED_2
18:19:14.235 (index):813 NODEACCESSRELEASED_3
18:19:14.236 (index):813 NODEACCESSRELEASED_8
18:19:14.237 (index):813 NODEACCESSRELEASED_0
18:19:15.226 (index):843 NODEACCESSREQUESTED_9
18:19:16.226 (index):861 WAITING_12
18:19:16.228 (index):861 WAITING_13
18:19:16.234 (index):861 WAITING_14
18:19:16.236 (index):861 WAITING_15
18:19:16.238 (index):861 WAITING_16
18:19:16.239 (index):831 UPDATE_6
18:19:16.240 (index):831 UPDATE_2
18:19:16.241 (index):843 NODEACCESSREQUESTED_3
18:19:16.242 (index):843 NODEACCESSREQUESTED_8
18:19:16.242 (index):843 NODEACCESSREQUESTED_0
18:19:16.243 (index):831 UPDATE_1
18:19:16.243 (index):831 UPDATE_4
18:19:16.244 (index):831 UPDATE_10
18:19:17.226 (index):831 UPDATE_9
18:19:17.228 (index):823 THINKING_6
18:19:17.229 (index):823 THINKING_2
18:19:17.230 (index):813 NODEACCESSRELEASED_1
18:19:17.231 (index):813 NODEACCESSRELEASED_4
18:19:17.233 (index):813 NODEACCESSRELEASED_10
18:19:17.234 (index):831 UPDATE_11
18:19:17.235 (index):831 UPDATE_5
18:19:17.236 (index):831 UPDATE_7
18:19:18.226 (index):861 WAITING_12
18:19:18.228 (index):861 WAITING_13
18:19:18.229 (index):861 WAITING_14
18:19:18.231 (index):861 WAITING_15
18:19:18.233 (index):861 WAITING_16
18:19:18.234 (index):831 UPDATE_3
18:19:18.234 (index):831 UPDATE_8
18:19:18.235 (index):831 UPDATE_0
18:19:18.236 (index):823 THINKING_9
18:19:18.236 (index):813 NODEACCESSRELEASED_11
18:19:18.237 (index):823 THINKING_5
18:19:18.237 (index):813 NODEACCESSRELEASED_7
18:19:19.226 (index):843 NODEACCESSREQUESTED_1
18:19:19.228 (index):843 NODEACCESSREQUESTED_4
18:19:19.230 (index):843 NODEACCESSREQUESTED_10
18:19:19.232 (index):813 NODEACCESSRELEASED_3
18:19:19.233 (index):823 THINKING_8
18:19:19.235 (index):823 THINKING_0
18:19:20.227 (index):861 WAITING_12
18:19:20.229 (index):861 WAITING_13
18:19:20.230 (index):861 WAITING_14
18:19:20.232 (index):861 WAITING_15
18:19:20.234 (index):861 WAITING_16
18:19:20.238 (index):843 NODEACCESSREQUESTED_11
18:19:20.238 (index):843 NODEACCESSREQUESTED_7
18:19:20.239 (index):831 UPDATE_6
18:19:20.239 (index):831 UPDATE_2
18:19:21.226 (index):831 UPDATE_1
18:19:21.227 (index):831 UPDATE_4
18:19:21.228 (index):831 UPDATE_10
18:19:21.230 (index):843 NODEACCESSREQUESTED_3
18:19:21.231 (index):831 UPDATE_5
18:19:21.233 (index):823 THINKING_6
18:19:21.234 (index):823 THINKING_2
18:19:22.226 (index):861 WAITING_12
18:19:22.228 (index):861 WAITING_13
18:19:22.229 (index):861 WAITING_14
18:19:22.231 (index):861 WAITING_15
18:19:22.232 (index):861 WAITING_16
18:19:22.233 (index):831 UPDATE_11
18:19:22.235 (index):831 UPDATE_7
18:19:22.236 (index):823 THINKING_1
18:19:22.237 (index):823 THINKING_4
18:19:22.238 (index):823 THINKING_10
18:19:22.239 (index):813 NODEACCESSRELEASED_5
18:19:22.240 (index):831 UPDATE_9
18:19:22.241 (index):831 UPDATE_0
18:19:23.226 (index):831 UPDATE_3
18:19:23.228 (index):813 NODEACCESSRELEASED_11
18:19:23.229 (index):813 NODEACCESSRELEASED_7
18:19:23.231 (index):813 NODEACCESSRELEASED_9
18:19:23.233 (index):813 NODEACCESSRELEASED_0
18:19:23.235 (index):831 UPDATE_8
18:19:24.226 (index):861 WAITING_12
18:19:24.227 (index):861 WAITING_13
18:19:24.228 (index):861 WAITING_14
18:19:24.229 (index):861 WAITING_15
18:19:24.230 (index):861 WAITING_16
18:19:24.231 (index):843 NODEACCESSREQUESTED_5
18:19:24.232 (index):813 NODEACCESSRELEASED_3
18:19:24.233 (index):813 NODEACCESSRELEASED_8
18:19:24.234 (index):831 UPDATE_2
18:19:24.234 (index):831 UPDATE_6
18:19:25.226 (index):843 NODEACCESSREQUESTED_11
18:19:25.227 (index):843 NODEACCESSREQUESTED_7
18:19:25.228 (index):843 NODEACCESSREQUESTED_9
18:19:25.229 (index):843 NODEACCESSREQUESTED_0
18:19:25.230 (index):823 THINKING_2
18:19:25.232 (index):813 NODEACCESSRELEASED_6
18:19:25.233 (index):831 UPDATE_1
18:19:26.226 (index):861 WAITING_12
18:19:26.227 (index):861 WAITING_13
18:19:26.229 (index):861 WAITING_14
18:19:26.235 (index):861 WAITING_15
18:19:26.236 (index):861 WAITING_16
18:19:26.238 (index):831 UPDATE_5
18:19:26.238 (index):843 NODEACCESSREQUESTED_3
18:19:26.239 (index):843 NODEACCESSREQUESTED_8
18:19:26.240 (index):823 THINKING_1
18:19:26.241 (index):831 UPDATE_10
18:19:27.226 (index):831 UPDATE_11
18:19:27.228 (index):831 UPDATE_7
18:19:27.229 (index):831 UPDATE_9
18:19:27.230 (index):831 UPDATE_0
18:19:27.232 (index):843 NODEACCESSREQUESTED_6
18:19:27.234 (index):823 THINKING_5
18:19:27.235 (index):813 NODEACCESSRELEASED_10
18:19:27.235 (index):831 UPDATE_4
18:19:28.226 (index):861 WAITING_12
18:19:28.228 (index):861 WAITING_13
18:19:28.229 (index):861 WAITING_14
18:19:28.229 (index):861 WAITING_15
18:19:28.231 (index):861 WAITING_16
18:19:28.232 (index):831 UPDATE_3
18:19:28.234 (index):831 UPDATE_8
18:19:28.235 (index):813 NODEACCESSRELEASED_11
18:19:28.237 (index):813 NODEACCESSRELEASED_7
18:19:28.241 (index):813 NODEACCESSRELEASED_9
18:19:28.242 (index):813 NODEACCESSRELEASED_0
18:19:28.243 (index):823 THINKING_4
18:19:29.226 (index):831 UPDATE_6
18:19:29.227 (index):843 NODEACCESSREQUESTED_10
18:19:29.228 (index):823 THINKING_3
18:19:29.229 (index):813 NODEACCESSRELEASED_8
18:19:30.226 (index):861 WAITING_12
18:19:30.228 (index):861 WAITING_13
18:19:30.229 (index):861 WAITING_14
18:19:30.234 (index):861 WAITING_15
18:19:30.235 (index):861 WAITING_16
18:19:30.235 (index):843 NODEACCESSREQUESTED_11
18:19:30.236 (index):843 NODEACCESSREQUESTED_7
18:19:30.237 (index):843 NODEACCESSREQUESTED_9
18:19:30.237 (index):843 NODEACCESSREQUESTED_0
18:19:30.237 (index):813 NODEACCESSRELEASED_6
18:19:30.238 (index):831 UPDATE_2
18:19:31.226 (index):831 UPDATE_10
18:19:31.227 (index):843 NODEACCESSREQUESTED_8
18:19:31.228 (index):813 NODEACCESSRELEASED_2
18:19:31.230 (index):831 UPDATE_1
18:19:32.229 (index):861 WAITING_12
18:19:32.230 (index):861 WAITING_13
18:19:32.231 (index):861 WAITING_14
18:19:32.232 (index):861 WAITING_15
18:19:32.233 (index):861 WAITING_16
18:19:32.234 (index):831 UPDATE_11
18:19:32.236 (index):831 UPDATE_7
18:19:32.237 (index):831 UPDATE_9
18:19:32.238 (index):831 UPDATE_0
18:19:32.239 (index):843 NODEACCESSREQUESTED_6
18:19:32.239 (index):823 THINKING_10
18:19:32.240 (index):823 THINKING_1
18:19:32.241 (index):831 UPDATE_3
18:19:32.241 (index):831 UPDATE_5
18:19:32.242 (index):831 UPDATE_4
18:19:32.242 (index):831 UPDATE_8
18:19:33.226 (index):843 NODEACCESSREQUESTED_2
18:19:33.227 (index):823 THINKING_11
18:19:33.227 (index):813 NODEACCESSRELEASED_7
18:19:33.228 (index):823 THINKING_9
18:19:33.228 (index):823 THINKING_0
18:19:33.229 (index):813 NODEACCESSRELEASED_3
18:19:33.229 (index):813 NODEACCESSRELEASED_5
18:19:33.230 (index):823 THINKING_4
18:19:33.231 (index):813 NODEACCESSRELEASED_8
18:19:34.226 (index):861 WAITING_12
18:19:34.227 (index):861 WAITING_13
18:19:34.228 (index):861 WAITING_14
18:19:34.228 (index):861 WAITING_15
18:19:34.229 (index):861 WAITING_16
18:19:34.230 (index):831 UPDATE_6
18:19:35.226 (index):831 UPDATE_2
18:19:35.228 (index):843 NODEACCESSREQUESTED_7
18:19:35.229 (index):843 NODEACCESSREQUESTED_3
18:19:35.231 (index):843 NODEACCESSREQUESTED_5
18:19:35.233 (index):843 NODEACCESSREQUESTED_8
18:19:35.235 (index):813 NODEACCESSRELEASED_6
18:19:36.226 (index):861 WAITING_12
18:19:36.228 (index):861 WAITING_13
18:19:36.229 (index):861 WAITING_14
18:19:36.231 (index):861 WAITING_15
18:19:36.232 (index):861 WAITING_16
18:19:36.233 (index):813 NODEACCESSRELEASED_2
18:19:36.234 (index):831 UPDATE_4
18:19:37.226 (index):831 UPDATE_7
18:19:37.227 (index):831 UPDATE_3
18:19:37.227 (index):831 UPDATE_5
18:19:37.228 (index):831 UPDATE_8
18:19:37.229 (index):843 NODEACCESSREQUESTED_6
18:19:37.229 (index):813 NODEACCESSRELEASED_4
18:19:37.230 (index):831 UPDATE_1
18:19:37.231 (index):831 UPDATE_11
18:19:37.232 (index):831 UPDATE_9
18:19:37.233 (index):831 UPDATE_10
18:19:37.234 (index):831 UPDATE_0
18:19:38.226 (index):861 WAITING_12
18:19:38.227 (index):861 WAITING_13
18:19:38.228 (index):861 WAITING_14
18:19:38.228 (index):861 WAITING_15
18:19:38.229 (index):861 WAITING_16
18:19:38.230 (index):843 NODEACCESSREQUESTED_2
18:19:38.230 (index):813 NODEACCESSRELEASED_7
18:19:38.231 (index):813 NODEACCESSRELEASED_3
18:19:38.232 (index):813 NODEACCESSRELEASED_5
18:19:38.233 (index):813 NODEACCESSRELEASED_8
18:19:38.234 (index):813 NODEACCESSRELEASED_1
18:19:38.236 (index):813 NODEACCESSRELEASED_11
18:19:38.237 (index):813 NODEACCESSRELEASED_9
18:19:38.238 (index):813 NODEACCESSRELEASED_10
18:19:38.239 (index):813 NODEACCESSRELEASED_0
18:19:39.226 (index):831 UPDATE_6
18:19:39.227 (index):843 NODEACCESSREQUESTED_4
18:19:40.226 (index):861 WAITING_12
18:19:40.228 (index):861 WAITING_13
18:19:40.229 (index):861 WAITING_14
18:19:40.230 (index):861 WAITING_15
18:19:40.232 (index):861 WAITING_16
18:19:40.233 (index):831 UPDATE_2
18:19:40.235 (index):843 NODEACCESSREQUESTED_7
18:19:40.236 (index):843 NODEACCESSREQUESTED_3
18:19:40.237 (index):843 NODEACCESSREQUESTED_5
18:19:40.238 (index):843 NODEACCESSREQUESTED_8
18:19:40.239 (index):843 NODEACCESSREQUESTED_1
18:19:40.240 (index):843 NODEACCESSREQUESTED_11
18:19:40.241 (index):843 NODEACCESSREQUESTED_9
18:19:40.242 (index):843 NODEACCESSREQUESTED_10
18:19:40.243 (index):843 NODEACCESSREQUESTED_0
18:19:40.243 (index):813 NODEACCESSRELEASED_6
18:19:41.226 (index):831 UPDATE_4
18:19:41.227 (index):813 NODEACCESSRELEASED_2
18:19:42.226 (index):861 WAITING_12
18:19:42.227 (index):861 WAITING_13
18:19:42.228 (index):861 WAITING_14
18:19:42.228 (index):861 WAITING_15
18:19:42.229 (index):861 WAITING_16
18:19:42.230 (index):831 UPDATE_7
18:19:42.231 (index):831 UPDATE_3
18:19:42.232 (index):831 UPDATE_5
18:19:42.233 (index):831 UPDATE_8
18:19:42.234 (index):831 UPDATE_1
18:19:42.234 (index):831 UPDATE_11
18:19:42.235 (index):831 UPDATE_9
18:19:42.235 (index):831 UPDATE_10
18:19:42.236 (index):831 UPDATE_0
18:19:42.236 (index):843 NODEACCESSREQUESTED_6
18:19:42.237 (index):813 NODEACCESSRELEASED_4
18:19:43.226 (index):843 NODEACCESSREQUESTED_2
18:19:43.227 (index):823 THINKING_7
18:19:43.227 (index):823 THINKING_3
18:19:43.228 (index):813 NODEACCESSRELEASED_5
18:19:43.229 (index):813 NODEACCESSRELEASED_8
18:19:43.230 (index):823 THINKING_1
18:19:43.230 (index):813 NODEACCESSRELEASED_11
18:19:43.231 (index):813 NODEACCESSRELEASED_9
18:19:43.232 (index):813 NODEACCESSRELEASED_10
18:19:43.233 (index):813 NODEACCESSRELEASED_0
18:19:44.226 (index):861 WAITING_12
18:19:44.227 (index):861 WAITING_13
18:19:44.228 (index):861 WAITING_14
18:19:44.228 (index):861 WAITING_15
18:19:44.229 (index):861 WAITING_16
18:19:44.234 (index):831 UPDATE_6
18:19:44.235 (index):843 NODEACCESSREQUESTED_4
18:19:45.226 (index):831 UPDATE_2
18:19:45.227 (index):843 NODEACCESSREQUESTED_5
18:19:45.227 (index):843 NODEACCESSREQUESTED_8
18:19:45.228 (index):843 NODEACCESSREQUESTED_11
18:19:45.229 (index):843 NODEACCESSREQUESTED_9
18:19:45.229 (index):843 NODEACCESSREQUESTED_10
18:19:45.231 (index):843 NODEACCESSREQUESTED_0
18:19:45.232 (index):813 NODEACCESSRELEASED_6
18:19:46.226 (index):861 WAITING_12
18:19:46.227 (index):861 WAITING_13
18:19:46.228 (index):861 WAITING_14
18:19:46.229 (index):861 WAITING_15
18:19:46.229 (index):861 WAITING_16
18:19:46.230 (index):831 UPDATE_4
18:19:46.231 (index):813 NODEACCESSRELEASED_2
18:19:46.232 (index):831 UPDATE_1
18:19:46.232 (index):831 UPDATE_3
18:19:47.226 (index):831 UPDATE_5
18:19:47.227 (index):831 UPDATE_8
18:19:47.228 (index):831 UPDATE_11
18:19:47.229 (index):831 UPDATE_9
18:19:47.229 (index):831 UPDATE_10
18:19:47.230 (index):831 UPDATE_0
18:19:47.231 (index):843 NODEACCESSREQUESTED_6
18:19:47.232 (index):823 THINKING_4
18:19:47.233 (index):813 NODEACCESSRELEASED_1
18:19:47.234 (index):813 NODEACCESSRELEASED_3
18:19:47.235 (index):831 UPDATE_7
18:19:48.226 (index):861 WAITING_12
18:19:48.227 (index):861 WAITING_13
18:19:48.228 (index):861 WAITING_14
18:19:48.228 (index):861 WAITING_15
18:19:48.229 (index):861 WAITING_16
18:19:48.229 (index):843 NODEACCESSREQUESTED_2
18:19:48.230 (index):813 NODEACCESSRELEASED_5
18:19:48.232 (index):813 NODEACCESSRELEASED_8
18:19:48.233 (index):823 THINKING_11
18:19:48.234 (index):813 NODEACCESSRELEASED_9
18:19:48.234 (index):813 NODEACCESSRELEASED_10
18:19:48.235 (index):813 NODEACCESSRELEASED_0
18:19:48.235 (index):813 NODEACCESSRELEASED_7
18:19:49.226 (index):831 UPDATE_6
18:19:49.227 (index):843 NODEACCESSREQUESTED_1
18:19:49.228 (index):843 NODEACCESSREQUESTED_3
18:19:50.226 (index):861 WAITING_12
18:19:50.227 (index):861 WAITING_13
18:19:50.228 (index):861 WAITING_14
18:19:50.229 (index):861 WAITING_15
18:19:50.229 (index):861 WAITING_16
18:19:50.229 (index):831 UPDATE_2
18:19:50.230 (index):843 NODEACCESSREQUESTED_5
18:19:50.231 (index):843 NODEACCESSREQUESTED_8
18:19:50.232 (index):843 NODEACCESSREQUESTED_9
18:19:50.233 (index):843 NODEACCESSREQUESTED_10
18:19:50.234 (index):843 NODEACCESSREQUESTED_0
18:19:50.235 (index):843 NODEACCESSREQUESTED_7
18:19:50.236 (index):872 END_6
18:19:51.226 (index):831 UPDATE_1
18:19:51.227 (index):831 UPDATE_3
18:19:51.227 (index):872 END_2
18:19:52.226 (index):861 WAITING_12
18:19:52.227 (index):861 WAITING_13
18:19:52.228 (index):861 WAITING_14
18:19:52.228 (index):861 WAITING_15
18:19:52.229 (index):861 WAITING_16
18:19:52.229 (index):831 UPDATE_5
18:19:52.231 (index):831 UPDATE_8
18:19:52.232 (index):831 UPDATE_9
18:19:52.233 (index):831 UPDATE_10
18:19:52.234 (index):831 UPDATE_0
18:19:52.235 (index):831 UPDATE_7
18:19:52.236 (index):872 END_1
18:19:52.237 (index):872 END_3
18:19:52.238 (index):831 UPDATE_11
18:19:52.239 (index):831 UPDATE_4
18:19:53.226 (index):872 END_5
18:19:53.227 (index):872 END_8
18:19:53.227 (index):872 END_9
18:19:53.228 (index):872 END_10
18:19:53.229 (index):872 END_0
18:19:53.230 (index):872 END_7
18:19:53.231 (index):872 END_11
18:19:53.232 (index):872 END_4
18:19:54.227 (index):813 NODEACCESSRELEASED_12
18:19:54.228 (index):823 THINKING_13
18:19:54.233 (index):861 WAITING_14
18:19:54.234 (index):861 WAITING_15
18:19:54.235 (index):861 WAITING_16
18:19:56.226 (index):843 NODEACCESSREQUESTED_12
18:19:56.227 (index):861 WAITING_14
18:19:56.227 (index):861 WAITING_15
18:19:56.228 (index):861 WAITING_16
18:19:58.226 (index):861 WAITING_12
18:19:58.227 (index):861 WAITING_14
18:19:58.227 (index):861 WAITING_15
18:19:58.228 (index):861 WAITING_16
18:19:59.226 (index):831 UPDATE_13
18:20:00.226 (index):861 WAITING_12
18:20:00.227 (index):861 WAITING_14
18:20:00.228 (index):861 WAITING_15
18:20:00.228 (index):861 WAITING_16
18:20:00.229 (index):813 NODEACCESSRELEASED_13
18:20:02.226 (index):861 WAITING_12
18:20:02.227 (index):823 THINKING_14
18:20:02.227 (index):861 WAITING_15
18:20:02.228 (index):861 WAITING_16
18:20:02.229 (index):843 NODEACCESSREQUESTED_13
18:20:03.228 (index):861 WAITING_12
18:20:04.229 (index):861 WAITING_15
18:20:04.230 (index):861 WAITING_16
18:20:04.231 (index):861 WAITING_13
18:20:04.232 (index):861 WAITING_12
18:20:06.226 (index):861 WAITING_15
18:20:06.227 (index):861 WAITING_16
18:20:06.228 (index):861 WAITING_13
18:20:06.229 (index):861 WAITING_12
18:20:07.226 (index):831 UPDATE_14
18:20:08.229 (index):861 WAITING_15
18:20:08.231 (index):861 WAITING_16
18:20:08.232 (index):861 WAITING_13
18:20:08.233 (index):861 WAITING_12
18:20:08.234 (index):813 NODEACCESSRELEASED_14
18:20:10.226 (index):823 THINKING_15
18:20:10.230 (index):861 WAITING_16
18:20:10.231 (index):861 WAITING_13
18:20:10.232 (index):861 WAITING_12
18:20:10.233 (index):843 NODEACCESSREQUESTED_14
18:20:12.226 (index):861 WAITING_16
18:20:12.228 (index):861 WAITING_13
18:20:12.229 (index):861 WAITING_12
18:20:12.230 (index):861 WAITING_14
18:20:14.228 (index):861 WAITING_16
18:20:14.229 (index):861 WAITING_13
18:20:14.229 (index):861 WAITING_12
18:20:14.230 (index):861 WAITING_14
18:20:14.231 (index):831 UPDATE_15
18:20:15.226 (index):813 NODEACCESSRELEASED_15
18:20:16.226 (index):823 THINKING_16
18:20:16.227 (index):861 WAITING_13
18:20:16.228 (index):861 WAITING_12
18:20:16.229 (index):861 WAITING_14
18:20:17.226 (index):843 NODEACCESSREQUESTED_15
18:20:18.226 (index):861 WAITING_13
18:20:18.227 (index):861 WAITING_12
18:20:18.228 (index):861 WAITING_14
18:20:19.227 (index):861 WAITING_15
18:20:19.228 (index):831 UPDATE_16
18:20:20.226 (index):861 WAITING_13
18:20:20.227 (index):861 WAITING_12
18:20:20.227 (index):861 WAITING_14
18:20:20.228 (index):813 NODEACCESSRELEASED_16
18:20:21.226 (index):861 WAITING_15
18:20:22.226 (index):861 WAITING_13
18:20:22.227 (index):831 UPDATE_12
18:20:22.229 (index):861 WAITING_14
18:20:22.231 (index):843 NODEACCESSREQUESTED_16
18:20:23.226 (index):861 WAITING_15
18:20:23.228 (index):813 NODEACCESSRELEASED_12
18:20:24.226 (index):831 UPDATE_13
18:20:24.228 (index):861 WAITING_14
18:20:24.229 (index):831 UPDATE_16
18:20:25.226 (index):861 WAITING_15
18:20:25.227 (index):843 NODEACCESSREQUESTED_12
18:20:25.228 (index):813 NODEACCESSRELEASED_13
18:20:25.229 (index):813 NODEACCESSRELEASED_16
18:20:26.226 (index):831 UPDATE_14
18:20:27.226 (index):861 WAITING_15
18:20:27.227 (index):831 UPDATE_12
18:20:27.228 (index):843 NODEACCESSREQUESTED_13
18:20:27.229 (index):843 NODEACCESSREQUESTED_16
18:20:27.230 (index):823 THINKING_14
18:20:28.226 (index):813 NODEACCESSRELEASED_12
18:20:29.227 (index):861 WAITING_15
18:20:29.228 (index):831 UPDATE_13
18:20:29.230 (index):831 UPDATE_16
18:20:29.231 (index):843 NODEACCESSREQUESTED_12
18:20:30.227 (index):813 NODEACCESSRELEASED_13
18:20:30.229 (index):813 NODEACCESSRELEASED_16
18:20:31.227 (index):861 WAITING_15
18:20:31.228 (index):831 UPDATE_14
18:20:31.229 (index):831 UPDATE_12
18:20:32.226 (index):843 NODEACCESSREQUESTED_13
18:20:32.228 (index):843 NODEACCESSREQUESTED_16
18:20:32.229 (index):813 NODEACCESSRELEASED_14
18:20:32.231 (index):823 THINKING_12
18:20:33.226 (index):831 UPDATE_15
18:20:34.227 (index):831 UPDATE_13
18:20:34.228 (index):831 UPDATE_16
18:20:34.228 (index):843 NODEACCESSREQUESTED_14
18:20:34.229 (index):813 NODEACCESSRELEASED_15
18:20:35.230 (index):813 NODEACCESSRELEASED_13
18:20:35.230 (index):823 THINKING_16
18:20:35.231 (index):831 UPDATE_14
18:20:36.226 (index):843 NODEACCESSREQUESTED_15
18:20:36.227 (index):813 NODEACCESSRELEASED_14
18:20:37.226 (index):843 NODEACCESSREQUESTED_13
18:20:37.227 (index):831 UPDATE_12
18:20:38.226 (index):831 UPDATE_15
18:20:38.227 (index):843 NODEACCESSREQUESTED_14
18:20:38.228 (index):813 NODEACCESSRELEASED_12
18:20:39.227 (index):831 UPDATE_13
18:20:39.228 (index):823 THINKING_15
18:20:40.229 (index):831 UPDATE_14
18:20:40.229 (index):843 NODEACCESSREQUESTED_12
18:20:40.230 (index):831 UPDATE_16
18:20:40.231 (index):813 NODEACCESSRELEASED_13
18:20:41.226 (index):813 NODEACCESSRELEASED_14
18:20:41.227 (index):823 THINKING_16
18:20:42.226 (index):831 UPDATE_12
18:20:42.227 (index):843 NODEACCESSREQUESTED_13
18:20:43.226 (index):843 NODEACCESSREQUESTED_14
18:20:43.227 (index):813 NODEACCESSRELEASED_12
18:20:44.226 (index):831 UPDATE_13
18:20:44.228 (index):831 UPDATE_15
18:20:44.229 (index):831 UPDATE_16
18:20:45.228 (index):831 UPDATE_14
18:20:45.229 (index):843 NODEACCESSREQUESTED_12
18:20:45.229 (index):813 NODEACCESSRELEASED_13
18:20:45.230 (index):823 THINKING_15
18:20:45.230 (index):823 THINKING_16
18:20:46.226 (index):813 NODEACCESSRELEASED_14
18:20:47.226 (index):831 UPDATE_12
18:20:47.227 (index):843 NODEACCESSREQUESTED_13
18:20:48.226 (index):843 NODEACCESSREQUESTED_14
18:20:48.227 (index):813 NODEACCESSRELEASED_12
18:20:48.228 (index):831 UPDATE_15
18:20:48.229 (index):831 UPDATE_16
18:20:49.226 (index):831 UPDATE_13
18:20:49.228 (index):813 NODEACCESSRELEASED_15
18:20:49.230 (index):813 NODEACCESSRELEASED_16
18:20:50.226 (index):831 UPDATE_14
18:20:50.227 (index):843 NODEACCESSREQUESTED_12
18:20:50.228 (index):813 NODEACCESSRELEASED_13
18:20:51.226 (index):843 NODEACCESSREQUESTED_15
18:20:51.228 (index):843 NODEACCESSREQUESTED_16
18:20:51.228 (index):823 THINKING_14
18:20:52.226 (index):831 UPDATE_12
18:20:52.227 (index):843 NODEACCESSREQUESTED_13
18:20:53.226 (index):831 UPDATE_15
18:20:53.227 (index):831 UPDATE_16
18:20:53.228 (index):813 NODEACCESSRELEASED_12
18:20:54.226 (index):831 UPDATE_13
18:20:54.227 (index):823 THINKING_15
18:20:54.228 (index):823 THINKING_16
18:20:54.229 (index):831 UPDATE_14
18:20:55.226 (index):843 NODEACCESSREQUESTED_12
18:20:55.227 (index):813 NODEACCESSRELEASED_13
18:20:55.228 (index):813 NODEACCESSRELEASED_14
18:20:56.229 (index):831 UPDATE_12
18:20:56.230 (index):843 NODEACCESSREQUESTED_13
18:20:56.232 (index):843 NODEACCESSREQUESTED_14
18:20:57.226 (index):813 NODEACCESSRELEASED_12
18:20:57.227 (index):831 UPDATE_15
18:20:58.226 (index):831 UPDATE_13
18:20:58.227 (index):831 UPDATE_14
18:20:58.228 (index):823 THINKING_15
18:20:59.226 (index):843 NODEACCESSREQUESTED_12
18:20:59.228 (index):813 NODEACCESSRELEASED_13
18:20:59.229 (index):813 NODEACCESSRELEASED_14
18:20:59.231 (index):831 UPDATE_16
18:21:00.229 (index):813 NODEACCESSRELEASED_16
18:21:00.230 (index):831 UPDATE_12
18:21:01.226 (index):843 NODEACCESSREQUESTED_13
18:21:01.227 (index):843 NODEACCESSREQUESTED_14
18:21:01.228 (index):813 NODEACCESSRELEASED_12
18:21:01.229 (index):831 UPDATE_15
18:21:02.227 (index):843 NODEACCESSREQUESTED_16
18:21:02.228 (index):813 NODEACCESSRELEASED_15
18:21:02.229 (index):831 UPDATE_13
18:21:03.226 (index):831 UPDATE_14
18:21:03.228 (index):843 NODEACCESSREQUESTED_12
18:21:03.229 (index):813 NODEACCESSRELEASED_13
18:21:04.226 (index):831 UPDATE_16
18:21:04.227 (index):843 NODEACCESSREQUESTED_15
18:21:04.227 (index):823 THINKING_14
18:21:05.226 (index):831 UPDATE_12
18:21:05.227 (index):843 NODEACCESSREQUESTED_13
18:21:05.228 (index):823 THINKING_16
18:21:06.227 (index):831 UPDATE_15
18:21:06.228 (index):823 THINKING_12
18:21:07.228 (index):831 UPDATE_13
18:21:07.229 (index):823 THINKING_15
18:21:08.227 (index):813 NODEACCESSRELEASED_13
18:21:08.227 (index):831 UPDATE_14
18:21:08.228 (index):831 UPDATE_16
18:21:09.226 (index):823 THINKING_14
18:21:09.227 (index):813 NODEACCESSRELEASED_16
18:21:10.226 (index):843 NODEACCESSREQUESTED_13
18:21:10.227 (index):831 UPDATE_12
18:21:11.226 (index):843 NODEACCESSREQUESTED_16
18:21:11.227 (index):813 NODEACCESSRELEASED_12
18:21:12.228 (index):831 UPDATE_13
18:21:12.229 (index):831 UPDATE_15
18:21:12.232 (index):831 UPDATE_16
18:21:12.234 (index):843 NODEACCESSREQUESTED_12
18:21:13.228 (index):813 NODEACCESSRELEASED_13
18:21:13.230 (index):813 NODEACCESSRELEASED_15
18:21:13.232 (index):813 NODEACCESSRELEASED_16
18:21:14.227 (index):831 UPDATE_12
18:21:14.229 (index):831 UPDATE_14
18:21:15.226 (index):843 NODEACCESSREQUESTED_13
18:21:15.227 (index):843 NODEACCESSREQUESTED_15
18:21:15.228 (index):843 NODEACCESSREQUESTED_16
18:21:15.229 (index):813 NODEACCESSRELEASED_12
18:21:15.230 (index):813 NODEACCESSRELEASED_14
18:21:17.226 (index):831 UPDATE_13
18:21:17.227 (index):831 UPDATE_15
18:21:17.228 (index):831 UPDATE_16
18:21:17.229 (index):843 NODEACCESSREQUESTED_12
18:21:17.230 (index):843 NODEACCESSREQUESTED_14
18:21:18.226 (index):872 END_13
18:21:18.227 (index):823 THINKING_15
18:21:18.227 (index):872 END_16
18:21:19.228 (index):831 UPDATE_12
18:21:19.230 (index):831 UPDATE_14
18:21:20.226 (index):872 END_12
18:21:20.227 (index):872 END_14
18:21:22.226 (index):831 UPDATE_15
18:21:23.226 (index):813 NODEACCESSRELEASED_15
18:21:25.226 (index):843 NODEACCESSREQUESTED_15
18:21:27.226 (index):831 UPDATE_15
18:21:28.226 (index):872 END_15
