18:07:16.228 (index):1008 Tasks: 25; Collaborators: 9    =========================>
18:07:16.228 (index):843 NODEACCESSREQUESTED_0
18:07:16.228 (index):843 NODEACCESSREQUESTED_1
18:07:16.229 (index):843 NODEACCESSREQUESTED_2
18:07:16.229 (index):843 NODEACCESSREQUESTED_3
18:07:16.230 (index):843 NODEACCESSREQUESTED_4
18:07:16.230 (index):843 NODEACCESSREQUESTED_5
18:07:16.231 (index):843 NODEACCESSREQUESTED_6
18:07:16.231 (index):843 NODEACCESSREQUESTED_7
18:07:16.232 (index):843 NODEACCESSREQUESTED_8
18:07:18.226 (index):823 THINKING_0
18:07:18.228 (index):823 THINKING_1
18:07:18.229 (index):813 NODEACCESSRELEASED_2
18:07:18.231 (index):813 NODEACCESSRELEASED_3
18:07:18.232 (index):813 NODEACCESSRELEASED_4
18:07:18.234 (index):813 NODEACCESSRELEASED_5
18:07:18.234 (index):823 THINKING_6
18:07:18.235 (index):813 NODEACCESSRELEASED_7
18:07:18.235 (index):823 THINKING_8
18:07:20.226 (index):843 NODEACCESSREQUESTED_2
18:07:20.228 (index):843 NODEACCESSREQUESTED_3
18:07:20.229 (index):843 NODEACCESSREQUESTED_4
18:07:20.230 (index):843 NODEACCESSREQUESTED_5
18:07:20.232 (index):843 NODEACCESSREQUESTED_7
18:07:21.226 (index):831 UPDATE_8
18:07:21.228 (index):831 UPDATE_6
18:07:21.229 (index):831 UPDATE_1
18:07:22.226 (index):831 UPDATE_2
18:07:22.227 (index):831 UPDATE_3
18:07:22.229 (index):831 UPDATE_4
18:07:22.230 (index):831 UPDATE_5
18:07:22.231 (index):831 UPDATE_7
18:07:22.232 (index):823 THINKING_8
18:07:22.232 (index):813 NODEACCESSRELEASED_6
18:07:22.233 (index):813 NODEACCESSRELEASED_1
18:07:23.226 (index):813 NODEACCESSRELEASED_2
18:07:23.228 (index):813 NODEACCESSRELEASED_3
18:07:23.230 (index):813 NODEACCESSRELEASED_4
18:07:23.231 (index):823 THINKING_5
18:07:23.231 (index):813 NODEACCESSRELEASED_7
18:07:23.232 (index):831 UPDATE_0
18:07:24.226 (index):843 NODEACCESSREQUESTED_6
18:07:24.228 (index):843 NODEACCESSREQUESTED_1
18:07:24.230 (index):813 NODEACCESSRELEASED_0
18:07:25.226 (index):843 NODEACCESSREQUESTED_2
18:07:25.227 (index):843 NODEACCESSREQUESTED_3
18:07:25.228 (index):843 NODEACCESSREQUESTED_4
18:07:25.229 (index):843 NODEACCESSREQUESTED_7
18:07:26.227 (index):831 UPDATE_6
18:07:26.228 (index):831 UPDATE_1
18:07:26.229 (index):843 NODEACCESSREQUESTED_0
18:07:26.229 (index):831 UPDATE_5
18:07:27.226 (index):831 UPDATE_2
18:07:27.228 (index):831 UPDATE_3
18:07:27.229 (index):831 UPDATE_4
18:07:27.231 (index):831 UPDATE_7
18:07:27.232 (index):813 NODEACCESSRELEASED_6
18:07:27.233 (index):823 THINKING_1
18:07:27.234 (index):813 NODEACCESSRELEASED_5
18:07:27.234 (index):831 UPDATE_8
18:07:28.226 (index):831 UPDATE_0
18:07:28.228 (index):813 NODEACCESSRELEASED_2
18:07:28.229 (index):823 THINKING_3
18:07:28.231 (index):813 NODEACCESSRELEASED_4
18:07:28.232 (index):813 NODEACCESSRELEASED_7
18:07:28.233 (index):813 NODEACCESSRELEASED_8
18:07:29.226 (index):843 NODEACCESSREQUESTED_6
18:07:29.228 (index):843 NODEACCESSREQUESTED_5
18:07:29.229 (index):813 NODEACCESSRELEASED_0
18:07:30.230 (index):843 NODEACCESSREQUESTED_2
18:07:30.231 (index):843 NODEACCESSREQUESTED_4
18:07:30.233 (index):843 NODEACCESSREQUESTED_7
18:07:30.234 (index):843 NODEACCESSREQUESTED_8
18:07:30.235 (index):831 UPDATE_6
18:07:30.235 (index):831 UPDATE_5
18:07:31.226 (index):843 NODEACCESSREQUESTED_0
18:07:31.228 (index):813 NODEACCESSRELEASED_6
18:07:31.229 (index):823 THINKING_5
18:07:31.230 (index):831 UPDATE_1
18:07:32.226 (index):831 UPDATE_2
18:07:32.228 (index):831 UPDATE_4
18:07:32.231 (index):831 UPDATE_7
18:07:32.233 (index):831 UPDATE_8
18:07:32.234 (index):823 THINKING_1
18:07:33.226 (index):831 UPDATE_0
18:07:33.227 (index):843 NODEACCESSREQUESTED_6
18:07:33.229 (index):823 THINKING_2
18:07:33.230 (index):813 NODEACCESSRELEASED_4
18:07:33.231 (index):823 THINKING_7
18:07:33.232 (index):823 THINKING_8
18:07:33.234 (index):831 UPDATE_3
18:07:34.226 (index):823 THINKING_0
18:07:34.227 (index):813 NODEACCESSRELEASED_3
18:07:35.226 (index):831 UPDATE_6
18:07:35.227 (index):843 NODEACCESSREQUESTED_4
18:07:35.228 (index):831 UPDATE_5
18:07:36.226 (index):843 NODEACCESSREQUESTED_3
18:07:36.227 (index):813 NODEACCESSRELEASED_6
18:07:36.228 (index):813 NODEACCESSRELEASED_5
18:07:36.228 (index):831 UPDATE_7
18:07:36.229 (index):831 UPDATE_2
18:07:37.226 (index):831 UPDATE_4
18:07:37.228 (index):813 NODEACCESSRELEASED_7
18:07:37.229 (index):813 NODEACCESSRELEASED_2
18:07:37.230 (index):831 UPDATE_1
18:07:37.231 (index):831 UPDATE_0
18:07:38.227 (index):831 UPDATE_3
18:07:38.228 (index):843 NODEACCESSREQUESTED_6
18:07:38.230 (index):843 NODEACCESSREQUESTED_5
18:07:38.232 (index):813 NODEACCESSRELEASED_4
18:07:38.233 (index):813 NODEACCESSRELEASED_1
18:07:38.235 (index):823 THINKING_0
18:07:38.236 (index):831 UPDATE_8
18:07:39.226 (index):843 NODEACCESSREQUESTED_7
18:07:39.228 (index):843 NODEACCESSREQUESTED_2
18:07:39.229 (index):813 NODEACCESSRELEASED_3
18:07:39.230 (index):813 NODEACCESSRELEASED_8
18:07:40.227 (index):831 UPDATE_6
18:07:40.228 (index):831 UPDATE_5
18:07:40.230 (index):843 NODEACCESSREQUESTED_4
18:07:40.231 (index):843 NODEACCESSREQUESTED_1
18:07:41.228 (index):831 UPDATE_7
18:07:41.230 (index):831 UPDATE_2
18:07:41.232 (index):843 NODEACCESSREQUESTED_3
18:07:41.233 (index):843 NODEACCESSREQUESTED_8
18:07:41.235 (index):813 NODEACCESSRELEASED_6
18:07:41.237 (index):823 THINKING_5
18:07:42.229 (index):831 UPDATE_4
18:07:42.231 (index):831 UPDATE_1
18:07:42.232 (index):823 THINKING_7
18:07:42.233 (index):813 NODEACCESSRELEASED_2
18:07:43.226 (index):831 UPDATE_3
18:07:43.227 (index):831 UPDATE_8
18:07:43.228 (index):843 NODEACCESSREQUESTED_6
18:07:43.229 (index):823 THINKING_4
18:07:43.230 (index):823 THINKING_1
18:07:43.231 (index):831 UPDATE_0
18:07:44.226 (index):843 NODEACCESSREQUESTED_2
18:07:44.227 (index):813 NODEACCESSRELEASED_3
18:07:44.227 (index):813 NODEACCESSRELEASED_8
18:07:44.228 (index):813 NODEACCESSRELEASED_0
18:07:45.227 (index):831 UPDATE_6
18:07:45.228 (index):831 UPDATE_2
18:07:46.228 (index):843 NODEACCESSREQUESTED_3
18:07:46.230 (index):843 NODEACCESSREQUESTED_8
18:07:46.231 (index):843 NODEACCESSREQUESTED_0
18:07:46.232 (index):823 THINKING_6
18:07:46.233 (index):823 THINKING_2
18:07:46.234 (index):831 UPDATE_1
18:07:46.235 (index):831 UPDATE_4
18:07:46.237 (index):831 UPDATE_5
18:07:47.226 (index):813 NODEACCESSRELEASED_1
18:07:47.228 (index):813 NODEACCESSRELEASED_4
18:07:47.229 (index):823 THINKING_5
18:07:47.231 (index):831 UPDATE_7
18:07:48.226 (index):831 UPDATE_3
18:07:48.227 (index):831 UPDATE_8
18:07:48.228 (index):831 UPDATE_0
18:07:48.228 (index):813 NODEACCESSRELEASED_7
18:07:49.226 (index):843 NODEACCESSREQUESTED_1
18:07:49.228 (index):843 NODEACCESSREQUESTED_4
18:07:49.229 (index):813 NODEACCESSRELEASED_3
18:07:49.231 (index):823 THINKING_8
18:07:49.232 (index):823 THINKING_0
18:07:49.233 (index):831 UPDATE_6
18:07:49.234 (index):831 UPDATE_2
18:07:50.228 (index):843 NODEACCESSREQUESTED_7
18:07:50.229 (index):831 UPDATE_5
18:07:50.230 (index):823 THINKING_6
18:07:50.231 (index):823 THINKING_2
18:07:50.233 (index):831 UPDATE_1
18:07:51.231 (index):831 UPDATE_4
18:07:51.232 (index):843 NODEACCESSREQUESTED_3
18:07:51.233 (index):813 NODEACCESSRELEASED_5
18:07:51.234 (index):823 THINKING_1
18:07:51.234 (index):831 UPDATE_7
18:07:52.226 (index):823 THINKING_4
18:07:52.227 (index):813 NODEACCESSRELEASED_7
18:07:52.228 (index):831 UPDATE_0
18:07:53.226 (index):831 UPDATE_3
18:07:53.228 (index):843 NODEACCESSREQUESTED_5
18:07:53.229 (index):813 NODEACCESSRELEASED_0
18:07:53.231 (index):831 UPDATE_2
18:07:53.233 (index):831 UPDATE_8
18:07:53.234 (index):831 UPDATE_6
18:07:54.226 (index):843 NODEACCESSREQUESTED_7
18:07:54.228 (index):813 NODEACCESSRELEASED_3
18:07:54.229 (index):823 THINKING_2
18:07:54.231 (index):813 NODEACCESSRELEASED_8
18:07:54.232 (index):813 NODEACCESSRELEASED_6
18:07:54.234 (index):831 UPDATE_1
18:07:55.226 (index):831 UPDATE_5
18:07:55.228 (index):843 NODEACCESSREQUESTED_0
18:07:55.229 (index):823 THINKING_1
18:07:56.227 (index):831 UPDATE_7
18:07:56.229 (index):843 NODEACCESSREQUESTED_3
18:07:56.230 (index):843 NODEACCESSREQUESTED_8
18:07:56.232 (index):843 NODEACCESSREQUESTED_6
18:07:56.233 (index):823 THINKING_5
18:07:57.226 (index):831 UPDATE_0
18:07:57.228 (index):813 NODEACCESSRELEASED_7
18:07:57.229 (index):831 UPDATE_4
18:07:58.226 (index):831 UPDATE_3
18:07:58.228 (index):831 UPDATE_8
18:07:58.229 (index):831 UPDATE_6
18:07:58.230 (index):813 NODEACCESSRELEASED_0
18:07:58.230 (index):823 THINKING_4
18:07:59.226 (index):843 NODEACCESSREQUESTED_7
18:07:59.228 (index):823 THINKING_3
18:07:59.229 (index):813 NODEACCESSRELEASED_8
18:07:59.232 (index):813 NODEACCESSRELEASED_6
18:07:59.233 (index):831 UPDATE_2
18:08:00.230 (index):843 NODEACCESSREQUESTED_0
18:08:00.232 (index):813 NODEACCESSRELEASED_2
18:08:00.233 (index):831 UPDATE_1
18:08:00.234 (index):831 UPDATE_7
18:08:01.226 (index):843 NODEACCESSREQUESTED_8
18:08:01.227 (index):843 NODEACCESSREQUESTED_6
18:08:01.227 (index):823 THINKING_1
18:08:01.228 (index):813 NODEACCESSRELEASED_7
18:08:01.228 (index):831 UPDATE_5
18:08:02.226 (index):831 UPDATE_0
18:08:02.227 (index):843 NODEACCESSREQUESTED_2
18:08:02.228 (index):813 NODEACCESSRELEASED_5
18:08:02.229 (index):831 UPDATE_3
18:08:02.230 (index):831 UPDATE_4
18:08:03.226 (index):831 UPDATE_8
18:08:03.228 (index):831 UPDATE_6
18:08:03.229 (index):843 NODEACCESSREQUESTED_7
18:08:03.231 (index):823 THINKING_0
18:08:03.233 (index):813 NODEACCESSRELEASED_3
18:08:03.234 (index):823 THINKING_4
18:08:04.229 (index):831 UPDATE_2
18:08:04.230 (index):843 NODEACCESSREQUESTED_5
18:08:04.231 (index):813 NODEACCESSRELEASED_8
18:08:04.232 (index):813 NODEACCESSRELEASED_6
18:08:05.229 (index):831 UPDATE_7
18:08:05.231 (index):843 NODEACCESSREQUESTED_3
18:08:05.233 (index):813 NODEACCESSRELEASED_2
18:08:06.226 (index):831 UPDATE_5
18:08:06.228 (index):843 NODEACCESSREQUESTED_8
18:08:06.230 (index):843 NODEACCESSREQUESTED_6
18:08:06.231 (index):813 NODEACCESSRELEASED_7
18:08:06.233 (index):831 UPDATE_1
18:08:06.235 (index):831 UPDATE_4
18:08:07.226 (index):831 UPDATE_3
18:08:07.228 (index):843 NODEACCESSREQUESTED_2
18:08:07.231 (index):813 NODEACCESSRELEASED_5
18:08:07.231 (index):813 NODEACCESSRELEASED_1
18:08:07.232 (index):813 NODEACCESSRELEASED_4
18:08:08.229 (index):831 UPDATE_0
18:08:08.231 (index):831 UPDATE_8
18:08:08.232 (index):831 UPDATE_6
18:08:08.233 (index):843 NODEACCESSREQUESTED_7
18:08:08.234 (index):813 NODEACCESSRELEASED_3
18:08:09.226 (index):831 UPDATE_2
18:08:09.227 (index):843 NODEACCESSREQUESTED_5
18:08:09.228 (index):843 NODEACCESSREQUESTED_1
18:08:09.229 (index):843 NODEACCESSREQUESTED_4
18:08:09.229 (index):813 NODEACCESSRELEASED_0
18:08:09.231 (index):813 NODEACCESSRELEASED_8
18:08:09.232 (index):813 NODEACCESSRELEASED_6
18:08:10.226 (index):831 UPDATE_7
18:08:10.227 (index):843 NODEACCESSREQUESTED_3
18:08:10.228 (index):813 NODEACCESSRELEASED_2
18:08:11.226 (index):831 UPDATE_5
18:08:11.228 (index):831 UPDATE_1
18:08:11.229 (index):831 UPDATE_4
18:08:11.232 (index):843 NODEACCESSREQUESTED_0
18:08:11.233 (index):843 NODEACCESSREQUESTED_8
18:08:11.235 (index):843 NODEACCESSREQUESTED_6
18:08:11.237 (index):823 THINKING_7
18:08:12.226 (index):831 UPDATE_3
18:08:12.228 (index):843 NODEACCESSREQUESTED_2
18:08:12.229 (index):813 NODEACCESSRELEASED_5
18:08:12.232 (index):823 THINKING_1
18:08:12.233 (index):813 NODEACCESSRELEASED_4
18:08:13.226 (index):831 UPDATE_0
18:08:13.228 (index):831 UPDATE_8
18:08:13.229 (index):831 UPDATE_6
18:08:13.231 (index):823 THINKING_3
18:08:14.227 (index):831 UPDATE_2
18:08:14.230 (index):843 NODEACCESSREQUESTED_5
18:08:14.231 (index):843 NODEACCESSREQUESTED_4
18:08:14.233 (index):813 NODEACCESSRELEASED_0
18:08:14.234 (index):813 NODEACCESSRELEASED_8
18:08:14.235 (index):813 NODEACCESSRELEASED_6
18:08:15.226 (index):813 NODEACCESSRELEASED_2
18:08:15.228 (index):831 UPDATE_1
18:08:15.229 (index):831 UPDATE_7
18:08:16.230 (index):831 UPDATE_5
18:08:16.232 (index):831 UPDATE_4
18:08:16.233 (index):843 NODEACCESSREQUESTED_0
18:08:16.235 (index):843 NODEACCESSREQUESTED_8
18:08:16.236 (index):843 NODEACCESSREQUESTED_6
18:08:16.237 (index):813 NODEACCESSRELEASED_1
18:08:16.238 (index):813 NODEACCESSRELEASED_7
18:08:16.239 (index):831 UPDATE_3
18:08:16.240 (index):843 NODEACCESSREQUESTED_2
18:08:17.227 (index):813 NODEACCESSRELEASED_5
18:08:17.228 (index):823 THINKING_4
18:08:17.230 (index):813 NODEACCESSRELEASED_3
18:08:18.226 (index):831 UPDATE_0
18:08:18.228 (index):831 UPDATE_8
18:08:18.229 (index):831 UPDATE_6
18:08:18.230 (index):843 NODEACCESSREQUESTED_1
18:08:18.231 (index):843 NODEACCESSREQUESTED_7
18:08:18.232 (index):831 UPDATE_2
18:08:19.227 (index):843 NODEACCESSREQUESTED_5
18:08:19.229 (index):843 NODEACCESSREQUESTED_3
18:08:19.231 (index):813 NODEACCESSRELEASED_0
18:08:19.231 (index):813 NODEACCESSRELEASED_8
18:08:19.232 (index):872 END_6
18:08:19.233 (index):872 END_2
18:08:20.228 (index):831 UPDATE_1
18:08:20.229 (index):831 UPDATE_7
18:08:21.227 (index):831 UPDATE_5
18:08:21.229 (index):831 UPDATE_3
18:08:21.230 (index):843 NODEACCESSREQUESTED_0
18:08:21.232 (index):843 NODEACCESSREQUESTED_8
18:08:21.233 (index):872 END_1
18:08:21.234 (index):872 END_7
18:08:22.226 (index):872 END_5
18:08:22.227 (index):872 END_3
18:08:22.227 (index):831 UPDATE_4
18:08:23.227 (index):831 UPDATE_0
18:08:23.228 (index):831 UPDATE_8
18:08:23.234 (index):872 END_4
18:08:24.226 (index):872 END_0
18:08:24.228 (index):872 END_8
