18:00:36.228 (index):924 Tasks: 25; Collaborators: 3    =========================>
18:00:36.230 (index):843 NODEACCESSREQUESTED_0
18:00:36.231 (index):843 NODEACCESSREQUESTED_1
18:00:36.233 (index):843 NODEACCESSREQUESTED_2
18:00:38.226 (index):823 THINKING_0
18:00:38.228 (index):823 THINKING_1
18:00:38.230 (index):813 NODEACCESSRELEASED_2
18:00:40.226 (index):843 NODEACCESSREQUESTED_2
18:00:41.229 (index):831 UPDATE_1
18:00:41.231 (index):831 UPDATE_2
18:00:42.226 (index):813 NODEACCESSRELEASED_1
18:00:42.228 (index):813 NODEACCESSRELEASED_2
18:00:43.226 (index):831 UPDATE_0
18:00:44.227 (index):843 NODEACCESSREQUESTED_1
18:00:44.229 (index):843 NODEACCESSREQUESTED_2
18:00:44.230 (index):813 NODEACCESSRELEASED_0
18:00:46.226 (index):831 UPDATE_1
18:00:46.228 (index):831 UPDATE_2
18:00:46.229 (index):843 NODEACCESSREQUESTED_0
18:00:47.227 (index):823 THINKING_1
18:00:47.228 (index):813 NODEACCESSRELEASED_2
18:00:48.226 (index):831 UPDATE_0
18:00:49.226 (index):843 NODEACCESSREQUESTED_2
18:00:49.227 (index):813 NODEACCESSRELEASED_0
18:00:51.226 (index):831 UPDATE_2
18:00:51.228 (index):843 NODEACCESSREQUESTED_0
18:00:51.229 (index):831 UPDATE_1
18:00:52.227 (index):823 THINKING_2
18:00:52.228 (index):823 THINKING_1
18:00:53.226 (index):831 UPDATE_0
18:00:54.229 (index):823 THINKING_0
18:00:55.226 (index):831 UPDATE_2
18:00:56.226 (index):813 NODEACCESSRELEASED_2
18:00:57.226 (index):831 UPDATE_1
18:00:57.229 (index):831 UPDATE_0
18:00:58.226 (index):843 NODEACCESSREQUESTED_2
18:00:58.228 (index):813 NODEACCESSRELEASED_1
18:00:58.229 (index):823 THINKING_0
18:01:00.226 (index):831 UPDATE_2
18:01:00.227 (index):843 NODEACCESSREQUESTED_1
18:01:01.230 (index):813 NODEACCESSRELEASED_2
18:01:01.232 (index):831 UPDATE_1
18:01:02.226 (index):823 THINKING_1
18:01:03.226 (index):843 NODEACCESSREQUESTED_2
18:01:03.228 (index):831 UPDATE_0
18:01:04.226 (index):813 NODEACCESSRELEASED_0
18:01:05.227 (index):831 UPDATE_2
18:01:05.228 (index):831 UPDATE_1
18:01:06.226 (index):843 NODEACCESSREQUESTED_0
18:01:06.228 (index):823 THINKING_2
18:01:06.230 (index):813 NODEACCESSRELEASED_1
18:01:08.226 (index):831 UPDATE_0
18:01:08.228 (index):843 NODEACCESSREQUESTED_1
18:01:09.226 (index):823 THINKING_0
18:01:09.228 (index):831 UPDATE_2
18:01:10.228 (index):831 UPDATE_1
18:01:10.230 (index):823 THINKING_2
18:01:11.226 (index):823 THINKING_1
18:01:12.226 (index):831 UPDATE_0
18:01:13.227 (index):813 NODEACCESSRELEASED_0
18:01:13.228 (index):831 UPDATE_2
18:01:14.228 (index):823 THINKING_2
18:01:14.229 (index):831 UPDATE_1
18:01:14.231 (index):843 NODEACCESSREQUESTED_0
18:01:15.226 (index):823 THINKING_1
18:01:16.227 (index):831 UPDATE_0
18:01:17.227 (index):813 NODEACCESSRELEASED_0
18:01:19.226 (index):843 NODEACCESSREQUESTED_0
18:01:19.228 (index):831 UPDATE_2
18:01:20.226 (index):813 NODEACCESSRELEASED_2
18:01:20.228 (index):831 UPDATE_1
18:01:21.226 (index):831 UPDATE_0
18:01:21.228 (index):823 THINKING_1
18:01:22.227 (index):843 NODEACCESSREQUESTED_2
18:01:22.228 (index):823 THINKING_0
18:01:24.226 (index):831 UPDATE_2
18:01:25.226 (index):813 NODEACCESSRELEASED_2
18:01:26.230 (index):831 UPDATE_1
18:01:26.231 (index):831 UPDATE_0
18:01:26.232 (index):843 NODEACCESSREQUESTED_2
18:01:27.226 (index):813 NODEACCESSRELEASED_1
18:01:27.227 (index):813 NODEACCESSRELEASED_0
18:01:28.227 (index):831 UPDATE_2
18:01:28.229 (index):843 NODEACCESSREQUESTED_1
18:01:29.226 (index):843 NODEACCESSREQUESTED_0
18:01:29.228 (index):813 NODEACCESSRELEASED_2
18:01:30.226 (index):831 UPDATE_1
18:01:31.227 (index):831 UPDATE_0
18:01:31.228 (index):843 NODEACCESSREQUESTED_2
18:01:31.230 (index):823 THINKING_1
18:01:32.227 (index):813 NODEACCESSRELEASED_0
18:01:33.226 (index):831 UPDATE_2
18:01:34.226 (index):843 NODEACCESSREQUESTED_0
18:01:34.228 (index):813 NODEACCESSRELEASED_2
18:01:34.230 (index):831 UPDATE_1
18:01:35.227 (index):813 NODEACCESSRELEASED_1
18:01:36.227 (index):831 UPDATE_0
18:01:36.228 (index):843 NODEACCESSREQUESTED_2
18:01:37.226 (index):843 NODEACCESSREQUESTED_1
18:01:37.228 (index):813 NODEACCESSRELEASED_0
18:01:38.226 (index):831 UPDATE_2
18:01:39.229 (index):831 UPDATE_1
18:01:39.231 (index):843 NODEACCESSREQUESTED_0
18:01:39.232 (index):872 END_2
18:01:40.226 (index):872 END_1
18:01:41.227 (index):831 UPDATE_0
18:01:42.226 (index):872 END_0
