14:53:15.869 updates_StrictModuleLocking_LinearW.js:739 Tasks: 25; Collaborators: 4    =========================>
14:53:15.873 updates_StrictModuleLocking_LinearW.js:649 NODEACCESSREQUESTED_0
14:53:15.880 updates_StrictModuleLocking_LinearW.js:649 NODEACCESSREQUESTED_1
14:53:15.885 updates_StrictModuleLocking_LinearW.js:649 NODEACCESSREQUESTED_2
14:53:15.889 updates_StrictModuleLocking_LinearW.js:649 NODEACCESSREQUESTED_3
14:53:17.862 updates_StrictModuleLocking_LinearW.js:629 THINKING_0
14:53:17.867 updates_StrictModuleLocking_LinearW.js:667 WAITING_1
14:53:17.871 updates_StrictModuleLocking_LinearW.js:667 WAITING_2
14:53:17.876 updates_StrictModuleLocking_LinearW.js:667 WAITING_3
14:53:19.861 updates_StrictModuleLocking_LinearW.js:667 WAITING_1
14:53:19.865 updates_StrictModuleLocking_LinearW.js:667 WAITING_2
14:53:19.868 updates_StrictModuleLocking_LinearW.js:667 WAITING_3
14:53:21.869 updates_StrictModuleLocking_LinearW.js:667 WAITING_1
14:53:21.874 updates_StrictModuleLocking_LinearW.js:667 WAITING_2
14:53:21.880 updates_StrictModuleLocking_LinearW.js:667 WAITING_3
14:53:22.873 updates_StrictModuleLocking_LinearW.js:637 UPDATE_0
14:53:23.864 updates_StrictModuleLocking_LinearW.js:667 WAITING_1
14:53:23.867 updates_StrictModuleLocking_LinearW.js:667 WAITING_2
14:53:23.869 updates_StrictModuleLocking_LinearW.js:667 WAITING_3
14:53:23.871 updates_StrictModuleLocking_LinearW.js:619 NODEACCESSRELEASED_0
14:53:25.862 updates_StrictModuleLocking_LinearW.js:629 THINKING_1
14:53:25.866 updates_StrictModuleLocking_LinearW.js:667 WAITING_2
14:53:25.869 updates_StrictModuleLocking_LinearW.js:667 WAITING_3
14:53:25.875 updates_StrictModuleLocking_LinearW.js:649 NODEACCESSREQUESTED_0
14:53:26.873 updates_StrictModuleLocking_LinearW.js:667 WAITING_2
14:53:27.859 updates_StrictModuleLocking_LinearW.js:667 WAITING_3
14:53:27.864 updates_StrictModuleLocking_LinearW.js:667 WAITING_0
14:53:28.862 updates_StrictModuleLocking_LinearW.js:667 WAITING_2
14:53:28.866 updates_StrictModuleLocking_LinearW.js:637 UPDATE_1
14:53:29.869 updates_StrictModuleLocking_LinearW.js:667 WAITING_3
14:53:29.875 updates_StrictModuleLocking_LinearW.js:667 WAITING_0
14:53:29.879 updates_StrictModuleLocking_LinearW.js:619 NODEACCESSRELEASED_1
14:53:29.883 updates_StrictModuleLocking_LinearW.js:619 NODEACCESSRELEASED_2
14:53:31.867 updates_StrictModuleLocking_LinearW.js:619 NODEACCESSRELEASED_3
14:53:31.873 updates_StrictModuleLocking_LinearW.js:637 UPDATE_0
14:53:31.878 updates_StrictModuleLocking_LinearW.js:649 NODEACCESSREQUESTED_1
14:53:31.881 updates_StrictModuleLocking_LinearW.js:649 NODEACCESSREQUESTED_2
14:53:32.871 updates_StrictModuleLocking_LinearW.js:619 NODEACCESSRELEASED_0
14:53:33.873 updates_StrictModuleLocking_LinearW.js:649 NODEACCESSREQUESTED_3
14:53:33.877 updates_StrictModuleLocking_LinearW.js:637 UPDATE_1
14:53:33.880 updates_StrictModuleLocking_LinearW.js:667 WAITING_2
14:53:34.860 updates_StrictModuleLocking_LinearW.js:649 NODEACCESSREQUESTED_0
14:53:34.865 updates_StrictModuleLocking_LinearW.js:629 THINKING_1
14:53:35.869 updates_StrictModuleLocking_LinearW.js:667 WAITING_3
14:53:35.875 updates_StrictModuleLocking_LinearW.js:667 WAITING_2
14:53:35.879 updates_StrictModuleLocking_LinearW.js:667 WAITING_0
14:53:37.862 updates_StrictModuleLocking_LinearW.js:667 WAITING_3
14:53:37.864 updates_StrictModuleLocking_LinearW.js:667 WAITING_2
14:53:37.865 updates_StrictModuleLocking_LinearW.js:667 WAITING_0
14:53:38.872 updates_StrictModuleLocking_LinearW.js:637 UPDATE_1
14:53:38.874 updates_StrictModuleLocking_LinearW.js:667 WAITING_3
14:53:38.876 updates_StrictModuleLocking_LinearW.js:667 WAITING_2
14:53:38.878 updates_StrictModuleLocking_LinearW.js:667 WAITING_0
14:53:39.875 updates_StrictModuleLocking_LinearW.js:629 THINKING_1
14:53:40.860 updates_StrictModuleLocking_LinearW.js:667 WAITING_3
14:53:40.865 updates_StrictModuleLocking_LinearW.js:667 WAITING_2
14:53:40.869 updates_StrictModuleLocking_LinearW.js:667 WAITING_0
14:53:41.865 updates_StrictModuleLocking_LinearW.js:667 WAITING_3
14:53:42.860 updates_StrictModuleLocking_LinearW.js:667 WAITING_2
14:53:42.867 updates_StrictModuleLocking_LinearW.js:667 WAITING_0
14:53:43.873 updates_StrictModuleLocking_LinearW.js:667 WAITING_3
14:53:43.876 updates_StrictModuleLocking_LinearW.js:667 WAITING_2
14:53:44.865 updates_StrictModuleLocking_LinearW.js:667 WAITING_0
14:53:44.871 updates_StrictModuleLocking_LinearW.js:637 UPDATE_1
14:53:45.873 updates_StrictModuleLocking_LinearW.js:667 WAITING_3
14:53:45.877 updates_StrictModuleLocking_LinearW.js:667 WAITING_2
14:53:45.881 updates_StrictModuleLocking_LinearW.js:619 NODEACCESSRELEASED_1
14:53:45.884 updates_StrictModuleLocking_LinearW.js:667 WAITING_0
14:53:47.873 updates_StrictModuleLocking_LinearW.js:667 WAITING_3
14:53:47.875 updates_StrictModuleLocking_LinearW.js:637 UPDATE_2
14:53:47.877 updates_StrictModuleLocking_LinearW.js:649 NODEACCESSREQUESTED_1
14:53:47.880 updates_StrictModuleLocking_LinearW.js:667 WAITING_0
14:53:48.864 updates_StrictModuleLocking_LinearW.js:619 NODEACCESSRELEASED_2
14:53:49.864 updates_StrictModuleLocking_LinearW.js:637 UPDATE_3
14:53:49.868 updates_StrictModuleLocking_LinearW.js:667 WAITING_1
14:53:49.872 updates_StrictModuleLocking_LinearW.js:667 WAITING_0
14:53:50.871 updates_StrictModuleLocking_LinearW.js:649 NODEACCESSREQUESTED_2
14:53:50.876 updates_StrictModuleLocking_LinearW.js:619 NODEACCESSRELEASED_3
14:53:51.867 updates_StrictModuleLocking_LinearW.js:667 WAITING_1
14:53:51.872 updates_StrictModuleLocking_LinearW.js:637 UPDATE_0
14:53:52.875 updates_StrictModuleLocking_LinearW.js:667 WAITING_2
14:53:52.880 updates_StrictModuleLocking_LinearW.js:649 NODEACCESSREQUESTED_3
14:53:52.886 updates_StrictModuleLocking_LinearW.js:629 THINKING_0
14:53:52.892 updates_StrictModuleLocking_LinearW.js:667 WAITING_1
14:53:54.864 updates_StrictModuleLocking_LinearW.js:667 WAITING_2
14:53:54.867 updates_StrictModuleLocking_LinearW.js:667 WAITING_3
14:53:54.870 updates_StrictModuleLocking_LinearW.js:667 WAITING_1
14:53:55.868 updates_StrictModuleLocking_LinearW.js:637 UPDATE_0
14:53:55.874 updates_StrictModuleLocking_LinearW.js:667 WAITING_2
14:53:56.864 updates_StrictModuleLocking_LinearW.js:667 WAITING_3
14:53:56.870 updates_StrictModuleLocking_LinearW.js:667 WAITING_1
14:53:56.876 updates_StrictModuleLocking_LinearW.js:629 THINKING_0
14:53:57.862 updates_StrictModuleLocking_LinearW.js:667 WAITING_2
14:53:58.868 updates_StrictModuleLocking_LinearW.js:667 WAITING_3
14:53:58.872 updates_StrictModuleLocking_LinearW.js:667 WAITING_1
14:53:58.875 updates_StrictModuleLocking_LinearW.js:667 WAITING_2
14:54:00.872 updates_StrictModuleLocking_LinearW.js:667 WAITING_3
14:54:00.879 updates_StrictModuleLocking_LinearW.js:667 WAITING_1
14:54:00.885 updates_StrictModuleLocking_LinearW.js:667 WAITING_2
14:54:01.860 updates_StrictModuleLocking_LinearW.js:637 UPDATE_0
14:54:02.873 updates_StrictModuleLocking_LinearW.js:667 WAITING_3
14:54:02.878 updates_StrictModuleLocking_LinearW.js:667 WAITING_1
14:54:02.883 updates_StrictModuleLocking_LinearW.js:667 WAITING_2
14:54:02.890 updates_StrictModuleLocking_LinearW.js:619 NODEACCESSRELEASED_0
14:54:04.869 updates_StrictModuleLocking_LinearW.js:667 WAITING_3
14:54:04.870 updates_StrictModuleLocking_LinearW.js:637 UPDATE_1
14:54:04.872 updates_StrictModuleLocking_LinearW.js:667 WAITING_2
14:54:04.874 updates_StrictModuleLocking_LinearW.js:649 NODEACCESSREQUESTED_0
14:54:05.869 updates_StrictModuleLocking_LinearW.js:629 THINKING_1
14:54:06.868 updates_StrictModuleLocking_LinearW.js:667 WAITING_3
14:54:06.870 updates_StrictModuleLocking_LinearW.js:667 WAITING_2
14:54:06.872 updates_StrictModuleLocking_LinearW.js:667 WAITING_0
14:54:08.868 updates_StrictModuleLocking_LinearW.js:667 WAITING_3
14:54:08.870 updates_StrictModuleLocking_LinearW.js:667 WAITING_2
14:54:08.871 updates_StrictModuleLocking_LinearW.js:667 WAITING_0
14:54:08.873 updates_StrictModuleLocking_LinearW.js:637 UPDATE_1
14:54:09.866 updates_StrictModuleLocking_LinearW.js:619 NODEACCESSRELEASED_1
14:54:10.872 updates_StrictModuleLocking_LinearW.js:667 WAITING_3
14:54:10.876 updates_StrictModuleLocking_LinearW.js:637 UPDATE_2
14:54:10.881 updates_StrictModuleLocking_LinearW.js:667 WAITING_0
14:54:10.885 updates_StrictModuleLocking_LinearW.js:649 NODEACCESSREQUESTED_1
14:54:11.861 updates_StrictModuleLocking_LinearW.js:619 NODEACCESSRELEASED_2
14:54:12.864 updates_StrictModuleLocking_LinearW.js:637 UPDATE_3
14:54:12.870 updates_StrictModuleLocking_LinearW.js:667 WAITING_0
14:54:12.875 updates_StrictModuleLocking_LinearW.js:667 WAITING_1
14:54:13.871 updates_StrictModuleLocking_LinearW.js:649 NODEACCESSREQUESTED_2
14:54:13.875 updates_StrictModuleLocking_LinearW.js:629 THINKING_3
14:54:14.864 updates_StrictModuleLocking_LinearW.js:667 WAITING_1
14:54:14.864 updates_StrictModuleLocking_LinearW.js:667 WAITING_0
14:54:15.867 updates_StrictModuleLocking_LinearW.js:667 WAITING_2
14:54:15.869 updates_StrictModuleLocking_LinearW.js:667 WAITING_0
14:54:16.856 updates_StrictModuleLocking_LinearW.js:667 WAITING_1
14:54:17.860 updates_StrictModuleLocking_LinearW.js:667 WAITING_2
14:54:17.863 updates_StrictModuleLocking_LinearW.js:667 WAITING_0
14:54:17.866 updates_StrictModuleLocking_LinearW.js:667 WAITING_1
14:54:18.861 updates_StrictModuleLocking_LinearW.js:637 UPDATE_3
14:54:19.854 updates_StrictModuleLocking_LinearW.js:667 WAITING_2
14:54:19.856 updates_StrictModuleLocking_LinearW.js:667 WAITING_0
14:54:19.857 updates_StrictModuleLocking_LinearW.js:667 WAITING_1
14:54:19.859 updates_StrictModuleLocking_LinearW.js:619 NODEACCESSRELEASED_3
14:54:20.867 updates_StrictModuleLocking_LinearW.js:667 WAITING_2
14:54:20.870 updates_StrictModuleLocking_LinearW.js:637 UPDATE_0
14:54:20.871 updates_StrictModuleLocking_LinearW.js:667 WAITING_1
14:54:20.873 updates_StrictModuleLocking_LinearW.js:649 NODEACCESSREQUESTED_3
14:54:21.857 updates_StrictModuleLocking_LinearW.js:629 THINKING_0
14:54:22.858 updates_StrictModuleLocking_LinearW.js:667 WAITING_2
14:54:22.864 updates_StrictModuleLocking_LinearW.js:667 WAITING_1
14:54:22.867 updates_StrictModuleLocking_LinearW.js:667 WAITING_3
14:54:24.856 updates_StrictModuleLocking_LinearW.js:667 WAITING_2
14:54:24.861 updates_StrictModuleLocking_LinearW.js:667 WAITING_1
14:54:24.867 updates_StrictModuleLocking_LinearW.js:667 WAITING_3
14:54:24.872 updates_StrictModuleLocking_LinearW.js:637 UPDATE_0
14:54:25.863 updates_StrictModuleLocking_LinearW.js:619 NODEACCESSRELEASED_0
14:54:25.866 updates_StrictModuleLocking_LinearW.js:667 WAITING_2
14:54:26.853 updates_StrictModuleLocking_LinearW.js:637 UPDATE_1
14:54:26.857 updates_StrictModuleLocking_LinearW.js:667 WAITING_3
14:54:27.864 updates_StrictModuleLocking_LinearW.js:649 NODEACCESSREQUESTED_0
14:54:27.869 updates_StrictModuleLocking_LinearW.js:667 WAITING_2
14:54:27.874 updates_StrictModuleLocking_LinearW.js:629 THINKING_1
14:54:27.880 updates_StrictModuleLocking_LinearW.js:667 WAITING_3
14:54:29.855 updates_StrictModuleLocking_LinearW.js:667 WAITING_0
14:54:29.859 updates_StrictModuleLocking_LinearW.js:667 WAITING_2
14:54:29.862 updates_StrictModuleLocking_LinearW.js:667 WAITING_3
14:54:30.856 updates_StrictModuleLocking_LinearW.js:637 UPDATE_1
14:54:31.860 updates_StrictModuleLocking_LinearW.js:667 WAITING_0
14:54:31.861 updates_StrictModuleLocking_LinearW.js:667 WAITING_2
14:54:31.863 updates_StrictModuleLocking_LinearW.js:667 WAITING_3
14:54:31.864 updates_StrictModuleLocking_LinearW.js:629 THINKING_1
14:54:33.859 updates_StrictModuleLocking_LinearW.js:667 WAITING_0
14:54:33.862 updates_StrictModuleLocking_LinearW.js:667 WAITING_2
14:54:33.864 updates_StrictModuleLocking_LinearW.js:667 WAITING_3
14:54:34.866 updates_StrictModuleLocking_LinearW.js:667 WAITING_0
14:54:34.870 updates_StrictModuleLocking_LinearW.js:667 WAITING_2
14:54:34.877 updates_StrictModuleLocking_LinearW.js:667 WAITING_3
14:54:36.867 updates_StrictModuleLocking_LinearW.js:667 WAITING_0
14:54:36.871 updates_StrictModuleLocking_LinearW.js:667 WAITING_2
14:54:36.875 updates_StrictModuleLocking_LinearW.js:667 WAITING_3
14:54:36.876 updates_StrictModuleLocking_LinearW.js:637 UPDATE_1
14:54:37.866 updates_StrictModuleLocking_LinearW.js:629 THINKING_1
14:54:38.857 updates_StrictModuleLocking_LinearW.js:667 WAITING_0
14:54:38.859 updates_StrictModuleLocking_LinearW.js:667 WAITING_2
14:54:38.862 updates_StrictModuleLocking_LinearW.js:667 WAITING_3
14:54:39.867 updates_StrictModuleLocking_LinearW.js:667 WAITING_0
14:54:39.868 updates_StrictModuleLocking_LinearW.js:667 WAITING_2
14:54:39.870 updates_StrictModuleLocking_LinearW.js:667 WAITING_3
14:54:41.856 updates_StrictModuleLocking_LinearW.js:667 WAITING_0
14:54:41.858 updates_StrictModuleLocking_LinearW.js:667 WAITING_2
14:54:41.860 updates_StrictModuleLocking_LinearW.js:667 WAITING_3
14:54:42.864 updates_StrictModuleLocking_LinearW.js:637 UPDATE_1
14:54:42.868 updates_StrictModuleLocking_LinearW.js:667 WAITING_0
14:54:42.872 updates_StrictModuleLocking_LinearW.js:667 WAITING_2
14:54:42.876 updates_StrictModuleLocking_LinearW.js:667 WAITING_3
14:54:43.855 updates_StrictModuleLocking_LinearW.js:619 NODEACCESSRELEASED_1
14:54:44.868 updates_StrictModuleLocking_LinearW.js:667 WAITING_0
14:54:44.873 updates_StrictModuleLocking_LinearW.js:637 UPDATE_2
14:54:44.877 updates_StrictModuleLocking_LinearW.js:667 WAITING_3
14:54:44.882 updates_StrictModuleLocking_LinearW.js:649 NODEACCESSREQUESTED_1
14:54:45.859 updates_StrictModuleLocking_LinearW.js:629 THINKING_2
14:54:46.853 updates_StrictModuleLocking_LinearW.js:667 WAITING_0
14:54:46.858 updates_StrictModuleLocking_LinearW.js:667 WAITING_3
14:54:46.862 updates_StrictModuleLocking_LinearW.js:667 WAITING_1
14:54:48.865 updates_StrictModuleLocking_LinearW.js:667 WAITING_0
14:54:48.868 updates_StrictModuleLocking_LinearW.js:667 WAITING_3
14:54:48.871 updates_StrictModuleLocking_LinearW.js:667 WAITING_1
14:54:48.874 updates_StrictModuleLocking_LinearW.js:637 UPDATE_2
14:54:49.859 updates_StrictModuleLocking_LinearW.js:619 NODEACCESSRELEASED_2
14:54:50.864 updates_StrictModuleLocking_LinearW.js:667 WAITING_0
14:54:50.866 updates_StrictModuleLocking_LinearW.js:637 UPDATE_3
14:54:50.868 updates_StrictModuleLocking_LinearW.js:667 WAITING_1
14:54:50.870 updates_StrictModuleLocking_LinearW.js:649 NODEACCESSREQUESTED_2
14:54:51.862 updates_StrictModuleLocking_LinearW.js:619 NODEACCESSRELEASED_3
14:54:52.860 updates_StrictModuleLocking_LinearW.js:637 UPDATE_0
14:54:52.862 updates_StrictModuleLocking_LinearW.js:667 WAITING_1
14:54:52.865 updates_StrictModuleLocking_LinearW.js:667 WAITING_2
14:54:53.864 updates_StrictModuleLocking_LinearW.js:649 NODEACCESSREQUESTED_3
14:54:53.868 updates_StrictModuleLocking_LinearW.js:619 NODEACCESSRELEASED_0
14:54:54.857 updates_StrictModuleLocking_LinearW.js:637 UPDATE_1
14:54:54.862 updates_StrictModuleLocking_LinearW.js:667 WAITING_2
14:54:55.867 updates_StrictModuleLocking_LinearW.js:667 WAITING_3
14:54:55.871 updates_StrictModuleLocking_LinearW.js:649 NODEACCESSREQUESTED_0
14:54:55.874 updates_StrictModuleLocking_LinearW.js:629 THINKING_1
14:54:55.876 updates_StrictModuleLocking_LinearW.js:667 WAITING_2
14:54:57.861 updates_StrictModuleLocking_LinearW.js:667 WAITING_3
14:54:57.866 updates_StrictModuleLocking_LinearW.js:667 WAITING_0
14:54:57.875 updates_StrictModuleLocking_LinearW.js:667 WAITING_2
14:54:58.866 updates_StrictModuleLocking_LinearW.js:637 UPDATE_1
14:54:58.873 updates_StrictModuleLocking_LinearW.js:667 WAITING_3
14:54:59.865 updates_StrictModuleLocking_LinearW.js:667 WAITING_0
14:54:59.870 updates_StrictModuleLocking_LinearW.js:667 WAITING_2
14:54:59.876 updates_StrictModuleLocking_LinearW.js:619 NODEACCESSRELEASED_1
14:55:00.863 updates_StrictModuleLocking_LinearW.js:667 WAITING_3
14:55:01.855 updates_StrictModuleLocking_LinearW.js:667 WAITING_0
14:55:01.859 updates_StrictModuleLocking_LinearW.js:637 UPDATE_2
14:55:01.863 updates_StrictModuleLocking_LinearW.js:649 NODEACCESSREQUESTED_1
14:55:02.862 updates_StrictModuleLocking_LinearW.js:667 WAITING_3
14:55:02.868 updates_StrictModuleLocking_LinearW.js:619 NODEACCESSRELEASED_2
14:55:02.874 updates_StrictModuleLocking_LinearW.js:667 WAITING_0
14:55:03.859 updates_StrictModuleLocking_LinearW.js:667 WAITING_1
14:55:04.859 updates_StrictModuleLocking_LinearW.js:637 UPDATE_3
14:55:04.862 updates_StrictModuleLocking_LinearW.js:649 NODEACCESSREQUESTED_2
14:55:04.865 updates_StrictModuleLocking_LinearW.js:667 WAITING_0
14:55:05.860 updates_StrictModuleLocking_LinearW.js:667 WAITING_1
14:55:05.865 updates_StrictModuleLocking_LinearW.js:619 NODEACCESSRELEASED_3
14:55:06.865 updates_StrictModuleLocking_LinearW.js:667 WAITING_2
14:55:06.869 updates_StrictModuleLocking_LinearW.js:637 UPDATE_0
14:55:06.870 updates_StrictModuleLocking_LinearW.js:667 WAITING_1
14:55:07.861 updates_StrictModuleLocking_LinearW.js:649 NODEACCESSREQUESTED_3
14:55:07.863 updates_StrictModuleLocking_LinearW.js:629 THINKING_0
14:55:08.861 updates_StrictModuleLocking_LinearW.js:667 WAITING_2
14:55:08.868 updates_StrictModuleLocking_LinearW.js:667 WAITING_1
14:55:09.858 updates_StrictModuleLocking_LinearW.js:667 WAITING_3
14:55:10.853 updates_StrictModuleLocking_LinearW.js:667 WAITING_2
14:55:10.857 updates_StrictModuleLocking_LinearW.js:667 WAITING_1
14:55:11.856 updates_StrictModuleLocking_LinearW.js:667 WAITING_3
14:55:12.866 updates_StrictModuleLocking_LinearW.js:667 WAITING_2
14:55:12.870 updates_StrictModuleLocking_LinearW.js:637 UPDATE_0
14:55:12.874 updates_StrictModuleLocking_LinearW.js:667 WAITING_1
14:55:12.878 updates_StrictModuleLocking_LinearW.js:667 WAITING_3
14:55:13.867 updates_StrictModuleLocking_LinearW.js:619 NODEACCESSRELEASED_0
14:55:14.857 updates_StrictModuleLocking_LinearW.js:667 WAITING_2
14:55:14.860 updates_StrictModuleLocking_LinearW.js:637 UPDATE_1
14:55:14.864 updates_StrictModuleLocking_LinearW.js:667 WAITING_3
14:55:15.868 updates_StrictModuleLocking_LinearW.js:649 NODEACCESSREQUESTED_0
14:55:15.872 updates_StrictModuleLocking_LinearW.js:678 END_1
14:55:15.875 updates_StrictModuleLocking_LinearW.js:637 UPDATE_2
14:55:16.874 updates_StrictModuleLocking_LinearW.js:667 WAITING_3
14:55:16.878 updates_StrictModuleLocking_LinearW.js:629 THINKING_2
14:55:16.885 updates_StrictModuleLocking_LinearW.js:667 WAITING_0
14:55:18.864 updates_StrictModuleLocking_LinearW.js:667 WAITING_3
14:55:18.867 updates_StrictModuleLocking_LinearW.js:667 WAITING_0
14:55:19.863 updates_StrictModuleLocking_LinearW.js:637 UPDATE_2
14:55:20.871 updates_StrictModuleLocking_LinearW.js:667 WAITING_3
14:55:20.877 updates_StrictModuleLocking_LinearW.js:667 WAITING_0
14:55:20.883 updates_StrictModuleLocking_LinearW.js:629 THINKING_2
14:55:22.867 updates_StrictModuleLocking_LinearW.js:667 WAITING_3
14:55:22.869 updates_StrictModuleLocking_LinearW.js:667 WAITING_0
14:55:23.864 updates_StrictModuleLocking_LinearW.js:637 UPDATE_2
14:55:24.867 updates_StrictModuleLocking_LinearW.js:667 WAITING_3
14:55:24.872 updates_StrictModuleLocking_LinearW.js:667 WAITING_0
14:55:24.878 updates_StrictModuleLocking_LinearW.js:629 THINKING_2
14:55:26.873 updates_StrictModuleLocking_LinearW.js:667 WAITING_3
14:55:26.875 updates_StrictModuleLocking_LinearW.js:667 WAITING_0
14:55:28.863 updates_StrictModuleLocking_LinearW.js:667 WAITING_3
14:55:28.868 updates_StrictModuleLocking_LinearW.js:667 WAITING_0
14:55:29.867 updates_StrictModuleLocking_LinearW.js:637 UPDATE_2
14:55:30.871 updates_StrictModuleLocking_LinearW.js:667 WAITING_3
14:55:30.874 updates_StrictModuleLocking_LinearW.js:667 WAITING_0
14:55:30.878 updates_StrictModuleLocking_LinearW.js:619 NODEACCESSRELEASED_2
14:55:32.874 updates_StrictModuleLocking_LinearW.js:637 UPDATE_3
14:55:32.878 updates_StrictModuleLocking_LinearW.js:667 WAITING_0
14:55:32.881 updates_StrictModuleLocking_LinearW.js:649 NODEACCESSREQUESTED_2
14:55:33.863 updates_StrictModuleLocking_LinearW.js:619 NODEACCESSRELEASED_3
14:55:34.870 updates_StrictModuleLocking_LinearW.js:637 UPDATE_0
14:55:34.876 updates_StrictModuleLocking_LinearW.js:667 WAITING_2
14:55:34.880 updates_StrictModuleLocking_LinearW.js:649 NODEACCESSREQUESTED_3
14:55:35.862 updates_StrictModuleLocking_LinearW.js:619 NODEACCESSRELEASED_0
14:55:36.862 updates_StrictModuleLocking_LinearW.js:637 UPDATE_2
14:55:36.864 updates_StrictModuleLocking_LinearW.js:667 WAITING_3
14:55:37.873 updates_StrictModuleLocking_LinearW.js:649 NODEACCESSREQUESTED_0
14:55:37.878 updates_StrictModuleLocking_LinearW.js:619 NODEACCESSRELEASED_2
14:55:37.883 updates_StrictModuleLocking_LinearW.js:637 UPDATE_3
14:55:38.866 updates_StrictModuleLocking_LinearW.js:619 NODEACCESSRELEASED_3
14:55:39.870 updates_StrictModuleLocking_LinearW.js:637 UPDATE_0
14:55:39.873 updates_StrictModuleLocking_LinearW.js:649 NODEACCESSREQUESTED_2
14:55:39.877 updates_StrictModuleLocking_LinearW.js:649 NODEACCESSREQUESTED_3
14:55:40.875 updates_StrictModuleLocking_LinearW.js:619 NODEACCESSRELEASED_0
14:55:41.871 updates_StrictModuleLocking_LinearW.js:637 UPDATE_2
14:55:41.873 updates_StrictModuleLocking_LinearW.js:667 WAITING_3
14:55:42.866 updates_StrictModuleLocking_LinearW.js:649 NODEACCESSREQUESTED_0
14:55:42.867 updates_StrictModuleLocking_LinearW.js:619 NODEACCESSRELEASED_2
14:55:43.861 updates_StrictModuleLocking_LinearW.js:637 UPDATE_3
14:55:44.872 updates_StrictModuleLocking_LinearW.js:667 WAITING_0
14:55:44.875 updates_StrictModuleLocking_LinearW.js:649 NODEACCESSREQUESTED_2
14:55:44.878 updates_StrictModuleLocking_LinearW.js:629 THINKING_3
14:55:46.872 updates_StrictModuleLocking_LinearW.js:667 WAITING_0
14:55:46.873 updates_StrictModuleLocking_LinearW.js:667 WAITING_2
14:55:47.865 updates_StrictModuleLocking_LinearW.js:637 UPDATE_3
14:55:48.863 updates_StrictModuleLocking_LinearW.js:667 WAITING_0
14:55:48.865 updates_StrictModuleLocking_LinearW.js:667 WAITING_2
14:55:48.869 updates_StrictModuleLocking_LinearW.js:619 NODEACCESSRELEASED_3
14:55:49.866 updates_StrictModuleLocking_LinearW.js:637 UPDATE_0
14:55:50.864 updates_StrictModuleLocking_LinearW.js:667 WAITING_2
14:55:50.869 updates_StrictModuleLocking_LinearW.js:649 NODEACCESSREQUESTED_3
14:55:50.871 updates_StrictModuleLocking_LinearW.js:678 END_0
14:55:52.866 updates_StrictModuleLocking_LinearW.js:637 UPDATE_2
14:55:52.869 updates_StrictModuleLocking_LinearW.js:667 WAITING_3
14:55:53.864 updates_StrictModuleLocking_LinearW.js:619 NODEACCESSRELEASED_2
14:55:54.864 updates_StrictModuleLocking_LinearW.js:637 UPDATE_3
14:55:55.862 updates_StrictModuleLocking_LinearW.js:649 NODEACCESSREQUESTED_2
14:55:55.865 updates_StrictModuleLocking_LinearW.js:619 NODEACCESSRELEASED_3
14:55:57.866 updates_StrictModuleLocking_LinearW.js:637 UPDATE_2
14:55:57.868 updates_StrictModuleLocking_LinearW.js:649 NODEACCESSREQUESTED_3
14:55:58.871 updates_StrictModuleLocking_LinearW.js:678 END_2
14:55:58.873 updates_StrictModuleLocking_LinearW.js:637 UPDATE_3
14:55:59.871 updates_StrictModuleLocking_LinearW.js:629 THINKING_3
14:56:02.867 updates_StrictModuleLocking_LinearW.js:637 UPDATE_3
14:56:03.864 updates_StrictModuleLocking_LinearW.js:619 NODEACCESSRELEASED_3
14:56:05.873 updates_StrictModuleLocking_LinearW.js:649 NODEACCESSREQUESTED_3
14:56:07.873 updates_StrictModuleLocking_LinearW.js:637 UPDATE_3
14:56:08.869 updates_StrictModuleLocking_LinearW.js:678 END_3
