10:50:53.031 (index):1237 Tasks: 25; Collaborators: 13    =========================>
10:50:53.032 (index):935 ATTRIBUTEACCESSREQUESTED_0
10:50:53.033 (index):941 NODEACCESSREQUESTED_1
10:50:53.034 (index):941 NODEACCESSREQUESTED_2
10:50:53.034 (index):935 ATTRIBUTEACCESSREQUESTED_3
10:50:53.035 (index):935 ATTRIBUTEACCESSREQUESTED_4
10:50:53.035 (index):941 NODEACCESSREQUESTED_5
10:50:53.036 (index):941 NODEACCESSREQUESTED_6
10:50:53.036 (index):935 ATTRIBUTEACCESSREQUESTED_7
10:50:53.036 (index):941 NODEACCESSREQUESTED_8
10:50:53.037 (index):941 NODEACCESSREQUESTED_9
10:50:53.037 (index):941 NODEACCESSREQUESTED_10
10:50:53.038 (index):941 NODEACCESSREQUESTED_11
10:50:53.038 (index):941 NODEACCESSREQUESTED_12
10:50:54.033 (index):896 THINKING_0
10:50:54.034 (index):896 THINKING_1
10:50:54.036 (index):880 NODEACCESSRELEASED_2
10:50:54.037 (index):884 ATTRIBUTEACCESSRELEASED_3
10:50:54.038 (index):884 ATTRIBUTEACCESSRELEASED_4
10:50:54.040 (index):880 NODEACCESSRELEASED_5
10:50:54.041 (index):896 THINKING_6
10:50:54.042 (index):884 ATTRIBUTEACCESSRELEASED_7
10:50:54.043 (index):896 THINKING_8
10:50:54.044 (index):880 NODEACCESSRELEASED_9
10:50:54.044 (index):880 NODEACCESSRELEASED_10
10:50:54.045 (index):896 THINKING_11
10:50:54.045 (index):880 NODEACCESSRELEASED_12
10:50:55.037 (index):941 NODEACCESSREQUESTED_2
10:50:55.038 (index):935 ATTRIBUTEACCESSREQUESTED_3
10:50:55.040 (index):935 ATTRIBUTEACCESSREQUESTED_4
10:50:55.041 (index):941 NODEACCESSREQUESTED_5
10:50:55.043 (index):935 ATTRIBUTEACCESSREQUESTED_7
10:50:55.044 (index):941 NODEACCESSREQUESTED_9
10:50:55.045 (index):941 NODEACCESSREQUESTED_10
10:50:55.046 (index):941 NODEACCESSREQUESTED_12
10:50:56.038 (index):905 UPDATE_2
10:50:56.039 (index):908 UPDATE_3
10:50:56.041 (index):908 UPDATE_4
10:50:56.042 (index):905 UPDATE_5
10:50:56.044 (index):964 WAITING_7
10:50:56.045 (index):905 UPDATE_9
10:50:56.046 (index):905 UPDATE_10
10:50:56.047 (index):905 UPDATE_12
10:50:56.069 (index):905 UPDATE_8
10:50:56.139 (index):880 NODEACCESSRELEASED_2
10:50:56.141 (index):884 ATTRIBUTEACCESSRELEASED_3
10:50:56.142 (index):884 ATTRIBUTEACCESSRELEASED_4
10:50:56.143 (index):896 THINKING_5
10:50:56.146 (index):896 THINKING_9
10:50:56.147 (index):896 THINKING_10
10:50:56.148 (index):880 NODEACCESSRELEASED_12
10:50:56.170 (index):896 THINKING_8
10:50:56.506 (index):905 UPDATE_11
10:50:56.608 (index):896 THINKING_11
10:50:56.759 (index):905 UPDATE_6
10:50:56.861 (index):880 NODEACCESSRELEASED_6
10:50:56.981 (index):905 UPDATE_1
10:50:57.045 (index):908 UPDATE_7
10:50:57.082 (index):880 NODEACCESSRELEASED_1
10:50:57.141 (index):941 NODEACCESSREQUESTED_2
10:50:57.142 (index):941 NODEACCESSREQUESTED_3
10:50:57.143 (index):941 NODEACCESSREQUESTED_4
10:50:57.147 (index):884 ATTRIBUTEACCESSRELEASED_7
10:50:57.149 (index):941 NODEACCESSREQUESTED_12
10:50:57.862 (index):935 ATTRIBUTEACCESSREQUESTED_6
10:50:58.083 (index):941 NODEACCESSREQUESTED_1
10:50:58.142 (index):905 UPDATE_2
10:50:58.143 (index):905 UPDATE_3
10:50:58.145 (index):905 UPDATE_4
10:50:58.148 (index):941 NODEACCESSREQUESTED_7
10:50:58.150 (index):905 UPDATE_12
10:50:58.199 (index):905 UPDATE_10
10:50:58.243 (index):880 NODEACCESSRELEASED_2
10:50:58.245 (index):896 THINKING_3
10:50:58.246 (index):880 NODEACCESSRELEASED_4
10:50:58.252 (index):880 NODEACCESSRELEASED_12
10:50:58.301 (index):880 NODEACCESSRELEASED_10
10:50:58.382 (index):908 UPDATE_0
10:50:58.484 (index):884 ATTRIBUTEACCESSRELEASED_0
10:50:58.558 (index):905 UPDATE_5
10:50:58.660 (index):880 NODEACCESSRELEASED_5
10:50:58.863 (index):908 UPDATE_6
10:50:58.964 (index):884 ATTRIBUTEACCESSRELEASED_6
10:50:59.084 (index):905 UPDATE_1
10:50:59.149 (index):905 UPDATE_7
10:50:59.186 (index):896 THINKING_1
10:50:59.245 (index):935 ATTRIBUTEACCESSREQUESTED_2
10:50:59.248 (index):935 ATTRIBUTEACCESSREQUESTED_4
10:50:59.250 (index):880 NODEACCESSRELEASED_7
10:50:59.253 (index):935 ATTRIBUTEACCESSREQUESTED_12
10:50:59.303 (index):941 NODEACCESSREQUESTED_10
10:50:59.485 (index):935 ATTRIBUTEACCESSREQUESTED_0
10:50:59.661 (index):941 NODEACCESSREQUESTED_5
10:50:59.905 (index):905 UPDATE_11
10:50:59.965 (index):941 NODEACCESSREQUESTED_6
10:51:00.006 (index):880 NODEACCESSRELEASED_11
10:51:00.246 (index):908 UPDATE_2
10:51:00.249 (index):908 UPDATE_4
10:51:00.251 (index):941 NODEACCESSREQUESTED_7
10:51:00.253 (index):908 UPDATE_12
10:51:00.304 (index):905 UPDATE_10
10:51:00.347 (index):896 THINKING_2
10:51:00.351 (index):884 ATTRIBUTEACCESSRELEASED_4
10:51:00.355 (index):896 THINKING_12
10:51:00.405 (index):896 THINKING_10
10:51:00.486 (index):908 UPDATE_0
10:51:00.587 (index):884 ATTRIBUTEACCESSRELEASED_0
10:51:00.611 (index):905 UPDATE_8
10:51:00.658 (index):905 UPDATE_9
10:51:00.663 (index):905 UPDATE_5
10:51:00.713 (index):880 NODEACCESSRELEASED_8
10:51:00.759 (index):896 THINKING_9
10:51:00.764 (index):896 THINKING_5
10:51:00.966 (index):905 UPDATE_6
10:51:01.007 (index):941 NODEACCESSREQUESTED_11
10:51:01.068 (index):880 NODEACCESSRELEASED_6
10:51:01.253 (index):905 UPDATE_7
10:51:01.351 (index):941 NODEACCESSREQUESTED_4
10:51:01.354 (index):896 THINKING_7
10:51:01.588 (index):941 NODEACCESSREQUESTED_0
10:51:01.714 (index):935 ATTRIBUTEACCESSREQUESTED_8
10:51:02.009 (index):905 UPDATE_11
10:51:02.069 (index):941 NODEACCESSREQUESTED_6
10:51:02.110 (index):880 NODEACCESSRELEASED_11
10:51:02.353 (index):905 UPDATE_4
10:51:02.362 (index):905 UPDATE_3
10:51:02.454 (index):880 NODEACCESSRELEASED_4
10:51:02.463 (index):880 NODEACCESSRELEASED_3
10:51:02.590 (index):905 UPDATE_0
10:51:02.691 (index):896 THINKING_0
10:51:02.715 (index):908 UPDATE_8
10:51:02.735 (index):905 UPDATE_1
10:51:02.816 (index):896 THINKING_8
10:51:02.836 (index):896 THINKING_1
10:51:03.066 (index):908 UPDATE_2
10:51:03.070 (index):905 UPDATE_6
10:51:03.111 (index):941 NODEACCESSREQUESTED_11
10:51:03.165 (index):905 UPDATE_9
10:51:03.167 (index):884 ATTRIBUTEACCESSRELEASED_2
10:51:03.171 (index):880 NODEACCESSRELEASED_6
10:51:03.267 (index):880 NODEACCESSRELEASED_9
10:51:03.383 (index):905 UPDATE_10
10:51:03.455 (index):935 ATTRIBUTEACCESSREQUESTED_4
10:51:03.464 (index):935 ATTRIBUTEACCESSREQUESTED_3
10:51:03.484 (index):880 NODEACCESSRELEASED_10
10:51:03.526 (index):905 UPDATE_7
10:51:03.627 (index):880 NODEACCESSRELEASED_7
10:51:03.904 (index):905 UPDATE_5
10:51:04.006 (index):880 NODEACCESSRELEASED_5
10:51:04.113 (index):905 UPDATE_11
10:51:04.168 (index):935 ATTRIBUTEACCESSREQUESTED_2
10:51:04.172 (index):941 NODEACCESSREQUESTED_6
10:51:04.214 (index):880 NODEACCESSRELEASED_11
10:51:04.268 (index):935 ATTRIBUTEACCESSREQUESTED_9
10:51:04.457 (index):964 WAITING_4
10:51:04.465 (index):964 WAITING_3
10:51:04.485 (index):941 NODEACCESSREQUESTED_10
10:51:04.629 (index):935 ATTRIBUTEACCESSREQUESTED_7
10:51:05.006 (index):935 ATTRIBUTEACCESSREQUESTED_5
10:51:05.013 (index):908 UPDATE_12
10:51:05.115 (index):884 ATTRIBUTEACCESSRELEASED_12
10:51:05.169 (index):908 UPDATE_2
10:51:05.174 (index):905 UPDATE_6
10:51:05.215 (index):941 NODEACCESSREQUESTED_11
10:51:05.261 (index):905 UPDATE_0
10:51:05.269 (index):908 UPDATE_9
10:51:05.271 (index):884 ATTRIBUTEACCESSRELEASED_2
10:51:05.275 (index):880 NODEACCESSRELEASED_6
10:51:05.362 (index):896 THINKING_0
10:51:05.370 (index):884 ATTRIBUTEACCESSRELEASED_9
10:51:05.458 (index):964 WAITING_4
10:51:05.466 (index):964 WAITING_3
10:51:05.487 (index):905 UPDATE_10
10:51:05.588 (index):896 THINKING_10
10:51:05.630 (index):908 UPDATE_7
10:51:05.731 (index):896 THINKING_7
10:51:06.008 (index):908 UPDATE_5
10:51:06.109 (index):896 THINKING_5
10:51:06.116 (index):935 ATTRIBUTEACCESSREQUESTED_12
10:51:06.216 (index):905 UPDATE_11
10:51:06.272 (index):941 NODEACCESSREQUESTED_2
10:51:06.276 (index):935 ATTRIBUTEACCESSREQUESTED_6
10:51:06.318 (index):896 THINKING_11
10:51:06.371 (index):935 ATTRIBUTEACCESSREQUESTED_9
10:51:06.459 (index):964 WAITING_4
10:51:06.467 (index):964 WAITING_3
10:51:07.117 (index):964 WAITING_12
10:51:07.229 (index):905 UPDATE_1
10:51:07.273 (index):905 UPDATE_2
10:51:07.277 (index):964 WAITING_6
10:51:07.331 (index):880 NODEACCESSRELEASED_1
10:51:07.339 (index):908 UPDATE_8
10:51:07.373 (index):964 WAITING_9
10:51:07.374 (index):896 THINKING_2
10:51:07.440 (index):884 ATTRIBUTEACCESSRELEASED_8
10:51:07.461 (index):908 UPDATE_4
10:51:07.468 (index):964 WAITING_3
10:51:07.562 (index):896 THINKING_4
10:51:08.119 (index):964 WAITING_12
10:51:08.278 (index):964 WAITING_6
10:51:08.332 (index):941 NODEACCESSREQUESTED_1
10:51:08.374 (index):964 WAITING_9
10:51:08.442 (index):935 ATTRIBUTEACCESSREQUESTED_8
10:51:08.470 (index):964 WAITING_3
10:51:09.120 (index):964 WAITING_12
10:51:09.279 (index):964 WAITING_6
10:51:09.333 (index):905 UPDATE_1
10:51:09.375 (index):964 WAITING_9
10:51:09.435 (index):896 THINKING_1
10:51:09.443 (index):908 UPDATE_8
10:51:09.471 (index):964 WAITING_3
10:51:09.544 (index):884 ATTRIBUTEACCESSRELEASED_8
10:51:09.925 (index):905 UPDATE_2
10:51:10.000 (index):908 UPDATE_4
10:51:10.026 (index):896 THINKING_2
10:51:10.102 (index):884 ATTRIBUTEACCESSRELEASED_4
10:51:10.121 (index):964 WAITING_12
10:51:10.252 (index):905 UPDATE_10
10:51:10.281 (index):964 WAITING_6
10:51:10.305 (index):905 UPDATE_0
10:51:10.353 (index):880 NODEACCESSRELEASED_10
10:51:10.369 (index):908 UPDATE_7
10:51:10.376 (index):964 WAITING_9
10:51:10.406 (index):880 NODEACCESSRELEASED_0
10:51:10.470 (index):884 ATTRIBUTEACCESSRELEASED_7
10:51:10.472 (index):908 UPDATE_3
10:51:10.545 (index):941 NODEACCESSREQUESTED_8
10:51:10.573 (index):884 ATTRIBUTEACCESSRELEASED_3
10:51:10.596 (index):905 UPDATE_11
10:51:10.691 (index):908 UPDATE_5
10:51:10.697 (index):880 NODEACCESSRELEASED_11
10:51:10.793 (index):896 THINKING_5
10:51:11.103 (index):935 ATTRIBUTEACCESSREQUESTED_4
10:51:11.123 (index):908 UPDATE_12
10:51:11.224 (index):884 ATTRIBUTEACCESSRELEASED_12
10:51:11.282 (index):908 UPDATE_6
10:51:11.354 (index):941 NODEACCESSREQUESTED_10
10:51:11.378 (index):964 WAITING_9
10:51:11.383 (index):896 THINKING_6
10:51:11.407 (index):941 NODEACCESSREQUESTED_0
10:51:11.472 (index):941 NODEACCESSREQUESTED_7
10:51:11.547 (index):905 UPDATE_8
10:51:11.574 (index):941 NODEACCESSREQUESTED_3
10:51:11.648 (index):896 THINKING_8
10:51:11.698 (index):935 ATTRIBUTEACCESSREQUESTED_11
10:51:11.746 (index):905 UPDATE_1
10:51:11.847 (index):880 NODEACCESSRELEASED_1
10:51:12.104 (index):964 WAITING_4
10:51:12.225 (index):935 ATTRIBUTEACCESSREQUESTED_12
10:51:12.253 (index):905 UPDATE_2
10:51:12.354 (index):896 THINKING_2
10:51:12.356 (index):905 UPDATE_10
10:51:12.379 (index):964 WAITING_9
10:51:12.409 (index):905 UPDATE_0
10:51:12.457 (index):896 THINKING_10
10:51:12.473 (index):905 UPDATE_7
10:51:12.510 (index):896 THINKING_0
10:51:12.574 (index):880 NODEACCESSRELEASED_7
10:51:12.575 (index):905 UPDATE_3
10:51:12.676 (index):880 NODEACCESSRELEASED_3
10:51:12.699 (index):964 WAITING_11
10:51:12.835 (index):908 UPDATE_5
10:51:12.849 (index):941 NODEACCESSREQUESTED_1
10:51:12.936 (index):884 ATTRIBUTEACCESSRELEASED_5
10:51:13.106 (index):964 WAITING_4
10:51:13.228 (index):908 UPDATE_12
10:51:13.329 (index):884 ATTRIBUTEACCESSRELEASED_12
10:51:13.380 (index):908 UPDATE_9
10:51:13.481 (index):884 ATTRIBUTEACCESSRELEASED_9
10:51:13.575 (index):941 NODEACCESSREQUESTED_7
10:51:13.655 (index):908 UPDATE_6
10:51:13.677 (index):941 NODEACCESSREQUESTED_3
10:51:13.700 (index):908 UPDATE_11
10:51:13.756 (index):896 THINKING_6
10:51:13.802 (index):884 ATTRIBUTEACCESSRELEASED_11
10:51:13.849 (index):905 UPDATE_1
10:51:13.937 (index):941 NODEACCESSREQUESTED_5
10:51:13.951 (index):896 THINKING_1
10:51:14.107 (index):964 WAITING_4
10:51:14.331 (index):935 ATTRIBUTEACCESSREQUESTED_12
10:51:14.483 (index):941 NODEACCESSREQUESTED_9
10:51:14.577 (index):905 UPDATE_7
10:51:14.667 (index):905 UPDATE_0
10:51:14.678 (index):880 NODEACCESSRELEASED_7
10:51:14.679 (index):905 UPDATE_3
10:51:14.768 (index):880 NODEACCESSRELEASED_0
10:51:14.780 (index):880 NODEACCESSRELEASED_3
10:51:14.803 (index):935 ATTRIBUTEACCESSREQUESTED_11
10:51:14.939 (index):905 UPDATE_5
10:51:14.946 (index):905 UPDATE_8
10:51:15.040 (index):896 THINKING_5
10:51:15.046 (index):880 NODEACCESSRELEASED_8
10:51:15.108 (index):964 WAITING_4
10:51:15.332 (index):908 UPDATE_12
10:51:15.433 (index):884 ATTRIBUTEACCESSRELEASED_12
10:51:15.484 (index):905 UPDATE_9
10:51:15.585 (index):896 THINKING_9
10:51:15.679 (index):935 ATTRIBUTEACCESSREQUESTED_7
10:51:15.769 (index):941 NODEACCESSREQUESTED_0
10:51:15.781 (index):941 NODEACCESSREQUESTED_3
10:51:15.804 (index):908 UPDATE_11
10:51:15.905 (index):884 ATTRIBUTEACCESSRELEASED_11
10:51:16.048 (index):941 NODEACCESSREQUESTED_8
10:51:16.109 (index):964 WAITING_4
10:51:16.242 (index):905 UPDATE_10
10:51:16.343 (index):880 NODEACCESSRELEASED_10
10:51:16.435 (index):935 ATTRIBUTEACCESSREQUESTED_12
10:51:16.681 (index):908 UPDATE_7
10:51:16.710 (index):908 UPDATE_6
10:51:16.770 (index):905 UPDATE_0
10:51:16.782 (index):884 ATTRIBUTEACCESSRELEASED_7
10:51:16.783 (index):905 UPDATE_3
10:51:16.811 (index):884 ATTRIBUTEACCESSRELEASED_6
10:51:16.871 (index):880 NODEACCESSRELEASED_0
10:51:16.881 (index):905 UPDATE_1
10:51:16.884 (index):880 NODEACCESSRELEASED_3
10:51:16.906 (index):941 NODEACCESSREQUESTED_11
10:51:16.982 (index):896 THINKING_1
10:51:17.049 (index):905 UPDATE_8
10:51:17.110 (index):908 UPDATE_4
10:51:17.150 (index):880 NODEACCESSRELEASED_8
10:51:17.209 (index):905 UPDATE_2
10:51:17.211 (index):896 THINKING_4
10:51:17.311 (index):880 NODEACCESSRELEASED_2
10:51:17.345 (index):941 NODEACCESSREQUESTED_10
10:51:17.436 (index):908 UPDATE_12
10:51:17.537 (index):884 ATTRIBUTEACCESSRELEASED_12
10:51:17.783 (index):941 NODEACCESSREQUESTED_7
10:51:17.813 (index):941 NODEACCESSREQUESTED_6
10:51:17.872 (index):941 NODEACCESSREQUESTED_0
10:51:17.885 (index):941 NODEACCESSREQUESTED_3
10:51:17.908 (index):905 UPDATE_11
10:51:18.009 (index):896 THINKING_11
10:51:18.151 (index):941 NODEACCESSREQUESTED_8
10:51:18.312 (index):941 NODEACCESSREQUESTED_2
10:51:18.346 (index):905 UPDATE_10
10:51:18.447 (index):896 THINKING_10
10:51:18.539 (index):941 NODEACCESSREQUESTED_12
10:51:18.696 (index):905 UPDATE_9
10:51:18.785 (index):905 UPDATE_7
10:51:18.798 (index):880 NODEACCESSRELEASED_9
10:51:18.814 (index):905 UPDATE_6
10:51:18.874 (index):905 UPDATE_0
10:51:18.886 (index):880 NODEACCESSRELEASED_7
10:51:18.887 (index):905 UPDATE_3
10:51:18.915 (index):880 NODEACCESSRELEASED_6
10:51:18.974 (index):896 THINKING_0
10:51:18.988 (index):896 THINKING_3
10:51:19.152 (index):905 UPDATE_8
10:51:19.253 (index):880 NODEACCESSRELEASED_8
10:51:19.313 (index):905 UPDATE_2
10:51:19.415 (index):880 NODEACCESSRELEASED_2
10:51:19.540 (index):905 UPDATE_12
10:51:19.641 (index):880 NODEACCESSRELEASED_12
10:51:19.799 (index):941 NODEACCESSREQUESTED_9
10:51:19.887 (index):935 ATTRIBUTEACCESSREQUESTED_7
10:51:19.916 (index):941 NODEACCESSREQUESTED_6
10:51:19.976 (index):905 UPDATE_5
10:51:20.076 (index):880 NODEACCESSRELEASED_5
10:51:20.255 (index):941 NODEACCESSREQUESTED_8
10:51:20.416 (index):941 NODEACCESSREQUESTED_2
10:51:20.643 (index):941 NODEACCESSREQUESTED_12
10:51:20.800 (index):905 UPDATE_9
10:51:20.889 (index):908 UPDATE_7
10:51:20.901 (index):880 NODEACCESSRELEASED_9
10:51:20.918 (index):905 UPDATE_6
10:51:20.990 (index):896 THINKING_7
10:51:21.019 (index):880 NODEACCESSRELEASED_6
10:51:21.078 (index):941 NODEACCESSREQUESTED_5
10:51:21.256 (index):905 UPDATE_8
10:51:21.357 (index):880 NODEACCESSRELEASED_8
10:51:21.393 (index):905 UPDATE_11
10:51:21.395 (index):905 UPDATE_3
10:51:21.418 (index):905 UPDATE_2
10:51:21.420 (index):908 UPDATE_4
10:51:21.495 (index):880 NODEACCESSRELEASED_11
10:51:21.497 (index):880 NODEACCESSRELEASED_3
10:51:21.519 (index):880 NODEACCESSRELEASED_2
10:51:21.521 (index):896 THINKING_4
10:51:21.592 (index):905 UPDATE_1
10:51:21.644 (index):905 UPDATE_12
10:51:21.693 (index):896 THINKING_1
10:51:21.745 (index):896 THINKING_12
10:51:21.902 (index):935 ATTRIBUTEACCESSREQUESTED_9
10:51:22.020 (index):935 ATTRIBUTEACCESSREQUESTED_6
10:51:22.079 (index):905 UPDATE_5
10:51:22.180 (index):880 NODEACCESSRELEASED_5
10:51:22.359 (index):941 NODEACCESSREQUESTED_8
10:51:22.496 (index):941 NODEACCESSREQUESTED_11
10:51:22.498 (index):935 ATTRIBUTEACCESSREQUESTED_3
10:51:22.520 (index):941 NODEACCESSREQUESTED_2
10:51:22.903 (index):908 UPDATE_9
10:51:22.970 (index):905 UPDATE_0
10:51:23.004 (index):896 THINKING_9
10:51:23.021 (index):964 WAITING_6
10:51:23.071 (index):880 NODEACCESSRELEASED_0
10:51:23.182 (index):941 NODEACCESSREQUESTED_5
10:51:23.333 (index):905 UPDATE_10
10:51:23.360 (index):905 UPDATE_8
10:51:23.434 (index):880 NODEACCESSRELEASED_10
10:51:23.461 (index):880 NODEACCESSRELEASED_8
10:51:23.497 (index):905 UPDATE_11
10:51:23.499 (index):908 UPDATE_3
10:51:23.521 (index):905 UPDATE_2
10:51:23.599 (index):880 NODEACCESSRELEASED_11
10:51:23.600 (index):884 ATTRIBUTEACCESSRELEASED_3
10:51:23.623 (index):880 NODEACCESSRELEASED_2
10:51:24.023 (index):964 WAITING_6
10:51:24.072 (index):935 ATTRIBUTEACCESSREQUESTED_0
10:51:24.183 (index):905 UPDATE_5
10:51:24.285 (index):880 NODEACCESSRELEASED_5
10:51:24.426 (index):908 UPDATE_7
10:51:24.435 (index):935 ATTRIBUTEACCESSREQUESTED_10
10:51:24.463 (index):935 ATTRIBUTEACCESSREQUESTED_8
10:51:24.528 (index):884 ATTRIBUTEACCESSRELEASED_7
10:51:24.600 (index):935 ATTRIBUTEACCESSREQUESTED_11
10:51:24.602 (index):935 ATTRIBUTEACCESSREQUESTED_3
10:51:24.624 (index):941 NODEACCESSREQUESTED_2
10:51:25.024 (index):908 UPDATE_6
10:51:25.073 (index):964 WAITING_0
10:51:25.122 (index):905 UPDATE_12
10:51:25.126 (index):884 ATTRIBUTEACCESSRELEASED_6
10:51:25.223 (index):880 NODEACCESSRELEASED_12
10:51:25.286 (index):941 NODEACCESSREQUESTED_5
10:51:25.437 (index):908 UPDATE_10
10:51:25.464 (index):908 UPDATE_8
10:51:25.480 (index):908 UPDATE_4
10:51:25.529 (index):941 NODEACCESSREQUESTED_7
10:51:25.538 (index):884 ATTRIBUTEACCESSRELEASED_10
10:51:25.565 (index):884 ATTRIBUTEACCESSRELEASED_8
10:51:25.581 (index):896 THINKING_4
10:51:25.602 (index):964 WAITING_11
10:51:25.602 (index):908 UPDATE_3
10:51:25.625 (index):905 UPDATE_2
10:51:25.703 (index):896 THINKING_3
10:51:25.727 (index):975 END_2
10:51:25.885 (index):905 UPDATE_1
10:51:25.987 (index):880 NODEACCESSRELEASED_1
10:51:26.075 (index):964 WAITING_0
10:51:26.127 (index):941 NODEACCESSREQUESTED_6
10:51:26.224 (index):935 ATTRIBUTEACCESSREQUESTED_12
10:51:26.287 (index):905 UPDATE_5
10:51:26.388 (index):880 NODEACCESSRELEASED_5
10:51:26.530 (index):905 UPDATE_7
10:51:26.539 (index):935 ATTRIBUTEACCESSREQUESTED_10
10:51:26.567 (index):941 NODEACCESSREQUESTED_8
10:51:26.602 (index):964 WAITING_11
10:51:26.627 (index):908 UPDATE_9
10:51:26.631 (index):975 END_7
10:51:26.729 (index):884 ATTRIBUTEACCESSRELEASED_9
10:51:26.988 (index):941 NODEACCESSREQUESTED_1
10:51:27.076 (index):908 UPDATE_0
10:51:27.128 (index):905 UPDATE_6
10:51:27.177 (index):884 ATTRIBUTEACCESSRELEASED_0
10:51:27.225 (index):964 WAITING_12
10:51:27.229 (index):880 NODEACCESSRELEASED_6
10:51:27.390 (index):941 NODEACCESSREQUESTED_5
10:51:27.541 (index):964 WAITING_10
10:51:27.568 (index):905 UPDATE_8
10:51:27.604 (index):908 UPDATE_11
10:51:27.669 (index):975 END_8
10:51:27.704 (index):896 THINKING_11
10:51:27.729 (index):935 ATTRIBUTEACCESSREQUESTED_9
10:51:27.989 (index):905 UPDATE_1
10:51:28.041 (index):908 UPDATE_3
10:51:28.090 (index):896 THINKING_1
10:51:28.143 (index):884 ATTRIBUTEACCESSRELEASED_3
10:51:28.179 (index):941 NODEACCESSREQUESTED_0
10:51:28.226 (index):964 WAITING_12
10:51:28.231 (index):941 NODEACCESSREQUESTED_6
10:51:28.347 (index):908 UPDATE_4
10:51:28.391 (index):905 UPDATE_5
10:51:28.449 (index):884 ATTRIBUTEACCESSRELEASED_4
10:51:28.492 (index):975 END_5
10:51:28.542 (index):964 WAITING_10
10:51:28.731 (index):908 UPDATE_9
10:51:28.832 (index):884 ATTRIBUTEACCESSRELEASED_9
10:51:29.144 (index):941 NODEACCESSREQUESTED_3
10:51:29.180 (index):905 UPDATE_0
10:51:29.227 (index):964 WAITING_12
10:51:29.232 (index):905 UPDATE_6
10:51:29.281 (index):880 NODEACCESSRELEASED_0
10:51:29.333 (index):975 END_6
10:51:29.450 (index):941 NODEACCESSREQUESTED_4
10:51:29.543 (index):964 WAITING_10
10:51:29.833 (index):941 NODEACCESSREQUESTED_9
10:51:30.145 (index):905 UPDATE_3
10:51:30.228 (index):964 WAITING_12
10:51:30.247 (index):975 END_3
10:51:30.268 (index):905 UPDATE_1
10:51:30.282 (index):941 NODEACCESSREQUESTED_0
10:51:30.370 (index):880 NODEACCESSRELEASED_1
10:51:30.451 (index):905 UPDATE_4
10:51:30.544 (index):964 WAITING_10
10:51:30.552 (index):880 NODEACCESSRELEASED_4
10:51:30.835 (index):905 UPDATE_9
10:51:30.869 (index):908 UPDATE_11
10:51:30.936 (index):880 NODEACCESSRELEASED_9
10:51:30.970 (index):975 END_11
10:51:31.229 (index):908 UPDATE_12
10:51:31.284 (index):905 UPDATE_0
10:51:31.331 (index):884 ATTRIBUTEACCESSRELEASED_12
10:51:31.371 (index):941 NODEACCESSREQUESTED_1
10:51:31.385 (index):975 END_0
10:51:31.545 (index):908 UPDATE_10
10:51:31.554 (index):941 NODEACCESSREQUESTED_4
10:51:31.646 (index):884 ATTRIBUTEACCESSRELEASED_10
10:51:31.937 (index):941 NODEACCESSREQUESTED_9
10:51:32.332 (index):935 ATTRIBUTEACCESSREQUESTED_12
10:51:32.372 (index):905 UPDATE_1
10:51:32.473 (index):975 END_1
10:51:32.554 (index):905 UPDATE_4
10:51:32.648 (index):941 NODEACCESSREQUESTED_10
10:51:32.656 (index):896 THINKING_4
10:51:32.938 (index):905 UPDATE_9
10:51:33.039 (index):975 END_9
10:51:33.333 (index):908 UPDATE_12
10:51:33.435 (index):975 END_12
10:51:33.649 (index):905 UPDATE_10
10:51:33.750 (index):975 END_10
10:51:37.046 (index):905 UPDATE_4
10:51:37.147 (index):975 END_4
