10:44:44.229 (index):1105 Tasks: 25; Collaborators: 7    =========================>
10:44:44.230 (index):935 ATTRIBUTEACCESSREQUESTED_0
10:44:44.231 (index):941 NODEACCESSREQUESTED_1
10:44:44.232 (index):941 NODEACCESSREQUESTED_2
10:44:44.234 (index):935 ATTRIBUTEACCESSREQUESTED_3
10:44:44.235 (index):935 ATTRIBUTEACCESSREQUESTED_4
10:44:44.236 (index):941 NODEACCESSREQUESTED_5
10:44:44.237 (index):941 NODEACCESSREQUESTED_6
10:44:46.226 (index):896 THINKING_0
10:44:46.227 (index):896 THINKING_1
10:44:46.227 (index):880 NODEACCESSRELEASED_2
10:44:46.229 (index):884 ATTRIBUTEACCESSRELEASED_3
10:44:46.230 (index):884 ATTRIBUTEACCESSRELEASED_4
10:44:46.231 (index):880 NODEACCESSRELEASED_5
10:44:46.231 (index):896 THINKING_6
10:44:48.226 (index):941 NODEACCESSREQUESTED_2
10:44:48.227 (index):935 ATTRIBUTEACCESSREQUESTED_3
10:44:48.227 (index):935 ATTRIBUTEACCESSREQUESTED_4
10:44:48.228 (index):941 NODEACCESSREQUESTED_5
10:44:49.226 (index):905 UPDATE_6
10:44:49.228 (index):905 UPDATE_1
10:44:50.226 (index):905 UPDATE_2
10:44:50.228 (index):908 UPDATE_3
10:44:50.229 (index):908 UPDATE_4
10:44:50.230 (index):905 UPDATE_5
10:44:50.231 (index):880 NODEACCESSRELEASED_6
10:44:50.232 (index):880 NODEACCESSRELEASED_1
10:44:51.159 (index):880 NODEACCESSRELEASED_2
10:44:51.160 (index):884 ATTRIBUTEACCESSRELEASED_3
10:44:51.161 (index):884 ATTRIBUTEACCESSRELEASED_4
10:44:51.162 (index):896 THINKING_5
10:44:51.163 (index):908 UPDATE_0
10:44:51.232 (index):935 ATTRIBUTEACCESSREQUESTED_6
10:44:51.232 (index):941 NODEACCESSREQUESTED_1
10:44:51.264 (index):884 ATTRIBUTEACCESSRELEASED_0
10:44:52.160 (index):941 NODEACCESSREQUESTED_2
10:44:52.162 (index):941 NODEACCESSREQUESTED_3
10:44:52.163 (index):941 NODEACCESSREQUESTED_4
10:44:52.233 (index):908 UPDATE_6
10:44:52.233 (index):905 UPDATE_1
10:44:52.265 (index):935 ATTRIBUTEACCESSREQUESTED_0
10:44:52.333 (index):884 ATTRIBUTEACCESSRELEASED_6
10:44:52.334 (index):896 THINKING_1
10:44:53.162 (index):905 UPDATE_2
10:44:53.163 (index):905 UPDATE_3
10:44:53.164 (index):905 UPDATE_4
10:44:53.263 (index):880 NODEACCESSRELEASED_2
10:44:53.264 (index):896 THINKING_3
10:44:53.265 (index):880 NODEACCESSRELEASED_4
10:44:53.266 (index):908 UPDATE_0
10:44:53.334 (index):941 NODEACCESSREQUESTED_6
10:44:53.367 (index):884 ATTRIBUTEACCESSRELEASED_0
10:44:53.577 (index):905 UPDATE_5
10:44:53.678 (index):880 NODEACCESSRELEASED_5
10:44:54.264 (index):935 ATTRIBUTEACCESSREQUESTED_2
10:44:54.266 (index):935 ATTRIBUTEACCESSREQUESTED_4
10:44:54.335 (index):905 UPDATE_6
10:44:54.368 (index):941 NODEACCESSREQUESTED_0
10:44:54.436 (index):880 NODEACCESSRELEASED_6
10:44:54.685 (index):941 NODEACCESSREQUESTED_5
10:44:55.265 (index):908 UPDATE_2
10:44:55.267 (index):908 UPDATE_4
10:44:55.366 (index):896 THINKING_2
10:44:55.368 (index):884 ATTRIBUTEACCESSRELEASED_4
10:44:55.369 (index):905 UPDATE_0
10:44:55.437 (index):941 NODEACCESSREQUESTED_6
10:44:55.471 (index):896 THINKING_0
10:44:55.687 (index):905 UPDATE_5
10:44:55.788 (index):896 THINKING_5
10:44:55.883 (index):905 UPDATE_1
10:44:55.984 (index):896 THINKING_1
10:44:56.369 (index):941 NODEACCESSREQUESTED_4
10:44:56.439 (index):905 UPDATE_6
10:44:56.540 (index):880 NODEACCESSRELEASED_6
10:44:57.371 (index):905 UPDATE_4
10:44:57.381 (index):905 UPDATE_3
10:44:57.472 (index):880 NODEACCESSRELEASED_4
10:44:57.482 (index):880 NODEACCESSRELEASED_3
10:44:57.542 (index):941 NODEACCESSREQUESTED_6
10:44:58.041 (index):905 UPDATE_0
10:44:58.085 (index):908 UPDATE_2
10:44:58.142 (index):896 THINKING_0
10:44:58.187 (index):884 ATTRIBUTEACCESSRELEASED_2
10:44:58.474 (index):935 ATTRIBUTEACCESSREQUESTED_4
10:44:58.483 (index):935 ATTRIBUTEACCESSREQUESTED_3
10:44:58.543 (index):905 UPDATE_6
10:44:58.644 (index):880 NODEACCESSRELEASED_6
10:44:58.929 (index):905 UPDATE_5
10:44:59.030 (index):880 NODEACCESSRELEASED_5
10:44:59.188 (index):935 ATTRIBUTEACCESSREQUESTED_2
10:44:59.475 (index):908 UPDATE_4
10:44:59.483 (index):908 UPDATE_3
10:44:59.576 (index):896 THINKING_4
10:44:59.585 (index):884 ATTRIBUTEACCESSRELEASED_3
10:44:59.645 (index):935 ATTRIBUTEACCESSREQUESTED_6
10:45:00.031 (index):935 ATTRIBUTEACCESSREQUESTED_5
10:45:00.189 (index):964 WAITING_2
10:45:00.377 (index):905 UPDATE_1
10:45:00.478 (index):880 NODEACCESSRELEASED_1
10:45:00.586 (index):941 NODEACCESSREQUESTED_3
10:45:00.646 (index):964 WAITING_6
10:45:01.033 (index):908 UPDATE_5
10:45:01.134 (index):896 THINKING_5
10:45:01.191 (index):964 WAITING_2
10:45:01.479 (index):941 NODEACCESSREQUESTED_1
10:45:01.587 (index):905 UPDATE_3
10:45:01.647 (index):964 WAITING_6
10:45:01.688 (index):880 NODEACCESSRELEASED_3
10:45:02.015 (index):908 UPDATE_4
10:45:02.116 (index):884 ATTRIBUTEACCESSRELEASED_4
10:45:02.192 (index):908 UPDATE_2
10:45:02.293 (index):884 ATTRIBUTEACCESSRELEASED_2
10:45:02.480 (index):905 UPDATE_1
10:45:02.581 (index):896 THINKING_1
10:45:02.649 (index):908 UPDATE_6
10:45:02.690 (index):941 NODEACCESSREQUESTED_3
10:45:02.750 (index):896 THINKING_6
10:45:03.085 (index):905 UPDATE_0
10:45:03.117 (index):935 ATTRIBUTEACCESSREQUESTED_4
10:45:03.186 (index):880 NODEACCESSRELEASED_0
10:45:03.295 (index):941 NODEACCESSREQUESTED_2
10:45:03.691 (index):905 UPDATE_3
10:45:03.792 (index):880 NODEACCESSRELEASED_3
10:45:04.119 (index):908 UPDATE_4
10:45:04.187 (index):941 NODEACCESSREQUESTED_0
10:45:04.220 (index):896 THINKING_4
10:45:04.296 (index):905 UPDATE_2
10:45:04.397 (index):896 THINKING_2
10:45:04.793 (index):941 NODEACCESSREQUESTED_3
10:45:04.893 (index):905 UPDATE_1
10:45:04.994 (index):880 NODEACCESSRELEASED_1
10:45:05.022 (index):908 UPDATE_6
10:45:05.123 (index):896 THINKING_6
10:45:05.188 (index):905 UPDATE_0
10:45:05.289 (index):896 THINKING_0
10:45:05.716 (index):908 UPDATE_5
10:45:05.794 (index):905 UPDATE_3
10:45:05.817 (index):896 THINKING_5
10:45:05.896 (index):880 NODEACCESSRELEASED_3
10:45:05.995 (index):941 NODEACCESSREQUESTED_1
10:45:06.896 (index):941 NODEACCESSREQUESTED_3
10:45:06.949 (index):905 UPDATE_2
10:45:06.996 (index):905 UPDATE_1
10:45:07.050 (index):896 THINKING_2
10:45:07.226 (index):896 THINKING_1
10:45:08.226 (index):905 UPDATE_0
10:45:08.227 (index):908 UPDATE_5
10:45:08.228 (index):905 UPDATE_3
10:45:08.229 (index):908 UPDATE_6
10:45:09.227 (index):880 NODEACCESSRELEASED_0
10:45:09.228 (index):884 ATTRIBUTEACCESSRELEASED_5
10:45:09.230 (index):896 THINKING_3
10:45:09.231 (index):884 ATTRIBUTEACCESSRELEASED_6
10:45:09.233 (index):908 UPDATE_4
10:45:10.226 (index):905 UPDATE_2
10:45:10.228 (index):896 THINKING_4
10:45:10.229 (index):905 UPDATE_1
10:45:11.226 (index):941 NODEACCESSREQUESTED_0
10:45:11.228 (index):941 NODEACCESSREQUESTED_5
10:45:11.229 (index):941 NODEACCESSREQUESTED_6
10:45:11.231 (index):896 THINKING_2
10:45:11.233 (index):896 THINKING_1
10:45:12.226 (index):905 UPDATE_3
10:45:13.226 (index):905 UPDATE_0
10:45:13.228 (index):905 UPDATE_5
10:45:13.230 (index):905 UPDATE_6
10:45:13.232 (index):880 NODEACCESSRELEASED_3
10:45:14.226 (index):880 NODEACCESSRELEASED_0
10:45:14.228 (index):896 THINKING_5
10:45:14.229 (index):880 NODEACCESSRELEASED_6
10:45:14.231 (index):908 UPDATE_4
10:45:15.226 (index):935 ATTRIBUTEACCESSREQUESTED_3
10:45:15.228 (index):896 THINKING_4
10:45:16.226 (index):941 NODEACCESSREQUESTED_0
10:45:16.228 (index):941 NODEACCESSREQUESTED_6
10:45:16.229 (index):905 UPDATE_1
10:45:16.231 (index):905 UPDATE_2
10:45:17.226 (index):908 UPDATE_3
10:45:17.228 (index):896 THINKING_1
10:45:17.229 (index):880 NODEACCESSRELEASED_2
10:45:18.226 (index):905 UPDATE_0
10:45:18.227 (index):905 UPDATE_6
10:45:18.228 (index):884 ATTRIBUTEACCESSRELEASED_3
10:45:18.229 (index):908 UPDATE_4
10:45:19.226 (index):941 NODEACCESSREQUESTED_2
10:45:19.228 (index):896 THINKING_0
10:45:19.230 (index):880 NODEACCESSRELEASED_6
10:45:19.232 (index):884 ATTRIBUTEACCESSRELEASED_4
10:45:19.233 (index):905 UPDATE_5
10:45:20.227 (index):935 ATTRIBUTEACCESSREQUESTED_3
10:45:20.229 (index):880 NODEACCESSRELEASED_5
10:45:21.227 (index):905 UPDATE_2
10:45:21.229 (index):935 ATTRIBUTEACCESSREQUESTED_6
10:45:21.229 (index):941 NODEACCESSREQUESTED_4
10:45:22.226 (index):908 UPDATE_3
10:45:22.227 (index):941 NODEACCESSREQUESTED_5
10:45:22.228 (index):880 NODEACCESSRELEASED_2
10:45:22.230 (index):905 UPDATE_1
10:45:23.226 (index):908 UPDATE_6
10:45:23.228 (index):905 UPDATE_4
10:45:23.229 (index):896 THINKING_3
10:45:23.231 (index):880 NODEACCESSRELEASED_1
10:45:23.232 (index):905 UPDATE_0
10:45:24.226 (index):905 UPDATE_5
10:45:24.227 (index):941 NODEACCESSREQUESTED_2
10:45:24.228 (index):884 ATTRIBUTEACCESSRELEASED_6
10:45:24.228 (index):880 NODEACCESSRELEASED_4
10:45:24.229 (index):880 NODEACCESSRELEASED_0
10:45:25.226 (index):941 NODEACCESSREQUESTED_1
10:45:25.227 (index):880 NODEACCESSRELEASED_5
10:45:26.226 (index):905 UPDATE_2
10:45:26.228 (index):941 NODEACCESSREQUESTED_6
10:45:26.229 (index):941 NODEACCESSREQUESTED_4
10:45:26.230 (index):935 ATTRIBUTEACCESSREQUESTED_0
10:45:26.232 (index):908 UPDATE_3
10:45:27.226 (index):905 UPDATE_1
10:45:27.228 (index):941 NODEACCESSREQUESTED_5
10:45:27.229 (index):880 NODEACCESSRELEASED_2
10:45:27.231 (index):884 ATTRIBUTEACCESSRELEASED_3
10:45:28.227 (index):905 UPDATE_6
10:45:28.228 (index):905 UPDATE_4
10:45:28.230 (index):908 UPDATE_0
10:45:28.231 (index):896 THINKING_1
10:45:29.226 (index):905 UPDATE_5
10:45:29.228 (index):941 NODEACCESSREQUESTED_2
10:45:29.229 (index):941 NODEACCESSREQUESTED_3
10:45:29.231 (index):880 NODEACCESSRELEASED_6
10:45:29.233 (index):896 THINKING_4
10:45:29.234 (index):884 ATTRIBUTEACCESSRELEASED_0
10:45:30.226 (index):880 NODEACCESSRELEASED_5
10:45:31.226 (index):905 UPDATE_2
10:45:31.228 (index):905 UPDATE_3
10:45:31.230 (index):941 NODEACCESSREQUESTED_6
10:45:31.231 (index):941 NODEACCESSREQUESTED_0
10:45:31.233 (index):905 UPDATE_1
10:45:32.226 (index):941 NODEACCESSREQUESTED_5
10:45:32.227 (index):880 NODEACCESSRELEASED_2
10:45:32.228 (index):975 END_3
10:45:32.229 (index):880 NODEACCESSRELEASED_1
10:45:33.226 (index):905 UPDATE_6
10:45:33.227 (index):905 UPDATE_0
10:45:34.226 (index):905 UPDATE_5
10:45:34.227 (index):941 NODEACCESSREQUESTED_2
10:45:34.229 (index):941 NODEACCESSREQUESTED_1
10:45:34.230 (index):975 END_6
10:45:34.232 (index):880 NODEACCESSRELEASED_0
10:45:34.233 (index):905 UPDATE_4
10:45:35.227 (index):880 NODEACCESSRELEASED_5
10:45:35.227 (index):975 END_4
10:45:36.227 (index):905 UPDATE_2
10:45:36.229 (index):905 UPDATE_1
10:45:36.230 (index):941 NODEACCESSREQUESTED_0
10:45:37.226 (index):941 NODEACCESSREQUESTED_5
10:45:37.227 (index):975 END_2
10:45:37.228 (index):975 END_1
10:45:38.226 (index):905 UPDATE_0
10:45:39.227 (index):905 UPDATE_5
10:45:39.229 (index):975 END_0
10:45:40.226 (index):975 END_5
