10:50:01.003 (index):1210 Tasks: 25; Collaborators: 12    =========================>
10:50:01.004 (index):935 ATTRIBUTEACCESSREQUESTED_0
10:50:01.005 (index):941 NODEACCESSREQUESTED_1
10:50:01.006 (index):941 NODEACCESSREQUESTED_2
10:50:01.007 (index):935 ATTRIBUTEACCESSREQUESTED_3
10:50:01.008 (index):935 ATTRIBUTEACCESSREQUESTED_4
10:50:01.009 (index):941 NODEACCESSREQUESTED_5
10:50:01.010 (index):941 NODEACCESSREQUESTED_6
10:50:01.011 (index):935 ATTRIBUTEACCESSREQUESTED_7
10:50:01.012 (index):941 NODEACCESSREQUESTED_8
10:50:01.013 (index):941 NODEACCESSREQUESTED_9
10:50:01.014 (index):941 NODEACCESSREQUESTED_10
10:50:01.014 (index):941 NODEACCESSREQUESTED_11
10:50:02.005 (index):896 THINKING_0
10:50:02.006 (index):896 THINKING_1
10:50:02.008 (index):880 NODEACCESSRELEASED_2
10:50:02.009 (index):884 ATTRIBUTEACCESSRELEASED_3
10:50:02.010 (index):884 ATTRIBUTEACCESSRELEASED_4
10:50:02.011 (index):880 NODEACCESSRELEASED_5
10:50:02.011 (index):896 THINKING_6
10:50:02.012 (index):884 ATTRIBUTEACCESSRELEASED_7
10:50:02.013 (index):896 THINKING_8
10:50:02.014 (index):880 NODEACCESSRELEASED_9
10:50:02.014 (index):880 NODEACCESSRELEASED_10
10:50:02.015 (index):896 THINKING_11
10:50:03.009 (index):941 NODEACCESSREQUESTED_2
10:50:03.011 (index):935 ATTRIBUTEACCESSREQUESTED_3
10:50:03.012 (index):935 ATTRIBUTEACCESSREQUESTED_4
10:50:03.013 (index):941 NODEACCESSREQUESTED_5
10:50:03.014 (index):935 ATTRIBUTEACCESSREQUESTED_7
10:50:03.015 (index):941 NODEACCESSREQUESTED_9
10:50:03.016 (index):941 NODEACCESSREQUESTED_10
10:50:04.011 (index):905 UPDATE_2
10:50:04.012 (index):908 UPDATE_3
10:50:04.013 (index):908 UPDATE_4
10:50:04.014 (index):905 UPDATE_5
10:50:04.015 (index):964 WAITING_7
10:50:04.016 (index):905 UPDATE_9
10:50:04.017 (index):905 UPDATE_10
10:50:04.039 (index):905 UPDATE_8
10:50:04.112 (index):880 NODEACCESSRELEASED_2
10:50:04.113 (index):884 ATTRIBUTEACCESSRELEASED_3
10:50:04.114 (index):884 ATTRIBUTEACCESSRELEASED_4
10:50:04.115 (index):896 THINKING_5
10:50:04.117 (index):896 THINKING_9
10:50:04.118 (index):896 THINKING_10
10:50:04.140 (index):896 THINKING_8
10:50:04.477 (index):905 UPDATE_11
10:50:04.578 (index):896 THINKING_11
10:50:04.729 (index):905 UPDATE_6
10:50:04.831 (index):880 NODEACCESSRELEASED_6
10:50:04.953 (index):905 UPDATE_1
10:50:05.016 (index):964 WAITING_7
10:50:05.054 (index):880 NODEACCESSRELEASED_1
10:50:05.113 (index):941 NODEACCESSREQUESTED_2
10:50:05.115 (index):941 NODEACCESSREQUESTED_3
10:50:05.116 (index):941 NODEACCESSREQUESTED_4
10:50:05.831 (index):935 ATTRIBUTEACCESSREQUESTED_6
10:50:06.017 (index):964 WAITING_7
10:50:06.056 (index):941 NODEACCESSREQUESTED_1
10:50:06.115 (index):905 UPDATE_2
10:50:06.116 (index):905 UPDATE_3
10:50:06.117 (index):905 UPDATE_4
10:50:06.170 (index):905 UPDATE_10
10:50:06.216 (index):880 NODEACCESSRELEASED_2
10:50:06.217 (index):896 THINKING_3
10:50:06.218 (index):880 NODEACCESSRELEASED_4
10:50:06.271 (index):880 NODEACCESSRELEASED_10
10:50:06.355 (index):908 UPDATE_0
10:50:06.456 (index):884 ATTRIBUTEACCESSRELEASED_0
10:50:06.530 (index):905 UPDATE_5
10:50:06.631 (index):880 NODEACCESSRELEASED_5
10:50:06.833 (index):908 UPDATE_6
10:50:06.934 (index):884 ATTRIBUTEACCESSRELEASED_6
10:50:07.019 (index):908 UPDATE_7
10:50:07.057 (index):905 UPDATE_1
10:50:07.120 (index):884 ATTRIBUTEACCESSRELEASED_7
10:50:07.158 (index):896 THINKING_1
10:50:07.217 (index):935 ATTRIBUTEACCESSREQUESTED_2
10:50:07.219 (index):935 ATTRIBUTEACCESSREQUESTED_4
10:50:07.273 (index):941 NODEACCESSREQUESTED_10
10:50:07.457 (index):935 ATTRIBUTEACCESSREQUESTED_0
10:50:07.632 (index):941 NODEACCESSREQUESTED_5
10:50:07.875 (index):905 UPDATE_11
10:50:07.935 (index):941 NODEACCESSREQUESTED_6
10:50:07.977 (index):880 NODEACCESSRELEASED_11
10:50:08.121 (index):941 NODEACCESSREQUESTED_7
10:50:08.218 (index):908 UPDATE_2
10:50:08.220 (index):908 UPDATE_4
10:50:08.274 (index):905 UPDATE_10
10:50:08.320 (index):896 THINKING_2
10:50:08.321 (index):884 ATTRIBUTEACCESSRELEASED_4
10:50:08.376 (index):896 THINKING_10
10:50:08.458 (index):908 UPDATE_0
10:50:08.560 (index):884 ATTRIBUTEACCESSRELEASED_0
10:50:08.582 (index):905 UPDATE_8
10:50:08.629 (index):905 UPDATE_9
10:50:08.634 (index):905 UPDATE_5
10:50:08.683 (index):880 NODEACCESSRELEASED_8
10:50:08.730 (index):896 THINKING_9
10:50:08.735 (index):896 THINKING_5
10:50:08.937 (index):905 UPDATE_6
10:50:08.978 (index):941 NODEACCESSREQUESTED_11
10:50:09.038 (index):880 NODEACCESSRELEASED_6
10:50:09.123 (index):905 UPDATE_7
10:50:09.223 (index):880 NODEACCESSRELEASED_7
10:50:09.322 (index):941 NODEACCESSREQUESTED_4
10:50:09.561 (index):941 NODEACCESSREQUESTED_0
10:50:09.684 (index):935 ATTRIBUTEACCESSREQUESTED_8
10:50:09.979 (index):905 UPDATE_11
10:50:10.039 (index):941 NODEACCESSREQUESTED_6
10:50:10.080 (index):880 NODEACCESSRELEASED_11
10:50:10.224 (index):941 NODEACCESSREQUESTED_7
10:50:10.323 (index):905 UPDATE_4
10:50:10.334 (index):905 UPDATE_3
10:50:10.424 (index):880 NODEACCESSRELEASED_4
10:50:10.435 (index):880 NODEACCESSRELEASED_3
10:50:10.563 (index):905 UPDATE_0
10:50:10.664 (index):896 THINKING_0
10:50:10.686 (index):964 WAITING_8
10:50:10.707 (index):905 UPDATE_1
10:50:10.809 (index):896 THINKING_1
10:50:11.039 (index):908 UPDATE_2
10:50:11.040 (index):905 UPDATE_6
10:50:11.081 (index):941 NODEACCESSREQUESTED_11
10:50:11.136 (index):905 UPDATE_9
10:50:11.140 (index):884 ATTRIBUTEACCESSRELEASED_2
10:50:11.142 (index):880 NODEACCESSRELEASED_6
10:50:11.225 (index):905 UPDATE_7
10:50:11.237 (index):880 NODEACCESSRELEASED_9
10:50:11.326 (index):896 THINKING_7
10:50:11.353 (index):905 UPDATE_10
10:50:11.425 (index):935 ATTRIBUTEACCESSREQUESTED_4
10:50:11.436 (index):935 ATTRIBUTEACCESSREQUESTED_3
10:50:11.454 (index):880 NODEACCESSRELEASED_10
10:50:11.687 (index):908 UPDATE_8
10:50:11.788 (index):896 THINKING_8
10:50:11.875 (index):905 UPDATE_5
10:50:11.976 (index):880 NODEACCESSRELEASED_5
10:50:12.082 (index):905 UPDATE_11
10:50:12.142 (index):935 ATTRIBUTEACCESSREQUESTED_2
10:50:12.143 (index):941 NODEACCESSREQUESTED_6
10:50:12.184 (index):880 NODEACCESSRELEASED_11
10:50:12.238 (index):935 ATTRIBUTEACCESSREQUESTED_9
10:50:12.426 (index):964 WAITING_4
10:50:12.437 (index):908 UPDATE_3
10:50:12.456 (index):941 NODEACCESSREQUESTED_10
10:50:12.539 (index):884 ATTRIBUTEACCESSRELEASED_3
10:50:12.978 (index):935 ATTRIBUTEACCESSREQUESTED_5
10:50:13.143 (index):908 UPDATE_2
10:50:13.144 (index):905 UPDATE_6
10:50:13.185 (index):941 NODEACCESSREQUESTED_11
10:50:13.234 (index):905 UPDATE_0
10:50:13.240 (index):964 WAITING_9
10:50:13.244 (index):884 ATTRIBUTEACCESSRELEASED_2
10:50:13.246 (index):880 NODEACCESSRELEASED_6
10:50:13.336 (index):896 THINKING_0
10:50:13.428 (index):964 WAITING_4
10:50:13.457 (index):905 UPDATE_10
10:50:13.499 (index):905 UPDATE_7
10:50:13.540 (index):941 NODEACCESSREQUESTED_3
10:50:13.558 (index):896 THINKING_10
10:50:13.600 (index):880 NODEACCESSRELEASED_7
10:50:13.979 (index):908 UPDATE_5
10:50:14.080 (index):896 THINKING_5
10:50:14.186 (index):905 UPDATE_11
10:50:14.242 (index):964 WAITING_9
10:50:14.245 (index):941 NODEACCESSREQUESTED_2
10:50:14.246 (index):935 ATTRIBUTEACCESSREQUESTED_6
10:50:14.288 (index):896 THINKING_11
10:50:14.429 (index):964 WAITING_4
10:50:14.541 (index):905 UPDATE_3
10:50:14.602 (index):935 ATTRIBUTEACCESSREQUESTED_7
10:50:14.642 (index):880 NODEACCESSRELEASED_3
10:50:15.202 (index):905 UPDATE_1
10:50:15.243 (index):964 WAITING_9
10:50:15.247 (index):905 UPDATE_2
10:50:15.248 (index):908 UPDATE_6
10:50:15.303 (index):880 NODEACCESSRELEASED_1
10:50:15.348 (index):896 THINKING_2
10:50:15.349 (index):896 THINKING_6
10:50:15.430 (index):964 WAITING_4
10:50:15.603 (index):908 UPDATE_7
10:50:15.643 (index):941 NODEACCESSREQUESTED_3
10:50:15.704 (index):896 THINKING_7
10:50:16.244 (index):964 WAITING_9
10:50:16.304 (index):941 NODEACCESSREQUESTED_1
10:50:16.311 (index):908 UPDATE_8
10:50:16.412 (index):884 ATTRIBUTEACCESSRELEASED_8
10:50:16.432 (index):908 UPDATE_4
10:50:16.533 (index):896 THINKING_4
10:50:16.645 (index):905 UPDATE_3
10:50:16.746 (index):880 NODEACCESSRELEASED_3
10:50:17.246 (index):964 WAITING_9
10:50:17.306 (index):905 UPDATE_1
10:50:17.407 (index):896 THINKING_1
10:50:17.413 (index):935 ATTRIBUTEACCESSREQUESTED_8
10:50:17.620 (index):908 UPDATE_6
10:50:17.721 (index):896 THINKING_6
10:50:17.747 (index):941 NODEACCESSREQUESTED_3
10:50:17.899 (index):905 UPDATE_2
10:50:18.000 (index):896 THINKING_2
10:50:18.222 (index):905 UPDATE_10
10:50:18.247 (index):964 WAITING_9
10:50:18.278 (index):905 UPDATE_0
10:50:18.324 (index):880 NODEACCESSRELEASED_10
10:50:18.380 (index):880 NODEACCESSRELEASED_0
10:50:18.414 (index):964 WAITING_8
10:50:18.566 (index):905 UPDATE_11
10:50:18.663 (index):908 UPDATE_5
10:50:18.667 (index):880 NODEACCESSRELEASED_11
10:50:18.749 (index):905 UPDATE_3
10:50:18.764 (index):896 THINKING_5
10:50:18.850 (index):880 NODEACCESSRELEASED_3
10:50:18.971 (index):908 UPDATE_4
10:50:19.073 (index):884 ATTRIBUTEACCESSRELEASED_4
10:50:19.248 (index):908 UPDATE_9
10:50:19.325 (index):941 NODEACCESSREQUESTED_10
10:50:19.350 (index):884 ATTRIBUTEACCESSRELEASED_9
10:50:19.381 (index):941 NODEACCESSREQUESTED_0
10:50:19.416 (index):908 UPDATE_8
10:50:19.517 (index):884 ATTRIBUTEACCESSRELEASED_8
10:50:19.668 (index):935 ATTRIBUTEACCESSREQUESTED_11
10:50:19.718 (index):905 UPDATE_1
10:50:19.820 (index):880 NODEACCESSRELEASED_1
10:50:19.851 (index):941 NODEACCESSREQUESTED_3
10:50:20.074 (index):935 ATTRIBUTEACCESSREQUESTED_4
10:50:20.228 (index):905 UPDATE_2
10:50:20.326 (index):905 UPDATE_10
10:50:20.329 (index):896 THINKING_2
10:50:20.342 (index):908 UPDATE_7
10:50:20.351 (index):935 ATTRIBUTEACCESSREQUESTED_9
10:50:20.383 (index):905 UPDATE_0
10:50:20.428 (index):896 THINKING_10
10:50:20.443 (index):884 ATTRIBUTEACCESSRELEASED_7
10:50:20.484 (index):896 THINKING_0
10:50:20.517 (index):941 NODEACCESSREQUESTED_8
10:50:20.670 (index):908 UPDATE_11
10:50:20.676 (index):908 UPDATE_6
10:50:20.770 (index):884 ATTRIBUTEACCESSRELEASED_11
10:50:20.776 (index):884 ATTRIBUTEACCESSRELEASED_6
10:50:20.806 (index):908 UPDATE_5
10:50:20.821 (index):941 NODEACCESSREQUESTED_1
10:50:20.852 (index):905 UPDATE_3
10:50:20.907 (index):884 ATTRIBUTEACCESSRELEASED_5
10:50:20.954 (index):896 THINKING_3
10:50:21.075 (index):908 UPDATE_4
10:50:21.177 (index):896 THINKING_4
10:50:21.353 (index):964 WAITING_9
10:50:21.445 (index):941 NODEACCESSREQUESTED_7
10:50:21.519 (index):905 UPDATE_8
10:50:21.620 (index):896 THINKING_8
10:50:21.772 (index):935 ATTRIBUTEACCESSREQUESTED_11
10:50:21.778 (index):941 NODEACCESSREQUESTED_6
10:50:21.822 (index):905 UPDATE_1
10:50:21.909 (index):941 NODEACCESSREQUESTED_5
10:50:21.923 (index):896 THINKING_1
10:50:22.354 (index):964 WAITING_9
10:50:22.446 (index):905 UPDATE_7
10:50:22.547 (index):880 NODEACCESSRELEASED_7
10:50:22.640 (index):905 UPDATE_0
10:50:22.742 (index):880 NODEACCESSRELEASED_0
10:50:22.773 (index):964 WAITING_11
10:50:22.779 (index):905 UPDATE_6
10:50:22.880 (index):880 NODEACCESSRELEASED_6
10:50:22.910 (index):905 UPDATE_5
10:50:23.011 (index):896 THINKING_5
10:50:23.355 (index):964 WAITING_9
10:50:23.361 (index):905 UPDATE_3
10:50:23.462 (index):880 NODEACCESSRELEASED_3
10:50:23.549 (index):941 NODEACCESSREQUESTED_7
10:50:23.743 (index):941 NODEACCESSREQUESTED_0
10:50:23.774 (index):964 WAITING_11
10:50:23.881 (index):941 NODEACCESSREQUESTED_6
10:50:24.213 (index):905 UPDATE_10
10:50:24.315 (index):880 NODEACCESSRELEASED_10
10:50:24.356 (index):964 WAITING_9
10:50:24.464 (index):935 ATTRIBUTEACCESSREQUESTED_3
10:50:24.550 (index):905 UPDATE_7
10:50:24.651 (index):880 NODEACCESSRELEASED_7
10:50:24.744 (index):905 UPDATE_0
10:50:24.776 (index):964 WAITING_11
10:50:24.845 (index):880 NODEACCESSRELEASED_0
10:50:24.853 (index):905 UPDATE_1
10:50:24.883 (index):905 UPDATE_6
10:50:24.917 (index):905 UPDATE_8
10:50:24.954 (index):896 THINKING_1
10:50:24.984 (index):880 NODEACCESSRELEASED_6
10:50:25.018 (index):880 NODEACCESSRELEASED_8
10:50:25.185 (index):905 UPDATE_2
10:50:25.286 (index):880 NODEACCESSRELEASED_2
10:50:25.316 (index):941 NODEACCESSREQUESTED_10
10:50:25.358 (index):964 WAITING_9
10:50:25.386 (index):908 UPDATE_4
10:50:25.465 (index):908 UPDATE_3
10:50:25.487 (index):896 THINKING_4
10:50:25.566 (index):884 ATTRIBUTEACCESSRELEASED_3
10:50:25.653 (index):935 ATTRIBUTEACCESSREQUESTED_7
10:50:25.777 (index):964 WAITING_11
10:50:25.846 (index):941 NODEACCESSREQUESTED_0
10:50:25.985 (index):935 ATTRIBUTEACCESSREQUESTED_6
10:50:26.020 (index):941 NODEACCESSREQUESTED_8
10:50:26.287 (index):941 NODEACCESSREQUESTED_2
10:50:26.317 (index):905 UPDATE_10
10:50:26.359 (index):964 WAITING_9
10:50:26.419 (index):896 THINKING_10
10:50:26.568 (index):935 ATTRIBUTEACCESSREQUESTED_3
10:50:26.654 (index):964 WAITING_7
10:50:26.778 (index):964 WAITING_11
10:50:26.848 (index):905 UPDATE_0
10:50:26.949 (index):896 THINKING_0
10:50:26.986 (index):964 WAITING_6
10:50:27.021 (index):905 UPDATE_8
10:50:27.122 (index):880 NODEACCESSRELEASED_8
10:50:27.289 (index):905 UPDATE_2
10:50:27.360 (index):964 WAITING_9
10:50:27.390 (index):880 NODEACCESSRELEASED_2
10:50:27.569 (index):964 WAITING_3
10:50:27.655 (index):964 WAITING_7
10:50:27.779 (index):964 WAITING_11
10:50:27.946 (index):905 UPDATE_5
10:50:27.987 (index):964 WAITING_6
10:50:28.048 (index):880 NODEACCESSRELEASED_5
10:50:28.124 (index):941 NODEACCESSREQUESTED_8
10:50:28.361 (index):964 WAITING_9
10:50:28.391 (index):941 NODEACCESSREQUESTED_2
10:50:28.570 (index):964 WAITING_3
10:50:28.656 (index):964 WAITING_7
10:50:28.780 (index):964 WAITING_11
10:50:28.989 (index):964 WAITING_6
10:50:29.049 (index):941 NODEACCESSREQUESTED_5
10:50:29.125 (index):905 UPDATE_8
10:50:29.227 (index):880 NODEACCESSRELEASED_8
10:50:29.363 (index):964 WAITING_9
10:50:29.393 (index):905 UPDATE_2
10:50:29.446 (index):908 UPDATE_4
10:50:29.494 (index):880 NODEACCESSRELEASED_2
10:50:29.547 (index):896 THINKING_4
10:50:29.565 (index):905 UPDATE_1
10:50:29.571 (index):964 WAITING_3
10:50:29.658 (index):964 WAITING_7
10:50:29.666 (index):896 THINKING_1
10:50:29.782 (index):964 WAITING_11
10:50:29.990 (index):964 WAITING_6
10:50:30.050 (index):905 UPDATE_5
10:50:30.151 (index):880 NODEACCESSRELEASED_5
10:50:30.228 (index):941 NODEACCESSREQUESTED_8
10:50:30.364 (index):964 WAITING_9
10:50:30.495 (index):941 NODEACCESSREQUESTED_2
10:50:30.573 (index):964 WAITING_3
10:50:30.659 (index):964 WAITING_7
10:50:30.783 (index):964 WAITING_11
10:50:30.944 (index):905 UPDATE_0
10:50:30.991 (index):964 WAITING_6
10:50:31.045 (index):880 NODEACCESSRELEASED_0
10:50:31.152 (index):941 NODEACCESSREQUESTED_5
10:50:31.230 (index):905 UPDATE_8
10:50:31.304 (index):905 UPDATE_10
10:50:31.331 (index):880 NODEACCESSRELEASED_8
10:50:31.365 (index):964 WAITING_9
10:50:31.405 (index):880 NODEACCESSRELEASED_10
10:50:31.497 (index):905 UPDATE_2
10:50:31.574 (index):964 WAITING_3
10:50:31.598 (index):880 NODEACCESSRELEASED_2
10:50:31.660 (index):964 WAITING_7
10:50:31.784 (index):964 WAITING_11
10:50:31.993 (index):964 WAITING_6
10:50:32.047 (index):935 ATTRIBUTEACCESSREQUESTED_0
10:50:32.153 (index):905 UPDATE_5
10:50:32.255 (index):880 NODEACCESSRELEASED_5
10:50:32.313 (index):908 UPDATE_4
10:50:32.332 (index):941 NODEACCESSREQUESTED_8
10:50:32.366 (index):964 WAITING_9
10:50:32.407 (index):935 ATTRIBUTEACCESSREQUESTED_10
10:50:32.415 (index):884 ATTRIBUTEACCESSRELEASED_4
10:50:32.575 (index):964 WAITING_3
10:50:32.599 (index):941 NODEACCESSREQUESTED_2
10:50:32.662 (index):964 WAITING_7
10:50:32.786 (index):964 WAITING_11
10:50:32.994 (index):964 WAITING_6
10:50:33.048 (index):964 WAITING_0
10:50:33.256 (index):941 NODEACCESSREQUESTED_5
10:50:33.334 (index):905 UPDATE_8
10:50:33.367 (index):908 UPDATE_9
10:50:33.408 (index):908 UPDATE_10
10:50:33.416 (index):941 NODEACCESSREQUESTED_4
10:50:33.435 (index):880 NODEACCESSRELEASED_8
10:50:33.469 (index):884 ATTRIBUTEACCESSRELEASED_9
10:50:33.509 (index):884 ATTRIBUTEACCESSRELEASED_10
10:50:33.576 (index):964 WAITING_3
10:50:33.600 (index):905 UPDATE_2
10:50:33.662 (index):964 WAITING_7
10:50:33.701 (index):975 END_2
10:50:33.787 (index):908 UPDATE_11
10:50:33.858 (index):905 UPDATE_1
10:50:33.888 (index):884 ATTRIBUTEACCESSRELEASED_11
10:50:33.959 (index):880 NODEACCESSRELEASED_1
10:50:33.995 (index):964 WAITING_6
10:50:34.049 (index):964 WAITING_0
10:50:34.257 (index):905 UPDATE_5
10:50:34.359 (index):880 NODEACCESSRELEASED_5
10:50:34.417 (index):905 UPDATE_4
10:50:34.436 (index):935 ATTRIBUTEACCESSREQUESTED_8
10:50:34.470 (index):941 NODEACCESSREQUESTED_9
10:50:34.511 (index):935 ATTRIBUTEACCESSREQUESTED_10
10:50:34.518 (index):880 NODEACCESSRELEASED_4
10:50:34.578 (index):964 WAITING_3
10:50:34.664 (index):908 UPDATE_7
10:50:34.765 (index):884 ATTRIBUTEACCESSRELEASED_7
10:50:34.889 (index):941 NODEACCESSREQUESTED_11
10:50:34.960 (index):941 NODEACCESSREQUESTED_1
10:50:34.996 (index):908 UPDATE_6
10:50:35.051 (index):964 WAITING_0
10:50:35.098 (index):884 ATTRIBUTEACCESSRELEASED_6
10:50:35.360 (index):941 NODEACCESSREQUESTED_5
10:50:35.437 (index):908 UPDATE_8
10:50:35.471 (index):905 UPDATE_9
10:50:35.512 (index):908 UPDATE_10
10:50:35.519 (index):941 NODEACCESSREQUESTED_4
10:50:35.538 (index):884 ATTRIBUTEACCESSRELEASED_8
10:50:35.572 (index):896 THINKING_9
10:50:35.579 (index):908 UPDATE_3
10:50:35.613 (index):884 ATTRIBUTEACCESSRELEASED_10
10:50:35.680 (index):896 THINKING_3
10:50:35.766 (index):941 NODEACCESSREQUESTED_7
10:50:35.890 (index):905 UPDATE_11
10:50:35.961 (index):905 UPDATE_1
10:50:35.992 (index):896 THINKING_11
10:50:36.052 (index):964 WAITING_0
10:50:36.063 (index):896 THINKING_1
10:50:36.099 (index):941 NODEACCESSREQUESTED_6
10:50:36.361 (index):905 UPDATE_5
10:50:36.463 (index):975 END_5
10:50:36.520 (index):905 UPDATE_4
10:50:36.539 (index):941 NODEACCESSREQUESTED_8
10:50:36.614 (index):941 NODEACCESSREQUESTED_10
10:50:36.621 (index):896 THINKING_4
10:50:36.768 (index):905 UPDATE_7
10:50:36.869 (index):880 NODEACCESSRELEASED_7
10:50:37.053 (index):964 WAITING_0
10:50:37.100 (index):905 UPDATE_6
10:50:37.202 (index):880 NODEACCESSRELEASED_6
10:50:37.540 (index):905 UPDATE_8
10:50:37.615 (index):905 UPDATE_10
10:50:37.642 (index):975 END_8
10:50:37.716 (index):975 END_10
10:50:37.870 (index):935 ATTRIBUTEACCESSREQUESTED_7
10:50:38.018 (index):908 UPDATE_3
10:50:38.054 (index):964 WAITING_0
10:50:38.119 (index):884 ATTRIBUTEACCESSRELEASED_3
10:50:38.203 (index):941 NODEACCESSREQUESTED_6
10:50:38.241 (index):905 UPDATE_1
10:50:38.342 (index):880 NODEACCESSRELEASED_1
10:50:38.684 (index):905 UPDATE_9
10:50:38.785 (index):880 NODEACCESSRELEASED_9
10:50:38.871 (index):908 UPDATE_7
10:50:38.972 (index):896 THINKING_7
10:50:39.056 (index):908 UPDATE_0
10:50:39.120 (index):941 NODEACCESSREQUESTED_3
10:50:39.157 (index):884 ATTRIBUTEACCESSRELEASED_0
10:50:39.204 (index):905 UPDATE_6
10:50:39.305 (index):975 END_6
10:50:39.344 (index):941 NODEACCESSREQUESTED_1
10:50:39.376 (index):905 UPDATE_11
10:50:39.477 (index):880 NODEACCESSRELEASED_11
10:50:39.786 (index):941 NODEACCESSREQUESTED_9
10:50:40.121 (index):905 UPDATE_3
10:50:40.158 (index):941 NODEACCESSREQUESTED_0
10:50:40.222 (index):975 END_3
10:50:40.345 (index):905 UPDATE_1
10:50:40.446 (index):975 END_1
10:50:40.479 (index):941 NODEACCESSREQUESTED_11
10:50:40.788 (index):905 UPDATE_9
10:50:40.889 (index):880 NODEACCESSRELEASED_9
10:50:41.012 (index):905 UPDATE_4
10:50:41.113 (index):975 END_4
10:50:41.159 (index):905 UPDATE_0
10:50:41.261 (index):880 NODEACCESSRELEASED_0
10:50:41.480 (index):905 UPDATE_11
10:50:41.581 (index):880 NODEACCESSRELEASED_11
10:50:41.890 (index):935 ATTRIBUTEACCESSREQUESTED_9
10:50:42.262 (index):941 NODEACCESSREQUESTED_0
10:50:42.409 (index):908 UPDATE_7
10:50:42.510 (index):884 ATTRIBUTEACCESSRELEASED_7
10:50:42.582 (index):935 ATTRIBUTEACCESSREQUESTED_11
10:50:42.892 (index):908 UPDATE_9
10:50:42.993 (index):896 THINKING_9
10:50:43.263 (index):905 UPDATE_0
10:50:43.364 (index):975 END_0
10:50:43.511 (index):941 NODEACCESSREQUESTED_7
10:50:43.583 (index):908 UPDATE_11
10:50:43.685 (index):896 THINKING_11
10:50:44.513 (index):905 UPDATE_7
10:50:44.614 (index):975 END_7
10:50:46.617 (index):908 UPDATE_9
10:50:46.718 (index):884 ATTRIBUTEACCESSRELEASED_9
10:50:46.849 (index):908 UPDATE_11
10:50:46.950 (index):975 END_11
10:50:47.719 (index):935 ATTRIBUTEACCESSREQUESTED_9
10:50:48.721 (index):908 UPDATE_9
10:50:48.821 (index):884 ATTRIBUTEACCESSRELEASED_9
10:50:49.823 (index):941 NODEACCESSREQUESTED_9
10:50:50.824 (index):905 UPDATE_9
10:50:50.925 (index):880 NODEACCESSRELEASED_9
10:50:51.927 (index):941 NODEACCESSREQUESTED_9
10:50:52.928 (index):905 UPDATE_9
10:50:53.030 (index):975 END_9
