10:47:02.823 (index):1141 Tasks: 25; Collaborators: 9    =========================>
10:47:02.824 (index):935 ATTRIBUTEACCESSREQUESTED_0
10:47:02.825 (index):941 NODEACCESSREQUESTED_1
10:47:02.826 (index):941 NODEACCESSREQUESTED_2
10:47:02.828 (index):935 ATTRIBUTEACCESSREQUESTED_3
10:47:02.829 (index):935 ATTRIBUTEACCESSREQUESTED_4
10:47:02.830 (index):941 NODEACCESSREQUESTED_5
10:47:02.831 (index):941 NODEACCESSREQUESTED_6
10:47:02.833 (index):935 ATTRIBUTEACCESSREQUESTED_7
10:47:02.834 (index):941 NODEACCESSREQUESTED_8
10:47:03.825 (index):896 THINKING_0
10:47:03.827 (index):896 THINKING_1
10:47:03.828 (index):880 NODEACCESSRELEASED_2
10:47:03.829 (index):884 ATTRIBUTEACCESSRELEASED_3
10:47:03.830 (index):964 WAITING_4
10:47:03.831 (index):880 NODEACCESSRELEASED_5
10:47:03.833 (index):896 THINKING_6
10:47:03.834 (index):884 ATTRIBUTEACCESSRELEASED_7
10:47:03.835 (index):896 THINKING_8
10:47:04.829 (index):941 NODEACCESSREQUESTED_2
10:47:04.830 (index):935 ATTRIBUTEACCESSREQUESTED_3
10:47:04.831 (index):964 WAITING_4
10:47:04.832 (index):941 NODEACCESSREQUESTED_5
10:47:04.835 (index):935 ATTRIBUTEACCESSREQUESTED_7
10:47:05.830 (index):905 UPDATE_2
10:47:05.831 (index):908 UPDATE_3
10:47:05.832 (index):964 WAITING_4
10:47:05.833 (index):905 UPDATE_5
10:47:05.836 (index):908 UPDATE_7
10:47:05.861 (index):905 UPDATE_8
10:47:05.932 (index):880 NODEACCESSRELEASED_2
10:47:05.932 (index):884 ATTRIBUTEACCESSRELEASED_3
10:47:05.935 (index):896 THINKING_5
10:47:05.937 (index):884 ATTRIBUTEACCESSRELEASED_7
10:47:05.962 (index):896 THINKING_8
10:47:06.550 (index):905 UPDATE_6
10:47:06.652 (index):880 NODEACCESSRELEASED_6
10:47:06.773 (index):905 UPDATE_1
10:47:06.834 (index):964 WAITING_4
10:47:06.874 (index):880 NODEACCESSRELEASED_1
10:47:06.932 (index):941 NODEACCESSREQUESTED_2
10:47:06.934 (index):941 NODEACCESSREQUESTED_3
10:47:06.939 (index):941 NODEACCESSREQUESTED_7
10:47:07.653 (index):935 ATTRIBUTEACCESSREQUESTED_6
10:47:07.835 (index):964 WAITING_4
10:47:07.875 (index):941 NODEACCESSREQUESTED_1
10:47:07.934 (index):905 UPDATE_2
10:47:07.935 (index):905 UPDATE_3
10:47:07.940 (index):905 UPDATE_7
10:47:08.226 (index):880 NODEACCESSRELEASED_2
10:47:08.227 (index):896 THINKING_3
10:47:08.228 (index):880 NODEACCESSRELEASED_7
10:47:08.228 (index):908 UPDATE_0
10:47:09.226 (index):884 ATTRIBUTEACCESSRELEASED_0
10:47:09.228 (index):905 UPDATE_5
10:47:09.229 (index):908 UPDATE_6
10:47:09.231 (index):884 ATTRIBUTEACCESSRELEASED_4
10:47:09.233 (index):905 UPDATE_1
10:47:09.252 (index):935 ATTRIBUTEACCESSREQUESTED_2
10:47:09.253 (index):941 NODEACCESSREQUESTED_7
10:47:09.330 (index):880 NODEACCESSRELEASED_5
10:47:09.331 (index):884 ATTRIBUTEACCESSRELEASED_6
10:47:09.334 (index):896 THINKING_1
10:47:10.228 (index):935 ATTRIBUTEACCESSREQUESTED_0
10:47:10.233 (index):935 ATTRIBUTEACCESSREQUESTED_4
10:47:10.253 (index):908 UPDATE_2
10:47:10.254 (index):905 UPDATE_7
10:47:10.331 (index):941 NODEACCESSREQUESTED_5
10:47:10.332 (index):941 NODEACCESSREQUESTED_6
10:47:10.354 (index):896 THINKING_2
10:47:10.356 (index):896 THINKING_7
10:47:10.403 (index):905 UPDATE_8
10:47:10.504 (index):880 NODEACCESSRELEASED_8
10:47:11.229 (index):908 UPDATE_0
10:47:11.235 (index):908 UPDATE_4
10:47:11.331 (index):884 ATTRIBUTEACCESSRELEASED_0
10:47:11.332 (index):905 UPDATE_5
10:47:11.333 (index):905 UPDATE_6
10:47:11.336 (index):884 ATTRIBUTEACCESSRELEASED_4
10:47:11.433 (index):896 THINKING_5
10:47:11.435 (index):880 NODEACCESSRELEASED_6
10:47:11.505 (index):935 ATTRIBUTEACCESSREQUESTED_8
10:47:13.227 (index):941 NODEACCESSREQUESTED_0
10:47:13.228 (index):941 NODEACCESSREQUESTED_4
10:47:13.230 (index):905 UPDATE_3
10:47:13.232 (index):941 NODEACCESSREQUESTED_6
10:47:13.233 (index):908 UPDATE_8
10:47:13.235 (index):905 UPDATE_7
10:47:13.236 (index):905 UPDATE_1
10:47:13.238 (index):908 UPDATE_2
10:47:14.227 (index):880 NODEACCESSRELEASED_3
10:47:14.229 (index):896 THINKING_8
10:47:14.230 (index):880 NODEACCESSRELEASED_7
10:47:14.231 (index):896 THINKING_1
10:47:14.232 (index):884 ATTRIBUTEACCESSRELEASED_2
10:47:15.226 (index):905 UPDATE_0
10:47:15.228 (index):905 UPDATE_4
10:47:15.229 (index):905 UPDATE_6
10:47:15.230 (index):905 UPDATE_5
10:47:16.228 (index):935 ATTRIBUTEACCESSREQUESTED_3
10:47:16.229 (index):935 ATTRIBUTEACCESSREQUESTED_7
10:47:16.230 (index):935 ATTRIBUTEACCESSREQUESTED_2
10:47:16.231 (index):896 THINKING_0
10:47:16.231 (index):880 NODEACCESSRELEASED_4
10:47:16.232 (index):880 NODEACCESSRELEASED_6
10:47:16.232 (index):880 NODEACCESSRELEASED_5
10:47:18.226 (index):908 UPDATE_3
10:47:18.228 (index):964 WAITING_7
10:47:18.229 (index):964 WAITING_2
10:47:18.231 (index):935 ATTRIBUTEACCESSREQUESTED_4
10:47:18.232 (index):941 NODEACCESSREQUESTED_6
10:47:18.234 (index):935 ATTRIBUTEACCESSREQUESTED_5
10:47:19.226 (index):884 ATTRIBUTEACCESSRELEASED_3
10:47:19.228 (index):905 UPDATE_1
10:47:19.229 (index):908 UPDATE_8
10:47:19.231 (index):905 UPDATE_0
10:47:20.226 (index):964 WAITING_7
10:47:20.228 (index):964 WAITING_2
10:47:20.229 (index):964 WAITING_4
10:47:20.231 (index):905 UPDATE_6
10:47:20.232 (index):908 UPDATE_5
10:47:20.234 (index):880 NODEACCESSRELEASED_1
10:47:20.235 (index):884 ATTRIBUTEACCESSRELEASED_8
10:47:20.236 (index):896 THINKING_0
10:47:21.226 (index):941 NODEACCESSREQUESTED_3
10:47:21.230 (index):880 NODEACCESSRELEASED_6
10:47:21.231 (index):896 THINKING_5
10:47:22.226 (index):908 UPDATE_7
10:47:22.228 (index):964 WAITING_2
10:47:22.229 (index):964 WAITING_4
10:47:22.231 (index):941 NODEACCESSREQUESTED_1
10:47:22.232 (index):935 ATTRIBUTEACCESSREQUESTED_8
10:47:23.226 (index):905 UPDATE_3
10:47:23.228 (index):935 ATTRIBUTEACCESSREQUESTED_6
10:47:23.230 (index):896 THINKING_7
10:47:24.226 (index):964 WAITING_2
10:47:24.228 (index):964 WAITING_4
10:47:24.229 (index):905 UPDATE_1
10:47:24.231 (index):964 WAITING_8
10:47:24.232 (index):880 NODEACCESSRELEASED_3
10:47:25.226 (index):908 UPDATE_6
10:47:25.228 (index):896 THINKING_1
10:47:25.229 (index):905 UPDATE_0
10:47:26.226 (index):964 WAITING_2
10:47:26.228 (index):964 WAITING_4
10:47:26.229 (index):964 WAITING_8
10:47:26.229 (index):941 NODEACCESSREQUESTED_3
10:47:26.231 (index):896 THINKING_6
10:47:26.232 (index):880 NODEACCESSRELEASED_0
10:47:26.233 (index):908 UPDATE_5
10:47:27.226 (index):896 THINKING_5
10:47:28.226 (index):964 WAITING_2
10:47:28.228 (index):964 WAITING_4
10:47:28.229 (index):964 WAITING_8
10:47:28.231 (index):905 UPDATE_3
10:47:28.233 (index):941 NODEACCESSREQUESTED_0
10:47:28.234 (index):905 UPDATE_1
10:47:28.235 (index):908 UPDATE_7
10:47:29.226 (index):880 NODEACCESSRELEASED_3
10:47:29.227 (index):880 NODEACCESSRELEASED_1
10:47:29.228 (index):884 ATTRIBUTEACCESSRELEASED_7
10:47:29.229 (index):908 UPDATE_6
10:47:30.226 (index):908 UPDATE_2
10:47:30.227 (index):964 WAITING_4
10:47:30.228 (index):964 WAITING_8
10:47:30.228 (index):905 UPDATE_0
10:47:30.229 (index):908 UPDATE_5
10:47:30.229 (index):896 THINKING_6
10:47:31.226 (index):941 NODEACCESSREQUESTED_3
10:47:31.227 (index):941 NODEACCESSREQUESTED_1
10:47:31.227 (index):941 NODEACCESSREQUESTED_7
10:47:31.228 (index):884 ATTRIBUTEACCESSRELEASED_2
10:47:31.228 (index):896 THINKING_0
10:47:31.229 (index):884 ATTRIBUTEACCESSRELEASED_5
10:47:32.226 (index):908 UPDATE_4
10:47:32.228 (index):908 UPDATE_8
10:47:33.226 (index):905 UPDATE_3
10:47:33.228 (index):905 UPDATE_1
10:47:33.231 (index):905 UPDATE_7
10:47:33.232 (index):941 NODEACCESSREQUESTED_2
10:47:33.233 (index):941 NODEACCESSREQUESTED_5
10:47:33.234 (index):884 ATTRIBUTEACCESSRELEASED_4
10:47:33.234 (index):884 ATTRIBUTEACCESSRELEASED_8
10:47:33.235 (index):908 UPDATE_6
10:47:34.226 (index):880 NODEACCESSRELEASED_3
10:47:34.228 (index):896 THINKING_1
10:47:34.230 (index):880 NODEACCESSRELEASED_7
10:47:34.231 (index):884 ATTRIBUTEACCESSRELEASED_6
10:47:34.231 (index):905 UPDATE_0
10:47:35.226 (index):905 UPDATE_2
10:47:35.228 (index):905 UPDATE_5
10:47:35.230 (index):941 NODEACCESSREQUESTED_4
10:47:35.231 (index):941 NODEACCESSREQUESTED_8
10:47:35.232 (index):880 NODEACCESSRELEASED_0
10:47:36.226 (index):941 NODEACCESSREQUESTED_3
10:47:36.228 (index):941 NODEACCESSREQUESTED_7
10:47:36.229 (index):941 NODEACCESSREQUESTED_6
10:47:36.231 (index):896 THINKING_2
10:47:36.232 (index):896 THINKING_5
10:47:37.226 (index):905 UPDATE_4
10:47:37.228 (index):905 UPDATE_8
10:47:37.229 (index):941 NODEACCESSREQUESTED_0
10:47:37.231 (index):905 UPDATE_1
10:47:38.226 (index):905 UPDATE_3
10:47:38.228 (index):905 UPDATE_7
10:47:38.229 (index):905 UPDATE_6
10:47:38.231 (index):880 NODEACCESSRELEASED_4
10:47:38.232 (index):896 THINKING_8
10:47:38.233 (index):896 THINKING_1
10:47:39.226 (index):905 UPDATE_0
10:47:39.228 (index):896 THINKING_3
10:47:39.229 (index):880 NODEACCESSRELEASED_7
10:47:39.231 (index):880 NODEACCESSRELEASED_6
10:47:39.232 (index):905 UPDATE_2
10:47:40.230 (index):935 ATTRIBUTEACCESSREQUESTED_4
10:47:40.231 (index):880 NODEACCESSRELEASED_0
10:47:40.232 (index):896 THINKING_2
10:47:41.229 (index):935 ATTRIBUTEACCESSREQUESTED_7
10:47:41.231 (index):941 NODEACCESSREQUESTED_6
10:47:41.232 (index):905 UPDATE_5
10:47:42.226 (index):908 UPDATE_4
10:47:42.227 (index):941 NODEACCESSREQUESTED_0
10:47:42.228 (index):880 NODEACCESSRELEASED_5
10:47:42.229 (index):905 UPDATE_8
10:47:42.231 (index):905 UPDATE_3
10:47:43.226 (index):908 UPDATE_7
10:47:43.227 (index):905 UPDATE_6
10:47:43.228 (index):896 THINKING_4
10:47:43.230 (index):880 NODEACCESSRELEASED_8
10:47:43.231 (index):880 NODEACCESSRELEASED_3
10:47:43.232 (index):905 UPDATE_2
10:47:43.233 (index):905 UPDATE_1
10:47:44.226 (index):905 UPDATE_0
10:47:44.228 (index):941 NODEACCESSREQUESTED_5
10:47:44.229 (index):884 ATTRIBUTEACCESSRELEASED_7
10:47:44.231 (index):880 NODEACCESSRELEASED_6
10:47:44.232 (index):896 THINKING_2
10:47:44.234 (index):896 THINKING_1
10:47:45.226 (index):941 NODEACCESSREQUESTED_8
10:47:45.228 (index):935 ATTRIBUTEACCESSREQUESTED_3
10:47:45.229 (index):896 THINKING_0
10:47:46.229 (index):905 UPDATE_5
10:47:46.231 (index):941 NODEACCESSREQUESTED_7
10:47:46.232 (index):935 ATTRIBUTEACCESSREQUESTED_6
10:47:46.234 (index):908 UPDATE_4
10:47:46.235 (index):905 UPDATE_8
10:47:47.226 (index):964 WAITING_3
10:47:47.228 (index):880 NODEACCESSRELEASED_5
10:47:47.229 (index):884 ATTRIBUTEACCESSRELEASED_4
10:47:47.234 (index):880 NODEACCESSRELEASED_8
10:47:48.226 (index):905 UPDATE_7
10:47:48.228 (index):908 UPDATE_6
10:47:49.226 (index):908 UPDATE_3
10:47:49.228 (index):941 NODEACCESSREQUESTED_5
10:47:49.229 (index):935 ATTRIBUTEACCESSREQUESTED_4
10:47:49.231 (index):941 NODEACCESSREQUESTED_8
10:47:49.233 (index):880 NODEACCESSRELEASED_7
10:47:49.234 (index):884 ATTRIBUTEACCESSRELEASED_6
10:47:49.235 (index):905 UPDATE_1
10:47:49.236 (index):905 UPDATE_2
10:47:49.237 (index):905 UPDATE_0
10:47:50.226 (index):884 ATTRIBUTEACCESSRELEASED_3
10:47:50.227 (index):880 NODEACCESSRELEASED_1
10:47:50.228 (index):880 NODEACCESSRELEASED_2
10:47:50.228 (index):880 NODEACCESSRELEASED_0
10:47:51.226 (index):905 UPDATE_5
10:47:51.227 (index):908 UPDATE_4
10:47:51.229 (index):905 UPDATE_8
10:47:51.230 (index):935 ATTRIBUTEACCESSREQUESTED_7
10:47:51.232 (index):941 NODEACCESSREQUESTED_6
10:47:52.226 (index):935 ATTRIBUTEACCESSREQUESTED_3
10:47:52.227 (index):941 NODEACCESSREQUESTED_1
10:47:52.228 (index):941 NODEACCESSREQUESTED_2
10:47:52.228 (index):935 ATTRIBUTEACCESSREQUESTED_0
10:47:52.228 (index):880 NODEACCESSRELEASED_5
10:47:52.229 (index):896 THINKING_4
10:47:52.230 (index):880 NODEACCESSRELEASED_8
10:47:53.226 (index):908 UPDATE_7
10:47:53.228 (index):905 UPDATE_6
10:47:54.226 (index):964 WAITING_3
10:47:54.227 (index):905 UPDATE_1
10:47:54.228 (index):905 UPDATE_2
10:47:54.228 (index):908 UPDATE_0
10:47:54.229 (index):941 NODEACCESSREQUESTED_5
10:47:54.230 (index):941 NODEACCESSREQUESTED_8
10:47:54.231 (index):896 THINKING_7
10:47:54.232 (index):880 NODEACCESSRELEASED_6
10:47:55.226 (index):896 THINKING_1
10:47:55.227 (index):880 NODEACCESSRELEASED_2
10:47:55.228 (index):884 ATTRIBUTEACCESSRELEASED_0
10:47:56.226 (index):964 WAITING_3
10:47:56.227 (index):905 UPDATE_5
10:47:56.229 (index):905 UPDATE_8
10:47:56.230 (index):941 NODEACCESSREQUESTED_6
10:47:57.227 (index):941 NODEACCESSREQUESTED_2
10:47:57.229 (index):941 NODEACCESSREQUESTED_0
10:47:57.229 (index):880 NODEACCESSRELEASED_5
10:47:57.231 (index):880 NODEACCESSRELEASED_8
10:47:57.232 (index):908 UPDATE_4
10:47:57.234 (index):964 WAITING_3
10:47:58.226 (index):905 UPDATE_6
10:47:58.228 (index):896 THINKING_4
10:47:58.229 (index):905 UPDATE_1
10:47:58.231 (index):908 UPDATE_7
10:47:59.226 (index):905 UPDATE_2
10:47:59.227 (index):905 UPDATE_0
10:47:59.228 (index):941 NODEACCESSREQUESTED_5
10:47:59.229 (index):941 NODEACCESSREQUESTED_8
10:47:59.230 (index):964 WAITING_3
10:47:59.231 (index):975 END_6
10:47:59.232 (index):880 NODEACCESSRELEASED_1
10:47:59.233 (index):884 ATTRIBUTEACCESSRELEASED_7
10:48:00.229 (index):880 NODEACCESSRELEASED_2
10:48:00.231 (index):880 NODEACCESSRELEASED_0
10:48:00.232 (index):905 UPDATE_5
10:48:01.226 (index):905 UPDATE_8
10:48:01.228 (index):908 UPDATE_3
10:48:01.229 (index):941 NODEACCESSREQUESTED_1
10:48:01.230 (index):941 NODEACCESSREQUESTED_7
10:48:01.231 (index):975 END_5
10:48:02.226 (index):941 NODEACCESSREQUESTED_2
10:48:02.228 (index):941 NODEACCESSREQUESTED_0
10:48:02.229 (index):880 NODEACCESSRELEASED_8
10:48:02.230 (index):896 THINKING_3
10:48:02.231 (index):908 UPDATE_4
10:48:03.226 (index):905 UPDATE_1
10:48:03.228 (index):905 UPDATE_7
10:48:03.230 (index):896 THINKING_4
10:48:04.226 (index):905 UPDATE_2
10:48:04.228 (index):905 UPDATE_0
10:48:04.229 (index):935 ATTRIBUTEACCESSREQUESTED_8
10:48:04.230 (index):975 END_1
10:48:04.231 (index):975 END_7
10:48:05.226 (index):880 NODEACCESSRELEASED_2
10:48:05.228 (index):975 END_0
10:48:05.229 (index):908 UPDATE_3
10:48:06.226 (index):964 WAITING_8
10:48:06.228 (index):884 ATTRIBUTEACCESSRELEASED_3
10:48:06.229 (index):908 UPDATE_4
10:48:07.229 (index):941 NODEACCESSREQUESTED_2
10:48:07.230 (index):884 ATTRIBUTEACCESSRELEASED_4
10:48:07.231 (index):908 UPDATE_8
10:48:08.226 (index):941 NODEACCESSREQUESTED_3
10:48:08.227 (index):884 ATTRIBUTEACCESSRELEASED_8
10:48:09.227 (index):905 UPDATE_2
10:48:09.229 (index):941 NODEACCESSREQUESTED_4
10:48:10.226 (index):905 UPDATE_3
10:48:10.228 (index):941 NODEACCESSREQUESTED_8
10:48:10.229 (index):975 END_2
10:48:11.226 (index):905 UPDATE_4
10:48:11.228 (index):975 END_3
10:48:12.226 (index):905 UPDATE_8
10:48:12.229 (index):880 NODEACCESSRELEASED_4
10:48:13.227 (index):975 END_8
10:48:14.227 (index):941 NODEACCESSREQUESTED_4
10:48:16.228 (index):905 UPDATE_4
10:48:17.226 (index):896 THINKING_4
10:48:22.227 (index):905 UPDATE_4
10:48:23.230 (index):975 END_4
