10:42:35.229 (index):1066 Tasks: 25; Collaborators: 4    =========================>
10:42:35.229 (index):935 ATTRIBUTEACCESSREQUESTED_0
10:42:35.231 (index):941 NODEACCESSREQUESTED_1
10:42:35.232 (index):941 NODEACCESSREQUESTED_2
10:42:35.233 (index):935 ATTRIBUTEACCESSREQUESTED_3
10:42:36.231 (index):896 THINKING_0
10:42:36.232 (index):896 THINKING_1
10:42:36.234 (index):880 NODEACCESSRELEASED_2
10:42:36.235 (index):884 ATTRIBUTEACCESSRELEASED_3
10:42:37.234 (index):941 NODEACCESSREQUESTED_2
10:42:37.236 (index):935 ATTRIBUTEACCESSREQUESTED_3
10:42:38.236 (index):905 UPDATE_2
10:42:38.238 (index):908 UPDATE_3
10:42:38.338 (index):880 NODEACCESSRELEASED_2
10:42:38.339 (index):884 ATTRIBUTEACCESSRELEASED_3
10:42:39.178 (index):905 UPDATE_1
10:42:39.280 (index):880 NODEACCESSRELEASED_1
10:42:39.339 (index):941 NODEACCESSREQUESTED_2
10:42:39.340 (index):941 NODEACCESSREQUESTED_3
10:42:40.281 (index):941 NODEACCESSREQUESTED_1
10:42:40.341 (index):905 UPDATE_2
10:42:40.342 (index):905 UPDATE_3
10:42:40.442 (index):880 NODEACCESSRELEASED_2
10:42:40.443 (index):896 THINKING_3
10:42:40.580 (index):908 UPDATE_0
10:42:40.682 (index):884 ATTRIBUTEACCESSRELEASED_0
10:42:41.283 (index):905 UPDATE_1
10:42:41.384 (index):896 THINKING_1
10:42:41.443 (index):935 ATTRIBUTEACCESSREQUESTED_2
10:42:41.683 (index):935 ATTRIBUTEACCESSREQUESTED_0
10:42:42.445 (index):908 UPDATE_2
10:42:42.546 (index):896 THINKING_2
10:42:42.684 (index):908 UPDATE_0
10:42:42.786 (index):884 ATTRIBUTEACCESSRELEASED_0
10:42:43.787 (index):941 NODEACCESSREQUESTED_0
10:42:44.560 (index):905 UPDATE_3
10:42:44.661 (index):880 NODEACCESSRELEASED_3
10:42:44.789 (index):905 UPDATE_0
10:42:44.889 (index):896 THINKING_0
10:42:44.933 (index):905 UPDATE_1
10:42:45.035 (index):896 THINKING_1
10:42:45.265 (index):908 UPDATE_2
10:42:45.367 (index):884 ATTRIBUTEACCESSRELEASED_2
10:42:45.672 (index):935 ATTRIBUTEACCESSREQUESTED_3
10:42:46.368 (index):935 ATTRIBUTEACCESSREQUESTED_2
10:42:46.673 (index):908 UPDATE_3
10:42:46.774 (index):884 ATTRIBUTEACCESSRELEASED_3
10:42:47.370 (index):908 UPDATE_2
10:42:47.460 (index):905 UPDATE_0
10:42:47.471 (index):884 ATTRIBUTEACCESSRELEASED_2
10:42:47.560 (index):896 THINKING_0
10:42:47.776 (index):941 NODEACCESSREQUESTED_3
10:42:48.471 (index):941 NODEACCESSREQUESTED_2
10:42:48.777 (index):905 UPDATE_3
10:42:48.878 (index):880 NODEACCESSRELEASED_3
10:42:49.428 (index):905 UPDATE_1
10:42:49.472 (index):905 UPDATE_2
10:42:49.529 (index):880 NODEACCESSRELEASED_1
10:42:49.574 (index):896 THINKING_2
10:42:49.880 (index):941 NODEACCESSREQUESTED_3
10:42:50.531 (index):941 NODEACCESSREQUESTED_1
10:42:50.881 (index):905 UPDATE_3
10:42:50.982 (index):880 NODEACCESSRELEASED_3
10:42:51.532 (index):905 UPDATE_1
10:42:51.633 (index):896 THINKING_1
10:42:51.983 (index):941 NODEACCESSREQUESTED_3
10:42:52.125 (index):905 UPDATE_2
10:42:52.227 (index):896 THINKING_2
10:42:52.503 (index):905 UPDATE_0
10:42:52.604 (index):880 NODEACCESSRELEASED_0
10:42:52.984 (index):905 UPDATE_3
10:42:53.086 (index):880 NODEACCESSRELEASED_3
10:42:53.605 (index):941 NODEACCESSREQUESTED_0
10:42:53.945 (index):905 UPDATE_1
10:42:54.046 (index):880 NODEACCESSRELEASED_1
10:42:54.087 (index):941 NODEACCESSREQUESTED_3
10:42:54.455 (index):905 UPDATE_2
10:42:54.556 (index):896 THINKING_2
10:42:54.607 (index):905 UPDATE_0
10:42:54.708 (index):896 THINKING_0
10:42:55.047 (index):941 NODEACCESSREQUESTED_1
10:42:55.088 (index):905 UPDATE_3
10:42:55.189 (index):896 THINKING_3
10:42:56.049 (index):905 UPDATE_1
10:42:56.150 (index):896 THINKING_1
10:42:56.863 (index):905 UPDATE_0
10:42:56.964 (index):880 NODEACCESSRELEASED_0
10:42:57.597 (index):905 UPDATE_3
10:42:57.698 (index):880 NODEACCESSRELEASED_3
10:42:57.965 (index):941 NODEACCESSREQUESTED_0
10:42:58.699 (index):935 ATTRIBUTEACCESSREQUESTED_3
10:42:58.966 (index):905 UPDATE_0
10:42:59.068 (index):880 NODEACCESSRELEASED_0
10:42:59.080 (index):905 UPDATE_1
10:42:59.182 (index):896 THINKING_1
10:42:59.412 (index):905 UPDATE_2
10:42:59.513 (index):880 NODEACCESSRELEASED_2
10:42:59.700 (index):908 UPDATE_3
10:42:59.802 (index):884 ATTRIBUTEACCESSRELEASED_3
10:43:00.069 (index):941 NODEACCESSREQUESTED_0
10:43:00.514 (index):941 NODEACCESSREQUESTED_2
10:43:00.803 (index):935 ATTRIBUTEACCESSREQUESTED_3
10:43:01.070 (index):905 UPDATE_0
10:43:01.172 (index):896 THINKING_0
10:43:01.516 (index):905 UPDATE_2
10:43:01.617 (index):880 NODEACCESSRELEASED_2
10:43:01.804 (index):908 UPDATE_3
10:43:01.906 (index):896 THINKING_3
10:43:02.618 (index):941 NODEACCESSREQUESTED_2
10:43:03.619 (index):905 UPDATE_2
10:43:03.720 (index):880 NODEACCESSRELEASED_2
10:43:03.792 (index):905 UPDATE_1
10:43:03.893 (index):896 THINKING_1
10:43:04.244 (index):908 UPDATE_3
10:43:04.345 (index):884 ATTRIBUTEACCESSRELEASED_3
10:43:04.722 (index):941 NODEACCESSREQUESTED_2
10:43:05.167 (index):905 UPDATE_0
10:43:05.268 (index):880 NODEACCESSRELEASED_0
10:43:05.347 (index):941 NODEACCESSREQUESTED_3
10:43:05.723 (index):905 UPDATE_2
10:43:05.824 (index):880 NODEACCESSRELEASED_2
10:43:06.269 (index):935 ATTRIBUTEACCESSREQUESTED_0
10:43:06.348 (index):905 UPDATE_3
10:43:06.449 (index):975 END_3
10:43:06.825 (index):941 NODEACCESSREQUESTED_2
10:43:07.271 (index):908 UPDATE_0
10:43:07.372 (index):884 ATTRIBUTEACCESSRELEASED_0
10:43:07.827 (index):905 UPDATE_2
10:43:07.928 (index):975 END_2
10:43:08.086 (index):905 UPDATE_1
10:43:08.187 (index):880 NODEACCESSRELEASED_1
10:43:08.373 (index):941 NODEACCESSREQUESTED_0
10:43:09.188 (index):941 NODEACCESSREQUESTED_1
10:43:09.375 (index):905 UPDATE_0
10:43:09.476 (index):880 NODEACCESSRELEASED_0
10:43:10.189 (index):905 UPDATE_1
10:43:10.290 (index):896 THINKING_1
10:43:10.477 (index):941 NODEACCESSREQUESTED_0
10:43:11.478 (index):905 UPDATE_0
10:43:11.579 (index):975 END_0
10:43:12.469 (index):905 UPDATE_1
10:43:12.570 (index):880 NODEACCESSRELEASED_1
10:43:13.572 (index):941 NODEACCESSREQUESTED_1
10:43:14.573 (index):905 UPDATE_1
10:43:14.674 (index):975 END_1
