10:43:54.119 (index):1090 Tasks: 25; Collaborators: 6    =========================>
10:43:54.120 (index):935 ATTRIBUTEACCESSREQUESTED_0
10:43:54.120 (index):941 NODEACCESSREQUESTED_1
10:43:54.121 (index):941 NODEACCESSREQUESTED_2
10:43:54.121 (index):935 ATTRIBUTEACCESSREQUESTED_3
10:43:54.122 (index):935 ATTRIBUTEACCESSREQUESTED_4
10:43:54.123 (index):941 NODEACCESSREQUESTED_5
10:43:55.120 (index):896 THINKING_0
10:43:55.121 (index):896 THINKING_1
10:43:55.122 (index):880 NODEACCESSRELEASED_2
10:43:55.122 (index):884 ATTRIBUTEACCESSRELEASED_3
10:43:55.123 (index):884 ATTRIBUTEACCESSRELEASED_4
10:43:55.124 (index):880 NODEACCESSRELEASED_5
10:43:56.122 (index):941 NODEACCESSREQUESTED_2
10:43:56.123 (index):935 ATTRIBUTEACCESSREQUESTED_3
10:43:56.124 (index):935 ATTRIBUTEACCESSREQUESTED_4
10:43:56.124 (index):941 NODEACCESSREQUESTED_5
10:43:57.123 (index):905 UPDATE_2
10:43:57.124 (index):908 UPDATE_3
10:43:57.125 (index):908 UPDATE_4
10:43:57.126 (index):905 UPDATE_5
10:43:57.224 (index):880 NODEACCESSRELEASED_2
10:43:57.226 (index):884 ATTRIBUTEACCESSRELEASED_3
10:43:57.227 (index):884 ATTRIBUTEACCESSRELEASED_4
10:43:57.229 (index):896 THINKING_5
10:43:58.067 (index):905 UPDATE_1
10:43:58.168 (index):880 NODEACCESSRELEASED_1
10:43:58.226 (index):941 NODEACCESSREQUESTED_2
10:43:58.228 (index):941 NODEACCESSREQUESTED_3
10:43:58.230 (index):941 NODEACCESSREQUESTED_4
10:43:59.169 (index):941 NODEACCESSREQUESTED_1
10:43:59.228 (index):905 UPDATE_2
10:43:59.230 (index):905 UPDATE_3
10:43:59.231 (index):905 UPDATE_4
10:43:59.329 (index):880 NODEACCESSRELEASED_2
10:43:59.331 (index):896 THINKING_3
10:43:59.332 (index):880 NODEACCESSRELEASED_4
10:43:59.469 (index):908 UPDATE_0
10:43:59.571 (index):884 ATTRIBUTEACCESSRELEASED_0
10:43:59.644 (index):905 UPDATE_5
10:43:59.745 (index):880 NODEACCESSRELEASED_5
10:44:00.171 (index):905 UPDATE_1
10:44:00.272 (index):896 THINKING_1
10:44:00.330 (index):935 ATTRIBUTEACCESSREQUESTED_2
10:44:00.333 (index):935 ATTRIBUTEACCESSREQUESTED_4
10:44:00.572 (index):935 ATTRIBUTEACCESSREQUESTED_0
10:44:00.747 (index):941 NODEACCESSREQUESTED_5
10:44:01.332 (index):908 UPDATE_2
10:44:01.334 (index):908 UPDATE_4
10:44:01.433 (index):896 THINKING_2
10:44:01.435 (index):884 ATTRIBUTEACCESSRELEASED_4
10:44:01.574 (index):908 UPDATE_0
10:44:01.675 (index):884 ATTRIBUTEACCESSRELEASED_0
10:44:01.748 (index):905 UPDATE_5
10:44:01.850 (index):896 THINKING_5
10:44:02.436 (index):941 NODEACCESSREQUESTED_4
10:44:02.676 (index):941 NODEACCESSREQUESTED_0
10:44:03.438 (index):905 UPDATE_4
10:44:03.448 (index):905 UPDATE_3
10:44:03.539 (index):880 NODEACCESSRELEASED_4
10:44:03.549 (index):880 NODEACCESSRELEASED_3
10:44:03.678 (index):905 UPDATE_0
10:44:03.779 (index):896 THINKING_0
10:44:03.821 (index):905 UPDATE_1
10:44:03.923 (index):896 THINKING_1
10:44:04.152 (index):908 UPDATE_2
10:44:04.253 (index):884 ATTRIBUTEACCESSRELEASED_2
10:44:04.540 (index):935 ATTRIBUTEACCESSREQUESTED_4
10:44:04.550 (index):935 ATTRIBUTEACCESSREQUESTED_3
10:44:04.990 (index):905 UPDATE_5
10:44:05.091 (index):880 NODEACCESSRELEASED_5
10:44:05.254 (index):935 ATTRIBUTEACCESSREQUESTED_2
10:44:05.542 (index):908 UPDATE_4
10:44:05.551 (index):908 UPDATE_3
10:44:05.643 (index):896 THINKING_4
10:44:05.652 (index):884 ATTRIBUTEACCESSRELEASED_3
10:44:06.092 (index):935 ATTRIBUTEACCESSREQUESTED_5
10:44:06.256 (index):908 UPDATE_2
10:44:06.349 (index):905 UPDATE_0
10:44:06.357 (index):884 ATTRIBUTEACCESSRELEASED_2
10:44:06.451 (index):896 THINKING_0
10:44:06.654 (index):941 NODEACCESSREQUESTED_3
10:44:07.093 (index):908 UPDATE_5
10:44:07.195 (index):896 THINKING_5
10:44:07.358 (index):941 NODEACCESSREQUESTED_2
10:44:07.655 (index):905 UPDATE_3
10:44:07.756 (index):880 NODEACCESSRELEASED_3
10:44:08.081 (index):908 UPDATE_4
10:44:08.183 (index):884 ATTRIBUTEACCESSRELEASED_4
10:44:08.316 (index):905 UPDATE_1
10:44:08.359 (index):905 UPDATE_2
10:44:08.417 (index):880 NODEACCESSRELEASED_1
10:44:08.460 (index):896 THINKING_2
10:44:08.757 (index):941 NODEACCESSREQUESTED_3
10:44:09.184 (index):935 ATTRIBUTEACCESSREQUESTED_4
10:44:09.417 (index):941 NODEACCESSREQUESTED_1
10:44:09.759 (index):905 UPDATE_3
10:44:09.860 (index):880 NODEACCESSRELEASED_3
10:44:10.185 (index):964 WAITING_4
10:44:10.419 (index):905 UPDATE_1
10:44:10.520 (index):896 THINKING_1
10:44:10.862 (index):941 NODEACCESSREQUESTED_3
10:44:11.012 (index):905 UPDATE_2
10:44:11.113 (index):896 THINKING_2
10:44:11.186 (index):964 WAITING_4
10:44:11.393 (index):905 UPDATE_0
10:44:11.495 (index):880 NODEACCESSRELEASED_0
10:44:11.777 (index):908 UPDATE_5
10:44:11.863 (index):905 UPDATE_3
10:44:11.878 (index):896 THINKING_5
10:44:11.964 (index):880 NODEACCESSRELEASED_3
10:44:12.188 (index):964 WAITING_4
10:44:12.496 (index):941 NODEACCESSREQUESTED_0
10:44:12.831 (index):905 UPDATE_1
10:44:12.933 (index):880 NODEACCESSRELEASED_1
10:44:12.965 (index):941 NODEACCESSREQUESTED_3
10:44:13.189 (index):964 WAITING_4
10:44:13.340 (index):905 UPDATE_2
10:44:13.441 (index):896 THINKING_2
10:44:13.497 (index):905 UPDATE_0
10:44:13.598 (index):896 THINKING_0
10:44:13.920 (index):908 UPDATE_5
10:44:13.934 (index):941 NODEACCESSREQUESTED_1
10:44:13.967 (index):905 UPDATE_3
10:44:14.022 (index):884 ATTRIBUTEACCESSRELEASED_5
10:44:14.068 (index):896 THINKING_3
10:44:14.190 (index):908 UPDATE_4
10:44:14.291 (index):896 THINKING_4
10:44:14.935 (index):905 UPDATE_1
10:44:15.023 (index):941 NODEACCESSREQUESTED_5
10:44:15.036 (index):896 THINKING_1
10:44:15.755 (index):905 UPDATE_0
10:44:15.856 (index):880 NODEACCESSRELEASED_0
10:44:16.024 (index):905 UPDATE_5
10:44:16.125 (index):896 THINKING_5
10:44:16.475 (index):905 UPDATE_3
10:44:16.576 (index):880 NODEACCESSRELEASED_3
10:44:16.858 (index):941 NODEACCESSREQUESTED_0
10:44:17.578 (index):935 ATTRIBUTEACCESSREQUESTED_3
10:44:17.859 (index):905 UPDATE_0
10:44:17.960 (index):880 NODEACCESSRELEASED_0
10:44:17.966 (index):905 UPDATE_1
10:44:18.068 (index):896 THINKING_1
10:44:18.297 (index):905 UPDATE_2
10:44:18.398 (index):880 NODEACCESSRELEASED_2
10:44:18.503 (index):908 UPDATE_4
10:44:18.579 (index):908 UPDATE_3
10:44:18.604 (index):896 THINKING_4
10:44:18.680 (index):884 ATTRIBUTEACCESSRELEASED_3
10:44:18.962 (index):941 NODEACCESSREQUESTED_0
10:44:19.399 (index):941 NODEACCESSREQUESTED_2
10:44:19.681 (index):935 ATTRIBUTEACCESSREQUESTED_3
10:44:19.963 (index):905 UPDATE_0
10:44:20.064 (index):896 THINKING_0
10:44:20.400 (index):905 UPDATE_2
10:44:20.502 (index):880 NODEACCESSRELEASED_2
10:44:20.682 (index):908 UPDATE_3
10:44:20.784 (index):896 THINKING_3
10:44:21.060 (index):905 UPDATE_5
10:44:21.162 (index):880 NODEACCESSRELEASED_5
10:44:21.504 (index):941 NODEACCESSREQUESTED_2
10:44:22.226 (index):941 NODEACCESSREQUESTED_5
10:44:23.226 (index):905 UPDATE_2
10:44:23.228 (index):908 UPDATE_4
10:44:23.230 (index):905 UPDATE_1
10:44:23.231 (index):908 UPDATE_3
10:44:24.226 (index):905 UPDATE_5
10:44:24.230 (index):880 NODEACCESSRELEASED_2
10:44:24.231 (index):896 THINKING_4
10:44:24.233 (index):896 THINKING_1
10:44:24.234 (index):884 ATTRIBUTEACCESSRELEASED_3
10:44:24.235 (index):905 UPDATE_0
10:44:25.226 (index):880 NODEACCESSRELEASED_5
10:44:25.228 (index):880 NODEACCESSRELEASED_0
10:44:26.226 (index):941 NODEACCESSREQUESTED_2
10:44:26.227 (index):941 NODEACCESSREQUESTED_3
10:44:27.228 (index):941 NODEACCESSREQUESTED_5
10:44:27.230 (index):935 ATTRIBUTEACCESSREQUESTED_0
10:44:27.231 (index):908 UPDATE_4
10:44:27.232 (index):905 UPDATE_2
10:44:28.228 (index):905 UPDATE_3
10:44:28.230 (index):884 ATTRIBUTEACCESSRELEASED_4
10:44:28.231 (index):880 NODEACCESSRELEASED_2
10:44:29.227 (index):905 UPDATE_5
10:44:29.228 (index):908 UPDATE_0
10:44:29.230 (index):975 END_3
10:44:29.230 (index):905 UPDATE_1
10:44:30.226 (index):941 NODEACCESSREQUESTED_4
10:44:30.227 (index):941 NODEACCESSREQUESTED_2
10:44:30.229 (index):880 NODEACCESSRELEASED_5
10:44:30.230 (index):884 ATTRIBUTEACCESSRELEASED_0
10:44:30.231 (index):880 NODEACCESSRELEASED_1
10:44:32.226 (index):905 UPDATE_4
10:44:32.228 (index):905 UPDATE_2
10:44:32.228 (index):941 NODEACCESSREQUESTED_5
10:44:32.229 (index):941 NODEACCESSREQUESTED_0
10:44:32.230 (index):941 NODEACCESSREQUESTED_1
10:44:33.226 (index):880 NODEACCESSRELEASED_4
10:44:33.227 (index):975 END_2
10:44:34.226 (index):905 UPDATE_5
10:44:34.227 (index):905 UPDATE_0
10:44:34.229 (index):905 UPDATE_1
10:44:35.226 (index):941 NODEACCESSREQUESTED_4
10:44:35.228 (index):880 NODEACCESSRELEASED_5
10:44:35.229 (index):880 NODEACCESSRELEASED_0
10:44:35.230 (index):896 THINKING_1
10:44:36.228 (index):905 UPDATE_4
10:44:37.227 (index):941 NODEACCESSREQUESTED_5
10:44:37.228 (index):941 NODEACCESSREQUESTED_0
10:44:37.229 (index):896 THINKING_4
10:44:38.226 (index):905 UPDATE_1
10:44:39.227 (index):905 UPDATE_5
10:44:39.228 (index):905 UPDATE_0
10:44:39.228 (index):880 NODEACCESSRELEASED_1
10:44:40.226 (index):975 END_5
10:44:40.227 (index):975 END_0
10:44:41.226 (index):941 NODEACCESSREQUESTED_1
10:44:42.226 (index):905 UPDATE_4
10:44:43.226 (index):905 UPDATE_1
10:44:43.227 (index):975 END_4
10:44:44.228 (index):975 END_1
