10:40:24.484 fiddle.jshell.net/:1037 Tasks: 25; Collaborators: 1    =========================>
10:40:24.485 fiddle.jshell.net/:935 ATTRIBUTEACCESSREQUESTED_0
10:40:25.486 fiddle.jshell.net/:896 THINKING_0
10:40:29.956 (index):908 UPDATE_0
10:40:30.100 (index):884 ATTRIBUTEACCESSRELEASED_0
10:40:31.138 (index):935 ATTRIBUTEACCESSREQUESTED_0
10:40:32.169 (index):908 UPDATE_0
10:40:32.315 (index):884 ATTRIBUTEACCESSRELEASED_0
10:40:33.326 (index):941 NODEACCESSREQUESTED_0
10:40:34.374 (index):905 UPDATE_0
10:40:34.516 (index):896 THINKING_0
10:40:37.201 (index):905 UPDATE_0
10:40:37.302 (index):896 THINKING_0
10:40:42.307 (index):905 UPDATE_0
10:40:42.507 (index):880 NODEACCESSRELEASED_0
10:40:43.587 (index):941 NODEACCESSREQUESTED_0
10:40:44.668 (index):905 UPDATE_0
10:40:44.814 (index):896 THINKING_0
10:40:46.969 (index):905 UPDATE_0
10:40:47.070 (index):880 NODEACCESSRELEASED_0
10:40:48.071 (index):941 NODEACCESSREQUESTED_0
10:40:49.072 (index):905 UPDATE_0
10:40:49.173 (index):880 NODEACCESSRELEASED_0
10:40:50.174 (index):941 NODEACCESSREQUESTED_0
10:40:51.174 (index):905 UPDATE_0
10:40:51.275 (index):896 THINKING_0
10:40:55.271 (index):905 UPDATE_0
10:40:55.372 (index):880 NODEACCESSRELEASED_0
10:40:56.493 (index):935 ATTRIBUTEACCESSREQUESTED_0
10:40:57.494 (index):908 UPDATE_0
10:40:57.595 (index):884 ATTRIBUTEACCESSRELEASED_0
10:40:58.597 (index):941 NODEACCESSREQUESTED_0
10:40:59.848 (index):905 UPDATE_0
10:41:00.021 (index):880 NODEACCESSRELEASED_0
10:41:01.022 (index):941 NODEACCESSREQUESTED_0
10:41:02.023 (index):905 UPDATE_0
10:41:02.124 (index):975 END_0
