10:53:26.406 (index):1330 Tasks: 25; Collaborators: 16    =========================>
10:53:26.406 (index):935 ATTRIBUTEACCESSREQUESTED_0
10:53:26.407 (index):941 NODEACCESSREQUESTED_1
10:53:26.407 (index):941 NODEACCESSREQUESTED_2
10:53:26.408 (index):935 ATTRIBUTEACCESSREQUESTED_3
10:53:26.408 (index):935 ATTRIBUTEACCESSREQUESTED_4
10:53:26.409 (index):941 NODEACCESSREQUESTED_5
10:53:26.409 (index):941 NODEACCESSREQUESTED_6
10:53:26.410 (index):935 ATTRIBUTEACCESSREQUESTED_7
10:53:26.410 (index):941 NODEACCESSREQUESTED_8
10:53:26.411 (index):941 NODEACCESSREQUESTED_9
10:53:26.411 (index):941 NODEACCESSREQUESTED_10
10:53:26.412 (index):941 NODEACCESSREQUESTED_11
10:53:26.412 (index):941 NODEACCESSREQUESTED_12
10:53:26.413 (index):941 NODEACCESSREQUESTED_13
10:53:26.413 (index):941 NODEACCESSREQUESTED_14
10:53:26.414 (index):941 NODEACCESSREQUESTED_15
10:53:27.407 (index):896 THINKING_0
10:53:27.408 (index):896 THINKING_1
10:53:27.409 (index):880 NODEACCESSRELEASED_2
10:53:27.410 (index):884 ATTRIBUTEACCESSRELEASED_3
10:53:27.411 (index):884 ATTRIBUTEACCESSRELEASED_4
10:53:27.412 (index):880 NODEACCESSRELEASED_5
10:53:27.413 (index):896 THINKING_6
10:53:27.414 (index):884 ATTRIBUTEACCESSRELEASED_7
10:53:27.414 (index):896 THINKING_8
10:53:27.415 (index):880 NODEACCESSRELEASED_9
10:53:27.415 (index):880 NODEACCESSRELEASED_10
10:53:27.416 (index):896 THINKING_11
10:53:27.416 (index):880 NODEACCESSRELEASED_12
10:53:27.417 (index):896 THINKING_13
10:53:27.417 (index):896 THINKING_14
10:53:27.417 (index):896 THINKING_15
10:53:28.410 (index):941 NODEACCESSREQUESTED_2
10:53:28.412 (index):935 ATTRIBUTEACCESSREQUESTED_3
10:53:28.413 (index):935 ATTRIBUTEACCESSREQUESTED_4
10:53:28.414 (index):941 NODEACCESSREQUESTED_5
10:53:28.415 (index):935 ATTRIBUTEACCESSREQUESTED_7
10:53:28.416 (index):941 NODEACCESSREQUESTED_9
10:53:28.417 (index):941 NODEACCESSREQUESTED_10
10:53:28.418 (index):941 NODEACCESSREQUESTED_12
10:53:29.412 (index):905 UPDATE_2
10:53:29.413 (index):908 UPDATE_3
10:53:29.414 (index):964 WAITING_4
10:53:29.415 (index):905 UPDATE_5
10:53:29.416 (index):908 UPDATE_7
10:53:29.417 (index):905 UPDATE_9
10:53:29.418 (index):905 UPDATE_10
10:53:29.419 (index):905 UPDATE_12
10:53:29.440 (index):905 UPDATE_8
10:53:29.513 (index):880 NODEACCESSRELEASED_2
10:53:29.514 (index):884 ATTRIBUTEACCESSRELEASED_3
10:53:29.516 (index):896 THINKING_5
10:53:29.517 (index):884 ATTRIBUTEACCESSRELEASED_7
10:53:29.518 (index):896 THINKING_9
10:53:29.518 (index):896 THINKING_10
10:53:29.519 (index):880 NODEACCESSRELEASED_12
10:53:29.541 (index):896 THINKING_8
10:53:29.877 (index):905 UPDATE_11
10:53:29.979 (index):896 THINKING_11
10:53:30.131 (index):905 UPDATE_6
10:53:30.232 (index):880 NODEACCESSRELEASED_6
10:53:30.354 (index):905 UPDATE_1
10:53:30.415 (index):964 WAITING_4
10:53:30.456 (index):880 NODEACCESSRELEASED_1
10:53:30.514 (index):941 NODEACCESSREQUESTED_2
10:53:30.515 (index):941 NODEACCESSREQUESTED_3
10:53:30.517 (index):941 NODEACCESSREQUESTED_7
10:53:30.520 (index):941 NODEACCESSREQUESTED_12
10:53:30.872 (index):905 UPDATE_15
10:53:30.973 (index):880 NODEACCESSRELEASED_15
10:53:31.234 (index):935 ATTRIBUTEACCESSREQUESTED_6
10:53:31.416 (index):964 WAITING_4
10:53:31.457 (index):941 NODEACCESSREQUESTED_1
10:53:31.515 (index):905 UPDATE_2
10:53:31.516 (index):905 UPDATE_3
10:53:31.519 (index):905 UPDATE_7
10:53:31.521 (index):905 UPDATE_12
10:53:31.570 (index):905 UPDATE_10
10:53:31.616 (index):880 NODEACCESSRELEASED_2
10:53:31.618 (index):896 THINKING_3
10:53:31.619 (index):880 NODEACCESSRELEASED_7
10:53:31.622 (index):880 NODEACCESSRELEASED_12
10:53:31.672 (index):880 NODEACCESSRELEASED_10
10:53:31.691 (index):905 UPDATE_13
10:53:31.756 (index):908 UPDATE_0
10:53:31.792 (index):880 NODEACCESSRELEASED_13
10:53:31.858 (index):884 ATTRIBUTEACCESSRELEASED_0
10:53:31.868 (index):905 UPDATE_14
10:53:31.930 (index):905 UPDATE_5
10:53:31.970 (index):880 NODEACCESSRELEASED_14
10:53:31.975 (index):941 NODEACCESSREQUESTED_15
10:53:32.031 (index):880 NODEACCESSRELEASED_5
10:53:32.235 (index):908 UPDATE_6
10:53:32.336 (index):884 ATTRIBUTEACCESSRELEASED_6
10:53:32.417 (index):908 UPDATE_4
10:53:32.458 (index):905 UPDATE_1
10:53:32.519 (index):884 ATTRIBUTEACCESSRELEASED_4
10:53:32.560 (index):896 THINKING_1
10:53:32.618 (index):935 ATTRIBUTEACCESSREQUESTED_2
10:53:32.621 (index):941 NODEACCESSREQUESTED_7
10:53:32.623 (index):935 ATTRIBUTEACCESSREQUESTED_12
10:53:32.673 (index):941 NODEACCESSREQUESTED_10
10:53:32.793 (index):935 ATTRIBUTEACCESSREQUESTED_13
10:53:32.860 (index):935 ATTRIBUTEACCESSREQUESTED_0
10:53:32.971 (index):941 NODEACCESSREQUESTED_14
10:53:32.976 (index):905 UPDATE_15
10:53:33.032 (index):941 NODEACCESSREQUESTED_5
10:53:33.077 (index):880 NODEACCESSRELEASED_15
10:53:33.276 (index):905 UPDATE_11
10:53:33.338 (index):941 NODEACCESSREQUESTED_6
10:53:33.377 (index):880 NODEACCESSRELEASED_11
10:53:33.520 (index):941 NODEACCESSREQUESTED_4
10:53:33.619 (index):908 UPDATE_2
10:53:33.622 (index):905 UPDATE_7
10:53:33.624 (index):908 UPDATE_12
10:53:33.674 (index):905 UPDATE_10
10:53:33.720 (index):896 THINKING_2
10:53:33.723 (index):896 THINKING_7
10:53:33.725 (index):896 THINKING_12
10:53:33.775 (index):896 THINKING_10
10:53:33.795 (index):908 UPDATE_13
10:53:33.861 (index):964 WAITING_0
10:53:33.896 (index):884 ATTRIBUTEACCESSRELEASED_13
10:53:33.972 (index):905 UPDATE_14
10:53:33.982 (index):905 UPDATE_8
10:53:34.030 (index):905 UPDATE_9
10:53:34.033 (index):905 UPDATE_5
10:53:34.074 (index):896 THINKING_14
10:53:34.078 (index):935 ATTRIBUTEACCESSREQUESTED_15
10:53:34.083 (index):880 NODEACCESSRELEASED_8
10:53:34.131 (index):896 THINKING_9
10:53:34.134 (index):896 THINKING_5
10:53:34.339 (index):905 UPDATE_6
10:53:34.378 (index):941 NODEACCESSREQUESTED_11
10:53:34.440 (index):880 NODEACCESSRELEASED_6
10:53:34.522 (index):905 UPDATE_4
10:53:34.623 (index):880 NODEACCESSRELEASED_4
10:53:34.862 (index):964 WAITING_0
10:53:34.897 (index):935 ATTRIBUTEACCESSREQUESTED_13
10:53:35.079 (index):964 WAITING_15
10:53:35.084 (index):935 ATTRIBUTEACCESSREQUESTED_8
10:53:35.380 (index):905 UPDATE_11
10:53:35.442 (index):941 NODEACCESSREQUESTED_6
10:53:35.481 (index):880 NODEACCESSRELEASED_11
10:53:35.624 (index):935 ATTRIBUTEACCESSREQUESTED_4
10:53:35.735 (index):905 UPDATE_3
10:53:35.836 (index):880 NODEACCESSRELEASED_3
10:53:35.863 (index):964 WAITING_0
10:53:35.894 (index):905 UPDATE_7
10:53:35.898 (index):908 UPDATE_13
10:53:35.995 (index):880 NODEACCESSRELEASED_7
10:53:35.999 (index):884 ATTRIBUTEACCESSRELEASED_13
10:53:36.080 (index):964 WAITING_15
10:53:36.085 (index):964 WAITING_8
10:53:36.109 (index):905 UPDATE_1
10:53:36.210 (index):896 THINKING_1
10:53:36.439 (index):908 UPDATE_2
10:53:36.443 (index):905 UPDATE_6
10:53:36.481 (index):941 NODEACCESSREQUESTED_11
10:53:36.537 (index):905 UPDATE_9
10:53:36.540 (index):884 ATTRIBUTEACCESSRELEASED_2
10:53:36.544 (index):880 NODEACCESSRELEASED_6
10:53:36.626 (index):908 UPDATE_4
10:53:36.639 (index):880 NODEACCESSRELEASED_9
10:53:36.727 (index):884 ATTRIBUTEACCESSRELEASED_4
10:53:36.753 (index):905 UPDATE_10
10:53:36.837 (index):935 ATTRIBUTEACCESSREQUESTED_3
10:53:36.854 (index):880 NODEACCESSRELEASED_10
10:53:36.864 (index):908 UPDATE_0
10:53:36.965 (index):884 ATTRIBUTEACCESSRELEASED_0
10:53:36.996 (index):935 ATTRIBUTEACCESSREQUESTED_7
10:53:37.000 (index):935 ATTRIBUTEACCESSREQUESTED_13
10:53:37.075 (index):905 UPDATE_14
10:53:37.081 (index):908 UPDATE_15
10:53:37.087 (index):964 WAITING_8
10:53:37.176 (index):880 NODEACCESSRELEASED_14
10:53:37.182 (index):896 THINKING_15
10:53:37.275 (index):905 UPDATE_5
10:53:37.376 (index):880 NODEACCESSRELEASED_5
10:53:37.483 (index):905 UPDATE_11
10:53:37.541 (index):935 ATTRIBUTEACCESSREQUESTED_2
10:53:37.545 (index):941 NODEACCESSREQUESTED_6
10:53:37.583 (index):880 NODEACCESSRELEASED_11
10:53:37.640 (index):935 ATTRIBUTEACCESSREQUESTED_9
10:53:37.728 (index):941 NODEACCESSREQUESTED_4
10:53:37.839 (index):908 UPDATE_3
10:53:37.855 (index):941 NODEACCESSREQUESTED_10
10:53:37.940 (index):884 ATTRIBUTEACCESSRELEASED_3
10:53:37.966 (index):941 NODEACCESSREQUESTED_0
10:53:37.997 (index):908 UPDATE_7
10:53:38.001 (index):964 WAITING_13
10:53:38.088 (index):964 WAITING_8
10:53:38.098 (index):896 THINKING_7
10:53:38.177 (index):941 NODEACCESSREQUESTED_14
10:53:38.377 (index):935 ATTRIBUTEACCESSREQUESTED_5
10:53:38.384 (index):908 UPDATE_12
10:53:38.486 (index):884 ATTRIBUTEACCESSRELEASED_12
10:53:38.542 (index):908 UPDATE_2
10:53:38.545 (index):905 UPDATE_6
10:53:38.585 (index):941 NODEACCESSREQUESTED_11
10:53:38.641 (index):908 UPDATE_9
10:53:38.644 (index):884 ATTRIBUTEACCESSRELEASED_2
10:53:38.647 (index):880 NODEACCESSRELEASED_6
10:53:38.729 (index):905 UPDATE_4
10:53:38.743 (index):884 ATTRIBUTEACCESSRELEASED_9
10:53:38.831 (index):880 NODEACCESSRELEASED_4
10:53:38.856 (index):905 UPDATE_10
10:53:38.941 (index):941 NODEACCESSREQUESTED_3
10:53:38.957 (index):896 THINKING_10
10:53:38.968 (index):905 UPDATE_0
10:53:39.002 (index):964 WAITING_13
10:53:39.068 (index):896 THINKING_0
10:53:39.089 (index):908 UPDATE_8
10:53:39.178 (index):905 UPDATE_14
10:53:39.190 (index):896 THINKING_8
10:53:39.280 (index):880 NODEACCESSRELEASED_14
10:53:39.379 (index):964 WAITING_5
10:53:39.487 (index):935 ATTRIBUTEACCESSREQUESTED_12
10:53:39.586 (index):905 UPDATE_11
10:53:39.644 (index):941 NODEACCESSREQUESTED_2
10:53:39.648 (index):935 ATTRIBUTEACCESSREQUESTED_6
10:53:39.688 (index):896 THINKING_11
10:53:39.744 (index):935 ATTRIBUTEACCESSREQUESTED_9
10:53:39.832 (index):935 ATTRIBUTEACCESSREQUESTED_4
10:53:39.942 (index):905 UPDATE_3
10:53:40.002 (index):964 WAITING_13
10:53:40.044 (index):880 NODEACCESSRELEASED_3
10:53:40.281 (index):941 NODEACCESSREQUESTED_14
10:53:40.380 (index):964 WAITING_5
10:53:40.488 (index):964 WAITING_12
10:53:40.604 (index):905 UPDATE_1
10:53:40.645 (index):905 UPDATE_2
10:53:40.649 (index):964 WAITING_6
10:53:40.705 (index):880 NODEACCESSRELEASED_1
10:53:40.745 (index):908 UPDATE_9
10:53:40.747 (index):896 THINKING_2
10:53:40.833 (index):964 WAITING_4
10:53:40.847 (index):884 ATTRIBUTEACCESSRELEASED_9
10:53:41.003 (index):964 WAITING_13
10:53:41.045 (index):941 NODEACCESSREQUESTED_3
10:53:41.282 (index):905 UPDATE_14
10:53:41.381 (index):964 WAITING_5
10:53:41.384 (index):880 NODEACCESSRELEASED_14
10:53:41.490 (index):964 WAITING_12
10:53:41.531 (index):908 UPDATE_15
10:53:41.632 (index):896 THINKING_15
10:53:41.638 (index):905 UPDATE_0
10:53:41.650 (index):964 WAITING_6
10:53:41.706 (index):941 NODEACCESSREQUESTED_1
10:53:41.739 (index):896 THINKING_0
10:53:41.835 (index):964 WAITING_4
10:53:41.848 (index):941 NODEACCESSREQUESTED_9
10:53:42.005 (index):964 WAITING_13
10:53:42.046 (index):905 UPDATE_3
10:53:42.148 (index):880 NODEACCESSRELEASED_3
10:53:42.383 (index):964 WAITING_5
10:53:42.385 (index):941 NODEACCESSREQUESTED_14
10:53:42.491 (index):964 WAITING_12
10:53:42.651 (index):964 WAITING_6
10:53:42.707 (index):905 UPDATE_1
10:53:42.737 (index):908 UPDATE_7
10:53:42.808 (index):896 THINKING_1
10:53:42.836 (index):964 WAITING_4
10:53:42.838 (index):884 ATTRIBUTEACCESSRELEASED_7
10:53:42.850 (index):905 UPDATE_9
10:53:42.951 (index):896 THINKING_9
10:53:43.006 (index):964 WAITING_13
10:53:43.149 (index):941 NODEACCESSREQUESTED_3
10:53:43.298 (index):905 UPDATE_2
10:53:43.384 (index):964 WAITING_5
10:53:43.386 (index):905 UPDATE_14
10:53:43.399 (index):896 THINKING_2
10:53:43.487 (index):880 NODEACCESSRELEASED_14
10:53:43.492 (index):964 WAITING_12
10:53:43.621 (index):905 UPDATE_10
10:53:43.652 (index):964 WAITING_6
10:53:43.713 (index):908 UPDATE_8
10:53:43.722 (index):880 NODEACCESSRELEASED_10
10:53:43.766 (index):908 UPDATE_15
10:53:43.814 (index):884 ATTRIBUTEACCESSRELEASED_8
10:53:43.837 (index):908 UPDATE_4
10:53:43.839 (index):941 NODEACCESSREQUESTED_7
10:53:43.866 (index):884 ATTRIBUTEACCESSRELEASED_15
10:53:43.938 (index):896 THINKING_4
10:53:43.966 (index):905 UPDATE_11
10:53:44.007 (index):908 UPDATE_13
10:53:44.067 (index):880 NODEACCESSRELEASED_11
10:53:44.110 (index):884 ATTRIBUTEACCESSRELEASED_13
10:53:44.150 (index):905 UPDATE_3
10:53:44.251 (index):880 NODEACCESSRELEASED_3
10:53:44.385 (index):908 UPDATE_5
10:53:44.487 (index):896 THINKING_5
10:53:44.488 (index):941 NODEACCESSREQUESTED_14
10:53:44.493 (index):964 WAITING_12
10:53:44.654 (index):964 WAITING_6
10:53:44.723 (index):941 NODEACCESSREQUESTED_10
10:53:44.815 (index):935 ATTRIBUTEACCESSREQUESTED_8
10:53:44.840 (index):905 UPDATE_7
10:53:44.867 (index):941 NODEACCESSREQUESTED_15
10:53:44.942 (index):880 NODEACCESSRELEASED_7
10:53:45.068 (index):935 ATTRIBUTEACCESSREQUESTED_11
10:53:45.111 (index):941 NODEACCESSREQUESTED_13
10:53:45.119 (index):905 UPDATE_1
10:53:45.221 (index):880 NODEACCESSRELEASED_1
10:53:45.252 (index):941 NODEACCESSREQUESTED_3
10:53:45.489 (index):905 UPDATE_14
10:53:45.495 (index):964 WAITING_12
10:53:45.590 (index):896 THINKING_14
10:53:45.626 (index):905 UPDATE_2
10:53:45.655 (index):964 WAITING_6
10:53:45.725 (index):905 UPDATE_10
10:53:45.727 (index):896 THINKING_2
10:53:45.816 (index):964 WAITING_8
10:53:45.826 (index):896 THINKING_10
10:53:45.868 (index):905 UPDATE_15
10:53:45.943 (index):941 NODEACCESSREQUESTED_7
10:53:45.969 (index):896 THINKING_15
10:53:46.062 (index):905 UPDATE_9
10:53:46.069 (index):964 WAITING_11
10:53:46.112 (index):905 UPDATE_13
10:53:46.164 (index):880 NODEACCESSRELEASED_9
10:53:46.214 (index):880 NODEACCESSRELEASED_13
10:53:46.222 (index):941 NODEACCESSREQUESTED_1
10:53:46.253 (index):905 UPDATE_3
10:53:46.355 (index):896 THINKING_3
10:53:46.376 (index):908 UPDATE_4
10:53:46.477 (index):884 ATTRIBUTEACCESSRELEASED_4
10:53:46.496 (index):964 WAITING_12
10:53:46.656 (index):964 WAITING_6
10:53:46.682 (index):905 UPDATE_0
10:53:46.783 (index):880 NODEACCESSRELEASED_0
10:53:46.817 (index):908 UPDATE_8
10:53:46.918 (index):884 ATTRIBUTEACCESSRELEASED_8
10:53:46.944 (index):905 UPDATE_7
10:53:47.045 (index):880 NODEACCESSRELEASED_7
10:53:47.071 (index):908 UPDATE_11
10:53:47.165 (index):941 NODEACCESSREQUESTED_9
10:53:47.172 (index):884 ATTRIBUTEACCESSRELEASED_11
10:53:47.215 (index):935 ATTRIBUTEACCESSREQUESTED_13
10:53:47.223 (index):905 UPDATE_1
10:53:47.325 (index):896 THINKING_1
10:53:47.478 (index):935 ATTRIBUTEACCESSREQUESTED_4
10:53:47.497 (index):964 WAITING_12
10:53:47.657 (index):964 WAITING_6
10:53:47.784 (index):941 NODEACCESSREQUESTED_0
10:53:47.821 (index):905 UPDATE_14
10:53:47.919 (index):941 NODEACCESSREQUESTED_8
10:53:47.922 (index):880 NODEACCESSRELEASED_14
10:53:48.046 (index):935 ATTRIBUTEACCESSREQUESTED_7
10:53:48.166 (index):905 UPDATE_9
10:53:48.173 (index):935 ATTRIBUTEACCESSREQUESTED_11
10:53:48.216 (index):964 WAITING_13
10:53:48.268 (index):880 NODEACCESSRELEASED_9
10:53:48.479 (index):964 WAITING_4
10:53:48.498 (index):964 WAITING_12
10:53:48.658 (index):964 WAITING_6
10:53:48.734 (index):905 UPDATE_15
10:53:48.762 (index):905 UPDATE_3
10:53:48.786 (index):905 UPDATE_0
10:53:48.835 (index):896 THINKING_15
10:53:48.864 (index):880 NODEACCESSRELEASED_3
10:53:48.887 (index):896 THINKING_0
10:53:48.921 (index):905 UPDATE_8
10:53:48.923 (index):941 NODEACCESSREQUESTED_14
10:53:49.022 (index):896 THINKING_8
10:53:49.047 (index):908 UPDATE_7
10:53:49.069 (index):908 UPDATE_5
10:53:49.149 (index):884 ATTRIBUTEACCESSRELEASED_7
10:53:49.170 (index):896 THINKING_5
10:53:49.174 (index):964 WAITING_11
10:53:49.217 (index):964 WAITING_13
10:53:49.268 (index):935 ATTRIBUTEACCESSREQUESTED_9
10:53:49.480 (index):964 WAITING_4
10:53:49.499 (index):964 WAITING_12
10:53:49.611 (index):905 UPDATE_10
10:53:49.659 (index):964 WAITING_6
10:53:49.712 (index):880 NODEACCESSRELEASED_10
10:53:49.864 (index):935 ATTRIBUTEACCESSREQUESTED_3
10:53:49.924 (index):905 UPDATE_14
10:53:50.025 (index):880 NODEACCESSRELEASED_14
10:53:50.150 (index):941 NODEACCESSREQUESTED_7
10:53:50.175 (index):964 WAITING_11
10:53:50.218 (index):964 WAITING_13
10:53:50.254 (index):905 UPDATE_1
10:53:50.269 (index):908 UPDATE_9
10:53:50.356 (index):896 THINKING_1
10:53:50.371 (index):896 THINKING_9
10:53:50.482 (index):964 WAITING_4
10:53:50.500 (index):964 WAITING_12
10:53:50.582 (index):905 UPDATE_2
10:53:50.661 (index):964 WAITING_6
10:53:50.683 (index):880 NODEACCESSRELEASED_2
10:53:50.713 (index):941 NODEACCESSREQUESTED_10
10:53:50.866 (index):908 UPDATE_3
10:53:50.967 (index):884 ATTRIBUTEACCESSRELEASED_3
10:53:51.026 (index):935 ATTRIBUTEACCESSREQUESTED_14
10:53:51.043 (index):905 UPDATE_0
10:53:51.144 (index):880 NODEACCESSRELEASED_0
10:53:51.151 (index):905 UPDATE_7
10:53:51.176 (index):964 WAITING_11
10:53:51.212 (index):908 UPDATE_5
10:53:51.219 (index):964 WAITING_13
10:53:51.253 (index):880 NODEACCESSRELEASED_7
10:53:51.313 (index):884 ATTRIBUTEACCESSRELEASED_5
10:53:51.441 (index):905 UPDATE_15
10:53:51.483 (index):964 WAITING_4
10:53:51.500 (index):908 UPDATE_12
10:53:51.543 (index):880 NODEACCESSRELEASED_15
10:53:51.602 (index):884 ATTRIBUTEACCESSRELEASED_12
10:53:51.662 (index):908 UPDATE_6
10:53:51.684 (index):941 NODEACCESSREQUESTED_2
10:53:51.715 (index):905 UPDATE_10
10:53:51.763 (index):896 THINKING_6
10:53:51.816 (index):896 THINKING_10
10:53:51.968 (index):935 ATTRIBUTEACCESSREQUESTED_3
10:53:52.028 (index):964 WAITING_14
10:53:52.146 (index):941 NODEACCESSREQUESTED_0
10:53:52.177 (index):964 WAITING_11
10:53:52.221 (index):964 WAITING_13
10:53:52.254 (index):935 ATTRIBUTEACCESSREQUESTED_7
10:53:52.315 (index):941 NODEACCESSREQUESTED_5
10:53:52.319 (index):905 UPDATE_8
10:53:52.420 (index):880 NODEACCESSRELEASED_8
10:53:52.484 (index):964 WAITING_4
10:53:52.544 (index):935 ATTRIBUTEACCESSREQUESTED_15
10:53:52.603 (index):935 ATTRIBUTEACCESSREQUESTED_12
10:53:52.686 (index):905 UPDATE_2
10:53:52.787 (index):880 NODEACCESSRELEASED_2
10:53:52.970 (index):908 UPDATE_3
10:53:53.029 (index):964 WAITING_14
10:53:53.071 (index):896 THINKING_3
10:53:53.147 (index):905 UPDATE_0
10:53:53.179 (index):964 WAITING_11
10:53:53.222 (index):964 WAITING_13
10:53:53.248 (index):880 NODEACCESSRELEASED_0
10:53:53.255 (index):964 WAITING_7
10:53:53.315 (index):905 UPDATE_5
10:53:53.416 (index):896 THINKING_5
10:53:53.421 (index):941 NODEACCESSREQUESTED_8
10:53:53.485 (index):964 WAITING_4
10:53:53.545 (index):964 WAITING_15
10:53:53.604 (index):908 UPDATE_12
10:53:53.706 (index):884 ATTRIBUTEACCESSRELEASED_12
10:53:53.788 (index):941 NODEACCESSREQUESTED_2
10:53:53.994 (index):908 UPDATE_9
10:53:54.030 (index):964 WAITING_14
10:53:54.034 (index):908 UPDATE_6
10:53:54.095 (index):884 ATTRIBUTEACCESSRELEASED_9
10:53:54.136 (index):896 THINKING_6
10:53:54.180 (index):964 WAITING_11
10:53:54.223 (index):964 WAITING_13
10:53:54.249 (index):941 NODEACCESSREQUESTED_0
10:53:54.257 (index):964 WAITING_7
10:53:54.423 (index):905 UPDATE_8
10:53:54.486 (index):964 WAITING_4
10:53:54.524 (index):880 NODEACCESSRELEASED_8
10:53:54.547 (index):964 WAITING_15
10:53:54.707 (index):935 ATTRIBUTEACCESSREQUESTED_12
10:53:54.789 (index):905 UPDATE_2
10:53:54.891 (index):880 NODEACCESSRELEASED_2
10:53:54.980 (index):905 UPDATE_1
10:53:55.032 (index):908 UPDATE_14
10:53:55.080 (index):896 THINKING_1
10:53:55.096 (index):935 ATTRIBUTEACCESSREQUESTED_9
10:53:55.141 (index):896 THINKING_14
10:53:55.181 (index):964 WAITING_11
10:53:55.225 (index):964 WAITING_13
10:53:55.253 (index):905 UPDATE_0
10:53:55.258 (index):964 WAITING_7
10:53:55.354 (index):896 THINKING_0
10:53:55.409 (index):908 UPDATE_3
10:53:55.487 (index):964 WAITING_4
10:53:55.510 (index):884 ATTRIBUTEACCESSRELEASED_3
10:53:55.526 (index):941 NODEACCESSREQUESTED_8
10:53:55.548 (index):964 WAITING_15
10:53:55.708 (index):908 UPDATE_12
10:53:55.810 (index):884 ATTRIBUTEACCESSRELEASED_12
10:53:55.892 (index):941 NODEACCESSREQUESTED_2
10:53:56.097 (index):908 UPDATE_9
10:53:56.183 (index):964 WAITING_11
10:53:56.199 (index):884 ATTRIBUTEACCESSRELEASED_9
10:53:56.226 (index):964 WAITING_13
10:53:56.260 (index):964 WAITING_7
10:53:56.488 (index):964 WAITING_4
10:53:56.511 (index):941 NODEACCESSREQUESTED_3
10:53:56.527 (index):905 UPDATE_8
10:53:56.549 (index):964 WAITING_15
10:53:56.628 (index):880 NODEACCESSRELEASED_8
10:53:56.701 (index):905 UPDATE_10
10:53:56.803 (index):880 NODEACCESSRELEASED_10
10:53:56.811 (index):935 ATTRIBUTEACCESSREQUESTED_12
10:53:56.894 (index):905 UPDATE_2
10:53:56.995 (index):880 NODEACCESSRELEASED_2
10:53:57.090 (index):908 UPDATE_6
10:53:57.184 (index):964 WAITING_11
10:53:57.191 (index):884 ATTRIBUTEACCESSRELEASED_6
10:53:57.200 (index):941 NODEACCESSREQUESTED_9
10:53:57.228 (index):908 UPDATE_13
10:53:57.261 (index):964 WAITING_7
10:53:57.330 (index):884 ATTRIBUTEACCESSRELEASED_13
10:53:57.489 (index):908 UPDATE_4
10:53:57.512 (index):905 UPDATE_3
10:53:57.550 (index):964 WAITING_15
10:53:57.590 (index):896 THINKING_4
10:53:57.613 (index):975 END_3
10:53:57.628 (index):941 NODEACCESSREQUESTED_8
10:53:57.804 (index):935 ATTRIBUTEACCESSREQUESTED_10
10:53:57.812 (index):908 UPDATE_12
10:53:57.914 (index):884 ATTRIBUTEACCESSRELEASED_12
10:53:57.996 (index):941 NODEACCESSREQUESTED_2
10:53:58.185 (index):964 WAITING_11
10:53:58.193 (index):941 NODEACCESSREQUESTED_6
10:53:58.201 (index):905 UPDATE_9
10:53:58.262 (index):964 WAITING_7
10:53:58.302 (index):880 NODEACCESSRELEASED_9
10:53:58.331 (index):935 ATTRIBUTEACCESSREQUESTED_13
10:53:58.340 (index):908 UPDATE_14
10:53:58.351 (index):905 UPDATE_5
10:53:58.441 (index):896 THINKING_14
10:53:58.453 (index):880 NODEACCESSRELEASED_5
10:53:58.551 (index):964 WAITING_15
10:53:58.630 (index):905 UPDATE_8
10:53:58.731 (index):880 NODEACCESSRELEASED_8
10:53:58.805 (index):964 WAITING_10
10:53:58.915 (index):941 NODEACCESSREQUESTED_12
10:53:58.998 (index):905 UPDATE_2
10:53:59.098 (index):975 END_2
10:53:59.186 (index):964 WAITING_11
10:53:59.194 (index):905 UPDATE_6
10:53:59.262 (index):964 WAITING_7
10:53:59.273 (index):905 UPDATE_1
10:53:59.296 (index):880 NODEACCESSRELEASED_6
10:53:59.303 (index):941 NODEACCESSREQUESTED_9
10:53:59.332 (index):908 UPDATE_13
10:53:59.348 (index):905 UPDATE_0
10:53:59.374 (index):880 NODEACCESSRELEASED_1
10:53:59.434 (index):884 ATTRIBUTEACCESSRELEASED_13
10:53:59.450 (index):880 NODEACCESSRELEASED_0
10:53:59.454 (index):941 NODEACCESSREQUESTED_5
10:53:59.552 (index):964 WAITING_15
10:53:59.732 (index):941 NODEACCESSREQUESTED_8
10:53:59.807 (index):964 WAITING_10
10:53:59.916 (index):905 UPDATE_12
10:54:00.017 (index):880 NODEACCESSRELEASED_12
10:54:00.187 (index):964 WAITING_11
10:54:00.264 (index):964 WAITING_7
10:54:00.297 (index):941 NODEACCESSREQUESTED_6
10:54:00.304 (index):905 UPDATE_9
10:54:00.375 (index):941 NODEACCESSREQUESTED_1
10:54:00.405 (index):975 END_9
10:54:00.435 (index):941 NODEACCESSREQUESTED_13
10:54:00.451 (index):935 ATTRIBUTEACCESSREQUESTED_0
10:54:00.455 (index):905 UPDATE_5
10:54:00.553 (index):964 WAITING_15
10:54:00.556 (index):880 NODEACCESSRELEASED_5
10:54:00.734 (index):905 UPDATE_8
10:54:00.808 (index):964 WAITING_10
10:54:00.835 (index):880 NODEACCESSRELEASED_8
10:54:01.019 (index):941 NODEACCESSREQUESTED_12
10:54:01.189 (index):964 WAITING_11
10:54:01.265 (index):964 WAITING_7
10:54:01.298 (index):905 UPDATE_6
10:54:01.377 (index):905 UPDATE_1
10:54:01.399 (index):880 NODEACCESSRELEASED_6
10:54:01.437 (index):905 UPDATE_13
10:54:01.452 (index):908 UPDATE_0
10:54:01.478 (index):896 THINKING_1
10:54:01.538 (index):880 NODEACCESSRELEASED_13
10:54:01.553 (index):884 ATTRIBUTEACCESSRELEASED_0
10:54:01.554 (index):964 WAITING_15
10:54:01.557 (index):941 NODEACCESSREQUESTED_5
10:54:01.799 (index):908 UPDATE_4
10:54:01.810 (index):964 WAITING_10
10:54:01.836 (index):935 ATTRIBUTEACCESSREQUESTED_8
10:54:01.900 (index):896 THINKING_4
10:54:02.020 (index):905 UPDATE_12
10:54:02.121 (index):896 THINKING_12
10:54:02.190 (index):964 WAITING_11
10:54:02.267 (index):964 WAITING_7
10:54:02.401 (index):935 ATTRIBUTEACCESSREQUESTED_6
10:54:02.516 (index):908 UPDATE_14
10:54:02.539 (index):941 NODEACCESSREQUESTED_13
10:54:02.554 (index):941 NODEACCESSREQUESTED_0
10:54:02.555 (index):964 WAITING_15
10:54:02.558 (index):905 UPDATE_5
10:54:02.617 (index):884 ATTRIBUTEACCESSRELEASED_14
10:54:02.659 (index):880 NODEACCESSRELEASED_5
10:54:02.811 (index):964 WAITING_10
10:54:02.837 (index):964 WAITING_8
10:54:03.191 (index):964 WAITING_11
10:54:03.268 (index):908 UPDATE_7
10:54:03.369 (index):896 THINKING_7
10:54:03.402 (index):964 WAITING_6
10:54:03.540 (index):905 UPDATE_13
10:54:03.555 (index):905 UPDATE_0
10:54:03.556 (index):964 WAITING_15
10:54:03.618 (index):935 ATTRIBUTEACCESSREQUESTED_14
10:54:03.641 (index):880 NODEACCESSRELEASED_13
10:54:03.656 (index):880 NODEACCESSRELEASED_0
10:54:03.657 (index):905 UPDATE_1
10:54:03.660 (index):941 NODEACCESSREQUESTED_5
10:54:03.759 (index):880 NODEACCESSRELEASED_1
10:54:03.812 (index):964 WAITING_10
10:54:03.838 (index):964 WAITING_8
10:54:04.193 (index):964 WAITING_11
10:54:04.403 (index):964 WAITING_6
10:54:04.557 (index):964 WAITING_15
10:54:04.619 (index):908 UPDATE_14
10:54:04.643 (index):941 NODEACCESSREQUESTED_13
10:54:04.657 (index):941 NODEACCESSREQUESTED_0
10:54:04.662 (index):905 UPDATE_5
10:54:04.720 (index):975 END_14
10:54:04.760 (index):941 NODEACCESSREQUESTED_1
10:54:04.763 (index):880 NODEACCESSRELEASED_5
10:54:04.814 (index):964 WAITING_10
10:54:04.839 (index):964 WAITING_8
10:54:05.194 (index):964 WAITING_11
10:54:05.404 (index):964 WAITING_6
10:54:05.498 (index):905 UPDATE_12
10:54:05.558 (index):964 WAITING_15
10:54:05.599 (index):880 NODEACCESSRELEASED_12
10:54:05.644 (index):905 UPDATE_13
10:54:05.659 (index):905 UPDATE_0
10:54:05.745 (index):880 NODEACCESSRELEASED_13
10:54:05.760 (index):975 END_0
10:54:05.762 (index):905 UPDATE_1
10:54:05.764 (index):941 NODEACCESSREQUESTED_5
10:54:05.815 (index):964 WAITING_10
10:54:05.841 (index):964 WAITING_8
10:54:05.860 (index):908 UPDATE_4
10:54:05.863 (index):975 END_1
10:54:05.961 (index):896 THINKING_4
10:54:06.195 (index):964 WAITING_11
10:54:06.406 (index):964 WAITING_6
10:54:06.559 (index):964 WAITING_15
10:54:06.600 (index):935 ATTRIBUTEACCESSREQUESTED_12
10:54:06.747 (index):941 NODEACCESSREQUESTED_13
10:54:06.765 (index):905 UPDATE_5
10:54:06.806 (index):908 UPDATE_7
10:54:06.816 (index):964 WAITING_10
10:54:06.842 (index):964 WAITING_8
10:54:06.866 (index):975 END_5
10:54:06.907 (index):884 ATTRIBUTEACCESSRELEASED_7
10:54:07.196 (index):964 WAITING_11
10:54:07.407 (index):964 WAITING_6
10:54:07.560 (index):964 WAITING_15
10:54:07.602 (index):964 WAITING_12
10:54:07.748 (index):905 UPDATE_13
10:54:07.818 (index):964 WAITING_10
10:54:07.843 (index):908 UPDATE_8
10:54:07.849 (index):880 NODEACCESSRELEASED_13
10:54:07.908 (index):941 NODEACCESSREQUESTED_7
10:54:07.944 (index):884 ATTRIBUTEACCESSRELEASED_8
10:54:08.197 (index):964 WAITING_11
10:54:08.408 (index):908 UPDATE_6
10:54:08.509 (index):884 ATTRIBUTEACCESSRELEASED_6
10:54:08.562 (index):964 WAITING_15
10:54:08.603 (index):908 UPDATE_12
10:54:08.704 (index):884 ATTRIBUTEACCESSRELEASED_12
10:54:08.727 (index):908 UPDATE_4
10:54:08.819 (index):964 WAITING_10
10:54:08.829 (index):884 ATTRIBUTEACCESSRELEASED_4
10:54:08.850 (index):941 NODEACCESSREQUESTED_13
10:54:08.908 (index):905 UPDATE_7
10:54:08.945 (index):941 NODEACCESSREQUESTED_8
10:54:09.010 (index):975 END_7
10:54:09.199 (index):908 UPDATE_11
10:54:09.300 (index):884 ATTRIBUTEACCESSRELEASED_11
10:54:09.510 (index):941 NODEACCESSREQUESTED_6
10:54:09.563 (index):908 UPDATE_15
10:54:09.664 (index):896 THINKING_15
10:54:09.705 (index):935 ATTRIBUTEACCESSREQUESTED_12
10:54:09.820 (index):964 WAITING_10
10:54:09.830 (index):941 NODEACCESSREQUESTED_4
10:54:09.851 (index):905 UPDATE_13
10:54:09.947 (index):905 UPDATE_8
10:54:09.953 (index):880 NODEACCESSRELEASED_13
10:54:10.048 (index):975 END_8
10:54:10.301 (index):941 NODEACCESSREQUESTED_11
10:54:10.512 (index):905 UPDATE_6
10:54:10.613 (index):880 NODEACCESSRELEASED_6
10:54:10.707 (index):908 UPDATE_12
10:54:10.808 (index):975 END_12
10:54:10.821 (index):964 WAITING_10
10:54:10.832 (index):905 UPDATE_4
10:54:10.933 (index):880 NODEACCESSRELEASED_4
10:54:10.954 (index):941 NODEACCESSREQUESTED_13
10:54:11.302 (index):905 UPDATE_11
10:54:11.403 (index):896 THINKING_11
10:54:11.614 (index):941 NODEACCESSREQUESTED_6
10:54:11.822 (index):964 WAITING_10
10:54:11.935 (index):941 NODEACCESSREQUESTED_4
10:54:11.955 (index):905 UPDATE_13
10:54:12.056 (index):975 END_13
10:54:12.615 (index):905 UPDATE_6
10:54:12.717 (index):975 END_6
10:54:12.824 (index):964 WAITING_10
10:54:12.936 (index):905 UPDATE_4
10:54:13.037 (index):896 THINKING_4
10:54:13.825 (index):964 WAITING_10
10:54:13.951 (index):908 UPDATE_15
10:54:14.053 (index):884 ATTRIBUTEACCESSRELEASED_15
10:54:14.788 (index):905 UPDATE_11
10:54:14.826 (index):908 UPDATE_10
10:54:14.889 (index):880 NODEACCESSRELEASED_11
10:54:14.927 (index):884 ATTRIBUTEACCESSRELEASED_10
10:54:15.054 (index):941 NODEACCESSREQUESTED_15
10:54:15.890 (index):941 NODEACCESSREQUESTED_11
10:54:15.929 (index):935 ATTRIBUTEACCESSREQUESTED_10
10:54:16.055 (index):905 UPDATE_15
10:54:16.157 (index):896 THINKING_15
10:54:16.891 (index):905 UPDATE_11
10:54:16.930 (index):908 UPDATE_10
10:54:16.992 (index):880 NODEACCESSRELEASED_11
10:54:17.031 (index):884 ATTRIBUTEACCESSRELEASED_10
10:54:17.428 (index):905 UPDATE_4
10:54:17.529 (index):975 END_4
10:54:17.994 (index):935 ATTRIBUTEACCESSREQUESTED_11
10:54:18.033 (index):941 NODEACCESSREQUESTED_10
10:54:18.995 (index):908 UPDATE_11
10:54:19.034 (index):905 UPDATE_10
10:54:19.096 (index):896 THINKING_11
10:54:19.135 (index):975 END_10
10:54:19.947 (index):905 UPDATE_15
10:54:20.048 (index):880 NODEACCESSRELEASED_15
10:54:21.050 (index):941 NODEACCESSREQUESTED_15
10:54:22.051 (index):905 UPDATE_15
10:54:22.152 (index):975 END_15
10:54:22.260 (index):908 UPDATE_11
10:54:22.362 (index):975 END_11
