10:43:14.675 (index):1077 Tasks: 25; Collaborators: 5    =========================>
10:43:14.676 (index):935 ATTRIBUTEACCESSREQUESTED_0
10:43:14.677 (index):941 NODEACCESSREQUESTED_1
10:43:14.678 (index):941 NODEACCESSREQUESTED_2
10:43:14.679 (index):935 ATTRIBUTEACCESSREQUESTED_3
10:43:14.680 (index):935 ATTRIBUTEACCESSREQUESTED_4
10:43:15.677 (index):896 THINKING_0
10:43:15.678 (index):896 THINKING_1
10:43:15.679 (index):880 NODEACCESSRELEASED_2
10:43:15.680 (index):884 ATTRIBUTEACCESSRELEASED_3
10:43:15.681 (index):884 ATTRIBUTEACCESSRELEASED_4
10:43:16.680 (index):941 NODEACCESSREQUESTED_2
10:43:16.682 (index):935 ATTRIBUTEACCESSREQUESTED_3
10:43:16.683 (index):935 ATTRIBUTEACCESSREQUESTED_4
10:43:17.682 (index):905 UPDATE_2
10:43:17.683 (index):964 WAITING_3
10:43:17.684 (index):908 UPDATE_4
10:43:17.783 (index):880 NODEACCESSRELEASED_2
10:43:17.785 (index):884 ATTRIBUTEACCESSRELEASED_4
10:43:18.624 (index):905 UPDATE_1
10:43:18.684 (index):964 WAITING_3
10:43:18.726 (index):880 NODEACCESSRELEASED_1
10:43:18.784 (index):941 NODEACCESSREQUESTED_2
10:43:18.786 (index):941 NODEACCESSREQUESTED_4
10:43:19.685 (index):964 WAITING_3
10:43:19.727 (index):941 NODEACCESSREQUESTED_1
10:43:19.786 (index):905 UPDATE_2
10:43:19.787 (index):905 UPDATE_4
10:43:19.887 (index):880 NODEACCESSRELEASED_2
10:43:19.888 (index):880 NODEACCESSRELEASED_4
10:43:20.026 (index):908 UPDATE_0
10:43:20.128 (index):884 ATTRIBUTEACCESSRELEASED_0
10:43:20.686 (index):908 UPDATE_3
10:43:20.728 (index):905 UPDATE_1
10:43:20.788 (index):884 ATTRIBUTEACCESSRELEASED_3
10:43:20.829 (index):896 THINKING_1
10:43:20.889 (index):935 ATTRIBUTEACCESSREQUESTED_2
10:43:20.890 (index):935 ATTRIBUTEACCESSREQUESTED_4
10:43:21.129 (index):935 ATTRIBUTEACCESSREQUESTED_0
10:43:21.789 (index):941 NODEACCESSREQUESTED_3
10:43:21.890 (index):908 UPDATE_2
10:43:21.891 (index):908 UPDATE_4
10:43:21.991 (index):896 THINKING_2
10:43:21.992 (index):884 ATTRIBUTEACCESSRELEASED_4
10:43:22.131 (index):964 WAITING_0
10:43:22.790 (index):905 UPDATE_3
10:43:22.892 (index):896 THINKING_3
10:43:22.993 (index):941 NODEACCESSREQUESTED_4
10:43:23.132 (index):964 WAITING_0
10:43:23.995 (index):905 UPDATE_4
10:43:24.096 (index):880 NODEACCESSRELEASED_4
10:43:24.133 (index):964 WAITING_0
10:43:24.379 (index):905 UPDATE_1
10:43:24.480 (index):896 THINKING_1
10:43:24.710 (index):908 UPDATE_2
10:43:24.812 (index):884 ATTRIBUTEACCESSRELEASED_2
10:43:25.097 (index):935 ATTRIBUTEACCESSREQUESTED_4
10:43:25.135 (index):908 UPDATE_0
10:43:25.236 (index):884 ATTRIBUTEACCESSRELEASED_0
10:43:25.813 (index):935 ATTRIBUTEACCESSREQUESTED_2
10:43:26.099 (index):908 UPDATE_4
10:43:26.200 (index):896 THINKING_4
10:43:26.237 (index):941 NODEACCESSREQUESTED_0
10:43:26.814 (index):908 UPDATE_2
10:43:26.915 (index):884 ATTRIBUTEACCESSRELEASED_2
10:43:27.009 (index):905 UPDATE_3
10:43:27.110 (index):880 NODEACCESSRELEASED_3
10:43:27.238 (index):905 UPDATE_0
10:43:27.340 (index):896 THINKING_0
10:43:27.916 (index):941 NODEACCESSREQUESTED_2
10:43:28.111 (index):935 ATTRIBUTEACCESSREQUESTED_3
10:43:28.638 (index):908 UPDATE_4
10:43:28.739 (index):884 ATTRIBUTEACCESSRELEASED_4
10:43:28.873 (index):905 UPDATE_1
10:43:28.918 (index):905 UPDATE_2
10:43:28.975 (index):880 NODEACCESSRELEASED_1
10:43:29.019 (index):896 THINKING_2
10:43:29.112 (index):908 UPDATE_3
10:43:29.214 (index):884 ATTRIBUTEACCESSRELEASED_3
10:43:29.741 (index):935 ATTRIBUTEACCESSREQUESTED_4
10:43:29.910 (index):905 UPDATE_0
10:43:29.976 (index):941 NODEACCESSREQUESTED_1
10:43:30.011 (index):896 THINKING_0
10:43:30.215 (index):941 NODEACCESSREQUESTED_3
10:43:30.742 (index):908 UPDATE_4
10:43:30.843 (index):896 THINKING_4
10:43:30.977 (index):905 UPDATE_1
10:43:31.078 (index):896 THINKING_1
10:43:31.216 (index):905 UPDATE_3
10:43:31.316 (index):880 NODEACCESSRELEASED_3
10:43:31.570 (index):905 UPDATE_2
10:43:31.671 (index):896 THINKING_2
10:43:32.317 (index):941 NODEACCESSREQUESTED_3
10:43:33.318 (index):905 UPDATE_3
10:43:33.389 (index):905 UPDATE_1
10:43:33.419 (index):880 NODEACCESSRELEASED_3
10:43:33.491 (index):880 NODEACCESSRELEASED_1
10:43:33.899 (index):905 UPDATE_2
10:43:34.000 (index):896 THINKING_2
10:43:34.421 (index):941 NODEACCESSREQUESTED_3
10:43:34.492 (index):941 NODEACCESSREQUESTED_1
10:43:34.954 (index):905 UPDATE_0
10:43:35.053 (index):908 UPDATE_4
10:43:35.055 (index):880 NODEACCESSRELEASED_0
10:43:35.154 (index):896 THINKING_4
10:43:35.422 (index):905 UPDATE_3
10:43:35.494 (index):905 UPDATE_1
10:43:35.524 (index):880 NODEACCESSRELEASED_3
10:43:35.595 (index):896 THINKING_1
10:43:36.055 (index):941 NODEACCESSREQUESTED_0
10:43:36.525 (index):941 NODEACCESSREQUESTED_3
10:43:37.057 (index):905 UPDATE_0
10:43:37.158 (index):896 THINKING_0
10:43:37.526 (index):905 UPDATE_3
10:43:37.628 (index):896 THINKING_3
10:43:38.525 (index):905 UPDATE_1
10:43:38.627 (index):896 THINKING_1
10:43:38.855 (index):905 UPDATE_2
10:43:38.957 (index):880 NODEACCESSRELEASED_2
10:43:39.113 (index):908 UPDATE_4
10:43:39.215 (index):896 THINKING_4
10:43:39.314 (index):905 UPDATE_0
10:43:39.415 (index):880 NODEACCESSRELEASED_0
10:43:39.958 (index):941 NODEACCESSREQUESTED_2
10:43:40.035 (index):905 UPDATE_3
10:43:40.136 (index):880 NODEACCESSRELEASED_3
10:43:40.416 (index):941 NODEACCESSREQUESTED_0
10:43:40.959 (index):905 UPDATE_2
10:43:41.060 (index):880 NODEACCESSRELEASED_2
10:43:41.138 (index):935 ATTRIBUTEACCESSREQUESTED_3
10:43:41.418 (index):905 UPDATE_0
10:43:41.519 (index):880 NODEACCESSRELEASED_0
10:43:41.981 (index):908 UPDATE_4
10:43:42.062 (index):941 NODEACCESSREQUESTED_2
10:43:42.082 (index):884 ATTRIBUTEACCESSRELEASED_4
10:43:42.139 (index):908 UPDATE_3
10:43:42.240 (index):884 ATTRIBUTEACCESSRELEASED_3
10:43:42.520 (index):941 NODEACCESSREQUESTED_0
10:43:43.063 (index):905 UPDATE_2
10:43:43.084 (index):941 NODEACCESSREQUESTED_4
10:43:43.164 (index):880 NODEACCESSRELEASED_2
10:43:43.237 (index):905 UPDATE_1
10:43:43.242 (index):935 ATTRIBUTEACCESSREQUESTED_3
10:43:43.338 (index):896 THINKING_1
10:43:43.521 (index):905 UPDATE_0
10:43:43.622 (index):896 THINKING_0
10:43:44.085 (index):905 UPDATE_4
10:43:44.166 (index):941 NODEACCESSREQUESTED_2
10:43:44.187 (index):880 NODEACCESSRELEASED_4
10:43:44.243 (index):908 UPDATE_3
10:43:44.344 (index):896 THINKING_3
10:43:45.167 (index):905 UPDATE_2
10:43:45.187 (index):941 NODEACCESSREQUESTED_4
10:43:45.268 (index):880 NODEACCESSRELEASED_2
10:43:46.188 (index):905 UPDATE_4
10:43:46.269 (index):941 NODEACCESSREQUESTED_2
10:43:46.290 (index):896 THINKING_4
10:43:46.682 (index):908 UPDATE_3
10:43:46.784 (index):884 ATTRIBUTEACCESSRELEASED_3
10:43:47.271 (index):905 UPDATE_2
10:43:47.371 (index):975 END_2
10:43:47.530 (index):905 UPDATE_1
10:43:47.618 (index):905 UPDATE_0
10:43:47.631 (index):880 NODEACCESSRELEASED_1
10:43:47.719 (index):880 NODEACCESSRELEASED_0
10:43:47.785 (index):941 NODEACCESSREQUESTED_3
10:43:48.632 (index):941 NODEACCESSREQUESTED_1
10:43:48.720 (index):935 ATTRIBUTEACCESSREQUESTED_0
10:43:48.786 (index):905 UPDATE_3
10:43:48.887 (index):975 END_3
10:43:49.634 (index):905 UPDATE_1
10:43:49.722 (index):908 UPDATE_0
10:43:49.735 (index):896 THINKING_1
10:43:49.823 (index):884 ATTRIBUTEACCESSRELEASED_0
10:43:50.680 (index):905 UPDATE_4
10:43:50.781 (index):975 END_4
10:43:50.824 (index):941 NODEACCESSREQUESTED_0
10:43:51.825 (index):905 UPDATE_0
10:43:51.913 (index):905 UPDATE_1
10:43:51.926 (index):880 NODEACCESSRELEASED_0
10:43:52.015 (index):880 NODEACCESSRELEASED_1
10:43:52.928 (index):941 NODEACCESSREQUESTED_0
10:43:53.016 (index):941 NODEACCESSREQUESTED_1
10:43:53.929 (index):905 UPDATE_0
10:43:54.017 (index):905 UPDATE_1
10:43:54.030 (index):975 END_0
10:43:54.118 (index):975 END_1
